[COT 2025-03-16 04:04:26] 76561198352827856: Activated Community Online Tools [guid=m_TD03B4NXDQrU5koHpLq3WyQf1hXTvQSdETJOTM8ss=]
[COT 2025-03-16 04:05:04] 76561198352827856: Spawned Entity Flag Pole Kit (TerritoryFlagKit<adc426f0>, 100, 200, 15, 0) at <7496.766602, 121.592026, 6348.326172>
[COT 2025-03-16 04:06:36] 76561198352827856: Set GodMode To true [guid=mvB_p65s26M1iDgS3KgKpm-UzbAyYM5rER5IINF2xI0=]
[COT 2025-03-16 04:06:38] 76561198352827856: Set Invisibility To 1 [guid=mvB_p65s26M1iDgS3KgKpm-UzbAyYM5rER5IINF2xI0=]
[COT 2025-03-16 04:06:41] 76561198352827856: Entered the Free Camera
[COT 2025-03-16 04:06:57] 76561198352827856: Left the Free Camera
[COT 2025-03-16 04:07:40] 76561198352827856: Spawned Entity Admin Hammer (Hammer<90bc3240>, 100, 100, 15, 0) at <6861.089355, 132.093613, 5767.729492>
[COT 2025-03-16 04:08:00] 76561198352827856: Spawned Entity Old Key (ItemBase<aa024330>, 3000, 120, 15, 0) at <6861.089355, 132.093613, 5767.729492>
[COT 2025-03-16 04:08:00] 76561198352827856: Spawned Entity Old Key (ItemBase<aa0214f0>, 3000, 120, 15, 0) at <6861.089355, 132.093613, 5767.729492>
[COT 2025-03-16 04:08:05] 76561198352827856: Spawned Entity Punched Card (PunchedCard<aa01e6b0>, 3000, 15, 15, 0) at <6861.089355, 132.093613, 5767.729492>
[COT 2025-03-16 04:08:05] 76561198352827856: Spawned Entity Punched Card (PunchedCard<aa02b6d0>, 3000, 15, 15, 0) at <6861.089355, 132.093613, 5767.729492>
[COT 2025-03-16 04:08:18] 76561198352827856: Spawned Entity Gunwall display kit (gunwall_kit_mung<aa051010>, 3000, 100, 15, 0) at <6861.089355, 132.093613, 5767.729492>
[COT 2025-03-16 04:08:19] 76561198352827856: Spawned Entity Gunwall display kit (gunwall_kit_mung<aa04f8f0>, 3000, 100, 15, 0) at <6861.089355, 132.093613, 5767.729492>
[COT 2025-03-16 04:08:23] 76561198352827856: Entered the Free Camera
[COT 2025-03-16 04:08:37] 76561198352827856: Left the Free Camera
[COT 2025-03-16 04:08:55] 76561198352827856: Entered the Free Camera
[COT 2025-03-16 04:09:07] 76561198352827856: Left the Free Camera
[COT 2025-03-16 04:09:35] 76561198352827856: Deleted Entity ExpansionWall6x3:10918 at <7493.830078, 121.551865, 6347.033203>
[COT 2025-03-16 04:09:42] 76561198352827856: Deleted Entity ExpansionWall6x3:11569 at <7494.569336, 121.551865, 6347.456055>
[COT 2025-03-16 04:10:07] 76561198352827856: Deleted Entity ExpansionWall6x3:11575 at <7496.576172, 124.311424, 6351.457520>
[COT 2025-03-16 04:10:13] 76561198352827856: Deleted Entity ExpansionWall6x3:11404 at <7497.616211, 124.345955, 6349.929199>
[COT 2025-03-16 04:10:41] 76561198352827856: Spawned Entity Admin Hammer (Hammer<bde4fc80>, 20, 100, 15, 0) at <7497.313477, 124.345963, 6352.636230>
[COT 2025-03-16 04:10:42] 76561198352827856: Spawned Entity Admin Chest (ExpansionAdminChest<bde51f30>, 20, -1, 15, 0) at <7497.313477, 124.345963, 6352.636230>
[COT 2025-03-16 04:11:04] 76561198352827856: Spawned Entity Boom Barrier (ExpansionBarrierGateKit<14d5cf00>, 20, 100, 15, 0) at <7497.313477, 124.345963, 6352.636230>
[COT 2025-03-16 04:11:18] 76561198352827856: Spawned Entity Door Barricade Kit (BF_DoorBarricadeKit<b9e5cea0>, 150, 100, 15, 0) at <7497.400391, 124.345955, 6352.280762>
[COT 2025-03-16 04:11:21] 76561198352827856: Spawned Entity Double Door Kit (BF_DoubleDoorBarricadeKit<b8ca48b0>, 150, 100, 15, 0) at <7497.400391, 124.345955, 6352.280762>
[COT 2025-03-16 04:12:28] 76561198352827856: Deleted Entity ExpansionBarrierGateKit:13561 at <7492.682617, 122.094238, 6347.042969>
[COT 2025-03-16 04:14:22] 76561198352827856: Deleted Entity Shovel:9721 at <7497.400391, 124.680969, 6352.280762>
[COT 2025-03-16 04:15:01] 76561198352827856: ESP: Viewing ESP
[COT 2025-03-16 04:15:06] 76561198352827856: ESP: Clearing ESP
[COT 2025-03-16 04:15:06] 76561198352827856: ESP: Viewing ESP
[COT 2025-03-16 04:15:15] 76561198352827856: ESP: Clearing ESP
[COT 2025-03-16 04:15:15] 76561198352827856: ESP: ESP updating
[COT 2025-03-16 04:15:30] 76561198352827856: Entered the Free Camera
[COT 2025-03-16 04:15:32] 76561198352827856: Left the Free Camera
[COT 2025-03-16 04:15:42] 76561198352827856: Teleported [guid=mvB_p65s26M1iDgS3KgKpm-UzbAyYM5rER5IINF2xI0=] to <7484.554688, 124.078323, 6343.902344>
[COT 2025-03-16 04:15:48] 76561198352827856: Entered the Free Camera
[COT 2025-03-16 04:16:22] 76561198352827856: Set GodMode To false [guid=mvB_p65s26M1iDgS3KgKpm-UzbAyYM5rER5IINF2xI0=]
[COT 2025-03-16 04:16:22] 76561198352827856: Set Invisibility To 0 [guid=mvB_p65s26M1iDgS3KgKpm-UzbAyYM5rER5IINF2xI0=]
[COT 2025-03-16 04:16:24] 76561198352827856: Set cannot be targeted by AI to false [guid=mvB_p65s26M1iDgS3KgKpm-UzbAyYM5rER5IINF2xI0=]
[COT 2025-03-16 04:16:24] 76561198352827856: Set Invisibility To 1 [guid=mvB_p65s26M1iDgS3KgKpm-UzbAyYM5rER5IINF2xI0=]
[COT 2025-03-16 04:16:25] 76561198352827856: Set Invisibility To 0 [guid=mvB_p65s26M1iDgS3KgKpm-UzbAyYM5rER5IINF2xI0=]
[COT 2025-03-16 04:17:17] 76561198352827856: Deleted Entity WoodenLog:8440 at <7497.400391, 124.461426, 6352.280762>
[COT 2025-03-16 04:17:18] 76561198352827856: Deleted Entity WoodenLog:8806 at <7497.400391, 124.461426, 6352.280762>
[COT 2025-03-16 04:17:19] 76561198352827856: Deleted Entity WoodenLog:13804 at <7497.400391, 124.461426, 6352.280762>
[COT 2025-03-16 04:17:20] 76561198352827856: Deleted Entity WoodenLog:11113 at <7497.400391, 124.461426, 6352.280762>
[COT 2025-03-16 04:17:21] 76561198352827856: Set GodMode To true [guid=mvB_p65s26M1iDgS3KgKpm-UzbAyYM5rER5IINF2xI0=]
[COT 2025-03-16 04:17:28] 76561198352827856: Set GodMode To false [guid=mvB_p65s26M1iDgS3KgKpm-UzbAyYM5rER5IINF2xI0=]
[COT 2025-03-16 04:17:32] 76561198352827856: Set GodMode To true [guid=m_TD03B4NXDQrU5koHpLq3WyQf1hXTvQSdETJOTM8ss=]
[COT 2025-03-16 04:17:34] 76561198352827856: Set cannot be targeted by AI to true [guid=m_TD03B4NXDQrU5koHpLq3WyQf1hXTvQSdETJOTM8ss=]
[COT 2025-03-16 04:18:05] 76561198352827856: Deleted Entity Hammer:6948 at <7497.400391, 124.505638, 6352.280762>
[COT 2025-03-16 04:18:07] 76561198352827856: Deleted Entity Hammer:8272 at <7497.400391, 124.505638, 6352.280762>
[COT 2025-03-16 04:18:22] 76561198352827856: Left the Free Camera
[COT 2025-03-16 04:19:05] 76561198352827856: Deleted Entity Hammer:7975 at <7497.400391, 124.505638, 6352.280762>
[COT 2025-03-16 04:19:07] 76561198352827856: Deleted Entity Hammer:8439 at <7497.400391, 124.505638, 6352.280762>
[COT 2025-03-16 04:19:11] 76561198352827856: Deleted Entity WoodenLog:9594 at <7497.400391, 124.461426, 6352.280762>
[COT 2025-03-16 04:19:11] 76561198352827856: Deleted Entity WoodenLog:14632 at <7497.400391, 124.461426, 6352.280762>
[COT 2025-03-16 04:19:12] 76561198352827856: Deleted Entity WoodenLog:12291 at <7497.400391, 124.461426, 6352.280762>
[COT 2025-03-16 04:19:13] 76561198352827856: Deleted Entity WoodenLog:12289 at <7497.400391, 124.461426, 6352.280762>
[COT 2025-03-16 04:19:13] 76561198352827856: Deleted Entity WoodenLog:12162 at <7497.400391, 124.461426, 6352.280762>
[COT 2025-03-16 04:19:14] 76561198352827856: Deleted Entity WoodenLog:11194 at <7497.400391, 124.461426, 6352.280762>
[COT 2025-03-16 04:19:15] 76561198352827856: Deleted Entity WoodenLog:13048 at <7497.400391, 124.461426, 6352.280762>
[COT 2025-03-16 04:19:15] 76561198352827856: Deleted Entity WoodenLog:6295 at <7497.400391, 124.461426, 6352.280762>
[COT 2025-03-16 04:19:16] 76561198352827856: Deleted Entity WoodenLog:6272 at <7497.400391, 124.461426, 6352.280762>
[COT 2025-03-16 04:19:16] 76561198352827856: Deleted Entity WoodenLog:14496 at <7497.400391, 124.461426, 6352.280762>
[COT 2025-03-16 04:19:17] 76561198352827856: Deleted Entity WoodenLog:13872 at <7497.400391, 124.461426, 6352.280762>
[COT 2025-03-16 04:19:17] 76561198352827856: Deleted Entity WoodenLog:13601 at <7497.400391, 124.461426, 6352.280762>
[COT 2025-03-16 04:19:18] 76561198352827856: Deleted Entity WoodenLog:12079 at <7497.400391, 124.461426, 6352.280762>
[COT 2025-03-16 04:19:19] 76561198352827856: Deleted Entity WoodenLog:12726 at <7497.400391, 124.461426, 6352.280762>
[COT 2025-03-16 04:19:19] 76561198352827856: Deleted Entity WoodenLog:12849 at <7497.400391, 124.461426, 6352.280762>
[COT 2025-03-16 04:19:20] 76561198352827856: Deleted Entity WoodenLog:12936 at <7497.400391, 124.461426, 6352.280762>
[COT 2025-03-16 04:19:20] 76561198352827856: Deleted Entity WoodenLog:12526 at <7497.400391, 124.461426, 6352.280762>
[COT 2025-03-16 04:19:21] 76561198352827856: Deleted Entity WoodenLog:13184 at <7497.400391, 124.461426, 6352.280762>
[COT 2025-03-16 04:19:22] 76561198352827856: Deleted Entity WoodenLog:12964 at <7497.400391, 124.461426, 6352.280762>
[COT 2025-03-16 04:19:22] 76561198352827856: Deleted Entity WoodenLog:13658 at <7497.400391, 124.461426, 6352.280762>
[COT 2025-03-16 04:19:23] 76561198352827856: Deleted Entity WoodenLog:14104 at <7497.400391, 124.461426, 6352.280762>
[COT 2025-03-16 04:19:23] 76561198352827856: Deleted Entity WoodenPlank:14105 at <7497.400391, 124.529045, 6352.280762>
[COT 2025-03-16 04:19:24] 76561198352827856: Deleted Entity WoodenPlank:14616 at <7497.400391, 124.529045, 6352.280762>
[COT 2025-03-16 04:19:25] 76561198352827856: Deleted Entity WoodenPlank:14512 at <7497.400391, 124.529045, 6352.280762>
[COT 2025-03-16 04:19:25] 76561198352827856: Deleted Entity WoodenPlank:14615 at <7497.400391, 124.529045, 6352.280762>
[COT 2025-03-16 04:19:26] 76561198352827856: Deleted Entity WoodenPlank:9184 at <7497.400391, 124.529045, 6352.280762>
[COT 2025-03-16 04:19:26] 76561198352827856: Deleted Entity WoodenPlank:14769 at <7497.400391, 124.529045, 6352.280762>
[COT 2025-03-16 04:19:27] 76561198352827856: Deleted Entity WoodenPlank:12476 at <7497.400391, 124.529045, 6352.280762>
[COT 2025-03-16 04:19:28] 76561198352827856: Deleted Entity WoodenPlank:14674 at <7497.400391, 124.529045, 6352.280762>
[COT 2025-03-16 04:19:28] 76561198352827856: Deleted Entity WoodenPlank:14516 at <7497.400391, 124.529045, 6352.280762>
[COT 2025-03-16 04:19:29] 76561198352827856: Deleted Entity WoodenPlank:14771 at <7497.400391, 124.529045, 6352.280762>
[COT 2025-03-16 04:19:29] 76561198352827856: Deleted Entity WoodenPlank:14513 at <7497.400391, 124.529045, 6352.280762>
[COT 2025-03-16 04:19:30] 76561198352827856: Deleted Entity WoodenPlank:14770 at <7497.400391, 124.529045, 6352.280762>
[COT 2025-03-16 04:19:31] 76561198352827856: Deleted Entity WoodenPlank:12145 at <7497.400391, 124.529045, 6352.280762>
[COT 2025-03-16 04:19:31] 76561198352827856: Deleted Entity WoodenPlank:11026 at <7497.400391, 124.529045, 6352.280762>
[COT 2025-03-16 04:19:34] 76561198352827856: Deleted Entity WoodenPlank:10590 at <7497.400391, 124.529045, 6352.280762>
[COT 2025-03-16 04:19:34] 76561198352827856: Deleted Entity WoodenPlank:12610 at <7497.400391, 124.529045, 6352.280762>
[COT 2025-03-16 04:19:35] 76561198352827856: Deleted Entity WoodenPlank:13209 at <7497.400391, 124.529045, 6352.280762>
[COT 2025-03-16 04:19:36] 76561198352827856: Deleted Entity WoodenPlank:13814 at <7497.400391, 124.529045, 6352.280762>
[COT 2025-03-16 04:19:36] 76561198352827856: Deleted Entity WoodenPlank:14724 at <7497.400391, 124.529045, 6352.280762>
[COT 2025-03-16 04:19:37] 76561198352827856: Deleted Entity WoodenPlank:14240 at <7497.400391, 124.529045, 6352.280762>
[COT 2025-03-16 04:19:37] 76561198352827856: Deleted Entity WoodenPlank:14725 at <7497.400391, 124.529045, 6352.280762>
[COT 2025-03-16 04:19:38] 76561198352827856: Deleted Entity WoodenPlank:14619 at <7497.400391, 124.529045, 6352.280762>
[COT 2025-03-16 04:19:38] 76561198352827856: Deleted Entity WoodenPlank:10187 at <7497.400391, 124.529045, 6352.280762>
[COT 2025-03-16 04:19:39] 76561198352827856: Deleted Entity WoodenPlank:11102 at <7497.400391, 124.529045, 6352.280762>
[COT 2025-03-16 04:19:39] 76561198352827856: Deleted Entity WoodenPlank:12548 at <7497.400391, 124.529045, 6352.280762>
[COT 2025-03-16 04:19:40] 76561198352827856: Deleted Entity WoodenPlank:14657 at <7497.400391, 124.529045, 6352.280762>
[COT 2025-03-16 04:19:40] 76561198352827856: Deleted Entity WoodenPlank:14678 at <7497.400391, 124.529045, 6352.280762>
[COT 2025-03-16 04:19:41] 76561198352827856: Deleted Entity WoodenPlank:14519 at <7497.400391, 124.529045, 6352.280762>
[COT 2025-03-16 04:19:42] 76561198352827856: Deleted Entity WoodenPlank:14620 at <7497.400391, 124.529045, 6352.280762>
[COT 2025-03-16 04:19:42] 76561198352827856: Deleted Entity WoodenPlank:14679 at <7497.400391, 124.529045, 6352.280762>
[COT 2025-03-16 04:19:43] 76561198352827856: Deleted Entity Nail:13356 at <7497.400391, 124.460724, 6352.280762>
[COT 2025-03-16 04:19:43] 76561198352827856: Deleted Entity Nail:12984 at <7497.400391, 124.460724, 6352.280762>
[COT 2025-03-16 04:19:44] 76561198352827856: Deleted Entity Nail:12760 at <7497.400391, 124.460724, 6352.280762>
[COT 2025-03-16 04:19:44] 76561198352827856: Deleted Entity Nail:12761 at <7497.400391, 124.460724, 6352.280762>
[COT 2025-03-16 04:19:45] 76561198352827856: Deleted Entity Nail:12551 at <7497.400391, 124.460724, 6352.280762>
[COT 2025-03-16 04:20:39] 76561198352827856: Deleted Entity WoodenStick:14004 at <7497.400391, 124.461327, 6352.280762>
[COT 2025-03-16 04:20:41] 76561198352827856: Deleted Entity WoodenStick:12794 at <7497.400391, 124.461327, 6352.280762>
[COT 2025-03-16 04:20:41] 76561198352827856: Deleted Entity DONDRINK_SlimSodaCan_NOTACOLA:12794 at <2448.586914, 155.578705, 3673.711914>
[COT 2025-03-16 04:20:41] 76561198352827856: Deleted Entity WoodenStick:12643 at <7497.400391, 124.461327, 6352.280762>
[COT 2025-03-16 04:20:42] 76561198352827856: Deleted Entity WoodenStick:13311 at <7497.400391, 124.461327, 6352.280762>
[COT 2025-03-16 04:20:43] 76561198352827856: Deleted Entity WoodenStick:8857 at <7497.400391, 124.461327, 6352.280762>
[COT 2025-03-16 04:20:43] 76561198352827856: Deleted Entity MetalPlate:9299 at <7497.400391, 124.445717, 6352.280762>
[COT 2025-03-16 04:20:44] 76561198352827856: Deleted Entity MetalPlate:9973 at <7497.400391, 124.445717, 6352.280762>
[COT 2025-03-16 04:20:44] 76561198352827856: Deleted Entity MetalPlate:9284 at <7497.400391, 124.445717, 6352.280762>
[COT 2025-03-16 04:20:45] 76561198352827856: Deleted Entity MetalPlate:9833 at <7497.400391, 124.445717, 6352.280762>
[COT 2025-03-16 04:20:45] 76561198352827856: Deleted Entity WoodenLog:14017 at <7497.400391, 124.461426, 6352.280762>
[COT 2025-03-16 04:20:49] 76561198352827856: Deleted Entity WoodenLog:14023 at <7497.400391, 124.461426, 6352.280762>
[COT 2025-03-16 04:21:15] 76561198352827856: Deleted Entity Nail:13772 at <7497.400391, 124.460724, 6352.280762>
[COT 2025-03-16 04:21:15] 76561198352827856: Deleted Entity WoodenStick:12808 at <7497.400391, 124.461327, 6352.280762>
[COT 2025-03-16 04:21:16] 76561198352827856: Deleted Entity WoodenStick:8618 at <7497.400391, 124.461327, 6352.280762>
[COT 2025-03-16 04:21:16] 76561198352827856: Deleted Entity WoodenStick:8828 at <7497.400391, 124.461327, 6352.280762>
[COT 2025-03-16 04:21:17] 76561198352827856: Deleted Entity Pliers:12669 at <7497.400391, 124.507317, 6352.280762>
[COT 2025-03-16 04:21:17] 76561198352827856: Deleted Entity WoodenLog:12744 at <7497.400391, 124.461426, 6352.280762>
[COT 2025-03-16 04:21:18] 76561198352827856: Deleted Entity WoodenLog:13585 at <7497.400391, 124.461426, 6352.280762>
[COT 2025-03-16 04:21:18] 76561198352827856: Deleted Entity WoodenLog:13972 at <7497.400391, 124.461426, 6352.280762>
[COT 2025-03-16 04:21:19] 76561198352827856: Deleted Entity WoodenLog:14094 at <7497.400391, 124.461426, 6352.280762>
[COT 2025-03-16 04:21:19] 76561198352827856: Deleted Entity WoodenLog:9016 at <7497.400391, 124.461426, 6352.280762>
[COT 2025-03-16 04:21:20] 76561198352827856: Deleted Entity WoodenLog:8670 at <7497.400391, 124.461426, 6352.280762>
[COT 2025-03-16 04:21:21] 76561198352827856: Deleted Entity WoodenLog:8969 at <7497.400391, 124.461426, 6352.280762>
[COT 2025-03-16 04:21:21] 76561198352827856: Deleted Entity WoodenLog:8971 at <7497.400391, 124.461426, 6352.280762>
[COT 2025-03-16 04:21:22] 76561198352827856: Deleted Entity WoodenLog:8970 at <7497.400391, 124.461426, 6352.280762>
[COT 2025-03-16 04:21:22] 76561198352827856: Deleted Entity WoodenLog:14766 at <7497.400391, 124.461426, 6352.280762>
[COT 2025-03-16 04:21:23] 76561198352827856: Deleted Entity WoodenLog:9317 at <7497.400391, 124.461426, 6352.280762>
[COT 2025-03-16 04:21:23] 76561198352827856: Deleted Entity WoodenLog:9703 at <7497.400391, 124.461426, 6352.280762>
[COT 2025-03-16 04:21:24] 76561198352827856: Deleted Entity WoodenLog:9233 at <7497.400391, 124.461426, 6352.280762>
[COT 2025-03-16 04:21:24] 76561198352827856: Deleted Entity WoodenLog:14673 at <7497.400391, 124.461426, 6352.280762>
[COT 2025-03-16 04:21:24] 76561198352827856: Deleted Entity WoodenLog:9237 at <7497.400391, 124.461426, 6352.280762>
[COT 2025-03-16 04:21:25] 76561198352827856: Deleted Entity WoodenLog:9915 at <7497.400391, 124.461426, 6352.280762>
[COT 2025-03-16 04:21:25] 76561198352827856: Deleted Entity WoodenLog:12180 at <7497.400391, 124.461426, 6352.280762>
[COT 2025-03-16 04:21:26] 76561198352827856: Deleted Entity WoodenLog:14773 at <7497.400391, 124.461426, 6352.280762>
[COT 2025-03-16 04:21:26] 76561198352827856: Deleted Entity WoodenLog:11759 at <7497.400391, 124.461426, 6352.280762>
[COT 2025-03-16 04:21:27] 76561198352827856: Deleted Entity WoodenLog:11009 at <7497.400391, 124.461426, 6352.280762>
[COT 2025-03-16 04:21:27] 76561198352827856: Deleted Entity WoodenLog:10441 at <7497.400391, 124.461426, 6352.280762>
[COT 2025-03-16 04:21:28] 76561198352827856: Deleted Entity WoodenLog:12330 at <7497.400391, 124.461426, 6352.280762>
[COT 2025-03-16 04:21:28] 76561198352827856: Deleted Entity WoodenLog:12126 at <7497.400391, 124.461426, 6352.280762>
[COT 2025-03-16 04:21:29] 76561198352827856: Deleted Entity WoodenPlank:13223 at <7497.400391, 124.529045, 6352.280762>
[COT 2025-03-16 04:21:30] 76561198352827856: Deleted Entity WoodenPlank:14672 at <7497.400391, 124.529045, 6352.280762>
[COT 2025-03-16 04:21:30] 76561198352827856: Deleted Entity WoodenPlank:10842 at <7497.400391, 124.529045, 6352.280762>
[COT 2025-03-16 04:21:31] 76561198352827856: Deleted Entity WoodenPlank:13186 at <7497.400391, 124.529045, 6352.280762>
[COT 2025-03-16 04:21:31] 76561198352827856: Deleted Entity WoodenPlank:12876 at <7497.400391, 124.529045, 6352.280762>
[COT 2025-03-16 04:21:32] 76561198352827856: Deleted Entity WoodenPlank:13880 at <7497.400391, 124.529045, 6352.280762>
[COT 2025-03-16 04:21:32] 76561198352827856: Deleted Entity WoodenPlank:14235 at <7497.400391, 124.529045, 6352.280762>
[COT 2025-03-16 04:21:33] 76561198352827856: Deleted Entity WoodenPlank:6812 at <7497.400391, 124.529045, 6352.280762>
[COT 2025-03-16 04:21:33] 76561198352827856: Deleted Entity WoodenPlank:6212 at <7497.400391, 124.529045, 6352.280762>
[COT 2025-03-16 04:21:34] 76561198352827856: Deleted Entity WoodenPlank:6585 at <7497.400391, 124.529045, 6352.280762>
[COT 2025-03-16 04:21:34] 76561198352827856: Deleted Entity DONFOOD_BREADROLL2:6585 at <2449.559082, 158.259018, 7008.259277>
[COT 2025-03-16 04:21:34] 76561198352827856: Deleted Entity WoodenPlank:7484 at <7497.400391, 124.529045, 6352.280762>
[COT 2025-03-16 04:21:35] 76561198352827856: Deleted Entity PolicePantsOrel:7484 at <8019.547363, 180.589752, 4253.937012>
[COT 2025-03-16 04:21:35] 76561198352827856: Deleted Entity WoodenPlank:8313 at <7497.400391, 124.529045, 6352.280762>
[COT 2025-03-16 04:21:36] 76561198352827856: Deleted Entity WoodenPlank:8031 at <7497.400391, 124.529045, 6352.280762>
[COT 2025-03-16 04:21:36] 76561198352827856: Deleted Entity WoodenPlank:7633 at <7497.400391, 124.529045, 6352.280762>
[COT 2025-03-16 04:21:37] 76561198352827856: Deleted Entity WoodenPlank:14691 at <7497.400391, 124.529045, 6352.280762>
[COT 2025-03-16 04:21:38] 76561198352827856: Deleted Entity WoodenPlank:11287 at <7497.400391, 124.529045, 6352.280762>
[COT 2025-03-16 04:21:54] 76561198352827856: Deleted Entity WoodenStick:14310 at <7497.400391, 124.461327, 6352.280762>
[COT 2025-03-16 04:21:54] 76561198352827856: Deleted Entity WoodenStick:13359 at <7497.400391, 124.461327, 6352.280762>
[COT 2025-03-16 04:21:55] 76561198352827856: Deleted Entity Hammer:13282 at <7497.400391, 124.505638, 6352.280762>
[COT 2025-03-16 04:21:55] 76561198352827856: Deleted Entity Hammer:13354 at <7497.400391, 124.505638, 6352.280762>
[COT 2025-03-16 04:21:55] 76561198352827856: Deleted Entity WoodenPlank:14692 at <7497.400391, 124.529045, 6352.280762>
[COT 2025-03-16 04:21:56] 76561198352827856: Deleted Entity WoodenPlank:12566 at <7497.400391, 124.529045, 6352.280762>
[COT 2025-03-16 04:21:56] 76561198352827856: Deleted Entity Hammer:12591 at <7497.400391, 124.505638, 6352.280762>
[COT 2025-03-16 04:21:57] 76561198352827856: Deleted Entity Hammer:13301 at <7497.400391, 124.505638, 6352.280762>
[COT 2025-03-16 04:21:58] 76561198352827856: Deleted Entity WoodenPlank:13166 at <7497.400391, 124.529045, 6352.280762>
[COT 2025-03-16 04:21:58] 76561198352827856: Deleted Entity WoodenPlank:13487 at <7497.400391, 124.529045, 6352.280762>
[COT 2025-03-16 04:21:59] 76561198352827856: Deleted Entity WoodenPlank:14790 at <7497.400391, 124.529045, 6352.280762>
[COT 2025-03-16 04:21:59] 76561198352827856: Deleted Entity WoodenPlank:14791 at <7497.400391, 124.529045, 6352.280762>
[COT 2025-03-16 04:22:00] 76561198352827856: Deleted Entity Nail:14793 at <7497.400391, 124.460724, 6352.280762>
[COT 2025-03-16 04:22:00] 76561198352827856: Deleted Entity Nail:14794 at <7497.400391, 124.460724, 6352.280762>
[COT 2025-03-16 04:22:01] 76561198352827856: Deleted Entity Nail:14795 at <7497.400391, 124.460724, 6352.280762>
[COT 2025-03-16 04:22:02] 76561198352827856: Deleted Entity Nail:14796 at <7497.400391, 124.460724, 6352.280762>
[COT 2025-03-16 04:22:03] 76561198352827856: Deleted Entity WoodenPlank:14728 at <7497.400391, 124.529045, 6352.280762>
[COT 2025-03-16 04:22:03] 76561198352827856: Deleted Entity Nail:14797 at <7497.400391, 124.460724, 6352.280762>
[COT 2025-03-16 04:22:04] 76561198352827856: Deleted Entity Nail:14798 at <7497.400391, 124.460724, 6352.280762>
[COT 2025-03-16 04:22:04] 76561198352827856: Deleted Entity WoodenStick:14799 at <7497.400391, 124.461327, 6352.280762>
[COT 2025-03-16 04:22:05] 76561198352827856: Deleted Entity WoodenStick:14802 at <7497.400391, 124.461327, 6352.280762>
[COT 2025-03-16 04:22:05] 76561198352827856: Deleted Entity WoodenStick:14801 at <7497.400391, 124.461327, 6352.280762>
[COT 2025-03-16 04:22:06] 76561198352827856: Deleted Entity WoodenStick:14800 at <7497.400391, 124.461327, 6352.280762>
[COT 2025-03-16 04:22:06] 76561198352827856: Deleted Entity WoodenStick:14803 at <7497.400391, 124.461327, 6352.280762>
[COT 2025-03-16 04:22:07] 76561198352827856: Deleted Entity WoodenStick:14804 at <7497.400391, 124.461327, 6352.280762>
[COT 2025-03-16 04:22:07] 76561198352827856: Deleted Entity WoodenStick:14805 at <7497.400391, 124.461327, 6352.280762>
[COT 2025-03-16 04:22:08] 76561198352827856: Deleted Entity WoodenStick:14807 at <7497.400391, 124.461327, 6352.280762>
[COT 2025-03-16 04:22:08] 76561198352827856: Deleted Entity WoodenStick:14806 at <7497.400391, 124.461327, 6352.280762>
[COT 2025-03-16 04:22:09] 76561198352827856: Deleted Entity WoodenStick:14808 at <7497.400391, 124.461327, 6352.280762>
[COT 2025-03-16 04:22:10] 76561198352827856: Deleted Entity MetalWire:14809 at <7497.400391, 124.624123, 6352.280762>
[COT 2025-03-16 04:22:11] 76561198352827856: Deleted Entity MetalPlate:14810 at <7497.400391, 124.445717, 6352.280762>
[COT 2025-03-16 04:22:11] 76561198352827856: Deleted Entity MetalPlate:14811 at <7497.400391, 124.445717, 6352.280762>
[COT 2025-03-16 04:22:12] 76561198352827856: Deleted Entity MetalPlate:14812 at <7497.400391, 124.445717, 6352.280762>
[COT 2025-03-16 04:22:13] 76561198352827856: Deleted Entity MetalPlate:14813 at <7497.400391, 124.445717, 6352.280762>
[COT 2025-03-16 04:22:14] 76561198352827856: Deleted Entity ExpansionWall6x3:10686 at <7496.631348, 120.829308, 6354.823242>
[COT 2025-03-16 04:22:20] 76561198352827856: Deleted Entity WoodenPlank:12580 at <7497.400391, 124.529045, 6352.280762>
[COT 2025-03-16 04:22:23] 76561198352827856: Deleted Entity WoodenPlank:13363 at <7497.400391, 124.529045, 6352.280762>
[COT 2025-03-16 04:22:24] 76561198352827856: Deleted Entity WoodenPlank:12755 at <7497.400391, 124.529045, 6352.280762>
[COT 2025-03-16 04:22:25] 76561198352827856: Deleted Entity WoodenPlank:13838 at <7497.400391, 124.529045, 6352.280762>
[COT 2025-03-16 04:22:27] 76561198352827856: Deleted Entity WoodenPlank:13943 at <7497.400391, 124.529045, 6352.280762>
[COT 2025-03-16 04:22:28] 76561198352827856: Deleted Entity WoodenPlank:13773 at <7497.400391, 124.529045, 6352.280762>
[COT 2025-03-16 04:22:28] 76561198352827856: Deleted Entity WoodenPlank:14792 at <7497.400391, 124.529045, 6352.280762>
[COT 2025-03-16 04:22:36] 76561198352827856: Deleted Entity Shovel:12350 at <7496.311523, 124.329796, 6352.504883>
[COT 2025-03-16 04:22:45] 76561198352827856: Deleted Entity Pliers:8054 at <7496.575684, 124.312851, 6352.116699>
[COT 2025-03-16 04:23:18] 76561198352827856: Spawned Entity Double Door Barricade (BF_DoubleDoorBarricade<aa57a4d0>, 100, 100, 15, 0) on 76561198352827856
[COT 2025-03-16 04:23:28] 76561198352827856: Spawned Entity Double Door Barricade (BF_DoubleDoorBarricade<b02c65d0>, 100, 100, 15, 0) at <7496.978516, 124.345955, 6353.104980>
[COT 2025-03-16 04:23:33] 76561198352827856: Deleted Entity BF_DoubleDoorBarricade:12239 at <7496.978516, 124.370613, 6353.104980>
[COT 2025-03-16 04:23:42] 76561198352827856: Spawned Entity Door Barricade Kit (BF_DoorBarricadeKit<b478b470>, 100, 100, 15, 0) at <7496.525391, 124.345955, 6352.974609>
[COT 2025-03-16 04:23:50] 76561198352827856: Spawned Entity Double Door Kit (BF_DoubleDoorBarricadeKit<be602800>, 100, 100, 15, 0) at <7495.856934, 124.345955, 6352.884766>
[COT 2025-03-16 04:24:48] 76561198352827856: Spawned Entity Hatchet (Hatchet<bbe29b90>, 100, 150, 15, 0) at <7493.341797, 122.233284, 6348.903320>
[COT 2025-03-16 04:25:06] 76561198352827856: Deleted Entity WoodenPlank:8488 at <7492.977539, 121.842758, 6348.627930>
[COT 2025-03-16 04:25:09] 76561198352827856: Deleted Entity Nail:13598 at <7492.977539, 121.774437, 6348.627930>
[COT 2025-03-16 04:25:55] 76561198352827856: Spawned Entity Sheet Metal (MetalPlate<b42c1b60>, 10, 100, 15, 0) at <7492.537109, 121.592018, 6348.026367>
[COT 2025-03-16 04:25:56] 76561198352827856: Spawned Entity Sheet Metal (MetalPlate<b42be190>, 10, 100, 15, 0) at <7492.537109, 121.592018, 6348.026367>
[COT 2025-03-16 04:27:06] 76561198352827856: Spawned Entity Code Lock (ExpansionCodeLock<b498dcf0>, 10, 100, 15, 0) at <7493.395508, 122.541145, 6349.367188>
[COT 2025-03-16 04:27:06] 76561198352827856: Spawned Entity Code Lock (ExpansionCodeLock<b498ffa0>, 10, 100, 15, 0) at <7493.395508, 122.541145, 6349.367188>
[COT 2025-03-16 04:27:11] 76561198352827856: Spawned Entity Code Lock (ExpansionCodeLock<b4989790>, 10, 100, 15, 0) at <7493.395508, 122.541145, 6349.367188>
[COT 2025-03-16 04:27:12] 76561198352827856: Spawned Entity Code Lock (ExpansionCodeLock<b4993970>, 10, 100, 15, 0) at <7493.395508, 122.541145, 6349.367188>
[COT 2025-03-16 04:29:28] 76561198352827856: Spawned Entity Wall Kit (ExpansionWallKit<b3160320>, 10, 100, 15, 0) at <7498.935547, 124.721130, 6348.060059>
[COT 2025-03-16 04:30:10] 76561198352827856: Spawned Entity Large Safe (ExpansionSafeLarge<be0450e0>, 10, 20000, 15, 0) at <7497.366699, 124.345963, 6353.138184>
[COT 2025-03-16 04:34:13] 76561198352827856: Spawned Entity Pliers (Pliers<b4bfc070>, 10, 100, 15, 0) at <7497.928223, 124.350990, 6348.775391>
[COT 2025-03-16 04:35:11] 76561198352827856: Spawned Entity Gas Mask (GP5GasMask<b65ccd00>, 10, 80, 15, 0) on 76561199562419227
[COT 2025-03-16 04:35:36] 76561198352827856: Spawned Entity Gas Mask Filter (GasMask_Filter<ad733d10>, 150, 80, 15, 0) on 76561199562419227
[COT 2025-03-16 04:35:37] 76561198352827856: Spawned Entity Gas Mask Filter (GasMask_Filter<ad7348a0>, 150, 80, 15, 0) on 76561199562419227
[COT 2025-03-16 04:35:37] 76561198352827856: Spawned Entity Gas Mask Filter (GasMask_Filter<ad735430>, 150, 80, 15, 0) on 76561199562419227
[COT 2025-03-16 04:35:42] 76561198352827856: Spawned Entity PO-X Vial (Grenade_ChemGas<b6e643e0>, 150, 5, 15, 0) on 76561199562419227
[COT 2025-03-16 04:36:44] 76561198352827856: Spawned Entity Expedition Gas Mask (GasMask<af9b1ea0>, 225, 120, 15, 0) on 76561199562419227
[COT 2025-03-16 04:36:45] 76561198352827856: Spawned Entity Expedition Gas Mask (GasMask<af9b9240>, 225, 120, 15, 0) on 76561199562419227
[COT 2025-03-16 04:36:53] 76561198352827856: Spawned Entity Ancient Sword (Sword<b624da30>, 20, 200, 15, 0) on 76561199562419227
[COT 2025-03-16 04:37:07] 76561198352827856: Spawned Entity Wraith head (Deadfall_Creatures_Wraith_3_Head<b6251400>, 150, 90, 15, 0) at <7497.927734, 124.350990, 6348.774414>
[COT 2025-03-16 04:40:13] 76561198352827856: Deleted Entity ExpansionWall6x3:5238 at <7495.992676, 124.297752, 6353.868652>
[COT 2025-03-16 04:40:25] 76561198352827856: Deleted Entity CarTent:12304 at <7491.891602, 124.118744, 6354.034668>
[COT 2025-03-16 04:40:29] 76561198352827856: Deleted Entity ExpansionWall6x3:12326 at <7495.612793, 124.297752, 6353.550293>
[COT 2025-03-16 04:41:29] 76561198352827856: Deleted Entity ExpansionWall6x3:5309 at <7496.002441, 124.297752, 6353.987793>
[COT 2025-03-16 04:46:40] 76561198352827856: Spawned Entity Gunwall display kit (gunwall_kit_mung<bde1d320>, 150, 100, 15, 0) at <7497.340820, 124.345932, 6351.455078>
[COT 2025-03-16 04:48:30] 76561198352827856: Spawned Entity Code Lock (ExpansionCodeLock<b49bfac0>, 150, 100, 15, 0) at <7497.546875, 124.345955, 6351.198242>
[COT 2025-03-16 04:48:30] 76561198352827856: Spawned Entity Code Lock (ExpansionCodeLock<b49c2900>, 150, 100, 15, 0) at <7497.546875, 124.345955, 6351.198242>
[COT 2025-03-16 04:48:31] 76561198352827856: Spawned Entity Code Lock (ExpansionCodeLock<be020330>, 150, 100, 15, 0) at <7497.546875, 124.345955, 6351.198242>
[COT 2025-03-16 04:48:31] 76561198352827856: Spawned Entity Code Lock (ExpansionCodeLock<be01f7a0>, 150, 100, 15, 0) at <7497.546875, 124.345955, 6351.198242>
[COT 2025-03-16 04:52:15] 76561198352827856: Deleted Entity MetalPlate:8044 at <7492.537109, 121.593674, 6348.026367>
[COT 2025-03-16 04:53:32] 76561198352827856: Spawned Entity Wall Kit (ExpansionWallKit<be66b780>, 150, 100, 15, 0) at <7497.011719, 124.345940, 6351.598633>
[COT 2025-03-16 04:53:55] 76561198352827856: Deleted Entity ExpansionWall6x3:9650 at <7497.552246, 126.924004, 6352.582031>
[COT 2025-03-16 04:55:03] 76561198352827856: Deleted Entity ExpansionWall6x3:11801 at <7496.555176, 126.518417, 6353.314453>
[COT 2025-03-16 04:55:08] 76561198352827856: Spawned Entity Wall Kit (ExpansionWallKit<b2e19390>, 150, 100, 15, 0) at <7498.745605, 124.345963, 6352.195801>
[COT 2025-03-16 04:55:09] 76561198352827856: Spawned Entity Wall Kit (ExpansionWallKit<b2e14e30>, 150, 100, 15, 0) at <7498.745605, 124.345963, 6352.195801>
[COT 2025-03-16 04:55:44] 76561198352827856: Spawned Entity Waterbarrel (Barrel_ColorBase<bdba32a0>, 200000, 1300, 15, 512) on 76561199562419227
[COT 2025-03-16 04:58:09] 76561198352827856: Spawned Entity Double Door Kit (BF_DoubleDoorBarricadeKit<bc2a66d0>, 100, 100, 15, 0) on 76561199562419227
[COT 2025-03-16 04:58:09] 76561198352827856: Spawned Entity Double Door Kit (BF_DoubleDoorBarricadeKit<bc2a7df0>, 100, 100, 15, 0) on 76561199562419227
[COT 2025-03-16 04:58:09] 76561198352827856: Spawned Entity Double Door Kit (BF_DoubleDoorBarricadeKit<bc2b1fd0>, 100, 100, 15, 0) on 76561199562419227
[COT 2025-03-16 04:58:10] 76561198352827856: Spawned Entity Double Door Kit (BF_DoubleDoorBarricadeKit<bc2af190>, 100, 100, 15, 0) on 76561199562419227
[COT 2025-03-16 04:58:16] 76561198352827856: Spawned Entity Double Door Kit (BF_DoubleDoorBarricadeKit<bc2b08b0>, 100, 100, 15, 0) at <7496.547363, 124.345955, 6351.901855>
[COT 2025-03-16 04:58:16] 76561198352827856: Spawned Entity Double Door Kit (BF_DoubleDoorBarricadeKit<bc2c5800>, 100, 100, 15, 0) at <7496.547363, 124.345955, 6351.901855>
[COT 2025-03-16 04:58:16] 76561198352827856: Spawned Entity Double Door Kit (BF_DoubleDoorBarricadeKit<bc2beff0>, 100, 100, 15, 0) at <7496.547363, 124.345955, 6351.901855>
[COT 2025-03-16 04:58:17] 76561198352827856: Spawned Entity Double Door Kit (BF_DoubleDoorBarricadeKit<bc2ca8f0>, 100, 100, 15, 0) at <7496.547363, 124.345955, 6351.901855>
[COT 2025-03-16 04:58:17] 76561198352827856: Spawned Entity Double Door Kit (BF_DoubleDoorBarricadeKit<bbfb6870>, 100, 100, 15, 0) at <7496.547363, 124.345955, 6351.901855>
[COT 2025-03-16 04:58:57] 76561198352827856: Teleported [guid=mvB_p65s26M1iDgS3KgKpm-UzbAyYM5rER5IINF2xI0=] to <7487.205078, 120.756355, 6345.602051>
[COT 2025-03-16 05:00:16] 76561198352827856: Entered the Free Camera
[COT 2025-03-16 05:00:58] 76561198352827856: Deleted Entity ExpansionFloor6x6:10874 at <6868.161133, 131.268417, 5768.057617>
[COT 2025-03-16 05:00:59] 76561198352827856: Deleted Entity ExpansionFloor6x6:9442 at <6865.289063, 131.267944, 5762.789551>
[COT 2025-03-16 05:01:13] 76561198352827856: Left the Free Camera
[COT 2025-03-16 05:04:59] 76561198352827856: Spawned Entity Code Lock (ExpansionCodeLock<1d8c0870>, 100, 100, 15, 0) at <7495.550781, 121.591995, 6347.982910>
[COT 2025-03-16 05:04:59] 76561198352827856: Spawned Entity Code Lock (ExpansionCodeLock<1d8c36b0>, 100, 100, 15, 0) at <7495.550781, 121.591995, 6347.982910>
[COT 2025-03-16 05:06:09] 76561198352827856: Spawned Entity Firewood (Firewood<ae1337d0>, 6, 500, 15, 0) at <7496.508789, 121.591972, 6349.346680>
[COT 2025-03-16 05:06:09] 76561198352827856: Spawned Entity Firewood (Firewood<ae143630>, 6, 500, 15, 0) at <7496.508789, 121.591972, 6349.346680>
[COT 2025-03-16 05:06:22] 76561198352827856: Spawned Entity Paper (Paper<ae144d50>, 6, 15, 15, 0) at <7496.508789, 121.591972, 6349.346680>
[COT 2025-03-16 05:07:20] 76561198352827856: Deleted Entity ExpansionAdminChest:4733 at <7499.981934, 121.572823, 6347.915039>
[COT 2025-03-16 05:08:13] 76561198352827856: Spawned Entity #D100_00 (Mag_CMAG_30Rnd<1ef271b0>, 100, 100, 15, 0) at <7498.001953, 124.345963, 6351.504395>
[COT 2025-03-16 05:08:13] 76561198352827856: Spawned Entity #D100_00 (Mag_CMAG_30Rnd<1ef2b710>, 100, 100, 15, 0) at <7498.001953, 124.345963, 6351.504395>
[COT 2025-03-16 05:08:50] 76561198352827856: Spawned Entity Car Tent (CarTent<b6aca510>, 100, 1700, 15, 0) at <7487.463867, 124.078537, 6348.376465>
[COT 2025-03-16 05:12:27] 76561198352827856: Activated Community Online Tools [guid=m_TD03B4NXDQrU5koHpLq3WyQf1hXTvQSdETJOTM8ss=]
[COT 2025-03-16 05:12:29] 76561198352827856: Deleted Entity LargeTent:12322 at <7491.633301, 124.118752, 6353.701660>
[COT 2025-03-16 05:12:31] 76561198352827856: Deleted Entity CarTent:13779 at <7491.840820, 124.186844, 6354.269531>
[COT 2025-03-16 05:12:50] 76561198352827856: Spawned Entity Floor Kit (ExpansionFloorKit<bde4e560>, 100, 100, 15, 0) at <7489.476563, 124.078606, 6349.789551>
[COT 2025-03-16 05:13:05] 76561198352827856: Spawned Entity Ski Goggles (SkiGoggles_WhiteDark<bd8abac0>, 100, 80, 15, 0) on 76561199562419227
[COT 2025-03-16 05:14:11] 76561198352827856: Set GodMode To true [guid=m_TD03B4NXDQrU5koHpLq3WyQf1hXTvQSdETJOTM8ss=]
[COT 2025-03-16 05:14:13] 76561198352827856: Set Invisibility To 1 [guid=m_TD03B4NXDQrU5koHpLq3WyQf1hXTvQSdETJOTM8ss=]
[COT 2025-03-16 05:14:14] 76561198352827856: Set cannot be targeted by AI to true [guid=m_TD03B4NXDQrU5koHpLq3WyQf1hXTvQSdETJOTM8ss=]
[COT 2025-03-16 05:14:16] 76561198352827856: Healed [guid=m_TD03B4NXDQrU5koHpLq3WyQf1hXTvQSdETJOTM8ss=]
[COT 2025-03-16 05:14:17] 76561198352827856: Bleeding stopped [guid=m_TD03B4NXDQrU5koHpLq3WyQf1hXTvQSdETJOTM8ss=]
[COT 2025-03-16 05:15:20] 76561198352827856: Deleted Entity ExpansionWall6x3:14483 at <7494.826172, 120.869781, 6356.373535>
[COT 2025-03-16 05:16:52] 76561198352827856: Spawned Entity Barbed Wire Kit (ExpansionBarbedWireKit<b44da790>, 100, 100, 15, 0) on 76561198352827856
[COT 2025-03-16 05:16:52] 76561198352827856: Spawned Entity Barbed Wire Kit (ExpansionBarbedWireKit<b44dd5d0>, 100, 100, 15, 0) on 76561198352827856
[COT 2025-03-16 05:16:53] 76561198352827856: Spawned Entity Barbed Wire Kit (ExpansionBarbedWireKit<b44de160>, 100, 100, 15, 0) on 76561198352827856
[COT 2025-03-16 05:18:14] 76561198352827856: Spawned Entity Barbed Wire Kit (ExpansionBarbedWireKit<14c0aa60>, 100, 100, 15, 0) on 76561198352827856
[COT 2025-03-16 05:18:14] 76561198352827856: Spawned Entity Barbed Wire Kit (ExpansionBarbedWireKit<14c0c180>, 100, 100, 15, 0) on 76561198352827856
[COT 2025-03-16 05:18:15] 76561198352827856: Spawned Entity Barbed Wire Kit (ExpansionBarbedWireKit<14c0fb50>, 100, 100, 15, 0) on 76561198352827856
[COT 2025-03-16 05:18:35] 76561198352827856: Deleted Entity ExpansionBarbedWire:10676 at <7473.042480, 120.737053, 6327.085938>
[COT 2025-03-16 05:19:01] 76561198352827856: Deleted Entity ExpansionBarbedWire:7269 at <7472.512695, 120.739998, 6332.618652>
[COT 2025-03-16 05:19:07] 76561198352827856: Spawned Entity Barbed Wire Kit (ExpansionBarbedWireKit<57ca1d0>, 100, 100, 15, 0) at <7469.313965, 120.750771, 6329.727539>
[COT 2025-03-16 05:19:07] 76561198352827856: Spawned Entity Barbed Wire Kit (ExpansionBarbedWireKit<57cad60>, 100, 100, 15, 0) at <7469.313965, 120.750771, 6329.727539>
[COT 2025-03-16 05:19:07] 76561198352827856: Spawned Entity Barbed Wire Kit (ExpansionBarbedWireKit<57d3820>, 100, 100, 15, 0) at <7469.281738, 120.750229, 6329.476074>
[COT 2025-03-16 05:19:07] 76561198352827856: Spawned Entity Barbed Wire Kit (ExpansionBarbedWireKit<57d1570>, 100, 100, 15, 0) at <7469.290527, 120.865334, 6329.354492>
[COT 2025-03-16 05:19:08] 76561198352827856: Spawned Entity Barbed Wire Kit (ExpansionBarbedWireKit<57ce730>, 100, 100, 15, 0) at <7469.346680, 121.325012, 6329.340820>
[COT 2025-03-16 05:20:02] 76561198352827856: Deleted Entity ExpansionBarbedWire:8875 at <7471.756836, 120.736473, 6327.370117>
[COT 2025-03-16 05:22:12] 76561198352827856: Deleted Entity ExpansionWall6x3:10305 at <7477.323730, 120.739967, 6335.362793>
[COT 2025-03-16 05:22:57] 76561198352827856: Spawned Entity Barbed Wire Kit (ExpansionBarbedWireKit<b87deeb0>, 100, 100, 15, 0) at <7501.257324, 120.911018, 6339.636230>
[COT 2025-03-16 05:23:32] 76561198352827856: Spawned Entity Barbed Wire Kit (ExpansionBarbedWireKit<bc2b08b0>, 100, 100, 15, 0) at <7505.743652, 120.821640, 6357.082520>
[COT 2025-03-16 05:24:12] 76561198352827856: Spawned Entity Barbed Wire Kit (ExpansionBarbedWireKit<bc2b36f0>, 100, 100, 15, 0) at <7493.990234, 129.862946, 6345.616211>
[COT 2025-03-16 05:24:12] 76561198352827856: Spawned Entity Barbed Wire Kit (ExpansionBarbedWireKit<bc2b59a0>, 100, 100, 15, 0) at <7493.990234, 129.862946, 6345.616211>
[COT 2025-03-16 05:24:13] 76561198352827856: Spawned Entity Barbed Wire Kit (ExpansionBarbedWireKit<b249df90>, 100, 100, 15, 0) at <7494.218262, 129.698975, 6345.515625>
[COT 2025-03-16 05:25:29] 76561198352827856: Spawned Entity Barbed Wire Kit (ExpansionBarbedWireKit<1b196160>, 100, 100, 15, 0) at <7495.113770, 128.824524, 6344.582520>
[COT 2025-03-16 05:25:29] 76561198352827856: Spawned Entity Barbed Wire Kit (ExpansionBarbedWireKit<1b1ca1e0>, 100, 100, 15, 0) at <7495.188965, 128.771118, 6344.551270>
[COT 2025-03-16 05:25:30] 76561198352827856: Spawned Entity Barbed Wire Kit (ExpansionBarbedWireKit<e1fd39c0>, 100, 100, 15, 0) at <7495.479004, 129.173233, 6344.460449>
[COT 2025-03-16 05:25:31] 76561198352827856: Spawned Entity Barbed Wire Kit (ExpansionBarbedWireKit<e1fd1710>, 100, 100, 15, 0) at <7495.479004, 129.173233, 6344.460449>
[COT 2025-03-16 05:25:31] 76561198352827856: Spawned Entity Barbed Wire Kit (ExpansionBarbedWireKit<e1fdad60>, 100, 100, 15, 0) at <7495.376953, 129.160370, 6344.111328>
[COT 2025-03-16 05:26:18] 76561198352827856: Deleted Entity ExpansionBarbedWire:14771 at <7489.444824, 127.870567, 6337.423828>
[COT 2025-03-16 05:26:27] 76561198352827856: Deleted Entity ExpansionBarbedWire:5651 at <7494.068359, 127.870560, 6337.921875>
[COT 2025-03-16 05:27:45] 76561198352827856: Entered the Free Camera
[COT 2025-03-16 05:28:11] 76561198352827856: Spawned Entity Barbed Wire Kit (ExpansionBarbedWireKit<adc519c0>, 100, 100, 15, 0) at <7491.806641, 128.886154, 6346.049805>
[COT 2025-03-16 05:28:11] 76561198352827856: Spawned Entity Barbed Wire Kit (ExpansionBarbedWireKit<adc5a480>, 100, 100, 15, 0) at <7491.806641, 128.886154, 6346.049805>
[COT 2025-03-16 05:28:12] 76561198352827856: Spawned Entity Barbed Wire Kit (ExpansionBarbedWireKit<adc5c730>, 100, 100, 15, 0) at <7491.654297, 128.759048, 6346.150879>
[COT 2025-03-16 05:28:12] 76561198352827856: Spawned Entity Barbed Wire Kit (ExpansionBarbedWireKit<b6b0f970>, 100, 100, 15, 0) at <7491.501465, 128.704147, 6346.247559>
[COT 2025-03-16 05:28:12] 76561198352827856: Spawned Entity Barbed Wire Kit (ExpansionBarbedWireKit<b6b16d10>, 100, 100, 15, 0) at <7491.469238, 129.196457, 6346.237305>
[COT 2025-03-16 05:28:12] 76561198352827856: Spawned Entity Barbed Wire Kit (ExpansionBarbedWireKit<b6b178a0>, 100, 100, 15, 0) at <7491.464355, 129.274078, 6346.235840>
[COT 2025-03-16 05:28:22] 76561198352827856: Left the Free Camera
[COT 2025-03-16 05:31:43] 76561198352827856: Deleted Entity ExpansionBarbedWire:11080 at <7475.797363, 126.978783, 6349.118652>
[COT 2025-03-16 05:34:59] 76561198352827856: Deleted Entity ExpansionWall6x3:12307 at <7493.741211, 120.785110, 6342.305664>
[COT 2025-03-16 05:35:01] 76561198352827856: Deleted Entity ExpansionWall6x3:11727 at <7490.617676, 120.785583, 6345.176758>
[COT 2025-03-16 05:37:19] 76561198352827856: Deleted Entity BF_DoubleDoorBarricade:4745 at <7493.133789, 120.778641, 6342.685059>
[COT 2025-03-16 05:37:52] 76561198352827856: Deleted Entity ExpansionAdminHammer:14479 at <7495.486816, 124.327293, 6351.649414>
[COT 2025-03-16 05:37:56] 76561198352827856: Deleted Entity Pliers:10144 at <7495.435547, 124.313065, 6351.679688>
[COT 2025-03-16 05:37:57] 76561198352827856: Deleted Entity BF_DoubleDoorBarricade:5708 at <7495.200195, 124.297752, 6351.437500>
[COT 2025-03-16 05:37:58] 76561198352827856: Deleted Entity Hatchet:8690 at <7495.446777, 124.319038, 6351.586914>
[COT 2025-03-16 05:38:02] 76561198352827856: Deleted Entity SkiGoggles_WhiteDark:10699 at <7495.435547, 124.322891, 6351.679688>
[COT 2025-03-16 05:39:08] 76561198352827856: Spawned Entity Admin Hammer (Hammer<18b877c0>, 100, 100, 15, 0) at <7496.384766, 124.345924, 6352.849609>
[COT 2025-03-16 05:40:41] 76561198352827856: Spawned Entity Tire Repair Kit (TireRepairKit<b8a3e570>, 100, 100, 15, 0) at <7496.218262, 124.345955, 6352.353516>
[COT 2025-03-16 05:40:42] 76561198352827856: Spawned Entity Tire Repair Kit (TireRepairKit<b8a49e70>, 100, 100, 15, 0) at <7496.218262, 124.345955, 6352.353516>
[COT 2025-03-16 05:40:55] 76561198352827856: Spawned Entity Gun Cleaning Kit (WeaponCleaningKit<b8a61c00>, 100, 100, 15, 0) at <7496.218262, 124.345955, 6352.353516>
[COT 2025-03-16 05:40:56] 76561198352827856: Spawned Entity Gun Cleaning Kit (WeaponCleaningKit<b8a5b3f0>, 100, 100, 15, 0) at <7496.218262, 124.345955, 6352.353516>
[COT 2025-03-16 05:40:56] 76561198352827856: Spawned Entity Gun Cleaning Kit (WeaponCleaningKit<b8a66160>, 100, 100, 15, 0) at <7496.218262, 124.345955, 6352.353516>
[COT 2025-03-16 05:40:57] 76561198352827856: Spawned Entity Gun Cleaning Kit (WeaponCleaningKit<ada7f7e0>, 100, 100, 15, 0) at <7496.218262, 124.345955, 6352.353516>
[COT 2025-03-16 05:40:58] 76561198352827856: Spawned Entity Sewing Kit (SewingKit<ada95e50>, 100, 50, 15, 0) at <7496.218262, 124.345955, 6352.353516>
[COT 2025-03-16 05:40:58] 76561198352827856: Spawned Entity Sewing Kit (SewingKit<ada93010>, 100, 50, 15, 0) at <7496.218262, 124.345955, 6352.353516>
[COT 2025-03-16 05:40:59] 76561198352827856: Spawned Entity Sewing Kit (SewingKit<ada93ba0>, 100, 50, 15, 0) at <7496.218262, 124.345955, 6352.353516>
[COT 2025-03-16 05:40:59] 76561198352827856: Spawned Entity Sewing Kit (SewingKit<ada94730>, 100, 50, 15, 0) at <7496.218262, 124.345955, 6352.353516>
[COT 2025-03-16 05:41:00] 76561198352827856: Spawned Entity Leather Sewing Kit (LeatherSewingKit<ada969e0>, 100, 100, 15, 0) at <7496.218262, 124.345955, 6352.353516>
[COT 2025-03-16 05:41:00] 76561198352827856: Spawned Entity Leather Sewing Kit (LeatherSewingKit<b4994500>, 100, 100, 15, 0) at <7496.218262, 124.345955, 6352.353516>
[COT 2025-03-16 05:41:00] 76561198352827856: Spawned Entity Leather Sewing Kit (LeatherSewingKit<b498dcf0>, 100, 100, 15, 0) at <7496.218262, 124.345955, 6352.353516>
[COT 2025-03-16 05:41:01] 76561198352827856: Spawned Entity Leather Sewing Kit (LeatherSewingKit<b499db50>, 100, 100, 15, 0) at <7496.218262, 124.345955, 6352.353516>
[COT 2025-03-16 05:41:01] 76561198352827856: Spawned Entity Leather Sewing Kit (LeatherSewingKit<b4997ed0>, 100, 100, 15, 0) at <7496.218262, 124.345955, 6352.353516>
[COT 2025-03-16 05:41:05] 76561198352827856: Spawned Entity Electrical Repair Kit (ElectronicRepairKit<b49a1520>, 100, 50, 15, 0) at <7496.218262, 124.345955, 6352.353516>
[COT 2025-03-16 05:42:17] 76561198352827856: Spawned Entity HoneyBadger (PNC_W_HoneyBadger_kry<e9e872c0>, 350, 600, 15, 0) on 76561199562419227
[COT 2025-03-16 05:42:19] 76561198352827856: Spawned Entity HoneyBadger (PNC_W_HoneyBadger_kry<e9e87fd0>, 350, 600, 15, 0) on 76561199562419227
[COT 2025-03-16 05:42:32] 76561198352827856: Spawned Entity HoneyBadger (PNC_W_HoneyBadger_kitty<e9e82460>, 350, 600, 15, 0) at <7496.218262, 124.345955, 6352.353516>
[COT 2025-03-16 05:42:45] 76561198352827856: Set Invisibility To 0 [guid=m_TD03B4NXDQrU5koHpLq3WyQf1hXTvQSdETJOTM8ss=]
[COT 2025-03-16 05:42:46] 76561198352827856: Set Invisibility To 0 [guid=m_TD03B4NXDQrU5koHpLq3WyQf1hXTvQSdETJOTM8ss=]
[COT 2025-03-16 05:43:02] 76561198352827856: Entered the Free Camera
[COT 2025-03-16 05:43:04] 76561198352827856: Left the Free Camera
[COT 2025-03-16 05:43:05] 76561198352827856: Deactivated Community Online Tools [guid=m_TD03B4NXDQrU5koHpLq3WyQf1hXTvQSdETJOTM8ss=]
[COT 2025-03-16 05:43:57] 76561198352827856: Activated Community Online Tools [guid=m_TD03B4NXDQrU5koHpLq3WyQf1hXTvQSdETJOTM8ss=]
[COT 2025-03-16 05:44:30] 76561198352827856: Spawned Entity HoneyBadger Suppressor 01 (PNC_HoneyBadger_Suppressor_01<b2a80c50>, 350, 4, 15, 0) at <7495.190918, 124.345963, 6351.504883>
[COT 2025-03-16 05:44:31] 76561198352827856: Spawned Entity HoneyBadger Suppressor 01 (PNC_HoneyBadger_Suppressor_01<b2a82f00>, 350, 4, 15, 0) at <7495.190918, 124.345963, 6351.504883>
[COT 2025-03-16 05:47:12] 76561198352827856: Deleted Entity Lost_hunters_NBCpants_winter:11801 at <7483.464844, 120.745667, 6344.338379>
[COT 2025-03-16 05:47:15] 76561198352827856: Deleted Entity WoodenStick:8005 at <7483.464844, 120.760727, 6344.338379>
[COT 2025-03-16 05:47:23] 76561198352827856: Spawned Entity Lost_hunters_NBCpants (NBCPantsBase<bde45aa0>, 350, 500, 15, 0) at <7484.530273, 120.756500, 6343.424805>
[COT 2025-03-16 05:48:24] 76561198352827856: Spawned Entity AWM (Expansion_AWM<b637d4b0>, 350, 200, 15, 0) at <7499.803711, 121.592018, 6347.057617>
[COT 2025-03-16 05:48:36] 76561198352827856: Deleted Entity Expansion_AWM_Black:14588 at <7499.558105, 121.580513, 6347.501465>
[COT 2025-03-16 05:48:41] 76561198352827856: Spawned Entity AWM (Expansion_AWM<b637d4b0>, 350, 200, 15, 0) at <7499.955078, 121.592026, 6348.158203>
[COT 2025-03-16 05:49:02] 76561198352827856: Spawned Entity Hunting Scope (HuntingOptic<afe54960>, 350, 50, 15, 0) at <7499.818848, 121.592026, 6347.768555>
[COT 2025-03-16 05:49:40] 76561198352827856: Deleted Entity Expansion_PMII25Optic:5224 at <7486.882324, 124.089844, 6342.425781>
[COT 2025-03-16 05:49:56] 76561198352827856: Spawned Entity Long Range Scope (LongrangeOptic<bb9c7a80>, 350, 100, 15, 0) at <7487.948242, 124.078407, 6343.091309>
[COT 2025-03-16 05:50:11] 76561198352827856: Deleted Entity LongrangeOptic:14810 at <7487.948242, 124.087700, 6343.091309>
[COT 2025-03-16 05:50:24] 76561198352827856: Spawned Entity Leupold Deltapoint Reflex Sight (ExpansionDeltapointOptic<bdd61530>, 350, 30, 15, 0) at <7487.468262, 124.078392, 6344.293945>
[COT 2025-03-16 05:51:17] 76561198352827856: Spawned Entity #FX2_00 (VTR_fx2_scope<b44ac3b0>, 100, 30, 15, 0) at <7487.371582, 124.078453, 6345.125977>
[COT 2025-03-16 05:51:36] 76561198352827856: Deleted Entity HuntingOptic:8491 at <7499.818848, 121.593178, 6347.768555>
[COT 2025-03-16 05:57:40] 76561198352827856: Activated Community Online Tools [guid=m_TD03B4NXDQrU5koHpLq3WyQf1hXTvQSdETJOTM8ss=]
[COT 2025-03-16 05:57:51] 76561198352827856: Spawned Entity M79 (M79<16ca9ec0>, 100, 200, 15, 0) at <7500.420898, 122.826347, 6346.158691>
[COT 2025-03-16 05:57:55] 76561198352827856: Spawned Entity M79 (M79<16cb62b0>, 100, 200, 15, 0) at <7500.205566, 121.592026, 6348.939941>
[COT 2025-03-16 05:58:17] 76561198352827856: Spawned Entity 40mm PO-X Grenade (Ammo_40mm_ChemGas<90ff08e0>, 1, 50, 15, 0) at <7500.679688, 121.591995, 6348.063477>
[COT 2025-03-16 05:58:17] 76561198352827856: Spawned Entity 40mm PO-X Grenade (Ammo_40mm_ChemGas<90fefd50>, 1, 50, 15, 0) at <7500.679688, 121.591995, 6348.063477>
[COT 2025-03-16 05:58:17] 76561198352827856: Spawned Entity 40mm PO-X Grenade (Ammo_40mm_ChemGas<90fea0d0>, 1, 50, 15, 0) at <7500.679688, 121.591995, 6348.063477>
[COT 2025-03-16 05:58:17] 76561198352827856: Spawned Entity 40mm PO-X Grenade (Ammo_40mm_ChemGas<90feb7f0>, 1, 50, 15, 0) at <7500.679688, 121.591995, 6348.063477>
[COT 2025-03-16 05:58:19] 76561198352827856: Spawned Entity 40mm Explosive Grenade (Ammo_40mm_Explosive<90fec380>, 1, 50, 15, 0) at <7500.679688, 121.591995, 6348.063477>
[COT 2025-03-16 05:58:20] 76561198352827856: Spawned Entity 40mm Explosive Grenade (Ammo_40mm_Explosive<90fef1c0>, 1, 50, 15, 0) at <7500.679688, 121.591995, 6348.063477>
[COT 2025-03-16 05:58:20] 76561198352827856: Spawned Entity 40mm Explosive Grenade (Ammo_40mm_Explosive<90ff70f0>, 1, 50, 15, 0) at <7500.679688, 121.591995, 6348.063477>
[COT 2025-03-16 05:58:20] 76561198352827856: Spawned Entity 40mm Explosive Grenade (Ammo_40mm_Explosive<90ff42b0>, 1, 50, 15, 0) at <7500.679688, 121.591995, 6348.063477>
[COT 2025-03-16 05:58:20] 76561198352827856: Spawned Entity 40mm Explosive Grenade (Ammo_40mm_Explosive<90ff7c80>, 1, 50, 15, 0) at <7500.679688, 121.591995, 6348.063477>
[COT 2025-03-16 06:00:22] 76561198352827856: Spawned Entity Fireplace (Fireplace<dfcab1e0>, 100, 100, 15, 0) at <7497.726074, 121.591980, 6349.255371>
[COT 2025-03-16 06:00:33] 76561198352827856: Deleted Entity Fireplace:8972 at <7497.726074, 121.594849, 6349.255371>
[COT 2025-03-16 06:00:37] 76561198352827856: Deleted Entity PetrolLighter:7475 at <7497.726074, 121.638428, 6349.255371>
[COT 2025-03-16 06:01:10] 76561198352827856: Deleted Entity Fireplace:15076 at <7495.997559, 121.551865, 6349.555176>
[COT 2025-03-16 06:01:19] 76561198352827856: Spawned Entity Fireplace (Fireplace<dfcab1e0>, 100, 100, 15, 0) at <7495.947754, 121.592018, 6349.663086>
[COT 2025-03-16 06:01:51] 76561198352827856: Entered the Free Camera
[COT 2025-03-16 06:02:12] 76561198352827856: Left the Free Camera
[COT 2025-03-16 06:02:34] 76561198352827856: Set GodMode To true [guid=m_TD03B4NXDQrU5koHpLq3WyQf1hXTvQSdETJOTM8ss=]
[COT 2025-03-16 06:02:35] 76561198352827856: Set Invisibility To 1 [guid=m_TD03B4NXDQrU5koHpLq3WyQf1hXTvQSdETJOTM8ss=]
[COT 2025-03-16 06:02:42] 76561198352827856: Set Broken Legs To false [guid=m_TD03B4NXDQrU5koHpLq3WyQf1hXTvQSdETJOTM8ss=]
[COT 2025-03-16 06:02:44] 76561198352827856: Healed [guid=m_TD03B4NXDQrU5koHpLq3WyQf1hXTvQSdETJOTM8ss=]
[COT 2025-03-16 06:02:44] 76561198352827856: Bleeding stopped [guid=m_TD03B4NXDQrU5koHpLq3WyQf1hXTvQSdETJOTM8ss=]
[COT 2025-03-16 06:02:47] 76561198352827856: Set Health To 100 [guid=m_TD03B4NXDQrU5koHpLq3WyQf1hXTvQSdETJOTM8ss=]
[COT 2025-03-16 06:02:47] 76561198352827856: Set Shock To 100 [guid=m_TD03B4NXDQrU5koHpLq3WyQf1hXTvQSdETJOTM8ss=]
[COT 2025-03-16 06:03:09] 76561198352827856: Entered the Free Camera
[COT 2025-03-16 06:04:10] 76561198352827856: Left the Free Camera
[COT 2025-03-16 06:04:13] 76561198352827856: Entered the Free Camera
[COT 2025-03-16 06:05:18] 76561198352827856: Teleported 76561198352827856 to position <863.481995, 157.869995, 8127.094727>
[COT 2025-03-16 06:05:22] 76561198352827856: Left the Free Camera
[COT 2025-03-16 06:08:11] 76561198352827856: Entered the Free Camera
[COT 2025-03-16 06:09:07] 76561198352827856: Left the Free Camera
[COT 2025-03-16 06:09:34] 76561198352827856: Entered the Free Camera
[COT 2025-03-16 06:09:52] 76561198352827856: Teleported 76561198352827856 to position <3838.452637, 158.820007, 6897.339844>
[COT 2025-03-16 06:09:56] 76561198352827856: Left the Free Camera
[COT 2025-03-16 06:10:19] 76561198352827856: Entered the Free Camera
[COT 2025-03-16 06:10:36] 76561198352827856: Teleported 76561198352827856 to position <7445.004883, 120.686577, 6329.818359>
[COT 2025-03-16 06:10:42] 76561198352827856: Left the Free Camera
[COT 2025-03-16 06:12:37] 76561198352827856: Teleported 76561198352827856 to position <5666.221191, 197.004440, 6000.771484>
[COT 2025-03-16 06:12:40] 76561198352827856: Entered the Free Camera
[COT 2025-03-16 06:13:41] 76561198352827856: ESP: ESP updating
[COT 2025-03-16 06:15:29] 76561198352827856: ESP: Clearing ESP
[COT 2025-03-16 06:15:29] 76561198352827856: ESP: ESP updating
[COT 2025-03-16 06:16:10] 76561198352827856: Set HeatBuffer To 30 [guid=m_TD03B4NXDQrU5koHpLq3WyQf1hXTvQSdETJOTM8ss=]
[COT 2025-03-16 06:21:49] 76561198352827856: Teleported 76561198352827856 to position <5959.592285, 141.228561, 8210.884766>
[COT 2025-03-16 06:21:53] 76561198352827856: Left the Free Camera
[COT 2025-03-16 06:21:55] 76561198352827856: Entered the Free Camera
[COT 2025-03-16 06:23:35] 76561198352827856: Teleported [guid=m_TD03B4NXDQrU5koHpLq3WyQf1hXTvQSdETJOTM8ss=] to <6102.744141, 125.515495, 8144.284180>
[COT 2025-03-16 06:23:38] 76561198352827856: Left the Free Camera
[COT 2025-03-16 06:23:40] 76561198352827856: Entered the Free Camera
[COT 2025-03-16 06:24:00] 76561198352827856: Teleported 76561198352827856 to position <6899.541504, 125.483856, 5784.894531>
[COT 2025-03-16 06:24:03] 76561198352827856: Left the Free Camera
[COT 2025-03-16 06:24:05] 76561198352827856: Left the Free Camera
[COT 2025-03-16 06:24:07] 76561198352827856: Left the Free Camera
[COT 2025-03-16 06:24:13] 76561198352827856: Entered the Free Camera
[COT 2025-03-16 06:24:43] 76561198352827856: Spawned Entity Fireplace (Fireplace<dfcb4710>, 100, 100, 15, 0) at <6857.699707, 132.377243, 5764.066895>
[COT 2025-03-16 06:24:46] 76561198352827856: Left the Free Camera
[COT 2025-03-16 06:25:03] 76561198352827856: Deleted Entity Fireplace:6117 at <6857.699707, 132.380112, 5764.066895>
[COT 2025-03-16 06:25:05] 76561198352827856: Deleted Entity ExpansionWall6x3:10433 at <6859.007813, 128.265213, 5763.814453>
[COT 2025-03-16 06:25:15] 76561198352827856: Spawned Entity Fireplace (Fireplace<dfcb8ae0>, 100, 100, 15, 0) at <6856.723633, 132.094131, 5762.510742>
[COT 2025-03-16 06:25:23] 76561198352827856: Entered the Free Camera
[COT 2025-03-16 06:25:43] 76561198352827856: Teleported 76561198352827856 to position <4882.935059, 272.899994, 5807.237305>
[COT 2025-03-16 06:25:51] 76561198352827856: Left the Free Camera
[COT 2025-03-16 06:25:55] 76561198352827856: Entered the Free Camera
[COT 2025-03-16 06:32:31] 76561198352827856: Teleported 76561198352827856 to position <4486.416016, 376.586121, 5297.820313>
[COT 2025-03-16 06:32:36] 76561198352827856: Left the Free Camera
[COT 2025-03-16 06:32:40] 76561198352827856: Entered the Free Camera
[COT 2025-03-16 06:37:29] 76561198352827856: Set HeatBuffer To 30 [guid=m_TD03B4NXDQrU5koHpLq3WyQf1hXTvQSdETJOTM8ss=]
[COT 2025-03-16 06:38:21] 76561198352827856: Spawned Entity Ghillie Suit (GhillieSuit_Woodland<d1dce360>, 100, 50, 15, 0) on 76561199562419227
[COT 2025-03-16 06:38:41] 76561198352827856: Spawned Entity Ghillie Hood (GhillieHood_Woodland<b87dfa40>, 100, 120, 15, 0) on 76561199562419227
[COT 2025-03-16 06:42:01] 76561198352827856: ESP: Clearing ESP
[COT 2025-03-16 06:42:01] 76561198352827856: ESP: ESP updating
[COT 2025-03-16 06:47:30] 76561198352827856: Loadout set JMLoadout<ae32eef0> spawned at <3816.123779, 170.158249, 5848.201172>
[COT 2025-03-16 06:47:36] 76561198352827856: Loadout set JMLoadout<152e9a20> spawned at <3816.123779, 170.158249, 5848.201172>
[COT 2025-03-16 06:48:00] 76561198352827856: Set GodMode To false [guid=m_TD03B4NXDQrU5koHpLq3WyQf1hXTvQSdETJOTM8ss=]
[COT 2025-03-16 06:48:04] 76561198352827856: Set GodMode To true [guid=m_TD03B4NXDQrU5koHpLq3WyQf1hXTvQSdETJOTM8ss=]
[COT 2025-03-16 06:48:32] 76561198352827856: Teleported m_TD03B4NXDQrU5koHpLq3WyQf1hXTvQSdETJOTM8ss= to (Stary Kat Drive In, <3874.210693, 158.820007, 6783.375488>)
[COT 2025-03-16 06:48:53] 76561198352827856: Teleported 76561198352827856 to position <7489.670898, 120.739998, 6352.947266>
[COT 2025-03-16 06:48:57] 76561198352827856: Teleported 76561198352827856 to position <7487.121582, 120.739998, 6358.045898>
[COT 2025-03-16 06:49:01] 76561198352827856: Left the Free Camera
[COT 2025-03-16 06:49:05] 76561198352827856: Left the Free Camera
[COT 2025-03-16 06:49:07] 76561198352827856: Left the Free Camera
[COT 2025-03-16 06:49:08] 76561198352827856: Left the Free Camera
