[COT 2025-03-23 12:27:34] 76561198371187382: Activated Community Online Tools [guid=P_LVluee20-ZP_xemam3V_6hnFSPQ6Uqa7dsMv8yuYY=]
[COT 2025-03-23 12:27:38] 76561198371187382: Deleted Entity ExpansionGunrack:14632 at <7122.304199, 163.952377, 5721.801758>
[COT 2025-03-23 12:40:29] 76561198371187382: Deleted Entity ExpansionWall6x3:14677 at <7118.080566, 166.952850, 5724.326660>
[COT 2025-03-23 12:54:16] 76561198371187382: Deleted Entity ExpansionWall6x3:13296 at <7147.247559, 163.617401, 5728.408691>
[COT 2025-03-23 13:12:54] 76561198352827856: Activated Community Online Tools [guid=m_TD03B4NXDQrU5koHpLq3WyQf1hXTvQSdETJOTM8ss=]
[COT 2025-03-23 13:16:24] 76561198352827856: Entered the Free Camera
[COT 2025-03-23 13:16:31] 76561198352827856: Left the Free Camera
[COT 2025-03-23 13:16:44] 76561198352827856: Entered the Free Camera
[COT 2025-03-23 13:16:48] 76561198352827856: Left the Free Camera
[COT 2025-03-23 13:17:09] 76561198352827856: Entered the Free Camera
[COT 2025-03-23 13:17:15] 76561198352827856: Left the Free Camera
[COT 2025-03-23 13:17:53] 76561198352827856: Spawned Entity Jehlici Improvizované pončo s maskovací sítí (Jehlici_CamoNetPoncho<87623080>, 100, 100, 15, 0) at <6685.462891, 106.569374, 6117.441895>
[COT 2025-03-23 13:18:28] 76561198352827856: Spawned Entity White Improvizované pončo s maskovací sítí (White_CamoNetPoncho<a449fc50>, 100, 100, 15, 0) at <6681.782715, 106.130806, 6116.316406>
[COT 2025-03-23 13:18:55] 76561198352827856: Spawned Entity Blady Improvizované pončo s maskovací sítí (Blady_CamoNetPoncho<a48a0490>, 100, 100, 15, 0) at <6681.240723, 106.165169, 6115.813965>
[COT 2025-03-23 13:19:07] 76561198352827856: Spawned Entity White Improvizované pončo s maskovací sítí (White_CamoNetPoncho<a486acf0>, 100, 100, 15, 0) at <6681.093262, 106.145813, 6116.250000>
[COT 2025-03-23 13:19:12] 76561198352827856: Deleted Entity Blady_CamoNetPoncho:16223 at <6681.753418, 106.123627, 6115.105469>
[COT 2025-03-23 13:19:56] 76561198352827856: Spawned Entity Skull Mask (Clothing<3e1ac4c0>, 100, 100, 15, 0) at <6681.086914, 106.289635, 6114.476563>
[COT 2025-03-23 13:20:55] 76561198352827856: Set GodMode To true [guid=m_TD03B4NXDQrU5koHpLq3WyQf1hXTvQSdETJOTM8ss=]
[COT 2025-03-23 13:20:55] 76561198352827856: Set Invisibility To 1 [guid=m_TD03B4NXDQrU5koHpLq3WyQf1hXTvQSdETJOTM8ss=]
[COT 2025-03-23 13:20:58] 76561198352827856: Teleported 76561198352827856 to position <2935.897461, 108.794189, 2352.358887>
[COT 2025-03-23 13:21:07] 76561198352827856: ESP: Viewing ESP
[COT 2025-03-23 13:21:10] 76561198352827856: ESP: Clearing ESP
[COT 2025-03-23 13:21:11] 76561198352827856: ESP: Viewing ESP
[COT 2025-03-23 13:22:10] 76561198352827856: Teleported 76561198352827856 to position <4413.220703, 338.769989, 4702.308594>
[COT 2025-03-23 13:23:34] 76561198352827856: Teleported 76561198352827856 to position <6669.587402, 102.489998, 6097.947266>
[COT 2025-03-23 13:30:05] 76561198371187382: Deleted Entity ExpansionFloor6x6:18535 at <7140.860840, 163.380264, 5728.482910>
[COT 2025-03-23 13:40:22] 76561198352827856: Activated Community Online Tools [guid=m_TD03B4NXDQrU5koHpLq3WyQf1hXTvQSdETJOTM8ss=]
[COT 2025-03-23 13:43:34] 76561198371187382: Set UnlimitedAmmo To true [guid=P_LVluee20-ZP_xemam3V_6hnFSPQ6Uqa7dsMv8yuYY=]
[COT 2025-03-23 13:55:29] 76561198352827856: Set GodMode To true [guid=m_TD03B4NXDQrU5koHpLq3WyQf1hXTvQSdETJOTM8ss=]
[COT 2025-03-23 13:55:30] 76561198352827856: Set Invisibility To 1 [guid=m_TD03B4NXDQrU5koHpLq3WyQf1hXTvQSdETJOTM8ss=]
[COT 2025-03-23 13:55:49] 76561198352827856: Teleported 76561198352827856 to position <6675.360352, 109.495422, 6102.500000>
[COT 2025-03-23 13:56:09] 76561198352827856: Set Invisibility To 0 [guid=m_TD03B4NXDQrU5koHpLq3WyQf1hXTvQSdETJOTM8ss=]
[COT 2025-03-23 13:57:17] 76561198352827856: ESP: Viewing ESP
[COT 2025-03-23 13:58:00] 76561198352827856: Entered the Free Camera
[COT 2025-03-23 13:58:20] 76561198352827856: Left the Free Camera
