[COT 2025-03-27 22:17:36] 76561198371187382: Activated Community Online Tools [guid=P_LVluee20-ZP_xemam3V_6hnFSPQ6Uqa7dsMv8yuYY=]
[COT 2025-03-27 22:17:37] 76561198371187382: Entered the Free Camera
[COT 2025-03-27 22:17:57] 76561198371187382: Left the Free Camera
[COT 2025-03-27 22:19:17] 76561198371187382: Entered the Free Camera
[COT 2025-03-27 22:19:28] 76561198371187382: Left the Free Camera
[COT 2025-03-27 23:12:38] 76561198352827856: Activated Community Online Tools [guid=m_TD03B4NXDQrU5koHpLq3WyQf1hXTvQSdETJOTM8ss=]
[COT 2025-03-27 23:12:48] 76561198352827856: ESP: ESP updating
[COT 2025-03-27 23:12:50] 76561198352827856: ESP: Clearing ESP
[COT 2025-03-27 23:12:50] 76561198352827856: ESP: ESP updating
[COT 2025-03-27 23:13:51] 76561198352827856: Entered the Free Camera
[COT 2025-03-27 23:13:55] 76561198352827856: Left the Free Camera
[COT 2025-03-27 23:14:05] 76561198352827856: Teleported 76561198352827856 to position <2937.098389, 158.393341, 6673.104492>
[COT 2025-03-27 23:14:18] 76561198352827856: Set GodMode To true [guid=m_TD03B4NXDQrU5koHpLq3WyQf1hXTvQSdETJOTM8ss=]
[COT 2025-03-27 23:15:33] 76561198352827856: Entered the Free Camera
[COT 2025-03-27 23:15:36] 76561198352827856: Left the Free Camera
[COT 2025-03-27 23:16:13] 76561198352827856: Spawned Entity Admin Hammer (Hammer<2f7615d0>, 999, 100, 15, 0) at <3317.714600, 173.559998, 6683.810547>
[COT 2025-03-27 23:16:36] 76561198352827856: Spawned Entity Wall Kit (ExpansionWallKit<d0334020>, 999, 100, 15, 0) at <3317.931396, 173.560013, 6683.626953>
[COT 2025-03-27 23:17:34] 76561198352827856: Spawned Entity Ramp Kit (ExpansionRampKit<b5f62e40>, 999, 100, 15, 0) at <3314.295410, 173.560028, 6683.148926>
[COT 2025-03-27 23:18:18] 76561198352827856: Deleted Entity ExpansionRamp6x1_5x6:4877 at <3315.691650, 173.487366, 6682.748047>
[COT 2025-03-27 23:19:19] 76561198352827856: Deleted Entity ExpansionRamp6x1_5x6:11641 at <3315.769287, 173.645462, 6684.418457>
[COT 2025-03-27 23:20:05] 76561198352827856: Spawned Entity Gunrack (ExpansionGunrack<c6444190>, 999, 600, 15, 0) at <3316.056396, 173.560028, 6684.266602>
[COT 2025-03-27 23:20:08] 76561198352827856: Deleted Entity ExpansionGunrack:12210 at <3316.056396, 173.559464, 6684.266602>
[COT 2025-03-27 23:20:11] 76561198352827856: Spawned Entity Gunrack (ExpansionGunrack<c6444190>, 999, 600, 15, 0) at <3315.709717, 173.559998, 6685.236328>
[COT 2025-03-27 23:21:02] 76561198352827856: Spawned Entity Barrel (Barrel_Yellow<c69df6f0>, 0, 1300, 15, 4096) at <3317.262207, 173.560013, 6684.208008>
[COT 2025-03-27 23:21:20] 76561198352827856: Spawned Entity Lost Hunters Bag (HuntingBag<d2d90400>, 0, 500, 15, 0) at <3318.802734, 173.559952, 6684.862305>
[COT 2025-03-27 23:21:45] 76561198352827856: Spawned Entity Medium Safe (ExpansionSafeMedium<d2daafd0>, 0, 15000, 15, 0) at <3318.802734, 173.559952, 6684.862305>
[COT 2025-03-27 23:21:46] 76561198352827856: Spawned Entity Medium Safe (ExpansionSafeMedium<d2dabb60>, 0, 15000, 15, 0) at <3318.802734, 173.559952, 6684.862305>
[COT 2025-03-27 23:21:52] 76561198352827856: Deleted Entity ExpansionSafeMedium:12161 at <3318.802734, 173.559937, 6684.862305>
[COT 2025-03-27 23:21:53] 76561198352827856: Deleted Entity ExpansionSafeMedium:6390 at <3318.802734, 173.559937, 6684.862305>
[COT 2025-03-27 23:22:08] 76561198352827856: Spawned Entity Hardigg 2 (hardigg2_Mung<c2ec1ec0>, 0, -2.14748e+09, 15, 0) at <3318.412598, 173.559998, 6684.639648>
[COT 2025-03-27 23:22:39] 76561198352827856: Spawned Entity Boxed Nails (NailBox<c2edbf00>, 0, 80, 15, 0) at <3319.120117, 173.559937, 6685.212402>
[COT 2025-03-27 23:22:39] 76561198352827856: Spawned Entity Boxed Nails (NailBox<c2eded40>, 0, 80, 15, 0) at <3319.120117, 173.559937, 6685.212402>
[COT 2025-03-27 23:22:39] 76561198352827856: Spawned Entity Boxed Nails (NailBox<b895e980>, 0, 80, 15, 0) at <3319.120117, 173.559937, 6685.212402>
[COT 2025-03-27 23:22:40] 76561198352827856: Spawned Entity Boxed Nails (NailBox<b8965d20>, 0, 80, 15, 0) at <3319.120117, 173.559937, 6685.212402>
[COT 2025-03-27 23:22:40] 76561198352827856: Spawned Entity Boxed Nails (NailBox<b897e640>, 0, 80, 15, 0) at <3319.120117, 173.559937, 6685.212402>
[COT 2025-03-27 23:22:40] 76561198352827856: Spawned Entity Boxed Nails (NailBox<c6cc8250>, 0, 80, 15, 0) at <3319.120117, 173.559937, 6685.212402>
[COT 2025-03-27 23:22:50] 76561198352827856: Spawned Entity Boxed Nails (NailBox<c6cd7520>, 0, 80, 15, 0) at <3319.120117, 173.559937, 6685.212402>
[COT 2025-03-27 23:23:11] 76561198352827856: Spawned Entity Stair Kit (ExpansionStairKit<26ba4fa0>, 0, 100, 15, 0) at <3319.486816, 173.559998, 6683.071289>
[COT 2025-03-27 23:24:28] 76561198352827856: Deleted Entity ExpansionStairS1_5x3x3:5688 at <3318.657227, 173.519730, 6680.947754>
[COT 2025-03-27 23:24:36] 76561198352827856: Spawned Entity Roof Kit (ExpansionRoofKit<26b90be0>, 0, 100, 15, 0) at <3321.680420, 174.537018, 6681.798828>
[COT 2025-03-27 23:25:15] 76561198352827856: Deleted Entity ExpansionFloor6x6:6391 at <3315.691406, 177.492416, 6682.748047>
[COT 2025-03-27 23:25:33] 76561198352827856: Spawned Entity Gunwall display kit (gunwall_kit_mung<f2ffa320>, 0, 100, 15, 0) at <3318.575195, 173.559937, 6684.919922>
[COT 2025-03-27 23:25:55] 76561198352827856: Spawned Entity Mini Safe (ExpansionSafeMini<f3016610>, 0, 10000, 15, 0) at <3318.575195, 173.559937, 6684.919922>
[COT 2025-03-27 23:27:04] 76561198352827856: Spawned Entity Hatchet (Hatchet<d002f9a0>, 0, 150, 15, 0) at <3319.340820, 173.559967, 6684.907715>
[COT 2025-03-27 23:27:04] 76561198352827856: Spawned Entity Hatchet (Hatchet<d0029d20>, 0, 150, 15, 0) at <3319.340820, 173.559967, 6684.907715>
[COT 2025-03-27 23:27:05] 76561198352827856: Spawned Entity Hatchet (Hatchet<d00310c0>, 0, 150, 15, 0) at <3319.340820, 173.559967, 6684.907715>
[COT 2025-03-27 23:27:05] 76561198352827856: Spawned Entity Hatchet (Hatchet<d002a8b0>, 0, 150, 15, 0) at <3319.340820, 173.559967, 6684.907715>
[COT 2025-03-27 23:28:09] 76561198352827856: Spawned Entity Barbed Wire Kit (ExpansionBarbedWireKit<bf3f60c0>, 0, 100, 15, 0) at <3319.340820, 173.559967, 6684.907715>
[COT 2025-03-27 23:28:09] 76561198352827856: Spawned Entity Barbed Wire Kit (ExpansionBarbedWireKit<bf3f8f00>, 0, 100, 15, 0) at <3319.612305, 173.559967, 6685.120117>
[COT 2025-03-27 23:28:10] 76561198352827856: Spawned Entity Barbed Wire Kit (ExpansionBarbedWireKit<bf408d60>, 0, 100, 15, 0) at <3319.458252, 173.559982, 6685.113281>
[COT 2025-03-27 23:28:31] 76561198352827856: Spawned Entity Barbed Wire Kit (ExpansionBarbedWireKit<d15dd2d0>, 0, 100, 15, 0) at <3319.160645, 173.559967, 6685.282715>
[COT 2025-03-27 23:28:38] 76561198352827856: Entered the Free Camera
[COT 2025-03-27 23:29:09] 76561198352827856: Left the Free Camera
[COT 2025-03-27 23:29:11] 76561198352827856: Left the Free Camera
[COT 2025-03-27 23:29:13] 76561198352827856: Entered the Free Camera
[COT 2025-03-27 23:29:18] 76561198352827856: Left the Free Camera
