[COT 2025-03-20 13:36:45] 76561198352827856: Activated Community Online Tools [guid=m_TD03B4NXDQrU5koHpLq3WyQf1hXTvQSdETJOTM8ss=]
[COT 2025-03-20 13:37:25] 76561198352827856: Set GodMode To true [guid=m_TD03B4NXDQrU5koHpLq3WyQf1hXTvQSdETJOTM8ss=]
[COT 2025-03-20 13:37:46] 76561198352827856: Set cannot be targeted by AI to true [guid=m_TD03B4NXDQrU5koHpLq3WyQf1hXTvQSdETJOTM8ss=]
[COT 2025-03-20 13:38:28] 76561198352827856: Spawned Entity Bicycle (Lady_Bicycle<869081d0>, 100, 50000, 15, 0) at <7481.218262, 121.562401, 6328.314941>
[COT 2025-03-20 13:39:16] 76561198352827856: Set remove collision to true [guid=m_TD03B4NXDQrU5koHpLq3WyQf1hXTvQSdETJOTM8ss=]
[COT 2025-03-20 13:43:07] 76561198352827856: Deleted Entity Lady_Bicycle:9678 at <6710.178223, 109.139206, 6042.742188>
[COT 2025-03-20 13:43:22] 76561198352827856: Spawned Entity Bicycle (Old_Bike_Pink<84c50ee0>, 100, 50000, 15, 0) at <6695.648438, 108.963440, 6042.321289>
[COT 2025-03-20 13:43:27] 76561198352827856: Deleted Entity Old_Bike_Pink:14172 at <6695.646484, 108.727112, 6042.241699>
[COT 2025-03-20 13:43:42] 76561198352827856: Spawned Entity Bicycle (Lady_Bicycle<84c50ee0>, 100, 50000, 15, 0) at <6693.897461, 109.918747, 6039.034180>
[COT 2025-03-20 13:43:45] 76561198352827856: Spawned Entity Bicycle (Old_Bike_Blue<84c66f60>, 100, 50000, 15, 0) at <6694.680664, 109.952385, 6038.865723>
[COT 2025-03-20 13:44:17] 76561198352827856: ESP: ESP updating
[COT 2025-03-20 13:44:41] 76561198352827856: Deleted Entity Old_Bike_Blue:16142 at <6694.677246, 109.920853, 6038.986816>
[COT 2025-03-20 13:44:45] 76561198352827856: Deleted Entity Lady_Bicycle:14021 at <6693.899414, 109.865105, 6039.186035>
[COT 2025-03-20 13:45:01] 76561198352827856: Set Invisibility To 1 [guid=m_TD03B4NXDQrU5koHpLq3WyQf1hXTvQSdETJOTM8ss=]
[COT 2025-03-20 13:45:02] 76561198352827856: Entered the Free Camera
[COT 2025-03-20 13:47:10] 76561198352827856: ESP: Clearing ESP
[COT 2025-03-20 13:47:10] 76561198352827856: ESP: ESP updating
[COT 2025-03-20 13:47:22] 76561198352827856: ESP: Clearing ESP
[COT 2025-03-20 13:47:22] 76561198352827856: ESP: ESP updating
[COT 2025-03-20 13:48:19] 76561198352827856: Left the Free Camera
[COT 2025-03-20 13:48:27] 76561198352827856: Entered the Free Camera
[COT 2025-03-20 13:49:19] 76561198352827856: Spawned Entity Bicycle (Old_Bike_Green<84c5bf20>, 100, 50000, 15, 0) at <4301.424316, 174.869980, 6269.535645>
[COT 2025-03-20 13:49:30] 76561198352827856: Deleted Entity Old_Bike_Green:15916 at <4301.386230, 174.865021, 6269.562500>
[COT 2025-03-20 13:49:42] 76561198352827856: Teleported 76561198352827856 to position <5249.214355, 354.693878, 5147.310547>
[COT 2025-03-20 13:49:44] 76561198352827856: Left the Free Camera
[COT 2025-03-20 13:50:08] 76561198352827856: Entered the Free Camera
[COT 2025-03-20 13:50:20] 76561198352827856: Spawned Entity Bicycle (Old_Bike_Blue<84c5eb30>, 100, 50000, 15, 0) at <5233.289063, 364.154022, 5232.690918>
[COT 2025-03-20 13:53:30] 76561198352827856: Teleported 76561198352827856 to position <6859.482422, 123.934822, 5821.177734>
[COT 2025-03-20 13:53:33] 76561198352827856: Left the Free Camera
[COT 2025-03-20 13:53:56] 76561198352827856: Spawned Entity Bicycle (Old_Bike_White<84c61740>, 100, 50000, 15, 0) at <6923.657715, 127.922562, 5761.846680>
[COT 2025-03-20 13:54:02] 76561198352827856: Deleted Entity Old_Bike_White:11005 at <6923.647461, 126.285652, 5761.875488>
[COT 2025-03-20 13:54:06] 76561198352827856: Spawned Entity Bicycle (Old_Bike_White<84c69b70>, 100, 50000, 15, 0) at <6926.244141, 126.485565, 5760.291992>
[COT 2025-03-20 13:54:10] 76561198352827856: Entered the Free Camera
[COT 2025-03-20 13:54:26] 76561198352827856: Spawned Entity Bicycle (Old_Bike_White<84c66f60>, 100, 50000, 15, 0) at <6698.608398, 102.816605, 6070.275391>
[COT 2025-03-20 13:54:32] 76561198352827856: Spawned Entity Bicycle (Old_Bike_Red<84c6c780>, 100, 50000, 15, 0) at <6697.756348, 102.796158, 6070.364746>
[COT 2025-03-20 13:54:59] 76561198352827856: Teleported 76561198352827856 to position <979.463379, 156.940353, 8038.578613>
[COT 2025-03-20 13:55:00] 76561198352827856: Left the Free Camera
[COT 2025-03-20 13:55:13] 76561198352827856: Spawned Entity Bicycle (Old_Bike_Green<84c6f390>, 100, 50000, 15, 0) at <946.888062, 157.782486, 8038.177246>
[COT 2025-03-20 13:55:26] 76561198352827856: Teleported 76561198352827856 to position <1991.632202, 180.833313, 8331.725586>
[COT 2025-03-20 13:55:32] 76561198352827856: Spawned Entity Bicycle (Old_Bike_Blue<84c5bf20>, 100, 50000, 15, 0) at <1998.033203, 180.627869, 8326.672852>
[COT 2025-03-20 13:55:48] 76561198352827856: Teleported 76561198352827856 to position <2948.341797, 155.170303, 6938.522949>
[COT 2025-03-20 13:56:07] 76561198352827856: Spawned Entity Bicycle (Old_Bike<84c71fa0>, 100, 50000, 15, 0) at <2932.421387, 154.363129, 6932.177246>
[COT 2025-03-20 13:56:29] 76561198352827856: Teleported 76561198352827856 to position <6495.773926, 142.699997, 6053.775391>
[COT 2025-03-20 13:56:47] 76561198352827856: Spawned Entity Bicycle (Lady_Bicycle<84c5eb30>, 100, 50000, 15, 0) at <6535.460449, 142.699997, 6023.005859>
[COT 2025-03-20 13:56:57] 76561198352827856: Teleported 76561198352827856 to position <8264.389648, 172.109818, 6843.859375>
[COT 2025-03-20 13:57:08] 76561198352827856: Spawned Entity Bicycle (Old_Bike<84c74bb0>, 100, 50000, 15, 0) at <8241.134766, 171.094360, 6843.138672>
[COT 2025-03-20 13:57:25] 76561198352827856: Teleported 76561198352827856 to position <6872.059570, 166.100006, 3794.150391>
[COT 2025-03-20 13:57:43] 76561198352827856: Teleported 76561198352827856 to position <7434.018555, 175.959961, 4831.000977>
[COT 2025-03-20 13:57:53] 76561198352827856: Spawned Entity Bicycle (Old_Bike_Green<84c61740>, 100, 50000, 15, 0) at <7443.772461, 176.000015, 4823.005859>
[COT 2025-03-20 13:58:03] 76561198352827856: Teleported 76561198352827856 to position <7874.230957, 188.729996, 3099.710693>
[COT 2025-03-20 13:58:16] 76561198352827856: Spawned Entity Bicycle (Old_Bike_Blue<84c7cfe0>, 100, 50000, 15, 0) at <7876.337402, 188.729996, 3088.228516>
[COT 2025-03-20 13:58:25] 76561198352827856: Teleported 76561198352827856 to position <7111.719238, 162.586609, 5169.886719>
[COT 2025-03-20 13:58:44] 76561198352827856: Spawned Entity Bicycle (Old_Bike_Red<84c7a3d0>, 100, 50000, 15, 0) at <7063.506348, 162.642212, 5188.434570>
[COT 2025-03-20 13:58:59] 76561198352827856: Teleported 76561198352827856 to position <5491.767578, 289.171722, 4974.943359>
[COT 2025-03-20 14:00:05] 76561198352827856: Entered the Free Camera
[COT 2025-03-20 14:00:46] 76561198352827856: Spawned Entity Bicycle (Lady_Bicycle<84c85410>, 100, 50000, 15, 0) at <6412.961914, 203.310730, 4572.094727>
[COT 2025-03-20 14:01:04] 76561198352827856: Spawned Entity Bicycle (Old_Bike_Green<84c88020>, 100, 50000, 15, 0) at <6678.374023, 201.025391, 4957.961426>
[COT 2025-03-20 14:01:06] 76561198352827856: Spawned Entity Bicycle (Old_Bike_Green<84c777c0>, 100, 50000, 15, 0) at <6677.529785, 201.084641, 4957.210449>
[COT 2025-03-20 14:01:10] 76561198352827856: Spawned Entity Bicycle (Old_Bike_Green<84c8d840>, 100, 50000, 15, 0) at <6677.041016, 201.125961, 4956.643555>
[COT 2025-03-20 14:01:12] 76561198352827856: Spawned Entity Bicycle (Old_Bike_Green<84c7fbf0>, 100, 50000, 15, 0) at <6674.523438, 201.307922, 4954.302246>
[COT 2025-03-20 14:01:19] 76561198352827856: Left the Free Camera
[COT 2025-03-20 14:01:25] 76561198352827856: Deleted Entity Old_Bike_Green:14522 at <6678.376465, 201.019562, 4957.980469>
[COT 2025-03-20 14:01:29] 76561198352827856: Deleted Entity Old_Bike_Green:5643 at <6677.532227, 201.078751, 4957.229492>
[COT 2025-03-20 14:01:32] 76561198352827856: Deleted Entity Old_Bike_Green:5504 at <6677.043457, 201.120041, 4956.662598>
[COT 2025-03-20 14:01:37] 76561198352827856: Entered the Free Camera
[COT 2025-03-20 14:02:40] 76561198352827856: Spawned Entity Bicycle (Old_Bike<84c8ac30>, 100, 50000, 15, 0) at <6880.543457, 127.109970, 5755.461914>
[COT 2025-03-20 14:02:47] 76561198352827856: Deleted Entity Old_Bike:13747 at <6880.539063, 127.105042, 5755.456055>
[COT 2025-03-20 14:03:03] 76561198352827856: Spawned Entity Bicycle (Old_Bike<84c82800>, 100, 50000, 15, 0) at <6876.990723, 128.529327, 5746.518555>
[COT 2025-03-20 14:03:32] 76561198352827856: Left the Free Camera
[COT 2025-03-20 14:03:40] 76561198352827856: Spawned Entity Bicycle (Old_Bike<84c88020>, 100, 50000, 15, 0) at <7477.751465, 124.079399, 6350.152832>
[COT 2025-03-20 14:03:43] 76561198352827856: Set GodMode To false [guid=m_TD03B4NXDQrU5koHpLq3WyQf1hXTvQSdETJOTM8ss=]
[COT 2025-03-20 14:03:45] 76561198352827856: Set GodMode To true [guid=m_TD03B4NXDQrU5koHpLq3WyQf1hXTvQSdETJOTM8ss=]
[COT 2025-03-20 14:03:46] 76561198352827856: Spawned Entity Bicycle (Old_Bike<84c8ac30>, 100, 50000, 15, 0) at <7479.069824, 124.079399, 6349.759277>
[COT 2025-03-20 14:03:51] 76561198352827856: Spawned Entity Bicycle (Old_Bike<84c777c0>, 100, 50000, 15, 0) at <7480.351563, 124.118988, 6349.163574>
[COT 2025-03-20 14:03:55] 76561198352827856: Spawned Entity Bicycle (Old_Bike<84c8d840>, 100, 50000, 15, 0) at <7481.463867, 124.078926, 6348.576660>
[COT 2025-03-20 14:04:01] 76561198352827856: Entered the Free Camera
[COT 2025-03-20 14:04:16] 76561198352827856: Spawned Entity Bicycle (Old_Bike<84c82800>, 100, 50000, 15, 0) at <6365.788574, 174.869980, 5736.385742>
[COT 2025-03-20 14:05:06] 76561198352827856: Spawned Entity Bicycle (Old_Bike<869081d0>, 100, 50000, 15, 0) at <4528.168457, 338.770020, 4724.733887>
[COT 2025-03-20 14:05:08] 76561198352827856: Left the Free Camera
[COT 2025-03-20 14:06:38] 76561198352827856: Deleted Entity Old_Bike:5514 at <4620.951172, 338.765045, 4712.304688>
[COT 2025-03-20 14:06:47] 76561198352827856: ESP: Clearing ESP
[COT 2025-03-20 14:06:55] 76561198352827856: Spawned Entity Bicycle (Old_Bike<76f80ff0>, 100, 50000, 15, 0) at <4641.955566, 338.761963, 4718.053223>
[COT 2025-03-20 14:07:24] 76561198352827856: Set Invisibility To 0 [guid=m_TD03B4NXDQrU5koHpLq3WyQf1hXTvQSdETJOTM8ss=]
[COT 2025-03-20 14:16:52] 76561198352827856: Spawned Entity Bicycle (Old_Bike_White<76f86810>, 100, 50000, 15, 0) at <6665.447266, 145.857941, 5635.484375>
[COT 2025-03-20 14:18:26] 76561198352827856: Deleted Entity Old_Bike_White:9254 at <6692.794922, 102.585869, 6091.598145>
[COT 2025-03-20 14:20:22] 76561198352827856: Spawned Entity Bicycle (Old_Bike_White<76f86810>, 100, 50000, 15, 0) at <6658.087402, 128.266693, 5980.175781>
[COT 2025-03-20 14:20:54] 76561198352827856: Set UnlimitedAmmo To true [guid=m_TD03B4NXDQrU5koHpLq3WyQf1hXTvQSdETJOTM8ss=]
[COT 2025-03-20 14:22:43] 76561198352827856: Spawned Entity Tire Repair Kit (TireRepairKit<464d0600>, 100, 100, 15, 0) at <6656.456543, 128.426743, 5980.307129>
[COT 2025-03-20 14:22:48] 76561198352827856: Spawned Entity Blowtorch (Blowtorch<353fdf20>, 100, 100, 15, 0) at <6656.432617, 128.546051, 5980.384277>
[COT 2025-03-20 14:23:12] 76561198352827856: Spawned Entity Ski Goggles (SkiGoggles_WhiteDark<353c7060>, 100, 80, 15, 0) on 76561199562419227
[COT 2025-03-20 14:23:13] 76561198352827856: Spawned Entity Ski Goggles (SkiGoggles_WhiteClear<353f0370>, 100, 80, 15, 0) on 76561199562419227
[COT 2025-03-20 14:24:31] 76561198352827856: Deleted Entity Blowtorch:9493 at <6656.415039, 128.527252, 5980.312500>
[COT 2025-03-20 14:24:34] 76561198352827856: Deleted Entity TireRepairKit:5166 at <6656.427246, 128.441345, 5980.945313>
[COT 2025-03-20 14:24:37] 76561198352827856: Deleted Entity Old_Bike_White:9128 at <6658.163086, 128.259857, 5980.173828>
[COT 2025-03-20 14:29:14] 76561198352827856: Teleported 76561198352827856 to position <7481.630371, 131.591614, 6324.113281>
[COT 2025-03-20 14:32:36] 76561198352827856: Deleted Entity ExpansionWall6x3:12236 at <7490.203613, 124.118279, 6342.916504>
[COT 2025-03-20 14:32:52] 76561198352827856: Deleted Entity Old_Bike:12265 at <7481.459473, 124.073975, 6348.570801>
[COT 2025-03-20 14:32:55] 76561198352827856: Deleted Entity Old_Bike:4994 at <7480.331055, 124.083961, 6349.151855>
[COT 2025-03-20 14:32:59] 76561198352827856: Deleted Entity Old_Bike:14998 at <7479.065430, 124.074448, 6349.753418>
[COT 2025-03-20 14:33:04] 76561198352827856: Deleted Entity Old_Bike:10134 at <7477.747070, 124.074448, 6350.146973>
[COT 2025-03-20 14:33:48] 76561198352827856: Spawned Entity Bicycle (ItemLady_Bicycle<4092a6f0>, 100, 100, 15, 0) at <7480.524414, 120.740517, 6345.935547>
[COT 2025-03-20 14:33:55] 76561198352827856: ESP: Viewing ESP
[COT 2025-03-20 14:34:08] 76561198352827856: Spawned Entity Bicycle (ItemLady_Bicycle<4839afb0>, 100, 100, 15, 0) at <7482.239746, 120.742241, 6347.664063>
[COT 2025-03-20 14:34:16] 76561198352827856: Spawned Entity Bicycle (ItemLady_Bicycle<483bb800>, 100, 100, 15, 0) at <7480.418945, 120.740440, 6347.299805>
[COT 2025-03-20 14:34:18] 76561198352827856: Spawned Entity Bicycle (ItemLady_Bicycle_Purple<483bac70>, 100, 100, 15, 0) at <7480.420410, 120.740425, 6347.299805>
[COT 2025-03-20 14:34:30] 76561198352827856: Spawned Entity Bicycle (ItemLady_Bicycle_Purple<4d23a740>, 100, 100, 15, 0) at <7482.260742, 120.753113, 6348.849609>
[COT 2025-03-20 14:34:40] 76561198352827856: Spawned Entity Bicycle (ItemLady_Bicycle_Purple<4d228630>, 100, 100, 15, 0) at <7482.091797, 124.078835, 6348.356934>
[COT 2025-03-20 14:35:05] 76561198352827856: Set cannot be targeted by AI to true [guid=m_TD03B4NXDQrU5koHpLq3WyQf1hXTvQSdETJOTM8ss=]
[COT 2025-03-20 14:35:10] 76561198352827856: Spawned Entity Bicycle (ItemLady_Bicycle_Purple<3871e740>, 100, 100, 15, 0) at <7534.254395, 128.093140, 6261.416016>
[COT 2025-03-20 14:35:36] 76561198352827856: Spawned Entity Bicycle (Lady_Bicycle<76f89420>, 100, 50000, 15, 0) at <7483.242188, 120.753227, 6348.731445>
[COT 2025-03-20 14:35:45] 76561198352827856: Deleted Entity Lady_Bicycle:15593 at <7483.243164, 120.722153, 6348.732422>
[COT 2025-03-20 14:35:48] 76561198352827856: Spawned Entity Bicycle (Lady_Bicycle<76f80ff0>, 100, 50000, 15, 0) at <7482.217773, 120.752480, 6349.480957>
[COT 2025-03-20 14:35:53] 76561198352827856: Deleted Entity Lady_Bicycle:14526 at <7482.219727, 120.721451, 6349.481934>
[COT 2025-03-20 14:35:57] 76561198352827856: Spawned Entity Bicycle (Lady_Bicycle<76f89420>, 100, 50000, 15, 0) at <7480.023926, 120.740021, 6348.042480>
[COT 2025-03-20 14:36:03] 76561198352827856: Spawned Entity Bicycle (Lady_Bicycle_Purple<76f8c030>, 100, 50000, 15, 0) at <7481.303223, 120.741234, 6348.743164>
[COT 2025-03-20 14:36:08] 76561198352827856: Spawned Entity Bicycle (Lady_Bicycle<76f7b7d0>, 100, 50000, 15, 0) at <7482.424805, 120.740669, 6349.345703>
[COT 2025-03-20 14:36:13] 76561198352827856: Spawned Entity Bicycle (Lady_Bicycle_Purple<76f8ec40>, 100, 50000, 15, 0) at <7483.827637, 120.739929, 6350.067871>
[COT 2025-03-20 14:36:30] 76561198352827856: Spawned Entity Bicycle Wheel (ladybicycle_wheel<35066b30>, 100, 800, 15, 0) at <7486.111328, 120.751961, 6350.728027>
[COT 2025-03-20 14:36:30] 76561198352827856: Spawned Entity Bicycle Wheel (ladybicycle_wheel<35060320>, 100, 800, 15, 0) at <7486.111328, 120.751961, 6350.728027>
[COT 2025-03-20 14:36:32] 76561198352827856: Spawned Entity Bicycle Wheel (ladybicycle_wheel<3506b090>, 100, 800, 15, 0) at <7486.111328, 120.995293, 6350.728027>
[COT 2025-03-20 14:36:32] 76561198352827856: Spawned Entity Bicycle Wheel (ladybicycle_wheel<3506bc20>, 100, 800, 15, 0) at <7486.111328, 120.995293, 6350.728027>
