[COT 2025-03-18 03:01:53] 76561198352827856: Activated Community Online Tools [guid=m_TD03B4NXDQrU5koHpLq3WyQf1hXTvQSdETJOTM8ss=]
[COT 2025-03-18 03:02:03] 76561198352827856: Set GodMode To true [guid=m_TD03B4NXDQrU5koHpLq3WyQf1hXTvQSdETJOTM8ss=]
[COT 2025-03-18 03:02:05] 76561198352827856: Set cannot be targeted by AI to true [guid=m_TD03B4NXDQrU5koHpLq3WyQf1hXTvQSdETJOTM8ss=]
[COT 2025-03-18 03:02:06] 76561198352827856: Set remove collision to true [guid=m_TD03B4NXDQrU5koHpLq3WyQf1hXTvQSdETJOTM8ss=]
[COT 2025-03-18 03:02:11] 76561198352827856: Set Invisibility To 1 [guid=m_TD03B4NXDQrU5koHpLq3WyQf1hXTvQSdETJOTM8ss=]
[COT 2025-03-18 03:02:15] 76561198352827856: Set HeatBuffer To 30 [guid=m_TD03B4NXDQrU5koHpLq3WyQf1hXTvQSdETJOTM8ss=]
[COT 2025-03-18 03:12:10] 76561198352827856: Teleported 76561198352827856 to position <6683.488281, 102.489998, 6137.014160>
[COT 2025-03-18 03:14:11] 76561198352827856: Set Invisibility To 0 [guid=m_TD03B4NXDQrU5koHpLq3WyQf1hXTvQSdETJOTM8ss=]
[COT 2025-03-18 03:14:28] 76561198352827856: Spawned Entity M4-A1 (M4A1_Base<9c949790>, 100, 200, 15, 0) at <6679.821777, 102.489998, 6105.709473>
[COT 2025-03-18 03:14:31] 76561198352827856: Spawned Entity M4-A1 (M4A1_Base<9c94b1b0>, 100, 200, 15, 0) at <6679.763184, 102.501907, 6110.350586>
[COT 2025-03-18 03:14:32] 76561198352827856: Spawned Entity M4-A1 (M4A1_Base<9c94d8e0>, 100, 200, 15, 0) at <6679.762207, 102.597366, 6110.354004>
[COT 2025-03-18 03:15:23] 76561198352827856: Set GodMode To false [guid=m_TD03B4NXDQrU5koHpLq3WyQf1hXTvQSdETJOTM8ss=]
[COT 2025-03-18 03:16:17] 76561198352827856: Spawned Entity Hryvnia Banknotes Stack (ExpansionBanknoteHryvnia<66457ee0>, 50000, 100, 15, 0) at <6676.105957, 102.501961, 6106.602051>
[COT 2025-03-18 03:17:42] 76561198352827856: Spawned Entity Lunchmeat (Lunchmeat<40425270>, 10, 70, 15, 0) at <6671.327637, 106.262642, 6114.891113>
[COT 2025-03-18 03:17:42] 76561198352827856: Spawned Entity Lunchmeat (Lunchmeat<4041e5e0>, 10, 70, 15, 0) at <6671.327637, 106.262642, 6114.891113>
[COT 2025-03-18 03:19:54] 76561198352827856: Set Invisibility To 1 [guid=m_TD03B4NXDQrU5koHpLq3WyQf1hXTvQSdETJOTM8ss=]
[COT 2025-03-18 03:19:54] 76561198352827856: Set GodMode To true [guid=m_TD03B4NXDQrU5koHpLq3WyQf1hXTvQSdETJOTM8ss=]
[COT 2025-03-18 03:20:14] 76561198352827856: ESP: ESP updating
[COT 2025-03-18 03:23:46] 76561198352827856: Healed [guid=mvB_p65s26M1iDgS3KgKpm-UzbAyYM5rER5IINF2xI0=]
[COT 2025-03-18 03:24:52] 76561198352827856: Healed [guid=qZqolO4hbF2D7i2SHl6eLqgMczahG7_bAPkC9G_OL68=]
[COT 2025-03-18 03:25:20] 76561198352827856: Teleported 76561198844058378 to position <7482.811523, 124.078751, 6347.731934>
[COT 2025-03-18 03:27:11] 76561198352827856: Spawned Entity Old Key (ItemBase<31ad5500>, 100, 120, 15, 0) on 76561199562419227
[COT 2025-03-18 03:27:19] 76561198352827856: Teleported to <7498.135742, 124.345963, 6352.580566> [guid=mvB_p65s26M1iDgS3KgKpm-UzbAyYM5rER5IINF2xI0=]
[COT 2025-03-18 03:27:48] 76561198352827856: Set Invisibility To 0 [guid=m_TD03B4NXDQrU5koHpLq3WyQf1hXTvQSdETJOTM8ss=]
[COT 2025-03-18 03:28:33] 76561198352827856: Spawned Entity Gunwall display kit (gunwall_kit_mung<7a2bba90>, 100, 100, 15, 0) at <7497.773926, 125.883728, 6353.488281>
[COT 2025-03-18 03:30:20] 76561198352827856: Spawned Entity Large Safe (ExpansionSafeLarge<3c929a50>, 100, 20000, 15, 0) on 76561198352827856
[COT 2025-03-18 05:11:17] 76561198352827856: Activated Community Online Tools [guid=m_TD03B4NXDQrU5koHpLq3WyQf1hXTvQSdETJOTM8ss=]
[COT 2025-03-18 05:11:58] 76561198352827856: Set GodMode To true [guid=m_TD03B4NXDQrU5koHpLq3WyQf1hXTvQSdETJOTM8ss=]
[COT 2025-03-18 05:12:01] 76561198352827856: Set Invisibility To 1 [guid=m_TD03B4NXDQrU5koHpLq3WyQf1hXTvQSdETJOTM8ss=]
[COT 2025-03-18 05:12:37] 76561198352827856: ESP: Viewing ESP
[COT 2025-03-18 05:12:53] 76561198352827856: Entered the Free Camera
[COT 2025-03-18 05:13:05] 76561198352827856: Left the Free Camera
[COT 2025-03-18 05:13:09] 76561198352827856: Set GodMode To false [guid=m_TD03B4NXDQrU5koHpLq3WyQf1hXTvQSdETJOTM8ss=]
[COT 2025-03-18 05:13:11] 76561198352827856: Set GodMode To true [guid=m_TD03B4NXDQrU5koHpLq3WyQf1hXTvQSdETJOTM8ss=]
[COT 2025-03-18 05:13:31] 76561198352827856: Teleported 76561198352827856 to position <6166.916016, 124.010002, 8084.747070>
[COT 2025-03-18 05:13:44] 76561198352827856: Entered the Free Camera
[COT 2025-03-18 05:14:52] 76561198352827856: Teleported 76561198352827856 to position <1290.176880, 281.566223, 1466.776733>
[COT 2025-03-18 05:15:02] 76561198352827856: Teleported 76561198352827856 to position <2742.520996, 270.238007, 428.765869>
[COT 2025-03-18 05:15:04] 76561198352827856: Left the Free Camera
[COT 2025-03-18 05:15:14] 76561198352827856: Entered the Free Camera
[COT 2025-03-18 05:15:33] 76561198352827856: Left the Free Camera
[COT 2025-03-18 05:16:21] 76561198352827856: Spawned Entity Gunrack (ExpansionGunrack<7a2a9980>, 1, 600, 15, 0) at <2947.603760, 246.326691, 472.278625>
[COT 2025-03-18 05:16:28] 76561198352827856: Deleted Entity ExpansionGunrack:16223 at <2947.603760, 246.326126, 472.278625>
[COT 2025-03-18 05:16:34] 76561198352827856: Spawned Entity Gunrack (ExpansionGunrack<7a2a9980>, 1, 600, 15, 0) at <2948.683350, 246.326691, 472.249084>
[COT 2025-03-18 05:17:22] 76561198352827856: Spawned Entity Improvised shelter 2 (makeshifttent2_mung<3ae2d0c0>, 1, 100, 15, 0) at <2948.612061, 246.326675, 470.655334>
[COT 2025-03-18 05:17:49] 76561198352827856: Spawned Entity Gunwall display kit (gunwall_kit_mung<37507650>, 1, 100, 15, 0) at <2949.609619, 246.326691, 470.227142>
[COT 2025-03-18 05:18:31] 76561198352827856: Spawned Entity Gunrack (ExpansionGunrack<2e8e5df0>, 1, 600, 15, 0) at <2949.399658, 246.326691, 469.300934>
[COT 2025-03-18 05:18:47] 76561198352827856: Deleted Entity ExpansionGunrack:15498 at <2949.399658, 246.326126, 469.300934>
[COT 2025-03-18 05:18:55] 76561198352827856: Spawned Entity Gunrack (ExpansionGunrack<b0198640>, 1, 600, 15, 0) at <2949.069824, 246.326675, 470.734528>
[COT 2025-03-18 05:19:37] 76561198352827856: Spawned Entity Gunwall display kit (gunwall_kit_mung<b0173890>, 1, 100, 15, 0) at <2949.180176, 246.326691, 470.148651>
[COT 2025-03-18 05:20:27] 76561198352827856: Deleted Entity makeshifttent2_mung_Deployed:16168 at <2950.627686, 248.359558, 468.625824>
[COT 2025-03-18 05:20:42] 76561198352827856: Spawned Entity Large Tent (LargeTent<33ed0c10>, 1, 2000, 15, 0) at <2948.527100, 246.326675, 470.351837>
[COT 2025-03-18 05:20:58] 76561198352827856: Deleted Entity LargeTent:7949 at <2947.704834, 246.307892, 470.549927>
[COT 2025-03-18 05:21:06] 76561198352827856: Spawned Entity Canopy Tent (PartyTent_Lunapark<2eb77550>, 1, 1400, 15, 0) at <2946.194580, 246.326660, 470.648926>
[COT 2025-03-18 05:21:48] 76561198352827856: Deleted Entity PartyTent_Lunapark:6142 at <2946.518311, 246.292542, 470.925385>
[COT 2025-03-18 05:22:03] 76561198352827856: Spawned Entity Camo net shelter (CamoNetShelter<2e79e060>, 1, 100, 15, 0) at <2947.419434, 246.326675, 470.046143>
[COT 2025-03-18 05:22:48] 76561198352827856: Entered the Free Camera
[COT 2025-03-18 05:23:09] 76561198352827856: Left the Free Camera
[COT 2025-03-18 05:23:48] 76561198352827856: Deleted Entity CamoNetShelter:10780 at <2870.098633, 153.057846, 1318.755981>
[COT 2025-03-18 05:24:24] 76561198352827856: Teleported 76561198352827856 to position <7542.854004, 130.685928, 6362.650879>
[COT 2025-03-18 05:24:44] 76561198352827856: Set Invisibility To 0 [guid=m_TD03B4NXDQrU5koHpLq3WyQf1hXTvQSdETJOTM8ss=]
[COT 2025-03-18 05:24:45] 76561198352827856: Set cannot be targeted by AI to true [guid=m_TD03B4NXDQrU5koHpLq3WyQf1hXTvQSdETJOTM8ss=]
[COT 2025-03-18 05:25:01] 76561198352827856: Teleported [guid=mvB_p65s26M1iDgS3KgKpm-UzbAyYM5rER5IINF2xI0=] to <7573.271973, 130.086166, 6404.566406>
[COT 2025-03-18 05:25:03] 76561198352827856: Teleported [guid=kOLgOs9yYBFVRQG3lqoHveYdP5X8y3SO69cq5MiR4us=] to <7572.690430, 130.013184, 6404.856445>
[COT 2025-03-18 05:25:06] 76561198352827856: Teleported [guid=qZqolO4hbF2D7i2SHl6eLqgMczahG7_bAPkC9G_OL68=] to <7572.108887, 129.940186, 6405.146484>
[COT 2025-03-18 05:25:25] 76561198352827856: Spawned Entity Camo net shelter (CamoNetShelter<31acecf0>, 100, 100, 15, 0) at <7571.376953, 129.871948, 6407.328613>
[COT 2025-03-18 05:26:37] 76561198352827856: Deleted Entity CamoNetShelter:10146 at <7573.093750, 130.491745, 6413.217773>
[COT 2025-03-18 05:26:59] 76561198352827856: Spawned Entity UAZ 469 Cargo (ExpansionUAZ<9e1984a0>, 150, 1000, 15, 0) at <7571.220703, 129.923584, 6412.614258>
[COT 2025-03-18 05:28:24] 76561198352827856: Deleted Entity ExpansionUAZCargo:16016 at <7569.712402, 129.719650, 6414.890137>
[COT 2025-03-18 05:28:32] 76561198352827856: Spawned Entity UAZ 469 Cargo (ExpansionUAZ<5cab9670>, 150, 1000, 15, 0) at <7572.061035, 130.038284, 6412.422363>
[COT 2025-03-18 05:28:53] 76561198352827856: Deleted Entity ExpansionUAZCargo:16439 at <7572.054688, 130.028091, 6412.369141>
[COT 2025-03-18 05:29:13] 76561198352827856: Teleported [guid=qZqolO4hbF2D7i2SHl6eLqgMczahG7_bAPkC9G_OL68=] to <6863.311035, 136.081177, 5768.707520> [previous]
[COT 2025-03-18 05:29:15] 76561198352827856: Teleported [guid=kOLgOs9yYBFVRQG3lqoHveYdP5X8y3SO69cq5MiR4us=] to <1069.357910, 256.629303, 1207.902832> [previous]
[COT 2025-03-18 05:29:19] 76561198352827856: Teleported [guid=mvB_p65s26M1iDgS3KgKpm-UzbAyYM5rER5IINF2xI0=] to <7485.654297, 132.092010, 6350.965332> [previous]
[COT 2025-03-18 05:29:30] 76561198352827856: Dried [guid=mvB_p65s26M1iDgS3KgKpm-UzbAyYM5rER5IINF2xI0=]
[COT 2025-03-18 05:29:31] 76561198352827856: Set HeatBuffer To 30 [guid=mvB_p65s26M1iDgS3KgKpm-UzbAyYM5rER5IINF2xI0=]
[COT 2025-03-18 05:29:37] 76561198352827856: Set HeatBuffer To 30 [guid=qZqolO4hbF2D7i2SHl6eLqgMczahG7_bAPkC9G_OL68=]
[COT 2025-03-18 05:29:38] 76561198352827856: Dried [guid=qZqolO4hbF2D7i2SHl6eLqgMczahG7_bAPkC9G_OL68=]
[COT 2025-03-18 05:30:05] 76561198352827856: Teleported 76561198352827856 to position <6042.129883, 133.699615, 8007.397461>
[COT 2025-03-18 05:30:10] 76561198352827856: Set Invisibility To 1 [guid=m_TD03B4NXDQrU5koHpLq3WyQf1hXTvQSdETJOTM8ss=]
[COT 2025-03-18 05:31:15] 76561198352827856: ESP: Clearing ESP
[COT 2025-03-18 05:31:57] 76561198352827856: ESP: ESP updating
[COT 2025-03-18 05:34:16] 76561198352827856: Set remove collision to false [guid=m_TD03B4NXDQrU5koHpLq3WyQf1hXTvQSdETJOTM8ss=]
[COT 2025-03-18 05:34:17] 76561198352827856: Set remove collision to true [guid=m_TD03B4NXDQrU5koHpLq3WyQf1hXTvQSdETJOTM8ss=]
[COT 2025-03-18 05:35:25] 76561198352827856: Set HeatBuffer To 30 [guid=m_TD03B4NXDQrU5koHpLq3WyQf1hXTvQSdETJOTM8ss=]
[COT 2025-03-18 05:37:50] 76561198352827856: ESP: Clearing ESP
[COT 2025-03-18 05:37:50] 76561198352827856: ESP: ESP updating
[COT 2025-03-18 05:47:24] 76561198352827856: Entered the Free Camera
[COT 2025-03-18 05:48:06] 76561198352827856: Set HeatBuffer To 30 [guid=m_TD03B4NXDQrU5koHpLq3WyQf1hXTvQSdETJOTM8ss=]
[COT 2025-03-18 06:00:07] 76561198352827856: Teleported 76561198352827856 to position <6707.694824, 106.519554, 6120.539551>
[COT 2025-03-18 06:00:12] 76561198352827856: Left the Free Camera
[COT 2025-03-18 06:00:16] 76561198352827856: Left the Free Camera
[COT 2025-03-18 06:00:37] 76561198352827856: Set Invisibility To 0 [guid=m_TD03B4NXDQrU5koHpLq3WyQf1hXTvQSdETJOTM8ss=]
