[COT 2025-03-19 16:27:28] 76561198352827856: Activated Community Online Tools [guid=m_TD03B4NXDQrU5koHpLq3WyQf1hXTvQSdETJOTM8ss=]
[COT 2025-03-19 16:27:40] 76561198352827856: Set HeatBuffer To 30 [guid=m_TD03B4NXDQrU5koHpLq3WyQf1hXTvQSdETJOTM8ss=]
[COT 2025-03-19 16:27:42] 76561198352827856: Set GodMode To true [guid=m_TD03B4NXDQrU5koHpLq3WyQf1hXTvQSdETJOTM8ss=]
[COT 2025-03-19 16:27:42] 76561198352827856: Set Invisibility To 1 [guid=m_TD03B4NXDQrU5koHpLq3WyQf1hXTvQSdETJOTM8ss=]
[COT 2025-03-19 16:28:01] 76561198352827856: ESP: ESP updating
[COT 2025-03-19 16:28:04] 76561198352827856: Entered the Free Camera
[COT 2025-03-19 16:28:24] 76561198352827856: Teleported 76561198352827856 to position <4348.586914, 178.644150, 6684.159668>
[COT 2025-03-19 16:28:29] 76561198352827856: Left the Free Camera
[COT 2025-03-19 16:28:33] 76561198352827856: Entered the Free Camera
[COT 2025-03-19 16:40:01] 76561198352827856: Left the Free Camera
[COT 2025-03-19 16:40:04] 76561198352827856: Entered the Free Camera
[COT 2025-03-19 16:49:15] 76561198352827856: Teleported 76561198352827856 to position <4120.082520, 176.706116, 5818.414063>
[COT 2025-03-19 16:49:18] 76561198352827856: Left the Free Camera
[COT 2025-03-19 16:49:21] 76561198352827856: Entered the Free Camera
[COT 2025-03-19 16:49:39] 76561198352827856: Left the Free Camera
[COT 2025-03-19 16:49:40] 76561198352827856: Entered the Free Camera
[COT 2025-03-19 16:50:24] 76561198352827856: Left the Free Camera
[COT 2025-03-19 16:50:27] 76561198352827856: Entered the Free Camera
[COT 2025-03-19 16:56:31] 76561198352827856: Left the Free Camera
[COT 2025-03-19 16:56:34] 76561198352827856: Entered the Free Camera
[COT 2025-03-19 16:57:31] 76561198352827856: Set GodMode To false [guid=m_TD03B4NXDQrU5koHpLq3WyQf1hXTvQSdETJOTM8ss=]
[COT 2025-03-19 16:57:33] 76561198352827856: Set GodMode To true [guid=m_TD03B4NXDQrU5koHpLq3WyQf1hXTvQSdETJOTM8ss=]
[COT 2025-03-19 16:57:59] 76561198352827856: Left the Free Camera
[COT 2025-03-19 16:58:14] 76561198352827856: Entered the Free Camera
[COT 2025-03-19 17:07:50] 76561198352827856: Teleported 76561198352827856 to position <3019.044434, 199.943283, 8215.536133>
[COT 2025-03-19 17:07:52] 76561198352827856: Left the Free Camera
[COT 2025-03-19 17:07:56] 76561198352827856: Entered the Free Camera
[COT 2025-03-19 17:07:58] 76561198352827856: Left the Free Camera
[COT 2025-03-19 17:08:04] 76561198352827856: Teleported 76561198352827856 to position <3901.183838, 166.279999, 5814.745117>
[COT 2025-03-19 17:08:09] 76561198352827856: Teleported 76561198352827856 to position <3914.573730, 166.279999, 5810.280762>
[COT 2025-03-19 17:08:12] 76561198352827856: Entered the Free Camera
[COT 2025-03-19 17:12:51] 76561198352827856: Teleported 76561198352827856 to position <3219.141113, 233.443878, 8088.175781>
[COT 2025-03-19 17:12:54] 76561198352827856: Left the Free Camera
[COT 2025-03-19 17:13:53] 76561198352827856: Entered the Free Camera
[COT 2025-03-19 17:14:07] 76561198352827856: Teleported 76561198352827856 to position <3822.174805, 166.179993, 5785.876465>
[COT 2025-03-19 17:14:11] 76561198352827856: Left the Free Camera
[COT 2025-03-19 17:14:14] 76561198352827856: Entered the Free Camera
[COT 2025-03-19 17:19:03] 76561198352827856: Left the Free Camera
[COT 2025-03-19 17:19:17] 76561198352827856: Teleported to <7495.818359, 124.345955, 6353.285645> [guid=kOLgOs9yYBFVRQG3lqoHveYdP5X8y3SO69cq5MiR4us=]
[COT 2025-03-19 17:19:44] 76561198352827856: Set remove collision to false [guid=m_TD03B4NXDQrU5koHpLq3WyQf1hXTvQSdETJOTM8ss=]
[COT 2025-03-19 17:22:07] 76561198352827856: Set remove collision to true [guid=m_TD03B4NXDQrU5koHpLq3WyQf1hXTvQSdETJOTM8ss=]
[COT 2025-03-19 17:22:43] 76561198352827856: Set Health To 0 [guid=kOLgOs9yYBFVRQG3lqoHveYdP5X8y3SO69cq5MiR4us=]
[COT 2025-03-19 17:23:17] 76561198352827856: Set Energy To 5000 [guid=kOLgOs9yYBFVRQG3lqoHveYdP5X8y3SO69cq5MiR4us=]
[COT 2025-03-19 17:23:17] 76561198352827856: Set Water To 5000 [guid=kOLgOs9yYBFVRQG3lqoHveYdP5X8y3SO69cq5MiR4us=]
[COT 2025-03-19 17:23:17] 76561198352827856: Set HeatBuffer To 30 [guid=kOLgOs9yYBFVRQG3lqoHveYdP5X8y3SO69cq5MiR4us=]
[COT 2025-03-19 17:23:20] 76561198352827856: Teleported [guid=kOLgOs9yYBFVRQG3lqoHveYdP5X8y3SO69cq5MiR4us=] to <7483.175293, 120.755119, 6346.594727>
[COT 2025-03-19 17:25:30] 76561198352827856: Deleted Entity PNC_W_HoneyBadger_black:11067 at <7496.986816, 124.337997, 6352.413574>
[COT 2025-03-19 17:25:32] 76561198352827856: Deleted Entity SkiGoggles_WhiteDark:6620 at <7496.986816, 124.322678, 6352.413574>
[COT 2025-03-19 17:25:33] 76561198352827856: Deleted Entity Lost_hunters_NBCjacket:6193 at <7496.986816, 124.429504, 6352.413574>
[COT 2025-03-19 17:25:34] 76561198352827856: Deleted Entity DF_PlateCarrierVest:17615 at <7496.986816, 124.308121, 6352.413574>
[COT 2025-03-19 17:25:35] 76561198352827856: Deleted Entity DF_HipPack:17653 at <7496.986816, 124.310974, 6352.413574>
[COT 2025-03-19 17:25:36] 76561198352827856: Deleted Entity Lost_hunters_NBCpants:17602 at <7496.986816, 124.308121, 6352.413574>
[COT 2025-03-19 17:25:38] 76561198352827856: Deleted Entity DF_TacticalGloves:8282 at <7496.986816, 124.387405, 6352.413574>
[COT 2025-03-19 17:25:39] 76561198352827856: Deleted Entity BalaclavaMask_Black:12148 at <7496.986816, 124.390785, 6352.413574>
[COT 2025-03-19 17:25:40] 76561198352827856: Deleted Entity PNC_W_Aurora:8732 at <7496.986816, 124.324432, 6352.413574>
[COT 2025-03-19 17:25:45] 76561198352827856: Deleted Entity Lost_hunters_bag:17572 at <7495.379395, 124.401604, 6352.712891>
[COT 2025-03-19 17:25:46] 76561198352827856: Deleted Entity DF_Mich2001Helmet:4947 at <7495.660156, 124.310547, 6352.238281>
[COT 2025-03-19 17:26:38] 76561198352827856: Teleported 76561198352827856 to position <6665.686035, 104.145088, 6056.401855>
[COT 2025-03-19 17:27:17] 76561198352827856: Set Invisibility To 0 [guid=m_TD03B4NXDQrU5koHpLq3WyQf1hXTvQSdETJOTM8ss=]
[COT 2025-03-19 17:27:19] 76561198352827856: Set remove collision to true [guid=m_TD03B4NXDQrU5koHpLq3WyQf1hXTvQSdETJOTM8ss=]
[COT 2025-03-19 17:27:20] 76561198352827856: Set cannot be targeted by AI to true [guid=m_TD03B4NXDQrU5koHpLq3WyQf1hXTvQSdETJOTM8ss=]
[COT 2025-03-19 17:27:32] 76561198352827856: Teleported 76561198352827856 to position <7665.125977, 139.693283, 6511.652344>
[COT 2025-03-19 17:27:41] 76561198352827856: Teleported [guid=kOLgOs9yYBFVRQG3lqoHveYdP5X8y3SO69cq5MiR4us=] to <7667.177734, 139.878143, 6509.849121>
[COT 2025-03-19 17:27:43] 76561198352827856: Teleported [guid=qZqolO4hbF2D7i2SHl6eLqgMczahG7_bAPkC9G_OL68=] to <7666.561035, 139.824142, 6510.054199>
[COT 2025-03-19 17:27:47] 76561198352827856: Teleported [guid=kOLgOs9yYBFVRQG3lqoHveYdP5X8y3SO69cq5MiR4us=] to <7499.350586, 124.351959, 6347.549316> [previous]
[COT 2025-03-19 17:29:32] 76561198352827856: Teleported [guid=qZqolO4hbF2D7i2SHl6eLqgMczahG7_bAPkC9G_OL68=] to <7642.787598, 137.577774, 6511.210449>
[COT 2025-03-19 17:30:06] 76561198352827856: Deleted Entity DF_PlateCarrierVest:15063 at <7666.891602, 139.853943, 6510.707520>
[COT 2025-03-19 17:30:07] 76561198352827856: Deleted Entity Lost_hunters_NBCjacket:14277 at <7666.891602, 139.971542, 6510.707520>
[COT 2025-03-19 17:30:08] 76561198352827856: Deleted Entity DF_JungleBoots:16458 at <7666.891602, 139.855240, 6510.707520>
[COT 2025-03-19 17:30:09] 76561198352827856: Deleted Entity fannypack_camo_mung:16826 at <7666.891602, 139.940308, 6510.707520>
[COT 2025-03-19 17:30:10] 76561198352827856: Deleted Entity Jehlici_CamoNetPoncho:17570 at <7666.891602, 139.783173, 6510.707520>
[COT 2025-03-19 17:30:11] 76561198352827856: Deleted Entity Lost_hunters_NBCpants:16778 at <7666.891602, 139.854004, 6510.707520>
[COT 2025-03-19 17:30:12] 76561198352827856: Deleted Entity carrierrig_mung:15642 at <7666.891602, 139.936920, 6510.707520>
[COT 2025-03-19 17:30:13] 76561198352827856: Deleted Entity BalaclavaMask_Black:15910 at <7666.891602, 139.941086, 6510.707520>
[COT 2025-03-19 17:30:15] 76561198352827856: Deleted Entity DF_Mich2001Helmet:5074 at <7666.891602, 139.852676, 6510.707520>
[COT 2025-03-19 17:30:16] 76561198352827856: Deleted Entity WoodenStick:9328 at <7666.891602, 139.865250, 6510.707520>
[COT 2025-03-19 17:35:32] 76561198352827856: Updated permissions [guid=m_TD03B4NXDQrU5koHpLq3WyQf1hXTvQSdETJOTM8ss=]
[COT 2025-03-19 17:35:54] 76561198352827856: Spawned Entity Lobotomy Gun (Expansion_LobotomyDartGun<4529ff20>, 2, 100, 15, 0) at <7493.907715, 121.293045, 6302.445313>
[COT 2025-03-19 17:35:55] 76561198352827856: Spawned Entity Lobotomy Dart Magazine (Mag_Expansion_LobotomyDart<995dc420>, 2, 100, 15, 0) at <7493.907715, 121.293045, 6302.445313>
[COT 2025-03-19 17:35:57] 76561198352827856: Spawned Entity Lobotomy Dart (Ammo_22<995de6d0>, 1, 100, 15, 0) at <7493.907715, 121.293045, 6302.445313>
[COT 2025-03-19 17:37:17] 76561198352827856: Spawned Entity Cow (Animal_BosTaurusF<997f5c80>, 1, 500, 15, 0) at <7499.419922, 121.398552, 6306.887695>
[COT 2025-03-19 17:38:14] 76561198352827856: Spawned Entity Infected (ZmbM_FarmerFat_Base<3b1eaf90>, 1, 100, 15, 0) at <7511.441406, 123.101776, 6297.646484>
[COT 2025-03-19 17:38:34] 76561198352827856: Spawned Entity Infected (ZmbM_FarmerFat_Base<3b1f82e0>, 1, 100, 15, 0) at <7509.488281, 122.629951, 6299.741211>
[COT 2025-03-19 17:39:24] 76561198352827856: Deleted Entity ZmbM_FarmerFat_Brown:408 at <7511.253906, 122.894691, 6299.669434>
[COT 2025-03-19 17:39:29] 76561198352827856: Deleted Entity Animal_BosTaurusF_Spotted:376 at <7499.766113, 121.438950, 6306.887695>
[COT 2025-03-19 17:39:34] 76561198352827856: Deleted Entity ZmbM_FarmerFat_Brown:327 at <7514.178223, 123.244492, 6300.524414>
[COT 2025-03-19 17:39:50] 76561198352827856: Deleted Entity Mag_Expansion_LobotomyDart:10211 at <7501.826660, 121.735123, 6303.434570>
[COT 2025-03-19 17:40:02] 76561198352827856: Spawned Entity Lobotomy Dart Magazine (Mag_Expansion_LobotomyDart<731ca360>, 2, 100, 15, 0) at <7502.689941, 121.838623, 6302.942871>
[COT 2025-03-19 17:40:02] 76561198352827856: Spawned Entity Lobotomy Dart Magazine (Mag_Expansion_LobotomyDart<731c8c40>, 2, 100, 15, 0) at <7502.689941, 121.838623, 6302.942871>
[COT 2025-03-19 17:40:02] 76561198352827856: Spawned Entity Lobotomy Dart Magazine (Mag_Expansion_LobotomyDart<731cffe0>, 2, 100, 15, 0) at <7502.689941, 121.838623, 6302.942871>
[COT 2025-03-19 17:40:02] 76561198352827856: Spawned Entity Lobotomy Dart Magazine (Mag_Expansion_LobotomyDart<731dfe40>, 2, 100, 15, 0) at <7502.689941, 121.838623, 6302.942871>
[COT 2025-03-19 17:40:02] 76561198352827856: Spawned Entity Lobotomy Dart Magazine (Mag_Expansion_LobotomyDart<731e20f0>, 2, 100, 15, 0) at <7502.689941, 121.838623, 6302.942871>
[COT 2025-03-19 17:40:27] 76561198352827856: Spawned Entity Ancient_Bear (Animal_Ancient_Bear<997f5c80>, 2, 80000, 15, 0) at <7511.459473, 123.031303, 6298.252930>
[COT 2025-03-19 17:40:54] 76561198352827856: Spawned Entity Ancient_Bear (Animal_Ancient_Bear<a0a2d550>, 2, 80000, 15, 0) at <7513.240723, 123.720467, 6293.821289>
[COT 2025-03-19 17:41:26] 76561198352827856: Deleted Entity Animal_Ancient_Bear:353 at <7508.589355, 123.131218, 6293.638672>
[COT 2025-03-19 17:41:31] 76561198352827856: Deleted Entity Animal_Ancient_Bear:324 at <7515.797363, 123.387993, 6301.921875>
[COT 2025-03-19 17:41:40] 76561198352827856: Deleted Entity Expansion_LobotomyDartGun:9490 at <7509.092285, 122.589745, 6299.912109>
[COT 2025-03-19 17:41:43] 76561198352827856: Deleted Entity Mag_Expansion_LobotomyDart:17278 at <7509.055664, 122.588127, 6299.723145>
[COT 2025-03-19 17:41:45] 76561198352827856: Deleted Entity Mag_Expansion_LobotomyDart:4961 at <7509.609863, 122.782394, 6298.184082>
[COT 2025-03-19 17:41:54] 76561198352827856: Deleted Entity Mag_Expansion_LobotomyDart:11957 at <7509.798828, 122.871346, 6297.412598>
[COT 2025-03-19 17:41:55] 76561198352827856: Deleted Entity Mag_Expansion_LobotomyDart:7958 at <7509.798828, 122.871346, 6297.412598>
[COT 2025-03-19 17:42:06] 76561198352827856: Deleted Entity Mag_Expansion_LobotomyDart:17306 at <7510.270996, 123.003990, 6296.643555>
[COT 2025-03-19 17:42:41] 76561198352827856: Set Freeze To true [guid=kOLgOs9yYBFVRQG3lqoHveYdP5X8y3SO69cq5MiR4us=]
[COT 2025-03-19 17:42:53] 76561198352827856: Set Freeze To false [guid=kOLgOs9yYBFVRQG3lqoHveYdP5X8y3SO69cq5MiR4us=]
[COT 2025-03-19 17:43:04] 76561198352827856: Set Health To 100 [guid=kOLgOs9yYBFVRQG3lqoHveYdP5X8y3SO69cq5MiR4us=]
[COT 2025-03-19 17:43:22] 76561198352827856: Set Shock To 19.21 [guid=kOLgOs9yYBFVRQG3lqoHveYdP5X8y3SO69cq5MiR4us=]
[COT 2025-03-19 17:43:43] 76561198352827856: Set Shock To 66 [guid=kOLgOs9yYBFVRQG3lqoHveYdP5X8y3SO69cq5MiR4us=]
[COT 2025-03-19 17:43:49] 76561198352827856: Set Broken Legs To true [guid=kOLgOs9yYBFVRQG3lqoHveYdP5X8y3SO69cq5MiR4us=]
[COT 2025-03-19 17:44:04] 76561198352827856: Set Shock To 24.5 [guid=kOLgOs9yYBFVRQG3lqoHveYdP5X8y3SO69cq5MiR4us=]
[COT 2025-03-19 17:44:09] 76561198352827856: Set Broken Legs To false [guid=kOLgOs9yYBFVRQG3lqoHveYdP5X8y3SO69cq5MiR4us=]
[COT 2025-03-19 17:44:20] 76561198352827856: Set Shock To 51.88 [guid=kOLgOs9yYBFVRQG3lqoHveYdP5X8y3SO69cq5MiR4us=]
[COT 2025-03-19 17:45:16] 76561198352827856: Healed [guid=kOLgOs9yYBFVRQG3lqoHveYdP5X8y3SO69cq5MiR4us=]
[COT 2025-03-19 17:45:19] 76561198352827856: Set GodMode To false [guid=m_TD03B4NXDQrU5koHpLq3WyQf1hXTvQSdETJOTM8ss=]
[COT 2025-03-19 17:45:59] 76561198352827856: Healed [guid=m_TD03B4NXDQrU5koHpLq3WyQf1hXTvQSdETJOTM8ss=]
[COT 2025-03-19 17:47:48] 76561198352827856: Healed [guid=m_TD03B4NXDQrU5koHpLq3WyQf1hXTvQSdETJOTM8ss=]
[COT 2025-03-19 17:47:54] 76561198352827856: Healed [guid=kOLgOs9yYBFVRQG3lqoHveYdP5X8y3SO69cq5MiR4us=]
[COT 2025-03-19 17:48:29] 76561198352827856: Set GodMode To true [guid=m_TD03B4NXDQrU5koHpLq3WyQf1hXTvQSdETJOTM8ss=]
[COT 2025-03-19 17:48:59] 76561198352827856: Set Invisibility To 1 [guid=m_TD03B4NXDQrU5koHpLq3WyQf1hXTvQSdETJOTM8ss=]
[COT 2025-03-19 17:49:07] 76561198352827856: Teleported 76561198352827856 to position <3702.639648, 270.411835, 5538.213867>
[COT 2025-03-19 17:49:22] 76561198352827856: Entered the Free Camera
[COT 2025-03-19 17:52:44] 76561198352827856: Left the Free Camera
[COT 2025-03-19 17:54:21] 76561198352827856: Set Health To 100 [guid=m_TD03B4NXDQrU5koHpLq3WyQf1hXTvQSdETJOTM8ss=]
[COT 2025-03-19 17:54:21] 76561198352827856: Set Shock To 100 [guid=m_TD03B4NXDQrU5koHpLq3WyQf1hXTvQSdETJOTM8ss=]
[COT 2025-03-19 17:54:21] 76561198352827856: Set HeatBuffer To 30 [guid=m_TD03B4NXDQrU5koHpLq3WyQf1hXTvQSdETJOTM8ss=]
[COT 2025-03-19 17:56:39] 76561198352827856: Teleported 76561198352827856 to position <4337.310547, 175.209427, 6629.306152>
[COT 2025-03-19 17:58:06] 76561198352827856: Entered the Free Camera
[COT 2025-03-19 18:04:42] 76561198352827856: Teleported [guid=kOLgOs9yYBFVRQG3lqoHveYdP5X8y3SO69cq5MiR4us=] to <4327.029785, 186.126892, 6562.042480>
[COT 2025-03-19 18:05:14] 76561198352827856: Teleported [guid=kOLgOs9yYBFVRQG3lqoHveYdP5X8y3SO69cq5MiR4us=] to <4275.493164, 177.556259, 6564.389160>
[COT 2025-03-19 18:05:58] 76561198352827856: Set Invisibility To 1 [guid=kOLgOs9yYBFVRQG3lqoHveYdP5X8y3SO69cq5MiR4us=]
[COT 2025-03-19 18:05:59] 76561198352827856: Set Invisibility To 0 [guid=kOLgOs9yYBFVRQG3lqoHveYdP5X8y3SO69cq5MiR4us=]
[COT 2025-03-19 18:06:02] 76561198352827856: Set Invisibility To 0 [guid=m_TD03B4NXDQrU5koHpLq3WyQf1hXTvQSdETJOTM8ss=]
[COT 2025-03-19 18:06:07] 76561198352827856: Left the Free Camera
[COT 2025-03-19 18:07:58] 76561198352827856: Set Invisibility To 1 [guid=m_TD03B4NXDQrU5koHpLq3WyQf1hXTvQSdETJOTM8ss=]
[COT 2025-03-19 18:08:19] 76561198352827856: Teleported 76561198080386308 to position <6433.776855, 174.669998, 5774.175781>
[COT 2025-03-19 18:08:34] 76561198352827856: Teleported to <6396.234863, 174.681961, 5760.196777> [guid=kOLgOs9yYBFVRQG3lqoHveYdP5X8y3SO69cq5MiR4us=]
[COT 2025-03-19 18:08:40] 76561198352827856: Set Invisibility To 0 [guid=m_TD03B4NXDQrU5koHpLq3WyQf1hXTvQSdETJOTM8ss=]
[COT 2025-03-19 18:08:40] 76561198352827856: Set GodMode To false [guid=m_TD03B4NXDQrU5koHpLq3WyQf1hXTvQSdETJOTM8ss=]
[COT 2025-03-19 18:09:08] 76561198352827856: ESP: Clearing ESP
[COT 2025-03-19 18:11:23] 76561198352827856: Set GodMode To true [guid=m_TD03B4NXDQrU5koHpLq3WyQf1hXTvQSdETJOTM8ss=]
[COT 2025-03-19 18:11:24] 76561198352827856: Set Invisibility To 1 [guid=m_TD03B4NXDQrU5koHpLq3WyQf1hXTvQSdETJOTM8ss=]
[COT 2025-03-19 18:27:48] 76561198352827856: Teleported 76561198352827856 to position <2161.641602, 101.000000, 6584.796875>
[COT 2025-03-19 18:27:54] 76561198352827856: Entered the Free Camera
[COT 2025-03-19 18:28:09] 76561198352827856: ESP: ESP updating
[COT 2025-03-19 18:28:50] 76561198352827856: Teleported to <5945.940430, 150.254135, 5804.955566> [guid=kOLgOs9yYBFVRQG3lqoHveYdP5X8y3SO69cq5MiR4us=]
[COT 2025-03-19 18:28:53] 76561198352827856: Left the Free Camera
[COT 2025-03-19 18:29:08] 76561198352827856: ESP: Clearing ESP
[COT 2025-03-19 18:29:18] 76561198352827856: ESP: ESP updating
[COT 2025-03-19 18:29:19] 76561198352827856: ESP: Clearing ESP
[COT 2025-03-19 18:30:57] 76561198352827856: Activated Community Online Tools [guid=m_TD03B4NXDQrU5koHpLq3WyQf1hXTvQSdETJOTM8ss=]
