[COT 2025-03-15 20:08:47] 76561198352827856: Activated Community Online Tools [guid=m_TD03B4NXDQrU5koHpLq3WyQf1hXTvQSdETJOTM8ss=]
[COT 2025-03-15 20:12:19] 76561198352827856: Deactivated Community Online Tools [guid=m_TD03B4NXDQrU5koHpLq3WyQf1hXTvQSdETJOTM8ss=]
[COT 2025-03-15 20:12:25] 76561198352827856: Activated Community Online Tools [guid=m_TD03B4NXDQrU5koHpLq3WyQf1hXTvQSdETJOTM8ss=]
[COT 2025-03-15 20:12:26] 76561198352827856: Entered the Free Camera
[COT 2025-03-15 20:13:05] 76561198352827856: Left the Free Camera
[COT 2025-03-15 20:14:02] 76561198352827856: Spawned Entity Hardigg (hardigg_Mung<2f8751d0>, 100, -2.14748e+09, 15, 0) at <7499.374512, 121.592026, 6347.579590>
[COT 2025-03-15 20:14:16] 76561198352827856: Deleted Entity AK101:4908 at <7499.417969, 121.573204, 6348.004395>
[COT 2025-03-15 20:14:18] 76561198352827856: Deleted Entity AK101:5115 at <7499.417969, 121.592239, 6348.004395>
[COT 2025-03-15 20:16:33] 76561198352827856: Entered the Free Camera
[COT 2025-03-15 20:17:09] 76561198352827856: Left the Free Camera
[COT 2025-03-15 20:17:57] 76561198352827856: Set GodMode To true [guid=m_TD03B4NXDQrU5koHpLq3WyQf1hXTvQSdETJOTM8ss=]
[COT 2025-03-15 20:18:02] 76561198352827856: Set Health To 100 [guid=m_TD03B4NXDQrU5koHpLq3WyQf1hXTvQSdETJOTM8ss=]
[COT 2025-03-15 20:19:12] 76561198352827856: Set cannot be targeted by AI to true [guid=m_TD03B4NXDQrU5koHpLq3WyQf1hXTvQSdETJOTM8ss=]
[COT 2025-03-15 20:19:14] 76561198352827856: Set cannot be targeted by AI to true [guid=m_TD03B4NXDQrU5koHpLq3WyQf1hXTvQSdETJOTM8ss=]
[COT 2025-03-15 20:19:38] 76561198352827856: Entered the Free Camera
[COT 2025-03-15 20:20:22] 76561198352827856: Left the Free Camera
[COT 2025-03-15 20:20:31] 76561198352827856: Teleported [guid=GBfj3hSt2OSYAyU5ct3jrz7-L9j9UxpFHlBzXjWvrxE=] to <7477.971680, 120.751923, 6336.278809>
[COT 2025-03-15 20:20:34] 76561198352827856: Teleported [guid=mvB_p65s26M1iDgS3KgKpm-UzbAyYM5rER5IINF2xI0=] to <7477.971680, 120.751923, 6336.278809>
[COT 2025-03-15 20:20:36] 76561198352827856: Teleported [guid=kOLgOs9yYBFVRQG3lqoHveYdP5X8y3SO69cq5MiR4us=] to <7478.206055, 120.751915, 6336.547852>
[COT 2025-03-15 20:21:40] 76561198352827856: Spawned Entity Expedition Plate Carrier Vest (PlateCarrierVest<93d14b90>, 100, 300, 15, 0) at <7481.908691, 120.753143, 6348.807129>
[COT 2025-03-15 20:22:00] 76561198352827856: Spawned Entity Lost_Hunters NBCGloves (NBCGloves_ColorBase<93d20490>, 100, 500, 15, 0) at <7481.908691, 120.753143, 6348.807129>
[COT 2025-03-15 20:22:15] 76561198352827856: Spawned Entity Lost Hunters Bag (HuntingBag<66ae7020>, 100, 500, 15, 0) at <7481.908691, 120.753143, 6348.807129>
[COT 2025-03-15 20:22:26] 76561198352827856: Set Energy To 5000 [guid=mvB_p65s26M1iDgS3KgKpm-UzbAyYM5rER5IINF2xI0=]
[COT 2025-03-15 20:22:26] 76561198352827856: Set Water To 4956 [guid=mvB_p65s26M1iDgS3KgKpm-UzbAyYM5rER5IINF2xI0=]
[COT 2025-03-15 20:22:26] 76561198352827856: Set HeatBuffer To 30 [guid=mvB_p65s26M1iDgS3KgKpm-UzbAyYM5rER5IINF2xI0=]
[COT 2025-03-15 20:22:35] 76561198352827856: Set Health To 100 [guid=m_TD03B4NXDQrU5koHpLq3WyQf1hXTvQSdETJOTM8ss=]
[COT 2025-03-15 20:23:26] 76561198352827856: Spawned Entity Expedition Tactical Helmet (Mich2001Helmet<90e16a70>, 3000, 80, 15, 0) at <7481.908691, 120.753143, 6348.807129>
[COT 2025-03-15 20:24:22] 76561198352827856: Spawned Entity Large Safe (ExpansionSafeLarge<93c0f1c0>, 1, 20000, 15, 0) at <7481.908691, 120.753143, 6348.807129>
[COT 2025-03-15 20:24:39] 76561198352827856: Set Water To 5000 [guid=GBfj3hSt2OSYAyU5ct3jrz7-L9j9UxpFHlBzXjWvrxE=]
[COT 2025-03-15 20:24:39] 76561198352827856: Set HeatBuffer To 30 [guid=GBfj3hSt2OSYAyU5ct3jrz7-L9j9UxpFHlBzXjWvrxE=]
[COT 2025-03-15 20:25:13] 76561198352827856: Spawned Entity Expedition Tactical Helmet (Mich2001Helmet<93c35690>, 20, 80, 15, 0) at <7482.372070, 120.752899, 6349.061035>
[COT 2025-03-15 20:25:40] 76561198352827856: Spawned Entity Lost_Hunters NBCGloves (NBCGloves_ColorBase<714c47a0>, 20, 500, 15, 0) at <7482.802734, 120.751892, 6350.164063>
[COT 2025-03-15 20:27:17] 76561198352827856: Spawned Entity Red Fox (DeadFox<2f7c8cc0>, 3000, 50, 15, 0) at <7483.264160, 120.751915, 6351.193359>
[COT 2025-03-15 20:27:45] 76561198352827856: Spawned Entity Ancient Sword (Sword<8cc49dd0>, 100, 200, 15, 0) at <7483.264160, 120.751915, 6351.193359>
[COT 2025-03-15 20:28:16] 76561198352827856: Spawned Entity White Improvizované pončo s maskovací sítí (White_CamoNetPoncho<8cc51170>, 100, 100, 15, 0) at <7481.927246, 120.753891, 6346.573730>
[COT 2025-03-15 20:28:18] 76561198352827856: Spawned Entity Improvizované pončo s maskovací sítí (INK_CamoNetPoncho_Base<8cc5b350>, 100, 100, 15, 0) at <7481.927246, 120.753891, 6346.573730>
[COT 2025-03-15 20:28:39] 76561198352827856: Spawned Entity Large Safe (ExpansionSafeLarge<8cc68f00>, 100, 20000, 15, 0) at <7481.927246, 120.753891, 6346.573730>
[COT 2025-03-15 20:28:39] 76561198352827856: Spawned Entity Large Safe (ExpansionSafeLarge<8cc69a90>, 100, 20000, 15, 0) at <7481.927246, 120.753891, 6346.573730>
[COT 2025-03-15 20:30:42] 76561198352827856: Activated Community Online Tools [guid=m_TD03B4NXDQrU5koHpLq3WyQf1hXTvQSdETJOTM8ss=]
[COT 2025-03-15 20:30:45] 76561198352827856: Entered the Free Camera
[COT 2025-03-15 20:31:13] 76561198352827856: Left the Free Camera
[COT 2025-03-15 20:36:51] 76561198352827856: Deleted Entity DeadFox:14788 at <7483.264160, 120.762703, 6351.193359>
[COT 2025-03-15 20:37:06] 76561198352827856: Set Energy To 5000 [guid=kOLgOs9yYBFVRQG3lqoHveYdP5X8y3SO69cq5MiR4us=]
[COT 2025-03-15 20:37:06] 76561198352827856: Set Water To 5000 [guid=kOLgOs9yYBFVRQG3lqoHveYdP5X8y3SO69cq5MiR4us=]
[COT 2025-03-15 20:37:06] 76561198352827856: Set HeatBuffer To 30 [guid=kOLgOs9yYBFVRQG3lqoHveYdP5X8y3SO69cq5MiR4us=]
[COT 2025-03-15 20:37:32] 76561198352827856: Spawned Entity Lost Hunters Bag (HuntingBag<dda63ec0>, 20, 500, 15, 0) on 76561198080386308
[COT 2025-03-15 20:37:46] 76561198352827856: Spawned Entity Lost_hunters_NBCpants (NBCPantsBase<dda64a50>, 20, 500, 15, 0) on 76561198080386308
[COT 2025-03-15 20:37:49] 76561198352827856: Spawned Entity Lost_Hunters_NBCHood (NBCHoodBase<dda5e240>, 20, 500, 15, 0) on 76561198080386308
[COT 2025-03-15 20:37:57] 76561198352827856: Spawned Entity Lost Hunters NBC Boots (NBCBootsBase<31d44780>, 20, 500, 15, 0) on 76561198080386308
[COT 2025-03-15 20:38:12] 76561198352827856: Spawned Entity Lost_Hunters NBCGloves (NBCGloves_ColorBase<31d4f4f0>, 20, 500, 15, 0) on 76561198080386308
[COT 2025-03-15 20:38:19] 76561198352827856: Spawned Entity Lost_hunters_NBCpants (NBCPantsBase<31d57fb0>, 20, 500, 15, 0) on 76561198080386308
[COT 2025-03-15 20:38:22] 76561198352827856: Spawned Entity lost hunters NBCjacket (NBCJacketBase<31d71460>, 20, 500, 15, 0) on 76561198080386308
[COT 2025-03-15 20:38:42] 76561198352827856: Spawned Entity Lost Hunters Bag (HuntingBag<941962b0>, 20, 500, 15, 0) at <7484.161621, 120.751953, 6349.998535>
[COT 2025-03-15 20:38:44] 76561198352827856: Spawned Entity lost hunters NBCjacket (NBCJacketBase<941990f0>, 20, 500, 15, 0) at <7484.161621, 120.751953, 6349.998535>
[COT 2025-03-15 20:38:48] 76561198352827856: Spawned Entity Lost_hunters_NBCpants (NBCPantsBase<94198560>, 20, 500, 15, 0) at <7484.161621, 120.751953, 6349.998535>
[COT 2025-03-15 20:38:52] 76561198352827856: Spawned Entity Lost_Hunters_NBCHood (NBCHoodBase<94167eb0>, 20, 500, 15, 0) at <7484.161621, 120.751953, 6349.998535>
[COT 2025-03-15 20:38:56] 76561198352827856: Spawned Entity Lost_Hunters NBCGloves (NBCGloves_ColorBase<9416b880>, 20, 500, 15, 0) at <7484.161621, 120.751953, 6349.998535>
[COT 2025-03-15 20:39:05] 76561198352827856: Spawned Entity Lost Hunters NBC Boots (NBCBootsBase<941a2740>, 20, 500, 15, 0) at <7484.161621, 120.751953, 6349.998535>
[COT 2025-03-15 20:39:24] 76561198352827856: Deleted Entity Lost_hunters_NBCHood_winter:13903 at <7485.053711, 120.746368, 6350.660645>
[COT 2025-03-15 20:39:44] 76561198352827856: Deleted Entity Lost_hunters_NBCHood_winter:12198 at <7500.277344, 121.564888, 6348.999023>
[COT 2025-03-15 20:40:21] 76561198352827856: Spawned Entity Lost Hunters NBC Boots (NBCBootsBase<94186fe0>, 20, 500, 15, 0) on 76561198080386308
[COT 2025-03-15 20:41:09] 76561198352827856: Spawned Entity lost hunters NBCjacket (NBCJacketBase<35b70460>, 20, 500, 15, 0) at <7498.028320, 124.450569, 6347.770020>
[COT 2025-03-15 20:42:21] 76561198352827856: Spawned Entity Lost_Hunters NBCGloves (NBCGloves_ColorBase<341e8260>, 100, 500, 15, 0) on 76561198080386308
[COT 2025-03-15 20:42:21] 76561198352827856: Spawned Entity Lost_Hunters NBCGloves (NBCGloves_ColorBase<341e76d0>, 100, 500, 15, 0) on 76561198080386308
[COT 2025-03-15 20:42:25] 76561198352827856: Spawned Entity Lost_Hunters NBCGloves (NBCGloves_ColorBase<34208ab0>, 100, 500, 15, 0) on 76561198080386308
[COT 2025-03-15 20:42:25] 76561198352827856: Spawned Entity Lost_Hunters NBCGloves (NBCGloves_ColorBase<37835780>, 100, 500, 15, 0) on 76561198080386308 at <7498.652344, 124.351410, 6346.934570>
[COT 2025-03-15 20:42:25] 76561198352827856: Spawned Entity Lost_Hunters NBCGloves (NBCGloves_ColorBase<3783f960>, 100, 500, 15, 0) on 76561198080386308 at <7498.652344, 124.351410, 6346.934570>
[COT 2025-03-15 20:42:25] 76561198352827856: Spawned Entity Lost_Hunters NBCGloves (NBCGloves_ColorBase<378404f0>, 100, 500, 15, 0) on 76561198080386308 at <7498.652344, 124.351410, 6346.934570>
[COT 2025-03-15 20:42:26] 76561198352827856: Spawned Entity Lost_Hunters NBCGloves (NBCGloves_ColorBase<37843ec0>, 100, 500, 15, 0) on 76561198080386308 at <7498.652344, 124.351410, 6346.934570>
[COT 2025-03-15 20:42:26] 76561198352827856: Spawned Entity Lost_Hunters NBCGloves (NBCGloves_ColorBase<37841c10>, 100, 500, 15, 0) on 76561198080386308 at <7498.652344, 124.351410, 6346.934570>
[COT 2025-03-15 20:45:45] 76561198352827856: Entered the Free Camera
[COT 2025-03-15 20:46:38] 76561198352827856: Left the Free Camera
[COT 2025-03-15 20:47:30] 76561198352827856: Spawned Entity Lost Hunters Bag (HuntingBag<3d71b5d0>, 100, 500, 15, 0) at <7497.793457, 124.352280, 6347.888184>
[COT 2025-03-15 20:47:42] 76561198352827856: Spawned Entity White Improvizované pončo s maskovací sítí (White_CamoNetPoncho<3d74bc80>, 100, 100, 15, 0) at <7497.159180, 124.345879, 6352.246582>
[COT 2025-03-15 20:48:25] 76561198352827856: Spawned Entity Ski Goggles (SkiGoggles_WhiteDark<3ec92330>, 100, 80, 15, 0) at <7496.475098, 124.345963, 6351.913086>
[COT 2025-03-15 20:48:26] 76561198352827856: Spawned Entity Ski Goggles (SkiGoggles_WhiteDark<3ecaa0c0>, 100, 80, 15, 0) at <7496.475098, 124.345963, 6351.913086>
[COT 2025-03-15 20:48:26] 76561198352827856: Spawned Entity Ski Goggles (SkiGoggles_WhiteDark<3eca7e10>, 100, 80, 15, 0) at <7496.475098, 124.345963, 6351.913086>
[COT 2025-03-15 20:48:28] 76561198352827856: Spawned Entity Ski Goggles (SkiGoggles_WhiteDark<3eca66f0>, 100, 80, 15, 0) at <7496.475098, 124.345963, 6351.913086>
[COT 2025-03-15 20:48:28] 76561198352827856: Spawned Entity Ski Goggles (SkiGoggles_WhiteDark<3eca7280>, 100, 80, 15, 0) at <7496.475098, 124.345963, 6351.913086>
[COT 2025-03-15 20:48:47] 76561198352827856: Spawned Entity Expedition Plate Carrier Pouches (PlateCarrierPouches<2f007400>, 100, 200, 15, 0) at <7497.012207, 124.345947, 6352.142578>
[COT 2025-03-15 20:49:07] 76561198352827856: Spawned Entity Fucking Sick Jacket (RidersJacket_ColorBase<2f007f90>, 3000, 170, 15, 0) at <7497.012207, 124.345947, 6352.142578>
[COT 2025-03-15 20:49:17] 76561198352827856: Spawned Entity Expedition Gas Mask (GasMask<2f021fd0>, 225, 120, 15, 0) at <7497.012207, 124.345947, 6352.142578>
[COT 2025-03-15 20:49:17] 76561198352827856: Spawned Entity Expedition Gas Mask (GasMask<2f0259a0>, 225, 120, 15, 0) at <7497.012207, 124.345947, 6352.142578>
[COT 2025-03-15 20:49:17] 76561198352827856: Spawned Entity Expedition Gas Mask (GasMask<2f02cd40>, 225, 120, 15, 0) at <7497.012207, 124.345947, 6352.142578>
[COT 2025-03-15 20:49:17] 76561198352827856: Spawned Entity Expedition Gas Mask (GasMask<2f030710>, 225, 120, 15, 0) at <7497.012207, 124.345947, 6352.142578>
[COT 2025-03-15 20:49:29] 76561198352827856: Spawned Entity Ancient Sword (Sword<2f03cba0>, 20, 200, 15, 0) at <7497.012207, 124.345947, 6352.142578>
[COT 2025-03-15 20:49:35] 76561198352827856: Spawned Entity Expedition Firearm Repair Kit (WeaponCleaningKit<35f69a60>, 100, 100, 15, 0) at <7497.012207, 124.345947, 6352.142578>
[COT 2025-03-15 20:49:35] 76561198352827856: Spawned Entity Expedition Firearm Repair Kit (WeaponCleaningKit<35f71990>, 100, 100, 15, 0) at <7497.012207, 124.345947, 6352.142578>
[COT 2025-03-15 20:50:23] 76561198352827856: Deleted Entity TerritoryFlag:10723 at <7497.801758, 121.551865, 6350.449219>
[COT 2025-03-15 20:50:27] 76561198352827856: Deleted Entity DF_RidersJacket:11429 at <7496.956055, 124.320030, 6351.595703>
[COT 2025-03-15 20:51:21] 76561198352827856: Spawned Entity Mini Safe (ExpansionSafeMini<2cf5e620>, 100, 10000, 15, 0) at <7498.869141, 121.592026, 6345.764648>
[COT 2025-03-15 20:51:21] 76561198352827856: Spawned Entity Mini Safe (ExpansionSafeMini<2cf6d8f0>, 100, 10000, 15, 0) at <7498.869141, 121.592026, 6345.764648>
[COT 2025-03-15 20:52:15] 76561198352827856: Spawned Entity Skullspider Queen Egg (Deadfall_Creatures_Spiderskull_egg_queen<3d58c260>, 1, 30, 15, 0) at <7500.441895, 121.592026, 6349.215332>
[COT 2025-03-15 20:52:15] 76561198352827856: Spawned Entity Skullspider Queen Egg (Deadfall_Creatures_Spiderskull_egg_queen<3d58d980>, 1, 30, 15, 0) at <7500.441895, 121.592026, 6349.215332>
[COT 2025-03-15 20:52:15] 76561198352827856: Spawned Entity Skullspider Queen Egg (Deadfall_Creatures_Spiderskull_egg_queen<3d5986f0>, 1, 30, 15, 0) at <7500.441895, 121.592026, 6349.215332>
[COT 2025-03-15 20:52:16] 76561198352827856: Spawned Entity Skullspider Queen Egg (Deadfall_Creatures_Spiderskull_egg_queen<3d5ad640>, 1, 30, 15, 0) at <7500.441895, 121.592026, 6349.215332>
