[COT 2025-03-23 18:15:22] 76561198352827856: Activated Community Online Tools [guid=m_TD03B4NXDQrU5koHpLq3WyQf1hXTvQSdETJOTM8ss=]
[COT 2025-03-23 18:15:29] 76561198352827856: Set GodMode To true [guid=m_TD03B4NXDQrU5koHpLq3WyQf1hXTvQSdETJOTM8ss=]
[COT 2025-03-23 18:15:29] 76561198352827856: Set Invisibility To 1 [guid=m_TD03B4NXDQrU5koHpLq3WyQf1hXTvQSdETJOTM8ss=]
[COT 2025-03-23 18:15:35] 76561198352827856: Teleported 76561198352827856 to position <5832.104004, 189.550797, 5893.339844>
[COT 2025-03-23 18:15:44] 76561198352827856: ESP: Viewing ESP
[COT 2025-03-23 18:16:02] 76561198352827856: Entered the Free Camera
[COT 2025-03-23 18:16:18] 76561198352827856: Left the Free Camera
[COT 2025-03-23 18:19:19] 76561198352827856: Set Energy To 5000 [guid=fVpKi1QM3XWUFD-MRt7Z2tIj9G_sYf21_LAnW2Kmnqg=]
[COT 2025-03-23 18:19:19] 76561198352827856: Set Water To 5000 [guid=fVpKi1QM3XWUFD-MRt7Z2tIj9G_sYf21_LAnW2Kmnqg=]
[COT 2025-03-23 18:19:19] 76561198352827856: Set HeatBuffer To 30 [guid=fVpKi1QM3XWUFD-MRt7Z2tIj9G_sYf21_LAnW2Kmnqg=]
[COT 2025-03-23 18:19:32] 76561198352827856: ESP: Clearing ESP
[COT 2025-03-23 18:19:32] 76561198352827856: ESP: ESP updating
[COT 2025-03-23 18:20:28] 76561198352827856: Created Deletion Backup '2025-03-23_18-20-28'
[COT 2025-03-23 18:20:28] 76561198352827856: ESP index=0 target=TerritoryFlag:6165 position=<5879.747070, 182.931732, 5884.502930> action=delete
[COT 2025-03-23 18:20:28] 76561198352827856: ESP index=1 target=ExpansionWall6x3:10364 position=<5845.049316, 199.486832, 5860.048340> action=delete
[COT 2025-03-23 18:20:28] 76561198352827856: ESP index=2 target=ExpansionWall6x3:10179 position=<5885.119629, 180.742767, 5880.768555> action=delete
[COT 2025-03-23 18:20:28] 76561198352827856: ESP index=3 target=ExpansionWall6x3:9961 position=<5883.075684, 184.046616, 5885.438477> action=delete
[COT 2025-03-23 18:20:28] 76561198352827856: ESP index=4 target=ExpansionWall6x3:9742 position=<5845.049316, 196.484070, 5860.048340> action=delete
[COT 2025-03-23 18:20:28] 76561198352827856: ESP action=delete_all count=5 attempted=5
[COT 2025-03-23 18:21:02] 76561198352827856: Entered the Free Camera
[COT 2025-03-23 18:21:29] 76561198352827856: Left the Free Camera
