[COT 2025-04-04 12:21:55] 76561198003652661: Activated Community Online Tools [guid=VCCXa5z0PvNuApK0J5mfYMZSHb_q9DB8VTnM5OLUKRw=]
[COT 2025-04-04 12:22:21] 76561198003652661: Spawned Entity Ammo case (Hel_MagazineLoading_Case<31f6a2d0>, 100, 750, 15, 0) at <3412.210449, 121.776993, 3438.009033>
[COT 2025-04-04 12:22:25] 76561198003652661: Spawned Entity Ammo case (Hel_MagazineLoading_BlueCase<31f63ac0>, 100, 750, 15, 0) at <3412.240234, 121.895531, 3438.133545>
[COT 2025-04-04 12:22:27] 76561198003652661: Spawned Entity Ammo case (Hel_MagazineLoading_MagentaCase<31f6ae60>, 100, 750, 15, 0) at <3412.267090, 122.014069, 3438.250488>
[COT 2025-04-04 12:22:28] 76561198003652661: Spawned Entity Ammo case (Hel_MagazineLoading_RedCase<f35b70e0>, 100, 750, 15, 0) at <3412.297363, 122.132607, 3438.371582>
[COT 2025-04-04 12:22:30] 76561198003652661: Spawned Entity Ammo case (Hel_MagazineLoading_Case_SLOT2<f35c3570>, 100, 750, 15, 0) at <3412.323242, 122.251152, 3438.494385>
[COT 2025-04-04 12:22:32] 76561198003652661: Spawned Entity Ammo case (Hel_MagazineLoading_BlueCase_SLOT2<f35cc030>, 100, 750, 15, 0) at <3412.349609, 122.369698, 3438.610596>
[COT 2025-04-04 12:22:34] 76561198003652661: Spawned Entity Ammo case (Hel_MagazineLoading_RedCase_SLOT2<f35ccbc0>, 100, 750, 15, 0) at <3412.380859, 122.488243, 3438.732178>
[COT 2025-04-04 12:22:35] 76561198003652661: Spawned Entity Ammo case (Hel_MagazineLoading_Case_SLOT3<f35cd750>, 100, 750, 15, 0) at <3412.406006, 122.606789, 3438.851074>
[COT 2025-04-04 12:22:47] 76561198003652661: Spawned Entity Ammo case (Hel_MagazineLoading_BlueCase_SLOT3<f35c6f40>, 100, 750, 15, 0) at <3412.435303, 122.725327, 3438.972900>
[COT 2025-04-04 12:22:50] 76561198003652661: Spawned Entity Ammo case (Hel_MagazineLoading_MagentaCase_SLOT3<f35d1120>, 100, 750, 15, 0) at <3412.462402, 122.843872, 3439.092773>
[COT 2025-04-04 12:22:51] 76561198003652661: Spawned Entity Ammo case (Hel_MagazineLoading_RedCase_SLOT3<f35cfa00>, 100, 750, 15, 0) at <3412.491211, 122.956619, 3439.208252>
[COT 2025-04-04 12:22:55] 76561198003652661: Spawned Entity Ammo case (Hel_MagazineLoading_YellowCase_SLOT3<f35ce2e0>, 6, 750, 15, 0) at <3412.515381, 123.075165, 3439.326172>
[COT 2025-04-04 12:23:14] 76561198003652661: ESP: Viewing ESP
[COT 2025-04-04 12:27:33] 76561198003652661: Created Deletion Backup '2025-04-04_12-27-33'
[COT 2025-04-04 12:27:33] 76561198003652661: ESP index=0 target=Hel_MagazineLoading_MagentaCase:16214 position=<3412.267090, 122.072266, 3438.250488> action=delete
[COT 2025-04-04 12:27:33] 76561198003652661: ESP index=1 target=Hel_MagazineLoading_Case:6141 position=<3412.210449, 121.835190, 3438.009033> action=delete
[COT 2025-04-04 12:27:33] 76561198003652661: ESP index=2 target=Hel_MagazineLoading_BlueCase:4804 position=<3412.240234, 121.953728, 3438.133545> action=delete
[COT 2025-04-04 12:27:33] 76561198003652661: ESP index=3 target=Hel_MagazineLoading_MagentaCase_SLOT3:4851 position=<3412.462402, 122.902069, 3439.092773> action=delete
[COT 2025-04-04 12:27:33] 76561198003652661: ESP index=4 target=Hel_MagazineLoading_RedCase_SLOT3:10014 position=<3412.491211, 123.014816, 3439.208252> action=delete
[COT 2025-04-04 12:27:33] 76561198003652661: ESP index=5 target=Hel_MagazineLoading_YellowCase_SLOT3:10838 position=<3412.515381, 123.133362, 3439.326172> action=delete
[COT 2025-04-04 12:27:33] 76561198003652661: ESP index=6 target=Hel_MagazineLoading_Case_SLOT3:11462 position=<3412.406006, 122.664986, 3438.851074> action=delete
[COT 2025-04-04 12:27:33] 76561198003652661: ESP index=7 target=Hel_MagazineLoading_RedCase_SLOT2:12230 position=<3412.380859, 122.546440, 3438.732178> action=delete
[COT 2025-04-04 12:27:33] 76561198003652661: ESP index=8 target=Hel_MagazineLoading_BlueCase_SLOT2:14206 position=<3412.349609, 122.427895, 3438.610596> action=delete
[COT 2025-04-04 12:27:33] 76561198003652661: ESP index=9 target=Hel_MagazineLoading_BlueCase_SLOT3:11816 position=<3412.435303, 122.783524, 3438.972900> action=delete
[COT 2025-04-04 12:27:33] 76561198003652661: ESP index=10 target=Hel_MagazineLoading_Case_SLOT2:5096 position=<3412.323242, 122.309349, 3438.494385> action=delete
[COT 2025-04-04 12:27:33] 76561198003652661: ESP index=11 target=Hel_MagazineLoading_RedCase:5764 position=<3412.297363, 122.190804, 3438.371582> action=delete
[COT 2025-04-04 12:27:33] 76561198003652661: ESP action=delete_all count=12 attempted=12
[COT 2025-04-04 12:39:36] 76561198352827856: Activated Community Online Tools [guid=m_TD03B4NXDQrU5koHpLq3WyQf1hXTvQSdETJOTM8ss=]
[COT 2025-04-04 12:39:45] 76561198352827856: Deleted Entity BarrelHoles_Blue:17991 at <6669.535156, 102.492729, 6110.967285>
[COT 2025-04-04 12:39:47] 76561198352827856: Deleted Entity ExpansionTemporaryOwnedContainer:16618 at <6669.133301, 102.489838, 6110.166504>
[COT 2025-04-04 12:39:53] 76561198352827856: Deleted Entity BarrelHoles_Blue:6439 at <6670.845215, 102.492729, 6110.471191>
