[COT 2025-04-06 20:30:36] 76561198371187382: Activated Community Online Tools [guid=P_LVluee20-ZP_xemam3V_6hnFSPQ6Uqa7dsMv8yuYY=]
[COT 2025-04-06 20:30:42] 76561198371187382: Set UnlimitedAmmo To true [guid=P_LVluee20-ZP_xemam3V_6hnFSPQ6Uqa7dsMv8yuYY=]
[COT 2025-04-06 20:35:09] 76561198371187382: Teleported 76561198371187382 to position <7531.455566, 161.734848, 5717.251465>
[COT 2025-04-06 20:39:16] 76561198371187382: Spawned Entity Large Tent (LargeTent<bf21b160>, 100, 2000, 15, 0) at <7157.463867, 167.100769, 5743.795410>
[COT 2025-04-06 20:47:54] 76561198352827856: Activated Community Online Tools [guid=m_TD03B4NXDQrU5koHpLq3WyQf1hXTvQSdETJOTM8ss=]
[COT 2025-04-06 20:48:04] 76561198352827856: Set Broken Legs To true [guid=kOLgOs9yYBFVRQG3lqoHveYdP5X8y3SO69cq5MiR4us=]
[COT 2025-04-06 20:48:05] 76561198352827856: Set Shock To 17.44 [guid=kOLgOs9yYBFVRQG3lqoHveYdP5X8y3SO69cq5MiR4us=]
[COT 2025-04-06 20:48:36] 76561198352827856: Set Shock To 100 [guid=kOLgOs9yYBFVRQG3lqoHveYdP5X8y3SO69cq5MiR4us=]
[COT 2025-04-06 20:48:56] 76561198352827856: Set Shock To 20.09 [guid=kOLgOs9yYBFVRQG3lqoHveYdP5X8y3SO69cq5MiR4us=]
[COT 2025-04-06 20:49:02] 76561198352827856: Set Shock To 100 [guid=kOLgOs9yYBFVRQG3lqoHveYdP5X8y3SO69cq5MiR4us=]
[COT 2025-04-06 20:49:10] 76561198352827856: Set Shock To 16.56 [guid=kOLgOs9yYBFVRQG3lqoHveYdP5X8y3SO69cq5MiR4us=]
[COT 2025-04-06 20:49:16] 76561198352827856: Set Shock To 96.03 [guid=kOLgOs9yYBFVRQG3lqoHveYdP5X8y3SO69cq5MiR4us=]
[COT 2025-04-06 20:49:21] 76561198352827856: Set Freeze To true [guid=kOLgOs9yYBFVRQG3lqoHveYdP5X8y3SO69cq5MiR4us=]
[COT 2025-04-06 20:49:38] 76561198352827856: Set Freeze To false [guid=kOLgOs9yYBFVRQG3lqoHveYdP5X8y3SO69cq5MiR4us=]
[COT 2025-04-06 20:49:38] 76561198352827856: Set Shock To 15.67 [guid=kOLgOs9yYBFVRQG3lqoHveYdP5X8y3SO69cq5MiR4us=]
[COT 2025-04-06 20:49:57] 76561198352827856: Set Shock To 21.85 [guid=kOLgOs9yYBFVRQG3lqoHveYdP5X8y3SO69cq5MiR4us=]
[COT 2025-04-06 20:50:05] 76561198352827856: Set Shock To 16.56 [guid=kOLgOs9yYBFVRQG3lqoHveYdP5X8y3SO69cq5MiR4us=]
[COT 2025-04-06 20:50:13] 76561198352827856: Set Shock To 15.67 [guid=kOLgOs9yYBFVRQG3lqoHveYdP5X8y3SO69cq5MiR4us=]
[COT 2025-04-06 20:50:17] 76561198352827856: Set Blood To 342 [guid=kOLgOs9yYBFVRQG3lqoHveYdP5X8y3SO69cq5MiR4us=]
[COT 2025-04-06 20:50:18] 76561198352827856: Set Shock To 100 [guid=kOLgOs9yYBFVRQG3lqoHveYdP5X8y3SO69cq5MiR4us=]
[COT 2025-04-06 20:51:01] 76561198352827856: Set Energy To 5000 [guid=kOLgOs9yYBFVRQG3lqoHveYdP5X8y3SO69cq5MiR4us=]
[COT 2025-04-06 20:51:01] 76561198352827856: Set Water To 5000 [guid=kOLgOs9yYBFVRQG3lqoHveYdP5X8y3SO69cq5MiR4us=]
[COT 2025-04-06 20:51:04] 76561198352827856: Teleported [guid=kOLgOs9yYBFVRQG3lqoHveYdP5X8y3SO69cq5MiR4us=] to <7491.635742, 120.777267, 6340.980469>
