[COT 2025-04-08 10:42:39] 76561198352827856: Activated Community Online Tools [guid=m_TD03B4NXDQrU5koHpLq3WyQf1hXTvQSdETJOTM8ss=]
[COT 2025-04-08 10:42:47] 76561198352827856: Date 2021/11/1 12:0
[COT 2025-04-08 10:45:09] 76561198352827856: Spawned Entity MMG Army Box Green (mmg_army_box_base<4262e1a0>, 100, 5000, 15, 0) at <7497.806152, 121.592018, 6349.458984>
[COT 2025-04-08 10:46:27] 76561198352827856: Spawned Entity MMG Solo Locker Green Kit (mmg_solo_locker_green_kit<3cb15720>, 100, 1000, 15, 0) at <7498.116211, 122.206169, 6350.048828>
[COT 2025-04-08 10:46:29] 76561198352827856: Spawned Entity MMG Solo Locker Green Kit (mmg_solo_locker_green_kit<3cb14000>, 100, 1000, 15, 0) at <7497.904297, 122.601196, 6349.867188>
[COT 2025-04-08 10:48:52] 76561198352827856: Spawned Entity Umbrella Corp PlateCarrierPouches (PlateCarrierPouches<a24438f0>, 100, 200, 15, 0) at <7497.972656, 121.592018, 6349.738770>
[COT 2025-04-08 10:48:53] 76561198352827856: Spawned Entity Umbrella Corp PlateCarrier (PlateCarrierVest<a2445010>, 100, 225, 15, 0) at <7497.949219, 121.673744, 6349.713867>
[COT 2025-04-08 10:48:55] 76561198352827856: Spawned Entity Insulated Umbrella Corp NBC Jacket (NBCJacketBase<a2445ba0>, 100, 100, 15, 0) at <7497.880859, 121.850914, 6349.676270>
[COT 2025-04-08 10:48:57] 76561198352827856: Spawned Entity Insulated Umbrella Corp NBC Pants (NBCPantsBase<a2446730>, 100, 100, 15, 0) at <7497.810059, 121.999260, 6349.650391>
[COT 2025-04-08 10:49:11] 76561198352827856: Spawned Entity Insulated Umbrella Corp NBC Gloves (NBCGloves_ColorBase<a2441640>, 100, 120, 15, 0) at <7498.545410, 121.592018, 6350.039551>
[COT 2025-04-08 10:49:18] 76561198352827856: Spawned Entity Insulated Umbrella Corp NBC Boots (NBCBootsBase<a24421d0>, 100, 80, 15, 0) at <7498.255859, 122.007118, 6349.887207>
[COT 2025-04-08 10:49:22] 76561198352827856: Spawned Entity Umbrella Corp Helmet (Mich2001Helmet<a24489e0>, 100, 80, 15, 0) at <7498.080078, 122.267586, 6349.786621>
[COT 2025-04-08 10:49:26] 76561198352827856: Spawned Entity Umbrella Corp Balaclava (BalaclavaMask_ColorBase<3c4d42e0>, 100, 100, 15, 0) at <7497.947266, 122.444252, 6349.726563>
[COT 2025-04-08 10:49:47] 76561198352827856: Spawned Entity Umbrella Corp Backpack (PH_Backpack_01_ColorBase<3ef87410>, 100, 130, 15, 0) at <7497.685059, 122.107307, 6349.362305>
[COT 2025-04-08 10:58:38] 76561198352827856: Set Shock To 18.32 [guid=UGg48lidZt1dHmok1FLocJ5YccSNKAJS5TzpZ6TNdG4=]
[COT 2025-04-08 10:58:48] 76561198352827856: Set Shock To 100 [guid=UGg48lidZt1dHmok1FLocJ5YccSNKAJS5TzpZ6TNdG4=]
[COT 2025-04-08 10:59:43] 76561198352827856: Set Shock To 100 [guid=m_TD03B4NXDQrU5koHpLq3WyQf1hXTvQSdETJOTM8ss=]
[COT 2025-04-08 11:01:46] 76561198352827856: Spawned Entity Jehlici Improvizované pončo s maskovací sítí (Jehlici_CamoNetPoncho<41b0e900>, 100, 100, 15, 0) at <7484.840332, 121.080795, 6345.679199>
[COT 2025-04-08 11:01:57] 76561198352827856: Spawned Entity Jehlici Improvizované pončo s maskovací sítí (Jehlici_CamoNetPoncho<41b12e60>, 100, 100, 15, 0) at <7485.106934, 120.744476, 6345.527344>
[COT 2025-04-08 11:02:30] 76561198352827856: Deleted Entity poncho_camo_mung:16335 at <7485.137207, 120.745132, 6344.691406>
[COT 2025-04-08 11:02:34] 76561198352827856: Deleted Entity Jehlici_CamoNetPoncho:7999 at <7485.106934, 120.679352, 6345.527344>
[COT 2025-04-08 11:04:50] 76561198352827856: Spawned Entity Ski Goggles (SkiGoggles_WhiteDark<40063c00>, 100, 80, 15, 0) at <7497.577637, 121.592018, 6349.137207>
[COT 2025-04-08 11:05:00] 76561198352827856: Spawned Entity victorian glasses galaxy (victorian_glasses_galaxy_mung<40063070>, 100, 50, 15, 0) at <7497.572754, 121.592018, 6349.141602>
[COT 2025-04-08 11:05:06] 76561198352827856: Spawned Entity Lennon glasses black (Lennon_glasses_black_mung<40064790>, 100, 50, 15, 0) at <7497.572266, 121.592018, 6349.144043>
[COT 2025-04-08 11:08:34] 76561198352827856: Spawned Entity Expedition Boots (JungleBoots_ColorBase<370bedf0>, 100, 180, 15, 0) at <7496.956055, 121.592018, 6349.155273>
[COT 2025-04-08 11:27:46] 76561198352827856: Deactivated Community Online Tools [guid=m_TD03B4NXDQrU5koHpLq3WyQf1hXTvQSdETJOTM8ss=]
