[COT 2025-03-16 12:00:12] 76561198003652661: Activated Community Online Tools [guid=VCCXa5z0PvNuApK0J5mfYMZSHb_q9DB8VTnM5OLUKRw=]
[COT 2025-03-16 12:03:51] 76561198003652661: Spawned Entity lost hunters NBCjacket (NBCJacketBase<c197a4c0>, 100, 500, 15, 0) at <5910.185059, 263.290009, 3946.859863>
[COT 2025-03-16 12:05:25] 76561198003652661: Set UnlimitedAmmo To true [guid=VCCXa5z0PvNuApK0J5mfYMZSHb_q9DB8VTnM5OLUKRw=]
[COT 2025-03-16 12:06:16] 76561198003652661: Spawned Entity Expedition Tactical Helmet (Mich2001Helmet<1c3e9c80>, 100, 80, 15, 0) at <5885.456543, 263.402985, 3966.886719>
[COT 2025-03-16 12:06:55] 76561198003652661: ESP: Viewing ESP
[COT 2025-03-16 12:07:16] 76561198003652661: ESP: Clearing ESP
[COT 2025-03-16 12:18:49] 76561198003652661: Spawned Entity CheyTacM300 (PNC_W_CheyTacM300<b6132a50>, 100, 300, 15, 0) at <5260.625488, 309.335480, 4166.901855>
[COT 2025-03-16 12:18:55] 76561198003652661: Spawned Entity #SUPP408_00 (PNC_Suppressor_408_CheyTac<bff0dab0>, 100, 4, 15, 0) at <5260.635742, 309.337921, 4166.904297>
[COT 2025-03-16 12:18:57] 76561198003652661: Spawned Entity 408 CheyTac (Ammunition_Base<bff14e50>, 10, 100, 15, 0) at <5260.667480, 309.396790, 4166.880371>
[COT 2025-03-16 12:18:58] 76561198003652661: Spawned Entity 408 CheyTac (Ammunition_Base<bfee5ec0>, 10, 100, 15, 0) at <5260.685059, 309.440704, 4166.868652>
[COT 2025-03-16 12:29:24] 76561198003652661: Teleported 76561198003652661 to position <3729.204102, 161.191833, 3795.210449>
[COT 2025-03-16 12:29:54] 76561198003652661: Spawned Entity 762 39 AP Box (Box_Base<b437ffc0>, 100, 100, 15, 0) at <3730.310791, 160.703842, 3798.066650>
[COT 2025-03-16 12:29:54] 76561198003652661: Spawned Entity 762 39 AP Box (Box_Base<b437a340>, 100, 100, 15, 0) at <3730.288086, 160.751389, 3798.003418>
[COT 2025-03-16 12:29:54] 76561198003652661: Spawned Entity 762 39 AP Box (Box_Base<b4383990>, 100, 100, 15, 0) at <3730.268311, 160.793106, 3797.948486>
[COT 2025-03-16 12:29:54] 76561198003652661: Spawned Entity 762 39 AP Box (Box_Base<b437dd10>, 100, 100, 15, 0) at <3730.251953, 160.827240, 3797.904053>
[COT 2025-03-16 12:29:55] 76561198003652661: Spawned Entity 762 39 AP Box (Box_Base<b438c450>, 100, 100, 15, 0) at <3730.234375, 160.861313, 3797.859863>
[COT 2025-03-16 12:30:00] 76561198003652661: Spawned Entity Boxed 7.62x39mm Rounds (AmmoBox_762x39_20Rnd<be4e1880>, 100, 100, 15, 0) at <3730.217773, 160.890152, 3797.824951>
[COT 2025-03-16 12:30:00] 76561198003652661: Spawned Entity Boxed 7.62x39mm Rounds (AmmoBox_762x39_20Rnd<be4dc790>, 100, 100, 15, 0) at <3730.199707, 160.928696, 3797.773682>
[COT 2025-03-16 12:30:00] 76561198003652661: Spawned Entity Boxed 7.62x39mm Rounds (AmmoBox_762x39_20Rnd<be4e8c20>, 100, 100, 15, 0) at <3730.177979, 160.973846, 3797.714355>
[COT 2025-03-16 12:30:00] 76561198003652661: Spawned Entity Boxed 7.62x39mm Rounds (AmmoBox_762x39_20Rnd<be4e97b0>, 100, 100, 15, 0) at <3730.164063, 161.001801, 3797.677734>
[COT 2025-03-16 12:30:00] 76561198003652661: Spawned Entity Boxed 7.62x39mm Rounds (AmmoBox_762x39_20Rnd<be4ea340>, 100, 100, 15, 0) at <3730.146484, 161.037170, 3797.631836>
[COT 2025-03-16 12:30:01] 76561198003652661: Spawned Entity Boxed 7.62x39mm Rounds (AmmoBox_762x39_20Rnd<be4e6970>, 100, 100, 15, 0) at <3730.122803, 161.083008, 3797.573242>
[COT 2025-03-16 12:30:01] 76561198003652661: Spawned Entity Boxed 7.62x39mm Rounds (AmmoBox_762x39_20Rnd<be4e46c0>, 100, 100, 15, 0) at <3730.097900, 161.130569, 3797.513916>
[COT 2025-03-16 12:30:01] 76561198003652661: Spawned Entity Boxed 7.62x39mm Rounds (AmmoBox_762x39_20Rnd<be4f5c40>, 100, 100, 15, 0) at <3730.074707, 161.176956, 3797.454590>
[COT 2025-03-16 12:30:01] 76561198003652661: Spawned Entity Boxed 7.62x39mm Rounds (AmmoBox_762x39_20Rnd<be4ef430>, 100, 100, 15, 0) at <3730.049805, 161.226730, 3797.390869>
[COT 2025-03-16 12:33:23] 76561198003652661: Spawned Entity Expedition Plate Carrier Pouches (PlateCarrierPouches<bb3b6330>, 100, 200, 15, 0) at <3488.793701, 137.405716, 3631.308838>
[COT 2025-03-16 12:35:13] 76561198003652661: Activated Community Online Tools [guid=VCCXa5z0PvNuApK0J5mfYMZSHb_q9DB8VTnM5OLUKRw=]
[COT 2025-03-16 12:35:21] 76561198003652661: Set UnlimitedAmmo To true [guid=VCCXa5z0PvNuApK0J5mfYMZSHb_q9DB8VTnM5OLUKRw=]
[COT 2025-03-16 12:36:46] 76561198003652661: Set HeatBuffer To 30 [guid=VCCXa5z0PvNuApK0J5mfYMZSHb_q9DB8VTnM5OLUKRw=]
[COT 2025-03-16 12:54:30] 76561198003652661: Set GodMode To true [guid=VCCXa5z0PvNuApK0J5mfYMZSHb_q9DB8VTnM5OLUKRw=]
[COT 2025-03-16 12:54:32] 76561198003652661: Set GodMode To false [guid=VCCXa5z0PvNuApK0J5mfYMZSHb_q9DB8VTnM5OLUKRw=]
[COT 2025-03-16 12:57:50] 76561198003652661: Teleported [guid=qZqolO4hbF2D7i2SHl6eLqgMczahG7_bAPkC9G_OL68=] to <1876.110596, 173.045975, 2175.257080>
[COT 2025-03-16 12:58:06] 76561198003652661: ESP: ESP updating
[COT 2025-03-16 12:58:33] 76561198003652661: ESP target=NBCJacketBase<d44bf680> action=heal
[COT 2025-03-16 12:58:58] 76561198003652661: ESP target=CanvasPantsMidi_Violet<cd2bd340> action=heal
[COT 2025-03-16 12:59:28] 76561198003652661: ESP target=CanvasPantsMidi_Violet<cd2bd340> action=heal
[COT 2025-03-16 12:59:31] 76561198003652661: ESP target=CanvasPantsMidi_Violet<cd2bd340> action=heal
[COT 2025-03-16 12:59:55] 76561198003652661: ESP target=carrierrig_mung<d449cb80> action=heal
[COT 2025-03-16 13:00:02] 76561198003652661: ESP: Clearing ESP
[COT 2025-03-16 13:03:49] 76561198003652661: Activated Community Online Tools [guid=VCCXa5z0PvNuApK0J5mfYMZSHb_q9DB8VTnM5OLUKRw=]
[COT 2025-03-16 13:04:02] 76561198003652661: ESP: ESP updating
[COT 2025-03-16 13:04:06] 76561198003652661: ESP target=Clothing<c1997340> action=heal
[COT 2025-03-16 13:04:13] 76561198003652661: ESP: Clearing ESP
[COT 2025-03-16 13:04:27] 76561198003652661: Set UnlimitedAmmo To true [guid=VCCXa5z0PvNuApK0J5mfYMZSHb_q9DB8VTnM5OLUKRw=]
[COT 2025-03-16 13:08:02] 76561198003652661: Spawned Entity Fireplace (Fireplace<edab0b10>, 100, 100, 15, 0) at <1201.118164, 218.086929, 2032.126099>
[COT 2025-03-16 13:22:24] 76561198003652661: Spawned Entity Fireplace (Fireplace<edabd680>, 100, 100, 15, 0) at <1085.583496, 256.459991, 1237.626709>
[COT 2025-03-16 13:34:02] 76561198003652661: Spawned Entity Fireplace (Fireplace<edac6bb0>, 100, 100, 15, 0) at <669.063416, 260.378357, 722.781067>
[COT 2025-03-16 13:36:54] 76561198003652661: Spawned Entity Bandage (BandageDressing<bcf6c800>, 4, 50, 15, 0) at <669.268188, 260.210907, 722.006958>
[COT 2025-03-16 13:36:55] 76561198003652661: Spawned Entity Bandage (BandageDressing<bcf62620>, 4, 50, 15, 0) at <669.252258, 260.282104, 721.947021>
[COT 2025-03-16 13:36:55] 76561198003652661: Spawned Entity Bandage (BandageDressing<bcf70d60>, 4, 50, 15, 0) at <669.237000, 260.367218, 721.887695>
[COT 2025-03-16 13:36:56] 76561198003652661: Spawned Entity Bandage (BandageDressing<bfb71790>, 4, 50, 15, 0) at <669.224365, 260.446320, 721.837158>
