[COT 2025-04-13 19:26:01] 76561198352827856: Activated Community Online Tools [guid=m_TD03B4NXDQrU5koHpLq3WyQf1hXTvQSdETJOTM8ss=]
[COT 2025-04-13 19:26:15] 76561198352827856: Teleported 76561198352827856 to position <2176.000488, 235.219254, 519.111328>
[COT 2025-04-13 19:27:00] 76561198352827856: Set GodMode To true [guid=m_TD03B4NXDQrU5koHpLq3WyQf1hXTvQSdETJOTM8ss=]
[COT 2025-04-13 19:27:52] 76561198352827856: Spawned Entity Ammo box (Hel_MagazineLoading_DeepMagentaCamo_SLOT3<72e4b0a0>, 100, 99999, 15, 0) at <2945.853271, 248.718185, 470.247375>
[COT 2025-04-13 19:28:10] 76561198352827856: ESP: ESP updating
[COT 2025-04-13 19:28:21] 76561198352827856: ESP: Clearing ESP
[COT 2025-04-13 19:28:22] 76561198352827856: ESP: ESP updating
[COT 2025-04-13 19:28:45] 76561198352827856: ESP target=Hel_MagazineLoading_DeepMagentaCamo_SLOT3<72e4b0a0> action=orientation value=<64.141602, 0.000000, -0.000000>
[COT 2025-04-13 19:28:45] 76561198352827856: ESP target=Hel_MagazineLoading_DeepMagentaCamo_SLOT3<72e4b0a0> action=orientation value=<64.041603, 0.000000, -0.000000>
[COT 2025-04-13 19:28:45] 76561198352827856: ESP target=Hel_MagazineLoading_DeepMagentaCamo_SLOT3<72e4b0a0> action=orientation value=<63.941601, 0.000000, -0.000000>
[COT 2025-04-13 19:28:45] 76561198352827856: ESP target=Hel_MagazineLoading_DeepMagentaCamo_SLOT3<72e4b0a0> action=orientation value=<63.841599, 0.000000, -0.000000>
[COT 2025-04-13 19:28:45] 76561198352827856: ESP target=Hel_MagazineLoading_DeepMagentaCamo_SLOT3<72e4b0a0> action=orientation value=<63.741600, 0.000000, -0.000000>
[COT 2025-04-13 19:28:45] 76561198352827856: ESP target=Hel_MagazineLoading_DeepMagentaCamo_SLOT3<72e4b0a0> action=orientation value=<63.641602, 0.000000, -0.000000>
[COT 2025-04-13 19:28:45] 76561198352827856: ESP target=Hel_MagazineLoading_DeepMagentaCamo_SLOT3<72e4b0a0> action=orientation value=<63.541599, 0.000000, -0.000000>
[COT 2025-04-13 19:28:45] 76561198352827856: ESP target=Hel_MagazineLoading_DeepMagentaCamo_SLOT3<72e4b0a0> action=orientation value=<63.441601, 0.000000, -0.000000>
[COT 2025-04-13 19:28:45] 76561198352827856: ESP target=Hel_MagazineLoading_DeepMagentaCamo_SLOT3<72e4b0a0> action=orientation value=<63.341599, 0.000000, -0.000000>
[COT 2025-04-13 19:28:45] 76561198352827856: ESP target=Hel_MagazineLoading_DeepMagentaCamo_SLOT3<72e4b0a0> action=orientation value=<63.241600, 0.000000, -0.000000>
[COT 2025-04-13 19:28:51] 76561198352827856: ESP target=Hel_MagazineLoading_DeepMagentaCamo_SLOT3<72e4b0a0> action=orientation value=<64.241600, 0.000000, -0.000000>
[COT 2025-04-13 19:28:51] 76561198352827856: ESP target=Hel_MagazineLoading_DeepMagentaCamo_SLOT3<72e4b0a0> action=orientation value=<65.241600, 0.000000, -0.000000>
[COT 2025-04-13 19:28:51] 76561198352827856: ESP target=Hel_MagazineLoading_DeepMagentaCamo_SLOT3<72e4b0a0> action=orientation value=<66.241600, 0.000000, -0.000000>
[COT 2025-04-13 19:28:51] 76561198352827856: ESP target=Hel_MagazineLoading_DeepMagentaCamo_SLOT3<72e4b0a0> action=orientation value=<67.241600, 0.000000, -0.000000>
[COT 2025-04-13 19:28:51] 76561198352827856: ESP target=Hel_MagazineLoading_DeepMagentaCamo_SLOT3<72e4b0a0> action=orientation value=<68.241600, 0.000000, -0.000000>
[COT 2025-04-13 19:28:51] 76561198352827856: ESP target=Hel_MagazineLoading_DeepMagentaCamo_SLOT3<72e4b0a0> action=orientation value=<69.241600, 0.000000, -0.000000>
[COT 2025-04-13 19:28:51] 76561198352827856: ESP target=Hel_MagazineLoading_DeepMagentaCamo_SLOT3<72e4b0a0> action=orientation value=<70.241600, 0.000000, -0.000000>
[COT 2025-04-13 19:28:51] 76561198352827856: ESP target=Hel_MagazineLoading_DeepMagentaCamo_SLOT3<72e4b0a0> action=orientation value=<72.241600, 0.000000, -0.000000>
[COT 2025-04-13 19:28:51] 76561198352827856: ESP target=Hel_MagazineLoading_DeepMagentaCamo_SLOT3<72e4b0a0> action=orientation value=<73.241600, 0.000000, -0.000000>
[COT 2025-04-13 19:28:51] 76561198352827856: ESP target=Hel_MagazineLoading_DeepMagentaCamo_SLOT3<72e4b0a0> action=orientation value=<74.241600, 0.000000, -0.000000>
[COT 2025-04-13 19:28:52] 76561198352827856: ESP target=Hel_MagazineLoading_DeepMagentaCamo_SLOT3<72e4b0a0> action=orientation value=<76.241600, 0.000000, -0.000000>
[COT 2025-04-13 19:28:52] 76561198352827856: ESP target=Hel_MagazineLoading_DeepMagentaCamo_SLOT3<72e4b0a0> action=orientation value=<77.241600, 0.000000, -0.000000>
[COT 2025-04-13 19:28:52] 76561198352827856: ESP target=Hel_MagazineLoading_DeepMagentaCamo_SLOT3<72e4b0a0> action=orientation value=<78.241600, 0.000000, -0.000000>
[COT 2025-04-13 19:28:52] 76561198352827856: ESP target=Hel_MagazineLoading_DeepMagentaCamo_SLOT3<72e4b0a0> action=orientation value=<79.241600, 0.000000, -0.000000>
[COT 2025-04-13 19:28:52] 76561198352827856: ESP target=Hel_MagazineLoading_DeepMagentaCamo_SLOT3<72e4b0a0> action=orientation value=<81.241600, 0.000000, -0.000000>
[COT 2025-04-13 19:28:52] 76561198352827856: ESP target=Hel_MagazineLoading_DeepMagentaCamo_SLOT3<72e4b0a0> action=orientation value=<83.241600, 0.000000, -0.000000>
[COT 2025-04-13 19:28:52] 76561198352827856: ESP target=Hel_MagazineLoading_DeepMagentaCamo_SLOT3<72e4b0a0> action=orientation value=<85.241600, 0.000000, -0.000000>
[COT 2025-04-13 19:28:52] 76561198352827856: ESP target=Hel_MagazineLoading_DeepMagentaCamo_SLOT3<72e4b0a0> action=orientation value=<86.241600, 0.000000, -0.000000>
[COT 2025-04-13 19:28:52] 76561198352827856: ESP target=Hel_MagazineLoading_DeepMagentaCamo_SLOT3<72e4b0a0> action=orientation value=<87.241600, 0.000000, -0.000000>
[COT 2025-04-13 19:28:52] 76561198352827856: ESP target=Hel_MagazineLoading_DeepMagentaCamo_SLOT3<72e4b0a0> action=orientation value=<89.241600, 0.000000, -0.000000>
[COT 2025-04-13 19:28:52] 76561198352827856: ESP target=Hel_MagazineLoading_DeepMagentaCamo_SLOT3<72e4b0a0> action=orientation value=<90.241600, 0.000000, -0.000000>
[COT 2025-04-13 19:28:52] 76561198352827856: ESP target=Hel_MagazineLoading_DeepMagentaCamo_SLOT3<72e4b0a0> action=orientation value=<91.241600, 0.000000, -0.000000>
[COT 2025-04-13 19:28:53] 76561198352827856: ESP target=Hel_MagazineLoading_DeepMagentaCamo_SLOT3<72e4b0a0> action=orientation value=<92.241600, 0.000000, -0.000000>
[COT 2025-04-13 19:28:53] 76561198352827856: ESP target=Hel_MagazineLoading_DeepMagentaCamo_SLOT3<72e4b0a0> action=orientation value=<94.241600, 0.000000, -0.000000>
[COT 2025-04-13 19:28:53] 76561198352827856: ESP target=Hel_MagazineLoading_DeepMagentaCamo_SLOT3<72e4b0a0> action=orientation value=<95.241600, 0.000000, -0.000000>
[COT 2025-04-13 19:28:53] 76561198352827856: ESP target=Hel_MagazineLoading_DeepMagentaCamo_SLOT3<72e4b0a0> action=orientation value=<97.241600, 0.000000, -0.000000>
[COT 2025-04-13 19:28:53] 76561198352827856: ESP target=Hel_MagazineLoading_DeepMagentaCamo_SLOT3<72e4b0a0> action=orientation value=<98.241600, 0.000000, -0.000000>
[COT 2025-04-13 19:28:53] 76561198352827856: ESP target=Hel_MagazineLoading_DeepMagentaCamo_SLOT3<72e4b0a0> action=orientation value=<99.241600, 0.000000, -0.000000>
[COT 2025-04-13 19:28:54] 76561198352827856: ESP target=Hel_MagazineLoading_DeepMagentaCamo_SLOT3<72e4b0a0> action=orientation value=<100.241997, 0.000000, -0.000000>
[COT 2025-04-13 19:28:54] 76561198352827856: ESP target=Hel_MagazineLoading_DeepMagentaCamo_SLOT3<72e4b0a0> action=orientation value=<101.241997, 0.000000, -0.000000>
[COT 2025-04-13 19:28:54] 76561198352827856: ESP target=Hel_MagazineLoading_DeepMagentaCamo_SLOT3<72e4b0a0> action=orientation value=<102.241997, 0.000000, -0.000000>
[COT 2025-04-13 19:28:54] 76561198352827856: ESP target=Hel_MagazineLoading_DeepMagentaCamo_SLOT3<72e4b0a0> action=orientation value=<103.241997, 0.000000, -0.000000>
[COT 2025-04-13 19:28:54] 76561198352827856: ESP target=Hel_MagazineLoading_DeepMagentaCamo_SLOT3<72e4b0a0> action=orientation value=<104.241997, 0.000000, -0.000000>
[COT 2025-04-13 19:28:54] 76561198352827856: ESP target=Hel_MagazineLoading_DeepMagentaCamo_SLOT3<72e4b0a0> action=orientation value=<105.241997, 0.000000, -0.000000>
[COT 2025-04-13 19:28:54] 76561198352827856: ESP target=Hel_MagazineLoading_DeepMagentaCamo_SLOT3<72e4b0a0> action=orientation value=<106.241997, 0.000000, -0.000000>
[COT 2025-04-13 19:28:54] 76561198352827856: ESP target=Hel_MagazineLoading_DeepMagentaCamo_SLOT3<72e4b0a0> action=orientation value=<107.241997, 0.000000, -0.000000>
[COT 2025-04-13 19:28:55] 76561198352827856: ESP target=Hel_MagazineLoading_DeepMagentaCamo_SLOT3<72e4b0a0> action=orientation value=<108.241997, 0.000000, -0.000000>
[COT 2025-04-13 19:28:58] 76561198352827856: ESP target=Hel_MagazineLoading_DeepMagentaCamo_SLOT3<72e4b0a0> action=position value=<2945.850098, 248.649002, 470.346985>
[COT 2025-04-13 19:28:59] 76561198352827856: ESP target=Hel_MagazineLoading_DeepMagentaCamo_SLOT3<72e4b0a0> action=position value=<2945.850098, 248.649002, 470.446991>
[COT 2025-04-13 19:29:00] 76561198352827856: ESP target=Hel_MagazineLoading_DeepMagentaCamo_SLOT3<72e4b0a0> action=position value=<2945.850098, 248.649002, 470.346985>
[COT 2025-04-13 19:29:01] 76561198352827856: ESP target=Hel_MagazineLoading_DeepMagentaCamo_SLOT3<72e4b0a0> action=position value=<2945.850098, 248.649002, 470.247009>
[COT 2025-04-13 19:29:03] 76561198352827856: ESP target=Hel_MagazineLoading_DeepMagentaCamo_SLOT3<72e4b0a0> action=position value=<2945.750000, 248.649002, 470.247009>
[COT 2025-04-13 19:29:04] 76561198352827856: ESP target=Hel_MagazineLoading_DeepMagentaCamo_SLOT3<72e4b0a0> action=position value=<2945.649902, 248.649002, 470.247009>
[COT 2025-04-13 19:29:06] 76561198352827856: ESP target=Hel_MagazineLoading_DeepMagentaCamo_SLOT3<72e4b0a0> action=position value=<2945.750000, 248.649002, 470.247009>
[COT 2025-04-13 19:29:12] 76561198352827856: ESP target=Hel_MagazineLoading_DeepMagentaCamo_SLOT3<72e4b0a0> action=orientation value=<108.336998, 0.000000, -0.000000>
[COT 2025-04-13 19:29:12] 76561198352827856: ESP target=Hel_MagazineLoading_DeepMagentaCamo_SLOT3<72e4b0a0> action=orientation value=<108.436996, 0.000000, -0.000000>
[COT 2025-04-13 19:29:12] 76561198352827856: ESP target=Hel_MagazineLoading_DeepMagentaCamo_SLOT3<72e4b0a0> action=orientation value=<108.537003, 0.000000, -0.000000>
[COT 2025-04-13 19:29:12] 76561198352827856: ESP target=Hel_MagazineLoading_DeepMagentaCamo_SLOT3<72e4b0a0> action=orientation value=<108.637001, 0.000000, -0.000000>
[COT 2025-04-13 19:29:12] 76561198352827856: ESP target=Hel_MagazineLoading_DeepMagentaCamo_SLOT3<72e4b0a0> action=orientation value=<108.737000, 0.000000, -0.000000>
[COT 2025-04-13 19:29:12] 76561198352827856: ESP target=Hel_MagazineLoading_DeepMagentaCamo_SLOT3<72e4b0a0> action=orientation value=<108.836998, 0.000000, -0.000000>
[COT 2025-04-13 19:29:12] 76561198352827856: ESP target=Hel_MagazineLoading_DeepMagentaCamo_SLOT3<72e4b0a0> action=orientation value=<108.936996, 0.000000, -0.000000>
[COT 2025-04-13 19:29:12] 76561198352827856: ESP target=Hel_MagazineLoading_DeepMagentaCamo_SLOT3<72e4b0a0> action=orientation value=<109.037003, 0.000000, -0.000000>
[COT 2025-04-13 19:29:12] 76561198352827856: ESP target=Hel_MagazineLoading_DeepMagentaCamo_SLOT3<72e4b0a0> action=orientation value=<109.137001, 0.000000, -0.000000>
[COT 2025-04-13 19:29:13] 76561198352827856: ESP target=Hel_MagazineLoading_DeepMagentaCamo_SLOT3<72e4b0a0> action=orientation value=<109.237000, 0.000000, -0.000000>
[COT 2025-04-13 19:29:13] 76561198352827856: ESP target=Hel_MagazineLoading_DeepMagentaCamo_SLOT3<72e4b0a0> action=orientation value=<109.336998, 0.000000, -0.000000>
[COT 2025-04-13 19:29:13] 76561198352827856: ESP target=Hel_MagazineLoading_DeepMagentaCamo_SLOT3<72e4b0a0> action=orientation value=<109.436996, 0.000000, -0.000000>
[COT 2025-04-13 19:29:13] 76561198352827856: ESP target=Hel_MagazineLoading_DeepMagentaCamo_SLOT3<72e4b0a0> action=orientation value=<109.537003, 0.000000, -0.000000>
[COT 2025-04-13 19:29:13] 76561198352827856: ESP target=Hel_MagazineLoading_DeepMagentaCamo_SLOT3<72e4b0a0> action=orientation value=<109.637001, 0.000000, -0.000000>
[COT 2025-04-13 19:29:17] 76561198352827856: ESP: Clearing ESP
[COT 2025-04-13 19:29:18] 76561198352827856: ESP: ESP updating
[COT 2025-04-13 19:29:19] 76561198352827856: ESP: Clearing ESP
[COT 2025-04-13 19:32:43] 76561198352827856: Teleported to <6679.660156, 102.501854, 6108.819824> [guid=kOLgOs9yYBFVRQG3lqoHveYdP5X8y3SO69cq5MiR4us=]
[COT 2025-04-13 19:47:41] 76561198352827856: Deactivated Community Online Tools [guid=m_TD03B4NXDQrU5koHpLq3WyQf1hXTvQSdETJOTM8ss=]
[COT 2025-04-13 19:57:09] 76561198352827856: Activated Community Online Tools [guid=m_TD03B4NXDQrU5koHpLq3WyQf1hXTvQSdETJOTM8ss=]
[COT 2025-04-13 19:57:10] 76561198352827856: Set GodMode To false [guid=kOLgOs9yYBFVRQG3lqoHveYdP5X8y3SO69cq5MiR4us=]
[COT 2025-04-13 19:57:25] 76561198352827856: Set GodMode To false [guid=m_TD03B4NXDQrU5koHpLq3WyQf1hXTvQSdETJOTM8ss=]
[COT 2025-04-13 19:57:28] 76561198352827856: Deactivated Community Online Tools [guid=m_TD03B4NXDQrU5koHpLq3WyQf1hXTvQSdETJOTM8ss=]
