[COT 2025-04-20 02:57:22] 76561198352827856: Activated Community Online Tools [guid=m_TD03B4NXDQrU5koHpLq3WyQf1hXTvQSdETJOTM8ss=]
[COT 2025-04-20 02:57:39] 76561198352827856: Spawned Entity Expedition Plate Carrier Vest (PlateCarrierVest<44994a90>, 100, 300, 15, 0) at <2947.747070, 248.718185, 468.544983>
[COT 2025-04-20 02:57:54] 76561198352827856: Spawned Entity Expedition Tactical Helmet (Mich2001Helmet<482ffb90>, 100, 80, 15, 0) at <2947.747070, 248.718185, 468.544983>
[COT 2025-04-20 02:58:01] 76561198352827856: Spawned Entity Old Key (ItemBase<4830cbb0>, 3000, 120, 15, 0) at <2947.747070, 248.718185, 468.544983>
[COT 2025-04-20 02:58:01] 76561198352827856: Spawned Entity Old Key (ItemBase<482d0070>, 3000, 120, 15, 0) at <2947.747070, 248.718185, 468.544983>
[COT 2025-04-20 02:58:17] 76561198352827856: Spawned Entity Project Essentials (SmallProtectorCase<482d0c00>, 225, 750, 15, 0) at <2947.747070, 248.718185, 468.544983>
[COT 2025-04-20 02:58:17] 76561198352827856: Spawned Entity Project Essentials (SmallProtectorCase<482d2320>, 225, 750, 15, 0) at <2947.747070, 248.718185, 468.544983>
[COT 2025-04-20 02:58:18] 76561198352827856: Spawned Entity Project Essentials (SmallProtectorCase<482d1790>, 225, 750, 15, 0) at <2947.747070, 248.718185, 468.544983>
[COT 2025-04-20 02:58:25] 76561198352827856: Spawned Entity Crude Map (Paper<b2a495c0>, 20, 15, 15, 0) at <2947.747070, 248.718185, 468.544983>
[COT 2025-04-20 02:58:47] 76561198352827856: Spawned Entity Skullspider Queen Egg (Deadfall_Creatures_Spiderskull_egg_queen<b2a4a150>, 1, 30, 15, 0) at <2947.747070, 248.718185, 468.544983>
[COT 2025-04-20 02:58:47] 76561198352827856: Spawned Entity Skullspider Queen Egg (Deadfall_Creatures_Spiderskull_egg_queen<b2a537a0>, 1, 30, 15, 0) at <2947.747070, 248.718185, 468.544983>
[COT 2025-04-20 02:58:47] 76561198352827856: Spawned Entity Skullspider Queen Egg (Deadfall_Creatures_Spiderskull_egg_queen<b2a54ec0>, 1, 30, 15, 0) at <2947.747070, 248.718185, 468.544983>
[COT 2025-04-20 02:58:48] 76561198352827856: Spawned Entity Skullspider Queen Egg (Deadfall_Creatures_Spiderskull_egg_queen<b2a55a50>, 1, 30, 15, 0) at <2947.747070, 248.718185, 468.544983>
[COT 2025-04-20 02:58:50] 76561198352827856: Spawned Entity Skullspider Queen Egg (Deadfall_Creatures_Spiderskull_egg_queen<b2a4f240>, 0, 30, 15, 0) at <2947.747070, 248.718185, 468.544983>
[COT 2025-04-20 02:58:50] 76561198352827856: Spawned Entity Skullspider Queen Egg (Deadfall_Creatures_Spiderskull_egg_queen<b2a4f240>, 0, 30, 15, 0) at <2947.747070, 248.718185, 468.544983>
[COT 2025-04-20 02:58:51] 76561198352827856: Spawned Entity Skullspider Queen Egg (Deadfall_Creatures_Spiderskull_egg_queen<b2a4f240>, 0, 30, 15, 0) at <2947.747070, 248.718185, 468.544983>
[COT 2025-04-20 02:58:51] 76561198352827856: Spawned Entity Skullspider Queen Egg (Deadfall_Creatures_Spiderskull_egg_queen<b2a4f240>, 0, 30, 15, 0) at <2947.747070, 248.718185, 468.544983>
[COT 2025-04-20 02:59:07] 76561198352827856: Spawned Entity Ski Mask (BalaclavaMask_Chain<b2a4f240>, 0, 100, 15, 0) at <2947.747070, 248.718185, 468.544983>
[COT 2025-04-20 03:02:39] 76561198352827856: Deleted Entity Hel_MagazineLoading_AdminCase_SLOT3:7146 at <2947.092285, 248.776199, 467.677399>
[COT 2025-04-20 03:02:40] 76561198352827856: Deleted Entity Hel_MagazineLoading_AdminCase_SLOT3:7148 at <2947.092285, 248.776199, 467.677399>
[COT 2025-04-20 03:07:49] 76561198352827856: Spawned Entity Campfire Tripod (Tripod<3c8746d0>, 0, 500, 15, 0) at <2948.249023, 248.718185, 468.551178>
[COT 2025-04-20 03:08:14] 76561198352827856: Spawned Entity Campfire Tripod (Tripod<53c2b780>, 0, 500, 15, 0) at <2948.773438, 248.718185, 468.721130>
[COT 2025-04-20 03:08:37] 76561198352827856: Spawned Entity Cooking Pot (Pot<5670e0a0>, 2000, 200, 86, 512) at <2948.247314, 248.718185, 468.311890>
[COT 2025-04-20 03:09:09] 76561198352827856: Spawned Entity Expedition Plate Carrier Vest (PlateCarrierVest<3e765890>, 2000, 300, 86, 0) at <2948.247314, 248.718185, 468.311890>
[COT 2025-04-20 03:09:34] 76561198352827856: Spawned Entity MAKR (makr<42b50cd0>, 2000, 150, 86, 0) at <2949.425293, 248.718185, 469.312012>
[COT 2025-04-20 03:10:00] 76561198352827856: Spawned Entity Firewood (Firewood<51bd4630>, 6, 500, 86, 0) at <2947.350098, 248.718185, 468.130646>
[COT 2025-04-20 03:10:00] 76561198352827856: Spawned Entity Firewood (Firewood<51bd8000>, 6, 500, 86, 0) at <2947.350098, 248.718185, 468.130646>
[COT 2025-04-20 03:10:01] 76561198352827856: Spawned Entity Firewood (Firewood<51bd7470>, 6, 500, 86, 0) at <2947.350098, 248.718185, 468.130646>
[COT 2025-04-20 03:10:01] 76561198352827856: Spawned Entity Firewood (Firewood<51bda2b0>, 6, 500, 86, 0) at <2947.350098, 248.718185, 468.130646>
[COT 2025-04-20 03:10:01] 76561198352827856: Spawned Entity Firewood (Firewood<51be4490>, 6, 500, 86, 0) at <2947.350098, 248.718185, 468.130646>
[COT 2025-04-20 03:10:01] 76561198352827856: Spawned Entity Firewood (Firewood<4d40cdd0>, 6, 500, 86, 0) at <2947.350098, 248.718185, 468.130646>
[COT 2025-04-20 03:10:01] 76561198352827856: Spawned Entity Firewood (Firewood<4d40d960>, 6, 500, 86, 0) at <2947.350098, 248.718185, 468.130646>
[COT 2025-04-20 03:10:02] 76561198352827856: Spawned Entity Firewood (Firewood<4d411330>, 6, 500, 86, 0) at <2947.350098, 248.718185, 468.130646>
[COT 2025-04-20 03:10:20] 76561198352827856: Entered the Free Camera
[COT 2025-04-20 03:10:23] 76561198352827856: Left the Free Camera
[COT 2025-04-20 03:10:38] 76561198352827856: Teleported 76561198352827856 to position <6704.954102, 102.595139, 6082.053223>
[COT 2025-04-20 03:10:47] 76561198352827856: Deactivated Community Online Tools [guid=m_TD03B4NXDQrU5koHpLq3WyQf1hXTvQSdETJOTM8ss=]
