[COT 2025-04-19 11:07:40] 76561198352827856: Activated Community Online Tools [guid=m_TD03B4NXDQrU5koHpLq3WyQf1hXTvQSdETJOTM8ss=]
[COT 2025-04-19 11:07:42] 76561198352827856: Entered the Free Camera
[COT 2025-04-19 11:07:53] 76561198352827856: Left the Free Camera
[COT 2025-04-19 13:32:14] 76561198352827856: Activated Community Online Tools [guid=m_TD03B4NXDQrU5koHpLq3WyQf1hXTvQSdETJOTM8ss=]
[COT 2025-04-19 13:32:31] 76561198352827856: Set GodMode To true [guid=m_TD03B4NXDQrU5koHpLq3WyQf1hXTvQSdETJOTM8ss=]
[COT 2025-04-19 13:32:32] 76561198352827856: Set Invisibility To 1 [guid=m_TD03B4NXDQrU5koHpLq3WyQf1hXTvQSdETJOTM8ss=]
[COT 2025-04-19 13:32:36] 76561198352827856: Teleported to <4968.815430, 182.457382, 6533.491699> [guid=Nuz5bef9MwP1o_Y1Gclv4xrSQgLdJ_rTHH4J64UN6Mw=]
[COT 2025-04-19 13:35:22] 76561198352827856: Set Invisibility To 0 [guid=m_TD03B4NXDQrU5koHpLq3WyQf1hXTvQSdETJOTM8ss=]
[COT 2025-04-19 13:40:11] 76561198352827856: Set Energy To 5000 [guid=Nuz5bef9MwP1o_Y1Gclv4xrSQgLdJ_rTHH4J64UN6Mw=]
[COT 2025-04-19 13:40:11] 76561198352827856: Set Water To 5000 [guid=Nuz5bef9MwP1o_Y1Gclv4xrSQgLdJ_rTHH4J64UN6Mw=]
[COT 2025-04-19 13:41:31] 76561198352827856: Set HeatBuffer To 30 [guid=Nuz5bef9MwP1o_Y1Gclv4xrSQgLdJ_rTHH4J64UN6Mw=]
[COT 2025-04-19 13:43:43] 76561198352827856: Deleted Entity TerritoryFlag:4877 at <4971.445313, 182.776260, 6534.525391>
[COT 2025-04-19 13:44:41] 76561198352827856: Teleported 76561199016435689 to position <7362.330078, 209.643921, 4205.639648>
[COT 2025-04-19 13:45:24] 76561198352827856: ESP: ESP updating
[COT 2025-04-19 13:45:39] 76561198352827856: ESP target=MediumTent:10897 position=<4968.231934, 182.101456, 6531.457520> action=delete
[COT 2025-04-19 13:45:59] 76561198352827856: Teleported 76561199016435689 to position <7168.051758, 193.021790, 4053.701660>
[COT 2025-04-19 13:46:31] 76561198352827856: ESP target=ExpansionCamoTent:4781 position=<4965.470703, 182.374939, 6533.081055> action=delete
[COT 2025-04-19 13:46:46] 76561198352827856: Deleted Entity mmg_army_box_green:10352 at <4971.454102, 183.063461, 6536.210449>
[COT 2025-04-19 13:47:11] 76561198352827856: Created Deletion Backup '2025-04-19_13-47-11'
[COT 2025-04-19 13:47:11] 76561198352827856: ESP index=0 target=ExpansionWall6x3:10744 position=<4976.269043, 183.770554, 6529.638672> action=delete
[COT 2025-04-19 13:47:11] 76561198352827856: ESP index=1 target=ExpansionWall6x3:16670 position=<4982.559570, 183.769608, 6541.490234> action=delete
[COT 2025-04-19 13:47:11] 76561198352827856: ESP index=2 target=ExpansionFloor6x6:13744 position=<4982.486816, 183.769608, 6538.491211> action=delete
[COT 2025-04-19 13:47:11] 76561198352827856: ESP index=3 target=DONFOOD_CANDYBAR_ILKA_NOISETTE:4781 position=<1822.328003, 224.537231, 1454.992432> action=delete
[COT 2025-04-19 13:47:11] 76561198352827856: ESP index=4 target=ExpansionFloor6x6:12066 position=<4982.341797, 183.769608, 6532.493164> action=delete
[COT 2025-04-19 13:47:11] 76561198352827856: ESP index=5 target=ExpansionWall6x3:11242 position=<4973.492676, 183.770554, 6538.710449> action=delete
[COT 2025-04-19 13:47:11] 76561198352827856: ESP index=6 target=ExpansionWall6x3:6907 position=<4976.562500, 183.770554, 6541.635254> action=delete
[COT 2025-04-19 13:47:11] 76561198352827856: ESP index=7 target=ExpansionFloor6x6:15897 position=<4976.343262, 183.770081, 6532.638184> action=delete
[COT 2025-04-19 13:47:11] 76561198352827856: ESP index=8 target=ExpansionWall6x3:15182 position=<4973.344238, 183.770081, 6532.712402> action=delete
[COT 2025-04-19 13:47:11] 76561198352827856: ESP index=9 target=ExpansionFloor6x6:15895 position=<4976.488281, 183.770081, 6538.636230> action=delete
[COT 2025-04-19 13:47:11] 76561198352827856: ESP index=10 target=DONDRINK_BOTTLE_PEPSIR:10897 position=<6643.206543, 103.710922, 6103.281738> action=delete
[COT 2025-04-19 13:47:11] 76561198352827856: ESP action=delete_all count=11 attempted=11
[COT 2025-04-19 13:48:04] 76561198352827856: Set Energy To 5000 [guid=Q5YYCirVtNrxz4WQIODDgTTJ2c72jSwr9IjthoaUGfs=]
[COT 2025-04-19 13:48:04] 76561198352827856: Set Water To 5000 [guid=Q5YYCirVtNrxz4WQIODDgTTJ2c72jSwr9IjthoaUGfs=]
[COT 2025-04-19 13:48:04] 76561198352827856: Set HeatBuffer To 30 [guid=Q5YYCirVtNrxz4WQIODDgTTJ2c72jSwr9IjthoaUGfs=]
[COT 2025-04-19 13:48:12] 76561198352827856: Teleported to <6411.845215, 175.852814, 5804.109863> [guid=Q5YYCirVtNrxz4WQIODDgTTJ2c72jSwr9IjthoaUGfs=]
[COT 2025-04-19 13:48:23] 76561198352827856: ESP: Clearing ESP
[COT 2025-04-19 13:49:00] 76561198352827856: Spawned Entity Ammo box (Hel_MagazineLoading_DeepYellowCamo_SLOT3<38f85440>, 100, 99999, 15, 0) at <6414.429199, 175.852844, 5803.410156>
[COT 2025-04-19 13:49:18] 76561198352827856: ESP: ESP updating
[COT 2025-04-19 13:49:28] 76561198352827856: ESP target=Hel_MagazineLoading_DeepYellowCamo_SLOT3<38f85440> action=orientation value=<15.918800, 0.000000, -0.000000>
[COT 2025-04-19 13:49:28] 76561198352827856: ESP target=Hel_MagazineLoading_DeepYellowCamo_SLOT3<38f85440> action=orientation value=<14.918800, 0.000000, -0.000000>
[COT 2025-04-19 13:49:28] 76561198352827856: ESP target=Hel_MagazineLoading_DeepYellowCamo_SLOT3<38f85440> action=orientation value=<13.918800, 0.000000, -0.000000>
[COT 2025-04-19 13:49:28] 76561198352827856: ESP target=Hel_MagazineLoading_DeepYellowCamo_SLOT3<38f85440> action=orientation value=<12.918800, 0.000000, -0.000000>
[COT 2025-04-19 13:49:28] 76561198352827856: ESP target=Hel_MagazineLoading_DeepYellowCamo_SLOT3<38f85440> action=orientation value=<11.918800, 0.000000, -0.000000>
[COT 2025-04-19 13:49:29] 76561198352827856: ESP target=Hel_MagazineLoading_DeepYellowCamo_SLOT3<38f85440> action=orientation value=<10.918800, 0.000000, -0.000000>
[COT 2025-04-19 13:49:29] 76561198352827856: ESP target=Hel_MagazineLoading_DeepYellowCamo_SLOT3<38f85440> action=orientation value=<9.918800, 0.000000, -0.000000>
[COT 2025-04-19 13:49:29] 76561198352827856: ESP target=Hel_MagazineLoading_DeepYellowCamo_SLOT3<38f85440> action=orientation value=<8.918800, 0.000000, -0.000000>
[COT 2025-04-19 13:49:29] 76561198352827856: ESP target=Hel_MagazineLoading_DeepYellowCamo_SLOT3<38f85440> action=orientation value=<7.918800, 0.000000, -0.000000>
[COT 2025-04-19 13:49:29] 76561198352827856: ESP target=Hel_MagazineLoading_DeepYellowCamo_SLOT3<38f85440> action=orientation value=<6.918800, 0.000000, -0.000000>
[COT 2025-04-19 13:49:29] 76561198352827856: ESP target=Hel_MagazineLoading_DeepYellowCamo_SLOT3<38f85440> action=orientation value=<5.918800, 0.000000, -0.000000>
[COT 2025-04-19 13:49:29] 76561198352827856: ESP target=Hel_MagazineLoading_DeepYellowCamo_SLOT3<38f85440> action=orientation value=<4.918800, 0.000000, -0.000000>
[COT 2025-04-19 13:49:30] 76561198352827856: ESP target=Hel_MagazineLoading_DeepYellowCamo_SLOT3<38f85440> action=orientation value=<3.918800, 0.000000, -0.000000>
[COT 2025-04-19 13:49:30] 76561198352827856: ESP target=Hel_MagazineLoading_DeepYellowCamo_SLOT3<38f85440> action=orientation value=<2.918800, 0.000000, -0.000000>
[COT 2025-04-19 13:49:30] 76561198352827856: ESP target=Hel_MagazineLoading_DeepYellowCamo_SLOT3<38f85440> action=orientation value=<1.918800, 0.000000, -0.000000>
[COT 2025-04-19 13:49:30] 76561198352827856: ESP target=Hel_MagazineLoading_DeepYellowCamo_SLOT3<38f85440> action=orientation value=<0.918800, 0.000000, -0.000000>
[COT 2025-04-19 13:49:30] 76561198352827856: ESP target=Hel_MagazineLoading_DeepYellowCamo_SLOT3<38f85440> action=orientation value=<-0.081200, 0.000000, -0.000000>
[COT 2025-04-19 13:49:30] 76561198352827856: ESP target=Hel_MagazineLoading_DeepYellowCamo_SLOT3<38f85440> action=orientation value=<-1.081200, 0.000000, -0.000000>
[COT 2025-04-19 13:49:30] 76561198352827856: ESP target=Hel_MagazineLoading_DeepYellowCamo_SLOT3<38f85440> action=orientation value=<-2.081200, 0.000000, -0.000000>
[COT 2025-04-19 13:49:30] 76561198352827856: ESP target=Hel_MagazineLoading_DeepYellowCamo_SLOT3<38f85440> action=orientation value=<-3.081200, 0.000000, -0.000000>
[COT 2025-04-19 13:49:30] 76561198352827856: ESP target=Hel_MagazineLoading_DeepYellowCamo_SLOT3<38f85440> action=orientation value=<-4.081200, 0.000000, -0.000000>
[COT 2025-04-19 13:49:30] 76561198352827856: ESP target=Hel_MagazineLoading_DeepYellowCamo_SLOT3<38f85440> action=orientation value=<-5.081200, 0.000000, 0.000000>
[COT 2025-04-19 13:49:30] 76561198352827856: ESP target=Hel_MagazineLoading_DeepYellowCamo_SLOT3<38f85440> action=orientation value=<-6.081200, 0.000000, 0.000000>
[COT 2025-04-19 13:49:30] 76561198352827856: ESP target=Hel_MagazineLoading_DeepYellowCamo_SLOT3<38f85440> action=orientation value=<-8.081200, 0.000000, 0.000000>
[COT 2025-04-19 13:49:30] 76561198352827856: ESP target=Hel_MagazineLoading_DeepYellowCamo_SLOT3<38f85440> action=orientation value=<-9.081200, 0.000000, 0.000000>
[COT 2025-04-19 13:49:31] 76561198352827856: ESP target=Hel_MagazineLoading_DeepYellowCamo_SLOT3<38f85440> action=orientation value=<-10.081200, 0.000000, 0.000000>
[COT 2025-04-19 13:49:31] 76561198352827856: ESP target=Hel_MagazineLoading_DeepYellowCamo_SLOT3<38f85440> action=orientation value=<-11.081200, 0.000000, 0.000000>
[COT 2025-04-19 13:49:31] 76561198352827856: ESP target=Hel_MagazineLoading_DeepYellowCamo_SLOT3<38f85440> action=orientation value=<-12.081200, 0.000000, 0.000000>
[COT 2025-04-19 13:49:31] 76561198352827856: ESP target=Hel_MagazineLoading_DeepYellowCamo_SLOT3<38f85440> action=orientation value=<-13.081200, 0.000000, 0.000000>
[COT 2025-04-19 13:49:31] 76561198352827856: ESP target=Hel_MagazineLoading_DeepYellowCamo_SLOT3<38f85440> action=orientation value=<-14.081200, 0.000000, 0.000000>
[COT 2025-04-19 13:49:31] 76561198352827856: ESP target=Hel_MagazineLoading_DeepYellowCamo_SLOT3<38f85440> action=orientation value=<-15.081200, 0.000000, 0.000000>
[COT 2025-04-19 13:49:31] 76561198352827856: ESP target=Hel_MagazineLoading_DeepYellowCamo_SLOT3<38f85440> action=orientation value=<-16.081200, 0.000000, 0.000000>
[COT 2025-04-19 13:49:31] 76561198352827856: ESP target=Hel_MagazineLoading_DeepYellowCamo_SLOT3<38f85440> action=orientation value=<-17.081200, 0.000000, 0.000000>
[COT 2025-04-19 13:49:31] 76561198352827856: ESP target=Hel_MagazineLoading_DeepYellowCamo_SLOT3<38f85440> action=orientation value=<-19.081200, 0.000000, 0.000000>
[COT 2025-04-19 13:49:31] 76561198352827856: ESP target=Hel_MagazineLoading_DeepYellowCamo_SLOT3<38f85440> action=orientation value=<-20.081200, 0.000000, 0.000000>
[COT 2025-04-19 13:49:31] 76561198352827856: ESP target=Hel_MagazineLoading_DeepYellowCamo_SLOT3<38f85440> action=orientation value=<-22.081200, 0.000000, 0.000000>
[COT 2025-04-19 13:49:31] 76561198352827856: ESP target=Hel_MagazineLoading_DeepYellowCamo_SLOT3<38f85440> action=orientation value=<-23.081200, 0.000000, 0.000000>
[COT 2025-04-19 13:49:31] 76561198352827856: ESP target=Hel_MagazineLoading_DeepYellowCamo_SLOT3<38f85440> action=orientation value=<-24.081200, 0.000000, 0.000000>
[COT 2025-04-19 13:49:31] 76561198352827856: ESP target=Hel_MagazineLoading_DeepYellowCamo_SLOT3<38f85440> action=orientation value=<-25.081200, 0.000000, 0.000000>
[COT 2025-04-19 13:49:32] 76561198352827856: ESP target=Hel_MagazineLoading_DeepYellowCamo_SLOT3<38f85440> action=orientation value=<-26.081200, 0.000000, 0.000000>
[COT 2025-04-19 13:49:32] 76561198352827856: ESP target=Hel_MagazineLoading_DeepYellowCamo_SLOT3<38f85440> action=orientation value=<-27.081200, 0.000000, 0.000000>
[COT 2025-04-19 13:49:32] 76561198352827856: ESP target=Hel_MagazineLoading_DeepYellowCamo_SLOT3<38f85440> action=orientation value=<-28.081200, 0.000000, 0.000000>
[COT 2025-04-19 13:49:32] 76561198352827856: ESP target=Hel_MagazineLoading_DeepYellowCamo_SLOT3<38f85440> action=orientation value=<-29.081200, 0.000000, 0.000000>
[COT 2025-04-19 13:49:32] 76561198352827856: ESP target=Hel_MagazineLoading_DeepYellowCamo_SLOT3<38f85440> action=orientation value=<-30.081200, 0.000000, 0.000000>
[COT 2025-04-19 13:49:32] 76561198352827856: ESP target=Hel_MagazineLoading_DeepYellowCamo_SLOT3<38f85440> action=orientation value=<-31.081200, 0.000000, 0.000000>
[COT 2025-04-19 13:49:32] 76561198352827856: ESP target=Hel_MagazineLoading_DeepYellowCamo_SLOT3<38f85440> action=orientation value=<-32.081200, 0.000000, 0.000000>
[COT 2025-04-19 13:49:32] 76561198352827856: ESP target=Hel_MagazineLoading_DeepYellowCamo_SLOT3<38f85440> action=orientation value=<-33.081200, 0.000000, 0.000000>
[COT 2025-04-19 13:49:32] 76561198352827856: ESP target=Hel_MagazineLoading_DeepYellowCamo_SLOT3<38f85440> action=orientation value=<-34.081200, 0.000000, 0.000000>
[COT 2025-04-19 13:49:33] 76561198352827856: ESP target=Hel_MagazineLoading_DeepYellowCamo_SLOT3<38f85440> action=orientation value=<-36.081200, 0.000000, 0.000000>
[COT 2025-04-19 13:49:33] 76561198352827856: ESP target=Hel_MagazineLoading_DeepYellowCamo_SLOT3<38f85440> action=orientation value=<-37.081200, 0.000000, 0.000000>
[COT 2025-04-19 13:49:33] 76561198352827856: ESP target=Hel_MagazineLoading_DeepYellowCamo_SLOT3<38f85440> action=orientation value=<-38.081200, 0.000000, 0.000000>
[COT 2025-04-19 13:49:35] 76561198352827856: ESP target=Hel_MagazineLoading_DeepYellowCamo_SLOT3<38f85440> action=position value=<6413.430176, 175.783997, 5803.410156>
[COT 2025-04-19 13:49:36] 76561198352827856: ESP target=Hel_MagazineLoading_DeepYellowCamo_SLOT3<38f85440> action=position value=<6413.330078, 175.783997, 5803.410156>
[COT 2025-04-19 13:49:36] 76561198352827856: ESP target=Hel_MagazineLoading_DeepYellowCamo_SLOT3<38f85440> action=position value=<6413.229980, 175.783997, 5803.410156>
[COT 2025-04-19 13:49:36] 76561198352827856: ESP target=Hel_MagazineLoading_DeepYellowCamo_SLOT3<38f85440> action=position value=<6413.129883, 175.783997, 5803.410156>
[COT 2025-04-19 13:49:37] 76561198352827856: ESP target=Hel_MagazineLoading_DeepYellowCamo_SLOT3<38f85440> action=position value=<6413.229980, 175.783997, 5803.410156>
[COT 2025-04-19 13:49:37] 76561198352827856: ESP target=Hel_MagazineLoading_DeepYellowCamo_SLOT3<38f85440> action=position value=<6413.330078, 175.783997, 5803.410156>
[COT 2025-04-19 13:49:37] 76561198352827856: ESP target=Hel_MagazineLoading_DeepYellowCamo_SLOT3<38f85440> action=position value=<6413.430176, 175.783997, 5803.410156>
[COT 2025-04-19 13:49:37] 76561198352827856: ESP target=Hel_MagazineLoading_DeepYellowCamo_SLOT3<38f85440> action=position value=<6413.529785, 175.783997, 5803.410156>
[COT 2025-04-19 13:49:38] 76561198352827856: ESP target=Hel_MagazineLoading_DeepYellowCamo_SLOT3<38f85440> action=position value=<6413.529785, 175.783997, 5803.310059>
[COT 2025-04-19 13:49:38] 76561198352827856: ESP target=Hel_MagazineLoading_DeepYellowCamo_SLOT3<38f85440> action=position value=<6413.529785, 175.783997, 5803.209961>
[COT 2025-04-19 13:49:38] 76561198352827856: ESP target=Hel_MagazineLoading_DeepYellowCamo_SLOT3<38f85440> action=position value=<6413.529785, 175.783997, 5803.109863>
[COT 2025-04-19 13:49:39] 76561198352827856: ESP target=Hel_MagazineLoading_DeepYellowCamo_SLOT3<38f85440> action=position value=<6413.529785, 175.783997, 5802.910156>
[COT 2025-04-19 13:49:39] 76561198352827856: ESP target=Hel_MagazineLoading_DeepYellowCamo_SLOT3<38f85440> action=position value=<6413.529785, 175.783997, 5802.810059>
[COT 2025-04-19 13:49:39] 76561198352827856: ESP target=Hel_MagazineLoading_DeepYellowCamo_SLOT3<38f85440> action=position value=<6413.529785, 175.783997, 5802.709961>
[COT 2025-04-19 13:49:39] 76561198352827856: ESP target=Hel_MagazineLoading_DeepYellowCamo_SLOT3<38f85440> action=position value=<6413.529785, 175.783997, 5802.509766>
[COT 2025-04-19 13:49:39] 76561198352827856: ESP target=Hel_MagazineLoading_DeepYellowCamo_SLOT3<38f85440> action=position value=<6413.529785, 175.783997, 5802.410156>
[COT 2025-04-19 13:49:42] 76561198352827856: ESP target=Hel_MagazineLoading_DeepYellowCamo_SLOT3<38f85440> action=position value=<6413.529785, 175.783997, 5802.310059>
[COT 2025-04-19 13:49:43] 76561198352827856: ESP target=Hel_MagazineLoading_DeepYellowCamo_SLOT3<38f85440> action=position value=<6413.430176, 175.783997, 5802.310059>
[COT 2025-04-19 13:49:43] 76561198352827856: ESP target=Hel_MagazineLoading_DeepYellowCamo_SLOT3<38f85440> action=position value=<6413.529785, 175.783997, 5802.310059>
[COT 2025-04-19 13:49:44] 76561198352827856: ESP target=Hel_MagazineLoading_DeepYellowCamo_SLOT3<38f85440> action=position value=<6413.629883, 175.783997, 5802.310059>
[COT 2025-04-19 13:49:45] 76561198352827856: ESP target=Hel_MagazineLoading_DeepYellowCamo_SLOT3<38f85440> action=position value=<6413.729980, 175.783997, 5802.310059>
[COT 2025-04-19 13:49:45] 76561198352827856: ESP target=Hel_MagazineLoading_DeepYellowCamo_SLOT3<38f85440> action=position value=<6413.830078, 175.783997, 5802.310059>
[COT 2025-04-19 13:49:45] 76561198352827856: ESP target=Hel_MagazineLoading_DeepYellowCamo_SLOT3<38f85440> action=position value=<6413.930176, 175.783997, 5802.310059>
[COT 2025-04-19 13:49:46] 76561198352827856: ESP target=Hel_MagazineLoading_DeepYellowCamo_SLOT3<38f85440> action=position value=<6414.029785, 175.783997, 5802.310059>
[COT 2025-04-19 13:49:46] 76561198352827856: ESP target=Hel_MagazineLoading_DeepYellowCamo_SLOT3<38f85440> action=position value=<6414.129883, 175.783997, 5802.310059>
[COT 2025-04-19 13:49:46] 76561198352827856: ESP target=Hel_MagazineLoading_DeepYellowCamo_SLOT3<38f85440> action=position value=<6414.229980, 175.783997, 5802.310059>
[COT 2025-04-19 13:49:47] 76561198352827856: ESP target=Hel_MagazineLoading_DeepYellowCamo_SLOT3<38f85440> action=position value=<6414.330078, 175.783997, 5802.310059>
[COT 2025-04-19 13:49:47] 76561198352827856: ESP target=Hel_MagazineLoading_DeepYellowCamo_SLOT3<38f85440> action=position value=<6414.430176, 175.783997, 5802.310059>
[COT 2025-04-19 13:49:50] 76561198352827856: ESP target=Hel_MagazineLoading_DeepYellowCamo_SLOT3<38f85440> action=position value=<6414.529785, 175.783997, 5802.310059>
[COT 2025-04-19 13:49:51] 76561198352827856: ESP target=Hel_MagazineLoading_DeepYellowCamo_SLOT3<38f85440> action=position value=<6414.629883, 175.783997, 5802.310059>
[COT 2025-04-19 13:49:52] 76561198352827856: ESP target=Hel_MagazineLoading_DeepYellowCamo_SLOT3<38f85440> action=position value=<6414.729980, 175.783997, 5802.310059>
[COT 2025-04-19 13:49:52] 76561198352827856: ESP target=Hel_MagazineLoading_DeepYellowCamo_SLOT3<38f85440> action=position value=<6414.830078, 175.783997, 5802.310059>
[COT 2025-04-19 13:49:54] 76561198352827856: ESP target=Hel_MagazineLoading_DeepYellowCamo_SLOT3<38f85440> action=position value=<6414.830078, 175.684006, 5802.310059>
[COT 2025-04-19 13:49:55] 76561198352827856: ESP target=Hel_MagazineLoading_DeepYellowCamo_SLOT3<38f85440> action=position value=<6414.830078, 175.783997, 5802.310059>
[COT 2025-04-19 13:49:56] 76561198352827856: ESP target=Hel_MagazineLoading_DeepYellowCamo_SLOT3<38f85440> action=position value=<6414.930176, 175.783997, 5802.310059>
[COT 2025-04-19 13:50:06] 76561198352827856: ESP: Clearing ESP
[COT 2025-04-19 13:50:27] 76561198352827856: Spawned Entity MMG TA-50 Locker Kit Blue (mmg_locker02_blue_kit<4ba73f10>, 100, 1000, 15, 0) at <6412.185547, 175.852859, 5801.698242>
[COT 2025-04-19 13:50:29] 76561198352827856: Spawned Entity MMG TA-50 Locker Kit Green (mmg_locker02_green_kit<4ba761c0>, 100, 1000, 15, 0) at <6412.185547, 175.852859, 5801.698242>
[COT 2025-04-19 13:50:34] 76561198352827856: Spawned Entity CodeLock (CodeLock<4ba76d50>, 100, 1500, 15, 0) at <6412.185547, 175.852859, 5801.698242>
[COT 2025-04-19 13:50:35] 76561198352827856: Spawned Entity CodeLock (CodeLock<4ba778e0>, 100, 1500, 15, 0) at <6412.185547, 175.852859, 5801.698242>
[COT 2025-04-19 13:51:38] 76561198352827856: Teleported to <6434.593262, 207.524399, 4262.487793> [guid=Nuz5bef9MwP1o_Y1Gclv4xrSQgLdJ_rTHH4J64UN6Mw=]
[COT 2025-04-19 13:52:04] 76561198352827856: Spawned Entity Flag Pole Kit (TerritoryFlagKit<60faf330>, 100, 200, 15, 0) at <6435.399902, 207.625183, 4260.798828>
[COT 2025-04-19 13:52:10] 76561198352827856: Spawned Entity Wall Kit (ExpansionWallKit<60fab960>, 100, 100, 15, 0) at <6435.399902, 207.786087, 4260.798828>
[COT 2025-04-19 13:52:10] 76561198352827856: Spawned Entity Wall Kit (ExpansionWallKit<60fb0a50>, 100, 100, 15, 0) at <6435.399902, 208.007156, 4260.799316>
[COT 2025-04-19 13:52:11] 76561198352827856: Spawned Entity Wall Kit (ExpansionWallKit<60fb4fb0>, 100, 100, 15, 0) at <6435.399902, 208.228226, 4260.799805>
[COT 2025-04-19 13:52:11] 76561198352827856: Spawned Entity Wall Kit (ExpansionWallKit<60fafec0>, 100, 100, 15, 0) at <6435.399902, 208.389130, 4260.799805>
[COT 2025-04-19 13:52:15] 76561198352827856: Spawned Entity Floor Kit (ExpansionFloorKit<60fc1440>, 100, 100, 15, 0) at <6435.399902, 208.610199, 4260.800293>
[COT 2025-04-19 13:52:16] 76561198352827856: Spawned Entity Floor Kit (ExpansionFloorKit<60fcc1b0>, 100, 100, 15, 0) at <6435.399902, 208.831268, 4260.800293>
[COT 2025-04-19 13:52:16] 76561198352827856: Spawned Entity Floor Kit (ExpansionFloorKit<60fd6f20>, 100, 100, 15, 0) at <6435.399902, 208.992172, 4260.800293>
[COT 2025-04-19 13:52:17] 76561198352827856: Spawned Entity Floor Kit (ExpansionFloorKit<60fda8f0>, 100, 100, 15, 0) at <6435.399902, 209.213242, 4260.800781>
[COT 2025-04-19 13:52:22] 76561198352827856: Spawned Entity Code Lock (ExpansionCodeLock<60fdc010>, 100, 100, 15, 0) at <6435.399902, 209.374146, 4260.800781>
[COT 2025-04-19 13:52:23] 76561198352827856: Spawned Entity Code Lock (ExpansionCodeLock<3d382410>, 100, 100, 15, 0) at <6435.399902, 209.374146, 4260.800781>
[COT 2025-04-19 13:52:23] 76561198352827856: Spawned Entity Code Lock (ExpansionCodeLock<3d3846c0>, 100, 100, 15, 0) at <6435.399902, 209.374146, 4260.800781>
[COT 2025-04-19 13:52:24] 76561198352827856: Spawned Entity Code Lock (ExpansionCodeLock<3d37deb0>, 100, 100, 15, 0) at <6435.399902, 209.374146, 4260.800781>
[COT 2025-04-19 13:52:24] 76561198352827856: Spawned Entity Code Lock (ExpansionCodeLock<3d385250>, 100, 100, 15, 0) at <6435.399902, 209.374146, 4260.800781>
[COT 2025-04-19 13:52:25] 76561198352827856: Spawned Entity Code Lock (ExpansionCodeLock<3d394520>, 100, 100, 15, 0) at <6435.399902, 209.374146, 4260.800781>
[COT 2025-04-19 13:52:37] 76561198352827856: Spawned Entity Lumber (3m) (ExpansionLumber3<3d3a88e0>, 10, 100, 15, 0) at <6436.584961, 207.941986, 4262.240234>
[COT 2025-04-19 13:52:38] 76561198352827856: Spawned Entity Lumber (3m) (ExpansionLumber3<3d3ae560>, 10, 100, 15, 0) at <6436.584961, 207.941986, 4262.240234>
[COT 2025-04-19 13:52:39] 76561198352827856: Spawned Entity Lumber (3m) (ExpansionLumber3<3d3ab720>, 10, 100, 15, 0) at <6436.584961, 207.941986, 4262.240234>
[COT 2025-04-19 13:52:39] 76561198352827856: Spawned Entity Lumber (3m) (ExpansionLumber3<3d3af0f0>, 10, 100, 15, 0) at <6436.584961, 207.941986, 4262.240234>
[COT 2025-04-19 13:52:40] 76561198352827856: Spawned Entity Lumber (3m) (ExpansionLumber3<3d3a9470>, 10, 100, 15, 0) at <6436.584961, 207.941986, 4262.240234>
[COT 2025-04-19 13:52:51] 76561198352827856: Spawned Entity Plank (WoodenPlank<3d3ac2b0>, 10, 100, 15, 0) at <6436.584961, 207.941986, 4262.240234>
[COT 2025-04-19 13:52:51] 76561198352827856: Spawned Entity Plank (WoodenPlank<3d3b4d70>, 10, 100, 15, 0) at <6436.584961, 207.941986, 4262.240234>
[COT 2025-04-19 13:52:51] 76561198352827856: Spawned Entity Plank (WoodenPlank<3d3b7020>, 10, 100, 15, 0) at <6436.584961, 207.941986, 4262.240234>
[COT 2025-04-19 13:52:52] 76561198352827856: Spawned Entity Plank (WoodenPlank<3d3b5900>, 10, 100, 15, 0) at <6436.584961, 207.941986, 4262.240234>
[COT 2025-04-19 13:52:52] 76561198352827856: Spawned Entity Plank (WoodenPlank<57009400>, 10, 100, 15, 0) at <6436.584961, 207.941986, 4262.240234>
[COT 2025-04-19 13:52:53] 76561198352827856: Spawned Entity Plank (WoodenPlank<57011ec0>, 10, 100, 15, 0) at <6436.584961, 207.941986, 4262.240234>
[COT 2025-04-19 13:52:53] 76561198352827856: Spawned Entity Plank (WoodenPlank<57004ea0>, 10, 100, 15, 0) at <6436.584961, 207.941986, 4262.240234>
[COT 2025-04-19 13:52:54] 76561198352827856: Spawned Entity Plank (WoodenPlank<5700c240>, 10, 100, 15, 0) at <6436.584961, 207.941986, 4262.240234>
[COT 2025-04-19 13:52:54] 76561198352827856: Spawned Entity Plank (WoodenPlank<5700cdd0>, 10, 100, 15, 0) at <6436.584961, 207.941986, 4262.240234>
[COT 2025-04-19 13:52:55] 76561198352827856: Spawned Entity Plank (WoodenPlank<570065c0>, 10, 100, 15, 0) at <6436.584961, 207.941986, 4262.240234>
[COT 2025-04-19 13:53:02] 76561198352827856: Spawned Entity Boxed Nails (NailBox<4d4c17c0>, 10, 80, 15, 0) at <6436.584961, 207.941986, 4262.240234>
[COT 2025-04-19 13:53:03] 76561198352827856: Spawned Entity Boxed Nails (NailBox<4d4bf510>, 10, 80, 15, 0) at <6436.584961, 207.941986, 4262.240234>
[COT 2025-04-19 13:53:03] 76561198352827856: Spawned Entity Boxed Nails (NailBox<4d4be980>, 10, 80, 15, 0) at <6436.584961, 207.941986, 4262.240234>
[COT 2025-04-19 13:53:03] 76561198352827856: Spawned Entity Boxed Nails (NailBox<4d4c2350>, 10, 80, 15, 0) at <6436.584961, 207.941986, 4262.240234>
[COT 2025-04-19 13:53:04] 76561198352827856: Spawned Entity Boxed Nails (NailBox<4d4c3a70>, 10, 80, 15, 0) at <6436.584961, 207.941986, 4262.240234>
[COT 2025-04-19 13:53:04] 76561198352827856: Spawned Entity Boxed Nails (NailBox<4d4c2ee0>, 10, 80, 15, 0) at <6436.584961, 207.941986, 4262.240234>
[COT 2025-04-19 13:53:04] 76561198352827856: Spawned Entity Boxed Nails (NailBox<4d4bddf0>, 10, 80, 15, 0) at <6436.584961, 207.941986, 4262.240234>
[COT 2025-04-19 13:53:05] 76561198352827856: Spawned Entity Boxed Nails (NailBox<4d4cc530>, 10, 80, 15, 0) at <6436.584961, 207.941986, 4262.240234>
[COT 2025-04-19 13:53:05] 76561198352827856: Spawned Entity Boxed Nails (NailBox<4d4cb9a0>, 10, 80, 15, 0) at <6436.584961, 207.941986, 4262.240234>
[COT 2025-04-19 13:53:05] 76561198352827856: Spawned Entity Boxed Nails (NailBox<4d4c5d20>, 10, 80, 15, 0) at <6436.584961, 207.941986, 4262.240234>
[COT 2025-04-19 13:53:22] 76561198352827856: Spawned Entity Hatchet (Hatchet<4d4ce7e0>, 10, 150, 15, 0) at <6434.088379, 207.340790, 4260.743164>
[COT 2025-04-19 13:53:22] 76561198352827856: Spawned Entity Hatchet (Hatchet<4d4e08f0>, 10, 150, 15, 0) at <6434.088379, 207.340790, 4260.743164>
[COT 2025-04-19 13:53:23] 76561198352827856: Spawned Entity Hatchet (Hatchet<4d4e2ba0>, 10, 150, 15, 0) at <6434.088379, 207.340790, 4260.743164>
[COT 2025-04-19 13:53:23] 76561198352827856: Spawned Entity Hatchet (Hatchet<4d4e1480>, 10, 150, 15, 0) at <6434.088379, 207.340790, 4260.743164>
[COT 2025-04-19 13:53:23] 76561198352827856: Spawned Entity Hatchet (Hatchet<53fb9090>, 10, 150, 15, 0) at <6434.088379, 207.340790, 4260.743164>
[COT 2025-04-19 13:53:41] 76561198352827856: Spawned Entity Medium Tent (MediumTent_Green<47b94260>, 10, 600, 15, 0) at <6432.941406, 207.154816, 4262.152832>
[COT 2025-04-19 13:53:42] 76561198352827856: Spawned Entity Medium Tent (MediumTent_Green<47b972a0>, 10, 600, 15, 0) at <6432.942871, 207.530624, 4262.154785>
[COT 2025-04-19 13:53:42] 76561198352827856: Spawned Entity Medium Tent (MediumTent_Green<47b9a2e0>, 10, 600, 15, 0) at <6432.942871, 207.906433, 4262.154785>
[COT 2025-04-19 13:55:05] 76561198352827856: Spawned Entity MMG Army Box Green (mmg_army_box_base<4aea21c0>, 10, 5000, 15, 0) at <6433.360840, 207.337479, 4264.302734>
[COT 2025-04-19 13:55:06] 76561198352827856: Spawned Entity MMG Army Box Green (mmg_army_box_base<4aea38e0>, 10, 5000, 15, 0) at <6433.360840, 207.337479, 4264.302734>
[COT 2025-04-19 13:55:06] 76561198352827856: Spawned Entity MMG Army Box Green (mmg_army_box_base<4aea4470>, 10, 5000, 15, 0) at <6433.360840, 207.337479, 4264.302734>
[COT 2025-04-19 13:55:13] 76561198352827856: Spawned Entity MMG TA-50 Locker Kit Tan (mmg_locker02_tan_kit<56236320>, 10, 1000, 15, 0) at <6433.360840, 207.337479, 4264.302734>
[COT 2025-04-19 13:56:54] 76561198352827856: Teleported 76561198352827856 to position <2772.195801, 271.811462, 469.332886>
[COT 2025-04-19 13:57:24] 76561198352827856: Entered the Free Camera
[COT 2025-04-19 13:57:34] 76561198352827856: Left the Free Camera
