[COT 2025-03-30 23:52:18] 76561198352827856: Activated Community Online Tools [guid=m_TD03B4NXDQrU5koHpLq3WyQf1hXTvQSdETJOTM8ss=]
[COT 2025-03-30 23:52:30] 76561198352827856: ESP: ESP updating
[COT 2025-03-30 23:52:43] 76561198352827856: ESP: Clearing ESP
[COT 2025-03-30 23:52:44] 76561198352827856: ESP: ESP updating
[COT 2025-03-30 23:53:10] 76561198352827856: ESP: Clearing ESP
[COT 2025-03-30 23:53:11] 76561198352827856: ESP: ESP updating
[COT 2025-03-30 23:53:26] 76561198352827856: ESP: Clearing ESP
[COT 2025-03-30 23:53:28] 76561198352827856: ESP: ESP updating
[COT 2025-03-30 23:53:47] 76561198352827856: ESP: Clearing ESP
[COT 2025-03-30 23:54:21] 76561198352827856: ESP: ESP updating
[COT 2025-03-30 23:55:10] 76561198352827856: ESP: Clearing ESP
[COT 2025-03-30 23:55:12] 76561198352827856: ESP: ESP updating
[COT 2025-03-31 00:09:06] 76561198352827856: ESP: Clearing ESP
[COT 2025-03-31 00:10:21] 76561198352827856: Entered the Free Camera
[COT 2025-03-31 00:10:57] 76561198352827856: Left the Free Camera
[COT 2025-03-31 00:13:55] 76561198352827856: Set Shock To 17.44 [guid=m_TD03B4NXDQrU5koHpLq3WyQf1hXTvQSdETJOTM8ss=]
[COT 2025-03-31 00:13:59] 76561198352827856: Set Shock To 100 [guid=m_TD03B4NXDQrU5koHpLq3WyQf1hXTvQSdETJOTM8ss=]
[COT 2025-03-31 00:45:06] 76561198352827856: Activated Community Online Tools [guid=m_TD03B4NXDQrU5koHpLq3WyQf1hXTvQSdETJOTM8ss=]
[COT 2025-03-31 00:48:28] 76561198352827856: Deactivated Community Online Tools [guid=m_TD03B4NXDQrU5koHpLq3WyQf1hXTvQSdETJOTM8ss=]
[COT 2025-03-31 00:49:04] 76561198352827856: Activated Community Online Tools [guid=m_TD03B4NXDQrU5koHpLq3WyQf1hXTvQSdETJOTM8ss=]
[COT 2025-03-31 01:11:18] 76561198352827856: Activated Community Online Tools [guid=m_TD03B4NXDQrU5koHpLq3WyQf1hXTvQSdETJOTM8ss=]
