[COT 2025-03-17 15:57:16] 76561198352827856: Activated Community Online Tools [guid=m_TD03B4NXDQrU5koHpLq3WyQf1hXTvQSdETJOTM8ss=]
[COT 2025-03-17 15:57:23] 76561198352827856: Set Invisibility To 1 [guid=m_TD03B4NXDQrU5koHpLq3WyQf1hXTvQSdETJOTM8ss=]
[COT 2025-03-17 15:57:24] 76561198352827856: Set GodMode To true [guid=m_TD03B4NXDQrU5koHpLq3WyQf1hXTvQSdETJOTM8ss=]
[COT 2025-03-17 15:57:27] 76561198352827856: Entered the Free Camera
[COT 2025-03-17 15:57:41] 76561198352827856: Teleported 76561198352827856 to position <3726.072998, 149.958435, 3414.254150>
[COT 2025-03-17 15:57:45] 76561198352827856: Left the Free Camera
[COT 2025-03-17 15:57:49] 76561198352827856: Entered the Free Camera
[COT 2025-03-17 15:59:33] 76561198352827856: Set Invisibility To 0 [guid=m_TD03B4NXDQrU5koHpLq3WyQf1hXTvQSdETJOTM8ss=]
[COT 2025-03-17 16:04:40] 76561198352827856: Set cannot be targeted by AI to true [guid=m_TD03B4NXDQrU5koHpLq3WyQf1hXTvQSdETJOTM8ss=]
[COT 2025-03-17 16:04:43] 76561198352827856: Left the Free Camera
[COT 2025-03-17 16:04:49] 76561198352827856: Set remove collision to true [guid=m_TD03B4NXDQrU5koHpLq3WyQf1hXTvQSdETJOTM8ss=]
[COT 2025-03-17 16:05:35] 76561198352827856: Entered the Free Camera
[COT 2025-03-17 16:06:25] 76561198352827856: Teleported 76561198352827856 to position <1307.656372, 153.073502, 3376.384766>
[COT 2025-03-17 16:06:29] 76561198352827856: Left the Free Camera
[COT 2025-03-17 16:06:34] 76561198352827856: Entered the Free Camera
[COT 2025-03-17 16:08:36] 76561198352827856: Left the Free Camera
[COT 2025-03-17 16:09:17] 76561198352827856: Spawned Entity Epoxy Putty (EpoxyPutty<b1379b60>, 100, 50, 15, 0) at <1024.873779, 160.287796, 5146.842773>
[COT 2025-03-17 16:09:17] 76561198352827856: Spawned Entity Epoxy Putty (EpoxyPutty<b1375600>, 100, 50, 15, 0) at <1024.873779, 160.287796, 5146.842773>
[COT 2025-03-17 16:09:18] 76561198352827856: Spawned Entity Epoxy Putty (EpoxyPutty<b13831b0>, 100, 50, 15, 0) at <1024.873779, 160.287796, 5146.842773>
[COT 2025-03-17 16:09:18] 76561198352827856: Spawned Entity Epoxy Putty (EpoxyPutty<b137c9a0>, 100, 50, 15, 0) at <1024.873779, 160.287796, 5146.842773>
[COT 2025-03-17 16:10:09] 76561198352827856: Entered the Free Camera
[COT 2025-03-17 16:11:45] 76561198352827856: Left the Free Camera
[COT 2025-03-17 16:12:13] 76561198352827856: Entered the Free Camera
[COT 2025-03-17 16:12:39] 76561198352827856: Left the Free Camera
[COT 2025-03-17 16:12:42] 76561198352827856: Entered the Free Camera
