[COT 2025-03-22 15:13:04] 76561198352827856: Activated Community Online Tools [guid=m_TD03B4NXDQrU5koHpLq3WyQf1hXTvQSdETJOTM8ss=]
[COT 2025-03-22 15:13:33] 76561198352827856: Set GodMode To true [guid=m_TD03B4NXDQrU5koHpLq3WyQf1hXTvQSdETJOTM8ss=]
[COT 2025-03-22 15:13:34] 76561198352827856: Set Invisibility To 1 [guid=m_TD03B4NXDQrU5koHpLq3WyQf1hXTvQSdETJOTM8ss=]
[COT 2025-03-22 15:13:36] 76561198352827856: Entered the Free Camera
[COT 2025-03-22 15:13:45] 76561198352827856: ESP: Viewing ESP
[COT 2025-03-22 15:13:50] 76561198352827856: ESP: Clearing ESP
[COT 2025-03-22 15:13:50] 76561198352827856: ESP: Viewing ESP
[COT 2025-03-22 15:14:12] 76561198352827856: Left the Free Camera
[COT 2025-03-22 15:19:03] 76561198352827856: Entered the Free Camera
[COT 2025-03-22 15:23:14] 76561198352827856: Left the Free Camera
[COT 2025-03-22 15:23:27] 76561198352827856: Set Invisibility To 0 [guid=m_TD03B4NXDQrU5koHpLq3WyQf1hXTvQSdETJOTM8ss=]
[COT 2025-03-22 15:23:31] 76561198352827856: Set GodMode To false [guid=m_TD03B4NXDQrU5koHpLq3WyQf1hXTvQSdETJOTM8ss=]
[COT 2025-03-22 15:25:26] 76561198352827856: Entered the Free Camera
[COT 2025-03-22 15:26:03] 76561198352827856: Set Invisibility To 1 [guid=m_TD03B4NXDQrU5koHpLq3WyQf1hXTvQSdETJOTM8ss=]
[COT 2025-03-22 15:26:33] 76561198352827856: Left the Free Camera
[COT 2025-03-22 15:26:52] 76561198352827856: Teleported 76561198352827856 to position <7379.446289, 133.541000, 5254.388672>
[COT 2025-03-22 15:27:00] 76561198352827856: Entered the Free Camera
[COT 2025-03-22 15:27:37] 76561198352827856: Left the Free Camera
[COT 2025-03-22 15:28:13] 76561198352827856: Teleported 76561198352827856 to position <7365.820313, 133.837494, 5286.782227>
[COT 2025-03-22 15:28:26] 76561198352827856: Entered the Free Camera
[COT 2025-03-22 15:30:19] 76561198352827856: Left the Free Camera
[COT 2025-03-22 15:30:42] 76561198352827856: Set Invisibility To 0 [guid=m_TD03B4NXDQrU5koHpLq3WyQf1hXTvQSdETJOTM8ss=]
[COT 2025-03-22 15:30:44] 76561198352827856: Set GodMode To true [guid=m_TD03B4NXDQrU5koHpLq3WyQf1hXTvQSdETJOTM8ss=]
[COT 2025-03-22 15:31:53] 76561198352827856: Set Energy To 5000 [guid=W44v5r64t_fNpgzRQNLTal2wQQBqWJ8o-Qcc6Jd5hw8=]
[COT 2025-03-22 15:31:53] 76561198352827856: Set Water To 5000 [guid=W44v5r64t_fNpgzRQNLTal2wQQBqWJ8o-Qcc6Jd5hw8=]
[COT 2025-03-22 15:31:58] 76561198352827856: Set Energy To 5000 [guid=OAEsqfVu9Ya3qx3X2Q_PgbpxSoSDXOIUHhH8VWVuumk=]
[COT 2025-03-22 15:31:58] 76561198352827856: Set Water To 5000 [guid=OAEsqfVu9Ya3qx3X2Q_PgbpxSoSDXOIUHhH8VWVuumk=]
[COT 2025-03-22 15:32:01] 76561198352827856: Set Energy To 5000 [guid=dtBrTODogZ8rHAVNFTJ9C_NvpkyA9gRQu7bfAps_vPI=]
[COT 2025-03-22 15:32:01] 76561198352827856: Set Water To 5000 [guid=dtBrTODogZ8rHAVNFTJ9C_NvpkyA9gRQu7bfAps_vPI=]
[COT 2025-03-22 15:32:44] 76561198352827856: Set Energy To 5000 [guid=mvB_p65s26M1iDgS3KgKpm-UzbAyYM5rER5IINF2xI0=]
[COT 2025-03-22 15:32:44] 76561198352827856: Set Water To 5000 [guid=mvB_p65s26M1iDgS3KgKpm-UzbAyYM5rER5IINF2xI0=]
[COT 2025-03-22 15:34:16] 76561198352827856: Spawned Entity Bicycle (ItemOld_Bike_Red<fca9daa0>, 100, 100, 15, 0) at <6674.613770, 102.501984, 6106.705566>
[COT 2025-03-22 15:34:25] 76561198352827856: Spawned Entity Bicycle (Old_Bike_White<e3a7900>, 100, 50000, 15, 0) at <6673.732910, 102.501991, 6107.139160>
[COT 2025-03-22 15:34:29] 76561198352827856: Spawned Entity Bicycle (Old_Bike_Red<e3aa510>, 100, 50000, 15, 0) at <6672.170898, 102.501945, 6107.408203>
[COT 2025-03-22 15:34:33] 76561198352827856: Spawned Entity Bicycle (Old_Bike_White<e3970a0>, 100, 50000, 15, 0) at <6670.749512, 102.501961, 6108.255859>
[COT 2025-03-22 15:36:13] 76561198352827856: Teleported 76561198352827856 to position <5846.130371, 226.315903, 4632.844727>
[COT 2025-03-22 15:36:28] 76561198352827856: Set Invisibility To 1 [guid=m_TD03B4NXDQrU5koHpLq3WyQf1hXTvQSdETJOTM8ss=]
[COT 2025-03-22 15:36:30] 76561198352827856: Entered the Free Camera
[COT 2025-03-22 15:37:13] 76561198352827856: Teleported 76561198352827856 to position <7457.917480, 167.279999, 4598.749023>
[COT 2025-03-22 15:37:15] 76561198352827856: Left the Free Camera
[COT 2025-03-22 15:37:33] 76561198352827856: ESP: Clearing ESP
[COT 2025-03-22 15:37:33] 76561198352827856: ESP: ESP updating
[COT 2025-03-22 15:37:47] 76561198352827856: Teleported 76561198352827856 to position <7447.385254, 176.000000, 4706.529297>
[COT 2025-03-22 15:38:08] 76561198352827856: ESP: Clearing ESP
[COT 2025-03-22 15:38:09] 76561198352827856: ESP: ESP updating
[COT 2025-03-22 15:38:30] 76561198352827856: Entered the Free Camera
[COT 2025-03-22 15:38:48] 76561198352827856: Teleported 76561198352827856 to position <7465.906250, 176.000000, 4680.583008>
[COT 2025-03-22 15:38:49] 76561198352827856: Left the Free Camera
[COT 2025-03-22 15:38:57] 76561198352827856: Entered the Free Camera
[COT 2025-03-22 15:39:34] 76561198352827856: Teleported 76561198352827856 to position <6676.787109, 102.530289, 6093.285156>
[COT 2025-03-22 15:39:36] 76561198352827856: Left the Free Camera
[COT 2025-03-22 15:39:40] 76561198352827856: Entered the Free Camera
[COT 2025-03-22 15:39:44] 76561198352827856: Left the Free Camera
[COT 2025-03-22 15:39:58] 76561198352827856: Set GodMode To false [guid=m_TD03B4NXDQrU5koHpLq3WyQf1hXTvQSdETJOTM8ss=]
[COT 2025-03-22 15:39:58] 76561198352827856: Set Invisibility To 0 [guid=m_TD03B4NXDQrU5koHpLq3WyQf1hXTvQSdETJOTM8ss=]
