[COT 2025-04-11 05:15:19] 76561198352827856: Activated Community Online Tools [guid=m_TD03B4NXDQrU5koHpLq3WyQf1hXTvQSdETJOTM8ss=]
[COT 2025-04-11 05:22:38] 76561198352827856: Deleted Entity TerritoryFlag:12574 at <7497.879883, 121.552002, 6352.259766>
[COT 2025-04-11 05:23:27] 76561198352827856: Deleted Entity mmg_locker02_green:11788 at <7499.865723, 121.551865, 6348.896973>
[COT 2025-04-11 05:25:10] 76561198352827856: Spawned Entity Flag Pole Kit (TerritoryFlagKit<a5466380>, 100, 200, 15, 0) at <7497.773926, 121.591980, 6349.342285>
[COT 2025-04-11 05:26:07] 76561198352827856: Deleted Entity mmg_locker02_green:13793 at <7500.839844, 122.308998, 6349.620117>
[COT 2025-04-11 05:26:52] 76561198352827856: Spawned Entity Tripwire (TripwireTrap<94ff8b20>, 100, 50, 15, 0) at <7494.559082, 121.592010, 6346.740723>
[COT 2025-04-11 05:26:52] 76561198352827856: Spawned Entity Tripwire (TripwireTrap<94ff3330>, 100, 50, 15, 0) at <7494.559082, 121.592010, 6346.740723>
[COT 2025-04-11 05:26:53] 76561198352827856: Spawned Entity Tripwire (TripwireTrap<57a04570>, 100, 50, 15, 0) at <7494.559082, 121.592010, 6346.740723>
[COT 2025-04-11 05:26:53] 76561198352827856: Spawned Entity Tripwire (TripwireTrap<57a01330>, 100, 50, 15, 0) at <7494.559082, 121.592010, 6346.740723>
[COT 2025-04-11 05:26:53] 76561198352827856: Spawned Entity Tripwire (TripwireTrap<57a090d0>, 100, 50, 15, 0) at <7494.559082, 121.592010, 6346.740723>
[COT 2025-04-11 05:26:54] 76561198352827856: Spawned Entity Tripwire (TripwireTrap<57a09d60>, 100, 50, 15, 0) at <7494.559082, 121.592010, 6346.740723>
[COT 2025-04-11 05:26:54] 76561198352827856: Spawned Entity Tripwire (TripwireTrap<57a0a9f0>, 100, 50, 15, 0) at <7494.559082, 121.592010, 6346.740723>
[COT 2025-04-11 05:26:55] 76561198352827856: Spawned Entity Tripwire (TripwireTrap<579e4ef0>, 100, 50, 15, 0) at <7494.559082, 121.592010, 6346.740723>
[COT 2025-04-11 05:26:55] 76561198352827856: Spawned Entity Tripwire (TripwireTrap<579e5b80>, 100, 50, 15, 0) at <7494.559082, 121.592010, 6346.740723>
[COT 2025-04-11 05:26:56] 76561198352827856: Spawned Entity Tripwire (TripwireTrap<579dea70>, 100, 50, 15, 0) at <7494.559082, 121.592010, 6346.740723>
[COT 2025-04-11 05:27:21] 76561198352827856: Spawned Entity Land Mine (LandMineTrap<41f712a0>, 100, 70, 15, 0) at <7494.267578, 121.591995, 6346.016113>
[COT 2025-04-11 05:27:21] 76561198352827856: Spawned Entity Land Mine (LandMineTrap<41f6d650>, 100, 70, 15, 0) at <7494.267578, 121.591995, 6346.016113>
[COT 2025-04-11 05:27:22] 76561198352827856: Spawned Entity Land Mine (LandMineTrap<a0e70f20>, 100, 70, 15, 0) at <7494.267578, 121.591995, 6346.016113>
[COT 2025-04-11 05:27:22] 76561198352827856: Spawned Entity Land Mine (LandMineTrap<3997ba40>, 100, 70, 15, 0) at <7494.267578, 121.591995, 6346.016113>
[COT 2025-04-11 05:27:22] 76561198352827856: Spawned Entity Land Mine (LandMineTrap<3998b790>, 100, 70, 15, 0) at <7494.267578, 121.591995, 6346.016113>
[COT 2025-04-11 05:27:23] 76561198352827856: Spawned Entity Land Mine (LandMineTrap<4c426f70>, 100, 70, 15, 0) at <7494.267578, 121.591995, 6346.016113>
[COT 2025-04-11 05:27:40] 76561198352827856: Deleted Entity mmg_locker02_blue:13529 at <7487.645020, 120.746849, 6343.145508>
[COT 2025-04-11 05:29:08] 76561198352827856: Spawned Entity Sea Chest (SeaChest<3ad3cec0>, 100, 600, 15, 0) at <7486.796875, 120.754295, 6347.625488>
[COT 2025-04-11 05:29:17] 76561198352827856: Spawned Entity Admin Hammer (Hammer<3ad62800>, 100, 100, 15, 0) at <7484.269531, 120.756241, 6343.915039>
[COT 2025-04-11 05:30:49] 76561198352827856: Spawned Entity 6-M7 Frag Grenade (M67Grenade<3b35b490>, 100, 50, 15, 0) at <7495.090820, 121.591995, 6347.697266>
[COT 2025-04-11 05:30:49] 76561198352827856: Spawned Entity 6-M7 Frag Grenade (M67Grenade<3b379710>, 100, 50, 15, 0) at <7495.090820, 121.591995, 6347.697266>
[COT 2025-04-11 05:30:49] 76561198352827856: Spawned Entity 6-M7 Frag Grenade (M67Grenade<3b392520>, 100, 50, 15, 0) at <7495.090820, 121.591995, 6347.697266>
[COT 2025-04-11 05:30:49] 76561198352827856: Spawned Entity 6-M7 Frag Grenade (M67Grenade<a2e9a280>, 100, 50, 15, 0) at <7495.090820, 121.591995, 6347.697266>
[COT 2025-04-11 05:30:49] 76561198352827856: Spawned Entity 6-M7 Frag Grenade (M67Grenade<a2eaabe0>, 100, 50, 15, 0) at <7495.090820, 121.591995, 6347.697266>
[COT 2025-04-11 05:30:49] 76561198352827856: Spawned Entity 6-M7 Frag Grenade (M67Grenade<a2ea4b60>, 100, 50, 15, 0) at <7495.090820, 121.591995, 6347.697266>
[COT 2025-04-11 05:30:50] 76561198352827856: Spawned Entity 6-M7 Frag Grenade (M67Grenade<499d2510>, 100, 50, 15, 0) at <7495.090820, 121.591995, 6347.697266>
[COT 2025-04-11 05:30:50] 76561198352827856: Spawned Entity 6-M7 Frag Grenade (M67Grenade<499dc1e0>, 100, 50, 15, 0) at <7495.090820, 121.591995, 6347.697266>
[COT 2025-04-11 05:31:03] 76561198352827856: Spawned Entity 6-M7 Frag Grenade (M67Grenade<495fcb40>, 100, 50, 15, 0) at <7495.090820, 121.591995, 6347.697266>
[COT 2025-04-11 05:31:03] 76561198352827856: Spawned Entity 6-M7 Frag Grenade (M67Grenade<4825cb90>, 100, 50, 15, 0) at <7495.090820, 121.591995, 6347.697266>
[COT 2025-04-11 05:31:03] 76561198352827856: Spawned Entity 6-M7 Frag Grenade (M67Grenade<3ed3c8d0>, 100, 50, 15, 0) at <7495.090820, 121.591995, 6347.697266>
[COT 2025-04-11 05:31:03] 76561198352827856: Spawned Entity 6-M7 Frag Grenade (M67Grenade<2de300f0>, 100, 50, 15, 0) at <7495.090820, 121.591995, 6347.697266>
[COT 2025-04-11 05:31:04] 76561198352827856: Spawned Entity 6-M7 Frag Grenade (M67Grenade<2de391b0>, 100, 50, 15, 0) at <7495.090820, 121.591995, 6347.697266>
[COT 2025-04-11 05:31:04] 76561198352827856: Spawned Entity 6-M7 Frag Grenade (M67Grenade<41f56c70>, 100, 50, 15, 0) at <7495.090820, 121.591995, 6347.697266>
[COT 2025-04-11 05:32:17] 76561198352827856: Spawned Entity Code Lock (ExpansionCodeLock<3b1823a0>, 100, 100, 15, 0) at <7494.305664, 121.592010, 6346.511719>
[COT 2025-04-11 05:32:17] 76561198352827856: Spawned Entity Code Lock (ExpansionCodeLock<3b1851e0>, 100, 100, 15, 0) at <7494.305664, 121.592010, 6346.511719>
[COT 2025-04-11 05:32:17] 76561198352827856: Spawned Entity Code Lock (ExpansionCodeLock<3b17e9d0>, 100, 100, 15, 0) at <7494.305664, 121.592010, 6346.511719>
[COT 2025-04-11 05:32:18] 76561198352827856: Spawned Entity Code Lock (ExpansionCodeLock<3b18ae60>, 100, 100, 15, 0) at <7494.305664, 121.592010, 6346.511719>
[COT 2025-04-11 05:32:19] 76561198352827856: Spawned Entity Code Lock (ExpansionCodeLock<3b152880>, 100, 100, 15, 0) at <7494.305664, 121.592010, 6346.511719>
[COT 2025-04-11 05:32:19] 76561198352827856: Spawned Entity Code Lock (ExpansionCodeLock<3b14d790>, 100, 100, 15, 0) at <7494.305664, 121.592010, 6346.511719>
[COT 2025-04-11 05:32:38] 76561198352827856: Spawned Entity Wall Kit (ExpansionWallKit<3b16b1a0>, 100, 100, 15, 0) at <7494.305664, 121.592010, 6346.511719>
[COT 2025-04-11 05:35:36] 76561198352827856: ESP: Viewing ESP
[COT 2025-04-11 05:35:52] 76561198352827856: Created Deletion Backup '2025-04-11_05-35-52'
[COT 2025-04-11 05:35:52] 76561198352827856: ESP index=0 target=Canteen:13911 position=<7488.761719, 120.894333, 6341.781738> action=delete
[COT 2025-04-11 05:35:52] 76561198352827856: ESP index=1 target=LUNCHBOX_DON_BLUE:14933 position=<7488.761719, 120.837883, 6341.781738> action=delete
[COT 2025-04-11 05:35:52] 76561198352827856: ESP index=2 target=Pot:17226 position=<7488.761719, 120.761894, 6341.781738> action=delete
[COT 2025-04-11 05:35:52] 76561198352827856: ESP index=3 target=Canteen:17222 position=<7488.761719, 120.894333, 6341.781738> action=delete
[COT 2025-04-11 05:35:52] 76561198352827856: ESP index=4 target=BakedBeansCan:5847 position=<7488.761719, 120.761177, 6341.781738> action=delete
[COT 2025-04-11 05:35:52] 76561198352827856: ESP index=5 target=DONFOOD_CAN_RUSBFBF:6463 position=<7488.761719, 120.761177, 6341.781738> action=delete
[COT 2025-04-11 05:35:52] 76561198352827856: ESP index=6 target=BakedBeansCan:8152 position=<7488.761719, 120.761177, 6341.781738> action=delete
[COT 2025-04-11 05:35:52] 76561198352827856: ESP index=7 target=PorkCan:14229 position=<7488.761719, 120.803421, 6341.781738> action=delete
[COT 2025-04-11 05:35:52] 76561198352827856: ESP index=8 target=PorkCan:13915 position=<7488.761719, 120.803421, 6341.781738> action=delete
[COT 2025-04-11 05:35:52] 76561198352827856: ESP index=9 target=Pot:16274 position=<7488.761719, 120.761894, 6341.781738> action=delete
[COT 2025-04-11 05:35:52] 76561198352827856: ESP index=10 target=PorkCan:14989 position=<7488.761719, 120.803421, 6341.781738> action=delete
[COT 2025-04-11 05:35:52] 76561198352827856: ESP index=11 target=LUNCHBOX_DON_BEE:5532 position=<7488.761719, 120.837883, 6341.781738> action=delete
[COT 2025-04-11 05:35:52] 76561198352827856: ESP index=12 target=LUNCHBOX_DON_BLUE:5360 position=<7488.761719, 120.837883, 6341.781738> action=delete
[COT 2025-04-11 05:35:52] 76561198352827856: ESP index=13 target=Canteen:6432 position=<7488.761719, 120.894333, 6341.781738> action=delete
[COT 2025-04-11 05:35:52] 76561198352827856: ESP index=14 target=TacticalBaconCan:8447 position=<7488.761719, 120.761177, 6341.781738> action=delete
[COT 2025-04-11 05:35:52] 76561198352827856: ESP index=15 target=TacticalBaconCan:16444 position=<7488.761719, 120.761177, 6341.781738> action=delete
[COT 2025-04-11 05:35:52] 76561198352827856: ESP index=16 target=Pot:15717 position=<7488.761719, 120.761894, 6341.781738> action=delete
[COT 2025-04-11 05:35:52] 76561198352827856: ESP index=17 target=TacticalBaconCan:16113 position=<7488.761719, 120.761177, 6341.781738> action=delete
[COT 2025-04-11 05:35:52] 76561198352827856: ESP index=18 target=TacticalBaconCan:8651 position=<7488.761719, 120.761177, 6341.781738> action=delete
[COT 2025-04-11 05:35:52] 76561198352827856: ESP action=delete_all count=19 attempted=19
[COT 2025-04-11 05:36:36] 76561198352827856: Created Deletion Backup '2025-04-11_05-36-36'
[COT 2025-04-11 05:36:36] 76561198352827856: ESP index=0 target=Heatpack:17190 position=<7488.709473, 120.777138, 6341.798828> action=delete
[COT 2025-04-11 05:36:36] 76561198352827856: ESP index=1 target=WeaponCleaningKit:13718 position=<7488.761719, 120.904579, 6341.781738> action=delete
[COT 2025-04-11 05:36:36] 76561198352827856: ESP index=2 target=Mag_Expansion_Taser:5051 position=<7488.761719, 120.793564, 6341.781738> action=delete
[COT 2025-04-11 05:36:36] 76561198352827856: ESP index=3 target=LeatherSewingKit:15079 position=<7488.761719, 120.873581, 6341.781738> action=delete
[COT 2025-04-11 05:36:36] 76561198352827856: ESP index=4 target=WeaponCleaningKit:16056 position=<7488.761719, 120.904579, 6341.781738> action=delete
[COT 2025-04-11 05:36:36] 76561198352827856: ESP index=5 target=Heatpack:11336 position=<7488.709473, 120.753830, 6341.798828> action=delete
[COT 2025-04-11 05:36:36] 76561198352827856: ESP index=6 target=Mag_Expansion_Taser:15394 position=<7488.761719, 120.793564, 6341.781738> action=delete
[COT 2025-04-11 05:36:36] 76561198352827856: ESP index=7 target=Mag_Expansion_Taser:15710 position=<7488.761719, 120.793564, 6341.781738> action=delete
[COT 2025-04-11 05:36:36] 76561198352827856: ESP index=8 target=Mag_Expansion_Taser:16377 position=<7488.761719, 120.793564, 6341.781738> action=delete
[COT 2025-04-11 05:36:36] 76561198352827856: ESP index=9 target=Mag_Expansion_Taser:4778 position=<7488.761719, 120.793564, 6341.781738> action=delete
[COT 2025-04-11 05:36:36] 76561198352827856: ESP index=10 target=Mag_Expansion_Taser:6813 position=<7488.761719, 120.793564, 6341.781738> action=delete
[COT 2025-04-11 05:36:36] 76561198352827856: ESP index=11 target=Mag_Expansion_Taser:13128 position=<7488.761719, 120.793564, 6341.781738> action=delete
[COT 2025-04-11 05:36:36] 76561198352827856: ESP index=12 target=PNC_Mag_HoneyBadger_Coupled_60Rnd:16215 position=<7488.761719, 120.888847, 6341.781738> action=delete
[COT 2025-04-11 05:36:36] 76561198352827856: ESP index=13 target=Mag_Expansion_Taser:15401 position=<7488.761719, 120.793564, 6341.781738> action=delete
[COT 2025-04-11 05:36:36] 76561198352827856: ESP index=14 target=WeaponCleaningKit:9087 position=<7488.761719, 120.904579, 6341.781738> action=delete
[COT 2025-04-11 05:36:36] 76561198352827856: ESP index=15 target=PNC_Mag_HoneyBadger_Coupled_60Rnd:10766 position=<7488.761719, 120.888847, 6341.781738> action=delete
[COT 2025-04-11 05:36:36] 76561198352827856: ESP index=16 target=Mag_Expansion_Taser:15638 position=<7488.761719, 120.793564, 6341.781738> action=delete
[COT 2025-04-11 05:36:36] 76561198352827856: ESP index=17 target=PNC_Mag_HoneyBadger_Coupled_60Rnd:13245 position=<7488.761719, 120.888847, 6341.781738> action=delete
[COT 2025-04-11 05:36:36] 76561198352827856: ESP index=18 target=Mag_Expansion_Taser:13580 position=<7488.761719, 120.793564, 6341.781738> action=delete
[COT 2025-04-11 05:36:36] 76561198352827856: ESP index=19 target=PNC_Mag_HoneyBadger_Coupled_60Rnd:15779 position=<7488.761719, 120.888847, 6341.781738> action=delete
[COT 2025-04-11 05:36:36] 76561198352827856: ESP index=20 target=Mag_Expansion_Taser:14421 position=<7488.761719, 120.793564, 6341.781738> action=delete
[COT 2025-04-11 05:36:36] 76561198352827856: ESP index=21 target=Mag_Expansion_Taser:8657 position=<7488.761719, 120.793564, 6341.781738> action=delete
[COT 2025-04-11 05:36:36] 76561198352827856: ESP index=22 target=Mag_Expansion_Taser:11176 position=<7488.761719, 120.793564, 6341.781738> action=delete
[COT 2025-04-11 05:36:36] 76561198352827856: ESP index=23 target=LeatherSewingKit:9491 position=<7488.761719, 120.873581, 6341.781738> action=delete
[COT 2025-04-11 05:36:36] 76561198352827856: ESP index=24 target=Mag_Expansion_Taser:7333 position=<7488.761719, 120.793564, 6341.781738> action=delete
[COT 2025-04-11 05:36:36] 76561198352827856: ESP index=25 target=Mag_Expansion_Taser:5408 position=<7488.761719, 120.793564, 6341.781738> action=delete
[COT 2025-04-11 05:36:36] 76561198352827856: ESP index=26 target=Mag_Expansion_Taser:7232 position=<7488.761719, 120.793564, 6341.781738> action=delete
[COT 2025-04-11 05:36:36] 76561198352827856: ESP index=27 target=Mag_Expansion_Taser:6497 position=<7488.761719, 120.793564, 6341.781738> action=delete
[COT 2025-04-11 05:36:36] 76561198352827856: ESP index=28 target=MetalWire:17255 position=<7488.517578, 120.755310, 6341.875000> action=delete
[COT 2025-04-11 05:36:36] 76561198352827856: ESP index=29 target=Battery9V:17256 position=<7488.761719, 120.760490, 6341.781738> action=delete
[COT 2025-04-11 05:36:36] 76561198352827856: ESP index=30 target=Mag_SVD_10Rnd:17253 position=<7488.761719, 120.823044, 6341.781738> action=delete
[COT 2025-04-11 05:36:36] 76561198352827856: ESP index=31 target=Mag_SVD_10Rnd:17252 position=<7488.761719, 120.823044, 6341.781738> action=delete
[COT 2025-04-11 05:36:36] 76561198352827856: ESP index=32 target=Mag_SVD_10Rnd:17248 position=<7488.761719, 120.823044, 6341.781738> action=delete
[COT 2025-04-11 05:36:36] 76561198352827856: ESP index=33 target=FieldShovel:17254 position=<7488.725586, 120.768105, 6341.792480> action=delete
[COT 2025-04-11 05:36:36] 76561198352827856: ESP index=34 target=Mag_SVD_10Rnd:17250 position=<7488.761719, 120.823044, 6341.781738> action=delete
[COT 2025-04-11 05:36:36] 76561198352827856: ESP index=35 target=Mag_SVD_10Rnd:17251 position=<7488.761719, 120.823044, 6341.781738> action=delete
[COT 2025-04-11 05:36:36] 76561198352827856: ESP index=36 target=Mag_SVD_10Rnd:17249 position=<7488.761719, 120.823044, 6341.781738> action=delete
[COT 2025-04-11 05:36:36] 76561198352827856: ESP index=37 target=Mag_SVD_10Rnd:17245 position=<7488.761719, 120.823044, 6341.781738> action=delete
[COT 2025-04-11 05:36:36] 76561198352827856: ESP index=38 target=Mag_SVD_10Rnd:17247 position=<7488.761719, 120.823044, 6341.781738> action=delete
[COT 2025-04-11 05:36:36] 76561198352827856: ESP index=39 target=Mag_SVD_10Rnd:17246 position=<7488.761719, 120.823044, 6341.781738> action=delete
[COT 2025-04-11 05:36:36] 76561198352827856: ESP index=40 target=DuctTape:17239 position=<7488.761719, 120.834595, 6341.781738> action=delete
[COT 2025-04-11 05:36:36] 76561198352827856: ESP index=41 target=Mag_SVD_10Rnd:17243 position=<7488.761719, 120.823044, 6341.781738> action=delete
[COT 2025-04-11 05:36:36] 76561198352827856: ESP index=42 target=Mag_SVD_10Rnd:17240 position=<7488.761719, 120.823044, 6341.781738> action=delete
[COT 2025-04-11 05:36:36] 76561198352827856: ESP index=43 target=Mag_SVD_10Rnd:17242 position=<7488.761719, 120.823044, 6341.781738> action=delete
[COT 2025-04-11 05:36:36] 76561198352827856: ESP index=44 target=Mag_SVD_10Rnd:17241 position=<7488.761719, 120.823044, 6341.781738> action=delete
[COT 2025-04-11 05:36:36] 76561198352827856: ESP index=45 target=Mag_SVD_10Rnd:17244 position=<7488.761719, 120.823044, 6341.781738> action=delete
[COT 2025-04-11 05:36:36] 76561198352827856: ESP index=46 target=HuntingKnife:17213 position=<7488.784180, 120.766937, 6341.769043> action=delete
[COT 2025-04-11 05:36:36] 76561198352827856: ESP index=47 target=Heatpack:17202 position=<7488.709473, 120.777138, 6341.798828> action=delete
[COT 2025-04-11 05:36:36] 76561198352827856: ESP index=48 target=Heatpack:17201 position=<7488.709473, 120.753830, 6341.798828> action=delete
[COT 2025-04-11 05:36:36] 76561198352827856: ESP index=49 target=Heatpack:17196 position=<7488.709473, 120.777138, 6341.798828> action=delete
[COT 2025-04-11 05:36:36] 76561198352827856: ESP index=50 target=Heatpack:17198 position=<7488.709473, 120.753830, 6341.798828> action=delete
[COT 2025-04-11 05:36:36] 76561198352827856: ESP action=delete_all count=51 attempted=51
[COT 2025-04-11 05:44:25] 76561198352827856: Deleted Entity ExpansionWall6x3:15146 at <7489.503418, 120.825996, 6337.239258>
[COT 2025-04-11 05:45:04] 76561198352827856: Deleted Entity mmg_lockable_gun_rack_grey:13618 at <7500.209961, 125.163002, 6348.069824>
[COT 2025-04-11 05:45:19] 76561198352827856: ESP: Clearing ESP
[COT 2025-04-11 05:45:43] 76561198352827856: Deactivated Community Online Tools [guid=m_TD03B4NXDQrU5koHpLq3WyQf1hXTvQSdETJOTM8ss=]
