[COT 2025-04-10 11:33:36] 76561198352827856: Activated Community Online Tools [guid=m_TD03B4NXDQrU5koHpLq3WyQf1hXTvQSdETJOTM8ss=]
[COT 2025-04-10 11:33:52] 76561198352827856: Teleported 76561198352827856 to position <3330.568848, 173.360001, 6733.623047>
[COT 2025-04-10 11:34:02] 76561198352827856: Entered the Free Camera
[COT 2025-04-10 11:34:10] 76561198352827856: Left the Free Camera
[COT 2025-04-10 11:35:05] 76561198352827856: Spawned Entity Ammo box (Hel_MagazineLoading_DeepYellow_SLOT3<497d9410>, 100, 99999, 15, 0) at <3311.603027, 173.587814, 6682.958496>
[COT 2025-04-10 11:35:29] 76561198352827856: ESP: Viewing ESP
[COT 2025-04-10 11:35:48] 76561198352827856: ESP target=Hel_MagazineLoading_DeepYellow_SLOT3<497d9410> action=orientation value=<-71.820297, 0.000000, 0.000000>
[COT 2025-04-10 11:35:48] 76561198352827856: ESP target=Hel_MagazineLoading_DeepYellow_SLOT3<497d9410> action=orientation value=<-70.820297, 0.000000, 0.000000>
[COT 2025-04-10 11:35:48] 76561198352827856: ESP target=Hel_MagazineLoading_DeepYellow_SLOT3<497d9410> action=orientation value=<-69.820297, 0.000000, 0.000000>
[COT 2025-04-10 11:35:48] 76561198352827856: ESP target=Hel_MagazineLoading_DeepYellow_SLOT3<497d9410> action=orientation value=<-68.820297, 0.000000, 0.000000>
[COT 2025-04-10 11:35:48] 76561198352827856: ESP target=Hel_MagazineLoading_DeepYellow_SLOT3<497d9410> action=orientation value=<-67.820297, 0.000000, 0.000000>
[COT 2025-04-10 11:35:48] 76561198352827856: ESP target=Hel_MagazineLoading_DeepYellow_SLOT3<497d9410> action=orientation value=<-66.820297, 0.000000, 0.000000>
[COT 2025-04-10 11:35:48] 76561198352827856: ESP target=Hel_MagazineLoading_DeepYellow_SLOT3<497d9410> action=orientation value=<-65.820297, 0.000000, 0.000000>
[COT 2025-04-10 11:35:48] 76561198352827856: ESP target=Hel_MagazineLoading_DeepYellow_SLOT3<497d9410> action=orientation value=<-64.820297, 0.000000, 0.000000>
[COT 2025-04-10 11:35:48] 76561198352827856: ESP target=Hel_MagazineLoading_DeepYellow_SLOT3<497d9410> action=orientation value=<-63.820301, 0.000000, 0.000000>
[COT 2025-04-10 11:35:49] 76561198352827856: ESP target=Hel_MagazineLoading_DeepYellow_SLOT3<497d9410> action=orientation value=<-64.820297, 0.000000, 0.000000>
[COT 2025-04-10 11:35:49] 76561198352827856: ESP target=Hel_MagazineLoading_DeepYellow_SLOT3<497d9410> action=orientation value=<-65.820297, 0.000000, 0.000000>
[COT 2025-04-10 11:35:49] 76561198352827856: ESP target=Hel_MagazineLoading_DeepYellow_SLOT3<497d9410> action=orientation value=<-64.820297, 0.000000, 0.000000>
[COT 2025-04-10 11:35:49] 76561198352827856: ESP target=Hel_MagazineLoading_DeepYellow_SLOT3<497d9410> action=orientation value=<-62.820301, 0.000000, 0.000000>
[COT 2025-04-10 11:35:49] 76561198352827856: ESP target=Hel_MagazineLoading_DeepYellow_SLOT3<497d9410> action=orientation value=<-61.820301, 0.000000, 0.000000>
[COT 2025-04-10 11:35:49] 76561198352827856: ESP target=Hel_MagazineLoading_DeepYellow_SLOT3<497d9410> action=orientation value=<-60.820301, 0.000000, 0.000000>
[COT 2025-04-10 11:35:49] 76561198352827856: ESP target=Hel_MagazineLoading_DeepYellow_SLOT3<497d9410> action=orientation value=<-59.820301, 0.000000, 0.000000>
[COT 2025-04-10 11:35:49] 76561198352827856: ESP target=Hel_MagazineLoading_DeepYellow_SLOT3<497d9410> action=orientation value=<-58.820301, 0.000000, 0.000000>
[COT 2025-04-10 11:35:49] 76561198352827856: ESP target=Hel_MagazineLoading_DeepYellow_SLOT3<497d9410> action=orientation value=<-57.820301, 0.000000, 0.000000>
[COT 2025-04-10 11:35:50] 76561198352827856: ESP target=Hel_MagazineLoading_DeepYellow_SLOT3<497d9410> action=orientation value=<-56.820301, 0.000000, 0.000000>
[COT 2025-04-10 11:35:50] 76561198352827856: ESP target=Hel_MagazineLoading_DeepYellow_SLOT3<497d9410> action=orientation value=<-55.820301, 0.000000, 0.000000>
[COT 2025-04-10 11:35:50] 76561198352827856: ESP target=Hel_MagazineLoading_DeepYellow_SLOT3<497d9410> action=orientation value=<-54.820301, 0.000000, 0.000000>
[COT 2025-04-10 11:35:50] 76561198352827856: ESP target=Hel_MagazineLoading_DeepYellow_SLOT3<497d9410> action=orientation value=<-53.820301, 0.000000, 0.000000>
[COT 2025-04-10 11:35:50] 76561198352827856: ESP target=Hel_MagazineLoading_DeepYellow_SLOT3<497d9410> action=orientation value=<-52.820301, 0.000000, 0.000000>
[COT 2025-04-10 11:35:50] 76561198352827856: ESP target=Hel_MagazineLoading_DeepYellow_SLOT3<497d9410> action=orientation value=<-51.820301, 0.000000, 0.000000>
[COT 2025-04-10 11:35:50] 76561198352827856: ESP target=Hel_MagazineLoading_DeepYellow_SLOT3<497d9410> action=orientation value=<-50.820301, 0.000000, 0.000000>
[COT 2025-04-10 11:35:50] 76561198352827856: ESP target=Hel_MagazineLoading_DeepYellow_SLOT3<497d9410> action=orientation value=<-49.820301, 0.000000, 0.000000>
[COT 2025-04-10 11:35:50] 76561198352827856: ESP target=Hel_MagazineLoading_DeepYellow_SLOT3<497d9410> action=orientation value=<-47.820301, 0.000000, 0.000000>
[COT 2025-04-10 11:35:50] 76561198352827856: ESP target=Hel_MagazineLoading_DeepYellow_SLOT3<497d9410> action=orientation value=<-46.820301, 0.000000, 0.000000>
[COT 2025-04-10 11:35:50] 76561198352827856: ESP target=Hel_MagazineLoading_DeepYellow_SLOT3<497d9410> action=orientation value=<-45.820301, 0.000000, 0.000000>
[COT 2025-04-10 11:35:50] 76561198352827856: ESP target=Hel_MagazineLoading_DeepYellow_SLOT3<497d9410> action=orientation value=<-44.820301, 0.000000, 0.000000>
[COT 2025-04-10 11:35:50] 76561198352827856: ESP target=Hel_MagazineLoading_DeepYellow_SLOT3<497d9410> action=orientation value=<-42.820301, 0.000000, 0.000000>
[COT 2025-04-10 11:35:50] 76561198352827856: ESP target=Hel_MagazineLoading_DeepYellow_SLOT3<497d9410> action=orientation value=<-41.820301, 0.000000, 0.000000>
[COT 2025-04-10 11:35:51] 76561198352827856: ESP target=Hel_MagazineLoading_DeepYellow_SLOT3<497d9410> action=orientation value=<-40.820301, 0.000000, 0.000000>
[COT 2025-04-10 11:35:51] 76561198352827856: ESP target=Hel_MagazineLoading_DeepYellow_SLOT3<497d9410> action=orientation value=<-39.820301, 0.000000, 0.000000>
[COT 2025-04-10 11:35:51] 76561198352827856: ESP target=Hel_MagazineLoading_DeepYellow_SLOT3<497d9410> action=orientation value=<-38.820301, 0.000000, 0.000000>
[COT 2025-04-10 11:35:51] 76561198352827856: ESP target=Hel_MagazineLoading_DeepYellow_SLOT3<497d9410> action=orientation value=<-37.820301, 0.000000, 0.000000>
[COT 2025-04-10 11:35:51] 76561198352827856: ESP target=Hel_MagazineLoading_DeepYellow_SLOT3<497d9410> action=orientation value=<-36.820301, 0.000000, 0.000000>
[COT 2025-04-10 11:35:51] 76561198352827856: ESP target=Hel_MagazineLoading_DeepYellow_SLOT3<497d9410> action=orientation value=<-35.820301, 0.000000, 0.000000>
[COT 2025-04-10 11:35:51] 76561198352827856: ESP target=Hel_MagazineLoading_DeepYellow_SLOT3<497d9410> action=orientation value=<-34.820301, 0.000000, 0.000000>
[COT 2025-04-10 11:35:51] 76561198352827856: ESP target=Hel_MagazineLoading_DeepYellow_SLOT3<497d9410> action=orientation value=<-33.820301, 0.000000, 0.000000>
[COT 2025-04-10 11:35:51] 76561198352827856: ESP target=Hel_MagazineLoading_DeepYellow_SLOT3<497d9410> action=orientation value=<-32.820301, 0.000000, 0.000000>
[COT 2025-04-10 11:35:51] 76561198352827856: ESP target=Hel_MagazineLoading_DeepYellow_SLOT3<497d9410> action=orientation value=<-31.820299, 0.000000, 0.000000>
[COT 2025-04-10 11:35:51] 76561198352827856: ESP target=Hel_MagazineLoading_DeepYellow_SLOT3<497d9410> action=orientation value=<-29.820299, 0.000000, 0.000000>
[COT 2025-04-10 11:35:51] 76561198352827856: ESP target=Hel_MagazineLoading_DeepYellow_SLOT3<497d9410> action=orientation value=<-28.820299, 0.000000, 0.000000>
[COT 2025-04-10 11:35:51] 76561198352827856: ESP target=Hel_MagazineLoading_DeepYellow_SLOT3<497d9410> action=orientation value=<-27.820299, 0.000000, 0.000000>
[COT 2025-04-10 11:35:51] 76561198352827856: ESP target=Hel_MagazineLoading_DeepYellow_SLOT3<497d9410> action=orientation value=<-26.820299, 0.000000, 0.000000>
[COT 2025-04-10 11:35:51] 76561198352827856: ESP target=Hel_MagazineLoading_DeepYellow_SLOT3<497d9410> action=orientation value=<-25.820299, 0.000000, 0.000000>
[COT 2025-04-10 11:35:51] 76561198352827856: ESP target=Hel_MagazineLoading_DeepYellow_SLOT3<497d9410> action=orientation value=<-24.820299, 0.000000, 0.000000>
[COT 2025-04-10 11:35:52] 76561198352827856: ESP target=Hel_MagazineLoading_DeepYellow_SLOT3<497d9410> action=orientation value=<-23.820299, 0.000000, 0.000000>
[COT 2025-04-10 11:35:52] 76561198352827856: ESP target=Hel_MagazineLoading_DeepYellow_SLOT3<497d9410> action=orientation value=<-22.820299, 0.000000, 0.000000>
[COT 2025-04-10 11:35:52] 76561198352827856: ESP target=Hel_MagazineLoading_DeepYellow_SLOT3<497d9410> action=orientation value=<-20.820299, 0.000000, 0.000000>
[COT 2025-04-10 11:35:52] 76561198352827856: ESP target=Hel_MagazineLoading_DeepYellow_SLOT3<497d9410> action=orientation value=<-19.820299, 0.000000, 0.000000>
[COT 2025-04-10 11:35:52] 76561198352827856: ESP target=Hel_MagazineLoading_DeepYellow_SLOT3<497d9410> action=orientation value=<-18.820299, 0.000000, 0.000000>
[COT 2025-04-10 11:35:52] 76561198352827856: ESP target=Hel_MagazineLoading_DeepYellow_SLOT3<497d9410> action=orientation value=<-17.820299, 0.000000, 0.000000>
[COT 2025-04-10 11:35:52] 76561198352827856: ESP target=Hel_MagazineLoading_DeepYellow_SLOT3<497d9410> action=orientation value=<-16.820299, 0.000000, 0.000000>
[COT 2025-04-10 11:35:52] 76561198352827856: ESP target=Hel_MagazineLoading_DeepYellow_SLOT3<497d9410> action=orientation value=<-15.820300, 0.000000, 0.000000>
[COT 2025-04-10 11:35:52] 76561198352827856: ESP target=Hel_MagazineLoading_DeepYellow_SLOT3<497d9410> action=orientation value=<-14.820300, 0.000000, 0.000000>
[COT 2025-04-10 11:35:52] 76561198352827856: ESP target=Hel_MagazineLoading_DeepYellow_SLOT3<497d9410> action=orientation value=<-13.820300, 0.000000, 0.000000>
[COT 2025-04-10 11:35:52] 76561198352827856: ESP target=Hel_MagazineLoading_DeepYellow_SLOT3<497d9410> action=orientation value=<-12.820300, 0.000000, 0.000000>
[COT 2025-04-10 11:35:52] 76561198352827856: ESP target=Hel_MagazineLoading_DeepYellow_SLOT3<497d9410> action=orientation value=<-11.820300, 0.000000, 0.000000>
[COT 2025-04-10 11:35:52] 76561198352827856: ESP target=Hel_MagazineLoading_DeepYellow_SLOT3<497d9410> action=orientation value=<-10.820300, 0.000000, 0.000000>
[COT 2025-04-10 11:35:52] 76561198352827856: ESP target=Hel_MagazineLoading_DeepYellow_SLOT3<497d9410> action=orientation value=<-9.820300, 0.000000, 0.000000>
[COT 2025-04-10 11:35:53] 76561198352827856: ESP target=Hel_MagazineLoading_DeepYellow_SLOT3<497d9410> action=orientation value=<-8.820300, 0.000000, 0.000000>
[COT 2025-04-10 11:35:53] 76561198352827856: ESP target=Hel_MagazineLoading_DeepYellow_SLOT3<497d9410> action=orientation value=<-7.820300, 0.000000, 0.000000>
[COT 2025-04-10 11:35:53] 76561198352827856: ESP target=Hel_MagazineLoading_DeepYellow_SLOT3<497d9410> action=orientation value=<-6.820300, 0.000000, 0.000000>
[COT 2025-04-10 11:35:53] 76561198352827856: ESP target=Hel_MagazineLoading_DeepYellow_SLOT3<497d9410> action=orientation value=<-5.820300, 0.000000, 0.000000>
[COT 2025-04-10 11:35:53] 76561198352827856: ESP target=Hel_MagazineLoading_DeepYellow_SLOT3<497d9410> action=orientation value=<-4.820300, 0.000000, 0.000000>
[COT 2025-04-10 11:35:53] 76561198352827856: ESP target=Hel_MagazineLoading_DeepYellow_SLOT3<497d9410> action=orientation value=<-3.820300, 0.000000, 0.000000>
[COT 2025-04-10 11:35:53] 76561198352827856: ESP target=Hel_MagazineLoading_DeepYellow_SLOT3<497d9410> action=orientation value=<-2.820300, 0.000000, 0.000000>
[COT 2025-04-10 11:35:54] 76561198352827856: ESP target=Hel_MagazineLoading_DeepYellow_SLOT3<497d9410> action=orientation value=<-1.820300, 0.000000, 0.000000>
[COT 2025-04-10 11:35:54] 76561198352827856: ESP target=Hel_MagazineLoading_DeepYellow_SLOT3<497d9410> action=orientation value=<-0.820300, 0.000000, 0.000000>
[COT 2025-04-10 11:35:54] 76561198352827856: ESP target=Hel_MagazineLoading_DeepYellow_SLOT3<497d9410> action=orientation value=<0.179700, 0.000000, 0.000000>
[COT 2025-04-10 11:35:54] 76561198352827856: ESP target=Hel_MagazineLoading_DeepYellow_SLOT3<497d9410> action=orientation value=<1.179700, 0.000000, 0.000000>
[COT 2025-04-10 11:35:54] 76561198352827856: ESP target=Hel_MagazineLoading_DeepYellow_SLOT3<497d9410> action=orientation value=<0.179700, 0.000000, 0.000000>
[COT 2025-04-10 11:35:55] 76561198352827856: ESP target=Hel_MagazineLoading_DeepYellow_SLOT3<497d9410> action=orientation value=<1.179700, 0.000000, -0.000000>
[COT 2025-04-10 11:35:56] 76561198352827856: ESP target=Hel_MagazineLoading_DeepYellow_SLOT3<497d9410> action=orientation value=<2.179700, 0.000000, -0.000000>
[COT 2025-04-10 11:35:57] 76561198352827856: ESP target=Hel_MagazineLoading_DeepYellow_SLOT3<497d9410> action=orientation value=<1.179700, 0.000000, -0.000000>
[COT 2025-04-10 11:36:01] 76561198352827856: ESP target=Hel_MagazineLoading_DeepYellow_SLOT3<497d9410> action=position value=<3311.699951, 173.518997, 6682.959961>
[COT 2025-04-10 11:36:02] 76561198352827856: ESP target=Hel_MagazineLoading_DeepYellow_SLOT3<497d9410> action=position value=<3311.600098, 173.518997, 6682.959961>
[COT 2025-04-10 11:36:02] 76561198352827856: ESP target=Hel_MagazineLoading_DeepYellow_SLOT3<497d9410> action=position value=<3311.500000, 173.518997, 6682.959961>
[COT 2025-04-10 11:36:04] 76561198352827856: ESP target=Hel_MagazineLoading_DeepYellow_SLOT3<497d9410> action=position value=<3311.500000, 173.518997, 6683.060059>
[COT 2025-04-10 11:36:12] 76561198352827856: ESP target=Hel_MagazineLoading_DeepYellow_SLOT3<497d9410> action=position value=<3311.500000, 173.518997, 6684.060059>
[COT 2025-04-10 11:36:13] 76561198352827856: ESP target=Hel_MagazineLoading_DeepYellow_SLOT3<497d9410> action=position value=<3311.500000, 173.518997, 6685.060059>
[COT 2025-04-10 11:36:15] 76561198352827856: ESP target=Hel_MagazineLoading_DeepYellow_SLOT3<497d9410> action=position value=<3311.500000, 173.518997, 6684.060059>
[COT 2025-04-10 11:36:16] 76561198352827856: ESP target=Hel_MagazineLoading_DeepYellow_SLOT3<497d9410> action=position value=<3311.500000, 173.518997, 6683.060059>
[COT 2025-04-10 11:36:17] 76561198352827856: ESP target=Hel_MagazineLoading_DeepYellow_SLOT3<497d9410> action=position value=<3311.500000, 173.518997, 6683.160156>
[COT 2025-04-10 11:36:31] 76561198352827856: ESP: Clearing ESP
[COT 2025-04-10 11:36:49] 76561198352827856: Teleported 76561198352827856 to position <7510.677734, 121.646797, 6321.849609>
[COT 2025-04-10 11:36:57] 76561198352827856: Set GodMode To true [guid=m_TD03B4NXDQrU5koHpLq3WyQf1hXTvQSdETJOTM8ss=]
[COT 2025-04-10 11:36:57] 76561198352827856: Set cannot be targeted by AI to true [guid=m_TD03B4NXDQrU5koHpLq3WyQf1hXTvQSdETJOTM8ss=]
[COT 2025-04-10 11:37:10] 76561198352827856: Entered the Free Camera
[COT 2025-04-10 11:37:30] 76561198352827856: Left the Free Camera
[COT 2025-04-10 11:37:45] 76561198352827856: Spawned Entity Ammo box (Hel_MagazineLoading_DeepMagentaCamo<3ca08a90>, 100, 99999, 15, 0) at <7494.350586, 120.791420, 6342.083008>
[COT 2025-04-10 11:37:52] 76561198352827856: Spawned Entity MMG TA-50 Locker Kit Green (mmg_locker02_green_kit<3ca09620>, 100, 1000, 15, 0) at <7494.140625, 121.215187, 6341.700684>
[COT 2025-04-10 11:38:21] 76561198352827856: ESP: Viewing ESP
[COT 2025-04-10 11:38:28] 76561198352827856: ESP target=Hel_MagazineLoading_DeepMagentaCamo<3ca08a90> action=orientation value=<85.748001, 0.000000, -0.000000>
[COT 2025-04-10 11:38:28] 76561198352827856: ESP target=Hel_MagazineLoading_DeepMagentaCamo<3ca08a90> action=orientation value=<85.648003, 0.000000, -0.000000>
[COT 2025-04-10 11:38:28] 76561198352827856: ESP target=Hel_MagazineLoading_DeepMagentaCamo<3ca08a90> action=orientation value=<85.547997, 0.000000, -0.000000>
[COT 2025-04-10 11:38:28] 76561198352827856: ESP target=Hel_MagazineLoading_DeepMagentaCamo<3ca08a90> action=orientation value=<85.447998, 0.000000, -0.000000>
[COT 2025-04-10 11:38:28] 76561198352827856: ESP target=Hel_MagazineLoading_DeepMagentaCamo<3ca08a90> action=orientation value=<85.348000, 0.000000, -0.000000>
[COT 2025-04-10 11:38:28] 76561198352827856: ESP target=Hel_MagazineLoading_DeepMagentaCamo<3ca08a90> action=orientation value=<84.348000, 0.000000, -0.000000>
[COT 2025-04-10 11:38:28] 76561198352827856: ESP target=Hel_MagazineLoading_DeepMagentaCamo<3ca08a90> action=orientation value=<83.348000, 0.000000, -0.000000>
[COT 2025-04-10 11:38:28] 76561198352827856: ESP target=Hel_MagazineLoading_DeepMagentaCamo<3ca08a90> action=orientation value=<82.348000, 0.000000, -0.000000>
[COT 2025-04-10 11:38:28] 76561198352827856: ESP target=Hel_MagazineLoading_DeepMagentaCamo<3ca08a90> action=orientation value=<81.348000, 0.000000, -0.000000>
[COT 2025-04-10 11:38:29] 76561198352827856: ESP target=Hel_MagazineLoading_DeepMagentaCamo<3ca08a90> action=orientation value=<80.348000, 0.000000, -0.000000>
[COT 2025-04-10 11:38:29] 76561198352827856: ESP target=Hel_MagazineLoading_DeepMagentaCamo<3ca08a90> action=orientation value=<79.348000, 0.000000, -0.000000>
[COT 2025-04-10 11:38:29] 76561198352827856: ESP target=Hel_MagazineLoading_DeepMagentaCamo<3ca08a90> action=orientation value=<78.348000, 0.000000, -0.000000>
[COT 2025-04-10 11:38:29] 76561198352827856: ESP target=Hel_MagazineLoading_DeepMagentaCamo<3ca08a90> action=orientation value=<77.348000, 0.000000, -0.000000>
[COT 2025-04-10 11:38:29] 76561198352827856: ESP target=Hel_MagazineLoading_DeepMagentaCamo<3ca08a90> action=orientation value=<76.348000, 0.000000, -0.000000>
[COT 2025-04-10 11:38:29] 76561198352827856: ESP target=Hel_MagazineLoading_DeepMagentaCamo<3ca08a90> action=orientation value=<75.348000, 0.000000, -0.000000>
[COT 2025-04-10 11:38:29] 76561198352827856: ESP target=Hel_MagazineLoading_DeepMagentaCamo<3ca08a90> action=orientation value=<74.348000, 0.000000, -0.000000>
[COT 2025-04-10 11:38:29] 76561198352827856: ESP target=Hel_MagazineLoading_DeepMagentaCamo<3ca08a90> action=orientation value=<73.348000, 0.000000, -0.000000>
[COT 2025-04-10 11:38:29] 76561198352827856: ESP target=Hel_MagazineLoading_DeepMagentaCamo<3ca08a90> action=orientation value=<70.348000, 0.000000, -0.000000>
[COT 2025-04-10 11:38:30] 76561198352827856: ESP target=Hel_MagazineLoading_DeepMagentaCamo<3ca08a90> action=orientation value=<69.348000, 0.000000, -0.000000>
[COT 2025-04-10 11:38:30] 76561198352827856: ESP target=Hel_MagazineLoading_DeepMagentaCamo<3ca08a90> action=orientation value=<68.348000, 0.000000, -0.000000>
[COT 2025-04-10 11:38:30] 76561198352827856: ESP target=Hel_MagazineLoading_DeepMagentaCamo<3ca08a90> action=orientation value=<67.348000, 0.000000, -0.000000>
[COT 2025-04-10 11:38:30] 76561198352827856: ESP target=Hel_MagazineLoading_DeepMagentaCamo<3ca08a90> action=orientation value=<66.348000, 0.000000, -0.000000>
[COT 2025-04-10 11:38:30] 76561198352827856: ESP target=Hel_MagazineLoading_DeepMagentaCamo<3ca08a90> action=orientation value=<65.348000, 0.000000, -0.000000>
[COT 2025-04-10 11:38:30] 76561198352827856: ESP target=Hel_MagazineLoading_DeepMagentaCamo<3ca08a90> action=orientation value=<64.348000, 0.000000, -0.000000>
[COT 2025-04-10 11:38:30] 76561198352827856: ESP target=Hel_MagazineLoading_DeepMagentaCamo<3ca08a90> action=orientation value=<63.348000, 0.000000, -0.000000>
[COT 2025-04-10 11:38:30] 76561198352827856: ESP target=Hel_MagazineLoading_DeepMagentaCamo<3ca08a90> action=orientation value=<62.348000, 0.000000, -0.000000>
[COT 2025-04-10 11:38:30] 76561198352827856: ESP target=Hel_MagazineLoading_DeepMagentaCamo<3ca08a90> action=orientation value=<63.348000, 0.000000, -0.000000>
[COT 2025-04-10 11:38:30] 76561198352827856: ESP target=Hel_MagazineLoading_DeepMagentaCamo<3ca08a90> action=orientation value=<64.348000, 0.000000, -0.000000>
[COT 2025-04-10 11:38:30] 76561198352827856: ESP target=Hel_MagazineLoading_DeepMagentaCamo<3ca08a90> action=orientation value=<66.348000, 0.000000, -0.000000>
[COT 2025-04-10 11:38:31] 76561198352827856: ESP target=Hel_MagazineLoading_DeepMagentaCamo<3ca08a90> action=orientation value=<67.348000, 0.000000, -0.000000>
[COT 2025-04-10 11:38:31] 76561198352827856: ESP target=Hel_MagazineLoading_DeepMagentaCamo<3ca08a90> action=orientation value=<69.348000, 0.000000, -0.000000>
[COT 2025-04-10 11:38:31] 76561198352827856: ESP target=Hel_MagazineLoading_DeepMagentaCamo<3ca08a90> action=orientation value=<71.348000, 0.000000, -0.000000>
[COT 2025-04-10 11:38:31] 76561198352827856: ESP target=Hel_MagazineLoading_DeepMagentaCamo<3ca08a90> action=orientation value=<72.348000, 0.000000, -0.000000>
[COT 2025-04-10 11:38:31] 76561198352827856: ESP target=Hel_MagazineLoading_DeepMagentaCamo<3ca08a90> action=orientation value=<73.348000, 0.000000, -0.000000>
[COT 2025-04-10 11:38:31] 76561198352827856: ESP target=Hel_MagazineLoading_DeepMagentaCamo<3ca08a90> action=orientation value=<75.348000, 0.000000, -0.000000>
[COT 2025-04-10 11:38:31] 76561198352827856: ESP target=Hel_MagazineLoading_DeepMagentaCamo<3ca08a90> action=orientation value=<76.348000, 0.000000, -0.000000>
[COT 2025-04-10 11:38:31] 76561198352827856: ESP target=Hel_MagazineLoading_DeepMagentaCamo<3ca08a90> action=orientation value=<78.348000, 0.000000, -0.000000>
[COT 2025-04-10 11:38:31] 76561198352827856: ESP target=Hel_MagazineLoading_DeepMagentaCamo<3ca08a90> action=orientation value=<79.348000, 0.000000, -0.000000>
[COT 2025-04-10 11:38:31] 76561198352827856: ESP target=Hel_MagazineLoading_DeepMagentaCamo<3ca08a90> action=orientation value=<80.348000, 0.000000, -0.000000>
[COT 2025-04-10 11:38:31] 76561198352827856: ESP target=Hel_MagazineLoading_DeepMagentaCamo<3ca08a90> action=orientation value=<82.348000, 0.000000, -0.000000>
[COT 2025-04-10 11:38:31] 76561198352827856: ESP target=Hel_MagazineLoading_DeepMagentaCamo<3ca08a90> action=orientation value=<83.348000, 0.000000, -0.000000>
[COT 2025-04-10 11:38:31] 76561198352827856: ESP target=Hel_MagazineLoading_DeepMagentaCamo<3ca08a90> action=orientation value=<84.348000, 0.000000, -0.000000>
[COT 2025-04-10 11:38:32] 76561198352827856: ESP target=Hel_MagazineLoading_DeepMagentaCamo<3ca08a90> action=orientation value=<85.348000, 0.000000, -0.000000>
[COT 2025-04-10 11:38:32] 76561198352827856: ESP target=Hel_MagazineLoading_DeepMagentaCamo<3ca08a90> action=orientation value=<87.348000, 0.000000, -0.000000>
[COT 2025-04-10 11:38:32] 76561198352827856: ESP target=Hel_MagazineLoading_DeepMagentaCamo<3ca08a90> action=orientation value=<88.348000, 0.000000, -0.000000>
[COT 2025-04-10 11:38:32] 76561198352827856: ESP target=Hel_MagazineLoading_DeepMagentaCamo<3ca08a90> action=orientation value=<89.348000, 0.000000, -0.000000>
[COT 2025-04-10 11:38:32] 76561198352827856: ESP target=Hel_MagazineLoading_DeepMagentaCamo<3ca08a90> action=orientation value=<90.348000, 0.000000, -0.000000>
[COT 2025-04-10 11:38:32] 76561198352827856: ESP target=Hel_MagazineLoading_DeepMagentaCamo<3ca08a90> action=orientation value=<91.348000, 0.000000, -0.000000>
[COT 2025-04-10 11:38:32] 76561198352827856: ESP target=Hel_MagazineLoading_DeepMagentaCamo<3ca08a90> action=orientation value=<92.348000, 0.000000, -0.000000>
[COT 2025-04-10 11:38:32] 76561198352827856: ESP target=Hel_MagazineLoading_DeepMagentaCamo<3ca08a90> action=orientation value=<93.348000, 0.000000, -0.000000>
[COT 2025-04-10 11:38:32] 76561198352827856: ESP target=Hel_MagazineLoading_DeepMagentaCamo<3ca08a90> action=orientation value=<95.348000, 0.000000, -0.000000>
[COT 2025-04-10 11:38:32] 76561198352827856: ESP target=Hel_MagazineLoading_DeepMagentaCamo<3ca08a90> action=orientation value=<96.348000, 0.000000, -0.000000>
[COT 2025-04-10 11:38:32] 76561198352827856: ESP target=Hel_MagazineLoading_DeepMagentaCamo<3ca08a90> action=orientation value=<97.348000, 0.000000, -0.000000>
[COT 2025-04-10 11:38:32] 76561198352827856: ESP target=Hel_MagazineLoading_DeepMagentaCamo<3ca08a90> action=orientation value=<98.348000, 0.000000, -0.000000>
[COT 2025-04-10 11:38:32] 76561198352827856: ESP target=Hel_MagazineLoading_DeepMagentaCamo<3ca08a90> action=orientation value=<99.348000, 0.000000, -0.000000>
[COT 2025-04-10 11:38:32] 76561198352827856: ESP target=Hel_MagazineLoading_DeepMagentaCamo<3ca08a90> action=orientation value=<100.348000, 0.000000, -0.000000>
[COT 2025-04-10 11:38:33] 76561198352827856: ESP target=Hel_MagazineLoading_DeepMagentaCamo<3ca08a90> action=orientation value=<102.348000, 0.000000, -0.000000>
[COT 2025-04-10 11:38:33] 76561198352827856: ESP target=Hel_MagazineLoading_DeepMagentaCamo<3ca08a90> action=orientation value=<104.348000, 0.000000, -0.000000>
[COT 2025-04-10 11:38:33] 76561198352827856: ESP target=Hel_MagazineLoading_DeepMagentaCamo<3ca08a90> action=orientation value=<105.348000, 0.000000, -0.000000>
[COT 2025-04-10 11:38:33] 76561198352827856: ESP target=Hel_MagazineLoading_DeepMagentaCamo<3ca08a90> action=orientation value=<106.348000, 0.000000, -0.000000>
[COT 2025-04-10 11:38:33] 76561198352827856: ESP target=Hel_MagazineLoading_DeepMagentaCamo<3ca08a90> action=orientation value=<108.348000, 0.000000, -0.000000>
[COT 2025-04-10 11:38:33] 76561198352827856: ESP target=Hel_MagazineLoading_DeepMagentaCamo<3ca08a90> action=orientation value=<109.348000, 0.000000, -0.000000>
[COT 2025-04-10 11:38:33] 76561198352827856: ESP target=Hel_MagazineLoading_DeepMagentaCamo<3ca08a90> action=orientation value=<110.348000, 0.000000, -0.000000>
[COT 2025-04-10 11:38:33] 76561198352827856: ESP target=Hel_MagazineLoading_DeepMagentaCamo<3ca08a90> action=orientation value=<111.348000, 0.000000, -0.000000>
[COT 2025-04-10 11:38:33] 76561198352827856: ESP target=Hel_MagazineLoading_DeepMagentaCamo<3ca08a90> action=orientation value=<113.348000, 0.000000, -0.000000>
[COT 2025-04-10 11:38:33] 76561198352827856: ESP target=Hel_MagazineLoading_DeepMagentaCamo<3ca08a90> action=orientation value=<114.348000, 0.000000, -0.000000>
[COT 2025-04-10 11:38:33] 76561198352827856: ESP target=Hel_MagazineLoading_DeepMagentaCamo<3ca08a90> action=orientation value=<115.348000, 0.000000, -0.000000>
[COT 2025-04-10 11:38:33] 76561198352827856: ESP target=Hel_MagazineLoading_DeepMagentaCamo<3ca08a90> action=orientation value=<116.348000, 0.000000, -0.000000>
[COT 2025-04-10 11:38:33] 76561198352827856: ESP target=Hel_MagazineLoading_DeepMagentaCamo<3ca08a90> action=orientation value=<118.348000, 0.000000, -0.000000>
[COT 2025-04-10 11:38:33] 76561198352827856: ESP target=Hel_MagazineLoading_DeepMagentaCamo<3ca08a90> action=orientation value=<119.348000, 0.000000, -0.000000>
[COT 2025-04-10 11:38:34] 76561198352827856: ESP target=Hel_MagazineLoading_DeepMagentaCamo<3ca08a90> action=orientation value=<120.348000, 0.000000, -0.000000>
[COT 2025-04-10 11:38:34] 76561198352827856: ESP target=Hel_MagazineLoading_DeepMagentaCamo<3ca08a90> action=orientation value=<121.348000, 0.000000, -0.000000>
[COT 2025-04-10 11:38:34] 76561198352827856: ESP target=Hel_MagazineLoading_DeepMagentaCamo<3ca08a90> action=orientation value=<122.348000, 0.000000, -0.000000>
[COT 2025-04-10 11:38:34] 76561198352827856: ESP target=Hel_MagazineLoading_DeepMagentaCamo<3ca08a90> action=orientation value=<124.348000, 0.000000, -0.000000>
[COT 2025-04-10 11:38:34] 76561198352827856: ESP target=Hel_MagazineLoading_DeepMagentaCamo<3ca08a90> action=orientation value=<125.348000, 0.000000, -0.000000>
[COT 2025-04-10 11:38:34] 76561198352827856: ESP target=Hel_MagazineLoading_DeepMagentaCamo<3ca08a90> action=orientation value=<126.348000, 0.000000, -0.000000>
[COT 2025-04-10 11:38:34] 76561198352827856: ESP target=Hel_MagazineLoading_DeepMagentaCamo<3ca08a90> action=orientation value=<127.348000, 0.000000, -0.000000>
[COT 2025-04-10 11:38:34] 76561198352827856: ESP target=Hel_MagazineLoading_DeepMagentaCamo<3ca08a90> action=orientation value=<128.348007, 0.000000, -0.000000>
[COT 2025-04-10 11:38:34] 76561198352827856: ESP target=Hel_MagazineLoading_DeepMagentaCamo<3ca08a90> action=orientation value=<130.348007, 0.000000, -0.000000>
[COT 2025-04-10 11:38:34] 76561198352827856: ESP target=Hel_MagazineLoading_DeepMagentaCamo<3ca08a90> action=orientation value=<131.348007, 0.000000, -0.000000>
[COT 2025-04-10 11:38:34] 76561198352827856: ESP target=Hel_MagazineLoading_DeepMagentaCamo<3ca08a90> action=orientation value=<132.348007, 0.000000, -0.000000>
[COT 2025-04-10 11:38:34] 76561198352827856: ESP target=Hel_MagazineLoading_DeepMagentaCamo<3ca08a90> action=orientation value=<133.348007, 0.000000, -0.000000>
[COT 2025-04-10 11:38:34] 76561198352827856: ESP target=Hel_MagazineLoading_DeepMagentaCamo<3ca08a90> action=orientation value=<134.348007, 0.000000, -0.000000>
[COT 2025-04-10 11:38:34] 76561198352827856: ESP target=Hel_MagazineLoading_DeepMagentaCamo<3ca08a90> action=orientation value=<135.348007, 0.000000, -0.000000>
[COT 2025-04-10 11:38:35] 76561198352827856: ESP target=Hel_MagazineLoading_DeepMagentaCamo<3ca08a90> action=orientation value=<136.348007, 0.000000, -0.000000>
[COT 2025-04-10 11:38:35] 76561198352827856: ESP target=Hel_MagazineLoading_DeepMagentaCamo<3ca08a90> action=orientation value=<138.348007, 0.000000, -0.000000>
[COT 2025-04-10 11:38:35] 76561198352827856: ESP target=Hel_MagazineLoading_DeepMagentaCamo<3ca08a90> action=orientation value=<139.348007, 0.000000, -0.000000>
[COT 2025-04-10 11:38:35] 76561198352827856: ESP target=Hel_MagazineLoading_DeepMagentaCamo<3ca08a90> action=orientation value=<140.348007, 0.000000, -0.000000>
[COT 2025-04-10 11:38:35] 76561198352827856: ESP target=Hel_MagazineLoading_DeepMagentaCamo<3ca08a90> action=orientation value=<141.348007, 0.000000, -0.000000>
[COT 2025-04-10 11:38:35] 76561198352827856: ESP target=Hel_MagazineLoading_DeepMagentaCamo<3ca08a90> action=orientation value=<142.348007, 0.000000, -0.000000>
[COT 2025-04-10 11:38:35] 76561198352827856: ESP target=Hel_MagazineLoading_DeepMagentaCamo<3ca08a90> action=orientation value=<143.348007, 0.000000, -0.000000>
[COT 2025-04-10 11:38:35] 76561198352827856: ESP target=Hel_MagazineLoading_DeepMagentaCamo<3ca08a90> action=orientation value=<144.348007, 0.000000, -0.000000>
[COT 2025-04-10 11:38:35] 76561198352827856: ESP target=Hel_MagazineLoading_DeepMagentaCamo<3ca08a90> action=orientation value=<146.348007, 0.000000, -0.000000>
[COT 2025-04-10 11:38:35] 76561198352827856: ESP target=Hel_MagazineLoading_DeepMagentaCamo<3ca08a90> action=orientation value=<149.348007, 0.000000, -0.000000>
[COT 2025-04-10 11:38:35] 76561198352827856: ESP target=Hel_MagazineLoading_DeepMagentaCamo<3ca08a90> action=orientation value=<150.348007, 0.000000, -0.000000>
[COT 2025-04-10 11:38:35] 76561198352827856: ESP target=Hel_MagazineLoading_DeepMagentaCamo<3ca08a90> action=orientation value=<151.348007, 0.000000, -0.000000>
[COT 2025-04-10 11:38:35] 76561198352827856: ESP target=Hel_MagazineLoading_DeepMagentaCamo<3ca08a90> action=orientation value=<152.348007, 0.000000, -0.000000>
[COT 2025-04-10 11:38:36] 76561198352827856: ESP target=Hel_MagazineLoading_DeepMagentaCamo<3ca08a90> action=orientation value=<153.348007, 0.000000, -0.000000>
[COT 2025-04-10 11:38:36] 76561198352827856: ESP target=Hel_MagazineLoading_DeepMagentaCamo<3ca08a90> action=orientation value=<154.348007, 0.000000, -0.000000>
[COT 2025-04-10 11:38:36] 76561198352827856: ESP target=Hel_MagazineLoading_DeepMagentaCamo<3ca08a90> action=orientation value=<155.348007, 0.000000, -0.000000>
[COT 2025-04-10 11:38:36] 76561198352827856: ESP target=Hel_MagazineLoading_DeepMagentaCamo<3ca08a90> action=orientation value=<156.348007, 0.000000, -0.000000>
[COT 2025-04-10 11:38:36] 76561198352827856: ESP target=Hel_MagazineLoading_DeepMagentaCamo<3ca08a90> action=orientation value=<158.348007, 0.000000, -0.000000>
[COT 2025-04-10 11:38:36] 76561198352827856: ESP target=Hel_MagazineLoading_DeepMagentaCamo<3ca08a90> action=orientation value=<159.348007, 0.000000, -0.000000>
[COT 2025-04-10 11:38:36] 76561198352827856: ESP target=Hel_MagazineLoading_DeepMagentaCamo<3ca08a90> action=orientation value=<160.348007, 0.000000, -0.000000>
[COT 2025-04-10 11:38:36] 76561198352827856: ESP target=Hel_MagazineLoading_DeepMagentaCamo<3ca08a90> action=orientation value=<162.348007, 0.000000, -0.000000>
[COT 2025-04-10 11:38:36] 76561198352827856: ESP target=Hel_MagazineLoading_DeepMagentaCamo<3ca08a90> action=orientation value=<163.348007, 0.000000, -0.000000>
[COT 2025-04-10 11:38:36] 76561198352827856: ESP target=Hel_MagazineLoading_DeepMagentaCamo<3ca08a90> action=orientation value=<164.348007, 0.000000, -0.000000>
[COT 2025-04-10 11:38:36] 76561198352827856: ESP target=Hel_MagazineLoading_DeepMagentaCamo<3ca08a90> action=orientation value=<166.348007, 0.000000, -0.000000>
[COT 2025-04-10 11:38:36] 76561198352827856: ESP target=Hel_MagazineLoading_DeepMagentaCamo<3ca08a90> action=orientation value=<168.348007, 0.000000, -0.000000>
[COT 2025-04-10 11:38:36] 76561198352827856: ESP target=Hel_MagazineLoading_DeepMagentaCamo<3ca08a90> action=orientation value=<169.348007, 0.000000, -0.000000>
[COT 2025-04-10 11:38:37] 76561198352827856: ESP target=Hel_MagazineLoading_DeepMagentaCamo<3ca08a90> action=orientation value=<171.348007, 0.000000, -0.000000>
[COT 2025-04-10 11:38:37] 76561198352827856: ESP target=Hel_MagazineLoading_DeepMagentaCamo<3ca08a90> action=orientation value=<172.348007, 0.000000, -0.000000>
[COT 2025-04-10 11:38:37] 76561198352827856: ESP target=Hel_MagazineLoading_DeepMagentaCamo<3ca08a90> action=orientation value=<173.348007, 0.000000, -0.000000>
[COT 2025-04-10 11:38:37] 76561198352827856: ESP target=Hel_MagazineLoading_DeepMagentaCamo<3ca08a90> action=orientation value=<175.348007, 0.000000, -0.000000>
[COT 2025-04-10 11:38:37] 76561198352827856: ESP target=Hel_MagazineLoading_DeepMagentaCamo<3ca08a90> action=orientation value=<177.348007, 0.000000, -0.000000>
[COT 2025-04-10 11:38:37] 76561198352827856: ESP target=Hel_MagazineLoading_DeepMagentaCamo<3ca08a90> action=orientation value=<178.348007, 0.000000, -0.000000>
[COT 2025-04-10 11:38:37] 76561198352827856: ESP target=Hel_MagazineLoading_DeepMagentaCamo<3ca08a90> action=orientation value=<180.348007, 0.000000, -0.000000>
[COT 2025-04-10 11:38:37] 76561198352827856: ESP target=Hel_MagazineLoading_DeepMagentaCamo<3ca08a90> action=orientation value=<181.348007, 0.000000, -0.000000>
[COT 2025-04-10 11:38:37] 76561198352827856: ESP target=Hel_MagazineLoading_DeepMagentaCamo<3ca08a90> action=orientation value=<182.348007, 0.000000, -0.000000>
[COT 2025-04-10 11:38:37] 76561198352827856: ESP target=Hel_MagazineLoading_DeepMagentaCamo<3ca08a90> action=orientation value=<184.348007, 0.000000, -0.000000>
[COT 2025-04-10 11:38:37] 76561198352827856: ESP target=Hel_MagazineLoading_DeepMagentaCamo<3ca08a90> action=orientation value=<186.348007, 0.000000, -0.000000>
[COT 2025-04-10 11:38:37] 76561198352827856: ESP target=Hel_MagazineLoading_DeepMagentaCamo<3ca08a90> action=orientation value=<187.348007, 0.000000, -0.000000>
[COT 2025-04-10 11:38:38] 76561198352827856: ESP target=Hel_MagazineLoading_DeepMagentaCamo<3ca08a90> action=orientation value=<188.348007, 0.000000, -0.000000>
[COT 2025-04-10 11:38:38] 76561198352827856: ESP target=Hel_MagazineLoading_DeepMagentaCamo<3ca08a90> action=orientation value=<189.348007, 0.000000, -0.000000>
[COT 2025-04-10 11:38:38] 76561198352827856: ESP target=Hel_MagazineLoading_DeepMagentaCamo<3ca08a90> action=orientation value=<190.348007, 0.000000, -0.000000>
[COT 2025-04-10 11:38:38] 76561198352827856: ESP target=Hel_MagazineLoading_DeepMagentaCamo<3ca08a90> action=orientation value=<191.348007, 0.000000, -0.000000>
[COT 2025-04-10 11:38:38] 76561198352827856: ESP target=Hel_MagazineLoading_DeepMagentaCamo<3ca08a90> action=orientation value=<193.348007, 0.000000, -0.000000>
[COT 2025-04-10 11:38:38] 76561198352827856: ESP target=Hel_MagazineLoading_DeepMagentaCamo<3ca08a90> action=orientation value=<195.348007, 0.000000, -0.000000>
[COT 2025-04-10 11:38:38] 76561198352827856: ESP target=Hel_MagazineLoading_DeepMagentaCamo<3ca08a90> action=orientation value=<196.348007, 0.000000, -0.000000>
[COT 2025-04-10 11:38:38] 76561198352827856: ESP target=Hel_MagazineLoading_DeepMagentaCamo<3ca08a90> action=orientation value=<197.348007, 0.000000, -0.000000>
[COT 2025-04-10 11:38:38] 76561198352827856: ESP target=Hel_MagazineLoading_DeepMagentaCamo<3ca08a90> action=orientation value=<198.348007, 0.000000, -0.000000>
[COT 2025-04-10 11:38:38] 76561198352827856: ESP target=Hel_MagazineLoading_DeepMagentaCamo<3ca08a90> action=orientation value=<199.348007, 0.000000, -0.000000>
[COT 2025-04-10 11:38:38] 76561198352827856: ESP target=Hel_MagazineLoading_DeepMagentaCamo<3ca08a90> action=orientation value=<200.348007, 0.000000, -0.000000>
[COT 2025-04-10 11:38:38] 76561198352827856: ESP target=Hel_MagazineLoading_DeepMagentaCamo<3ca08a90> action=orientation value=<201.348007, 0.000000, -0.000000>
[COT 2025-04-10 11:38:38] 76561198352827856: ESP target=Hel_MagazineLoading_DeepMagentaCamo<3ca08a90> action=orientation value=<202.348007, 0.000000, -0.000000>
[COT 2025-04-10 11:38:38] 76561198352827856: ESP target=Hel_MagazineLoading_DeepMagentaCamo<3ca08a90> action=orientation value=<203.348007, 0.000000, -0.000000>
[COT 2025-04-10 11:38:39] 76561198352827856: ESP target=Hel_MagazineLoading_DeepMagentaCamo<3ca08a90> action=orientation value=<204.348007, 0.000000, -0.000000>
[COT 2025-04-10 11:38:39] 76561198352827856: ESP target=Hel_MagazineLoading_DeepMagentaCamo<3ca08a90> action=orientation value=<205.348007, 0.000000, -0.000000>
[COT 2025-04-10 11:38:39] 76561198352827856: ESP target=Hel_MagazineLoading_DeepMagentaCamo<3ca08a90> action=orientation value=<206.348007, 0.000000, -0.000000>
[COT 2025-04-10 11:38:39] 76561198352827856: ESP target=Hel_MagazineLoading_DeepMagentaCamo<3ca08a90> action=orientation value=<207.348007, 0.000000, -0.000000>
[COT 2025-04-10 11:38:39] 76561198352827856: ESP target=Hel_MagazineLoading_DeepMagentaCamo<3ca08a90> action=orientation value=<208.348007, 0.000000, -0.000000>
[COT 2025-04-10 11:38:39] 76561198352827856: ESP target=Hel_MagazineLoading_DeepMagentaCamo<3ca08a90> action=orientation value=<209.348007, 0.000000, -0.000000>
[COT 2025-04-10 11:38:39] 76561198352827856: ESP target=Hel_MagazineLoading_DeepMagentaCamo<3ca08a90> action=orientation value=<210.348007, 0.000000, -0.000000>
[COT 2025-04-10 11:38:40] 76561198352827856: ESP target=Hel_MagazineLoading_DeepMagentaCamo<3ca08a90> action=orientation value=<211.348007, 0.000000, -0.000000>
[COT 2025-04-10 11:38:40] 76561198352827856: ESP target=Hel_MagazineLoading_DeepMagentaCamo<3ca08a90> action=orientation value=<210.348007, 0.000000, -0.000000>
[COT 2025-04-10 11:38:45] 76561198352827856: ESP target=Hel_MagazineLoading_DeepMagentaCamo<3ca08a90> action=position value=<7494.350098, 120.722000, 6343.180176>
[COT 2025-04-10 11:38:47] 76561198352827856: ESP target=Hel_MagazineLoading_DeepMagentaCamo<3ca08a90> action=position value=<7494.350098, 120.722000, 6343.080078>
[COT 2025-04-10 11:38:47] 76561198352827856: ESP target=Hel_MagazineLoading_DeepMagentaCamo<3ca08a90> action=position value=<7494.350098, 120.722000, 6342.979980>
[COT 2025-04-10 11:38:47] 76561198352827856: ESP target=Hel_MagazineLoading_DeepMagentaCamo<3ca08a90> action=position value=<7494.350098, 120.722000, 6342.879883>
[COT 2025-04-10 11:38:48] 76561198352827856: ESP target=Hel_MagazineLoading_DeepMagentaCamo<3ca08a90> action=position value=<7494.350098, 120.722000, 6342.779785>
[COT 2025-04-10 11:38:48] 76561198352827856: ESP target=Hel_MagazineLoading_DeepMagentaCamo<3ca08a90> action=position value=<7494.350098, 120.722000, 6342.680176>
[COT 2025-04-10 11:38:48] 76561198352827856: ESP target=Hel_MagazineLoading_DeepMagentaCamo<3ca08a90> action=position value=<7494.350098, 120.722000, 6342.580078>
[COT 2025-04-10 11:38:51] 76561198352827856: ESP target=Hel_MagazineLoading_DeepMagentaCamo<3ca08a90> action=orientation value=<-149.552002, 0.000000, -0.000000>
[COT 2025-04-10 11:38:51] 76561198352827856: ESP target=Hel_MagazineLoading_DeepMagentaCamo<3ca08a90> action=orientation value=<-149.451996, 0.000000, -0.000000>
[COT 2025-04-10 11:38:51] 76561198352827856: ESP target=Hel_MagazineLoading_DeepMagentaCamo<3ca08a90> action=orientation value=<-149.352005, 0.000000, -0.000000>
[COT 2025-04-10 11:38:51] 76561198352827856: ESP target=Hel_MagazineLoading_DeepMagentaCamo<3ca08a90> action=orientation value=<-149.251999, 0.000000, -0.000000>
[COT 2025-04-10 11:38:51] 76561198352827856: ESP target=Hel_MagazineLoading_DeepMagentaCamo<3ca08a90> action=orientation value=<-149.151993, 0.000000, -0.000000>
[COT 2025-04-10 11:38:51] 76561198352827856: ESP target=Hel_MagazineLoading_DeepMagentaCamo<3ca08a90> action=orientation value=<-149.052002, 0.000000, -0.000000>
[COT 2025-04-10 11:38:51] 76561198352827856: ESP target=Hel_MagazineLoading_DeepMagentaCamo<3ca08a90> action=orientation value=<-148.951996, 0.000000, -0.000000>
[COT 2025-04-10 11:38:53] 76561198352827856: ESP target=Hel_MagazineLoading_DeepMagentaCamo<3ca08a90> action=orientation value=<-149.951996, 0.000000, -0.000000>
[COT 2025-04-10 11:38:53] 76561198352827856: ESP target=Hel_MagazineLoading_DeepMagentaCamo<3ca08a90> action=orientation value=<-148.951996, 0.000000, -0.000000>
[COT 2025-04-10 11:38:54] 76561198352827856: ESP target=Hel_MagazineLoading_DeepMagentaCamo<3ca08a90> action=orientation value=<-146.951996, 0.000000, -0.000000>
[COT 2025-04-10 11:38:54] 76561198352827856: ESP target=Hel_MagazineLoading_DeepMagentaCamo<3ca08a90> action=orientation value=<-145.951996, 0.000000, -0.000000>
[COT 2025-04-10 11:38:54] 76561198352827856: ESP target=Hel_MagazineLoading_DeepMagentaCamo<3ca08a90> action=orientation value=<-144.951996, 0.000000, -0.000000>
[COT 2025-04-10 11:38:54] 76561198352827856: ESP target=Hel_MagazineLoading_DeepMagentaCamo<3ca08a90> action=orientation value=<-143.951996, 0.000000, -0.000000>
[COT 2025-04-10 11:38:55] 76561198352827856: ESP target=Hel_MagazineLoading_DeepMagentaCamo<3ca08a90> action=orientation value=<-144.951996, 0.000000, -0.000000>
[COT 2025-04-10 11:38:55] 76561198352827856: ESP target=Hel_MagazineLoading_DeepMagentaCamo<3ca08a90> action=orientation value=<-145.951996, 0.000000, -0.000000>
[COT 2025-04-10 11:38:55] 76561198352827856: ESP target=Hel_MagazineLoading_DeepMagentaCamo<3ca08a90> action=orientation value=<-146.951996, 0.000000, -0.000000>
[COT 2025-04-10 11:38:57] 76561198352827856: ESP target=Hel_MagazineLoading_DeepMagentaCamo<3ca08a90> action=position value=<7494.350098, 120.722000, 6342.680176>
[COT 2025-04-10 11:38:57] 76561198352827856: ESP target=Hel_MagazineLoading_DeepMagentaCamo<3ca08a90> action=position value=<7494.350098, 120.722000, 6342.779785>
[COT 2025-04-10 11:38:57] 76561198352827856: ESP target=Hel_MagazineLoading_DeepMagentaCamo<3ca08a90> action=position value=<7494.350098, 120.722000, 6342.879883>
[COT 2025-04-10 11:38:58] 76561198352827856: ESP target=Hel_MagazineLoading_DeepMagentaCamo<3ca08a90> action=position value=<7494.350098, 120.722000, 6342.779785>
[COT 2025-04-10 11:38:58] 76561198352827856: ESP target=Hel_MagazineLoading_DeepMagentaCamo<3ca08a90> action=position value=<7494.350098, 120.722000, 6342.680176>
[COT 2025-04-10 11:38:58] 76561198352827856: ESP target=Hel_MagazineLoading_DeepMagentaCamo<3ca08a90> action=position value=<7494.350098, 120.722000, 6342.580078>
[COT 2025-04-10 11:38:58] 76561198352827856: ESP target=Hel_MagazineLoading_DeepMagentaCamo<3ca08a90> action=position value=<7494.350098, 120.722000, 6342.479980>
[COT 2025-04-10 11:38:59] 76561198352827856: ESP target=Hel_MagazineLoading_DeepMagentaCamo<3ca08a90> action=position value=<7494.350098, 120.722000, 6342.379883>
[COT 2025-04-10 11:38:59] 76561198352827856: ESP target=Hel_MagazineLoading_DeepMagentaCamo<3ca08a90> action=position value=<7494.350098, 120.722000, 6342.279785>
[COT 2025-04-10 11:38:59] 76561198352827856: ESP target=Hel_MagazineLoading_DeepMagentaCamo<3ca08a90> action=position value=<7494.350098, 120.722000, 6342.180176>
[COT 2025-04-10 11:38:59] 76561198352827856: ESP target=Hel_MagazineLoading_DeepMagentaCamo<3ca08a90> action=position value=<7494.350098, 120.722000, 6342.080078>
[COT 2025-04-10 11:39:17] 76561198352827856: Spawned Entity Code Lock (ExpansionCodeLock<402560e0>, 100, 100, 15, 0) at <7494.133301, 121.404953, 6339.689453>
[COT 2025-04-10 11:39:17] 76561198352827856: Spawned Entity Code Lock (ExpansionCodeLock<40256c70>, 100, 100, 15, 0) at <7494.133789, 121.402733, 6339.689941>
[COT 2025-04-10 11:39:34] 76561198352827856: Spawned Entity Code Lock (ExpansionCodeLock<45a27e20>, 100, 100, 15, 0) at <7493.446289, 120.796371, 6340.008789>
[COT 2025-04-10 11:39:55] 76561198352827856: Deleted Entity mmg_locker02_green:7504 at <7494.201172, 120.797516, 6339.385742>
[COT 2025-04-10 11:39:58] 76561198352827856: Deleted Entity ExpansionCodeLock:11540 at <7494.133301, 121.416451, 6339.689453>
[COT 2025-04-10 11:39:59] 76561198352827856: Deleted Entity ExpansionCodeLock:12842 at <7494.133789, 121.414230, 6339.689941>
