[04-20-2025][02.01.10] New Synch Log File Created!
[02:12:13] Player (CracklinOatBranCereal, 76561198246839754)(<6411.659668, 175.784729, 5807.252930>) requested data for lock!
[02:12:13] Player (CracklinOatBranCereal, 76561198246839754)(<6410.690918, 175.784729, 5808.605469>) requested data for lock!
[02:23:07] Player (YellowMan03, 76561198142819075)(<6411.659668, 175.784729, 5807.252930>) requested data for lock!
[02:23:07] Player (YellowMan03, 76561198142819075)(<6410.690918, 175.784729, 5808.605469>) requested data for lock!
[02:25:59] Player (CracklinOatBranCereal, 76561198246839754)(<6411.659668, 175.784729, 5807.252930>) requested data for lock!
[02:25:59] Player (CracklinOatBranCereal, 76561198246839754)(<6410.690918, 175.784729, 5808.605469>) requested data for lock!
[02:53:07] Player (SUS-Alpha-Goin'Dark, 76561198352827856)(<2955.612061, 198.186981, 488.367126>) requested data for lock!
[02:53:07] Player (SUS-Alpha-Goin'Dark, 76561198352827856)(<2952.747803, 248.718658, 468.739838>) requested data for lock!
[02:53:07] Player (SUS-Alpha-Goin'Dark, 76561198352827856)(<2946.717529, 248.718185, 467.107147>) requested data for lock!
[02:53:07] Player (SUS-Alpha-Goin'Dark, 76561198352827856)(<2952.335205, 248.718658, 467.702576>) requested data for lock!
[02:53:07] Player (SUS-Alpha-Goin'Dark, 76561198352827856)(<2955.206055, 198.389999, 484.738190>) requested data for lock!
[02:53:07] Player (SUS-Alpha-Goin'Dark, 76561198352827856)(<2955.215332, 198.186981, 487.240234>) requested data for lock!
[02:53:07] Player (SUS-Alpha-Goin'Dark, 76561198352827856)(<2958.456055, 198.405594, 483.593628>) requested data for lock!
[02:53:07] Player (SUS-Alpha-Goin'Dark, 76561198352827856)(<2954.764404, 198.186981, 485.994843>) requested data for lock!
[02:53:07] Player (SUS-Alpha-Goin'Dark, 76561198352827856)(<2951.933350, 248.788956, 469.862366>) requested data for lock!
[02:53:07] Player (SUS-Alpha-Goin'Dark, 76561198352827856)(<2948.041748, 248.718185, 466.635284>) requested data for lock!
[02:53:07] Player (SUS-Alpha-Goin'Dark, 76561198352827856)(<2946.034668, 248.718185, 468.982849>) requested data for lock!
[02:53:07] Player (SUS-Alpha-Goin'Dark, 76561198352827856)(<2950.989502, 248.757996, 469.959625>) requested data for lock!
[02:59:08] Player (CracklinOatBranCereal, 76561198246839754)(<6411.659668, 175.784729, 5807.252930>) requested data for lock!
[02:59:08] Player (CracklinOatBranCereal, 76561198246839754)(<6410.690918, 175.784729, 5808.605469>) requested data for lock!
[03:32:08] Player (YellowMan03, 76561198142819075)(<6411.659668, 175.784729, 5807.252930>) requested data for lock!
[03:32:08] Player (YellowMan03, 76561198142819075)(<6410.690918, 175.784729, 5808.605469>) requested data for lock!
[03:32:15] Player (ActualTrash, 76561198298136393)(<6411.659668, 175.784729, 5807.252930>) requested data for lock!
[03:32:15] Player (ActualTrash, 76561198298136393)(<6410.690918, 175.784729, 5808.605469>) requested data for lock!
[03:46:33] Player (YellowMan03, 76561198142819075)(<6411.659668, 175.784729, 5807.252930>) requested data for lock!
[03:46:33] Player (ActualTrash, 76561198298136393)(<6411.659668, 175.784729, 5807.252930>) requested data for lock!
[03:47:11] Player (YellowMan03, 76561198142819075)(<6410.690918, 175.784729, 5808.605469>) requested data for lock!
[03:47:11] Player (ActualTrash, 76561198298136393)(<6410.690918, 175.784729, 5808.605469>) requested data for lock!
[03:56:07] Player (CracklinOatBranCereal, 76561198246839754)(<6411.659668, 175.784729, 5807.252930>) requested data for lock!
[03:56:07] Player (CracklinOatBranCereal, 76561198246839754)(<6410.690918, 175.784729, 5808.605469>) requested data for lock!
[04:10:54] Player (DUSTY PINKY, 76561199131804407)(<6411.659668, 175.784729, 5807.252930>) requested data for lock!
[04:10:54] Player (DUSTY PINKY, 76561199131804407)(<6410.690918, 175.784729, 5808.605469>) requested data for lock!
[04:11:39] Player (ActualTrash, 76561198298136393)(<6411.659668, 175.784729, 5807.252930>) requested data for lock!
[04:11:39] Player (ActualTrash, 76561198298136393)(<6410.690918, 175.784729, 5808.605469>) requested data for lock!
[04:20:45] Player (DUSTY PINKY, 76561199131804407)(<6411.659668, 175.784729, 5807.252930>) requested data for lock!
[04:20:45] Player (DUSTY PINKY, 76561199131804407)(<6410.690918, 175.784729, 5808.605469>) requested data for lock!
[04-20-2025][06.01.00] Log file reloaded ( Server Restart )
[04-20-2025][10.01.00] Log file reloaded ( Server Restart )
[04-20-2025][14.00.57] Log file reloaded ( Server Restart )
[14:13:45] Player (YellowMan03, 76561198142819075)(<6410.690918, 175.784729, 5808.605469>) requested data for lock!
[14:13:45] Player (YellowMan03, 76561198142819075)(<6411.659668, 175.784729, 5807.252930>) requested data for lock!
[14:32:02] Player (YellowMan03, 76561198142819075)(<6410.690918, 175.784729, 5808.605469>) requested data for lock!
[14:32:02] Player (YellowMan03, 76561198142819075)(<6411.659668, 175.784729, 5807.252930>) requested data for lock!
[14:42:50] Player (YellowMan03, 76561198142819075)(<6410.690918, 175.784729, 5808.605469>) requested data for lock!
[14:42:50] Player (YellowMan03, 76561198142819075)(<6411.659668, 175.784729, 5807.252930>) requested data for lock!
[04-20-2025][18.00.59] Log file reloaded ( Server Restart )
[04-20-2025][21.01.05] Log file reloaded ( Server Restart )
