[04-13-2025][02.01.04] New Synch Log File Created!
[02:45:06] Player (SUS-Bravo-Goin'Dark, 76561198080386308)(<2948.041748, 248.718185, 466.635284>) requested data for lock!
[02:45:06] Player (SUS-Bravo-Goin'Dark, 76561198080386308)(<2952.747803, 248.718658, 468.739838>) requested data for lock!
[02:45:06] Player (SUS-Bravo-Goin'Dark, 76561198080386308)(<2946.717529, 248.718185, 467.107147>) requested data for lock!
[02:45:06] Player (SUS-Bravo-Goin'Dark, 76561198080386308)(<2950.989502, 248.757996, 469.959625>) requested data for lock!
[02:45:06] Player (SUS-Bravo-Goin'Dark, 76561198080386308)(<2952.335205, 248.718658, 467.702576>) requested data for lock!
[02:45:06] Player (SUS-Bravo-Goin'Dark, 76561198080386308)(<2951.933350, 248.788956, 469.862366>) requested data for lock!
[02:45:06] Player (SUS-Bravo-Goin'Dark, 76561198080386308)(<2946.034668, 248.718185, 468.982849>) requested data for lock!
[02:49:53] Player (Druss, 76561198844058378)(<2948.041748, 248.718185, 466.635284>) requested data for lock!
[02:49:53] Player (Druss, 76561198844058378)(<2952.747803, 248.718658, 468.739838>) requested data for lock!
[02:49:53] Player (Druss, 76561198844058378)(<2946.717529, 248.718185, 467.107147>) requested data for lock!
[02:49:53] Player (Druss, 76561198844058378)(<2950.989502, 248.757996, 469.959625>) requested data for lock!
[02:49:53] Player (Druss, 76561198844058378)(<2952.335205, 248.718658, 467.702576>) requested data for lock!
[02:49:53] Player (Druss, 76561198844058378)(<2951.933350, 248.788956, 469.862366>) requested data for lock!
[02:49:53] Player (Druss, 76561198844058378)(<2946.034668, 248.718185, 468.982849>) requested data for lock!
[03:06:50] Player (SUS-Bravo-Goin'Dark, 76561198080386308)(<2954.764404, 198.186981, 485.994843>) requested data for lock!
[03:06:50] Player (Druss, 76561198844058378)(<2954.764404, 198.186981, 485.994843>) requested data for lock!
[03:07:08] Player (Druss, 76561198844058378)(<2955.215332, 198.186981, 487.240234>) requested data for lock!
[03:07:08] Player (SUS-Bravo-Goin'Dark, 76561198080386308)(<2955.215332, 198.186981, 487.240234>) requested data for lock!
[03:07:41] Player (SUS-Bravo-Goin'Dark, 76561198080386308)(<2955.612061, 198.186981, 488.367126>) requested data for lock!
[03:07:41] Player (Druss, 76561198844058378)(<2955.612061, 198.186981, 488.367126>) requested data for lock!
[03:08:01] Player (SUS-Bravo-Goin'Dark, 76561198080386308)(<2958.456055, 198.405594, 483.593628>) requested data for lock!
[03:08:01] Player (Druss, 76561198844058378)(<2958.456055, 198.405594, 483.593628>) requested data for lock!
[03:08:16] Player (Druss, 76561198844058378)(<2955.206055, 198.389999, 484.738190>) requested data for lock!
[03:08:16] Player (SUS-Bravo-Goin'Dark, 76561198080386308)(<2955.206055, 198.389999, 484.738190>) requested data for lock!
[04:04:24] Player (CONTROL, 76561197967168101)(<2082.916260, 181.694092, 8441.091797>) requested data for lock!
[04:49:52] Player (Druss, 76561198844058378)(<2955.612061, 198.186981, 488.367126>) requested data for lock!
[04:49:52] Player (Druss, 76561198844058378)(<2955.215332, 198.186981, 487.240234>) requested data for lock!
[04:49:52] Player (Druss, 76561198844058378)(<2954.764404, 198.186981, 485.994843>) requested data for lock!
[04:49:52] Player (Druss, 76561198844058378)(<2958.456055, 198.405594, 483.593628>) requested data for lock!
[04:49:52] Player (Druss, 76561198844058378)(<2955.206055, 198.389999, 484.738190>) requested data for lock!
[04:49:55] Player (Druss, 76561198844058378)(<2948.041748, 248.718185, 466.635284>) requested data for lock!
[04:49:55] Player (Druss, 76561198844058378)(<2952.747803, 248.718658, 468.739838>) requested data for lock!
[04:49:55] Player (Druss, 76561198844058378)(<2946.717529, 248.718185, 467.107147>) requested data for lock!
[04:49:55] Player (Druss, 76561198844058378)(<2950.989502, 248.757996, 469.959625>) requested data for lock!
[04:49:55] Player (Druss, 76561198844058378)(<2952.335205, 248.718658, 467.702576>) requested data for lock!
[04:49:55] Player (Druss, 76561198844058378)(<2951.933350, 248.788956, 469.862366>) requested data for lock!
[04:49:55] Player (Druss, 76561198844058378)(<2946.034668, 248.718185, 468.982849>) requested data for lock!
[04:57:11] Player (SUS-Alpha-Goin'Dark, 76561198352827856)(<2955.612061, 198.186981, 488.367126>) requested data for lock!
[04:57:11] Player (SUS-Alpha-Goin'Dark, 76561198352827856)(<2955.215332, 198.186981, 487.240234>) requested data for lock!
[04:57:11] Player (SUS-Alpha-Goin'Dark, 76561198352827856)(<2954.764404, 198.186981, 485.994843>) requested data for lock!
[04:57:11] Player (SUS-Alpha-Goin'Dark, 76561198352827856)(<2958.456055, 198.405594, 483.593628>) requested data for lock!
[04:57:11] Player (SUS-Alpha-Goin'Dark, 76561198352827856)(<2955.206055, 198.389999, 484.738190>) requested data for lock!
[04:57:14] Player (SUS-Alpha-Goin'Dark, 76561198352827856)(<2948.041748, 248.718185, 466.635284>) requested data for lock!
[04:57:14] Player (SUS-Alpha-Goin'Dark, 76561198352827856)(<2952.747803, 248.718658, 468.739838>) requested data for lock!
[04:57:14] Player (SUS-Alpha-Goin'Dark, 76561198352827856)(<2946.717529, 248.718185, 467.107147>) requested data for lock!
[04:57:14] Player (SUS-Alpha-Goin'Dark, 76561198352827856)(<2950.989502, 248.757996, 469.959625>) requested data for lock!
[04:57:14] Player (SUS-Alpha-Goin'Dark, 76561198352827856)(<2952.335205, 248.718658, 467.702576>) requested data for lock!
[04:57:14] Player (SUS-Alpha-Goin'Dark, 76561198352827856)(<2951.933350, 248.788956, 469.862366>) requested data for lock!
[04:57:14] Player (SUS-Alpha-Goin'Dark, 76561198352827856)(<2946.034668, 248.718185, 468.982849>) requested data for lock!
[05:01:24] Player (Druss, 76561198844058378)(<2955.612061, 198.186981, 488.367126>) requested data for lock!
[05:01:24] Player (Druss, 76561198844058378)(<2955.215332, 198.186981, 487.240234>) requested data for lock!
[05:01:24] Player (Druss, 76561198844058378)(<2954.764404, 198.186981, 485.994843>) requested data for lock!
[05:01:24] Player (Druss, 76561198844058378)(<2958.456055, 198.405594, 483.593628>) requested data for lock!
[05:01:24] Player (Druss, 76561198844058378)(<2955.206055, 198.389999, 484.738190>) requested data for lock!
[05:01:27] Player (Druss, 76561198844058378)(<2948.041748, 248.718185, 466.635284>) requested data for lock!
[05:01:27] Player (Druss, 76561198844058378)(<2952.747803, 248.718658, 468.739838>) requested data for lock!
[05:01:27] Player (Druss, 76561198844058378)(<2946.717529, 248.718185, 467.107147>) requested data for lock!
[05:01:27] Player (Druss, 76561198844058378)(<2950.989502, 248.757996, 469.959625>) requested data for lock!
[05:01:27] Player (Druss, 76561198844058378)(<2952.335205, 248.718658, 467.702576>) requested data for lock!
[05:01:27] Player (Druss, 76561198844058378)(<2951.933350, 248.788956, 469.862366>) requested data for lock!
[05:01:28] Player (Druss, 76561198844058378)(<2946.034668, 248.718185, 468.982849>) requested data for lock!
[05:02:10] Player (SUS-Bravo-Goin'Dark, 76561198080386308)(<2955.612061, 198.186981, 488.367126>) requested data for lock!
[05:02:10] Player (SUS-Bravo-Goin'Dark, 76561198080386308)(<2955.215332, 198.186981, 487.240234>) requested data for lock!
[05:02:11] Player (SUS-Bravo-Goin'Dark, 76561198080386308)(<2954.764404, 198.186981, 485.994843>) requested data for lock!
[05:02:11] Player (SUS-Bravo-Goin'Dark, 76561198080386308)(<2958.456055, 198.405594, 483.593628>) requested data for lock!
[05:02:11] Player (SUS-Bravo-Goin'Dark, 76561198080386308)(<2955.206055, 198.389999, 484.738190>) requested data for lock!
[05:02:14] Player (SUS-Bravo-Goin'Dark, 76561198080386308)(<2948.041748, 248.718185, 466.635284>) requested data for lock!
[05:02:14] Player (SUS-Bravo-Goin'Dark, 76561198080386308)(<2952.747803, 248.718658, 468.739838>) requested data for lock!
[05:02:15] Player (SUS-Bravo-Goin'Dark, 76561198080386308)(<2946.717529, 248.718185, 467.107147>) requested data for lock!
[05:02:15] Player (SUS-Bravo-Goin'Dark, 76561198080386308)(<2950.989502, 248.757996, 469.959625>) requested data for lock!
[05:02:15] Player (SUS-Bravo-Goin'Dark, 76561198080386308)(<2952.335205, 248.718658, 467.702576>) requested data for lock!
[05:02:15] Player (SUS-Bravo-Goin'Dark, 76561198080386308)(<2951.933350, 248.788956, 469.862366>) requested data for lock!
[05:02:15] Player (SUS-Bravo-Goin'Dark, 76561198080386308)(<2946.034668, 248.718185, 468.982849>) requested data for lock!
[05:07:47] Player (SUS-Alpha-Goin'Dark, 76561198352827856)(<2955.612061, 198.186981, 488.367126>) requested data for lock!
[05:07:55] Player (SUS-Alpha-Goin'Dark, 76561198352827856)(<2958.456055, 198.405594, 483.593628>) requested data for lock!
[05:08:00] Player (SUS-Alpha-Goin'Dark, 76561198352827856)(<2955.206055, 198.389999, 484.738190>) requested data for lock!
[04-13-2025][06.01.00] Log file reloaded ( Server Restart )
[04-13-2025][10.01.02] Log file reloaded ( Server Restart )
[04-13-2025][14.01.00] Log file reloaded ( Server Restart )
[04-13-2025][18.01.02] Log file reloaded ( Server Restart )
[19:07:09] Player (SUS-Alpha-Goin'Dark, 76561198352827856)(<2954.764404, 198.186981, 485.994843>) requested data for lock!
[19:07:09] Player (SUS-Alpha-Goin'Dark, 76561198352827856)(<2955.215332, 198.186981, 487.240234>) requested data for lock!
[19:07:09] Player (SUS-Alpha-Goin'Dark, 76561198352827856)(<2955.612061, 198.186981, 488.367126>) requested data for lock!
[19:07:09] Player (SUS-Alpha-Goin'Dark, 76561198352827856)(<2952.335205, 248.718658, 467.702576>) requested data for lock!
[19:07:09] Player (SUS-Alpha-Goin'Dark, 76561198352827856)(<2946.717529, 248.718185, 467.107147>) requested data for lock!
[19:07:09] Player (SUS-Alpha-Goin'Dark, 76561198352827856)(<2958.456055, 198.405594, 483.593628>) requested data for lock!
[19:07:09] Player (SUS-Alpha-Goin'Dark, 76561198352827856)(<2952.747803, 248.718658, 468.739838>) requested data for lock!
[19:07:09] Player (SUS-Alpha-Goin'Dark, 76561198352827856)(<2951.933350, 248.788956, 469.862366>) requested data for lock!
[19:07:09] Player (SUS-Alpha-Goin'Dark, 76561198352827856)(<2948.041748, 248.718185, 466.635284>) requested data for lock!
[19:07:09] Player (SUS-Alpha-Goin'Dark, 76561198352827856)(<2955.206055, 198.389999, 484.738190>) requested data for lock!
[19:07:09] Player (SUS-Alpha-Goin'Dark, 76561198352827856)(<2946.034668, 248.718185, 468.982849>) requested data for lock!
[19:07:09] Player (SUS-Alpha-Goin'Dark, 76561198352827856)(<2950.989502, 248.757996, 469.959625>) requested data for lock!
[04-13-2025][19.18.29] Log file reloaded ( Server Restart )
[19:26:39] Player (SUS-Alpha-Goin'Dark, 76561198352827856)(<2955.215332, 198.186981, 487.240234>) requested data for lock!
[19:26:39] Player (SUS-Alpha-Goin'Dark, 76561198352827856)(<2951.933350, 248.788956, 469.862366>) requested data for lock!
[19:26:39] Player (SUS-Alpha-Goin'Dark, 76561198352827856)(<2948.041748, 248.718185, 466.635284>) requested data for lock!
[19:26:39] Player (SUS-Alpha-Goin'Dark, 76561198352827856)(<2950.989502, 248.757996, 469.959625>) requested data for lock!
[19:26:39] Player (SUS-Alpha-Goin'Dark, 76561198352827856)(<2958.456055, 198.405594, 483.593628>) requested data for lock!
[19:26:39] Player (SUS-Alpha-Goin'Dark, 76561198352827856)(<2954.764404, 198.186981, 485.994843>) requested data for lock!
[19:26:39] Player (SUS-Alpha-Goin'Dark, 76561198352827856)(<2946.717529, 248.718185, 467.107147>) requested data for lock!
[19:26:39] Player (SUS-Alpha-Goin'Dark, 76561198352827856)(<2952.747803, 248.718658, 468.739838>) requested data for lock!
[19:26:40] Player (SUS-Alpha-Goin'Dark, 76561198352827856)(<2952.335205, 248.718658, 467.702576>) requested data for lock!
[19:26:40] Player (SUS-Alpha-Goin'Dark, 76561198352827856)(<2955.206055, 198.389999, 484.738190>) requested data for lock!
[19:26:40] Player (SUS-Alpha-Goin'Dark, 76561198352827856)(<2946.034668, 248.718185, 468.982849>) requested data for lock!
[19:26:40] Player (SUS-Alpha-Goin'Dark, 76561198352827856)(<2955.612061, 198.186981, 488.367126>) requested data for lock!
[20:08:57] Player (SUS-Alpha-Goin'Dark, 76561198352827856)(<2955.612061, 198.186981, 488.367126>) requested data for lock!
[20:08:59] Player (SUS-Alpha-Goin'Dark, 76561198352827856)(<2955.215332, 198.186981, 487.240234>) requested data for lock!
[20:08:59] Player (SUS-Alpha-Goin'Dark, 76561198352827856)(<2958.456055, 198.405594, 483.593628>) requested data for lock!
[20:08:59] Player (SUS-Alpha-Goin'Dark, 76561198352827856)(<2954.764404, 198.186981, 485.994843>) requested data for lock!
[20:08:59] Player (SUS-Alpha-Goin'Dark, 76561198352827856)(<2955.206055, 198.389999, 484.738190>) requested data for lock!
[20:09:00] Player (SUS-Bravo-Goin'Dark, 76561198080386308)(<2955.215332, 198.186981, 487.240234>) requested data for lock!
[20:09:00] Player (SUS-Bravo-Goin'Dark, 76561198080386308)(<2958.456055, 198.405594, 483.593628>) requested data for lock!
[20:09:00] Player (SUS-Bravo-Goin'Dark, 76561198080386308)(<2954.764404, 198.186981, 485.994843>) requested data for lock!
[20:09:00] Player (SUS-Alpha-Goin'Dark, 76561198352827856)(<2951.933350, 248.788956, 469.862366>) requested data for lock!
[20:09:00] Player (SUS-Alpha-Goin'Dark, 76561198352827856)(<2950.989502, 248.757996, 469.959625>) requested data for lock!
[20:09:00] Player (SUS-Bravo-Goin'Dark, 76561198080386308)(<2955.206055, 198.389999, 484.738190>) requested data for lock!
[20:09:00] Player (SUS-Alpha-Goin'Dark, 76561198352827856)(<2952.747803, 248.718658, 468.739838>) requested data for lock!
[20:09:00] Player (SUS-Bravo-Goin'Dark, 76561198080386308)(<2955.612061, 198.186981, 488.367126>) requested data for lock!
[20:09:01] Player (SUS-Alpha-Goin'Dark, 76561198352827856)(<2946.034668, 248.718185, 468.982849>) requested data for lock!
[20:09:02] Player (SUS-Alpha-Goin'Dark, 76561198352827856)(<2948.041748, 248.718185, 466.635284>) requested data for lock!
[20:09:02] Player (SUS-Alpha-Goin'Dark, 76561198352827856)(<2946.717529, 248.718185, 467.107147>) requested data for lock!
[20:09:02] Player (SUS-Alpha-Goin'Dark, 76561198352827856)(<2952.335205, 248.718658, 467.702576>) requested data for lock!
[20:09:03] Player (SUS-Bravo-Goin'Dark, 76561198080386308)(<2951.933350, 248.788956, 469.862366>) requested data for lock!
[20:09:03] Player (SUS-Bravo-Goin'Dark, 76561198080386308)(<2948.041748, 248.718185, 466.635284>) requested data for lock!
[20:09:03] Player (SUS-Bravo-Goin'Dark, 76561198080386308)(<2950.989502, 248.757996, 469.959625>) requested data for lock!
[20:09:04] Player (SUS-Bravo-Goin'Dark, 76561198080386308)(<2946.717529, 248.718185, 467.107147>) requested data for lock!
[20:09:04] Player (SUS-Bravo-Goin'Dark, 76561198080386308)(<2952.747803, 248.718658, 468.739838>) requested data for lock!
[20:09:04] Player (SUS-Bravo-Goin'Dark, 76561198080386308)(<2952.335205, 248.718658, 467.702576>) requested data for lock!
[20:09:04] Player (SUS-Bravo-Goin'Dark, 76561198080386308)(<2946.034668, 248.718185, 468.982849>) requested data for lock!
[04-13-2025][21.01.03] Log file reloaded ( Server Restart )
