[04-21-2025][02.01.05] New Synch Log File Created!
[02:30:29] Player (YellowMan03, 76561198142819075)(<6411.659668, 175.784729, 5807.252930>) requested data for lock!
[02:30:29] Player (YellowMan03, 76561198142819075)(<6410.690918, 175.784729, 5808.605469>) requested data for lock!
[02:31:36] Player (ActualTrash, 76561198298136393)(<6411.659668, 175.784729, 5807.252930>) requested data for lock!
[02:31:36] Player (ActualTrash, 76561198298136393)(<6410.690918, 175.784729, 5808.605469>) requested data for lock!
[02:46:13] Player (CracklinOatBranCereal, 76561198246839754)(<6411.659668, 175.784729, 5807.252930>) requested data for lock!
[02:46:16] Player (CracklinOatBranCereal, 76561198246839754)(<6410.690918, 175.784729, 5808.605469>) requested data for lock!
[02:48:39] Player (YellowMan03, 76561198142819075)(<6411.659668, 175.784729, 5807.252930>) requested data for lock!
[02:48:39] Player (YellowMan03, 76561198142819075)(<6410.690918, 175.784729, 5808.605469>) requested data for lock!
[02:52:26] Player (ActualTrash, 76561198298136393)(<6411.659668, 175.784729, 5807.252930>) requested data for lock!
[02:52:26] Player (ActualTrash, 76561198298136393)(<6410.690918, 175.784729, 5808.605469>) requested data for lock!
[02:55:31] Player (YellowMan03, 76561198142819075)(<6411.659668, 175.784729, 5807.252930>) requested data for lock!
[02:55:31] Player (YellowMan03, 76561198142819075)(<6410.690918, 175.784729, 5808.605469>) requested data for lock!
[04-21-2025][06.00.59] Log file reloaded ( Server Restart )
[04-21-2025][07.44.42] Log file reloaded ( Server Restart )
[04-21-2025][10.00.58] Log file reloaded ( Server Restart )
[04-21-2025][14.00.57] Log file reloaded ( Server Restart )
[14:43:30] Player (Kyma, 76561198007048036)(<6411.659668, 175.784729, 5807.252930>) requested data for lock!
[14:43:30] Player (Kyma, 76561198007048036)(<6410.690918, 175.784729, 5808.605469>) requested data for lock!
[17:02:56] Player (Kyma, 76561198007048036)(<6411.659668, 175.784729, 5807.252930>) requested data for lock!
[17:02:56] Player (Kyma, 76561198007048036)(<6410.690918, 175.784729, 5808.605469>) requested data for lock!
[04-21-2025][18.00.59] Log file reloaded ( Server Restart )
[04-21-2025][21.01.00] Log file reloaded ( Server Restart )
