[COT 2025-04-02 11:38:40] 76561198003652661: Activated Community Online Tools [guid=VCCXa5z0PvNuApK0J5mfYMZSHb_q9DB8VTnM5OLUKRw=]
[COT 2025-04-02 11:41:21] 76561198003652661: Activated Community Online Tools [guid=VCCXa5z0PvNuApK0J5mfYMZSHb_q9DB8VTnM5OLUKRw=]
[COT 2025-04-02 11:41:40] 76561198003652661: Spawned Entity Ammo box (Hel_MagazineLoading<7c3dc700>, 100, 99999, 15, 0) at <3540.087646, 145.377121, 3713.750000>
[COT 2025-04-02 11:41:42] 76561198003652661: Spawned Entity Ammo box (Hel_MagazineLoading_DeepBlue<7c3dafe0>, 100, 99999, 15, 0) at <3540.188721, 145.578354, 3714.067627>
[COT 2025-04-02 11:41:44] 76561198003652661: Spawned Entity Ammo box (Hel_MagazineLoading_DeepMagenta<7c3dbb70>, 100, 99999, 15, 0) at <3540.342529, 145.876282, 3714.553467>
[COT 2025-04-02 11:41:45] 76561198003652661: Spawned Entity Ammo box (Hel_MagazineLoading_DeepRed<7c3d6a80>, 100, 99999, 15, 0) at <3540.450928, 146.096619, 3714.896973>
[COT 2025-04-02 11:41:46] 76561198003652661: Spawned Entity Ammo box (Hel_MagazineLoading_DeepYellow<7c3dd290>, 100, 99999, 15, 0) at <3540.543945, 146.277405, 3715.191162>
[COT 2025-04-02 11:41:47] 76561198003652661: Spawned Entity Ammo box (Hel_MagazineLoading_DeepBlueCamo<7c3d81a0>, 100, 99999, 15, 0) at <3540.619873, 146.432785, 3715.431641>
[COT 2025-04-02 11:41:48] 76561198003652661: Spawned Entity Ammo box (Hel_MagazineLoading_DeepGreenCamo<7c3dde20>, 100, 99999, 15, 0) at <3540.711182, 146.605408, 3715.718506>
[COT 2025-04-02 11:41:49] 76561198003652661: Spawned Entity Ammo box (Hel_MagazineLoading_DeepMagentaCamo<7c3d7610>, 100, 99999, 15, 0) at <3540.796631, 146.781631, 3715.990479>
[COT 2025-04-02 11:41:51] 76561198003652661: Spawned Entity Ammo box (Hel_MagazineLoading_DeepRedCamo<7c3de9b0>, 100, 99999, 15, 0) at <3540.873291, 146.929474, 3716.232422>
[COT 2025-04-02 11:41:59] 76561198003652661: Spawned Entity Ammo box (Hel_MagazineLoading_DeepYellowCamo<856de160>, 100, 99999, 15, 0) at <3539.064453, 145.697556, 3714.676514>
[COT 2025-04-02 11:42:00] 76561198003652661: Spawned Entity Ammo box (Hel_MagazineLoading_SLOT2<856d9070>, 100, 99999, 15, 0) at <3539.045654, 146.121323, 3715.182861>
[COT 2025-04-02 11:42:01] 76561198003652661: Spawned Entity Ammo box (Hel_MagazineLoading_DeepBlue_SLOT2<856decf0>, 100, 99999, 15, 0) at <3539.034912, 146.377899, 3715.481201>
[COT 2025-04-02 11:42:02] 76561198003652661: Spawned Entity Ammo box (Hel_MagazineLoading_DeepMagenta_SLOT2<856dca40>, 100, 99999, 15, 0) at <3539.026123, 146.600128, 3715.754395>
[COT 2025-04-02 11:42:03] 76561198003652661: Spawned Entity Ammo box (Hel_MagazineLoading_DeepRed_SLOT2<856df880>, 100, 99999, 15, 0) at <3539.005859, 147.023895, 3716.250488>
[COT 2025-04-02 11:42:04] 76561198003652661: Spawned Entity Ammo box (Hel_MagazineLoading_DeepYellow_SLOT2<856edfc0>, 100, 99999, 15, 0) at <3538.994629, 147.293625, 3716.571533>
[COT 2025-04-02 11:42:05] 76561198003652661: Spawned Entity Ammo box (Hel_MagazineLoading_DeepBlueCamo_SLOT2<856f8d30>, 100, 99999, 15, 0) at <3538.991211, 147.366776, 3716.660156>
[COT 2025-04-02 11:42:06] 76561198003652661: Spawned Entity Ammo box (Hel_MagazineLoading_DeepGreenCamo_SLOT2<856f47d0>, 100, 99999, 15, 0) at <3539.133057, 147.513977, 3717.138428>
[COT 2025-04-02 11:42:07] 76561198003652661: Spawned Entity Ammo box (Hel_MagazineLoading_DeepMagentaCamo_SLOT2<856f30b0>, 100, 99999, 15, 0) at <3539.150391, 147.646454, 3717.603516>
[COT 2025-04-02 11:42:08] 76561198003652661: Spawned Entity Ammo box (Hel_MagazineLoading_DeepRedCamo_SLOT2<856dbeb0>, 100, 99999, 15, 0) at <3539.132080, 147.837509, 3718.318848>
[COT 2025-04-02 11:42:13] 76561198003652661: Spawned Entity Ammo box (Hel_MagazineLoading_SLOT3<856da790>, 100, 99999, 15, 0) at <3539.301514, 147.893768, 3718.545410>
[COT 2025-04-02 11:42:16] 76561198003652661: Spawned Entity Ammo box (Hel_MagazineLoading_DeepBlue_SLOT3<856db320>, 100, 99999, 15, 0) at <3539.300781, 147.948639, 3718.612793>
[COT 2025-04-02 11:42:17] 76561198003652661: Spawned Entity Ammo box (Hel_MagazineLoading_DeepMagenta_SLOT3<856dd5d0>, 100, 99999, 15, 0) at <3539.216064, 148.105637, 3719.094238>
[COT 2025-04-02 11:42:23] 76561198003652661: Spawned Entity Ammo box (Hel_MagazineLoading_DeepRed_SLOT3<856d9c00>, 100, 99999, 15, 0) at <3539.324707, 148.122482, 3719.326416>
[COT 2025-04-02 11:42:24] 76561198003652661: Spawned Entity Ammo box (Hel_MagazineLoading_DeepYellow_SLOT3<856e6c20>, 100, 99999, 15, 0) at <3539.484863, 148.223618, 3719.517090>
[COT 2025-04-02 11:42:25] 76561198003652661: Spawned Entity Ammo box (Hel_MagazineLoading_DeepBlueCamo_SLOT3<856e3250>, 100, 99999, 15, 0) at <3540.151367, 146.486221, 3717.375488>
[COT 2025-04-02 11:42:26] 76561198003652661: Spawned Entity Ammo box (Hel_MagazineLoading_DeepGreenCamo_SLOT3<856e1b30>, 100, 99999, 15, 0) at <3540.134033, 146.909988, 3717.885254>
[COT 2025-04-02 11:42:27] 76561198003652661: Spawned Entity Ammo box (Hel_MagazineLoading_DeepMagentaCamo_SLOT3<856e6090>, 100, 99999, 15, 0) at <3540.114990, 147.333755, 3718.379150>
[COT 2025-04-02 11:42:27] 76561198003652661: Spawned Entity Ammo box (Hel_MagazineLoading_DeepRedCamo_SLOT3<856e4970>, 100, 99999, 15, 0) at <3540.096436, 147.757523, 3718.888672>
[COT 2025-04-02 11:42:28] 76561198003652661: Spawned Entity Ammo box (Hel_MagazineLoading_DeepYellowCamo_SLOT3<856f1990>, 100, 99999, 15, 0) at <3540.136230, 148.181290, 3719.602295>
[COT 2025-04-02 11:42:30] 76561198003652661: Spawned Entity Ammo case (Hel_MagazineLoading_Case<856f2520>, 100, 750, 15, 0) at <3540.111572, 148.237244, 3719.911621>
[COT 2025-04-02 11:42:31] 76561198003652661: Spawned Entity Ammo case (Admin) (Hel_MagazineLoading_AdminCase<856ebd10>, 100, 99999, 15, 0) at <3540.105225, 148.340210, 3720.023682>
[COT 2025-04-02 11:42:32] 76561198003652661: Spawned Entity Ammo case (Hel_MagazineLoading_BlueCase<856fe9b0>, 100, 750, 15, 0) at <3540.105957, 148.332321, 3720.021484>
[COT 2025-04-02 11:42:37] 76561198003652661: Spawned Entity Ammo case (Hel_MagazineLoading_MagentaCase<856fc700>, 100, 750, 15, 0) at <3540.106201, 148.333984, 3720.021973>
[COT 2025-04-02 11:42:38] 76561198003652661: Spawned Entity Ammo case (Hel_MagazineLoading_RedCase<856fafe0>, 100, 750, 15, 0) at <3540.106201, 148.341125, 3720.024414>
[COT 2025-04-02 11:42:39] 76561198003652661: Spawned Entity Ammo case (Hel_MagazineLoading_YellowCase<856fd290>, 100, 750, 15, 0) at <3540.106934, 148.332352, 3720.022217>
[COT 2025-04-02 11:42:40] 76561198003652661: Spawned Entity Ammo case (Hel_MagazineLoading_Case_SLOT2<856fde20>, 100, 750, 15, 0) at <3540.105957, 148.335220, 3720.021973>
[COT 2025-04-02 11:42:41] 76561198003652661: Spawned Entity Ammo case (Admin) (Hel_MagazineLoading_AdminCase_SLOT2<85712d70>, 100, 99999, 15, 0) at <3540.105957, 148.337906, 3720.022949>
[COT 2025-04-02 11:42:42] 76561198003652661: Spawned Entity Ammo case (Hel_MagazineLoading_BlueCase_SLOT2<85715020>, 100, 750, 15, 0) at <3540.105713, 148.332306, 3720.021240>
[COT 2025-04-02 11:42:42] 76561198003652661: Spawned Entity Ammo case (Hel_MagazineLoading_MagentaCase_SLOT2<8570d0f0>, 100, 750, 15, 0) at <3540.106201, 148.337723, 3720.022461>
[COT 2025-04-02 11:42:43] 76561198003652661: Spawned Entity Ammo case (Hel_MagazineLoading_RedCase_SLOT2<8570ae40>, 100, 750, 15, 0) at <3540.105713, 148.335312, 3720.023193>
[COT 2025-04-02 11:42:46] 76561198003652661: Spawned Entity Ammo case (Hel_MagazineLoading_YellowCase_SLOT2<856f7610>, 100, 750, 15, 0) at <3540.106201, 148.335068, 3720.022217>
[COT 2025-04-02 11:42:47] 76561198003652661: Spawned Entity Ammo case (Hel_MagazineLoading_Case_SLOT3<8570ff30>, 100, 750, 15, 0) at <3540.105957, 148.334015, 3720.021973>
[COT 2025-04-02 11:42:47] 76561198003652661: Spawned Entity Ammo case (Admin) (Hel_MagazineLoading_AdminCase_SLOT3<85707470>, 100, 99999, 15, 0) at <3540.106201, 148.340530, 3720.024170>
[COT 2025-04-02 11:42:51] 76561198003652661: Spawned Entity Ammo case (Hel_MagazineLoading_BlueCase_SLOT3<8570f3a0>, 100, 750, 15, 0) at <3540.105713, 148.332565, 3720.021240>
[COT 2025-04-02 11:42:52] 76561198003652661: Spawned Entity Ammo case (Hel_MagazineLoading_MagentaCase_SLOT3<85711650>, 100, 750, 15, 0) at <3540.106445, 148.337479, 3720.022217>
[COT 2025-04-02 11:42:53] 76561198003652661: Spawned Entity Ammo case (Hel_MagazineLoading_RedCase_SLOT3<857172d0>, 100, 750, 15, 0) at <3540.105225, 148.338547, 3720.023682>
[COT 2025-04-02 11:42:53] 76561198003652661: Spawned Entity Ammo case (Hel_MagazineLoading_YellowCase_SLOT3<88a6af00>, 100, 750, 15, 0) at <3540.107178, 148.329147, 3720.020752>
[COT 2025-04-02 11:43:32] 76561198003652661: ESP: ESP updating
[COT 2025-04-02 11:45:35] 76561198003652661: Created Deletion Backup '2025-04-02_11-45-35'
[COT 2025-04-02 11:45:35] 76561198003652661: ESP index=0 target=Hel_MagazineLoading_DeepBlueCamo_SLOT2:5033 position=<3538.991211, 147.297653, 3716.660156> action=delete
[COT 2025-04-02 11:45:35] 76561198003652661: ESP index=1 target=Hel_MagazineLoading_DeepGreenCamo_SLOT2:5123 position=<3539.133057, 147.444855, 3717.138428> action=delete
[COT 2025-04-02 11:45:35] 76561198003652661: ESP index=2 target=Hel_MagazineLoading_DeepMagentaCamo_SLOT2:5925 position=<3539.150391, 147.577332, 3717.603516> action=delete
[COT 2025-04-02 11:45:35] 76561198003652661: ESP index=3 target=Hel_MagazineLoading_DeepYellow_SLOT2:7519 position=<3538.994629, 147.224503, 3716.571533> action=delete
[COT 2025-04-02 11:45:35] 76561198003652661: ESP index=4 target=Hel_MagazineLoading_DeepMagentaCamo_SLOT3:18388 position=<3540.114990, 147.264633, 3718.379150> action=delete
[COT 2025-04-02 11:45:35] 76561198003652661: ESP index=5 target=Hel_MagazineLoading_DeepRedCamo_SLOT3:18389 position=<3540.096436, 147.688400, 3718.888672> action=delete
[COT 2025-04-02 11:45:35] 76561198003652661: ESP index=6 target=Hel_MagazineLoading_DeepBlueCamo_SLOT3:17201 position=<3540.151367, 146.417099, 3717.375488> action=delete
[COT 2025-04-02 11:45:35] 76561198003652661: ESP index=7 target=Hel_MagazineLoading_DeepGreenCamo_SLOT3:18387 position=<3540.134033, 146.840866, 3717.885254> action=delete
[COT 2025-04-02 11:45:35] 76561198003652661: ESP index=8 target=Hel_MagazineLoading_DeepRed_SLOT2:10995 position=<3539.005859, 146.954773, 3716.250488> action=delete
[COT 2025-04-02 11:45:35] 76561198003652661: ESP index=9 target=Hel_MagazineLoading_DeepBlue_SLOT2:8644 position=<3539.034912, 146.308777, 3715.481201> action=delete
[COT 2025-04-02 11:45:35] 76561198003652661: ESP index=10 target=Hel_MagazineLoading_DeepYellowCamo:7742 position=<3539.064453, 145.628433, 3714.676514> action=delete
[COT 2025-04-02 11:45:35] 76561198003652661: ESP index=11 target=Hel_MagazineLoading_DeepMagenta_SLOT2:8651 position=<3539.026123, 146.531006, 3715.754395> action=delete
[COT 2025-04-02 11:45:35] 76561198003652661: ESP index=12 target=Hel_MagazineLoading_DeepRedCamo_SLOT2:5879 position=<3539.132080, 147.768387, 3718.318848> action=delete
[COT 2025-04-02 11:45:35] 76561198003652661: ESP index=13 target=Hel_MagazineLoading_SLOT3:5741 position=<3539.301514, 147.824646, 3718.545410> action=delete
[COT 2025-04-02 11:45:35] 76561198003652661: ESP index=14 target=Hel_MagazineLoading_SLOT2:8874 position=<3539.045654, 146.052200, 3715.182861> action=delete
[COT 2025-04-02 11:45:35] 76561198003652661: ESP index=15 target=Hel_MagazineLoading_DeepRedCamo:7296 position=<3540.873291, 146.860352, 3716.232422> action=delete
[COT 2025-04-02 11:45:35] 76561198003652661: ESP index=16 target=Hel_MagazineLoading_DeepGreenCamo:6089 position=<3540.711182, 146.536285, 3715.718506> action=delete
[COT 2025-04-02 11:45:35] 76561198003652661: ESP index=17 target=Hel_MagazineLoading_DeepYellow:5979 position=<3540.543945, 146.208282, 3715.191162> action=delete
[COT 2025-04-02 11:45:35] 76561198003652661: ESP index=18 target=Hel_MagazineLoading_DeepMagenta:4891 position=<3540.342529, 145.807159, 3714.553467> action=delete
[COT 2025-04-02 11:45:35] 76561198003652661: ESP index=19 target=Hel_MagazineLoading_DeepBlueCamo:5901 position=<3540.619873, 146.363663, 3715.431641> action=delete
[COT 2025-04-02 11:45:35] 76561198003652661: ESP index=20 target=Hel_MagazineLoading_DeepMagentaCamo:6158 position=<3540.796631, 146.712509, 3715.990479> action=delete
[COT 2025-04-02 11:45:35] 76561198003652661: ESP index=21 target=Hel_MagazineLoading_DeepRed:5477 position=<3540.450928, 146.027496, 3714.896973> action=delete
[COT 2025-04-02 11:45:35] 76561198003652661: ESP action=delete_all count=22 attempted=22
[COT 2025-04-02 11:46:51] 76561198003652661: Deleted Entity Hel_MagazineLoading:16474 at <3540.087646, 145.307999, 3713.750000>
[COT 2025-04-02 11:46:55] 76561198003652661: Deleted Entity Hel_MagazineLoading_DeepBlue:5006 at <3540.188721, 145.509232, 3714.067627>
[COT 2025-04-02 11:48:37] 76561198003652661: Created Deletion Backup '2025-04-02_11-48-37'
[COT 2025-04-02 11:48:37] 76561198003652661: ESP index=0 target=Ammo_9x19:16474 position=<6538.928711, 142.851791, 6189.944336> action=delete
[COT 2025-04-02 11:48:37] 76561198003652661: ESP index=1 target=Hel_MagazineLoading_YellowCase_SLOT3:18404 position=<3540.107178, 148.387344, 3720.020752> action=delete
[COT 2025-04-02 11:48:37] 76561198003652661: ESP index=2 target=Hel_MagazineLoading_RedCase_SLOT3:18403 position=<3540.105225, 148.396744, 3720.023682> action=delete
[COT 2025-04-02 11:48:37] 76561198003652661: ESP index=3 target=Hel_MagazineLoading_BlueCase_SLOT2:7169 position=<3540.105713, 148.390503, 3720.021240> action=delete
[COT 2025-04-02 11:48:37] 76561198003652661: ESP index=4 target=Hel_MagazineLoading_AdminCase_SLOT2:6364 position=<3540.105957, 148.396103, 3720.022949> action=delete
[COT 2025-04-02 11:48:37] 76561198003652661: ESP index=5 target=Hel_MagazineLoading_MagentaCase_SLOT3:18402 position=<3540.106445, 148.395676, 3720.022217> action=delete
[COT 2025-04-02 11:48:37] 76561198003652661: ESP index=6 target=Hel_MagazineLoading_Case_SLOT3:7899 position=<3540.105957, 148.392212, 3720.021973> action=delete
[COT 2025-04-02 11:48:37] 76561198003652661: ESP index=7 target=Hel_MagazineLoading_BlueCase_SLOT3:18401 position=<3540.105713, 148.390762, 3720.021240> action=delete
[COT 2025-04-02 11:48:37] 76561198003652661: ESP index=8 target=Hel_MagazineLoading_MagentaCase_SLOT2:6816 position=<3540.106201, 148.395920, 3720.022461> action=delete
[COT 2025-04-02 11:48:37] 76561198003652661: ESP index=9 target=Hel_MagazineLoading_RedCase_SLOT2:7294 position=<3540.105713, 148.393509, 3720.023193> action=delete
[COT 2025-04-02 11:48:37] 76561198003652661: ESP index=10 target=Hel_MagazineLoading_AdminCase_SLOT3:16419 position=<3540.106201, 148.398727, 3720.024170> action=delete
[COT 2025-04-02 11:48:37] 76561198003652661: ESP index=11 target=Hel_MagazineLoading_BlueCase:6090 position=<3540.105957, 148.390518, 3720.021484> action=delete
[COT 2025-04-02 11:48:37] 76561198003652661: ESP index=12 target=Hel_MagazineLoading_Case_SLOT2:5938 position=<3540.105957, 148.393417, 3720.021973> action=delete
[COT 2025-04-02 11:48:37] 76561198003652661: ESP index=13 target=Hel_MagazineLoading_YellowCase:5931 position=<3540.106934, 148.390549, 3720.022217> action=delete
[COT 2025-04-02 11:48:37] 76561198003652661: ESP index=14 target=Hel_MagazineLoading_MagentaCase:4799 position=<3540.106201, 148.392181, 3720.021973> action=delete
[COT 2025-04-02 11:48:37] 76561198003652661: ESP index=15 target=Hel_MagazineLoading_RedCase:5534 position=<3540.106201, 148.399323, 3720.024414> action=delete
[COT 2025-04-02 11:48:37] 76561198003652661: ESP index=16 target=Hel_MagazineLoading_YellowCase_SLOT2:7338 position=<3540.106201, 148.393265, 3720.022217> action=delete
[COT 2025-04-02 11:48:37] 76561198003652661: ESP index=17 target=Hel_MagazineLoading_Case:17564 position=<3540.111572, 148.295441, 3719.911621> action=delete
[COT 2025-04-02 11:48:37] 76561198003652661: ESP index=18 target=Hel_MagazineLoading_DeepYellowCamo_SLOT3:17226 position=<3540.136230, 148.112167, 3719.602295> action=delete
[COT 2025-04-02 11:48:37] 76561198003652661: ESP index=19 target=Hel_MagazineLoading_AdminCase:8749 position=<3540.105225, 148.398407, 3720.023682> action=delete
[COT 2025-04-02 11:48:37] 76561198003652661: ESP index=20 target=Hel_MagazineLoading_DeepYellow_SLOT3:17292 position=<3539.484863, 148.154495, 3719.517090> action=delete
[COT 2025-04-02 11:48:37] 76561198003652661: ESP index=21 target=Hel_MagazineLoading_DeepMagenta_SLOT3:5826 position=<3539.216064, 148.036514, 3719.094238> action=delete
[COT 2025-04-02 11:48:37] 76561198003652661: ESP index=22 target=Hel_MagazineLoading_DeepBlue_SLOT3:5793 position=<3539.300781, 147.879517, 3718.612793> action=delete
[COT 2025-04-02 11:48:37] 76561198003652661: ESP index=23 target=Hel_MagazineLoading_DeepRed_SLOT3:16641 position=<3539.324707, 148.053360, 3719.326416> action=delete
[COT 2025-04-02 11:48:37] 76561198003652661: ESP action=delete_all count=24 attempted=24
[COT 2025-04-02 12:55:24] 76561198352827856: Activated Community Online Tools [guid=m_TD03B4NXDQrU5koHpLq3WyQf1hXTvQSdETJOTM8ss=]
[COT 2025-04-02 12:57:50] 76561198352827856: Entered the Free Camera
[COT 2025-04-02 12:58:17] 76561198352827856: Left the Free Camera
[COT 2025-04-02 12:58:28] 76561198352827856: Teleported 76561198352827856 to position <8896.000000, 132.809799, 9336.888672>
[COT 2025-04-02 12:58:28] 76561198352827856: Teleported 76561198080386308 to position <8896.000000, 132.809799, 9336.888672>
[COT 2025-04-02 12:58:36] 76561198352827856: Entered the Free Camera
[COT 2025-04-02 12:59:12] 76561198352827856: Left the Free Camera
[COT 2025-04-02 12:59:23] 76561198352827856: Teleported [guid=kOLgOs9yYBFVRQG3lqoHveYdP5X8y3SO69cq5MiR4us=] to <10150.313477, 133.327774, 9675.100586>
[COT 2025-04-02 13:00:10] 76561198352827856: Set HeatBuffer To 30 [guid=kOLgOs9yYBFVRQG3lqoHveYdP5X8y3SO69cq5MiR4us=]
[COT 2025-04-02 13:00:12] 76561198352827856: Set Energy To 5000 [guid=kOLgOs9yYBFVRQG3lqoHveYdP5X8y3SO69cq5MiR4us=]
[COT 2025-04-02 13:00:12] 76561198352827856: Set Water To 5000 [guid=kOLgOs9yYBFVRQG3lqoHveYdP5X8y3SO69cq5MiR4us=]
[COT 2025-04-02 13:00:14] 76561198352827856: Set HeatBuffer To 30 [guid=m_TD03B4NXDQrU5koHpLq3WyQf1hXTvQSdETJOTM8ss=]
[COT 2025-04-02 13:04:55] 76561198352827856: Teleported [guid=kOLgOs9yYBFVRQG3lqoHveYdP5X8y3SO69cq5MiR4us=] to <10157.519531, 135.004715, 9501.514648>
[COT 2025-04-02 13:06:57] 76561198352827856: Dried [guid=m_TD03B4NXDQrU5koHpLq3WyQf1hXTvQSdETJOTM8ss=]
[COT 2025-04-02 13:07:00] 76561198352827856: Dried [guid=kOLgOs9yYBFVRQG3lqoHveYdP5X8y3SO69cq5MiR4us=]
[COT 2025-04-02 13:07:01] 76561198352827856: Dried [guid=m_TD03B4NXDQrU5koHpLq3WyQf1hXTvQSdETJOTM8ss=]
[COT 2025-04-02 13:07:05] 76561198352827856: Dried [guid=m_TD03B4NXDQrU5koHpLq3WyQf1hXTvQSdETJOTM8ss=]
[COT 2025-04-02 13:07:55] 76561198352827856: Set GodMode To true [guid=m_TD03B4NXDQrU5koHpLq3WyQf1hXTvQSdETJOTM8ss=]
[COT 2025-04-02 13:10:00] 76561198352827856: Set GodMode To true [guid=kOLgOs9yYBFVRQG3lqoHveYdP5X8y3SO69cq5MiR4us=]
[COT 2025-04-02 13:22:55] 76561198352827856: Activated Community Online Tools [guid=m_TD03B4NXDQrU5koHpLq3WyQf1hXTvQSdETJOTM8ss=]
[COT 2025-04-02 13:23:06] 76561198352827856: Set GodMode To true [guid=m_TD03B4NXDQrU5koHpLq3WyQf1hXTvQSdETJOTM8ss=]
[COT 2025-04-02 13:23:11] 76561198352827856: Dried [guid=m_TD03B4NXDQrU5koHpLq3WyQf1hXTvQSdETJOTM8ss=]
[COT 2025-04-02 13:23:14] 76561198352827856: Dried [guid=kOLgOs9yYBFVRQG3lqoHveYdP5X8y3SO69cq5MiR4us=]
[COT 2025-04-02 13:24:52] 76561198352827856: Teleported to <10009.965820, 183.818161, 9683.167969> [guid=kOLgOs9yYBFVRQG3lqoHveYdP5X8y3SO69cq5MiR4us=]
[COT 2025-04-02 13:30:13] 76561198352827856: Teleported [guid=kOLgOs9yYBFVRQG3lqoHveYdP5X8y3SO69cq5MiR4us=] to <9823.165039, 135.994247, 10084.448242>
[COT 2025-04-02 13:32:06] 76561198352827856: Teleported [guid=kOLgOs9yYBFVRQG3lqoHveYdP5X8y3SO69cq5MiR4us=] to <9685.493164, 140.992767, 9865.524414>
[COT 2025-04-02 13:32:21] 76561198352827856: Entered the Free Camera
[COT 2025-04-02 13:32:59] 76561198352827856: Teleported 76561198080386308 to position <568.888855, 347.760010, 1208.887939>
[COT 2025-04-02 13:33:01] 76561198352827856: Teleported to <568.888855, 347.760010, 1208.887939> [guid=kOLgOs9yYBFVRQG3lqoHveYdP5X8y3SO69cq5MiR4us=]
[COT 2025-04-02 13:33:06] 76561198352827856: Left the Free Camera
[COT 2025-04-02 13:33:20] 76561198352827856: Entered the Free Camera
[COT 2025-04-02 13:33:44] 76561198352827856: Left the Free Camera
[COT 2025-04-02 13:33:47] 76561198352827856: Teleported [guid=kOLgOs9yYBFVRQG3lqoHveYdP5X8y3SO69cq5MiR4us=] to <471.986359, 374.677490, 1009.149414>
[COT 2025-04-02 13:34:29] 76561198352827856: Teleported to <436.754272, 376.838745, 1014.315063> [guid=kOLgOs9yYBFVRQG3lqoHveYdP5X8y3SO69cq5MiR4us=]
[COT 2025-04-02 13:34:48] 76561198352827856: Teleported [guid=kOLgOs9yYBFVRQG3lqoHveYdP5X8y3SO69cq5MiR4us=] to <435.825531, 376.925629, 1016.119385>
[COT 2025-04-02 13:34:54] 76561198352827856: Set HeatBuffer To 30 [guid=m_TD03B4NXDQrU5koHpLq3WyQf1hXTvQSdETJOTM8ss=]
[COT 2025-04-02 13:35:00] 76561198352827856: Teleported [guid=kOLgOs9yYBFVRQG3lqoHveYdP5X8y3SO69cq5MiR4us=] to <436.473114, 377.104858, 1016.184448>
[COT 2025-04-02 13:35:06] 76561198352827856: Set HeatBuffer To 30 [guid=kOLgOs9yYBFVRQG3lqoHveYdP5X8y3SO69cq5MiR4us=]
[COT 2025-04-02 13:35:22] 76561198352827856: Teleported [guid=kOLgOs9yYBFVRQG3lqoHveYdP5X8y3SO69cq5MiR4us=] to <435.857697, 376.931885, 1016.109253>
[COT 2025-04-02 13:35:34] 76561198352827856: Teleported [guid=kOLgOs9yYBFVRQG3lqoHveYdP5X8y3SO69cq5MiR4us=] to <435.239685, 376.783539, 1016.059998>
[COT 2025-04-02 13:35:46] 76561198352827856: Teleported [guid=kOLgOs9yYBFVRQG3lqoHveYdP5X8y3SO69cq5MiR4us=] to <435.239685, 376.783539, 1016.059998>
[COT 2025-04-02 13:36:04] 76561198352827856: Teleported [guid=kOLgOs9yYBFVRQG3lqoHveYdP5X8y3SO69cq5MiR4us=] to <435.239685, 376.783539, 1016.059998>
[COT 2025-04-02 13:36:46] 76561198352827856: Teleported [guid=kOLgOs9yYBFVRQG3lqoHveYdP5X8y3SO69cq5MiR4us=] to <435.239685, 376.783539, 1016.059998>
[COT 2025-04-02 13:37:04] 76561198352827856: Spawned Entity Queen Skullspider (Deadfall_Creatures_Spiderskull_queen<7a913c60>, 100, 2500, 15, 0) at <439.520477, 374.101379, 998.424133>
[COT 2025-04-02 13:37:45] 76561198352827856: Teleported [guid=kOLgOs9yYBFVRQG3lqoHveYdP5X8y3SO69cq5MiR4us=] to <435.239685, 376.783539, 1016.059998>
[COT 2025-04-02 13:38:07] 76561198352827856: Set HeatBuffer To 30 [guid=m_TD03B4NXDQrU5koHpLq3WyQf1hXTvQSdETJOTM8ss=]
[COT 2025-04-02 13:38:21] 76561198352827856: Teleported [guid=kOLgOs9yYBFVRQG3lqoHveYdP5X8y3SO69cq5MiR4us=] to <435.239685, 376.783539, 1016.059998>
[COT 2025-04-02 13:39:14] 76561198352827856: Teleported [guid=kOLgOs9yYBFVRQG3lqoHveYdP5X8y3SO69cq5MiR4us=] to <435.239685, 376.783539, 1016.059998>
[COT 2025-04-02 13:39:41] 76561198352827856: Entered the Free Camera
[COT 2025-04-02 13:41:04] 76561198352827856: Left the Free Camera
[COT 2025-04-02 13:41:10] 76561198352827856: Teleported [guid=kOLgOs9yYBFVRQG3lqoHveYdP5X8y3SO69cq5MiR4us=] to <436.285156, 377.335083, 1017.585449>
[COT 2025-04-02 13:41:13] 76561198352827856: Set Energy To 5000 [guid=kOLgOs9yYBFVRQG3lqoHveYdP5X8y3SO69cq5MiR4us=]
[COT 2025-04-02 13:41:13] 76561198352827856: Set Water To 5000 [guid=kOLgOs9yYBFVRQG3lqoHveYdP5X8y3SO69cq5MiR4us=]
[COT 2025-04-02 13:41:13] 76561198352827856: Set HeatBuffer To 30 [guid=kOLgOs9yYBFVRQG3lqoHveYdP5X8y3SO69cq5MiR4us=]
[COT 2025-04-02 13:41:14] 76561198352827856: Set GodMode To true [guid=kOLgOs9yYBFVRQG3lqoHveYdP5X8y3SO69cq5MiR4us=]
[COT 2025-04-02 13:41:19] 76561198352827856: Set AdminNVG To true [guid=kOLgOs9yYBFVRQG3lqoHveYdP5X8y3SO69cq5MiR4us=]
[COT 2025-04-02 13:41:42] 76561198352827856: Teleported [guid=kOLgOs9yYBFVRQG3lqoHveYdP5X8y3SO69cq5MiR4us=] to <436.285156, 377.335083, 1017.585449>
[COT 2025-04-02 13:41:59] 76561198352827856: Teleported [guid=kOLgOs9yYBFVRQG3lqoHveYdP5X8y3SO69cq5MiR4us=] to <436.285156, 377.335083, 1017.585449>
[COT 2025-04-02 13:42:12] 76561198352827856: Teleported [guid=kOLgOs9yYBFVRQG3lqoHveYdP5X8y3SO69cq5MiR4us=] to <436.285156, 377.335083, 1017.585449>
[COT 2025-04-02 13:42:34] 76561198352827856: Teleported [guid=kOLgOs9yYBFVRQG3lqoHveYdP5X8y3SO69cq5MiR4us=] to <435.508057, 377.108856, 1017.451233>
[COT 2025-04-02 13:42:46] 76561198352827856: Teleported [guid=kOLgOs9yYBFVRQG3lqoHveYdP5X8y3SO69cq5MiR4us=] to <435.508057, 377.108856, 1017.451233>
[COT 2025-04-02 13:43:05] 76561198352827856: Teleported [guid=kOLgOs9yYBFVRQG3lqoHveYdP5X8y3SO69cq5MiR4us=] to <435.508057, 377.108856, 1017.451233>
[COT 2025-04-02 13:43:26] 76561198352827856: ESP: ESP updating
[COT 2025-04-02 13:44:04] 76561198352827856: Set AdminNVG To false [guid=kOLgOs9yYBFVRQG3lqoHveYdP5X8y3SO69cq5MiR4us=]
[COT 2025-04-02 13:44:07] 76561198352827856: Teleported to <2265.130859, 148.558960, 4505.541016> [guid=kOLgOs9yYBFVRQG3lqoHveYdP5X8y3SO69cq5MiR4us=]
