[COT 2025-03-26 16:23:37] 76561198352827856: Activated Community Online Tools [guid=m_TD03B4NXDQrU5koHpLq3WyQf1hXTvQSdETJOTM8ss=]
[COT 2025-03-26 16:24:14] 76561198352827856: Spawned Entity Expedition Gas Mask (GasMask<d1321650>, 225, 120, 15, 0) at <4744.822266, 338.781921, 3963.908203>
[COT 2025-03-26 16:24:59] 76561198352827856: Spawned Entity Expedition Gas Mask (GasMask<cfda2180>, 225, 120, 15, 0) at <4732.553711, 338.847076, 3976.158691>
[COT 2025-03-26 16:31:06] 76561198352827856: Spawned Entity Expedition Gas Mask (GasMask<d06977b0>, 225, 120, 15, 0) at <4580.821777, 338.781860, 4383.729492>
[COT 2025-03-26 16:31:06] 76561198352827856: Spawned Entity Expedition Gas Mask (GasMask<d0696c20>, 225, 120, 15, 0) at <4580.821777, 338.781860, 4383.729492>
[COT 2025-03-26 16:31:07] 76561198352827856: Spawned Entity Expedition Gas Mask (GasMask<d06a3c40>, 225, 120, 15, 0) at <4580.821777, 338.781860, 4383.729492>
[COT 2025-03-26 16:47:26] 76561198352827856: Deactivated Community Online Tools [guid=m_TD03B4NXDQrU5koHpLq3WyQf1hXTvQSdETJOTM8ss=]
[COT 2025-03-26 16:59:23] 76561198352827856: Activated Community Online Tools [guid=m_TD03B4NXDQrU5koHpLq3WyQf1hXTvQSdETJOTM8ss=]
[COT 2025-03-26 17:12:39] 76561198352827856: Entered the Free Camera
[COT 2025-03-26 17:12:52] 76561198352827856: Left the Free Camera
[COT 2025-03-26 17:42:12] 76561198352827856: Deactivated Community Online Tools [guid=m_TD03B4NXDQrU5koHpLq3WyQf1hXTvQSdETJOTM8ss=]
[COT 2025-03-26 17:45:13] 76561198352827856: Activated Community Online Tools [guid=m_TD03B4NXDQrU5koHpLq3WyQf1hXTvQSdETJOTM8ss=]
[COT 2025-03-26 17:45:14] 76561198352827856: Deactivated Community Online Tools [guid=m_TD03B4NXDQrU5koHpLq3WyQf1hXTvQSdETJOTM8ss=]
[COT 2025-03-26 17:45:40] 76561198352827856: Activated Community Online Tools [guid=m_TD03B4NXDQrU5koHpLq3WyQf1hXTvQSdETJOTM8ss=]
[COT 2025-03-26 17:45:42] 76561198352827856: Entered the Free Camera
[COT 2025-03-26 17:46:08] 76561198352827856: Teleported [guid=kOLgOs9yYBFVRQG3lqoHveYdP5X8y3SO69cq5MiR4us=] to <3119.614990, 147.242111, 2792.122559>
[COT 2025-03-26 17:46:10] 76561198352827856: Teleported [guid=mvB_p65s26M1iDgS3KgKpm-UzbAyYM5rER5IINF2xI0=] to <3119.614990, 147.242111, 2792.122559>
[COT 2025-03-26 17:46:14] 76561198352827856: Left the Free Camera
[COT 2025-03-26 17:47:05] 76561198352827856: Entered the Free Camera
[COT 2025-03-26 17:47:26] 76561198352827856: Teleported [guid=mvB_p65s26M1iDgS3KgKpm-UzbAyYM5rER5IINF2xI0=] to <2256.767822, 112.079590, 2545.841309>
[COT 2025-03-26 17:47:28] 76561198352827856: Teleported [guid=kOLgOs9yYBFVRQG3lqoHveYdP5X8y3SO69cq5MiR4us=] to <2256.767822, 112.079590, 2545.841309>
[COT 2025-03-26 17:47:30] 76561198352827856: Left the Free Camera
[COT 2025-03-26 17:57:07] 76561198352827856: Deactivated Community Online Tools [guid=m_TD03B4NXDQrU5koHpLq3WyQf1hXTvQSdETJOTM8ss=]
[COT 2025-03-26 18:05:13] 76561198352827856: Activated Community Online Tools [guid=m_TD03B4NXDQrU5koHpLq3WyQf1hXTvQSdETJOTM8ss=]
[COT 2025-03-26 18:08:22] 76561198352827856: Set Energy To 5000 [guid=m_TD03B4NXDQrU5koHpLq3WyQf1hXTvQSdETJOTM8ss=]
[COT 2025-03-26 18:08:22] 76561198352827856: Set Water To 5000 [guid=m_TD03B4NXDQrU5koHpLq3WyQf1hXTvQSdETJOTM8ss=]
[COT 2025-03-26 18:08:22] 76561198352827856: Set HeatBuffer To 30 [guid=m_TD03B4NXDQrU5koHpLq3WyQf1hXTvQSdETJOTM8ss=]
[COT 2025-03-26 18:08:25] 76561198352827856: Set Shock To 48.34 [guid=m_TD03B4NXDQrU5koHpLq3WyQf1hXTvQSdETJOTM8ss=]
[COT 2025-03-26 18:09:20] 76561198352827856: Deactivated Community Online Tools [guid=m_TD03B4NXDQrU5koHpLq3WyQf1hXTvQSdETJOTM8ss=]
[COT 2025-03-26 18:30:37] 76561198352827856: Activated Community Online Tools [guid=m_TD03B4NXDQrU5koHpLq3WyQf1hXTvQSdETJOTM8ss=]
[COT 2025-03-26 18:30:45] 76561198352827856: Set Shock To 48.34 [guid=m_TD03B4NXDQrU5koHpLq3WyQf1hXTvQSdETJOTM8ss=]
[COT 2025-03-26 18:38:19] 76561198352827856: Deactivated Community Online Tools [guid=m_TD03B4NXDQrU5koHpLq3WyQf1hXTvQSdETJOTM8ss=]
