[COT 2025-04-02 03:28:43] 76561198352827856: Activated Community Online Tools [guid=m_TD03B4NXDQrU5koHpLq3WyQf1hXTvQSdETJOTM8ss=]
[COT 2025-04-02 03:28:52] 76561198352827856: Set GodMode To true [guid=m_TD03B4NXDQrU5koHpLq3WyQf1hXTvQSdETJOTM8ss=]
[COT 2025-04-02 03:28:53] 76561198352827856: Set Invisibility To 1 [guid=m_TD03B4NXDQrU5koHpLq3WyQf1hXTvQSdETJOTM8ss=]
[COT 2025-04-02 03:28:56] 76561198352827856: Set Energy To 5000 [guid=m_TD03B4NXDQrU5koHpLq3WyQf1hXTvQSdETJOTM8ss=]
[COT 2025-04-02 03:28:56] 76561198352827856: Set Water To 5000 [guid=m_TD03B4NXDQrU5koHpLq3WyQf1hXTvQSdETJOTM8ss=]
[COT 2025-04-02 03:28:56] 76561198352827856: Set HeatBuffer To 30 [guid=m_TD03B4NXDQrU5koHpLq3WyQf1hXTvQSdETJOTM8ss=]
[COT 2025-04-02 03:28:59] 76561198352827856: Entered the Free Camera
[COT 2025-04-02 03:29:22] 76561198352827856: Teleported 76561198352827856 to position <6672.893555, 106.659363, 6094.516602>
[COT 2025-04-02 03:29:25] 76561198352827856: Left the Free Camera
[COT 2025-04-02 03:30:16] 76561198352827856: Set Invisibility To 0 [guid=m_TD03B4NXDQrU5koHpLq3WyQf1hXTvQSdETJOTM8ss=]
[COT 2025-04-02 03:30:16] 76561198352827856: Set GodMode To false [guid=m_TD03B4NXDQrU5koHpLq3WyQf1hXTvQSdETJOTM8ss=]
[COT 2025-04-02 03:30:36] 76561198352827856: Deactivated Community Online Tools [guid=m_TD03B4NXDQrU5koHpLq3WyQf1hXTvQSdETJOTM8ss=]
[COT 2025-04-02 03:41:28] 76561198352827856: Activated Community Online Tools [guid=m_TD03B4NXDQrU5koHpLq3WyQf1hXTvQSdETJOTM8ss=]
[COT 2025-04-02 03:41:32] 76561198352827856: Set GodMode To true [guid=m_TD03B4NXDQrU5koHpLq3WyQf1hXTvQSdETJOTM8ss=]
[COT 2025-04-02 03:41:33] 76561198352827856: Set GodMode To false [guid=m_TD03B4NXDQrU5koHpLq3WyQf1hXTvQSdETJOTM8ss=]
[COT 2025-04-02 03:41:34] 76561198352827856: Set GodMode To true [guid=m_TD03B4NXDQrU5koHpLq3WyQf1hXTvQSdETJOTM8ss=]
[COT 2025-04-02 03:46:08] 76561198352827856: Deactivated Community Online Tools [guid=m_TD03B4NXDQrU5koHpLq3WyQf1hXTvQSdETJOTM8ss=]
[COT 2025-04-02 03:46:09] 76561198352827856: Activated Community Online Tools [guid=m_TD03B4NXDQrU5koHpLq3WyQf1hXTvQSdETJOTM8ss=]
[COT 2025-04-02 03:46:12] 76561198352827856: Set Invisibility To 1 [guid=m_TD03B4NXDQrU5koHpLq3WyQf1hXTvQSdETJOTM8ss=]
[COT 2025-04-02 03:46:21] 76561198352827856: Teleported 76561198352827856 to position <4685.071777, 350.782501, 5205.625977>
[COT 2025-04-02 03:46:27] 76561198352827856: ESP: Viewing ESP
[COT 2025-04-02 03:46:42] 76561198352827856: ESP: Clearing ESP
[COT 2025-04-02 03:46:42] 76561198352827856: ESP: ESP updating
[COT 2025-04-02 03:56:23] 76561198352827856: Storm 1, 0.7, 25
[COT 2025-04-02 03:56:23] 76561198352827856: Overcast 0.542889, 0, 240
[COT 2025-04-02 03:56:23] 76561198352827856: Rain 0, 0, 240
[COT 2025-04-02 03:56:23] 76561198352827856: Snow 0, 0, 240
[COT 2025-04-02 03:56:23] 76561198352827856: Fog 0, 0, 240
[COT 2025-04-02 03:56:23] 76561198352827856: DynamicFog 0, 0, 0
[COT 2025-04-02 03:56:23] 76561198352827856: WindMagnitude 8.21375, 0, 240
[COT 2025-04-02 03:56:23] 76561198352827856: WindDirection 0.587861, 0, 240
[COT 2025-04-02 03:58:24] 76561198352827856: Set BloodyHands To false [guid=Q5YYCirVtNrxz4WQIODDgTTJ2c72jSwr9IjthoaUGfs=]
