[COT 2025-03-17 11:04:20] 76561198352827856: Activated Community Online Tools [guid=m_TD03B4NXDQrU5koHpLq3WyQf1hXTvQSdETJOTM8ss=]
[COT 2025-03-17 11:04:29] 76561198352827856: Set GodMode To true [guid=m_TD03B4NXDQrU5koHpLq3WyQf1hXTvQSdETJOTM8ss=]
[COT 2025-03-17 11:04:30] 76561198352827856: Set cannot be targeted by AI to true [guid=m_TD03B4NXDQrU5koHpLq3WyQf1hXTvQSdETJOTM8ss=]
[COT 2025-03-17 11:04:33] 76561198352827856: Set remove collision to true [guid=m_TD03B4NXDQrU5koHpLq3WyQf1hXTvQSdETJOTM8ss=]
[COT 2025-03-17 11:04:48] 76561198352827856: ESP: Viewing ESP
[COT 2025-03-17 11:04:52] 76561198352827856: Entered the Free Camera
[COT 2025-03-17 11:05:04] 76561198352827856: Teleported 76561198352827856 to position <5787.914551, 290.401337, 3818.800781>
[COT 2025-03-17 11:05:07] 76561198352827856: Left the Free Camera
[COT 2025-03-17 11:05:27] 76561198352827856: Healed [guid=mvB_p65s26M1iDgS3KgKpm-UzbAyYM5rER5IINF2xI0=]
[COT 2025-03-17 11:05:49] 76561198352827856: Created Deletion Backup '2025-03-17_11-05-49'
[COT 2025-03-17 11:05:49] 76561198352827856: ESP index=0 target=ExpansionUAZ:16275 position=<5803.421387, 243.779892, 3890.856201> action=delete
[COT 2025-03-17 11:05:49] 76561198352827856: ESP action=delete_all count=1 attempted=1
[COT 2025-03-17 11:06:04] 76561198352827856: Spawned Entity UAZ 469 Roofless (ExpansionUAZRoofless<b7bf1010>, 100, 1000, 15, 0) at <5786.454590, 293.282013, 3884.641357>
[COT 2025-03-17 11:06:29] 76561198352827856: Entered the Free Camera
[COT 2025-03-17 11:07:12] 76561198352827856: Deleted Entity ExpansionUAZRoofless:16039 at <5752.118652, 294.365692, 4000.143799>
[COT 2025-03-17 11:07:40] 76561198352827856: Spawned Entity M3S Covered (Truck_01_Covered_Orange<e81710c0>, 100, 1500, 15, 0) at <5754.724121, 294.341675, 4004.324951>
[COT 2025-03-17 11:08:15] 76561198352827856: Spawned Entity M3S Covered (Truck_01_Covered<5e596170>, 100, 1500, 15, 0) at <5757.915527, 294.299164, 4004.418945>
[COT 2025-03-17 11:08:21] 76561198352827856: Left the Free Camera
[COT 2025-03-17 11:11:48] 76561198352827856: Deleted Entity Truck_01_Covered_White:4783 at <5541.091797, 278.995667, 5032.569824>
[COT 2025-03-17 11:11:52] 76561198352827856: Deleted Entity Truck_01_Covered_Orange:10845 at <5543.287109, 279.018555, 5038.895996>
[COT 2025-03-17 11:12:30] 76561198352827856: Spawned Entity Gyrocopter (ExpansionGyrocopter<d33151b0>, 100, 2750, 15, 0) at <5537.353516, 280.024414, 5035.743652>
[COT 2025-03-17 11:12:33] 76561198352827856: Spawned Entity Gyrocopter (ExpansionGyrocopter<d331a9d0>, 100, 2750, 15, 0) at <5540.890137, 279.412506, 5037.105957>
[COT 2025-03-17 11:13:13] 76561198352827856: Deleted Entity ExpansionGyrocopter:5810 at <5449.958496, 303.761139, 5119.619629>
[COT 2025-03-17 11:13:39] 76561198352827856: Spawned Entity Mh-6 Little Bird (ExpansionMh6<d33151b0>, 100, 5000, 15, 0) at <5437.860352, 308.853180, 5154.772461>
[COT 2025-03-17 11:18:34] 76561198352827856: Deleted Entity ExpansionMh6:14443 at <3883.233398, 116.860260, 1768.866211>
[COT 2025-03-17 11:18:48] 76561198352827856: Deleted Entity ExpansionGyrocopter:11375 at <3813.298340, 117.741020, 1885.507202>
[COT 2025-03-17 11:18:59] 76561198352827856: Spawned Entity Gyrocopter (ExpansionBigGyrocopter<d330cd80>, 100, 2750, 15, 0) at <3807.505371, 117.361748, 1887.736938>
[COT 2025-03-17 11:19:26] 76561198352827856: Set HeatBuffer To 30 [guid=mvB_p65s26M1iDgS3KgKpm-UzbAyYM5rER5IINF2xI0=]
[COT 2025-03-17 11:19:37] 76561198352827856: Set HeatBuffer To 30 [guid=m_TD03B4NXDQrU5koHpLq3WyQf1hXTvQSdETJOTM8ss=]
[COT 2025-03-17 11:21:39] 76561198352827856: Spawned Entity Vodnik (ExpansionVodnik<d332de40>, 100, 10000, 15, 0) at <3724.870605, 117.944458, 1930.398804>
[COT 2025-03-17 11:28:53] 76561198352827856: Entered the Free Camera
[COT 2025-03-17 11:29:19] 76561198352827856: Created Deletion Backup '2025-03-17_11-29-19'
[COT 2025-03-17 11:29:19] 76561198352827856: ESP index=0 target=ExpansionVodnik:14368 position=<1550.562866, 114.536446, 4823.623535> action=delete
[COT 2025-03-17 11:29:19] 76561198352827856: ESP action=delete_all count=1 attempted=1
[COT 2025-03-17 11:30:49] 76561198352827856: Spawned Entity blackMaskac Improvizované pončo s maskovací sítí (BlackMaskac_CamoNetPoncho<c2a0f4a0>, 100, 100, 15, 0) on 76561198844058378
[COT 2025-03-17 11:35:28] 76561198352827856: Left the Free Camera
[COT 2025-03-17 11:37:49] 76561198352827856: Entered the Free Camera
[COT 2025-03-17 11:38:20] 76561198352827856: Left the Free Camera
[COT 2025-03-17 11:39:12] 76561198352827856: Entered the Free Camera
[COT 2025-03-17 11:39:52] 76561198352827856: Left the Free Camera
[COT 2025-03-17 11:40:17] 76561198352827856: Entered the Free Camera
[COT 2025-03-17 11:42:29] 76561198352827856: Teleported 76561198352827856 to position <7400.674805, 118.660507, 6368.181152>
[COT 2025-03-17 11:42:48] 76561198352827856: Teleported 76561198352827856 to position <7490.988770, 124.145103, 6344.330078>
[COT 2025-03-17 11:43:13] 76561198352827856: Left the Free Camera
[COT 2025-03-17 11:45:28] 76561198352827856: Teleported 76561198844058378 to position <7574.755371, 129.811386, 6374.722656>
[COT 2025-03-17 11:46:03] 76561198352827856: Entered the Free Camera
[COT 2025-03-17 11:48:18] 76561198352827856: Left the Free Camera
[COT 2025-03-17 12:18:22] 76561198352827856: Activated Community Online Tools [guid=m_TD03B4NXDQrU5koHpLq3WyQf1hXTvQSdETJOTM8ss=]
[COT 2025-03-17 12:19:43] 76561198352827856: Set GodMode To true [guid=m_TD03B4NXDQrU5koHpLq3WyQf1hXTvQSdETJOTM8ss=]
[COT 2025-03-17 12:19:45] 76561198352827856: Set cannot be targeted by AI to true [guid=m_TD03B4NXDQrU5koHpLq3WyQf1hXTvQSdETJOTM8ss=]
[COT 2025-03-17 12:19:47] 76561198352827856: Set Invisibility To 1 [guid=m_TD03B4NXDQrU5koHpLq3WyQf1hXTvQSdETJOTM8ss=]
[COT 2025-03-17 12:19:48] 76561198352827856: Set HeatBuffer To 30 [guid=m_TD03B4NXDQrU5koHpLq3WyQf1hXTvQSdETJOTM8ss=]
[COT 2025-03-17 12:20:11] 76561198352827856: Entered the Free Camera
[COT 2025-03-17 12:20:22] 76561198352827856: Deleted Entity ExpansionBigGyrocopter:10601 at <7464.258301, 120.791298, 6355.578125>
[COT 2025-03-17 12:21:07] 76561198352827856: Left the Free Camera
[COT 2025-03-17 12:21:11] 76561198352827856: Entered the Free Camera
[COT 2025-03-17 12:22:32] 76561198352827856: Left the Free Camera
[COT 2025-03-17 12:22:46] 76561198352827856: Teleported [guid=kOLgOs9yYBFVRQG3lqoHveYdP5X8y3SO69cq5MiR4us=] to <1012.051514, 153.322876, 3383.695557>
[COT 2025-03-17 12:22:49] 76561198352827856: Entered the Free Camera
[COT 2025-03-17 12:24:15] 76561198352827856: Set Invisibility To 0 [guid=m_TD03B4NXDQrU5koHpLq3WyQf1hXTvQSdETJOTM8ss=]
[COT 2025-03-17 12:24:16] 76561198352827856: Set cannot be targeted by AI to true [guid=m_TD03B4NXDQrU5koHpLq3WyQf1hXTvQSdETJOTM8ss=]
[COT 2025-03-17 12:24:19] 76561198352827856: Set remove collision to true [guid=m_TD03B4NXDQrU5koHpLq3WyQf1hXTvQSdETJOTM8ss=]
[COT 2025-03-17 12:25:01] 76561198352827856: Spawned Entity Expedition Firearm Repair Kit (WeaponCleaningKit<a96261d0>, 100, 100, 15, 0) on 76561198080386308
[COT 2025-03-17 12:25:01] 76561198352827856: Spawned Entity Expedition Firearm Repair Kit (WeaponCleaningKit<a962b2c0>, 100, 100, 15, 0) on 76561198080386308
[COT 2025-03-17 12:25:09] 76561198352827856: Left the Free Camera
[COT 2025-03-17 12:25:22] 76561198352827856: ESP: Viewing ESP
[COT 2025-03-17 12:25:25] 76561198352827856: Entered the Free Camera
[COT 2025-03-17 12:29:01] 76561198352827856: Set HeatBuffer To 30 [guid=m_TD03B4NXDQrU5koHpLq3WyQf1hXTvQSdETJOTM8ss=]
[COT 2025-03-17 12:29:05] 76561198352827856: Set Invisibility To 1 [guid=m_TD03B4NXDQrU5koHpLq3WyQf1hXTvQSdETJOTM8ss=]
[COT 2025-03-17 12:31:03] 76561198352827856: Set Invisibility To 0 [guid=m_TD03B4NXDQrU5koHpLq3WyQf1hXTvQSdETJOTM8ss=]
[COT 2025-03-17 12:31:04] 76561198352827856: Set HeatBuffer To 30 [guid=m_TD03B4NXDQrU5koHpLq3WyQf1hXTvQSdETJOTM8ss=]
[COT 2025-03-17 12:31:07] 76561198352827856: Set Invisibility To 1 [guid=m_TD03B4NXDQrU5koHpLq3WyQf1hXTvQSdETJOTM8ss=]
[COT 2025-03-17 12:33:19] 76561198352827856: Spawned Entity Wolf (Animal_CanisLupus<1bab3730>, 10, 200, 15, 0) at <2123.978516, 202.739594, 956.708313>
[COT 2025-03-17 12:34:17] 76561198352827856: Left the Free Camera
[COT 2025-03-17 12:34:22] 76561198352827856: Entered the Free Camera
[COT 2025-03-17 12:44:19] 76561198352827856: Teleported 76561198352827856 to position <7475.803223, 121.342918, 6326.574707>
[COT 2025-03-17 12:44:36] 76561198352827856: Teleported 76561198352827856 to position <1701.952393, 256.459991, 1406.195679>
[COT 2025-03-17 12:48:05] 76561198352827856: Left the Free Camera
[COT 2025-03-17 12:48:12] 76561198352827856: Teleported [guid=XL1GT1pp_f-jQGOrP6YuCPttwyD--b5ziLbGiXICjFs=] to <1591.512939, 284.908112, 1475.424683>
[COT 2025-03-17 12:48:40] 76561198352827856: Entered the Free Camera
[COT 2025-03-17 12:48:57] 76561198352827856: Set HeatBuffer To 30 [guid=XL1GT1pp_f-jQGOrP6YuCPttwyD--b5ziLbGiXICjFs=]
[COT 2025-03-17 12:49:03] 76561198352827856: Set HeatBuffer To 30 [guid=m_TD03B4NXDQrU5koHpLq3WyQf1hXTvQSdETJOTM8ss=]
[COT 2025-03-17 12:53:55] 76561198352827856: Teleported 76561198352827856 to position <6674.135254, 109.788780, 6107.929688>
[COT 2025-03-17 12:54:00] 76561198352827856: Left the Free Camera
