[COT 2025-03-21 22:01:50] 76561198352827856: Activated Community Online Tools [guid=m_TD03B4NXDQrU5koHpLq3WyQf1hXTvQSdETJOTM8ss=]
[COT 2025-03-21 22:02:09] 76561198352827856: Set GodMode To true [guid=m_TD03B4NXDQrU5koHpLq3WyQf1hXTvQSdETJOTM8ss=]
[COT 2025-03-21 22:02:09] 76561198352827856: Set Invisibility To 1 [guid=m_TD03B4NXDQrU5koHpLq3WyQf1hXTvQSdETJOTM8ss=]
[COT 2025-03-21 22:02:09] 76561198352827856: Set cannot be targeted by AI to true [guid=m_TD03B4NXDQrU5koHpLq3WyQf1hXTvQSdETJOTM8ss=]
[COT 2025-03-21 22:02:13] 76561198352827856: Set HeatBuffer To 30 [guid=m_TD03B4NXDQrU5koHpLq3WyQf1hXTvQSdETJOTM8ss=]
[COT 2025-03-21 22:02:35] 76561198352827856: ESP: ESP updating
[COT 2025-03-21 22:02:53] 76561198352827856: ESP: Clearing ESP
[COT 2025-03-21 22:02:54] 76561198352827856: ESP: ESP updating
[COT 2025-03-21 22:02:55] 76561198352827856: ESP: Clearing ESP
[COT 2025-03-21 22:02:55] 76561198352827856: ESP: ESP updating
[COT 2025-03-21 22:03:00] 76561198352827856: Entered the Free Camera
[COT 2025-03-21 22:03:52] 76561198352827856: ESP: Clearing ESP
[COT 2025-03-21 22:03:53] 76561198352827856: ESP: ESP updating
[COT 2025-03-21 22:04:21] 76561198352827856: Left the Free Camera
[COT 2025-03-21 22:04:39] 76561198352827856: Entered the Free Camera
[COT 2025-03-21 22:06:32] 76561198352827856: Left the Free Camera
[COT 2025-03-21 22:06:57] 76561198352827856: Spawned Entity AR-10 Long (PNC_W_AR15_Long<8078f110>, 100, 200, 15, 0) at <2830.970947, 194.400299, 1142.101440>
[COT 2025-03-21 22:07:53] 76561198352827856: Entered the Free Camera
[COT 2025-03-21 22:07:54] 76561198352827856: Left the Free Camera
[COT 2025-03-21 22:07:58] 76561198352827856: Deleted Entity PNC_W_AR15_Long_hive:14422 at <2833.489990, 195.307541, 1147.426025>
[COT 2025-03-21 22:08:00] 76561198352827856: Entered the Free Camera
[COT 2025-03-21 22:08:51] 76561198352827856: Set HeatBuffer To 30 [guid=m_TD03B4NXDQrU5koHpLq3WyQf1hXTvQSdETJOTM8ss=]
[COT 2025-03-21 22:08:58] 76561198352827856: Left the Free Camera
[COT 2025-03-21 22:09:03] 76561198352827856: Entered the Free Camera
[COT 2025-03-21 22:11:58] 76561198371187382: Activated Community Online Tools [guid=P_LVluee20-ZP_xemam3V_6hnFSPQ6Uqa7dsMv8yuYY=]
[COT 2025-03-21 22:12:27] 76561198352827856: Left the Free Camera
[COT 2025-03-21 22:12:42] 76561198371187382: Spawned Entity Hatchet (Hatchet<82909c80>, 100, 150, 15, 0) at <7123.888672, 148.118423, 5715.039551>
[COT 2025-03-21 22:13:27] 76561198352827856: Entered the Free Camera
[COT 2025-03-21 22:19:39] 76561198352827856: Spawned Entity Brutal_Polar_Bear (Animal_Brutal_Polar_Bear<82c29640>, 100, 3000, 15, 0) at <2300.571289, 152.362503, 1224.652588>
[COT 2025-03-21 22:20:04] 76561198352827856: ESP: Clearing ESP
[COT 2025-03-21 22:20:04] 76561198352827856: ESP: ESP updating
[COT 2025-03-21 22:29:15] 76561198352827856: ESP: Clearing ESP
[COT 2025-03-21 22:38:46] 76561198352827856: Set HeatBuffer To 30 [guid=m_TD03B4NXDQrU5koHpLq3WyQf1hXTvQSdETJOTM8ss=]
[COT 2025-03-21 22:44:48] 76561198352827856: ESP: ESP updating
[COT 2025-03-21 22:45:09] 76561198352827856: Created Deletion Backup '2025-03-21_22-45-09'
[COT 2025-03-21 22:45:09] 76561198352827856: ESP index=0 target=Deadfall_Creatures_Wraith_3:517 position=<441.576752, 259.100006, 503.045197> action=delete
[COT 2025-03-21 22:45:09] 76561198352827856: ESP action=delete_all count=1 attempted=1
[COT 2025-03-21 22:49:55] 76561198352827856: Set HeatBuffer To 30 [guid=m_TD03B4NXDQrU5koHpLq3WyQf1hXTvQSdETJOTM8ss=]
[COT 2025-03-21 23:00:11] 76561198352827856: Teleported 76561198352827856 to position <3919.360596, 224.301056, 5588.925293>
[COT 2025-03-21 23:00:14] 76561198352827856: Left the Free Camera
[COT 2025-03-21 23:00:31] 76561198352827856: ESP: Clearing ESP
[COT 2025-03-21 23:00:34] 76561198352827856: Entered the Free Camera
[COT 2025-03-21 23:02:26] 76561198352827856: ESP: ESP updating
[COT 2025-03-21 23:02:27] 76561198352827856: ESP: Clearing ESP
[COT 2025-03-21 23:19:43] 76561198352827856: Left the Free Camera
[COT 2025-03-21 23:26:34] 76561198352827856: Teleported 76561198352827856 to position <4762.511719, 338.769989, 3960.678711>
[COT 2025-03-21 23:26:38] 76561198352827856: Entered the Free Camera
[COT 2025-03-21 23:26:41] 76561198352827856: Entered the Free Camera
[COT 2025-03-21 23:26:50] 76561198352827856: Left the Free Camera
[COT 2025-03-21 23:27:36] 76561198352827856: Teleported 76561198352827856 to position <270.935547, 261.293579, 203.278198>
[COT 2025-03-21 23:28:19] 76561198352827856: ESP: ESP updating
[COT 2025-03-21 23:36:22] 76561198352827856: Set Invisibility To 0 [guid=m_TD03B4NXDQrU5koHpLq3WyQf1hXTvQSdETJOTM8ss=]
[COT 2025-03-21 23:36:24] 76561198352827856: Set cannot be targeted by AI to true [guid=m_TD03B4NXDQrU5koHpLq3WyQf1hXTvQSdETJOTM8ss=]
[COT 2025-03-21 23:37:10] 76561198352827856: Set HeatBuffer To 30 [guid=m_TD03B4NXDQrU5koHpLq3WyQf1hXTvQSdETJOTM8ss=]
[COT 2025-03-21 23:43:08] 76561198352827856: ESP: Clearing ESP
[COT 2025-03-21 23:50:21] 76561198352827856: Set Invisibility To 1 [guid=m_TD03B4NXDQrU5koHpLq3WyQf1hXTvQSdETJOTM8ss=]
[COT 2025-03-21 23:50:25] 76561198352827856: Teleported 76561198352827856 to position <497.777710, 371.594086, 1125.261230>
[COT 2025-03-21 23:51:11] 76561198352827856: Teleported 76561198352827856 to position <450.722229, 199.665848, 1009.757690>
[COT 2025-03-21 23:51:17] 76561198352827856: Teleported 76561198352827856 to position <464.639954, 195.360001, 1047.617798>
[COT 2025-03-21 23:51:21] 76561198352827856: Entered the Free Camera
[COT 2025-03-21 23:51:39] 76561198352827856: Teleported [guid=zazFLAJ4lPF6TvVQMMREjst1jC8o_Id9oh_TjGBwaP8=] to <448.776917, 375.460388, 1068.506470>
[COT 2025-03-21 23:51:41] 76561198352827856: Teleported [guid=OAEsqfVu9Ya3qx3X2Q_PgbpxSoSDXOIUHhH8VWVuumk=] to <448.776917, 375.460388, 1068.506470>
[COT 2025-03-21 23:51:42] 76561198352827856: Teleported [guid=W44v5r64t_fNpgzRQNLTal2wQQBqWJ8o-Qcc6Jd5hw8=] to <448.776917, 375.460388, 1068.506470>
[COT 2025-03-21 23:51:55] 76561198352827856: Left the Free Camera
[COT 2025-03-21 23:52:42] 76561198352827856: ESP: ESP updating
[COT 2025-03-21 23:55:12] 76561198352827856: Teleported 76561198352827856 to position <7492.827148, 144.455673, 6347.613281>
[COT 2025-03-21 23:58:41] 76561198352827856: Entered the Free Camera
[COT 2025-03-21 23:59:11] 76561198352827856: ESP: Clearing ESP
[COT 2025-03-22 00:03:02] 76561198352827856: Left the Free Camera
[COT 2025-03-22 00:06:10] 76561198352827856: Set Invisibility To 0 [guid=m_TD03B4NXDQrU5koHpLq3WyQf1hXTvQSdETJOTM8ss=]
[COT 2025-03-22 00:10:26] 76561198352827856: Entered the Free Camera
[COT 2025-03-22 00:10:28] 76561198352827856: Left the Free Camera
[COT 2025-03-22 00:10:34] 76561198352827856: Set Invisibility To 1 [guid=m_TD03B4NXDQrU5koHpLq3WyQf1hXTvQSdETJOTM8ss=]
