[COT 2025-03-27 10:17:33] 76561198352827856: Activated Community Online Tools [guid=m_TD03B4NXDQrU5koHpLq3WyQf1hXTvQSdETJOTM8ss=]
[COT 2025-03-27 10:17:47] 76561198352827856: Set GodMode To true [guid=m_TD03B4NXDQrU5koHpLq3WyQf1hXTvQSdETJOTM8ss=]
[COT 2025-03-27 10:17:47] 76561198352827856: Set Invisibility To 1 [guid=m_TD03B4NXDQrU5koHpLq3WyQf1hXTvQSdETJOTM8ss=]
[COT 2025-03-27 10:17:47] 76561198352827856: Set cannot be targeted by AI to false [guid=m_TD03B4NXDQrU5koHpLq3WyQf1hXTvQSdETJOTM8ss=]
[COT 2025-03-27 10:17:48] 76561198352827856: Set cannot be targeted by AI to true [guid=m_TD03B4NXDQrU5koHpLq3WyQf1hXTvQSdETJOTM8ss=]
[COT 2025-03-27 10:18:24] 76561198352827856: Teleported 76561198352827856 to position <2942.095947, 157.687973, 6728.491211>
[COT 2025-03-27 10:18:40] 76561198352827856: ESP: ESP updating
[COT 2025-03-27 10:18:53] 76561198352827856: Entered the Free Camera
[COT 2025-03-27 10:19:23] 76561198352827856: Teleported 76561198352827856 to position <7465.991211, 120.739998, 6337.863770>
[COT 2025-03-27 10:19:30] 76561198352827856: Left the Free Camera
[COT 2025-03-27 10:19:41] 76561198352827856: ESP: Clearing ESP
[COT 2025-03-27 10:20:14] 76561198352827856: Spawned Entity Hatchet (Hatchet<b94ea4e0>, 100, 150, 15, 0) at <7487.927734, 120.759926, 6341.294434>
[COT 2025-03-27 10:20:20] 76561198352827856: Spawned Entity Crowbar (Crowbar<26344dd0>, 100, 500, 15, 0) at <7487.927734, 120.759926, 6341.294434>
[COT 2025-03-27 10:21:40] 76561198352827856: Spawned Entity Pickaxe (Pickaxe<2e15ed10>, 100, 250, 15, 0) at <7487.859375, 120.759857, 6341.431641>
[COT 2025-03-27 10:21:49] 76561198352827856: Deactivated Community Online Tools [guid=m_TD03B4NXDQrU5koHpLq3WyQf1hXTvQSdETJOTM8ss=]
[COT 2025-03-27 10:23:51] 76561198352827856: Activated Community Online Tools [guid=m_TD03B4NXDQrU5koHpLq3WyQf1hXTvQSdETJOTM8ss=]
[COT 2025-03-27 10:24:11] 76561198352827856: Entered the Free Camera
[COT 2025-03-27 10:24:32] 76561198352827856: Left the Free Camera
[COT 2025-03-27 10:25:56] 76561198352827856: Teleported 76561198352827856 to position <5989.977539, 110.718018, 2655.509033>
[COT 2025-03-27 10:26:23] 76561198352827856: Entered the Free Camera
[COT 2025-03-27 10:26:55] 76561198352827856: Teleported 76561198352827856 to position <7168.337402, 148.571152, 5711.196289>
[COT 2025-03-27 10:26:57] 76561198352827856: Left the Free Camera
[COT 2025-03-27 10:27:31] 76561198352827856: ESP: ESP updating
[COT 2025-03-27 10:27:51] 76561198352827856: Entered the Free Camera
[COT 2025-03-27 10:31:44] 76561198352827856: Left the Free Camera
[COT 2025-03-27 10:31:51] 76561198352827856: Teleported 76561198352827856 to position <6667.574219, 105.785713, 6089.322266>
[COT 2025-03-27 10:33:49] 76561198352827856: Set HeatBuffer To 30 [guid=m_TD03B4NXDQrU5koHpLq3WyQf1hXTvQSdETJOTM8ss=]
[COT 2025-03-27 10:37:43] 76561198352827856: Entered the Free Camera
[COT 2025-03-27 10:38:02] 76561198352827856: Left the Free Camera
[COT 2025-03-27 10:39:45] 76561198352827856: Teleported 76561198352827856 to position <6680.985352, 102.555916, 6085.673828>
[COT 2025-03-27 10:40:04] 76561198352827856: Set Invisibility To 0 [guid=m_TD03B4NXDQrU5koHpLq3WyQf1hXTvQSdETJOTM8ss=]
[COT 2025-03-27 10:42:44] 76561198352827856: Deactivated Community Online Tools [guid=m_TD03B4NXDQrU5koHpLq3WyQf1hXTvQSdETJOTM8ss=]
[COT 2025-03-27 10:53:32] 76561198352827856: Activated Community Online Tools [guid=m_TD03B4NXDQrU5koHpLq3WyQf1hXTvQSdETJOTM8ss=]
[COT 2025-03-27 10:53:53] 76561198352827856: Set GodMode To false [guid=m_TD03B4NXDQrU5koHpLq3WyQf1hXTvQSdETJOTM8ss=]
[COT 2025-03-27 10:53:55] 76561198352827856: Set GodMode To true [guid=m_TD03B4NXDQrU5koHpLq3WyQf1hXTvQSdETJOTM8ss=]
[COT 2025-03-27 10:57:23] 76561198352827856: Teleported [guid=kOLgOs9yYBFVRQG3lqoHveYdP5X8y3SO69cq5MiR4us=] to <7489.328125, 120.757538, 6344.412109>
