[COT 2025-04-05 04:46:53] 76561198352827856: Activated Community Online Tools [guid=m_TD03B4NXDQrU5koHpLq3WyQf1hXTvQSdETJOTM8ss=]
[COT 2025-04-05 04:46:55] 76561198352827856: Entered the Free Camera
[COT 2025-04-05 04:48:17] 76561198352827856: Left the Free Camera
[COT 2025-04-05 04:54:10] 76561198352827856: Spawned Entity Admin Hammer (Hammer<e997bd20>, 100, 100, 15, 0) at <7485.699219, 120.745705, 6342.269531>
[COT 2025-04-05 04:54:25] 76561198352827856: Spawned Entity Double Door Kit (BF_DoubleDoorBarricadeKit<e99881b0>, 100, 100, 15, 0) at <7485.699219, 120.745705, 6342.269531>
[COT 2025-04-05 04:54:25] 76561198352827856: Spawned Entity Double Door Kit (BF_DoubleDoorBarricadeKit<e9988d40>, 100, 100, 15, 0) at <7485.699219, 120.745705, 6342.269531>
[COT 2025-04-05 04:54:26] 76561198352827856: Spawned Entity Double Door Kit (BF_DoubleDoorBarricadeKit<27f5f470>, 100, 100, 15, 0) at <7485.699219, 120.745705, 6342.269531>
[COT 2025-04-05 04:54:46] 76561198352827856: Spawned Entity Wall Kit (ExpansionWallKit<27f5dd50>, 100, 100, 15, 0) at <7488.826172, 120.760826, 6340.071289>
[COT 2025-04-05 04:54:46] 76561198352827856: Spawned Entity Wall Kit (ExpansionWallKit<27f622b0>, 100, 100, 15, 0) at <7488.826172, 120.760826, 6340.071289>
[COT 2025-04-05 04:58:34] 76561198352827856: Spawned Entity Pliers (Pliers<bca63a50>, 100, 100, 15, 0) at <7491.343750, 121.301117, 6343.750488>
[COT 2025-04-05 05:00:17] 76561198352827856: ESP: Viewing ESP
[COT 2025-04-05 05:00:26] 76561198352827856: Created Deletion Backup '2025-04-05_05-00-26'
[COT 2025-04-05 05:00:26] 76561198352827856: ESP index=0 target=BF_DoubleDoorBarricade:15160 position=<7490.973633, 120.755310, 6344.392578> action=delete
[COT 2025-04-05 05:00:26] 76561198352827856: ESP action=delete_all count=1 attempted=1
[COT 2025-04-05 05:00:29] 76561198352827856: ESP: Clearing ESP
[COT 2025-04-05 05:07:09] 76561198352827856: Spawned Entity Wall Kit (ExpansionWallKit<cf265320>, 100, 100, 15, 0) at <7478.948730, 127.086990, 6327.537109>
[COT 2025-04-05 05:07:50] 76561198352827856: Spawned Entity Hatchet (Hatchet<c3ac8530>, 100, 150, 15, 0) at <7477.501465, 127.087143, 6330.121582>
[COT 2025-04-05 05:09:03] 76561198352827856: Spawned Entity Code Lock (ExpansionCodeLock<29938900>, 100, 100, 15, 0) at <7476.328613, 127.088028, 6328.370605>
[COT 2025-04-05 05:09:03] 76561198352827856: Spawned Entity Code Lock (ExpansionCodeLock<2994aa10>, 100, 100, 15, 0) at <7476.328613, 127.088028, 6328.370605>
[COT 2025-04-05 05:10:33] 76561198352827856: Spawned Entity Barbed Wire Kit (ExpansionBarbedWireKit<271709e0>, 100, 100, 15, 0) at <7484.773438, 127.081177, 6338.212891>
[COT 2025-04-05 05:10:34] 76561198352827856: Spawned Entity Barbed Wire Kit (ExpansionBarbedWireKit<2716c480>, 100, 100, 15, 0) at <7484.773438, 127.081177, 6338.212891>
[COT 2025-04-05 05:10:34] 76561198352827856: Spawned Entity Barbed Wire Kit (ExpansionBarbedWireKit<2713c960>, 100, 100, 15, 0) at <7484.414063, 127.081177, 6338.261719>
[COT 2025-04-05 05:10:34] 76561198352827856: Spawned Entity Barbed Wire Kit (ExpansionBarbedWireKit<27143d00>, 100, 100, 15, 0) at <7484.402344, 127.367905, 6338.270020>
[COT 2025-04-05 05:14:52] 76561198352827856: Spawned Entity Bicycle (ItemOld_Bike_White<b8608890>, 100, 100, 15, 0) at <7485.461914, 124.095428, 6345.219727>
[COT 2025-04-05 05:15:10] 76561198352827856: Spawned Entity Bicycle (Old_Bike_Red<f8453d80>, 100, 50000, 15, 0) at <7484.438965, 120.753654, 6348.293945>
[COT 2025-04-05 05:17:04] 76561198352827856: Teleported [guid=PhjcSpdDlcniqvIRjG2Nvju16VFUg8XDMgChzEnNJKI=] to <7483.724121, 124.078857, 6346.401367>
[COT 2025-04-05 05:17:13] 76561198352827856: Teleported [guid=PhjcSpdDlcniqvIRjG2Nvju16VFUg8XDMgChzEnNJKI=] to <7483.724121, 124.078857, 6346.401367>
[COT 2025-04-05 05:17:17] 76561198352827856: Deleted Entity Old_Bike_Red:4779 at <7484.566895, 123.840385, 6344.981445>
[COT 2025-04-05 05:20:22] 76561198352827856: Spawned Entity Code Lock (ExpansionCodeLock<ba55c560>, 100, 100, 15, 0) at <7482.110352, 124.081146, 6337.354004>
[COT 2025-04-05 05:21:39] 76561198352827856: Spawned Entity Double Door Kit (BF_DoubleDoorBarricadeKit<ced52900>, 100, 100, 15, 0) at <7480.939453, 127.123337, 6332.852051>
[COT 2025-04-05 05:21:39] 76561198352827856: Spawned Entity Double Door Kit (BF_DoubleDoorBarricadeKit<bce02ce0>, 100, 100, 15, 0) at <7480.939453, 127.123337, 6332.852051>
[COT 2025-04-05 05:21:40] 76561198352827856: Spawned Entity Double Door Kit (BF_DoubleDoorBarricadeKit<bcdfdbf0>, 100, 100, 15, 0) at <7480.939453, 127.123337, 6332.852051>
[COT 2025-04-05 05:22:41] 76561198352827856: ESP: Viewing ESP
[COT 2025-04-05 05:22:48] 76561198352827856: Created Deletion Backup '2025-04-05_05-22-48'
[COT 2025-04-05 05:22:48] 76561198352827856: ESP index=0 target=BF_DoubleDoorBarricade:6624 position=<7478.876953, 126.881035, 6330.798340> action=delete
[COT 2025-04-05 05:22:48] 76561198352827856: ESP action=delete_all count=1 attempted=1
[COT 2025-04-05 05:23:25] 76561198352827856: Spawned Entity Double Door Kit (BF_DoubleDoorBarricadeKit<c5ca8520>, 100, 100, 15, 0) at <7489.117676, 124.085976, 6342.058105>
[COT 2025-04-05 05:23:25] 76561198352827856: Spawned Entity Double Door Kit (BF_DoubleDoorBarricadeKit<c5ca3fc0>, 100, 100, 15, 0) at <7489.117676, 124.085976, 6342.058105>
[COT 2025-04-05 05:23:25] 76561198352827856: Spawned Entity Double Door Kit (BF_DoubleDoorBarricadeKit<c5cb0450>, 100, 100, 15, 0) at <7489.117676, 124.085976, 6342.058105>
[COT 2025-04-05 05:23:25] 76561198352827856: Spawned Entity Double Door Kit (BF_DoubleDoorBarricadeKit<c5cbbd50>, 100, 100, 15, 0) at <7489.117676, 124.085976, 6342.058105>
[COT 2025-04-05 05:23:52] 76561198352827856: ESP: Clearing ESP
[COT 2025-04-05 05:25:02] 76561198352827856: ESP: Viewing ESP
[COT 2025-04-05 05:25:05] 76561198352827856: Created Deletion Backup '2025-04-05_05-25-05'
[COT 2025-04-05 05:25:05] 76561198352827856: ESP index=0 target=BF_DoubleDoorBarricade:10341 position=<7496.271973, 124.077034, 6341.979492> action=delete
[COT 2025-04-05 05:25:05] 76561198352827856: ESP action=delete_all count=1 attempted=1
[COT 2025-04-05 05:25:09] 76561198352827856: ESP: Clearing ESP
[COT 2025-04-05 05:27:49] 76561198352827856: ESP: Viewing ESP
[COT 2025-04-05 05:28:05] 76561198352827856: ESP target=BF_DoubleDoorBarricade<cb829100> action=heal
[COT 2025-04-05 05:28:50] 76561198352827856: ESP: Clearing ESP
[COT 2025-04-05 05:30:12] 76561198352827856: Spawned Entity Double Door Kit (BF_DoubleDoorBarricadeKit<c5eea8a0>, 100, 100, 15, 0) at <7487.410645, 120.751968, 6353.551270>
[COT 2025-04-05 05:30:12] 76561198352827856: Spawned Entity Double Door Kit (BF_DoubleDoorBarricadeKit<c5ef4a80>, 100, 100, 15, 0) at <7487.410645, 120.751968, 6353.551270>
[COT 2025-04-05 05:30:13] 76561198352827856: Spawned Entity Double Door Kit (BF_DoubleDoorBarricadeKit<c5ef1c40>, 100, 100, 15, 0) at <7487.410645, 120.751968, 6353.551270>
[COT 2025-04-05 05:37:57] 76561198352827856: Spawned Entity Code Lock (ExpansionCodeLock<c74db7d0>, 100, 100, 15, 0) at <7493.778809, 121.592003, 6346.453125>
[COT 2025-04-05 05:42:12] 76561198352827856: Spawned Entity Code Lock (ExpansionCodeLock<cf29b650>, 100, 100, 15, 0) at <7494.946777, 121.592010, 6348.424316>
[COT 2025-04-05 05:42:12] 76561198352827856: Spawned Entity Code Lock (ExpansionCodeLock<cf29f020>, 100, 100, 15, 0) at <7494.946777, 121.592010, 6348.424316>
[COT 2025-04-05 05:44:46] 76561198352827856: Spawned Entity Double Door Kit (BF_DoubleDoorBarricadeKit<cd606c80>, 100, 100, 15, 0) at <7496.453613, 121.592018, 6348.530273>
[COT 2025-04-05 05:44:46] 76561198352827856: Spawned Entity Double Door Kit (BF_DoubleDoorBarricadeKit<cd608f30>, 100, 100, 15, 0) at <7496.453613, 121.592018, 6348.530273>
[COT 2025-04-05 05:47:11] 76561198352827856: ESP: Viewing ESP
[COT 2025-04-05 05:47:18] 76561198352827856: Created Deletion Backup '2025-04-05_05-47-18'
[COT 2025-04-05 05:47:18] 76561198352827856: ESP index=0 target=BF_DoubleDoorBarricade:16423 position=<7495.057129, 121.551865, 6347.335449> action=delete
[COT 2025-04-05 05:47:18] 76561198352827856: ESP action=delete_all count=1 attempted=1
[COT 2025-04-05 05:47:20] 76561198352827856: ESP: Clearing ESP
[COT 2025-04-05 05:50:28] 76561198352827856: Spawned Entity Taser X2 Defender (Expansion_Taser_Base<b7a27db0>, 2, 100, 15, 0) at <7496.937988, 121.592026, 6348.653809>
[COT 2025-04-05 05:50:30] 76561198352827856: Spawned Entity X2 Twin Taser Cartridge (Mag_Expansion_Taser<c29d40f0>, 2, 100, 15, 0) at <7496.937988, 121.592026, 6348.653809>
[COT 2025-04-05 05:50:30] 76561198352827856: Spawned Entity X2 Twin Taser Cartridge (Mag_Expansion_Taser<c29d4c80>, 2, 100, 15, 0) at <7496.937988, 121.592026, 6348.653809>
[COT 2025-04-05 05:50:30] 76561198352827856: Spawned Entity X2 Twin Taser Cartridge (Mag_Expansion_Taser<c29d0720>, 2, 100, 15, 0) at <7496.937988, 121.592026, 6348.653809>
[COT 2025-04-05 05:50:30] 76561198352827856: Spawned Entity X2 Twin Taser Cartridge (Mag_Expansion_Taser<c29cfb90>, 2, 100, 15, 0) at <7496.937988, 121.592026, 6348.653809>
[COT 2025-04-05 05:50:30] 76561198352827856: Spawned Entity X2 Twin Taser Cartridge (Mag_Expansion_Taser<c29a45d0>, 2, 100, 15, 0) at <7496.937988, 121.592026, 6348.653809>
[COT 2025-04-05 05:50:30] 76561198352827856: Spawned Entity X2 Twin Taser Cartridge (Mag_Expansion_Taser<c29b66e0>, 2, 100, 15, 0) at <7496.937988, 121.592026, 6348.653809>
[COT 2025-04-05 05:50:31] 76561198352827856: Spawned Entity X2 Twin Taser Cartridge (Mag_Expansion_Taser<c29a2eb0>, 2, 100, 15, 0) at <7496.937988, 121.592026, 6348.653809>
[COT 2025-04-05 05:50:31] 76561198352827856: Spawned Entity X2 Twin Taser Cartridge (Mag_Expansion_Taser<c29d9d70>, 2, 100, 15, 0) at <7496.937988, 121.592026, 6348.653809>
[COT 2025-04-05 05:50:31] 76561198352827856: Spawned Entity X2 Twin Taser Cartridge (Mag_Expansion_Taser<c29d63a0>, 2, 100, 15, 0) at <7496.937988, 121.592026, 6348.653809>
[COT 2025-04-05 05:50:31] 76561198352827856: Spawned Entity X2 Twin Taser Cartridge (Mag_Expansion_Taser<c29a3a40>, 2, 100, 15, 0) at <7496.937988, 121.592026, 6348.653809>
