[COT 2025-03-16 22:04:05] 76561198352827856: Activated Community Online Tools [guid=m_TD03B4NXDQrU5koHpLq3WyQf1hXTvQSdETJOTM8ss=]
[COT 2025-03-16 22:04:12] 76561198352827856: Set GodMode To true [guid=kOLgOs9yYBFVRQG3lqoHveYdP5X8y3SO69cq5MiR4us=]
[COT 2025-03-16 22:04:18] 76561198352827856: Set cannot be targeted by AI to true [guid=kOLgOs9yYBFVRQG3lqoHveYdP5X8y3SO69cq5MiR4us=]
[COT 2025-03-16 22:04:29] 76561198352827856: ESP: ESP updating
[COT 2025-03-16 22:05:15] 76561198352827856: Spawned Entity Brutal_Wolf (Animal_CanisLupus<dd3c5250>, 100, 2000, 15, 0) at <2948.165283, 246.326691, 469.379791>
[COT 2025-03-16 22:05:21] 76561198352827856: Deleted Entity Animal_Brutal_Wolf_easy:334 at <2951.115234, 246.419922, 471.829071>
[COT 2025-03-16 22:05:34] 76561198352827856: Set cannot be targeted by AI to true [guid=m_TD03B4NXDQrU5koHpLq3WyQf1hXTvQSdETJOTM8ss=]
[COT 2025-03-16 22:05:34] 76561198352827856: Set Health To 100 [guid=m_TD03B4NXDQrU5koHpLq3WyQf1hXTvQSdETJOTM8ss=]
[COT 2025-03-16 22:05:36] 76561198352827856: Set HeatBuffer To 30 [guid=m_TD03B4NXDQrU5koHpLq3WyQf1hXTvQSdETJOTM8ss=]
[COT 2025-03-16 22:06:05] 76561198352827856: Spawned Entity Ancient_Wolf (Animal_Event_Ancient_Wolf<d45b69a0>, 100, 60000, 15, 0) at <2946.632568, 246.326691, 470.011841>
[COT 2025-03-16 22:06:16] 76561198352827856: Deleted Entity Animal_Event_Ancient_Wolf:361 at <2949.331543, 246.334778, 470.944885>
[COT 2025-03-16 22:06:41] 76561198352827856: Spawned Entity Ancient_Wolf (Animal_Event_Ancient_Wolf<d732f7f0>, 100, 60000, 15, 0) at <2950.798828, 266.026428, 465.637360>
[COT 2025-03-16 22:06:48] 76561198352827856: Deleted Entity Animal_Event_Ancient_Wolf:345 at <2946.021973, 266.066437, 469.080017>
[COT 2025-03-16 22:07:47] 76561198352827856: Spawned Entity Ancient_Bear (Animal_Ancient_Bear<f14f4960>, 150, 80000, 15, 0) at <2953.259521, 257.945099, 468.310242>
[COT 2025-03-16 22:07:53] 76561198352827856: Deleted Entity Animal_Ancient_Bear:345 at <2951.515625, 257.985107, 468.094513>
[COT 2025-03-16 22:07:58] 76561198352827856: Spawned Entity Ancient_Bear (Animal_Ancient_Bear<f14cdbd0>, 150, 80000, 15, 0) at <2952.093262, 257.945099, 468.032440>
[COT 2025-03-16 22:08:02] 76561198352827856: Deleted Entity Animal_Ancient_Bear:335 at <2951.568359, 257.985107, 468.421936>
[COT 2025-03-16 22:08:19] 76561198352827856: Spawned Entity Ancient_Bear (Animal_Ancient_Bear<e551ac00>, 150, 936, 15, 0) at <2952.281006, 257.945099, 467.761261>
[COT 2025-03-16 22:10:08] 76561198352827856: Entered the Free Camera
[COT 2025-03-16 22:10:29] 76561198352827856: Left the Free Camera
[COT 2025-03-16 22:10:38] 76561198352827856: Teleported [guid=mvB_p65s26M1iDgS3KgKpm-UzbAyYM5rER5IINF2xI0=] to <4043.373291, 412.750854, 188.612518>
[COT 2025-03-16 22:11:12] 76561198352827856: Entered the Free Camera
[COT 2025-03-16 22:11:26] 76561198352827856: Teleported [guid=mvB_p65s26M1iDgS3KgKpm-UzbAyYM5rER5IINF2xI0=] to <2952.277344, 259.178711, 468.760956>
[COT 2025-03-16 22:11:38] 76561198352827856: Left the Free Camera
[COT 2025-03-16 22:11:48] 76561198352827856: Deleted Entity ExpansionWall6x3:6909 at <2954.948975, 216.058197, 481.380951>
[COT 2025-03-16 22:12:43] 76561198352827856: Created Deletion Backup '2025-03-16_22-12-43'
[COT 2025-03-16 22:12:43] 76561198352827856: ESP index=0 target=ExpansionWall6x3:9711 position=<2954.948730, 219.060959, 481.380981> action=delete
[COT 2025-03-16 22:12:43] 76561198352827856: ESP action=delete_all count=1 attempted=1
[COT 2025-03-16 22:12:56] 76561198352827856: Entered the Free Camera
[COT 2025-03-16 22:15:43] 76561198352827856: Activated Community Online Tools [guid=m_TD03B4NXDQrU5koHpLq3WyQf1hXTvQSdETJOTM8ss=]
[COT 2025-03-16 22:15:55] 76561198352827856: Set GodMode To true [guid=m_TD03B4NXDQrU5koHpLq3WyQf1hXTvQSdETJOTM8ss=]
[COT 2025-03-16 22:15:55] 76561198352827856: Set HeatBuffer To 30 [guid=m_TD03B4NXDQrU5koHpLq3WyQf1hXTvQSdETJOTM8ss=]
[COT 2025-03-16 22:16:31] 76561198352827856: Entered the Free Camera
[COT 2025-03-16 22:17:05] 76561198352827856: Left the Free Camera
[COT 2025-03-16 22:17:15] 76561198352827856: Set Broken Legs To true [guid=kOLgOs9yYBFVRQG3lqoHveYdP5X8y3SO69cq5MiR4us=]
[COT 2025-03-16 22:17:17] 76561198352827856: Set Broken Legs To true [guid=kOLgOs9yYBFVRQG3lqoHveYdP5X8y3SO69cq5MiR4us=]
[COT 2025-03-16 22:17:18] 76561198352827856: Set Broken Legs To true [guid=kOLgOs9yYBFVRQG3lqoHveYdP5X8y3SO69cq5MiR4us=]
[COT 2025-03-16 22:17:25] 76561198352827856: Set GodMode To false [guid=kOLgOs9yYBFVRQG3lqoHveYdP5X8y3SO69cq5MiR4us=]
[COT 2025-03-16 22:17:28] 76561198352827856: Set cannot be targeted by AI to false [guid=kOLgOs9yYBFVRQG3lqoHveYdP5X8y3SO69cq5MiR4us=]
[COT 2025-03-16 22:17:32] 76561198352827856: Set Broken Legs To true [guid=kOLgOs9yYBFVRQG3lqoHveYdP5X8y3SO69cq5MiR4us=]
[COT 2025-03-16 22:17:33] 76561198352827856: Set Broken Legs To false [guid=kOLgOs9yYBFVRQG3lqoHveYdP5X8y3SO69cq5MiR4us=]
[COT 2025-03-16 22:17:56] 76561198352827856: Entered the Free Camera
[COT 2025-03-16 22:18:55] 76561198352827856: Set Broken Legs To true [guid=mvB_p65s26M1iDgS3KgKpm-UzbAyYM5rER5IINF2xI0=]
[COT 2025-03-16 22:18:56] 76561198352827856: Set Broken Legs To false [guid=mvB_p65s26M1iDgS3KgKpm-UzbAyYM5rER5IINF2xI0=]
[COT 2025-03-16 22:19:00] 76561198352827856: Set Broken Legs To false [guid=mvB_p65s26M1iDgS3KgKpm-UzbAyYM5rER5IINF2xI0=]
[COT 2025-03-16 22:19:12] 76561198352827856: Set Health To 100 [guid=mvB_p65s26M1iDgS3KgKpm-UzbAyYM5rER5IINF2xI0=]
[COT 2025-03-16 22:19:12] 76561198352827856: Set Energy To 5000 [guid=mvB_p65s26M1iDgS3KgKpm-UzbAyYM5rER5IINF2xI0=]
[COT 2025-03-16 22:19:12] 76561198352827856: Set Water To 5000 [guid=mvB_p65s26M1iDgS3KgKpm-UzbAyYM5rER5IINF2xI0=]
[COT 2025-03-16 22:19:12] 76561198352827856: Set HeatBuffer To 30 [guid=mvB_p65s26M1iDgS3KgKpm-UzbAyYM5rER5IINF2xI0=]
[COT 2025-03-16 22:19:31] 76561198352827856: Set HeatBuffer To 30 [guid=kOLgOs9yYBFVRQG3lqoHveYdP5X8y3SO69cq5MiR4us=]
[COT 2025-03-16 22:19:38] 76561198352827856: Set Broken Legs To true [guid=kOLgOs9yYBFVRQG3lqoHveYdP5X8y3SO69cq5MiR4us=]
[COT 2025-03-16 22:19:40] 76561198352827856: Set Broken Legs To false [guid=kOLgOs9yYBFVRQG3lqoHveYdP5X8y3SO69cq5MiR4us=]
[COT 2025-03-16 22:19:56] 76561198352827856: Left the Free Camera
[COT 2025-03-16 22:20:57] 76561198352827856: Spawned Entity Flag Pole Kit (TerritoryFlagKit<fccd7610>, 100, 200, 15, 0) at <2967.297119, 203.439377, 495.085327>
[COT 2025-03-16 22:21:07] 76561198352827856: Spawned Entity Wall Kit (ExpansionWallKit<d03a80a0>, 100, 100, 15, 0) at <2966.068359, 198.009460, 497.626282>
[COT 2025-03-16 22:21:14] 76561198352827856: Entered the Free Camera
[COT 2025-03-16 22:21:39] 76561198352827856: Left the Free Camera
[COT 2025-03-16 22:23:05] 76561198352827856: Spawned Entity Flag Pole Kit (TerritoryFlagKit<225a310>, 100, 200, 15, 0) at <2968.416748, 213.714905, 496.062988>
[COT 2025-03-16 22:23:09] 76561198352827856: Spawned Entity Flag Pole Kit (TerritoryFlagKit<225c5c0>, 100, 200, 15, 0) on 76561198844058378
[COT 2025-03-16 22:23:10] 76561198352827856: Spawned Entity Flag Pole Kit (TerritoryFlagKit<225f400>, 100, 200, 15, 0) on 76561198844058378
[COT 2025-03-16 22:23:22] 76561198352827856: Entered the Free Camera
[COT 2025-03-16 22:23:29] 76561198352827856: Left the Free Camera
[COT 2025-03-16 22:23:49] 76561198352827856: Spawned Entity Stair Kit (ExpansionStairKit<d5b65c50>, 100, 100, 15, 0) at <2966.937256, 197.051666, 497.657898>
[COT 2025-03-16 22:24:04] 76561198352827856: Spawned Entity Stair Kit (ExpansionStairKit<d5b667e0>, 100, 100, 15, 0) at <2965.376465, 197.070267, 498.113617>
[COT 2025-03-16 22:24:21] 76561198352827856: ESP: ESP updating
[COT 2025-03-16 22:25:19] 76561198352827856: Entered the Free Camera
[COT 2025-03-16 22:26:15] 76561198352827856: Created Deletion Backup '2025-03-16_22-26-15'
[COT 2025-03-16 22:26:15] 76561198352827856: ESP index=0 target=TerritoryFlagKit:13690 position=<2968.416748, 213.787964, 496.062988> action=delete
[COT 2025-03-16 22:26:15] 76561198352827856: ESP index=1 target=Ancient_bear_pelt:14590 position=<2924.709717, 274.759857, 437.312927> action=delete
[COT 2025-03-16 22:26:15] 76561198352827856: ESP index=2 target=ExpansionWallKit:5520 position=<2955.268311, 216.136703, 482.324066> action=delete
[COT 2025-03-16 22:26:15] 76561198352827856: ESP index=3 target=Fireplace:9078 position=<2947.971680, 246.297668, 469.254059> action=delete
[COT 2025-03-16 22:26:15] 76561198352827856: ESP index=4 target=ExpansionWallKit:15014 position=<2968.318604, 201.061630, 496.896790> action=delete
[COT 2025-03-16 22:26:15] 76561198352827856: ESP index=5 target=ExpansionStairKit:5329 position=<2966.937256, 197.124725, 497.657898> action=delete
[COT 2025-03-16 22:26:15] 76561198352827856: ESP index=6 target=ExpansionStairKit:10246 position=<2967.291992, 197.323013, 497.931427> action=delete
[COT 2025-03-16 22:26:15] 76561198352827856: ESP index=7 target=ExpansionWallKit:4848 position=<2968.715820, 201.244339, 496.861633> action=delete
[COT 2025-03-16 22:26:15] 76561198352827856: ESP index=8 target=TerritoryFlagKit:7001 position=<2963.621582, 197.751968, 505.591370> action=delete
[COT 2025-03-16 22:26:15] 76561198352827856: ESP index=9 target=ExpansionWallKit:6978 position=<2950.524658, 249.694931, 472.993378> action=delete
[COT 2025-03-16 22:26:15] 76561198352827856: ESP index=10 target=ExpansionWallKit:6644 position=<2950.512939, 249.702408, 472.997620> action=delete
[COT 2025-03-16 22:26:15] 76561198352827856: ESP action=delete_all count=11 attempted=11
[COT 2025-03-16 22:26:27] 76561198352827856: Created Deletion Backup '2025-03-16_22-26-27'
[COT 2025-03-16 22:26:27] 76561198352827856: ESP index=0 target=ExpansionWallKit:7246 position=<2967.198975, 201.838165, 497.226898> action=delete
[COT 2025-03-16 22:26:27] 76561198352827856: ESP action=delete_all count=1 attempted=1
[COT 2025-03-16 22:26:41] 76561198352827856: Created Deletion Backup '2025-03-16_22-26-41'
[COT 2025-03-16 22:26:41] 76561198352827856: ESP index=0 target=TerritoryFlagKit:10004 position=<2967.297119, 203.528229, 495.085327> action=delete
[COT 2025-03-16 22:26:41] 76561198352827856: ESP action=delete_all count=1 attempted=1
[COT 2025-03-16 22:27:11] 76561198352827856: Spawned Entity Wall Kit (ExpansionWallKit<e968e130>, 100, 100, 15, 0) on 76561198080386308
[COT 2025-03-16 22:27:11] 76561198352827856: Spawned Entity Wall Kit (ExpansionWallKit<e9687920>, 100, 100, 15, 0) on 76561198080386308
[COT 2025-03-16 22:27:12] 76561198352827856: Spawned Entity Wall Kit (ExpansionWallKit<e96884b0>, 100, 100, 15, 0) on 76561198080386308
[COT 2025-03-16 22:27:12] 76561198352827856: Spawned Entity Wall Kit (ExpansionWallKit<e968f850>, 100, 100, 15, 0) on 76561198080386308
[COT 2025-03-16 22:27:12] 76561198352827856: Spawned Entity Wall Kit (ExpansionWallKit<e9689bd0>, 100, 100, 15, 0) on 76561198080386308 at <2964.882813, 197.477936, 504.871460>
[COT 2025-03-16 22:27:12] 76561198352827856: Spawned Entity Wall Kit (ExpansionWallKit<e96903e0>, 100, 100, 15, 0) on 76561198080386308 at <2964.882813, 197.638840, 504.871460>
[COT 2025-03-16 22:27:12] 76561198352827856: Spawned Entity Wall Kit (ExpansionWallKit<e968be80>, 100, 100, 15, 0) on 76561198080386308 at <2964.882813, 197.799744, 504.871429>
[COT 2025-03-16 22:27:13] 76561198352827856: Spawned Entity Wall Kit (ExpansionWallKit<e9693220>, 100, 100, 15, 0) on 76561198080386308 at <2964.882813, 197.960648, 504.871429>
[COT 2025-03-16 22:27:13] 76561198352827856: Spawned Entity Wall Kit (ExpansionWallKit<e9692690>, 100, 100, 15, 0) on 76561198080386308 at <2964.882813, 198.121552, 504.871399>
[COT 2025-03-16 22:27:46] 76561198352827856: Teleported 76561198352827856 to position <1167.138184, 160.192764, 3263.463135>
[COT 2025-03-16 22:27:50] 76561198352827856: Left the Free Camera
[COT 2025-03-16 22:27:57] 76561198352827856: Entered the Free Camera
[COT 2025-03-16 22:28:32] 76561198352827856: Teleported [guid=XL1GT1pp_f-jQGOrP6YuCPttwyD--b5ziLbGiXICjFs=] to <1161.273193, 153.946213, 3445.934082>
[COT 2025-03-16 22:29:13] 76561198352827856: Set Energy To 5000 [guid=XL1GT1pp_f-jQGOrP6YuCPttwyD--b5ziLbGiXICjFs=]
[COT 2025-03-16 22:29:13] 76561198352827856: Set Water To 5000 [guid=XL1GT1pp_f-jQGOrP6YuCPttwyD--b5ziLbGiXICjFs=]
[COT 2025-03-16 22:29:13] 76561198352827856: Set HeatBuffer To 30 [guid=XL1GT1pp_f-jQGOrP6YuCPttwyD--b5ziLbGiXICjFs=]
[COT 2025-03-16 22:30:30] 76561198352827856: Deleted Entity ExpansionStairS1_5x3x3:8926 at <2967.292969, 196.953522, 497.932678>
[COT 2025-03-16 22:30:47] 76561198352827856: Deleted Entity LeatherSewingKit:14857 at <2964.803955, 197.393341, 503.181366>
[COT 2025-03-16 22:30:48] 76561198352827856: Deleted Entity ExpansionCodeLock:14853 at <2965.184570, 197.373062, 502.818970>
[COT 2025-03-16 22:30:50] 76561198352827856: Deleted Entity ExpansionCodeLock:14856 at <2965.184570, 197.373062, 502.818970>
[COT 2025-03-16 22:31:17] 76561198352827856: Spawned Entity Code Lock (ExpansionCodeLock<b6caff90>, 100, 100, 15, 0) at <2956.854004, 198.400177, 486.816315>
[COT 2025-03-16 22:31:18] 76561198352827856: Spawned Entity Code Lock (ExpansionCodeLock<b6cb0b20>, 100, 100, 15, 0) at <2956.854004, 198.400177, 486.816315>
[COT 2025-03-16 22:31:18] 76561198352827856: Spawned Entity Code Lock (ExpansionCodeLock<b6cbdb40>, 100, 100, 15, 0) at <2956.810547, 198.420486, 486.783661>
[COT 2025-03-16 22:31:19] 76561198352827856: Spawned Entity Code Lock (ExpansionCodeLock<dd94f160>, 100, 100, 15, 0) at <2956.767090, 198.440796, 486.751007>
[COT 2025-03-16 22:31:19] 76561198352827856: Spawned Entity Code Lock (ExpansionCodeLock<dd966360>, 100, 100, 15, 0) at <2956.723633, 198.461105, 486.718384>
[COT 2025-03-16 22:31:30] 76561198352827856: Set HeatBuffer To 30 [guid=m_TD03B4NXDQrU5koHpLq3WyQf1hXTvQSdETJOTM8ss=]
[COT 2025-03-16 22:31:33] 76561198352827856: Set HeatBuffer To 30 [guid=mvB_p65s26M1iDgS3KgKpm-UzbAyYM5rER5IINF2xI0=]
[COT 2025-03-16 22:31:41] 76561198352827856: Set HeatBuffer To 30 [guid=kOLgOs9yYBFVRQG3lqoHveYdP5X8y3SO69cq5MiR4us=]
[COT 2025-03-16 22:32:32] 76561198352827856: Set Invisibility To 1 [guid=m_TD03B4NXDQrU5koHpLq3WyQf1hXTvQSdETJOTM8ss=]
[COT 2025-03-16 22:34:53] 76561198352827856: Left the Free Camera
[COT 2025-03-16 22:38:35] 76561198352827856: Created Deletion Backup '2025-03-16_22-38-35'
[COT 2025-03-16 22:38:35] 76561198352827856: ESP index=0 target=ExpansionWallKit:12316 position=<2961.194336, 201.275406, 510.643402> action=delete
[COT 2025-03-16 22:38:35] 76561198352827856: ESP index=1 target=ExpansionWallKit:10923 position=<2958.882324, 202.037170, 490.231689> action=delete
[COT 2025-03-16 22:38:35] 76561198352827856: ESP index=2 target=ExpansionWallKit:10373 position=<2961.550049, 197.709259, 516.160034> action=delete
[COT 2025-03-16 22:38:35] 76561198352827856: ESP action=delete_all count=3 attempted=3
[COT 2025-03-16 22:40:25] 76561198352827856: Set Invisibility To 0 [guid=m_TD03B4NXDQrU5koHpLq3WyQf1hXTvQSdETJOTM8ss=]
[COT 2025-03-16 22:40:26] 76561198352827856: Set cannot be targeted by AI to true [guid=m_TD03B4NXDQrU5koHpLq3WyQf1hXTvQSdETJOTM8ss=]
[COT 2025-03-16 22:40:50] 76561198352827856: Entered the Free Camera
[COT 2025-03-16 22:41:03] 76561198352827856: Left the Free Camera
[COT 2025-03-16 22:41:11] 76561198352827856: Healed [guid=m_TD03B4NXDQrU5koHpLq3WyQf1hXTvQSdETJOTM8ss=]
[COT 2025-03-16 22:41:39] 76561198352827856: Teleported 76561198352827856 to position <1379.656372, 155.925964, 3029.333008>
[COT 2025-03-16 22:41:49] 76561198352827856: Entered the Free Camera
[COT 2025-03-16 22:44:56] 76561198352827856: Spawned Entity Ancient_Bear (Animal_Ancient_Bear<3bae440>, 100, 80000, 15, 0) at <2913.997070, 339.292297, 385.763153>
[COT 2025-03-16 22:45:35] 76561198352827856: Deleted Entity Animal_Ancient_Bear:340 at <2877.276123, 337.453400, 387.785492>
[COT 2025-03-16 22:45:43] 76561198352827856: Spawned Entity Ancient_Bear (Animal_Ancient_Bear<18535360>, 100, 80000, 15, 0) at <2926.345459, 284.468506, 439.751770>
[COT 2025-03-16 22:46:17] 76561198352827856: Deleted Entity Animal_Ancient_Bear:361 at <2922.299072, 284.468506, 439.202759>
[COT 2025-03-16 22:46:25] 76561198352827856: Spawned Entity Ancient_Bear (Animal_Ancient_Bear<1a02fee0>, 100, 80000, 15, 0) at <2956.649170, 235.670898, 478.425385>
[COT 2025-03-16 22:46:58] 76561198352827856: Deleted Entity Animal_Ancient_Bear:340 at <2951.299561, 232.285095, 481.999176>
[COT 2025-03-16 22:47:25] 76561198352827856: Set Health To 100 [guid=kOLgOs9yYBFVRQG3lqoHveYdP5X8y3SO69cq5MiR4us=]
[COT 2025-03-16 22:49:08] 76561198352827856: Set HeatBuffer To 30 [guid=m_TD03B4NXDQrU5koHpLq3WyQf1hXTvQSdETJOTM8ss=]
[COT 2025-03-16 22:49:54] 76561198352827856: Set HeatBuffer To 30 [guid=mvB_p65s26M1iDgS3KgKpm-UzbAyYM5rER5IINF2xI0=]
[COT 2025-03-16 22:49:56] 76561198352827856: Set HeatBuffer To 30 [guid=kOLgOs9yYBFVRQG3lqoHveYdP5X8y3SO69cq5MiR4us=]
[COT 2025-03-16 22:50:18] 76561198352827856: Spawned Entity Fireplace (Fireplace<c8c27360>, 100, 100, 15, 0) at <2960.938965, 210.382431, 490.905579>
[COT 2025-03-16 22:50:32] 76561198352827856: Spawned Entity Fireplace (Fireplace<c8c22200>, 100, 100, 15, 0) on 76561198844058378
[COT 2025-03-16 22:50:34] 76561198352827856: Spawned Entity Fireplace (Fireplace<c8c2fb00>, 100, 100, 15, 0) on 76561198844058378 at <2959.562500, 210.382431, 491.785248>
[COT 2025-03-16 22:50:35] 76561198352827856: Spawned Entity Fireplace (Fireplace<c8c25840>, 100, 100, 15, 0) on 76561198844058378 at <2959.562012, 210.627213, 491.785461>
[COT 2025-03-16 22:50:35] 76561198352827856: Spawned Entity Fireplace (Fireplace<c8c2dfe0>, 100, 100, 15, 0) on 76561198844058378 at <2959.562256, 210.871994, 491.785828>
[COT 2025-03-16 22:50:47] 76561198352827856: Spawned Entity Fireplace (FireplaceIndoor<c8c2b730>, 100, 100, 15, 0) on 76561198844058378 at <2959.561768, 211.116776, 491.786133>
[COT 2025-03-16 22:50:52] 76561198352827856: Spawned Entity Fireplace (Fireplace<c8c359f0>, 100, 100, 15, 0) on 76561198844058378 at <2959.561768, 211.116776, 491.786133>
[COT 2025-03-16 22:51:57] 76561198352827856: Created Deletion Backup '2025-03-16_22-51-57'
[COT 2025-03-16 22:51:57] 76561198352827856: ESP index=0 target=Fireplace:10919 position=<2959.562500, 210.385300, 491.785248> action=delete
[COT 2025-03-16 22:51:57] 76561198352827856: ESP index=1 target=Fireplace:5284 position=<2959.562256, 210.874863, 491.785828> action=delete
[COT 2025-03-16 22:51:57] 76561198352827856: ESP index=2 target=FireplaceIndoor:13093 position=<2959.561768, 211.116776, 491.786133> action=delete
[COT 2025-03-16 22:51:57] 76561198352827856: ESP index=3 target=Fireplace:16420 position=<2960.909912, 210.385590, 488.999817> action=delete
[COT 2025-03-16 22:51:57] 76561198352827856: ESP index=4 target=Fireplace:4775 position=<2960.434326, 210.385117, 490.615601> action=delete
[COT 2025-03-16 22:51:57] 76561198352827856: ESP index=5 target=Fireplace:14210 position=<2961.832520, 210.382431, 490.780701> action=delete
[COT 2025-03-16 22:51:57] 76561198352827856: ESP index=6 target=ExpansionFloorKit:14417 position=<2956.028809, 202.412537, 488.563873> action=delete
[COT 2025-03-16 22:51:57] 76561198352827856: ESP index=7 target=ExpansionFloorKit:4721 position=<2958.140137, 204.716629, 494.175934> action=delete
[COT 2025-03-16 22:51:57] 76561198352827856: ESP action=delete_all count=8 attempted=8
[COT 2025-03-16 22:52:02] 76561198352827856: Created Deletion Backup '2025-03-16_22-52-02'
[COT 2025-03-16 22:52:02] 76561198352827856: ESP index=0 target=Fireplace:10340 position=<2959.561768, 211.119644, 491.786133> action=delete
[COT 2025-03-16 22:52:02] 76561198352827856: ESP action=delete_all count=1 attempted=1
[COT 2025-03-16 22:52:13] 76561198352827856: Spawned Entity Fireplace (FireplaceIndoor<c8c3d400>, 100, 100, 15, 0) at <2960.659668, 210.382904, 487.181091>
[COT 2025-03-16 22:52:29] 76561198352827856: Spawned Entity Firewood (Firewood<b8b3a470>, 6, 500, 15, 0) at <2960.637939, 210.448471, 487.441101>
[COT 2025-03-16 22:52:30] 76561198352827856: Spawned Entity Firewood (Firewood<b8b3e9d0>, 6, 500, 15, 0) at <2960.642578, 210.491043, 487.588440>
[COT 2025-03-16 22:52:30] 76561198352827856: Spawned Entity Firewood (Firewood<b8b41810>, 6, 500, 15, 0) at <2960.642578, 210.491043, 487.588440>
[COT 2025-03-16 22:52:30] 76561198352827856: Spawned Entity Firewood (Firewood<c134aaa0>, 6, 500, 15, 0) at <2960.654785, 210.598724, 487.961151>
[COT 2025-03-16 22:52:30] 76561198352827856: Spawned Entity Firewood (Firewood<c1327fa0>, 6, 500, 15, 0) at <2960.654785, 210.598724, 487.961151>
[COT 2025-03-16 22:52:31] 76561198352827856: Spawned Entity Firewood (Firewood<c133a0b0>, 6, 500, 15, 0) at <2960.662598, 210.667831, 488.200317>
[COT 2025-03-16 22:52:31] 76561198352827856: Spawned Entity Firewood (Firewood<c133ac40>, 6, 500, 15, 0) at <2960.662598, 210.667831, 488.200317>
[COT 2025-03-16 22:52:32] 76561198352827856: Spawned Entity Firewood (Firewood<c13459b0>, 6, 500, 15, 0) at <2960.674561, 210.772614, 488.562958>
[COT 2025-03-16 22:52:32] 76561198352827856: Spawned Entity Firewood (Firewood<c134d8e0>, 6, 500, 15, 0) at <2960.674561, 210.772614, 488.562958>
[COT 2025-03-16 22:52:32] 76561198352827856: Spawned Entity Firewood (Firewood<c1349380>, 6, 500, 15, 0) at <2960.678711, 210.809555, 488.690826>
[COT 2025-03-16 22:52:33] 76561198352827856: Spawned Entity Firewood (Firewood<c1349f10>, 6, 500, 15, 0) at <2960.686035, 210.875763, 488.920013>
[COT 2025-03-16 22:53:23] 76561198352827856: Created Deletion Backup '2025-03-16_22-53-23'
[COT 2025-03-16 22:53:23] 76561198352827856: ESP index=0 target=ExpansionWallKit:15634 position=<2946.899170, 262.087982, 471.018829> action=delete
[COT 2025-03-16 22:53:23] 76561198352827856: ESP index=1 target=ExpansionWallKit:9248 position=<2964.452881, 210.471100, 493.935333> action=delete
[COT 2025-03-16 22:53:23] 76561198352827856: ESP index=2 target=ExpansionWallKit:9108 position=<2964.452881, 205.902283, 493.935333> action=delete
[COT 2025-03-16 22:53:23] 76561198352827856: ESP index=3 target=ExpansionRoofKit:6863 position=<2951.807129, 240.388962, 476.248169> action=delete
[COT 2025-03-16 22:53:23] 76561198352827856: ESP action=delete_all count=4 attempted=4
[COT 2025-03-16 22:53:34] 76561198352827856: Deleted Entity ExpansionWall6x3:8786 at <2964.805176, 210.132721, 494.880127>
[COT 2025-03-16 22:54:42] 76561198352827856: Set HeatBuffer To 30 [guid=mvB_p65s26M1iDgS3KgKpm-UzbAyYM5rER5IINF2xI0=]
[COT 2025-03-16 22:54:44] 76561198352827856: Set HeatBuffer To 30 [guid=kOLgOs9yYBFVRQG3lqoHveYdP5X8y3SO69cq5MiR4us=]
[COT 2025-03-16 22:55:00] 76561198352827856: Teleported 76561198352827856 to position <2477.359619, 151.005859, 3743.111572>
[COT 2025-03-16 22:55:13] 76561198352827856: Left the Free Camera
[COT 2025-03-16 22:55:23] 76561198352827856: Set Invisibility To 1 [guid=m_TD03B4NXDQrU5koHpLq3WyQf1hXTvQSdETJOTM8ss=]
[COT 2025-03-16 22:55:30] 76561198352827856: Entered the Free Camera
[COT 2025-03-16 22:57:46] 76561198352827856: ESP: Clearing ESP
[COT 2025-03-16 22:57:46] 76561198352827856: ESP: ESP updating
[COT 2025-03-16 22:58:27] 76561198352827856: Spawned Entity Binoculars (Binoculars<bc2513e0>, 6, 70, 15, 0) on 76561198844058378
[COT 2025-03-16 22:59:13] 76561198352827856: ESP: Clearing ESP
[COT 2025-03-16 22:59:14] 76561198352827856: ESP: ESP updating
[COT 2025-03-16 22:59:46] 76561198352827856: Spawned Entity Anniversary T-Shirt Box (AnniversaryBox<186049d0>, 6, -1, 15, 0) at <2962.733154, 210.382431, 492.843597>
[COT 2025-03-16 22:59:56] 76561198352827856: Left the Free Camera
[COT 2025-03-16 23:00:01] 76561198352827856: Deleted Entity AnniversaryBox:10390 at <2962.733154, 210.395523, 492.843597>
[COT 2025-03-16 23:00:15] 76561198352827856: Spawned Entity Sea Chest (SeaChest<186367a0>, 6, 600, 15, 0) at <2959.609131, 210.382370, 493.335388>
[COT 2025-03-16 23:00:34] 76561198352827856: Set HeatBuffer To 30 [guid=m_TD03B4NXDQrU5koHpLq3WyQf1hXTvQSdETJOTM8ss=]
[COT 2025-03-16 23:00:40] 76561198352827856: Entered the Free Camera
[COT 2025-03-16 23:00:58] 76561198352827856: Deleted Entity SeaChest:13683 at <2957.565918, 210.382431, 491.601471>
[COT 2025-03-16 23:02:19] 76561198352827856: Spawned Entity VSD (SVD<24604070>, 100, 250, 15, 0) on 76561198844058378
[COT 2025-03-16 23:02:55] 76561198352827856: Spawned Entity Boxed 7.62x54mmR Rounds (AmmoBox_762x54_20Rnd<bc74a1b0>, 100, 100, 15, 0) on 76561198844058378
[COT 2025-03-16 23:02:55] 76561198352827856: Spawned Entity Boxed 7.62x54mmR Rounds (AmmoBox_762x54_20Rnd<bc7450c0>, 100, 100, 15, 0) on 76561198844058378
[COT 2025-03-16 23:03:24] 76561198352827856: Spawned Entity Ghillie Rifle Wrap (GhillieAtt_Winter<b4691460>, 100, 300, 15, 0) on 76561198352827856
[COT 2025-03-16 23:03:41] 76561198352827856: Spawned Entity Ghillie Rifle Wrap (GhillieAtt_Winter<b4670c10>, 100, 300, 15, 0) on 76561198844058378
[COT 2025-03-16 23:04:14] 76561198352827856: ESP: Clearing ESP
[COT 2025-03-16 23:04:14] 76561198352827856: ESP: ESP updating
[COT 2025-03-16 23:07:08] 76561198352827856: ESP: Clearing ESP
[COT 2025-03-16 23:10:01] 76561198352827856: Left the Free Camera
[COT 2025-03-16 23:10:03] 76561198352827856: Entered the Free Camera
[COT 2025-03-16 23:10:12] 76561198352827856: Set Invisibility To 0 [guid=m_TD03B4NXDQrU5koHpLq3WyQf1hXTvQSdETJOTM8ss=]
[COT 2025-03-16 23:10:12] 76561198352827856: Set Invisibility To 1 [guid=m_TD03B4NXDQrU5koHpLq3WyQf1hXTvQSdETJOTM8ss=]
[COT 2025-03-16 23:10:13] 76561198352827856: Set cannot be targeted by AI to true [guid=m_TD03B4NXDQrU5koHpLq3WyQf1hXTvQSdETJOTM8ss=]
[COT 2025-03-16 23:10:16] 76561198352827856: Set HeatBuffer To 30 [guid=m_TD03B4NXDQrU5koHpLq3WyQf1hXTvQSdETJOTM8ss=]
[COT 2025-03-16 23:10:21] 76561198352827856: Left the Free Camera
[COT 2025-03-16 23:10:27] 76561198352827856: Entered the Free Camera
[COT 2025-03-16 23:12:46] 76561198352827856: Left the Free Camera
[COT 2025-03-16 23:13:01] 76561198352827856: Set HeatBuffer To 30 [guid=m_TD03B4NXDQrU5koHpLq3WyQf1hXTvQSdETJOTM8ss=]
[COT 2025-03-16 23:13:21] 76561198352827856: Entered the Free Camera
[COT 2025-03-16 23:13:34] 76561198352827856: Left the Free Camera
[COT 2025-03-16 23:13:41] 76561198352827856: Entered the Free Camera
[COT 2025-03-16 23:14:17] 76561198352827856: Left the Free Camera
[COT 2025-03-16 23:14:47] 76561198352827856: Set HeatBuffer To 30 [guid=m_TD03B4NXDQrU5koHpLq3WyQf1hXTvQSdETJOTM8ss=]
[COT 2025-03-16 23:14:56] 76561198352827856: Entered the Free Camera
[COT 2025-03-16 23:20:08] 76561198352827856: Spawned Entity Infected (ZmbM_BloodSucker_superhard<f56a5740>, 100, 2200, 15, 0) at <2605.698242, 144.740005, 3178.191895>
[COT 2025-03-16 23:20:29] 76561198352827856: ESP: ESP updating
[COT 2025-03-16 23:20:48] 76561198352827856: Created Deletion Backup '2025-03-16_23-20-48'
[COT 2025-03-16 23:20:48] 76561198352827856: ESP index=0 target=ZmbM_BloodSucker_superhard:515 position=<2610.169678, 144.779999, 3187.008545> action=delete
[COT 2025-03-16 23:20:48] 76561198352827856: ESP index=1 target=ExpansionFloorKit:10553 position=<2967.394287, 210.605072, 495.242920> action=delete
[COT 2025-03-16 23:20:48] 76561198352827856: ESP index=2 target=DONFOOD_CANDYBAR_ILKA_CLASSIC:14937 position=<1525.302490, 191.331650, 6650.889648> action=delete
[COT 2025-03-16 23:20:48] 76561198352827856: ESP action=delete_all count=3 attempted=3
[COT 2025-03-16 23:21:26] 76561198352827856: Spawned Entity Infected (ZmbM_BloodSucker_normal<f56a5740>, 100, 600, 15, 0) at <2582.325195, 144.740005, 3159.718506>
[COT 2025-03-16 23:21:47] 76561198352827856: Spawned Entity Infected (ZmbM_BloodSucker_normalR<f56b3eb0>, 100, 600, 15, 0) at <2586.004883, 144.740005, 3208.741455>
[COT 2025-03-16 23:22:28] 76561198352827856: Spawned Entity Infected (ZmbM_BloodSucker_normalR<126a5090>, 100, 600, 15, 0) at <2590.548828, 144.740005, 3209.205322>
[COT 2025-03-16 23:22:28] 76561198352827856: Spawned Entity Infected (ZmbM_BloodSucker_normalR<1269e1e0>, 100, 600, 15, 0) at <2590.548828, 144.740005, 3209.205322>
[COT 2025-03-16 23:22:49] 76561198352827856: Spawned Entity Infected (ZmbM_BloodSucker_normalR<b85d29b0>, 100, 600, 15, 0) at <2568.787354, 148.194855, 3207.609863>
[COT 2025-03-16 23:22:49] 76561198352827856: Spawned Entity Infected (ZmbM_BloodSucker_normalR<b85d6610>, 100, 600, 15, 0) at <2568.787354, 148.194855, 3207.609863>
[COT 2025-03-16 23:24:51] 76561198352827856: Left the Free Camera
[COT 2025-03-16 23:25:13] 76561198352827856: Spawned Entity Fireplace (FireplaceIndoor<c8c31620>, 100, 100, 15, 0) at <3100.156738, 175.214432, 2689.220459>
[COT 2025-03-16 23:25:51] 76561198352827856: Entered the Free Camera
[COT 2025-03-16 23:25:56] 76561198352827856: Left the Free Camera
[COT 2025-03-16 23:26:01] 76561198352827856: Entered the Free Camera
[COT 2025-03-16 23:26:07] 76561198352827856: Left the Free Camera
[COT 2025-03-16 23:26:14] 76561198352827856: Entered the Free Camera
[COT 2025-03-16 23:26:19] 76561198352827856: Left the Free Camera
[COT 2025-03-16 23:26:40] 76561198352827856: Entered the Free Camera
[COT 2025-03-16 23:26:42] 76561198352827856: Left the Free Camera
[COT 2025-03-16 23:26:45] 76561198352827856: Entered the Free Camera
[COT 2025-03-16 23:26:48] 76561198352827856: Left the Free Camera
[COT 2025-03-16 23:27:27] 76561198352827856: Activated Community Online Tools [guid=m_TD03B4NXDQrU5koHpLq3WyQf1hXTvQSdETJOTM8ss=]
[COT 2025-03-16 23:27:35] 76561198352827856: Set GodMode To true [guid=m_TD03B4NXDQrU5koHpLq3WyQf1hXTvQSdETJOTM8ss=]
[COT 2025-03-16 23:27:36] 76561198352827856: Set Invisibility To 1 [guid=m_TD03B4NXDQrU5koHpLq3WyQf1hXTvQSdETJOTM8ss=]
[COT 2025-03-16 23:27:39] 76561198352827856: Set HeatBuffer To 30 [guid=m_TD03B4NXDQrU5koHpLq3WyQf1hXTvQSdETJOTM8ss=]
[COT 2025-03-16 23:27:46] 76561198352827856: ESP: Viewing ESP
[COT 2025-03-16 23:27:52] 76561198352827856: ESP: Clearing ESP
[COT 2025-03-16 23:27:52] 76561198352827856: ESP: ESP updating
[COT 2025-03-16 23:28:16] 76561198352827856: Entered the Free Camera
[COT 2025-03-16 23:28:23] 76561198352827856: Left the Free Camera
[COT 2025-03-16 23:28:27] 76561198352827856: Entered the Free Camera
[COT 2025-03-16 23:28:30] 76561198352827856: Left the Free Camera
[COT 2025-03-16 23:28:33] 76561198352827856: Entered the Free Camera
[COT 2025-03-16 23:29:00] 76561198352827856: Left the Free Camera
[COT 2025-03-16 23:29:04] 76561198352827856: Entered the Free Camera
[COT 2025-03-16 23:31:18] 76561198352827856: Spawned Entity Baby Skullspider (Deadfall_Creatures_Spiderskull_small<e6353520>, 1, 75, 15, 0) at <2595.845459, 144.740005, 3164.426025>
[COT 2025-03-16 23:31:51] 76561198352827856: Deleted Entity Deadfall_Creatures_Spiderskull_small:372 at <2573.921631, 144.779999, 3153.583496>
[COT 2025-03-16 23:31:58] 76561198352827856: Spawned Entity Baby Skullspider (Deadfall_Creatures_Spiderskull_small<b61393d0>, 1, 75, 15, 0) at <2595.625732, 144.740005, 3165.972412>
[COT 2025-03-16 23:31:58] 76561198352827856: Spawned Entity Baby Skullspider (Deadfall_Creatures_Spiderskull_small<b6132f30>, 1, 75, 15, 0) at <2595.625732, 144.740005, 3165.972412>
[COT 2025-03-16 23:32:09] 76561198352827856: Deleted Entity Deadfall_Creatures_Spiderskull_small:372 at <2594.067139, 144.779999, 3165.858643>
[COT 2025-03-16 23:32:10] 76561198352827856: Deleted Entity Deadfall_Creatures_Spiderskull_small:354 at <2594.047363, 144.779999, 3166.089111>
[COT 2025-03-16 23:32:22] 76561198352827856: Spawned Entity Queen Skullspider (Deadfall_Creatures_Spiderskull_queen<b61393d0>, 1, 2500, 15, 0) at <2590.428467, 144.739990, 3188.562744>
[COT 2025-03-16 23:32:35] 76561198352827856: Deleted Entity Deadfall_Creatures_Spiderskull_queen:367 at <2594.358643, 144.779999, 3176.019775>
[COT 2025-03-16 23:34:40] 76561198352827856: Teleported 76561198352827856 to position <9898.664063, 131.460007, 9543.111328>
[COT 2025-03-16 23:34:45] 76561198352827856: Left the Free Camera
[COT 2025-03-16 23:34:50] 76561198352827856: Entered the Free Camera
[COT 2025-03-16 23:35:05] 76561198352827856: Left the Free Camera
[COT 2025-03-16 23:35:42] 76561198352827856: Entered the Free Camera
[COT 2025-03-16 23:37:12] 76561198352827856: Left the Free Camera
[COT 2025-03-16 23:37:42] 76561198352827856: Entered the Free Camera
[COT 2025-03-16 23:38:05] 76561198352827856: Set HeatBuffer To 30 [guid=m_TD03B4NXDQrU5koHpLq3WyQf1hXTvQSdETJOTM8ss=]
[COT 2025-03-16 23:38:23] 76561198352827856: Left the Free Camera
[COT 2025-03-16 23:38:56] 76561198352827856: ESP: Clearing ESP
[COT 2025-03-16 23:38:56] 76561198352827856: ESP: ESP updating
[COT 2025-03-16 23:39:40] 76561198352827856: ESP: Clearing ESP
[COT 2025-03-16 23:40:11] 76561198352827856: ESP: ESP updating
[COT 2025-03-16 23:40:15] 76561198352827856: ESP: Clearing ESP
[COT 2025-03-16 23:40:17] 76561198352827856: ESP: ESP updating
[COT 2025-03-16 23:40:24] 76561198352827856: ESP: Clearing ESP
[COT 2025-03-16 23:40:24] 76561198352827856: ESP: ESP updating
[COT 2025-03-16 23:41:43] 76561198352827856: Entered the Free Camera
[COT 2025-03-16 23:43:13] 76561198352827856: Set Health To 100 [guid=kOLgOs9yYBFVRQG3lqoHveYdP5X8y3SO69cq5MiR4us=]
[COT 2025-03-16 23:43:13] 76561198352827856: Set Energy To 5000 [guid=kOLgOs9yYBFVRQG3lqoHveYdP5X8y3SO69cq5MiR4us=]
[COT 2025-03-16 23:43:13] 76561198352827856: Set Water To 5000 [guid=kOLgOs9yYBFVRQG3lqoHveYdP5X8y3SO69cq5MiR4us=]
[COT 2025-03-16 23:43:13] 76561198352827856: Set Shock To 100 [guid=kOLgOs9yYBFVRQG3lqoHveYdP5X8y3SO69cq5MiR4us=]
[COT 2025-03-16 23:43:13] 76561198352827856: Set HeatBuffer To 30 [guid=kOLgOs9yYBFVRQG3lqoHveYdP5X8y3SO69cq5MiR4us=]
[COT 2025-03-16 23:43:16] 76561198352827856: Healed [guid=kOLgOs9yYBFVRQG3lqoHveYdP5X8y3SO69cq5MiR4us=]
[COT 2025-03-16 23:43:18] 76561198352827856: Bleeding stopped [guid=kOLgOs9yYBFVRQG3lqoHveYdP5X8y3SO69cq5MiR4us=]
[COT 2025-03-16 23:43:30] 76561198352827856: Bleeding stopped [guid=kOLgOs9yYBFVRQG3lqoHveYdP5X8y3SO69cq5MiR4us=]
[COT 2025-03-16 23:43:42] 76561198352827856: Healed [guid=kOLgOs9yYBFVRQG3lqoHveYdP5X8y3SO69cq5MiR4us=]
[COT 2025-03-16 23:47:27] 76561198352827856: Set HeatBuffer To 30 [guid=m_TD03B4NXDQrU5koHpLq3WyQf1hXTvQSdETJOTM8ss=]
[COT 2025-03-16 23:48:03] 76561198352827856: Teleported 76561198352827856 to position <2498.274170, 134.728973, 2940.925293>
[COT 2025-03-16 23:48:07] 76561198352827856: Left the Free Camera
[COT 2025-03-16 23:48:19] 76561198352827856: Entered the Free Camera
[COT 2025-03-16 23:48:23] 76561198352827856: Left the Free Camera
[COT 2025-03-16 23:48:46] 76561198352827856: Teleported 76561198352827856 to position <2027.062988, 131.097061, 2663.320313>
[COT 2025-03-16 23:50:10] 76561198352827856: Entered the Free Camera
[COT 2025-03-16 23:50:23] 76561198352827856: Left the Free Camera
[COT 2025-03-16 23:50:37] 76561198352827856: Set Invisibility To 0 [guid=m_TD03B4NXDQrU5koHpLq3WyQf1hXTvQSdETJOTM8ss=]
[COT 2025-03-16 23:50:42] 76561198352827856: Set Invisibility To 1 [guid=m_TD03B4NXDQrU5koHpLq3WyQf1hXTvQSdETJOTM8ss=]
[COT 2025-03-16 23:50:42] 76561198352827856: Set cannot be targeted by AI to false [guid=m_TD03B4NXDQrU5koHpLq3WyQf1hXTvQSdETJOTM8ss=]
[COT 2025-03-16 23:50:43] 76561198352827856: Set cannot be targeted by AI to true [guid=m_TD03B4NXDQrU5koHpLq3WyQf1hXTvQSdETJOTM8ss=]
[COT 2025-03-16 23:52:02] 76561198352827856: Activated Community Online Tools [guid=m_TD03B4NXDQrU5koHpLq3WyQf1hXTvQSdETJOTM8ss=]
[COT 2025-03-16 23:52:36] 76561198352827856: Teleported 76561198352827856 to position <1133.530762, 256.459991, 1282.303467>
[COT 2025-03-16 23:52:47] 76561198352827856: Entered the Free Camera
[COT 2025-03-16 23:53:19] 76561198352827856: Teleported 76561198080386308 to position <7470.356934, 120.120140, 6292.804688>
[COT 2025-03-16 23:53:30] 76561198352827856: Teleported 76561198844058378 to position <7480.407715, 120.877296, 6269.353516>
[COT 2025-03-16 23:53:52] 76561198352827856: Left the Free Camera
[COT 2025-03-16 23:54:01] 76561198352827856: Set GodMode To true [guid=m_TD03B4NXDQrU5koHpLq3WyQf1hXTvQSdETJOTM8ss=]
[COT 2025-03-16 23:54:27] 76561198352827856: Teleported 76561198352827856 to position <7472.974121, 120.318344, 6293.474609>
[COT 2025-03-16 23:54:46] 76561198352827856: Entered the Free Camera
[COT 2025-03-17 02:02:32] 76561198352827856: Activated Community Online Tools [guid=m_TD03B4NXDQrU5koHpLq3WyQf1hXTvQSdETJOTM8ss=]
[COT 2025-03-17 02:02:42] 76561198352827856: Set GodMode To true [guid=m_TD03B4NXDQrU5koHpLq3WyQf1hXTvQSdETJOTM8ss=]
[COT 2025-03-17 02:02:43] 76561198352827856: Set Invisibility To 1 [guid=m_TD03B4NXDQrU5koHpLq3WyQf1hXTvQSdETJOTM8ss=]
[COT 2025-03-17 02:02:53] 76561198352827856: Teleported [guid=mvB_p65s26M1iDgS3KgKpm-UzbAyYM5rER5IINF2xI0=] to <7484.541992, 124.078934, 6346.275391>
[COT 2025-03-17 02:02:53] 76561198352827856: Teleported [guid=kOLgOs9yYBFVRQG3lqoHveYdP5X8y3SO69cq5MiR4us=] to <7484.541992, 124.078934, 6346.275391>
[COT 2025-03-17 02:03:26] 76561198352827856: Teleported [guid=mvB_p65s26M1iDgS3KgKpm-UzbAyYM5rER5IINF2xI0=] to <1162.736572, 152.651962, 3445.025635> [previous]
[COT 2025-03-17 02:04:54] 76561198352827856: Entered the Free Camera
[COT 2025-03-17 02:04:59] 76561198352827856: Left the Free Camera
[COT 2025-03-17 02:05:07] 76561198352827856: Entered the Free Camera
[COT 2025-03-17 02:05:12] 76561198352827856: Left the Free Camera
[COT 2025-03-17 02:05:42] 76561198352827856: Teleported [guid=kOLgOs9yYBFVRQG3lqoHveYdP5X8y3SO69cq5MiR4us=] to <1162.086426, 152.651917, 3442.429932> [previous]
[COT 2025-03-17 02:05:48] 76561198352827856: Entered the Free Camera
[COT 2025-03-17 02:05:51] 76561198352827856: Left the Free Camera
[COT 2025-03-17 02:06:37] 76561198352827856: ESP: ESP updating
[COT 2025-03-17 02:06:42] 76561198352827856: Entered the Free Camera
[COT 2025-03-17 02:06:50] 76561198352827856: Left the Free Camera
[COT 2025-03-17 02:06:54] 76561198352827856: Entered the Free Camera
[COT 2025-03-17 02:07:01] 76561198352827856: Set HeatBuffer To 30 [guid=m_TD03B4NXDQrU5koHpLq3WyQf1hXTvQSdETJOTM8ss=]
[COT 2025-03-17 02:07:46] 76561198352827856: Teleported 76561198844058378 to position <956.956787, 146.025024, 3363.148193>
[COT 2025-03-17 02:07:51] 76561198352827856: Set Energy To 5000 [guid=mvB_p65s26M1iDgS3KgKpm-UzbAyYM5rER5IINF2xI0=]
[COT 2025-03-17 02:07:51] 76561198352827856: Set Water To 5000 [guid=mvB_p65s26M1iDgS3KgKpm-UzbAyYM5rER5IINF2xI0=]
[COT 2025-03-17 02:07:51] 76561198352827856: Set HeatBuffer To 30 [guid=mvB_p65s26M1iDgS3KgKpm-UzbAyYM5rER5IINF2xI0=]
[COT 2025-03-17 02:07:56] 76561198352827856: Teleported 76561198844058378 to position <1104.357666, 142.999481, 3170.002930>
[COT 2025-03-17 02:08:01] 76561198352827856: Set HeatBuffer To 30 [guid=mvB_p65s26M1iDgS3KgKpm-UzbAyYM5rER5IINF2xI0=]
[COT 2025-03-17 02:08:03] 76561198352827856: Teleported 76561198844058378 to position <1084.026245, 167.936859, 3073.429688>
[COT 2025-03-17 02:08:07] 76561198352827856: Set Stamina To 100 [guid=mvB_p65s26M1iDgS3KgKpm-UzbAyYM5rER5IINF2xI0=]
[COT 2025-03-17 02:08:07] 76561198352827856: Set HeatBuffer To 30 [guid=mvB_p65s26M1iDgS3KgKpm-UzbAyYM5rER5IINF2xI0=]
[COT 2025-03-17 02:08:14] 76561198352827856: Healed [guid=mvB_p65s26M1iDgS3KgKpm-UzbAyYM5rER5IINF2xI0=]
[COT 2025-03-17 02:08:46] 76561198352827856: Teleported 76561198352827856 to position <1192.997803, 157.456543, 3329.254150>
[COT 2025-03-17 02:08:54] 76561198352827856: Left the Free Camera
[COT 2025-03-17 02:09:23] 76561198352827856: Teleported [guid=mvB_p65s26M1iDgS3KgKpm-UzbAyYM5rER5IINF2xI0=] to <1004.400818, 148.361938, 3380.719727>
[COT 2025-03-17 02:09:37] 76561198352827856: Set HeatBuffer To 30 [guid=mvB_p65s26M1iDgS3KgKpm-UzbAyYM5rER5IINF2xI0=]
[COT 2025-03-17 02:09:41] 76561198352827856: Healed [guid=mvB_p65s26M1iDgS3KgKpm-UzbAyYM5rER5IINF2xI0=]
[COT 2025-03-17 02:09:43] 76561198352827856: Dried [guid=mvB_p65s26M1iDgS3KgKpm-UzbAyYM5rER5IINF2xI0=]
[COT 2025-03-17 02:10:46] 76561198352827856: Spawned Entity Chestplate (Chestplate<d12d5a60>, 100, 250, 15, 0) at <1001.715393, 148.308731, 3379.551514>
[COT 2025-03-17 02:11:08] 76561198352827856: Spawned Entity Armored Hood (WitchHoodCoif_Brown<d12e1360>, 100, 220, 15, 0) at <1001.897644, 148.528488, 3379.730957>
[COT 2025-03-17 02:11:20] 76561198352827856: Spawned Entity Chainmail Coif (Chainmail_Coif<d12dab50>, 100, 200, 15, 0) at <1002.006836, 148.650238, 3379.827393>
[COT 2025-03-17 02:11:38] 76561198352827856: Spawned Entity Chainmail (Chainmail<b8b0c070>, 100, 250, 15, 0) at <1002.351501, 148.136337, 3377.677490>
[COT 2025-03-17 02:12:09] 76561198352827856: Spawned Entity Leather Backpack (LeatherSack_Natural<b8b41810>, 100, 200, 15, 0) at <1001.658875, 148.361877, 3380.476318>
[COT 2025-03-17 02:12:30] 76561198352827856: Deleted Entity Chestplate:4965 at <1001.715393, 148.310928, 3379.551514>
[COT 2025-03-17 02:12:31] 76561198352827856: Deleted Entity WitchHoodCoif_Red:9695 at <1001.897644, 148.325165, 3379.730957>
[COT 2025-03-17 02:12:34] 76561198352827856: Deleted Entity Chainmail_Coif:8092 at <1002.006836, 148.676453, 3379.827393>
[COT 2025-03-17 02:12:40] 76561198352827856: Deleted Entity LeatherSack_Brown:9997 at <1003.791687, 148.351379, 3380.874023>
[COT 2025-03-17 02:13:20] 76561198352827856: Teleported 76561198352827856 to position <6718.861328, 126.124916, 5905.634766>
[COT 2025-03-17 02:13:28] 76561198352827856: Entered the Free Camera
[COT 2025-03-17 02:14:31] 76561198352827856: Left the Free Camera
[COT 2025-03-17 02:14:42] 76561198352827856: Spawned Entity Fireworks Launcher (FireworksLauncher<b8c38b40>, 100, 30, 15, 0) at <6871.005371, 130.803680, 5757.978027>
[COT 2025-03-17 02:14:54] 76561198352827856: Entered the Free Camera
[COT 2025-03-17 02:20:39] 76561198352827856: Teleported 76561198352827856 to position <1605.277710, 256.459991, 1428.197021>
[COT 2025-03-17 02:20:53] 76561198352827856: Left the Free Camera
[COT 2025-03-17 02:21:11] 76561198352827856: Entered the Free Camera
[COT 2025-03-17 02:21:53] 76561198352827856: Spawned Entity Bonelord (Deadfall_Creatures_Skeleton_5<ad56ffb0>, 100, 1200, 15, 0) at <1676.920898, 227.358353, 1518.425171>
[COT 2025-03-17 02:21:53] 76561198352827856: Spawned Entity Bonelord (Deadfall_Creatures_Skeleton_5<ad569100>, 100, 1200, 15, 0) at <1676.920898, 227.358353, 1518.425171>
[COT 2025-03-17 02:22:33] 76561198352827856: Spawned Entity Red Skeleton (Deadfall_Creatures_Skeleton_4<ad57a0b0>, 100, 800, 15, 0) at <1572.766724, 256.042633, 1481.753540>
[COT 2025-03-17 02:22:39] 76561198352827856: Spawned Entity Bonelord (Deadfall_Creatures_Skeleton_5<ad596580>, 100, 1200, 15, 0) at <1559.055786, 256.459991, 1500.791260>
[COT 2025-03-17 02:24:01] 76561198352827856: Spawned Entity White Wraith (Deadfall_Creatures_Wraith_3<b1dc2cb0>, 100, 800, 15, 0) at <1599.112427, 247.264893, 1494.741455>
[COT 2025-03-17 02:24:10] 76561198352827856: Spawned Entity Blood Wraith (Deadfall_Creatures_Wraith_2<c9533b70>, 100, 650, 15, 0) at <1533.679321, 256.459991, 1477.016846>
[COT 2025-03-17 02:24:16] 76561198352827856: Spawned Entity Blood Wraith (Deadfall_Creatures_Wraith_2<c9534f90>, 100, 650, 15, 0) at <1517.753906, 256.459991, 1498.030640>
[COT 2025-03-17 02:25:38] 76561198352827856: Set Invisibility To 0 [guid=m_TD03B4NXDQrU5koHpLq3WyQf1hXTvQSdETJOTM8ss=]
[COT 2025-03-17 02:25:44] 76561198352827856: Set Invisibility To 1 [guid=m_TD03B4NXDQrU5koHpLq3WyQf1hXTvQSdETJOTM8ss=]
[COT 2025-03-17 02:26:18] 76561198352827856: Spawned Entity Infected (ZmbM_BloodSucker_normal<bdf8fd00>, 100, 600, 15, 0) at <1448.190186, 217.500000, 1856.048218>
[COT 2025-03-17 02:27:48] 76561198352827856: Deleted Entity Animal_CanisLupus_Grey:322 at <1877.728149, 184.004074, 2022.715088>
[COT 2025-03-17 02:28:03] 76561198352827856: Deleted Entity Animal_CanisLupus_White:325 at <1854.641724, 196.085449, 1983.702515>
[COT 2025-03-17 02:28:09] 76561198352827856: Deleted Entity Animal_CanisLupus_Grey:324 at <1863.064697, 188.117844, 2001.080078>
[COT 2025-03-17 02:29:07] 76561198352827856: Deleted Entity Deadfall_Creatures_Wraith_2:484 at <1549.675659, 256.500000, 1475.508423>
[COT 2025-03-17 02:29:38] 76561198352827856: Set Invisibility To 1 [guid=XL1GT1pp_f-jQGOrP6YuCPttwyD--b5ziLbGiXICjFs=]
[COT 2025-03-17 02:29:41] 76561198352827856: Set Invisibility To 0 [guid=XL1GT1pp_f-jQGOrP6YuCPttwyD--b5ziLbGiXICjFs=]
[COT 2025-03-17 02:29:55] 76561198352827856: Set Invisibility To 0 [guid=m_TD03B4NXDQrU5koHpLq3WyQf1hXTvQSdETJOTM8ss=]
[COT 2025-03-17 02:30:01] 76561198352827856: Set Invisibility To 1 [guid=m_TD03B4NXDQrU5koHpLq3WyQf1hXTvQSdETJOTM8ss=]
[COT 2025-03-17 02:30:47] 76561198352827856: Deleted Entity Deadfall_Creatures_Wraith_3:423 at <1596.479980, 250.009644, 1485.757813>
[COT 2025-03-17 02:31:41] 76561198352827856: Deleted Entity Deadfall_Creatures_Wraith_2:499 at <1797.957642, 218.235657, 1423.007935>
[COT 2025-03-17 02:31:59] 76561198352827856: Set HeatBuffer To 30 [guid=mvB_p65s26M1iDgS3KgKpm-UzbAyYM5rER5IINF2xI0=]
[COT 2025-03-17 02:32:04] 76561198352827856: Set Health To 100 [guid=mvB_p65s26M1iDgS3KgKpm-UzbAyYM5rER5IINF2xI0=]
[COT 2025-03-17 02:32:04] 76561198352827856: Set Energy To 5000 [guid=mvB_p65s26M1iDgS3KgKpm-UzbAyYM5rER5IINF2xI0=]
[COT 2025-03-17 02:32:04] 76561198352827856: Set Water To 5000 [guid=mvB_p65s26M1iDgS3KgKpm-UzbAyYM5rER5IINF2xI0=]
[COT 2025-03-17 02:32:04] 76561198352827856: Set Shock To 100 [guid=mvB_p65s26M1iDgS3KgKpm-UzbAyYM5rER5IINF2xI0=]
[COT 2025-03-17 02:32:16] 76561198352827856: Set Health To 100 [guid=kOLgOs9yYBFVRQG3lqoHveYdP5X8y3SO69cq5MiR4us=]
[COT 2025-03-17 02:32:16] 76561198352827856: Set Energy To 5000 [guid=kOLgOs9yYBFVRQG3lqoHveYdP5X8y3SO69cq5MiR4us=]
[COT 2025-03-17 02:32:16] 76561198352827856: Set Water To 5000 [guid=kOLgOs9yYBFVRQG3lqoHveYdP5X8y3SO69cq5MiR4us=]
[COT 2025-03-17 02:32:16] 76561198352827856: Set HeatBuffer To 30 [guid=kOLgOs9yYBFVRQG3lqoHveYdP5X8y3SO69cq5MiR4us=]
[COT 2025-03-17 02:33:08] 76561198352827856: Set HeatBuffer To 30 [guid=m_TD03B4NXDQrU5koHpLq3WyQf1hXTvQSdETJOTM8ss=]
[COT 2025-03-17 02:34:06] 76561198352827856: Teleported 76561198352827856 to position <6868.495605, 127.110001, 5714.707031>
[COT 2025-03-17 02:34:12] 76561198352827856: Left the Free Camera
[COT 2025-03-17 02:35:16] 76561198352827856: Entered the Free Camera
[COT 2025-03-17 02:35:55] 76561198352827856: Teleported 76561198352827856 to position <6315.858398, 143.467560, 6722.858887>
[COT 2025-03-17 02:36:01] 76561198352827856: Left the Free Camera
[COT 2025-03-17 02:36:05] 76561198352827856: Entered the Free Camera
[COT 2025-03-17 02:39:50] 76561198352827856: Spawned Entity Ancient Sword (Sword<b1b04bf0>, 100, 200, 15, 0) on 76561198844058378
[COT 2025-03-17 02:40:25] 76561198352827856: Healed [guid=kOLgOs9yYBFVRQG3lqoHveYdP5X8y3SO69cq5MiR4us=]
[COT 2025-03-17 02:40:30] 76561198352827856: Healed [guid=mvB_p65s26M1iDgS3KgKpm-UzbAyYM5rER5IINF2xI0=]
[COT 2025-03-17 02:41:53] 76561198352827856: Teleported 76561198352827856 to position <5876.028320, 172.117554, 6244.390137>
[COT 2025-03-17 02:41:56] 76561198352827856: Left the Free Camera
[COT 2025-03-17 02:42:00] 76561198352827856: Entered the Free Camera
[COT 2025-03-17 02:45:51] 76561198352827856: Left the Free Camera
[COT 2025-03-17 02:46:06] 76561198352827856: Entered the Free Camera
[COT 2025-03-17 02:46:38] 76561198352827856: Set Shock To 100 [guid=qZqolO4hbF2D7i2SHl6eLqgMczahG7_bAPkC9G_OL68=]
[COT 2025-03-17 02:46:42] 76561198352827856: Bleeding stopped [guid=qZqolO4hbF2D7i2SHl6eLqgMczahG7_bAPkC9G_OL68=]
[COT 2025-03-17 02:46:57] 76561198352827856: Set Energy To 4073 [guid=qZqolO4hbF2D7i2SHl6eLqgMczahG7_bAPkC9G_OL68=]
[COT 2025-03-17 02:46:57] 76561198352827856: Set Water To 4161 [guid=qZqolO4hbF2D7i2SHl6eLqgMczahG7_bAPkC9G_OL68=]
[COT 2025-03-17 02:47:39] 76561198352827856: Teleported to <2303.791992, 153.408569, 2163.691895> [guid=kOLgOs9yYBFVRQG3lqoHveYdP5X8y3SO69cq5MiR4us=]
[COT 2025-03-17 02:47:44] 76561198352827856: Left the Free Camera
[COT 2025-03-17 02:48:54] 76561198352827856: Entered the Free Camera
[COT 2025-03-17 02:49:30] 76561198352827856: Teleported 76561198352827856 to position <6070.346191, 169.893982, 7031.232422>
[COT 2025-03-17 02:49:34] 76561198352827856: Left the Free Camera
[COT 2025-03-17 02:49:37] 76561198352827856: Entered the Free Camera
[COT 2025-03-17 02:50:04] 76561198352827856: Teleported 76561198352827856 to position <7044.490234, 122.457291, 8486.307617>
[COT 2025-03-17 02:50:08] 76561198352827856: Left the Free Camera
[COT 2025-03-17 02:50:11] 76561198352827856: Entered the Free Camera
[COT 2025-03-17 02:50:22] 76561198352827856: Left the Free Camera
[COT 2025-03-17 02:50:31] 76561198352827856: Teleported 76561198352827856 to position <6719.574707, 127.487595, 5789.908203>
[COT 2025-03-17 02:51:21] 76561198352827856: Set Broken Legs To true [guid=qZqolO4hbF2D7i2SHl6eLqgMczahG7_bAPkC9G_OL68=]
[COT 2025-03-17 02:51:22] 76561198352827856: Set Broken Legs To false [guid=qZqolO4hbF2D7i2SHl6eLqgMczahG7_bAPkC9G_OL68=]
[COT 2025-03-17 02:53:10] 76561198352827856: Set Invisibility To 0 [guid=m_TD03B4NXDQrU5koHpLq3WyQf1hXTvQSdETJOTM8ss=]
[COT 2025-03-17 02:53:18] 76561198352827856: Entered the Free Camera
[COT 2025-03-17 02:54:13] 76561198352827856: Left the Free Camera
[COT 2025-03-17 02:54:17] 76561198352827856: Set Invisibility To 1 [guid=m_TD03B4NXDQrU5koHpLq3WyQf1hXTvQSdETJOTM8ss=]
[COT 2025-03-17 02:55:01] 76561198352827856: Spawned Entity Admin Hammer (Hammer<d616b0e0>, 100, 100, 15, 0) at <6858.007324, 132.039139, 5768.855469>
[COT 2025-03-17 02:55:09] 76561198352827856: Spawned Entity Wall Kit (ExpansionWallKit<d616c800>, 100, 100, 15, 0) at <6857.475098, 132.039139, 5768.159180>
[COT 2025-03-17 02:56:29] 76561198352827856: Entered the Free Camera
[COT 2025-03-17 02:56:32] 76561198352827856: Left the Free Camera
[COT 2025-03-17 02:56:49] 76561198352827856: Entered the Free Camera
[COT 2025-03-17 02:57:33] 76561198352827856: Activated Community Online Tools [guid=m_TD03B4NXDQrU5koHpLq3WyQf1hXTvQSdETJOTM8ss=]
[COT 2025-03-17 02:57:39] 76561198352827856: Set Invisibility To 1 [guid=m_TD03B4NXDQrU5koHpLq3WyQf1hXTvQSdETJOTM8ss=]
[COT 2025-03-17 02:57:39] 76561198352827856: Set GodMode To true [guid=m_TD03B4NXDQrU5koHpLq3WyQf1hXTvQSdETJOTM8ss=]
[COT 2025-03-17 02:57:47] 76561198352827856: Entered the Free Camera
[COT 2025-03-17 02:58:12] 76561198352827856: Left the Free Camera
[COT 2025-03-17 02:58:56] 76561198352827856: Entered the Free Camera
