01.05.2024 17:37:21 [ZenMod] Player logged in: OverKill (76561198371187382) (pos=<1602.915039, 154.389923, 12376.286133>)
01.05.2024 17:47:44 [ZenMod] Player logged in: Intruder (76561198003652661) (pos=<2857.082520, 216.145325, 13209.855469>)
01.05.2024 18:57:41 [ZenMod] Player logged out: OverKill (76561198371187382) (pos=<4792.490723, 153.494110, 11361.216797>)
02.05.2024 03:02:09 [ZenMod] Player logged in: OverKill (76561198371187382) (pos=<4792.490723, 153.494110, 11361.216797>)
02.05.2024 06:55:57 [ZenMod] Player logged out: OverKill (76561198371187382) (pos=<8048.685547, 179.442444, 13739.258789>)
02.05.2024 09:27:46 [ZenMod] Player logged in: Stephanie (76561199548828479) (pos=<1395.653564, 206.240311, 8566.265625>)
02.05.2024 14:21:29 [ZenMod] Player logged in: spud143 (76561199013422878) (pos=<1529.525635, 208.992645, 8315.419922>)
02.05.2024 15:34:55 [ZenMod] Player logged in: Intruder (76561198003652661) (pos=<5543.785645, 163.805359, 10996.427734>)
02.05.2024 16:59:31 [ZenMod] Player logged in: OverKill (76561198371187382) (pos=<8048.685547, 179.442444, 13739.258789>)
02.05.2024 17:03:58 [ZenMod] Player logged in: Intruder (76561198003652661) (pos=<5560.560547, 163.995163, 11016.393555>)
02.05.2024 17:59:37 [ZenMod] Player logged in: Sir Trippy (76561199562419227) (pos=<2597.458008, 218.362183, 13366.859375>)
02.05.2024 18:45:13 [ZenMod] Player logged out: Intruder (76561198003652661) (pos=<4603.124023, 118.689499, 8281.765625>)
02.05.2024 18:45:18 [ZenMod] Player logged out: OverKill (76561198371187382) (pos=<4615.561523, 119.655807, 8298.597656>)
02.05.2024 20:28:30 [ZenMod] Player logged in: spud143 (76561199013422878) (pos=<1756.942993, 187.290695, 8505.900391>)
02.05.2024 21:11:47 [ZenMod] Player logged out: spud143 (76561199013422878) (pos=<3752.221680, 137.193298, 8331.830078>)
03.05.2024 04:33:25 [ZenMod] Player logged in: Intruder (76561198003652661) (pos=<4603.124023, 118.689499, 8281.765625>)
03.05.2024 05:19:25 [ZenMod] Player logged out: Intruder (76561198003652661) (pos=<4302.389648, 113.062943, 5743.945801>)
03.05.2024 17:54:32 [ZenMod] Player logged in: Sir Trippy (76561199562419227) (pos=<4382.759766, 107.865784, 6322.750000>)
03.05.2024 17:56:28 [ZenMod] Player logged out: Sir Trippy (76561199562419227) (pos=<4380.673828, 107.887032, 6325.095703>)
03.05.2024 17:56:50 [ZenMod] Player logged in: Sir Trippy (76561199562419227) (pos=<4380.673828, 107.887032, 6325.095703>)
03.05.2024 17:59:31 [ZenMod] Player logged out: Sir Trippy (76561199562419227) (pos=<4363.512695, 107.581146, 6318.160645>)
04.05.2024 07:14:00 [ZenMod] Player logged in: Sir Trippy (76561199562419227) (pos=<4363.512695, 107.581146, 6318.160645>)
04.05.2024 07:27:56 [ZenMod] Player logged out: Sir Trippy (76561199562419227) (pos=<4336.796875, 103.282326, 6037.237305>)
04.05.2024 07:28:14 [ZenMod] Player logged in: Sir Trippy (76561199562419227) (pos=<4336.796875, 103.282326, 6037.237305>)
04.05.2024 08:03:00 [ZenMod] Player logged out: Sir Trippy (76561199562419227) (pos=<4416.050293, 113.205879, 5575.407715>)
04.05.2024 08:05:18 [ZenMod] Player logged in: Sir Trippy (76561199562419227) (pos=<4416.050293, 113.205879, 5575.407715>)
04.05.2024 09:08:40 [ZenMod] Player logged out: Sir Trippy (76561199562419227) (pos=<5882.436035, 77.677826, 3900.943359>)
04.05.2024 09:22:46 [ZenMod] Player logged in: Sir Trippy (76561199562419227) (pos=<5882.436035, 77.677826, 3900.943359>)
04.05.2024 09:46:21 [ZenMod] Player logged out: Sir Trippy (76561199562419227) (pos=<5926.602051, 81.105194, 3967.112305>)
04.05.2024 15:53:18 [ZenMod] Player logged in: Sir Trippy (76561199562419227) (pos=<5926.602051, 81.105194, 3967.112305>)
04.05.2024 16:28:46 [ZenMod] Player logged out: Sir Trippy (76561199562419227) (pos=<7957.923340, 194.526672, 4066.307617>)
04.05.2024 16:37:41 [ZenMod] Player logged in: Sir Trippy (76561199562419227) (pos=<7957.923340, 194.526672, 4066.307617>)
04.05.2024 17:23:31 [ZenMod] Player logged in: OverKill (76561198371187382) (pos=<4615.561523, 119.655807, 8298.597656>)
04.05.2024 18:15:41 [ZenMod] Player logged out: OverKill (76561198371187382) (pos=<3806.387939, 162.063828, 8065.033203>)
04.05.2024 18:27:03 [ZenMod] Player logged in: Sir Trippy (76561199562419227) (pos=<1681.015503, 207.958801, 8025.174316>)
04.05.2024 18:27:31 [ZenMod] Player logged out: Sir Trippy (76561199562419227) (pos=<1681.015503, 207.958801, 8025.174316>)
05.05.2024 11:04:47 [ZenMod] Player logged in: blackninja247 (76561198348421220) (pos=<820.454529, 183.215393, 7836.337402>)
05.05.2024 11:41:24 [ZenMod] Player logged out: blackninja247 (76561198348421220) (pos=<809.394531, 195.149612, 8230.457031>)
05.05.2024 13:13:44 [ZenMod] Player logged in: Intruder (76561198003652661) (pos=<4302.389648, 113.062943, 5743.945801>)
05.05.2024 13:13:58 [ZenMod] Player logged in: OverKill (76561198371187382) (pos=<3806.387939, 162.063828, 8065.033203>)
05.05.2024 14:00:01 [ZenMod] Player logged out: Intruder (76561198003652661) (pos=<1511.587158, 170.708801, 7327.729492>)
05.05.2024 14:00:01 [ZenMod] Player logged out: OverKill (76561198371187382) (pos=<1504.448730, 170.917130, 7318.476074>)
05.05.2024 14:01:18 [ZenMod] Player logged in: Intruder (76561198003652661) (pos=<1511.587158, 170.708801, 7327.729492>)
05.05.2024 14:03:44 [ZenMod] Player logged in: OverKill (76561198371187382) (pos=<1504.448730, 170.917130, 7318.476074>)
05.05.2024 14:47:51 [ZenMod] Player logged in: Wolfhound (76561198087161982) (pos=<1671.475098, 151.292877, 12221.279297>)
05.05.2024 14:55:40 [ZenMod] Player logged in: Intruder (76561198003652661) (pos=<1224.478027, 217.471146, 8986.726563>)
05.05.2024 14:55:43 [ZenMod] Player logged in: Wolfhound (76561198087161982) (pos=<648.751892, 200.798218, 8171.062012>)
05.05.2024 14:56:11 [ZenMod] Player logged in: OverKill (76561198371187382) (pos=<1652.364868, 182.394150, 12810.200195>)
05.05.2024 15:14:52 [ZenMod] Player logged in: NightMare (76561198382975286) (pos=<2823.075439, 205.669464, 12986.335938>)
05.05.2024 16:37:22 [ZenMod] Player logged in: OverKill (76561198371187382) (pos=<644.586304, 172.359619, 9347.054688>)
05.05.2024 17:25:08 [ZenMod] Player logged out: NightMare (76561198382975286) (pos=<5369.383789, 147.179245, 7770.725586>)
05.05.2024 17:27:22 [ZenMod] Player logged out: OverKill (76561198371187382) (pos=<3741.473877, 128.770554, 8306.133789>)
05.05.2024 17:41:30 [ZenMod] Player logged out: Wolfhound (76561198087161982) (pos=<9312.986328, 88.619377, 4709.766602>)
05.05.2024 17:56:51 [ZenMod] Player logged out: Intruder (76561198003652661) (pos=<9461.450195, 106.130730, 4982.077637>)
06.05.2024 15:43:14 [ZenMod] Player logged in: OverKill (76561198371187382) (pos=<3741.473877, 128.770554, 8306.133789>)
06.05.2024 16:55:31 [ZenMod] Player logged out: OverKill (76561198371187382) (pos=<4985.450195, 120.270851, 7114.530762>)
07.05.2024 11:47:56 [ZenMod] Player logged in: GarfieldChiefin (76561198144571279) (pos=<3014.534912, 212.265900, 13089.257813>)
07.05.2024 12:11:50 [ZenMod] Player logged in: GarfieldChiefin (76561198144571279) (pos=<654.235168, 198.912704, 8373.278320>)
07.05.2024 12:39:57 [ZenMod] Player logged out: GarfieldChiefin (76561198144571279) (pos=<2046.937744, 191.359009, 9085.166992>)
07.05.2024 16:26:03 [ZenMod] Player logged in: Intruder (76561198003652661) (pos=<9461.450195, 106.130730, 4982.077637>)
07.05.2024 16:46:14 [ZenMod] Player logged in: Intruder (76561198003652661) (pos=<13641.934570, 361.660614, 2383.175049>)
07.05.2024 17:09:04 [ZenMod] Player logged in: OverKill (76561198371187382) (pos=<4985.450195, 120.270851, 7114.530762>)
07.05.2024 18:08:28 [ZenMod] Player logged out: Intruder (76561198003652661) (pos=<13657.909180, 361.952728, 2414.103027>)
07.05.2024 18:09:23 [ZenMod] Player logged in: Stephanie (76561199548828479) (pos=<3812.004883, 200.852982, 9017.899414>)
07.05.2024 18:19:43 [ZenMod] Player logged in: SirTrippy (76561199562419227) (pos=<1681.015503, 207.958801, 8025.174316>)
07.05.2024 18:58:03 [ZenMod] Player logged out: Stephanie (76561199548828479) (pos=<13690.005859, 360.382477, 2414.673096>)
07.05.2024 18:59:19 [ZenMod] Player logged out: OverKill (76561198371187382) (pos=<13632.563477, 371.205109, 2436.824463>)
07.05.2024 19:01:30 [ZenMod] Player logged in: SirTrippy (76561199562419227) (pos=<4453.436523, 133.465851, 6897.155273>)
07.05.2024 20:09:28 [ZenMod] Player logged out: SirTrippy (76561199562419227) (pos=<10146.173828, 48.040943, 1290.460693>)
08.05.2024 14:13:25 [ZenMod] Player logged in: John Doe (76561198020755273) (pos=<1449.525635, 207.124878, 8395.419922>)
08.05.2024 15:08:51 [ZenMod] Player logged in: SirTrippy (76561199562419227) (pos=<10146.173828, 48.040943, 1290.460693>)
08.05.2024 15:24:25 [ZenMod] Player logged out: SirTrippy (76561199562419227) (pos=<10737.802734, 67.887314, 1858.928589>)
08.05.2024 15:54:17 [ZenMod] Player logged out: John Doe (76561198020755273) (pos=<3671.961426, 128.116730, 8317.366211>)
08.05.2024 16:12:09 [ZenMod] Player logged in: Sir Trippy (76561199562419227) (pos=<1502.859009, 208.145370, 8422.086914>)
08.05.2024 16:30:51 [ZenMod] Player logged in: pnw360 (76561199651985753) (pos=<1382.859009, 204.512634, 8448.753906>)
08.05.2024 16:37:20 [ZenMod] Player logged in: John Doe (76561198020755273) (pos=<3671.961426, 128.116730, 8317.366211>)
08.05.2024 16:40:14 [ZenMod] Player logged in: John Doe (76561198020755273) (pos=<1928.252441, 186.430298, 12747.532227>)
08.05.2024 16:59:11 [ZenMod] Player logged in: OverKill (76561198371187382) (pos=<13632.563477, 371.205109, 2436.824463>)
08.05.2024 17:06:56 [ZenMod] Player logged out: John Doe (76561198020755273) (pos=<1065.451782, 152.670670, 12722.881836>)
08.05.2024 17:56:54 [ZenMod] Player logged out: pnw360 (76561199651985753) (pos=<3691.793457, 127.925964, 8341.657227>)
08.05.2024 18:14:18 [ZenMod] Player logged out: Sir Trippy (76561199562419227) (pos=<9333.304688, 151.037796, 14299.106445>)
08.05.2024 18:30:40 [ZenMod] Player logged in: Intruder (76561198003652661) (pos=<13657.909180, 361.952728, 2414.103027>)
08.05.2024 19:01:26 [ZenMod] Player logged in: Intruder (76561198003652661) (pos=<9398.655273, 50.085011, 1819.532349>)
08.05.2024 19:01:29 [ZenMod] Player logged in: OverKill (76561198371187382) (pos=<9407.588867, 50.765415, 1818.552490>)
08.05.2024 19:09:41 [ZenMod] Player logged out: OverKill (76561198371187382) (pos=<7613.539551, 380.415588, 7568.728027>)
08.05.2024 19:14:26 [ZenMod] Player logged out: Intruder (76561198003652661) (pos=<7613.534180, 379.291504, 7546.477051>)
08.05.2024 21:02:15 [ZenMod] Player logged in: blackninja247 (76561198348421220) (pos=<809.394531, 195.149612, 8230.457031>)
08.05.2024 23:00:01 [ZenMod] Player logged out: blackninja247 (76561198348421220) (pos=<2974.701416, 197.543442, 9448.620117>)
