---------------------------------------------
ServerPanel log started at 31.03.2025 22:39:10

31.03.2025 22:39:10 [ServerPanelLogger]: Will try to create ServerPanel log file in $profile:/ServerPanel/Logs/
31.03.2025 22:39:10 [ServerPanelConfig]: Reading Server Config
31.03.2025 22:39:10 [ServerPanelConfig]: Directory already exists: $profile:/ServerPanel
31.03.2025 22:39:10 [ServerPanelConfig]: Log directory already exists: $profile:/ServerPanel/Logs/
31.03.2025 22:39:10 [ServerPanelConfigRPC]: GetConfigRequest
31.03.2025 22:39:10 [ServerPanelConfigRPC]: SyncPlayerStatsRequest
31.03.2025 22:39:10 [ServerPanelConfigRPC]: SyncSidePanelInfoRequest
31.03.2025 22:39:10 [ServerPanelHelpers]: Initialized ServerPanelBase
31.03.2025 22:41:43 [ServerPanelConfigRPC]: Left Middle Finger (kOLgOs9yYBFVRQG3lqoHveYdP5X8y3SO69cq5MiR4us=) - Config sync
31.03.2025 22:48:25 [ServerPanelConfigRPC]: mormonrice (SWrhd9ziwAZonrmk5cFvI9UDhCjNa3qYrpi7hYisi14=) - Config sync
31.03.2025 23:09:24 [ServerPanelConfigRPC]: mormonrice (SWrhd9ziwAZonrmk5cFvI9UDhCjNa3qYrpi7hYisi14=) - Config sync
31.03.2025 23:38:31 [ServerPanelConfigRPC]: mormonrice (SWrhd9ziwAZonrmk5cFvI9UDhCjNa3qYrpi7hYisi14=) - Config sync
31.03.2025 23:45:10 [ServerPanelStatsRPC]: mormonrice (SWrhd9ziwAZonrmk5cFvI9UDhCjNa3qYrpi7hYisi14=) - Player Stats sync
31.03.2025 23:45:10 [ServerPanelStatsRPC]: mormonrice (SWrhd9ziwAZonrmk5cFvI9UDhCjNa3qYrpi7hYisi14=) - Player Minimum Stats sync
31.03.2025 23:50:59 [ServerPanelConfigRPC]: mormonrice (SWrhd9ziwAZonrmk5cFvI9UDhCjNa3qYrpi7hYisi14=) - Config sync
01.04.2025 00:09:47 [ServerPanelConfigRPC]: Dizzy (tQ7rIW6zr1nMQE8A7uzpLc_GJHb0_QwfchGPoHeKVOQ=) - Config sync
01.04.2025 00:21:26 [ServerPanelConfigRPC]: mormonrice (SWrhd9ziwAZonrmk5cFvI9UDhCjNa3qYrpi7hYisi14=) - Config sync
01.04.2025 00:26:07 [ServerPanelConfigRPC]: dre (5iHawFF-5d6C8jZ5Dr1e85Po8Lvgz-RoyGxL7iY3DW8=) - Config sync
01.04.2025 01:02:57 [ServerPanelConfigRPC]: mormonrice (SWrhd9ziwAZonrmk5cFvI9UDhCjNa3qYrpi7hYisi14=) - Config sync
01.04.2025 01:07:33 [ServerPanelStatsRPC]: mormonrice (SWrhd9ziwAZonrmk5cFvI9UDhCjNa3qYrpi7hYisi14=) - Player Stats sync
01.04.2025 01:07:33 [ServerPanelStatsRPC]: mormonrice (SWrhd9ziwAZonrmk5cFvI9UDhCjNa3qYrpi7hYisi14=) - Player Minimum Stats sync
