---------------------------------------------
ServerPanel log started at 04.04.2025 02:01:04

04.04.2025 02:01:04 [ServerPanelLogger]: Will try to create ServerPanel log file in $profile:/ServerPanel/Logs/
04.04.2025 02:01:04 [ServerPanelConfig]: Reading Server Config
04.04.2025 02:01:04 [ServerPanelConfig]: Directory already exists: $profile:/ServerPanel
04.04.2025 02:01:04 [ServerPanelConfig]: Log directory already exists: $profile:/ServerPanel/Logs/
04.04.2025 02:01:04 [ServerPanelConfigRPC]: GetConfigRequest
04.04.2025 02:01:04 [ServerPanelConfigRPC]: SyncPlayerStatsRequest
04.04.2025 02:01:04 [ServerPanelConfigRPC]: SyncSidePanelInfoRequest
04.04.2025 02:01:04 [ServerPanelHelpers]: Initialized ServerPanelBase
04.04.2025 03:46:50 [ServerPanelConfigRPC]: Not Your Mom (MurDZXsGDGtrvnhF-b5iKoZ4u8Bz50YCpmA2sIxXR8c=) - Config sync
04.04.2025 03:48:11 [ServerPanelConfigRPC]: Gurt (bCuhBiFY7lhRdfO-ATEFKt74KQJD7mS1X4DRodXqO3c=) - Config sync
04.04.2025 04:48:16 [ServerPanelConfigRPC]: CracklinOatBranCereal (nsXTBdceXa3UBnQ4bQCu_T4oOASZ3Wo1_7Zla-psVPA=) - Config sync
04.04.2025 05:09:57 [ServerPanelConfigRPC]: SUS-Bravo-Going'Dark (kOLgOs9yYBFVRQG3lqoHveYdP5X8y3SO69cq5MiR4us=) - Config sync
04.04.2025 05:10:05 [ServerPanelConfigRPC]: SUS-Alpha-Goin'Dark (m_TD03B4NXDQrU5koHpLq3WyQf1hXTvQSdETJOTM8ss=) - Config sync
04.04.2025 05:10:15 [ServerPanelStatsRPC]: SUS-Bravo-Going'Dark (kOLgOs9yYBFVRQG3lqoHveYdP5X8y3SO69cq5MiR4us=) - Player Stats sync
04.04.2025 05:10:15 [ServerPanelStatsRPC]: SUS-Bravo-Going'Dark (kOLgOs9yYBFVRQG3lqoHveYdP5X8y3SO69cq5MiR4us=) - Player Minimum Stats sync
04.04.2025 05:10:27 [ServerPanelStatsRPC]: SUS-Bravo-Going'Dark (kOLgOs9yYBFVRQG3lqoHveYdP5X8y3SO69cq5MiR4us=) - Player Stats sync
04.04.2025 05:10:27 [ServerPanelStatsRPC]: SUS-Bravo-Going'Dark (kOLgOs9yYBFVRQG3lqoHveYdP5X8y3SO69cq5MiR4us=) - Player Minimum Stats sync
04.04.2025 05:10:36 [ServerPanelStatsRPC]: SUS-Bravo-Going'Dark (kOLgOs9yYBFVRQG3lqoHveYdP5X8y3SO69cq5MiR4us=) - Player Stats sync
04.04.2025 05:10:36 [ServerPanelStatsRPC]: SUS-Bravo-Going'Dark (kOLgOs9yYBFVRQG3lqoHveYdP5X8y3SO69cq5MiR4us=) - Player Minimum Stats sync
04.04.2025 05:12:57 [ServerPanelConfigRPC]: SUS-Bravo-Goin'Dark (kOLgOs9yYBFVRQG3lqoHveYdP5X8y3SO69cq5MiR4us=) - Config sync
04.04.2025 05:20:43 [ServerPanelStatsRPC]: SUS-Bravo-Goin'Dark (kOLgOs9yYBFVRQG3lqoHveYdP5X8y3SO69cq5MiR4us=) - Player Stats sync
04.04.2025 05:20:43 [ServerPanelStatsRPC]: SUS-Bravo-Goin'Dark (kOLgOs9yYBFVRQG3lqoHveYdP5X8y3SO69cq5MiR4us=) - Player Minimum Stats sync
04.04.2025 05:20:54 [ServerPanelStatsRPC]: SUS-Bravo-Goin'Dark (kOLgOs9yYBFVRQG3lqoHveYdP5X8y3SO69cq5MiR4us=) - Player Stats sync
04.04.2025 05:20:54 [ServerPanelStatsRPC]: SUS-Bravo-Goin'Dark (kOLgOs9yYBFVRQG3lqoHveYdP5X8y3SO69cq5MiR4us=) - Player Minimum Stats sync
04.04.2025 05:33:24 [ServerPanelStatsRPC]: SUS-Bravo-Goin'Dark (kOLgOs9yYBFVRQG3lqoHveYdP5X8y3SO69cq5MiR4us=) - Player Stats sync
04.04.2025 05:33:24 [ServerPanelStatsRPC]: SUS-Bravo-Goin'Dark (kOLgOs9yYBFVRQG3lqoHveYdP5X8y3SO69cq5MiR4us=) - Player Minimum Stats sync
