---------------------------------------------
ServerPanel log started at 26.03.2025 11:01:05

26.03.2025 11:01:05 [ServerPanelLogger]: Will try to create ServerPanel log file in $profile:/ServerPanel/Logs/
26.03.2025 11:01:05 [ServerPanelConfig]: Reading Server Config
26.03.2025 11:01:05 [ServerPanelConfig]: Directory already exists: $profile:/ServerPanel
26.03.2025 11:01:05 [ServerPanelConfig]: Log directory already exists: $profile:/ServerPanel/Logs/
26.03.2025 11:01:05 [ServerPanelConfigRPC]: GetConfigRequest
26.03.2025 11:01:05 [ServerPanelConfigRPC]: SyncPlayerStatsRequest
26.03.2025 11:01:05 [ServerPanelConfigRPC]: SyncSidePanelInfoRequest
26.03.2025 11:01:05 [ServerPanelHelpers]: Initialized ServerPanelBase
26.03.2025 11:01:37 [ServerPanelConfigRPC]: MrWowaWowa (wBwiybhmqSv3IfINgIr99PhPwxKwXc4RCt6SZurIBXQ=) - Config sync
26.03.2025 11:02:40 [ServerPanelConfigRPC]: DUSTY PINKY (s8r0CBUvA4m0dDsoAZ-_G4y6F5w2f9qLRLI59dyQZnI=) - Config sync
26.03.2025 11:41:39 [ServerPanelStatsRPC]: DUSTY PINKY (s8r0CBUvA4m0dDsoAZ-_G4y6F5w2f9qLRLI59dyQZnI=) - Player Stats sync
26.03.2025 11:41:39 [ServerPanelStatsRPC]: DUSTY PINKY (s8r0CBUvA4m0dDsoAZ-_G4y6F5w2f9qLRLI59dyQZnI=) - Player Minimum Stats sync
26.03.2025 11:56:48 [ServerPanelConfigRPC]: DUSTY PINKY (s8r0CBUvA4m0dDsoAZ-_G4y6F5w2f9qLRLI59dyQZnI=) - Config sync
26.03.2025 11:57:27 [ServerPanelStatsRPC]: DUSTY PINKY (s8r0CBUvA4m0dDsoAZ-_G4y6F5w2f9qLRLI59dyQZnI=) - Player Stats sync
26.03.2025 11:57:27 [ServerPanelStatsRPC]: DUSTY PINKY (s8r0CBUvA4m0dDsoAZ-_G4y6F5w2f9qLRLI59dyQZnI=) - Player Minimum Stats sync
26.03.2025 11:59:18 [ServerPanelConfigRPC]: DUSTY PINKY (s8r0CBUvA4m0dDsoAZ-_G4y6F5w2f9qLRLI59dyQZnI=) - Config sync
26.03.2025 11:59:43 [ServerPanelConfigRPC]: F11 Simulator (m_TD03B4NXDQrU5koHpLq3WyQf1hXTvQSdETJOTM8ss=) - Config sync
26.03.2025 12:01:24 [ServerPanelStatsRPC]: DUSTY PINKY (s8r0CBUvA4m0dDsoAZ-_G4y6F5w2f9qLRLI59dyQZnI=) - Player Stats sync
26.03.2025 12:01:24 [ServerPanelStatsRPC]: DUSTY PINKY (s8r0CBUvA4m0dDsoAZ-_G4y6F5w2f9qLRLI59dyQZnI=) - Player Minimum Stats sync
26.03.2025 12:03:21 [ServerPanelConfigRPC]: MrWowaWowa (wBwiybhmqSv3IfINgIr99PhPwxKwXc4RCt6SZurIBXQ=) - Config sync
26.03.2025 12:24:28 [ServerPanelConfigRPC]: DUSTY PINKY (s8r0CBUvA4m0dDsoAZ-_G4y6F5w2f9qLRLI59dyQZnI=) - Config sync
26.03.2025 12:25:02 [ServerPanelStatsRPC]: DUSTY PINKY (s8r0CBUvA4m0dDsoAZ-_G4y6F5w2f9qLRLI59dyQZnI=) - Player Stats sync
26.03.2025 12:25:02 [ServerPanelStatsRPC]: DUSTY PINKY (s8r0CBUvA4m0dDsoAZ-_G4y6F5w2f9qLRLI59dyQZnI=) - Player Minimum Stats sync
26.03.2025 12:33:23 [ServerPanelConfigRPC]: DUSTY PINKY (s8r0CBUvA4m0dDsoAZ-_G4y6F5w2f9qLRLI59dyQZnI=) - Config sync
26.03.2025 12:37:31 [ServerPanelStatsRPC]: DUSTY PINKY (s8r0CBUvA4m0dDsoAZ-_G4y6F5w2f9qLRLI59dyQZnI=) - Player Stats sync
26.03.2025 12:37:31 [ServerPanelStatsRPC]: DUSTY PINKY (s8r0CBUvA4m0dDsoAZ-_G4y6F5w2f9qLRLI59dyQZnI=) - Player Minimum Stats sync
26.03.2025 12:42:03 [ServerPanelStatsRPC]: DUSTY PINKY (s8r0CBUvA4m0dDsoAZ-_G4y6F5w2f9qLRLI59dyQZnI=) - Player Stats sync
26.03.2025 12:42:03 [ServerPanelStatsRPC]: DUSTY PINKY (s8r0CBUvA4m0dDsoAZ-_G4y6F5w2f9qLRLI59dyQZnI=) - Player Minimum Stats sync
26.03.2025 13:15:54 [ServerPanelConfigRPC]: ElBizzy (zazFLAJ4lPF6TvVQMMREjst1jC8o_Id9oh_TjGBwaP8=) - Config sync
26.03.2025 13:16:50 [ServerPanelStatsRPC]: ElBizzy (zazFLAJ4lPF6TvVQMMREjst1jC8o_Id9oh_TjGBwaP8=) - Player Stats sync
26.03.2025 13:16:50 [ServerPanelStatsRPC]: ElBizzy (zazFLAJ4lPF6TvVQMMREjst1jC8o_Id9oh_TjGBwaP8=) - Player Minimum Stats sync
26.03.2025 13:17:59 [ServerPanelStatsRPC]: ElBizzy (zazFLAJ4lPF6TvVQMMREjst1jC8o_Id9oh_TjGBwaP8=) - Player Stats sync
26.03.2025 13:17:59 [ServerPanelStatsRPC]: ElBizzy (zazFLAJ4lPF6TvVQMMREjst1jC8o_Id9oh_TjGBwaP8=) - Player Minimum Stats sync
26.03.2025 13:22:52 [ServerPanelStatsRPC]: ElBizzy (zazFLAJ4lPF6TvVQMMREjst1jC8o_Id9oh_TjGBwaP8=) - Player Stats sync
26.03.2025 13:22:52 [ServerPanelStatsRPC]: ElBizzy (zazFLAJ4lPF6TvVQMMREjst1jC8o_Id9oh_TjGBwaP8=) - Player Minimum Stats sync
26.03.2025 13:36:02 [ServerPanelStatsRPC]: ElBizzy (zazFLAJ4lPF6TvVQMMREjst1jC8o_Id9oh_TjGBwaP8=) - Player Stats sync
26.03.2025 13:36:02 [ServerPanelStatsRPC]: ElBizzy (zazFLAJ4lPF6TvVQMMREjst1jC8o_Id9oh_TjGBwaP8=) - Player Minimum Stats sync
26.03.2025 14:24:51 [ServerPanelConfigRPC]: Vichoorosky (tlRNjo629rSh-ytt0v54ULlTd6oiQUCIkMijHvbRzdE=) - Config sync
26.03.2025 14:55:14 [ServerPanelStatsRPC]: Vichoorosky (tlRNjo629rSh-ytt0v54ULlTd6oiQUCIkMijHvbRzdE=) - Player Stats sync
26.03.2025 14:55:14 [ServerPanelStatsRPC]: Vichoorosky (tlRNjo629rSh-ytt0v54ULlTd6oiQUCIkMijHvbRzdE=) - Player Minimum Stats sync
