---------------------------------------------
ServerPanel log started at 19.03.2025 22:01:04

19.03.2025 22:01:04 [ServerPanelLogger]: Will try to create ServerPanel log file in $profile:/ServerPanel/Logs/
19.03.2025 22:01:04 [ServerPanelConfig]: Reading Server Config
19.03.2025 22:01:04 [ServerPanelConfig]: Directory already exists: $profile:/ServerPanel
19.03.2025 22:01:04 [ServerPanelConfig]: Log directory already exists: $profile:/ServerPanel/Logs/
19.03.2025 22:01:04 [ServerPanelConfigRPC]: GetConfigRequest
19.03.2025 22:01:04 [ServerPanelConfigRPC]: SyncPlayerStatsRequest
19.03.2025 22:01:04 [ServerPanelConfigRPC]: SyncSidePanelInfoRequest
19.03.2025 22:01:04 [ServerPanelHelpers]: Initialized ServerPanelBase
19.03.2025 22:01:35 [ServerPanelConfigRPC]: London (kOLgOs9yYBFVRQG3lqoHveYdP5X8y3SO69cq5MiR4us=) - Config sync
19.03.2025 22:02:00 [ServerPanelConfigRPC]: F11 Simulator (m_TD03B4NXDQrU5koHpLq3WyQf1hXTvQSdETJOTM8ss=) - Config sync
19.03.2025 22:02:11 [ServerPanelConfigRPC]: Donnie Deeks (GBfj3hSt2OSYAyU5ct3jrz7-L9j9UxpFHlBzXjWvrxE=) - Config sync
19.03.2025 22:04:05 [ServerPanelConfigRPC]: under age  (SXvNvqOVFnh_lIF6vEaS5ZzvNCS_FYgk_nn1R7SkEI4=) - Config sync
19.03.2025 22:06:43 [ServerPanelStatsRPC]: London (kOLgOs9yYBFVRQG3lqoHveYdP5X8y3SO69cq5MiR4us=) - Player Stats sync
19.03.2025 22:06:43 [ServerPanelStatsRPC]: London (kOLgOs9yYBFVRQG3lqoHveYdP5X8y3SO69cq5MiR4us=) - Player Minimum Stats sync
19.03.2025 22:23:33 [ServerPanelConfigRPC]: Donnie Deeks (GBfj3hSt2OSYAyU5ct3jrz7-L9j9UxpFHlBzXjWvrxE=) - Config sync
19.03.2025 22:28:24 [ServerPanelStatsRPC]: London (kOLgOs9yYBFVRQG3lqoHveYdP5X8y3SO69cq5MiR4us=) - Player Stats sync
19.03.2025 22:28:24 [ServerPanelStatsRPC]: London (kOLgOs9yYBFVRQG3lqoHveYdP5X8y3SO69cq5MiR4us=) - Player Minimum Stats sync
19.03.2025 22:28:28 [ServerPanelConfigRPC]: 6Frogs (UdEv8c79adl-Uoa6gPPF24eHId3zVLdtFmp-bgiiOgk=) - Config sync
19.03.2025 22:28:31 [ServerPanelStatsRPC]: London (kOLgOs9yYBFVRQG3lqoHveYdP5X8y3SO69cq5MiR4us=) - Player Stats sync
19.03.2025 22:28:31 [ServerPanelStatsRPC]: London (kOLgOs9yYBFVRQG3lqoHveYdP5X8y3SO69cq5MiR4us=) - Player Minimum Stats sync
19.03.2025 22:56:04 [ServerPanelStatsRPC]: London (kOLgOs9yYBFVRQG3lqoHveYdP5X8y3SO69cq5MiR4us=) - Player Stats sync
19.03.2025 22:56:04 [ServerPanelStatsRPC]: London (kOLgOs9yYBFVRQG3lqoHveYdP5X8y3SO69cq5MiR4us=) - Player Minimum Stats sync
19.03.2025 22:56:05 [ServerPanelStatsRPC]: London (kOLgOs9yYBFVRQG3lqoHveYdP5X8y3SO69cq5MiR4us=) - Player Stats sync
19.03.2025 22:56:05 [ServerPanelStatsRPC]: London (kOLgOs9yYBFVRQG3lqoHveYdP5X8y3SO69cq5MiR4us=) - Player Minimum Stats sync
19.03.2025 22:56:06 [ServerPanelStatsRPC]: London (kOLgOs9yYBFVRQG3lqoHveYdP5X8y3SO69cq5MiR4us=) - Player Stats sync
19.03.2025 22:56:06 [ServerPanelStatsRPC]: London (kOLgOs9yYBFVRQG3lqoHveYdP5X8y3SO69cq5MiR4us=) - Player Minimum Stats sync
19.03.2025 22:56:07 [ServerPanelStatsRPC]: London (kOLgOs9yYBFVRQG3lqoHveYdP5X8y3SO69cq5MiR4us=) - Player Stats sync
19.03.2025 22:56:07 [ServerPanelStatsRPC]: London (kOLgOs9yYBFVRQG3lqoHveYdP5X8y3SO69cq5MiR4us=) - Player Minimum Stats sync
19.03.2025 22:56:10 [ServerPanelStatsRPC]: London (kOLgOs9yYBFVRQG3lqoHveYdP5X8y3SO69cq5MiR4us=) - Player Stats sync
19.03.2025 22:56:10 [ServerPanelStatsRPC]: London (kOLgOs9yYBFVRQG3lqoHveYdP5X8y3SO69cq5MiR4us=) - Player Minimum Stats sync
19.03.2025 22:56:12 [ServerPanelStatsRPC]: London (kOLgOs9yYBFVRQG3lqoHveYdP5X8y3SO69cq5MiR4us=) - Player Stats sync
19.03.2025 22:56:12 [ServerPanelStatsRPC]: London (kOLgOs9yYBFVRQG3lqoHveYdP5X8y3SO69cq5MiR4us=) - Player Minimum Stats sync
19.03.2025 22:56:52 [ServerPanelStatsRPC]: London (kOLgOs9yYBFVRQG3lqoHveYdP5X8y3SO69cq5MiR4us=) - Player Stats sync
19.03.2025 22:56:52 [ServerPanelStatsRPC]: London (kOLgOs9yYBFVRQG3lqoHveYdP5X8y3SO69cq5MiR4us=) - Player Minimum Stats sync
19.03.2025 22:58:10 [ServerPanelConfigRPC]: F11 Simulator (m_TD03B4NXDQrU5koHpLq3WyQf1hXTvQSdETJOTM8ss=) - Config sync
19.03.2025 22:58:18 [ServerPanelStatsRPC]: London (kOLgOs9yYBFVRQG3lqoHveYdP5X8y3SO69cq5MiR4us=) - Player Stats sync
19.03.2025 22:58:18 [ServerPanelStatsRPC]: London (kOLgOs9yYBFVRQG3lqoHveYdP5X8y3SO69cq5MiR4us=) - Player Minimum Stats sync
19.03.2025 22:58:21 [ServerPanelStatsRPC]: London (kOLgOs9yYBFVRQG3lqoHveYdP5X8y3SO69cq5MiR4us=) - Player Stats sync
19.03.2025 22:58:21 [ServerPanelStatsRPC]: London (kOLgOs9yYBFVRQG3lqoHveYdP5X8y3SO69cq5MiR4us=) - Player Minimum Stats sync
19.03.2025 22:58:23 [ServerPanelStatsRPC]: London (kOLgOs9yYBFVRQG3lqoHveYdP5X8y3SO69cq5MiR4us=) - Player Stats sync
19.03.2025 22:58:23 [ServerPanelStatsRPC]: London (kOLgOs9yYBFVRQG3lqoHveYdP5X8y3SO69cq5MiR4us=) - Player Minimum Stats sync
19.03.2025 23:06:13 [ServerPanelStatsRPC]: London (kOLgOs9yYBFVRQG3lqoHveYdP5X8y3SO69cq5MiR4us=) - Player Stats sync
19.03.2025 23:06:13 [ServerPanelStatsRPC]: London (kOLgOs9yYBFVRQG3lqoHveYdP5X8y3SO69cq5MiR4us=) - Player Minimum Stats sync
19.03.2025 23:33:59 [ServerPanelStatsRPC]: London (kOLgOs9yYBFVRQG3lqoHveYdP5X8y3SO69cq5MiR4us=) - Player Stats sync
19.03.2025 23:33:59 [ServerPanelStatsRPC]: London (kOLgOs9yYBFVRQG3lqoHveYdP5X8y3SO69cq5MiR4us=) - Player Minimum Stats sync
19.03.2025 23:43:54 [ServerPanelConfigRPC]: TheOfflineDJ (F_tuOllN61FCGCpI6fj2dEn0cjr8tgM6r0aEhgzBxJI=) - Config sync
19.03.2025 23:44:38 [ServerPanelConfigRPC]: OggeBus (wkk1mrza3iZgU5_c7L5ghneFErlsOpS83YXPnYzAoNU=) - Config sync
19.03.2025 23:46:55 [ServerPanelConfigRPC]: under age  (SXvNvqOVFnh_lIF6vEaS5ZzvNCS_FYgk_nn1R7SkEI4=) - Config sync
20.03.2025 00:07:04 [ServerPanelStatsRPC]: TheOfflineDJ (F_tuOllN61FCGCpI6fj2dEn0cjr8tgM6r0aEhgzBxJI=) - Player Stats sync
20.03.2025 00:07:04 [ServerPanelStatsRPC]: TheOfflineDJ (F_tuOllN61FCGCpI6fj2dEn0cjr8tgM6r0aEhgzBxJI=) - Player Minimum Stats sync
20.03.2025 02:43:50 [ServerPanelConfigRPC]: butlao13 (zITiOFF2CVidG6S3dDaMOqvo_Ww5lFsICdPsQgLm8GI=) - Config sync
20.03.2025 02:47:20 [ServerPanelConfigRPC]: bootylao (JKIP8-DXtaQDzkJ5CU8EzHOQe9QtAEya76BaTIcC2is=) - Config sync
