---------------------------------------------
ServerPanel log started at 21.03.2025 22:01:07

21.03.2025 22:01:07 [ServerPanelLogger]: Will try to create ServerPanel log file in $profile:/ServerPanel/Logs/
21.03.2025 22:01:07 [ServerPanelConfig]: Reading Server Config
21.03.2025 22:01:07 [ServerPanelConfig]: Directory already exists: $profile:/ServerPanel
21.03.2025 22:01:07 [ServerPanelConfig]: Log directory already exists: $profile:/ServerPanel/Logs/
21.03.2025 22:01:07 [ServerPanelConfigRPC]: GetConfigRequest
21.03.2025 22:01:07 [ServerPanelConfigRPC]: SyncPlayerStatsRequest
21.03.2025 22:01:07 [ServerPanelConfigRPC]: SyncSidePanelInfoRequest
21.03.2025 22:01:07 [ServerPanelHelpers]: Initialized ServerPanelBase
21.03.2025 22:01:40 [ServerPanelConfigRPC]: Stivi the Kid (W44v5r64t_fNpgzRQNLTal2wQQBqWJ8o-Qcc6Jd5hw8=) - Config sync
21.03.2025 22:01:40 [ServerPanelConfigRPC]: F11 Simulator (m_TD03B4NXDQrU5koHpLq3WyQf1hXTvQSdETJOTM8ss=) - Config sync
21.03.2025 22:01:44 [ServerPanelConfigRPC]: Mard (OAEsqfVu9Ya3qx3X2Q_PgbpxSoSDXOIUHhH8VWVuumk=) - Config sync
21.03.2025 22:01:45 [ServerPanelConfigRPC]: Eric (DT1QFut1v8UN48skN3UnroicVIl_5hTizZZZSwLRxk8=) - Config sync
21.03.2025 22:01:53 [ServerPanelConfigRPC]: MaHXmi3 | Slayer (_AqICEBF10fARr_5J1u6RE7mqS8sFkumFiqXBfcXjhU=) - Config sync
21.03.2025 22:02:07 [ServerPanelConfigRPC]: OverKill (P_LVluee20-ZP_xemam3V_6hnFSPQ6Uqa7dsMv8yuYY=) - Config sync
21.03.2025 22:02:17 [ServerPanelConfigRPC]: Lelbimgl (xLObKQasFFJ418xvU8pO2svW9iAzLWCVfgmYJ2iBox4=) - Config sync
21.03.2025 22:02:18 [ServerPanelConfigRPC]: Rayco (gbGdwJFlaqpynCq0uw367ohtxaicnRJka_kbfCowwco=) - Config sync
21.03.2025 22:04:12 [ServerPanelConfigRPC]: ElBizzy (zazFLAJ4lPF6TvVQMMREjst1jC8o_Id9oh_TjGBwaP8=) - Config sync
21.03.2025 22:12:20 [ServerPanelStatsRPC]: ElBizzy (zazFLAJ4lPF6TvVQMMREjst1jC8o_Id9oh_TjGBwaP8=) - Player Stats sync
21.03.2025 22:12:20 [ServerPanelStatsRPC]: ElBizzy (zazFLAJ4lPF6TvVQMMREjst1jC8o_Id9oh_TjGBwaP8=) - Player Minimum Stats sync
21.03.2025 22:13:16 [ServerPanelConfigRPC]: MrWowaWowa (wBwiybhmqSv3IfINgIr99PhPwxKwXc4RCt6SZurIBXQ=) - Config sync
21.03.2025 22:36:31 [ServerPanelStatsRPC]: MrWowaWowa (wBwiybhmqSv3IfINgIr99PhPwxKwXc4RCt6SZurIBXQ=) - Player Stats sync
21.03.2025 22:36:31 [ServerPanelStatsRPC]: MrWowaWowa (wBwiybhmqSv3IfINgIr99PhPwxKwXc4RCt6SZurIBXQ=) - Player Minimum Stats sync
21.03.2025 22:53:02 [ServerPanelConfigRPC]: FREDLOX (FsSJ7q6m0ovGEGJfofYnDPNQmTP4n7EsHoPdnJgRldg=) - Config sync
21.03.2025 22:55:23 [ServerPanelConfigRPC]: Stivi the Kid (W44v5r64t_fNpgzRQNLTal2wQQBqWJ8o-Qcc6Jd5hw8=) - Config sync
21.03.2025 23:26:02 [ServerPanelStatsRPC]: ElBizzy (zazFLAJ4lPF6TvVQMMREjst1jC8o_Id9oh_TjGBwaP8=) - Player Stats sync
21.03.2025 23:26:02 [ServerPanelStatsRPC]: ElBizzy (zazFLAJ4lPF6TvVQMMREjst1jC8o_Id9oh_TjGBwaP8=) - Player Minimum Stats sync
21.03.2025 23:26:52 [ServerPanelStatsRPC]: ElBizzy (zazFLAJ4lPF6TvVQMMREjst1jC8o_Id9oh_TjGBwaP8=) - Player Stats sync
21.03.2025 23:26:52 [ServerPanelStatsRPC]: ElBizzy (zazFLAJ4lPF6TvVQMMREjst1jC8o_Id9oh_TjGBwaP8=) - Player Minimum Stats sync
21.03.2025 23:32:24 [ServerPanelStatsRPC]: ElBizzy (zazFLAJ4lPF6TvVQMMREjst1jC8o_Id9oh_TjGBwaP8=) - Player Stats sync
21.03.2025 23:32:24 [ServerPanelStatsRPC]: ElBizzy (zazFLAJ4lPF6TvVQMMREjst1jC8o_Id9oh_TjGBwaP8=) - Player Minimum Stats sync
21.03.2025 23:34:30 [ServerPanelStatsRPC]: ElBizzy (zazFLAJ4lPF6TvVQMMREjst1jC8o_Id9oh_TjGBwaP8=) - Player Stats sync
21.03.2025 23:34:30 [ServerPanelStatsRPC]: ElBizzy (zazFLAJ4lPF6TvVQMMREjst1jC8o_Id9oh_TjGBwaP8=) - Player Minimum Stats sync
21.03.2025 23:38:02 [ServerPanelStatsRPC]: ElBizzy (zazFLAJ4lPF6TvVQMMREjst1jC8o_Id9oh_TjGBwaP8=) - Player Stats sync
21.03.2025 23:38:02 [ServerPanelStatsRPC]: ElBizzy (zazFLAJ4lPF6TvVQMMREjst1jC8o_Id9oh_TjGBwaP8=) - Player Minimum Stats sync
21.03.2025 23:40:32 [ServerPanelStatsRPC]: ElBizzy (zazFLAJ4lPF6TvVQMMREjst1jC8o_Id9oh_TjGBwaP8=) - Player Stats sync
21.03.2025 23:40:32 [ServerPanelStatsRPC]: ElBizzy (zazFLAJ4lPF6TvVQMMREjst1jC8o_Id9oh_TjGBwaP8=) - Player Minimum Stats sync
21.03.2025 23:41:36 [ServerPanelStatsRPC]: ElBizzy (zazFLAJ4lPF6TvVQMMREjst1jC8o_Id9oh_TjGBwaP8=) - Player Stats sync
21.03.2025 23:41:36 [ServerPanelStatsRPC]: ElBizzy (zazFLAJ4lPF6TvVQMMREjst1jC8o_Id9oh_TjGBwaP8=) - Player Minimum Stats sync
21.03.2025 23:57:21 [ServerPanelStatsRPC]: ElBizzy (zazFLAJ4lPF6TvVQMMREjst1jC8o_Id9oh_TjGBwaP8=) - Player Stats sync
21.03.2025 23:57:21 [ServerPanelStatsRPC]: ElBizzy (zazFLAJ4lPF6TvVQMMREjst1jC8o_Id9oh_TjGBwaP8=) - Player Minimum Stats sync
22.03.2025 00:14:08 [ServerPanelStatsRPC]: ElBizzy (zazFLAJ4lPF6TvVQMMREjst1jC8o_Id9oh_TjGBwaP8=) - Player Stats sync
22.03.2025 00:14:08 [ServerPanelStatsRPC]: ElBizzy (zazFLAJ4lPF6TvVQMMREjst1jC8o_Id9oh_TjGBwaP8=) - Player Minimum Stats sync
22.03.2025 00:48:22 [ServerPanelStatsRPC]: Mard (OAEsqfVu9Ya3qx3X2Q_PgbpxSoSDXOIUHhH8VWVuumk=) - Player Stats sync
22.03.2025 00:48:22 [ServerPanelStatsRPC]: Mard (OAEsqfVu9Ya3qx3X2Q_PgbpxSoSDXOIUHhH8VWVuumk=) - Player Minimum Stats sync
22.03.2025 00:57:22 [ServerPanelStatsRPC]: Mard (OAEsqfVu9Ya3qx3X2Q_PgbpxSoSDXOIUHhH8VWVuumk=) - Player Stats sync
22.03.2025 00:57:22 [ServerPanelStatsRPC]: Mard (OAEsqfVu9Ya3qx3X2Q_PgbpxSoSDXOIUHhH8VWVuumk=) - Player Minimum Stats sync
22.03.2025 01:38:04 [ServerPanelStatsRPC]: Mard (OAEsqfVu9Ya3qx3X2Q_PgbpxSoSDXOIUHhH8VWVuumk=) - Player Stats sync
22.03.2025 01:38:04 [ServerPanelStatsRPC]: Mard (OAEsqfVu9Ya3qx3X2Q_PgbpxSoSDXOIUHhH8VWVuumk=) - Player Minimum Stats sync
22.03.2025 02:46:06 [ServerPanelConfigRPC]: Brewce (XL1GT1pp_f-jQGOrP6YuCPttwyD--b5ziLbGiXICjFs=) - Config sync
