---------------------------------------------
ServerPanel log started at 22.03.2025 11:01:07

22.03.2025 11:01:07 [ServerPanelLogger]: Will try to create ServerPanel log file in $profile:/ServerPanel/Logs/
22.03.2025 11:01:07 [ServerPanelConfig]: Reading Server Config
22.03.2025 11:01:07 [ServerPanelConfig]: Directory already exists: $profile:/ServerPanel
22.03.2025 11:01:07 [ServerPanelConfig]: Log directory already exists: $profile:/ServerPanel/Logs/
22.03.2025 11:01:07 [ServerPanelConfigRPC]: GetConfigRequest
22.03.2025 11:01:07 [ServerPanelConfigRPC]: SyncPlayerStatsRequest
22.03.2025 11:01:07 [ServerPanelConfigRPC]: SyncSidePanelInfoRequest
22.03.2025 11:01:07 [ServerPanelHelpers]: Initialized ServerPanelBase
22.03.2025 11:01:55 [ServerPanelConfigRPC]: Ov3rKi11 (P_LVluee20-ZP_xemam3V_6hnFSPQ6Uqa7dsMv8yuYY=) - Config sync
22.03.2025 11:02:41 [ServerPanelConfigRPC]: Stephanie (OShFqHovj5cC7Mjc5nmU2hT0J6y8CT78KFmoQoNUQoc=) - Config sync
22.03.2025 11:06:25 [ServerPanelConfigRPC]: DUSTY PINKY (s8r0CBUvA4m0dDsoAZ-_G4y6F5w2f9qLRLI59dyQZnI=) - Config sync
22.03.2025 11:14:38 [ServerPanelConfigRPC]: Mard (OAEsqfVu9Ya3qx3X2Q_PgbpxSoSDXOIUHhH8VWVuumk=) - Config sync
22.03.2025 11:14:46 [ServerPanelStatsRPC]: Mard (OAEsqfVu9Ya3qx3X2Q_PgbpxSoSDXOIUHhH8VWVuumk=) - Player Stats sync
22.03.2025 11:14:46 [ServerPanelStatsRPC]: Mard (OAEsqfVu9Ya3qx3X2Q_PgbpxSoSDXOIUHhH8VWVuumk=) - Player Minimum Stats sync
22.03.2025 11:17:36 [ServerPanelConfigRPC]: Stivi the Kid (W44v5r64t_fNpgzRQNLTal2wQQBqWJ8o-Qcc6Jd5hw8=) - Config sync
22.03.2025 11:22:10 [ServerPanelStatsRPC]: Mard (OAEsqfVu9Ya3qx3X2Q_PgbpxSoSDXOIUHhH8VWVuumk=) - Player Stats sync
22.03.2025 11:22:10 [ServerPanelStatsRPC]: Mard (OAEsqfVu9Ya3qx3X2Q_PgbpxSoSDXOIUHhH8VWVuumk=) - Player Minimum Stats sync
22.03.2025 11:25:06 [ServerPanelStatsRPC]: Ov3rKi11 (P_LVluee20-ZP_xemam3V_6hnFSPQ6Uqa7dsMv8yuYY=) - Player Stats sync
22.03.2025 11:25:06 [ServerPanelStatsRPC]: Ov3rKi11 (P_LVluee20-ZP_xemam3V_6hnFSPQ6Uqa7dsMv8yuYY=) - Player Minimum Stats sync
22.03.2025 11:32:58 [ServerPanelStatsRPC]: Ov3rKi11 (P_LVluee20-ZP_xemam3V_6hnFSPQ6Uqa7dsMv8yuYY=) - Player Stats sync
22.03.2025 11:32:58 [ServerPanelStatsRPC]: Ov3rKi11 (P_LVluee20-ZP_xemam3V_6hnFSPQ6Uqa7dsMv8yuYY=) - Player Minimum Stats sync
22.03.2025 11:37:03 [ServerPanelConfigRPC]: DUSTY PINKY (s8r0CBUvA4m0dDsoAZ-_G4y6F5w2f9qLRLI59dyQZnI=) - Config sync
22.03.2025 11:40:48 [ServerPanelStatsRPC]: Mard (OAEsqfVu9Ya3qx3X2Q_PgbpxSoSDXOIUHhH8VWVuumk=) - Player Stats sync
22.03.2025 11:40:48 [ServerPanelStatsRPC]: Mard (OAEsqfVu9Ya3qx3X2Q_PgbpxSoSDXOIUHhH8VWVuumk=) - Player Minimum Stats sync
22.03.2025 11:48:11 [ServerPanelConfigRPC]: DUSTY PINKY (s8r0CBUvA4m0dDsoAZ-_G4y6F5w2f9qLRLI59dyQZnI=) - Config sync
22.03.2025 11:53:04 [ServerPanelStatsRPC]: DUSTY PINKY (s8r0CBUvA4m0dDsoAZ-_G4y6F5w2f9qLRLI59dyQZnI=) - Player Stats sync
22.03.2025 11:53:04 [ServerPanelStatsRPC]: DUSTY PINKY (s8r0CBUvA4m0dDsoAZ-_G4y6F5w2f9qLRLI59dyQZnI=) - Player Minimum Stats sync
22.03.2025 11:56:27 [ServerPanelStatsRPC]: Mard (OAEsqfVu9Ya3qx3X2Q_PgbpxSoSDXOIUHhH8VWVuumk=) - Player Stats sync
22.03.2025 11:56:27 [ServerPanelStatsRPC]: Mard (OAEsqfVu9Ya3qx3X2Q_PgbpxSoSDXOIUHhH8VWVuumk=) - Player Minimum Stats sync
22.03.2025 12:01:39 [ServerPanelConfigRPC]: Rage (m_TD03B4NXDQrU5koHpLq3WyQf1hXTvQSdETJOTM8ss=) - Config sync
22.03.2025 12:08:26 [ServerPanelConfigRPC]: Rage (m_TD03B4NXDQrU5koHpLq3WyQf1hXTvQSdETJOTM8ss=) - Config sync
22.03.2025 12:10:09 [ServerPanelConfigRPC]: Rage (m_TD03B4NXDQrU5koHpLq3WyQf1hXTvQSdETJOTM8ss=) - Config sync
22.03.2025 12:11:39 [ServerPanelStatsRPC]: Mard (OAEsqfVu9Ya3qx3X2Q_PgbpxSoSDXOIUHhH8VWVuumk=) - Player Stats sync
22.03.2025 12:11:39 [ServerPanelStatsRPC]: Mard (OAEsqfVu9Ya3qx3X2Q_PgbpxSoSDXOIUHhH8VWVuumk=) - Player Minimum Stats sync
22.03.2025 12:17:35 [ServerPanelStatsRPC]: Ov3rKi11 (P_LVluee20-ZP_xemam3V_6hnFSPQ6Uqa7dsMv8yuYY=) - Player Stats sync
22.03.2025 12:17:35 [ServerPanelStatsRPC]: Ov3rKi11 (P_LVluee20-ZP_xemam3V_6hnFSPQ6Uqa7dsMv8yuYY=) - Player Minimum Stats sync
22.03.2025 12:47:24 [ServerPanelStatsRPC]: Mard (OAEsqfVu9Ya3qx3X2Q_PgbpxSoSDXOIUHhH8VWVuumk=) - Player Stats sync
22.03.2025 12:47:24 [ServerPanelStatsRPC]: Mard (OAEsqfVu9Ya3qx3X2Q_PgbpxSoSDXOIUHhH8VWVuumk=) - Player Minimum Stats sync
22.03.2025 12:47:56 [ServerPanelStatsRPC]: Mard (OAEsqfVu9Ya3qx3X2Q_PgbpxSoSDXOIUHhH8VWVuumk=) - Player Stats sync
22.03.2025 12:47:56 [ServerPanelStatsRPC]: Mard (OAEsqfVu9Ya3qx3X2Q_PgbpxSoSDXOIUHhH8VWVuumk=) - Player Minimum Stats sync
22.03.2025 13:18:57 [ServerPanelConfigRPC]: Druss (mvB_p65s26M1iDgS3KgKpm-UzbAyYM5rER5IINF2xI0=) - Config sync
22.03.2025 13:21:20 [ServerPanelStatsRPC]: Mard (OAEsqfVu9Ya3qx3X2Q_PgbpxSoSDXOIUHhH8VWVuumk=) - Player Stats sync
22.03.2025 13:21:20 [ServerPanelStatsRPC]: Mard (OAEsqfVu9Ya3qx3X2Q_PgbpxSoSDXOIUHhH8VWVuumk=) - Player Minimum Stats sync
22.03.2025 13:32:11 [ServerPanelStatsRPC]: Mard (OAEsqfVu9Ya3qx3X2Q_PgbpxSoSDXOIUHhH8VWVuumk=) - Player Stats sync
22.03.2025 13:32:11 [ServerPanelStatsRPC]: Mard (OAEsqfVu9Ya3qx3X2Q_PgbpxSoSDXOIUHhH8VWVuumk=) - Player Minimum Stats sync
22.03.2025 13:33:32 [ServerPanelStatsRPC]: Mard (OAEsqfVu9Ya3qx3X2Q_PgbpxSoSDXOIUHhH8VWVuumk=) - Player Stats sync
22.03.2025 13:33:32 [ServerPanelStatsRPC]: Mard (OAEsqfVu9Ya3qx3X2Q_PgbpxSoSDXOIUHhH8VWVuumk=) - Player Minimum Stats sync
22.03.2025 13:54:22 [ServerPanelStatsRPC]: Mard (OAEsqfVu9Ya3qx3X2Q_PgbpxSoSDXOIUHhH8VWVuumk=) - Player Stats sync
22.03.2025 13:54:22 [ServerPanelStatsRPC]: Mard (OAEsqfVu9Ya3qx3X2Q_PgbpxSoSDXOIUHhH8VWVuumk=) - Player Minimum Stats sync
22.03.2025 14:03:09 [ServerPanelConfigRPC]: Brewce (XL1GT1pp_f-jQGOrP6YuCPttwyD--b5ziLbGiXICjFs=) - Config sync
22.03.2025 14:03:21 [ServerPanelStatsRPC]: Brewce (XL1GT1pp_f-jQGOrP6YuCPttwyD--b5ziLbGiXICjFs=) - Player Stats sync
22.03.2025 14:03:21 [ServerPanelStatsRPC]: Brewce (XL1GT1pp_f-jQGOrP6YuCPttwyD--b5ziLbGiXICjFs=) - Player Minimum Stats sync
22.03.2025 14:03:22 [ServerPanelStatsRPC]: Mard (OAEsqfVu9Ya3qx3X2Q_PgbpxSoSDXOIUHhH8VWVuumk=) - Player Stats sync
22.03.2025 14:03:22 [ServerPanelStatsRPC]: Mard (OAEsqfVu9Ya3qx3X2Q_PgbpxSoSDXOIUHhH8VWVuumk=) - Player Minimum Stats sync
22.03.2025 14:18:53 [ServerPanelStatsRPC]: Mard (OAEsqfVu9Ya3qx3X2Q_PgbpxSoSDXOIUHhH8VWVuumk=) - Player Stats sync
22.03.2025 14:18:53 [ServerPanelStatsRPC]: Mard (OAEsqfVu9Ya3qx3X2Q_PgbpxSoSDXOIUHhH8VWVuumk=) - Player Minimum Stats sync
