---------------------------------------------
ServerPanel log started at 31.03.2025 03:09:53

31.03.2025 03:09:53 [ServerPanelLogger]: Will try to create ServerPanel log file in $profile:/ServerPanel/Logs/
31.03.2025 03:09:53 [ServerPanelConfig]: Reading Server Config
31.03.2025 03:09:53 [ServerPanelConfig]: Directory already exists: $profile:/ServerPanel
31.03.2025 03:09:53 [ServerPanelConfig]: Log directory already exists: $profile:/ServerPanel/Logs/
31.03.2025 03:09:53 [ServerPanelConfigRPC]: GetConfigRequest
31.03.2025 03:09:53 [ServerPanelConfigRPC]: SyncPlayerStatsRequest
31.03.2025 03:09:53 [ServerPanelConfigRPC]: SyncSidePanelInfoRequest
31.03.2025 03:09:53 [ServerPanelHelpers]: Initialized ServerPanelBase
31.03.2025 03:11:33 [ServerPanelConfigRPC]: kowalski (fXcf1bSgAVMkcqN0Vs-7BBLpdbzmtt5itpI71DF07kM=) - Config sync
31.03.2025 03:15:00 [ServerPanelConfigRPC]: Happiness (kOLgOs9yYBFVRQG3lqoHveYdP5X8y3SO69cq5MiR4us=) - Config sync
31.03.2025 03:16:25 [ServerPanelStatsRPC]: Happiness (kOLgOs9yYBFVRQG3lqoHveYdP5X8y3SO69cq5MiR4us=) - Player Stats sync
31.03.2025 03:16:25 [ServerPanelStatsRPC]: Happiness (kOLgOs9yYBFVRQG3lqoHveYdP5X8y3SO69cq5MiR4us=) - Player Minimum Stats sync
31.03.2025 03:18:38 [ServerPanelConfigRPC]: Left Middle Finger (kOLgOs9yYBFVRQG3lqoHveYdP5X8y3SO69cq5MiR4us=) - Config sync
31.03.2025 03:19:09 [ServerPanelConfigRPC]: Right Middle Finger (m_TD03B4NXDQrU5koHpLq3WyQf1hXTvQSdETJOTM8ss=) - Config sync
31.03.2025 03:32:28 [ServerPanelStatsRPC]: Left Middle Finger (kOLgOs9yYBFVRQG3lqoHveYdP5X8y3SO69cq5MiR4us=) - Player Stats sync
31.03.2025 03:32:28 [ServerPanelStatsRPC]: Left Middle Finger (kOLgOs9yYBFVRQG3lqoHveYdP5X8y3SO69cq5MiR4us=) - Player Minimum Stats sync
31.03.2025 03:41:07 [ServerPanelStatsRPC]: Left Middle Finger (kOLgOs9yYBFVRQG3lqoHveYdP5X8y3SO69cq5MiR4us=) - Player Stats sync
31.03.2025 03:41:07 [ServerPanelStatsRPC]: Left Middle Finger (kOLgOs9yYBFVRQG3lqoHveYdP5X8y3SO69cq5MiR4us=) - Player Minimum Stats sync
31.03.2025 03:43:24 [ServerPanelStatsRPC]: Left Middle Finger (kOLgOs9yYBFVRQG3lqoHveYdP5X8y3SO69cq5MiR4us=) - Player Stats sync
31.03.2025 03:43:24 [ServerPanelStatsRPC]: Left Middle Finger (kOLgOs9yYBFVRQG3lqoHveYdP5X8y3SO69cq5MiR4us=) - Player Minimum Stats sync
31.03.2025 04:00:43 [ServerPanelConfigRPC]: kowalski (fXcf1bSgAVMkcqN0Vs-7BBLpdbzmtt5itpI71DF07kM=) - Config sync
31.03.2025 04:06:41 [ServerPanelStatsRPC]: Left Middle Finger (kOLgOs9yYBFVRQG3lqoHveYdP5X8y3SO69cq5MiR4us=) - Player Stats sync
31.03.2025 04:06:41 [ServerPanelStatsRPC]: Left Middle Finger (kOLgOs9yYBFVRQG3lqoHveYdP5X8y3SO69cq5MiR4us=) - Player Minimum Stats sync
31.03.2025 04:06:44 [ServerPanelStatsRPC]: Left Middle Finger (kOLgOs9yYBFVRQG3lqoHveYdP5X8y3SO69cq5MiR4us=) - Player Stats sync
31.03.2025 04:06:44 [ServerPanelStatsRPC]: Left Middle Finger (kOLgOs9yYBFVRQG3lqoHveYdP5X8y3SO69cq5MiR4us=) - Player Minimum Stats sync
31.03.2025 04:39:49 [ServerPanelStatsRPC]: Left Middle Finger (kOLgOs9yYBFVRQG3lqoHveYdP5X8y3SO69cq5MiR4us=) - Player Stats sync
31.03.2025 04:39:49 [ServerPanelStatsRPC]: Left Middle Finger (kOLgOs9yYBFVRQG3lqoHveYdP5X8y3SO69cq5MiR4us=) - Player Minimum Stats sync
31.03.2025 04:51:48 [ServerPanelConfigRPC]: Left Middle Finger (kOLgOs9yYBFVRQG3lqoHveYdP5X8y3SO69cq5MiR4us=) - Config sync
31.03.2025 05:02:43 [ServerPanelStatsRPC]: Left Middle Finger (kOLgOs9yYBFVRQG3lqoHveYdP5X8y3SO69cq5MiR4us=) - Player Stats sync
31.03.2025 05:02:43 [ServerPanelStatsRPC]: Left Middle Finger (kOLgOs9yYBFVRQG3lqoHveYdP5X8y3SO69cq5MiR4us=) - Player Minimum Stats sync
