---------------------------------------------
ServerPanel log started at 18.03.2025 07:01:04

18.03.2025 07:01:04 [ServerPanelLogger]: Will try to create ServerPanel log file in $profile:/ServerPanel/Logs/
18.03.2025 07:01:04 [ServerPanelConfig]: Reading Server Config
18.03.2025 07:01:04 [ServerPanelConfig]: Directory already exists: $profile:/ServerPanel
18.03.2025 07:01:04 [ServerPanelConfig]: Log directory already exists: $profile:/ServerPanel/Logs/
18.03.2025 07:01:04 [ServerPanelConfigRPC]: GetConfigRequest
18.03.2025 07:01:04 [ServerPanelConfigRPC]: SyncPlayerStatsRequest
18.03.2025 07:01:04 [ServerPanelConfigRPC]: SyncSidePanelInfoRequest
18.03.2025 07:01:04 [ServerPanelHelpers]: Initialized ServerPanelBase
18.03.2025 07:01:33 [ServerPanelConfigRPC]: London (kOLgOs9yYBFVRQG3lqoHveYdP5X8y3SO69cq5MiR4us=) - Config sync
18.03.2025 07:04:38 [ServerPanelConfigRPC]: Druss (mvB_p65s26M1iDgS3KgKpm-UzbAyYM5rER5IINF2xI0=) - Config sync
18.03.2025 07:08:23 [ServerPanelStatsRPC]: Druss (mvB_p65s26M1iDgS3KgKpm-UzbAyYM5rER5IINF2xI0=) - Player Stats sync
18.03.2025 07:08:23 [ServerPanelStatsRPC]: Druss (mvB_p65s26M1iDgS3KgKpm-UzbAyYM5rER5IINF2xI0=) - Player Minimum Stats sync
18.03.2025 07:12:29 [ServerPanelConfigRPC]: F11 Simulator (m_TD03B4NXDQrU5koHpLq3WyQf1hXTvQSdETJOTM8ss=) - Config sync
18.03.2025 07:44:10 [ServerPanelStatsRPC]: London (kOLgOs9yYBFVRQG3lqoHveYdP5X8y3SO69cq5MiR4us=) - Player Stats sync
18.03.2025 07:44:10 [ServerPanelStatsRPC]: London (kOLgOs9yYBFVRQG3lqoHveYdP5X8y3SO69cq5MiR4us=) - Player Minimum Stats sync
18.03.2025 08:18:21 [ServerPanelStatsRPC]: London (kOLgOs9yYBFVRQG3lqoHveYdP5X8y3SO69cq5MiR4us=) - Player Stats sync
18.03.2025 08:18:21 [ServerPanelStatsRPC]: London (kOLgOs9yYBFVRQG3lqoHveYdP5X8y3SO69cq5MiR4us=) - Player Minimum Stats sync
18.03.2025 08:18:24 [ServerPanelStatsRPC]: London (kOLgOs9yYBFVRQG3lqoHveYdP5X8y3SO69cq5MiR4us=) - Player Stats sync
18.03.2025 08:18:24 [ServerPanelStatsRPC]: London (kOLgOs9yYBFVRQG3lqoHveYdP5X8y3SO69cq5MiR4us=) - Player Minimum Stats sync
18.03.2025 08:18:28 [ServerPanelStatsRPC]: London (kOLgOs9yYBFVRQG3lqoHveYdP5X8y3SO69cq5MiR4us=) - Player Stats sync
18.03.2025 08:18:28 [ServerPanelStatsRPC]: London (kOLgOs9yYBFVRQG3lqoHveYdP5X8y3SO69cq5MiR4us=) - Player Minimum Stats sync
18.03.2025 08:18:38 [ServerPanelStatsRPC]: London (kOLgOs9yYBFVRQG3lqoHveYdP5X8y3SO69cq5MiR4us=) - Player Stats sync
18.03.2025 08:18:38 [ServerPanelStatsRPC]: London (kOLgOs9yYBFVRQG3lqoHveYdP5X8y3SO69cq5MiR4us=) - Player Minimum Stats sync
18.03.2025 08:18:44 [ServerPanelStatsRPC]: London (kOLgOs9yYBFVRQG3lqoHveYdP5X8y3SO69cq5MiR4us=) - Player Stats sync
18.03.2025 08:18:44 [ServerPanelStatsRPC]: London (kOLgOs9yYBFVRQG3lqoHveYdP5X8y3SO69cq5MiR4us=) - Player Minimum Stats sync
18.03.2025 08:18:56 [ServerPanelStatsRPC]: London (kOLgOs9yYBFVRQG3lqoHveYdP5X8y3SO69cq5MiR4us=) - Player Stats sync
18.03.2025 08:18:56 [ServerPanelStatsRPC]: London (kOLgOs9yYBFVRQG3lqoHveYdP5X8y3SO69cq5MiR4us=) - Player Minimum Stats sync
18.03.2025 08:19:05 [ServerPanelStatsRPC]: London (kOLgOs9yYBFVRQG3lqoHveYdP5X8y3SO69cq5MiR4us=) - Player Stats sync
18.03.2025 08:19:05 [ServerPanelStatsRPC]: London (kOLgOs9yYBFVRQG3lqoHveYdP5X8y3SO69cq5MiR4us=) - Player Minimum Stats sync
18.03.2025 08:46:55 [ServerPanelStatsRPC]: London (kOLgOs9yYBFVRQG3lqoHveYdP5X8y3SO69cq5MiR4us=) - Player Stats sync
18.03.2025 08:46:55 [ServerPanelStatsRPC]: London (kOLgOs9yYBFVRQG3lqoHveYdP5X8y3SO69cq5MiR4us=) - Player Minimum Stats sync
18.03.2025 08:46:56 [ServerPanelStatsRPC]: London (kOLgOs9yYBFVRQG3lqoHveYdP5X8y3SO69cq5MiR4us=) - Player Stats sync
18.03.2025 08:46:56 [ServerPanelStatsRPC]: London (kOLgOs9yYBFVRQG3lqoHveYdP5X8y3SO69cq5MiR4us=) - Player Minimum Stats sync
18.03.2025 08:53:50 [ServerPanelConfigRPC]: F11 Simulator (m_TD03B4NXDQrU5koHpLq3WyQf1hXTvQSdETJOTM8ss=) - Config sync
18.03.2025 09:22:59 [ServerPanelConfigRPC]: Druss (mvB_p65s26M1iDgS3KgKpm-UzbAyYM5rER5IINF2xI0=) - Config sync
18.03.2025 09:25:28 [ServerPanelStatsRPC]: London (kOLgOs9yYBFVRQG3lqoHveYdP5X8y3SO69cq5MiR4us=) - Player Stats sync
18.03.2025 09:25:28 [ServerPanelStatsRPC]: London (kOLgOs9yYBFVRQG3lqoHveYdP5X8y3SO69cq5MiR4us=) - Player Minimum Stats sync
18.03.2025 09:30:28 [ServerPanelConfigRPC]: London (kOLgOs9yYBFVRQG3lqoHveYdP5X8y3SO69cq5MiR4us=) - Config sync
18.03.2025 10:15:00 [ServerPanelStatsRPC]: London (kOLgOs9yYBFVRQG3lqoHveYdP5X8y3SO69cq5MiR4us=) - Player Stats sync
18.03.2025 10:15:00 [ServerPanelStatsRPC]: London (kOLgOs9yYBFVRQG3lqoHveYdP5X8y3SO69cq5MiR4us=) - Player Minimum Stats sync
18.03.2025 10:16:34 [ServerPanelStatsRPC]: London (kOLgOs9yYBFVRQG3lqoHveYdP5X8y3SO69cq5MiR4us=) - Player Stats sync
18.03.2025 10:16:34 [ServerPanelStatsRPC]: London (kOLgOs9yYBFVRQG3lqoHveYdP5X8y3SO69cq5MiR4us=) - Player Minimum Stats sync
18.03.2025 10:16:36 [ServerPanelStatsRPC]: London (kOLgOs9yYBFVRQG3lqoHveYdP5X8y3SO69cq5MiR4us=) - Player Stats sync
18.03.2025 10:16:36 [ServerPanelStatsRPC]: London (kOLgOs9yYBFVRQG3lqoHveYdP5X8y3SO69cq5MiR4us=) - Player Minimum Stats sync
18.03.2025 10:32:06 [ServerPanelStatsRPC]: London (kOLgOs9yYBFVRQG3lqoHveYdP5X8y3SO69cq5MiR4us=) - Player Stats sync
18.03.2025 10:32:06 [ServerPanelStatsRPC]: London (kOLgOs9yYBFVRQG3lqoHveYdP5X8y3SO69cq5MiR4us=) - Player Minimum Stats sync
18.03.2025 10:57:22 [ServerPanelStatsRPC]: Druss (mvB_p65s26M1iDgS3KgKpm-UzbAyYM5rER5IINF2xI0=) - Player Stats sync
18.03.2025 10:57:22 [ServerPanelStatsRPC]: Druss (mvB_p65s26M1iDgS3KgKpm-UzbAyYM5rER5IINF2xI0=) - Player Minimum Stats sync
