---------------------------------------------
ServerPanel log started at 16.03.2025 15:01:05

16.03.2025 15:01:05 [ServerPanelLogger]: Will try to create ServerPanel log file in $profile:/ServerPanel/Logs/
16.03.2025 15:01:05 [ServerPanelConfig]: Reading Server Config
16.03.2025 15:01:05 [ServerPanelConfig]: Directory already exists: $profile:/ServerPanel
16.03.2025 15:01:05 [ServerPanelConfig]: Log directory already exists: $profile:/ServerPanel/Logs/
16.03.2025 15:01:05 [ServerPanelConfigRPC]: GetConfigRequest
16.03.2025 15:01:05 [ServerPanelConfigRPC]: SyncPlayerStatsRequest
16.03.2025 15:01:05 [ServerPanelConfigRPC]: SyncSidePanelInfoRequest
16.03.2025 15:01:05 [ServerPanelHelpers]: Initialized ServerPanelBase
16.03.2025 15:01:34 [ServerPanelConfigRPC]: Sir Trippy (qZqolO4hbF2D7i2SHl6eLqgMczahG7_bAPkC9G_OL68=) - Config sync
16.03.2025 15:02:36 [ServerPanelConfigRPC]: GrumpyD75 (Zjm0-MEQae98tV96JF6Qw__BbT0r3hLRGc8gavsPARo=) - Config sync
16.03.2025 15:04:07 [ServerPanelConfigRPC]: RoamDee (frclhQGSbmussfaaohIfYLsIajOW8_O57j7ATxHZZO0=) - Config sync
16.03.2025 15:06:11 [ServerPanelConfigRPC]: Chewy (h6Nn4Dspr3vpHso2XGwPT_y-z4pvZTcRNxi2Co7XsGc=) - Config sync
16.03.2025 15:07:36 [ServerPanelConfigRPC]: Eric (DT1QFut1v8UN48skN3UnroicVIl_5hTizZZZSwLRxk8=) - Config sync
16.03.2025 15:08:48 [ServerPanelConfigRPC]: Shanks (ao6b49zEsYtQiXOHkIMLAbzO_v2ZwgznGLYE0fO8YhQ=) - Config sync
16.03.2025 15:40:30 [ServerPanelConfigRPC]: [EASY] Ricky Bobby (cwl44GriCcVh2XvhDnQvVwrQcsvnKhKyXezqQv4iKEA=) - Config sync
16.03.2025 15:40:45 [ServerPanelStatsRPC]: [EASY] Ricky Bobby (cwl44GriCcVh2XvhDnQvVwrQcsvnKhKyXezqQv4iKEA=) - Player Stats sync
16.03.2025 15:40:45 [ServerPanelStatsRPC]: [EASY] Ricky Bobby (cwl44GriCcVh2XvhDnQvVwrQcsvnKhKyXezqQv4iKEA=) - Player Minimum Stats sync
16.03.2025 15:41:27 [ServerPanelConfigRPC]: Shanks (ao6b49zEsYtQiXOHkIMLAbzO_v2ZwgznGLYE0fO8YhQ=) - Config sync
16.03.2025 15:42:43 [ServerPanelStatsRPC]: [EASY] Ricky Bobby (cwl44GriCcVh2XvhDnQvVwrQcsvnKhKyXezqQv4iKEA=) - Player Stats sync
16.03.2025 15:42:43 [ServerPanelStatsRPC]: [EASY] Ricky Bobby (cwl44GriCcVh2XvhDnQvVwrQcsvnKhKyXezqQv4iKEA=) - Player Minimum Stats sync
16.03.2025 15:55:33 [ServerPanelConfigRPC]: Kyma (fVpKi1QM3XWUFD-MRt7Z2tIj9G_sYf21_LAnW2Kmnqg=) - Config sync
16.03.2025 16:03:44 [ServerPanelConfigRPC]: dr robert neville (-poMAUXyukG9utTFZWQlLCetkGe1Q-_V89zMifDpdYI=) - Config sync
16.03.2025 16:09:45 [ServerPanelStatsRPC]: [EASY] Ricky Bobby (cwl44GriCcVh2XvhDnQvVwrQcsvnKhKyXezqQv4iKEA=) - Player Stats sync
16.03.2025 16:09:45 [ServerPanelStatsRPC]: [EASY] Ricky Bobby (cwl44GriCcVh2XvhDnQvVwrQcsvnKhKyXezqQv4iKEA=) - Player Minimum Stats sync
16.03.2025 16:11:49 [ServerPanelConfigRPC]: Chewy (h6Nn4Dspr3vpHso2XGwPT_y-z4pvZTcRNxi2Co7XsGc=) - Config sync
16.03.2025 16:23:24 [ServerPanelStatsRPC]: [EASY] Ricky Bobby (cwl44GriCcVh2XvhDnQvVwrQcsvnKhKyXezqQv4iKEA=) - Player Stats sync
16.03.2025 16:23:24 [ServerPanelStatsRPC]: [EASY] Ricky Bobby (cwl44GriCcVh2XvhDnQvVwrQcsvnKhKyXezqQv4iKEA=) - Player Minimum Stats sync
16.03.2025 16:23:59 [ServerPanelStatsRPC]: [EASY] Ricky Bobby (cwl44GriCcVh2XvhDnQvVwrQcsvnKhKyXezqQv4iKEA=) - Player Stats sync
16.03.2025 16:23:59 [ServerPanelStatsRPC]: [EASY] Ricky Bobby (cwl44GriCcVh2XvhDnQvVwrQcsvnKhKyXezqQv4iKEA=) - Player Minimum Stats sync
16.03.2025 16:40:55 [ServerPanelStatsRPC]: [EASY] Ricky Bobby (cwl44GriCcVh2XvhDnQvVwrQcsvnKhKyXezqQv4iKEA=) - Player Stats sync
16.03.2025 16:40:55 [ServerPanelStatsRPC]: [EASY] Ricky Bobby (cwl44GriCcVh2XvhDnQvVwrQcsvnKhKyXezqQv4iKEA=) - Player Minimum Stats sync
16.03.2025 16:53:40 [ServerPanelStatsRPC]: [EASY] Ricky Bobby (cwl44GriCcVh2XvhDnQvVwrQcsvnKhKyXezqQv4iKEA=) - Player Stats sync
16.03.2025 16:53:40 [ServerPanelStatsRPC]: [EASY] Ricky Bobby (cwl44GriCcVh2XvhDnQvVwrQcsvnKhKyXezqQv4iKEA=) - Player Minimum Stats sync
16.03.2025 16:56:20 [ServerPanelConfigRPC]: dr robert neville (-poMAUXyukG9utTFZWQlLCetkGe1Q-_V89zMifDpdYI=) - Config sync
16.03.2025 16:57:33 [ServerPanelStatsRPC]: [EASY] Ricky Bobby (cwl44GriCcVh2XvhDnQvVwrQcsvnKhKyXezqQv4iKEA=) - Player Stats sync
16.03.2025 16:57:33 [ServerPanelStatsRPC]: [EASY] Ricky Bobby (cwl44GriCcVh2XvhDnQvVwrQcsvnKhKyXezqQv4iKEA=) - Player Minimum Stats sync
16.03.2025 16:58:25 [ServerPanelStatsRPC]: [EASY] Ricky Bobby (cwl44GriCcVh2XvhDnQvVwrQcsvnKhKyXezqQv4iKEA=) - Player Stats sync
16.03.2025 16:58:25 [ServerPanelStatsRPC]: [EASY] Ricky Bobby (cwl44GriCcVh2XvhDnQvVwrQcsvnKhKyXezqQv4iKEA=) - Player Minimum Stats sync
16.03.2025 17:06:29 [ServerPanelStatsRPC]: [EASY] Ricky Bobby (cwl44GriCcVh2XvhDnQvVwrQcsvnKhKyXezqQv4iKEA=) - Player Stats sync
16.03.2025 17:06:29 [ServerPanelStatsRPC]: [EASY] Ricky Bobby (cwl44GriCcVh2XvhDnQvVwrQcsvnKhKyXezqQv4iKEA=) - Player Minimum Stats sync
16.03.2025 17:11:55 [ServerPanelConfigRPC]: [EASY] Ricky Bobby (cwl44GriCcVh2XvhDnQvVwrQcsvnKhKyXezqQv4iKEA=) - Config sync
16.03.2025 17:12:17 [ServerPanelStatsRPC]: [EASY] Ricky Bobby (cwl44GriCcVh2XvhDnQvVwrQcsvnKhKyXezqQv4iKEA=) - Player Stats sync
16.03.2025 17:12:17 [ServerPanelStatsRPC]: [EASY] Ricky Bobby (cwl44GriCcVh2XvhDnQvVwrQcsvnKhKyXezqQv4iKEA=) - Player Minimum Stats sync
16.03.2025 17:28:28 [ServerPanelConfigRPC]: Mosquitoman (VL_v1XSh0CEp9AL8yqrEkak_nzH0rejSdisf8bSh23s=) - Config sync
16.03.2025 17:34:50 [ServerPanelConfigRPC]: Shanks (ao6b49zEsYtQiXOHkIMLAbzO_v2ZwgznGLYE0fO8YhQ=) - Config sync
16.03.2025 17:39:37 [ServerPanelConfigRPC]: [EASY] Ricky Bobby (cwl44GriCcVh2XvhDnQvVwrQcsvnKhKyXezqQv4iKEA=) - Config sync
16.03.2025 17:40:00 [ServerPanelStatsRPC]: [EASY] Ricky Bobby (cwl44GriCcVh2XvhDnQvVwrQcsvnKhKyXezqQv4iKEA=) - Player Stats sync
16.03.2025 17:40:00 [ServerPanelStatsRPC]: [EASY] Ricky Bobby (cwl44GriCcVh2XvhDnQvVwrQcsvnKhKyXezqQv4iKEA=) - Player Minimum Stats sync
16.03.2025 17:57:33 [ServerPanelConfigRPC]: Mard (OAEsqfVu9Ya3qx3X2Q_PgbpxSoSDXOIUHhH8VWVuumk=) - Config sync
16.03.2025 18:02:53 [ServerPanelConfigRPC]: Scribe (h54GrIOdf4ApYuTIdxUZVPApkiHx65gfj6BW43HBFA4=) - Config sync
16.03.2025 18:05:23 [ServerPanelConfigRPC]: Eric (DT1QFut1v8UN48skN3UnroicVIl_5hTizZZZSwLRxk8=) - Config sync
16.03.2025 18:05:30 [ServerPanelStatsRPC]: Mard (OAEsqfVu9Ya3qx3X2Q_PgbpxSoSDXOIUHhH8VWVuumk=) - Player Stats sync
16.03.2025 18:05:30 [ServerPanelStatsRPC]: Mard (OAEsqfVu9Ya3qx3X2Q_PgbpxSoSDXOIUHhH8VWVuumk=) - Player Minimum Stats sync
16.03.2025 18:07:12 [ServerPanelConfigRPC]: ElBizzy (zazFLAJ4lPF6TvVQMMREjst1jC8o_Id9oh_TjGBwaP8=) - Config sync
16.03.2025 18:08:02 [ServerPanelStatsRPC]: Mard (OAEsqfVu9Ya3qx3X2Q_PgbpxSoSDXOIUHhH8VWVuumk=) - Player Stats sync
16.03.2025 18:08:02 [ServerPanelStatsRPC]: Mard (OAEsqfVu9Ya3qx3X2Q_PgbpxSoSDXOIUHhH8VWVuumk=) - Player Minimum Stats sync
16.03.2025 18:08:26 [ServerPanelStatsRPC]: ElBizzy (zazFLAJ4lPF6TvVQMMREjst1jC8o_Id9oh_TjGBwaP8=) - Player Stats sync
16.03.2025 18:08:26 [ServerPanelStatsRPC]: ElBizzy (zazFLAJ4lPF6TvVQMMREjst1jC8o_Id9oh_TjGBwaP8=) - Player Minimum Stats sync
16.03.2025 18:09:05 [ServerPanelStatsRPC]: Mard (OAEsqfVu9Ya3qx3X2Q_PgbpxSoSDXOIUHhH8VWVuumk=) - Player Stats sync
16.03.2025 18:09:05 [ServerPanelStatsRPC]: Mard (OAEsqfVu9Ya3qx3X2Q_PgbpxSoSDXOIUHhH8VWVuumk=) - Player Minimum Stats sync
16.03.2025 18:11:12 [ServerPanelConfigRPC]: FREDLOX (FsSJ7q6m0ovGEGJfofYnDPNQmTP4n7EsHoPdnJgRldg=) - Config sync
16.03.2025 18:11:48 [ServerPanelConfigRPC]: Survivor (dtBrTODogZ8rHAVNFTJ9C_NvpkyA9gRQu7bfAps_vPI=) - Config sync
16.03.2025 18:17:24 [ServerPanelConfigRPC]: Mido (dtBrTODogZ8rHAVNFTJ9C_NvpkyA9gRQu7bfAps_vPI=) - Config sync
16.03.2025 18:17:25 [ServerPanelStatsRPC]: ElBizzy (zazFLAJ4lPF6TvVQMMREjst1jC8o_Id9oh_TjGBwaP8=) - Player Stats sync
16.03.2025 18:17:25 [ServerPanelStatsRPC]: ElBizzy (zazFLAJ4lPF6TvVQMMREjst1jC8o_Id9oh_TjGBwaP8=) - Player Minimum Stats sync
16.03.2025 18:17:28 [ServerPanelStatsRPC]: Mard (OAEsqfVu9Ya3qx3X2Q_PgbpxSoSDXOIUHhH8VWVuumk=) - Player Stats sync
16.03.2025 18:17:28 [ServerPanelStatsRPC]: Mard (OAEsqfVu9Ya3qx3X2Q_PgbpxSoSDXOIUHhH8VWVuumk=) - Player Minimum Stats sync
16.03.2025 18:19:27 [ServerPanelStatsRPC]: ElBizzy (zazFLAJ4lPF6TvVQMMREjst1jC8o_Id9oh_TjGBwaP8=) - Player Stats sync
16.03.2025 18:19:27 [ServerPanelStatsRPC]: ElBizzy (zazFLAJ4lPF6TvVQMMREjst1jC8o_Id9oh_TjGBwaP8=) - Player Minimum Stats sync
16.03.2025 18:21:30 [ServerPanelStatsRPC]: [EASY] Ricky Bobby (cwl44GriCcVh2XvhDnQvVwrQcsvnKhKyXezqQv4iKEA=) - Player Stats sync
16.03.2025 18:21:30 [ServerPanelStatsRPC]: [EASY] Ricky Bobby (cwl44GriCcVh2XvhDnQvVwrQcsvnKhKyXezqQv4iKEA=) - Player Minimum Stats sync
16.03.2025 18:25:13 [ServerPanelStatsRPC]: [EASY] Ricky Bobby (cwl44GriCcVh2XvhDnQvVwrQcsvnKhKyXezqQv4iKEA=) - Player Stats sync
16.03.2025 18:25:13 [ServerPanelStatsRPC]: [EASY] Ricky Bobby (cwl44GriCcVh2XvhDnQvVwrQcsvnKhKyXezqQv4iKEA=) - Player Minimum Stats sync
16.03.2025 18:25:23 [ServerPanelStatsRPC]: [EASY] Ricky Bobby (cwl44GriCcVh2XvhDnQvVwrQcsvnKhKyXezqQv4iKEA=) - Player Stats sync
16.03.2025 18:25:23 [ServerPanelStatsRPC]: [EASY] Ricky Bobby (cwl44GriCcVh2XvhDnQvVwrQcsvnKhKyXezqQv4iKEA=) - Player Minimum Stats sync
16.03.2025 18:29:04 [ServerPanelConfigRPC]: Bots (_iQEzHNp2ibVeb-fGdaYX_RahLP-uiqITYcCypLccmE=) - Config sync
16.03.2025 18:39:52 [ServerPanelStatsRPC]: Mard (OAEsqfVu9Ya3qx3X2Q_PgbpxSoSDXOIUHhH8VWVuumk=) - Player Stats sync
16.03.2025 18:39:52 [ServerPanelStatsRPC]: Mard (OAEsqfVu9Ya3qx3X2Q_PgbpxSoSDXOIUHhH8VWVuumk=) - Player Minimum Stats sync
16.03.2025 18:46:01 [ServerPanelConfigRPC]: Bots (_iQEzHNp2ibVeb-fGdaYX_RahLP-uiqITYcCypLccmE=) - Config sync
16.03.2025 18:46:06 [ServerPanelStatsRPC]: Mard (OAEsqfVu9Ya3qx3X2Q_PgbpxSoSDXOIUHhH8VWVuumk=) - Player Stats sync
16.03.2025 18:46:06 [ServerPanelStatsRPC]: Mard (OAEsqfVu9Ya3qx3X2Q_PgbpxSoSDXOIUHhH8VWVuumk=) - Player Minimum Stats sync
16.03.2025 18:49:32 [ServerPanelConfigRPC]: dr robert neville (-poMAUXyukG9utTFZWQlLCetkGe1Q-_V89zMifDpdYI=) - Config sync
16.03.2025 18:52:22 [ServerPanelStatsRPC]: ElBizzy (zazFLAJ4lPF6TvVQMMREjst1jC8o_Id9oh_TjGBwaP8=) - Player Stats sync
16.03.2025 18:52:22 [ServerPanelStatsRPC]: ElBizzy (zazFLAJ4lPF6TvVQMMREjst1jC8o_Id9oh_TjGBwaP8=) - Player Minimum Stats sync
16.03.2025 18:52:33 [ServerPanelStatsRPC]: Mard (OAEsqfVu9Ya3qx3X2Q_PgbpxSoSDXOIUHhH8VWVuumk=) - Player Stats sync
16.03.2025 18:52:33 [ServerPanelStatsRPC]: Mard (OAEsqfVu9Ya3qx3X2Q_PgbpxSoSDXOIUHhH8VWVuumk=) - Player Minimum Stats sync
