---------------------------------------------
ServerPanel log started at 22.03.2025 19:01:07

22.03.2025 19:01:07 [ServerPanelLogger]: Will try to create ServerPanel log file in $profile:/ServerPanel/Logs/
22.03.2025 19:01:07 [ServerPanelConfig]: Reading Server Config
22.03.2025 19:01:07 [ServerPanelConfig]: Directory already exists: $profile:/ServerPanel
22.03.2025 19:01:07 [ServerPanelConfig]: Log directory already exists: $profile:/ServerPanel/Logs/
22.03.2025 19:01:07 [ServerPanelConfigRPC]: GetConfigRequest
22.03.2025 19:01:07 [ServerPanelConfigRPC]: SyncPlayerStatsRequest
22.03.2025 19:01:07 [ServerPanelConfigRPC]: SyncSidePanelInfoRequest
22.03.2025 19:01:07 [ServerPanelHelpers]: Initialized ServerPanelBase
22.03.2025 19:01:44 [ServerPanelConfigRPC]: Mard (OAEsqfVu9Ya3qx3X2Q_PgbpxSoSDXOIUHhH8VWVuumk=) - Config sync
22.03.2025 19:01:49 [ServerPanelConfigRPC]: DadooDance (76w1D1EUUqT6A57GjLJvyEyTpOili-xx5A96r70hiko=) - Config sync
22.03.2025 19:02:26 [ServerPanelConfigRPC]: Stivi the Kid (W44v5r64t_fNpgzRQNLTal2wQQBqWJ8o-Qcc6Jd5hw8=) - Config sync
22.03.2025 19:03:03 [ServerPanelConfigRPC]: Mido (dtBrTODogZ8rHAVNFTJ9C_NvpkyA9gRQu7bfAps_vPI=) - Config sync
22.03.2025 19:06:59 [ServerPanelConfigRPC]: holykeeesh (e2uuymVDsFy98lADxUbj6Iyc7MPktVueIU1n-cdEQYs=) - Config sync
22.03.2025 19:17:07 [ServerPanelConfigRPC]: Christiandarkan (FMRYBAefGQ5HYZCE5oLCejpgzMBxT1mAzSnVQ_rde_I=) - Config sync
22.03.2025 19:27:48 [ServerPanelConfigRPC]: dr robert neville (-poMAUXyukG9utTFZWQlLCetkGe1Q-_V89zMifDpdYI=) - Config sync
22.03.2025 20:05:58 [ServerPanelStatsRPC]: Mard (OAEsqfVu9Ya3qx3X2Q_PgbpxSoSDXOIUHhH8VWVuumk=) - Player Stats sync
22.03.2025 20:05:58 [ServerPanelStatsRPC]: Mard (OAEsqfVu9Ya3qx3X2Q_PgbpxSoSDXOIUHhH8VWVuumk=) - Player Minimum Stats sync
22.03.2025 20:20:13 [ServerPanelStatsRPC]: Mard (OAEsqfVu9Ya3qx3X2Q_PgbpxSoSDXOIUHhH8VWVuumk=) - Player Stats sync
22.03.2025 20:20:13 [ServerPanelStatsRPC]: Mard (OAEsqfVu9Ya3qx3X2Q_PgbpxSoSDXOIUHhH8VWVuumk=) - Player Minimum Stats sync
22.03.2025 20:39:46 [ServerPanelConfigRPC]: Stivi the Kid (W44v5r64t_fNpgzRQNLTal2wQQBqWJ8o-Qcc6Jd5hw8=) - Config sync
22.03.2025 20:40:34 [ServerPanelConfigRPC]: MaHxMi3 | Slayer (_AqICEBF10fARr_5J1u6RE7mqS8sFkumFiqXBfcXjhU=) - Config sync
22.03.2025 20:40:42 [ServerPanelConfigRPC]: Eric (DT1QFut1v8UN48skN3UnroicVIl_5hTizZZZSwLRxk8=) - Config sync
22.03.2025 20:43:29 [ServerPanelConfigRPC]: holykeeesh (e2uuymVDsFy98lADxUbj6Iyc7MPktVueIU1n-cdEQYs=) - Config sync
22.03.2025 20:44:11 [ServerPanelConfigRPC]: DadooDance (76w1D1EUUqT6A57GjLJvyEyTpOili-xx5A96r70hiko=) - Config sync
22.03.2025 21:31:59 [ServerPanelStatsRPC]: Mard (OAEsqfVu9Ya3qx3X2Q_PgbpxSoSDXOIUHhH8VWVuumk=) - Player Stats sync
22.03.2025 21:31:59 [ServerPanelStatsRPC]: Mard (OAEsqfVu9Ya3qx3X2Q_PgbpxSoSDXOIUHhH8VWVuumk=) - Player Minimum Stats sync
22.03.2025 21:32:04 [ServerPanelStatsRPC]: Mard (OAEsqfVu9Ya3qx3X2Q_PgbpxSoSDXOIUHhH8VWVuumk=) - Player Stats sync
22.03.2025 21:32:04 [ServerPanelStatsRPC]: Mard (OAEsqfVu9Ya3qx3X2Q_PgbpxSoSDXOIUHhH8VWVuumk=) - Player Minimum Stats sync
22.03.2025 21:52:13 [ServerPanelStatsRPC]: Mard (OAEsqfVu9Ya3qx3X2Q_PgbpxSoSDXOIUHhH8VWVuumk=) - Player Stats sync
22.03.2025 21:52:13 [ServerPanelStatsRPC]: Mard (OAEsqfVu9Ya3qx3X2Q_PgbpxSoSDXOIUHhH8VWVuumk=) - Player Minimum Stats sync
22.03.2025 21:57:23 [ServerPanelConfigRPC]: MrWowaWowa (wBwiybhmqSv3IfINgIr99PhPwxKwXc4RCt6SZurIBXQ=) - Config sync
