---------------------------------------------
ServerPanel log started at 21.03.2025 19:01:06

21.03.2025 19:01:06 [ServerPanelLogger]: Will try to create ServerPanel log file in $profile:/ServerPanel/Logs/
21.03.2025 19:01:06 [ServerPanelConfig]: Reading Server Config
21.03.2025 19:01:06 [ServerPanelConfig]: Directory already exists: $profile:/ServerPanel
21.03.2025 19:01:06 [ServerPanelConfig]: Log directory already exists: $profile:/ServerPanel/Logs/
21.03.2025 19:01:06 [ServerPanelConfigRPC]: GetConfigRequest
21.03.2025 19:01:06 [ServerPanelConfigRPC]: SyncPlayerStatsRequest
21.03.2025 19:01:06 [ServerPanelConfigRPC]: SyncSidePanelInfoRequest
21.03.2025 19:01:06 [ServerPanelHelpers]: Initialized ServerPanelBase
21.03.2025 19:01:41 [ServerPanelConfigRPC]: Mard (OAEsqfVu9Ya3qx3X2Q_PgbpxSoSDXOIUHhH8VWVuumk=) - Config sync
21.03.2025 19:01:46 [ServerPanelConfigRPC]: Stivi the Kid (W44v5r64t_fNpgzRQNLTal2wQQBqWJ8o-Qcc6Jd5hw8=) - Config sync
21.03.2025 19:02:07 [ServerPanelConfigRPC]: ElBizzy (zazFLAJ4lPF6TvVQMMREjst1jC8o_Id9oh_TjGBwaP8=) - Config sync
21.03.2025 19:02:18 [ServerPanelStatsRPC]: ElBizzy (zazFLAJ4lPF6TvVQMMREjst1jC8o_Id9oh_TjGBwaP8=) - Player Stats sync
21.03.2025 19:02:18 [ServerPanelStatsRPC]: ElBizzy (zazFLAJ4lPF6TvVQMMREjst1jC8o_Id9oh_TjGBwaP8=) - Player Minimum Stats sync
21.03.2025 19:17:58 [ServerPanelStatsRPC]: ElBizzy (zazFLAJ4lPF6TvVQMMREjst1jC8o_Id9oh_TjGBwaP8=) - Player Stats sync
21.03.2025 19:17:58 [ServerPanelStatsRPC]: ElBizzy (zazFLAJ4lPF6TvVQMMREjst1jC8o_Id9oh_TjGBwaP8=) - Player Minimum Stats sync
21.03.2025 19:18:02 [ServerPanelStatsRPC]: ElBizzy (zazFLAJ4lPF6TvVQMMREjst1jC8o_Id9oh_TjGBwaP8=) - Player Stats sync
21.03.2025 19:18:02 [ServerPanelStatsRPC]: ElBizzy (zazFLAJ4lPF6TvVQMMREjst1jC8o_Id9oh_TjGBwaP8=) - Player Minimum Stats sync
21.03.2025 19:22:26 [ServerPanelStatsRPC]: ElBizzy (zazFLAJ4lPF6TvVQMMREjst1jC8o_Id9oh_TjGBwaP8=) - Player Stats sync
21.03.2025 19:22:26 [ServerPanelStatsRPC]: ElBizzy (zazFLAJ4lPF6TvVQMMREjst1jC8o_Id9oh_TjGBwaP8=) - Player Minimum Stats sync
21.03.2025 19:22:35 [ServerPanelStatsRPC]: Mard (OAEsqfVu9Ya3qx3X2Q_PgbpxSoSDXOIUHhH8VWVuumk=) - Player Stats sync
21.03.2025 19:22:35 [ServerPanelStatsRPC]: Mard (OAEsqfVu9Ya3qx3X2Q_PgbpxSoSDXOIUHhH8VWVuumk=) - Player Minimum Stats sync
21.03.2025 20:04:02 [ServerPanelConfigRPC]: MrWowaWowa (wBwiybhmqSv3IfINgIr99PhPwxKwXc4RCt6SZurIBXQ=) - Config sync
21.03.2025 20:06:01 [ServerPanelStatsRPC]: ElBizzy (zazFLAJ4lPF6TvVQMMREjst1jC8o_Id9oh_TjGBwaP8=) - Player Stats sync
21.03.2025 20:06:01 [ServerPanelStatsRPC]: ElBizzy (zazFLAJ4lPF6TvVQMMREjst1jC8o_Id9oh_TjGBwaP8=) - Player Minimum Stats sync
21.03.2025 20:06:23 [ServerPanelConfigRPC]: InsaneDragon (x4LagE1tkWZT3bjC-XP6rLWv8DeK3_mU6p_YbkyonaU=) - Config sync
21.03.2025 20:07:08 [ServerPanelStatsRPC]: MrWowaWowa (wBwiybhmqSv3IfINgIr99PhPwxKwXc4RCt6SZurIBXQ=) - Player Stats sync
21.03.2025 20:07:08 [ServerPanelStatsRPC]: MrWowaWowa (wBwiybhmqSv3IfINgIr99PhPwxKwXc4RCt6SZurIBXQ=) - Player Minimum Stats sync
21.03.2025 20:08:26 [ServerPanelStatsRPC]: ElBizzy (zazFLAJ4lPF6TvVQMMREjst1jC8o_Id9oh_TjGBwaP8=) - Player Stats sync
21.03.2025 20:08:26 [ServerPanelStatsRPC]: ElBizzy (zazFLAJ4lPF6TvVQMMREjst1jC8o_Id9oh_TjGBwaP8=) - Player Minimum Stats sync
21.03.2025 20:08:40 [ServerPanelStatsRPC]: Mard (OAEsqfVu9Ya3qx3X2Q_PgbpxSoSDXOIUHhH8VWVuumk=) - Player Stats sync
21.03.2025 20:08:40 [ServerPanelStatsRPC]: Mard (OAEsqfVu9Ya3qx3X2Q_PgbpxSoSDXOIUHhH8VWVuumk=) - Player Minimum Stats sync
21.03.2025 20:08:42 [ServerPanelConfigRPC]: Eric (DT1QFut1v8UN48skN3UnroicVIl_5hTizZZZSwLRxk8=) - Config sync
21.03.2025 20:09:15 [ServerPanelStatsRPC]: Mard (OAEsqfVu9Ya3qx3X2Q_PgbpxSoSDXOIUHhH8VWVuumk=) - Player Stats sync
21.03.2025 20:09:15 [ServerPanelStatsRPC]: Mard (OAEsqfVu9Ya3qx3X2Q_PgbpxSoSDXOIUHhH8VWVuumk=) - Player Minimum Stats sync
21.03.2025 20:09:53 [ServerPanelConfigRPC]: OverKill (P_LVluee20-ZP_xemam3V_6hnFSPQ6Uqa7dsMv8yuYY=) - Config sync
21.03.2025 20:10:56 [ServerPanelStatsRPC]: ElBizzy (zazFLAJ4lPF6TvVQMMREjst1jC8o_Id9oh_TjGBwaP8=) - Player Stats sync
21.03.2025 20:10:56 [ServerPanelStatsRPC]: ElBizzy (zazFLAJ4lPF6TvVQMMREjst1jC8o_Id9oh_TjGBwaP8=) - Player Minimum Stats sync
21.03.2025 20:11:31 [ServerPanelConfigRPC]: Rayco (gbGdwJFlaqpynCq0uw367ohtxaicnRJka_kbfCowwco=) - Config sync
21.03.2025 20:13:21 [ServerPanelStatsRPC]: Mard (OAEsqfVu9Ya3qx3X2Q_PgbpxSoSDXOIUHhH8VWVuumk=) - Player Stats sync
21.03.2025 20:13:21 [ServerPanelStatsRPC]: Mard (OAEsqfVu9Ya3qx3X2Q_PgbpxSoSDXOIUHhH8VWVuumk=) - Player Minimum Stats sync
21.03.2025 20:13:21 [ServerPanelStatsRPC]: ElBizzy (zazFLAJ4lPF6TvVQMMREjst1jC8o_Id9oh_TjGBwaP8=) - Player Stats sync
21.03.2025 20:13:21 [ServerPanelStatsRPC]: ElBizzy (zazFLAJ4lPF6TvVQMMREjst1jC8o_Id9oh_TjGBwaP8=) - Player Minimum Stats sync
21.03.2025 20:16:30 [ServerPanelStatsRPC]: ElBizzy (zazFLAJ4lPF6TvVQMMREjst1jC8o_Id9oh_TjGBwaP8=) - Player Stats sync
21.03.2025 20:16:30 [ServerPanelStatsRPC]: ElBizzy (zazFLAJ4lPF6TvVQMMREjst1jC8o_Id9oh_TjGBwaP8=) - Player Minimum Stats sync
21.03.2025 20:16:55 [ServerPanelStatsRPC]: ElBizzy (zazFLAJ4lPF6TvVQMMREjst1jC8o_Id9oh_TjGBwaP8=) - Player Stats sync
21.03.2025 20:16:55 [ServerPanelStatsRPC]: ElBizzy (zazFLAJ4lPF6TvVQMMREjst1jC8o_Id9oh_TjGBwaP8=) - Player Minimum Stats sync
21.03.2025 20:16:57 [ServerPanelStatsRPC]: ElBizzy (zazFLAJ4lPF6TvVQMMREjst1jC8o_Id9oh_TjGBwaP8=) - Player Stats sync
21.03.2025 20:16:57 [ServerPanelStatsRPC]: ElBizzy (zazFLAJ4lPF6TvVQMMREjst1jC8o_Id9oh_TjGBwaP8=) - Player Minimum Stats sync
21.03.2025 20:17:49 [ServerPanelConfigRPC]: Lelbimgl (xLObKQasFFJ418xvU8pO2svW9iAzLWCVfgmYJ2iBox4=) - Config sync
21.03.2025 20:18:13 [ServerPanelStatsRPC]: ElBizzy (zazFLAJ4lPF6TvVQMMREjst1jC8o_Id9oh_TjGBwaP8=) - Player Stats sync
21.03.2025 20:18:13 [ServerPanelStatsRPC]: ElBizzy (zazFLAJ4lPF6TvVQMMREjst1jC8o_Id9oh_TjGBwaP8=) - Player Minimum Stats sync
21.03.2025 20:19:07 [ServerPanelStatsRPC]: Mard (OAEsqfVu9Ya3qx3X2Q_PgbpxSoSDXOIUHhH8VWVuumk=) - Player Stats sync
21.03.2025 20:19:07 [ServerPanelStatsRPC]: Mard (OAEsqfVu9Ya3qx3X2Q_PgbpxSoSDXOIUHhH8VWVuumk=) - Player Minimum Stats sync
21.03.2025 20:19:33 [ServerPanelStatsRPC]: Mard (OAEsqfVu9Ya3qx3X2Q_PgbpxSoSDXOIUHhH8VWVuumk=) - Player Stats sync
21.03.2025 20:19:33 [ServerPanelStatsRPC]: Mard (OAEsqfVu9Ya3qx3X2Q_PgbpxSoSDXOIUHhH8VWVuumk=) - Player Minimum Stats sync
21.03.2025 20:19:36 [ServerPanelStatsRPC]: ElBizzy (zazFLAJ4lPF6TvVQMMREjst1jC8o_Id9oh_TjGBwaP8=) - Player Stats sync
21.03.2025 20:19:36 [ServerPanelStatsRPC]: ElBizzy (zazFLAJ4lPF6TvVQMMREjst1jC8o_Id9oh_TjGBwaP8=) - Player Minimum Stats sync
21.03.2025 20:21:42 [ServerPanelConfigRPC]: MaHXmi3 | Slayer (_AqICEBF10fARr_5J1u6RE7mqS8sFkumFiqXBfcXjhU=) - Config sync
21.03.2025 20:47:58 [ServerPanelStatsRPC]: ElBizzy (zazFLAJ4lPF6TvVQMMREjst1jC8o_Id9oh_TjGBwaP8=) - Player Stats sync
21.03.2025 20:47:58 [ServerPanelStatsRPC]: ElBizzy (zazFLAJ4lPF6TvVQMMREjst1jC8o_Id9oh_TjGBwaP8=) - Player Minimum Stats sync
21.03.2025 21:13:27 [ServerPanelConfigRPC]: F11 Simulator (m_TD03B4NXDQrU5koHpLq3WyQf1hXTvQSdETJOTM8ss=) - Config sync
21.03.2025 21:45:05 [ServerPanelStatsRPC]: ElBizzy (zazFLAJ4lPF6TvVQMMREjst1jC8o_Id9oh_TjGBwaP8=) - Player Stats sync
21.03.2025 21:45:05 [ServerPanelStatsRPC]: ElBizzy (zazFLAJ4lPF6TvVQMMREjst1jC8o_Id9oh_TjGBwaP8=) - Player Minimum Stats sync
21.03.2025 21:45:23 [ServerPanelStatsRPC]: ElBizzy (zazFLAJ4lPF6TvVQMMREjst1jC8o_Id9oh_TjGBwaP8=) - Player Stats sync
21.03.2025 21:45:23 [ServerPanelStatsRPC]: ElBizzy (zazFLAJ4lPF6TvVQMMREjst1jC8o_Id9oh_TjGBwaP8=) - Player Minimum Stats sync
