---------------------------------------------
ServerPanel log started at 26.03.2025 03:01:10

26.03.2025 03:01:10 [ServerPanelLogger]: Will try to create ServerPanel log file in $profile:/ServerPanel/Logs/
26.03.2025 03:01:10 [ServerPanelConfig]: Reading Server Config
26.03.2025 03:01:10 [ServerPanelConfig]: Directory already exists: $profile:/ServerPanel
26.03.2025 03:01:10 [ServerPanelConfig]: Log directory already exists: $profile:/ServerPanel/Logs/
26.03.2025 03:01:10 [ServerPanelConfigRPC]: GetConfigRequest
26.03.2025 03:01:10 [ServerPanelConfigRPC]: SyncPlayerStatsRequest
26.03.2025 03:01:10 [ServerPanelConfigRPC]: SyncSidePanelInfoRequest
26.03.2025 03:01:10 [ServerPanelHelpers]: Initialized ServerPanelBase
26.03.2025 03:01:39 [ServerPanelConfigRPC]: Survivor (XL1GT1pp_f-jQGOrP6YuCPttwyD--b5ziLbGiXICjFs=) - Config sync
26.03.2025 03:01:43 [ServerPanelConfigRPC]: Vichoorosky (tlRNjo629rSh-ytt0v54ULlTd6oiQUCIkMijHvbRzdE=) - Config sync
26.03.2025 03:05:45 [ServerPanelConfigRPC]: NyceBryce (XL1GT1pp_f-jQGOrP6YuCPttwyD--b5ziLbGiXICjFs=) - Config sync
26.03.2025 03:07:53 [ServerPanelStatsRPC]: Vichoorosky (tlRNjo629rSh-ytt0v54ULlTd6oiQUCIkMijHvbRzdE=) - Player Stats sync
26.03.2025 03:07:53 [ServerPanelStatsRPC]: Vichoorosky (tlRNjo629rSh-ytt0v54ULlTd6oiQUCIkMijHvbRzdE=) - Player Minimum Stats sync
26.03.2025 03:25:21 [ServerPanelStatsRPC]: Vichoorosky (tlRNjo629rSh-ytt0v54ULlTd6oiQUCIkMijHvbRzdE=) - Player Stats sync
26.03.2025 03:25:21 [ServerPanelStatsRPC]: Vichoorosky (tlRNjo629rSh-ytt0v54ULlTd6oiQUCIkMijHvbRzdE=) - Player Minimum Stats sync
26.03.2025 03:25:35 [ServerPanelStatsRPC]: Vichoorosky (tlRNjo629rSh-ytt0v54ULlTd6oiQUCIkMijHvbRzdE=) - Player Stats sync
26.03.2025 03:25:35 [ServerPanelStatsRPC]: Vichoorosky (tlRNjo629rSh-ytt0v54ULlTd6oiQUCIkMijHvbRzdE=) - Player Minimum Stats sync
26.03.2025 03:25:40 [ServerPanelStatsRPC]: Vichoorosky (tlRNjo629rSh-ytt0v54ULlTd6oiQUCIkMijHvbRzdE=) - Player Stats sync
26.03.2025 03:25:40 [ServerPanelStatsRPC]: Vichoorosky (tlRNjo629rSh-ytt0v54ULlTd6oiQUCIkMijHvbRzdE=) - Player Minimum Stats sync
26.03.2025 03:25:42 [ServerPanelStatsRPC]: Vichoorosky (tlRNjo629rSh-ytt0v54ULlTd6oiQUCIkMijHvbRzdE=) - Player Stats sync
26.03.2025 03:25:42 [ServerPanelStatsRPC]: Vichoorosky (tlRNjo629rSh-ytt0v54ULlTd6oiQUCIkMijHvbRzdE=) - Player Minimum Stats sync
26.03.2025 03:25:46 [ServerPanelStatsRPC]: Vichoorosky (tlRNjo629rSh-ytt0v54ULlTd6oiQUCIkMijHvbRzdE=) - Player Stats sync
26.03.2025 03:25:46 [ServerPanelStatsRPC]: Vichoorosky (tlRNjo629rSh-ytt0v54ULlTd6oiQUCIkMijHvbRzdE=) - Player Minimum Stats sync
26.03.2025 03:25:53 [ServerPanelStatsRPC]: Vichoorosky (tlRNjo629rSh-ytt0v54ULlTd6oiQUCIkMijHvbRzdE=) - Player Stats sync
26.03.2025 03:25:53 [ServerPanelStatsRPC]: Vichoorosky (tlRNjo629rSh-ytt0v54ULlTd6oiQUCIkMijHvbRzdE=) - Player Minimum Stats sync
26.03.2025 03:26:18 [ServerPanelStatsRPC]: Vichoorosky (tlRNjo629rSh-ytt0v54ULlTd6oiQUCIkMijHvbRzdE=) - Player Stats sync
26.03.2025 03:26:18 [ServerPanelStatsRPC]: Vichoorosky (tlRNjo629rSh-ytt0v54ULlTd6oiQUCIkMijHvbRzdE=) - Player Minimum Stats sync
26.03.2025 03:32:07 [ServerPanelStatsRPC]: NyceBryce (XL1GT1pp_f-jQGOrP6YuCPttwyD--b5ziLbGiXICjFs=) - Player Stats sync
26.03.2025 03:32:07 [ServerPanelStatsRPC]: NyceBryce (XL1GT1pp_f-jQGOrP6YuCPttwyD--b5ziLbGiXICjFs=) - Player Minimum Stats sync
26.03.2025 03:41:45 [ServerPanelStatsRPC]: Vichoorosky (tlRNjo629rSh-ytt0v54ULlTd6oiQUCIkMijHvbRzdE=) - Player Stats sync
26.03.2025 03:41:45 [ServerPanelStatsRPC]: Vichoorosky (tlRNjo629rSh-ytt0v54ULlTd6oiQUCIkMijHvbRzdE=) - Player Minimum Stats sync
26.03.2025 03:47:19 [ServerPanelStatsRPC]: NyceBryce (XL1GT1pp_f-jQGOrP6YuCPttwyD--b5ziLbGiXICjFs=) - Player Stats sync
26.03.2025 03:47:19 [ServerPanelStatsRPC]: NyceBryce (XL1GT1pp_f-jQGOrP6YuCPttwyD--b5ziLbGiXICjFs=) - Player Minimum Stats sync
26.03.2025 04:03:14 [ServerPanelConfigRPC]: NyceBryce (XL1GT1pp_f-jQGOrP6YuCPttwyD--b5ziLbGiXICjFs=) - Config sync
26.03.2025 04:12:43 [ServerPanelConfigRPC]: Van1981 (oHv5s6gxG5MJWw9no9H-UswiIaZ_QYkWCpTBAwjVlxU=) - Config sync
26.03.2025 04:13:59 [ServerPanelConfigRPC]: Jimbo Yo (9ztBjt3sMt243qtFBVbl7Z4WJYIPFd3jQtLabHHat7o=) - Config sync
26.03.2025 04:52:08 [ServerPanelStatsRPC]: NyceBryce (XL1GT1pp_f-jQGOrP6YuCPttwyD--b5ziLbGiXICjFs=) - Player Stats sync
26.03.2025 04:52:08 [ServerPanelStatsRPC]: NyceBryce (XL1GT1pp_f-jQGOrP6YuCPttwyD--b5ziLbGiXICjFs=) - Player Minimum Stats sync
26.03.2025 04:56:49 [ServerPanelConfigRPC]: Jimbo Yo (9ztBjt3sMt243qtFBVbl7Z4WJYIPFd3jQtLabHHat7o=) - Config sync
26.03.2025 05:01:20 [ServerPanelStatsRPC]: Jimbo Yo (9ztBjt3sMt243qtFBVbl7Z4WJYIPFd3jQtLabHHat7o=) - Player Stats sync
26.03.2025 05:01:20 [ServerPanelStatsRPC]: Jimbo Yo (9ztBjt3sMt243qtFBVbl7Z4WJYIPFd3jQtLabHHat7o=) - Player Minimum Stats sync
26.03.2025 06:50:50 [ServerPanelConfigRPC]: Gun (dQV0MWQE63QrNRXqd-4btd7ZbIxSfqWMKo6FakQaWEs=) - Config sync
