---------------------------------------------
ServerPanel log started at 04.04.2025 14:01:01

04.04.2025 14:01:01 [ServerPanelLogger]: Will try to create ServerPanel log file in $profile:/ServerPanel/Logs/
04.04.2025 14:01:01 [ServerPanelConfig]: Reading Server Config
04.04.2025 14:01:01 [ServerPanelConfig]: Directory already exists: $profile:/ServerPanel
04.04.2025 14:01:01 [ServerPanelConfig]: Log directory already exists: $profile:/ServerPanel/Logs/
04.04.2025 14:01:01 [ServerPanelConfigRPC]: GetConfigRequest
04.04.2025 14:01:01 [ServerPanelConfigRPC]: SyncPlayerStatsRequest
04.04.2025 14:01:01 [ServerPanelConfigRPC]: SyncSidePanelInfoRequest
04.04.2025 14:01:01 [ServerPanelHelpers]: Initialized ServerPanelBase
04.04.2025 14:35:42 [ServerPanelConfigRPC]: Eric (DT1QFut1v8UN48skN3UnroicVIl_5hTizZZZSwLRxk8=) - Config sync
04.04.2025 14:41:23 [ServerPanelStatsRPC]: Eric (DT1QFut1v8UN48skN3UnroicVIl_5hTizZZZSwLRxk8=) - Player Stats sync
04.04.2025 14:41:23 [ServerPanelStatsRPC]: Eric (DT1QFut1v8UN48skN3UnroicVIl_5hTizZZZSwLRxk8=) - Player Minimum Stats sync
04.04.2025 15:00:51 [ServerPanelConfigRPC]: Eric (DT1QFut1v8UN48skN3UnroicVIl_5hTizZZZSwLRxk8=) - Config sync
04.04.2025 15:04:57 [ServerPanelStatsRPC]: Eric (DT1QFut1v8UN48skN3UnroicVIl_5hTizZZZSwLRxk8=) - Player Stats sync
04.04.2025 15:04:57 [ServerPanelStatsRPC]: Eric (DT1QFut1v8UN48skN3UnroicVIl_5hTizZZZSwLRxk8=) - Player Minimum Stats sync
04.04.2025 15:34:20 [ServerPanelConfigRPC]: Eric (DT1QFut1v8UN48skN3UnroicVIl_5hTizZZZSwLRxk8=) - Config sync
04.04.2025 15:35:19 [ServerPanelStatsRPC]: Eric (DT1QFut1v8UN48skN3UnroicVIl_5hTizZZZSwLRxk8=) - Player Stats sync
04.04.2025 15:35:19 [ServerPanelStatsRPC]: Eric (DT1QFut1v8UN48skN3UnroicVIl_5hTizZZZSwLRxk8=) - Player Minimum Stats sync
04.04.2025 16:01:33 [ServerPanelStatsRPC]: Eric (DT1QFut1v8UN48skN3UnroicVIl_5hTizZZZSwLRxk8=) - Player Stats sync
04.04.2025 16:01:33 [ServerPanelStatsRPC]: Eric (DT1QFut1v8UN48skN3UnroicVIl_5hTizZZZSwLRxk8=) - Player Minimum Stats sync
04.04.2025 16:22:05 [ServerPanelStatsRPC]: Eric (DT1QFut1v8UN48skN3UnroicVIl_5hTizZZZSwLRxk8=) - Player Stats sync
04.04.2025 16:22:06 [ServerPanelStatsRPC]: Eric (DT1QFut1v8UN48skN3UnroicVIl_5hTizZZZSwLRxk8=) - Player Minimum Stats sync
04.04.2025 16:30:42 [ServerPanelStatsRPC]: Eric (DT1QFut1v8UN48skN3UnroicVIl_5hTizZZZSwLRxk8=) - Player Stats sync
04.04.2025 16:30:42 [ServerPanelStatsRPC]: Eric (DT1QFut1v8UN48skN3UnroicVIl_5hTizZZZSwLRxk8=) - Player Minimum Stats sync
04.04.2025 17:03:45 [ServerPanelConfigRPC]: SUS-Alpha-Goin'Dark (m_TD03B4NXDQrU5koHpLq3WyQf1hXTvQSdETJOTM8ss=) - Config sync
