---------------------------------------------
ServerPanel log started at 20.03.2025 22:01:03

20.03.2025 22:01:03 [ServerPanelLogger]: Will try to create ServerPanel log file in $profile:/ServerPanel/Logs/
20.03.2025 22:01:03 [ServerPanelConfig]: Reading Server Config
20.03.2025 22:01:03 [ServerPanelConfig]: Directory already exists: $profile:/ServerPanel
20.03.2025 22:01:03 [ServerPanelConfig]: Log directory already exists: $profile:/ServerPanel/Logs/
20.03.2025 22:01:03 [ServerPanelConfigRPC]: GetConfigRequest
20.03.2025 22:01:03 [ServerPanelConfigRPC]: SyncPlayerStatsRequest
20.03.2025 22:01:03 [ServerPanelConfigRPC]: SyncSidePanelInfoRequest
20.03.2025 22:01:03 [ServerPanelHelpers]: Initialized ServerPanelBase
20.03.2025 22:01:35 [ServerPanelConfigRPC]: F11 Simulator (m_TD03B4NXDQrU5koHpLq3WyQf1hXTvQSdETJOTM8ss=) - Config sync
20.03.2025 22:01:38 [ServerPanelConfigRPC]: Ov3rKi11 (P_LVluee20-ZP_xemam3V_6hnFSPQ6Uqa7dsMv8yuYY=) - Config sync
20.03.2025 22:02:08 [ServerPanelConfigRPC]: Stephanie (OShFqHovj5cC7Mjc5nmU2hT0J6y8CT78KFmoQoNUQoc=) - Config sync
20.03.2025 22:24:38 [ServerPanelConfigRPC]: Stephanie (OShFqHovj5cC7Mjc5nmU2hT0J6y8CT78KFmoQoNUQoc=) - Config sync
20.03.2025 22:24:47 [ServerPanelConfigRPC]: Ov3rKi11 (P_LVluee20-ZP_xemam3V_6hnFSPQ6Uqa7dsMv8yuYY=) - Config sync
20.03.2025 22:39:57 [ServerPanelConfigRPC]: DUSTY PINKY (s8r0CBUvA4m0dDsoAZ-_G4y6F5w2f9qLRLI59dyQZnI=) - Config sync
20.03.2025 22:44:19 [ServerPanelConfigRPC]: London (kOLgOs9yYBFVRQG3lqoHveYdP5X8y3SO69cq5MiR4us=) - Config sync
20.03.2025 22:59:15 [ServerPanelStatsRPC]: London (kOLgOs9yYBFVRQG3lqoHveYdP5X8y3SO69cq5MiR4us=) - Player Stats sync
20.03.2025 22:59:15 [ServerPanelStatsRPC]: London (kOLgOs9yYBFVRQG3lqoHveYdP5X8y3SO69cq5MiR4us=) - Player Minimum Stats sync
20.03.2025 22:59:18 [ServerPanelStatsRPC]: London (kOLgOs9yYBFVRQG3lqoHveYdP5X8y3SO69cq5MiR4us=) - Player Stats sync
20.03.2025 22:59:18 [ServerPanelStatsRPC]: London (kOLgOs9yYBFVRQG3lqoHveYdP5X8y3SO69cq5MiR4us=) - Player Minimum Stats sync
20.03.2025 22:59:20 [ServerPanelStatsRPC]: London (kOLgOs9yYBFVRQG3lqoHveYdP5X8y3SO69cq5MiR4us=) - Player Stats sync
20.03.2025 22:59:20 [ServerPanelStatsRPC]: London (kOLgOs9yYBFVRQG3lqoHveYdP5X8y3SO69cq5MiR4us=) - Player Minimum Stats sync
20.03.2025 23:24:20 [ServerPanelConfigRPC]: Ov3rKi11 (P_LVluee20-ZP_xemam3V_6hnFSPQ6Uqa7dsMv8yuYY=) - Config sync
20.03.2025 23:39:50 [ServerPanelConfigRPC]: F11 Simulator (m_TD03B4NXDQrU5koHpLq3WyQf1hXTvQSdETJOTM8ss=) - Config sync
20.03.2025 23:42:19 [ServerPanelStatsRPC]: London (kOLgOs9yYBFVRQG3lqoHveYdP5X8y3SO69cq5MiR4us=) - Player Stats sync
20.03.2025 23:42:19 [ServerPanelStatsRPC]: London (kOLgOs9yYBFVRQG3lqoHveYdP5X8y3SO69cq5MiR4us=) - Player Minimum Stats sync
21.03.2025 00:12:23 [ServerPanelConfigRPC]: F11 Simulator (m_TD03B4NXDQrU5koHpLq3WyQf1hXTvQSdETJOTM8ss=) - Config sync
21.03.2025 00:12:55 [ServerPanelStatsRPC]: London (kOLgOs9yYBFVRQG3lqoHveYdP5X8y3SO69cq5MiR4us=) - Player Stats sync
21.03.2025 00:12:55 [ServerPanelStatsRPC]: London (kOLgOs9yYBFVRQG3lqoHveYdP5X8y3SO69cq5MiR4us=) - Player Minimum Stats sync
21.03.2025 00:17:03 [ServerPanelConfigRPC]: WeRunIt23 (dOa-dRcX_CV9XKAODdga_Gfbup0MFivrhSeMsvvzo-A=) - Config sync
21.03.2025 00:28:56 [ServerPanelConfigRPC]: F11 Simulator (m_TD03B4NXDQrU5koHpLq3WyQf1hXTvQSdETJOTM8ss=) - Config sync
21.03.2025 00:30:09 [ServerPanelConfigRPC]: London (kOLgOs9yYBFVRQG3lqoHveYdP5X8y3SO69cq5MiR4us=) - Config sync
21.03.2025 00:33:35 [ServerPanelStatsRPC]: London (kOLgOs9yYBFVRQG3lqoHveYdP5X8y3SO69cq5MiR4us=) - Player Stats sync
21.03.2025 00:33:35 [ServerPanelStatsRPC]: London (kOLgOs9yYBFVRQG3lqoHveYdP5X8y3SO69cq5MiR4us=) - Player Minimum Stats sync
21.03.2025 00:38:11 [ServerPanelConfigRPC]: F11 Simulator (m_TD03B4NXDQrU5koHpLq3WyQf1hXTvQSdETJOTM8ss=) - Config sync
21.03.2025 00:38:48 [ServerPanelStatsRPC]: London (kOLgOs9yYBFVRQG3lqoHveYdP5X8y3SO69cq5MiR4us=) - Player Stats sync
21.03.2025 00:38:48 [ServerPanelStatsRPC]: London (kOLgOs9yYBFVRQG3lqoHveYdP5X8y3SO69cq5MiR4us=) - Player Minimum Stats sync
21.03.2025 00:40:03 [ServerPanelStatsRPC]: London (kOLgOs9yYBFVRQG3lqoHveYdP5X8y3SO69cq5MiR4us=) - Player Stats sync
21.03.2025 00:40:03 [ServerPanelStatsRPC]: London (kOLgOs9yYBFVRQG3lqoHveYdP5X8y3SO69cq5MiR4us=) - Player Minimum Stats sync
21.03.2025 00:40:09 [ServerPanelStatsRPC]: London (kOLgOs9yYBFVRQG3lqoHveYdP5X8y3SO69cq5MiR4us=) - Player Stats sync
21.03.2025 00:40:09 [ServerPanelStatsRPC]: London (kOLgOs9yYBFVRQG3lqoHveYdP5X8y3SO69cq5MiR4us=) - Player Minimum Stats sync
21.03.2025 00:40:33 [ServerPanelStatsRPC]: London (kOLgOs9yYBFVRQG3lqoHveYdP5X8y3SO69cq5MiR4us=) - Player Stats sync
21.03.2025 00:40:33 [ServerPanelStatsRPC]: London (kOLgOs9yYBFVRQG3lqoHveYdP5X8y3SO69cq5MiR4us=) - Player Minimum Stats sync
21.03.2025 00:41:14 [ServerPanelStatsRPC]: London (kOLgOs9yYBFVRQG3lqoHveYdP5X8y3SO69cq5MiR4us=) - Player Stats sync
21.03.2025 00:41:14 [ServerPanelStatsRPC]: London (kOLgOs9yYBFVRQG3lqoHveYdP5X8y3SO69cq5MiR4us=) - Player Minimum Stats sync
21.03.2025 00:42:48 [ServerPanelConfigRPC]: WeRunIt23 (dOa-dRcX_CV9XKAODdga_Gfbup0MFivrhSeMsvvzo-A=) - Config sync
21.03.2025 00:50:34 [ServerPanelStatsRPC]: WeRunIt23 (dOa-dRcX_CV9XKAODdga_Gfbup0MFivrhSeMsvvzo-A=) - Player Stats sync
21.03.2025 00:50:34 [ServerPanelStatsRPC]: WeRunIt23 (dOa-dRcX_CV9XKAODdga_Gfbup0MFivrhSeMsvvzo-A=) - Player Minimum Stats sync
21.03.2025 01:02:37 [ServerPanelConfigRPC]: RoccoSiffredi (l4kwJ2gLGmsDYCqNujWIV3-FA3idHE52W7FlccSTvbg=) - Config sync
21.03.2025 01:37:50 [ServerPanelConfigRPC]: CracklinOatBranCereal (nsXTBdceXa3UBnQ4bQCu_T4oOASZ3Wo1_7Zla-psVPA=) - Config sync
21.03.2025 01:38:12 [ServerPanelStatsRPC]: CracklinOatBranCereal (nsXTBdceXa3UBnQ4bQCu_T4oOASZ3Wo1_7Zla-psVPA=) - Player Stats sync
21.03.2025 01:38:12 [ServerPanelStatsRPC]: CracklinOatBranCereal (nsXTBdceXa3UBnQ4bQCu_T4oOASZ3Wo1_7Zla-psVPA=) - Player Minimum Stats sync
21.03.2025 02:17:37 [ServerPanelConfigRPC]: Christiandarkan (FMRYBAefGQ5HYZCE5oLCejpgzMBxT1mAzSnVQ_rde_I=) - Config sync
21.03.2025 02:26:13 [ServerPanelConfigRPC]: Christiandarkan (FMRYBAefGQ5HYZCE5oLCejpgzMBxT1mAzSnVQ_rde_I=) - Config sync
21.03.2025 02:38:53 [ServerPanelConfigRPC]: Christiandarkan (FMRYBAefGQ5HYZCE5oLCejpgzMBxT1mAzSnVQ_rde_I=) - Config sync
21.03.2025 02:52:48 [ServerPanelConfigRPC]: Christiandarkan (FMRYBAefGQ5HYZCE5oLCejpgzMBxT1mAzSnVQ_rde_I=) - Config sync
