---------------------------------------------
ServerPanel log started at 29.03.2025 03:01:08

29.03.2025 03:01:08 [ServerPanelLogger]: Will try to create ServerPanel log file in $profile:/ServerPanel/Logs/
29.03.2025 03:01:08 [ServerPanelConfig]: Reading Server Config
29.03.2025 03:01:08 [ServerPanelConfig]: Directory already exists: $profile:/ServerPanel
29.03.2025 03:01:08 [ServerPanelConfig]: Log directory already exists: $profile:/ServerPanel/Logs/
29.03.2025 03:01:08 [ServerPanelConfigRPC]: GetConfigRequest
29.03.2025 03:01:08 [ServerPanelConfigRPC]: SyncPlayerStatsRequest
29.03.2025 03:01:08 [ServerPanelConfigRPC]: SyncSidePanelInfoRequest
29.03.2025 03:01:08 [ServerPanelHelpers]: Initialized ServerPanelBase
29.03.2025 04:48:40 [ServerPanelConfigRPC]: BolbyCheez (SW5c8LwZJpjoNf4Vhp8j7PhK3OI54VEXx4TRlQeef_k=) - Config sync
29.03.2025 04:53:14 [ServerPanelConfigRPC]: kid_thicarus (PCa2rHYMSoktREnBdCJhud3yF7sSVJm0VfvU9nkLX9I=) - Config sync
29.03.2025 04:55:32 [ServerPanelConfigRPC]: kid_thicarus (PCa2rHYMSoktREnBdCJhud3yF7sSVJm0VfvU9nkLX9I=) - Config sync
29.03.2025 05:17:22 [ServerPanelConfigRPC]: Gun (dQV0MWQE63QrNRXqd-4btd7ZbIxSfqWMKo6FakQaWEs=) - Config sync
29.03.2025 05:30:48 [ServerPanelConfigRPC]: Sir Trippy (qZqolO4hbF2D7i2SHl6eLqgMczahG7_bAPkC9G_OL68=) - Config sync
29.03.2025 06:03:12 [ServerPanelConfigRPC]: Gun (dQV0MWQE63QrNRXqd-4btd7ZbIxSfqWMKo6FakQaWEs=) - Config sync
29.03.2025 06:04:00 [ServerPanelConfigRPC]: Gun (dQV0MWQE63QrNRXqd-4btd7ZbIxSfqWMKo6FakQaWEs=) - Config sync
29.03.2025 06:38:43 [ServerPanelConfigRPC]: HoldOn (m_TD03B4NXDQrU5koHpLq3WyQf1hXTvQSdETJOTM8ss=) - Config sync
29.03.2025 06:40:22 [ServerPanelConfigRPC]: Authority (kOLgOs9yYBFVRQG3lqoHveYdP5X8y3SO69cq5MiR4us=) - Config sync
29.03.2025 06:46:47 [ServerPanelStatsRPC]: Authority (kOLgOs9yYBFVRQG3lqoHveYdP5X8y3SO69cq5MiR4us=) - Player Stats sync
29.03.2025 06:46:47 [ServerPanelStatsRPC]: Authority (kOLgOs9yYBFVRQG3lqoHveYdP5X8y3SO69cq5MiR4us=) - Player Minimum Stats sync
29.03.2025 06:46:58 [ServerPanelStatsRPC]: Authority (kOLgOs9yYBFVRQG3lqoHveYdP5X8y3SO69cq5MiR4us=) - Player Stats sync
29.03.2025 06:46:58 [ServerPanelStatsRPC]: Authority (kOLgOs9yYBFVRQG3lqoHveYdP5X8y3SO69cq5MiR4us=) - Player Minimum Stats sync
