---------------------------------------------
ServerPanel log started at 24.03.2025 22:01:05

24.03.2025 22:01:05 [ServerPanelLogger]: Will try to create ServerPanel log file in $profile:/ServerPanel/Logs/
24.03.2025 22:01:05 [ServerPanelConfig]: Reading Server Config
24.03.2025 22:01:05 [ServerPanelConfig]: Directory already exists: $profile:/ServerPanel
24.03.2025 22:01:05 [ServerPanelConfig]: Log directory already exists: $profile:/ServerPanel/Logs/
24.03.2025 22:01:05 [ServerPanelConfigRPC]: GetConfigRequest
24.03.2025 22:01:05 [ServerPanelConfigRPC]: SyncPlayerStatsRequest
24.03.2025 22:01:05 [ServerPanelConfigRPC]: SyncSidePanelInfoRequest
24.03.2025 22:01:05 [ServerPanelHelpers]: Initialized ServerPanelBase
24.03.2025 22:01:43 [ServerPanelConfigRPC]: DUSTY PINKY (s8r0CBUvA4m0dDsoAZ-_G4y6F5w2f9qLRLI59dyQZnI=) - Config sync
24.03.2025 22:02:05 [ServerPanelConfigRPC]: Bobbo9800 (MCfIe5FF7RPGHLKNemx3Z9UbFXbKnU1PidQIKdoDQho=) - Config sync
24.03.2025 22:03:47 [ServerPanelConfigRPC]: Mard (OAEsqfVu9Ya3qx3X2Q_PgbpxSoSDXOIUHhH8VWVuumk=) - Config sync
24.03.2025 22:22:55 [ServerPanelConfigRPC]: Trippdaddy (tFNVR4lJXlK7ys1rjXeU2WO2Frslyl9y8mq3pLuXeXg=) - Config sync
24.03.2025 22:25:05 [ServerPanelConfigRPC]: babyalfredo (amexATdYpRnRgir1Oa5WyemQasKtdzgXxA3GmwOS2P8=) - Config sync
24.03.2025 22:44:08 [ServerPanelConfigRPC]: Trippdaddy (tFNVR4lJXlK7ys1rjXeU2WO2Frslyl9y8mq3pLuXeXg=) - Config sync
24.03.2025 22:46:15 [ServerPanelStatsRPC]: Mard (OAEsqfVu9Ya3qx3X2Q_PgbpxSoSDXOIUHhH8VWVuumk=) - Player Stats sync
24.03.2025 22:46:15 [ServerPanelStatsRPC]: Mard (OAEsqfVu9Ya3qx3X2Q_PgbpxSoSDXOIUHhH8VWVuumk=) - Player Minimum Stats sync
24.03.2025 22:50:26 [ServerPanelStatsRPC]: Mard (OAEsqfVu9Ya3qx3X2Q_PgbpxSoSDXOIUHhH8VWVuumk=) - Player Stats sync
24.03.2025 22:50:26 [ServerPanelStatsRPC]: Mard (OAEsqfVu9Ya3qx3X2Q_PgbpxSoSDXOIUHhH8VWVuumk=) - Player Minimum Stats sync
24.03.2025 22:50:56 [ServerPanelStatsRPC]: Mard (OAEsqfVu9Ya3qx3X2Q_PgbpxSoSDXOIUHhH8VWVuumk=) - Player Stats sync
24.03.2025 22:50:56 [ServerPanelStatsRPC]: Mard (OAEsqfVu9Ya3qx3X2Q_PgbpxSoSDXOIUHhH8VWVuumk=) - Player Minimum Stats sync
24.03.2025 23:29:49 [ServerPanelStatsRPC]: Mard (OAEsqfVu9Ya3qx3X2Q_PgbpxSoSDXOIUHhH8VWVuumk=) - Player Stats sync
24.03.2025 23:29:49 [ServerPanelStatsRPC]: Mard (OAEsqfVu9Ya3qx3X2Q_PgbpxSoSDXOIUHhH8VWVuumk=) - Player Minimum Stats sync
25.03.2025 00:06:54 [ServerPanelConfigRPC]: DUSTY PINKY (s8r0CBUvA4m0dDsoAZ-_G4y6F5w2f9qLRLI59dyQZnI=) - Config sync
25.03.2025 00:23:01 [ServerPanelConfigRPC]: babyalfredo (amexATdYpRnRgir1Oa5WyemQasKtdzgXxA3GmwOS2P8=) - Config sync
25.03.2025 02:26:48 [ServerPanelConfigRPC]: Saz (YHLo2WDmi_EvfumrqV1ZHm_645vwtBS3yzLv3lpmXxs=) - Config sync
