---------------------------------------------
ServerPanel log started at 05.04.2025 06:01:04

05.04.2025 06:01:04 [ServerPanelLogger]: Will try to create ServerPanel log file in $profile:/ServerPanel/Logs/
05.04.2025 06:01:04 [ServerPanelConfig]: Reading Server Config
05.04.2025 06:01:04 [ServerPanelConfig]: Directory already exists: $profile:/ServerPanel
05.04.2025 06:01:04 [ServerPanelConfig]: Log directory already exists: $profile:/ServerPanel/Logs/
05.04.2025 06:01:04 [ServerPanelConfigRPC]: GetConfigRequest
05.04.2025 06:01:04 [ServerPanelConfigRPC]: SyncPlayerStatsRequest
05.04.2025 06:01:04 [ServerPanelConfigRPC]: SyncSidePanelInfoRequest
05.04.2025 06:01:04 [ServerPanelHelpers]: Initialized ServerPanelBase
05.04.2025 06:01:40 [ServerPanelConfigRPC]: SUS-Alpha-Goin'Dark (m_TD03B4NXDQrU5koHpLq3WyQf1hXTvQSdETJOTM8ss=) - Config sync
05.04.2025 06:01:41 [ServerPanelConfigRPC]: Demon (PhjcSpdDlcniqvIRjG2Nvju16VFUg8XDMgChzEnNJKI=) - Config sync
05.04.2025 06:01:51 [ServerPanelConfigRPC]: SUS-Bravo-Goin'Dark (kOLgOs9yYBFVRQG3lqoHveYdP5X8y3SO69cq5MiR4us=) - Config sync
05.04.2025 06:05:36 [ServerPanelStatsRPC]: SUS-Bravo-Goin'Dark (kOLgOs9yYBFVRQG3lqoHveYdP5X8y3SO69cq5MiR4us=) - Player Stats sync
05.04.2025 06:05:36 [ServerPanelStatsRPC]: SUS-Bravo-Goin'Dark (kOLgOs9yYBFVRQG3lqoHveYdP5X8y3SO69cq5MiR4us=) - Player Minimum Stats sync
05.04.2025 06:06:55 [ServerPanelConfigRPC]: DUSTY PINKY (s8r0CBUvA4m0dDsoAZ-_G4y6F5w2f9qLRLI59dyQZnI=) - Config sync
05.04.2025 06:17:19 [ServerPanelStatsRPC]: SUS-Bravo-Goin'Dark (kOLgOs9yYBFVRQG3lqoHveYdP5X8y3SO69cq5MiR4us=) - Player Stats sync
05.04.2025 06:17:19 [ServerPanelStatsRPC]: SUS-Bravo-Goin'Dark (kOLgOs9yYBFVRQG3lqoHveYdP5X8y3SO69cq5MiR4us=) - Player Minimum Stats sync
05.04.2025 06:21:03 [ServerPanelConfigRPC]: DUSTY PINKY (s8r0CBUvA4m0dDsoAZ-_G4y6F5w2f9qLRLI59dyQZnI=) - Config sync
05.04.2025 06:23:25 [ServerPanelStatsRPC]: DUSTY PINKY (s8r0CBUvA4m0dDsoAZ-_G4y6F5w2f9qLRLI59dyQZnI=) - Player Stats sync
05.04.2025 06:23:25 [ServerPanelStatsRPC]: DUSTY PINKY (s8r0CBUvA4m0dDsoAZ-_G4y6F5w2f9qLRLI59dyQZnI=) - Player Minimum Stats sync
05.04.2025 06:36:03 [ServerPanelConfigRPC]: DUSTY PINKY (s8r0CBUvA4m0dDsoAZ-_G4y6F5w2f9qLRLI59dyQZnI=) - Config sync
05.04.2025 06:47:40 [ServerPanelConfigRPC]: DUSTY PINKY (s8r0CBUvA4m0dDsoAZ-_G4y6F5w2f9qLRLI59dyQZnI=) - Config sync
05.04.2025 06:48:56 [ServerPanelConfigRPC]: SUS-Alpha-Goin'Dark (m_TD03B4NXDQrU5koHpLq3WyQf1hXTvQSdETJOTM8ss=) - Config sync
05.04.2025 06:58:06 [ServerPanelConfigRPC]: DUSTY PINKY (s8r0CBUvA4m0dDsoAZ-_G4y6F5w2f9qLRLI59dyQZnI=) - Config sync
05.04.2025 07:10:32 [ServerPanelConfigRPC]: DUSTY PINKY (s8r0CBUvA4m0dDsoAZ-_G4y6F5w2f9qLRLI59dyQZnI=) - Config sync
05.04.2025 07:11:48 [ServerPanelStatsRPC]: DUSTY PINKY (s8r0CBUvA4m0dDsoAZ-_G4y6F5w2f9qLRLI59dyQZnI=) - Player Stats sync
05.04.2025 07:11:48 [ServerPanelStatsRPC]: DUSTY PINKY (s8r0CBUvA4m0dDsoAZ-_G4y6F5w2f9qLRLI59dyQZnI=) - Player Minimum Stats sync
05.04.2025 08:03:35 [ServerPanelConfigRPC]: Chukk (d7M5yYza6upjhgYoj1kBsOsf-qF8GrT2g4VGrUG99pM=) - Config sync
05.04.2025 09:06:42 [ServerPanelConfigRPC]: Kyma (fVpKi1QM3XWUFD-MRt7Z2tIj9G_sYf21_LAnW2Kmnqg=) - Config sync
05.04.2025 09:33:05 [ServerPanelConfigRPC]: OverKill (P_LVluee20-ZP_xemam3V_6hnFSPQ6Uqa7dsMv8yuYY=) - Config sync
