---------------------------------------------
ServerPanel log started at 04.04.2025 21:01:03

04.04.2025 21:01:03 [ServerPanelLogger]: Will try to create ServerPanel log file in $profile:/ServerPanel/Logs/
04.04.2025 21:01:03 [ServerPanelConfig]: Reading Server Config
04.04.2025 21:01:03 [ServerPanelConfig]: Directory already exists: $profile:/ServerPanel
04.04.2025 21:01:03 [ServerPanelConfig]: Log directory already exists: $profile:/ServerPanel/Logs/
04.04.2025 21:01:03 [ServerPanelConfigRPC]: GetConfigRequest
04.04.2025 21:01:03 [ServerPanelConfigRPC]: SyncPlayerStatsRequest
04.04.2025 21:01:03 [ServerPanelConfigRPC]: SyncSidePanelInfoRequest
04.04.2025 21:01:03 [ServerPanelHelpers]: Initialized ServerPanelBase
04.04.2025 21:01:43 [ServerPanelConfigRPC]: MrWowaWowa (wBwiybhmqSv3IfINgIr99PhPwxKwXc4RCt6SZurIBXQ=) - Config sync
04.04.2025 21:02:07 [ServerPanelConfigRPC]: Eric (DT1QFut1v8UN48skN3UnroicVIl_5hTizZZZSwLRxk8=) - Config sync
04.04.2025 21:02:55 [ServerPanelConfigRPC]: MaHxMi3 | Slayer (_AqICEBF10fARr_5J1u6RE7mqS8sFkumFiqXBfcXjhU=) - Config sync
04.04.2025 21:07:32 [ServerPanelStatsRPC]: Eric (DT1QFut1v8UN48skN3UnroicVIl_5hTizZZZSwLRxk8=) - Player Stats sync
04.04.2025 21:07:32 [ServerPanelStatsRPC]: Eric (DT1QFut1v8UN48skN3UnroicVIl_5hTizZZZSwLRxk8=) - Player Minimum Stats sync
04.04.2025 21:10:14 [ServerPanelStatsRPC]: Eric (DT1QFut1v8UN48skN3UnroicVIl_5hTizZZZSwLRxk8=) - Player Stats sync
04.04.2025 21:10:14 [ServerPanelStatsRPC]: Eric (DT1QFut1v8UN48skN3UnroicVIl_5hTizZZZSwLRxk8=) - Player Minimum Stats sync
04.04.2025 21:34:12 [ServerPanelStatsRPC]: Eric (DT1QFut1v8UN48skN3UnroicVIl_5hTizZZZSwLRxk8=) - Player Stats sync
04.04.2025 21:34:12 [ServerPanelStatsRPC]: Eric (DT1QFut1v8UN48skN3UnroicVIl_5hTizZZZSwLRxk8=) - Player Minimum Stats sync
04.04.2025 22:02:45 [ServerPanelStatsRPC]: Eric (DT1QFut1v8UN48skN3UnroicVIl_5hTizZZZSwLRxk8=) - Player Stats sync
04.04.2025 22:02:45 [ServerPanelStatsRPC]: Eric (DT1QFut1v8UN48skN3UnroicVIl_5hTizZZZSwLRxk8=) - Player Minimum Stats sync
04.04.2025 22:02:48 [ServerPanelConfigRPC]: Intruder (VCCXa5z0PvNuApK0J5mfYMZSHb_q9DB8VTnM5OLUKRw=) - Config sync
04.04.2025 22:02:52 [ServerPanelStatsRPC]: Eric (DT1QFut1v8UN48skN3UnroicVIl_5hTizZZZSwLRxk8=) - Player Stats sync
04.04.2025 22:02:52 [ServerPanelStatsRPC]: Eric (DT1QFut1v8UN48skN3UnroicVIl_5hTizZZZSwLRxk8=) - Player Minimum Stats sync
04.04.2025 22:03:48 [ServerPanelStatsRPC]: Eric (DT1QFut1v8UN48skN3UnroicVIl_5hTizZZZSwLRxk8=) - Player Stats sync
04.04.2025 22:03:48 [ServerPanelStatsRPC]: Eric (DT1QFut1v8UN48skN3UnroicVIl_5hTizZZZSwLRxk8=) - Player Minimum Stats sync
04.04.2025 22:20:08 [ServerPanelStatsRPC]: MrWowaWowa (wBwiybhmqSv3IfINgIr99PhPwxKwXc4RCt6SZurIBXQ=) - Player Stats sync
04.04.2025 22:20:08 [ServerPanelStatsRPC]: MrWowaWowa (wBwiybhmqSv3IfINgIr99PhPwxKwXc4RCt6SZurIBXQ=) - Player Minimum Stats sync
04.04.2025 22:20:09 [ServerPanelStatsRPC]: Eric (DT1QFut1v8UN48skN3UnroicVIl_5hTizZZZSwLRxk8=) - Player Stats sync
04.04.2025 22:20:09 [ServerPanelStatsRPC]: Eric (DT1QFut1v8UN48skN3UnroicVIl_5hTizZZZSwLRxk8=) - Player Minimum Stats sync
04.04.2025 22:39:38 [ServerPanelStatsRPC]: MrWowaWowa (wBwiybhmqSv3IfINgIr99PhPwxKwXc4RCt6SZurIBXQ=) - Player Stats sync
04.04.2025 22:39:38 [ServerPanelStatsRPC]: MrWowaWowa (wBwiybhmqSv3IfINgIr99PhPwxKwXc4RCt6SZurIBXQ=) - Player Minimum Stats sync
04.04.2025 23:05:14 [ServerPanelConfigRPC]: Dizzy (tQ7rIW6zr1nMQE8A7uzpLc_GJHb0_QwfchGPoHeKVOQ=) - Config sync
04.04.2025 23:14:08 [ServerPanelConfigRPC]: Ov3rKi11 (P_LVluee20-ZP_xemam3V_6hnFSPQ6Uqa7dsMv8yuYY=) - Config sync
04.04.2025 23:55:31 [ServerPanelStatsRPC]: Eric (DT1QFut1v8UN48skN3UnroicVIl_5hTizZZZSwLRxk8=) - Player Stats sync
04.04.2025 23:55:31 [ServerPanelStatsRPC]: Eric (DT1QFut1v8UN48skN3UnroicVIl_5hTizZZZSwLRxk8=) - Player Minimum Stats sync
04.04.2025 23:56:14 [ServerPanelStatsRPC]: MrWowaWowa (wBwiybhmqSv3IfINgIr99PhPwxKwXc4RCt6SZurIBXQ=) - Player Stats sync
04.04.2025 23:56:14 [ServerPanelStatsRPC]: MrWowaWowa (wBwiybhmqSv3IfINgIr99PhPwxKwXc4RCt6SZurIBXQ=) - Player Minimum Stats sync
05.04.2025 00:28:38 [ServerPanelStatsRPC]: Eric (DT1QFut1v8UN48skN3UnroicVIl_5hTizZZZSwLRxk8=) - Player Stats sync
05.04.2025 00:28:38 [ServerPanelStatsRPC]: Eric (DT1QFut1v8UN48skN3UnroicVIl_5hTizZZZSwLRxk8=) - Player Minimum Stats sync
