---------------------------------------------
ServerPanel log started at 25.03.2025 11:50:39

25.03.2025 11:50:39 [ServerPanelLogger]: Will try to create ServerPanel log file in $profile:/ServerPanel/Logs/
25.03.2025 11:50:39 [ServerPanelConfig]: Reading Server Config
25.03.2025 11:50:39 [ServerPanelConfig]: Directory already exists: $profile:/ServerPanel
25.03.2025 11:50:39 [ServerPanelConfig]: Log directory already exists: $profile:/ServerPanel/Logs/
25.03.2025 11:50:39 [ServerPanelConfigRPC]: GetConfigRequest
25.03.2025 11:50:39 [ServerPanelConfigRPC]: SyncPlayerStatsRequest
25.03.2025 11:50:39 [ServerPanelConfigRPC]: SyncSidePanelInfoRequest
25.03.2025 11:50:39 [ServerPanelHelpers]: Initialized ServerPanelBase
25.03.2025 11:58:35 [ServerPanelConfigRPC]: Gun (dQV0MWQE63QrNRXqd-4btd7ZbIxSfqWMKo6FakQaWEs=) - Config sync
25.03.2025 14:04:19 [ServerPanelConfigRPC]: Eric (DT1QFut1v8UN48skN3UnroicVIl_5hTizZZZSwLRxk8=) - Config sync
25.03.2025 14:04:44 [ServerPanelStatsRPC]: Eric (DT1QFut1v8UN48skN3UnroicVIl_5hTizZZZSwLRxk8=) - Player Stats sync
25.03.2025 14:04:44 [ServerPanelStatsRPC]: Eric (DT1QFut1v8UN48skN3UnroicVIl_5hTizZZZSwLRxk8=) - Player Minimum Stats sync
25.03.2025 14:19:11 [ServerPanelConfigRPC]: ElBizzy (zazFLAJ4lPF6TvVQMMREjst1jC8o_Id9oh_TjGBwaP8=) - Config sync
25.03.2025 14:21:07 [ServerPanelStatsRPC]: ElBizzy (zazFLAJ4lPF6TvVQMMREjst1jC8o_Id9oh_TjGBwaP8=) - Player Stats sync
25.03.2025 14:21:07 [ServerPanelStatsRPC]: ElBizzy (zazFLAJ4lPF6TvVQMMREjst1jC8o_Id9oh_TjGBwaP8=) - Player Minimum Stats sync
25.03.2025 14:23:14 [ServerPanelStatsRPC]: ElBizzy (zazFLAJ4lPF6TvVQMMREjst1jC8o_Id9oh_TjGBwaP8=) - Player Stats sync
25.03.2025 14:23:14 [ServerPanelStatsRPC]: ElBizzy (zazFLAJ4lPF6TvVQMMREjst1jC8o_Id9oh_TjGBwaP8=) - Player Minimum Stats sync
25.03.2025 14:28:38 [ServerPanelStatsRPC]: ElBizzy (zazFLAJ4lPF6TvVQMMREjst1jC8o_Id9oh_TjGBwaP8=) - Player Stats sync
25.03.2025 14:28:38 [ServerPanelStatsRPC]: ElBizzy (zazFLAJ4lPF6TvVQMMREjst1jC8o_Id9oh_TjGBwaP8=) - Player Minimum Stats sync
25.03.2025 14:38:05 [ServerPanelStatsRPC]: ElBizzy (zazFLAJ4lPF6TvVQMMREjst1jC8o_Id9oh_TjGBwaP8=) - Player Stats sync
25.03.2025 14:38:05 [ServerPanelStatsRPC]: ElBizzy (zazFLAJ4lPF6TvVQMMREjst1jC8o_Id9oh_TjGBwaP8=) - Player Minimum Stats sync
