---------------------------------------------
ServerPanel log started at 22.03.2025 07:01:07

22.03.2025 07:01:07 [ServerPanelLogger]: Will try to create ServerPanel log file in $profile:/ServerPanel/Logs/
22.03.2025 07:01:07 [ServerPanelConfig]: Reading Server Config
22.03.2025 07:01:07 [ServerPanelConfig]: Directory already exists: $profile:/ServerPanel
22.03.2025 07:01:07 [ServerPanelConfig]: Log directory already exists: $profile:/ServerPanel/Logs/
22.03.2025 07:01:07 [ServerPanelConfigRPC]: GetConfigRequest
22.03.2025 07:01:07 [ServerPanelConfigRPC]: SyncPlayerStatsRequest
22.03.2025 07:01:07 [ServerPanelConfigRPC]: SyncSidePanelInfoRequest
22.03.2025 07:01:07 [ServerPanelHelpers]: Initialized ServerPanelBase
22.03.2025 08:57:39 [ServerPanelConfigRPC]: Mard (OAEsqfVu9Ya3qx3X2Q_PgbpxSoSDXOIUHhH8VWVuumk=) - Config sync
22.03.2025 09:03:54 [ServerPanelStatsRPC]: Mard (OAEsqfVu9Ya3qx3X2Q_PgbpxSoSDXOIUHhH8VWVuumk=) - Player Stats sync
22.03.2025 09:03:54 [ServerPanelStatsRPC]: Mard (OAEsqfVu9Ya3qx3X2Q_PgbpxSoSDXOIUHhH8VWVuumk=) - Player Minimum Stats sync
22.03.2025 09:18:11 [ServerPanelStatsRPC]: Mard (OAEsqfVu9Ya3qx3X2Q_PgbpxSoSDXOIUHhH8VWVuumk=) - Player Stats sync
22.03.2025 09:18:11 [ServerPanelStatsRPC]: Mard (OAEsqfVu9Ya3qx3X2Q_PgbpxSoSDXOIUHhH8VWVuumk=) - Player Minimum Stats sync
22.03.2025 09:44:44 [ServerPanelStatsRPC]: Mard (OAEsqfVu9Ya3qx3X2Q_PgbpxSoSDXOIUHhH8VWVuumk=) - Player Stats sync
22.03.2025 09:44:44 [ServerPanelStatsRPC]: Mard (OAEsqfVu9Ya3qx3X2Q_PgbpxSoSDXOIUHhH8VWVuumk=) - Player Minimum Stats sync
22.03.2025 10:27:14 [ServerPanelConfigRPC]: Ov3rKi11 (P_LVluee20-ZP_xemam3V_6hnFSPQ6Uqa7dsMv8yuYY=) - Config sync
22.03.2025 10:35:08 [ServerPanelStatsRPC]: Mard (OAEsqfVu9Ya3qx3X2Q_PgbpxSoSDXOIUHhH8VWVuumk=) - Player Stats sync
22.03.2025 10:35:08 [ServerPanelStatsRPC]: Mard (OAEsqfVu9Ya3qx3X2Q_PgbpxSoSDXOIUHhH8VWVuumk=) - Player Minimum Stats sync
22.03.2025 10:39:49 [ServerPanelConfigRPC]: Stephanie (OShFqHovj5cC7Mjc5nmU2hT0J6y8CT78KFmoQoNUQoc=) - Config sync
22.03.2025 10:52:14 [ServerPanelConfigRPC]: DUSTY PINKY (s8r0CBUvA4m0dDsoAZ-_G4y6F5w2f9qLRLI59dyQZnI=) - Config sync
