---------------------------------------------
ServerPanel log started at 27.03.2025 03:01:08

27.03.2025 03:01:08 [ServerPanelLogger]: Will try to create ServerPanel log file in $profile:/ServerPanel/Logs/
27.03.2025 03:01:08 [ServerPanelConfig]: Reading Server Config
27.03.2025 03:01:08 [ServerPanelConfig]: Directory already exists: $profile:/ServerPanel
27.03.2025 03:01:08 [ServerPanelConfig]: Log directory already exists: $profile:/ServerPanel/Logs/
27.03.2025 03:01:08 [ServerPanelConfigRPC]: GetConfigRequest
27.03.2025 03:01:08 [ServerPanelConfigRPC]: SyncPlayerStatsRequest
27.03.2025 03:01:08 [ServerPanelConfigRPC]: SyncSidePanelInfoRequest
27.03.2025 03:01:08 [ServerPanelHelpers]: Initialized ServerPanelBase
27.03.2025 03:02:25 [ServerPanelConfigRPC]: QuickSilver1221 (8VmSLnSQp_MuVeEslDbEY-CdAYRH_jfejIzMoWisN_4=) - Config sync
27.03.2025 03:07:24 [ServerPanelConfigRPC]: kid_thicarus (PCa2rHYMSoktREnBdCJhud3yF7sSVJm0VfvU9nkLX9I=) - Config sync
27.03.2025 03:08:54 [ServerPanelConfigRPC]: BolbyCheez (SW5c8LwZJpjoNf4Vhp8j7PhK3OI54VEXx4TRlQeef_k=) - Config sync
27.03.2025 04:02:10 [ServerPanelConfigRPC]: BolbyCheez (SW5c8LwZJpjoNf4Vhp8j7PhK3OI54VEXx4TRlQeef_k=) - Config sync
27.03.2025 04:06:20 [ServerPanelConfigRPC]: BolbyCheez (SW5c8LwZJpjoNf4Vhp8j7PhK3OI54VEXx4TRlQeef_k=) - Config sync
27.03.2025 04:16:13 [ServerPanelConfigRPC]: BolbyCheez (SW5c8LwZJpjoNf4Vhp8j7PhK3OI54VEXx4TRlQeef_k=) - Config sync
27.03.2025 04:31:50 [ServerPanelConfigRPC]: Gun (dQV0MWQE63QrNRXqd-4btd7ZbIxSfqWMKo6FakQaWEs=) - Config sync
27.03.2025 06:03:31 [ServerPanelConfigRPC]: MrWowaWowa (wBwiybhmqSv3IfINgIr99PhPwxKwXc4RCt6SZurIBXQ=) - Config sync
27.03.2025 06:05:05 [ServerPanelStatsRPC]: MrWowaWowa (wBwiybhmqSv3IfINgIr99PhPwxKwXc4RCt6SZurIBXQ=) - Player Stats sync
27.03.2025 06:05:05 [ServerPanelStatsRPC]: MrWowaWowa (wBwiybhmqSv3IfINgIr99PhPwxKwXc4RCt6SZurIBXQ=) - Player Minimum Stats sync
