---------------------------------------------
ServerPanel log started at 26.03.2025 15:01:10

26.03.2025 15:01:10 [ServerPanelLogger]: Will try to create ServerPanel log file in $profile:/ServerPanel/Logs/
26.03.2025 15:01:10 [ServerPanelConfig]: Reading Server Config
26.03.2025 15:01:10 [ServerPanelConfig]: Directory already exists: $profile:/ServerPanel
26.03.2025 15:01:10 [ServerPanelConfig]: Log directory already exists: $profile:/ServerPanel/Logs/
26.03.2025 15:01:10 [ServerPanelConfigRPC]: GetConfigRequest
26.03.2025 15:01:10 [ServerPanelConfigRPC]: SyncPlayerStatsRequest
26.03.2025 15:01:10 [ServerPanelConfigRPC]: SyncSidePanelInfoRequest
26.03.2025 15:01:10 [ServerPanelHelpers]: Initialized ServerPanelBase
26.03.2025 15:02:14 [ServerPanelConfigRPC]: Vichoorosky (tlRNjo629rSh-ytt0v54ULlTd6oiQUCIkMijHvbRzdE=) - Config sync
26.03.2025 15:02:15 [ServerPanelConfigRPC]: Eric (DT1QFut1v8UN48skN3UnroicVIl_5hTizZZZSwLRxk8=) - Config sync
26.03.2025 15:02:37 [ServerPanelStatsRPC]: Eric (DT1QFut1v8UN48skN3UnroicVIl_5hTizZZZSwLRxk8=) - Player Stats sync
26.03.2025 15:02:37 [ServerPanelStatsRPC]: Eric (DT1QFut1v8UN48skN3UnroicVIl_5hTizZZZSwLRxk8=) - Player Minimum Stats sync
26.03.2025 15:46:28 [ServerPanelConfigRPC]: space (UGg48lidZt1dHmok1FLocJ5YccSNKAJS5TzpZ6TNdG4=) - Config sync
26.03.2025 16:01:59 [ServerPanelConfigRPC]: London (kOLgOs9yYBFVRQG3lqoHveYdP5X8y3SO69cq5MiR4us=) - Config sync
26.03.2025 16:02:08 [ServerPanelConfigRPC]: F11 Simulator (m_TD03B4NXDQrU5koHpLq3WyQf1hXTvQSdETJOTM8ss=) - Config sync
26.03.2025 16:02:15 [ServerPanelStatsRPC]: Eric (DT1QFut1v8UN48skN3UnroicVIl_5hTizZZZSwLRxk8=) - Player Stats sync
26.03.2025 16:02:15 [ServerPanelStatsRPC]: Eric (DT1QFut1v8UN48skN3UnroicVIl_5hTizZZZSwLRxk8=) - Player Minimum Stats sync
26.03.2025 16:02:21 [ServerPanelConfigRPC]: Druss (mvB_p65s26M1iDgS3KgKpm-UzbAyYM5rER5IINF2xI0=) - Config sync
26.03.2025 16:05:08 [ServerPanelConfigRPC]: Druss (mvB_p65s26M1iDgS3KgKpm-UzbAyYM5rER5IINF2xI0=) - Config sync
26.03.2025 16:09:13 [ServerPanelStatsRPC]: London (kOLgOs9yYBFVRQG3lqoHveYdP5X8y3SO69cq5MiR4us=) - Player Stats sync
26.03.2025 16:09:13 [ServerPanelStatsRPC]: London (kOLgOs9yYBFVRQG3lqoHveYdP5X8y3SO69cq5MiR4us=) - Player Minimum Stats sync
26.03.2025 16:09:20 [ServerPanelStatsRPC]: London (kOLgOs9yYBFVRQG3lqoHveYdP5X8y3SO69cq5MiR4us=) - Player Stats sync
26.03.2025 16:09:20 [ServerPanelStatsRPC]: London (kOLgOs9yYBFVRQG3lqoHveYdP5X8y3SO69cq5MiR4us=) - Player Minimum Stats sync
26.03.2025 16:11:29 [ServerPanelStatsRPC]: London (kOLgOs9yYBFVRQG3lqoHveYdP5X8y3SO69cq5MiR4us=) - Player Stats sync
26.03.2025 16:11:29 [ServerPanelStatsRPC]: London (kOLgOs9yYBFVRQG3lqoHveYdP5X8y3SO69cq5MiR4us=) - Player Minimum Stats sync
26.03.2025 16:18:14 [ServerPanelStatsRPC]: London (kOLgOs9yYBFVRQG3lqoHveYdP5X8y3SO69cq5MiR4us=) - Player Stats sync
26.03.2025 16:18:14 [ServerPanelStatsRPC]: London (kOLgOs9yYBFVRQG3lqoHveYdP5X8y3SO69cq5MiR4us=) - Player Minimum Stats sync
26.03.2025 16:33:44 [ServerPanelStatsRPC]: London (kOLgOs9yYBFVRQG3lqoHveYdP5X8y3SO69cq5MiR4us=) - Player Stats sync
26.03.2025 16:33:44 [ServerPanelStatsRPC]: London (kOLgOs9yYBFVRQG3lqoHveYdP5X8y3SO69cq5MiR4us=) - Player Minimum Stats sync
26.03.2025 16:42:23 [ServerPanelConfigRPC]: space (UGg48lidZt1dHmok1FLocJ5YccSNKAJS5TzpZ6TNdG4=) - Config sync
26.03.2025 17:05:48 [ServerPanelConfigRPC]: ElBizzy (zazFLAJ4lPF6TvVQMMREjst1jC8o_Id9oh_TjGBwaP8=) - Config sync
26.03.2025 17:13:58 [ServerPanelConfigRPC]: ElBizzy (zazFLAJ4lPF6TvVQMMREjst1jC8o_Id9oh_TjGBwaP8=) - Config sync
26.03.2025 17:15:26 [ServerPanelStatsRPC]: ElBizzy (zazFLAJ4lPF6TvVQMMREjst1jC8o_Id9oh_TjGBwaP8=) - Player Stats sync
26.03.2025 17:15:26 [ServerPanelStatsRPC]: ElBizzy (zazFLAJ4lPF6TvVQMMREjst1jC8o_Id9oh_TjGBwaP8=) - Player Minimum Stats sync
26.03.2025 17:16:28 [ServerPanelStatsRPC]: ElBizzy (zazFLAJ4lPF6TvVQMMREjst1jC8o_Id9oh_TjGBwaP8=) - Player Stats sync
26.03.2025 17:16:28 [ServerPanelStatsRPC]: ElBizzy (zazFLAJ4lPF6TvVQMMREjst1jC8o_Id9oh_TjGBwaP8=) - Player Minimum Stats sync
26.03.2025 17:42:30 [ServerPanelConfigRPC]: Eric (DT1QFut1v8UN48skN3UnroicVIl_5hTizZZZSwLRxk8=) - Config sync
26.03.2025 17:42:40 [ServerPanelStatsRPC]: Eric (DT1QFut1v8UN48skN3UnroicVIl_5hTizZZZSwLRxk8=) - Player Stats sync
26.03.2025 17:42:40 [ServerPanelStatsRPC]: Eric (DT1QFut1v8UN48skN3UnroicVIl_5hTizZZZSwLRxk8=) - Player Minimum Stats sync
26.03.2025 17:45:32 [ServerPanelStatsRPC]: London (kOLgOs9yYBFVRQG3lqoHveYdP5X8y3SO69cq5MiR4us=) - Player Stats sync
26.03.2025 17:45:32 [ServerPanelStatsRPC]: London (kOLgOs9yYBFVRQG3lqoHveYdP5X8y3SO69cq5MiR4us=) - Player Minimum Stats sync
26.03.2025 17:55:52 [ServerPanelConfigRPC]: Vichoorosky (tlRNjo629rSh-ytt0v54ULlTd6oiQUCIkMijHvbRzdE=) - Config sync
26.03.2025 18:00:10 [ServerPanelConfigRPC]: Mard (OAEsqfVu9Ya3qx3X2Q_PgbpxSoSDXOIUHhH8VWVuumk=) - Config sync
26.03.2025 18:01:18 [ServerPanelStatsRPC]: Mard (OAEsqfVu9Ya3qx3X2Q_PgbpxSoSDXOIUHhH8VWVuumk=) - Player Stats sync
26.03.2025 18:01:18 [ServerPanelStatsRPC]: Mard (OAEsqfVu9Ya3qx3X2Q_PgbpxSoSDXOIUHhH8VWVuumk=) - Player Minimum Stats sync
26.03.2025 18:12:18 [ServerPanelStatsRPC]: London (kOLgOs9yYBFVRQG3lqoHveYdP5X8y3SO69cq5MiR4us=) - Player Stats sync
26.03.2025 18:12:18 [ServerPanelStatsRPC]: London (kOLgOs9yYBFVRQG3lqoHveYdP5X8y3SO69cq5MiR4us=) - Player Minimum Stats sync
26.03.2025 18:12:26 [ServerPanelConfigRPC]: Stivi the Kid (W44v5r64t_fNpgzRQNLTal2wQQBqWJ8o-Qcc6Jd5hw8=) - Config sync
26.03.2025 18:33:04 [ServerPanelConfigRPC]: Toroknyaszainto (tNHP1HUq0k1mzI9-zqrggCKzjfezxkzZKvQCnRVypn8=) - Config sync
26.03.2025 18:33:31 [ServerPanelStatsRPC]: Mard (OAEsqfVu9Ya3qx3X2Q_PgbpxSoSDXOIUHhH8VWVuumk=) - Player Stats sync
26.03.2025 18:33:31 [ServerPanelStatsRPC]: Mard (OAEsqfVu9Ya3qx3X2Q_PgbpxSoSDXOIUHhH8VWVuumk=) - Player Minimum Stats sync
26.03.2025 18:46:30 [ServerPanelStatsRPC]: Mard (OAEsqfVu9Ya3qx3X2Q_PgbpxSoSDXOIUHhH8VWVuumk=) - Player Stats sync
26.03.2025 18:46:30 [ServerPanelStatsRPC]: Mard (OAEsqfVu9Ya3qx3X2Q_PgbpxSoSDXOIUHhH8VWVuumk=) - Player Minimum Stats sync
26.03.2025 18:47:41 [ServerPanelStatsRPC]: Stivi the Kid (W44v5r64t_fNpgzRQNLTal2wQQBqWJ8o-Qcc6Jd5hw8=) - Player Stats sync
26.03.2025 18:47:41 [ServerPanelStatsRPC]: Stivi the Kid (W44v5r64t_fNpgzRQNLTal2wQQBqWJ8o-Qcc6Jd5hw8=) - Player Minimum Stats sync
26.03.2025 18:47:45 [ServerPanelStatsRPC]: Mard (OAEsqfVu9Ya3qx3X2Q_PgbpxSoSDXOIUHhH8VWVuumk=) - Player Stats sync
26.03.2025 18:47:45 [ServerPanelStatsRPC]: Mard (OAEsqfVu9Ya3qx3X2Q_PgbpxSoSDXOIUHhH8VWVuumk=) - Player Minimum Stats sync
