---------------------------------------------
ServerPanel log started at 22.03.2025 15:01:07

22.03.2025 15:01:07 [ServerPanelLogger]: Will try to create ServerPanel log file in $profile:/ServerPanel/Logs/
22.03.2025 15:01:07 [ServerPanelConfig]: Reading Server Config
22.03.2025 15:01:07 [ServerPanelConfig]: Directory already exists: $profile:/ServerPanel
22.03.2025 15:01:07 [ServerPanelConfig]: Log directory already exists: $profile:/ServerPanel/Logs/
22.03.2025 15:01:07 [ServerPanelConfigRPC]: GetConfigRequest
22.03.2025 15:01:07 [ServerPanelConfigRPC]: SyncPlayerStatsRequest
22.03.2025 15:01:07 [ServerPanelConfigRPC]: SyncSidePanelInfoRequest
22.03.2025 15:01:07 [ServerPanelHelpers]: Initialized ServerPanelBase
22.03.2025 15:01:41 [ServerPanelConfigRPC]: Mard (OAEsqfVu9Ya3qx3X2Q_PgbpxSoSDXOIUHhH8VWVuumk=) - Config sync
22.03.2025 15:03:24 [ServerPanelConfigRPC]: Mido (dtBrTODogZ8rHAVNFTJ9C_NvpkyA9gRQu7bfAps_vPI=) - Config sync
22.03.2025 15:04:06 [ServerPanelConfigRPC]: Stivi the Kid (W44v5r64t_fNpgzRQNLTal2wQQBqWJ8o-Qcc6Jd5hw8=) - Config sync
22.03.2025 15:04:30 [ServerPanelConfigRPC]: Eric (DT1QFut1v8UN48skN3UnroicVIl_5hTizZZZSwLRxk8=) - Config sync
22.03.2025 15:07:02 [ServerPanelStatsRPC]: Mard (OAEsqfVu9Ya3qx3X2Q_PgbpxSoSDXOIUHhH8VWVuumk=) - Player Stats sync
22.03.2025 15:07:02 [ServerPanelStatsRPC]: Mard (OAEsqfVu9Ya3qx3X2Q_PgbpxSoSDXOIUHhH8VWVuumk=) - Player Minimum Stats sync
22.03.2025 15:07:12 [ServerPanelStatsRPC]: Mard (OAEsqfVu9Ya3qx3X2Q_PgbpxSoSDXOIUHhH8VWVuumk=) - Player Stats sync
22.03.2025 15:07:12 [ServerPanelStatsRPC]: Mard (OAEsqfVu9Ya3qx3X2Q_PgbpxSoSDXOIUHhH8VWVuumk=) - Player Minimum Stats sync
22.03.2025 15:07:13 [ServerPanelConfigRPC]: Brewce (XL1GT1pp_f-jQGOrP6YuCPttwyD--b5ziLbGiXICjFs=) - Config sync
22.03.2025 15:07:17 [ServerPanelStatsRPC]: Mard (OAEsqfVu9Ya3qx3X2Q_PgbpxSoSDXOIUHhH8VWVuumk=) - Player Stats sync
22.03.2025 15:07:17 [ServerPanelStatsRPC]: Mard (OAEsqfVu9Ya3qx3X2Q_PgbpxSoSDXOIUHhH8VWVuumk=) - Player Minimum Stats sync
22.03.2025 15:07:20 [ServerPanelStatsRPC]: Mard (OAEsqfVu9Ya3qx3X2Q_PgbpxSoSDXOIUHhH8VWVuumk=) - Player Stats sync
22.03.2025 15:07:20 [ServerPanelStatsRPC]: Mard (OAEsqfVu9Ya3qx3X2Q_PgbpxSoSDXOIUHhH8VWVuumk=) - Player Minimum Stats sync
22.03.2025 15:08:52 [ServerPanelConfigRPC]: Eric (DT1QFut1v8UN48skN3UnroicVIl_5hTizZZZSwLRxk8=) - Config sync
22.03.2025 15:09:28 [ServerPanelConfigRPC]: Brewce (XL1GT1pp_f-jQGOrP6YuCPttwyD--b5ziLbGiXICjFs=) - Config sync
22.03.2025 15:11:22 [ServerPanelConfigRPC]: Rage (m_TD03B4NXDQrU5koHpLq3WyQf1hXTvQSdETJOTM8ss=) - Config sync
22.03.2025 15:11:29 [ServerPanelStatsRPC]: Mard (OAEsqfVu9Ya3qx3X2Q_PgbpxSoSDXOIUHhH8VWVuumk=) - Player Stats sync
22.03.2025 15:11:29 [ServerPanelStatsRPC]: Mard (OAEsqfVu9Ya3qx3X2Q_PgbpxSoSDXOIUHhH8VWVuumk=) - Player Minimum Stats sync
22.03.2025 15:13:35 [ServerPanelConfigRPC]: Christiandarkan (FMRYBAefGQ5HYZCE5oLCejpgzMBxT1mAzSnVQ_rde_I=) - Config sync
22.03.2025 15:14:41 [ServerPanelConfigRPC]: Druss (mvB_p65s26M1iDgS3KgKpm-UzbAyYM5rER5IINF2xI0=) - Config sync
22.03.2025 15:15:43 [ServerPanelConfigRPC]: WeRunIt23 (dOa-dRcX_CV9XKAODdga_Gfbup0MFivrhSeMsvvzo-A=) - Config sync
22.03.2025 15:20:34 [ServerPanelStatsRPC]: Brewce (XL1GT1pp_f-jQGOrP6YuCPttwyD--b5ziLbGiXICjFs=) - Player Stats sync
22.03.2025 15:20:34 [ServerPanelStatsRPC]: Brewce (XL1GT1pp_f-jQGOrP6YuCPttwyD--b5ziLbGiXICjFs=) - Player Minimum Stats sync
22.03.2025 15:36:01 [ServerPanelStatsRPC]: Mard (OAEsqfVu9Ya3qx3X2Q_PgbpxSoSDXOIUHhH8VWVuumk=) - Player Stats sync
22.03.2025 15:36:01 [ServerPanelStatsRPC]: Mard (OAEsqfVu9Ya3qx3X2Q_PgbpxSoSDXOIUHhH8VWVuumk=) - Player Minimum Stats sync
22.03.2025 15:54:23 [ServerPanelConfigRPC]: Christiandarkan (FMRYBAefGQ5HYZCE5oLCejpgzMBxT1mAzSnVQ_rde_I=) - Config sync
22.03.2025 16:08:31 [ServerPanelStatsRPC]: Mard (OAEsqfVu9Ya3qx3X2Q_PgbpxSoSDXOIUHhH8VWVuumk=) - Player Stats sync
22.03.2025 16:08:31 [ServerPanelStatsRPC]: Mard (OAEsqfVu9Ya3qx3X2Q_PgbpxSoSDXOIUHhH8VWVuumk=) - Player Minimum Stats sync
22.03.2025 16:18:38 [ServerPanelStatsRPC]: Mard (OAEsqfVu9Ya3qx3X2Q_PgbpxSoSDXOIUHhH8VWVuumk=) - Player Stats sync
22.03.2025 16:18:38 [ServerPanelStatsRPC]: Mard (OAEsqfVu9Ya3qx3X2Q_PgbpxSoSDXOIUHhH8VWVuumk=) - Player Minimum Stats sync
22.03.2025 16:19:38 [ServerPanelStatsRPC]: Mard (OAEsqfVu9Ya3qx3X2Q_PgbpxSoSDXOIUHhH8VWVuumk=) - Player Stats sync
22.03.2025 16:19:38 [ServerPanelStatsRPC]: Mard (OAEsqfVu9Ya3qx3X2Q_PgbpxSoSDXOIUHhH8VWVuumk=) - Player Minimum Stats sync
22.03.2025 16:30:42 [ServerPanelConfigRPC]: holykeeesh (e2uuymVDsFy98lADxUbj6Iyc7MPktVueIU1n-cdEQYs=) - Config sync
22.03.2025 16:34:32 [ServerPanelStatsRPC]: Mard (OAEsqfVu9Ya3qx3X2Q_PgbpxSoSDXOIUHhH8VWVuumk=) - Player Stats sync
22.03.2025 16:34:32 [ServerPanelStatsRPC]: Mard (OAEsqfVu9Ya3qx3X2Q_PgbpxSoSDXOIUHhH8VWVuumk=) - Player Minimum Stats sync
22.03.2025 16:36:55 [ServerPanelStatsRPC]: Mard (OAEsqfVu9Ya3qx3X2Q_PgbpxSoSDXOIUHhH8VWVuumk=) - Player Stats sync
22.03.2025 16:36:55 [ServerPanelStatsRPC]: Mard (OAEsqfVu9Ya3qx3X2Q_PgbpxSoSDXOIUHhH8VWVuumk=) - Player Minimum Stats sync
22.03.2025 16:38:10 [ServerPanelStatsRPC]: Mard (OAEsqfVu9Ya3qx3X2Q_PgbpxSoSDXOIUHhH8VWVuumk=) - Player Stats sync
22.03.2025 16:38:10 [ServerPanelStatsRPC]: Mard (OAEsqfVu9Ya3qx3X2Q_PgbpxSoSDXOIUHhH8VWVuumk=) - Player Minimum Stats sync
22.03.2025 17:10:09 [ServerPanelConfigRPC]: DadooDance (76w1D1EUUqT6A57GjLJvyEyTpOili-xx5A96r70hiko=) - Config sync
22.03.2025 17:13:27 [ServerPanelStatsRPC]: Mard (OAEsqfVu9Ya3qx3X2Q_PgbpxSoSDXOIUHhH8VWVuumk=) - Player Stats sync
22.03.2025 17:13:27 [ServerPanelStatsRPC]: Mard (OAEsqfVu9Ya3qx3X2Q_PgbpxSoSDXOIUHhH8VWVuumk=) - Player Minimum Stats sync
22.03.2025 17:31:46 [ServerPanelConfigRPC]: holykeeesh (e2uuymVDsFy98lADxUbj6Iyc7MPktVueIU1n-cdEQYs=) - Config sync
22.03.2025 17:39:10 [ServerPanelStatsRPC]: Mard (OAEsqfVu9Ya3qx3X2Q_PgbpxSoSDXOIUHhH8VWVuumk=) - Player Stats sync
22.03.2025 17:39:10 [ServerPanelStatsRPC]: Mard (OAEsqfVu9Ya3qx3X2Q_PgbpxSoSDXOIUHhH8VWVuumk=) - Player Minimum Stats sync
22.03.2025 18:33:50 [ServerPanelStatsRPC]: Mard (OAEsqfVu9Ya3qx3X2Q_PgbpxSoSDXOIUHhH8VWVuumk=) - Player Stats sync
22.03.2025 18:33:50 [ServerPanelStatsRPC]: Mard (OAEsqfVu9Ya3qx3X2Q_PgbpxSoSDXOIUHhH8VWVuumk=) - Player Minimum Stats sync
22.03.2025 18:38:43 [ServerPanelConfigRPC]: Christiandarkan (FMRYBAefGQ5HYZCE5oLCejpgzMBxT1mAzSnVQ_rde_I=) - Config sync
