16:38:16.359 [Party] Player "London" (id=kOLgOs9yYBFVRQG3lqoHveYdP5X8y3SO69cq5MiR4us=) joinded the party "SLAVES" (id=1 ownerUID=m_TD03B4NXDQrU5koHpLq3WyQf1hXTvQSdETJOTM8ss= ownerName=F11 Simulator)
16:38:43.046 [Party] Player "F11 Simulator" (id=m_TD03B4NXDQrU5koHpLq3WyQf1hXTvQSdETJOTM8ss=) joinded the party "SLAVES" (id=1 ownerUID=m_TD03B4NXDQrU5koHpLq3WyQf1hXTvQSdETJOTM8ss= ownerName=F11 Simulator)
16:42:16.792 [MissionAirdrop] An airdrop is heading towards "Algonquin" (pos=<4627.195313, 0.000000, 7687.189941> type=Random_Algonquin) with a ExpansionAirdropContainer_Military
16:45:44.093 [Party] Player "F11 Simulator" (id=m_TD03B4NXDQrU5koHpLq3WyQf1hXTvQSdETJOTM8ss=) left the party "SLAVES" (id=1 ownerUID=m_TD03B4NXDQrU5koHpLq3WyQf1hXTvQSdETJOTM8ss= ownerName=F11 Simulator)
16:48:20.882 [AdminTools] Player "London" (id=kOLgOs9yYBFVRQG3lqoHveYdP5X8y3SO69cq5MiR4us= pos=<7487.866699, 124.078758, 6339.601563>) used the Admin Hammer to build wood_base
16:48:26.218 [AdminTools] Player "London" (id=kOLgOs9yYBFVRQG3lqoHveYdP5X8y3SO69cq5MiR4us= pos=<7487.866699, 124.078758, 6339.601563>) used the Admin Hammer to build wood_floorframe
16:48:29.652 [AdminTools] Player "London" (id=kOLgOs9yYBFVRQG3lqoHveYdP5X8y3SO69cq5MiR4us= pos=<7487.866699, 124.078758, 6339.601563>) used the Admin Hammer to build wood_floorfinished
16:49:04.390 [Party] Player "London" (id=kOLgOs9yYBFVRQG3lqoHveYdP5X8y3SO69cq5MiR4us=) left the party "SLAVES" (id=1 ownerUID=m_TD03B4NXDQrU5koHpLq3WyQf1hXTvQSdETJOTM8ss= ownerName=F11 Simulator)
17:10:44.914 [Safezone] Player "Kyma" (id=fVpKi1QM3XWUFD-MRt7Z2tIj9G_sYf21_LAnW2Kmnqg= pos=<6655.56, 124.83, 6016.26>) entered the safezone
17:13:21.996 [ATM] Player "Kyma" (id=fVpKi1QM3XWUFD-MRt7Z2tIj9G_sYf21_LAnW2Kmnqg=) has withdrawn 7121 from his ATM account.
17:13:37.980 [Market] Player "Kyma" (id=fVpKi1QM3XWUFD-MRt7Z2tIj9G_sYf21_LAnW2Kmnqg=) has bought expansionsafelarge x1 (c521d0f0) from the trader "Components (Cyril [#STR_EXPANSION_MARKET_TRADER_COMPONENTS])" in market zone "Trader Zone" (pos=<6675.160645, 104.603935, 6114.155762>) for a price of 8000.
17:15:20.527 [Safezone] Player "{1:name}" (id={1:id} pos={1:position}) left the safezone
17:32:58.761 [Party] Player "Eric" (id=DT1QFut1v8UN48skN3UnroicVIl_5hTizZZZSwLRxk8=) joinded the party "Hawk Fearless" (id=5 ownerUID=wBwiybhmqSv3IfINgIr99PhPwxKwXc4RCt6SZurIBXQ= ownerName=MrWowaWowa)
17:32:58.820 [BaseRaiding] ExpansionSafeLarge (<5875.661621, 184.538086, 5869.262695>) Code set by "player "Kyma" (ID = "fVpKi1QM3XWUFD-MRt7Z2tIj9G_sYf21_LAnW2Kmnqg=" at <5875.345703, 184.454453, 5870.348633>)" and the code is 1756
17:58:13.023 [Safezone] Player "Eric" (id=DT1QFut1v8UN48skN3UnroicVIl_5hTizZZZSwLRxk8= pos=<6626.02, 107.09, 6199.87>) entered the safezone
17:59:10.847 [Market] Player "Eric" (id=DT1QFut1v8UN48skN3UnroicVIl_5hTizZZZSwLRxk8=) has bought weaponcleaningkit x1 (c57c2fb0) from the trader "Components (Cyril [#STR_EXPANSION_MARKET_TRADER_COMPONENTS])" in market zone "Trader Zone" (pos=<6675.160645, 104.603935, 6114.155762>) for a price of 8.
17:59:11.292 [Market] Player "Eric" (id=DT1QFut1v8UN48skN3UnroicVIl_5hTizZZZSwLRxk8=) has bought weaponcleaningkit x1 (c57c5df0) from the trader "Components (Cyril [#STR_EXPANSION_MARKET_TRADER_COMPONENTS])" in market zone "Trader Zone" (pos=<6675.160645, 104.603935, 6114.155762>) for a price of 8.
18:01:47.195 [Market] Player "Eric" (id=DT1QFut1v8UN48skN3UnroicVIl_5hTizZZZSwLRxk8=) has sold sks x1 (b7ab91d0) at the trader "Weapons (Denis [#STR_EXPANSION_MARKET_TRADER_WEAPONS])" in market zone "Trader Zone" (pos=<6675.160645, 104.603935, 6114.155762>) and got 337.
18:01:49.398 [Market] Player "Eric" (id=DT1QFut1v8UN48skN3UnroicVIl_5hTizZZZSwLRxk8=) has sold sks x1 (ac601ec0) at the trader "Weapons (Denis [#STR_EXPANSION_MARKET_TRADER_WEAPONS])" in market zone "Trader Zone" (pos=<6675.160645, 104.603935, 6114.155762>) and got 337.
18:02:19.613 [Market] Player "Eric" (id=DT1QFut1v8UN48skN3UnroicVIl_5hTizZZZSwLRxk8=) has sold mp5k x1 (ba1ba040, MP5_PlasticHndgrd<bab32420>, MP5k_StockBttstck<bab30170>) at the trader "Weapons (Denis [#STR_EXPANSION_MARKET_TRADER_WEAPONS])" in market zone "Trader Zone" (pos=<6675.160645, 104.603935, 6114.155762>) and got 881.
18:02:20.527 [Market] Player "Eric" (id=DT1QFut1v8UN48skN3UnroicVIl_5hTizZZZSwLRxk8=) has sold ump45 x1 (ba197ba0) at the trader "Weapons (Denis [#STR_EXPANSION_MARKET_TRADER_WEAPONS])" in market zone "Trader Zone" (pos=<6675.160645, 104.603935, 6114.155762>) and got 600.
18:02:30.113 [Market] Player "Eric" (id=DT1QFut1v8UN48skN3UnroicVIl_5hTizZZZSwLRxk8=) has sold ammo_40mm_smoke_red x1 (af30f130) at the trader "Weapons (Denis [#STR_EXPANSION_MARKET_TRADER_WEAPONS])" in market zone "Trader Zone" (pos=<6675.160645, 104.603935, 6114.155762>) and got 375.
18:02:30.929 [Market] Player "Eric" (id=DT1QFut1v8UN48skN3UnroicVIl_5hTizZZZSwLRxk8=) has sold ammo_40mm_smoke_red x1 (af3090b0) at the trader "Weapons (Denis [#STR_EXPANSION_MARKET_TRADER_WEAPONS])" in market zone "Trader Zone" (pos=<6675.160645, 104.603935, 6114.155762>) and got 375.
18:02:40.027 [Market] Player "Eric" (id=DT1QFut1v8UN48skN3UnroicVIl_5hTizZZZSwLRxk8=) has sold fnx45 x1 (8b95f0, PistolSuppressor<ec0e1190>) at the trader "Weapons (Denis [#STR_EXPANSION_MARKET_TRADER_WEAPONS])" in market zone "Trader Zone" (pos=<6675.160645, 104.603935, 6114.155762>) and got 109.
18:03:22.304 [Market] Player "Eric" (id=DT1QFut1v8UN48skN3UnroicVIl_5hTizZZZSwLRxk8=) has sold camonet x1 (1adf5e20) at the trader "Components (Cyril [#STR_EXPANSION_MARKET_TRADER_COMPONENTS])" in market zone "Trader Zone" (pos=<6675.160645, 104.603935, 6114.155762>) and got 337.
18:03:24.660 [Market] Player "Eric" (id=DT1QFut1v8UN48skN3UnroicVIl_5hTizZZZSwLRxk8=) has sold compass x1 (1e6e4170) at the trader "Components (Cyril [#STR_EXPANSION_MARKET_TRADER_COMPONENTS])" in market zone "Trader Zone" (pos=<6675.160645, 104.603935, 6114.155762>) and got 7.
18:03:25.304 [Market] Player "Eric" (id=DT1QFut1v8UN48skN3UnroicVIl_5hTizZZZSwLRxk8=) has sold chernarusmap x1 (b9272bb0) at the trader "Components (Cyril [#STR_EXPANSION_MARKET_TRADER_COMPONENTS])" in market zone "Trader Zone" (pos=<6675.160645, 104.603935, 6114.155762>) and got 11.
18:03:30.066 [Market] Player "Eric" (id=DT1QFut1v8UN48skN3UnroicVIl_5hTizZZZSwLRxk8=) has sold flashlight x1 (1e6e6fb0, Battery9V<1e6e07a0>) at the trader "Components (Cyril [#STR_EXPANSION_MARKET_TRADER_COMPONENTS])" in market zone "Trader Zone" (pos=<6675.160645, 104.603935, 6114.155762>) and got 13.
18:05:53.800 [Market] Player "Eric" (id=DT1QFut1v8UN48skN3UnroicVIl_5hTizZZZSwLRxk8=) has sold winchester70 x1 (c1eb4b90) at the trader "Weapons (Denis [#STR_EXPANSION_MARKET_TRADER_WEAPONS])" in market zone "Trader Zone" (pos=<6675.160645, 104.603935, 6114.155762>) and got 187.
18:06:10.882 [Market] Player "Eric" (id=DT1QFut1v8UN48skN3UnroicVIl_5hTizZZZSwLRxk8=) has sold puscopeoptic x1 (b8e33b10) at the trader "Attachments (Jose [#STR_EXPANSION_MARKET_TRADER_ATTACHMENTS])" in market zone "Trader Zone" (pos=<6675.160645, 104.603935, 6114.155762>) and got 675.
18:07:18.820 [MissionAirdrop] An airdrop is heading towards "Tuscarora" (pos=<2451.096191, 0.000000, 8775.758789> type=Random_Tuscarora) with a ExpansionAirdropContainer_Basebuilding
18:10:06.628 [Market] Player "Eric" (id=DT1QFut1v8UN48skN3UnroicVIl_5hTizZZZSwLRxk8=) has sold ssh68helmet x1 (b8d42290) at the trader "Clothing (Naomi [#STR_EXPANSION_MARKET_TRADER_CLOTHING])" in market zone "Trader Zone" (pos=<6675.160645, 104.603935, 6114.155762>) and got 187.
18:10:07.902 [Market] Player "Eric" (id=DT1QFut1v8UN48skN3UnroicVIl_5hTizZZZSwLRxk8=) has sold mich2001helmet x1 (b8de1630) at the trader "Clothing (Naomi [#STR_EXPANSION_MARKET_TRADER_CLOTHING])" in market zone "Trader Zone" (pos=<6675.160645, 104.603935, 6114.155762>) and got 112.
18:10:54.535 [Market] Player "Eric" (id=DT1QFut1v8UN48skN3UnroicVIl_5hTizZZZSwLRxk8=) has bought expansioncodelock x1 (bc818710) from the trader "BuildingSupplies (Boris [#STR_EXPANSION_MARKET_TRADER_BUILDING_SUPPLIES])" in market zone "Trader Zone" (pos=<6675.160645, 104.603935, 6114.155762>) for a price of 1500.
18:11:03.898 [Market] Player "Eric" (id=DT1QFut1v8UN48skN3UnroicVIl_5hTizZZZSwLRxk8=) has bought hammer x1 (bc7fc420) from the trader "BuildingSupplies (Boris [#STR_EXPANSION_MARKET_TRADER_BUILDING_SUPPLIES])" in market zone "Trader Zone" (pos=<6675.160645, 104.603935, 6114.155762>) for a price of 7.
18:11:04.398 [Market] Player "Eric" (id=DT1QFut1v8UN48skN3UnroicVIl_5hTizZZZSwLRxk8=) has bought hammer x1 (bc817b80) from the trader "BuildingSupplies (Boris [#STR_EXPANSION_MARKET_TRADER_BUILDING_SUPPLIES])" in market zone "Trader Zone" (pos=<6675.160645, 104.603935, 6114.155762>) for a price of 7.
18:11:49.589 [Market] Player "Eric" (id=DT1QFut1v8UN48skN3UnroicVIl_5hTizZZZSwLRxk8=) has sold cz527 x1 (b340e680, HuntingOptic<bc9d6bd0>, Mag_CZ527_5rnd<ed8db740>, ammo_762x39 x4) at the trader "Weapons (Denis [#STR_EXPANSION_MARKET_TRADER_WEAPONS])" in market zone "Trader Zone" (pos=<6675.160645, 104.603935, 6114.155762>) and got 952.
18:11:54.636 [Market] Player "Eric" (id=DT1QFut1v8UN48skN3UnroicVIl_5hTizZZZSwLRxk8=) has sold cleaver x1 (b8dc6a60) at the trader "Weapons (Denis [#STR_EXPANSION_MARKET_TRADER_WEAPONS])" in market zone "Trader Zone" (pos=<6675.160645, 104.603935, 6114.155762>) and got 3.
18:12:10.699 [Market] Player "Eric" (id=DT1QFut1v8UN48skN3UnroicVIl_5hTizZZZSwLRxk8=) has sold b95 x1 (b7a98750) at the trader "Weapons (Denis [#STR_EXPANSION_MARKET_TRADER_WEAPONS])" in market zone "Trader Zone" (pos=<6675.160645, 104.603935, 6114.155762>) and got 1275.
18:12:22.906 [Market] Player "Eric" (id=DT1QFut1v8UN48skN3UnroicVIl_5hTizZZZSwLRxk8=) has sold huntingoptic x1 (bac63d40) at the trader "Attachments (Jose [#STR_EXPANSION_MARKET_TRADER_ATTACHMENTS])" in market zone "Trader Zone" (pos=<6675.160645, 104.603935, 6114.155762>) and got 375.
18:12:24.000 [Market] Player "Eric" (id=DT1QFut1v8UN48skN3UnroicVIl_5hTizZZZSwLRxk8=) has sold huntingoptic x1 (bc4e78d0) at the trader "Attachments (Jose [#STR_EXPANSION_MARKET_TRADER_ATTACHMENTS])" in market zone "Trader Zone" (pos=<6675.160645, 104.603935, 6114.155762>) and got 375.
18:13:06.632 [Market] Player "Eric" (id=DT1QFut1v8UN48skN3UnroicVIl_5hTizZZZSwLRxk8=) has bought sewingkit x1 (bbf73d30) from the trader "Components (Cyril [#STR_EXPANSION_MARKET_TRADER_COMPONENTS])" in market zone "Trader Zone" (pos=<6675.160645, 104.603935, 6114.155762>) for a price of 4.
18:13:14.750 [Party] Player "Eric" (id=DT1QFut1v8UN48skN3UnroicVIl_5hTizZZZSwLRxk8=) left the party "Hawk Fearless" (id=5 ownerUID=wBwiybhmqSv3IfINgIr99PhPwxKwXc4RCt6SZurIBXQ= ownerName=MrWowaWowa)
18:39:58.570 [Safezone] Player "Eric" (id=DT1QFut1v8UN48skN3UnroicVIl_5hTizZZZSwLRxk8= pos=<6666.69, 102.5, 6111.77>) entered the safezone
18:39:58.570 [Party] Player "Eric" (id=DT1QFut1v8UN48skN3UnroicVIl_5hTizZZZSwLRxk8=) joinded the party "Hawk Fearless" (id=5 ownerUID=wBwiybhmqSv3IfINgIr99PhPwxKwXc4RCt6SZurIBXQ= ownerName=MrWowaWowa)
18:46:05.164 [Market] Player "Eric" (id=DT1QFut1v8UN48skN3UnroicVIl_5hTizZZZSwLRxk8=) has bought electronicrepairkit x1 (c5d10450) from the trader "Components (Cyril [#STR_EXPANSION_MARKET_TRADER_COMPONENTS])" in market zone "Trader Zone" (pos=<6675.160645, 104.603935, 6114.155762>) for a price of 35.
18:46:05.812 [Market] Player "Eric" (id=DT1QFut1v8UN48skN3UnroicVIl_5hTizZZZSwLRxk8=) has bought electronicrepairkit x1 (c5d0bef0) from the trader "Components (Cyril [#STR_EXPANSION_MARKET_TRADER_COMPONENTS])" in market zone "Trader Zone" (pos=<6675.160645, 104.603935, 6114.155762>) for a price of 35.
18:46:30.226 [Market] Player "Eric" (id=DT1QFut1v8UN48skN3UnroicVIl_5hTizZZZSwLRxk8=) has bought pot x1 (bc9b40f0) from the trader "Components (Cyril [#STR_EXPANSION_MARKET_TRADER_COMPONENTS])" in market zone "Trader Zone" (pos=<6675.160645, 104.603935, 6114.155762>) for a price of 25.
18:47:10.562 [ATM] Player "Eric" (id=DT1QFut1v8UN48skN3UnroicVIl_5hTizZZZSwLRxk8=) has deposited 9039 on his ATM account.
18:47:32.820 [ATM] Player "Eric" (id=DT1QFut1v8UN48skN3UnroicVIl_5hTizZZZSwLRxk8=) has withdrawn 100 from his ATM account.
18:47:52.406 [Market] Player "Eric" (id=DT1QFut1v8UN48skN3UnroicVIl_5hTizZZZSwLRxk8=) has bought porkcan x1 (b2cecc10) from the trader "Consumables (Linda [#STR_EXPANSION_MARKET_TRADER_CONSUMABLES])" in market zone "Trader Zone" (pos=<6675.160645, 104.603935, 6114.155762>) for a price of 15.
18:47:52.695 [Market] Player "Eric" (id=DT1QFut1v8UN48skN3UnroicVIl_5hTizZZZSwLRxk8=) has bought porkcan x1 (c5258cf0) from the trader "Consumables (Linda [#STR_EXPANSION_MARKET_TRADER_CONSUMABLES])" in market zone "Trader Zone" (pos=<6675.160645, 104.603935, 6114.155762>) for a price of 15.
18:47:52.828 [Market] Player "Eric" (id=DT1QFut1v8UN48skN3UnroicVIl_5hTizZZZSwLRxk8=) has bought porkcan x1 (c528cd40) from the trader "Consumables (Linda [#STR_EXPANSION_MARKET_TRADER_CONSUMABLES])" in market zone "Trader Zone" (pos=<6675.160645, 104.603935, 6114.155762>) for a price of 15.
18:47:53.000 [Market] Player "Eric" (id=DT1QFut1v8UN48skN3UnroicVIl_5hTizZZZSwLRxk8=) has bought porkcan x1 (be60c3e0) from the trader "Consumables (Linda [#STR_EXPANSION_MARKET_TRADER_CONSUMABLES])" in market zone "Trader Zone" (pos=<6675.160645, 104.603935, 6114.155762>) for a price of 15.
18:47:53.148 [Market] Player "Eric" (id=DT1QFut1v8UN48skN3UnroicVIl_5hTizZZZSwLRxk8=) has bought porkcan x1 (be61b520) from the trader "Consumables (Linda [#STR_EXPANSION_MARKET_TRADER_CONSUMABLES])" in market zone "Trader Zone" (pos=<6675.160645, 104.603935, 6114.155762>) for a price of 15.
18:47:53.273 [Market] Player "Eric" (id=DT1QFut1v8UN48skN3UnroicVIl_5hTizZZZSwLRxk8=) has bought porkcan x1 (c39954d0) from the trader "Consumables (Linda [#STR_EXPANSION_MARKET_TRADER_CONSUMABLES])" in market zone "Trader Zone" (pos=<6675.160645, 104.603935, 6114.155762>) for a price of 15.
18:48:13.578 [ATM] Player "Eric" (id=DT1QFut1v8UN48skN3UnroicVIl_5hTizZZZSwLRxk8=) has deposited 10 on his ATM account.
18:48:55.960 [Safezone] Player "{1:name}" (id={1:id} pos={1:position}) left the safezone
19:00:02.156 [Party] Player "Eric" (id=DT1QFut1v8UN48skN3UnroicVIl_5hTizZZZSwLRxk8=) left the party "Hawk Fearless" (id=5 ownerUID=wBwiybhmqSv3IfINgIr99PhPwxKwXc4RCt6SZurIBXQ= ownerName=MrWowaWowa)
