03:20:31.866 [Safezone] Player "F11 Simulator" (id=m_TD03B4NXDQrU5koHpLq3WyQf1hXTvQSdETJOTM8ss= pos=<6668.81, 102.5, 6111.21>) entered the safezone
03:20:31.866 [Party] Player "F11 Simulator" (id=m_TD03B4NXDQrU5koHpLq3WyQf1hXTvQSdETJOTM8ss=) joinded the party "SLAVES" (id=1 ownerUID=m_TD03B4NXDQrU5koHpLq3WyQf1hXTvQSdETJOTM8ss= ownerName=F11 Simulator)
03:22:04.190 [Market] Player "F11 Simulator" (id=m_TD03B4NXDQrU5koHpLq3WyQf1hXTvQSdETJOTM8ss=) has bought pnc_mag_cheytacm300_7rnd x3 (84f0a30) from the trader "Attachments (Jose [#STR_EXPANSION_MARKET_TRADER_ATTACHMENTS])" in market zone "Trader Zone" (pos=<6675.160645, 104.603935, 6114.155762>) for a price of 1500.
03:22:22.622 [Market] Player "F11 Simulator" (id=m_TD03B4NXDQrU5koHpLq3WyQf1hXTvQSdETJOTM8ss=) has sold pnc_mag_cheytacm300_7rnd x1 (84f15c0) at the trader "Attachments (Jose [#STR_EXPANSION_MARKET_TRADER_ATTACHMENTS])" in market zone "Trader Zone" (pos=<6675.160645, 104.603935, 6114.155762>) and got 375.
03:22:47.953 [Market] Player "F11 Simulator" (id=m_TD03B4NXDQrU5koHpLq3WyQf1hXTvQSdETJOTM8ss=) has bought ammobox_408cheytac_20rnd x1 (8521c70) from the trader "Weapons (Denis [#STR_EXPANSION_MARKET_TRADER_WEAPONS])" in market zone "Trader Zone" (pos=<6675.160645, 104.603935, 6114.155762>) for a price of 64.
03:22:48.081 [Market] Player "F11 Simulator" (id=m_TD03B4NXDQrU5koHpLq3WyQf1hXTvQSdETJOTM8ss=) has bought ammobox_408cheytac_20rnd x1 (85087c0) from the trader "Weapons (Denis [#STR_EXPANSION_MARKET_TRADER_WEAPONS])" in market zone "Trader Zone" (pos=<6675.160645, 104.603935, 6114.155762>) for a price of 64.
03:22:48.300 [Market] Player "F11 Simulator" (id=m_TD03B4NXDQrU5koHpLq3WyQf1hXTvQSdETJOTM8ss=) has bought ammobox_408cheytac_20rnd x1 (8509350) from the trader "Weapons (Denis [#STR_EXPANSION_MARKET_TRADER_WEAPONS])" in market zone "Trader Zone" (pos=<6675.160645, 104.603935, 6114.155762>) for a price of 64.
03:22:58.183 [Market] Player "F11 Simulator" (id=m_TD03B4NXDQrU5koHpLq3WyQf1hXTvQSdETJOTM8ss=) has bought ammobox_408cheytac_20rnd x1 (84fe5e0) from the trader "Weapons (Denis [#STR_EXPANSION_MARKET_TRADER_WEAPONS])" in market zone "Trader Zone" (pos=<6675.160645, 104.603935, 6114.155762>) for a price of 64.
03:22:58.294 [Market] Player "F11 Simulator" (id=m_TD03B4NXDQrU5koHpLq3WyQf1hXTvQSdETJOTM8ss=) has bought ammobox_408cheytac_20rnd x1 (850aa70) from the trader "Weapons (Denis [#STR_EXPANSION_MARKET_TRADER_WEAPONS])" in market zone "Trader Zone" (pos=<6675.160645, 104.603935, 6114.155762>) for a price of 64.
03:24:27.554 [MissionAirdrop] An airdrop is heading towards "Onondaga" (pos=<5756.386719, 0.000000, 7200.799316> type=Random_Onondaga) with a ExpansionAirdropContainer_Military
03:24:42.508 [ATM] Player "F11 Simulator" (id=m_TD03B4NXDQrU5koHpLq3WyQf1hXTvQSdETJOTM8ss=) has deposited 140006 on his ATM account.
03:24:56.981 [Party] Player "F11 Simulator" (id=m_TD03B4NXDQrU5koHpLq3WyQf1hXTvQSdETJOTM8ss=) left the party "SLAVES" (id=1 ownerUID=m_TD03B4NXDQrU5koHpLq3WyQf1hXTvQSdETJOTM8ss= ownerName=F11 Simulator)
04:49:45.736 [MissionAirdrop] An airdrop is heading towards "Cayuga" (pos=<9227.352539, 0.000000, 3293.108398> type=Random_Cayuga) with a ExpansionAirdropContainer
05:07:13.435 [BaseRaiding] ExpansionSafeMini (<3309.184814, 174.230408, 6684.286133>) Code set by "player "Gun" (ID = "dQV0MWQE63QrNRXqd-4btd7ZbIxSfqWMKo6FakQaWEs=" at <3310.279541, 173.587891, 6684.110840>)" and the code is 7128
06:00:33.784 [BaseBuildingRaiding] ------------------------- Expansion Base Raiding Damage Report -------------------------
06:00:33.784 [BaseBuildingRaiding] Player "Gun" (id=dQV0MWQE63QrNRXqd-4btd7ZbIxSfqWMKo6FakQaWEs= pos=<3359.45, 173.37, 6705>) damaged ExpansionBarbedWire at <3321.93, 173.36, 6678.92>
06:00:33.784 [BaseBuildingRaiding] They dealt 118.397 * 1 = 118.397 damage with Bullet_300AAC from PNC_W_HoneyBadger_kry
06:00:33.784 [BaseBuildingRaiding] GlobalHealth hitpoints decreased from 300 to 181.603
06:00:33.785 [BaseBuildingRaiding] ----------------------------------------------------------------------------------------
06:17:14.809 [MissionAirdrop] An airdrop is heading towards "Ontario" (pos=<6884.233398, 0.000000, 2921.709961> type=Random_Ontario) with a ExpansionAirdropContainer_Basebuilding
