19:01:43.554 [Safezone] Player "Mard" (id=OAEsqfVu9Ya3qx3X2Q_PgbpxSoSDXOIUHhH8VWVuumk= pos=<6739.75, 103.47, 6065.51>) entered the safezone
19:01:43.554 [Party] Player "Mard" (id=OAEsqfVu9Ya3qx3X2Q_PgbpxSoSDXOIUHhH8VWVuumk=) joinded the party "Viper Ethereal" (id=33 ownerUID=zazFLAJ4lPF6TvVQMMREjst1jC8o_Id9oh_TjGBwaP8= ownerName=ElBizzy)
19:02:13.750 [Safezone] Player "{1:name}" (id={1:id} pos={1:position}) left the safezone
19:02:21.593 [Party] Player "Eric" (id=DT1QFut1v8UN48skN3UnroicVIl_5hTizZZZSwLRxk8=) joinded the party "Hawk Fearless" (id=5 ownerUID=wBwiybhmqSv3IfINgIr99PhPwxKwXc4RCt6SZurIBXQ= ownerName=MrWowaWowa)
19:03:10.320 [Safezone] Player "ElBizzy" (id=zazFLAJ4lPF6TvVQMMREjst1jC8o_Id9oh_TjGBwaP8= pos=<6685.34, 106.66, 6117.25>) entered the safezone
19:03:10.320 [Party] Player "ElBizzy" (id=zazFLAJ4lPF6TvVQMMREjst1jC8o_Id9oh_TjGBwaP8=) joinded the party "Viper Ethereal" (id=33 ownerUID=zazFLAJ4lPF6TvVQMMREjst1jC8o_Id9oh_TjGBwaP8= ownerName=ElBizzy)
19:04:22.468 [Safezone] Player "Mard" (id=OAEsqfVu9Ya3qx3X2Q_PgbpxSoSDXOIUHhH8VWVuumk= pos=<6621.8, 136.53, 6029.88>) entered the safezone
19:04:49.781 [Party] Player "Sir Trippy" (id=qZqolO4hbF2D7i2SHl6eLqgMczahG7_bAPkC9G_OL68=) joinded the party "SLAVES" (id=1 ownerUID=m_TD03B4NXDQrU5koHpLq3WyQf1hXTvQSdETJOTM8ss= ownerName=F11 Simulator)
19:05:25.804 [Market] Player "Mard" (id=OAEsqfVu9Ya3qx3X2Q_PgbpxSoSDXOIUHhH8VWVuumk=) has bought rice x1 (81bfa0f0) from the trader "Consumables (Linda [#STR_EXPANSION_MARKET_TRADER_CONSUMABLES])" in market zone "Trader Zone" (pos=<6675.160645, 104.603935, 6114.155762>) for a price of 13.
19:06:22.679 [MissionAirdrop] An airdrop is heading towards "OWF Industries" (pos=<7167.299805, 0.000000, 4161.319824> type=Random_OWFIndustries) with a ExpansionAirdropContainer_Military
19:06:50.265 [Market] Player "Mard" (id=OAEsqfVu9Ya3qx3X2Q_PgbpxSoSDXOIUHhH8VWVuumk=) has bought heatpack x1 (73f35ba0) from the trader "Medicals (Mirek [#STR_EXPANSION_MARKET_TRADER_MEDICALS])" in market zone "Trader Zone" (pos=<6675.160645, 104.603935, 6114.155762>) for a price of 10.
19:08:02.406 [ATM] Player "Mard" (id=OAEsqfVu9Ya3qx3X2Q_PgbpxSoSDXOIUHhH8VWVuumk=) has deposited 4264 on his ATM account.
19:08:31.312 [Killfeed] Skylife commited suicide with Bone Knife.
19:09:30.023 [Safezone] Player "Eric" (id=DT1QFut1v8UN48skN3UnroicVIl_5hTizZZZSwLRxk8= pos=<6642.7, 128.8, 6023.17>) entered the safezone
19:09:33.390 [Killfeed] Skylife commited suicide with Bone Knife.
19:10:49.085 [Market] Player "Eric" (id=DT1QFut1v8UN48skN3UnroicVIl_5hTizZZZSwLRxk8=) has sold cz75 x1 (3abec9a0, Mag_CZ75_15Rnd<3b294430>, ammo_9x19 x1, PistolSuppressor<3b29a0b0>) at the trader "Weapons (Denis [#STR_EXPANSION_MARKET_TRADER_WEAPONS])" in market zone "Trader Zone" (pos=<6675.160645, 104.603935, 6114.155762>) and got 44.
19:10:49.820 [Market] Player "Eric" (id=DT1QFut1v8UN48skN3UnroicVIl_5hTizZZZSwLRxk8=) has sold colt1911 x1 (454ac180, Mag_1911_7Rnd<53022ec0>, ammo_45acp x1, PistolSuppressor<5301c6b0>) at the trader "Weapons (Denis [#STR_EXPANSION_MARKET_TRADER_WEAPONS])" in market zone "Trader Zone" (pos=<6675.160645, 104.603935, 6114.155762>) and got 274.
19:10:50.976 [Safezone] Player "Kyma" (id=fVpKi1QM3XWUFD-MRt7Z2tIj9G_sYf21_LAnW2Kmnqg= pos=<6621, 136.21, 6031.67>) entered the safezone
19:11:06.929 [ATM] Player "ElBizzy" (id=zazFLAJ4lPF6TvVQMMREjst1jC8o_Id9oh_TjGBwaP8=) has deposited 2859 on his ATM account.
19:11:12.132 [Market] Player "Eric" (id=DT1QFut1v8UN48skN3UnroicVIl_5hTizZZZSwLRxk8=) has bought weaponcleaningkit x1 (8b3adb20) from the trader "Components (Cyril [#STR_EXPANSION_MARKET_TRADER_COMPONENTS])" in market zone "Trader Zone" (pos=<6675.160645, 104.603935, 6114.155762>) for a price of 8.
19:11:12.414 [ATM] Player "Kyma" (id=fVpKi1QM3XWUFD-MRt7Z2tIj9G_sYf21_LAnW2Kmnqg=) has withdrawn 2000 from his ATM account.
19:11:12.843 [Market] Player "Eric" (id=DT1QFut1v8UN48skN3UnroicVIl_5hTizZZZSwLRxk8=) has bought weaponcleaningkit x1 (8b3b7d00) from the trader "Components (Cyril [#STR_EXPANSION_MARKET_TRADER_COMPONENTS])" in market zone "Trader Zone" (pos=<6675.160645, 104.603935, 6114.155762>) for a price of 8.
19:11:34.570 [Market] Player "Kyma" (id=fVpKi1QM3XWUFD-MRt7Z2tIj9G_sYf21_LAnW2Kmnqg=) has bought expansioncodelock x1 (8b3c9e10) from the trader "Components (Cyril [#STR_EXPANSION_MARKET_TRADER_COMPONENTS])" in market zone "Trader Zone" (pos=<6675.160645, 104.603935, 6114.155762>) for a price of 1500.
19:11:46.914 [Market] Player "Kyma" (id=fVpKi1QM3XWUFD-MRt7Z2tIj9G_sYf21_LAnW2Kmnqg=) has bought binoculars x1 (2c25ee90) from the trader "Components (Cyril [#STR_EXPANSION_MARKET_TRADER_COMPONENTS])" in market zone "Trader Zone" (pos=<6675.160645, 104.603935, 6114.155762>) for a price of 30.
19:12:26.671 [Market] Player "Eric" (id=DT1QFut1v8UN48skN3UnroicVIl_5hTizZZZSwLRxk8=) has sold mp5k x1 (454b2a00, MP5_PlasticHndgrd<5302dc30>, MP5k_StockBttstck<53032d20>) at the trader "Weapons (Denis [#STR_EXPANSION_MARKET_TRADER_WEAPONS])" in market zone "Trader Zone" (pos=<6675.160645, 104.603935, 6114.155762>) and got 786.
19:12:27.609 [Market] Player "Eric" (id=DT1QFut1v8UN48skN3UnroicVIl_5hTizZZZSwLRxk8=) has sold ump45 x1 (454b1cf0) at the trader "Weapons (Denis [#STR_EXPANSION_MARKET_TRADER_WEAPONS])" in market zone "Trader Zone" (pos=<6675.160645, 104.603935, 6114.155762>) and got 600.
19:12:28.992 [Safezone] Player "{1:name}" (id={1:id} pos={1:position}) left the safezone
19:13:19.328 [Market] Player "Eric" (id=DT1QFut1v8UN48skN3UnroicVIl_5hTizZZZSwLRxk8=) has sold gp5gasmask x1 (5302c510) at the trader "Clothing (Naomi [#STR_EXPANSION_MARKET_TRADER_CLOTHING])" in market zone "Trader Zone" (pos=<6675.160645, 104.603935, 6114.155762>) and got 90.
19:13:26.617 [Market] Player "Eric" (id=DT1QFut1v8UN48skN3UnroicVIl_5hTizZZZSwLRxk8=) has sold policevest x1 (3c4c2d10) at the trader "Clothing (Naomi [#STR_EXPANSION_MARKET_TRADER_CLOTHING])" in market zone "Trader Zone" (pos=<6675.160645, 104.603935, 6114.155762>) and got 26.
19:13:35.539 [Market] Player "Eric" (id=DT1QFut1v8UN48skN3UnroicVIl_5hTizZZZSwLRxk8=) has sold dirtbikehelmet_black x1 (53007760) at the trader "Clothing (Naomi [#STR_EXPANSION_MARKET_TRADER_CLOTHING])" in market zone "Trader Zone" (pos=<6675.160645, 104.603935, 6114.155762>) and got 48.
19:14:28.609 [Safezone] Player "{1:name}" (id={1:id} pos={1:position}) left the safezone
19:14:33.640 [Safezone] Player "{1:name}" (id={1:id} pos={1:position}) left the safezone
19:14:37.078 [Safezone] Player "{1:name}" (id={1:id} pos={1:position}) left the safezone
19:16:25.679 [Party] Player "ElBizzy" (id=zazFLAJ4lPF6TvVQMMREjst1jC8o_Id9oh_TjGBwaP8=) invited the player "Stivi the Kid" (id=W44v5r64t_fNpgzRQNLTal2wQQBqWJ8o-Qcc6Jd5hw8=)to the party named Viper Ethereal
19:16:37.054 [Party] Player "Stivi the Kid" (id=W44v5r64t_fNpgzRQNLTal2wQQBqWJ8o-Qcc6Jd5hw8=) joinded the party "Viper Ethereal" (id=33 ownerUID=zazFLAJ4lPF6TvVQMMREjst1jC8o_Id9oh_TjGBwaP8= ownerName=ElBizzy)
19:16:59.171 [Party] Player "ElBizzy" (id=zazFLAJ4lPF6TvVQMMREjst1jC8o_Id9oh_TjGBwaP8=) left the party "Viper Ethereal" (id=33 ownerUID=zazFLAJ4lPF6TvVQMMREjst1jC8o_Id9oh_TjGBwaP8= ownerName=ElBizzy)
19:17:19.828 [BaseRaiding] ExpansionWall6x3 (<5845.049316, 196.484070, 5860.048340>) Code set by "player "Kyma" (ID = "fVpKi1QM3XWUFD-MRt7Z2tIj9G_sYf21_LAnW2Kmnqg=" at <5846.048340, 196.596298, 5859.218262>)" and the code is 1756
19:18:17.828 [Party] Player "ElBizzy" (id=zazFLAJ4lPF6TvVQMMREjst1jC8o_Id9oh_TjGBwaP8=) joinded the party "Viper Ethereal" (id=33 ownerUID=zazFLAJ4lPF6TvVQMMREjst1jC8o_Id9oh_TjGBwaP8= ownerName=ElBizzy)
19:20:38.859 [Party] Player "ElBizzy" (id=zazFLAJ4lPF6TvVQMMREjst1jC8o_Id9oh_TjGBwaP8=) invited the player "Skylife" (id=0nlBsegCHGGIa_PWwV8P7yvzvRWsYIpEEKvCkEEBsw0=)to the party named Viper Ethereal
19:21:58.367 [Party] Player "Skylife" (id=0nlBsegCHGGIa_PWwV8P7yvzvRWsYIpEEKvCkEEBsw0=) joinded the party "Viper Ethereal" (id=33 ownerUID=zazFLAJ4lPF6TvVQMMREjst1jC8o_Id9oh_TjGBwaP8= ownerName=ElBizzy)
19:24:00.851 [Safezone] Player "Skylife" (id=0nlBsegCHGGIa_PWwV8P7yvzvRWsYIpEEKvCkEEBsw0= pos=<6580.57, 138.48, 6136.62>) entered the safezone
19:25:07.218 [Safezone] Player "ElBizzy" (id=zazFLAJ4lPF6TvVQMMREjst1jC8o_Id9oh_TjGBwaP8= pos=<6625.23, 107.26, 6196.55>) entered the safezone
19:25:32.289 [Safezone] Player "Mard" (id=OAEsqfVu9Ya3qx3X2Q_PgbpxSoSDXOIUHhH8VWVuumk= pos=<6628.44, 106.33, 6201.02>) entered the safezone
19:25:34.648 [Safezone] Player "Stivi the Kid" (id=W44v5r64t_fNpgzRQNLTal2wQQBqWJ8o-Qcc6Jd5hw8= pos=<6630.43, 105.96, 6199.73>) entered the safezone
19:26:18.578 [ATM] Player "Stivi the Kid" (id=W44v5r64t_fNpgzRQNLTal2wQQBqWJ8o-Qcc6Jd5hw8=) has withdrawn 10000 from his ATM account.
19:26:57.492 [ATM] Player "Skylife" (id=0nlBsegCHGGIa_PWwV8P7yvzvRWsYIpEEKvCkEEBsw0=) has withdrawn 5000 from his ATM account.
19:27:57.109 [Market] Player "ElBizzy" (id=zazFLAJ4lPF6TvVQMMREjst1jC8o_Id9oh_TjGBwaP8=) has sold fangeknife x1 (7707ba80) at the trader "Weapons (Denis [#STR_EXPANSION_MARKET_TRADER_WEAPONS])" in market zone "Trader Zone" (pos=<6675.160645, 104.603935, 6114.155762>) and got 7.
19:29:52.031 [Market] Player "Stivi the Kid" (id=W44v5r64t_fNpgzRQNLTal2wQQBqWJ8o-Qcc6Jd5hw8=) has bought rice x3 (42182620) from the trader "Consumables (Linda [#STR_EXPANSION_MARKET_TRADER_CONSUMABLES])" in market zone "Trader Zone" (pos=<6675.160645, 104.603935, 6114.155762>) for a price of 39.
19:29:57.750 [Market] Player "Skylife" (id=0nlBsegCHGGIa_PWwV8P7yvzvRWsYIpEEKvCkEEBsw0=) has bought rice x10 (3c41cdf0) from the trader "Consumables (Linda [#STR_EXPANSION_MARKET_TRADER_CONSUMABLES])" in market zone "Trader Zone" (pos=<6675.160645, 104.603935, 6114.155762>) for a price of 130.
19:31:39.281 [Market] Player "Stivi the Kid" (id=W44v5r64t_fNpgzRQNLTal2wQQBqWJ8o-Qcc6Jd5hw8=) has bought rice x1 (d5042f0) from the trader "Consumables (Linda [#STR_EXPANSION_MARKET_TRADER_CONSUMABLES])" in market zone "Trader Zone" (pos=<6675.160645, 104.603935, 6114.155762>) for a price of 13.
19:32:18.382 [Market] Player "Skylife" (id=0nlBsegCHGGIa_PWwV8P7yvzvRWsYIpEEKvCkEEBsw0=) has bought alicebag_green x1 (9202f270) from the trader "Clothing (Naomi [#STR_EXPANSION_MARKET_TRADER_CLOTHING])" in market zone "Trader Zone" (pos=<6675.160645, 104.603935, 6114.155762>) for a price of 400.
19:33:23.539 [Market] Player "Skylife" (id=0nlBsegCHGGIa_PWwV8P7yvzvRWsYIpEEKvCkEEBsw0=) has bought tetracyclineantibiotics x5 (43fbe160) from the trader "Medicals (Mirek [#STR_EXPANSION_MARKET_TRADER_MEDICALS])" in market zone "Trader Zone" (pos=<6675.160645, 104.603935, 6114.155762>) for a price of 40.
19:33:32.968 [Market] Player "Skylife" (id=0nlBsegCHGGIa_PWwV8P7yvzvRWsYIpEEKvCkEEBsw0=) has bought charcoaltablets x6 (43fcba80) from the trader "Medicals (Mirek [#STR_EXPANSION_MARKET_TRADER_MEDICALS])" in market zone "Trader Zone" (pos=<6675.160645, 104.603935, 6114.155762>) for a price of 12.
19:33:42.968 [Market] Player "Skylife" (id=0nlBsegCHGGIa_PWwV8P7yvzvRWsYIpEEKvCkEEBsw0=) has bought salinebag x3 (42827510) from the trader "Medicals (Mirek [#STR_EXPANSION_MARKET_TRADER_MEDICALS])" in market zone "Trader Zone" (pos=<6675.160645, 104.603935, 6114.155762>) for a price of 45.
19:33:50.921 [Market] Player "Skylife" (id=0nlBsegCHGGIa_PWwV8P7yvzvRWsYIpEEKvCkEEBsw0=) has bought tetracyclineantibiotics x4 (32568880) from the trader "Medicals (Mirek [#STR_EXPANSION_MARKET_TRADER_MEDICALS])" in market zone "Trader Zone" (pos=<6675.160645, 104.603935, 6114.155762>) for a price of 32.
19:34:26.296 [Market] Player "Skylife" (id=0nlBsegCHGGIa_PWwV8P7yvzvRWsYIpEEKvCkEEBsw0=) has bought painkillertablets x3 (41cb1b90) from the trader "Medicals (Mirek [#STR_EXPANSION_MARKET_TRADER_MEDICALS])" in market zone "Trader Zone" (pos=<6675.160645, 104.603935, 6114.155762>) for a price of 30.
19:35:22.882 [Market] Player "Skylife" (id=0nlBsegCHGGIa_PWwV8P7yvzvRWsYIpEEKvCkEEBsw0=) has bought woolgloves_green x1 (74e50100) from the trader "Clothing (Naomi [#STR_EXPANSION_MARKET_TRADER_CLOTHING])" in market zone "Trader Zone" (pos=<6675.160645, 104.603935, 6114.155762>) for a price of 35.
19:35:30.945 [Market] Player "Stivi the Kid" (id=W44v5r64t_fNpgzRQNLTal2wQQBqWJ8o-Qcc6Jd5hw8=) has bought cargopants_black x1 (74e4bba0) from the trader "Clothing (Naomi [#STR_EXPANSION_MARKET_TRADER_CLOTHING])" in market zone "Trader Zone" (pos=<6675.160645, 104.603935, 6114.155762>) for a price of 35.
19:35:37.117 [Market] Player "Skylife" (id=0nlBsegCHGGIa_PWwV8P7yvzvRWsYIpEEKvCkEEBsw0=) has bought woolgloves_white x1 (74e5a2e0) from the trader "Clothing (Naomi [#STR_EXPANSION_MARKET_TRADER_CLOTHING])" in market zone "Trader Zone" (pos=<6675.160645, 104.603935, 6114.155762>) for a price of 35.
19:36:05.148 [Market] Player "Stivi the Kid" (id=W44v5r64t_fNpgzRQNLTal2wQQBqWJ8o-Qcc6Jd5hw8=) has bought m65jacket_black x1 (74e5c590) from the trader "Clothing (Naomi [#STR_EXPANSION_MARKET_TRADER_CLOTHING])" in market zone "Trader Zone" (pos=<6675.160645, 104.603935, 6114.155762>) for a price of 130.
19:36:36.429 [Market] Player "Stivi the Kid" (id=W44v5r64t_fNpgzRQNLTal2wQQBqWJ8o-Qcc6Jd5hw8=) has bought balaclavamask_black x1 (74e78880) from the trader "Clothing (Naomi [#STR_EXPANSION_MARKET_TRADER_CLOTHING])" in market zone "Trader Zone" (pos=<6675.160645, 104.603935, 6114.155762>) for a price of 55.
19:36:52.460 [Market] Player "Skylife" (id=0nlBsegCHGGIa_PWwV8P7yvzvRWsYIpEEKvCkEEBsw0=) has bought mich2001helmet x1 (3b092d40) from the trader "Clothing (Naomi [#STR_EXPANSION_MARKET_TRADER_CLOTHING])" in market zone "Trader Zone" (pos=<6675.160645, 104.603935, 6114.155762>) for a price of 150.
19:37:01.632 [Market] Player "Skylife" (id=0nlBsegCHGGIa_PWwV8P7yvzvRWsYIpEEKvCkEEBsw0=) has bought nylonknifesheath x1 (3b08b9a0) from the trader "Clothing (Naomi [#STR_EXPANSION_MARKET_TRADER_CLOTHING])" in market zone "Trader Zone" (pos=<6675.160645, 104.603935, 6114.155762>) for a price of 30.
19:37:03.984 [Market] Player "Skylife" (id=0nlBsegCHGGIa_PWwV8P7yvzvRWsYIpEEKvCkEEBsw0=) has bought platecarrierpouches x1 (3b09c390) from the trader "Clothing (Naomi [#STR_EXPANSION_MARKET_TRADER_CLOTHING])" in market zone "Trader Zone" (pos=<6675.160645, 104.603935, 6114.155762>) for a price of 100.
19:37:06.218 [Market] Player "Skylife" (id=0nlBsegCHGGIa_PWwV8P7yvzvRWsYIpEEKvCkEEBsw0=) has bought platecarrierholster x1 (3b0747a0) from the trader "Clothing (Naomi [#STR_EXPANSION_MARKET_TRADER_CLOTHING])" in market zone "Trader Zone" (pos=<6675.160645, 104.603935, 6114.155762>) for a price of 60.
19:37:08.625 [Market] Player "Skylife" (id=0nlBsegCHGGIa_PWwV8P7yvzvRWsYIpEEKvCkEEBsw0=) has bought chestholster x1 (3b09fd60) from the trader "Clothing (Naomi [#STR_EXPANSION_MARKET_TRADER_CLOTHING])" in market zone "Trader Zone" (pos=<6675.160645, 104.603935, 6114.155762>) for a price of 60.
19:37:27.117 [Market] Player "Skylife" (id=0nlBsegCHGGIa_PWwV8P7yvzvRWsYIpEEKvCkEEBsw0=) has bought gorkapants_summer x1 (445d7630) from the trader "Clothing (Naomi [#STR_EXPANSION_MARKET_TRADER_CLOTHING])" in market zone "Trader Zone" (pos=<6675.160645, 104.603935, 6114.155762>) for a price of 130.
19:37:27.445 [Market] Player "Stivi the Kid" (id=W44v5r64t_fNpgzRQNLTal2wQQBqWJ8o-Qcc6Jd5hw8=) has sold balaclava3holes_blue x1 (5c4894b0) at the trader "Clothing (Naomi [#STR_EXPANSION_MARKET_TRADER_CLOTHING])" in market zone "Trader Zone" (pos=<6675.160645, 104.603935, 6114.155762>) and got 37.
19:37:32.445 [Market] Player "Skylife" (id=0nlBsegCHGGIa_PWwV8P7yvzvRWsYIpEEKvCkEEBsw0=) has bought hunterpants_winter x1 (445d98e0) from the trader "Clothing (Naomi [#STR_EXPANSION_MARKET_TRADER_CLOTHING])" in market zone "Trader Zone" (pos=<6675.160645, 104.603935, 6114.155762>) for a price of 90.
19:38:08.648 [Market] Player "Skylife" (id=0nlBsegCHGGIa_PWwV8P7yvzvRWsYIpEEKvCkEEBsw0=) has bought balaclavamask_blackskull x1 (3a648ef0) from the trader "Clothing (Naomi [#STR_EXPANSION_MARKET_TRADER_CLOTHING])" in market zone "Trader Zone" (pos=<6675.160645, 104.603935, 6114.155762>) for a price of 55.
19:38:23.781 [Market] Player "Skylife" (id=0nlBsegCHGGIa_PWwV8P7yvzvRWsYIpEEKvCkEEBsw0=) has bought hikingboots_brown x1 (874a1de0) from the trader "Clothing (Naomi [#STR_EXPANSION_MARKET_TRADER_CLOTHING])" in market zone "Trader Zone" (pos=<6675.160645, 104.603935, 6114.155762>) for a price of 75.
19:38:36.570 [Market] Player "Skylife" (id=0nlBsegCHGGIa_PWwV8P7yvzvRWsYIpEEKvCkEEBsw0=) has bought highcapacityvest_black x1 (42a587a0) from the trader "Clothing (Naomi [#STR_EXPANSION_MARKET_TRADER_CLOTHING])" in market zone "Trader Zone" (pos=<6675.160645, 104.603935, 6114.155762>) for a price of 200.
19:38:42.648 [ATM] Player "Mard" (id=OAEsqfVu9Ya3qx3X2Q_PgbpxSoSDXOIUHhH8VWVuumk=) has withdrawn 1000 from his ATM account.
19:38:52.773 [Market] Player "Skylife" (id=0nlBsegCHGGIa_PWwV8P7yvzvRWsYIpEEKvCkEEBsw0=) has bought m65jacket_olive x1 (42a69190) from the trader "Clothing (Naomi [#STR_EXPANSION_MARKET_TRADER_CLOTHING])" in market zone "Trader Zone" (pos=<6675.160645, 104.603935, 6114.155762>) for a price of 130.
19:38:53.359 [Market] Player "Mard" (id=OAEsqfVu9Ya3qx3X2Q_PgbpxSoSDXOIUHhH8VWVuumk=) has bought universallight x1 (42a59ec0) from the trader "Attachments (Jose [#STR_EXPANSION_MARKET_TRADER_ATTACHMENTS])" in market zone "Trader Zone" (pos=<6675.160645, 104.603935, 6114.155762>) for a price of 120.
19:38:58.796 [ATM] Player "ElBizzy" (id=zazFLAJ4lPF6TvVQMMREjst1jC8o_Id9oh_TjGBwaP8=) has withdrawn 2000 from his ATM account.
19:39:07.742 [Market] Player "Mard" (id=OAEsqfVu9Ya3qx3X2Q_PgbpxSoSDXOIUHhH8VWVuumk=) has bought battery9v x1 (2c161710) from the trader "Components (Cyril [#STR_EXPANSION_MARKET_TRADER_COMPONENTS])" in market zone "Trader Zone" (pos=<6675.160645, 104.603935, 6114.155762>) for a price of 10.
19:39:09.453 [Market] Player "Mard" (id=OAEsqfVu9Ya3qx3X2Q_PgbpxSoSDXOIUHhH8VWVuumk=) has bought battery9v x1 (2c167f20) from the trader "Components (Cyril [#STR_EXPANSION_MARKET_TRADER_COMPONENTS])" in market zone "Trader Zone" (pos=<6675.160645, 104.603935, 6114.155762>) for a price of 10.
19:39:13.890 [Market] Player "Stivi the Kid" (id=W44v5r64t_fNpgzRQNLTal2wQQBqWJ8o-Qcc6Jd5hw8=) has bought mich2001helmet x1 (2c1639c0) from the trader "Clothing (Naomi [#STR_EXPANSION_MARKET_TRADER_CLOTHING])" in market zone "Trader Zone" (pos=<6675.160645, 104.603935, 6114.155762>) for a price of 150.
19:39:41.742 [Market] Player "ElBizzy" (id=zazFLAJ4lPF6TvVQMMREjst1jC8o_Id9oh_TjGBwaP8=) has bought flashlight x1 (2c152fd0, Battery9V<2c1546f0>) from the trader "Components (Cyril [#STR_EXPANSION_MARKET_TRADER_COMPONENTS])" in market zone "Trader Zone" (pos=<6675.160645, 104.603935, 6114.155762>) for a price of 25.
19:40:29.640 [Market] Player "Stivi the Kid" (id=W44v5r64t_fNpgzRQNLTal2wQQBqWJ8o-Qcc6Jd5hw8=) has sold hunterpants_summer x1 (5c48fcc0) at the trader "Clothing (Naomi [#STR_EXPANSION_MARKET_TRADER_CLOTHING])" in market zone "Trader Zone" (pos=<6675.160645, 104.603935, 6114.155762>) and got 75.
19:40:36.273 [Market] Player "Stivi the Kid" (id=W44v5r64t_fNpgzRQNLTal2wQQBqWJ8o-Qcc6Jd5hw8=) has sold raincoat_green x1 (394ba060) at the trader "Clothing (Naomi [#STR_EXPANSION_MARKET_TRADER_CLOTHING])" in market zone "Trader Zone" (pos=<6675.160645, 104.603935, 6114.155762>) and got 37.
19:40:40.804 [Market] Player "Stivi the Kid" (id=W44v5r64t_fNpgzRQNLTal2wQQBqWJ8o-Qcc6Jd5hw8=) has sold ushanka_blue x1 (3a9280a0) at the trader "Clothing (Naomi [#STR_EXPANSION_MARKET_TRADER_CLOTHING])" in market zone "Trader Zone" (pos=<6675.160645, 104.603935, 6114.155762>) and got 28.
19:41:42.546 [Market] Player "ElBizzy" (id=zazFLAJ4lPF6TvVQMMREjst1jC8o_Id9oh_TjGBwaP8=) has sold huntingbag x1 (5ba5a4f0) at the trader "Clothing (Naomi [#STR_EXPANSION_MARKET_TRADER_CLOTHING])" in market zone "Trader Zone" (pos=<6675.160645, 104.603935, 6114.155762>) and got 97.
19:41:46.382 [Market] Player "Stivi the Kid" (id=W44v5r64t_fNpgzRQNLTal2wQQBqWJ8o-Qcc6Jd5hw8=) has bought combatboots_beige x1 (441df780) from the trader "Clothing (Naomi [#STR_EXPANSION_MARKET_TRADER_CLOTHING])" in market zone "Trader Zone" (pos=<6675.160645, 104.603935, 6114.155762>) for a price of 80.
19:41:49.359 [Market] Player "Skylife" (id=0nlBsegCHGGIa_PWwV8P7yvzvRWsYIpEEKvCkEEBsw0=) has bought highcapacityvest_black x1 (33aae350) from the trader "Clothing (Naomi [#STR_EXPANSION_MARKET_TRADER_CLOTHING])" in market zone "Trader Zone" (pos=<6675.160645, 104.603935, 6114.155762>) for a price of 200.
19:41:58.164 [Market] Player "ElBizzy" (id=zazFLAJ4lPF6TvVQMMREjst1jC8o_Id9oh_TjGBwaP8=) has sold huntingknife x1 (5ba61890) at the trader "Weapons (Denis [#STR_EXPANSION_MARKET_TRADER_WEAPONS])" in market zone "Trader Zone" (pos=<6675.160645, 104.603935, 6114.155762>) and got 6.
19:41:59.187 [Market] Player "Stivi the Kid" (id=W44v5r64t_fNpgzRQNLTal2wQQBqWJ8o-Qcc6Jd5hw8=) has sold athleticshoes_brown x1 (5c48b760) at the trader "Clothing (Naomi [#STR_EXPANSION_MARKET_TRADER_CLOTHING])" in market zone "Trader Zone" (pos=<6675.160645, 104.603935, 6114.155762>) and got 6.
19:43:39.226 [Market] Player "Stivi the Kid" (id=W44v5r64t_fNpgzRQNLTal2wQQBqWJ8o-Qcc6Jd5hw8=) has bought armband_zenit x1 (4380ab70) from the trader "Clothing (Naomi [#STR_EXPANSION_MARKET_TRADER_CLOTHING])" in market zone "Trader Zone" (pos=<6675.160645, 104.603935, 6114.155762>) for a price of 15.
19:43:43.445 [Market] Player "ElBizzy" (id=zazFLAJ4lPF6TvVQMMREjst1jC8o_Id9oh_TjGBwaP8=) has bought armband_zenit x1 (4380fc60) from the trader "Clothing (Naomi [#STR_EXPANSION_MARKET_TRADER_CLOTHING])" in market zone "Trader Zone" (pos=<6675.160645, 104.603935, 6114.155762>) for a price of 15.
19:43:53.679 [Market] Player "Mard" (id=OAEsqfVu9Ya3qx3X2Q_PgbpxSoSDXOIUHhH8VWVuumk=) has bought armband_zenit x1 (3403e6d0) from the trader "Clothing (Naomi [#STR_EXPANSION_MARKET_TRADER_CLOTHING])" in market zone "Trader Zone" (pos=<6675.160645, 104.603935, 6114.155762>) for a price of 15.
19:44:02.132 [Market] Player "ElBizzy" (id=zazFLAJ4lPF6TvVQMMREjst1jC8o_Id9oh_TjGBwaP8=) has sold armband_orange x1 (9e37a1e0) at the trader "Clothing (Naomi [#STR_EXPANSION_MARKET_TRADER_CLOTHING])" in market zone "Trader Zone" (pos=<6675.160645, 104.603935, 6114.155762>) and got 11.
19:44:47.546 [Market] Player "Skylife" (id=0nlBsegCHGGIa_PWwV8P7yvzvRWsYIpEEKvCkEEBsw0=) has bought armband_zenit x1 (2c882360) from the trader "Clothing (Naomi [#STR_EXPANSION_MARKET_TRADER_CLOTHING])" in market zone "Trader Zone" (pos=<6675.160645, 104.603935, 6114.155762>) for a price of 15.
19:45:18.367 [Market] Player "Skylife" (id=0nlBsegCHGGIa_PWwV8P7yvzvRWsYIpEEKvCkEEBsw0=) has bought m65jacket_black x1 (440447a0) from the trader "Clothing (Naomi [#STR_EXPANSION_MARKET_TRADER_CLOTHING])" in market zone "Trader Zone" (pos=<6675.160645, 104.603935, 6114.155762>) for a price of 130.
19:45:58.203 [Market] Player "ElBizzy" (id=zazFLAJ4lPF6TvVQMMREjst1jC8o_Id9oh_TjGBwaP8=) has sold fishingrod x1 (5c48e5a0) at the trader "Fishing (Baty [#STR_EXPANSION_MARKET_TRADER_FISHING])" in market zone "Trader Zone" (pos=<6675.160645, 104.603935, 6114.155762>) and got 22.
19:46:01.679 [Market] Player "Stivi the Kid" (id=W44v5r64t_fNpgzRQNLTal2wQQBqWJ8o-Qcc6Jd5hw8=) has sold reflexoptic x1 (3c0c8790) at the trader "Attachments (Jose [#STR_EXPANSION_MARKET_TRADER_ATTACHMENTS])" in market zone "Trader Zone" (pos=<6675.160645, 104.603935, 6114.155762>) and got 28.
19:46:32.835 [Market] Player "Mard" (id=OAEsqfVu9Ya3qx3X2Q_PgbpxSoSDXOIUHhH8VWVuumk=) has bought rice x1 (3fece560) from the trader "Consumables (Linda [#STR_EXPANSION_MARKET_TRADER_CONSUMABLES])" in market zone "Trader Zone" (pos=<6675.160645, 104.603935, 6114.155762>) for a price of 13.
19:46:33.218 [Market] Player "Mard" (id=OAEsqfVu9Ya3qx3X2Q_PgbpxSoSDXOIUHhH8VWVuumk=) has bought rice x1 (3feb7b80) from the trader "Consumables (Linda [#STR_EXPANSION_MARKET_TRADER_CONSUMABLES])" in market zone "Trader Zone" (pos=<6675.160645, 104.603935, 6114.155762>) for a price of 13.
19:46:52.203 [Market] Player "Skylife" (id=0nlBsegCHGGIa_PWwV8P7yvzvRWsYIpEEKvCkEEBsw0=) has bought hikingboots_brown x1 (3972b2a0) from the trader "Clothing (Naomi [#STR_EXPANSION_MARKET_TRADER_CLOTHING])" in market zone "Trader Zone" (pos=<6675.160645, 104.603935, 6114.155762>) for a price of 75.
19:47:15.421 [Market] Player "Stivi the Kid" (id=W44v5r64t_fNpgzRQNLTal2wQQBqWJ8o-Qcc6Jd5hw8=) has sold mkii x1 (38e6d950, Mag_MKII_10Rnd<397331d0>, ammo_22 x5) at the trader "Weapons (Denis [#STR_EXPANSION_MARKET_TRADER_WEAPONS])" in market zone "Trader Zone" (pos=<6675.160645, 104.603935, 6114.155762>) and got 72.
19:47:23.554 [Market] Player "Skylife" (id=0nlBsegCHGGIa_PWwV8P7yvzvRWsYIpEEKvCkEEBsw0=) has bought canteen x1 (3e3696e0) from the trader "Consumables (Linda [#STR_EXPANSION_MARKET_TRADER_CONSUMABLES])" in market zone "Trader Zone" (pos=<6675.160645, 104.603935, 6114.155762>) for a price of 18.
19:47:41.625 [Market] Player "Skylife" (id=0nlBsegCHGGIa_PWwV8P7yvzvRWsYIpEEKvCkEEBsw0=) has bought waterbottle x1 (3af6fd10) from the trader "Consumables (Linda [#STR_EXPANSION_MARKET_TRADER_CONSUMABLES])" in market zone "Trader Zone" (pos=<6675.160645, 104.603935, 6114.155762>) for a price of 15.
19:48:26.117 [Market] Player "Skylife" (id=0nlBsegCHGGIa_PWwV8P7yvzvRWsYIpEEKvCkEEBsw0=) has bought sodacan_spite x3 (2f2c9460) from the trader "Consumables (Linda [#STR_EXPANSION_MARKET_TRADER_CONSUMABLES])" in market zone "Trader Zone" (pos=<6675.160645, 104.603935, 6114.155762>) for a price of 30.
19:48:41.312 [Market] Player "Stivi the Kid" (id=W44v5r64t_fNpgzRQNLTal2wQQBqWJ8o-Qcc6Jd5hw8=) has bought asval x1 (3abef0d0, Mag_VAL_20Rnd<33d5a440>, ammo_9x39 x20) from the trader "Weapons (Denis [#STR_EXPANSION_MARKET_TRADER_WEAPONS])" in market zone "Trader Zone" (pos=<6675.160645, 104.603935, 6114.155762>) for a price of 1920.
19:49:43.812 [Market] Player "Stivi the Kid" (id=W44v5r64t_fNpgzRQNLTal2wQQBqWJ8o-Qcc6Jd5hw8=) has sold ruger1022 x1 (3769eb90, Mag_Ruger1022_15Rnd<38b4a3a0>, ammo_22 x6) at the trader "Weapons (Denis [#STR_EXPANSION_MARKET_TRADER_WEAPONS])" in market zone "Trader Zone" (pos=<6675.160645, 104.603935, 6114.155762>) and got 342.
19:50:45.656 [Market] Player "Skylife" (id=0nlBsegCHGGIa_PWwV8P7yvzvRWsYIpEEKvCkEEBsw0=) has bought vss x1 (3768d940, Mag_VSS_10Rnd<3788c900>, ammo_9x39 x10) from the trader "Weapons (Denis [#STR_EXPANSION_MARKET_TRADER_WEAPONS])" in market zone "Trader Zone" (pos=<6675.160645, 104.603935, 6114.155762>) for a price of 1840.
19:50:54.515 [Market] Player "ElBizzy" (id=zazFLAJ4lPF6TvVQMMREjst1jC8o_Id9oh_TjGBwaP8=) has bought gp5gasmask x1 (3786cc40) from the trader "Clothing (Naomi [#STR_EXPANSION_MARKET_TRADER_CLOTHING])" in market zone "Trader Zone" (pos=<6675.160645, 104.603935, 6114.155762>) for a price of 120.
19:51:46.953 [ATM] Player "Skylife" (id=0nlBsegCHGGIa_PWwV8P7yvzvRWsYIpEEKvCkEEBsw0=) has withdrawn 4000 from his ATM account.
19:51:54.757 [Market] Player "Stivi the Kid" (id=W44v5r64t_fNpgzRQNLTal2wQQBqWJ8o-Qcc6Jd5hw8=) has bought pso11optic x1 (389c1330, Battery9V<391a0310>) from the trader "Attachments (Jose [#STR_EXPANSION_MARKET_TRADER_ATTACHMENTS])" in market zone "Trader Zone" (pos=<6675.160645, 104.603935, 6114.155762>) for a price of 1410.
19:51:58.203 [Market] Player "Stivi the Kid" (id=W44v5r64t_fNpgzRQNLTal2wQQBqWJ8o-Qcc6Jd5hw8=) has bought pso11optic x1 (42199000, Battery9V<391c8a90>) from the trader "Attachments (Jose [#STR_EXPANSION_MARKET_TRADER_ATTACHMENTS])" in market zone "Trader Zone" (pos=<6675.160645, 104.603935, 6114.155762>) for a price of 1410.
19:52:24.273 [Market] Player "Stivi the Kid" (id=W44v5r64t_fNpgzRQNLTal2wQQBqWJ8o-Qcc6Jd5hw8=) has bought mag_val_20rnd x1 (43bfa0e0, ammo_9x39 x20) from the trader "Attachments (Jose [#STR_EXPANSION_MARKET_TRADER_ATTACHMENTS])" in market zone "Trader Zone" (pos=<6675.160645, 104.603935, 6114.155762>) for a price of 320.
19:52:28.093 [Market] Player "Stivi the Kid" (id=W44v5r64t_fNpgzRQNLTal2wQQBqWJ8o-Qcc6Jd5hw8=) has bought mag_val_20rnd x3 (43bf6710, ammo_9x39 x20, ammo_9x39 x20, ammo_9x39 x20) from the trader "Attachments (Jose [#STR_EXPANSION_MARKET_TRADER_ATTACHMENTS])" in market zone "Trader Zone" (pos=<6675.160645, 104.603935, 6114.155762>) for a price of 960.
19:52:51.437 [Market] Player "Skylife" (id=0nlBsegCHGGIa_PWwV8P7yvzvRWsYIpEEKvCkEEBsw0=) has bought ammobox_9x39_20rnd x5 (43e10170) from the trader "Weapons (Denis [#STR_EXPANSION_MARKET_TRADER_WEAPONS])" in market zone "Trader Zone" (pos=<6675.160645, 104.603935, 6114.155762>) for a price of 80.
19:53:35.039 [Market] Player "Stivi the Kid" (id=W44v5r64t_fNpgzRQNLTal2wQQBqWJ8o-Qcc6Jd5hw8=) has sold pso11optic x1 (389c1330, Battery9V<391a0310>) at the trader "Attachments (Jose [#STR_EXPANSION_MARKET_TRADER_ATTACHMENTS])" in market zone "Trader Zone" (pos=<6675.160645, 104.603935, 6114.155762>) and got 1057.
19:53:37.234 [Market] Player "Stivi the Kid" (id=W44v5r64t_fNpgzRQNLTal2wQQBqWJ8o-Qcc6Jd5hw8=) has sold pso11optic x1 (42199000, Battery9V<391c8a90>) at the trader "Attachments (Jose [#STR_EXPANSION_MARKET_TRADER_ATTACHMENTS])" in market zone "Trader Zone" (pos=<6675.160645, 104.603935, 6114.155762>) and got 1057.
19:53:40.578 [Party] Player "Eric" (id=DT1QFut1v8UN48skN3UnroicVIl_5hTizZZZSwLRxk8=) left the party "Hawk Fearless" (id=5 ownerUID=wBwiybhmqSv3IfINgIr99PhPwxKwXc4RCt6SZurIBXQ= ownerName=MrWowaWowa)
19:54:06.437 [Market] Player "ElBizzy" (id=zazFLAJ4lPF6TvVQMMREjst1jC8o_Id9oh_TjGBwaP8=) has sold cz550 x1 (87e40be0, Mag_CZ550_10rnd<82890d60>, ammo_308win x6) at the trader "Weapons (Denis [#STR_EXPANSION_MARKET_TRADER_WEAPONS])" in market zone "Trader Zone" (pos=<6675.160645, 104.603935, 6114.155762>) and got 177.
19:55:22.093 [Market] Player "Skylife" (id=0nlBsegCHGGIa_PWwV8P7yvzvRWsYIpEEKvCkEEBsw0=) has bought m4a1 x1 (35911ce0, M4_PlasticHndgrd<53018ce0>, M4_OEBttstck<5301af90>, Mag_STANAG_30Rnd<5301f4f0>, ammo_556x45 x30, M4_CarryHandleOptic<3210fb40>) from the trader "Weapons (Denis [#STR_EXPANSION_MARKET_TRADER_WEAPONS])" in market zone "Trader Zone" (pos=<6675.160645, 104.603935, 6114.155762>) for a price of 2330.
19:55:54.109 [Market] Player "Stivi the Kid" (id=W44v5r64t_fNpgzRQNLTal2wQQBqWJ8o-Qcc6Jd5hw8=) has bought expansionhamroptic x1 (390750a0, ExpansionDeltapointOptic<390829c0>, Battery9V<38b20500>) from the trader "Attachments (Jose [#STR_EXPANSION_MARKET_TRADER_ATTACHMENTS])" in market zone "Trader Zone" (pos=<6675.160645, 104.603935, 6114.155762>) for a price of 560.
19:56:17.375 [Market] Player "Skylife" (id=0nlBsegCHGGIa_PWwV8P7yvzvRWsYIpEEKvCkEEBsw0=) has bought universallight x1 (375eab30) from the trader "Attachments (Jose [#STR_EXPANSION_MARKET_TRADER_ATTACHMENTS])" in market zone "Trader Zone" (pos=<6675.160645, 104.603935, 6114.155762>) for a price of 120.
19:56:38.367 [Market] Player "Stivi the Kid" (id=W44v5r64t_fNpgzRQNLTal2wQQBqWJ8o-Qcc6Jd5hw8=) has bought battery9v x1 (37611b90) from the trader "Components (Cyril [#STR_EXPANSION_MARKET_TRADER_COMPONENTS])" in market zone "Trader Zone" (pos=<6675.160645, 104.603935, 6114.155762>) for a price of 10.
19:56:38.554 [Market] Player "Stivi the Kid" (id=W44v5r64t_fNpgzRQNLTal2wQQBqWJ8o-Qcc6Jd5hw8=) has bought battery9v x1 (3761a650) from the trader "Components (Cyril [#STR_EXPANSION_MARKET_TRADER_COMPONENTS])" in market zone "Trader Zone" (pos=<6675.160645, 104.603935, 6114.155762>) for a price of 10.
19:56:38.710 [Market] Player "Stivi the Kid" (id=W44v5r64t_fNpgzRQNLTal2wQQBqWJ8o-Qcc6Jd5hw8=) has bought battery9v x1 (3761b1e0) from the trader "Components (Cyril [#STR_EXPANSION_MARKET_TRADER_COMPONENTS])" in market zone "Trader Zone" (pos=<6675.160645, 104.603935, 6114.155762>) for a price of 10.
19:56:38.929 [Market] Player "Stivi the Kid" (id=W44v5r64t_fNpgzRQNLTal2wQQBqWJ8o-Qcc6Jd5hw8=) has bought battery9v x1 (3761d490) from the trader "Components (Cyril [#STR_EXPANSION_MARKET_TRADER_COMPONENTS])" in market zone "Trader Zone" (pos=<6675.160645, 104.603935, 6114.155762>) for a price of 10.
19:56:39.273 [Market] Player "Skylife" (id=0nlBsegCHGGIa_PWwV8P7yvzvRWsYIpEEKvCkEEBsw0=) has bought reflexoptic x1 (3583a880, Battery9V<37611000>) from the trader "Attachments (Jose [#STR_EXPANSION_MARKET_TRADER_ATTACHMENTS])" in market zone "Trader Zone" (pos=<6675.160645, 104.603935, 6114.155762>) for a price of 160.
19:57:17.445 [Market] Player "Skylife" (id=0nlBsegCHGGIa_PWwV8P7yvzvRWsYIpEEKvCkEEBsw0=) has bought expansionhamroptic x1 (3aa12e70, ExpansionDeltapointOptic<3aa38990>, Battery9V<2f50ebf0>) from the trader "Attachments (Jose [#STR_EXPANSION_MARKET_TRADER_ATTACHMENTS])" in market zone "Trader Zone" (pos=<6675.160645, 104.603935, 6114.155762>) for a price of 560.
19:58:15.929 [Market] Player "Stivi the Kid" (id=W44v5r64t_fNpgzRQNLTal2wQQBqWJ8o-Qcc6Jd5hw8=) has bought ammobox_9x39_20rnd x1 (42642540) from the trader "Weapons (Denis [#STR_EXPANSION_MARKET_TRADER_WEAPONS])" in market zone "Trader Zone" (pos=<6675.160645, 104.603935, 6114.155762>) for a price of 16.
19:58:16.093 [Market] Player "Stivi the Kid" (id=W44v5r64t_fNpgzRQNLTal2wQQBqWJ8o-Qcc6Jd5hw8=) has bought ammobox_9x39_20rnd x1 (4263a610) from the trader "Weapons (Denis [#STR_EXPANSION_MARKET_TRADER_WEAPONS])" in market zone "Trader Zone" (pos=<6675.160645, 104.603935, 6114.155762>) for a price of 16.
19:58:46.265 [Market] Player "Skylife" (id=0nlBsegCHGGIa_PWwV8P7yvzvRWsYIpEEKvCkEEBsw0=) has bought expansionreflexmrsoptic x1 (43fc7220, Battery9V<4443e5c0>) from the trader "Attachments (Jose [#STR_EXPANSION_MARKET_TRADER_ATTACHMENTS])" in market zone "Trader Zone" (pos=<6675.160645, 104.603935, 6114.155762>) for a price of 160.
19:59:19.484 [Market] Player "Skylife" (id=0nlBsegCHGGIa_PWwV8P7yvzvRWsYIpEEKvCkEEBsw0=) has bought expansion_m1a_railatt x1 (3466a1e0) from the trader "Attachments (Jose [#STR_EXPANSION_MARKET_TRADER_ATTACHMENTS])" in market zone "Trader Zone" (pos=<6675.160645, 104.603935, 6114.155762>) for a price of 150.
20:00:00.867 [Market] Player "Stivi the Kid" (id=W44v5r64t_fNpgzRQNLTal2wQQBqWJ8o-Qcc6Jd5hw8=) has bought platecarriervest_black x1 (35cb1780) from the trader "Clothing (Naomi [#STR_EXPANSION_MARKET_TRADER_CLOTHING])" in market zone "Trader Zone" (pos=<6675.160645, 104.603935, 6114.155762>) for a price of 250.
20:00:43.632 [Market] Player "Stivi the Kid" (id=W44v5r64t_fNpgzRQNLTal2wQQBqWJ8o-Qcc6Jd5hw8=) has sold barbedwire x1 (38b4bac0) at the trader "BuildingSupplies (Boris [#STR_EXPANSION_MARKET_TRADER_BUILDING_SUPPLIES])" in market zone "Trader Zone" (pos=<6675.160645, 104.603935, 6114.155762>) and got 253.
20:00:46.703 [Market] Player "Stivi the Kid" (id=W44v5r64t_fNpgzRQNLTal2wQQBqWJ8o-Qcc6Jd5hw8=) has sold pliers x1 (39709330) at the trader "BuildingSupplies (Boris [#STR_EXPANSION_MARKET_TRADER_BUILDING_SUPPLIES])" in market zone "Trader Zone" (pos=<6675.160645, 104.603935, 6114.155762>) and got 1.
20:00:47.609 [Market] Player "Stivi the Kid" (id=W44v5r64t_fNpgzRQNLTal2wQQBqWJ8o-Qcc6Jd5hw8=) has sold lugwrench x1 (396fa060) at the trader "BuildingSupplies (Boris [#STR_EXPANSION_MARKET_TRADER_BUILDING_SUPPLIES])" in market zone "Trader Zone" (pos=<6675.160645, 104.603935, 6114.155762>) and got 1.
20:01:35.007 [Market] Player "Skylife" (id=0nlBsegCHGGIa_PWwV8P7yvzvRWsYIpEEKvCkEEBsw0=) has bought mag_stanagcoupled_30rnd x2 (455a09e0, ammo_556x45 x60, ammo_556x45 x60) from the trader "Attachments (Jose [#STR_EXPANSION_MARKET_TRADER_ATTACHMENTS])" in market zone "Trader Zone" (pos=<6675.160645, 104.603935, 6114.155762>) for a price of 680.
20:02:49.382 [Market] Player "Stivi the Kid" (id=W44v5r64t_fNpgzRQNLTal2wQQBqWJ8o-Qcc6Jd5hw8=) has bought platecarriervest_black x1 (439e0d00, PlateCarrierHolster_Black<439e5260>, PlateCarrierPouches_Black<439ddec0>) from the trader "Clothing (Naomi [#STR_EXPANSION_MARKET_TRADER_CLOTHING])" in market zone "Trader Zone" (pos=<6675.160645, 104.603935, 6114.155762>) for a price of 410.
20:03:53.859 [ATM] Player "Skylife" (id=0nlBsegCHGGIa_PWwV8P7yvzvRWsYIpEEKvCkEEBsw0=) has withdrawn 10000 from his ATM account.
20:03:58.257 [Market] Player "Stivi the Kid" (id=W44v5r64t_fNpgzRQNLTal2wQQBqWJ8o-Qcc6Jd5hw8=) has sold platecarriervest_black x1 (35cb1780) at the trader "Clothing (Naomi [#STR_EXPANSION_MARKET_TRADER_CLOTHING])" in market zone "Trader Zone" (pos=<6675.160645, 104.603935, 6114.155762>) and got 187.
20:04:14.046 [Market] Player "Skylife" (id=0nlBsegCHGGIa_PWwV8P7yvzvRWsYIpEEKvCkEEBsw0=) has bought m4_suppressor x1 (36560500) from the trader "Attachments (Jose [#STR_EXPANSION_MARKET_TRADER_ATTACHMENTS])" in market zone "Trader Zone" (pos=<6675.160645, 104.603935, 6114.155762>) for a price of 25.
20:04:27.742 [Market] Player "Skylife" (id=0nlBsegCHGGIa_PWwV8P7yvzvRWsYIpEEKvCkEEBsw0=) has bought universallight x1 (3655ede0) from the trader "Attachments (Jose [#STR_EXPANSION_MARKET_TRADER_ATTACHMENTS])" in market zone "Trader Zone" (pos=<6675.160645, 104.603935, 6114.155762>) for a price of 120.
20:05:20.312 [Killfeed] SnesleyWipes got killed by an Infected.
20:06:05.078 [Market] Player "Skylife" (id=0nlBsegCHGGIa_PWwV8P7yvzvRWsYIpEEKvCkEEBsw0=) has bought expansionhamroptic x1 (3797e260, ExpansionDeltapointOptic<3c0ae160>, Battery9V<3e6e86b0>) from the trader "Attachments (Jose [#STR_EXPANSION_MARKET_TRADER_ATTACHMENTS])" in market zone "Trader Zone" (pos=<6675.160645, 104.603935, 6114.155762>) for a price of 560.
20:07:08.601 [Market] Player "Skylife" (id=0nlBsegCHGGIa_PWwV8P7yvzvRWsYIpEEKvCkEEBsw0=) has bought pso11optic x1 (389c73b0, Battery9V<3a636250>) from the trader "Attachments (Jose [#STR_EXPANSION_MARKET_TRADER_ATTACHMENTS])" in market zone "Trader Zone" (pos=<6675.160645, 104.603935, 6114.155762>) for a price of 1410.
20:07:25.007 [Market] Player "Stivi the Kid" (id=W44v5r64t_fNpgzRQNLTal2wQQBqWJ8o-Qcc6Jd5hw8=) has bought expansion_g36 x1 (32885c80, M4_Suppressor<5c470b90>, ReflexOptic<35867c40>, Battery9V<5c471720>, Mag_STANAG_30Rnd<5c45def0>, ammo_556x45 x30) from the trader "Weapons (Denis [#STR_EXPANSION_MARKET_TRADER_WEAPONS])" in market zone "Trader Zone" (pos=<6675.160645, 104.603935, 6114.155762>) for a price of 625.
20:07:39.265 [Market] Player "Skylife" (id=0nlBsegCHGGIa_PWwV8P7yvzvRWsYIpEEKvCkEEBsw0=) has bought battery9v x2 (874b1c40) from the trader "Components (Cyril [#STR_EXPANSION_MARKET_TRADER_COMPONENTS])" in market zone "Trader Zone" (pos=<6675.160645, 104.603935, 6114.155762>) for a price of 20.
20:08:31.554 [Market] Player "Mard" (id=OAEsqfVu9Ya3qx3X2Q_PgbpxSoSDXOIUHhH8VWVuumk=) has bought ammobox_762x39_20rnd x1 (388e5c20) from the trader "Weapons (Denis [#STR_EXPANSION_MARKET_TRADER_WEAPONS])" in market zone "Trader Zone" (pos=<6675.160645, 104.603935, 6114.155762>) for a price of 32.
20:09:18.648 [ATM] Player "Mard" (id=OAEsqfVu9Ya3qx3X2Q_PgbpxSoSDXOIUHhH8VWVuumk=) has deposited 787 on his ATM account.
20:10:09.867 [Market] Player "Stivi the Kid" (id=W44v5r64t_fNpgzRQNLTal2wQQBqWJ8o-Qcc6Jd5hw8=) has bought gp5gasmask x1 (34987a80) from the trader "Clothing (Naomi [#STR_EXPANSION_MARKET_TRADER_CLOTHING])" in market zone "Trader Zone" (pos=<6675.160645, 104.603935, 6114.155762>) for a price of 120.
20:10:48.398 [Market] Player "Skylife" (id=0nlBsegCHGGIa_PWwV8P7yvzvRWsYIpEEKvCkEEBsw0=) has bought gp5gasmask x1 (452e9620) from the trader "Clothing (Naomi [#STR_EXPANSION_MARKET_TRADER_CLOTHING])" in market zone "Trader Zone" (pos=<6675.160645, 104.603935, 6114.155762>) for a price of 120.
20:10:52.054 [Market] Player "Skylife" (id=0nlBsegCHGGIa_PWwV8P7yvzvRWsYIpEEKvCkEEBsw0=) has bought gasmask_filter x2 (452e7f00) from the trader "Clothing (Naomi [#STR_EXPANSION_MARKET_TRADER_CLOTHING])" in market zone "Trader Zone" (pos=<6675.160645, 104.603935, 6114.155762>) for a price of 2000.
20:11:12.585 [Market] Player "Stivi the Kid" (id=W44v5r64t_fNpgzRQNLTal2wQQBqWJ8o-Qcc6Jd5hw8=) has bought gasmask_filter x1 (452df440) from the trader "Clothing (Naomi [#STR_EXPANSION_MARKET_TRADER_CLOTHING])" in market zone "Trader Zone" (pos=<6675.160645, 104.603935, 6114.155762>) for a price of 1000.
20:11:13.554 [Market] Player "Stivi the Kid" (id=W44v5r64t_fNpgzRQNLTal2wQQBqWJ8o-Qcc6Jd5hw8=) has bought gasmask_filter x1 (3b07e980) from the trader "Clothing (Naomi [#STR_EXPANSION_MARKET_TRADER_CLOTHING])" in market zone "Trader Zone" (pos=<6675.160645, 104.603935, 6114.155762>) for a price of 1000.
20:11:57.031 [Market] Player "Skylife" (id=0nlBsegCHGGIa_PWwV8P7yvzvRWsYIpEEKvCkEEBsw0=) has bought mich2001helmet x1 (29a287e0) from the trader "Clothing (Naomi [#STR_EXPANSION_MARKET_TRADER_CLOTHING])" in market zone "Trader Zone" (pos=<6675.160645, 104.603935, 6114.155762>) for a price of 150.
20:12:53.828 [Market] Player "Stivi the Kid" (id=W44v5r64t_fNpgzRQNLTal2wQQBqWJ8o-Qcc6Jd5hw8=) has bought rice x1 (2c7beb40) from the trader "Consumables (Linda [#STR_EXPANSION_MARKET_TRADER_CONSUMABLES])" in market zone "Trader Zone" (pos=<6675.160645, 104.603935, 6114.155762>) for a price of 13.
20:13:28.156 [Market] Player "Skylife" (id=0nlBsegCHGGIa_PWwV8P7yvzvRWsYIpEEKvCkEEBsw0=) has bought waterbottle x2 (40943d10) from the trader "Consumables (Linda [#STR_EXPANSION_MARKET_TRADER_CONSUMABLES])" in market zone "Trader Zone" (pos=<6675.160645, 104.603935, 6114.155762>) for a price of 30.
20:13:31.273 [ATM] Player "ElBizzy" (id=zazFLAJ4lPF6TvVQMMREjst1jC8o_Id9oh_TjGBwaP8=) has deposited 2160 on his ATM account.
20:13:41.968 [ATM] Player "Skylife" (id=0nlBsegCHGGIa_PWwV8P7yvzvRWsYIpEEKvCkEEBsw0=) has deposited 6163 on his ATM account.
20:13:46.023 [ATM] Player "Stivi the Kid" (id=W44v5r64t_fNpgzRQNLTal2wQQBqWJ8o-Qcc6Jd5hw8=) has deposited 2594 on his ATM account.
20:16:27.117 [Safezone] Player "{1:name}" (id={1:id} pos={1:position}) left the safezone
20:16:28.695 [Safezone] Player "{1:name}" (id={1:id} pos={1:position}) left the safezone
20:16:29.265 [Safezone] Player "{1:name}" (id={1:id} pos={1:position}) left the safezone
20:16:29.914 [Safezone] Player "{1:name}" (id={1:id} pos={1:position}) left the safezone
20:31:42.953 [MissionAirdrop] An airdrop is heading towards "Mohawk" (pos=<7978.891113, 0.000000, 7093.604004> type=Random_Mohawk) with a ExpansionAirdropContainer_Medical
20:32:00.554 [Safezone] Player "Sir Trippy" (id=qZqolO4hbF2D7i2SHl6eLqgMczahG7_bAPkC9G_OL68= pos=<6734.5, 109.61, 6034>) entered the safezone
20:32:28.007 [ATM] Player "Sir Trippy" (id=qZqolO4hbF2D7i2SHl6eLqgMczahG7_bAPkC9G_OL68=) has withdrawn 2500 from his ATM account.
20:33:07.617 [Market] Player "Sir Trippy" (id=qZqolO4hbF2D7i2SHl6eLqgMczahG7_bAPkC9G_OL68=) has bought mosin_bayonet x1 (33ab3440) from the trader "Attachments (Jose [#STR_EXPANSION_MARKET_TRADER_ATTACHMENTS])" in market zone "Trader Zone" (pos=<6675.160645, 104.603935, 6114.155762>) for a price of 100.
20:33:28.109 [Market] Player "Sir Trippy" (id=qZqolO4hbF2D7i2SHl6eLqgMczahG7_bAPkC9G_OL68=) has bought epoxyputty x1 (42a7f800) from the trader "Components (Cyril [#STR_EXPANSION_MARKET_TRADER_COMPONENTS])" in market zone "Trader Zone" (pos=<6675.160645, 104.603935, 6114.155762>) for a price of 15.
20:33:29.101 [Market] Player "Sir Trippy" (id=qZqolO4hbF2D7i2SHl6eLqgMczahG7_bAPkC9G_OL68=) has bought epoxyputty x1 (42a80f20) from the trader "Components (Cyril [#STR_EXPANSION_MARKET_TRADER_COMPONENTS])" in market zone "Trader Zone" (pos=<6675.160645, 104.603935, 6114.155762>) for a price of 15.
20:34:46.109 [Market] Player "Sir Trippy" (id=qZqolO4hbF2D7i2SHl6eLqgMczahG7_bAPkC9G_OL68=) has bought expansioncodelock x1 (3e96ee40) from the trader "Components (Cyril [#STR_EXPANSION_MARKET_TRADER_COMPONENTS])" in market zone "Trader Zone" (pos=<6675.160645, 104.603935, 6114.155762>) for a price of 1500.
20:35:10.781 [Market] Player "Sir Trippy" (id=qZqolO4hbF2D7i2SHl6eLqgMczahG7_bAPkC9G_OL68=) has bought expansionpropanetorch x1 (3e97a740) from the trader "Components (Cyril [#STR_EXPANSION_MARKET_TRADER_COMPONENTS])" in market zone "Trader Zone" (pos=<6675.160645, 104.603935, 6114.155762>) for a price of 250.
20:36:24.851 [ATM] Player "Sir Trippy" (id=qZqolO4hbF2D7i2SHl6eLqgMczahG7_bAPkC9G_OL68=) has deposited 620 on his ATM account.
20:36:49.750 [Safezone] Player "{1:name}" (id={1:id} pos={1:position}) left the safezone
20:42:17.656 [Safezone] Player "Ov3rKi11" (id=P_LVluee20-ZP_xemam3V_6hnFSPQ6Uqa7dsMv8yuYY= pos=<6669.84, 102.5, 6077.86>) entered the safezone
20:44:59.421 [ATM] Player "Ov3rKi11" (id=P_LVluee20-ZP_xemam3V_6hnFSPQ6Uqa7dsMv8yuYY=) has withdrawn 8271 from his ATM account.
20:52:53.546 [Market] Player "Ov3rKi11" (id=P_LVluee20-ZP_xemam3V_6hnFSPQ6Uqa7dsMv8yuYY=) has sold alicebag_green x1 (2f519960) at the trader "Clothing (Naomi [#STR_EXPANSION_MARKET_TRADER_CLOTHING])" in market zone "Trader Zone" (pos=<6675.160645, 104.603935, 6114.155762>) and got 300.
20:59:35.898 [AdminTools] Player "Sir Trippy" (id=qZqolO4hbF2D7i2SHl6eLqgMczahG7_bAPkC9G_OL68= pos=<6863.229980, 128.515366, 5770.585938>) used the Admin Hammer to build wood_base
20:59:46.304 [AdminTools] Player "Sir Trippy" (id=qZqolO4hbF2D7i2SHl6eLqgMczahG7_bAPkC9G_OL68= pos=<6863.229980, 128.515366, 5770.585938>) used the Admin Hammer to build wood_doorframe
20:59:49.296 [Market] Player "Ov3rKi11" (id=P_LVluee20-ZP_xemam3V_6hnFSPQ6Uqa7dsMv8yuYY=) has bought gp5gasmask x1 (82857bf0) from the trader "Clothing (Naomi [#STR_EXPANSION_MARKET_TRADER_CLOTHING])" in market zone "Trader Zone" (pos=<6675.160645, 104.603935, 6114.155762>) for a price of 120.
20:59:50.062 [AdminTools] Player "Sir Trippy" (id=qZqolO4hbF2D7i2SHl6eLqgMczahG7_bAPkC9G_OL68= pos=<6863.229980, 128.515366, 5770.585938>) used the Admin Hammer to build wood_doorfinished
20:59:50.468 [Market] Player "Ov3rKi11" (id=P_LVluee20-ZP_xemam3V_6hnFSPQ6Uqa7dsMv8yuYY=) has bought gasmask_filter x1 (8285c150) from the trader "Clothing (Naomi [#STR_EXPANSION_MARKET_TRADER_CLOTHING])" in market zone "Trader Zone" (pos=<6675.160645, 104.603935, 6114.155762>) for a price of 1000.
20:59:51.773 [Market] Player "Ov3rKi11" (id=P_LVluee20-ZP_xemam3V_6hnFSPQ6Uqa7dsMv8yuYY=) has bought gasmask_filter x1 (8285ef90) from the trader "Clothing (Naomi [#STR_EXPANSION_MARKET_TRADER_CLOTHING])" in market zone "Trader Zone" (pos=<6675.160645, 104.603935, 6114.155762>) for a price of 1000.
21:00:06.984 [BaseRaiding] ExpansionWall6x3 (<6862.040527, 128.515366, 5769.372070>) Code set by "player "Sir Trippy" (ID = "qZqolO4hbF2D7i2SHl6eLqgMczahG7_bAPkC9G_OL68=" at <6863.229980, 128.515366, 5770.585938>)" and the code is 1738
21:00:12.789 [Market] Player "Ov3rKi11" (id=P_LVluee20-ZP_xemam3V_6hnFSPQ6Uqa7dsMv8yuYY=) has bought gasmask_filter x1 (35a29ae0) from the trader "Clothing (Naomi [#STR_EXPANSION_MARKET_TRADER_CLOTHING])" in market zone "Trader Zone" (pos=<6675.160645, 104.603935, 6114.155762>) for a price of 1000.
21:00:13.164 [Market] Player "Ov3rKi11" (id=P_LVluee20-ZP_xemam3V_6hnFSPQ6Uqa7dsMv8yuYY=) has bought gasmask_filter x1 (35a26ca0) from the trader "Clothing (Naomi [#STR_EXPANSION_MARKET_TRADER_CLOTHING])" in market zone "Trader Zone" (pos=<6675.160645, 104.603935, 6114.155762>) for a price of 1000.
21:01:01.539 [Market] Player "Ov3rKi11" (id=P_LVluee20-ZP_xemam3V_6hnFSPQ6Uqa7dsMv8yuYY=) has bought sodacan_spite x1 (5fe49a00) from the trader "Consumables (Linda [#STR_EXPANSION_MARKET_TRADER_CONSUMABLES])" in market zone "Trader Zone" (pos=<6675.160645, 104.603935, 6114.155762>) for a price of 10.
21:01:01.750 [Market] Player "Ov3rKi11" (id=P_LVluee20-ZP_xemam3V_6hnFSPQ6Uqa7dsMv8yuYY=) has bought sodacan_spite x1 (5fe57320) from the trader "Consumables (Linda [#STR_EXPANSION_MARKET_TRADER_CONSUMABLES])" in market zone "Trader Zone" (pos=<6675.160645, 104.603935, 6114.155762>) for a price of 10.
21:01:12.804 [AdminTools] Player "Sir Trippy" (id=qZqolO4hbF2D7i2SHl6eLqgMczahG7_bAPkC9G_OL68= pos=<6859.111816, 128.305145, 5763.610840>) used the Admin Hammer to build wood_base
21:01:16.601 [AdminTools] Player "Sir Trippy" (id=qZqolO4hbF2D7i2SHl6eLqgMczahG7_bAPkC9G_OL68= pos=<6859.111816, 128.305145, 5763.610840>) used the Admin Hammer to build wood_wallframe
21:01:49.718 [Market] Player "Ov3rKi11" (id=P_LVluee20-ZP_xemam3V_6hnFSPQ6Uqa7dsMv8yuYY=) has bought sodacan_spite x1 (42989d40) from the trader "Consumables (Linda [#STR_EXPANSION_MARKET_TRADER_CONSUMABLES])" in market zone "Trader Zone" (pos=<6675.160645, 104.603935, 6114.155762>) for a price of 10.
21:01:49.914 [Market] Player "Ov3rKi11" (id=P_LVluee20-ZP_xemam3V_6hnFSPQ6Uqa7dsMv8yuYY=) has bought sodacan_spite x1 (42986d00) from the trader "Consumables (Linda [#STR_EXPANSION_MARKET_TRADER_CONSUMABLES])" in market zone "Trader Zone" (pos=<6675.160645, 104.603935, 6114.155762>) for a price of 10.
21:01:50.140 [Market] Player "Ov3rKi11" (id=P_LVluee20-ZP_xemam3V_6hnFSPQ6Uqa7dsMv8yuYY=) has bought sodacan_spite x1 (429a67a0) from the trader "Consumables (Linda [#STR_EXPANSION_MARKET_TRADER_CONSUMABLES])" in market zone "Trader Zone" (pos=<6675.160645, 104.603935, 6114.155762>) for a price of 10.
21:01:54.359 [AdminTools] Player "Sir Trippy" (id=qZqolO4hbF2D7i2SHl6eLqgMczahG7_bAPkC9G_OL68= pos=<6858.968262, 128.425049, 5763.327637>) used the Admin Hammer to build wood_doorframe
21:02:00.226 [AdminTools] Player "Sir Trippy" (id=qZqolO4hbF2D7i2SHl6eLqgMczahG7_bAPkC9G_OL68= pos=<6858.968262, 128.425049, 5763.327637>) used the Admin Hammer to build wood_doorfinished
21:02:29.093 [AdminTools] Player "Sir Trippy" (id=qZqolO4hbF2D7i2SHl6eLqgMczahG7_bAPkC9G_OL68= pos=<6858.623535, 128.303711, 5762.825684>) used the Admin Hammer to build wood_base
21:02:34.320 [AdminTools] Player "Sir Trippy" (id=qZqolO4hbF2D7i2SHl6eLqgMczahG7_bAPkC9G_OL68= pos=<6858.623535, 128.303711, 5762.825684>) used the Admin Hammer to build wood_doorframe
21:02:54.656 [AdminTools] Player "Sir Trippy" (id=qZqolO4hbF2D7i2SHl6eLqgMczahG7_bAPkC9G_OL68= pos=<6858.623535, 128.303711, 5762.825684>) used the Admin Hammer to build wood_doorfinished
21:03:03.921 [Market] Player "Ov3rKi11" (id=P_LVluee20-ZP_xemam3V_6hnFSPQ6Uqa7dsMv8yuYY=) has bought sewingkit x1 (2f269d10) from the trader "Components (Cyril [#STR_EXPANSION_MARKET_TRADER_COMPONENTS])" in market zone "Trader Zone" (pos=<6675.160645, 104.603935, 6114.155762>) for a price of 4.
21:03:46.695 [AdminTools] Player "Sir Trippy" (id=qZqolO4hbF2D7i2SHl6eLqgMczahG7_bAPkC9G_OL68= pos=<6859.806152, 128.305176, 5764.964355>) used the Admin Hammer to build wood_base
21:03:51.093 [AdminTools] Player "Sir Trippy" (id=qZqolO4hbF2D7i2SHl6eLqgMczahG7_bAPkC9G_OL68= pos=<6859.853516, 128.468567, 5765.036133>) used the Admin Hammer to build wood_doorframe
21:03:54.789 [AdminTools] Player "Sir Trippy" (id=qZqolO4hbF2D7i2SHl6eLqgMczahG7_bAPkC9G_OL68= pos=<6859.853516, 128.468567, 5765.036133>) used the Admin Hammer to build wood_doorfinished
21:05:07.093 [Safezone] Player "Sir Trippy" (id=qZqolO4hbF2D7i2SHl6eLqgMczahG7_bAPkC9G_OL68= pos=<6735.83, 108.91, 6039>) entered the safezone
21:05:11.343 [Market] Player "Ov3rKi11" (id=P_LVluee20-ZP_xemam3V_6hnFSPQ6Uqa7dsMv8yuYY=) has sold mag_akm_30rnd x1 (39700870, ammo_762x39 x29) at the trader "Attachments (Jose [#STR_EXPANSION_MARKET_TRADER_ATTACHMENTS])" in market zone "Trader Zone" (pos=<6675.160645, 104.603935, 6114.155762>) and got 194.
21:05:27.203 [Market] Player "Ov3rKi11" (id=P_LVluee20-ZP_xemam3V_6hnFSPQ6Uqa7dsMv8yuYY=) has bought mag_akm_drum75rnd x1 (388f37d0, ammo_762x39 x75) from the trader "Attachments (Jose [#STR_EXPANSION_MARKET_TRADER_ATTACHMENTS])" in market zone "Trader Zone" (pos=<6675.160645, 104.603935, 6114.155762>) for a price of 630.
21:05:36.187 [ATM] Player "Sir Trippy" (id=qZqolO4hbF2D7i2SHl6eLqgMczahG7_bAPkC9G_OL68=) has withdrawn 4500 from his ATM account.
21:06:22.500 [Market] Player "Ov3rKi11" (id=P_LVluee20-ZP_xemam3V_6hnFSPQ6Uqa7dsMv8yuYY=) has bought mag_m14_20rnd x1 (865c0550, ammo_308win x20) from the trader "Attachments (Jose [#STR_EXPANSION_MARKET_TRADER_ATTACHMENTS])" in market zone "Trader Zone" (pos=<6675.160645, 104.603935, 6114.155762>) for a price of 240.
21:07:06.132 [Market] Player "Sir Trippy" (id=qZqolO4hbF2D7i2SHl6eLqgMczahG7_bAPkC9G_OL68=) has bought expansioncodelock x1 (2be4b170) from the trader "BuildingSupplies (Boris [#STR_EXPANSION_MARKET_TRADER_BUILDING_SUPPLIES])" in market zone "Trader Zone" (pos=<6675.160645, 104.603935, 6114.155762>) for a price of 1500.
21:07:06.648 [Market] Player "Sir Trippy" (id=qZqolO4hbF2D7i2SHl6eLqgMczahG7_bAPkC9G_OL68=) has bought expansioncodelock x1 (2be55ee0) from the trader "BuildingSupplies (Boris [#STR_EXPANSION_MARKET_TRADER_BUILDING_SUPPLIES])" in market zone "Trader Zone" (pos=<6675.160645, 104.603935, 6114.155762>) for a price of 1500.
21:07:07.203 [Market] Player "Sir Trippy" (id=qZqolO4hbF2D7i2SHl6eLqgMczahG7_bAPkC9G_OL68=) has bought expansioncodelock x1 (2be50260) from the trader "BuildingSupplies (Boris [#STR_EXPANSION_MARKET_TRADER_BUILDING_SUPPLIES])" in market zone "Trader Zone" (pos=<6675.160645, 104.603935, 6114.155762>) for a price of 1500.
21:07:50.734 [Market] Player "Ov3rKi11" (id=P_LVluee20-ZP_xemam3V_6hnFSPQ6Uqa7dsMv8yuYY=) has bought ammobox_762x39ap_20rnd x1 (2fd446f0) from the trader "Weapons (Denis [#STR_EXPANSION_MARKET_TRADER_WEAPONS])" in market zone "Trader Zone" (pos=<6675.160645, 104.603935, 6114.155762>) for a price of 64.
21:07:51.023 [Market] Player "Ov3rKi11" (id=P_LVluee20-ZP_xemam3V_6hnFSPQ6Uqa7dsMv8yuYY=) has bought ammobox_762x39ap_20rnd x1 (2fd45e10) from the trader "Weapons (Denis [#STR_EXPANSION_MARKET_TRADER_WEAPONS])" in market zone "Trader Zone" (pos=<6675.160645, 104.603935, 6114.155762>) for a price of 64.
21:07:51.304 [Market] Player "Ov3rKi11" (id=P_LVluee20-ZP_xemam3V_6hnFSPQ6Uqa7dsMv8yuYY=) has bought ammobox_762x39ap_20rnd x1 (2fd469a0) from the trader "Weapons (Denis [#STR_EXPANSION_MARKET_TRADER_WEAPONS])" in market zone "Trader Zone" (pos=<6675.160645, 104.603935, 6114.155762>) for a price of 64.
21:07:51.546 [Market] Player "Ov3rKi11" (id=P_LVluee20-ZP_xemam3V_6hnFSPQ6Uqa7dsMv8yuYY=) has bought ammobox_762x39ap_20rnd x1 (2fd40190) from the trader "Weapons (Denis [#STR_EXPANSION_MARKET_TRADER_WEAPONS])" in market zone "Trader Zone" (pos=<6675.160645, 104.603935, 6114.155762>) for a price of 64.
21:07:51.789 [Market] Player "Ov3rKi11" (id=P_LVluee20-ZP_xemam3V_6hnFSPQ6Uqa7dsMv8yuYY=) has bought ammobox_762x39ap_20rnd x1 (2fd4a370) from the trader "Weapons (Denis [#STR_EXPANSION_MARKET_TRADER_WEAPONS])" in market zone "Trader Zone" (pos=<6675.160645, 104.603935, 6114.155762>) for a price of 64.
21:07:52.078 [Market] Player "Ov3rKi11" (id=P_LVluee20-ZP_xemam3V_6hnFSPQ6Uqa7dsMv8yuYY=) has bought ammobox_762x39ap_20rnd x1 (2fd4c620) from the trader "Weapons (Denis [#STR_EXPANSION_MARKET_TRADER_WEAPONS])" in market zone "Trader Zone" (pos=<6675.160645, 104.603935, 6114.155762>) for a price of 64.
21:07:52.546 [Market] Player "Ov3rKi11" (id=P_LVluee20-ZP_xemam3V_6hnFSPQ6Uqa7dsMv8yuYY=) has bought ammobox_762x39ap_20rnd x1 (2fd4d1b0) from the trader "Weapons (Denis [#STR_EXPANSION_MARKET_TRADER_WEAPONS])" in market zone "Trader Zone" (pos=<6675.160645, 104.603935, 6114.155762>) for a price of 64.
21:07:54.484 [Market] Player "Ov3rKi11" (id=P_LVluee20-ZP_xemam3V_6hnFSPQ6Uqa7dsMv8yuYY=) has bought ammobox_762x39ap_20rnd x1 (2fd51710) from the trader "Weapons (Denis [#STR_EXPANSION_MARKET_TRADER_WEAPONS])" in market zone "Trader Zone" (pos=<6675.160645, 104.603935, 6114.155762>) for a price of 64.
21:07:54.898 [Market] Player "Ov3rKi11" (id=P_LVluee20-ZP_xemam3V_6hnFSPQ6Uqa7dsMv8yuYY=) has bought ammobox_762x39ap_20rnd x1 (2fd5dba0) from the trader "Weapons (Denis [#STR_EXPANSION_MARKET_TRADER_WEAPONS])" in market zone "Trader Zone" (pos=<6675.160645, 104.603935, 6114.155762>) for a price of 64.
21:07:55.281 [Market] Player "Ov3rKi11" (id=P_LVluee20-ZP_xemam3V_6hnFSPQ6Uqa7dsMv8yuYY=) has bought ammobox_762x39ap_20rnd x1 (2fd5e730) from the trader "Weapons (Denis [#STR_EXPANSION_MARKET_TRADER_WEAPONS])" in market zone "Trader Zone" (pos=<6675.160645, 104.603935, 6114.155762>) for a price of 64.
21:07:55.523 [Safezone] Player "{1:name}" (id={1:id} pos={1:position}) left the safezone
21:07:55.835 [Market] Player "Ov3rKi11" (id=P_LVluee20-ZP_xemam3V_6hnFSPQ6Uqa7dsMv8yuYY=) has bought ammobox_762x39ap_20rnd x1 (2fd59640) from the trader "Weapons (Denis [#STR_EXPANSION_MARKET_TRADER_WEAPONS])" in market zone "Trader Zone" (pos=<6675.160645, 104.603935, 6114.155762>) for a price of 64.
21:12:37.648 [Market] Player "Ov3rKi11" (id=P_LVluee20-ZP_xemam3V_6hnFSPQ6Uqa7dsMv8yuYY=) has bought porkcan x1 (3a3c0a30) from the trader "Consumables (Linda [#STR_EXPANSION_MARKET_TRADER_CONSUMABLES])" in market zone "Trader Zone" (pos=<6675.160645, 104.603935, 6114.155762>) for a price of 15.
21:12:38.015 [Market] Player "Ov3rKi11" (id=P_LVluee20-ZP_xemam3V_6hnFSPQ6Uqa7dsMv8yuYY=) has bought porkcan x1 (3a3ce350) from the trader "Consumables (Linda [#STR_EXPANSION_MARKET_TRADER_CONSUMABLES])" in market zone "Trader Zone" (pos=<6675.160645, 104.603935, 6114.155762>) for a price of 15.
21:12:38.367 [Market] Player "Ov3rKi11" (id=P_LVluee20-ZP_xemam3V_6hnFSPQ6Uqa7dsMv8yuYY=) has bought porkcan x1 (3a3ec5d0) from the trader "Consumables (Linda [#STR_EXPANSION_MARKET_TRADER_CONSUMABLES])" in market zone "Trader Zone" (pos=<6675.160645, 104.603935, 6114.155762>) for a price of 15.
21:12:41.781 [Market] Player "Ov3rKi11" (id=P_LVluee20-ZP_xemam3V_6hnFSPQ6Uqa7dsMv8yuYY=) has bought lunchmeat x1 (39081db0) from the trader "Consumables (Linda [#STR_EXPANSION_MARKET_TRADER_CONSUMABLES])" in market zone "Trader Zone" (pos=<6675.160645, 104.603935, 6114.155762>) for a price of 15.
21:12:42.140 [Market] Player "Ov3rKi11" (id=P_LVluee20-ZP_xemam3V_6hnFSPQ6Uqa7dsMv8yuYY=) has bought lunchmeat x1 (4218db10) from the trader "Consumables (Linda [#STR_EXPANSION_MARKET_TRADER_CONSUMABLES])" in market zone "Trader Zone" (pos=<6675.160645, 104.603935, 6114.155762>) for a price of 15.
21:12:42.578 [Market] Player "Ov3rKi11" (id=P_LVluee20-ZP_xemam3V_6hnFSPQ6Uqa7dsMv8yuYY=) has bought lunchmeat x1 (3e647040) from the trader "Consumables (Linda [#STR_EXPANSION_MARKET_TRADER_CONSUMABLES])" in market zone "Trader Zone" (pos=<6675.160645, 104.603935, 6114.155762>) for a price of 15.
21:14:03.000 [ATM] Player "Ov3rKi11" (id=P_LVluee20-ZP_xemam3V_6hnFSPQ6Uqa7dsMv8yuYY=) has deposited 2927 on his ATM account.
21:14:13.656 [BaseRaiding] ExpansionWall6x3 (<6857.727051, 128.303772, 5761.076660>) Code set by "player "Sir Trippy" (ID = "qZqolO4hbF2D7i2SHl6eLqgMczahG7_bAPkC9G_OL68=" at <6857.339355, 128.303696, 5761.910645>)" and the code is 1738
21:14:56.054 [BaseRaiding] ExpansionWall6x3 (<6858.163574, 128.303757, 5762.092773>) Code set by "player "Sir Trippy" (ID = "qZqolO4hbF2D7i2SHl6eLqgMczahG7_bAPkC9G_OL68=" at <6856.460449, 128.303772, 5762.333984>)" and the code is 1738
21:15:13.742 [Safezone] Player "Stephanie" (id=OShFqHovj5cC7Mjc5nmU2hT0J6y8CT78KFmoQoNUQoc= pos=<6681.42, 102.5, 6115.03>) entered the safezone
21:15:58.632 [BaseRaiding] ExpansionWall6x3 (<6859.026855, 128.305206, 5763.684082>) Code set by "player "Sir Trippy" (ID = "qZqolO4hbF2D7i2SHl6eLqgMczahG7_bAPkC9G_OL68=" at <6858.505859, 128.303711, 5763.195313>)" and the code is 1738
21:16:52.804 [Party] Player "Stivi the Kid" (id=W44v5r64t_fNpgzRQNLTal2wQQBqWJ8o-Qcc6Jd5hw8=) left the party "Viper Ethereal" (id=33 ownerUID=zazFLAJ4lPF6TvVQMMREjst1jC8o_Id9oh_TjGBwaP8= ownerName=ElBizzy)
21:16:54.210 [Party] Player "Skylife" (id=0nlBsegCHGGIa_PWwV8P7yvzvRWsYIpEEKvCkEEBsw0=) left the party "Viper Ethereal" (id=33 ownerUID=zazFLAJ4lPF6TvVQMMREjst1jC8o_Id9oh_TjGBwaP8= ownerName=ElBizzy)
21:17:32.640 [Party] Player "ElBizzy" (id=zazFLAJ4lPF6TvVQMMREjst1jC8o_Id9oh_TjGBwaP8=) left the party "Viper Ethereal" (id=33 ownerUID=zazFLAJ4lPF6TvVQMMREjst1jC8o_Id9oh_TjGBwaP8= ownerName=ElBizzy)
21:18:37.187 [Market] Player "Stephanie" (id=OShFqHovj5cC7Mjc5nmU2hT0J6y8CT78KFmoQoNUQoc=) has sold mag_deagle_9rnd x1 (3e972810, ammo_357 x9) at the trader "Attachments (Jose [#STR_EXPANSION_MARKET_TRADER_ATTACHMENTS])" in market zone "Trader Zone" (pos=<6675.160645, 104.603935, 6114.155762>) and got 42.
21:18:37.585 [Market] Player "Stephanie" (id=OShFqHovj5cC7Mjc5nmU2hT0J6y8CT78KFmoQoNUQoc=) has sold mag_deagle_9rnd x1 (3e9733a0, ammo_357 x9) at the trader "Attachments (Jose [#STR_EXPANSION_MARKET_TRADER_ATTACHMENTS])" in market zone "Trader Zone" (pos=<6675.160645, 104.603935, 6114.155762>) and got 42.
21:18:37.890 [Market] Player "Stephanie" (id=OShFqHovj5cC7Mjc5nmU2hT0J6y8CT78KFmoQoNUQoc=) has sold mag_deagle_9rnd x1 (44038ea0, ammo_357 x5) at the trader "Attachments (Jose [#STR_EXPANSION_MARKET_TRADER_ATTACHMENTS])" in market zone "Trader Zone" (pos=<6675.160645, 104.603935, 6114.155762>) and got 38.
21:18:38.164 [Market] Player "Stephanie" (id=OShFqHovj5cC7Mjc5nmU2hT0J6y8CT78KFmoQoNUQoc=) has sold mag_deagle_9rnd x1 (44038310, ammo_357 x9) at the trader "Attachments (Jose [#STR_EXPANSION_MARKET_TRADER_ATTACHMENTS])" in market zone "Trader Zone" (pos=<6675.160645, 104.603935, 6114.155762>) and got 42.
21:18:38.492 [Market] Player "Stephanie" (id=OShFqHovj5cC7Mjc5nmU2hT0J6y8CT78KFmoQoNUQoc=) has sold mag_deagle_9rnd x1 (44036bf0, ammo_357 x9) at the trader "Attachments (Jose [#STR_EXPANSION_MARKET_TRADER_ATTACHMENTS])" in market zone "Trader Zone" (pos=<6675.160645, 104.603935, 6114.155762>) and got 42.
21:18:38.890 [Market] Player "Stephanie" (id=OShFqHovj5cC7Mjc5nmU2hT0J6y8CT78KFmoQoNUQoc=) has sold mag_deagle_9rnd x1 (44036060, ammo_357 x9) at the trader "Attachments (Jose [#STR_EXPANSION_MARKET_TRADER_ATTACHMENTS])" in market zone "Trader Zone" (pos=<6675.160645, 104.603935, 6114.155762>) and got 42.
21:18:39.273 [Market] Player "Stephanie" (id=OShFqHovj5cC7Mjc5nmU2hT0J6y8CT78KFmoQoNUQoc=) has sold mag_deagle_9rnd x1 (4403c870, ammo_357 x9) at the trader "Attachments (Jose [#STR_EXPANSION_MARKET_TRADER_ATTACHMENTS])" in market zone "Trader Zone" (pos=<6675.160645, 104.603935, 6114.155762>) and got 42.
21:18:57.867 [Party] Player "ElBizzy" (id=zazFLAJ4lPF6TvVQMMREjst1jC8o_Id9oh_TjGBwaP8=) joinded the party "Viper Ethereal" (id=33 ownerUID=zazFLAJ4lPF6TvVQMMREjst1jC8o_Id9oh_TjGBwaP8= ownerName=ElBizzy)
21:19:25.218 [Market] Player "Stephanie" (id=OShFqHovj5cC7Mjc5nmU2hT0J6y8CT78KFmoQoNUQoc=) has sold mag_cmag_30rnd x1 (4403a5c0, ammo_556x45 x20, ammo_556x45tracer x10) at the trader "Attachments (Jose [#STR_EXPANSION_MARKET_TRADER_ATTACHMENTS])" in market zone "Trader Zone" (pos=<6675.160645, 104.603935, 6114.155762>) and got 215.
21:19:43.023 [Market] Player "Stephanie" (id=OShFqHovj5cC7Mjc5nmU2hT0J6y8CT78KFmoQoNUQoc=) has bought mag_cmag_40rnd x1 (37a7d8e0, ammo_556x45 x40) from the trader "Attachments (Jose [#STR_EXPANSION_MARKET_TRADER_ATTACHMENTS])" in market zone "Trader Zone" (pos=<6675.160645, 104.603935, 6114.155762>) for a price of 380.
21:19:48.031 [Market] Player "Stephanie" (id=OShFqHovj5cC7Mjc5nmU2hT0J6y8CT78KFmoQoNUQoc=) has bought mag_akm_drum75rnd x1 (445de9d0, ammo_762x39 x75) from the trader "Attachments (Jose [#STR_EXPANSION_MARKET_TRADER_ATTACHMENTS])" in market zone "Trader Zone" (pos=<6675.160645, 104.603935, 6114.155762>) for a price of 630.
21:19:48.906 [Market] Player "Stephanie" (id=OShFqHovj5cC7Mjc5nmU2hT0J6y8CT78KFmoQoNUQoc=) has bought mag_akm_drum75rnd x1 (445dd2b0, ammo_762x39 x75) from the trader "Attachments (Jose [#STR_EXPANSION_MARKET_TRADER_ATTACHMENTS])" in market zone "Trader Zone" (pos=<6675.160645, 104.603935, 6114.155762>) for a price of 630.
21:19:49.835 [AdminTools] Player "Sir Trippy" (id=qZqolO4hbF2D7i2SHl6eLqgMczahG7_bAPkC9G_OL68= pos=<6865.488770, 128.515182, 5769.657227>) used the Admin Hammer to build wood_base
21:19:53.726 [AdminTools] Player "Sir Trippy" (id=qZqolO4hbF2D7i2SHl6eLqgMczahG7_bAPkC9G_OL68= pos=<6865.512695, 128.613876, 5769.587402>) used the Admin Hammer to build wood_wallframe
21:20:06.968 [Party] Player "ElBizzy" (id=zazFLAJ4lPF6TvVQMMREjst1jC8o_Id9oh_TjGBwaP8=) left the party "Viper Ethereal" (id=33 ownerUID=zazFLAJ4lPF6TvVQMMREjst1jC8o_Id9oh_TjGBwaP8= ownerName=ElBizzy)
21:20:12.046 [Party] Player "Mard" (id=OAEsqfVu9Ya3qx3X2Q_PgbpxSoSDXOIUHhH8VWVuumk=) left the party "Viper Ethereal" (id=33 ownerUID=zazFLAJ4lPF6TvVQMMREjst1jC8o_Id9oh_TjGBwaP8= ownerName=ElBizzy)
21:20:38.156 [AdminTools] Player "Sir Trippy" (id=qZqolO4hbF2D7i2SHl6eLqgMczahG7_bAPkC9G_OL68= pos=<6865.507813, 128.618561, 5769.582031>) used the Admin Hammer to build wood_doorframe
21:20:57.773 [AdminTools] Player "Sir Trippy" (id=qZqolO4hbF2D7i2SHl6eLqgMczahG7_bAPkC9G_OL68= pos=<6865.269531, 128.676132, 5769.476074>) used the Admin Hammer to build wood_doorfinished
21:21:06.656 [Market] Player "Stephanie" (id=OShFqHovj5cC7Mjc5nmU2hT0J6y8CT78KFmoQoNUQoc=) has sold mag_cmag_40rnd x1 (37a7d8e0, ammo_556x45 x40) at the trader "Attachments (Jose [#STR_EXPANSION_MARKET_TRADER_ATTACHMENTS])" in market zone "Trader Zone" (pos=<6675.160645, 104.603935, 6114.155762>) and got 265.
21:21:25.421 [Market] Player "Stephanie" (id=OShFqHovj5cC7Mjc5nmU2hT0J6y8CT78KFmoQoNUQoc=) has bought mag_cmag_40rnd x1 (92020b30, ammo_556x45 x40) from the trader "Attachments (Jose [#STR_EXPANSION_MARKET_TRADER_ATTACHMENTS])" in market zone "Trader Zone" (pos=<6675.160645, 104.603935, 6114.155762>) for a price of 380.
21:21:26.039 [Market] Player "Stephanie" (id=OShFqHovj5cC7Mjc5nmU2hT0J6y8CT78KFmoQoNUQoc=) has bought mag_cmag_40rnd x1 (9201d160, ammo_556x45 x40) from the trader "Attachments (Jose [#STR_EXPANSION_MARKET_TRADER_ATTACHMENTS])" in market zone "Trader Zone" (pos=<6675.160645, 104.603935, 6114.155762>) for a price of 380.
21:23:21.750 [Market] Player "Stephanie" (id=OShFqHovj5cC7Mjc5nmU2hT0J6y8CT78KFmoQoNUQoc=) has bought ammobox_762x39ap_20rnd x1 (439ddec0) from the trader "Weapons (Denis [#STR_EXPANSION_MARKET_TRADER_WEAPONS])" in market zone "Trader Zone" (pos=<6675.160645, 104.603935, 6114.155762>) for a price of 64.
21:23:22.656 [Market] Player "Stephanie" (id=OShFqHovj5cC7Mjc5nmU2hT0J6y8CT78KFmoQoNUQoc=) has bought ammobox_762x39ap_20rnd x1 (439d76b0) from the trader "Weapons (Denis [#STR_EXPANSION_MARKET_TRADER_WEAPONS])" in market zone "Trader Zone" (pos=<6675.160645, 104.603935, 6114.155762>) for a price of 64.
21:23:23.585 [Market] Player "Stephanie" (id=OShFqHovj5cC7Mjc5nmU2hT0J6y8CT78KFmoQoNUQoc=) has bought ammobox_762x39ap_20rnd x1 (439d8240) from the trader "Weapons (Denis [#STR_EXPANSION_MARKET_TRADER_WEAPONS])" in market zone "Trader Zone" (pos=<6675.160645, 104.603935, 6114.155762>) for a price of 64.
21:23:24.460 [Market] Player "Stephanie" (id=OShFqHovj5cC7Mjc5nmU2hT0J6y8CT78KFmoQoNUQoc=) has bought ammobox_762x39ap_20rnd x1 (439e5260) from the trader "Weapons (Denis [#STR_EXPANSION_MARKET_TRADER_WEAPONS])" in market zone "Trader Zone" (pos=<6675.160645, 104.603935, 6114.155762>) for a price of 64.
21:23:50.515 [Market] Player "Stephanie" (id=OShFqHovj5cC7Mjc5nmU2hT0J6y8CT78KFmoQoNUQoc=) has bought ammobox_556x45_20rnd x1 (375ee500) from the trader "Weapons (Denis [#STR_EXPANSION_MARKET_TRADER_WEAPONS])" in market zone "Trader Zone" (pos=<6675.160645, 104.603935, 6114.155762>) for a price of 32.
21:23:51.289 [Market] Player "Stephanie" (id=OShFqHovj5cC7Mjc5nmU2hT0J6y8CT78KFmoQoNUQoc=) has bought ammobox_556x45_20rnd x1 (375e8880) from the trader "Weapons (Denis [#STR_EXPANSION_MARKET_TRADER_WEAPONS])" in market zone "Trader Zone" (pos=<6675.160645, 104.603935, 6114.155762>) for a price of 32.
21:23:52.054 [Market] Player "Stephanie" (id=OShFqHovj5cC7Mjc5nmU2hT0J6y8CT78KFmoQoNUQoc=) has bought ammobox_556x45_20rnd x1 (8b834630) from the trader "Weapons (Denis [#STR_EXPANSION_MARKET_TRADER_WEAPONS])" in market zone "Trader Zone" (pos=<6675.160645, 104.603935, 6114.155762>) for a price of 32.
21:23:52.851 [Market] Player "Stephanie" (id=OShFqHovj5cC7Mjc5nmU2hT0J6y8CT78KFmoQoNUQoc=) has bought ammobox_556x45_20rnd x1 (8b83d0f0) from the trader "Weapons (Denis [#STR_EXPANSION_MARKET_TRADER_WEAPONS])" in market zone "Trader Zone" (pos=<6675.160645, 104.603935, 6114.155762>) for a price of 32.
21:24:24.773 [Market] Player "Ov3rKi11" (id=P_LVluee20-ZP_xemam3V_6hnFSPQ6Uqa7dsMv8yuYY=) has sold ammobox_308win_20rnd x10 (2f539620, 2f53fe30, 2f541550, 2f53c460, 2f5409c0, 2f54a010, 7d7644f0, 7d767ec0, 7d765080, 7d7720a0) at the trader "Weapons (Denis [#STR_EXPANSION_MARKET_TRADER_WEAPONS])" in market zone "Trader Zone" (pos=<6675.160645, 104.603935, 6114.155762>) and got 240.
21:24:33.296 [Market] Player "Stephanie" (id=OShFqHovj5cC7Mjc5nmU2hT0J6y8CT78KFmoQoNUQoc=) has bought sewingkit x1 (567c9d00) from the trader "Components (Cyril [#STR_EXPANSION_MARKET_TRADER_COMPONENTS])" in market zone "Trader Zone" (pos=<6675.160645, 104.603935, 6114.155762>) for a price of 4.
21:24:44.000 [Market] Player "Ov3rKi11" (id=P_LVluee20-ZP_xemam3V_6hnFSPQ6Uqa7dsMv8yuYY=) has bought ammobox_308winap_20rnd x1 (567c6ec0) from the trader "Weapons (Denis [#STR_EXPANSION_MARKET_TRADER_WEAPONS])" in market zone "Trader Zone" (pos=<6675.160645, 104.603935, 6114.155762>) for a price of 64.
21:24:46.070 [Market] Player "Ov3rKi11" (id=P_LVluee20-ZP_xemam3V_6hnFSPQ6Uqa7dsMv8yuYY=) has bought ammobox_308winap_20rnd x1 (2f53ad40) from the trader "Weapons (Denis [#STR_EXPANSION_MARKET_TRADER_WEAPONS])" in market zone "Trader Zone" (pos=<6675.160645, 104.603935, 6114.155762>) for a price of 64.
21:24:47.609 [Market] Player "Ov3rKi11" (id=P_LVluee20-ZP_xemam3V_6hnFSPQ6Uqa7dsMv8yuYY=) has bought ammobox_308winap_20rnd x1 (2f53c460) from the trader "Weapons (Denis [#STR_EXPANSION_MARKET_TRADER_WEAPONS])" in market zone "Trader Zone" (pos=<6675.160645, 104.603935, 6114.155762>) for a price of 64.
21:26:24.101 [ATM] Player "Ov3rKi11" (id=P_LVluee20-ZP_xemam3V_6hnFSPQ6Uqa7dsMv8yuYY=) has deposited 48 on his ATM account.
21:26:43.984 [Market] Player "Stephanie" (id=OShFqHovj5cC7Mjc5nmU2hT0J6y8CT78KFmoQoNUQoc=) has bought gp5gasmask x1 (37c7c5c0) from the trader "Clothing (Naomi [#STR_EXPANSION_MARKET_TRADER_CLOTHING])" in market zone "Trader Zone" (pos=<6675.160645, 104.603935, 6114.155762>) for a price of 120.
21:26:48.843 [Market] Player "Stephanie" (id=OShFqHovj5cC7Mjc5nmU2hT0J6y8CT78KFmoQoNUQoc=) has bought gasmask_filter x1 (37c867a0) from the trader "Clothing (Naomi [#STR_EXPANSION_MARKET_TRADER_CLOTHING])" in market zone "Trader Zone" (pos=<6675.160645, 104.603935, 6114.155762>) for a price of 1000.
21:28:55.593 [ATM] Player "Stephanie" (id=OShFqHovj5cC7Mjc5nmU2hT0J6y8CT78KFmoQoNUQoc=) has deposited 19 on his ATM account.
21:30:57.671 [Safezone] Player "Sir Trippy" (id=qZqolO4hbF2D7i2SHl6eLqgMczahG7_bAPkC9G_OL68= pos=<6691.22, 114.99, 6016.29>) entered the safezone
21:31:55.468 [ATM] Player "Sir Trippy" (id=qZqolO4hbF2D7i2SHl6eLqgMczahG7_bAPkC9G_OL68=) has withdrawn 1712 from his ATM account.
21:32:36.109 [Market] Player "Sir Trippy" (id=qZqolO4hbF2D7i2SHl6eLqgMczahG7_bAPkC9G_OL68=) has bought ammobox_338lapuamagnum_20rnd x1 (404bd400) from the trader "Weapons (Denis [#STR_EXPANSION_MARKET_TRADER_WEAPONS])" in market zone "Trader Zone" (pos=<6675.160645, 104.603935, 6114.155762>) for a price of 64.
21:32:36.273 [Market] Player "Sir Trippy" (id=qZqolO4hbF2D7i2SHl6eLqgMczahG7_bAPkC9G_OL68=) has bought ammobox_338lapuamagnum_20rnd x1 (404b6bf0) from the trader "Weapons (Denis [#STR_EXPANSION_MARKET_TRADER_WEAPONS])" in market zone "Trader Zone" (pos=<6675.160645, 104.603935, 6114.155762>) for a price of 64.
21:32:36.507 [Market] Player "Sir Trippy" (id=qZqolO4hbF2D7i2SHl6eLqgMczahG7_bAPkC9G_OL68=) has bought ammobox_338lapuamagnum_20rnd x1 (404c0240) from the trader "Weapons (Denis [#STR_EXPANSION_MARKET_TRADER_WEAPONS])" in market zone "Trader Zone" (pos=<6675.160645, 104.603935, 6114.155762>) for a price of 64.
21:32:36.718 [Market] Player "Sir Trippy" (id=qZqolO4hbF2D7i2SHl6eLqgMczahG7_bAPkC9G_OL68=) has bought ammobox_338lapuamagnum_20rnd x1 (404c0dd0) from the trader "Weapons (Denis [#STR_EXPANSION_MARKET_TRADER_WEAPONS])" in market zone "Trader Zone" (pos=<6675.160645, 104.603935, 6114.155762>) for a price of 64.
21:32:36.921 [Market] Player "Sir Trippy" (id=qZqolO4hbF2D7i2SHl6eLqgMczahG7_bAPkC9G_OL68=) has bought ammobox_338lapuamagnum_20rnd x1 (404c47a0) from the trader "Weapons (Denis [#STR_EXPANSION_MARKET_TRADER_WEAPONS])" in market zone "Trader Zone" (pos=<6675.160645, 104.603935, 6114.155762>) for a price of 64.
21:32:37.156 [Market] Player "Sir Trippy" (id=qZqolO4hbF2D7i2SHl6eLqgMczahG7_bAPkC9G_OL68=) has bought ammobox_338lapuamagnum_20rnd x1 (404c1960) from the trader "Weapons (Denis [#STR_EXPANSION_MARKET_TRADER_WEAPONS])" in market zone "Trader Zone" (pos=<6675.160645, 104.603935, 6114.155762>) for a price of 64.
21:32:37.343 [Market] Player "Sir Trippy" (id=qZqolO4hbF2D7i2SHl6eLqgMczahG7_bAPkC9G_OL68=) has bought ammobox_338lapuamagnum_20rnd x1 (404c24f0) from the trader "Weapons (Denis [#STR_EXPANSION_MARKET_TRADER_WEAPONS])" in market zone "Trader Zone" (pos=<6675.160645, 104.603935, 6114.155762>) for a price of 64.
21:32:38.476 [Market] Player "Sir Trippy" (id=qZqolO4hbF2D7i2SHl6eLqgMczahG7_bAPkC9G_OL68=) has bought ammobox_338lapuamagnum_20rnd x1 (404e21b0) from the trader "Weapons (Denis [#STR_EXPANSION_MARKET_TRADER_WEAPONS])" in market zone "Trader Zone" (pos=<6675.160645, 104.603935, 6114.155762>) for a price of 64.
21:32:38.710 [Market] Player "Sir Trippy" (id=qZqolO4hbF2D7i2SHl6eLqgMczahG7_bAPkC9G_OL68=) has bought ammobox_338lapuamagnum_20rnd x1 (404df370) from the trader "Weapons (Denis [#STR_EXPANSION_MARKET_TRADER_WEAPONS])" in market zone "Trader Zone" (pos=<6675.160645, 104.603935, 6114.155762>) for a price of 64.
21:32:39.757 [Market] Player "Sir Trippy" (id=qZqolO4hbF2D7i2SHl6eLqgMczahG7_bAPkC9G_OL68=) has bought ammobox_300aac_ap_20rnd x1 (404e0a90) from the trader "Weapons (Denis [#STR_EXPANSION_MARKET_TRADER_WEAPONS])" in market zone "Trader Zone" (pos=<6675.160645, 104.603935, 6114.155762>) for a price of 64.
21:32:40.015 [Market] Player "Sir Trippy" (id=qZqolO4hbF2D7i2SHl6eLqgMczahG7_bAPkC9G_OL68=) has bought ammobox_300aac_ap_20rnd x1 (404dff00) from the trader "Weapons (Denis [#STR_EXPANSION_MARKET_TRADER_WEAPONS])" in market zone "Trader Zone" (pos=<6675.160645, 104.603935, 6114.155762>) for a price of 64.
21:32:40.187 [Market] Player "Sir Trippy" (id=qZqolO4hbF2D7i2SHl6eLqgMczahG7_bAPkC9G_OL68=) has bought ammobox_300aac_ap_20rnd x1 (404db9a0) from the trader "Weapons (Denis [#STR_EXPANSION_MARKET_TRADER_WEAPONS])" in market zone "Trader Zone" (pos=<6675.160645, 104.603935, 6114.155762>) for a price of 64.
21:32:40.406 [Market] Player "Sir Trippy" (id=qZqolO4hbF2D7i2SHl6eLqgMczahG7_bAPkC9G_OL68=) has bought ammobox_300aac_ap_20rnd x1 (404e2d40) from the trader "Weapons (Denis [#STR_EXPANSION_MARKET_TRADER_WEAPONS])" in market zone "Trader Zone" (pos=<6675.160645, 104.603935, 6114.155762>) for a price of 64.
21:32:40.742 [Market] Player "Sir Trippy" (id=qZqolO4hbF2D7i2SHl6eLqgMczahG7_bAPkC9G_OL68=) has bought ammobox_300aac_ap_20rnd x1 (404eb800) from the trader "Weapons (Denis [#STR_EXPANSION_MARKET_TRADER_WEAPONS])" in market zone "Trader Zone" (pos=<6675.160645, 104.603935, 6114.155762>) for a price of 64.
21:32:40.960 [Market] Player "Sir Trippy" (id=qZqolO4hbF2D7i2SHl6eLqgMczahG7_bAPkC9G_OL68=) has bought ammobox_300aac_ap_20rnd x1 (404e89c0) from the trader "Weapons (Denis [#STR_EXPANSION_MARKET_TRADER_WEAPONS])" in market zone "Trader Zone" (pos=<6675.160645, 104.603935, 6114.155762>) for a price of 64.
21:32:41.421 [Market] Player "Sir Trippy" (id=qZqolO4hbF2D7i2SHl6eLqgMczahG7_bAPkC9G_OL68=) has bought ammobox_300aac_ap_20rnd x1 (404e72a0) from the trader "Weapons (Denis [#STR_EXPANSION_MARKET_TRADER_WEAPONS])" in market zone "Trader Zone" (pos=<6675.160645, 104.603935, 6114.155762>) for a price of 64.
21:32:51.945 [ATM] Player "Sir Trippy" (id=qZqolO4hbF2D7i2SHl6eLqgMczahG7_bAPkC9G_OL68=) has deposited 688 on his ATM account.
21:34:55.625 [Safezone] Player "{1:name}" (id={1:id} pos={1:position}) left the safezone
21:34:55.671 [Safezone] Player "{1:name}" (id={1:id} pos={1:position}) left the safezone
21:34:58.140 [Safezone] Player "{1:name}" (id={1:id} pos={1:position}) left the safezone
21:58:35.031 [MissionAirdrop] An airdrop is heading towards "Onondaga" (pos=<5756.386719, 0.000000, 7200.799316> type=Random_Onondaga) with a ExpansionAirdropContainer_Military
22:00:01.867 [Party] Player "Sir Trippy" (id=qZqolO4hbF2D7i2SHl6eLqgMczahG7_bAPkC9G_OL68=) left the party "SLAVES" (id=1 ownerUID=m_TD03B4NXDQrU5koHpLq3WyQf1hXTvQSdETJOTM8ss= ownerName=F11 Simulator)
