03:28:51.235 [Safezone] Player "Sir Trippy" (id=qZqolO4hbF2D7i2SHl6eLqgMczahG7_bAPkC9G_OL68= pos=<6686.23, 106.77, 6078.35>) entered the safezone
03:28:51.236 [Party] Player "Sir Trippy" (id=qZqolO4hbF2D7i2SHl6eLqgMczahG7_bAPkC9G_OL68=) joinded the party "SLAVES" (id=1 ownerUID=m_TD03B4NXDQrU5koHpLq3WyQf1hXTvQSdETJOTM8ss= ownerName=F11 Simulator)
03:29:29.483 [Party] Player "CracklinOatBranCereal" (id=nsXTBdceXa3UBnQ4bQCu_T4oOASZ3Wo1_7Zla-psVPA=) joinded the party "Hunter Ruthless" (id=36 ownerUID=nsXTBdceXa3UBnQ4bQCu_T4oOASZ3Wo1_7Zla-psVPA= ownerName=CracklinOatBranCereal)
03:29:32.106 [Party] Player "London" (id=kOLgOs9yYBFVRQG3lqoHveYdP5X8y3SO69cq5MiR4us=) joinded the party "SLAVES" (id=1 ownerUID=m_TD03B4NXDQrU5koHpLq3WyQf1hXTvQSdETJOTM8ss= ownerName=F11 Simulator)
03:29:33.371 [Safezone] Player "F11 Simulator" (id=m_TD03B4NXDQrU5koHpLq3WyQf1hXTvQSdETJOTM8ss= pos=<6684.24, 102.59, 6080.07>) entered the safezone
03:29:33.372 [Party] Player "F11 Simulator" (id=m_TD03B4NXDQrU5koHpLq3WyQf1hXTvQSdETJOTM8ss=) joinded the party "SLAVES" (id=1 ownerUID=m_TD03B4NXDQrU5koHpLq3WyQf1hXTvQSdETJOTM8ss= ownerName=F11 Simulator)
03:29:44.874 [Safezone] Player "London" (id=kOLgOs9yYBFVRQG3lqoHveYdP5X8y3SO69cq5MiR4us= pos=<6750.68, 105.24, 6051.45>) entered the safezone
03:30:05.760 [Party] Player "Snake" (id=XdV1Tgi1K6I07F6zRJn2dth0jfL5g2JILemUB_WzYhE=) joinded the party "Diddys Disciples" (id=26 ownerUID=XdV1Tgi1K6I07F6zRJn2dth0jfL5g2JILemUB_WzYhE= ownerName=Snake)
03:30:29.673 [Party] Player "YellowMan03" (id=Q5YYCirVtNrxz4WQIODDgTTJ2c72jSwr9IjthoaUGfs=) joinded the party "Seraph Intrepid" (id=30 ownerUID=Q5YYCirVtNrxz4WQIODDgTTJ2c72jSwr9IjthoaUGfs= ownerName=YellowMan03)
03:30:43.376 [Safezone] Player "Druss" (id=mvB_p65s26M1iDgS3KgKpm-UzbAyYM5rER5IINF2xI0= pos=<6688.71, 106.06, 6109.75>) entered the safezone
03:30:43.376 [Party] Player "Druss" (id=mvB_p65s26M1iDgS3KgKpm-UzbAyYM5rER5IINF2xI0=) joinded the party "SLAVES" (id=1 ownerUID=m_TD03B4NXDQrU5koHpLq3WyQf1hXTvQSdETJOTM8ss= ownerName=F11 Simulator)
03:30:46.983 [Party] Player "Ansum" (id=kwj50tGkEeYLCGbiPEiXqSI-Oo0TyTuh-xlkFlJ7TKc=) joinded the party "Diddys Disciples" (id=26 ownerUID=XdV1Tgi1K6I07F6zRJn2dth0jfL5g2JILemUB_WzYhE= ownerName=Snake)
03:31:52.261 [ATM] Player "F11 Simulator" (id=m_TD03B4NXDQrU5koHpLq3WyQf1hXTvQSdETJOTM8ss=) has withdrawn 15000 from the party "SLAVES" (partyid=1 | ownerid=m_TD03B4NXDQrU5koHpLq3WyQf1hXTvQSdETJOTM8ss=) ATM account.
03:34:28.497 [Market] Player "Druss" (id=mvB_p65s26M1iDgS3KgKpm-UzbAyYM5rER5IINF2xI0=) has sold ammo_556x45tracer x1 (739842f0) at the trader "Weapons (Denis [#STR_EXPANSION_MARKET_TRADER_WEAPONS])" in market zone "Trader Zone" (pos=<6675.160645, 104.603935, 6114.155762>) and got 1.
03:34:28.938 [Market] Player "Druss" (id=mvB_p65s26M1iDgS3KgKpm-UzbAyYM5rER5IINF2xI0=) has sold ammo_556x45tracer x1 (739842f0) at the trader "Weapons (Denis [#STR_EXPANSION_MARKET_TRADER_WEAPONS])" in market zone "Trader Zone" (pos=<6675.160645, 104.603935, 6114.155762>) and got 1.
03:34:29.259 [Market] Player "Druss" (id=mvB_p65s26M1iDgS3KgKpm-UzbAyYM5rER5IINF2xI0=) has sold ammo_556x45tracer x1 (739842f0) at the trader "Weapons (Denis [#STR_EXPANSION_MARKET_TRADER_WEAPONS])" in market zone "Trader Zone" (pos=<6675.160645, 104.603935, 6114.155762>) and got 1.
03:34:29.587 [Market] Player "Druss" (id=mvB_p65s26M1iDgS3KgKpm-UzbAyYM5rER5IINF2xI0=) has sold ammo_556x45tracer x1 (739842f0) at the trader "Weapons (Denis [#STR_EXPANSION_MARKET_TRADER_WEAPONS])" in market zone "Trader Zone" (pos=<6675.160645, 104.603935, 6114.155762>) and got 1.
03:34:29.958 [Market] Player "Druss" (id=mvB_p65s26M1iDgS3KgKpm-UzbAyYM5rER5IINF2xI0=) has sold ammo_556x45tracer x1 (739842f0) at the trader "Weapons (Denis [#STR_EXPANSION_MARKET_TRADER_WEAPONS])" in market zone "Trader Zone" (pos=<6675.160645, 104.603935, 6114.155762>) and got 1.
03:34:30.333 [Market] Player "Druss" (id=mvB_p65s26M1iDgS3KgKpm-UzbAyYM5rER5IINF2xI0=) has sold ammo_556x45tracer x1 (739842f0) at the trader "Weapons (Denis [#STR_EXPANSION_MARKET_TRADER_WEAPONS])" in market zone "Trader Zone" (pos=<6675.160645, 104.603935, 6114.155762>) and got 1.
03:34:31.790 [Market] Player "Druss" (id=mvB_p65s26M1iDgS3KgKpm-UzbAyYM5rER5IINF2xI0=) has sold ammo_556x45 x1 (73987130) at the trader "Weapons (Denis [#STR_EXPANSION_MARKET_TRADER_WEAPONS])" in market zone "Trader Zone" (pos=<6675.160645, 104.603935, 6114.155762>) and got 1.
03:34:32.157 [Market] Player "Druss" (id=mvB_p65s26M1iDgS3KgKpm-UzbAyYM5rER5IINF2xI0=) has sold ammo_556x45 x1 (73987130) at the trader "Weapons (Denis [#STR_EXPANSION_MARKET_TRADER_WEAPONS])" in market zone "Trader Zone" (pos=<6675.160645, 104.603935, 6114.155762>) and got 1.
03:34:32.420 [Market] Player "Druss" (id=mvB_p65s26M1iDgS3KgKpm-UzbAyYM5rER5IINF2xI0=) has sold ammo_556x45 x1 (73987130) at the trader "Weapons (Denis [#STR_EXPANSION_MARKET_TRADER_WEAPONS])" in market zone "Trader Zone" (pos=<6675.160645, 104.603935, 6114.155762>) and got 1.
03:34:32.652 [Market] Player "Druss" (id=mvB_p65s26M1iDgS3KgKpm-UzbAyYM5rER5IINF2xI0=) has sold ammo_556x45 x1 (73987130) at the trader "Weapons (Denis [#STR_EXPANSION_MARKET_TRADER_WEAPONS])" in market zone "Trader Zone" (pos=<6675.160645, 104.603935, 6114.155762>) and got 1.
03:34:32.847 [Market] Player "Druss" (id=mvB_p65s26M1iDgS3KgKpm-UzbAyYM5rER5IINF2xI0=) has sold ammo_556x45 x1 (7398b690) at the trader "Weapons (Denis [#STR_EXPANSION_MARKET_TRADER_WEAPONS])" in market zone "Trader Zone" (pos=<6675.160645, 104.603935, 6114.155762>) and got 1.
03:34:32.999 [Market] Player "Druss" (id=mvB_p65s26M1iDgS3KgKpm-UzbAyYM5rER5IINF2xI0=) has sold ammo_556x45 x1 (7398b690) at the trader "Weapons (Denis [#STR_EXPANSION_MARKET_TRADER_WEAPONS])" in market zone "Trader Zone" (pos=<6675.160645, 104.603935, 6114.155762>) and got 1.
03:34:33.202 [Market] Player "Druss" (id=mvB_p65s26M1iDgS3KgKpm-UzbAyYM5rER5IINF2xI0=) has sold ammo_556x45 x1 (7398b690) at the trader "Weapons (Denis [#STR_EXPANSION_MARKET_TRADER_WEAPONS])" in market zone "Trader Zone" (pos=<6675.160645, 104.603935, 6114.155762>) and got 1.
03:34:33.370 [Market] Player "Druss" (id=mvB_p65s26M1iDgS3KgKpm-UzbAyYM5rER5IINF2xI0=) has sold ammo_556x45 x1 (7398b690) at the trader "Weapons (Denis [#STR_EXPANSION_MARKET_TRADER_WEAPONS])" in market zone "Trader Zone" (pos=<6675.160645, 104.603935, 6114.155762>) and got 1.
03:34:33.534 [Market] Player "Druss" (id=mvB_p65s26M1iDgS3KgKpm-UzbAyYM5rER5IINF2xI0=) has sold ammo_556x45 x1 (7398b690) at the trader "Weapons (Denis [#STR_EXPANSION_MARKET_TRADER_WEAPONS])" in market zone "Trader Zone" (pos=<6675.160645, 104.603935, 6114.155762>) and got 1.
03:34:33.699 [Market] Player "Druss" (id=mvB_p65s26M1iDgS3KgKpm-UzbAyYM5rER5IINF2xI0=) has sold ammo_556x45 x1 (7398b690) at the trader "Weapons (Denis [#STR_EXPANSION_MARKET_TRADER_WEAPONS])" in market zone "Trader Zone" (pos=<6675.160645, 104.603935, 6114.155762>) and got 1.
03:34:33.891 [Market] Player "Druss" (id=mvB_p65s26M1iDgS3KgKpm-UzbAyYM5rER5IINF2xI0=) has sold ammo_556x45 x1 (7398b690) at the trader "Weapons (Denis [#STR_EXPANSION_MARKET_TRADER_WEAPONS])" in market zone "Trader Zone" (pos=<6675.160645, 104.603935, 6114.155762>) and got 1.
03:34:34.091 [Market] Player "Druss" (id=mvB_p65s26M1iDgS3KgKpm-UzbAyYM5rER5IINF2xI0=) has sold ammo_556x45 x1 (7398c220) at the trader "Weapons (Denis [#STR_EXPANSION_MARKET_TRADER_WEAPONS])" in market zone "Trader Zone" (pos=<6675.160645, 104.603935, 6114.155762>) and got 1.
03:34:34.261 [Market] Player "Druss" (id=mvB_p65s26M1iDgS3KgKpm-UzbAyYM5rER5IINF2xI0=) has sold ammo_556x45 x1 (7398c220) at the trader "Weapons (Denis [#STR_EXPANSION_MARKET_TRADER_WEAPONS])" in market zone "Trader Zone" (pos=<6675.160645, 104.603935, 6114.155762>) and got 1.
03:34:34.437 [Market] Player "Druss" (id=mvB_p65s26M1iDgS3KgKpm-UzbAyYM5rER5IINF2xI0=) has sold ammo_556x45 x1 (7398c220) at the trader "Weapons (Denis [#STR_EXPANSION_MARKET_TRADER_WEAPONS])" in market zone "Trader Zone" (pos=<6675.160645, 104.603935, 6114.155762>) and got 1.
03:34:37.817 [Market] Player "Druss" (id=mvB_p65s26M1iDgS3KgKpm-UzbAyYM5rER5IINF2xI0=) has sold ammo_45acp x1 (73985a10) at the trader "Weapons (Denis [#STR_EXPANSION_MARKET_TRADER_WEAPONS])" in market zone "Trader Zone" (pos=<6675.160645, 104.603935, 6114.155762>) and got 1.
03:34:37.990 [Market] Player "Druss" (id=mvB_p65s26M1iDgS3KgKpm-UzbAyYM5rER5IINF2xI0=) has sold ammo_45acp x1 (73985a10) at the trader "Weapons (Denis [#STR_EXPANSION_MARKET_TRADER_WEAPONS])" in market zone "Trader Zone" (pos=<6675.160645, 104.603935, 6114.155762>) and got 1.
03:34:38.169 [Market] Player "Druss" (id=mvB_p65s26M1iDgS3KgKpm-UzbAyYM5rER5IINF2xI0=) has sold ammo_45acp x1 (73985a10) at the trader "Weapons (Denis [#STR_EXPANSION_MARKET_TRADER_WEAPONS])" in market zone "Trader Zone" (pos=<6675.160645, 104.603935, 6114.155762>) and got 1.
03:34:38.329 [Market] Player "Druss" (id=mvB_p65s26M1iDgS3KgKpm-UzbAyYM5rER5IINF2xI0=) has sold ammo_45acp x1 (73985a10) at the trader "Weapons (Denis [#STR_EXPANSION_MARKET_TRADER_WEAPONS])" in market zone "Trader Zone" (pos=<6675.160645, 104.603935, 6114.155762>) and got 1.
03:34:38.493 [Market] Player "Druss" (id=mvB_p65s26M1iDgS3KgKpm-UzbAyYM5rER5IINF2xI0=) has sold ammo_45acp x1 (73985a10) at the trader "Weapons (Denis [#STR_EXPANSION_MARKET_TRADER_WEAPONS])" in market zone "Trader Zone" (pos=<6675.160645, 104.603935, 6114.155762>) and got 1.
03:34:38.687 [Market] Player "Druss" (id=mvB_p65s26M1iDgS3KgKpm-UzbAyYM5rER5IINF2xI0=) has sold ammo_45acp x1 (73985a10) at the trader "Weapons (Denis [#STR_EXPANSION_MARKET_TRADER_WEAPONS])" in market zone "Trader Zone" (pos=<6675.160645, 104.603935, 6114.155762>) and got 1.
03:34:38.897 [Market] Player "Druss" (id=mvB_p65s26M1iDgS3KgKpm-UzbAyYM5rER5IINF2xI0=) has sold ammo_45acp x1 (73985a10) at the trader "Weapons (Denis [#STR_EXPANSION_MARKET_TRADER_WEAPONS])" in market zone "Trader Zone" (pos=<6675.160645, 104.603935, 6114.155762>) and got 1.
03:34:39.056 [Market] Player "Druss" (id=mvB_p65s26M1iDgS3KgKpm-UzbAyYM5rER5IINF2xI0=) has sold ammo_45acp x1 (73985a10) at the trader "Weapons (Denis [#STR_EXPANSION_MARKET_TRADER_WEAPONS])" in market zone "Trader Zone" (pos=<6675.160645, 104.603935, 6114.155762>) and got 1.
03:34:39.251 [Market] Player "Druss" (id=mvB_p65s26M1iDgS3KgKpm-UzbAyYM5rER5IINF2xI0=) has sold ammo_45acp x1 (73985a10) at the trader "Weapons (Denis [#STR_EXPANSION_MARKET_TRADER_WEAPONS])" in market zone "Trader Zone" (pos=<6675.160645, 104.603935, 6114.155762>) and got 1.
03:34:39.428 [Market] Player "Druss" (id=mvB_p65s26M1iDgS3KgKpm-UzbAyYM5rER5IINF2xI0=) has sold ammo_45acp x1 (73985a10) at the trader "Weapons (Denis [#STR_EXPANSION_MARKET_TRADER_WEAPONS])" in market zone "Trader Zone" (pos=<6675.160645, 104.603935, 6114.155762>) and got 1.
03:34:39.598 [Market] Player "Druss" (id=mvB_p65s26M1iDgS3KgKpm-UzbAyYM5rER5IINF2xI0=) has sold ammo_45acp x1 (73985a10) at the trader "Weapons (Denis [#STR_EXPANSION_MARKET_TRADER_WEAPONS])" in market zone "Trader Zone" (pos=<6675.160645, 104.603935, 6114.155762>) and got 1.
03:34:56.253 [Market] Player "Druss" (id=mvB_p65s26M1iDgS3KgKpm-UzbAyYM5rER5IINF2xI0=) has bought ammobox_556x45_20rnd x1 (607e7df0) from the trader "Weapons (Denis [#STR_EXPANSION_MARKET_TRADER_WEAPONS])" in market zone "Trader Zone" (pos=<6675.160645, 104.603935, 6114.155762>) for a price of 32.
03:34:56.831 [Market] Player "Druss" (id=mvB_p65s26M1iDgS3KgKpm-UzbAyYM5rER5IINF2xI0=) has bought ammobox_556x45_20rnd x1 (607f4e10) from the trader "Weapons (Denis [#STR_EXPANSION_MARKET_TRADER_WEAPONS])" in market zone "Trader Zone" (pos=<6675.160645, 104.603935, 6114.155762>) for a price of 32.
03:34:57.562 [Market] Player "Druss" (id=mvB_p65s26M1iDgS3KgKpm-UzbAyYM5rER5IINF2xI0=) has bought ammobox_556x45_20rnd x1 (607f08b0) from the trader "Weapons (Denis [#STR_EXPANSION_MARKET_TRADER_WEAPONS])" in market zone "Trader Zone" (pos=<6675.160645, 104.603935, 6114.155762>) for a price of 32.
03:34:58.050 [Market] Player "Druss" (id=mvB_p65s26M1iDgS3KgKpm-UzbAyYM5rER5IINF2xI0=) has bought ammobox_556x45_20rnd x1 (607f59a0) from the trader "Weapons (Denis [#STR_EXPANSION_MARKET_TRADER_WEAPONS])" in market zone "Trader Zone" (pos=<6675.160645, 104.603935, 6114.155762>) for a price of 32.
03:34:58.682 [Market] Player "Druss" (id=mvB_p65s26M1iDgS3KgKpm-UzbAyYM5rER5IINF2xI0=) has bought ammobox_556x45_20rnd x1 (607f1fd0) from the trader "Weapons (Denis [#STR_EXPANSION_MARKET_TRADER_WEAPONS])" in market zone "Trader Zone" (pos=<6675.160645, 104.603935, 6114.155762>) for a price of 32.
03:34:59.325 [Market] Player "Druss" (id=mvB_p65s26M1iDgS3KgKpm-UzbAyYM5rER5IINF2xI0=) has bought ammobox_556x45_20rnd x1 (6aadf880) from the trader "Weapons (Denis [#STR_EXPANSION_MARKET_TRADER_WEAPONS])" in market zone "Trader Zone" (pos=<6675.160645, 104.603935, 6114.155762>) for a price of 32.
03:34:59.897 [Market] Player "Druss" (id=mvB_p65s26M1iDgS3KgKpm-UzbAyYM5rER5IINF2xI0=) has bought ammobox_556x45_20rnd x1 (6aae5500) from the trader "Weapons (Denis [#STR_EXPANSION_MARKET_TRADER_WEAPONS])" in market zone "Trader Zone" (pos=<6675.160645, 104.603935, 6114.155762>) for a price of 32.
03:35:00.592 [Market] Player "Druss" (id=mvB_p65s26M1iDgS3KgKpm-UzbAyYM5rER5IINF2xI0=) has bought ammobox_556x45_20rnd x1 (6aae6090) from the trader "Weapons (Denis [#STR_EXPANSION_MARKET_TRADER_WEAPONS])" in market zone "Trader Zone" (pos=<6675.160645, 104.603935, 6114.155762>) for a price of 32.
03:35:01.175 [Market] Player "Druss" (id=mvB_p65s26M1iDgS3KgKpm-UzbAyYM5rER5IINF2xI0=) has bought ammobox_556x45_20rnd x1 (6aadecf0) from the trader "Weapons (Denis [#STR_EXPANSION_MARKET_TRADER_WEAPONS])" in market zone "Trader Zone" (pos=<6675.160645, 104.603935, 6114.155762>) for a price of 32.
03:35:01.753 [Market] Player "Druss" (id=mvB_p65s26M1iDgS3KgKpm-UzbAyYM5rER5IINF2xI0=) has bought ammobox_556x45_20rnd x1 (6aad9070) from the trader "Weapons (Denis [#STR_EXPANSION_MARKET_TRADER_WEAPONS])" in market zone "Trader Zone" (pos=<6675.160645, 104.603935, 6114.155762>) for a price of 32.
03:35:02.336 [Market] Player "Druss" (id=mvB_p65s26M1iDgS3KgKpm-UzbAyYM5rER5IINF2xI0=) has bought ammobox_556x45_20rnd x1 (6aad9c00) from the trader "Weapons (Denis [#STR_EXPANSION_MARKET_TRADER_WEAPONS])" in market zone "Trader Zone" (pos=<6675.160645, 104.603935, 6114.155762>) for a price of 32.
03:35:03.035 [Market] Player "Druss" (id=mvB_p65s26M1iDgS3KgKpm-UzbAyYM5rER5IINF2xI0=) has bought ammobox_556x45_20rnd x1 (6aadbeb0) from the trader "Weapons (Denis [#STR_EXPANSION_MARKET_TRADER_WEAPONS])" in market zone "Trader Zone" (pos=<6675.160645, 104.603935, 6114.155762>) for a price of 32.
03:35:04.031 [Market] Player "Druss" (id=mvB_p65s26M1iDgS3KgKpm-UzbAyYM5rER5IINF2xI0=) has bought ammobox_556x45_20rnd x1 (6aae8340) from the trader "Weapons (Denis [#STR_EXPANSION_MARKET_TRADER_WEAPONS])" in market zone "Trader Zone" (pos=<6675.160645, 104.603935, 6114.155762>) for a price of 32.
03:35:04.931 [Market] Player "Druss" (id=mvB_p65s26M1iDgS3KgKpm-UzbAyYM5rER5IINF2xI0=) has bought ammobox_556x45_20rnd x1 (6aae3de0) from the trader "Weapons (Denis [#STR_EXPANSION_MARKET_TRADER_WEAPONS])" in market zone "Trader Zone" (pos=<6675.160645, 104.603935, 6114.155762>) for a price of 32.
03:35:06.237 [Market] Player "Druss" (id=mvB_p65s26M1iDgS3KgKpm-UzbAyYM5rER5IINF2xI0=) has bought ammobox_556x45_20rnd x1 (6aaebd10) from the trader "Weapons (Denis [#STR_EXPANSION_MARKET_TRADER_WEAPONS])" in market zone "Trader Zone" (pos=<6675.160645, 104.603935, 6114.155762>) for a price of 32.
03:35:07.076 [Market] Player "Druss" (id=mvB_p65s26M1iDgS3KgKpm-UzbAyYM5rER5IINF2xI0=) has bought ammobox_556x45_20rnd x1 (6ab0e810) from the trader "Weapons (Denis [#STR_EXPANSION_MARKET_TRADER_WEAPONS])" in market zone "Trader Zone" (pos=<6675.160645, 104.603935, 6114.155762>) for a price of 32.
03:35:55.421 [Market] Player "Druss" (id=mvB_p65s26M1iDgS3KgKpm-UzbAyYM5rER5IINF2xI0=) has sold mag_stanagcoupled_30rnd x1 (7397f200, ammo_556x45 x60) at the trader "Attachments (Jose [#STR_EXPANSION_MARKET_TRADER_ATTACHMENTS])" in market zone "Trader Zone" (pos=<6675.160645, 104.603935, 6114.155762>) and got 225.
03:36:30.443 [ATM] Player "Druss" (id=mvB_p65s26M1iDgS3KgKpm-UzbAyYM5rER5IINF2xI0=) has deposited 6981 on his ATM account.
03:36:47.725 [Safezone] Player "{1:name}" (id={1:id} pos={1:position}) left the safezone
03:36:53.687 [Safezone] Player "{1:name}" (id={1:id} pos={1:position}) left the safezone
03:36:54.364 [Safezone] Player "{1:name}" (id={1:id} pos={1:position}) left the safezone
03:36:55.720 [Safezone] Player "{1:name}" (id={1:id} pos={1:position}) left the safezone
03:42:13.554 [Party] Player "butlao13" (id=zITiOFF2CVidG6S3dDaMOqvo_Ww5lFsICdPsQgLm8GI=) joinded the party "Butlaos" (id=8 ownerUID=zITiOFF2CVidG6S3dDaMOqvo_Ww5lFsICdPsQgLm8GI= ownerName=butlao13)
03:47:26.611 [Party] Player "butlao13" (id=zITiOFF2CVidG6S3dDaMOqvo_Ww5lFsICdPsQgLm8GI=) left the party "Butlaos" (id=8 ownerUID=zITiOFF2CVidG6S3dDaMOqvo_Ww5lFsICdPsQgLm8GI= ownerName=butlao13)
03:48:26.664 [Killfeed] [DIDDY] Ansum got killed by [uwu] F11 Simulator with HoneyBadger from a distance of 67 m.
03:49:32.340 [Killfeed] [DIDDY] Snake got killed by [uwu] F11 Simulator with HoneyBadger from a distance of 5 m.
03:50:26.433 [Party] Player "Snake" (id=XdV1Tgi1K6I07F6zRJn2dth0jfL5g2JILemUB_WzYhE=) left the party "Diddys Disciples" (id=26 ownerUID=XdV1Tgi1K6I07F6zRJn2dth0jfL5g2JILemUB_WzYhE= ownerName=Snake)
03:51:13.623 [Party] Player "Ansum" (id=kwj50tGkEeYLCGbiPEiXqSI-Oo0TyTuh-xlkFlJ7TKc=) left the party "Diddys Disciples" (id=26 ownerUID=XdV1Tgi1K6I07F6zRJn2dth0jfL5g2JILemUB_WzYhE= ownerName=Snake)
04:30:46.823 [Party] Player "F11 Simulator" (id=m_TD03B4NXDQrU5koHpLq3WyQf1hXTvQSdETJOTM8ss=) left the party "SLAVES" (id=1 ownerUID=m_TD03B4NXDQrU5koHpLq3WyQf1hXTvQSdETJOTM8ss= ownerName=F11 Simulator)
04:31:15.277 [Party] Player "F11 Simulator" (id=m_TD03B4NXDQrU5koHpLq3WyQf1hXTvQSdETJOTM8ss=) joinded the party "SLAVES" (id=1 ownerUID=m_TD03B4NXDQrU5koHpLq3WyQf1hXTvQSdETJOTM8ss= ownerName=F11 Simulator)
04:55:01.281 [Party] Player "butlao13" (id=zITiOFF2CVidG6S3dDaMOqvo_Ww5lFsICdPsQgLm8GI=) joinded the party "Butlaos" (id=8 ownerUID=zITiOFF2CVidG6S3dDaMOqvo_Ww5lFsICdPsQgLm8GI= ownerName=butlao13)
05:02:21.908 [Safezone] Player "CracklinOatBranCereal" (id=nsXTBdceXa3UBnQ4bQCu_T4oOASZ3Wo1_7Zla-psVPA= pos=<6632.6, 104.41, 6203.27>) entered the safezone
05:02:33.425 [Safezone] Player "YellowMan03" (id=Q5YYCirVtNrxz4WQIODDgTTJ2c72jSwr9IjthoaUGfs= pos=<6629.2, 106.25, 6200.2>) entered the safezone
05:02:33.425 [Safezone] Player "ActualTrash" (id=tX_k1PJHIgv0jGOwOCMW9ZAw0cYJGQmwxbCDySzFXcs= pos=<6627.02, 106.83, 6199.95>) entered the safezone
05:09:29.708 [Market] Player "CracklinOatBranCereal" (id=nsXTBdceXa3UBnQ4bQCu_T4oOASZ3Wo1_7Zla-psVPA=) has sold universallight x1 (553fe660, Battery9V<553fc3b0>) at the trader "Attachments (Jose [#STR_EXPANSION_MARKET_TRADER_ATTACHMENTS])" in market zone "Trader Zone" (pos=<6675.160645, 104.603935, 6114.155762>) and got 91.
05:09:57.464 [Market] Player "ActualTrash" (id=tX_k1PJHIgv0jGOwOCMW9ZAw0cYJGQmwxbCDySzFXcs=) has sold screwdriver x1 (4e932510) at the trader "Components (Cyril [#STR_EXPANSION_MARKET_TRADER_COMPONENTS])" in market zone "Trader Zone" (pos=<6675.160645, 104.603935, 6114.155762>) and got 1.
05:09:59.224 [Market] Player "ActualTrash" (id=tX_k1PJHIgv0jGOwOCMW9ZAw0cYJGQmwxbCDySzFXcs=) has sold woodaxe x1 (4e93e9a0) at the trader "Components (Cyril [#STR_EXPANSION_MARKET_TRADER_COMPONENTS])" in market zone "Trader Zone" (pos=<6675.160645, 104.603935, 6114.155762>) and got 11.
05:10:02.718 [Market] Player "ActualTrash" (id=tX_k1PJHIgv0jGOwOCMW9ZAw0cYJGQmwxbCDySzFXcs=) has sold flashlight x1 (79e45890) at the trader "Components (Cyril [#STR_EXPANSION_MARKET_TRADER_COMPONENTS])" in market zone "Trader Zone" (pos=<6675.160645, 104.603935, 6114.155762>) and got 8.
05:10:04.488 [Market] Player "ActualTrash" (id=tX_k1PJHIgv0jGOwOCMW9ZAw0cYJGQmwxbCDySzFXcs=) has sold chemlight_white x1 (4e933c30) at the trader "Components (Cyril [#STR_EXPANSION_MARKET_TRADER_COMPONENTS])" in market zone "Trader Zone" (pos=<6675.160645, 104.603935, 6114.155762>) and got 1.
05:10:07.556 [Market] Player "ActualTrash" (id=tX_k1PJHIgv0jGOwOCMW9ZAw0cYJGQmwxbCDySzFXcs=) has sold battery9v x1 (4e93de10) at the trader "Components (Cyril [#STR_EXPANSION_MARKET_TRADER_COMPONENTS])" in market zone "Trader Zone" (pos=<6675.160645, 104.603935, 6114.155762>) and got 1.
05:10:56.931 [Party] Player "London" (id=kOLgOs9yYBFVRQG3lqoHveYdP5X8y3SO69cq5MiR4us=) left the party "SLAVES" (id=1 ownerUID=m_TD03B4NXDQrU5koHpLq3WyQf1hXTvQSdETJOTM8ss= ownerName=F11 Simulator)
05:11:30.095 [Market] Player "ActualTrash" (id=tX_k1PJHIgv0jGOwOCMW9ZAw0cYJGQmwxbCDySzFXcs=) has bought weaponcleaningkit x1 (55408840) from the trader "Components (Cyril [#STR_EXPANSION_MARKET_TRADER_COMPONENTS])" in market zone "Trader Zone" (pos=<6675.160645, 104.603935, 6114.155762>) for a price of 8.
05:12:09.992 [Party] Player "London" (id=kOLgOs9yYBFVRQG3lqoHveYdP5X8y3SO69cq5MiR4us=) joinded the party "SLAVES" (id=1 ownerUID=m_TD03B4NXDQrU5koHpLq3WyQf1hXTvQSdETJOTM8ss= ownerName=F11 Simulator)
05:12:12.355 [Market] Player "CracklinOatBranCereal" (id=nsXTBdceXa3UBnQ4bQCu_T4oOASZ3Wo1_7Zla-psVPA=) has sold pipe x1 (3ce111e0) at the trader "Weapons (Denis [#STR_EXPANSION_MARKET_TRADER_WEAPONS])" in market zone "Trader Zone" (pos=<6675.160645, 104.603935, 6114.155762>) and got 9.
05:12:19.724 [Killfeed] bootylao commited suicide with Bone Knife.
05:13:02.767 [Killfeed] bootylao commited suicide with Bone Knife.
05:13:27.990 [Killfeed] bootylao commited suicide with Bone Knife.
05:14:03.585 [Market] Player "CracklinOatBranCereal" (id=nsXTBdceXa3UBnQ4bQCu_T4oOASZ3Wo1_7Zla-psVPA=) has sold pipe x1 (31857b60) at the trader "Weapons (Denis [#STR_EXPANSION_MARKET_TRADER_WEAPONS])" in market zone "Trader Zone" (pos=<6675.160645, 104.603935, 6114.155762>) and got 4.
05:15:08.527 [Market] Player "ActualTrash" (id=tX_k1PJHIgv0jGOwOCMW9ZAw0cYJGQmwxbCDySzFXcs=) has bought weaponcleaningkit x1 (337a6310) from the trader "Components (Cyril [#STR_EXPANSION_MARKET_TRADER_COMPONENTS])" in market zone "Trader Zone" (pos=<6675.160645, 104.603935, 6114.155762>) for a price of 8.
05:15:37.003 [Market] Player "YellowMan03" (id=Q5YYCirVtNrxz4WQIODDgTTJ2c72jSwr9IjthoaUGfs=) has sold binoculars x1 (626a6130) at the trader "Components (Cyril [#STR_EXPANSION_MARKET_TRADER_COMPONENTS])" in market zone "Trader Zone" (pos=<6675.160645, 104.603935, 6114.155762>) and got 5.
05:17:23.851 [Market] Player "CracklinOatBranCereal" (id=nsXTBdceXa3UBnQ4bQCu_T4oOASZ3Wo1_7Zla-psVPA=) has sold ammobox_762x39_20rnd x1 (3aef5340) at the trader "Weapons (Denis [#STR_EXPANSION_MARKET_TRADER_WEAPONS])" in market zone "Trader Zone" (pos=<6675.160645, 104.603935, 6114.155762>) and got 24.
05:17:36.375 [Market] Player "CracklinOatBranCereal" (id=nsXTBdceXa3UBnQ4bQCu_T4oOASZ3Wo1_7Zla-psVPA=) has sold ammo_762x39 x1 (e4e79650) at the trader "Weapons (Denis [#STR_EXPANSION_MARKET_TRADER_WEAPONS])" in market zone "Trader Zone" (pos=<6675.160645, 104.603935, 6114.155762>) and got 0.
05:17:37.341 [Market] Player "CracklinOatBranCereal" (id=nsXTBdceXa3UBnQ4bQCu_T4oOASZ3Wo1_7Zla-psVPA=) has sold ammo_762x39 x1 (e4e79650) at the trader "Weapons (Denis [#STR_EXPANSION_MARKET_TRADER_WEAPONS])" in market zone "Trader Zone" (pos=<6675.160645, 104.603935, 6114.155762>) and got 0.
05:18:22.738 [Party] Player "butlao13" (id=zITiOFF2CVidG6S3dDaMOqvo_Ww5lFsICdPsQgLm8GI=) left the party "Butlaos" (id=8 ownerUID=zITiOFF2CVidG6S3dDaMOqvo_Ww5lFsICdPsQgLm8GI= ownerName=butlao13)
05:19:55.613 [Market] Player "CracklinOatBranCereal" (id=nsXTBdceXa3UBnQ4bQCu_T4oOASZ3Wo1_7Zla-psVPA=) has sold ammobox_12gaslug_10rnd x1 (7cbe2420) at the trader "Weapons (Denis [#STR_EXPANSION_MARKET_TRADER_WEAPONS])" in market zone "Trader Zone" (pos=<6675.160645, 104.603935, 6114.155762>) and got 30.
05:20:53.195 [ATM] Player "CracklinOatBranCereal" (id=nsXTBdceXa3UBnQ4bQCu_T4oOASZ3Wo1_7Zla-psVPA=) has withdrawn 100000 from his ATM account.
05:21:33.324 [ATM] Player "YellowMan03" (id=Q5YYCirVtNrxz4WQIODDgTTJ2c72jSwr9IjthoaUGfs=) has withdrawn 1000 from his ATM account.
05:21:43.335 [ATM] Player "CracklinOatBranCereal" (id=nsXTBdceXa3UBnQ4bQCu_T4oOASZ3Wo1_7Zla-psVPA=) has deposited 100158 on his ATM account.
05:21:45.210 [ATM] Player "ActualTrash" (id=tX_k1PJHIgv0jGOwOCMW9ZAw0cYJGQmwxbCDySzFXcs=) has deposited 6 on his ATM account.
05:22:34.205 [ATM] Player "YellowMan03" (id=Q5YYCirVtNrxz4WQIODDgTTJ2c72jSwr9IjthoaUGfs=) has deposited 1005 on his ATM account.
05:23:13.371 [Safezone] Player "{1:name}" (id={1:id} pos={1:position}) left the safezone
05:23:19.062 [Safezone] Player "{1:name}" (id={1:id} pos={1:position}) left the safezone
05:23:21.208 [Safezone] Player "{1:name}" (id={1:id} pos={1:position}) left the safezone
05:36:57.324 [Party] Player "butlao13" (id=zITiOFF2CVidG6S3dDaMOqvo_Ww5lFsICdPsQgLm8GI=) joinded the party "Butlaos" (id=8 ownerUID=zITiOFF2CVidG6S3dDaMOqvo_Ww5lFsICdPsQgLm8GI= ownerName=butlao13)
05:50:21.097 [Party] Player "butlao13" (id=zITiOFF2CVidG6S3dDaMOqvo_Ww5lFsICdPsQgLm8GI=) invited the player "bootylao" (id=JKIP8-DXtaQDzkJ5CU8EzHOQe9QtAEya76BaTIcC2is=)to the party named Butlaos
05:50:32.984 [Party] Player "bootylao" (id=JKIP8-DXtaQDzkJ5CU8EzHOQe9QtAEya76BaTIcC2is=) joinded the party "Butlaos" (id=8 ownerUID=zITiOFF2CVidG6S3dDaMOqvo_Ww5lFsICdPsQgLm8GI= ownerName=butlao13)
05:56:33.722 [Safezone] Player "London" (id=kOLgOs9yYBFVRQG3lqoHveYdP5X8y3SO69cq5MiR4us= pos=<6700.48, 102.83, 6071.65>) entered the safezone
05:56:40.806 [Safezone] Player "Sir Trippy" (id=qZqolO4hbF2D7i2SHl6eLqgMczahG7_bAPkC9G_OL68= pos=<6700.63, 102.79, 6073.56>) entered the safezone
05:56:45.458 [Safezone] Player "F11 Simulator" (id=m_TD03B4NXDQrU5koHpLq3WyQf1hXTvQSdETJOTM8ss= pos=<6699.85, 102.82, 6071.93>) entered the safezone
05:56:46.691 [Safezone] Player "Druss" (id=mvB_p65s26M1iDgS3KgKpm-UzbAyYM5rER5IINF2xI0= pos=<6700.07, 102.78, 6073.28>) entered the safezone
05:57:07.472 [Market] Player "Sir Trippy" (id=qZqolO4hbF2D7i2SHl6eLqgMczahG7_bAPkC9G_OL68=) has sold augshort x1 (330987e0, Mag_Aug_30Rnd<3325d1b0>, ammo_556x45 x7) at the trader "Weapons (Denis [#STR_EXPANSION_MARKET_TRADER_WEAPONS])" in market zone "Trader Zone" (pos=<6675.160645, 104.603935, 6114.155762>) and got 1214.
05:57:12.945 [Market] Player "F11 Simulator" (id=m_TD03B4NXDQrU5koHpLq3WyQf1hXTvQSdETJOTM8ss=) has sold vss x1 (2d1d8170, PSO11Optic<a1574c80>) at the trader "Weapons (Denis [#STR_EXPANSION_MARKET_TRADER_WEAPONS])" in market zone "Trader Zone" (pos=<6675.160645, 104.603935, 6114.155762>) and got 1125.
05:57:16.613 [Market] Player "F11 Simulator" (id=m_TD03B4NXDQrU5koHpLq3WyQf1hXTvQSdETJOTM8ss=) has sold ak101 x1 (4715c880, AK74_WoodBttstck<7cbf7370>, AK_RailHndgrd<7cbfb8d0>, PSO11Optic<ff4c950>, Mag_AK101_30Rnd<7cbf9620>, ammo_556x45 x6) at the trader "Weapons (Denis [#STR_EXPANSION_MARKET_TRADER_WEAPONS])" in market zone "Trader Zone" (pos=<6675.160645, 104.603935, 6114.155762>) and got 1928.
05:57:18.912 [Market] Player "Sir Trippy" (id=qZqolO4hbF2D7i2SHl6eLqgMczahG7_bAPkC9G_OL68=) has sold svd x1 (375d5750, KashtanOptic<62a3e8b0>) at the trader "Weapons (Denis [#STR_EXPANSION_MARKET_TRADER_WEAPONS])" in market zone "Trader Zone" (pos=<6675.160645, 104.603935, 6114.155762>) and got 1631.
05:57:19.013 [Market] Player "F11 Simulator" (id=m_TD03B4NXDQrU5koHpLq3WyQf1hXTvQSdETJOTM8ss=) has sold ammobox_308wintracer_20rnd x1 (4949a600) at the trader "Weapons (Denis [#STR_EXPANSION_MARKET_TRADER_WEAPONS])" in market zone "Trader Zone" (pos=<6675.160645, 104.603935, 6114.155762>) and got 48.
05:57:19.804 [Market] Player "F11 Simulator" (id=m_TD03B4NXDQrU5koHpLq3WyQf1hXTvQSdETJOTM8ss=) has sold ammobox_556x45tracer_20rnd x1 (2d110c60) at the trader "Weapons (Denis [#STR_EXPANSION_MARKET_TRADER_WEAPONS])" in market zone "Trader Zone" (pos=<6675.160645, 104.603935, 6114.155762>) and got 48.
05:57:20.355 [Market] Player "F11 Simulator" (id=m_TD03B4NXDQrU5koHpLq3WyQf1hXTvQSdETJOTM8ss=) has sold ammobox_556x45tracer_20rnd x1 (494a5370) at the trader "Weapons (Denis [#STR_EXPANSION_MARKET_TRADER_WEAPONS])" in market zone "Trader Zone" (pos=<6675.160645, 104.603935, 6114.155762>) and got 24.
05:57:20.941 [Market] Player "F11 Simulator" (id=m_TD03B4NXDQrU5koHpLq3WyQf1hXTvQSdETJOTM8ss=) has sold ammobox_762x39tracer_20rnd x1 (494a0e10) at the trader "Weapons (Denis [#STR_EXPANSION_MARKET_TRADER_WEAPONS])" in market zone "Trader Zone" (pos=<6675.160645, 104.603935, 6114.155762>) and got 12.
05:57:21.664 [Market] Player "F11 Simulator" (id=m_TD03B4NXDQrU5koHpLq3WyQf1hXTvQSdETJOTM8ss=) has sold ammobox_762x54tracer_20rnd x1 (494a0280) at the trader "Weapons (Denis [#STR_EXPANSION_MARKET_TRADER_WEAPONS])" in market zone "Trader Zone" (pos=<6675.160645, 104.603935, 6114.155762>) and got 36.
05:57:22.046 [Market] Player "F11 Simulator" (id=m_TD03B4NXDQrU5koHpLq3WyQf1hXTvQSdETJOTM8ss=) has sold ammobox_762x54tracer_20rnd x1 (4949f6f0) at the trader "Weapons (Denis [#STR_EXPANSION_MARKET_TRADER_WEAPONS])" in market zone "Trader Zone" (pos=<6675.160645, 104.603935, 6114.155762>) and got 12.
05:57:22.744 [Market] Player "F11 Simulator" (id=m_TD03B4NXDQrU5koHpLq3WyQf1hXTvQSdETJOTM8ss=) has sold ammobox_9x39ap_20rnd x1 (4949d440) at the trader "Weapons (Denis [#STR_EXPANSION_MARKET_TRADER_WEAPONS])" in market zone "Trader Zone" (pos=<6675.160645, 104.603935, 6114.155762>) and got 48.
05:57:22.853 [Market] Player "Sir Trippy" (id=qZqolO4hbF2D7i2SHl6eLqgMczahG7_bAPkC9G_OL68=) has sold pp19 x1 (71e47ec0, PistolSuppressor<73a7c430>, PP19_Bttstck<73a7db50>, Mag_PP19_64Rnd<73a77340>, ammo_380 x61) at the trader "Weapons (Denis [#STR_EXPANSION_MARKET_TRADER_WEAPONS])" in market zone "Trader Zone" (pos=<6675.160645, 104.603935, 6114.155762>) and got 615.
05:57:23.671 [Market] Player "F11 Simulator" (id=m_TD03B4NXDQrU5koHpLq3WyQf1hXTvQSdETJOTM8ss=) has sold ammobox_9x39_20rnd x1 (49499a70) at the trader "Weapons (Denis [#STR_EXPANSION_MARKET_TRADER_WEAPONS])" in market zone "Trader Zone" (pos=<6675.160645, 104.603935, 6114.155762>) and got 12.
05:57:24.349 [Market] Player "F11 Simulator" (id=m_TD03B4NXDQrU5koHpLq3WyQf1hXTvQSdETJOTM8ss=) has sold ammobox_9x39_20rnd x1 (49496c30) at the trader "Weapons (Denis [#STR_EXPANSION_MARKET_TRADER_WEAPONS])" in market zone "Trader Zone" (pos=<6675.160645, 104.603935, 6114.155762>) and got 6.
05:57:29.474 [Market] Player "London" (id=kOLgOs9yYBFVRQG3lqoHveYdP5X8y3SO69cq5MiR4us=) has sold aug x1 (f9c58f0, Mag_Aug_30Rnd<6b60c640>, ammo_556x45 x8, M4_T3NRDSOptic<62a5fb70>) at the trader "Weapons (Denis [#STR_EXPANSION_MARKET_TRADER_WEAPONS])" in market zone "Trader Zone" (pos=<6675.160645, 104.603935, 6114.155762>) and got 1260.
05:57:31.238 [Market] Player "Sir Trippy" (id=qZqolO4hbF2D7i2SHl6eLqgMczahG7_bAPkC9G_OL68=) has sold ammobox_22_50rnd x1 (46695ff0) at the trader "Weapons (Denis [#STR_EXPANSION_MARKET_TRADER_WEAPONS])" in market zone "Trader Zone" (pos=<6675.160645, 104.603935, 6114.155762>) and got 60.
05:57:32.093 [Market] Player "Sir Trippy" (id=qZqolO4hbF2D7i2SHl6eLqgMczahG7_bAPkC9G_OL68=) has sold ammobox_22_50rnd x1 (466a3ba0) at the trader "Weapons (Denis [#STR_EXPANSION_MARKET_TRADER_WEAPONS])" in market zone "Trader Zone" (pos=<6675.160645, 104.603935, 6114.155762>) and got 60.
05:57:43.199 [Market] Player "London" (id=kOLgOs9yYBFVRQG3lqoHveYdP5X8y3SO69cq5MiR4us=) has bought ducttape x1 (337e1730) from the trader "Components (Cyril [#STR_EXPANSION_MARKET_TRADER_COMPONENTS])" in market zone "Trader Zone" (pos=<6675.160645, 104.603935, 6114.155762>) for a price of 20.
05:57:43.671 [Market] Player "London" (id=kOLgOs9yYBFVRQG3lqoHveYdP5X8y3SO69cq5MiR4us=) has bought ducttape x1 (337dbab0) from the trader "Components (Cyril [#STR_EXPANSION_MARKET_TRADER_COMPONENTS])" in market zone "Trader Zone" (pos=<6675.160645, 104.603935, 6114.155762>) for a price of 20.
05:57:44.121 [Market] Player "London" (id=kOLgOs9yYBFVRQG3lqoHveYdP5X8y3SO69cq5MiR4us=) has bought ducttape x1 (337e39e0) from the trader "Components (Cyril [#STR_EXPANSION_MARKET_TRADER_COMPONENTS])" in market zone "Trader Zone" (pos=<6675.160645, 104.603935, 6114.155762>) for a price of 20.
05:57:44.992 [Market] Player "London" (id=kOLgOs9yYBFVRQG3lqoHveYdP5X8y3SO69cq5MiR4us=) has bought ducttape x1 (6f2e9700) from the trader "Components (Cyril [#STR_EXPANSION_MARKET_TRADER_COMPONENTS])" in market zone "Trader Zone" (pos=<6675.160645, 104.603935, 6114.155762>) for a price of 20.
05:57:45.613 [Market] Player "Sir Trippy" (id=qZqolO4hbF2D7i2SHl6eLqgMczahG7_bAPkC9G_OL68=) has sold pso1optic x1 (3cd31330) at the trader "Attachments (Jose [#STR_EXPANSION_MARKET_TRADER_ATTACHMENTS])" in market zone "Trader Zone" (pos=<6675.160645, 104.603935, 6114.155762>) and got 825.
05:57:58.296 [ATM] Player "London" (id=kOLgOs9yYBFVRQG3lqoHveYdP5X8y3SO69cq5MiR4us=) has deposited 1180 on his ATM account.
05:58:07.558 [ATM] Player "F11 Simulator" (id=m_TD03B4NXDQrU5koHpLq3WyQf1hXTvQSdETJOTM8ss=) has deposited 3299 on his ATM account.
05:58:07.898 [ATM] Player "Druss" (id=mvB_p65s26M1iDgS3KgKpm-UzbAyYM5rER5IINF2xI0=) has withdrawn 500 from his ATM account.
05:58:26.431 [Market] Player "Sir Trippy" (id=qZqolO4hbF2D7i2SHl6eLqgMczahG7_bAPkC9G_OL68=) has bought pliers x1 (336bd9a0) from the trader "BuildingSupplies (Boris [#STR_EXPANSION_MARKET_TRADER_BUILDING_SUPPLIES])" in market zone "Trader Zone" (pos=<6675.160645, 104.603935, 6114.155762>) for a price of 4.
05:58:30.417 [Safezone] Player "{1:name}" (id={1:id} pos={1:position}) left the safezone
05:58:31.183 [Safezone] Player "{1:name}" (id={1:id} pos={1:position}) left the safezone
05:58:31.691 [Market] Player "Sir Trippy" (id=qZqolO4hbF2D7i2SHl6eLqgMczahG7_bAPkC9G_OL68=) has bought nailbox x1 (336be530) from the trader "BuildingSupplies (Boris [#STR_EXPANSION_MARKET_TRADER_BUILDING_SUPPLIES])" in market zone "Trader Zone" (pos=<6675.160645, 104.603935, 6114.155762>) for a price of 300.
05:58:32.273 [Market] Player "Sir Trippy" (id=qZqolO4hbF2D7i2SHl6eLqgMczahG7_bAPkC9G_OL68=) has bought nailbox x1 (336c4d40) from the trader "BuildingSupplies (Boris [#STR_EXPANSION_MARKET_TRADER_BUILDING_SUPPLIES])" in market zone "Trader Zone" (pos=<6675.160645, 104.603935, 6114.155762>) for a price of 300.
05:58:32.898 [Market] Player "Sir Trippy" (id=qZqolO4hbF2D7i2SHl6eLqgMczahG7_bAPkC9G_OL68=) has bought nailbox x1 (336c92a0) from the trader "BuildingSupplies (Boris [#STR_EXPANSION_MARKET_TRADER_BUILDING_SUPPLIES])" in market zone "Trader Zone" (pos=<6675.160645, 104.603935, 6114.155762>) for a price of 300.
05:58:35.011 [Market] Player "Sir Trippy" (id=qZqolO4hbF2D7i2SHl6eLqgMczahG7_bAPkC9G_OL68=) has bought nailbox x1 (336ccc70) from the trader "BuildingSupplies (Boris [#STR_EXPANSION_MARKET_TRADER_BUILDING_SUPPLIES])" in market zone "Trader Zone" (pos=<6675.160645, 104.603935, 6114.155762>) for a price of 300.
05:58:45.673 [Market] Player "Sir Trippy" (id=qZqolO4hbF2D7i2SHl6eLqgMczahG7_bAPkC9G_OL68=) has bought expansioncodelock x1 (6e82d8b0) from the trader "BuildingSupplies (Boris [#STR_EXPANSION_MARKET_TRADER_BUILDING_SUPPLIES])" in market zone "Trader Zone" (pos=<6675.160645, 104.603935, 6114.155762>) for a price of 1500.
05:59:22.650 [Market] Player "Druss" (id=mvB_p65s26M1iDgS3KgKpm-UzbAyYM5rER5IINF2xI0=) has bought militaryboots_brown x1 (31d1a8d0) from the trader "Clothing (Naomi [#STR_EXPANSION_MARKET_TRADER_CLOTHING])" in market zone "Trader Zone" (pos=<6675.160645, 104.603935, 6114.155762>) for a price of 110.
05:59:36.035 [Market] Player "Sir Trippy" (id=qZqolO4hbF2D7i2SHl6eLqgMczahG7_bAPkC9G_OL68=) has sold metalwire x1 (992fee30) at the trader "BuildingSupplies (Boris [#STR_EXPANSION_MARKET_TRADER_BUILDING_SUPPLIES])" in market zone "Trader Zone" (pos=<6675.160645, 104.603935, 6114.155762>) and got 11.
05:59:54.396 [ATM] Player "Druss" (id=mvB_p65s26M1iDgS3KgKpm-UzbAyYM5rER5IINF2xI0=) has deposited 390 on his ATM account.
06:00:15.925 [Market] Player "Sir Trippy" (id=qZqolO4hbF2D7i2SHl6eLqgMczahG7_bAPkC9G_OL68=) has bought metalplate x5 (37f5e5f0) from the trader "BuildingSupplies (Boris [#STR_EXPANSION_MARKET_TRADER_BUILDING_SUPPLIES])" in market zone "Trader Zone" (pos=<6675.160645, 104.603935, 6114.155762>) for a price of 500.
06:00:20.757 [Safezone] Player "{1:name}" (id={1:id} pos={1:position}) left the safezone
06:01:19.335 [Party] Player "CracklinOatBranCereal" (id=nsXTBdceXa3UBnQ4bQCu_T4oOASZ3Wo1_7Zla-psVPA=) left the party "Hunter Ruthless" (id=36 ownerUID=nsXTBdceXa3UBnQ4bQCu_T4oOASZ3Wo1_7Zla-psVPA= ownerName=CracklinOatBranCereal)
06:01:25.714 [Market] Player "Sir Trippy" (id=qZqolO4hbF2D7i2SHl6eLqgMczahG7_bAPkC9G_OL68=) has sold metalplate x1 (37f5e5f0) at the trader "BuildingSupplies (Boris [#STR_EXPANSION_MARKET_TRADER_BUILDING_SUPPLIES])" in market zone "Trader Zone" (pos=<6675.160645, 104.603935, 6114.155762>) and got 75.
06:01:26.105 [Market] Player "Sir Trippy" (id=qZqolO4hbF2D7i2SHl6eLqgMczahG7_bAPkC9G_OL68=) has sold metalplate x1 (37f5e5f0) at the trader "BuildingSupplies (Boris [#STR_EXPANSION_MARKET_TRADER_BUILDING_SUPPLIES])" in market zone "Trader Zone" (pos=<6675.160645, 104.603935, 6114.155762>) and got 75.
06:01:26.410 [Market] Player "Sir Trippy" (id=qZqolO4hbF2D7i2SHl6eLqgMczahG7_bAPkC9G_OL68=) has sold metalplate x1 (37f5e5f0) at the trader "BuildingSupplies (Boris [#STR_EXPANSION_MARKET_TRADER_BUILDING_SUPPLIES])" in market zone "Trader Zone" (pos=<6675.160645, 104.603935, 6114.155762>) and got 75.
06:01:26.750 [Market] Player "Sir Trippy" (id=qZqolO4hbF2D7i2SHl6eLqgMczahG7_bAPkC9G_OL68=) has sold metalplate x1 (37f5e5f0) at the trader "BuildingSupplies (Boris [#STR_EXPANSION_MARKET_TRADER_BUILDING_SUPPLIES])" in market zone "Trader Zone" (pos=<6675.160645, 104.603935, 6114.155762>) and got 75.
06:01:27.050 [Market] Player "Sir Trippy" (id=qZqolO4hbF2D7i2SHl6eLqgMczahG7_bAPkC9G_OL68=) has sold metalplate x1 (37f5e5f0) at the trader "BuildingSupplies (Boris [#STR_EXPANSION_MARKET_TRADER_BUILDING_SUPPLIES])" in market zone "Trader Zone" (pos=<6675.160645, 104.603935, 6114.155762>) and got 75.
06:01:49.251 [Party] Player "YellowMan03" (id=Q5YYCirVtNrxz4WQIODDgTTJ2c72jSwr9IjthoaUGfs=) left the party "Seraph Intrepid" (id=30 ownerUID=Q5YYCirVtNrxz4WQIODDgTTJ2c72jSwr9IjthoaUGfs= ownerName=YellowMan03)
06:05:31.322 [ATM] Player "Sir Trippy" (id=qZqolO4hbF2D7i2SHl6eLqgMczahG7_bAPkC9G_OL68=) has deposited 1587 on his ATM account.
06:05:53.728 [Safezone] Player "{1:name}" (id={1:id} pos={1:position}) left the safezone
06:08:40.619 [BaseRaiding] ExpansionWall6x3 (<6862.277344, 132.093613, 5763.406250>) Code set by "player "Sir Trippy" (ID = "qZqolO4hbF2D7i2SHl6eLqgMczahG7_bAPkC9G_OL68=" at <6862.093750, 132.093597, 5764.524902>)" and the code is 1738
06:09:02.587 [Safezone] Player "London" (id=kOLgOs9yYBFVRQG3lqoHveYdP5X8y3SO69cq5MiR4us= pos=<6760.51, 102.69, 6068.71>) entered the safezone
06:10:06.980 [ATM] Player "London" (id=kOLgOs9yYBFVRQG3lqoHveYdP5X8y3SO69cq5MiR4us=) has withdrawn 16000 from his ATM account.
06:10:40.832 [Market] Player "London" (id=kOLgOs9yYBFVRQG3lqoHveYdP5X8y3SO69cq5MiR4us=) has bought expansionsafelarge x1 (3163aa70) from the trader "BuildingSupplies (Boris [#STR_EXPANSION_MARKET_TRADER_BUILDING_SUPPLIES])" in market zone "Trader Zone" (pos=<6675.160645, 104.603935, 6114.155762>) for a price of 8000.
06:11:13.230 [ATM] Player "London" (id=kOLgOs9yYBFVRQG3lqoHveYdP5X8y3SO69cq5MiR4us=) has deposited 8000 on his ATM account.
06:11:58.136 [Safezone] Player "{1:name}" (id={1:id} pos={1:position}) left the safezone
06:13:18.287 [Safezone] Player "Sir Trippy" (id=qZqolO4hbF2D7i2SHl6eLqgMczahG7_bAPkC9G_OL68= pos=<6741.67, 107.51, 6043.57>) entered the safezone
06:13:43.644 [ATM] Player "Sir Trippy" (id=qZqolO4hbF2D7i2SHl6eLqgMczahG7_bAPkC9G_OL68=) has withdrawn 2110 from his ATM account.
06:14:13.490 [Market] Player "Sir Trippy" (id=qZqolO4hbF2D7i2SHl6eLqgMczahG7_bAPkC9G_OL68=) has bought expansionlumber3 x10 (3aeeb160) from the trader "BuildingSupplies (Boris [#STR_EXPANSION_MARKET_TRADER_BUILDING_SUPPLIES])" in market zone "Trader Zone" (pos=<6675.160645, 104.603935, 6114.155762>) for a price of 500.
06:14:23.148 [Market] Player "Sir Trippy" (id=qZqolO4hbF2D7i2SHl6eLqgMczahG7_bAPkC9G_OL68=) has bought metalplate x5 (2cb7f9f0) from the trader "BuildingSupplies (Boris [#STR_EXPANSION_MARKET_TRADER_BUILDING_SUPPLIES])" in market zone "Trader Zone" (pos=<6675.160645, 104.603935, 6114.155762>) for a price of 500.
06:15:16.074 [Safezone] Player "{1:name}" (id={1:id} pos={1:position}) left the safezone
06:15:29.453 [BaseRaiding] ExpansionSafeLarge (<7499.835449, 124.985802, 6348.374023>) Code set by "player "London" (ID = "kOLgOs9yYBFVRQG3lqoHveYdP5X8y3SO69cq5MiR4us=" at <7499.349121, 124.351410, 6347.427734>)" and the code is 2760
06:16:20.464 [Safezone] Player "Druss" (id=mvB_p65s26M1iDgS3KgKpm-UzbAyYM5rER5IINF2xI0= pos=<6758.92, 103.23, 6060.23>) entered the safezone
06:16:40.757 [ATM] Player "Druss" (id=mvB_p65s26M1iDgS3KgKpm-UzbAyYM5rER5IINF2xI0=) has withdrawn 20000 from his ATM account.
06:17:00.839 [Market] Player "Druss" (id=mvB_p65s26M1iDgS3KgKpm-UzbAyYM5rER5IINF2xI0=) has bought expansionsafelarge x1 (6aaf5ef0) from the trader "Components (Cyril [#STR_EXPANSION_MARKET_TRADER_COMPONENTS])" in market zone "Trader Zone" (pos=<6675.160645, 104.603935, 6114.155762>) for a price of 8000.
06:17:12.550 [Market] Player "Druss" (id=mvB_p65s26M1iDgS3KgKpm-UzbAyYM5rER5IINF2xI0=) has bought ducttape x1 (6aaf2520) from the trader "Components (Cyril [#STR_EXPANSION_MARKET_TRADER_COMPONENTS])" in market zone "Trader Zone" (pos=<6675.160645, 104.603935, 6114.155762>) for a price of 20.
06:17:13.136 [Market] Player "Druss" (id=mvB_p65s26M1iDgS3KgKpm-UzbAyYM5rER5IINF2xI0=) has bought ducttape x1 (6ab068e0) from the trader "Components (Cyril [#STR_EXPANSION_MARKET_TRADER_COMPONENTS])" in market zone "Trader Zone" (pos=<6675.160645, 104.603935, 6114.155762>) for a price of 20.
06:17:13.609 [Market] Player "Druss" (id=mvB_p65s26M1iDgS3KgKpm-UzbAyYM5rER5IINF2xI0=) has bought ducttape x1 (6ab0f3a0) from the trader "Components (Cyril [#STR_EXPANSION_MARKET_TRADER_COMPONENTS])" in market zone "Trader Zone" (pos=<6675.160645, 104.603935, 6114.155762>) for a price of 20.
06:17:14.117 [Market] Player "Druss" (id=mvB_p65s26M1iDgS3KgKpm-UzbAyYM5rER5IINF2xI0=) has bought ducttape x1 (6ab0ff30) from the trader "Components (Cyril [#STR_EXPANSION_MARKET_TRADER_COMPONENTS])" in market zone "Trader Zone" (pos=<6675.160645, 104.603935, 6114.155762>) for a price of 20.
06:17:14.503 [Market] Player "Druss" (id=mvB_p65s26M1iDgS3KgKpm-UzbAyYM5rER5IINF2xI0=) has bought ducttape x1 (6ab0dc80) from the trader "Components (Cyril [#STR_EXPANSION_MARKET_TRADER_COMPONENTS])" in market zone "Trader Zone" (pos=<6675.160645, 104.603935, 6114.155762>) for a price of 20.
06:17:15.054 [Market] Player "Druss" (id=mvB_p65s26M1iDgS3KgKpm-UzbAyYM5rER5IINF2xI0=) has bought ducttape x1 (6ab0ae40) from the trader "Components (Cyril [#STR_EXPANSION_MARKET_TRADER_COMPONENTS])" in market zone "Trader Zone" (pos=<6675.160645, 104.603935, 6114.155762>) for a price of 20.
06:17:15.488 [Market] Player "Druss" (id=mvB_p65s26M1iDgS3KgKpm-UzbAyYM5rER5IINF2xI0=) has bought ducttape x1 (6ab17e60) from the trader "Components (Cyril [#STR_EXPANSION_MARKET_TRADER_COMPONENTS])" in market zone "Trader Zone" (pos=<6675.160645, 104.603935, 6114.155762>) for a price of 20.
06:17:15.800 [Market] Player "Druss" (id=mvB_p65s26M1iDgS3KgKpm-UzbAyYM5rER5IINF2xI0=) has bought ducttape x1 (6ab16740) from the trader "Components (Cyril [#STR_EXPANSION_MARKET_TRADER_COMPONENTS])" in market zone "Trader Zone" (pos=<6675.160645, 104.603935, 6114.155762>) for a price of 20.
06:17:16.062 [Market] Player "Druss" (id=mvB_p65s26M1iDgS3KgKpm-UzbAyYM5rER5IINF2xI0=) has bought ducttape x1 (6ab172d0) from the trader "Components (Cyril [#STR_EXPANSION_MARKET_TRADER_COMPONENTS])" in market zone "Trader Zone" (pos=<6675.160645, 104.603935, 6114.155762>) for a price of 20.
06:17:16.470 [Market] Player "Druss" (id=mvB_p65s26M1iDgS3KgKpm-UzbAyYM5rER5IINF2xI0=) has bought ducttape x1 (6ab189f0) from the trader "Components (Cyril [#STR_EXPANSION_MARKET_TRADER_COMPONENTS])" in market zone "Trader Zone" (pos=<6675.160645, 104.603935, 6114.155762>) for a price of 20.
06:17:16.738 [Market] Player "Druss" (id=mvB_p65s26M1iDgS3KgKpm-UzbAyYM5rER5IINF2xI0=) has bought ducttape x1 (3146bb20) from the trader "Components (Cyril [#STR_EXPANSION_MARKET_TRADER_COMPONENTS])" in market zone "Trader Zone" (pos=<6675.160645, 104.603935, 6114.155762>) for a price of 20.
06:17:17.582 [Market] Player "Druss" (id=mvB_p65s26M1iDgS3KgKpm-UzbAyYM5rER5IINF2xI0=) has bought ducttape x1 (31465310) from the trader "Components (Cyril [#STR_EXPANSION_MARKET_TRADER_COMPONENTS])" in market zone "Trader Zone" (pos=<6675.160645, 104.603935, 6114.155762>) for a price of 20.
06:17:19.476 [Market] Player "Druss" (id=mvB_p65s26M1iDgS3KgKpm-UzbAyYM5rER5IINF2xI0=) has bought ducttape x1 (31466a30) from the trader "Components (Cyril [#STR_EXPANSION_MARKET_TRADER_COMPONENTS])" in market zone "Trader Zone" (pos=<6675.160645, 104.603935, 6114.155762>) for a price of 20.
06:17:20.320 [Market] Player "Druss" (id=mvB_p65s26M1iDgS3KgKpm-UzbAyYM5rER5IINF2xI0=) has bought ducttape x1 (31475d00) from the trader "Components (Cyril [#STR_EXPANSION_MARKET_TRADER_COMPONENTS])" in market zone "Trader Zone" (pos=<6675.160645, 104.603935, 6114.155762>) for a price of 20.
06:17:21.226 [Market] Player "Druss" (id=mvB_p65s26M1iDgS3KgKpm-UzbAyYM5rER5IINF2xI0=) has bought ducttape x1 (3147adf0) from the trader "Components (Cyril [#STR_EXPANSION_MARKET_TRADER_COMPONENTS])" in market zone "Trader Zone" (pos=<6675.160645, 104.603935, 6114.155762>) for a price of 20.
06:17:24.039 [Market] Player "Druss" (id=mvB_p65s26M1iDgS3KgKpm-UzbAyYM5rER5IINF2xI0=) has bought ducttape x1 (314745e0) from the trader "Components (Cyril [#STR_EXPANSION_MARKET_TRADER_COMPONENTS])" in market zone "Trader Zone" (pos=<6675.160645, 104.603935, 6114.155762>) for a price of 20.
06:17:25.035 [Market] Player "Druss" (id=mvB_p65s26M1iDgS3KgKpm-UzbAyYM5rER5IINF2xI0=) has bought ducttape x1 (3147a260) from the trader "Components (Cyril [#STR_EXPANSION_MARKET_TRADER_COMPONENTS])" in market zone "Trader Zone" (pos=<6675.160645, 104.603935, 6114.155762>) for a price of 20.
06:17:25.617 [Market] Player "Druss" (id=mvB_p65s26M1iDgS3KgKpm-UzbAyYM5rER5IINF2xI0=) has bought ducttape x1 (31489530) from the trader "Components (Cyril [#STR_EXPANSION_MARKET_TRADER_COMPONENTS])" in market zone "Trader Zone" (pos=<6675.160645, 104.603935, 6114.155762>) for a price of 20.
06:17:26.085 [Market] Player "Druss" (id=mvB_p65s26M1iDgS3KgKpm-UzbAyYM5rER5IINF2xI0=) has bought ducttape x1 (3149fba0) from the trader "Components (Cyril [#STR_EXPANSION_MARKET_TRADER_COMPONENTS])" in market zone "Trader Zone" (pos=<6675.160645, 104.603935, 6114.155762>) for a price of 20.
06:17:27.019 [Market] Player "Druss" (id=mvB_p65s26M1iDgS3KgKpm-UzbAyYM5rER5IINF2xI0=) has bought ducttape x1 (3d236490) from the trader "Components (Cyril [#STR_EXPANSION_MARKET_TRADER_COMPONENTS])" in market zone "Trader Zone" (pos=<6675.160645, 104.603935, 6114.155762>) for a price of 20.
06:19:23.460 [ATM] Player "Druss" (id=mvB_p65s26M1iDgS3KgKpm-UzbAyYM5rER5IINF2xI0=) has deposited 11600 on his ATM account.
06:20:33.328 [Safezone] Player "{1:name}" (id={1:id} pos={1:position}) left the safezone
06:24:49.324 [Safezone] Player "London" (id=kOLgOs9yYBFVRQG3lqoHveYdP5X8y3SO69cq5MiR4us= pos=<6754.95, 104.05, 6055.68>) entered the safezone
06:25:10.828 [ATM] Player "London" (id=kOLgOs9yYBFVRQG3lqoHveYdP5X8y3SO69cq5MiR4us=) has withdrawn 4000 from his ATM account.
06:26:08.724 [Party] Player "Homelessnga420" (id=RQaEAZ7gFNxImE51sSc4YBPuum4BP3JeB7gnEpDJfPw=) joinded the party "Butlaos" (id=8 ownerUID=zITiOFF2CVidG6S3dDaMOqvo_Ww5lFsICdPsQgLm8GI= ownerName=butlao13)
06:27:38.042 [Market] Player "London" (id=kOLgOs9yYBFVRQG3lqoHveYdP5X8y3SO69cq5MiR4us=) has sold barbedwire x1 (6b60dd60) at the trader "Components (Cyril [#STR_EXPANSION_MARKET_TRADER_COMPONENTS])" in market zone "Trader Zone" (pos=<6675.160645, 104.603935, 6114.155762>) and got 253.
06:27:42.740 [Market] Player "London" (id=kOLgOs9yYBFVRQG3lqoHveYdP5X8y3SO69cq5MiR4us=) has bought metalwire x1 (6e829350) from the trader "Components (Cyril [#STR_EXPANSION_MARKET_TRADER_COMPONENTS])" in market zone "Trader Zone" (pos=<6675.160645, 104.603935, 6114.155762>) for a price of 15.
06:28:57.886 [Party] Player "bootylao" (id=JKIP8-DXtaQDzkJ5CU8EzHOQe9QtAEya76BaTIcC2is=) left the party "Butlaos" (id=8 ownerUID=zITiOFF2CVidG6S3dDaMOqvo_Ww5lFsICdPsQgLm8GI= ownerName=butlao13)
06:30:14.203 [BaseRaiding] ExpansionWall6x3 (<7490.617676, 120.785583, 6345.176758>) Damaged "player "Druss" (ID = "mvB_p65s26M1iDgS3KgKpm-UzbAyYM5rER5IINF2xI0=" at <7489.812500, 120.759529, 6342.453613>)" by 10 health points. Reason: Failed to enter the correct code.
06:30:14.203 [BaseRaiding] ExpansionWall6x3 (<7490.617676, 120.785583, 6345.176758>) The correct code was 1011 and the player tried 1110
06:31:57.574 [Market] Player "London" (id=kOLgOs9yYBFVRQG3lqoHveYdP5X8y3SO69cq5MiR4us=) has bought ducttape x3 (3c935ec0) from the trader "Components (Cyril [#STR_EXPANSION_MARKET_TRADER_COMPONENTS])" in market zone "Trader Zone" (pos=<6675.160645, 104.603935, 6114.155762>) for a price of 60.
06:32:28.898 [Market] Player "London" (id=kOLgOs9yYBFVRQG3lqoHveYdP5X8y3SO69cq5MiR4us=) has bought ammobox_300aac_ap_20rnd x15 (3cddffa0) from the trader "Weapons (Denis [#STR_EXPANSION_MARKET_TRADER_WEAPONS])" in market zone "Trader Zone" (pos=<6675.160645, 104.603935, 6114.155762>) for a price of 960.
06:32:41.052 [BaseRaiding] ExpansionSafeLarge (<7498.138672, 125.067032, 6353.367676>) Code set by "player "Druss" (ID = "mvB_p65s26M1iDgS3KgKpm-UzbAyYM5rER5IINF2xI0=" at <7497.632324, 124.345955, 6352.550781>)" and the code is 1210
06:37:39.695 [Party] Player "butlao13" (id=zITiOFF2CVidG6S3dDaMOqvo_Ww5lFsICdPsQgLm8GI=) left the party "Butlaos" (id=8 ownerUID=zITiOFF2CVidG6S3dDaMOqvo_Ww5lFsICdPsQgLm8GI= ownerName=butlao13)
06:38:04.765 [BaseRaiding] ExpansionWall6x3 (<7494.569336, 121.551865, 6347.456055>) Damaged "player "Druss" (ID = "mvB_p65s26M1iDgS3KgKpm-UzbAyYM5rER5IINF2xI0=" at <7492.785156, 122.270073, 6349.398438>)" by 10 health points. Reason: Failed to enter the correct code.
06:38:04.765 [BaseRaiding] ExpansionWall6x3 (<7494.569336, 121.551865, 6347.456055>) The correct code was 1011 and the player tried 1110
06:39:07.753 [Party] Player "F11 Simulator" (id=m_TD03B4NXDQrU5koHpLq3WyQf1hXTvQSdETJOTM8ss=) left the party "SLAVES" (id=1 ownerUID=m_TD03B4NXDQrU5koHpLq3WyQf1hXTvQSdETJOTM8ss= ownerName=F11 Simulator)
06:39:40.437 [Party] Player "London" (id=kOLgOs9yYBFVRQG3lqoHveYdP5X8y3SO69cq5MiR4us=) left the party "SLAVES" (id=1 ownerUID=m_TD03B4NXDQrU5koHpLq3WyQf1hXTvQSdETJOTM8ss= ownerName=F11 Simulator)
06:42:22.082 [Party] Player "Homelessnga420" (id=RQaEAZ7gFNxImE51sSc4YBPuum4BP3JeB7gnEpDJfPw=) left the party "Butlaos" (id=8 ownerUID=zITiOFF2CVidG6S3dDaMOqvo_Ww5lFsICdPsQgLm8GI= ownerName=butlao13)
06:42:43.152 [Party] Player "Druss" (id=mvB_p65s26M1iDgS3KgKpm-UzbAyYM5rER5IINF2xI0=) left the party "SLAVES" (id=1 ownerUID=m_TD03B4NXDQrU5koHpLq3WyQf1hXTvQSdETJOTM8ss= ownerName=F11 Simulator)
07:00:01.324 [Party] Player "Sir Trippy" (id=qZqolO4hbF2D7i2SHl6eLqgMczahG7_bAPkC9G_OL68=) left the party "SLAVES" (id=1 ownerUID=m_TD03B4NXDQrU5koHpLq3WyQf1hXTvQSdETJOTM8ss= ownerName=F11 Simulator)
