20:08:17.937 [Party] Player "F11 Simulator" (id=m_TD03B4NXDQrU5koHpLq3WyQf1hXTvQSdETJOTM8ss=) joinded the party "SLAVES" (id=1 ownerUID=m_TD03B4NXDQrU5koHpLq3WyQf1hXTvQSdETJOTM8ss= ownerName=F11 Simulator)
20:12:06.265 [MissionAirdrop] An airdrop is heading towards "Wind Farm" (pos=<6469.119629, 0.000000, 6864.399902> type=Random_WindFarm) with a ExpansionAirdropContainer_Medical
20:18:35.437 [Safezone] Player "Donnie Deeks" (id=GBfj3hSt2OSYAyU5ct3jrz7-L9j9UxpFHlBzXjWvrxE= pos=<6681.52, 104.14, 6081.09>) entered the safezone
20:18:35.437 [Party] Player "Donnie Deeks" (id=GBfj3hSt2OSYAyU5ct3jrz7-L9j9UxpFHlBzXjWvrxE=) joinded the party "SLAVES" (id=1 ownerUID=m_TD03B4NXDQrU5koHpLq3WyQf1hXTvQSdETJOTM8ss= ownerName=F11 Simulator)
20:19:28.554 [Safezone] Player "Druss" (id=mvB_p65s26M1iDgS3KgKpm-UzbAyYM5rER5IINF2xI0= pos=<6673.19, 102.53, 6119.1>) entered the safezone
20:19:28.554 [Party] Player "Druss" (id=mvB_p65s26M1iDgS3KgKpm-UzbAyYM5rER5IINF2xI0=) joinded the party "SLAVES" (id=1 ownerUID=m_TD03B4NXDQrU5koHpLq3WyQf1hXTvQSdETJOTM8ss= ownerName=F11 Simulator)
20:19:52.656 [Safezone] Player "London" (id=kOLgOs9yYBFVRQG3lqoHveYdP5X8y3SO69cq5MiR4us= pos=<6661.44, 102.5, 6089.53>) entered the safezone
20:19:52.656 [Party] Player "London" (id=kOLgOs9yYBFVRQG3lqoHveYdP5X8y3SO69cq5MiR4us=) joinded the party "SLAVES" (id=1 ownerUID=m_TD03B4NXDQrU5koHpLq3WyQf1hXTvQSdETJOTM8ss= ownerName=F11 Simulator)
20:20:42.367 [Safezone] Player "{1:name}" (id={1:id} pos={1:position}) left the safezone
20:20:43.390 [Safezone] Player "{1:name}" (id={1:id} pos={1:position}) left the safezone
20:20:44.609 [Safezone] Player "{1:name}" (id={1:id} pos={1:position}) left the safezone
20:26:33.062 [Party] Player "Emile" (id=xD2_qjLbeScI5ntGz_MePKgDIxPfKY1xIGrWM7ksbek=) joinded the party "STRAWHATS" (id=11 ownerUID=xD2_qjLbeScI5ntGz_MePKgDIxPfKY1xIGrWM7ksbek= ownerName=Emile)
20:29:03.781 [BaseRaiding] ExpansionSafeLarge (<7498.176758, 125.067032, 6353.440430>) Code set by "player "Druss" (ID = "mvB_p65s26M1iDgS3KgKpm-UzbAyYM5rER5IINF2xI0=" at <7497.228027, 124.345963, 6352.750977>)" and the code is 1210
20:29:25.000 [Party] Player "F11 Simulator" (id=m_TD03B4NXDQrU5koHpLq3WyQf1hXTvQSdETJOTM8ss=) left the party "SLAVES" (id=1 ownerUID=m_TD03B4NXDQrU5koHpLq3WyQf1hXTvQSdETJOTM8ss= ownerName=F11 Simulator)
20:29:53.882 [Party] Player "F11 Simulator" (id=m_TD03B4NXDQrU5koHpLq3WyQf1hXTvQSdETJOTM8ss=) joinded the party "SLAVES" (id=1 ownerUID=m_TD03B4NXDQrU5koHpLq3WyQf1hXTvQSdETJOTM8ss= ownerName=F11 Simulator)
20:31:52.843 [BaseRaiding] ExpansionSafeLarge (<7499.807617, 124.985802, 6348.384766>) Code set by "player "London" (ID = "kOLgOs9yYBFVRQG3lqoHveYdP5X8y3SO69cq5MiR4us=" at <7498.763672, 124.589584, 6347.696289>)" and the code is 2760
20:32:04.875 [BaseRaiding] ExpansionSafeLarge (<7498.529785, 124.299446, 6345.688477>) Code set by "player "London" (ID = "kOLgOs9yYBFVRQG3lqoHveYdP5X8y3SO69cq5MiR4us=" at <7499.227539, 124.345909, 6346.868164>)" and the code is 3679
20:44:30.335 [Party] Player "Donnie Deeks" (id=GBfj3hSt2OSYAyU5ct3jrz7-L9j9UxpFHlBzXjWvrxE=) left the party "SLAVES" (id=1 ownerUID=m_TD03B4NXDQrU5koHpLq3WyQf1hXTvQSdETJOTM8ss= ownerName=F11 Simulator)
20:44:35.703 [BaseRaiding] ExpansionWall6x3 (<7490.617676, 120.785583, 6345.176758>) Damaged "player "Druss" (ID = "mvB_p65s26M1iDgS3KgKpm-UzbAyYM5rER5IINF2xI0=" at <7489.224121, 120.758438, 6343.532227>)" by 10 health points. Reason: Failed to enter the correct code.
20:44:35.703 [BaseRaiding] ExpansionWall6x3 (<7490.617676, 120.785583, 6345.176758>) The correct code was 1011 and the player tried 1110
20:46:35.773 [Party] Player "London" (id=kOLgOs9yYBFVRQG3lqoHveYdP5X8y3SO69cq5MiR4us=) left the party "SLAVES" (id=1 ownerUID=m_TD03B4NXDQrU5koHpLq3WyQf1hXTvQSdETJOTM8ss= ownerName=F11 Simulator)
20:46:56.531 [Party] Player "London" (id=kOLgOs9yYBFVRQG3lqoHveYdP5X8y3SO69cq5MiR4us=) joinded the party "SLAVES" (id=1 ownerUID=m_TD03B4NXDQrU5koHpLq3WyQf1hXTvQSdETJOTM8ss= ownerName=F11 Simulator)
20:52:59.976 [BaseRaiding] ExpansionSafeMini (<7500.662109, 122.762978, 6350.003906>) Code set by "player "F11 Simulator" (ID = "m_TD03B4NXDQrU5koHpLq3WyQf1hXTvQSdETJOTM8ss=" at <7500.353516, 121.592026, 6349.309570>)" and the code is 0617
20:53:55.140 [Safezone] Player "Druss" (id=mvB_p65s26M1iDgS3KgKpm-UzbAyYM5rER5IINF2xI0= pos=<6758.42, 103.19, 6060.92>) entered the safezone
20:54:31.304 [ATM] Player "Druss" (id=mvB_p65s26M1iDgS3KgKpm-UzbAyYM5rER5IINF2xI0=) has withdrawn 4000 from his ATM account.
20:54:48.320 [Market] Player "Druss" (id=mvB_p65s26M1iDgS3KgKpm-UzbAyYM5rER5IINF2xI0=) has sold mag_saiga_drum20rnd x1 (90242b60, ammo_12gapellets x1) at the trader "Attachments (Jose [#STR_EXPANSION_MARKET_TRADER_ATTACHMENTS])" in market zone "Trader Zone" (pos=<6675.160645, 104.603935, 6114.155762>) and got 363.
20:54:56.820 [Market] Player "Druss" (id=mvB_p65s26M1iDgS3KgKpm-UzbAyYM5rER5IINF2xI0=) has sold mag_stanag_60rnd x1 (90247c50, ammo_556x45 x6) at the trader "Attachments (Jose [#STR_EXPANSION_MARKET_TRADER_ATTACHMENTS])" in market zone "Trader Zone" (pos=<6675.160645, 104.603935, 6114.155762>) and got 276.
20:54:57.492 [Market] Player "Druss" (id=mvB_p65s26M1iDgS3KgKpm-UzbAyYM5rER5IINF2xI0=) has sold mag_stanagcoupled_30rnd x1 (9024c1b0, ammo_556x45 x8) at the trader "Attachments (Jose [#STR_EXPANSION_MARKET_TRADER_ATTACHMENTS])" in market zone "Trader Zone" (pos=<6675.160645, 104.603935, 6114.155762>) and got 173.
20:54:57.828 [Market] Player "Druss" (id=mvB_p65s26M1iDgS3KgKpm-UzbAyYM5rER5IINF2xI0=) has sold mag_stanagcoupled_30rnd x1 (9025e2c0, ammo_556x45 x22) at the trader "Attachments (Jose [#STR_EXPANSION_MARKET_TRADER_ATTACHMENTS])" in market zone "Trader Zone" (pos=<6675.160645, 104.603935, 6114.155762>) and got 104.
20:54:58.140 [Market] Player "Druss" (id=mvB_p65s26M1iDgS3KgKpm-UzbAyYM5rER5IINF2xI0=) has sold mag_stanagcoupled_30rnd x1 (90256f20, ammo_556x45 x18) at the trader "Attachments (Jose [#STR_EXPANSION_MARKET_TRADER_ATTACHMENTS])" in market zone "Trader Zone" (pos=<6675.160645, 104.603935, 6114.155762>) and got 183.
20:54:59.554 [Market] Player "Druss" (id=mvB_p65s26M1iDgS3KgKpm-UzbAyYM5rER5IINF2xI0=) has sold mag_aug_30rnd x1 (9024aa90, ammo_556x45 x9) at the trader "Attachments (Jose [#STR_EXPANSION_MARKET_TRADER_ATTACHMENTS])" in market zone "Trader Zone" (pos=<6675.160645, 104.603935, 6114.155762>) and got 91.
20:55:06.648 [Market] Player "Druss" (id=mvB_p65s26M1iDgS3KgKpm-UzbAyYM5rER5IINF2xI0=) has bought m4_suppressor x1 (361a01a0) from the trader "Attachments (Jose [#STR_EXPANSION_MARKET_TRADER_ATTACHMENTS])" in market zone "Trader Zone" (pos=<6675.160645, 104.603935, 6114.155762>) for a price of 25.
20:55:07.226 [Market] Player "Druss" (id=mvB_p65s26M1iDgS3KgKpm-UzbAyYM5rER5IINF2xI0=) has bought m4_suppressor x1 (361ae8e0) from the trader "Attachments (Jose [#STR_EXPANSION_MARKET_TRADER_ATTACHMENTS])" in market zone "Trader Zone" (pos=<6675.160645, 104.603935, 6114.155762>) for a price of 25.
20:55:07.656 [Market] Player "Druss" (id=mvB_p65s26M1iDgS3KgKpm-UzbAyYM5rER5IINF2xI0=) has bought m4_suppressor x1 (361abaa0) from the trader "Attachments (Jose [#STR_EXPANSION_MARKET_TRADER_ATTACHMENTS])" in market zone "Trader Zone" (pos=<6675.160645, 104.603935, 6114.155762>) for a price of 25.
20:55:22.789 [Safezone] Player "London" (id=kOLgOs9yYBFVRQG3lqoHveYdP5X8y3SO69cq5MiR4us= pos=<6753.45, 104.71, 6052.85>) entered the safezone
20:55:43.640 [ATM] Player "London" (id=kOLgOs9yYBFVRQG3lqoHveYdP5X8y3SO69cq5MiR4us=) has withdrawn 4000 from his ATM account.
20:58:12.648 [Market] Player "London" (id=kOLgOs9yYBFVRQG3lqoHveYdP5X8y3SO69cq5MiR4us=) has bought ammobox_300aac_ap_20rnd x30 (35793ba0) from the trader "Weapons (Denis [#STR_EXPANSION_MARKET_TRADER_WEAPONS])" in market zone "Trader Zone" (pos=<6675.160645, 104.603935, 6114.155762>) for a price of 1920.
20:58:22.523 [Party] Player "F11 Simulator" (id=m_TD03B4NXDQrU5koHpLq3WyQf1hXTvQSdETJOTM8ss=) left the party "SLAVES" (id=1 ownerUID=m_TD03B4NXDQrU5koHpLq3WyQf1hXTvQSdETJOTM8ss= ownerName=F11 Simulator)
20:59:40.179 [Party] Player "Druss" (id=mvB_p65s26M1iDgS3KgKpm-UzbAyYM5rER5IINF2xI0=) left the party "SLAVES" (id=1 ownerUID=m_TD03B4NXDQrU5koHpLq3WyQf1hXTvQSdETJOTM8ss= ownerName=F11 Simulator)
21:02:54.953 [Market] Player "London" (id=kOLgOs9yYBFVRQG3lqoHveYdP5X8y3SO69cq5MiR4us=) has sold m4_oebttstck x1 (61f7d390) at the trader "Attachments (Jose [#STR_EXPANSION_MARKET_TRADER_ATTACHMENTS])" in market zone "Trader Zone" (pos=<6675.160645, 104.603935, 6114.155762>) and got 84.
21:02:57.093 [Market] Player "London" (id=kOLgOs9yYBFVRQG3lqoHveYdP5X8y3SO69cq5MiR4us=) has bought m4_cqbbttstck x1 (c374640) from the trader "Attachments (Jose [#STR_EXPANSION_MARKET_TRADER_ATTACHMENTS])" in market zone "Trader Zone" (pos=<6675.160645, 104.603935, 6114.155762>) for a price of 150.
21:03:06.632 [Market] Player "London" (id=kOLgOs9yYBFVRQG3lqoHveYdP5X8y3SO69cq5MiR4us=) has bought pnc_mag_honeybadger_coupled_60rnd x1 (c346240) from the trader "Attachments (Jose [#STR_EXPANSION_MARKET_TRADER_ATTACHMENTS])" in market zone "Trader Zone" (pos=<6675.160645, 104.603935, 6114.155762>) for a price of 250.
21:03:07.218 [Market] Player "London" (id=kOLgOs9yYBFVRQG3lqoHveYdP5X8y3SO69cq5MiR4us=) has bought pnc_mag_honeybadger_coupled_60rnd x1 (c34b330) from the trader "Attachments (Jose [#STR_EXPANSION_MARKET_TRADER_ATTACHMENTS])" in market zone "Trader Zone" (pos=<6675.160645, 104.603935, 6114.155762>) for a price of 250.
21:04:46.570 [Market] Player "London" (id=kOLgOs9yYBFVRQG3lqoHveYdP5X8y3SO69cq5MiR4us=) has bought ammobox_300aac_ap_20rnd x6 (404c0c10) from the trader "Weapons (Denis [#STR_EXPANSION_MARKET_TRADER_WEAPONS])" in market zone "Trader Zone" (pos=<6675.160645, 104.603935, 6114.155762>) for a price of 384.
21:05:41.023 [Market] Player "London" (id=kOLgOs9yYBFVRQG3lqoHveYdP5X8y3SO69cq5MiR4us=) has bought charcoaltablets x1 (34117a40) from the trader "Medicals (Mirek [#STR_EXPANSION_MARKET_TRADER_MEDICALS])" in market zone "Trader Zone" (pos=<6675.160645, 104.603935, 6114.155762>) for a price of 2.
21:05:41.492 [Market] Player "London" (id=kOLgOs9yYBFVRQG3lqoHveYdP5X8y3SO69cq5MiR4us=) has bought charcoaltablets x1 (3412e420) from the trader "Medicals (Mirek [#STR_EXPANSION_MARKET_TRADER_MEDICALS])" in market zone "Trader Zone" (pos=<6675.160645, 104.603935, 6114.155762>) for a price of 2.
21:05:41.929 [Market] Player "London" (id=kOLgOs9yYBFVRQG3lqoHveYdP5X8y3SO69cq5MiR4us=) has bought charcoaltablets x1 (3730f550) from the trader "Medicals (Mirek [#STR_EXPANSION_MARKET_TRADER_MEDICALS])" in market zone "Trader Zone" (pos=<6675.160645, 104.603935, 6114.155762>) for a price of 2.
21:05:43.085 [Market] Player "London" (id=kOLgOs9yYBFVRQG3lqoHveYdP5X8y3SO69cq5MiR4us=) has bought charcoaltablets x1 (37312590) from the trader "Medicals (Mirek [#STR_EXPANSION_MARKET_TRADER_MEDICALS])" in market zone "Trader Zone" (pos=<6675.160645, 104.603935, 6114.155762>) for a price of 2.
21:06:06.914 [Market] Player "London" (id=kOLgOs9yYBFVRQG3lqoHveYdP5X8y3SO69cq5MiR4us=) has bought ducttape x1 (2c844520) from the trader "Components (Cyril [#STR_EXPANSION_MARKET_TRADER_COMPONENTS])" in market zone "Trader Zone" (pos=<6675.160645, 104.603935, 6114.155762>) for a price of 20.
21:07:08.906 [Safezone] Player "{1:name}" (id={1:id} pos={1:position}) left the safezone
21:10:39.593 [Party] Player "London" (id=kOLgOs9yYBFVRQG3lqoHveYdP5X8y3SO69cq5MiR4us=) left the party "SLAVES" (id=1 ownerUID=m_TD03B4NXDQrU5koHpLq3WyQf1hXTvQSdETJOTM8ss= ownerName=F11 Simulator)
21:11:55.226 [Party] Player "Emile" (id=xD2_qjLbeScI5ntGz_MePKgDIxPfKY1xIGrWM7ksbek=) left the party "STRAWHATS" (id=11 ownerUID=xD2_qjLbeScI5ntGz_MePKgDIxPfKY1xIGrWM7ksbek= ownerName=Emile)
21:27:45.054 [Party] Player "Emile" (id=xD2_qjLbeScI5ntGz_MePKgDIxPfKY1xIGrWM7ksbek=) joinded the party "STRAWHATS" (id=11 ownerUID=xD2_qjLbeScI5ntGz_MePKgDIxPfKY1xIGrWM7ksbek= ownerName=Emile)
21:37:19.367 [MissionAirdrop] An airdrop is heading towards "Erie" (pos=<723.437744, 0.000000, 8062.600098> type=Random_Erie) with a ExpansionAirdropContainer_Basebuilding
21:43:48.281 [Safezone] Player "PatMax" (id=jiSboo32SQZAMp7VxNNFwsMUk2-s3fPPrck_5xKkgu0= pos=<6675.28, 102.53, 6078.66>) entered the safezone
21:43:48.281 [Party] Player "PatMax" (id=jiSboo32SQZAMp7VxNNFwsMUk2-s3fPPrck_5xKkgu0=) joinded the party "Nasse" (id=18 ownerUID=jiSboo32SQZAMp7VxNNFwsMUk2-s3fPPrck_5xKkgu0= ownerName=PatMax)
21:46:32.179 [Market] Player "PatMax" (id=jiSboo32SQZAMp7VxNNFwsMUk2-s3fPPrck_5xKkgu0=) has sold ammo_expansion_338 x105 (37ed7700, 37edf630, 37ee01c0, 37ee0d50, 37ee69d0, 37ee7560, 37eed1e0) at the trader "Weapons (Denis [#STR_EXPANSION_MARKET_TRADER_WEAPONS])" in market zone "Trader Zone" (pos=<6675.160645, 104.603935, 6114.155762>) and got 105.
21:47:05.703 [Market] Player "PatMax" (id=jiSboo32SQZAMp7VxNNFwsMUk2-s3fPPrck_5xKkgu0=) has bought waterbottle x1 (3202ef40) from the trader "Consumables (Linda [#STR_EXPANSION_MARKET_TRADER_CONSUMABLES])" in market zone "Trader Zone" (pos=<6675.160645, 104.603935, 6114.155762>) for a price of 15.
21:47:06.664 [Market] Player "PatMax" (id=jiSboo32SQZAMp7VxNNFwsMUk2-s3fPPrck_5xKkgu0=) has bought waterbottle x1 (320410c0) from the trader "Consumables (Linda [#STR_EXPANSION_MARKET_TRADER_CONSUMABLES])" in market zone "Trader Zone" (pos=<6675.160645, 104.603935, 6114.155762>) for a price of 15.
21:48:02.437 [ATM] Player "PatMax" (id=jiSboo32SQZAMp7VxNNFwsMUk2-s3fPPrck_5xKkgu0=) has withdrawn 1000 from his ATM account.
21:48:32.210 [Market] Player "PatMax" (id=jiSboo32SQZAMp7VxNNFwsMUk2-s3fPPrck_5xKkgu0=) has sold asval x1 (37445be0) at the trader "Weapons (Denis [#STR_EXPANSION_MARKET_TRADER_WEAPONS])" in market zone "Trader Zone" (pos=<6675.160645, 104.603935, 6114.155762>) and got 1200.
21:49:23.179 [Market] Player "PatMax" (id=jiSboo32SQZAMp7VxNNFwsMUk2-s3fPPrck_5xKkgu0=) has bought vss x1 (27e35cb0, Mag_VAL_20Rnd<37c2ef20>, ammo_9x39 x20) from the trader "Weapons (Denis [#STR_EXPANSION_MARKET_TRADER_WEAPONS])" in market zone "Trader Zone" (pos=<6675.160645, 104.603935, 6114.155762>) for a price of 1920.
21:50:05.000 [Market] Player "PatMax" (id=jiSboo32SQZAMp7VxNNFwsMUk2-s3fPPrck_5xKkgu0=) has bought hippack_black x1 (dd12cc60) from the trader "Clothing (Naomi [#STR_EXPANSION_MARKET_TRADER_CLOTHING])" in market zone "Trader Zone" (pos=<6675.160645, 104.603935, 6114.155762>) for a price of 100.
21:50:56.859 [Party] Player "PatMax" (id=jiSboo32SQZAMp7VxNNFwsMUk2-s3fPPrck_5xKkgu0=) left the party "Nasse" (id=18 ownerUID=jiSboo32SQZAMp7VxNNFwsMUk2-s3fPPrck_5xKkgu0= ownerName=PatMax)
21:57:49.562 [Party] Player "Emile" (id=xD2_qjLbeScI5ntGz_MePKgDIxPfKY1xIGrWM7ksbek=) left the party "STRAWHATS" (id=11 ownerUID=xD2_qjLbeScI5ntGz_MePKgDIxPfKY1xIGrWM7ksbek= ownerName=Emile)
