16:09:47.515 [Party] Player "Hossi" (id=e7mF0CMT_KUl9StZIPWzckIgQ3lH3lcsohAj3aA5lJE=) joinded the party "Nasse" (id=18 ownerUID=jiSboo32SQZAMp7VxNNFwsMUk2-s3fPPrck_5xKkgu0= ownerName=PatMax)
16:09:59.007 [Party] Player "PatMax" (id=jiSboo32SQZAMp7VxNNFwsMUk2-s3fPPrck_5xKkgu0=) joinded the party "Nasse" (id=18 ownerUID=jiSboo32SQZAMp7VxNNFwsMUk2-s3fPPrck_5xKkgu0= ownerName=PatMax)
16:10:03.031 [Party] Player "nasse" (id=dmbJP8NvI3U2uK2x7fvjt3rBpBYGO5-qdmz57jOe_To=) joinded the party "Nasse" (id=18 ownerUID=jiSboo32SQZAMp7VxNNFwsMUk2-s3fPPrck_5xKkgu0= ownerName=PatMax)
17:52:31.742 [Killfeed] [PALLI] PatMax commited suicide with Deagle.
17:52:42.429 [Party] Player "PatMax" (id=jiSboo32SQZAMp7VxNNFwsMUk2-s3fPPrck_5xKkgu0=) joinded the party "Nasse" (id=18 ownerUID=jiSboo32SQZAMp7VxNNFwsMUk2-s3fPPrck_5xKkgu0= ownerName=PatMax)
18:14:21.906 [Safezone] Player "PatMax" (id=jiSboo32SQZAMp7VxNNFwsMUk2-s3fPPrck_5xKkgu0= pos=<6679.18, 118.94, 6015.16>) entered the safezone
18:15:08.468 [ATM] Player "PatMax" (id=jiSboo32SQZAMp7VxNNFwsMUk2-s3fPPrck_5xKkgu0=) has withdrawn 30000 from his ATM account.
18:15:32.476 [Market] Player "PatMax" (id=jiSboo32SQZAMp7VxNNFwsMUk2-s3fPPrck_5xKkgu0=) has bought hippack_black x1 (21f5b8e0) from the trader "Clothing (Naomi [#STR_EXPANSION_MARKET_TRADER_CLOTHING])" in market zone "Trader Zone" (pos=<6675.160645, 104.603935, 6114.155762>) for a price of 100.
18:16:38.765 [Market] Player "PatMax" (id=jiSboo32SQZAMp7VxNNFwsMUk2-s3fPPrck_5xKkgu0=) has sold crossbow_summer x1 (204defd0) at the trader "Weapons (Denis [#STR_EXPANSION_MARKET_TRADER_WEAPONS])" in market zone "Trader Zone" (pos=<6675.160645, 104.603935, 6114.155762>) and got 600.
18:16:41.859 [Market] Player "PatMax" (id=jiSboo32SQZAMp7VxNNFwsMUk2-s3fPPrck_5xKkgu0=) has sold repeater x1 (74ad60c0) at the trader "Weapons (Denis [#STR_EXPANSION_MARKET_TRADER_WEAPONS])" in market zone "Trader Zone" (pos=<6675.160645, 104.603935, 6114.155762>) and got 65.
18:16:44.406 [Market] Player "PatMax" (id=jiSboo32SQZAMp7VxNNFwsMUk2-s3fPPrck_5xKkgu0=) has sold ammobox_762x39_20rnd x1 (19cecbb0) at the trader "Weapons (Denis [#STR_EXPANSION_MARKET_TRADER_WEAPONS])" in market zone "Trader Zone" (pos=<6675.160645, 104.603935, 6114.155762>) and got 18.
18:17:38.062 [Market] Player "PatMax" (id=jiSboo32SQZAMp7VxNNFwsMUk2-s3fPPrck_5xKkgu0=) has bought camonet x1 (1e2521b0) from the trader "BuildingSupplies (Boris [#STR_EXPANSION_MARKET_TRADER_BUILDING_SUPPLIES])" in market zone "Trader Zone" (pos=<6675.160645, 104.603935, 6114.155762>) for a price of 600.
18:17:54.937 [Market] Player "PatMax" (id=jiSboo32SQZAMp7VxNNFwsMUk2-s3fPPrck_5xKkgu0=) has bought sickle x1 (1a0fbdf0) from the trader "BuildingSupplies (Boris [#STR_EXPANSION_MARKET_TRADER_BUILDING_SUPPLIES])" in market zone "Trader Zone" (pos=<6675.160645, 104.603935, 6114.155762>) for a price of 5.
18:18:10.546 [Market] Player "PatMax" (id=jiSboo32SQZAMp7VxNNFwsMUk2-s3fPPrck_5xKkgu0=) has sold sickle x1 (1a0fbdf0) at the trader "BuildingSupplies (Boris [#STR_EXPANSION_MARKET_TRADER_BUILDING_SUPPLIES])" in market zone "Trader Zone" (pos=<6675.160645, 104.603935, 6114.155762>) and got 3.
18:18:29.789 [Market] Player "PatMax" (id=jiSboo32SQZAMp7VxNNFwsMUk2-s3fPPrck_5xKkgu0=) has bought combatknife x1 (1c5a7800) from the trader "Weapons (Denis [#STR_EXPANSION_MARKET_TRADER_WEAPONS])" in market zone "Trader Zone" (pos=<6675.160645, 104.603935, 6114.155762>) for a price of 10.
18:19:51.898 [Market] Player "PatMax" (id=jiSboo32SQZAMp7VxNNFwsMUk2-s3fPPrck_5xKkgu0=) has bought woolgloves_green x1 (23be1740) from the trader "Clothing (Naomi [#STR_EXPANSION_MARKET_TRADER_CLOTHING])" in market zone "Trader Zone" (pos=<6675.160645, 104.603935, 6114.155762>) for a price of 35.
18:20:04.445 [Market] Player "PatMax" (id=jiSboo32SQZAMp7VxNNFwsMUk2-s3fPPrck_5xKkgu0=) has bought porkcan x1 (1df41b90) from the trader "Consumables (Linda [#STR_EXPANSION_MARKET_TRADER_CONSUMABLES])" in market zone "Trader Zone" (pos=<6675.160645, 104.603935, 6114.155762>) for a price of 15.
18:20:52.750 [Market] Player "PatMax" (id=jiSboo32SQZAMp7VxNNFwsMUk2-s3fPPrck_5xKkgu0=) has bought lunchmeat x1 (143eae10) from the trader "Consumables (Linda [#STR_EXPANSION_MARKET_TRADER_CONSUMABLES])" in market zone "Trader Zone" (pos=<6675.160645, 104.603935, 6114.155762>) for a price of 15.
18:21:48.710 [Market] Player "PatMax" (id=jiSboo32SQZAMp7VxNNFwsMUk2-s3fPPrck_5xKkgu0=) has bought tankerhelmet x1 (1c0ae5c0) from the trader "Clothing (Naomi [#STR_EXPANSION_MARKET_TRADER_CLOTHING])" in market zone "Trader Zone" (pos=<6675.160645, 104.603935, 6114.155762>) for a price of 100.
18:21:57.500 [Market] Player "PatMax" (id=jiSboo32SQZAMp7VxNNFwsMUk2-s3fPPrck_5xKkgu0=) has bought balaclavamask_beige x1 (146182a0) from the trader "Clothing (Naomi [#STR_EXPANSION_MARKET_TRADER_CLOTHING])" in market zone "Trader Zone" (pos=<6675.160645, 104.603935, 6114.155762>) for a price of 50.
18:22:06.984 [Market] Player "PatMax" (id=jiSboo32SQZAMp7VxNNFwsMUk2-s3fPPrck_5xKkgu0=) has bought firefighterspants_beige x1 (145e9ea0) from the trader "Clothing (Naomi [#STR_EXPANSION_MARKET_TRADER_CLOTHING])" in market zone "Trader Zone" (pos=<6675.160645, 104.603935, 6114.155762>) for a price of 35.
18:22:25.875 [Market] Player "PatMax" (id=jiSboo32SQZAMp7VxNNFwsMUk2-s3fPPrck_5xKkgu0=) has sold jeans_grey x1 (1c924bf0) at the trader "Clothing (Naomi [#STR_EXPANSION_MARKET_TRADER_CLOTHING])" in market zone "Trader Zone" (pos=<6675.160645, 104.603935, 6114.155762>) and got 30.
18:22:38.250 [Market] Player "PatMax" (id=jiSboo32SQZAMp7VxNNFwsMUk2-s3fPPrck_5xKkgu0=) has sold baseballcap_beige x1 (216578a0) at the trader "Clothing (Naomi [#STR_EXPANSION_MARKET_TRADER_CLOTHING])" in market zone "Trader Zone" (pos=<6675.160645, 104.603935, 6114.155762>) and got 6.
18:22:50.210 [Market] Player "PatMax" (id=jiSboo32SQZAMp7VxNNFwsMUk2-s3fPPrck_5xKkgu0=) has sold gorkaejacket_autumn x1 (23656c10) at the trader "Clothing (Naomi [#STR_EXPANSION_MARKET_TRADER_CLOTHING])" in market zone "Trader Zone" (pos=<6675.160645, 104.603935, 6114.155762>) and got 78.
18:23:00.953 [Market] Player "PatMax" (id=jiSboo32SQZAMp7VxNNFwsMUk2-s3fPPrck_5xKkgu0=) has bought firefighterjacket_beige x1 (17caf620) from the trader "Clothing (Naomi [#STR_EXPANSION_MARKET_TRADER_CLOTHING])" in market zone "Trader Zone" (pos=<6675.160645, 104.603935, 6114.155762>) for a price of 24.
18:23:15.125 [Market] Player "PatMax" (id=jiSboo32SQZAMp7VxNNFwsMUk2-s3fPPrck_5xKkgu0=) has sold athleticshoes_blue x1 (74d57f30) at the trader "Clothing (Naomi [#STR_EXPANSION_MARKET_TRADER_CLOTHING])" in market zone "Trader Zone" (pos=<6675.160645, 104.603935, 6114.155762>) and got 6.
18:23:25.796 [Market] Player "PatMax" (id=jiSboo32SQZAMp7VxNNFwsMUk2-s3fPPrck_5xKkgu0=) has bought nvgheadstrap x1 (1c574310) from the trader "Clothing (Naomi [#STR_EXPANSION_MARKET_TRADER_CLOTHING])" in market zone "Trader Zone" (pos=<6675.160645, 104.603935, 6114.155762>) for a price of 200.
18:23:39.781 [Market] Player "PatMax" (id=jiSboo32SQZAMp7VxNNFwsMUk2-s3fPPrck_5xKkgu0=) has bought militaryboots_black x1 (1c584170) from the trader "Clothing (Naomi [#STR_EXPANSION_MARKET_TRADER_CLOTHING])" in market zone "Trader Zone" (pos=<6675.160645, 104.603935, 6114.155762>) for a price of 110.
18:24:33.867 [Market] Player "PatMax" (id=jiSboo32SQZAMp7VxNNFwsMUk2-s3fPPrck_5xKkgu0=) has bought woolgloves_tan x1 (1c924bf0) from the trader "Clothing (Naomi [#STR_EXPANSION_MARKET_TRADER_CLOTHING])" in market zone "Trader Zone" (pos=<6675.160645, 104.603935, 6114.155762>) for a price of 35.
18:25:19.710 [Market] Player "PatMax" (id=jiSboo32SQZAMp7VxNNFwsMUk2-s3fPPrck_5xKkgu0=) has bought coyotebag_brown x1 (15068ab0) from the trader "Clothing (Naomi [#STR_EXPANSION_MARKET_TRADER_CLOTHING])" in market zone "Trader Zone" (pos=<6675.160645, 104.603935, 6114.155762>) for a price of 180.
18:26:56.843 [Market] Player "PatMax" (id=jiSboo32SQZAMp7VxNNFwsMUk2-s3fPPrck_5xKkgu0=) has bought platecarriervest x1 (218164f0, PlateCarrierPouches<180fb8b0>, PlateCarrierHolster<21833f00>) from the trader "Clothing (Naomi [#STR_EXPANSION_MARKET_TRADER_CLOTHING])" in market zone "Trader Zone" (pos=<6675.160645, 104.603935, 6114.155762>) for a price of 410.
18:27:50.554 [Market] Player "PatMax" (id=jiSboo32SQZAMp7VxNNFwsMUk2-s3fPPrck_5xKkgu0=) has bought hatchet x1 (1c958c70) from the trader "BuildingSupplies (Boris [#STR_EXPANSION_MARKET_TRADER_BUILDING_SUPPLIES])" in market zone "Trader Zone" (pos=<6675.160645, 104.603935, 6114.155762>) for a price of 10.
18:28:06.429 [Market] Player "PatMax" (id=jiSboo32SQZAMp7VxNNFwsMUk2-s3fPPrck_5xKkgu0=) has bought whetstone x1 (23792880) from the trader "BuildingSupplies (Boris [#STR_EXPANSION_MARKET_TRADER_BUILDING_SUPPLIES])" in market zone "Trader Zone" (pos=<6675.160645, 104.603935, 6114.155762>) for a price of 5.
18:28:08.328 [Market] Player "PatMax" (id=jiSboo32SQZAMp7VxNNFwsMUk2-s3fPPrck_5xKkgu0=) has bought whetstone x1 (f76e5c0) from the trader "BuildingSupplies (Boris [#STR_EXPANSION_MARKET_TRADER_BUILDING_SUPPLIES])" in market zone "Trader Zone" (pos=<6675.160645, 104.603935, 6114.155762>) for a price of 5.
18:29:51.382 [Market] Player "PatMax" (id=jiSboo32SQZAMp7VxNNFwsMUk2-s3fPPrck_5xKkgu0=) has sold b95 x1 (204a84a0) at the trader "Weapons (Denis [#STR_EXPANSION_MARKET_TRADER_WEAPONS])" in market zone "Trader Zone" (pos=<6675.160645, 104.603935, 6114.155762>) and got 1275.
18:30:05.648 [Market] Player "PatMax" (id=jiSboo32SQZAMp7VxNNFwsMUk2-s3fPPrck_5xKkgu0=) has sold cz527 x1 (1c3bb2b0, Mag_CZ527_5rnd<112c0d60>, ammo_762x39 x1) at the trader "Weapons (Denis [#STR_EXPANSION_MARKET_TRADER_WEAPONS])" in market zone "Trader Zone" (pos=<6675.160645, 104.603935, 6114.155762>) and got 293.
18:30:28.906 [Market] Player "PatMax" (id=jiSboo32SQZAMp7VxNNFwsMUk2-s3fPPrck_5xKkgu0=) has bought pot x1 (236c62e0) from the trader "Components (Cyril [#STR_EXPANSION_MARKET_TRADER_COMPONENTS])" in market zone "Trader Zone" (pos=<6675.160645, 104.603935, 6114.155762>) for a price of 25.
18:30:31.195 [Market] Player "PatMax" (id=jiSboo32SQZAMp7VxNNFwsMUk2-s3fPPrck_5xKkgu0=) has bought pot x1 (c1cd5340) from the trader "Components (Cyril [#STR_EXPANSION_MARKET_TRADER_COMPONENTS])" in market zone "Trader Zone" (pos=<6675.160645, 104.603935, 6114.155762>) for a price of 25.
18:30:37.062 [Market] Player "PatMax" (id=jiSboo32SQZAMp7VxNNFwsMUk2-s3fPPrck_5xKkgu0=) has bought pot x2 (c1cf1da0) from the trader "Components (Cyril [#STR_EXPANSION_MARKET_TRADER_COMPONENTS])" in market zone "Trader Zone" (pos=<6675.160645, 104.603935, 6114.155762>) for a price of 50.
18:30:50.757 [Market] Player "PatMax" (id=jiSboo32SQZAMp7VxNNFwsMUk2-s3fPPrck_5xKkgu0=) has bought pot x1 (19ab23f0) from the trader "Components (Cyril [#STR_EXPANSION_MARKET_TRADER_COMPONENTS])" in market zone "Trader Zone" (pos=<6675.160645, 104.603935, 6114.155762>) for a price of 25.
18:30:53.382 [Market] Player "PatMax" (id=jiSboo32SQZAMp7VxNNFwsMUk2-s3fPPrck_5xKkgu0=) has bought pot x1 (1a084f70) from the trader "Components (Cyril [#STR_EXPANSION_MARKET_TRADER_COMPONENTS])" in market zone "Trader Zone" (pos=<6675.160645, 104.603935, 6114.155762>) for a price of 25.
18:31:05.367 [Market] Player "PatMax" (id=jiSboo32SQZAMp7VxNNFwsMUk2-s3fPPrck_5xKkgu0=) has bought pot x1 (21c0a490) from the trader "Components (Cyril [#STR_EXPANSION_MARKET_TRADER_COMPONENTS])" in market zone "Trader Zone" (pos=<6675.160645, 104.603935, 6114.155762>) for a price of 25.
18:31:20.015 [Market] Player "PatMax" (id=jiSboo32SQZAMp7VxNNFwsMUk2-s3fPPrck_5xKkgu0=) has bought pot x1 (14cbc140) from the trader "Components (Cyril [#STR_EXPANSION_MARKET_TRADER_COMPONENTS])" in market zone "Trader Zone" (pos=<6675.160645, 104.603935, 6114.155762>) for a price of 25.
18:32:03.687 [Market] Player "PatMax" (id=jiSboo32SQZAMp7VxNNFwsMUk2-s3fPPrck_5xKkgu0=) has bought magnum x1 (74ae6600) from the trader "Weapons (Denis [#STR_EXPANSION_MARKET_TRADER_WEAPONS])" in market zone "Trader Zone" (pos=<6675.160645, 104.603935, 6114.155762>) for a price of 400.
18:32:14.734 [Market] Player "PatMax" (id=jiSboo32SQZAMp7VxNNFwsMUk2-s3fPPrck_5xKkgu0=) has sold magnum x1 (74ae6600) at the trader "Weapons (Denis [#STR_EXPANSION_MARKET_TRADER_WEAPONS])" in market zone "Trader Zone" (pos=<6675.160645, 104.603935, 6114.155762>) and got 300.
18:32:47.031 [Market] Player "PatMax" (id=jiSboo32SQZAMp7VxNNFwsMUk2-s3fPPrck_5xKkgu0=) has bought glock19 x1 (204a84a0, Mag_Glock_15Rnd<1c2a2c70>, ammo_9x19 x15) from the trader "Weapons (Denis [#STR_EXPANSION_MARKET_TRADER_WEAPONS])" in market zone "Trader Zone" (pos=<6675.160645, 104.603935, 6114.155762>) for a price of 370.
18:33:03.898 [Market] Player "PatMax" (id=jiSboo32SQZAMp7VxNNFwsMUk2-s3fPPrck_5xKkgu0=) has bought pistolsuppressor x1 (19f34c70) from the trader "Attachments (Jose [#STR_EXPANSION_MARKET_TRADER_ATTACHMENTS])" in market zone "Trader Zone" (pos=<6675.160645, 104.603935, 6114.155762>) for a price of 15.
18:33:40.617 [Market] Player "PatMax" (id=jiSboo32SQZAMp7VxNNFwsMUk2-s3fPPrck_5xKkgu0=) has bought mag_expansion_mpx_50rnd x1 (17eca460, ammo_9x19 x50) from the trader "Attachments (Jose [#STR_EXPANSION_MARKET_TRADER_ATTACHMENTS])" in market zone "Trader Zone" (pos=<6675.160645, 104.603935, 6114.155762>) for a price of 420.
18:34:58.984 [Market] Player "PatMax" (id=jiSboo32SQZAMp7VxNNFwsMUk2-s3fPPrck_5xKkgu0=) has bought expansion_mpx x1 (3ae84bf0, UniversalLight<21f4dd30>, PistolSuppressor<21f480b0>, ExpansionReflexMRSOptic<11d3f8d0>, Battery9V<21f3a500>, Mag_Expansion_MPX_50Rnd<21f66650>, ammo_9x19 x50) from the trader "Weapons (Denis [#STR_EXPANSION_MARKET_TRADER_WEAPONS])" in market zone "Trader Zone" (pos=<6675.160645, 104.603935, 6114.155762>) for a price of 1615.
18:35:08.656 [Market] Player "PatMax" (id=jiSboo32SQZAMp7VxNNFwsMUk2-s3fPPrck_5xKkgu0=) has sold pp19 x1 (74abb1b0, PistolSuppressor<1beed6b0>, PP19_Bttstck<1bee5780>, Mag_PP19_64Rnd<21f30eb0>, ammo_380 x21) at the trader "Weapons (Denis [#STR_EXPANSION_MARKET_TRADER_WEAPONS])" in market zone "Trader Zone" (pos=<6675.160645, 104.603935, 6114.155762>) and got 571.
18:36:09.101 [Market] Player "PatMax" (id=jiSboo32SQZAMp7VxNNFwsMUk2-s3fPPrck_5xKkgu0=) has bought battery9v x1 (11b015e0) from the trader "Components (Cyril [#STR_EXPANSION_MARKET_TRADER_COMPONENTS])" in market zone "Trader Zone" (pos=<6675.160645, 104.603935, 6114.155762>) for a price of 10.
18:40:13.078 [Market] Player "PatMax" (id=jiSboo32SQZAMp7VxNNFwsMUk2-s3fPPrck_5xKkgu0=) has bought m4a1 x1 (204b55a0, UniversalLight<14459870>, M4_RISHndgrd<1c276b20>, M4_Suppressor<1c279960>, M4_CQBBttstck<180fa190>, Mag_STANAGCoupled_30Rnd<180eaec0>, ammo_556x45 x60) from the trader "Weapons (Denis [#STR_EXPANSION_MARKET_TRADER_WEAPONS])" in market zone "Trader Zone" (pos=<6675.160645, 104.603935, 6114.155762>) for a price of 2435.
18:41:56.601 [Market] Player "PatMax" (id=jiSboo32SQZAMp7VxNNFwsMUk2-s3fPPrck_5xKkgu0=) has bought bandagedressing x1 (17cb7550) from the trader "Medicals (Mirek [#STR_EXPANSION_MARKET_TRADER_MEDICALS])" in market zone "Trader Zone" (pos=<6675.160645, 104.603935, 6114.155762>) for a price of 3.
18:41:57.437 [Market] Player "PatMax" (id=jiSboo32SQZAMp7VxNNFwsMUk2-s3fPPrck_5xKkgu0=) has bought bandagedressing x1 (17cbbab0) from the trader "Medicals (Mirek [#STR_EXPANSION_MARKET_TRADER_MEDICALS])" in market zone "Trader Zone" (pos=<6675.160645, 104.603935, 6114.155762>) for a price of 3.
18:41:58.460 [Party] Player "nasse" (id=dmbJP8NvI3U2uK2x7fvjt3rBpBYGO5-qdmz57jOe_To=) left the party "Nasse" (id=18 ownerUID=jiSboo32SQZAMp7VxNNFwsMUk2-s3fPPrck_5xKkgu0= ownerName=PatMax)
18:41:58.929 [Market] Player "PatMax" (id=jiSboo32SQZAMp7VxNNFwsMUk2-s3fPPrck_5xKkgu0=) has bought bandagedressing x1 (17c87a30) from the trader "Medicals (Mirek [#STR_EXPANSION_MARKET_TRADER_MEDICALS])" in market zone "Trader Zone" (pos=<6675.160645, 104.603935, 6114.155762>) for a price of 3.
18:42:08.289 [Market] Player "PatMax" (id=jiSboo32SQZAMp7VxNNFwsMUk2-s3fPPrck_5xKkgu0=) has bought iodinetincture x1 (78056cb0) from the trader "Medicals (Mirek [#STR_EXPANSION_MARKET_TRADER_MEDICALS])" in market zone "Trader Zone" (pos=<6675.160645, 104.603935, 6114.155762>) for a price of 30.
18:42:28.312 [Market] Player "PatMax" (id=jiSboo32SQZAMp7VxNNFwsMUk2-s3fPPrck_5xKkgu0=) has bought disinfectantalcohol x1 (780584d0) from the trader "Medicals (Mirek [#STR_EXPANSION_MARKET_TRADER_MEDICALS])" in market zone "Trader Zone" (pos=<6675.160645, 104.603935, 6114.155762>) for a price of 4.
18:42:31.406 [Market] Player "PatMax" (id=jiSboo32SQZAMp7VxNNFwsMUk2-s3fPPrck_5xKkgu0=) has bought charcoaltablets x1 (7805a900) from the trader "Medicals (Mirek [#STR_EXPANSION_MARKET_TRADER_MEDICALS])" in market zone "Trader Zone" (pos=<6675.160645, 104.603935, 6114.155762>) for a price of 2.
18:42:31.851 [Market] Player "PatMax" (id=jiSboo32SQZAMp7VxNNFwsMUk2-s3fPPrck_5xKkgu0=) has bought charcoaltablets x1 (78053c70) from the trader "Medicals (Mirek [#STR_EXPANSION_MARKET_TRADER_MEDICALS])" in market zone "Trader Zone" (pos=<6675.160645, 104.603935, 6114.155762>) for a price of 2.
18:42:34.531 [Market] Player "PatMax" (id=jiSboo32SQZAMp7VxNNFwsMUk2-s3fPPrck_5xKkgu0=) has bought purificationtablets x1 (1df214e0) from the trader "Medicals (Mirek [#STR_EXPANSION_MARKET_TRADER_MEDICALS])" in market zone "Trader Zone" (pos=<6675.160645, 104.603935, 6114.155762>) for a price of 5.
18:42:36.210 [Market] Player "PatMax" (id=jiSboo32SQZAMp7VxNNFwsMUk2-s3fPPrck_5xKkgu0=) has bought painkillertablets x1 (1df3af00) from the trader "Medicals (Mirek [#STR_EXPANSION_MARKET_TRADER_MEDICALS])" in market zone "Trader Zone" (pos=<6675.160645, 104.603935, 6114.155762>) for a price of 10.
18:42:36.539 [Market] Player "PatMax" (id=jiSboo32SQZAMp7VxNNFwsMUk2-s3fPPrck_5xKkgu0=) has bought painkillertablets x1 (22257530) from the trader "Medicals (Mirek [#STR_EXPANSION_MARKET_TRADER_MEDICALS])" in market zone "Trader Zone" (pos=<6675.160645, 104.603935, 6114.155762>) for a price of 10.
18:42:41.156 [Market] Player "PatMax" (id=jiSboo32SQZAMp7VxNNFwsMUk2-s3fPPrck_5xKkgu0=) has bought morphine x1 (1bee4bf0) from the trader "Medicals (Mirek [#STR_EXPANSION_MARKET_TRADER_MEDICALS])" in market zone "Trader Zone" (pos=<6675.160645, 104.603935, 6114.155762>) for a price of 25.
18:42:44.843 [Market] Player "PatMax" (id=jiSboo32SQZAMp7VxNNFwsMUk2-s3fPPrck_5xKkgu0=) has bought vitaminbottle x1 (22239ec0) from the trader "Medicals (Mirek [#STR_EXPANSION_MARKET_TRADER_MEDICALS])" in market zone "Trader Zone" (pos=<6675.160645, 104.603935, 6114.155762>) for a price of 6.
18:42:47.242 [Market] Player "PatMax" (id=jiSboo32SQZAMp7VxNNFwsMUk2-s3fPPrck_5xKkgu0=) has bought tetracyclineantibiotics x1 (698c3df0) from the trader "Medicals (Mirek [#STR_EXPANSION_MARKET_TRADER_MEDICALS])" in market zone "Trader Zone" (pos=<6675.160645, 104.603935, 6114.155762>) for a price of 8.
18:42:47.773 [Market] Player "PatMax" (id=jiSboo32SQZAMp7VxNNFwsMUk2-s3fPPrck_5xKkgu0=) has bought tetracyclineantibiotics x1 (698df030) from the trader "Medicals (Mirek [#STR_EXPANSION_MARKET_TRADER_MEDICALS])" in market zone "Trader Zone" (pos=<6675.160645, 104.603935, 6114.155762>) for a price of 8.
18:43:46.375 [Market] Player "PatMax" (id=jiSboo32SQZAMp7VxNNFwsMUk2-s3fPPrck_5xKkgu0=) has bought tetracyclineantibiotics x1 (22237a90) from the trader "Medicals (Mirek [#STR_EXPANSION_MARKET_TRADER_MEDICALS])" in market zone "Trader Zone" (pos=<6675.160645, 104.603935, 6114.155762>) for a price of 8.
18:44:10.570 [Market] Player "PatMax" (id=jiSboo32SQZAMp7VxNNFwsMUk2-s3fPPrck_5xKkgu0=) has bought tetracyclineantibiotics x1 (143cbf80) from the trader "Medicals (Mirek [#STR_EXPANSION_MARKET_TRADER_MEDICALS])" in market zone "Trader Zone" (pos=<6675.160645, 104.603935, 6114.155762>) for a price of 8.
18:45:15.625 [Market] Player "PatMax" (id=jiSboo32SQZAMp7VxNNFwsMUk2-s3fPPrck_5xKkgu0=) has bought lunchmeat x1 (1510bcc0) from the trader "Consumables (Linda [#STR_EXPANSION_MARKET_TRADER_CONSUMABLES])" in market zone "Trader Zone" (pos=<6675.160645, 104.603935, 6114.155762>) for a price of 15.
18:45:24.312 [Market] Player "PatMax" (id=jiSboo32SQZAMp7VxNNFwsMUk2-s3fPPrck_5xKkgu0=) has bought lunchmeat x20 (15111130) from the trader "Consumables (Linda [#STR_EXPANSION_MARKET_TRADER_CONSUMABLES])" in market zone "Trader Zone" (pos=<6675.160645, 104.603935, 6114.155762>) for a price of 300.
18:46:35.640 [Market] Player "PatMax" (id=jiSboo32SQZAMp7VxNNFwsMUk2-s3fPPrck_5xKkgu0=) has bought lunchmeat x1 (70d65320) from the trader "Consumables (Linda [#STR_EXPANSION_MARKET_TRADER_CONSUMABLES])" in market zone "Trader Zone" (pos=<6675.160645, 104.603935, 6114.155762>) for a price of 15.
18:46:36.773 [Market] Player "PatMax" (id=jiSboo32SQZAMp7VxNNFwsMUk2-s3fPPrck_5xKkgu0=) has bought lunchmeat x1 (70d68360) from the trader "Consumables (Linda [#STR_EXPANSION_MARKET_TRADER_CONSUMABLES])" in market zone "Trader Zone" (pos=<6675.160645, 104.603935, 6114.155762>) for a price of 15.
18:46:38.031 [Market] Player "PatMax" (id=jiSboo32SQZAMp7VxNNFwsMUk2-s3fPPrck_5xKkgu0=) has bought lunchmeat x1 (70d73850) from the trader "Consumables (Linda [#STR_EXPANSION_MARKET_TRADER_CONSUMABLES])" in market zone "Trader Zone" (pos=<6675.160645, 104.603935, 6114.155762>) for a price of 15.
18:46:39.343 [Market] Player "PatMax" (id=jiSboo32SQZAMp7VxNNFwsMUk2-s3fPPrck_5xKkgu0=) has bought lunchmeat x1 (70d72030) from the trader "Consumables (Linda [#STR_EXPANSION_MARKET_TRADER_CONSUMABLES])" in market zone "Trader Zone" (pos=<6675.160645, 104.603935, 6114.155762>) for a price of 15.
18:49:11.609 [Market] Player "PatMax" (id=jiSboo32SQZAMp7VxNNFwsMUk2-s3fPPrck_5xKkgu0=) has sold morphine x1 (1bee4bf0) at the trader "Medicals (Mirek [#STR_EXPANSION_MARKET_TRADER_MEDICALS])" in market zone "Trader Zone" (pos=<6675.160645, 104.603935, 6114.155762>) and got 18.
18:49:32.242 [Market] Player "PatMax" (id=jiSboo32SQZAMp7VxNNFwsMUk2-s3fPPrck_5xKkgu0=) has sold whetstone x1 (23792880) at the trader "BuildingSupplies (Boris [#STR_EXPANSION_MARKET_TRADER_BUILDING_SUPPLIES])" in market zone "Trader Zone" (pos=<6675.160645, 104.603935, 6114.155762>) and got 3.
18:51:29.929 [Market] Player "PatMax" (id=jiSboo32SQZAMp7VxNNFwsMUk2-s3fPPrck_5xKkgu0=) has bought canteen x1 (698b58c0) from the trader "Consumables (Linda [#STR_EXPANSION_MARKET_TRADER_CONSUMABLES])" in market zone "Trader Zone" (pos=<6675.160645, 104.603935, 6114.155762>) for a price of 18.
18:51:32.593 [Market] Player "PatMax" (id=jiSboo32SQZAMp7VxNNFwsMUk2-s3fPPrck_5xKkgu0=) has bought expansionmilkbottle x1 (23377ec0) from the trader "Consumables (Linda [#STR_EXPANSION_MARKET_TRADER_CONSUMABLES])" in market zone "Trader Zone" (pos=<6675.160645, 104.603935, 6114.155762>) for a price of 15.
18:52:03.085 [Market] Player "PatMax" (id=jiSboo32SQZAMp7VxNNFwsMUk2-s3fPPrck_5xKkgu0=) has sold mag_expansion_mpx_50rnd x1 (17eca460, ammo_9x19 x50) at the trader "Attachments (Jose [#STR_EXPANSION_MARKET_TRADER_ATTACHMENTS])" in market zone "Trader Zone" (pos=<6675.160645, 104.603935, 6114.155762>) and got 290.
18:56:13.406 [Market] Player "PatMax" (id=jiSboo32SQZAMp7VxNNFwsMUk2-s3fPPrck_5xKkgu0=) has bought m14 x1 (e8b63120, ExpansionHAMROptic<17893950>, ExpansionDeltapointOptic<17891520>, Battery9V<23a3eb20>, Mag_M14_20Rnd<23a43080>, ammo_308win x20) from the trader "Weapons (Denis [#STR_EXPANSION_MARKET_TRADER_WEAPONS])" in market zone "Trader Zone" (pos=<6675.160645, 104.603935, 6114.155762>) for a price of 2300.
18:56:40.859 [Market] Player "PatMax" (id=jiSboo32SQZAMp7VxNNFwsMUk2-s3fPPrck_5xKkgu0=) has bought battery9v x1 (1bd3c360) from the trader "Components (Cyril [#STR_EXPANSION_MARKET_TRADER_COMPONENTS])" in market zone "Trader Zone" (pos=<6675.160645, 104.603935, 6114.155762>) for a price of 10.
18:57:34.929 [Party] Player "PatMax" (id=jiSboo32SQZAMp7VxNNFwsMUk2-s3fPPrck_5xKkgu0=) left the party "Nasse" (id=18 ownerUID=jiSboo32SQZAMp7VxNNFwsMUk2-s3fPPrck_5xKkgu0= ownerName=PatMax)
19:00:00.812 [Party] Player "Hossi" (id=e7mF0CMT_KUl9StZIPWzckIgQ3lH3lcsohAj3aA5lJE=) left the party "Nasse" (id=18 ownerUID=jiSboo32SQZAMp7VxNNFwsMUk2-s3fPPrck_5xKkgu0= ownerName=PatMax)
