19:01:42.281 [Safezone] Player "Mard" (id=OAEsqfVu9Ya3qx3X2Q_PgbpxSoSDXOIUHhH8VWVuumk= pos=<6673.32, 102.5, 6108.13>) entered the safezone
19:01:42.281 [Party] Player "Mard" (id=OAEsqfVu9Ya3qx3X2Q_PgbpxSoSDXOIUHhH8VWVuumk=) joinded the party "Viper Ethereal" (id=33 ownerUID=zazFLAJ4lPF6TvVQMMREjst1jC8o_Id9oh_TjGBwaP8= ownerName=ElBizzy)
19:01:50.945 [Safezone] Player "Stivi the Kid" (id=W44v5r64t_fNpgzRQNLTal2wQQBqWJ8o-Qcc6Jd5hw8= pos=<6669.44, 102.5, 6109.98>) entered the safezone
19:01:50.945 [Party] Player "Stivi the Kid" (id=W44v5r64t_fNpgzRQNLTal2wQQBqWJ8o-Qcc6Jd5hw8=) joinded the party "Viper Ethereal" (id=33 ownerUID=zazFLAJ4lPF6TvVQMMREjst1jC8o_Id9oh_TjGBwaP8= ownerName=ElBizzy)
19:02:10.710 [Safezone] Player "ElBizzy" (id=zazFLAJ4lPF6TvVQMMREjst1jC8o_Id9oh_TjGBwaP8= pos=<6671.62, 102.5, 6109.56>) entered the safezone
19:02:10.718 [Party] Player "ElBizzy" (id=zazFLAJ4lPF6TvVQMMREjst1jC8o_Id9oh_TjGBwaP8=) joinded the party "Viper Ethereal" (id=33 ownerUID=zazFLAJ4lPF6TvVQMMREjst1jC8o_Id9oh_TjGBwaP8= ownerName=ElBizzy)
19:02:29.632 [Market] Player "Stivi the Kid" (id=W44v5r64t_fNpgzRQNLTal2wQQBqWJ8o-Qcc6Jd5hw8=) has sold flashlight x1 (6cc0c260, Battery9V<6cc0cdf0>) at the trader "Components (Cyril [#STR_EXPANSION_MARKET_TRADER_COMPONENTS])" in market zone "Trader Zone" (pos=<6675.160645, 104.603935, 6114.155762>) and got 15.
19:04:30.898 [Market] Player "Stivi the Kid" (id=W44v5r64t_fNpgzRQNLTal2wQQBqWJ8o-Qcc6Jd5hw8=) has sold fnx45 x1 (55aa12e0, Mag_FNX45_15Rnd<6cc04330>, ammo_45acp x4, PistolSuppressor<6cbfdb20>, TLRLight<6cc065e0>) at the trader "Weapons (Denis [#STR_EXPANSION_MARKET_TRADER_WEAPONS])" in market zone "Trader Zone" (pos=<6675.160645, 104.603935, 6114.155762>) and got 255.
19:05:11.039 [Safezone] Player "{1:name}" (id={1:id} pos={1:position}) left the safezone
19:05:19.078 [Market] Player "Stivi the Kid" (id=W44v5r64t_fNpgzRQNLTal2wQQBqWJ8o-Qcc6Jd5hw8=) has sold mag_mp5_15rnd x1 (6e883d80, ammo_9x19 x6) at the trader "Attachments (Jose [#STR_EXPANSION_MARKET_TRADER_ATTACHMENTS])" in market zone "Trader Zone" (pos=<6675.160645, 104.603935, 6114.155762>) and got 34.
19:06:01.468 [Safezone] Player "Mard" (id=OAEsqfVu9Ya3qx3X2Q_PgbpxSoSDXOIUHhH8VWVuumk= pos=<6770.06, 101.9, 6083.25>) entered the safezone
19:06:21.937 [MissionAirdrop] An airdrop is heading towards "Erie" (pos=<723.437744, 0.000000, 8062.600098> type=Random_Erie) with a ExpansionAirdropContainer_Medical
19:06:42.335 [Market] Player "Mard" (id=OAEsqfVu9Ya3qx3X2Q_PgbpxSoSDXOIUHhH8VWVuumk=) has sold m4_oebttstck x1 (5ef4dbc0) at the trader "Attachments (Jose [#STR_EXPANSION_MARKET_TRADER_ATTACHMENTS])" in market zone "Trader Zone" (pos=<6675.160645, 104.603935, 6114.155762>) and got 112.
19:06:48.921 [Market] Player "Mard" (id=OAEsqfVu9Ya3qx3X2Q_PgbpxSoSDXOIUHhH8VWVuumk=) has sold m4_t3nrdsoptic x1 (6e74fa00, Battery9V<6e84c330>) at the trader "Attachments (Jose [#STR_EXPANSION_MARKET_TRADER_ATTACHMENTS])" in market zone "Trader Zone" (pos=<6675.160645, 104.603935, 6114.155762>) and got 382.
19:07:26.148 [ATM] Player "ElBizzy" (id=zazFLAJ4lPF6TvVQMMREjst1jC8o_Id9oh_TjGBwaP8=) has withdrawn 1000 from his ATM account.
19:07:36.523 [Market] Player "Mard" (id=OAEsqfVu9Ya3qx3X2Q_PgbpxSoSDXOIUHhH8VWVuumk=) has bought ammo_9x39 x1 (7f537dd0) from the trader "Weapons (Denis [#STR_EXPANSION_MARKET_TRADER_WEAPONS])" in market zone "Trader Zone" (pos=<6675.160645, 104.603935, 6114.155762>) for a price of 2.
19:07:36.679 [Market] Player "Mard" (id=OAEsqfVu9Ya3qx3X2Q_PgbpxSoSDXOIUHhH8VWVuumk=) has bought ammo_9x39 x1 (7f538960) from the trader "Weapons (Denis [#STR_EXPANSION_MARKET_TRADER_WEAPONS])" in market zone "Trader Zone" (pos=<6675.160645, 104.603935, 6114.155762>) for a price of 2.
19:07:36.882 [Market] Player "Mard" (id=OAEsqfVu9Ya3qx3X2Q_PgbpxSoSDXOIUHhH8VWVuumk=) has bought ammo_9x39 x1 (7f53da50) from the trader "Weapons (Denis [#STR_EXPANSION_MARKET_TRADER_WEAPONS])" in market zone "Trader Zone" (pos=<6675.160645, 104.603935, 6114.155762>) for a price of 2.
19:07:37.085 [Market] Player "Mard" (id=OAEsqfVu9Ya3qx3X2Q_PgbpxSoSDXOIUHhH8VWVuumk=) has bought ammo_9x39 x1 (7f52a220) from the trader "Weapons (Denis [#STR_EXPANSION_MARKET_TRADER_WEAPONS])" in market zone "Trader Zone" (pos=<6675.160645, 104.603935, 6114.155762>) for a price of 2.
19:07:37.226 [Market] Player "Mard" (id=OAEsqfVu9Ya3qx3X2Q_PgbpxSoSDXOIUHhH8VWVuumk=) has bought ammo_9x39 x1 (7f527f70) from the trader "Weapons (Denis [#STR_EXPANSION_MARKET_TRADER_WEAPONS])" in market zone "Trader Zone" (pos=<6675.160645, 104.603935, 6114.155762>) for a price of 2.
19:07:37.382 [Market] Player "Mard" (id=OAEsqfVu9Ya3qx3X2Q_PgbpxSoSDXOIUHhH8VWVuumk=) has bought ammo_9x39 x1 (7f528b00) from the trader "Weapons (Denis [#STR_EXPANSION_MARKET_TRADER_WEAPONS])" in market zone "Trader Zone" (pos=<6675.160645, 104.603935, 6114.155762>) for a price of 2.
19:07:37.507 [Market] Player "Mard" (id=OAEsqfVu9Ya3qx3X2Q_PgbpxSoSDXOIUHhH8VWVuumk=) has bought ammo_9x39 x1 (7f52d060) from the trader "Weapons (Denis [#STR_EXPANSION_MARKET_TRADER_WEAPONS])" in market zone "Trader Zone" (pos=<6675.160645, 104.603935, 6114.155762>) for a price of 2.
19:07:37.679 [Market] Player "Mard" (id=OAEsqfVu9Ya3qx3X2Q_PgbpxSoSDXOIUHhH8VWVuumk=) has bought ammo_9x39 x1 (7f532ce0) from the trader "Weapons (Denis [#STR_EXPANSION_MARKET_TRADER_WEAPONS])" in market zone "Trader Zone" (pos=<6675.160645, 104.603935, 6114.155762>) for a price of 2.
19:07:37.843 [Market] Player "Mard" (id=OAEsqfVu9Ya3qx3X2Q_PgbpxSoSDXOIUHhH8VWVuumk=) has bought ammo_9x39 x1 (7f52c4d0) from the trader "Weapons (Denis [#STR_EXPANSION_MARKET_TRADER_WEAPONS])" in market zone "Trader Zone" (pos=<6675.160645, 104.603935, 6114.155762>) for a price of 2.
19:07:37.992 [Market] Player "Mard" (id=OAEsqfVu9Ya3qx3X2Q_PgbpxSoSDXOIUHhH8VWVuumk=) has bought ammo_9x39 x1 (7f52e780) from the trader "Weapons (Denis [#STR_EXPANSION_MARKET_TRADER_WEAPONS])" in market zone "Trader Zone" (pos=<6675.160645, 104.603935, 6114.155762>) for a price of 2.
19:07:42.625 [Market] Player "Stivi the Kid" (id=W44v5r64t_fNpgzRQNLTal2wQQBqWJ8o-Qcc6Jd5hw8=) has bought huntingoptic x1 (416decf0) from the trader "Attachments (Jose [#STR_EXPANSION_MARKET_TRADER_ATTACHMENTS])" in market zone "Trader Zone" (pos=<6675.160645, 104.603935, 6114.155762>) for a price of 1000.
19:07:56.078 [Market] Player "Mard" (id=OAEsqfVu9Ya3qx3X2Q_PgbpxSoSDXOIUHhH8VWVuumk=) has bought ammo_9x39 x1 (7f5315c0) from the trader "Weapons (Denis [#STR_EXPANSION_MARKET_TRADER_WEAPONS])" in market zone "Trader Zone" (pos=<6675.160645, 104.603935, 6114.155762>) for a price of 2.
19:07:56.234 [Market] Player "Mard" (id=OAEsqfVu9Ya3qx3X2Q_PgbpxSoSDXOIUHhH8VWVuumk=) has bought ammo_9x39 x1 (7f52f310) from the trader "Weapons (Denis [#STR_EXPANSION_MARKET_TRADER_WEAPONS])" in market zone "Trader Zone" (pos=<6675.160645, 104.603935, 6114.155762>) for a price of 2.
19:07:56.398 [Market] Player "Mard" (id=OAEsqfVu9Ya3qx3X2Q_PgbpxSoSDXOIUHhH8VWVuumk=) has bought ammo_9x39 x1 (7f52fea0) from the trader "Weapons (Denis [#STR_EXPANSION_MARKET_TRADER_WEAPONS])" in market zone "Trader Zone" (pos=<6675.160645, 104.603935, 6114.155762>) for a price of 2.
19:07:56.570 [Market] Player "Mard" (id=OAEsqfVu9Ya3qx3X2Q_PgbpxSoSDXOIUHhH8VWVuumk=) has bought ammo_9x39 x1 (7f530a30) from the trader "Weapons (Denis [#STR_EXPANSION_MARKET_TRADER_WEAPONS])" in market zone "Trader Zone" (pos=<6675.160645, 104.603935, 6114.155762>) for a price of 2.
19:07:56.804 [Market] Player "Mard" (id=OAEsqfVu9Ya3qx3X2Q_PgbpxSoSDXOIUHhH8VWVuumk=) has bought ammo_9x39 x1 (7f52e780) from the trader "Weapons (Denis [#STR_EXPANSION_MARKET_TRADER_WEAPONS])" in market zone "Trader Zone" (pos=<6675.160645, 104.603935, 6114.155762>) for a price of 2.
19:07:57.945 [Market] Player "Mard" (id=OAEsqfVu9Ya3qx3X2Q_PgbpxSoSDXOIUHhH8VWVuumk=) has bought ammo_9x39 x1 (7f532ce0) from the trader "Weapons (Denis [#STR_EXPANSION_MARKET_TRADER_WEAPONS])" in market zone "Trader Zone" (pos=<6675.160645, 104.603935, 6114.155762>) for a price of 2.
19:07:58.179 [Market] Player "Mard" (id=OAEsqfVu9Ya3qx3X2Q_PgbpxSoSDXOIUHhH8VWVuumk=) has bought ammo_9x39 x1 (7f52c4d0) from the trader "Weapons (Denis [#STR_EXPANSION_MARKET_TRADER_WEAPONS])" in market zone "Trader Zone" (pos=<6675.160645, 104.603935, 6114.155762>) for a price of 2.
19:08:04.914 [Market] Player "ElBizzy" (id=zazFLAJ4lPF6TvVQMMREjst1jC8o_Id9oh_TjGBwaP8=) has bought gasmask_filter x1 (5de4b410) from the trader "Clothing (Naomi [#STR_EXPANSION_MARKET_TRADER_CLOTHING])" in market zone "Trader Zone" (pos=<6675.160645, 104.603935, 6114.155762>) for a price of 1000.
19:08:12.937 [Market] Player "Stivi the Kid" (id=W44v5r64t_fNpgzRQNLTal2wQQBqWJ8o-Qcc6Jd5hw8=) has bought ak_suppressor x1 (5de44070) from the trader "Attachments (Jose [#STR_EXPANSION_MARKET_TRADER_ATTACHMENTS])" in market zone "Trader Zone" (pos=<6675.160645, 104.603935, 6114.155762>) for a price of 25.
19:08:16.179 [Market] Player "Stivi the Kid" (id=W44v5r64t_fNpgzRQNLTal2wQQBqWJ8o-Qcc6Jd5hw8=) has bought m4_suppressor x1 (5de61a80) from the trader "Attachments (Jose [#STR_EXPANSION_MARKET_TRADER_ATTACHMENTS])" in market zone "Trader Zone" (pos=<6675.160645, 104.603935, 6114.155762>) for a price of 25.
19:08:21.968 [Market] Player "Mard" (id=OAEsqfVu9Ya3qx3X2Q_PgbpxSoSDXOIUHhH8VWVuumk=) has bought ammobox_9x39_20rnd x1 (5de50500) from the trader "Weapons (Denis [#STR_EXPANSION_MARKET_TRADER_WEAPONS])" in market zone "Trader Zone" (pos=<6675.160645, 104.603935, 6114.155762>) for a price of 16.
19:08:33.687 [Market] Player "Stivi the Kid" (id=W44v5r64t_fNpgzRQNLTal2wQQBqWJ8o-Qcc6Jd5hw8=) has sold m4_suppressor x1 (5de61a80) at the trader "Attachments (Jose [#STR_EXPANSION_MARKET_TRADER_ATTACHMENTS])" in market zone "Trader Zone" (pos=<6675.160645, 104.603935, 6114.155762>) and got 18.
19:08:35.289 [Market] Player "Stivi the Kid" (id=W44v5r64t_fNpgzRQNLTal2wQQBqWJ8o-Qcc6Jd5hw8=) has sold ak_suppressor x1 (5de44070) at the trader "Attachments (Jose [#STR_EXPANSION_MARKET_TRADER_ATTACHMENTS])" in market zone "Trader Zone" (pos=<6675.160645, 104.603935, 6114.155762>) and got 18.
19:09:03.648 [Market] Player "ElBizzy" (id=zazFLAJ4lPF6TvVQMMREjst1jC8o_Id9oh_TjGBwaP8=) has bought charcoaltablets x1 (450bd0a0) from the trader "Medicals (Mirek [#STR_EXPANSION_MARKET_TRADER_MEDICALS])" in market zone "Trader Zone" (pos=<6675.160645, 104.603935, 6114.155762>) for a price of 2.
19:09:08.250 [Market] Player "Stivi the Kid" (id=W44v5r64t_fNpgzRQNLTal2wQQBqWJ8o-Qcc6Jd5hw8=) has sold ammo_762x39 x1 (6cbf5060) at the trader "Weapons (Denis [#STR_EXPANSION_MARKET_TRADER_WEAPONS])" in market zone "Trader Zone" (pos=<6675.160645, 104.603935, 6114.155762>) and got 0.
19:09:12.539 [Market] Player "Stivi the Kid" (id=W44v5r64t_fNpgzRQNLTal2wQQBqWJ8o-Qcc6Jd5hw8=) has sold ammo_45acp x1 (6cbfc400) at the trader "Weapons (Denis [#STR_EXPANSION_MARKET_TRADER_WEAPONS])" in market zone "Trader Zone" (pos=<6675.160645, 104.603935, 6114.155762>) and got 0.
19:09:14.710 [Market] Player "Stivi the Kid" (id=W44v5r64t_fNpgzRQNLTal2wQQBqWJ8o-Qcc6Jd5hw8=) has sold ammo_45acp x1 (6cbfc400) at the trader "Weapons (Denis [#STR_EXPANSION_MARKET_TRADER_WEAPONS])" in market zone "Trader Zone" (pos=<6675.160645, 104.603935, 6114.155762>) and got 0.
19:09:14.875 [Market] Player "Stivi the Kid" (id=W44v5r64t_fNpgzRQNLTal2wQQBqWJ8o-Qcc6Jd5hw8=) has sold ammo_45acp x1 (6cbfc400) at the trader "Weapons (Denis [#STR_EXPANSION_MARKET_TRADER_WEAPONS])" in market zone "Trader Zone" (pos=<6675.160645, 104.603935, 6114.155762>) and got 0.
19:09:15.046 [Market] Player "Stivi the Kid" (id=W44v5r64t_fNpgzRQNLTal2wQQBqWJ8o-Qcc6Jd5hw8=) has sold ammo_45acp x1 (6cbfc400) at the trader "Weapons (Denis [#STR_EXPANSION_MARKET_TRADER_WEAPONS])" in market zone "Trader Zone" (pos=<6675.160645, 104.603935, 6114.155762>) and got 0.
19:09:15.218 [Market] Player "Stivi the Kid" (id=W44v5r64t_fNpgzRQNLTal2wQQBqWJ8o-Qcc6Jd5hw8=) has sold ammo_45acp x1 (6cbfc400) at the trader "Weapons (Denis [#STR_EXPANSION_MARKET_TRADER_WEAPONS])" in market zone "Trader Zone" (pos=<6675.160645, 104.603935, 6114.155762>) and got 0.
19:09:15.898 [Market] Player "Stivi the Kid" (id=W44v5r64t_fNpgzRQNLTal2wQQBqWJ8o-Qcc6Jd5hw8=) has sold ammo_45acp x1 (6cbfc400) at the trader "Weapons (Denis [#STR_EXPANSION_MARKET_TRADER_WEAPONS])" in market zone "Trader Zone" (pos=<6675.160645, 104.603935, 6114.155762>) and got 0.
19:09:16.187 [Market] Player "Stivi the Kid" (id=W44v5r64t_fNpgzRQNLTal2wQQBqWJ8o-Qcc6Jd5hw8=) has sold ammo_45acp x1 (6cbfc400) at the trader "Weapons (Denis [#STR_EXPANSION_MARKET_TRADER_WEAPONS])" in market zone "Trader Zone" (pos=<6675.160645, 104.603935, 6114.155762>) and got 0.
19:09:16.781 [Market] Player "Stivi the Kid" (id=W44v5r64t_fNpgzRQNLTal2wQQBqWJ8o-Qcc6Jd5hw8=) has sold ammo_45acp x1 (6cbfc400) at the trader "Weapons (Denis [#STR_EXPANSION_MARKET_TRADER_WEAPONS])" in market zone "Trader Zone" (pos=<6675.160645, 104.603935, 6114.155762>) and got 0.
19:09:25.460 [Market] Player "ElBizzy" (id=zazFLAJ4lPF6TvVQMMREjst1jC8o_Id9oh_TjGBwaP8=) has bought heatpack x1 (9428d0f0) from the trader "Medicals (Mirek [#STR_EXPANSION_MARKET_TRADER_MEDICALS])" in market zone "Trader Zone" (pos=<6675.160645, 104.603935, 6114.155762>) for a price of 10.
19:10:19.609 [Market] Player "ElBizzy" (id=zazFLAJ4lPF6TvVQMMREjst1jC8o_Id9oh_TjGBwaP8=) has bought petrollighter x1 (942ba960) from the trader "Components (Cyril [#STR_EXPANSION_MARKET_TRADER_COMPONENTS])" in market zone "Trader Zone" (pos=<6675.160645, 104.603935, 6114.155762>) for a price of 8.
19:10:24.585 [Market] Player "Stivi the Kid" (id=W44v5r64t_fNpgzRQNLTal2wQQBqWJ8o-Qcc6Jd5hw8=) has sold ammobox_380_35rnd x1 (6e886030) at the trader "Weapons (Denis [#STR_EXPANSION_MARKET_TRADER_WEAPONS])" in market zone "Trader Zone" (pos=<6675.160645, 104.603935, 6114.155762>) and got 10.
19:10:42.343 [Market] Player "Mard" (id=OAEsqfVu9Ya3qx3X2Q_PgbpxSoSDXOIUHhH8VWVuumk=) has bought canteen x1 (49478c40) from the trader "Consumables (Linda [#STR_EXPANSION_MARKET_TRADER_CONSUMABLES])" in market zone "Trader Zone" (pos=<6675.160645, 104.603935, 6114.155762>) for a price of 18.
19:10:43.335 [Market] Player "Mard" (id=OAEsqfVu9Ya3qx3X2Q_PgbpxSoSDXOIUHhH8VWVuumk=) has bought canteen x1 (36e80690) from the trader "Consumables (Linda [#STR_EXPANSION_MARKET_TRADER_CONSUMABLES])" in market zone "Trader Zone" (pos=<6675.160645, 104.603935, 6114.155762>) for a price of 18.
19:10:45.460 [Market] Player "Mard" (id=OAEsqfVu9Ya3qx3X2Q_PgbpxSoSDXOIUHhH8VWVuumk=) has sold canteen x1 (6e754e70) at the trader "Consumables (Linda [#STR_EXPANSION_MARKET_TRADER_CONSUMABLES])" in market zone "Trader Zone" (pos=<6675.160645, 104.603935, 6114.155762>) and got 4.
19:10:45.960 [Market] Player "Mard" (id=OAEsqfVu9Ya3qx3X2Q_PgbpxSoSDXOIUHhH8VWVuumk=) has sold canteen x1 (49478c40) at the trader "Consumables (Linda [#STR_EXPANSION_MARKET_TRADER_CONSUMABLES])" in market zone "Trader Zone" (pos=<6675.160645, 104.603935, 6114.155762>) and got 13.
19:10:47.109 [Market] Player "Mard" (id=OAEsqfVu9Ya3qx3X2Q_PgbpxSoSDXOIUHhH8VWVuumk=) has sold canteen x1 (6e74e1e0) at the trader "Consumables (Linda [#STR_EXPANSION_MARKET_TRADER_CONSUMABLES])" in market zone "Trader Zone" (pos=<6675.160645, 104.603935, 6114.155762>) and got 3.
19:10:47.851 [Market] Player "Mard" (id=OAEsqfVu9Ya3qx3X2Q_PgbpxSoSDXOIUHhH8VWVuumk=) has sold canteen x1 (36e80690) at the trader "Consumables (Linda [#STR_EXPANSION_MARKET_TRADER_CONSUMABLES])" in market zone "Trader Zone" (pos=<6675.160645, 104.603935, 6114.155762>) and got 13.
19:10:51.640 [Market] Player "Mard" (id=OAEsqfVu9Ya3qx3X2Q_PgbpxSoSDXOIUHhH8VWVuumk=) has bought canteen x1 (43411520) from the trader "Consumables (Linda [#STR_EXPANSION_MARKET_TRADER_CONSUMABLES])" in market zone "Trader Zone" (pos=<6675.160645, 104.603935, 6114.155762>) for a price of 18.
19:10:52.125 [Market] Player "Mard" (id=OAEsqfVu9Ya3qx3X2Q_PgbpxSoSDXOIUHhH8VWVuumk=) has bought canteen x1 (4340e4e0) from the trader "Consumables (Linda [#STR_EXPANSION_MARKET_TRADER_CONSUMABLES])" in market zone "Trader Zone" (pos=<6675.160645, 104.603935, 6114.155762>) for a price of 18.
19:11:06.007 [Market] Player "Stivi the Kid" (id=W44v5r64t_fNpgzRQNLTal2wQQBqWJ8o-Qcc6Jd5hw8=) has sold ammobox_545x39_20rnd x1 (6cbfa150) at the trader "Weapons (Denis [#STR_EXPANSION_MARKET_TRADER_WEAPONS])" in market zone "Trader Zone" (pos=<6675.160645, 104.603935, 6114.155762>) and got 12.
19:11:07.382 [Market] Player "Stivi the Kid" (id=W44v5r64t_fNpgzRQNLTal2wQQBqWJ8o-Qcc6Jd5hw8=) has bought ammobox_556x45_20rnd x1 (81b698b0) from the trader "Weapons (Denis [#STR_EXPANSION_MARKET_TRADER_WEAPONS])" in market zone "Trader Zone" (pos=<6675.160645, 104.603935, 6114.155762>) for a price of 32.
19:11:07.562 [Market] Player "Stivi the Kid" (id=W44v5r64t_fNpgzRQNLTal2wQQBqWJ8o-Qcc6Jd5hw8=) has bought ammobox_556x45_20rnd x1 (8bf05ce0) from the trader "Weapons (Denis [#STR_EXPANSION_MARKET_TRADER_WEAPONS])" in market zone "Trader Zone" (pos=<6675.160645, 104.603935, 6114.155762>) for a price of 32.
19:11:08.359 [Market] Player "Stivi the Kid" (id=W44v5r64t_fNpgzRQNLTal2wQQBqWJ8o-Qcc6Jd5hw8=) has bought ammobox_556x45_20rnd x1 (8bf07400) from the trader "Weapons (Denis [#STR_EXPANSION_MARKET_TRADER_WEAPONS])" in market zone "Trader Zone" (pos=<6675.160645, 104.603935, 6114.155762>) for a price of 32.
19:11:11.687 [Market] Player "Stivi the Kid" (id=W44v5r64t_fNpgzRQNLTal2wQQBqWJ8o-Qcc6Jd5hw8=) has bought ammobox_9x39_20rnd x1 (8bf01780) from the trader "Weapons (Denis [#STR_EXPANSION_MARKET_TRADER_WEAPONS])" in market zone "Trader Zone" (pos=<6675.160645, 104.603935, 6114.155762>) for a price of 16.
19:11:20.593 [Market] Player "Mard" (id=OAEsqfVu9Ya3qx3X2Q_PgbpxSoSDXOIUHhH8VWVuumk=) has bought sodacan_cola x1 (4e61a960) from the trader "Consumables (Linda [#STR_EXPANSION_MARKET_TRADER_CONSUMABLES])" in market zone "Trader Zone" (pos=<6675.160645, 104.603935, 6114.155762>) for a price of 10.
19:12:12.257 [Market] Player "Mard" (id=OAEsqfVu9Ya3qx3X2Q_PgbpxSoSDXOIUHhH8VWVuumk=) has bought morphine x1 (69c78c00) from the trader "Medicals (Mirek [#STR_EXPANSION_MARKET_TRADER_MEDICALS])" in market zone "Trader Zone" (pos=<6675.160645, 104.603935, 6114.155762>) for a price of 25.
19:12:13.320 [Market] Player "Mard" (id=OAEsqfVu9Ya3qx3X2Q_PgbpxSoSDXOIUHhH8VWVuumk=) has bought epinephrine x1 (69c75dc0) from the trader "Medicals (Mirek [#STR_EXPANSION_MARKET_TRADER_MEDICALS])" in market zone "Trader Zone" (pos=<6675.160645, 104.603935, 6114.155762>) for a price of 20.
19:12:45.117 [Market] Player "Mard" (id=OAEsqfVu9Ya3qx3X2Q_PgbpxSoSDXOIUHhH8VWVuumk=) has sold airbornemask x1 (5ef4ad80) at the trader "Clothing (Naomi [#STR_EXPANSION_MARKET_TRADER_CLOTHING])" in market zone "Trader Zone" (pos=<6675.160645, 104.603935, 6114.155762>) and got 150.
19:14:14.867 [ATM] Player "Mard" (id=OAEsqfVu9Ya3qx3X2Q_PgbpxSoSDXOIUHhH8VWVuumk=) has withdrawn 500 from his ATM account.
19:14:18.554 [ATM] Player "Stivi the Kid" (id=W44v5r64t_fNpgzRQNLTal2wQQBqWJ8o-Qcc6Jd5hw8=) has withdrawn 3000 from his ATM account.
19:14:43.929 [ATM] Player "Stivi the Kid" (id=W44v5r64t_fNpgzRQNLTal2wQQBqWJ8o-Qcc6Jd5hw8=) has withdrawn 2704 from his ATM account.
19:14:51.570 [Market] Player "Mard" (id=OAEsqfVu9Ya3qx3X2Q_PgbpxSoSDXOIUHhH8VWVuumk=) has bought gasmask_filter x1 (a42abc20) from the trader "Clothing (Naomi [#STR_EXPANSION_MARKET_TRADER_CLOTHING])" in market zone "Trader Zone" (pos=<6675.160645, 104.603935, 6114.155762>) for a price of 1000.
19:15:07.523 [Market] Player "Stivi the Kid" (id=W44v5r64t_fNpgzRQNLTal2wQQBqWJ8o-Qcc6Jd5hw8=) has bought rice x1 (3d754d00) from the trader "Consumables (Linda [#STR_EXPANSION_MARKET_TRADER_CONSUMABLES])" in market zone "Trader Zone" (pos=<6675.160645, 104.603935, 6114.155762>) for a price of 13.
19:15:07.718 [Market] Player "Stivi the Kid" (id=W44v5r64t_fNpgzRQNLTal2wQQBqWJ8o-Qcc6Jd5hw8=) has bought rice x1 (3d7686a0) from the trader "Consumables (Linda [#STR_EXPANSION_MARKET_TRADER_CONSUMABLES])" in market zone "Trader Zone" (pos=<6675.160645, 104.603935, 6114.155762>) for a price of 13.
19:15:09.234 [Market] Player "Stivi the Kid" (id=W44v5r64t_fNpgzRQNLTal2wQQBqWJ8o-Qcc6Jd5hw8=) has bought rice x1 (3d76f330) from the trader "Consumables (Linda [#STR_EXPANSION_MARKET_TRADER_CONSUMABLES])" in market zone "Trader Zone" (pos=<6675.160645, 104.603935, 6114.155762>) for a price of 13.
19:15:19.187 [Market] Player "Stivi the Kid" (id=W44v5r64t_fNpgzRQNLTal2wQQBqWJ8o-Qcc6Jd5hw8=) has bought canteen x1 (396932a0) from the trader "Consumables (Linda [#STR_EXPANSION_MARKET_TRADER_CONSUMABLES])" in market zone "Trader Zone" (pos=<6675.160645, 104.603935, 6114.155762>) for a price of 18.
19:15:52.718 [Market] Player "Stivi the Kid" (id=W44v5r64t_fNpgzRQNLTal2wQQBqWJ8o-Qcc6Jd5hw8=) has bought heatpack x1 (a42c39b0) from the trader "Medicals (Mirek [#STR_EXPANSION_MARKET_TRADER_MEDICALS])" in market zone "Trader Zone" (pos=<6675.160645, 104.603935, 6114.155762>) for a price of 10.
19:15:53.390 [Market] Player "Stivi the Kid" (id=W44v5r64t_fNpgzRQNLTal2wQQBqWJ8o-Qcc6Jd5hw8=) has bought heatpack x1 (a42cad50) from the trader "Medicals (Mirek [#STR_EXPANSION_MARKET_TRADER_MEDICALS])" in market zone "Trader Zone" (pos=<6675.160645, 104.603935, 6114.155762>) for a price of 10.
19:15:53.984 [Market] Player "Stivi the Kid" (id=W44v5r64t_fNpgzRQNLTal2wQQBqWJ8o-Qcc6Jd5hw8=) has bought heatpack x1 (a42cb8e0) from the trader "Medicals (Mirek [#STR_EXPANSION_MARKET_TRADER_MEDICALS])" in market zone "Trader Zone" (pos=<6675.160645, 104.603935, 6114.155762>) for a price of 10.
19:15:54.562 [Market] Player "Stivi the Kid" (id=W44v5r64t_fNpgzRQNLTal2wQQBqWJ8o-Qcc6Jd5hw8=) has bought heatpack x1 (a42cc470) from the trader "Medicals (Mirek [#STR_EXPANSION_MARKET_TRADER_MEDICALS])" in market zone "Trader Zone" (pos=<6675.160645, 104.603935, 6114.155762>) for a price of 10.
19:15:55.195 [Market] Player "Stivi the Kid" (id=W44v5r64t_fNpgzRQNLTal2wQQBqWJ8o-Qcc6Jd5hw8=) has bought heatpack x1 (a42d09d0) from the trader "Medicals (Mirek [#STR_EXPANSION_MARKET_TRADER_MEDICALS])" in market zone "Trader Zone" (pos=<6675.160645, 104.603935, 6114.155762>) for a price of 10.
19:15:56.046 [Market] Player "Stivi the Kid" (id=W44v5r64t_fNpgzRQNLTal2wQQBqWJ8o-Qcc6Jd5hw8=) has bought heatpack x1 (a42d20f0) from the trader "Medicals (Mirek [#STR_EXPANSION_MARKET_TRADER_MEDICALS])" in market zone "Trader Zone" (pos=<6675.160645, 104.603935, 6114.155762>) for a price of 10.
19:16:26.585 [Market] Player "Stivi the Kid" (id=W44v5r64t_fNpgzRQNLTal2wQQBqWJ8o-Qcc6Jd5hw8=) has sold highcapacityvest_black x1 (6cc07d00) at the trader "Clothing (Naomi [#STR_EXPANSION_MARKET_TRADER_CLOTHING])" in market zone "Trader Zone" (pos=<6675.160645, 104.603935, 6114.155762>) and got 75.
19:16:33.273 [Market] Player "Stivi the Kid" (id=W44v5r64t_fNpgzRQNLTal2wQQBqWJ8o-Qcc6Jd5hw8=) has bought gasmask_filter x1 (a41cd470) from the trader "Clothing (Naomi [#STR_EXPANSION_MARKET_TRADER_CLOTHING])" in market zone "Trader Zone" (pos=<6675.160645, 104.603935, 6114.155762>) for a price of 1000.
19:16:47.679 [Market] Player "Stivi the Kid" (id=W44v5r64t_fNpgzRQNLTal2wQQBqWJ8o-Qcc6Jd5hw8=) has sold bandana_blackpattern x1 (6cc0d980) at the trader "Clothing (Naomi [#STR_EXPANSION_MARKET_TRADER_CLOTHING])" in market zone "Trader Zone" (pos=<6675.160645, 104.603935, 6114.155762>) and got 1.
19:18:16.695 [ATM] Player "Mard" (id=OAEsqfVu9Ya3qx3X2Q_PgbpxSoSDXOIUHhH8VWVuumk=) has withdrawn 200 from his ATM account.
19:18:34.445 [Market] Player "Mard" (id=OAEsqfVu9Ya3qx3X2Q_PgbpxSoSDXOIUHhH8VWVuumk=) has bought ammobox_762x39_20rnd x1 (a4222b40) from the trader "Weapons (Denis [#STR_EXPANSION_MARKET_TRADER_WEAPONS])" in market zone "Trader Zone" (pos=<6675.160645, 104.603935, 6114.155762>) for a price of 32.
19:18:34.656 [Market] Player "Mard" (id=OAEsqfVu9Ya3qx3X2Q_PgbpxSoSDXOIUHhH8VWVuumk=) has bought ammobox_762x39_20rnd x1 (a4226510) from the trader "Weapons (Denis [#STR_EXPANSION_MARKET_TRADER_WEAPONS])" in market zone "Trader Zone" (pos=<6675.160645, 104.603935, 6114.155762>) for a price of 32.
19:18:36.570 [Market] Player "Mard" (id=OAEsqfVu9Ya3qx3X2Q_PgbpxSoSDXOIUHhH8VWVuumk=) has bought ammobox_9x39_20rnd x1 (a42270a0) from the trader "Weapons (Denis [#STR_EXPANSION_MARKET_TRADER_WEAPONS])" in market zone "Trader Zone" (pos=<6675.160645, 104.603935, 6114.155762>) for a price of 16.
19:18:37.382 [Market] Player "Mard" (id=OAEsqfVu9Ya3qx3X2Q_PgbpxSoSDXOIUHhH8VWVuumk=) has bought ammobox_762x39_20rnd x1 (a4227c30) from the trader "Weapons (Denis [#STR_EXPANSION_MARKET_TRADER_WEAPONS])" in market zone "Trader Zone" (pos=<6675.160645, 104.603935, 6114.155762>) for a price of 32.
19:18:50.890 [Market] Player "Stivi the Kid" (id=W44v5r64t_fNpgzRQNLTal2wQQBqWJ8o-Qcc6Jd5hw8=) has bought universallight x1 (a4233530) from the trader "Attachments (Jose [#STR_EXPANSION_MARKET_TRADER_ATTACHMENTS])" in market zone "Trader Zone" (pos=<6675.160645, 104.603935, 6114.155762>) for a price of 120.
19:19:19.578 [Market] Player "Mard" (id=OAEsqfVu9Ya3qx3X2Q_PgbpxSoSDXOIUHhH8VWVuumk=) has bought ammo_762x39 x1 (a4256bc0) from the trader "Weapons (Denis [#STR_EXPANSION_MARKET_TRADER_WEAPONS])" in market zone "Trader Zone" (pos=<6675.160645, 104.603935, 6114.155762>) for a price of 2.
19:19:19.976 [Market] Player "Mard" (id=OAEsqfVu9Ya3qx3X2Q_PgbpxSoSDXOIUHhH8VWVuumk=) has bought ammo_762x39 x1 (a4258e70) from the trader "Weapons (Denis [#STR_EXPANSION_MARKET_TRADER_WEAPONS])" in market zone "Trader Zone" (pos=<6675.160645, 104.603935, 6114.155762>) for a price of 2.
19:19:20.835 [Market] Player "Mard" (id=OAEsqfVu9Ya3qx3X2Q_PgbpxSoSDXOIUHhH8VWVuumk=) has bought ammo_762x39 x1 (4552c070) from the trader "Weapons (Denis [#STR_EXPANSION_MARKET_TRADER_WEAPONS])" in market zone "Trader Zone" (pos=<6675.160645, 104.603935, 6114.155762>) for a price of 2.
19:19:21.171 [Market] Player "Mard" (id=OAEsqfVu9Ya3qx3X2Q_PgbpxSoSDXOIUHhH8VWVuumk=) has bought ammo_762x39 x1 (45531cf0) from the trader "Weapons (Denis [#STR_EXPANSION_MARKET_TRADER_WEAPONS])" in market zone "Trader Zone" (pos=<6675.160645, 104.603935, 6114.155762>) for a price of 2.
19:19:22.070 [Market] Player "Mard" (id=OAEsqfVu9Ya3qx3X2Q_PgbpxSoSDXOIUHhH8VWVuumk=) has bought ammo_762x39 x1 (4552d790) from the trader "Weapons (Denis [#STR_EXPANSION_MARKET_TRADER_WEAPONS])" in market zone "Trader Zone" (pos=<6675.160645, 104.603935, 6114.155762>) for a price of 2.
19:19:22.460 [Market] Player "Mard" (id=OAEsqfVu9Ya3qx3X2Q_PgbpxSoSDXOIUHhH8VWVuumk=) has bought ammo_762x39 x1 (4552fa40) from the trader "Weapons (Denis [#STR_EXPANSION_MARKET_TRADER_WEAPONS])" in market zone "Trader Zone" (pos=<6675.160645, 104.603935, 6114.155762>) for a price of 2.
19:21:19.851 [ATM] Player "Mard" (id=OAEsqfVu9Ya3qx3X2Q_PgbpxSoSDXOIUHhH8VWVuumk=) has deposited 76 on his ATM account.
19:21:27.859 [ATM] Player "ElBizzy" (id=zazFLAJ4lPF6TvVQMMREjst1jC8o_Id9oh_TjGBwaP8=) has deposited 167 on his ATM account.
19:21:33.726 [ATM] Player "Stivi the Kid" (id=W44v5r64t_fNpgzRQNLTal2wQQBqWJ8o-Qcc6Jd5hw8=) has deposited 4839 on his ATM account.
19:22:45.445 [Safezone] Player "{1:name}" (id={1:id} pos={1:position}) left the safezone
19:22:48.585 [Safezone] Player "{1:name}" (id={1:id} pos={1:position}) left the safezone
19:22:49.335 [Safezone] Player "{1:name}" (id={1:id} pos={1:position}) left the safezone
20:04:09.765 [Safezone] Player "MrWowaWowa" (id=wBwiybhmqSv3IfINgIr99PhPwxKwXc4RCt6SZurIBXQ= pos=<6676.09, 102.5, 6112.09>) entered the safezone
20:04:09.765 [Party] Player "MrWowaWowa" (id=wBwiybhmqSv3IfINgIr99PhPwxKwXc4RCt6SZurIBXQ=) joinded the party "Hawk Fearless" (id=5 ownerUID=wBwiybhmqSv3IfINgIr99PhPwxKwXc4RCt6SZurIBXQ= ownerName=MrWowaWowa)
20:06:27.148 [Safezone] Player "InsaneDragon" (id=x4LagE1tkWZT3bjC-XP6rLWv8DeK3_mU6p_YbkyonaU= pos=<6687.66, 105.95, 6120.18>) entered the safezone
20:06:27.148 [Party] Player "InsaneDragon" (id=x4LagE1tkWZT3bjC-XP6rLWv8DeK3_mU6p_YbkyonaU=) joinded the party "Legion Daring" (id=9 ownerUID=x4LagE1tkWZT3bjC-XP6rLWv8DeK3_mU6p_YbkyonaU= ownerName=InsaneDragon)
20:08:18.742 [Safezone] Player "{1:name}" (id={1:id} pos={1:position}) left the safezone
20:08:52.890 [Party] Player "Eric" (id=DT1QFut1v8UN48skN3UnroicVIl_5hTizZZZSwLRxk8=) joinded the party "Hawk Fearless" (id=5 ownerUID=wBwiybhmqSv3IfINgIr99PhPwxKwXc4RCt6SZurIBXQ= ownerName=MrWowaWowa)
20:12:18.953 [Party] Player "InsaneDragon" (id=x4LagE1tkWZT3bjC-XP6rLWv8DeK3_mU6p_YbkyonaU=) left the party "Legion Daring" (id=9 ownerUID=x4LagE1tkWZT3bjC-XP6rLWv8DeK3_mU6p_YbkyonaU= ownerName=InsaneDragon)
20:16:58.023 [Party] Player "Rayco" (id=gbGdwJFlaqpynCq0uw367ohtxaicnRJka_kbfCowwco=) joinded the party "soloLiv" (id=44 ownerUID= ownerName=)
20:16:58.031 [Party] Player "Rayco" (id=gbGdwJFlaqpynCq0uw367ohtxaicnRJka_kbfCowwco=) created a party named soloLiv (SLLIV)
20:21:45.843 [Safezone] Player "MaHXmi3 | Slayer" (id=_AqICEBF10fARr_5J1u6RE7mqS8sFkumFiqXBfcXjhU= pos=<6680.71, 102.57, 6083.67>) entered the safezone
20:21:45.843 [Party] Player "MaHXmi3 | Slayer" (id=_AqICEBF10fARr_5J1u6RE7mqS8sFkumFiqXBfcXjhU=) joinded the party "Hawk Fearless" (id=5 ownerUID=wBwiybhmqSv3IfINgIr99PhPwxKwXc4RCt6SZurIBXQ= ownerName=MrWowaWowa)
20:22:31.671 [Market] Player "MaHXmi3 | Slayer" (id=_AqICEBF10fARr_5J1u6RE7mqS8sFkumFiqXBfcXjhU=) has sold ump45 x1 (417a8d80, M68Optic<8234bf20>) at the trader "Weapons (Denis [#STR_EXPANSION_MARKET_TRADER_WEAPONS])" in market zone "Trader Zone" (pos=<6675.160645, 104.603935, 6114.155762>) and got 975.
20:24:11.242 [Market] Player "MaHXmi3 | Slayer" (id=_AqICEBF10fARr_5J1u6RE7mqS8sFkumFiqXBfcXjhU=) has sold ammo_762x39 x1 (4d38f370) at the trader "Weapons (Denis [#STR_EXPANSION_MARKET_TRADER_WEAPONS])" in market zone "Trader Zone" (pos=<6675.160645, 104.603935, 6114.155762>) and got 0.
20:24:14.914 [Market] Player "MaHXmi3 | Slayer" (id=_AqICEBF10fARr_5J1u6RE7mqS8sFkumFiqXBfcXjhU=) has sold ammo_762x39 x1 (4d38f370) at the trader "Weapons (Denis [#STR_EXPANSION_MARKET_TRADER_WEAPONS])" in market zone "Trader Zone" (pos=<6675.160645, 104.603935, 6114.155762>) and got 0.
20:24:15.523 [Market] Player "MaHXmi3 | Slayer" (id=_AqICEBF10fARr_5J1u6RE7mqS8sFkumFiqXBfcXjhU=) has sold ammo_762x39 x1 (4d38f370) at the trader "Weapons (Denis [#STR_EXPANSION_MARKET_TRADER_WEAPONS])" in market zone "Trader Zone" (pos=<6675.160645, 104.603935, 6114.155762>) and got 0.
20:24:16.015 [Market] Player "MaHXmi3 | Slayer" (id=_AqICEBF10fARr_5J1u6RE7mqS8sFkumFiqXBfcXjhU=) has sold ammo_9x19 x1 (a21fd310) at the trader "Weapons (Denis [#STR_EXPANSION_MARKET_TRADER_WEAPONS])" in market zone "Trader Zone" (pos=<6675.160645, 104.603935, 6114.155762>) and got 1.
20:24:17.257 [Market] Player "MaHXmi3 | Slayer" (id=_AqICEBF10fARr_5J1u6RE7mqS8sFkumFiqXBfcXjhU=) has bought ammo_9x19 x1 (43758980) from the trader "Weapons (Denis [#STR_EXPANSION_MARKET_TRADER_WEAPONS])" in market zone "Trader Zone" (pos=<6675.160645, 104.603935, 6114.155762>) for a price of 2.
20:24:18.773 [Market] Player "MaHXmi3 | Slayer" (id=_AqICEBF10fARr_5J1u6RE7mqS8sFkumFiqXBfcXjhU=) has bought ammo_9x19 x1 (4375ac30) from the trader "Weapons (Denis [#STR_EXPANSION_MARKET_TRADER_WEAPONS])" in market zone "Trader Zone" (pos=<6675.160645, 104.603935, 6114.155762>) for a price of 2.
20:24:18.945 [Market] Player "MaHXmi3 | Slayer" (id=_AqICEBF10fARr_5J1u6RE7mqS8sFkumFiqXBfcXjhU=) has bought ammo_9x19 x1 (4375b7c0) from the trader "Weapons (Denis [#STR_EXPANSION_MARKET_TRADER_WEAPONS])" in market zone "Trader Zone" (pos=<6675.160645, 104.603935, 6114.155762>) for a price of 2.
20:24:19.078 [Market] Player "MaHXmi3 | Slayer" (id=_AqICEBF10fARr_5J1u6RE7mqS8sFkumFiqXBfcXjhU=) has bought ammo_9x19 x1 (4375f190) from the trader "Weapons (Denis [#STR_EXPANSION_MARKET_TRADER_WEAPONS])" in market zone "Trader Zone" (pos=<6675.160645, 104.603935, 6114.155762>) for a price of 2.
20:24:19.281 [Market] Player "MaHXmi3 | Slayer" (id=_AqICEBF10fARr_5J1u6RE7mqS8sFkumFiqXBfcXjhU=) has bought ammo_9x19 x1 (43769370) from the trader "Weapons (Denis [#STR_EXPANSION_MARKET_TRADER_WEAPONS])" in market zone "Trader Zone" (pos=<6675.160645, 104.603935, 6114.155762>) for a price of 2.
20:24:19.820 [Market] Player "MaHXmi3 | Slayer" (id=_AqICEBF10fARr_5J1u6RE7mqS8sFkumFiqXBfcXjhU=) has bought ammo_9x19 x1 (437659a0) from the trader "Weapons (Denis [#STR_EXPANSION_MARKET_TRADER_WEAPONS])" in market zone "Trader Zone" (pos=<6675.160645, 104.603935, 6114.155762>) for a price of 2.
20:24:34.148 [Market] Player "MaHXmi3 | Slayer" (id=_AqICEBF10fARr_5J1u6RE7mqS8sFkumFiqXBfcXjhU=) has sold ammobox_762x39_20rnd x1 (4d384600) at the trader "Weapons (Denis [#STR_EXPANSION_MARKET_TRADER_WEAPONS])" in market zone "Trader Zone" (pos=<6675.160645, 104.603935, 6114.155762>) and got 24.
20:24:43.265 [AdminTools] Player "OverKill" (id=P_LVluee20-ZP_xemam3V_6hnFSPQ6Uqa7dsMv8yuYY= pos=<7124.708984, 154.362991, 5715.768555>) used the Admin Hammer to build wood_base
20:24:49.367 [AdminTools] Player "OverKill" (id=P_LVluee20-ZP_xemam3V_6hnFSPQ6Uqa7dsMv8yuYY= pos=<7124.708984, 154.362991, 5715.768555>) used the Admin Hammer to build wood_hatchframe
20:24:57.429 [AdminTools] Player "OverKill" (id=P_LVluee20-ZP_xemam3V_6hnFSPQ6Uqa7dsMv8yuYY= pos=<7124.772461, 154.363037, 5715.291504>) used the Admin Hammer to build wood_hatchfinished
20:24:58.031 [Market] Player "MaHXmi3 | Slayer" (id=_AqICEBF10fARr_5J1u6RE7mqS8sFkumFiqXBfcXjhU=) has sold gasmask x1 (4d388b60) at the trader "Clothing (Naomi [#STR_EXPANSION_MARKET_TRADER_CLOTHING])" in market zone "Trader Zone" (pos=<6675.160645, 104.603935, 6114.155762>) and got 84.
20:25:06.906 [Market] Player "MaHXmi3 | Slayer" (id=_AqICEBF10fARr_5J1u6RE7mqS8sFkumFiqXBfcXjhU=) has sold ukassvest_black x1 (4d385d20) at the trader "Clothing (Naomi [#STR_EXPANSION_MARKET_TRADER_CLOTHING])" in market zone "Trader Zone" (pos=<6675.160645, 104.603935, 6114.155762>) and got 67.
20:26:20.914 [Market] Player "MaHXmi3 | Slayer" (id=_AqICEBF10fARr_5J1u6RE7mqS8sFkumFiqXBfcXjhU=) has bought brisketspread x1 (454ac790) from the trader "Consumables (Linda [#STR_EXPANSION_MARKET_TRADER_CONSUMABLES])" in market zone "Trader Zone" (pos=<6675.160645, 104.603935, 6114.155762>) for a price of 15.
20:26:21.335 [Market] Player "MaHXmi3 | Slayer" (id=_AqICEBF10fARr_5J1u6RE7mqS8sFkumFiqXBfcXjhU=) has bought brisketspread x1 (454a8b40) from the trader "Consumables (Linda [#STR_EXPANSION_MARKET_TRADER_CONSUMABLES])" in market zone "Trader Zone" (pos=<6675.160645, 104.603935, 6114.155762>) for a price of 15.
20:26:21.718 [Market] Player "MaHXmi3 | Slayer" (id=_AqICEBF10fARr_5J1u6RE7mqS8sFkumFiqXBfcXjhU=) has bought brisketspread x1 (39681120) from the trader "Consumables (Linda [#STR_EXPANSION_MARKET_TRADER_CONSUMABLES])" in market zone "Trader Zone" (pos=<6675.160645, 104.603935, 6114.155762>) for a price of 15.
20:26:22.203 [Market] Player "MaHXmi3 | Slayer" (id=_AqICEBF10fARr_5J1u6RE7mqS8sFkumFiqXBfcXjhU=) has bought brisketspread x1 (396ad8d0) from the trader "Consumables (Linda [#STR_EXPANSION_MARKET_TRADER_CONSUMABLES])" in market zone "Trader Zone" (pos=<6675.160645, 104.603935, 6114.155762>) for a price of 15.
20:26:22.664 [Market] Player "MaHXmi3 | Slayer" (id=_AqICEBF10fARr_5J1u6RE7mqS8sFkumFiqXBfcXjhU=) has bought brisketspread x1 (34795530) from the trader "Consumables (Linda [#STR_EXPANSION_MARKET_TRADER_CONSUMABLES])" in market zone "Trader Zone" (pos=<6675.160645, 104.603935, 6114.155762>) for a price of 15.
20:26:23.093 [Market] Player "MaHXmi3 | Slayer" (id=_AqICEBF10fARr_5J1u6RE7mqS8sFkumFiqXBfcXjhU=) has bought brisketspread x1 (3478c470) from the trader "Consumables (Linda [#STR_EXPANSION_MARKET_TRADER_CONSUMABLES])" in market zone "Trader Zone" (pos=<6675.160645, 104.603935, 6114.155762>) for a price of 15.
20:26:23.546 [Market] Player "MaHXmi3 | Slayer" (id=_AqICEBF10fARr_5J1u6RE7mqS8sFkumFiqXBfcXjhU=) has bought brisketspread x1 (433f32a0) from the trader "Consumables (Linda [#STR_EXPANSION_MARKET_TRADER_CONSUMABLES])" in market zone "Trader Zone" (pos=<6675.160645, 104.603935, 6114.155762>) for a price of 15.
20:26:23.898 [Market] Player "MaHXmi3 | Slayer" (id=_AqICEBF10fARr_5J1u6RE7mqS8sFkumFiqXBfcXjhU=) has bought brisketspread x1 (433fc360) from the trader "Consumables (Linda [#STR_EXPANSION_MARKET_TRADER_CONSUMABLES])" in market zone "Trader Zone" (pos=<6675.160645, 104.603935, 6114.155762>) for a price of 15.
20:26:24.687 [Market] Player "MaHXmi3 | Slayer" (id=_AqICEBF10fARr_5J1u6RE7mqS8sFkumFiqXBfcXjhU=) has bought brisketspread x1 (4995b6e0) from the trader "Consumables (Linda [#STR_EXPANSION_MARKET_TRADER_CONSUMABLES])" in market zone "Trader Zone" (pos=<6675.160645, 104.603935, 6114.155762>) for a price of 15.
20:26:25.046 [Market] Player "MaHXmi3 | Slayer" (id=_AqICEBF10fARr_5J1u6RE7mqS8sFkumFiqXBfcXjhU=) has bought brisketspread x1 (499677e0) from the trader "Consumables (Linda [#STR_EXPANSION_MARKET_TRADER_CONSUMABLES])" in market zone "Trader Zone" (pos=<6675.160645, 104.603935, 6114.155762>) for a price of 15.
20:26:27.945 [Market] Player "MaHXmi3 | Slayer" (id=_AqICEBF10fARr_5J1u6RE7mqS8sFkumFiqXBfcXjhU=) has sold canteen x1 (82363510) at the trader "Consumables (Linda [#STR_EXPANSION_MARKET_TRADER_CONSUMABLES])" in market zone "Trader Zone" (pos=<6675.160645, 104.603935, 6114.155762>) and got 8.
20:26:28.984 [Market] Player "MaHXmi3 | Slayer" (id=_AqICEBF10fARr_5J1u6RE7mqS8sFkumFiqXBfcXjhU=) has sold canteen x1 (454c55a0) at the trader "Consumables (Linda [#STR_EXPANSION_MARKET_TRADER_CONSUMABLES])" in market zone "Trader Zone" (pos=<6675.160645, 104.603935, 6114.155762>) and got 3.
20:26:31.218 [Market] Player "MaHXmi3 | Slayer" (id=_AqICEBF10fARr_5J1u6RE7mqS8sFkumFiqXBfcXjhU=) has sold canteen x1 (450d6ac0) at the trader "Consumables (Linda [#STR_EXPANSION_MARKET_TRADER_CONSUMABLES])" in market zone "Trader Zone" (pos=<6675.160645, 104.603935, 6114.155762>) and got 13.
20:26:33.539 [Market] Player "MaHXmi3 | Slayer" (id=_AqICEBF10fARr_5J1u6RE7mqS8sFkumFiqXBfcXjhU=) has bought canteen x1 (450d6ac0) from the trader "Consumables (Linda [#STR_EXPANSION_MARKET_TRADER_CONSUMABLES])" in market zone "Trader Zone" (pos=<6675.160645, 104.603935, 6114.155762>) for a price of 18.
20:26:33.906 [Market] Player "MaHXmi3 | Slayer" (id=_AqICEBF10fARr_5J1u6RE7mqS8sFkumFiqXBfcXjhU=) has bought canteen x1 (450d1650) from the trader "Consumables (Linda [#STR_EXPANSION_MARKET_TRADER_CONSUMABLES])" in market zone "Trader Zone" (pos=<6675.160645, 104.603935, 6114.155762>) for a price of 18.
20:26:34.171 [Market] Player "MaHXmi3 | Slayer" (id=_AqICEBF10fARr_5J1u6RE7mqS8sFkumFiqXBfcXjhU=) has bought canteen x1 (450d8ef0) from the trader "Consumables (Linda [#STR_EXPANSION_MARKET_TRADER_CONSUMABLES])" in market zone "Trader Zone" (pos=<6675.160645, 104.603935, 6114.155762>) for a price of 18.
20:26:34.593 [Market] Player "MaHXmi3 | Slayer" (id=_AqICEBF10fARr_5J1u6RE7mqS8sFkumFiqXBfcXjhU=) has bought canteen x1 (450d9b00) from the trader "Consumables (Linda [#STR_EXPANSION_MARKET_TRADER_CONSUMABLES])" in market zone "Trader Zone" (pos=<6675.160645, 104.603935, 6114.155762>) for a price of 18.
20:26:35.015 [Market] Player "MaHXmi3 | Slayer" (id=_AqICEBF10fARr_5J1u6RE7mqS8sFkumFiqXBfcXjhU=) has bought canteen x1 (450ea460) from the trader "Consumables (Linda [#STR_EXPANSION_MARKET_TRADER_CONSUMABLES])" in market zone "Trader Zone" (pos=<6675.160645, 104.603935, 6114.155762>) for a price of 18.
20:26:36.265 [Market] Player "MaHXmi3 | Slayer" (id=_AqICEBF10fARr_5J1u6RE7mqS8sFkumFiqXBfcXjhU=) has bought canteen x1 (450da710) from the trader "Consumables (Linda [#STR_EXPANSION_MARKET_TRADER_CONSUMABLES])" in market zone "Trader Zone" (pos=<6675.160645, 104.603935, 6114.155762>) for a price of 18.
20:26:42.156 [Safezone] Player "Eric" (id=DT1QFut1v8UN48skN3UnroicVIl_5hTizZZZSwLRxk8= pos=<6625.07, 135.44, 6029.28>) entered the safezone
20:28:04.648 [ATM] Player "Eric" (id=DT1QFut1v8UN48skN3UnroicVIl_5hTizZZZSwLRxk8=) has withdrawn 200 from his ATM account.
20:28:22.109 [AdminTools] Player "OverKill" (id=P_LVluee20-ZP_xemam3V_6hnFSPQ6Uqa7dsMv8yuYY= pos=<7127.426758, 154.362839, 5715.814941>) used the Admin Hammer to build wood_base
20:28:24.914 [Market] Player "Eric" (id=DT1QFut1v8UN48skN3UnroicVIl_5hTizZZZSwLRxk8=) has bought weaponcleaningkit x1 (94f1ede0) from the trader "Components (Cyril [#STR_EXPANSION_MARKET_TRADER_COMPONENTS])" in market zone "Trader Zone" (pos=<6675.160645, 104.603935, 6114.155762>) for a price of 8.
20:28:25.539 [Market] Player "Eric" (id=DT1QFut1v8UN48skN3UnroicVIl_5hTizZZZSwLRxk8=) has bought weaponcleaningkit x1 (94f19160) from the trader "Components (Cyril [#STR_EXPANSION_MARKET_TRADER_COMPONENTS])" in market zone "Trader Zone" (pos=<6675.160645, 104.603935, 6114.155762>) for a price of 8.
20:28:26.015 [Market] Player "Eric" (id=DT1QFut1v8UN48skN3UnroicVIl_5hTizZZZSwLRxk8=) has bought weaponcleaningkit x1 (94f21c20) from the trader "Components (Cyril [#STR_EXPANSION_MARKET_TRADER_COMPONENTS])" in market zone "Trader Zone" (pos=<6675.160645, 104.603935, 6114.155762>) for a price of 8.
20:28:26.414 [AdminTools] Player "OverKill" (id=P_LVluee20-ZP_xemam3V_6hnFSPQ6Uqa7dsMv8yuYY= pos=<7127.426758, 154.362839, 5715.814941>) used the Admin Hammer to build wood_support
20:28:26.453 [Market] Player "Eric" (id=DT1QFut1v8UN48skN3UnroicVIl_5hTizZZZSwLRxk8=) has bought weaponcleaningkit x1 (94f24a60) from the trader "Components (Cyril [#STR_EXPANSION_MARKET_TRADER_COMPONENTS])" in market zone "Trader Zone" (pos=<6675.160645, 104.603935, 6114.155762>) for a price of 8.
20:28:26.843 [Market] Player "Eric" (id=DT1QFut1v8UN48skN3UnroicVIl_5hTizZZZSwLRxk8=) has bought weaponcleaningkit x1 (94f1f970) from the trader "Components (Cyril [#STR_EXPANSION_MARKET_TRADER_COMPONENTS])" in market zone "Trader Zone" (pos=<6675.160645, 104.603935, 6114.155762>) for a price of 8.
20:28:27.195 [Market] Player "Eric" (id=DT1QFut1v8UN48skN3UnroicVIl_5hTizZZZSwLRxk8=) has bought weaponcleaningkit x1 (94f26180) from the trader "Components (Cyril [#STR_EXPANSION_MARKET_TRADER_COMPONENTS])" in market zone "Trader Zone" (pos=<6675.160645, 104.603935, 6114.155762>) for a price of 8.
20:28:27.750 [Market] Player "Eric" (id=DT1QFut1v8UN48skN3UnroicVIl_5hTizZZZSwLRxk8=) has bought weaponcleaningkit x1 (94f2c990) from the trader "Components (Cyril [#STR_EXPANSION_MARKET_TRADER_COMPONENTS])" in market zone "Trader Zone" (pos=<6675.160645, 104.603935, 6114.155762>) for a price of 8.
20:28:28.390 [Market] Player "Eric" (id=DT1QFut1v8UN48skN3UnroicVIl_5hTizZZZSwLRxk8=) has bought weaponcleaningkit x1 (94f28fc0) from the trader "Components (Cyril [#STR_EXPANSION_MARKET_TRADER_COMPONENTS])" in market zone "Trader Zone" (pos=<6675.160645, 104.603935, 6114.155762>) for a price of 8.
20:28:29.000 [Market] Player "Eric" (id=DT1QFut1v8UN48skN3UnroicVIl_5hTizZZZSwLRxk8=) has bought weaponcleaningkit x1 (94f3df10) from the trader "Components (Cyril [#STR_EXPANSION_MARKET_TRADER_COMPONENTS])" in market zone "Trader Zone" (pos=<6675.160645, 104.603935, 6114.155762>) for a price of 8.
20:28:29.718 [Market] Player "Eric" (id=DT1QFut1v8UN48skN3UnroicVIl_5hTizZZZSwLRxk8=) has bought weaponcleaningkit x1 (94f42470) from the trader "Components (Cyril [#STR_EXPANSION_MARKET_TRADER_COMPONENTS])" in market zone "Trader Zone" (pos=<6675.160645, 104.603935, 6114.155762>) for a price of 8.
20:28:30.726 [AdminTools] Player "OverKill" (id=P_LVluee20-ZP_xemam3V_6hnFSPQ6Uqa7dsMv8yuYY= pos=<7127.426758, 154.362839, 5715.814941>) used the Admin Hammer to build wood_tread
20:28:47.664 [ATM] Player "Eric" (id=DT1QFut1v8UN48skN3UnroicVIl_5hTizZZZSwLRxk8=) has withdrawn 1000 from his ATM account.
20:29:03.671 [AdminTools] Player "OverKill" (id=P_LVluee20-ZP_xemam3V_6hnFSPQ6Uqa7dsMv8yuYY= pos=<7128.150879, 154.363037, 5716.294922>) used the Admin Hammer to build wood_base
20:29:07.804 [AdminTools] Player "OverKill" (id=P_LVluee20-ZP_xemam3V_6hnFSPQ6Uqa7dsMv8yuYY= pos=<7128.150879, 154.363037, 5716.294922>) used the Admin Hammer to build wood_floorframe
20:29:11.421 [Market] Player "Eric" (id=DT1QFut1v8UN48skN3UnroicVIl_5hTizZZZSwLRxk8=) has bought largegascanister x1 (7ea365e0) from the trader "Components (Cyril [#STR_EXPANSION_MARKET_TRADER_COMPONENTS])" in market zone "Trader Zone" (pos=<6675.160645, 104.603935, 6114.155762>) for a price of 200.
20:29:11.703 [AdminTools] Player "OverKill" (id=P_LVluee20-ZP_xemam3V_6hnFSPQ6Uqa7dsMv8yuYY= pos=<7128.150879, 154.363037, 5716.294922>) used the Admin Hammer to build wood_floorfinished
20:29:12.023 [Market] Player "Eric" (id=DT1QFut1v8UN48skN3UnroicVIl_5hTizZZZSwLRxk8=) has bought largegascanister x1 (7ea37170) from the trader "Components (Cyril [#STR_EXPANSION_MARKET_TRADER_COMPONENTS])" in market zone "Trader Zone" (pos=<6675.160645, 104.603935, 6114.155762>) for a price of 200.
20:29:12.703 [Market] Player "Eric" (id=DT1QFut1v8UN48skN3UnroicVIl_5hTizZZZSwLRxk8=) has bought largegascanister x1 (7ea37d00) from the trader "Components (Cyril [#STR_EXPANSION_MARKET_TRADER_COMPONENTS])" in market zone "Trader Zone" (pos=<6675.160645, 104.603935, 6114.155762>) for a price of 200.
20:29:13.312 [Market] Player "Eric" (id=DT1QFut1v8UN48skN3UnroicVIl_5hTizZZZSwLRxk8=) has bought largegascanister x1 (7ea39420) from the trader "Components (Cyril [#STR_EXPANSION_MARKET_TRADER_COMPONENTS])" in market zone "Trader Zone" (pos=<6675.160645, 104.603935, 6114.155762>) for a price of 200.
20:30:46.687 [Market] Player "MaHXmi3 | Slayer" (id=_AqICEBF10fARr_5J1u6RE7mqS8sFkumFiqXBfcXjhU=) has bought weaponcleaningkit x1 (4e657390) from the trader "Components (Cyril [#STR_EXPANSION_MARKET_TRADER_COMPONENTS])" in market zone "Trader Zone" (pos=<6675.160645, 104.603935, 6114.155762>) for a price of 8.
20:30:57.585 [AdminTools] Player "OverKill" (id=P_LVluee20-ZP_xemam3V_6hnFSPQ6Uqa7dsMv8yuYY= pos=<7116.982910, 157.366745, 5716.567383>) used the Admin Hammer to build wood_base_half
20:31:02.281 [AdminTools] Player "OverKill" (id=P_LVluee20-ZP_xemam3V_6hnFSPQ6Uqa7dsMv8yuYY= pos=<7116.982910, 157.366745, 5716.567383>) used the Admin Hammer to build wood_wallframe_half
20:31:06.281 [AdminTools] Player "OverKill" (id=P_LVluee20-ZP_xemam3V_6hnFSPQ6Uqa7dsMv8yuYY= pos=<7116.982910, 157.366745, 5716.567383>) used the Admin Hammer to build wood_wallfinished_half
20:31:27.445 [AdminTools] Player "OverKill" (id=P_LVluee20-ZP_xemam3V_6hnFSPQ6Uqa7dsMv8yuYY= pos=<7119.145508, 157.366745, 5715.009766>) used the Admin Hammer to build wood_base_half
20:31:31.515 [AdminTools] Player "OverKill" (id=P_LVluee20-ZP_xemam3V_6hnFSPQ6Uqa7dsMv8yuYY= pos=<7119.220703, 157.366745, 5715.132324>) used the Admin Hammer to build wood_wallframe_half
20:31:35.882 [AdminTools] Player "OverKill" (id=P_LVluee20-ZP_xemam3V_6hnFSPQ6Uqa7dsMv8yuYY= pos=<7119.220703, 157.366745, 5715.132324>) used the Admin Hammer to build wood_wallfinished_half
20:31:57.312 [AdminTools] Player "OverKill" (id=P_LVluee20-ZP_xemam3V_6hnFSPQ6Uqa7dsMv8yuYY= pos=<7118.308105, 157.366623, 5717.882813>) used the Admin Hammer to build wood_base_half
20:32:01.484 [AdminTools] Player "OverKill" (id=P_LVluee20-ZP_xemam3V_6hnFSPQ6Uqa7dsMv8yuYY= pos=<7118.368164, 157.366653, 5717.814941>) used the Admin Hammer to build wood_wallframe_half
20:32:05.210 [AdminTools] Player "OverKill" (id=P_LVluee20-ZP_xemam3V_6hnFSPQ6Uqa7dsMv8yuYY= pos=<7118.368164, 157.366653, 5717.814941>) used the Admin Hammer to build wood_wallfinished_half
20:32:30.664 [ATM] Player "Eric" (id=DT1QFut1v8UN48skN3UnroicVIl_5hTizZZZSwLRxk8=) has deposited 320 on his ATM account.
20:32:32.250 [ATM] Player "MaHXmi3 | Slayer" (id=_AqICEBF10fARr_5J1u6RE7mqS8sFkumFiqXBfcXjhU=) has deposited 897 on his ATM account.
20:33:06.148 [AdminTools] Player "OverKill" (id=P_LVluee20-ZP_xemam3V_6hnFSPQ6Uqa7dsMv8yuYY= pos=<7125.256836, 157.452820, 5715.420410>) used the Admin Hammer to build wood_base_half
20:33:10.250 [AdminTools] Player "OverKill" (id=P_LVluee20-ZP_xemam3V_6hnFSPQ6Uqa7dsMv8yuYY= pos=<7125.256836, 157.452820, 5715.420410>) used the Admin Hammer to build wood_wallframe_half
20:33:14.570 [Safezone] Player "{1:name}" (id={1:id} pos={1:position}) left the safezone
20:33:15.117 [AdminTools] Player "OverKill" (id=P_LVluee20-ZP_xemam3V_6hnFSPQ6Uqa7dsMv8yuYY= pos=<7125.256836, 157.452820, 5715.420410>) used the Admin Hammer to build wood_wallfinished_half
20:33:16.382 [Safezone] Player "{1:name}" (id={1:id} pos={1:position}) left the safezone
20:33:34.250 [AdminTools] Player "OverKill" (id=P_LVluee20-ZP_xemam3V_6hnFSPQ6Uqa7dsMv8yuYY= pos=<7125.334961, 157.406097, 5717.886230>) used the Admin Hammer to build wood_base_half
20:33:38.640 [AdminTools] Player "OverKill" (id=P_LVluee20-ZP_xemam3V_6hnFSPQ6Uqa7dsMv8yuYY= pos=<7125.334961, 157.406097, 5717.886230>) used the Admin Hammer to build wood_wallframe_half
20:33:42.210 [AdminTools] Player "OverKill" (id=P_LVluee20-ZP_xemam3V_6hnFSPQ6Uqa7dsMv8yuYY= pos=<7125.334961, 157.406097, 5717.886230>) used the Admin Hammer to build wood_wallfinished_half
20:34:15.312 [AdminTools] Player "OverKill" (id=P_LVluee20-ZP_xemam3V_6hnFSPQ6Uqa7dsMv8yuYY= pos=<7130.409668, 157.366272, 5716.703125>) used the Admin Hammer to build wood_base_half
20:34:19.710 [AdminTools] Player "OverKill" (id=P_LVluee20-ZP_xemam3V_6hnFSPQ6Uqa7dsMv8yuYY= pos=<7130.409668, 157.366272, 5716.703125>) used the Admin Hammer to build wood_wallframe_half
20:34:23.546 [AdminTools] Player "OverKill" (id=P_LVluee20-ZP_xemam3V_6hnFSPQ6Uqa7dsMv8yuYY= pos=<7130.409668, 157.366272, 5716.703125>) used the Admin Hammer to build wood_wallfinished_half
20:34:31.023 [MissionAirdrop] An airdrop is heading towards "Wind Farm" (pos=<6469.119629, 0.000000, 6864.399902> type=Random_WindFarm) with a ExpansionAirdropContainer_Basebuilding
20:34:42.976 [AdminTools] Player "OverKill" (id=P_LVluee20-ZP_xemam3V_6hnFSPQ6Uqa7dsMv8yuYY= pos=<7131.988770, 157.366241, 5717.265137>) used the Admin Hammer to build wood_base_half
20:34:47.312 [AdminTools] Player "OverKill" (id=P_LVluee20-ZP_xemam3V_6hnFSPQ6Uqa7dsMv8yuYY= pos=<7131.846680, 157.366180, 5717.084473>) used the Admin Hammer to build wood_wallframe_half
20:34:51.406 [AdminTools] Player "OverKill" (id=P_LVluee20-ZP_xemam3V_6hnFSPQ6Uqa7dsMv8yuYY= pos=<7131.846680, 157.366180, 5717.084473>) used the Admin Hammer to build wood_wallfinished_half
20:35:43.773 [AdminTools] Player "OverKill" (id=P_LVluee20-ZP_xemam3V_6hnFSPQ6Uqa7dsMv8yuYY= pos=<7127.955078, 157.366272, 5719.196289>) used the Admin Hammer to build wood_base
20:35:47.742 [AdminTools] Player "OverKill" (id=P_LVluee20-ZP_xemam3V_6hnFSPQ6Uqa7dsMv8yuYY= pos=<7127.955078, 157.366272, 5719.196289>) used the Admin Hammer to build wood_floorframe
20:35:51.671 [AdminTools] Player "OverKill" (id=P_LVluee20-ZP_xemam3V_6hnFSPQ6Uqa7dsMv8yuYY= pos=<7127.955078, 157.366272, 5719.196289>) used the Admin Hammer to build wood_floorfinished
20:35:56.046 [Killfeed] [SLLIV] Rayco commited suicide with CR-75.
20:36:14.351 [Party] Player "Rayco" (id=gbGdwJFlaqpynCq0uw367ohtxaicnRJka_kbfCowwco=) joinded the party "soloLiv" (id=44 ownerUID=gbGdwJFlaqpynCq0uw367ohtxaicnRJka_kbfCowwco= ownerName=Rayco)
20:37:16.953 [AdminTools] Player "OverKill" (id=P_LVluee20-ZP_xemam3V_6hnFSPQ6Uqa7dsMv8yuYY= pos=<7128.384766, 157.366272, 5725.451660>) used the Admin Hammer to build wood_base
20:37:22.257 [AdminTools] Player "OverKill" (id=P_LVluee20-ZP_xemam3V_6hnFSPQ6Uqa7dsMv8yuYY= pos=<7128.384766, 157.366272, 5725.451660>) used the Admin Hammer to build wood_floorframe
20:37:26.179 [AdminTools] Player "OverKill" (id=P_LVluee20-ZP_xemam3V_6hnFSPQ6Uqa7dsMv8yuYY= pos=<7128.384766, 157.366272, 5725.451660>) used the Admin Hammer to build wood_floorfinished
20:40:03.593 [BaseBuildingRaiding] ------------------------- Expansion Base Raiding Damage Report -------------------------
20:40:03.593 [BaseBuildingRaiding] Player "MrWowaWowa" (id=wBwiybhmqSv3IfINgIr99PhPwxKwXc4RCt6SZurIBXQ= pos=<4271.72, 174.88, 6570.57>) damaged ExpansionWall6x3 at <4273.24, 174.87, 6573.34>
20:40:03.593 [BaseBuildingRaiding] They dealt 45.2188 * 1 = 45.2188 damage with Bullet_545x39 from AKS74U
20:40:03.593 [BaseBuildingRaiding] GlobalHealth hitpoints decreased from 30000 to 29954.8
20:40:03.593 [BaseBuildingRaiding] ----------------------------------------------------------------------------------------
20:41:36.312 [AdminTools] Player "OverKill" (id=P_LVluee20-ZP_xemam3V_6hnFSPQ6Uqa7dsMv8yuYY= pos=<7132.148438, 157.366287, 5722.387695>) used the Admin Hammer to build wood_base
20:41:40.273 [AdminTools] Player "OverKill" (id=P_LVluee20-ZP_xemam3V_6hnFSPQ6Uqa7dsMv8yuYY= pos=<7132.148438, 157.366287, 5722.387695>) used the Admin Hammer to build wood_floorframe
20:41:44.171 [AdminTools] Player "OverKill" (id=P_LVluee20-ZP_xemam3V_6hnFSPQ6Uqa7dsMv8yuYY= pos=<7132.148438, 157.366287, 5722.387695>) used the Admin Hammer to build wood_floorfinished
20:42:23.164 [AdminTools] Player "OverKill" (id=P_LVluee20-ZP_xemam3V_6hnFSPQ6Uqa7dsMv8yuYY= pos=<7137.297852, 157.366608, 5722.071289>) used the Admin Hammer to build wood_base_half
20:42:35.789 [AdminTools] Player "OverKill" (id=P_LVluee20-ZP_xemam3V_6hnFSPQ6Uqa7dsMv8yuYY= pos=<7137.297852, 157.366608, 5722.071289>) used the Admin Hammer to build wood_wallframe_half
20:42:47.484 [AdminTools] Player "OverKill" (id=P_LVluee20-ZP_xemam3V_6hnFSPQ6Uqa7dsMv8yuYY= pos=<7137.297852, 157.366608, 5722.071289>) used the Admin Hammer to build wood_wallfinished_half
20:43:06.890 [AdminTools] Player "OverKill" (id=P_LVluee20-ZP_xemam3V_6hnFSPQ6Uqa7dsMv8yuYY= pos=<7137.861816, 157.366745, 5724.781738>) used the Admin Hammer to build wood_base_half
20:43:12.593 [AdminTools] Player "OverKill" (id=P_LVluee20-ZP_xemam3V_6hnFSPQ6Uqa7dsMv8yuYY= pos=<7137.861816, 157.366745, 5724.781738>) used the Admin Hammer to build wood_wallframe_half
20:43:31.585 [AdminTools] Player "OverKill" (id=P_LVluee20-ZP_xemam3V_6hnFSPQ6Uqa7dsMv8yuYY= pos=<7138.127441, 157.514603, 5724.725586>) used the Admin Hammer to build wood_wallfinished_half
20:43:58.296 [AdminTools] Player "OverKill" (id=P_LVluee20-ZP_xemam3V_6hnFSPQ6Uqa7dsMv8yuYY= pos=<7137.604004, 157.366760, 5726.325684>) used the Admin Hammer to build wood_base_half
20:44:03.117 [AdminTools] Player "OverKill" (id=P_LVluee20-ZP_xemam3V_6hnFSPQ6Uqa7dsMv8yuYY= pos=<7137.604004, 157.366760, 5726.325684>) used the Admin Hammer to build wood_wallframe_half
20:44:07.250 [AdminTools] Player "OverKill" (id=P_LVluee20-ZP_xemam3V_6hnFSPQ6Uqa7dsMv8yuYY= pos=<7137.604004, 157.366760, 5726.325684>) used the Admin Hammer to build wood_wallfinished_half
20:49:10.359 [AdminTools] Player "OverKill" (id=P_LVluee20-ZP_xemam3V_6hnFSPQ6Uqa7dsMv8yuYY= pos=<7131.311035, 157.366272, 5727.502930>) used the Admin Hammer to build wood_base_half
20:49:14.523 [AdminTools] Player "OverKill" (id=P_LVluee20-ZP_xemam3V_6hnFSPQ6Uqa7dsMv8yuYY= pos=<7131.311035, 157.366272, 5727.502930>) used the Admin Hammer to build wood_wallframe_half
20:49:24.898 [AdminTools] Player "OverKill" (id=P_LVluee20-ZP_xemam3V_6hnFSPQ6Uqa7dsMv8yuYY= pos=<7131.296875, 157.366272, 5727.713379>) used the Admin Hammer to build wood_wallfinished_half
20:49:43.062 [AdminTools] Player "OverKill" (id=P_LVluee20-ZP_xemam3V_6hnFSPQ6Uqa7dsMv8yuYY= pos=<7129.645020, 157.366272, 5730.707031>) used the Admin Hammer to build wood_base_half
20:49:47.023 [AdminTools] Player "OverKill" (id=P_LVluee20-ZP_xemam3V_6hnFSPQ6Uqa7dsMv8yuYY= pos=<7129.645020, 157.366272, 5730.707031>) used the Admin Hammer to build wood_wallframe_half
20:49:50.960 [AdminTools] Player "OverKill" (id=P_LVluee20-ZP_xemam3V_6hnFSPQ6Uqa7dsMv8yuYY= pos=<7129.645020, 157.366272, 5730.707031>) used the Admin Hammer to build wood_wallfinished_half
20:50:13.625 [AdminTools] Player "OverKill" (id=P_LVluee20-ZP_xemam3V_6hnFSPQ6Uqa7dsMv8yuYY= pos=<7127.191406, 157.366272, 5729.856934>) used the Admin Hammer to build wood_base_half
20:50:17.757 [AdminTools] Player "OverKill" (id=P_LVluee20-ZP_xemam3V_6hnFSPQ6Uqa7dsMv8yuYY= pos=<7127.191406, 157.366272, 5729.856934>) used the Admin Hammer to build wood_wallframe_half
20:50:21.585 [AdminTools] Player "OverKill" (id=P_LVluee20-ZP_xemam3V_6hnFSPQ6Uqa7dsMv8yuYY= pos=<7127.191406, 157.366272, 5729.856934>) used the Admin Hammer to build wood_wallfinished_half
20:50:47.992 [AdminTools] Player "OverKill" (id=P_LVluee20-ZP_xemam3V_6hnFSPQ6Uqa7dsMv8yuYY= pos=<7127.886230, 157.366257, 5723.386719>) used the Admin Hammer to build wood_base
20:51:29.492 [AdminTools] Player "OverKill" (id=P_LVluee20-ZP_xemam3V_6hnFSPQ6Uqa7dsMv8yuYY= pos=<7127.886230, 157.366257, 5723.386719>) used the Admin Hammer to build wood_floorframe
20:51:33.835 [AdminTools] Player "OverKill" (id=P_LVluee20-ZP_xemam3V_6hnFSPQ6Uqa7dsMv8yuYY= pos=<7127.886230, 157.366257, 5723.386719>) used the Admin Hammer to build wood_floorfinished
20:51:46.515 [Party] Player "Rayco" (id=gbGdwJFlaqpynCq0uw367ohtxaicnRJka_kbfCowwco=) left the party "soloLiv" (id=44 ownerUID=gbGdwJFlaqpynCq0uw367ohtxaicnRJka_kbfCowwco= ownerName=Rayco)
20:51:52.765 [Party] Player "Lelbimgl" (id=xLObKQasFFJ418xvU8pO2svW9iAzLWCVfgmYJ2iBox4=) joinded the party "arise" (id=45 ownerUID= ownerName=)
20:51:52.765 [Party] Player "Lelbimgl" (id=xLObKQasFFJ418xvU8pO2svW9iAzLWCVfgmYJ2iBox4=) created a party named arise (arise)
20:52:23.289 [AdminTools] Player "OverKill" (id=P_LVluee20-ZP_xemam3V_6hnFSPQ6Uqa7dsMv8yuYY= pos=<7125.683105, 157.366745, 5724.570313>) used the Admin Hammer to build wood_base_half
20:52:27.890 [AdminTools] Player "OverKill" (id=P_LVluee20-ZP_xemam3V_6hnFSPQ6Uqa7dsMv8yuYY= pos=<7125.683105, 157.366745, 5724.570313>) used the Admin Hammer to build wood_wallframe_half
20:52:32.281 [AdminTools] Player "OverKill" (id=P_LVluee20-ZP_xemam3V_6hnFSPQ6Uqa7dsMv8yuYY= pos=<7125.683105, 157.366745, 5724.570313>) used the Admin Hammer to build wood_wallfinished_half
20:53:06.382 [AdminTools] Player "OverKill" (id=P_LVluee20-ZP_xemam3V_6hnFSPQ6Uqa7dsMv8yuYY= pos=<7122.403809, 157.366745, 5720.628906>) used the Admin Hammer to build wood_base_half
20:53:10.421 [AdminTools] Player "OverKill" (id=P_LVluee20-ZP_xemam3V_6hnFSPQ6Uqa7dsMv8yuYY= pos=<7122.403809, 157.366745, 5720.628906>) used the Admin Hammer to build wood_wallframe_half
20:53:14.187 [AdminTools] Player "OverKill" (id=P_LVluee20-ZP_xemam3V_6hnFSPQ6Uqa7dsMv8yuYY= pos=<7122.403809, 157.366745, 5720.628906>) used the Admin Hammer to build wood_wallfinished_half
20:57:54.570 [AdminTools] Player "OverKill" (id=P_LVluee20-ZP_xemam3V_6hnFSPQ6Uqa7dsMv8yuYY= pos=<7123.541504, 157.366745, 5720.752441>) used the Admin Hammer to build wood_base
20:58:03.375 [AdminTools] Player "OverKill" (id=P_LVluee20-ZP_xemam3V_6hnFSPQ6Uqa7dsMv8yuYY= pos=<7123.541504, 157.366745, 5720.752441>) used the Admin Hammer to build wood_support
20:58:07.773 [AdminTools] Player "OverKill" (id=P_LVluee20-ZP_xemam3V_6hnFSPQ6Uqa7dsMv8yuYY= pos=<7123.541504, 157.366745, 5720.752441>) used the Admin Hammer to build wood_tread
20:58:50.468 [Party] Player "Lelbimgl" (id=xLObKQasFFJ418xvU8pO2svW9iAzLWCVfgmYJ2iBox4=) invited the player "Rayco" (id=gbGdwJFlaqpynCq0uw367ohtxaicnRJka_kbfCowwco=)to the party named arise
20:58:54.085 [Party] Player "Rayco" (id=gbGdwJFlaqpynCq0uw367ohtxaicnRJka_kbfCowwco=) joinded the party "arise" (id=45 ownerUID=xLObKQasFFJ418xvU8pO2svW9iAzLWCVfgmYJ2iBox4= ownerName=Lelbimgl)
21:00:17.882 [AdminTools] Player "OverKill" (id=P_LVluee20-ZP_xemam3V_6hnFSPQ6Uqa7dsMv8yuYY= pos=<7122.357422, 160.185440, 5721.458984>) used the Admin Hammer to build wood_base
21:00:21.945 [AdminTools] Player "OverKill" (id=P_LVluee20-ZP_xemam3V_6hnFSPQ6Uqa7dsMv8yuYY= pos=<7122.357422, 160.185440, 5721.458984>) used the Admin Hammer to build wood_floorframe
21:00:25.718 [AdminTools] Player "OverKill" (id=P_LVluee20-ZP_xemam3V_6hnFSPQ6Uqa7dsMv8yuYY= pos=<7122.357422, 160.185440, 5721.458984>) used the Admin Hammer to build wood_floorfinished
21:00:32.382 [AdminTools] Player "OverKill" (id=P_LVluee20-ZP_xemam3V_6hnFSPQ6Uqa7dsMv8yuYY= pos=<7123.255859, 159.060455, 5722.257813>) used the Admin Hammer to build wood_handrailing
21:01:34.523 [AdminTools] Player "OverKill" (id=P_LVluee20-ZP_xemam3V_6hnFSPQ6Uqa7dsMv8yuYY= pos=<7117.587402, 160.702103, 5720.892578>) used the Admin Hammer to build wood_base_half
21:01:38.851 [AdminTools] Player "OverKill" (id=P_LVluee20-ZP_xemam3V_6hnFSPQ6Uqa7dsMv8yuYY= pos=<7117.587402, 160.702103, 5720.892578>) used the Admin Hammer to build wood_wallframe_half
21:01:47.015 [AdminTools] Player "OverKill" (id=P_LVluee20-ZP_xemam3V_6hnFSPQ6Uqa7dsMv8yuYY= pos=<7118.047852, 160.702103, 5722.460938>) used the Admin Hammer to build wood_base_half
21:01:50.859 [AdminTools] Player "OverKill" (id=P_LVluee20-ZP_xemam3V_6hnFSPQ6Uqa7dsMv8yuYY= pos=<7118.047852, 160.702103, 5722.460938>) used the Admin Hammer to build wood_wallframe_half
21:02:15.492 [AdminTools] Player "OverKill" (id=P_LVluee20-ZP_xemam3V_6hnFSPQ6Uqa7dsMv8yuYY= pos=<7119.390137, 160.702164, 5720.047363>) used the Admin Hammer to build wood_base_half
21:02:20.250 [AdminTools] Player "OverKill" (id=P_LVluee20-ZP_xemam3V_6hnFSPQ6Uqa7dsMv8yuYY= pos=<7119.390137, 160.702164, 5720.047363>) used the Admin Hammer to build wood_wallframe_half
21:05:20.507 [BaseRaiding] ExpansionSafeMini (<4269.634277, 176.125336, 6617.475586>) Code set by "player "Eric" (ID = "DT1QFut1v8UN48skN3UnroicVIl_5hTizZZZSwLRxk8=" at <4269.881348, 175.165237, 6616.401855>)" and the code is 0815
21:07:32.468 [Party] Player "MaHXmi3 | Slayer" (id=_AqICEBF10fARr_5J1u6RE7mqS8sFkumFiqXBfcXjhU=) left the party "Hawk Fearless" (id=5 ownerUID=wBwiybhmqSv3IfINgIr99PhPwxKwXc4RCt6SZurIBXQ= ownerName=MrWowaWowa)
21:07:32.476 [Party] Player "Autistic Helikopter" (id=Xg6lt_jfU9-GWx1g56VktTsL0QrzsAPpvydzQhgcUZI=) left the party "Hawk Fearless" (id=5 ownerUID=wBwiybhmqSv3IfINgIr99PhPwxKwXc4RCt6SZurIBXQ= ownerName=MrWowaWowa)
21:07:32.476 [Party] Player "Eric" (id=DT1QFut1v8UN48skN3UnroicVIl_5hTizZZZSwLRxk8=) left the party "Hawk Fearless" (id=5 ownerUID=wBwiybhmqSv3IfINgIr99PhPwxKwXc4RCt6SZurIBXQ= ownerName=MrWowaWowa)
21:07:32.476 [Party] Player "MrWowaWowa" (id=wBwiybhmqSv3IfINgIr99PhPwxKwXc4RCt6SZurIBXQ=) left the party "Hawk Fearless" (id=5 ownerUID=wBwiybhmqSv3IfINgIr99PhPwxKwXc4RCt6SZurIBXQ= ownerName=MrWowaWowa)
21:07:50.109 [Party] Player "Eric" (id=DT1QFut1v8UN48skN3UnroicVIl_5hTizZZZSwLRxk8=) joinded the party "Die dreisten Drei" (id=46 ownerUID= ownerName=)
21:07:50.109 [Party] Player "Eric" (id=DT1QFut1v8UN48skN3UnroicVIl_5hTizZZZSwLRxk8=) created a party named Die dreisten Drei (DDD)
21:07:57.500 [Party] Player "Eric" (id=DT1QFut1v8UN48skN3UnroicVIl_5hTizZZZSwLRxk8=) invited the player "MrWowaWowa" (id=wBwiybhmqSv3IfINgIr99PhPwxKwXc4RCt6SZurIBXQ=)to the party named Die dreisten Drei
21:08:00.609 [Party] Player "Eric" (id=DT1QFut1v8UN48skN3UnroicVIl_5hTizZZZSwLRxk8=) invited the player "MaHXmi3 | Slayer" (id=_AqICEBF10fARr_5J1u6RE7mqS8sFkumFiqXBfcXjhU=)to the party named Die dreisten Drei
21:08:01.570 [Party] Player "MrWowaWowa" (id=wBwiybhmqSv3IfINgIr99PhPwxKwXc4RCt6SZurIBXQ=) joinded the party "Die dreisten Drei" (id=46 ownerUID=DT1QFut1v8UN48skN3UnroicVIl_5hTizZZZSwLRxk8= ownerName=Eric)
21:08:02.695 [Party] Player "MaHXmi3 | Slayer" (id=_AqICEBF10fARr_5J1u6RE7mqS8sFkumFiqXBfcXjhU=) joinded the party "Die dreisten Drei" (id=46 ownerUID=DT1QFut1v8UN48skN3UnroicVIl_5hTizZZZSwLRxk8= ownerName=Eric)
21:08:20.429 [Territory] Player "MaHXmi3 | Slayer" (id=_AqICEBF10fARr_5J1u6RE7mqS8sFkumFiqXBfcXjhU= pos=<4274.835449, 174.881943, 6571.274902>) was invited to join the territory Die dreisten Drei at <4279.352051, 176.076355, 6599.054688> by the player "Eric" (id=DT1QFut1v8UN48skN3UnroicVIl_5hTizZZZSwLRxk8=)
21:08:21.945 [Territory] Player "MrWowaWowa" (id=wBwiybhmqSv3IfINgIr99PhPwxKwXc4RCt6SZurIBXQ= pos=<4276.218750, 174.881958, 6570.537598>) was invited to join the territory Die dreisten Drei at <4279.352051, 176.076355, 6599.054688> by the player "Eric" (id=DT1QFut1v8UN48skN3UnroicVIl_5hTizZZZSwLRxk8=)
21:12:23.390 [AdminTools] Player "OverKill" (id=P_LVluee20-ZP_xemam3V_6hnFSPQ6Uqa7dsMv8yuYY= pos=<7134.623047, 157.366669, 5723.787109>) used the Admin Hammer to build wood_base
21:12:30.695 [AdminTools] Player "OverKill" (id=P_LVluee20-ZP_xemam3V_6hnFSPQ6Uqa7dsMv8yuYY= pos=<7134.623047, 157.366669, 5723.787109>) used the Admin Hammer to build wood_support
21:12:41.195 [AdminTools] Player "OverKill" (id=P_LVluee20-ZP_xemam3V_6hnFSPQ6Uqa7dsMv8yuYY= pos=<7134.575684, 157.366714, 5723.525391>) used the Admin Hammer to build wood_tread
21:13:13.328 [AdminTools] Player "OverKill" (id=P_LVluee20-ZP_xemam3V_6hnFSPQ6Uqa7dsMv8yuYY= pos=<7134.181641, 160.310516, 5726.121094>) used the Admin Hammer to build wood_base
21:13:19.023 [AdminTools] Player "OverKill" (id=P_LVluee20-ZP_xemam3V_6hnFSPQ6Uqa7dsMv8yuYY= pos=<7134.181641, 160.310516, 5726.121094>) used the Admin Hammer to build wood_floorframe
21:13:23.085 [AdminTools] Player "OverKill" (id=P_LVluee20-ZP_xemam3V_6hnFSPQ6Uqa7dsMv8yuYY= pos=<7134.181641, 160.310516, 5726.121094>) used the Admin Hammer to build wood_floorfinished
21:13:33.437 [Safezone] Player "F11 Simulator" (id=m_TD03B4NXDQrU5koHpLq3WyQf1hXTvQSdETJOTM8ss= pos=<6680.59, 102.57, 6077.21>) entered the safezone
21:13:33.437 [Party] Player "F11 Simulator" (id=m_TD03B4NXDQrU5koHpLq3WyQf1hXTvQSdETJOTM8ss=) joinded the party "SLAVES" (id=1 ownerUID=m_TD03B4NXDQrU5koHpLq3WyQf1hXTvQSdETJOTM8ss= ownerName=F11 Simulator)
21:13:59.789 [AdminTools] Player "OverKill" (id=P_LVluee20-ZP_xemam3V_6hnFSPQ6Uqa7dsMv8yuYY= pos=<7132.833008, 160.616882, 5729.391113>) used the Admin Hammer to build wood_base_half
21:14:04.460 [AdminTools] Player "OverKill" (id=P_LVluee20-ZP_xemam3V_6hnFSPQ6Uqa7dsMv8yuYY= pos=<7133.005859, 160.616898, 5729.342773>) used the Admin Hammer to build wood_wallframe_half
21:14:08.085 [AdminTools] Player "OverKill" (id=P_LVluee20-ZP_xemam3V_6hnFSPQ6Uqa7dsMv8yuYY= pos=<7133.005859, 160.616898, 5729.342773>) used the Admin Hammer to build wood_wallfinished_half
21:14:20.421 [AdminTools] Player "OverKill" (id=P_LVluee20-ZP_xemam3V_6hnFSPQ6Uqa7dsMv8yuYY= pos=<7134.167969, 160.616821, 5731.281738>) used the Admin Hammer to build wood_base_half
21:14:25.898 [AdminTools] Player "OverKill" (id=P_LVluee20-ZP_xemam3V_6hnFSPQ6Uqa7dsMv8yuYY= pos=<7134.167969, 160.616821, 5731.281738>) used the Admin Hammer to build wood_wallframe_half
21:14:59.382 [AdminTools] Player "OverKill" (id=P_LVluee20-ZP_xemam3V_6hnFSPQ6Uqa7dsMv8yuYY= pos=<7135.276367, 160.616837, 5730.277832>) used the Admin Hammer to build wood_base_half
21:15:03.015 [AdminTools] Player "OverKill" (id=P_LVluee20-ZP_xemam3V_6hnFSPQ6Uqa7dsMv8yuYY= pos=<7135.276367, 160.616837, 5730.277832>) used the Admin Hammer to build wood_wallframe_half
21:15:18.851 [AdminTools] Player "OverKill" (id=P_LVluee20-ZP_xemam3V_6hnFSPQ6Uqa7dsMv8yuYY= pos=<7132.422852, 160.616882, 5729.108398>) used the Admin Hammer to build wood_base_half
21:15:22.625 [AdminTools] Player "OverKill" (id=P_LVluee20-ZP_xemam3V_6hnFSPQ6Uqa7dsMv8yuYY= pos=<7132.422852, 160.616882, 5729.108398>) used the Admin Hammer to build wood_wallframe_half
21:15:33.593 [Safezone] Player "{1:name}" (id={1:id} pos={1:position}) left the safezone
21:15:43.382 [AdminTools] Player "OverKill" (id=P_LVluee20-ZP_xemam3V_6hnFSPQ6Uqa7dsMv8yuYY= pos=<7134.662109, 159.200546, 5725.188965>) used the Admin Hammer to build wood_handrailing
21:18:38.226 [AdminTools] Player "OverKill" (id=P_LVluee20-ZP_xemam3V_6hnFSPQ6Uqa7dsMv8yuYY= pos=<7118.483398, 160.702164, 5722.926758>) used the Admin Hammer to build wood_base
21:18:58.960 [AdminTools] Player "OverKill" (id=P_LVluee20-ZP_xemam3V_6hnFSPQ6Uqa7dsMv8yuYY= pos=<7117.950684, 160.702087, 5723.005859>) used the Admin Hammer to build wood_support
21:19:03.226 [AdminTools] Player "OverKill" (id=P_LVluee20-ZP_xemam3V_6hnFSPQ6Uqa7dsMv8yuYY= pos=<7117.950684, 160.702087, 5723.005859>) used the Admin Hammer to build wood_tread
21:19:39.523 [AdminTools] Player "OverKill" (id=P_LVluee20-ZP_xemam3V_6hnFSPQ6Uqa7dsMv8yuYY= pos=<7120.493164, 163.619675, 5723.827637>) used the Admin Hammer to build wood_base
21:19:43.960 [AdminTools] Player "OverKill" (id=P_LVluee20-ZP_xemam3V_6hnFSPQ6Uqa7dsMv8yuYY= pos=<7120.493164, 163.619675, 5723.827637>) used the Admin Hammer to build wood_floorframe
21:19:47.828 [AdminTools] Player "OverKill" (id=P_LVluee20-ZP_xemam3V_6hnFSPQ6Uqa7dsMv8yuYY= pos=<7120.493164, 163.619675, 5723.827637>) used the Admin Hammer to build wood_floorfinished
21:20:01.187 [AdminTools] Player "OverKill" (id=P_LVluee20-ZP_xemam3V_6hnFSPQ6Uqa7dsMv8yuYY= pos=<7119.285156, 162.205048, 5723.398926>) used the Admin Hammer to build wood_handrailing
21:20:48.562 [AdminTools] Player "OverKill" (id=P_LVluee20-ZP_xemam3V_6hnFSPQ6Uqa7dsMv8yuYY= pos=<7123.536133, 163.952332, 5725.573730>) used the Admin Hammer to build wood_base_half
21:20:52.687 [AdminTools] Player "OverKill" (id=P_LVluee20-ZP_xemam3V_6hnFSPQ6Uqa7dsMv8yuYY= pos=<7123.536133, 163.952332, 5725.573730>) used the Admin Hammer to build wood_wallframe_half
21:21:07.789 [AdminTools] Player "OverKill" (id=P_LVluee20-ZP_xemam3V_6hnFSPQ6Uqa7dsMv8yuYY= pos=<7125.523438, 163.952362, 5724.792480>) used the Admin Hammer to build wood_base_half
21:21:12.523 [AdminTools] Player "OverKill" (id=P_LVluee20-ZP_xemam3V_6hnFSPQ6Uqa7dsMv8yuYY= pos=<7125.425293, 163.952332, 5724.848633>) used the Admin Hammer to build wood_wallframe_half
21:21:28.984 [AdminTools] Player "OverKill" (id=P_LVluee20-ZP_xemam3V_6hnFSPQ6Uqa7dsMv8yuYY= pos=<7124.426758, 163.952286, 5723.067383>) used the Admin Hammer to build wood_base_half
21:21:33.289 [AdminTools] Player "OverKill" (id=P_LVluee20-ZP_xemam3V_6hnFSPQ6Uqa7dsMv8yuYY= pos=<7124.426758, 163.952286, 5723.067383>) used the Admin Hammer to build wood_wallframe_half
21:35:28.656 [AdminTools] Player "OverKill" (id=P_LVluee20-ZP_xemam3V_6hnFSPQ6Uqa7dsMv8yuYY= pos=<7135.633789, 157.366745, 5724.111328>) used the Admin Hammer to build wood_base
21:35:37.054 [AdminTools] Player "OverKill" (id=P_LVluee20-ZP_xemam3V_6hnFSPQ6Uqa7dsMv8yuYY= pos=<7135.633789, 157.366745, 5724.111328>) used the Admin Hammer to build wood_support
21:35:41.921 [AdminTools] Player "OverKill" (id=P_LVluee20-ZP_xemam3V_6hnFSPQ6Uqa7dsMv8yuYY= pos=<7135.633789, 157.366745, 5724.111328>) used the Admin Hammer to build wood_tread
21:36:09.851 [AdminTools] Player "OverKill" (id=P_LVluee20-ZP_xemam3V_6hnFSPQ6Uqa7dsMv8yuYY= pos=<7138.222656, 160.365265, 5724.381348>) used the Admin Hammer to build wood_base
21:36:14.390 [AdminTools] Player "OverKill" (id=P_LVluee20-ZP_xemam3V_6hnFSPQ6Uqa7dsMv8yuYY= pos=<7138.222656, 160.365265, 5724.381348>) used the Admin Hammer to build wood_floorframe
21:36:18.328 [AdminTools] Player "OverKill" (id=P_LVluee20-ZP_xemam3V_6hnFSPQ6Uqa7dsMv8yuYY= pos=<7138.222656, 160.365265, 5724.381348>) used the Admin Hammer to build wood_floorfinished
21:36:30.554 [AdminTools] Player "OverKill" (id=P_LVluee20-ZP_xemam3V_6hnFSPQ6Uqa7dsMv8yuYY= pos=<7138.222656, 160.365265, 5724.381348>) used the Admin Hammer to build wood_handrailing
21:37:04.468 [AdminTools] Player "OverKill" (id=P_LVluee20-ZP_xemam3V_6hnFSPQ6Uqa7dsMv8yuYY= pos=<7141.424316, 160.616867, 5725.022461>) used the Admin Hammer to build wood_base_half
21:37:08.625 [AdminTools] Player "OverKill" (id=P_LVluee20-ZP_xemam3V_6hnFSPQ6Uqa7dsMv8yuYY= pos=<7141.424316, 160.616867, 5725.022461>) used the Admin Hammer to build wood_wallframe_half
21:37:29.671 [AdminTools] Player "OverKill" (id=P_LVluee20-ZP_xemam3V_6hnFSPQ6Uqa7dsMv8yuYY= pos=<7142.959961, 160.616928, 5724.443848>) used the Admin Hammer to build wood_base_half
21:37:33.804 [AdminTools] Player "OverKill" (id=P_LVluee20-ZP_xemam3V_6hnFSPQ6Uqa7dsMv8yuYY= pos=<7142.959961, 160.616928, 5724.443848>) used the Admin Hammer to build wood_wallframe_half
21:37:49.914 [AdminTools] Player "OverKill" (id=P_LVluee20-ZP_xemam3V_6hnFSPQ6Uqa7dsMv8yuYY= pos=<7142.313965, 160.616837, 5723.416504>) used the Admin Hammer to build wood_base_half
21:37:53.867 [AdminTools] Player "OverKill" (id=P_LVluee20-ZP_xemam3V_6hnFSPQ6Uqa7dsMv8yuYY= pos=<7142.313965, 160.616837, 5723.416504>) used the Admin Hammer to build wood_wallframe_half
21:39:19.132 [AdminTools] Player "OverKill" (id=P_LVluee20-ZP_xemam3V_6hnFSPQ6Uqa7dsMv8yuYY= pos=<7141.178223, 160.616928, 5724.760254>) used the Admin Hammer to build wood_base
21:39:28.664 [AdminTools] Player "OverKill" (id=P_LVluee20-ZP_xemam3V_6hnFSPQ6Uqa7dsMv8yuYY= pos=<7141.178223, 160.616928, 5724.760254>) used the Admin Hammer to build wood_support
21:39:39.265 [AdminTools] Player "OverKill" (id=P_LVluee20-ZP_xemam3V_6hnFSPQ6Uqa7dsMv8yuYY= pos=<7141.178223, 160.616928, 5724.760254>) used the Admin Hammer to build wood_tread
21:41:03.765 [AdminTools] Player "OverKill" (id=P_LVluee20-ZP_xemam3V_6hnFSPQ6Uqa7dsMv8yuYY= pos=<7143.965820, 163.579346, 5725.240723>) used the Admin Hammer to build wood_base
21:41:08.000 [AdminTools] Player "OverKill" (id=P_LVluee20-ZP_xemam3V_6hnFSPQ6Uqa7dsMv8yuYY= pos=<7143.965820, 163.579346, 5725.240723>) used the Admin Hammer to build wood_floorframe
21:41:11.890 [AdminTools] Player "OverKill" (id=P_LVluee20-ZP_xemam3V_6hnFSPQ6Uqa7dsMv8yuYY= pos=<7143.965820, 163.579346, 5725.240723>) used the Admin Hammer to build wood_floorfinished
21:41:41.687 [AdminTools] Player "OverKill" (id=P_LVluee20-ZP_xemam3V_6hnFSPQ6Uqa7dsMv8yuYY= pos=<7146.172363, 163.867111, 5726.683105>) used the Admin Hammer to build wood_base_half
21:41:47.125 [AdminTools] Player "OverKill" (id=P_LVluee20-ZP_xemam3V_6hnFSPQ6Uqa7dsMv8yuYY= pos=<7146.172363, 163.867111, 5726.683105>) used the Admin Hammer to build wood_wallframe_half
21:46:02.937 [AdminTools] Player "OverKill" (id=P_LVluee20-ZP_xemam3V_6hnFSPQ6Uqa7dsMv8yuYY= pos=<7142.196289, 161.536880, 5724.868652>) used the Admin Hammer to build wood_handrailing
21:46:12.070 [AdminTools] Player "OverKill" (id=P_LVluee20-ZP_xemam3V_6hnFSPQ6Uqa7dsMv8yuYY= pos=<7149.109375, 163.867004, 5725.606445>) used the Admin Hammer to build wood_base_half
21:46:16.773 [AdminTools] Player "OverKill" (id=P_LVluee20-ZP_xemam3V_6hnFSPQ6Uqa7dsMv8yuYY= pos=<7149.093262, 163.994598, 5725.502930>) used the Admin Hammer to build wood_wallframe_half
21:46:27.671 [AdminTools] Player "OverKill" (id=P_LVluee20-ZP_xemam3V_6hnFSPQ6Uqa7dsMv8yuYY= pos=<7148.040039, 163.867004, 5723.935059>) used the Admin Hammer to build wood_base_half
21:46:31.828 [AdminTools] Player "OverKill" (id=P_LVluee20-ZP_xemam3V_6hnFSPQ6Uqa7dsMv8yuYY= pos=<7148.040039, 163.867004, 5723.935059>) used the Admin Hammer to build wood_wallframe_half
21:51:12.226 [Safezone] Player "MrWowaWowa" (id=wBwiybhmqSv3IfINgIr99PhPwxKwXc4RCt6SZurIBXQ= pos=<6625.14, 107.3, 6198.68>) entered the safezone
21:51:49.406 [ATM] Player "MrWowaWowa" (id=wBwiybhmqSv3IfINgIr99PhPwxKwXc4RCt6SZurIBXQ=) has withdrawn 5000 from his ATM account.
21:52:10.640 [Market] Player "MrWowaWowa" (id=wBwiybhmqSv3IfINgIr99PhPwxKwXc4RCt6SZurIBXQ=) has sold camonet x1 (41c47870) at the trader "Components (Cyril [#STR_EXPANSION_MARKET_TRADER_COMPONENTS])" in market zone "Trader Zone" (pos=<6675.160645, 104.603935, 6114.155762>) and got 450.
21:59:30.773 [Party] Player "Eric" (id=DT1QFut1v8UN48skN3UnroicVIl_5hTizZZZSwLRxk8=) left the party "Die dreisten Drei" (id=46 ownerUID=DT1QFut1v8UN48skN3UnroicVIl_5hTizZZZSwLRxk8= ownerName=Eric)
22:00:00.953 [Party] Player "F11 Simulator" (id=m_TD03B4NXDQrU5koHpLq3WyQf1hXTvQSdETJOTM8ss=) left the party "SLAVES" (id=1 ownerUID=m_TD03B4NXDQrU5koHpLq3WyQf1hXTvQSdETJOTM8ss= ownerName=F11 Simulator)
22:00:00.960 [Party] Player "MrWowaWowa" (id=wBwiybhmqSv3IfINgIr99PhPwxKwXc4RCt6SZurIBXQ=) left the party "Die dreisten Drei" (id=46 ownerUID=DT1QFut1v8UN48skN3UnroicVIl_5hTizZZZSwLRxk8= ownerName=Eric)
22:00:00.968 [Party] Player "Stivi the Kid" (id=W44v5r64t_fNpgzRQNLTal2wQQBqWJ8o-Qcc6Jd5hw8=) left the party "Viper Ethereal" (id=33 ownerUID=zazFLAJ4lPF6TvVQMMREjst1jC8o_Id9oh_TjGBwaP8= ownerName=ElBizzy)
22:00:00.976 [Party] Player "Lelbimgl" (id=xLObKQasFFJ418xvU8pO2svW9iAzLWCVfgmYJ2iBox4=) left the party "arise" (id=45 ownerUID=xLObKQasFFJ418xvU8pO2svW9iAzLWCVfgmYJ2iBox4= ownerName=Lelbimgl)
22:00:00.984 [Party] Player "Mard" (id=OAEsqfVu9Ya3qx3X2Q_PgbpxSoSDXOIUHhH8VWVuumk=) left the party "Viper Ethereal" (id=33 ownerUID=zazFLAJ4lPF6TvVQMMREjst1jC8o_Id9oh_TjGBwaP8= ownerName=ElBizzy)
22:00:00.984 [Party] Player "ElBizzy" (id=zazFLAJ4lPF6TvVQMMREjst1jC8o_Id9oh_TjGBwaP8=) left the party "Viper Ethereal" (id=33 ownerUID=zazFLAJ4lPF6TvVQMMREjst1jC8o_Id9oh_TjGBwaP8= ownerName=ElBizzy)
22:00:00.992 [Party] Player "Rayco" (id=gbGdwJFlaqpynCq0uw367ohtxaicnRJka_kbfCowwco=) left the party "arise" (id=45 ownerUID=xLObKQasFFJ418xvU8pO2svW9iAzLWCVfgmYJ2iBox4= ownerName=Lelbimgl)
22:00:01.000 [Party] Player "MaHXmi3 | Slayer" (id=_AqICEBF10fARr_5J1u6RE7mqS8sFkumFiqXBfcXjhU=) left the party "Die dreisten Drei" (id=46 ownerUID=DT1QFut1v8UN48skN3UnroicVIl_5hTizZZZSwLRxk8= ownerName=Eric)
