21:06:15.708 [MissionAirdrop] An airdrop is heading towards "Tuscarora" (pos=<2451.096191, 0.000000, 8775.758789> type=Random_Tuscarora) with a ExpansionAirdropContainer
21:07:26.448 [Party] Player "Mard" (id=OAEsqfVu9Ya3qx3X2Q_PgbpxSoSDXOIUHhH8VWVuumk=) joinded the party "Viper Ethereal" (id=33 ownerUID=zazFLAJ4lPF6TvVQMMREjst1jC8o_Id9oh_TjGBwaP8= ownerName=ElBizzy)
21:29:15.635 [Safezone] Player "Mard" (id=OAEsqfVu9Ya3qx3X2Q_PgbpxSoSDXOIUHhH8VWVuumk= pos=<6669.78, 121.3, 6015.32>) entered the safezone
21:30:14.760 [Market] Player "Mard" (id=OAEsqfVu9Ya3qx3X2Q_PgbpxSoSDXOIUHhH8VWVuumk=) has sold pnc_w_remingtonr5_tan x1 (c4de2900, UniversalLight<c695c5d0>, M4_OEBttstck<c695dcf0>) at the trader "Weapons (Denis [#STR_EXPANSION_MARKET_TRADER_WEAPONS])" in market zone "Trader Zone" (pos=<6675.160645, 104.603935, 6114.155762>) and got 4456.
21:30:30.350 [Market] Player "Mard" (id=OAEsqfVu9Ya3qx3X2Q_PgbpxSoSDXOIUHhH8VWVuumk=) has bought weaponcleaningkit x1 (c5484430) from the trader "Components (Cyril [#STR_EXPANSION_MARKET_TRADER_COMPONENTS])" in market zone "Trader Zone" (pos=<6675.160645, 104.603935, 6114.155762>) for a price of 8.
21:31:17.835 [Market] Player "Mard" (id=OAEsqfVu9Ya3qx3X2Q_PgbpxSoSDXOIUHhH8VWVuumk=) has bought weaponcleaningkit x1 (20c23310) from the trader "Components (Cyril [#STR_EXPANSION_MARKET_TRADER_COMPONENTS])" in market zone "Trader Zone" (pos=<6675.160645, 104.603935, 6114.155762>) for a price of 8.
21:32:38.739 [Market] Player "Mard" (id=OAEsqfVu9Ya3qx3X2Q_PgbpxSoSDXOIUHhH8VWVuumk=) has sold pnc_w_honeybadger_kry x1 (c4dcae30, PNC_Mag_HoneyBadger_Coupled_60Rnd<c548f1a0>, ammo_300aac x58, M4_OEBttstck<c5496540>, UniversalLight<c548fd30>) at the trader "Weapons (Denis [#STR_EXPANSION_MARKET_TRADER_WEAPONS])" in market zone "Trader Zone" (pos=<6675.160645, 104.603935, 6114.155762>) and got 3721.
21:33:02.356 [Market] Player "Mard" (id=OAEsqfVu9Ya3qx3X2Q_PgbpxSoSDXOIUHhH8VWVuumk=) has sold pnc_w_honeybadger_black x1 (c4dd5800, PNC_Mag_HoneyBadger_Coupled_60Rnd<c56746f0>, ammo_300aac x60, M4_OEBttstck<c5672fd0>, UniversalLight<c5670190>, M4_T3NRDSOptic<c55ac890>) at the trader "Weapons (Denis [#STR_EXPANSION_MARKET_TRADER_WEAPONS])" in market zone "Trader Zone" (pos=<6675.160645, 104.603935, 6114.155762>) and got 3974.
21:33:18.027 [Market] Player "Mard" (id=OAEsqfVu9Ya3qx3X2Q_PgbpxSoSDXOIUHhH8VWVuumk=) has sold pnc_w_tac21 x1 (c4dc1e80) at the trader "Weapons (Denis [#STR_EXPANSION_MARKET_TRADER_WEAPONS])" in market zone "Trader Zone" (pos=<6675.160645, 104.603935, 6114.155762>) and got 4650.
21:33:18.800 [Market] Player "Mard" (id=OAEsqfVu9Ya3qx3X2Q_PgbpxSoSDXOIUHhH8VWVuumk=) has sold pnc_w_remingtonr5 x1 (c4dbf750, Mag_CMAG_30Rnd<c51c7ac0>, ammo_556x45 x100, M4_OEBttstck<c51cee60>, UniversalLight<c51cf9f0>, M4_T3NRDSOptic<c4f28790>) at the trader "Weapons (Denis [#STR_EXPANSION_MARKET_TRADER_WEAPONS])" in market zone "Trader Zone" (pos=<6675.160645, 104.603935, 6114.155762>) and got 5224.
21:33:19.838 [Market] Player "Mard" (id=OAEsqfVu9Ya3qx3X2Q_PgbpxSoSDXOIUHhH8VWVuumk=) has sold pnc_w_beowulf50_kryp x1 (c4ddb370, M4_OEBttstck<c590f8b0>) at the trader "Weapons (Denis [#STR_EXPANSION_MARKET_TRADER_WEAPONS])" in market zone "Trader Zone" (pos=<6675.160645, 104.603935, 6114.155762>) and got 4931.
21:33:23.631 [Market] Player "Mard" (id=OAEsqfVu9Ya3qx3X2Q_PgbpxSoSDXOIUHhH8VWVuumk=) has sold pnc_w_auga3 x1 (c4dd6510, ReflexOptic<c55bde00>, Mag_CMAG_30Rnd<c567f460>, ammo_556x45 x100) at the trader "Weapons (Denis [#STR_EXPANSION_MARKET_TRADER_WEAPONS])" in market zone "Trader Zone" (pos=<6675.160645, 104.603935, 6114.155762>) and got 1046.
21:33:43.828 [Market] Player "Mard" (id=OAEsqfVu9Ya3qx3X2Q_PgbpxSoSDXOIUHhH8VWVuumk=) has sold pnc_w_ax50_2 x1 (c4dc5fd0) at the trader "Weapons (Denis [#STR_EXPANSION_MARKET_TRADER_WEAPONS])" in market zone "Trader Zone" (pos=<6675.160645, 104.603935, 6114.155762>) and got 2250.
21:34:10.984 [Market] Player "Mard" (id=OAEsqfVu9Ya3qx3X2Q_PgbpxSoSDXOIUHhH8VWVuumk=) has bought weaponcleaningkit x1 (c567d1b0) from the trader "Components (Cyril [#STR_EXPANSION_MARKET_TRADER_COMPONENTS])" in market zone "Trader Zone" (pos=<6675.160645, 104.603935, 6114.155762>) for a price of 8.
21:34:11.474 [Market] Player "Mard" (id=OAEsqfVu9Ya3qx3X2Q_PgbpxSoSDXOIUHhH8VWVuumk=) has bought weaponcleaningkit x1 (c567f460) from the trader "Components (Cyril [#STR_EXPANSION_MARKET_TRADER_COMPONENTS])" in market zone "Trader Zone" (pos=<6675.160645, 104.603935, 6114.155762>) for a price of 8.
21:34:12.843 [Market] Player "Mard" (id=OAEsqfVu9Ya3qx3X2Q_PgbpxSoSDXOIUHhH8VWVuumk=) has bought weaponcleaningkit x1 (c567fff0) from the trader "Components (Cyril [#STR_EXPANSION_MARKET_TRADER_COMPONENTS])" in market zone "Trader Zone" (pos=<6675.160645, 104.603935, 6114.155762>) for a price of 8.
21:34:15.580 [Market] Player "Mard" (id=OAEsqfVu9Ya3qx3X2Q_PgbpxSoSDXOIUHhH8VWVuumk=) has bought electronicrepairkit x1 (c56822a0) from the trader "Components (Cyril [#STR_EXPANSION_MARKET_TRADER_COMPONENTS])" in market zone "Trader Zone" (pos=<6675.160645, 104.603935, 6114.155762>) for a price of 35.
21:34:16.177 [Market] Player "Mard" (id=OAEsqfVu9Ya3qx3X2Q_PgbpxSoSDXOIUHhH8VWVuumk=) has bought electronicrepairkit x1 (c56850e0) from the trader "Components (Cyril [#STR_EXPANSION_MARKET_TRADER_COMPONENTS])" in market zone "Trader Zone" (pos=<6675.160645, 104.603935, 6114.155762>) for a price of 35.
21:34:16.763 [Market] Player "Mard" (id=OAEsqfVu9Ya3qx3X2Q_PgbpxSoSDXOIUHhH8VWVuumk=) has bought electronicrepairkit x1 (c5681710) from the trader "Components (Cyril [#STR_EXPANSION_MARKET_TRADER_COMPONENTS])" in market zone "Trader Zone" (pos=<6675.160645, 104.603935, 6114.155762>) for a price of 35.
21:38:36.973 [Market] Player "Mard" (id=OAEsqfVu9Ya3qx3X2Q_PgbpxSoSDXOIUHhH8VWVuumk=) has sold pnc_moremag_m4drum_100rnd x1 (c695a320, ammo_556x45 x100) at the trader "Attachments (Jose [#STR_EXPANSION_MARKET_TRADER_ATTACHMENTS])" in market zone "Trader Zone" (pos=<6675.160645, 104.603935, 6114.155762>) and got 550.
21:38:42.653 [Market] Player "Mard" (id=OAEsqfVu9Ya3qx3X2Q_PgbpxSoSDXOIUHhH8VWVuumk=) has sold pnc_mag_kivaari_10rnd x1 (c51b6540, ammo_338lapuamagnum x10) at the trader "Attachments (Jose [#STR_EXPANSION_MARKET_TRADER_ATTACHMENTS])" in market zone "Trader Zone" (pos=<6675.160645, 104.603935, 6114.155762>) and got 347.
21:38:43.949 [Market] Player "Mard" (id=OAEsqfVu9Ya3qx3X2Q_PgbpxSoSDXOIUHhH8VWVuumk=) has sold pnc_moremag_fal_50rnd x1 (c54af9f0, ammo_308win x50) at the trader "Attachments (Jose [#STR_EXPANSION_MARKET_TRADER_ATTACHMENTS])" in market zone "Trader Zone" (pos=<6675.160645, 104.603935, 6114.155762>) and got 218.
21:38:45.168 [Market] Player "Mard" (id=OAEsqfVu9Ya3qx3X2Q_PgbpxSoSDXOIUHhH8VWVuumk=) has sold pnc_rpk16_drum x1 (c5ac08a0, ammo_545x39 x90) at the trader "Attachments (Jose [#STR_EXPANSION_MARKET_TRADER_ATTACHMENTS])" in market zone "Trader Zone" (pos=<6675.160645, 104.603935, 6114.155762>) and got 540.
21:38:48.427 [Market] Player "Mard" (id=OAEsqfVu9Ya3qx3X2Q_PgbpxSoSDXOIUHhH8VWVuumk=) has sold pnc_tac21_mag x1 (c51a2180, ammo_338lapuamagnum x10) at the trader "Attachments (Jose [#STR_EXPANSION_MARKET_TRADER_ATTACHMENTS])" in market zone "Trader Zone" (pos=<6675.160645, 104.603935, 6114.155762>) and got 178.
21:39:02.673 [Market] Player "Mard" (id=OAEsqfVu9Ya3qx3X2Q_PgbpxSoSDXOIUHhH8VWVuumk=) has sold pnc_mag_honeybadger_coupled_60rnd x1 (c5926ab0, ammo_300aac x60) at the trader "Attachments (Jose [#STR_EXPANSION_MARKET_TRADER_ATTACHMENTS])" in market zone "Trader Zone" (pos=<6675.160645, 104.603935, 6114.155762>) and got 200.
21:39:09.396 [Market] Player "Mard" (id=OAEsqfVu9Ya3qx3X2Q_PgbpxSoSDXOIUHhH8VWVuumk=) has sold huntingoptic x1 (c4f30c40) at the trader "Attachments (Jose [#STR_EXPANSION_MARKET_TRADER_ATTACHMENTS])" in market zone "Trader Zone" (pos=<6675.160645, 104.603935, 6114.155762>) and got 750.
21:39:10.533 [Market] Player "Mard" (id=OAEsqfVu9Ya3qx3X2Q_PgbpxSoSDXOIUHhH8VWVuumk=) has sold huntingoptic x1 (c4f16610) at the trader "Attachments (Jose [#STR_EXPANSION_MARKET_TRADER_ATTACHMENTS])" in market zone "Trader Zone" (pos=<6675.160645, 104.603935, 6114.155762>) and got 750.
21:39:12.203 [Market] Player "Mard" (id=OAEsqfVu9Ya3qx3X2Q_PgbpxSoSDXOIUHhH8VWVuumk=) has sold puscopeoptic x1 (c4f3c130) at the trader "Attachments (Jose [#STR_EXPANSION_MARKET_TRADER_ATTACHMENTS])" in market zone "Trader Zone" (pos=<6675.160645, 104.603935, 6114.155762>) and got 506.
21:39:13.158 [Market] Player "Mard" (id=OAEsqfVu9Ya3qx3X2Q_PgbpxSoSDXOIUHhH8VWVuumk=) has sold m4_t3nrdsoptic x1 (c55d47e0) at the trader "Attachments (Jose [#STR_EXPANSION_MARKET_TRADER_ATTACHMENTS])" in market zone "Trader Zone" (pos=<6675.160645, 104.603935, 6114.155762>) and got 93.
21:39:13.944 [Market] Player "Mard" (id=OAEsqfVu9Ya3qx3X2Q_PgbpxSoSDXOIUHhH8VWVuumk=) has sold m4_t3nrdsoptic x1 (c55cc330) at the trader "Attachments (Jose [#STR_EXPANSION_MARKET_TRADER_ATTACHMENTS])" in market zone "Trader Zone" (pos=<6675.160645, 104.603935, 6114.155762>) and got 375.
21:39:14.686 [Market] Player "Mard" (id=OAEsqfVu9Ya3qx3X2Q_PgbpxSoSDXOIUHhH8VWVuumk=) has sold m4_t3nrdsoptic x1 (c55ea5b0) at the trader "Attachments (Jose [#STR_EXPANSION_MARKET_TRADER_ATTACHMENTS])" in market zone "Trader Zone" (pos=<6675.160645, 104.603935, 6114.155762>) and got 375.
21:39:15.520 [Market] Player "Mard" (id=OAEsqfVu9Ya3qx3X2Q_PgbpxSoSDXOIUHhH8VWVuumk=) has sold m4_t3nrdsoptic x1 (c4f33070) at the trader "Attachments (Jose [#STR_EXPANSION_MARKET_TRADER_ATTACHMENTS])" in market zone "Trader Zone" (pos=<6675.160645, 104.603935, 6114.155762>) and got 375.
21:39:16.460 [Market] Player "Mard" (id=OAEsqfVu9Ya3qx3X2Q_PgbpxSoSDXOIUHhH8VWVuumk=) has sold m4_t3nrdsoptic x1 (c55b3520) at the trader "Attachments (Jose [#STR_EXPANSION_MARKET_TRADER_ATTACHMENTS])" in market zone "Trader Zone" (pos=<6675.160645, 104.603935, 6114.155762>) and got 281.
21:39:19.609 [Market] Player "Mard" (id=OAEsqfVu9Ya3qx3X2Q_PgbpxSoSDXOIUHhH8VWVuumk=) has sold m4_oebttstck x1 (c592de50) at the trader "Attachments (Jose [#STR_EXPANSION_MARKET_TRADER_ATTACHMENTS])" in market zone "Trader Zone" (pos=<6675.160645, 104.603935, 6114.155762>) and got 84.
21:39:35.033 [Market] Player "Mard" (id=OAEsqfVu9Ya3qx3X2Q_PgbpxSoSDXOIUHhH8VWVuumk=) has sold universallight x1 (ffd7fec0, Battery9V<ffd815e0>) at the trader "Attachments (Jose [#STR_EXPANSION_MARKET_TRADER_ATTACHMENTS])" in market zone "Trader Zone" (pos=<6675.160645, 104.603935, 6114.155762>) and got 92.
21:39:36.610 [Market] Player "Mard" (id=OAEsqfVu9Ya3qx3X2Q_PgbpxSoSDXOIUHhH8VWVuumk=) has sold universallight x1 (c5927640) at the trader "Attachments (Jose [#STR_EXPANSION_MARKET_TRADER_ATTACHMENTS])" in market zone "Trader Zone" (pos=<6675.160645, 104.603935, 6114.155762>) and got 90.
21:39:59.913 [Market] Player "Mard" (id=OAEsqfVu9Ya3qx3X2Q_PgbpxSoSDXOIUHhH8VWVuumk=) has sold universallight x1 (c5656ce0) at the trader "Attachments (Jose [#STR_EXPANSION_MARKET_TRADER_ATTACHMENTS])" in market zone "Trader Zone" (pos=<6675.160645, 104.603935, 6114.155762>) and got 45.
21:41:59.020 [Safezone] Player "mormonrice" (id=SWrhd9ziwAZonrmk5cFvI9UDhCjNa3qYrpi7hYisi14= pos=<6669.57, 121.43, 6015>) entered the safezone
21:42:14.558 [ATM] Player "mormonrice" (id=SWrhd9ziwAZonrmk5cFvI9UDhCjNa3qYrpi7hYisi14=) has withdrawn 35010 from his ATM account.
21:42:28.841 [Market] Player "Mard" (id=OAEsqfVu9Ya3qx3X2Q_PgbpxSoSDXOIUHhH8VWVuumk=) has sold winchester70 x1 (ea5a9020) at the trader "Weapons (Denis [#STR_EXPANSION_MARKET_TRADER_WEAPONS])" in market zone "Trader Zone" (pos=<6675.160645, 104.603935, 6114.155762>) and got 93.
21:42:38.166 [Market] Player "mormonrice" (id=SWrhd9ziwAZonrmk5cFvI9UDhCjNa3qYrpi7hYisi14=) has sold crossbow_autumn x1 (bc000750) at the trader "Weapons (Denis [#STR_EXPANSION_MARKET_TRADER_WEAPONS])" in market zone "Trader Zone" (pos=<6675.160645, 104.603935, 6114.155762>) and got 600.
21:43:17.374 [Market] Player "mormonrice" (id=SWrhd9ziwAZonrmk5cFvI9UDhCjNa3qYrpi7hYisi14=) has bought marmalade x1 (b7bdc0a0) from the trader "Consumables (Linda [#STR_EXPANSION_MARKET_TRADER_CONSUMABLES])" in market zone "Trader Zone" (pos=<6675.160645, 104.603935, 6114.155762>) for a price of 13.
21:43:18.024 [Market] Player "mormonrice" (id=SWrhd9ziwAZonrmk5cFvI9UDhCjNa3qYrpi7hYisi14=) has bought marmalade x1 (b7c03ff0) from the trader "Consumables (Linda [#STR_EXPANSION_MARKET_TRADER_CONSUMABLES])" in market zone "Trader Zone" (pos=<6675.160645, 104.603935, 6114.155762>) for a price of 13.
21:43:18.772 [Market] Player "mormonrice" (id=SWrhd9ziwAZonrmk5cFvI9UDhCjNa3qYrpi7hYisi14=) has bought marmalade x1 (cfb1f070) from the trader "Consumables (Linda [#STR_EXPANSION_MARKET_TRADER_CONSUMABLES])" in market zone "Trader Zone" (pos=<6675.160645, 104.603935, 6114.155762>) for a price of 13.
21:43:20.595 [Market] Player "mormonrice" (id=SWrhd9ziwAZonrmk5cFvI9UDhCjNa3qYrpi7hYisi14=) has bought marmalade x1 (cfb0aac0) from the trader "Consumables (Linda [#STR_EXPANSION_MARKET_TRADER_CONSUMABLES])" in market zone "Trader Zone" (pos=<6675.160645, 104.603935, 6114.155762>) for a price of 13.
21:43:22.685 [Market] Player "mormonrice" (id=SWrhd9ziwAZonrmk5cFvI9UDhCjNa3qYrpi7hYisi14=) has bought marmalade x1 (cfb13b80) from the trader "Consumables (Linda [#STR_EXPANSION_MARKET_TRADER_CONSUMABLES])" in market zone "Trader Zone" (pos=<6675.160645, 104.603935, 6114.155762>) for a price of 13.
21:43:39.828 [Market] Player "Mard" (id=OAEsqfVu9Ya3qx3X2Q_PgbpxSoSDXOIUHhH8VWVuumk=) has bought fryingpan x1 (ba0e7160) from the trader "BuildingSupplies (Boris [#STR_EXPANSION_MARKET_TRADER_BUILDING_SUPPLIES])" in market zone "Trader Zone" (pos=<6675.160645, 104.603935, 6114.155762>) for a price of 5.
21:44:03.720 [Market] Player "Mard" (id=OAEsqfVu9Ya3qx3X2Q_PgbpxSoSDXOIUHhH8VWVuumk=) has bought bloodbagempty x1 (c388c0e0) from the trader "Medicals (Mirek [#STR_EXPANSION_MARKET_TRADER_MEDICALS])" in market zone "Trader Zone" (pos=<6675.160645, 104.603935, 6114.155762>) for a price of 18.
21:44:04.683 [Market] Player "Mard" (id=OAEsqfVu9Ya3qx3X2Q_PgbpxSoSDXOIUHhH8VWVuumk=) has bought startkitiv x1 (c3894010) from the trader "Medicals (Mirek [#STR_EXPANSION_MARKET_TRADER_MEDICALS])" in market zone "Trader Zone" (pos=<6675.160645, 104.603935, 6114.155762>) for a price of 10.
21:45:08.179 [Market] Player "Mard" (id=OAEsqfVu9Ya3qx3X2Q_PgbpxSoSDXOIUHhH8VWVuumk=) has bought rice x1 (c1eb58a0) from the trader "Consumables (Linda [#STR_EXPANSION_MARKET_TRADER_CONSUMABLES])" in market zone "Trader Zone" (pos=<6675.160645, 104.603935, 6114.155762>) for a price of 13.
21:45:19.642 [Market] Player "Mard" (id=OAEsqfVu9Ya3qx3X2Q_PgbpxSoSDXOIUHhH8VWVuumk=) has bought expansioncheese2 x1 (c1eb88e0) from the trader "Consumables (Linda [#STR_EXPANSION_MARKET_TRADER_CONSUMABLES])" in market zone "Trader Zone" (pos=<6675.160645, 104.603935, 6114.155762>) for a price of 15.
21:45:30.473 [Market] Player "Mard" (id=OAEsqfVu9Ya3qx3X2Q_PgbpxSoSDXOIUHhH8VWVuumk=) has bought sodacan_fronta x1 (ce4b3b10) from the trader "Consumables (Linda [#STR_EXPANSION_MARKET_TRADER_CONSUMABLES])" in market zone "Trader Zone" (pos=<6675.160645, 104.603935, 6114.155762>) for a price of 10.
21:45:31.572 [Market] Player "Mard" (id=OAEsqfVu9Ya3qx3X2Q_PgbpxSoSDXOIUHhH8VWVuumk=) has bought sodacan_cola x1 (ce4c2040) from the trader "Consumables (Linda [#STR_EXPANSION_MARKET_TRADER_CONSUMABLES])" in market zone "Trader Zone" (pos=<6675.160645, 104.603935, 6114.155762>) for a price of 10.
21:45:32.662 [Market] Player "Mard" (id=OAEsqfVu9Ya3qx3X2Q_PgbpxSoSDXOIUHhH8VWVuumk=) has bought sodacan_spite x1 (caad8170) from the trader "Consumables (Linda [#STR_EXPANSION_MARKET_TRADER_CONSUMABLES])" in market zone "Trader Zone" (pos=<6675.160645, 104.603935, 6114.155762>) for a price of 10.
21:45:33.449 [Market] Player "Mard" (id=OAEsqfVu9Ya3qx3X2Q_PgbpxSoSDXOIUHhH8VWVuumk=) has bought sodacan_pipsi x1 (d23f9ad0) from the trader "Consumables (Linda [#STR_EXPANSION_MARKET_TRADER_CONSUMABLES])" in market zone "Trader Zone" (pos=<6675.160645, 104.603935, 6114.155762>) for a price of 10.
21:45:34.897 [Market] Player "Mard" (id=OAEsqfVu9Ya3qx3X2Q_PgbpxSoSDXOIUHhH8VWVuumk=) has sold canteen x1 (c740cfc0) at the trader "Consumables (Linda [#STR_EXPANSION_MARKET_TRADER_CONSUMABLES])" in market zone "Trader Zone" (pos=<6675.160645, 104.603935, 6114.155762>) and got 3.
21:45:35.772 [Market] Player "Mard" (id=OAEsqfVu9Ya3qx3X2Q_PgbpxSoSDXOIUHhH8VWVuumk=) has bought canteen x1 (d2414d10) from the trader "Consumables (Linda [#STR_EXPANSION_MARKET_TRADER_CONSUMABLES])" in market zone "Trader Zone" (pos=<6675.160645, 104.603935, 6114.155762>) for a price of 18.
21:45:49.824 [Market] Player "mormonrice" (id=SWrhd9ziwAZonrmk5cFvI9UDhCjNa3qYrpi7hYisi14=) has bought pnc_w_m60 x1 (9afa27f0) from the trader "Weapons (Denis [#STR_EXPANSION_MARKET_TRADER_WEAPONS])" in market zone "Trader Zone" (pos=<6675.160645, 104.603935, 6114.155762>) for a price of 7000.
21:46:09.472 [ATM] Player "Mard" (id=OAEsqfVu9Ya3qx3X2Q_PgbpxSoSDXOIUHhH8VWVuumk=) has deposited 35933 on his ATM account.
21:46:16.279 [Market] Player "mormonrice" (id=SWrhd9ziwAZonrmk5cFvI9UDhCjNa3qYrpi7hYisi14=) has bought pnc_suppressor_308win x1 (b539d280) from the trader "Attachments (Jose [#STR_EXPANSION_MARKET_TRADER_ATTACHMENTS])" in market zone "Trader Zone" (pos=<6675.160645, 104.603935, 6114.155762>) for a price of 50.
21:46:33.926 [Safezone] Player "{1:name}" (id={1:id} pos={1:position}) left the safezone
21:47:38.285 [Market] Player "mormonrice" (id=SWrhd9ziwAZonrmk5cFvI9UDhCjNa3qYrpi7hYisi14=) has bought pnc_m60_mag x1 (d244b1b0, ammo_308win x200) from the trader "Attachments (Jose [#STR_EXPANSION_MARKET_TRADER_ATTACHMENTS])" in market zone "Trader Zone" (pos=<6675.160645, 104.603935, 6114.155762>) for a price of 1150.
21:47:44.873 [Market] Player "mormonrice" (id=SWrhd9ziwAZonrmk5cFvI9UDhCjNa3qYrpi7hYisi14=) has bought pnc_m60_mag x1 (bcbec070, ammo_308win x200) from the trader "Attachments (Jose [#STR_EXPANSION_MARKET_TRADER_ATTACHMENTS])" in market zone "Trader Zone" (pos=<6675.160645, 104.603935, 6114.155762>) for a price of 1150.
21:48:56.859 [ATM] Player "mormonrice" (id=SWrhd9ziwAZonrmk5cFvI9UDhCjNa3qYrpi7hYisi14=) has deposited 26195 on his ATM account.
21:52:32.123 [Safezone] Player "{1:name}" (id={1:id} pos={1:position}) left the safezone
21:55:18.046 [Safezone] Player "mormonrice" (id=SWrhd9ziwAZonrmk5cFvI9UDhCjNa3qYrpi7hYisi14= pos=<6628.28, 134.24, 6029.29>) entered the safezone
21:55:50.799 [Market] Player "mormonrice" (id=SWrhd9ziwAZonrmk5cFvI9UDhCjNa3qYrpi7hYisi14=) has sold steakknife x1 (d0928390) at the trader "Weapons (Denis [#STR_EXPANSION_MARKET_TRADER_WEAPONS])" in market zone "Trader Zone" (pos=<6675.160645, 104.603935, 6114.155762>) and got 3.
22:03:51.247 [Party] Player "Mard" (id=OAEsqfVu9Ya3qx3X2Q_PgbpxSoSDXOIUHhH8VWVuumk=) left the party "Viper Ethereal" (id=33 ownerUID=zazFLAJ4lPF6TvVQMMREjst1jC8o_Id9oh_TjGBwaP8= ownerName=ElBizzy)
22:03:56.661 [ATM] Player "mormonrice" (id=SWrhd9ziwAZonrmk5cFvI9UDhCjNa3qYrpi7hYisi14=) has withdrawn 26195 from his ATM account.
22:05:22.331 [Market] Player "mormonrice" (id=SWrhd9ziwAZonrmk5cFvI9UDhCjNa3qYrpi7hYisi14=) has bought alicebag_green x1 (c3ae2240) from the trader "Clothing (Naomi [#STR_EXPANSION_MARKET_TRADER_CLOTHING])" in market zone "Trader Zone" (pos=<6675.160645, 104.603935, 6114.155762>) for a price of 400.
22:05:27.062 [Market] Player "mormonrice" (id=SWrhd9ziwAZonrmk5cFvI9UDhCjNa3qYrpi7hYisi14=) has bought smershbag x1 (c3ae16b0) from the trader "Clothing (Naomi [#STR_EXPANSION_MARKET_TRADER_CLOTHING])" in market zone "Trader Zone" (pos=<6675.160645, 104.603935, 6114.155762>) for a price of 1.
22:05:29.654 [Market] Player "mormonrice" (id=SWrhd9ziwAZonrmk5cFvI9UDhCjNa3qYrpi7hYisi14=) has bought alicebag_green x1 (c3ade870) from the trader "Clothing (Naomi [#STR_EXPANSION_MARKET_TRADER_CLOTHING])" in market zone "Trader Zone" (pos=<6675.160645, 104.603935, 6114.155762>) for a price of 400.
22:05:46.739 [Market] Player "mormonrice" (id=SWrhd9ziwAZonrmk5cFvI9UDhCjNa3qYrpi7hYisi14=) has bought combatboots_beige x1 (ba347170) from the trader "Clothing (Naomi [#STR_EXPANSION_MARKET_TRADER_CLOTHING])" in market zone "Trader Zone" (pos=<6675.160645, 104.603935, 6114.155762>) for a price of 80.
22:06:18.488 [Market] Player "mormonrice" (id=SWrhd9ziwAZonrmk5cFvI9UDhCjNa3qYrpi7hYisi14=) has bought smershvest x1 (ba3507c0) from the trader "Clothing (Naomi [#STR_EXPANSION_MARKET_TRADER_CLOTHING])" in market zone "Trader Zone" (pos=<6675.160645, 104.603935, 6114.155762>) for a price of 150.
22:06:25.635 [Market] Player "mormonrice" (id=SWrhd9ziwAZonrmk5cFvI9UDhCjNa3qYrpi7hYisi14=) has bought gasmask x1 (ba360620) from the trader "Clothing (Naomi [#STR_EXPANSION_MARKET_TRADER_CLOTHING])" in market zone "Trader Zone" (pos=<6675.160645, 104.603935, 6114.155762>) for a price of 120.
22:06:26.496 [Market] Player "mormonrice" (id=SWrhd9ziwAZonrmk5cFvI9UDhCjNa3qYrpi7hYisi14=) has bought gasmask x1 (ba366e30) from the trader "Clothing (Naomi [#STR_EXPANSION_MARKET_TRADER_CLOTHING])" in market zone "Trader Zone" (pos=<6675.160645, 104.603935, 6114.155762>) for a price of 120.
22:06:27.701 [Market] Player "mormonrice" (id=SWrhd9ziwAZonrmk5cFvI9UDhCjNa3qYrpi7hYisi14=) has bought gasmask x1 (ba364b80) from the trader "Clothing (Naomi [#STR_EXPANSION_MARKET_TRADER_CLOTHING])" in market zone "Trader Zone" (pos=<6675.160645, 104.603935, 6114.155762>) for a price of 120.
22:06:29.430 [Market] Player "mormonrice" (id=SWrhd9ziwAZonrmk5cFvI9UDhCjNa3qYrpi7hYisi14=) has bought balaclava3holes_beige x1 (ba368550) from the trader "Clothing (Naomi [#STR_EXPANSION_MARKET_TRADER_CLOTHING])" in market zone "Trader Zone" (pos=<6675.160645, 104.603935, 6114.155762>) for a price of 50.
22:07:09.133 [Market] Player "mormonrice" (id=SWrhd9ziwAZonrmk5cFvI9UDhCjNa3qYrpi7hYisi14=) has bought bandagedressing x1 (d0566180) from the trader "Medicals (Mirek [#STR_EXPANSION_MARKET_TRADER_MEDICALS])" in market zone "Trader Zone" (pos=<6675.160645, 104.603935, 6114.155762>) for a price of 3.
22:07:09.536 [Market] Player "mormonrice" (id=SWrhd9ziwAZonrmk5cFvI9UDhCjNa3qYrpi7hYisi14=) has bought bandagedressing x1 (d056a6e0) from the trader "Medicals (Mirek [#STR_EXPANSION_MARKET_TRADER_MEDICALS])" in market zone "Trader Zone" (pos=<6675.160645, 104.603935, 6114.155762>) for a price of 3.
22:07:10.100 [Market] Player "mormonrice" (id=SWrhd9ziwAZonrmk5cFvI9UDhCjNa3qYrpi7hYisi14=) has bought bandagedressing x1 (d0577700) from the trader "Medicals (Mirek [#STR_EXPANSION_MARKET_TRADER_MEDICALS])" in market zone "Trader Zone" (pos=<6675.160645, 104.603935, 6114.155762>) for a price of 3.
22:07:11.836 [Market] Player "mormonrice" (id=SWrhd9ziwAZonrmk5cFvI9UDhCjNa3qYrpi7hYisi14=) has bought bandagedressing x1 (d0575fe0) from the trader "Medicals (Mirek [#STR_EXPANSION_MARKET_TRADER_MEDICALS])" in market zone "Trader Zone" (pos=<6675.160645, 104.603935, 6114.155762>) for a price of 3.
22:07:13.358 [Market] Player "mormonrice" (id=SWrhd9ziwAZonrmk5cFvI9UDhCjNa3qYrpi7hYisi14=) has bought bloodbagempty x1 (d0578290) from the trader "Medicals (Mirek [#STR_EXPANSION_MARKET_TRADER_MEDICALS])" in market zone "Trader Zone" (pos=<6675.160645, 104.603935, 6114.155762>) for a price of 18.
22:07:13.897 [Market] Player "mormonrice" (id=SWrhd9ziwAZonrmk5cFvI9UDhCjNa3qYrpi7hYisi14=) has bought bloodbagempty x1 (d05748c0) from the trader "Medicals (Mirek [#STR_EXPANSION_MARKET_TRADER_MEDICALS])" in market zone "Trader Zone" (pos=<6675.160645, 104.603935, 6114.155762>) for a price of 18.
22:07:16.052 [Market] Player "mormonrice" (id=SWrhd9ziwAZonrmk5cFvI9UDhCjNa3qYrpi7hYisi14=) has bought startkitiv x1 (d0575450) from the trader "Medicals (Mirek [#STR_EXPANSION_MARKET_TRADER_MEDICALS])" in market zone "Trader Zone" (pos=<6675.160645, 104.603935, 6114.155762>) for a price of 10.
22:07:16.528 [Market] Player "mormonrice" (id=SWrhd9ziwAZonrmk5cFvI9UDhCjNa3qYrpi7hYisi14=) has bought startkitiv x1 (c321abf0) from the trader "Medicals (Mirek [#STR_EXPANSION_MARKET_TRADER_MEDICALS])" in market zone "Trader Zone" (pos=<6675.160645, 104.603935, 6114.155762>) for a price of 10.
22:07:19.240 [Market] Player "mormonrice" (id=SWrhd9ziwAZonrmk5cFvI9UDhCjNa3qYrpi7hYisi14=) has bought tetracyclineantibiotics x1 (d0834820) from the trader "Medicals (Mirek [#STR_EXPANSION_MARKET_TRADER_MEDICALS])" in market zone "Trader Zone" (pos=<6675.160645, 104.603935, 6114.155762>) for a price of 8.
22:07:23.004 [Market] Player "mormonrice" (id=SWrhd9ziwAZonrmk5cFvI9UDhCjNa3qYrpi7hYisi14=) has bought vitaminbottle x1 (2ec19e0) from the trader "Medicals (Mirek [#STR_EXPANSION_MARKET_TRADER_MEDICALS])" in market zone "Trader Zone" (pos=<6675.160645, 104.603935, 6114.155762>) for a price of 6.
22:07:27.400 [Market] Player "mormonrice" (id=SWrhd9ziwAZonrmk5cFvI9UDhCjNa3qYrpi7hYisi14=) has bought purificationtablets x1 (2e8e5a0) from the trader "Medicals (Mirek [#STR_EXPANSION_MARKET_TRADER_MEDICALS])" in market zone "Trader Zone" (pos=<6675.160645, 104.603935, 6114.155762>) for a price of 5.
22:07:44.299 [Market] Player "mormonrice" (id=SWrhd9ziwAZonrmk5cFvI9UDhCjNa3qYrpi7hYisi14=) has bought marmalade x1 (c55c92f0) from the trader "Consumables (Linda [#STR_EXPANSION_MARKET_TRADER_CONSUMABLES])" in market zone "Trader Zone" (pos=<6675.160645, 104.603935, 6114.155762>) for a price of 13.
22:07:44.852 [Market] Player "mormonrice" (id=SWrhd9ziwAZonrmk5cFvI9UDhCjNa3qYrpi7hYisi14=) has bought marmalade x1 (c55d8430) from the trader "Consumables (Linda [#STR_EXPANSION_MARKET_TRADER_CONSUMABLES])" in market zone "Trader Zone" (pos=<6675.160645, 104.603935, 6114.155762>) for a price of 13.
22:08:06.637 [Market] Player "mormonrice" (id=SWrhd9ziwAZonrmk5cFvI9UDhCjNa3qYrpi7hYisi14=) has bought pot x1 (9afcd510) from the trader "BuildingSupplies (Boris [#STR_EXPANSION_MARKET_TRADER_BUILDING_SUPPLIES])" in market zone "Trader Zone" (pos=<6675.160645, 104.603935, 6114.155762>) for a price of 25.
22:08:10.374 [Market] Player "mormonrice" (id=SWrhd9ziwAZonrmk5cFvI9UDhCjNa3qYrpi7hYisi14=) has bought ducttape x1 (cd0590f0) from the trader "BuildingSupplies (Boris [#STR_EXPANSION_MARKET_TRADER_BUILDING_SUPPLIES])" in market zone "Trader Zone" (pos=<6675.160645, 104.603935, 6114.155762>) for a price of 20.
22:08:11.114 [Market] Player "mormonrice" (id=SWrhd9ziwAZonrmk5cFvI9UDhCjNa3qYrpi7hYisi14=) has bought ducttape x1 (cd054000) from the trader "BuildingSupplies (Boris [#STR_EXPANSION_MARKET_TRADER_BUILDING_SUPPLIES])" in market zone "Trader Zone" (pos=<6675.160645, 104.603935, 6114.155762>) for a price of 20.
22:08:11.950 [Market] Player "mormonrice" (id=SWrhd9ziwAZonrmk5cFvI9UDhCjNa3qYrpi7hYisi14=) has bought ducttape x1 (cd05bf30) from the trader "BuildingSupplies (Boris [#STR_EXPANSION_MARKET_TRADER_BUILDING_SUPPLIES])" in market zone "Trader Zone" (pos=<6675.160645, 104.603935, 6114.155762>) for a price of 20.
22:08:12.770 [Market] Player "mormonrice" (id=SWrhd9ziwAZonrmk5cFvI9UDhCjNa3qYrpi7hYisi14=) has bought ducttape x1 (cd056e40) from the trader "BuildingSupplies (Boris [#STR_EXPANSION_MARKET_TRADER_BUILDING_SUPPLIES])" in market zone "Trader Zone" (pos=<6675.160645, 104.603935, 6114.155762>) for a price of 20.
22:08:14.774 [Market] Player "mormonrice" (id=SWrhd9ziwAZonrmk5cFvI9UDhCjNa3qYrpi7hYisi14=) has bought ducttape x1 (cd05a810) from the trader "BuildingSupplies (Boris [#STR_EXPANSION_MARKET_TRADER_BUILDING_SUPPLIES])" in market zone "Trader Zone" (pos=<6675.160645, 104.603935, 6114.155762>) for a price of 20.
22:08:25.191 [Market] Player "mormonrice" (id=SWrhd9ziwAZonrmk5cFvI9UDhCjNa3qYrpi7hYisi14=) has bought hatchet x1 (c5ab2cf0) from the trader "BuildingSupplies (Boris [#STR_EXPANSION_MARKET_TRADER_BUILDING_SUPPLIES])" in market zone "Trader Zone" (pos=<6675.160645, 104.603935, 6114.155762>) for a price of 10.
22:08:29.698 [Market] Player "mormonrice" (id=SWrhd9ziwAZonrmk5cFvI9UDhCjNa3qYrpi7hYisi14=) has bought whetstone x1 (c5ac36e0) from the trader "BuildingSupplies (Boris [#STR_EXPANSION_MARKET_TRADER_BUILDING_SUPPLIES])" in market zone "Trader Zone" (pos=<6675.160645, 104.603935, 6114.155762>) for a price of 5.
22:08:30.041 [Market] Player "mormonrice" (id=SWrhd9ziwAZonrmk5cFvI9UDhCjNa3qYrpi7hYisi14=) has bought whetstone x1 (c5ac5990) from the trader "BuildingSupplies (Boris [#STR_EXPANSION_MARKET_TRADER_BUILDING_SUPPLIES])" in market zone "Trader Zone" (pos=<6675.160645, 104.603935, 6114.155762>) for a price of 5.
22:08:30.339 [Market] Player "mormonrice" (id=SWrhd9ziwAZonrmk5cFvI9UDhCjNa3qYrpi7hYisi14=) has bought whetstone x1 (c5ac6520) from the trader "BuildingSupplies (Boris [#STR_EXPANSION_MARKET_TRADER_BUILDING_SUPPLIES])" in market zone "Trader Zone" (pos=<6675.160645, 104.603935, 6114.155762>) for a price of 5.
22:08:30.662 [Market] Player "mormonrice" (id=SWrhd9ziwAZonrmk5cFvI9UDhCjNa3qYrpi7hYisi14=) has bought whetstone x1 (c5abfd10) from the trader "BuildingSupplies (Boris [#STR_EXPANSION_MARKET_TRADER_BUILDING_SUPPLIES])" in market zone "Trader Zone" (pos=<6675.160645, 104.603935, 6114.155762>) for a price of 5.
22:10:02.401 [Market] Player "mormonrice" (id=SWrhd9ziwAZonrmk5cFvI9UDhCjNa3qYrpi7hYisi14=) has bought pnc_suppressor_308win x1 (be1a7d20) from the trader "Attachments (Jose [#STR_EXPANSION_MARKET_TRADER_ATTACHMENTS])" in market zone "Trader Zone" (pos=<6675.160645, 104.603935, 6114.155762>) for a price of 50.
22:10:02.599 [Market] Player "mormonrice" (id=SWrhd9ziwAZonrmk5cFvI9UDhCjNa3qYrpi7hYisi14=) has bought pnc_suppressor_308win x1 (be1a6600) from the trader "Attachments (Jose [#STR_EXPANSION_MARKET_TRADER_ATTACHMENTS])" in market zone "Trader Zone" (pos=<6675.160645, 104.603935, 6114.155762>) for a price of 50.
22:10:02.837 [Market] Player "mormonrice" (id=SWrhd9ziwAZonrmk5cFvI9UDhCjNa3qYrpi7hYisi14=) has bought pnc_suppressor_308win x1 (be1a37c0) from the trader "Attachments (Jose [#STR_EXPANSION_MARKET_TRADER_ATTACHMENTS])" in market zone "Trader Zone" (pos=<6675.160645, 104.603935, 6114.155762>) for a price of 50.
22:10:03.511 [Market] Player "mormonrice" (id=SWrhd9ziwAZonrmk5cFvI9UDhCjNa3qYrpi7hYisi14=) has bought pnc_suppressor_308win x1 (be1af0c0) from the trader "Attachments (Jose [#STR_EXPANSION_MARKET_TRADER_ATTACHMENTS])" in market zone "Trader Zone" (pos=<6675.160645, 104.603935, 6114.155762>) for a price of 50.
22:11:28.464 [Market] Player "mormonrice" (id=SWrhd9ziwAZonrmk5cFvI9UDhCjNa3qYrpi7hYisi14=) has bought ammobox_308winap_20rnd x1 (c76fd6d0) from the trader "Weapons (Denis [#STR_EXPANSION_MARKET_TRADER_WEAPONS])" in market zone "Trader Zone" (pos=<6675.160645, 104.603935, 6114.155762>) for a price of 100.
22:11:28.936 [Market] Player "mormonrice" (id=SWrhd9ziwAZonrmk5cFvI9UDhCjNa3qYrpi7hYisi14=) has bought ammobox_308winap_20rnd x1 (c76fedf0) from the trader "Weapons (Denis [#STR_EXPANSION_MARKET_TRADER_WEAPONS])" in market zone "Trader Zone" (pos=<6675.160645, 104.603935, 6114.155762>) for a price of 100.
22:11:29.118 [Market] Player "mormonrice" (id=SWrhd9ziwAZonrmk5cFvI9UDhCjNa3qYrpi7hYisi14=) has bought ammobox_308winap_20rnd x1 (c7706190) from the trader "Weapons (Denis [#STR_EXPANSION_MARKET_TRADER_WEAPONS])" in market zone "Trader Zone" (pos=<6675.160645, 104.603935, 6114.155762>) for a price of 100.
22:11:29.352 [Market] Player "mormonrice" (id=SWrhd9ziwAZonrmk5cFvI9UDhCjNa3qYrpi7hYisi14=) has bought ammobox_308winap_20rnd x1 (c76ff980) from the trader "Weapons (Denis [#STR_EXPANSION_MARKET_TRADER_WEAPONS])" in market zone "Trader Zone" (pos=<6675.160645, 104.603935, 6114.155762>) for a price of 100.
22:11:29.554 [Market] Player "mormonrice" (id=SWrhd9ziwAZonrmk5cFvI9UDhCjNa3qYrpi7hYisi14=) has bought ammobox_308winap_20rnd x1 (c770d530) from the trader "Weapons (Denis [#STR_EXPANSION_MARKET_TRADER_WEAPONS])" in market zone "Trader Zone" (pos=<6675.160645, 104.603935, 6114.155762>) for a price of 100.
22:11:29.758 [Market] Player "mormonrice" (id=SWrhd9ziwAZonrmk5cFvI9UDhCjNa3qYrpi7hYisi14=) has bought ammobox_308winap_20rnd x1 (c770e0c0) from the trader "Weapons (Denis [#STR_EXPANSION_MARKET_TRADER_WEAPONS])" in market zone "Trader Zone" (pos=<6675.160645, 104.603935, 6114.155762>) for a price of 100.
22:11:29.973 [Market] Player "mormonrice" (id=SWrhd9ziwAZonrmk5cFvI9UDhCjNa3qYrpi7hYisi14=) has bought ammobox_308winap_20rnd x1 (c7709b60) from the trader "Weapons (Denis [#STR_EXPANSION_MARKET_TRADER_WEAPONS])" in market zone "Trader Zone" (pos=<6675.160645, 104.603935, 6114.155762>) for a price of 100.
22:11:30.174 [Market] Player "mormonrice" (id=SWrhd9ziwAZonrmk5cFvI9UDhCjNa3qYrpi7hYisi14=) has bought ammobox_308winap_20rnd x1 (c77078b0) from the trader "Weapons (Denis [#STR_EXPANSION_MARKET_TRADER_WEAPONS])" in market zone "Trader Zone" (pos=<6675.160645, 104.603935, 6114.155762>) for a price of 100.
22:11:30.381 [Market] Player "mormonrice" (id=SWrhd9ziwAZonrmk5cFvI9UDhCjNa3qYrpi7hYisi14=) has bought ammobox_308winap_20rnd x1 (c770be10) from the trader "Weapons (Denis [#STR_EXPANSION_MARKET_TRADER_WEAPONS])" in market zone "Trader Zone" (pos=<6675.160645, 104.603935, 6114.155762>) for a price of 100.
22:11:30.584 [Market] Player "mormonrice" (id=SWrhd9ziwAZonrmk5cFvI9UDhCjNa3qYrpi7hYisi14=) has bought ammobox_308winap_20rnd x1 (c7708440) from the trader "Weapons (Denis [#STR_EXPANSION_MARKET_TRADER_WEAPONS])" in market zone "Trader Zone" (pos=<6675.160645, 104.603935, 6114.155762>) for a price of 100.
22:11:31.073 [Market] Player "mormonrice" (id=SWrhd9ziwAZonrmk5cFvI9UDhCjNa3qYrpi7hYisi14=) has bought ammobox_308winap_20rnd x1 (c77148d0) from the trader "Weapons (Denis [#STR_EXPANSION_MARKET_TRADER_WEAPONS])" in market zone "Trader Zone" (pos=<6675.160645, 104.603935, 6114.155762>) for a price of 100.
22:11:33.881 [Market] Player "mormonrice" (id=SWrhd9ziwAZonrmk5cFvI9UDhCjNa3qYrpi7hYisi14=) has bought ammobox_308win_20rnd x1 (caa00e50) from the trader "Weapons (Denis [#STR_EXPANSION_MARKET_TRADER_WEAPONS])" in market zone "Trader Zone" (pos=<6675.160645, 104.603935, 6114.155762>) for a price of 32.
22:11:34.083 [Market] Player "mormonrice" (id=SWrhd9ziwAZonrmk5cFvI9UDhCjNa3qYrpi7hYisi14=) has bought ammobox_308win_20rnd x1 (ca9fb1d0) from the trader "Weapons (Denis [#STR_EXPANSION_MARKET_TRADER_WEAPONS])" in market zone "Trader Zone" (pos=<6675.160645, 104.603935, 6114.155762>) for a price of 32.
22:11:34.279 [Market] Player "mormonrice" (id=SWrhd9ziwAZonrmk5cFvI9UDhCjNa3qYrpi7hYisi14=) has bought ammobox_308win_20rnd x1 (2a6fd2b0) from the trader "Weapons (Denis [#STR_EXPANSION_MARKET_TRADER_WEAPONS])" in market zone "Trader Zone" (pos=<6675.160645, 104.603935, 6114.155762>) for a price of 32.
22:11:34.441 [Market] Player "mormonrice" (id=SWrhd9ziwAZonrmk5cFvI9UDhCjNa3qYrpi7hYisi14=) has bought ammobox_308win_20rnd x1 (2a70ae60) from the trader "Weapons (Denis [#STR_EXPANSION_MARKET_TRADER_WEAPONS])" in market zone "Trader Zone" (pos=<6675.160645, 104.603935, 6114.155762>) for a price of 32.
22:11:34.684 [Market] Player "mormonrice" (id=SWrhd9ziwAZonrmk5cFvI9UDhCjNa3qYrpi7hYisi14=) has bought ammobox_308win_20rnd x1 (2a6d2880) from the trader "Weapons (Denis [#STR_EXPANSION_MARKET_TRADER_WEAPONS])" in market zone "Trader Zone" (pos=<6675.160645, 104.603935, 6114.155762>) for a price of 32.
22:11:34.835 [Market] Player "mormonrice" (id=SWrhd9ziwAZonrmk5cFvI9UDhCjNa3qYrpi7hYisi14=) has bought ammobox_308win_20rnd x1 (2a6d3410) from the trader "Weapons (Denis [#STR_EXPANSION_MARKET_TRADER_WEAPONS])" in market zone "Trader Zone" (pos=<6675.160645, 104.603935, 6114.155762>) for a price of 32.
22:11:35.040 [Market] Player "mormonrice" (id=SWrhd9ziwAZonrmk5cFvI9UDhCjNa3qYrpi7hYisi14=) has bought ammobox_308win_20rnd x1 (2a6d3fa0) from the trader "Weapons (Denis [#STR_EXPANSION_MARKET_TRADER_WEAPONS])" in market zone "Trader Zone" (pos=<6675.160645, 104.603935, 6114.155762>) for a price of 32.
22:11:35.241 [Market] Player "mormonrice" (id=SWrhd9ziwAZonrmk5cFvI9UDhCjNa3qYrpi7hYisi14=) has bought ammobox_308win_20rnd x1 (2a6d4b30) from the trader "Weapons (Denis [#STR_EXPANSION_MARKET_TRADER_WEAPONS])" in market zone "Trader Zone" (pos=<6675.160645, 104.603935, 6114.155762>) for a price of 32.
22:11:35.451 [Market] Player "mormonrice" (id=SWrhd9ziwAZonrmk5cFvI9UDhCjNa3qYrpi7hYisi14=) has bought ammobox_308win_20rnd x1 (2a6df8a0) from the trader "Weapons (Denis [#STR_EXPANSION_MARKET_TRADER_WEAPONS])" in market zone "Trader Zone" (pos=<6675.160645, 104.603935, 6114.155762>) for a price of 32.
22:11:35.636 [Market] Player "mormonrice" (id=SWrhd9ziwAZonrmk5cFvI9UDhCjNa3qYrpi7hYisi14=) has bought ammobox_308win_20rnd x1 (2a6e0430) from the trader "Weapons (Denis [#STR_EXPANSION_MARKET_TRADER_WEAPONS])" in market zone "Trader Zone" (pos=<6675.160645, 104.603935, 6114.155762>) for a price of 32.
22:11:35.839 [Market] Player "mormonrice" (id=SWrhd9ziwAZonrmk5cFvI9UDhCjNa3qYrpi7hYisi14=) has bought ammobox_308win_20rnd x1 (2a6e1b50) from the trader "Weapons (Denis [#STR_EXPANSION_MARKET_TRADER_WEAPONS])" in market zone "Trader Zone" (pos=<6675.160645, 104.603935, 6114.155762>) for a price of 32.
22:11:36.041 [Market] Player "mormonrice" (id=SWrhd9ziwAZonrmk5cFvI9UDhCjNa3qYrpi7hYisi14=) has bought ammobox_308win_20rnd x1 (2a6db340) from the trader "Weapons (Denis [#STR_EXPANSION_MARKET_TRADER_WEAPONS])" in market zone "Trader Zone" (pos=<6675.160645, 104.603935, 6114.155762>) for a price of 32.
22:11:36.254 [Market] Player "mormonrice" (id=SWrhd9ziwAZonrmk5cFvI9UDhCjNa3qYrpi7hYisi14=) has bought ammobox_308win_20rnd x1 (2a6dbed0) from the trader "Weapons (Denis [#STR_EXPANSION_MARKET_TRADER_WEAPONS])" in market zone "Trader Zone" (pos=<6675.160645, 104.603935, 6114.155762>) for a price of 32.
22:11:36.492 [Market] Player "mormonrice" (id=SWrhd9ziwAZonrmk5cFvI9UDhCjNa3qYrpi7hYisi14=) has bought ammobox_308win_20rnd x1 (2a6e3e00) from the trader "Weapons (Denis [#STR_EXPANSION_MARKET_TRADER_WEAPONS])" in market zone "Trader Zone" (pos=<6675.160645, 104.603935, 6114.155762>) for a price of 32.
22:11:37.376 [Market] Player "mormonrice" (id=SWrhd9ziwAZonrmk5cFvI9UDhCjNa3qYrpi7hYisi14=) has bought ammobox_308win_20rnd x1 (2a6e8360) from the trader "Weapons (Denis [#STR_EXPANSION_MARKET_TRADER_WEAPONS])" in market zone "Trader Zone" (pos=<6675.160645, 104.603935, 6114.155762>) for a price of 32.
22:11:56.463 [Market] Player "mormonrice" (id=SWrhd9ziwAZonrmk5cFvI9UDhCjNa3qYrpi7hYisi14=) has bought pnc_m60_mag x1 (2a6ef700, ammo_308win x200) from the trader "Attachments (Jose [#STR_EXPANSION_MARKET_TRADER_ATTACHMENTS])" in market zone "Trader Zone" (pos=<6675.160645, 104.603935, 6114.155762>) for a price of 1150.
22:12:40.241 [Market] Player "mormonrice" (id=SWrhd9ziwAZonrmk5cFvI9UDhCjNa3qYrpi7hYisi14=) has bought machete x1 (c8a839a0) from the trader "Weapons (Denis [#STR_EXPANSION_MARKET_TRADER_WEAPONS])" in market zone "Trader Zone" (pos=<6675.160645, 104.603935, 6114.155762>) for a price of 12.
22:12:52.253 [Market] Player "mormonrice" (id=SWrhd9ziwAZonrmk5cFvI9UDhCjNa3qYrpi7hYisi14=) has bought worm x1 (b4be7f00) from the trader "Fishing (Baty [#STR_EXPANSION_MARKET_TRADER_FISHING])" in market zone "Trader Zone" (pos=<6675.160645, 104.603935, 6114.155762>) for a price of 2.
22:12:52.474 [Market] Player "mormonrice" (id=SWrhd9ziwAZonrmk5cFvI9UDhCjNa3qYrpi7hYisi14=) has bought worm x1 (d1f6d8d0) from the trader "Fishing (Baty [#STR_EXPANSION_MARKET_TRADER_FISHING])" in market zone "Trader Zone" (pos=<6675.160645, 104.603935, 6114.155762>) for a price of 2.
22:12:52.653 [Market] Player "mormonrice" (id=SWrhd9ziwAZonrmk5cFvI9UDhCjNa3qYrpi7hYisi14=) has bought worm x1 (caada5a0) from the trader "Fishing (Baty [#STR_EXPANSION_MARKET_TRADER_FISHING])" in market zone "Trader Zone" (pos=<6675.160645, 104.603935, 6114.155762>) for a price of 2.
22:12:52.874 [Market] Player "mormonrice" (id=SWrhd9ziwAZonrmk5cFvI9UDhCjNa3qYrpi7hYisi14=) has bought worm x1 (9aa50dc0) from the trader "Fishing (Baty [#STR_EXPANSION_MARKET_TRADER_FISHING])" in market zone "Trader Zone" (pos=<6675.160645, 104.603935, 6114.155762>) for a price of 2.
22:12:53.479 [Market] Player "mormonrice" (id=SWrhd9ziwAZonrmk5cFvI9UDhCjNa3qYrpi7hYisi14=) has bought worm x1 (c6a1b5b0) from the trader "Fishing (Baty [#STR_EXPANSION_MARKET_TRADER_FISHING])" in market zone "Trader Zone" (pos=<6675.160645, 104.603935, 6114.155762>) for a price of 2.
22:12:54.111 [Market] Player "mormonrice" (id=SWrhd9ziwAZonrmk5cFvI9UDhCjNa3qYrpi7hYisi14=) has bought worm x1 (c4f1ba80) from the trader "Fishing (Baty [#STR_EXPANSION_MARKET_TRADER_FISHING])" in market zone "Trader Zone" (pos=<6675.160645, 104.603935, 6114.155762>) for a price of 2.
22:12:56.173 [Market] Player "mormonrice" (id=SWrhd9ziwAZonrmk5cFvI9UDhCjNa3qYrpi7hYisi14=) has bought hook x1 (c568f2c0) from the trader "Fishing (Baty [#STR_EXPANSION_MARKET_TRADER_FISHING])" in market zone "Trader Zone" (pos=<6675.160645, 104.603935, 6114.155762>) for a price of 7.
22:12:56.379 [Market] Player "mormonrice" (id=SWrhd9ziwAZonrmk5cFvI9UDhCjNa3qYrpi7hYisi14=) has bought hook x1 (c568c480) from the trader "Fishing (Baty [#STR_EXPANSION_MARKET_TRADER_FISHING])" in market zone "Trader Zone" (pos=<6675.160645, 104.603935, 6114.155762>) for a price of 7.
22:12:56.585 [Market] Player "mormonrice" (id=SWrhd9ziwAZonrmk5cFvI9UDhCjNa3qYrpi7hYisi14=) has bought hook x1 (c5656ce0) from the trader "Fishing (Baty [#STR_EXPANSION_MARKET_TRADER_FISHING])" in market zone "Trader Zone" (pos=<6675.160645, 104.603935, 6114.155762>) for a price of 7.
22:12:56.823 [Market] Player "mormonrice" (id=SWrhd9ziwAZonrmk5cFvI9UDhCjNa3qYrpi7hYisi14=) has bought hook x1 (c56555c0) from the trader "Fishing (Baty [#STR_EXPANSION_MARKET_TRADER_FISHING])" in market zone "Trader Zone" (pos=<6675.160645, 104.603935, 6114.155762>) for a price of 7.
22:12:57.034 [Market] Player "mormonrice" (id=SWrhd9ziwAZonrmk5cFvI9UDhCjNa3qYrpi7hYisi14=) has bought hook x1 (c5663170) from the trader "Fishing (Baty [#STR_EXPANSION_MARKET_TRADER_FISHING])" in market zone "Trader Zone" (pos=<6675.160645, 104.603935, 6114.155762>) for a price of 7.
22:13:10.173 [Market] Player "mormonrice" (id=SWrhd9ziwAZonrmk5cFvI9UDhCjNa3qYrpi7hYisi14=) has bought weaponcleaningkit x1 (c5682e30) from the trader "Components (Cyril [#STR_EXPANSION_MARKET_TRADER_COMPONENTS])" in market zone "Trader Zone" (pos=<6675.160645, 104.603935, 6114.155762>) for a price of 8.
22:13:11.076 [Market] Player "mormonrice" (id=SWrhd9ziwAZonrmk5cFvI9UDhCjNa3qYrpi7hYisi14=) has bought weaponcleaningkit x1 (c565c960) from the trader "Components (Cyril [#STR_EXPANSION_MARKET_TRADER_COMPONENTS])" in market zone "Trader Zone" (pos=<6675.160645, 104.603935, 6114.155762>) for a price of 8.
22:13:11.281 [Market] Player "mormonrice" (id=SWrhd9ziwAZonrmk5cFvI9UDhCjNa3qYrpi7hYisi14=) has bought weaponcleaningkit x1 (c56625e0) from the trader "Components (Cyril [#STR_EXPANSION_MARKET_TRADER_COMPONENTS])" in market zone "Trader Zone" (pos=<6675.160645, 104.603935, 6114.155762>) for a price of 8.
22:13:11.523 [Market] Player "mormonrice" (id=SWrhd9ziwAZonrmk5cFvI9UDhCjNa3qYrpi7hYisi14=) has bought weaponcleaningkit x1 (c566c7c0) from the trader "Components (Cyril [#STR_EXPANSION_MARKET_TRADER_COMPONENTS])" in market zone "Trader Zone" (pos=<6675.160645, 104.603935, 6114.155762>) for a price of 8.
22:13:19.021 [Safezone] Player "DUSTY PINKY" (id=s8r0CBUvA4m0dDsoAZ-_G4y6F5w2f9qLRLI59dyQZnI= pos=<6677.31, 102.55, 6086.77>) entered the safezone
22:13:22.257 [Market] Player "mormonrice" (id=SWrhd9ziwAZonrmk5cFvI9UDhCjNa3qYrpi7hYisi14=) has bought leathersewingkit x1 (d2647280) from the trader "Components (Cyril [#STR_EXPANSION_MARKET_TRADER_COMPONENTS])" in market zone "Trader Zone" (pos=<6675.160645, 104.603935, 6114.155762>) for a price of 5.
22:14:48.935 [Market] Player "mormonrice" (id=SWrhd9ziwAZonrmk5cFvI9UDhCjNa3qYrpi7hYisi14=) has bought battery9v x1 (b7c297b0) from the trader "Components (Cyril [#STR_EXPANSION_MARKET_TRADER_COMPONENTS])" in market zone "Trader Zone" (pos=<6675.160645, 104.603935, 6114.155762>) for a price of 10.
22:14:49.151 [Market] Player "mormonrice" (id=SWrhd9ziwAZonrmk5cFvI9UDhCjNa3qYrpi7hYisi14=) has bought battery9v x1 (b7c25250) from the trader "Components (Cyril [#STR_EXPANSION_MARKET_TRADER_COMPONENTS])" in market zone "Trader Zone" (pos=<6675.160645, 104.603935, 6114.155762>) for a price of 10.
22:14:49.360 [Market] Player "mormonrice" (id=SWrhd9ziwAZonrmk5cFvI9UDhCjNa3qYrpi7hYisi14=) has bought battery9v x1 (b7c25de0) from the trader "Components (Cyril [#STR_EXPANSION_MARKET_TRADER_COMPONENTS])" in market zone "Trader Zone" (pos=<6675.160645, 104.603935, 6114.155762>) for a price of 10.
22:14:49.585 [Market] Player "mormonrice" (id=SWrhd9ziwAZonrmk5cFvI9UDhCjNa3qYrpi7hYisi14=) has bought battery9v x1 (b7c28090) from the trader "Components (Cyril [#STR_EXPANSION_MARKET_TRADER_COMPONENTS])" in market zone "Trader Zone" (pos=<6675.160645, 104.603935, 6114.155762>) for a price of 10.
22:14:50.299 [Market] Player "mormonrice" (id=SWrhd9ziwAZonrmk5cFvI9UDhCjNa3qYrpi7hYisi14=) has bought battery9v x1 (b7c27500) from the trader "Components (Cyril [#STR_EXPANSION_MARKET_TRADER_COMPONENTS])" in market zone "Trader Zone" (pos=<6675.160645, 104.603935, 6114.155762>) for a price of 10.
22:14:57.017 [Market] Player "mormonrice" (id=SWrhd9ziwAZonrmk5cFvI9UDhCjNa3qYrpi7hYisi14=) has bought headtorch_black x1 (b7c2f430, Battery9V<b7c367d0>) from the trader "Components (Cyril [#STR_EXPANSION_MARKET_TRADER_COMPONENTS])" in market zone "Trader Zone" (pos=<6675.160645, 104.603935, 6114.155762>) for a price of 50.
22:14:58.855 [Market] Player "mormonrice" (id=SWrhd9ziwAZonrmk5cFvI9UDhCjNa3qYrpi7hYisi14=) has bought petrollighter x1 (b7c2ffc0) from the trader "Components (Cyril [#STR_EXPANSION_MARKET_TRADER_COMPONENTS])" in market zone "Trader Zone" (pos=<6675.160645, 104.603935, 6114.155762>) for a price of 8.
22:14:59.107 [Market] Player "mormonrice" (id=SWrhd9ziwAZonrmk5cFvI9UDhCjNa3qYrpi7hYisi14=) has bought petrollighter x1 (b7c3c450) from the trader "Components (Cyril [#STR_EXPANSION_MARKET_TRADER_COMPONENTS])" in market zone "Trader Zone" (pos=<6675.160645, 104.603935, 6114.155762>) for a price of 8.
22:16:43.673 [Safezone] Player "{1:name}" (id={1:id} pos={1:position}) left the safezone
22:18:48.802 [Safezone] Player "DUSTY PINKY" (id=s8r0CBUvA4m0dDsoAZ-_G4y6F5w2f9qLRLI59dyQZnI= pos=<6684.86, 102.59, 6075.12>) entered the safezone
22:20:04.438 [Safezone] Player "{1:name}" (id={1:id} pos={1:position}) left the safezone
22:20:15.669 [VehicleEnter] Player "DUSTY PINKY" (id=s8r0CBUvA4m0dDsoAZ-_G4y6F5w2f9qLRLI59dyQZnI=) entered vehicle Bicycle (id=52091D76F340A489449D8EB693241E52 pos=<6639.18, 131.93, 6013.35>) as driver
22:22:39.483 [VehicleLeave] Player "DUSTY PINKY" (id=s8r0CBUvA4m0dDsoAZ-_G4y6F5w2f9qLRLI59dyQZnI=) left vehicle Bicycle (id=52091D76F340A489449D8EB693241E52 pos=<6851, 180.85, 5057.79>)
22:23:08.107 [VehicleEnter] Player "DUSTY PINKY" (id=s8r0CBUvA4m0dDsoAZ-_G4y6F5w2f9qLRLI59dyQZnI=) entered vehicle Bicycle (id=52091D76F340A489449D8EB693241E52 pos=<6851, 180.85, 5057.79>) as driver
22:25:50.885 [VehicleLeave] Player "DUSTY PINKY" (id=s8r0CBUvA4m0dDsoAZ-_G4y6F5w2f9qLRLI59dyQZnI=) left vehicle Bicycle (id=52091D76F340A489449D8EB693241E52 pos=<6842.43, 237.75, 4574.07>)
22:27:20.369 [VehicleEnter] Player "DUSTY PINKY" (id=s8r0CBUvA4m0dDsoAZ-_G4y6F5w2f9qLRLI59dyQZnI=) entered vehicle Bicycle (id=52091D76F340A489449D8EB693241E52 pos=<6842.43, 237.75, 4574.07>) as driver
22:29:21.326 [VehicleLeave] Player "DUSTY PINKY" (id=s8r0CBUvA4m0dDsoAZ-_G4y6F5w2f9qLRLI59dyQZnI=) left vehicle Bicycle (id=52091D76F340A489449D8EB693241E52 pos=<6859.62, 241.29, 4544.68>)
22:29:33.827 [VehicleDeleted] Lady_Bicycle (id=52091D76F340A489449D8EB693241E52 pos=<6859.62, 241.29, 4544.68>)
22:29:52.235 [VehicleEnter] Player "DUSTY PINKY" (id=s8r0CBUvA4m0dDsoAZ-_G4y6F5w2f9qLRLI59dyQZnI=) entered vehicle Bicycle (id=FCCF4F38D042F2D986FDDDAD01F64ADF pos=<6856.69, 241.45, 4542.81>) as driver
22:30:23.673 [Safezone] Player "mormonrice" (id=SWrhd9ziwAZonrmk5cFvI9UDhCjNa3qYrpi7hYisi14= pos=<6671.68, 120.44, 6016.83>) entered the safezone
22:30:40.755 [ATM] Player "mormonrice" (id=SWrhd9ziwAZonrmk5cFvI9UDhCjNa3qYrpi7hYisi14=) has deposited 21347 on his ATM account.
22:33:33.800 [MissionAirdrop] An airdrop is heading towards "Mohawk" (pos=<7978.891113, 0.000000, 7093.604004> type=Random_Mohawk) with a ExpansionAirdropContainer_Basebuilding
22:34:04.591 [VehicleLeave] Player "DUSTY PINKY" (id=s8r0CBUvA4m0dDsoAZ-_G4y6F5w2f9qLRLI59dyQZnI=) left vehicle Bicycle (id=FCCF4F38D042F2D986FDDDAD01F64ADF pos=<6315.68, 101.35, 3031.89>)
22:34:31.793 [VehicleDeleted] Lady_Bicycle (id=FCCF4F38D042F2D986FDDDAD01F64ADF pos=<6315.68, 101.35, 3031.89>)
22:35:03.279 [VehicleDeleted] Lady_Bicycle (id=E979D9DF9A4F1FBF1385A3B66AF230AD pos=<-2.63, -17.92, -3.01>)
22:39:22.290 [Safezone] Player "{1:name}" (id={1:id} pos={1:position}) left the safezone
23:25:46.586 [Safezone] Player "mormonrice" (id=SWrhd9ziwAZonrmk5cFvI9UDhCjNa3qYrpi7hYisi14= pos=<6665.92, 122.39, 6014.78>) entered the safezone
23:27:55.741 [Market] Player "mormonrice" (id=SWrhd9ziwAZonrmk5cFvI9UDhCjNa3qYrpi7hYisi14=) has sold pnc_moremag_m4drum_100rnd x1 (d1aa40f0, ammo_556x45 x100) at the trader "Attachments (Jose [#STR_EXPANSION_MARKET_TRADER_ATTACHMENTS])" in market zone "Trader Zone" (pos=<6675.160645, 104.603935, 6114.155762>) and got 550.
23:27:57.641 [Market] Player "mormonrice" (id=SWrhd9ziwAZonrmk5cFvI9UDhCjNa3qYrpi7hYisi14=) has sold pnc_moremag_m4drum_100rnd x1 (d1a9f000, ammo_556x45 x100) at the trader "Attachments (Jose [#STR_EXPANSION_MARKET_TRADER_ATTACHMENTS])" in market zone "Trader Zone" (pos=<6675.160645, 104.603935, 6114.155762>) and got 550.
23:28:04.519 [Market] Player "mormonrice" (id=SWrhd9ziwAZonrmk5cFvI9UDhCjNa3qYrpi7hYisi14=) has sold pnc_mag_barretm82a1_10rnd x1 (9af187c0, ammo_50bmg x10) at the trader "Attachments (Jose [#STR_EXPANSION_MARKET_TRADER_ATTACHMENTS])" in market zone "Trader Zone" (pos=<6675.160645, 104.603935, 6114.155762>) and got 103.
23:28:18.637 [Market] Player "mormonrice" (id=SWrhd9ziwAZonrmk5cFvI9UDhCjNa3qYrpi7hYisi14=) has bought pnc_suppressor_308win x1 (bfee5890) from the trader "Attachments (Jose [#STR_EXPANSION_MARKET_TRADER_ATTACHMENTS])" in market zone "Trader Zone" (pos=<6675.160645, 104.603935, 6114.155762>) for a price of 50.
23:28:52.436 [Market] Player "mormonrice" (id=SWrhd9ziwAZonrmk5cFvI9UDhCjNa3qYrpi7hYisi14=) has bought pnc_moremag_fal_20rndcoupledclamp x1 (bcbfd5f0, ammo_308win x40) from the trader "Attachments (Jose [#STR_EXPANSION_MARKET_TRADER_ATTACHMENTS])" in market zone "Trader Zone" (pos=<6675.160645, 104.603935, 6114.155762>) for a price of 280.
23:30:18.853 [Market] Player "mormonrice" (id=SWrhd9ziwAZonrmk5cFvI9UDhCjNa3qYrpi7hYisi14=) has sold pnc_w_barretm82a1_desert x1 (f4832500) at the trader "Weapons (Denis [#STR_EXPANSION_MARKET_TRADER_WEAPONS])" in market zone "Trader Zone" (pos=<6675.160645, 104.603935, 6114.155762>) and got 2700.
23:30:19.806 [Market] Player "mormonrice" (id=SWrhd9ziwAZonrmk5cFvI9UDhCjNa3qYrpi7hYisi14=) has sold asval x1 (f482a260) at the trader "Weapons (Denis [#STR_EXPANSION_MARKET_TRADER_WEAPONS])" in market zone "Trader Zone" (pos=<6675.160645, 104.603935, 6114.155762>) and got 1200.
23:30:34.955 [Market] Player "mormonrice" (id=SWrhd9ziwAZonrmk5cFvI9UDhCjNa3qYrpi7hYisi14=) has sold pnc_w_scar x1 (ea5a41c0) at the trader "Weapons (Denis [#STR_EXPANSION_MARKET_TRADER_WEAPONS])" in market zone "Trader Zone" (pos=<6675.160645, 104.603935, 6114.155762>) and got 1875.
23:32:18.569 [Market] Player "mormonrice" (id=SWrhd9ziwAZonrmk5cFvI9UDhCjNa3qYrpi7hYisi14=) has bought weaponcleaningkit x1 (64fb4a40) from the trader "Components (Cyril [#STR_EXPANSION_MARKET_TRADER_COMPONENTS])" in market zone "Trader Zone" (pos=<6675.160645, 104.603935, 6114.155762>) for a price of 8.
23:32:21.469 [Market] Player "mormonrice" (id=SWrhd9ziwAZonrmk5cFvI9UDhCjNa3qYrpi7hYisi14=) has bought weaponcleaningkit x1 (64fb55d0) from the trader "Components (Cyril [#STR_EXPANSION_MARKET_TRADER_COMPONENTS])" in market zone "Trader Zone" (pos=<6675.160645, 104.603935, 6114.155762>) for a price of 8.
23:32:23.185 [Market] Player "mormonrice" (id=SWrhd9ziwAZonrmk5cFvI9UDhCjNa3qYrpi7hYisi14=) has bought weaponcleaningkit x1 (64fbb250) from the trader "Components (Cyril [#STR_EXPANSION_MARKET_TRADER_COMPONENTS])" in market zone "Trader Zone" (pos=<6675.160645, 104.603935, 6114.155762>) for a price of 8.
23:32:24.102 [Market] Player "mormonrice" (id=SWrhd9ziwAZonrmk5cFvI9UDhCjNa3qYrpi7hYisi14=) has bought weaponcleaningkit x1 (64fc76e0) from the trader "Components (Cyril [#STR_EXPANSION_MARKET_TRADER_COMPONENTS])" in market zone "Trader Zone" (pos=<6675.160645, 104.603935, 6114.155762>) for a price of 8.
23:32:29.436 [Market] Player "mormonrice" (id=SWrhd9ziwAZonrmk5cFvI9UDhCjNa3qYrpi7hYisi14=) has bought sewingkit x1 (c1ae55c0) from the trader "Components (Cyril [#STR_EXPANSION_MARKET_TRADER_COMPONENTS])" in market zone "Trader Zone" (pos=<6675.160645, 104.603935, 6114.155762>) for a price of 4.
23:32:36.213 [Market] Player "mormonrice" (id=SWrhd9ziwAZonrmk5cFvI9UDhCjNa3qYrpi7hYisi14=) has bought ducttape x1 (c1ae8400) from the trader "Components (Cyril [#STR_EXPANSION_MARKET_TRADER_COMPONENTS])" in market zone "Trader Zone" (pos=<6675.160645, 104.603935, 6114.155762>) for a price of 20.
23:33:19.137 [Market] Player "mormonrice" (id=SWrhd9ziwAZonrmk5cFvI9UDhCjNa3qYrpi7hYisi14=) has bought gasmask x1 (ffd9eff0) from the trader "Clothing (Naomi [#STR_EXPANSION_MARKET_TRADER_CLOTHING])" in market zone "Trader Zone" (pos=<6675.160645, 104.603935, 6114.155762>) for a price of 120.
23:33:24.174 [Market] Player "mormonrice" (id=SWrhd9ziwAZonrmk5cFvI9UDhCjNa3qYrpi7hYisi14=) has bought gasmask x1 (ffda7ab0) from the trader "Clothing (Naomi [#STR_EXPANSION_MARKET_TRADER_CLOTHING])" in market zone "Trader Zone" (pos=<6675.160645, 104.603935, 6114.155762>) for a price of 120.
23:33:49.987 [ATM] Player "mormonrice" (id=SWrhd9ziwAZonrmk5cFvI9UDhCjNa3qYrpi7hYisi14=) has deposited 6352 on his ATM account.
23:47:21.036 [Safezone] Player "{1:name}" (id={1:id} pos={1:position}) left the safezone
23:59:47.848 [MissionAirdrop] An airdrop is heading towards "Algonquin" (pos=<4627.195313, 0.000000, 7687.189941> type=Random_Algonquin) with a ExpansionAirdropContainer_Military
01:10:57.675 [Party] Player "CracklinOatBranCereal" (id=nsXTBdceXa3UBnQ4bQCu_T4oOASZ3Wo1_7Zla-psVPA=) joinded the party "Seraph Intrepid" (id=30 ownerUID=Q5YYCirVtNrxz4WQIODDgTTJ2c72jSwr9IjthoaUGfs= ownerName=YellowMan03)
01:20:02.033 [VehicleEnter] Player "CracklinOatBranCereal" (id=nsXTBdceXa3UBnQ4bQCu_T4oOASZ3Wo1_7Zla-psVPA=) entered vehicle Bicycle (id=4C92BD2ABE4D7A71919C819EA466F95A pos=<5829.58, 228.17, 5583.3>) as driver
01:21:49.826 [VehicleLeave] Player "CracklinOatBranCereal" (id=nsXTBdceXa3UBnQ4bQCu_T4oOASZ3Wo1_7Zla-psVPA=) left vehicle Bicycle (id=4C92BD2ABE4D7A71919C819EA466F95A pos=<6197.86, 174.87, 5615.32>)
01:21:58.882 [VehicleEnter] Player "CracklinOatBranCereal" (id=nsXTBdceXa3UBnQ4bQCu_T4oOASZ3Wo1_7Zla-psVPA=) entered vehicle Bicycle (id=4C92BD2ABE4D7A71919C819EA466F95A pos=<6197.86, 174.87, 5615.32>) as driver
01:22:29.641 [VehicleLeave] Player "CracklinOatBranCereal" (id=nsXTBdceXa3UBnQ4bQCu_T4oOASZ3Wo1_7Zla-psVPA=) left vehicle Bicycle (id=4C92BD2ABE4D7A71919C819EA466F95A pos=<6197.6, 174.87, 5615.6>)
01:22:40.916 [VehicleEnter] Player "CracklinOatBranCereal" (id=nsXTBdceXa3UBnQ4bQCu_T4oOASZ3Wo1_7Zla-psVPA=) entered vehicle Bicycle (id=4C92BD2ABE4D7A71919C819EA466F95A pos=<6197.6, 174.87, 5615.6>) as driver
01:22:45.218 [VehicleLeave] Player "CracklinOatBranCereal" (id=nsXTBdceXa3UBnQ4bQCu_T4oOASZ3Wo1_7Zla-psVPA=) left vehicle Bicycle (id=4C92BD2ABE4D7A71919C819EA466F95A pos=<6197.6, 174.87, 5615.6>)
01:22:48.623 [VehicleEnter] Player "CracklinOatBranCereal" (id=nsXTBdceXa3UBnQ4bQCu_T4oOASZ3Wo1_7Zla-psVPA=) entered vehicle Bicycle (id=4C92BD2ABE4D7A71919C819EA466F95A pos=<6197.6, 174.87, 5615.6>) as driver
01:22:51.878 [VehicleLeave] Player "CracklinOatBranCereal" (id=nsXTBdceXa3UBnQ4bQCu_T4oOASZ3Wo1_7Zla-psVPA=) left vehicle Bicycle (id=4C92BD2ABE4D7A71919C819EA466F95A pos=<6197.6, 174.87, 5615.6>)
01:22:54.010 [VehicleDeleted] Old_Bike_Pink (id=4C92BD2ABE4D7A71919C819EA466F95A pos=<6197.6, 174.87, 5615.6>)
01:23:14.510 [VehicleDeleted] Old_Bike_Pink (id=663763DC2E47D52F7B9728AE1D010EA0 pos=<6209.4, 174.88, 5634.02>)
01:23:24.873 [VehicleEnter] Player "CracklinOatBranCereal" (id=nsXTBdceXa3UBnQ4bQCu_T4oOASZ3Wo1_7Zla-psVPA=) entered vehicle Bicycle (id=E93F5057CA4DD5D27B266DB091A16467 pos=<6209.74, 174.88, 5634.18>) as driver
01:24:26.661 [VehicleLeave] Player "CracklinOatBranCereal" (id=nsXTBdceXa3UBnQ4bQCu_T4oOASZ3Wo1_7Zla-psVPA=) left vehicle Bicycle (id=E93F5057CA4DD5D27B266DB091A16467 pos=<6339.15, 174.75, 5784.14>)
01:24:29.686 [VehicleDeleted] Old_Bike_Pink (id=E93F5057CA4DD5D27B266DB091A16467 pos=<6339.15, 174.75, 5784.14>)
01:24:42.019 [VehicleEnter] Player "CracklinOatBranCereal" (id=nsXTBdceXa3UBnQ4bQCu_T4oOASZ3Wo1_7Zla-psVPA=) entered vehicle Bicycle (id=E33550EBDD4A949F302E07A85156EC89 pos=<6338.14, 174.67, 5789.75>) as driver
01:25:00.915 [MissionAirdrop] An airdrop is heading towards "Seneca" (pos=<7648.691895, 0.000000, 1011.718018> type=Random_Seneca) with a ExpansionAirdropContainer
01:25:53.583 [VehicleLeave] Player "CracklinOatBranCereal" (id=nsXTBdceXa3UBnQ4bQCu_T4oOASZ3Wo1_7Zla-psVPA=) left vehicle Bicycle (id=E33550EBDD4A949F302E07A85156EC89 pos=<6554.54, 142.7, 5974.52>)
01:47:16.658 [VehicleEnter] Player "CracklinOatBranCereal" (id=nsXTBdceXa3UBnQ4bQCu_T4oOASZ3Wo1_7Zla-psVPA=) entered vehicle Bicycle (id=E33550EBDD4A949F302E07A85156EC89 pos=<6554.54, 142.7, 5974.52>) as driver
01:47:40.549 [Safezone] Player "CracklinOatBranCereal" (id=nsXTBdceXa3UBnQ4bQCu_T4oOASZ3Wo1_7Zla-psVPA= pos=<6665.54, 122.61, 6018.1>) entered the safezone
01:48:33.976 [Safezone] Player "{1:name}" (id={1:id} pos={1:position}) left the safezone
01:51:45.713 [VehicleLeave] Player "CracklinOatBranCereal" (id=nsXTBdceXa3UBnQ4bQCu_T4oOASZ3Wo1_7Zla-psVPA=) left vehicle Bicycle (id=E33550EBDD4A949F302E07A85156EC89 pos=<6657.92, 117.12, 6627.37>)
01:56:39.112 [Party] Player "CracklinOatBranCereal" (id=nsXTBdceXa3UBnQ4bQCu_T4oOASZ3Wo1_7Zla-psVPA=) left the party "Seraph Intrepid" (id=30 ownerUID=Q5YYCirVtNrxz4WQIODDgTTJ2c72jSwr9IjthoaUGfs= ownerName=YellowMan03)
