03:01:46.728 [Party] Player "Sir Trippy" (id=qZqolO4hbF2D7i2SHl6eLqgMczahG7_bAPkC9G_OL68=) joinded the party "SLAVES" (id=1 ownerUID=m_TD03B4NXDQrU5koHpLq3WyQf1hXTvQSdETJOTM8ss= ownerName=F11 Simulator)
03:03:19.517 [Party] Player "Emile" (id=xD2_qjLbeScI5ntGz_MePKgDIxPfKY1xIGrWM7ksbek=) joinded the party "STRAWHATS" (id=11 ownerUID=xD2_qjLbeScI5ntGz_MePKgDIxPfKY1xIGrWM7ksbek= ownerName=Emile)
03:03:39.319 [Party] Player "MrUrban" (id=FYA48KgYwhTpJA5ckN1Gpjr38d99hOg0iMeqFmchNgE=) joinded the party "STRAWHATS" (id=12 ownerUID=FYA48KgYwhTpJA5ckN1Gpjr38d99hOg0iMeqFmchNgE= ownerName=MrUrban)
03:30:35.012 [Party] Player "F11 Simulator" (id=m_TD03B4NXDQrU5koHpLq3WyQf1hXTvQSdETJOTM8ss=) joinded the party "SLAVES" (id=1 ownerUID=m_TD03B4NXDQrU5koHpLq3WyQf1hXTvQSdETJOTM8ss= ownerName=F11 Simulator)
03:31:07.845 [Party] Player "London" (id=kOLgOs9yYBFVRQG3lqoHveYdP5X8y3SO69cq5MiR4us=) joinded the party "SLAVES" (id=1 ownerUID=m_TD03B4NXDQrU5koHpLq3WyQf1hXTvQSdETJOTM8ss= ownerName=F11 Simulator)
03:32:58.525 [Safezone] Player "Sir Trippy" (id=qZqolO4hbF2D7i2SHl6eLqgMczahG7_bAPkC9G_OL68= pos=<6741.7, 108.1, 6040.76>) entered the safezone
03:33:20.364 [ATM] Player "Sir Trippy" (id=qZqolO4hbF2D7i2SHl6eLqgMczahG7_bAPkC9G_OL68=) has withdrawn 3000 from his ATM account.
03:35:21.911 [Market] Player "Sir Trippy" (id=qZqolO4hbF2D7i2SHl6eLqgMczahG7_bAPkC9G_OL68=) has bought expansioncodelock x1 (170f7f30) from the trader "BuildingSupplies (Boris [#STR_EXPANSION_MARKET_TRADER_BUILDING_SUPPLIES])" in market zone "Trader Zone" (pos=<6675.160645, 104.603935, 6114.155762>) for a price of 1500.
03:35:22.246 [Market] Player "Sir Trippy" (id=qZqolO4hbF2D7i2SHl6eLqgMczahG7_bAPkC9G_OL68=) has bought expansioncodelock x1 (170f1720) from the trader "BuildingSupplies (Boris [#STR_EXPANSION_MARKET_TRADER_BUILDING_SUPPLIES])" in market zone "Trader Zone" (pos=<6675.160645, 104.603935, 6114.155762>) for a price of 1500.
03:36:29.685 [ATM] Player "Sir Trippy" (id=qZqolO4hbF2D7i2SHl6eLqgMczahG7_bAPkC9G_OL68=) has withdrawn 3000 from his ATM account.
03:37:00.913 [Market] Player "Sir Trippy" (id=qZqolO4hbF2D7i2SHl6eLqgMczahG7_bAPkC9G_OL68=) has bought expansionlumber3 x10 (10e28360) from the trader "BuildingSupplies (Boris [#STR_EXPANSION_MARKET_TRADER_BUILDING_SUPPLIES])" in market zone "Trader Zone" (pos=<6675.160645, 104.603935, 6114.155762>) for a price of 500.
03:37:11.827 [Market] Player "Sir Trippy" (id=qZqolO4hbF2D7i2SHl6eLqgMczahG7_bAPkC9G_OL68=) has bought woodenplank x10 (10e28ef0) from the trader "BuildingSupplies (Boris [#STR_EXPANSION_MARKET_TRADER_BUILDING_SUPPLIES])" in market zone "Trader Zone" (pos=<6675.160645, 104.603935, 6114.155762>) for a price of 500.
03:37:19.757 [Market] Player "Sir Trippy" (id=qZqolO4hbF2D7i2SHl6eLqgMczahG7_bAPkC9G_OL68=) has bought barbedwire x1 (10618fc0) from the trader "BuildingSupplies (Boris [#STR_EXPANSION_MARKET_TRADER_BUILDING_SUPPLIES])" in market zone "Trader Zone" (pos=<6675.160645, 104.603935, 6114.155762>) for a price of 450.
03:38:17.740 [Safezone] Player "{1:name}" (id={1:id} pos={1:position}) left the safezone
03:39:21.494 [BaseRaiding] ExpansionWall6x3 (<6865.526367, 128.265182, 5769.493652>) Code set by "player "Sir Trippy" (ID = "qZqolO4hbF2D7i2SHl6eLqgMczahG7_bAPkC9G_OL68=" at <6866.761719, 128.305222, 5768.750977>)" and the code is 1738
03:40:41.914 [Party] Player "Sir Trippy" (id=qZqolO4hbF2D7i2SHl6eLqgMczahG7_bAPkC9G_OL68=) left the party "SLAVES" (id=1 ownerUID=m_TD03B4NXDQrU5koHpLq3WyQf1hXTvQSdETJOTM8ss= ownerName=F11 Simulator)
03:42:12.972 [Party] Player "Sir Trippy" (id=qZqolO4hbF2D7i2SHl6eLqgMczahG7_bAPkC9G_OL68=) joinded the party "SLAVES" (id=1 ownerUID=m_TD03B4NXDQrU5koHpLq3WyQf1hXTvQSdETJOTM8ss= ownerName=F11 Simulator)
04:01:05.610 [Party] Player "PatMax" (id=jiSboo32SQZAMp7VxNNFwsMUk2-s3fPPrck_5xKkgu0=) joinded the party "Nasse" (id=18 ownerUID=jiSboo32SQZAMp7VxNNFwsMUk2-s3fPPrck_5xKkgu0= ownerName=PatMax)
04:01:36.658 [Killfeed] [PALLI] PatMax commited suicide with Bone Knife.
04:01:48.372 [Party] Player "PatMax" (id=jiSboo32SQZAMp7VxNNFwsMUk2-s3fPPrck_5xKkgu0=) joinded the party "Nasse" (id=18 ownerUID=jiSboo32SQZAMp7VxNNFwsMUk2-s3fPPrck_5xKkgu0= ownerName=PatMax)
04:05:26.804 [Safezone] Player "F11 Simulator" (id=m_TD03B4NXDQrU5koHpLq3WyQf1hXTvQSdETJOTM8ss= pos=<6700.35, 102.82, 6072>) entered the safezone
04:05:28.919 [Safezone] Player "London" (id=kOLgOs9yYBFVRQG3lqoHveYdP5X8y3SO69cq5MiR4us= pos=<6700.57, 102.83, 6071.6>) entered the safezone
04:05:57.866 [Market] Player "F11 Simulator" (id=m_TD03B4NXDQrU5koHpLq3WyQf1hXTvQSdETJOTM8ss=) has sold m14 x1 (b2dad7f0, ACOGOptic<abcf0a90>, Mag_M14_20Rnd<ee9b1d20>, ammo_308win x9) at the trader "Weapons (Denis [#STR_EXPANSION_MARKET_TRADER_WEAPONS])" in market zone "Trader Zone" (pos=<6675.160645, 104.603935, 6114.155762>) and got 1339.
04:05:58.470 [Market] Player "F11 Simulator" (id=m_TD03B4NXDQrU5koHpLq3WyQf1hXTvQSdETJOTM8ss=) has sold m4a1 x1 (b2dc5fd0, M4_CQBBttstck<ee9cd480>, M4_MPHndgrd<ee9d02c0>, BUISOptic<bc441180>, Mag_CMAG_10Rnd<ee9cbd60>, ammo_556x45 x4) at the trader "Weapons (Denis [#STR_EXPANSION_MARKET_TRADER_WEAPONS])" in market zone "Trader Zone" (pos=<6675.160645, 104.603935, 6114.155762>) and got 1539.
04:06:01.831 [Market] Player "F11 Simulator" (id=m_TD03B4NXDQrU5koHpLq3WyQf1hXTvQSdETJOTM8ss=) has sold vss x1 (b2db0c30, PSO11Optic<bc427760>, Mag_VSS_10Rnd<ee9c8f20>, ammo_9x39 x2) at the trader "Weapons (Denis [#STR_EXPANSION_MARKET_TRADER_WEAPONS])" in market zone "Trader Zone" (pos=<6675.160645, 104.603935, 6114.155762>) and got 1329.
04:06:04.486 [Market] Player "London" (id=kOLgOs9yYBFVRQG3lqoHveYdP5X8y3SO69cq5MiR4us=) has sold ak101 x1 (ac76f9c0, AK74_WoodBttstck<cf7703a0>, AK_RailHndgrd<cf774900>, Mag_AK101_30Rnd<cf770f30>) at the trader "Weapons (Denis [#STR_EXPANSION_MARKET_TRADER_WEAPONS])" in market zone "Trader Zone" (pos=<6675.160645, 104.603935, 6114.155762>) and got 1315.
04:06:05.877 [Market] Player "London" (id=kOLgOs9yYBFVRQG3lqoHveYdP5X8y3SO69cq5MiR4us=) has sold famas x1 (ac76b870, Mag_FAMAS_25Rnd<cf77df50>, ammo_556x45 x11) at the trader "Weapons (Denis [#STR_EXPANSION_MARKET_TRADER_WEAPONS])" in market zone "Trader Zone" (pos=<6675.160645, 104.603935, 6114.155762>) and got 1301.
04:06:21.027 [Party] Player "Sir Trippy" (id=qZqolO4hbF2D7i2SHl6eLqgMczahG7_bAPkC9G_OL68=) left the party "SLAVES" (id=1 ownerUID=m_TD03B4NXDQrU5koHpLq3WyQf1hXTvQSdETJOTM8ss= ownerName=F11 Simulator)
04:06:42.040 [Party] Player "Sir Trippy" (id=qZqolO4hbF2D7i2SHl6eLqgMczahG7_bAPkC9G_OL68=) joinded the party "SLAVES" (id=1 ownerUID=m_TD03B4NXDQrU5koHpLq3WyQf1hXTvQSdETJOTM8ss= ownerName=F11 Simulator)
04:08:11.979 [Market] Player "F11 Simulator" (id=m_TD03B4NXDQrU5koHpLq3WyQf1hXTvQSdETJOTM8ss=) has sold mag_deagle_9rnd x1 (badf6fc0, ammo_357 x2) at the trader "Attachments (Jose [#STR_EXPANSION_MARKET_TRADER_ATTACHMENTS])" in market zone "Trader Zone" (pos=<6675.160645, 104.603935, 6114.155762>) and got 27.
04:08:48.157 [Market] Player "F11 Simulator" (id=m_TD03B4NXDQrU5koHpLq3WyQf1hXTvQSdETJOTM8ss=) has sold jumpsuitjacket_blue x1 (b2ce4710) at the trader "Clothing (Naomi [#STR_EXPANSION_MARKET_TRADER_CLOTHING])" in market zone "Trader Zone" (pos=<6675.160645, 104.603935, 6114.155762>) and got 19.
04:08:49.523 [Market] Player "F11 Simulator" (id=m_TD03B4NXDQrU5koHpLq3WyQf1hXTvQSdETJOTM8ss=) has sold woolcoat_red x1 (b6fa0b30) at the trader "Clothing (Naomi [#STR_EXPANSION_MARKET_TRADER_CLOTHING])" in market zone "Trader Zone" (pos=<6675.160645, 104.603935, 6114.155762>) and got 13.
04:08:53.056 [Market] Player "F11 Simulator" (id=m_TD03B4NXDQrU5koHpLq3WyQf1hXTvQSdETJOTM8ss=) has sold hippack_green x1 (11300160) at the trader "Clothing (Naomi [#STR_EXPANSION_MARKET_TRADER_CLOTHING])" in market zone "Trader Zone" (pos=<6675.160645, 104.603935, 6114.155762>) and got 56.
04:08:55.669 [Market] Player "F11 Simulator" (id=m_TD03B4NXDQrU5koHpLq3WyQf1hXTvQSdETJOTM8ss=) has sold balaclavamask_black x1 (bca41520) at the trader "Clothing (Naomi [#STR_EXPANSION_MARKET_TRADER_CLOTHING])" in market zone "Trader Zone" (pos=<6675.160645, 104.603935, 6114.155762>) and got 30.
04:08:59.710 [Market] Player "F11 Simulator" (id=m_TD03B4NXDQrU5koHpLq3WyQf1hXTvQSdETJOTM8ss=) has sold jumpsuitpants_green x1 (8d826400) at the trader "Clothing (Naomi [#STR_EXPANSION_MARKET_TRADER_CLOTHING])" in market zone "Trader Zone" (pos=<6675.160645, 104.603935, 6114.155762>) and got 21.
04:09:05.677 [Market] Player "F11 Simulator" (id=m_TD03B4NXDQrU5koHpLq3WyQf1hXTvQSdETJOTM8ss=) has sold drybag_red x1 (b78e59d0) at the trader "Clothing (Naomi [#STR_EXPANSION_MARKET_TRADER_CLOTHING])" in market zone "Trader Zone" (pos=<6675.160645, 104.603935, 6114.155762>) and got 22.
04:09:27.597 [Market] Player "F11 Simulator" (id=m_TD03B4NXDQrU5koHpLq3WyQf1hXTvQSdETJOTM8ss=) has sold blowtorch x1 (147136d0) at the trader "Components (Cyril [#STR_EXPANSION_MARKET_TRADER_COMPONENTS])" in market zone "Trader Zone" (pos=<6675.160645, 104.603935, 6114.155762>) and got 46.
04:09:44.162 [Market] Player "London" (id=kOLgOs9yYBFVRQG3lqoHveYdP5X8y3SO69cq5MiR4us=) has bought weaponcleaningkit x1 (aefd06d0) from the trader "Components (Cyril [#STR_EXPANSION_MARKET_TRADER_COMPONENTS])" in market zone "Trader Zone" (pos=<6675.160645, 104.603935, 6114.155762>) for a price of 8.
04:09:45.535 [Market] Player "London" (id=kOLgOs9yYBFVRQG3lqoHveYdP5X8y3SO69cq5MiR4us=) has bought weaponcleaningkit x1 (aefd1df0) from the trader "Components (Cyril [#STR_EXPANSION_MARKET_TRADER_COMPONENTS])" in market zone "Trader Zone" (pos=<6675.160645, 104.603935, 6114.155762>) for a price of 8.
04:10:43.966 [Safezone] Player "PatMax" (id=jiSboo32SQZAMp7VxNNFwsMUk2-s3fPPrck_5xKkgu0= pos=<6748.78, 105.66, 6050.11>) entered the safezone
04:11:13.856 [ATM] Player "PatMax" (id=jiSboo32SQZAMp7VxNNFwsMUk2-s3fPPrck_5xKkgu0=) has withdrawn 10000 from his ATM account.
04:11:31.175 [Market] Player "PatMax" (id=jiSboo32SQZAMp7VxNNFwsMUk2-s3fPPrck_5xKkgu0=) has bought waterbottle x1 (ae405ec0) from the trader "Consumables (Linda [#STR_EXPANSION_MARKET_TRADER_CONSUMABLES])" in market zone "Trader Zone" (pos=<6675.160645, 104.603935, 6114.155762>) for a price of 15.
04:11:58.875 [Market] Player "PatMax" (id=jiSboo32SQZAMp7VxNNFwsMUk2-s3fPPrck_5xKkgu0=) has sold waterbottle x1 (ae405ec0) at the trader "Consumables (Linda [#STR_EXPANSION_MARKET_TRADER_CONSUMABLES])" in market zone "Trader Zone" (pos=<6675.160645, 104.603935, 6114.155762>) and got 2.
04:12:04.833 [Market] Player "PatMax" (id=jiSboo32SQZAMp7VxNNFwsMUk2-s3fPPrck_5xKkgu0=) has bought rice x1 (b4ffdc00) from the trader "Consumables (Linda [#STR_EXPANSION_MARKET_TRADER_CONSUMABLES])" in market zone "Trader Zone" (pos=<6675.160645, 104.603935, 6114.155762>) for a price of 13.
04:13:21.970 [Market] Player "PatMax" (id=jiSboo32SQZAMp7VxNNFwsMUk2-s3fPPrck_5xKkgu0=) has bought cowsteakmeat x1 (8e570b10) from the trader "Consumables (Linda [#STR_EXPANSION_MARKET_TRADER_CONSUMABLES])" in market zone "Trader Zone" (pos=<6675.160645, 104.603935, 6114.155762>) for a price of 8.
04:13:23.067 [Market] Player "PatMax" (id=jiSboo32SQZAMp7VxNNFwsMUk2-s3fPPrck_5xKkgu0=) has bought cowsteakmeat x1 (b4ff7b80) from the trader "Consumables (Linda [#STR_EXPANSION_MARKET_TRADER_CONSUMABLES])" in market zone "Trader Zone" (pos=<6675.160645, 104.603935, 6114.155762>) for a price of 8.
04:13:24.079 [Market] Player "PatMax" (id=jiSboo32SQZAMp7VxNNFwsMUk2-s3fPPrck_5xKkgu0=) has bought cowsteakmeat x1 (b5317dc0) from the trader "Consumables (Linda [#STR_EXPANSION_MARKET_TRADER_CONSUMABLES])" in market zone "Trader Zone" (pos=<6675.160645, 104.603935, 6114.155762>) for a price of 8.
04:13:24.878 [Market] Player "PatMax" (id=jiSboo32SQZAMp7VxNNFwsMUk2-s3fPPrck_5xKkgu0=) has bought cowsteakmeat x1 (b4c1fb80) from the trader "Consumables (Linda [#STR_EXPANSION_MARKET_TRADER_CONSUMABLES])" in market zone "Trader Zone" (pos=<6675.160645, 104.603935, 6114.155762>) for a price of 8.
04:14:37.019 [Market] Player "PatMax" (id=jiSboo32SQZAMp7VxNNFwsMUk2-s3fPPrck_5xKkgu0=) has bought balaclavamask_black x1 (a7b26b70) from the trader "Clothing (Naomi [#STR_EXPANSION_MARKET_TRADER_CLOTHING])" in market zone "Trader Zone" (pos=<6675.160645, 104.603935, 6114.155762>) for a price of 55.
04:14:55.550 [Market] Player "PatMax" (id=jiSboo32SQZAMp7VxNNFwsMUk2-s3fPPrck_5xKkgu0=) has bought woolgloves_black x1 (bc55e4f0) from the trader "Clothing (Naomi [#STR_EXPANSION_MARKET_TRADER_CLOTHING])" in market zone "Trader Zone" (pos=<6675.160645, 104.603935, 6114.155762>) for a price of 35.
04:15:02.140 [Market] Player "London" (id=kOLgOs9yYBFVRQG3lqoHveYdP5X8y3SO69cq5MiR4us=) has bought mag_cmag_40rnd x1 (bc5607a0) from the trader "Attachments (Jose [#STR_EXPANSION_MARKET_TRADER_ATTACHMENTS])" in market zone "Trader Zone" (pos=<6675.160645, 104.603935, 6114.155762>) for a price of 300.
04:15:27.179 [Market] Player "London" (id=kOLgOs9yYBFVRQG3lqoHveYdP5X8y3SO69cq5MiR4us=) has sold mag_cmag_40rnd x1 (bc5607a0) at the trader "Attachments (Jose [#STR_EXPANSION_MARKET_TRADER_ATTACHMENTS])" in market zone "Trader Zone" (pos=<6675.160645, 104.603935, 6114.155762>) and got 225.
04:15:42.335 [Market] Player "London" (id=kOLgOs9yYBFVRQG3lqoHveYdP5X8y3SO69cq5MiR4us=) has bought mag_stanagcoupled_30rnd x2 (bc58c8f0) from the trader "Attachments (Jose [#STR_EXPANSION_MARKET_TRADER_ATTACHMENTS])" in market zone "Trader Zone" (pos=<6675.160645, 104.603935, 6114.155762>) for a price of 440.
04:16:09.456 [Market] Player "PatMax" (id=jiSboo32SQZAMp7VxNNFwsMUk2-s3fPPrck_5xKkgu0=) has bought platecarriervest_black x1 (b0c4c360, PlateCarrierPouches_Black<b0c4ac40>, PlateCarrierHolster_Black<b0c47270>) from the trader "Clothing (Naomi [#STR_EXPANSION_MARKET_TRADER_CLOTHING])" in market zone "Trader Zone" (pos=<6675.160645, 104.603935, 6114.155762>) for a price of 410.
04:16:11.878 [Safezone] Player "Sir Trippy" (id=qZqolO4hbF2D7i2SHl6eLqgMczahG7_bAPkC9G_OL68= pos=<6734.43, 109.55, 6034.48>) entered the safezone
04:16:30.703 [ATM] Player "Sir Trippy" (id=qZqolO4hbF2D7i2SHl6eLqgMczahG7_bAPkC9G_OL68=) has withdrawn 3500 from his ATM account.
04:17:08.919 [ATM] Player "Sir Trippy" (id=qZqolO4hbF2D7i2SHl6eLqgMczahG7_bAPkC9G_OL68=) has withdrawn 4500 from his ATM account.
04:17:14.412 [Party] Player "PatMax" (id=jiSboo32SQZAMp7VxNNFwsMUk2-s3fPPrck_5xKkgu0=) left the party "Nasse" (id=18 ownerUID=jiSboo32SQZAMp7VxNNFwsMUk2-s3fPPrck_5xKkgu0= ownerName=PatMax)
04:17:25.065 [Market] Player "Sir Trippy" (id=qZqolO4hbF2D7i2SHl6eLqgMczahG7_bAPkC9G_OL68=) has bought expansionsafelarge x1 (b4e9dc50) from the trader "BuildingSupplies (Boris [#STR_EXPANSION_MARKET_TRADER_BUILDING_SUPPLIES])" in market zone "Trader Zone" (pos=<6675.160645, 104.603935, 6114.155762>) for a price of 8000.
04:17:47.640 [Market] Player "F11 Simulator" (id=m_TD03B4NXDQrU5koHpLq3WyQf1hXTvQSdETJOTM8ss=) has bought ammobox_300aac_ap_20rnd x12 (bc3ae810) from the trader "Weapons (Denis [#STR_EXPANSION_MARKET_TRADER_WEAPONS])" in market zone "Trader Zone" (pos=<6675.160645, 104.603935, 6114.155762>) for a price of 768.
04:19:20.532 [Market] Player "F11 Simulator" (id=m_TD03B4NXDQrU5koHpLq3WyQf1hXTvQSdETJOTM8ss=) has bought lunchmeat x15 (b4fded70) from the trader "Consumables (Linda [#STR_EXPANSION_MARKET_TRADER_CONSUMABLES])" in market zone "Trader Zone" (pos=<6675.160645, 104.603935, 6114.155762>) for a price of 225.
04:19:30.964 [ATM] Player "F11 Simulator" (id=m_TD03B4NXDQrU5koHpLq3WyQf1hXTvQSdETJOTM8ss=) has deposited 3448 on his ATM account.
04:19:40.276 [Safezone] Player "{1:name}" (id={1:id} pos={1:position}) left the safezone
04:19:54.005 [Safezone] Player "{1:name}" (id={1:id} pos={1:position}) left the safezone
04:19:59.181 [Safezone] Player "{1:name}" (id={1:id} pos={1:position}) left the safezone
04:30:30.739 [BaseRaiding] ExpansionSafeMini (<7500.962891, 122.308746, 6349.845215>) Damaged "player "London" (ID = "kOLgOs9yYBFVRQG3lqoHveYdP5X8y3SO69cq5MiR4us=" at <7500.244141, 121.592026, 6349.157227>)" by 10 health points. Reason: Failed to enter the correct code.
04:30:30.739 [BaseRaiding] ExpansionSafeMini (<7500.962891, 122.308746, 6349.845215>) The correct code was 2110 and the player tried 1234
04:30:35.384 [BaseRaiding] ExpansionSafeMini (<7500.962891, 122.308746, 6349.845215>) Damaged "player "London" (ID = "kOLgOs9yYBFVRQG3lqoHveYdP5X8y3SO69cq5MiR4us=" at <7500.244141, 121.592026, 6349.157227>)" by 10 health points. Reason: Failed to enter the correct code.
04:30:35.386 [BaseRaiding] ExpansionSafeMini (<7500.962891, 122.308746, 6349.845215>) The correct code was 2110 and the player tried 1110
04:30:41.476 [BaseRaiding] ExpansionSafeMini (<7500.962891, 122.308746, 6349.845215>) Damaged "player "London" (ID = "kOLgOs9yYBFVRQG3lqoHveYdP5X8y3SO69cq5MiR4us=" at <7500.244141, 121.592026, 6349.157227>)" by 10 health points. Reason: Failed to enter the correct code.
04:30:41.476 [BaseRaiding] ExpansionSafeMini (<7500.962891, 122.308746, 6349.845215>) The correct code was 2110 and the player tried 1011
04:34:28.332 [BaseRaiding] ExpansionSafeLarge (<6871.507324, 134.520706, 5768.950195>) Code set by "player "Sir Trippy" (ID = "qZqolO4hbF2D7i2SHl6eLqgMczahG7_bAPkC9G_OL68=" at <6870.537598, 134.520706, 5769.216309>)" and the code is 1738
04:36:35.082 [Safezone] Player "Sir Trippy" (id=qZqolO4hbF2D7i2SHl6eLqgMczahG7_bAPkC9G_OL68= pos=<6737.93, 108.97, 6036.96>) entered the safezone
04:36:51.175 [ATM] Player "Sir Trippy" (id=qZqolO4hbF2D7i2SHl6eLqgMczahG7_bAPkC9G_OL68=) has withdrawn 22174 from his ATM account.
04:37:08.886 [Market] Player "Sir Trippy" (id=qZqolO4hbF2D7i2SHl6eLqgMczahG7_bAPkC9G_OL68=) has bought barbedwire x1 (b8e962c0) from the trader "BuildingSupplies (Boris [#STR_EXPANSION_MARKET_TRADER_BUILDING_SUPPLIES])" in market zone "Trader Zone" (pos=<6675.160645, 104.603935, 6114.155762>) for a price of 450.
04:37:09.242 [Market] Player "Sir Trippy" (id=qZqolO4hbF2D7i2SHl6eLqgMczahG7_bAPkC9G_OL68=) has bought barbedwire x1 (b8e91d60) from the trader "BuildingSupplies (Boris [#STR_EXPANSION_MARKET_TRADER_BUILDING_SUPPLIES])" in market zone "Trader Zone" (pos=<6675.160645, 104.603935, 6114.155762>) for a price of 450.
04:37:09.681 [Market] Player "Sir Trippy" (id=qZqolO4hbF2D7i2SHl6eLqgMczahG7_bAPkC9G_OL68=) has bought barbedwire x1 (b9515790) from the trader "BuildingSupplies (Boris [#STR_EXPANSION_MARKET_TRADER_BUILDING_SUPPLIES])" in market zone "Trader Zone" (pos=<6675.160645, 104.603935, 6114.155762>) for a price of 450.
04:37:10.136 [Market] Player "Sir Trippy" (id=qZqolO4hbF2D7i2SHl6eLqgMczahG7_bAPkC9G_OL68=) has bought barbedwire x1 (b9517a40) from the trader "BuildingSupplies (Boris [#STR_EXPANSION_MARKET_TRADER_BUILDING_SUPPLIES])" in market zone "Trader Zone" (pos=<6675.160645, 104.603935, 6114.155762>) for a price of 450.
04:37:10.535 [Market] Player "Sir Trippy" (id=qZqolO4hbF2D7i2SHl6eLqgMczahG7_bAPkC9G_OL68=) has bought barbedwire x1 (b951a880) from the trader "BuildingSupplies (Boris [#STR_EXPANSION_MARKET_TRADER_BUILDING_SUPPLIES])" in market zone "Trader Zone" (pos=<6675.160645, 104.603935, 6114.155762>) for a price of 450.
04:37:10.980 [Market] Player "Sir Trippy" (id=qZqolO4hbF2D7i2SHl6eLqgMczahG7_bAPkC9G_OL68=) has bought barbedwire x1 (b951ede0) from the trader "BuildingSupplies (Boris [#STR_EXPANSION_MARKET_TRADER_BUILDING_SUPPLIES])" in market zone "Trader Zone" (pos=<6675.160645, 104.603935, 6114.155762>) for a price of 450.
04:37:11.421 [Market] Player "Sir Trippy" (id=qZqolO4hbF2D7i2SHl6eLqgMczahG7_bAPkC9G_OL68=) has bought barbedwire x1 (b9530360) from the trader "BuildingSupplies (Boris [#STR_EXPANSION_MARKET_TRADER_BUILDING_SUPPLIES])" in market zone "Trader Zone" (pos=<6675.160645, 104.603935, 6114.155762>) for a price of 450.
04:37:11.796 [Market] Player "Sir Trippy" (id=qZqolO4hbF2D7i2SHl6eLqgMczahG7_bAPkC9G_OL68=) has bought barbedwire x1 (b9532610) from the trader "BuildingSupplies (Boris [#STR_EXPANSION_MARKET_TRADER_BUILDING_SUPPLIES])" in market zone "Trader Zone" (pos=<6675.160645, 104.603935, 6114.155762>) for a price of 450.
04:37:12.105 [Market] Player "Sir Trippy" (id=qZqolO4hbF2D7i2SHl6eLqgMczahG7_bAPkC9G_OL68=) has bought barbedwire x1 (b9533d30) from the trader "BuildingSupplies (Boris [#STR_EXPANSION_MARKET_TRADER_BUILDING_SUPPLIES])" in market zone "Trader Zone" (pos=<6675.160645, 104.603935, 6114.155762>) for a price of 450.
04:37:12.400 [Market] Player "Sir Trippy" (id=qZqolO4hbF2D7i2SHl6eLqgMczahG7_bAPkC9G_OL68=) has bought barbedwire x1 (b952d520) from the trader "BuildingSupplies (Boris [#STR_EXPANSION_MARKET_TRADER_BUILDING_SUPPLIES])" in market zone "Trader Zone" (pos=<6675.160645, 104.603935, 6114.155762>) for a price of 450.
04:37:12.656 [Market] Player "Sir Trippy" (id=qZqolO4hbF2D7i2SHl6eLqgMczahG7_bAPkC9G_OL68=) has bought barbedwire x1 (b952e0b0) from the trader "BuildingSupplies (Boris [#STR_EXPANSION_MARKET_TRADER_BUILDING_SUPPLIES])" in market zone "Trader Zone" (pos=<6675.160645, 104.603935, 6114.155762>) for a price of 450.
04:37:12.929 [Market] Player "Sir Trippy" (id=qZqolO4hbF2D7i2SHl6eLqgMczahG7_bAPkC9G_OL68=) has bought barbedwire x1 (b952ec40) from the trader "BuildingSupplies (Boris [#STR_EXPANSION_MARKET_TRADER_BUILDING_SUPPLIES])" in market zone "Trader Zone" (pos=<6675.160645, 104.603935, 6114.155762>) for a price of 450.
04:37:13.269 [Market] Player "Sir Trippy" (id=qZqolO4hbF2D7i2SHl6eLqgMczahG7_bAPkC9G_OL68=) has bought barbedwire x1 (b9535fe0) from the trader "BuildingSupplies (Boris [#STR_EXPANSION_MARKET_TRADER_BUILDING_SUPPLIES])" in market zone "Trader Zone" (pos=<6675.160645, 104.603935, 6114.155762>) for a price of 450.
04:37:13.621 [Market] Player "Sir Trippy" (id=qZqolO4hbF2D7i2SHl6eLqgMczahG7_bAPkC9G_OL68=) has bought barbedwire x1 (b9538e20) from the trader "BuildingSupplies (Boris [#STR_EXPANSION_MARKET_TRADER_BUILDING_SUPPLIES])" in market zone "Trader Zone" (pos=<6675.160645, 104.603935, 6114.155762>) for a price of 450.
04:37:14.015 [Market] Player "Sir Trippy" (id=qZqolO4hbF2D7i2SHl6eLqgMczahG7_bAPkC9G_OL68=) has bought barbedwire x1 (b953a540) from the trader "BuildingSupplies (Boris [#STR_EXPANSION_MARKET_TRADER_BUILDING_SUPPLIES])" in market zone "Trader Zone" (pos=<6675.160645, 104.603935, 6114.155762>) for a price of 450.
04:37:14.353 [Market] Player "Sir Trippy" (id=qZqolO4hbF2D7i2SHl6eLqgMczahG7_bAPkC9G_OL68=) has bought barbedwire x1 (b49d32a0) from the trader "BuildingSupplies (Boris [#STR_EXPANSION_MARKET_TRADER_BUILDING_SUPPLIES])" in market zone "Trader Zone" (pos=<6675.160645, 104.603935, 6114.155762>) for a price of 450.
04:37:14.720 [Market] Player "Sir Trippy" (id=qZqolO4hbF2D7i2SHl6eLqgMczahG7_bAPkC9G_OL68=) has bought barbedwire x1 (b8a9d9f0) from the trader "BuildingSupplies (Boris [#STR_EXPANSION_MARKET_TRADER_BUILDING_SUPPLIES])" in market zone "Trader Zone" (pos=<6675.160645, 104.603935, 6114.155762>) for a price of 450.
04:38:22.296 [Market] Player "Sir Trippy" (id=qZqolO4hbF2D7i2SHl6eLqgMczahG7_bAPkC9G_OL68=) has bought barbedwire x1 (b49a7150) from the trader "BuildingSupplies (Boris [#STR_EXPANSION_MARKET_TRADER_BUILDING_SUPPLIES])" in market zone "Trader Zone" (pos=<6675.160645, 104.603935, 6114.155762>) for a price of 450.
04:38:22.648 [Market] Player "Sir Trippy" (id=qZqolO4hbF2D7i2SHl6eLqgMczahG7_bAPkC9G_OL68=) has bought barbedwire x1 (b4b98290) from the trader "BuildingSupplies (Boris [#STR_EXPANSION_MARKET_TRADER_BUILDING_SUPPLIES])" in market zone "Trader Zone" (pos=<6675.160645, 104.603935, 6114.155762>) for a price of 450.
04:39:13.482 [Safezone] Player "{1:name}" (id={1:id} pos={1:position}) left the safezone
04:45:25.796 [Safezone] Player "Sir Trippy" (id=qZqolO4hbF2D7i2SHl6eLqgMczahG7_bAPkC9G_OL68= pos=<6734.95, 109.45, 6034.88>) entered the safezone
04:45:52.347 [Market] Player "Sir Trippy" (id=qZqolO4hbF2D7i2SHl6eLqgMczahG7_bAPkC9G_OL68=) has bought barbedwire x1 (b3305890) from the trader "BuildingSupplies (Boris [#STR_EXPANSION_MARKET_TRADER_BUILDING_SUPPLIES])" in market zone "Trader Zone" (pos=<6675.160645, 104.603935, 6114.155762>) for a price of 450.
04:45:52.693 [Market] Player "Sir Trippy" (id=qZqolO4hbF2D7i2SHl6eLqgMczahG7_bAPkC9G_OL68=) has bought barbedwire x1 (b3313440) from the trader "BuildingSupplies (Boris [#STR_EXPANSION_MARKET_TRADER_BUILDING_SUPPLIES])" in market zone "Trader Zone" (pos=<6675.160645, 104.603935, 6114.155762>) for a price of 450.
04:45:53.128 [Market] Player "Sir Trippy" (id=qZqolO4hbF2D7i2SHl6eLqgMczahG7_bAPkC9G_OL68=) has bought barbedwire x1 (b330cc30) from the trader "BuildingSupplies (Boris [#STR_EXPANSION_MARKET_TRADER_BUILDING_SUPPLIES])" in market zone "Trader Zone" (pos=<6675.160645, 104.603935, 6114.155762>) for a price of 450.
04:45:53.562 [Market] Player "Sir Trippy" (id=qZqolO4hbF2D7i2SHl6eLqgMczahG7_bAPkC9G_OL68=) has bought barbedwire x1 (b3313fd0) from the trader "BuildingSupplies (Boris [#STR_EXPANSION_MARKET_TRADER_BUILDING_SUPPLIES])" in market zone "Trader Zone" (pos=<6675.160645, 104.603935, 6114.155762>) for a price of 450.
04:45:53.962 [Market] Player "Sir Trippy" (id=qZqolO4hbF2D7i2SHl6eLqgMczahG7_bAPkC9G_OL68=) has bought barbedwire x1 (b330eee0) from the trader "BuildingSupplies (Boris [#STR_EXPANSION_MARKET_TRADER_BUILDING_SUPPLIES])" in market zone "Trader Zone" (pos=<6675.160645, 104.603935, 6114.155762>) for a price of 450.
04:45:54.388 [Market] Player "Sir Trippy" (id=qZqolO4hbF2D7i2SHl6eLqgMczahG7_bAPkC9G_OL68=) has bought barbedwire x1 (b3314b60) from the trader "BuildingSupplies (Boris [#STR_EXPANSION_MARKET_TRADER_BUILDING_SUPPLIES])" in market zone "Trader Zone" (pos=<6675.160645, 104.603935, 6114.155762>) for a price of 450.
04:45:54.843 [Market] Player "Sir Trippy" (id=qZqolO4hbF2D7i2SHl6eLqgMczahG7_bAPkC9G_OL68=) has bought barbedwire x1 (b331ed40) from the trader "BuildingSupplies (Boris [#STR_EXPANSION_MARKET_TRADER_BUILDING_SUPPLIES])" in market zone "Trader Zone" (pos=<6675.160645, 104.603935, 6114.155762>) for a price of 450.
04:45:56.164 [Market] Player "Sir Trippy" (id=qZqolO4hbF2D7i2SHl6eLqgMczahG7_bAPkC9G_OL68=) has bought barbedwire x1 (b331bf00) from the trader "BuildingSupplies (Boris [#STR_EXPANSION_MARKET_TRADER_BUILDING_SUPPLIES])" in market zone "Trader Zone" (pos=<6675.160645, 104.603935, 6114.155762>) for a price of 450.
04:46:00.302 [Market] Player "Sir Trippy" (id=qZqolO4hbF2D7i2SHl6eLqgMczahG7_bAPkC9G_OL68=) has bought rope x1 (b331ca90) from the trader "BuildingSupplies (Boris [#STR_EXPANSION_MARKET_TRADER_BUILDING_SUPPLIES])" in market zone "Trader Zone" (pos=<6675.160645, 104.603935, 6114.155762>) for a price of 4.
04:46:00.623 [Market] Player "Sir Trippy" (id=qZqolO4hbF2D7i2SHl6eLqgMczahG7_bAPkC9G_OL68=) has bought rope x1 (b3318530) from the trader "BuildingSupplies (Boris [#STR_EXPANSION_MARKET_TRADER_BUILDING_SUPPLIES])" in market zone "Trader Zone" (pos=<6675.160645, 104.603935, 6114.155762>) for a price of 4.
04:46:01.003 [Market] Player "Sir Trippy" (id=qZqolO4hbF2D7i2SHl6eLqgMczahG7_bAPkC9G_OL68=) has bought rope x1 (b331f8d0) from the trader "BuildingSupplies (Boris [#STR_EXPANSION_MARKET_TRADER_BUILDING_SUPPLIES])" in market zone "Trader Zone" (pos=<6675.160645, 104.603935, 6114.155762>) for a price of 4.
04:46:01.308 [Market] Player "Sir Trippy" (id=qZqolO4hbF2D7i2SHl6eLqgMczahG7_bAPkC9G_OL68=) has bought rope x1 (8e450fa0) from the trader "BuildingSupplies (Boris [#STR_EXPANSION_MARKET_TRADER_BUILDING_SUPPLIES])" in market zone "Trader Zone" (pos=<6675.160645, 104.603935, 6114.155762>) for a price of 4.
04:46:01.638 [Market] Player "Sir Trippy" (id=qZqolO4hbF2D7i2SHl6eLqgMczahG7_bAPkC9G_OL68=) has bought rope x1 (8e44a790) from the trader "BuildingSupplies (Boris [#STR_EXPANSION_MARKET_TRADER_BUILDING_SUPPLIES])" in market zone "Trader Zone" (pos=<6675.160645, 104.603935, 6114.155762>) for a price of 4.
04:46:01.988 [Market] Player "Sir Trippy" (id=qZqolO4hbF2D7i2SHl6eLqgMczahG7_bAPkC9G_OL68=) has bought rope x1 (8e44d5d0) from the trader "BuildingSupplies (Boris [#STR_EXPANSION_MARKET_TRADER_BUILDING_SUPPLIES])" in market zone "Trader Zone" (pos=<6675.160645, 104.603935, 6114.155762>) for a price of 4.
04:46:02.363 [Market] Player "Sir Trippy" (id=qZqolO4hbF2D7i2SHl6eLqgMczahG7_bAPkC9G_OL68=) has bought rope x1 (8e44beb0) from the trader "BuildingSupplies (Boris [#STR_EXPANSION_MARKET_TRADER_BUILDING_SUPPLIES])" in market zone "Trader Zone" (pos=<6675.160645, 104.603935, 6114.155762>) for a price of 4.
04:46:02.724 [Market] Player "Sir Trippy" (id=qZqolO4hbF2D7i2SHl6eLqgMczahG7_bAPkC9G_OL68=) has bought rope x1 (8e4526c0) from the trader "BuildingSupplies (Boris [#STR_EXPANSION_MARKET_TRADER_BUILDING_SUPPLIES])" in market zone "Trader Zone" (pos=<6675.160645, 104.603935, 6114.155762>) for a price of 4.
04:46:22.230 [Market] Player "Sir Trippy" (id=qZqolO4hbF2D7i2SHl6eLqgMczahG7_bAPkC9G_OL68=) has bought barbedwire x1 (8e479720) from the trader "BuildingSupplies (Boris [#STR_EXPANSION_MARKET_TRADER_BUILDING_SUPPLIES])" in market zone "Trader Zone" (pos=<6675.160645, 104.603935, 6114.155762>) for a price of 450.
04:46:22.433 [Market] Player "Sir Trippy" (id=qZqolO4hbF2D7i2SHl6eLqgMczahG7_bAPkC9G_OL68=) has bought barbedwire x1 (8e47f3a0) from the trader "BuildingSupplies (Boris [#STR_EXPANSION_MARKET_TRADER_BUILDING_SUPPLIES])" in market zone "Trader Zone" (pos=<6675.160645, 104.603935, 6114.155762>) for a price of 450.
04:46:22.625 [Market] Player "Sir Trippy" (id=qZqolO4hbF2D7i2SHl6eLqgMczahG7_bAPkC9G_OL68=) has bought barbedwire x1 (8e47ae40) from the trader "BuildingSupplies (Boris [#STR_EXPANSION_MARKET_TRADER_BUILDING_SUPPLIES])" in market zone "Trader Zone" (pos=<6675.160645, 104.603935, 6114.155762>) for a price of 450.
04:46:22.849 [Market] Player "Sir Trippy" (id=qZqolO4hbF2D7i2SHl6eLqgMczahG7_bAPkC9G_OL68=) has bought barbedwire x1 (8e478000) from the trader "BuildingSupplies (Boris [#STR_EXPANSION_MARKET_TRADER_BUILDING_SUPPLIES])" in market zone "Trader Zone" (pos=<6675.160645, 104.603935, 6114.155762>) for a price of 450.
04:46:23.091 [Market] Player "Sir Trippy" (id=qZqolO4hbF2D7i2SHl6eLqgMczahG7_bAPkC9G_OL68=) has bought barbedwire x1 (b90b4d00) from the trader "BuildingSupplies (Boris [#STR_EXPANSION_MARKET_TRADER_BUILDING_SUPPLIES])" in market zone "Trader Zone" (pos=<6675.160645, 104.603935, 6114.155762>) for a price of 450.
04:46:47.039 [ATM] Player "Sir Trippy" (id=qZqolO4hbF2D7i2SHl6eLqgMczahG7_bAPkC9G_OL68=) has deposited 7742 on his ATM account.
04:47:12.927 [Safezone] Player "{1:name}" (id={1:id} pos={1:position}) left the safezone
04:58:54.164 [Safezone] Player "F11 Simulator" (id=m_TD03B4NXDQrU5koHpLq3WyQf1hXTvQSdETJOTM8ss= pos=<6758.06, 103.53, 6058.34>) entered the safezone
04:58:58.378 [Safezone] Player "London" (id=kOLgOs9yYBFVRQG3lqoHveYdP5X8y3SO69cq5MiR4us= pos=<6751.98, 104.62, 6054.01>) entered the safezone
04:59:11.591 [ATM] Player "F11 Simulator" (id=m_TD03B4NXDQrU5koHpLq3WyQf1hXTvQSdETJOTM8ss=) has withdrawn 106836 from his ATM account.
04:59:35.996 [Safezone] Player "Sir Trippy" (id=qZqolO4hbF2D7i2SHl6eLqgMczahG7_bAPkC9G_OL68= pos=<6766.51, 102.5, 6075.58>) entered the safezone
04:59:48.394 [Market] Player "F11 Simulator" (id=m_TD03B4NXDQrU5koHpLq3WyQf1hXTvQSdETJOTM8ss=) has bought lunchmeat x10 (ae8982e0) from the trader "Consumables (Linda [#STR_EXPANSION_MARKET_TRADER_CONSUMABLES])" in market zone "Trader Zone" (pos=<6675.160645, 104.603935, 6114.155762>) for a price of 150.
04:59:54.074 [Market] Player "London" (id=kOLgOs9yYBFVRQG3lqoHveYdP5X8y3SO69cq5MiR4us=) has sold barbedwire x1 (8e478000) at the trader "Components (Cyril [#STR_EXPANSION_MARKET_TRADER_COMPONENTS])" in market zone "Trader Zone" (pos=<6675.160645, 104.603935, 6114.155762>) and got 337.
04:59:54.609 [Market] Player "London" (id=kOLgOs9yYBFVRQG3lqoHveYdP5X8y3SO69cq5MiR4us=) has sold barbedwire x1 (8e47ae40) at the trader "Components (Cyril [#STR_EXPANSION_MARKET_TRADER_COMPONENTS])" in market zone "Trader Zone" (pos=<6675.160645, 104.603935, 6114.155762>) and got 337.
04:59:55.169 [Market] Player "London" (id=kOLgOs9yYBFVRQG3lqoHveYdP5X8y3SO69cq5MiR4us=) has sold barbedwire x1 (b3305890) at the trader "Components (Cyril [#STR_EXPANSION_MARKET_TRADER_COMPONENTS])" in market zone "Trader Zone" (pos=<6675.160645, 104.603935, 6114.155762>) and got 337.
05:00:03.998 [Market] Player "London" (id=kOLgOs9yYBFVRQG3lqoHveYdP5X8y3SO69cq5MiR4us=) has bought whetstone x1 (e840afc0) from the trader "Components (Cyril [#STR_EXPANSION_MARKET_TRADER_COMPONENTS])" in market zone "Trader Zone" (pos=<6675.160645, 104.603935, 6114.155762>) for a price of 5.
05:00:38.021 [Market] Player "London" (id=kOLgOs9yYBFVRQG3lqoHveYdP5X8y3SO69cq5MiR4us=) has bought ammobox_338lapuamagnum_20rnd x2 (aeff8e50) from the trader "Weapons (Denis [#STR_EXPANSION_MARKET_TRADER_WEAPONS])" in market zone "Trader Zone" (pos=<6675.160645, 104.603935, 6114.155762>) for a price of 128.
05:00:58.085 [Market] Player "F11 Simulator" (id=m_TD03B4NXDQrU5koHpLq3WyQf1hXTvQSdETJOTM8ss=) has bought whetstone x1 (b0c31790) from the trader "BuildingSupplies (Boris [#STR_EXPANSION_MARKET_TRADER_BUILDING_SUPPLIES])" in market zone "Trader Zone" (pos=<6675.160645, 104.603935, 6114.155762>) for a price of 5.
05:01:15.230 [Market] Player "Sir Trippy" (id=qZqolO4hbF2D7i2SHl6eLqgMczahG7_bAPkC9G_OL68=) has sold barbedwire x1 (b90b4d00) at the trader "BuildingSupplies (Boris [#STR_EXPANSION_MARKET_TRADER_BUILDING_SUPPLIES])" in market zone "Trader Zone" (pos=<6675.160645, 104.603935, 6114.155762>) and got 337.
05:01:18.457 [Market] Player "Sir Trippy" (id=qZqolO4hbF2D7i2SHl6eLqgMczahG7_bAPkC9G_OL68=) has sold rope x1 (b3318530) at the trader "BuildingSupplies (Boris [#STR_EXPANSION_MARKET_TRADER_BUILDING_SUPPLIES])" in market zone "Trader Zone" (pos=<6675.160645, 104.603935, 6114.155762>) and got 3.
05:01:19.000 [Market] Player "Sir Trippy" (id=qZqolO4hbF2D7i2SHl6eLqgMczahG7_bAPkC9G_OL68=) has sold rope x1 (b331f8d0) at the trader "BuildingSupplies (Boris [#STR_EXPANSION_MARKET_TRADER_BUILDING_SUPPLIES])" in market zone "Trader Zone" (pos=<6675.160645, 104.603935, 6114.155762>) and got 3.
05:01:19.457 [Market] Player "Sir Trippy" (id=qZqolO4hbF2D7i2SHl6eLqgMczahG7_bAPkC9G_OL68=) has sold rope x1 (b331ca90) at the trader "BuildingSupplies (Boris [#STR_EXPANSION_MARKET_TRADER_BUILDING_SUPPLIES])" in market zone "Trader Zone" (pos=<6675.160645, 104.603935, 6114.155762>) and got 3.
05:01:19.957 [Market] Player "Sir Trippy" (id=qZqolO4hbF2D7i2SHl6eLqgMczahG7_bAPkC9G_OL68=) has sold rope x1 (b1744540) at the trader "BuildingSupplies (Boris [#STR_EXPANSION_MARKET_TRADER_BUILDING_SUPPLIES])" in market zone "Trader Zone" (pos=<6675.160645, 104.603935, 6114.155762>) and got 3.
05:01:20.416 [Market] Player "Sir Trippy" (id=qZqolO4hbF2D7i2SHl6eLqgMczahG7_bAPkC9G_OL68=) has sold rope x1 (8e450fa0) at the trader "BuildingSupplies (Boris [#STR_EXPANSION_MARKET_TRADER_BUILDING_SUPPLIES])" in market zone "Trader Zone" (pos=<6675.160645, 104.603935, 6114.155762>) and got 3.
05:01:20.755 [Market] Player "Sir Trippy" (id=qZqolO4hbF2D7i2SHl6eLqgMczahG7_bAPkC9G_OL68=) has sold rope x1 (8e4526c0) at the trader "BuildingSupplies (Boris [#STR_EXPANSION_MARKET_TRADER_BUILDING_SUPPLIES])" in market zone "Trader Zone" (pos=<6675.160645, 104.603935, 6114.155762>) and got 3.
05:01:21.101 [Market] Player "Sir Trippy" (id=qZqolO4hbF2D7i2SHl6eLqgMczahG7_bAPkC9G_OL68=) has sold rope x1 (8e44beb0) at the trader "BuildingSupplies (Boris [#STR_EXPANSION_MARKET_TRADER_BUILDING_SUPPLIES])" in market zone "Trader Zone" (pos=<6675.160645, 104.603935, 6114.155762>) and got 3.
05:01:22.105 [Market] Player "Sir Trippy" (id=qZqolO4hbF2D7i2SHl6eLqgMczahG7_bAPkC9G_OL68=) has sold rope x1 (8e44d5d0) at the trader "BuildingSupplies (Boris [#STR_EXPANSION_MARKET_TRADER_BUILDING_SUPPLIES])" in market zone "Trader Zone" (pos=<6675.160645, 104.603935, 6114.155762>) and got 3.
05:01:29.845 [Market] Player "F11 Simulator" (id=m_TD03B4NXDQrU5koHpLq3WyQf1hXTvQSdETJOTM8ss=) has bought combatknife x1 (b8e7d9a0) from the trader "Weapons (Denis [#STR_EXPANSION_MARKET_TRADER_WEAPONS])" in market zone "Trader Zone" (pos=<6675.160645, 104.603935, 6114.155762>) for a price of 10.
05:01:31.998 [Market] Player "London" (id=kOLgOs9yYBFVRQG3lqoHveYdP5X8y3SO69cq5MiR4us=) has bought ammobox_556x45ap_20rnd x6 (b8e86ff0) from the trader "Weapons (Denis [#STR_EXPANSION_MARKET_TRADER_WEAPONS])" in market zone "Trader Zone" (pos=<6675.160645, 104.603935, 6114.155762>) for a price of 384.
05:01:44.255 [ATM] Player "Sir Trippy" (id=qZqolO4hbF2D7i2SHl6eLqgMczahG7_bAPkC9G_OL68=) has deposited 361 on his ATM account.
05:01:53.294 [ATM] Player "F11 Simulator" (id=m_TD03B4NXDQrU5koHpLq3WyQf1hXTvQSdETJOTM8ss=) has deposited 106671 on his ATM account.
05:02:23.480 [Party] Player "F11 Simulator" (id=m_TD03B4NXDQrU5koHpLq3WyQf1hXTvQSdETJOTM8ss=) left the party "SLAVES" (id=1 ownerUID=m_TD03B4NXDQrU5koHpLq3WyQf1hXTvQSdETJOTM8ss= ownerName=F11 Simulator)
05:02:29.158 [Party] Player "London" (id=kOLgOs9yYBFVRQG3lqoHveYdP5X8y3SO69cq5MiR4us=) left the party "SLAVES" (id=1 ownerUID=m_TD03B4NXDQrU5koHpLq3WyQf1hXTvQSdETJOTM8ss= ownerName=F11 Simulator)
05:04:02.187 [Safezone] Player "{1:name}" (id={1:id} pos={1:position}) left the safezone
05:04:28.058 [Safezone] Player "Sir Trippy" (id=qZqolO4hbF2D7i2SHl6eLqgMczahG7_bAPkC9G_OL68= pos=<6752.14, 104.98, 6052.1>) entered the safezone
05:05:56.634 [Safezone] Player "{1:name}" (id={1:id} pos={1:position}) left the safezone
05:13:06.087 [Party] Player "Sir Trippy" (id=qZqolO4hbF2D7i2SHl6eLqgMczahG7_bAPkC9G_OL68=) left the party "SLAVES" (id=1 ownerUID=m_TD03B4NXDQrU5koHpLq3WyQf1hXTvQSdETJOTM8ss= ownerName=F11 Simulator)
05:17:59.902 [Killfeed] KillaCase starved to death.
05:29:55.171 [Safezone] Player "Saz" (id=YHLo2WDmi_EvfumrqV1ZHm_645vwtBS3yzLv3lpmXxs= pos=<6626.56, 135.24, 6027.51>) entered the safezone
05:32:12.410 [Market] Player "Saz" (id=YHLo2WDmi_EvfumrqV1ZHm_645vwtBS3yzLv3lpmXxs=) has sold canvasbag_olive x1 (d585c4c0) at the trader "Clothing (Naomi [#STR_EXPANSION_MARKET_TRADER_CLOTHING])" in market zone "Trader Zone" (pos=<6675.160645, 104.603935, 6114.155762>) and got 22.
05:32:17.765 [Market] Player "Saz" (id=YHLo2WDmi_EvfumrqV1ZHm_645vwtBS3yzLv3lpmXxs=) has sold chestholster x1 (b3311190) at the trader "Clothing (Naomi [#STR_EXPANSION_MARKET_TRADER_CLOTHING])" in market zone "Trader Zone" (pos=<6675.160645, 104.603935, 6114.155762>) and got 11.
05:32:55.458 [Market] Player "Saz" (id=YHLo2WDmi_EvfumrqV1ZHm_645vwtBS3yzLv3lpmXxs=) has sold colt1911 x1 (ac75a620, PistolSuppressor<b92d1d70>, Mag_1911_7Rnd<b92cb560>, ammo_45acp x2) at the trader "Weapons (Denis [#STR_EXPANSION_MARKET_TRADER_WEAPONS])" in market zone "Trader Zone" (pos=<6675.160645, 104.603935, 6114.155762>) and got 83.
05:32:57.367 [Market] Player "Saz" (id=YHLo2WDmi_EvfumrqV1ZHm_645vwtBS3yzLv3lpmXxs=) has sold saiga x1 (ac759910, Saiga_Bttstck<16f3e7e0>, Mag_Saiga_8Rnd<16f3ae10>, ammo_12gapellets x6) at the trader "Weapons (Denis [#STR_EXPANSION_MARKET_TRADER_WEAPONS])" in market zone "Trader Zone" (pos=<6675.160645, 104.603935, 6114.155762>) and got 1054.
05:33:00.306 [Market] Player "Saz" (id=YHLo2WDmi_EvfumrqV1ZHm_645vwtBS3yzLv3lpmXxs=) has sold ammo_9x39 x1 (b929aeb0) at the trader "Weapons (Denis [#STR_EXPANSION_MARKET_TRADER_WEAPONS])" in market zone "Trader Zone" (pos=<6675.160645, 104.603935, 6114.155762>) and got 1.
05:33:00.941 [Market] Player "Saz" (id=YHLo2WDmi_EvfumrqV1ZHm_645vwtBS3yzLv3lpmXxs=) has sold ammo_9x39 x1 (b929aeb0) at the trader "Weapons (Denis [#STR_EXPANSION_MARKET_TRADER_WEAPONS])" in market zone "Trader Zone" (pos=<6675.160645, 104.603935, 6114.155762>) and got 1.
05:33:03.869 [Market] Player "Saz" (id=YHLo2WDmi_EvfumrqV1ZHm_645vwtBS3yzLv3lpmXxs=) has sold ammo_545x39 x1 (b92d4bb0) at the trader "Weapons (Denis [#STR_EXPANSION_MARKET_TRADER_WEAPONS])" in market zone "Trader Zone" (pos=<6675.160645, 104.603935, 6114.155762>) and got 1.
05:33:04.222 [Market] Player "Saz" (id=YHLo2WDmi_EvfumrqV1ZHm_645vwtBS3yzLv3lpmXxs=) has sold ammo_545x39 x1 (b92d4bb0) at the trader "Weapons (Denis [#STR_EXPANSION_MARKET_TRADER_WEAPONS])" in market zone "Trader Zone" (pos=<6675.160645, 104.603935, 6114.155762>) and got 1.
05:33:04.533 [Market] Player "Saz" (id=YHLo2WDmi_EvfumrqV1ZHm_645vwtBS3yzLv3lpmXxs=) has sold ammo_545x39 x1 (b92d4bb0) at the trader "Weapons (Denis [#STR_EXPANSION_MARKET_TRADER_WEAPONS])" in market zone "Trader Zone" (pos=<6675.160645, 104.603935, 6114.155762>) and got 1.
05:33:04.822 [Market] Player "Saz" (id=YHLo2WDmi_EvfumrqV1ZHm_645vwtBS3yzLv3lpmXxs=) has sold ammo_545x39 x1 (b92d4bb0) at the trader "Weapons (Denis [#STR_EXPANSION_MARKET_TRADER_WEAPONS])" in market zone "Trader Zone" (pos=<6675.160645, 104.603935, 6114.155762>) and got 1.
05:33:05.082 [Market] Player "Saz" (id=YHLo2WDmi_EvfumrqV1ZHm_645vwtBS3yzLv3lpmXxs=) has sold ammo_545x39 x1 (b92d4bb0) at the trader "Weapons (Denis [#STR_EXPANSION_MARKET_TRADER_WEAPONS])" in market zone "Trader Zone" (pos=<6675.160645, 104.603935, 6114.155762>) and got 1.
05:33:05.281 [Market] Player "Saz" (id=YHLo2WDmi_EvfumrqV1ZHm_645vwtBS3yzLv3lpmXxs=) has sold ammo_545x39 x1 (b92d4bb0) at the trader "Weapons (Denis [#STR_EXPANSION_MARKET_TRADER_WEAPONS])" in market zone "Trader Zone" (pos=<6675.160645, 104.603935, 6114.155762>) and got 1.
05:33:05.492 [Market] Player "Saz" (id=YHLo2WDmi_EvfumrqV1ZHm_645vwtBS3yzLv3lpmXxs=) has sold ammo_545x39 x1 (b92d4bb0) at the trader "Weapons (Denis [#STR_EXPANSION_MARKET_TRADER_WEAPONS])" in market zone "Trader Zone" (pos=<6675.160645, 104.603935, 6114.155762>) and got 1.
05:33:05.664 [Market] Player "Saz" (id=YHLo2WDmi_EvfumrqV1ZHm_645vwtBS3yzLv3lpmXxs=) has sold ammo_545x39 x1 (b92d4bb0) at the trader "Weapons (Denis [#STR_EXPANSION_MARKET_TRADER_WEAPONS])" in market zone "Trader Zone" (pos=<6675.160645, 104.603935, 6114.155762>) and got 1.
05:33:05.886 [Market] Player "Saz" (id=YHLo2WDmi_EvfumrqV1ZHm_645vwtBS3yzLv3lpmXxs=) has sold ammo_545x39 x1 (b92d4bb0) at the trader "Weapons (Denis [#STR_EXPANSION_MARKET_TRADER_WEAPONS])" in market zone "Trader Zone" (pos=<6675.160645, 104.603935, 6114.155762>) and got 1.
05:33:06.085 [Market] Player "Saz" (id=YHLo2WDmi_EvfumrqV1ZHm_645vwtBS3yzLv3lpmXxs=) has sold ammo_545x39 x1 (b92d4bb0) at the trader "Weapons (Denis [#STR_EXPANSION_MARKET_TRADER_WEAPONS])" in market zone "Trader Zone" (pos=<6675.160645, 104.603935, 6114.155762>) and got 1.
05:33:06.589 [Market] Player "Saz" (id=YHLo2WDmi_EvfumrqV1ZHm_645vwtBS3yzLv3lpmXxs=) has sold ammo_545x39 x1 (b92d4bb0) at the trader "Weapons (Denis [#STR_EXPANSION_MARKET_TRADER_WEAPONS])" in market zone "Trader Zone" (pos=<6675.160645, 104.603935, 6114.155762>) and got 1.
05:33:06.966 [Market] Player "Saz" (id=YHLo2WDmi_EvfumrqV1ZHm_645vwtBS3yzLv3lpmXxs=) has sold ammo_545x39 x1 (b92d4bb0) at the trader "Weapons (Denis [#STR_EXPANSION_MARKET_TRADER_WEAPONS])" in market zone "Trader Zone" (pos=<6675.160645, 104.603935, 6114.155762>) and got 1.
05:33:07.466 [Market] Player "Saz" (id=YHLo2WDmi_EvfumrqV1ZHm_645vwtBS3yzLv3lpmXxs=) has sold ammo_545x39 x1 (b92d4bb0) at the trader "Weapons (Denis [#STR_EXPANSION_MARKET_TRADER_WEAPONS])" in market zone "Trader Zone" (pos=<6675.160645, 104.603935, 6114.155762>) and got 1.
05:33:07.859 [Market] Player "Saz" (id=YHLo2WDmi_EvfumrqV1ZHm_645vwtBS3yzLv3lpmXxs=) has sold ammo_545x39 x1 (b92d4bb0) at the trader "Weapons (Denis [#STR_EXPANSION_MARKET_TRADER_WEAPONS])" in market zone "Trader Zone" (pos=<6675.160645, 104.603935, 6114.155762>) and got 1.
05:33:08.546 [Market] Player "Saz" (id=YHLo2WDmi_EvfumrqV1ZHm_645vwtBS3yzLv3lpmXxs=) has sold ammo_545x39 x1 (b92d4bb0) at the trader "Weapons (Denis [#STR_EXPANSION_MARKET_TRADER_WEAPONS])" in market zone "Trader Zone" (pos=<6675.160645, 104.603935, 6114.155762>) and got 1.
05:33:26.214 [Market] Player "Saz" (id=YHLo2WDmi_EvfumrqV1ZHm_645vwtBS3yzLv3lpmXxs=) has sold pso1optic x1 (baf609c0) at the trader "Attachments (Jose [#STR_EXPANSION_MARKET_TRADER_ATTACHMENTS])" in market zone "Trader Zone" (pos=<6675.160645, 104.603935, 6114.155762>) and got 825.
05:33:31.466 [Market] Player "Saz" (id=YHLo2WDmi_EvfumrqV1ZHm_645vwtBS3yzLv3lpmXxs=) has sold mag_ump_25rnd x1 (b92d5740, ammo_45acp x4) at the trader "Attachments (Jose [#STR_EXPANSION_MARKET_TRADER_ATTACHMENTS])" in market zone "Trader Zone" (pos=<6675.160645, 104.603935, 6114.155762>) and got 88.
05:33:32.623 [Market] Player "Saz" (id=YHLo2WDmi_EvfumrqV1ZHm_645vwtBS3yzLv3lpmXxs=) has sold mag_ak74_30rnd x1 (d587cd10, ammo_545x39 x14) at the trader "Attachments (Jose [#STR_EXPANSION_MARKET_TRADER_ATTACHMENTS])" in market zone "Trader Zone" (pos=<6675.160645, 104.603935, 6114.155762>) and got 179.
05:33:34.974 [Market] Player "Saz" (id=YHLo2WDmi_EvfumrqV1ZHm_645vwtBS3yzLv3lpmXxs=) has sold mag_saiga_8rnd x1 (b929a320, ammo_12gapellets x1) at the trader "Attachments (Jose [#STR_EXPANSION_MARKET_TRADER_ATTACHMENTS])" in market zone "Trader Zone" (pos=<6675.160645, 104.603935, 6114.155762>) and got 168.
05:33:35.929 [Market] Player "Saz" (id=YHLo2WDmi_EvfumrqV1ZHm_645vwtBS3yzLv3lpmXxs=) has sold mag_saiga_8rnd x1 (d587b5f0, ammo_12gapellets x4) at the trader "Attachments (Jose [#STR_EXPANSION_MARKET_TRADER_ATTACHMENTS])" in market zone "Trader Zone" (pos=<6675.160645, 104.603935, 6114.155762>) and got 94.
05:35:47.597 [Market] Player "Saz" (id=YHLo2WDmi_EvfumrqV1ZHm_645vwtBS3yzLv3lpmXxs=) has sold mag_cmag_10rnd x1 (d586f160) at the trader "Attachments (Jose [#STR_EXPANSION_MARKET_TRADER_ATTACHMENTS])" in market zone "Trader Zone" (pos=<6675.160645, 104.603935, 6114.155762>) and got 22.
05:35:55.564 [Market] Player "Saz" (id=YHLo2WDmi_EvfumrqV1ZHm_645vwtBS3yzLv3lpmXxs=) has sold flashlight x1 (b50892b0) at the trader "Components (Cyril [#STR_EXPANSION_MARKET_TRADER_COMPONENTS])" in market zone "Trader Zone" (pos=<6675.160645, 104.603935, 6114.155762>) and got 2.
05:40:49.937 [Market] Player "Saz" (id=YHLo2WDmi_EvfumrqV1ZHm_645vwtBS3yzLv3lpmXxs=) has bought mich2001helmet x1 (16da1b80) from the trader "Clothing (Naomi [#STR_EXPANSION_MARKET_TRADER_CLOTHING])" in market zone "Trader Zone" (pos=<6675.160645, 104.603935, 6114.155762>) for a price of 150.
05:41:05.335 [Market] Player "Saz" (id=YHLo2WDmi_EvfumrqV1ZHm_645vwtBS3yzLv3lpmXxs=) has sold gorkahelmet x1 (d585a210) at the trader "Clothing (Naomi [#STR_EXPANSION_MARKET_TRADER_CLOTHING])" in market zone "Trader Zone" (pos=<6675.160645, 104.603935, 6114.155762>) and got 45.
05:41:27.056 [Market] Player "Saz" (id=YHLo2WDmi_EvfumrqV1ZHm_645vwtBS3yzLv3lpmXxs=) has bought platecarriervest_black x1 (1061f7d0) from the trader "Clothing (Naomi [#STR_EXPANSION_MARKET_TRADER_CLOTHING])" in market zone "Trader Zone" (pos=<6675.160645, 104.603935, 6114.155762>) for a price of 250.
05:41:39.703 [Market] Player "Saz" (id=YHLo2WDmi_EvfumrqV1ZHm_645vwtBS3yzLv3lpmXxs=) has bought platecarrierpouches_black x1 (10630d50) from the trader "Clothing (Naomi [#STR_EXPANSION_MARKET_TRADER_CLOTHING])" in market zone "Trader Zone" (pos=<6675.160645, 104.603935, 6114.155762>) for a price of 100.
05:42:08.484 [Market] Player "Saz" (id=YHLo2WDmi_EvfumrqV1ZHm_645vwtBS3yzLv3lpmXxs=) has sold ukassvest_camo x1 (d587d8a0) at the trader "Clothing (Naomi [#STR_EXPANSION_MARKET_TRADER_CLOTHING])" in market zone "Trader Zone" (pos=<6675.160645, 104.603935, 6114.155762>) and got 56.
05:43:01.070 [Party] Player "MrUrban" (id=FYA48KgYwhTpJA5ckN1Gpjr38d99hOg0iMeqFmchNgE=) left the party "STRAWHATS" (id=12 ownerUID=FYA48KgYwhTpJA5ckN1Gpjr38d99hOg0iMeqFmchNgE= ownerName=MrUrban)
05:43:22.265 [Market] Player "Saz" (id=YHLo2WDmi_EvfumrqV1ZHm_645vwtBS3yzLv3lpmXxs=) has bought m65jacket_black x1 (b1744540) from the trader "Clothing (Naomi [#STR_EXPANSION_MARKET_TRADER_CLOTHING])" in market zone "Trader Zone" (pos=<6675.160645, 104.603935, 6114.155762>) for a price of 130.
05:43:42.105 [Market] Player "Saz" (id=YHLo2WDmi_EvfumrqV1ZHm_645vwtBS3yzLv3lpmXxs=) has sold m65jacket_tan x1 (d5872b30) at the trader "Clothing (Naomi [#STR_EXPANSION_MARKET_TRADER_CLOTHING])" in market zone "Trader Zone" (pos=<6675.160645, 104.603935, 6114.155762>) and got 97.
05:44:18.027 [Market] Player "Saz" (id=YHLo2WDmi_EvfumrqV1ZHm_645vwtBS3yzLv3lpmXxs=) has bought cargopants_black x1 (bc74b0d0) from the trader "Clothing (Naomi [#STR_EXPANSION_MARKET_TRADER_CLOTHING])" in market zone "Trader Zone" (pos=<6675.160645, 104.603935, 6114.155762>) for a price of 35.
05:44:39.919 [Market] Player "Saz" (id=YHLo2WDmi_EvfumrqV1ZHm_645vwtBS3yzLv3lpmXxs=) has sold hunterpants_summer x1 (b92d79f0) at the trader "Clothing (Naomi [#STR_EXPANSION_MARKET_TRADER_CLOTHING])" in market zone "Trader Zone" (pos=<6675.160645, 104.603935, 6114.155762>) and got 75.
05:45:02.476 [Market] Player "Saz" (id=YHLo2WDmi_EvfumrqV1ZHm_645vwtBS3yzLv3lpmXxs=) has bought platecarrierholster_black x1 (b537a710) from the trader "Clothing (Naomi [#STR_EXPANSION_MARKET_TRADER_CLOTHING])" in market zone "Trader Zone" (pos=<6675.160645, 104.603935, 6114.155762>) for a price of 60.
05:45:50.376 [Market] Player "Saz" (id=YHLo2WDmi_EvfumrqV1ZHm_645vwtBS3yzLv3lpmXxs=) has bought pot x1 (ae4295b0) from the trader "BuildingSupplies (Boris [#STR_EXPANSION_MARKET_TRADER_BUILDING_SUPPLIES])" in market zone "Trader Zone" (pos=<6675.160645, 104.603935, 6114.155762>) for a price of 25.
05:48:23.960 [Market] Player "Saz" (id=YHLo2WDmi_EvfumrqV1ZHm_645vwtBS3yzLv3lpmXxs=) has sold drybag_green x1 (b508fac0) at the trader "Clothing (Naomi [#STR_EXPANSION_MARKET_TRADER_CLOTHING])" in market zone "Trader Zone" (pos=<6675.160645, 104.603935, 6114.155762>) and got 6.
05:48:26.609 [Market] Player "Saz" (id=YHLo2WDmi_EvfumrqV1ZHm_645vwtBS3yzLv3lpmXxs=) has sold ushanka_green x1 (aefc36b0) at the trader "Clothing (Naomi [#STR_EXPANSION_MARKET_TRADER_CLOTHING])" in market zone "Trader Zone" (pos=<6675.160645, 104.603935, 6114.155762>) and got 10.
05:50:31.992 [Market] Player "Saz" (id=YHLo2WDmi_EvfumrqV1ZHm_645vwtBS3yzLv3lpmXxs=) has sold winchester70 x1 (ac75f480) at the trader "Weapons (Denis [#STR_EXPANSION_MARKET_TRADER_WEAPONS])" in market zone "Trader Zone" (pos=<6675.160645, 104.603935, 6114.155762>) and got 281.
05:52:46.164 [Market] Player "Saz" (id=YHLo2WDmi_EvfumrqV1ZHm_645vwtBS3yzLv3lpmXxs=) has bought svd x1 (105d1890, Mag_SVD_10Rnd<c42dd6a0>, ammo_762x54 x10) from the trader "Weapons (Denis [#STR_EXPANSION_MARKET_TRADER_WEAPONS])" in market zone "Trader Zone" (pos=<6675.160645, 104.603935, 6114.155762>) for a price of 2270.
05:53:11.898 [Market] Player "Saz" (id=YHLo2WDmi_EvfumrqV1ZHm_645vwtBS3yzLv3lpmXxs=) has sold woodaxe x1 (b0fb96f0) at the trader "Components (Cyril [#STR_EXPANSION_MARKET_TRADER_COMPONENTS])" in market zone "Trader Zone" (pos=<6675.160645, 104.603935, 6114.155762>) and got 15.
05:57:41.978 [ATM] Player "Saz" (id=YHLo2WDmi_EvfumrqV1ZHm_645vwtBS3yzLv3lpmXxs=) has withdrawn 100024 from his ATM account.
05:59:30.107 [Market] Player "Saz" (id=YHLo2WDmi_EvfumrqV1ZHm_645vwtBS3yzLv3lpmXxs=) has bought ak_suppressor x1 (b518ae10) from the trader "Attachments (Jose [#STR_EXPANSION_MARKET_TRADER_ATTACHMENTS])" in market zone "Trader Zone" (pos=<6675.160645, 104.603935, 6114.155762>) for a price of 25.
05:59:35.519 [Market] Player "Saz" (id=YHLo2WDmi_EvfumrqV1ZHm_645vwtBS3yzLv3lpmXxs=) has bought mag_svd_10rnd x1 (b5185190, ammo_762x54 x10) from the trader "Attachments (Jose [#STR_EXPANSION_MARKET_TRADER_ATTACHMENTS])" in market zone "Trader Zone" (pos=<6675.160645, 104.603935, 6114.155762>) for a price of 270.
05:59:37.804 [Market] Player "Saz" (id=YHLo2WDmi_EvfumrqV1ZHm_645vwtBS3yzLv3lpmXxs=) has bought mag_svd_10rnd x1 (b51921b0, ammo_762x54 x10) from the trader "Attachments (Jose [#STR_EXPANSION_MARKET_TRADER_ATTACHMENTS])" in market zone "Trader Zone" (pos=<6675.160645, 104.603935, 6114.155762>) for a price of 270.
05:59:38.988 [Market] Player "Saz" (id=YHLo2WDmi_EvfumrqV1ZHm_645vwtBS3yzLv3lpmXxs=) has bought mag_svd_10rnd x1 (b5192d40, ammo_762x54 x10) from the trader "Attachments (Jose [#STR_EXPANSION_MARKET_TRADER_ATTACHMENTS])" in market zone "Trader Zone" (pos=<6675.160645, 104.603935, 6114.155762>) for a price of 270.
05:59:39.888 [Market] Player "Saz" (id=YHLo2WDmi_EvfumrqV1ZHm_645vwtBS3yzLv3lpmXxs=) has bought mag_svd_10rnd x1 (b518e7e0, ammo_762x54 x10) from the trader "Attachments (Jose [#STR_EXPANSION_MARKET_TRADER_ATTACHMENTS])" in market zone "Trader Zone" (pos=<6675.160645, 104.603935, 6114.155762>) for a price of 270.
06:00:44.257 [Market] Player "Saz" (id=YHLo2WDmi_EvfumrqV1ZHm_645vwtBS3yzLv3lpmXxs=) has bought universallight x1 (b7404270) from the trader "Attachments (Jose [#STR_EXPANSION_MARKET_TRADER_ATTACHMENTS])" in market zone "Trader Zone" (pos=<6675.160645, 104.603935, 6114.155762>) for a price of 120.
06:01:31.207 [Market] Player "Saz" (id=YHLo2WDmi_EvfumrqV1ZHm_645vwtBS3yzLv3lpmXxs=) has bought weaponcleaningkit x1 (b7429020) from the trader "Components (Cyril [#STR_EXPANSION_MARKET_TRADER_COMPONENTS])" in market zone "Trader Zone" (pos=<6675.160645, 104.603935, 6114.155762>) for a price of 8.
06:01:31.966 [Market] Player "Saz" (id=YHLo2WDmi_EvfumrqV1ZHm_645vwtBS3yzLv3lpmXxs=) has bought weaponcleaningkit x1 (b742b2d0) from the trader "Components (Cyril [#STR_EXPANSION_MARKET_TRADER_COMPONENTS])" in market zone "Trader Zone" (pos=<6675.160645, 104.603935, 6114.155762>) for a price of 8.
06:02:05.031 [Market] Player "Saz" (id=YHLo2WDmi_EvfumrqV1ZHm_645vwtBS3yzLv3lpmXxs=) has bought petrollighter x1 (b3918470) from the trader "Components (Cyril [#STR_EXPANSION_MARKET_TRADER_COMPONENTS])" in market zone "Trader Zone" (pos=<6675.160645, 104.603935, 6114.155762>) for a price of 8.
06:02:13.830 [Market] Player "Saz" (id=YHLo2WDmi_EvfumrqV1ZHm_645vwtBS3yzLv3lpmXxs=) has bought battery9v x1 (fca90d0) from the trader "Components (Cyril [#STR_EXPANSION_MARKET_TRADER_COMPONENTS])" in market zone "Trader Zone" (pos=<6675.160645, 104.603935, 6114.155762>) for a price of 10.
06:02:14.445 [Market] Player "Saz" (id=YHLo2WDmi_EvfumrqV1ZHm_645vwtBS3yzLv3lpmXxs=) has bought battery9v x1 (fcb0470) from the trader "Components (Cyril [#STR_EXPANSION_MARKET_TRADER_COMPONENTS])" in market zone "Trader Zone" (pos=<6675.160645, 104.603935, 6114.155762>) for a price of 10.
06:02:15.134 [Market] Player "Saz" (id=YHLo2WDmi_EvfumrqV1ZHm_645vwtBS3yzLv3lpmXxs=) has bought battery9v x1 (fcba650) from the trader "Components (Cyril [#STR_EXPANSION_MARKET_TRADER_COMPONENTS])" in market zone "Trader Zone" (pos=<6675.160645, 104.603935, 6114.155762>) for a price of 10.
06:02:45.878 [Market] Player "Saz" (id=YHLo2WDmi_EvfumrqV1ZHm_645vwtBS3yzLv3lpmXxs=) has sold brassknuckles_shiny x1 (d58787b0) at the trader "Weapons (Denis [#STR_EXPANSION_MARKET_TRADER_WEAPONS])" in market zone "Trader Zone" (pos=<6675.160645, 104.603935, 6114.155762>) and got 2.
06:02:49.113 [Market] Player "Saz" (id=YHLo2WDmi_EvfumrqV1ZHm_645vwtBS3yzLv3lpmXxs=) has sold crudemachete x1 (a7e8e190) at the trader "Weapons (Denis [#STR_EXPANSION_MARKET_TRADER_WEAPONS])" in market zone "Trader Zone" (pos=<6675.160645, 104.603935, 6114.155762>) and got 9.
06:03:01.099 [Market] Player "Saz" (id=YHLo2WDmi_EvfumrqV1ZHm_645vwtBS3yzLv3lpmXxs=) has bought combatknife x1 (17ebf9a0) from the trader "Weapons (Denis [#STR_EXPANSION_MARKET_TRADER_WEAPONS])" in market zone "Trader Zone" (pos=<6675.160645, 104.603935, 6114.155762>) for a price of 10.
06:03:22.589 [Party] Player "Sir Trippy" (id=qZqolO4hbF2D7i2SHl6eLqgMczahG7_bAPkC9G_OL68=) joinded the party "SLAVES" (id=1 ownerUID=m_TD03B4NXDQrU5koHpLq3WyQf1hXTvQSdETJOTM8ss= ownerName=F11 Simulator)
06:03:40.218 [Safezone] Player "cam" (id=CHqrHJ4vtVe-aAoAn-ofhwOc4RxQN5rJnJO__Qg-Xmc= pos=<6659.66, 105.46, 6112.26>) entered the safezone
06:03:52.132 [Market] Player "Saz" (id=YHLo2WDmi_EvfumrqV1ZHm_645vwtBS3yzLv3lpmXxs=) has bought hatchet x1 (ba695f20) from the trader "Components (Cyril [#STR_EXPANSION_MARKET_TRADER_COMPONENTS])" in market zone "Trader Zone" (pos=<6675.160645, 104.603935, 6114.155762>) for a price of 10.
06:04:29.312 [Market] Player "Saz" (id=YHLo2WDmi_EvfumrqV1ZHm_645vwtBS3yzLv3lpmXxs=) has bought mkii x1 (baee18b0, Mag_MKII_10Rnd<c6bf5950>, ammo_22 x10) from the trader "Weapons (Denis [#STR_EXPANSION_MARKET_TRADER_WEAPONS])" in market zone "Trader Zone" (pos=<6675.160645, 104.603935, 6114.155762>) for a price of 380.
06:04:56.316 [Market] Player "Saz" (id=YHLo2WDmi_EvfumrqV1ZHm_645vwtBS3yzLv3lpmXxs=) has bought mag_mkii_10rnd x1 (b96775e0, ammo_22 x10) from the trader "Attachments (Jose [#STR_EXPANSION_MARKET_TRADER_ATTACHMENTS])" in market zone "Trader Zone" (pos=<6675.160645, 104.603935, 6114.155762>) for a price of 60.
06:04:57.085 [Market] Player "Saz" (id=YHLo2WDmi_EvfumrqV1ZHm_645vwtBS3yzLv3lpmXxs=) has bought mag_mkii_10rnd x1 (b967c6d0, ammo_22 x10) from the trader "Attachments (Jose [#STR_EXPANSION_MARKET_TRADER_ATTACHMENTS])" in market zone "Trader Zone" (pos=<6675.160645, 104.603935, 6114.155762>) for a price of 60.
06:06:03.683 [Market] Player "Saz" (id=YHLo2WDmi_EvfumrqV1ZHm_645vwtBS3yzLv3lpmXxs=) has bought pso1optic x1 (b88cd4b0, Battery9V<ba83eb80>) from the trader "Attachments (Jose [#STR_EXPANSION_MARKET_TRADER_ATTACHMENTS])" in market zone "Trader Zone" (pos=<6675.160645, 104.603935, 6114.155762>) for a price of 1110.
06:08:32.082 [Market] Player "Saz" (id=YHLo2WDmi_EvfumrqV1ZHm_645vwtBS3yzLv3lpmXxs=) has bought ammobox_762x54_20rnd x1 (b14390f0) from the trader "Weapons (Denis [#STR_EXPANSION_MARKET_TRADER_WEAPONS])" in market zone "Trader Zone" (pos=<6675.160645, 104.603935, 6114.155762>) for a price of 32.
06:09:11.234 [Market] Player "Saz" (id=YHLo2WDmi_EvfumrqV1ZHm_645vwtBS3yzLv3lpmXxs=) has bought ammobox_762x54_20rnd x1 (b1429290) from the trader "Weapons (Denis [#STR_EXPANSION_MARKET_TRADER_WEAPONS])" in market zone "Trader Zone" (pos=<6675.160645, 104.603935, 6114.155762>) for a price of 32.
06:09:24.500 [Market] Player "cam" (id=CHqrHJ4vtVe-aAoAn-ofhwOc4RxQN5rJnJO__Qg-Xmc=) has sold puscopeoptic x1 (b88c6820) at the trader "Attachments (Jose [#STR_EXPANSION_MARKET_TRADER_ATTACHMENTS])" in market zone "Trader Zone" (pos=<6675.160645, 104.603935, 6114.155762>) and got 168.
06:09:29.140 [Market] Player "cam" (id=CHqrHJ4vtVe-aAoAn-ofhwOc4RxQN5rJnJO__Qg-Xmc=) has sold huntingoptic x1 (b0db66d0) at the trader "Attachments (Jose [#STR_EXPANSION_MARKET_TRADER_ATTACHMENTS])" in market zone "Trader Zone" (pos=<6675.160645, 104.603935, 6114.155762>) and got 187.
06:09:33.281 [Market] Player "cam" (id=CHqrHJ4vtVe-aAoAn-ofhwOc4RxQN5rJnJO__Qg-Xmc=) has sold huntingoptic x1 (abcf7720) at the trader "Attachments (Jose [#STR_EXPANSION_MARKET_TRADER_ATTACHMENTS])" in market zone "Trader Zone" (pos=<6675.160645, 104.603935, 6114.155762>) and got 750.
06:09:40.703 [Market] Player "Saz" (id=YHLo2WDmi_EvfumrqV1ZHm_645vwtBS3yzLv3lpmXxs=) has bought ammobox_22_50rnd x3 (b4e7b150) from the trader "Weapons (Denis [#STR_EXPANSION_MARKET_TRADER_WEAPONS])" in market zone "Trader Zone" (pos=<6675.160645, 104.603935, 6114.155762>) for a price of 240.
06:10:11.542 [Market] Player "cam" (id=CHqrHJ4vtVe-aAoAn-ofhwOc4RxQN5rJnJO__Qg-Xmc=) has sold wrench x1 (e3aae4d0) at the trader "Components (Cyril [#STR_EXPANSION_MARKET_TRADER_COMPONENTS])" in market zone "Trader Zone" (pos=<6675.160645, 104.603935, 6114.155762>) and got 1.
06:10:23.746 [Market] Player "cam" (id=CHqrHJ4vtVe-aAoAn-ofhwOc4RxQN5rJnJO__Qg-Xmc=) has sold tlrlight x1 (ba678510) at the trader "Attachments (Jose [#STR_EXPANSION_MARKET_TRADER_ATTACHMENTS])" in market zone "Trader Zone" (pos=<6675.160645, 104.603935, 6114.155762>) and got 90.
06:11:59.142 [Market] Player "cam" (id=CHqrHJ4vtVe-aAoAn-ofhwOc4RxQN5rJnJO__Qg-Xmc=) has sold makarovij70 x1 (baecf950) at the trader "Weapons (Denis [#STR_EXPANSION_MARKET_TRADER_WEAPONS])" in market zone "Trader Zone" (pos=<6675.160645, 104.603935, 6114.155762>) and got 56.
06:12:07.550 [Market] Player "cam" (id=CHqrHJ4vtVe-aAoAn-ofhwOc4RxQN5rJnJO__Qg-Xmc=) has sold mag_ij70_8rnd x1 (ba667b20) at the trader "Attachments (Jose [#STR_EXPANSION_MARKET_TRADER_ATTACHMENTS])" in market zone "Trader Zone" (pos=<6675.160645, 104.603935, 6114.155762>) and got 16.
06:13:38.035 [Market] Player "cam" (id=CHqrHJ4vtVe-aAoAn-ofhwOc4RxQN5rJnJO__Qg-Xmc=) has bought hikingjacket_black x1 (14d0f8a0) from the trader "Clothing (Naomi [#STR_EXPANSION_MARKET_TRADER_CLOTHING])" in market zone "Trader Zone" (pos=<6675.160645, 104.603935, 6114.155762>) for a price of 36.
06:14:56.296 [Market] Player "Saz" (id=YHLo2WDmi_EvfumrqV1ZHm_645vwtBS3yzLv3lpmXxs=) has bought whetstone x1 (a7b18430) from the trader "Components (Cyril [#STR_EXPANSION_MARKET_TRADER_COMPONENTS])" in market zone "Trader Zone" (pos=<6675.160645, 104.603935, 6114.155762>) for a price of 5.
06:15:15.529 [Market] Player "Saz" (id=YHLo2WDmi_EvfumrqV1ZHm_645vwtBS3yzLv3lpmXxs=) has bought rope x1 (8d7fe810) from the trader "Components (Cyril [#STR_EXPANSION_MARKET_TRADER_COMPONENTS])" in market zone "Trader Zone" (pos=<6675.160645, 104.603935, 6114.155762>) for a price of 4.
06:15:33.218 [Market] Player "Saz" (id=YHLo2WDmi_EvfumrqV1ZHm_645vwtBS3yzLv3lpmXxs=) has bought portablegasstove x1 (b4fd4490, MediumGasCanister<8d82e330>) from the trader "Components (Cyril [#STR_EXPANSION_MARKET_TRADER_COMPONENTS])" in market zone "Trader Zone" (pos=<6675.160645, 104.603935, 6114.155762>) for a price of 130.
06:15:40.929 [Market] Player "Saz" (id=YHLo2WDmi_EvfumrqV1ZHm_645vwtBS3yzLv3lpmXxs=) has bought sewingkit x1 (e3a817f0) from the trader "Components (Cyril [#STR_EXPANSION_MARKET_TRADER_COMPONENTS])" in market zone "Trader Zone" (pos=<6675.160645, 104.603935, 6114.155762>) for a price of 4.
06:16:19.648 [Market] Player "cam" (id=CHqrHJ4vtVe-aAoAn-ofhwOc4RxQN5rJnJO__Qg-Xmc=) has bought mich2001helmet x1 (e3aa2bd0) from the trader "Clothing (Naomi [#STR_EXPANSION_MARKET_TRADER_CLOTHING])" in market zone "Trader Zone" (pos=<6675.160645, 104.603935, 6114.155762>) for a price of 150.
06:16:29.660 [Market] Player "cam" (id=CHqrHJ4vtVe-aAoAn-ofhwOc4RxQN5rJnJO__Qg-Xmc=) has bought platecarrierholster x1 (e3ab9240) from the trader "Clothing (Naomi [#STR_EXPANSION_MARKET_TRADER_CLOTHING])" in market zone "Trader Zone" (pos=<6675.160645, 104.603935, 6114.155762>) for a price of 60.
06:17:09.722 [Market] Player "cam" (id=CHqrHJ4vtVe-aAoAn-ofhwOc4RxQN5rJnJO__Qg-Xmc=) has bought gorkapants_summer x1 (bab8ab60) from the trader "Clothing (Naomi [#STR_EXPANSION_MARKET_TRADER_CLOTHING])" in market zone "Trader Zone" (pos=<6675.160645, 104.603935, 6114.155762>) for a price of 130.
06:17:11.273 [Market] Player "Saz" (id=YHLo2WDmi_EvfumrqV1ZHm_645vwtBS3yzLv3lpmXxs=) has bought charcoaltablets x1 (b573b910) from the trader "Medicals (Mirek [#STR_EXPANSION_MARKET_TRADER_MEDICALS])" in market zone "Trader Zone" (pos=<6675.160645, 104.603935, 6114.155762>) for a price of 2.
06:17:20.007 [Market] Player "Saz" (id=YHLo2WDmi_EvfumrqV1ZHm_645vwtBS3yzLv3lpmXxs=) has bought purificationtablets x1 (baf840b0) from the trader "Medicals (Mirek [#STR_EXPANSION_MARKET_TRADER_MEDICALS])" in market zone "Trader Zone" (pos=<6675.160645, 104.603935, 6114.155762>) for a price of 5.
06:17:24.429 [Market] Player "Saz" (id=YHLo2WDmi_EvfumrqV1ZHm_645vwtBS3yzLv3lpmXxs=) has bought anticheminjector x1 (ba957350) from the trader "Medicals (Mirek [#STR_EXPANSION_MARKET_TRADER_MEDICALS])" in market zone "Trader Zone" (pos=<6675.160645, 104.603935, 6114.155762>) for a price of 100.
06:17:25.335 [Market] Player "Saz" (id=YHLo2WDmi_EvfumrqV1ZHm_645vwtBS3yzLv3lpmXxs=) has bought vitaminbottle x1 (b2c4f330) from the trader "Medicals (Mirek [#STR_EXPANSION_MARKET_TRADER_MEDICALS])" in market zone "Trader Zone" (pos=<6675.160645, 104.603935, 6114.155762>) for a price of 6.
06:18:16.277 [Market] Player "cam" (id=CHqrHJ4vtVe-aAoAn-ofhwOc4RxQN5rJnJO__Qg-Xmc=) has bought pressvest_blue x1 (ae7dd3a0) from the trader "Clothing (Naomi [#STR_EXPANSION_MARKET_TRADER_CLOTHING])" in market zone "Trader Zone" (pos=<6675.160645, 104.603935, 6114.155762>) for a price of 85.
06:18:18.615 [Market] Player "Saz" (id=YHLo2WDmi_EvfumrqV1ZHm_645vwtBS3yzLv3lpmXxs=) has bought carpfilletmeat x1 (abcf7720) from the trader "Consumables (Linda [#STR_EXPANSION_MARKET_TRADER_CONSUMABLES])" in market zone "Trader Zone" (pos=<6675.160645, 104.603935, 6114.155762>) for a price of 8.
06:18:52.710 [Market] Player "Saz" (id=YHLo2WDmi_EvfumrqV1ZHm_645vwtBS3yzLv3lpmXxs=) has bought alicebag_black x1 (b5064500) from the trader "Clothing (Naomi [#STR_EXPANSION_MARKET_TRADER_CLOTHING])" in market zone "Trader Zone" (pos=<6675.160645, 104.603935, 6114.155762>) for a price of 400.
06:20:01.527 [Market] Player "Saz" (id=YHLo2WDmi_EvfumrqV1ZHm_645vwtBS3yzLv3lpmXxs=) has sold drybag_black x1 (ac7be3b0) at the trader "Clothing (Naomi [#STR_EXPANSION_MARKET_TRADER_CLOTHING])" in market zone "Trader Zone" (pos=<6675.160645, 104.603935, 6114.155762>) and got 22.
06:20:15.501 [Market] Player "Saz" (id=YHLo2WDmi_EvfumrqV1ZHm_645vwtBS3yzLv3lpmXxs=) has bought carpfilletmeat x1 (b3988d50) from the trader "Consumables (Linda [#STR_EXPANSION_MARKET_TRADER_CONSUMABLES])" in market zone "Trader Zone" (pos=<6675.160645, 104.603935, 6114.155762>) for a price of 8.
06:20:18.728 [Market] Player "Saz" (id=YHLo2WDmi_EvfumrqV1ZHm_645vwtBS3yzLv3lpmXxs=) has bought carpfilletmeat x1 (b9509d00) from the trader "Consumables (Linda [#STR_EXPANSION_MARKET_TRADER_CONSUMABLES])" in market zone "Trader Zone" (pos=<6675.160645, 104.603935, 6114.155762>) for a price of 8.
06:20:23.750 [Market] Player "cam" (id=CHqrHJ4vtVe-aAoAn-ofhwOc4RxQN5rJnJO__Qg-Xmc=) has bought tetracyclineantibiotics x1 (b9504890) from the trader "Medicals (Mirek [#STR_EXPANSION_MARKET_TRADER_MEDICALS])" in market zone "Trader Zone" (pos=<6675.160645, 104.603935, 6114.155762>) for a price of 8.
06:20:29.462 [Market] Player "cam" (id=CHqrHJ4vtVe-aAoAn-ofhwOc4RxQN5rJnJO__Qg-Xmc=) has bought tetracyclineantibiotics x1 (b6edee00) from the trader "Medicals (Mirek [#STR_EXPANSION_MARKET_TRADER_MEDICALS])" in market zone "Trader Zone" (pos=<6675.160645, 104.603935, 6114.155762>) for a price of 8.
06:20:32.941 [Market] Player "cam" (id=CHqrHJ4vtVe-aAoAn-ofhwOc4RxQN5rJnJO__Qg-Xmc=) has bought charcoaltablets x1 (b2c3b990) from the trader "Medicals (Mirek [#STR_EXPANSION_MARKET_TRADER_MEDICALS])" in market zone "Trader Zone" (pos=<6675.160645, 104.603935, 6114.155762>) for a price of 2.
06:20:59.468 [ATM] Player "Saz" (id=YHLo2WDmi_EvfumrqV1ZHm_645vwtBS3yzLv3lpmXxs=) has deposited 96294 on his ATM account.
06:25:16.285 [ATM] Player "Saz" (id=YHLo2WDmi_EvfumrqV1ZHm_645vwtBS3yzLv3lpmXxs=) has withdrawn 30 from his ATM account.
06:25:40.960 [Market] Player "Saz" (id=YHLo2WDmi_EvfumrqV1ZHm_645vwtBS3yzLv3lpmXxs=) has bought epoxyputty x1 (f730a80) from the trader "Components (Cyril [#STR_EXPANSION_MARKET_TRADER_COMPONENTS])" in market zone "Trader Zone" (pos=<6675.160645, 104.603935, 6114.155762>) for a price of 15.
06:27:18.947 [ATM] Player "Saz" (id=YHLo2WDmi_EvfumrqV1ZHm_645vwtBS3yzLv3lpmXxs=) has withdrawn 96264 from his ATM account.
06:28:12.091 [Market] Player "cam" (id=CHqrHJ4vtVe-aAoAn-ofhwOc4RxQN5rJnJO__Qg-Xmc=) has bought cz61 x1 (b5818e30, Mag_CZ61_20Rnd<cf79fec0>, ammo_380 x20) from the trader "Weapons (Denis [#STR_EXPANSION_MARKET_TRADER_WEAPONS])" in market zone "Trader Zone" (pos=<6675.160645, 104.603935, 6114.155762>) for a price of 840.
06:28:13.988 [Market] Player "Saz" (id=YHLo2WDmi_EvfumrqV1ZHm_645vwtBS3yzLv3lpmXxs=) has bought makr_magazine x1 (cf7a15e0, ammo_makr x6) from the trader "Attachments (Jose [#STR_EXPANSION_MARKET_TRADER_ATTACHMENTS])" in market zone "Trader Zone" (pos=<6675.160645, 104.603935, 6114.155762>) for a price of 5300.
06:28:58.207 [ATM] Player "Saz" (id=YHLo2WDmi_EvfumrqV1ZHm_645vwtBS3yzLv3lpmXxs=) has deposited 90979 on his ATM account.
06:31:00.044 [Safezone] Player "{1:name}" (id={1:id} pos={1:position}) left the safezone
06:31:15.828 [Party] Player "JJSwampbilly" (id=geQtSleUR6hvrIm80vhmE8LaBuFIZSWeSQyBG-f9YdU=) joinded the party "AHHHHH" (id=35 ownerUID= ownerName=)
06:31:15.830 [Party] Player "JJSwampbilly" (id=geQtSleUR6hvrIm80vhmE8LaBuFIZSWeSQyBG-f9YdU=) created a party named AHHHHH ()
06:31:35.347 [Party] Player "Sir Trippy" (id=qZqolO4hbF2D7i2SHl6eLqgMczahG7_bAPkC9G_OL68=) left the party "SLAVES" (id=1 ownerUID=m_TD03B4NXDQrU5koHpLq3WyQf1hXTvQSdETJOTM8ss= ownerName=F11 Simulator)
06:32:18.169 [Party] Player "tux" (id=MJEWyGHKzwNDi7dyQZ5Mk_xac4SFu1TDtyRvP9s2JNQ=) joinded the party "ASD" (id=36 ownerUID= ownerName=)
06:32:18.171 [Party] Player "tux" (id=MJEWyGHKzwNDi7dyQZ5Mk_xac4SFu1TDtyRvP9s2JNQ=) created a party named ASD (123)
06:33:12.828 [Killfeed] [123] tux commited suicide with Bone Knife.
06:33:39.476 [Party] Player "tux" (id=MJEWyGHKzwNDi7dyQZ5Mk_xac4SFu1TDtyRvP9s2JNQ=) joinded the party "ASD" (id=36 ownerUID=MJEWyGHKzwNDi7dyQZ5Mk_xac4SFu1TDtyRvP9s2JNQ= ownerName=tux)
06:34:32.228 [Killfeed] [123] tux commited suicide with Bone Knife.
06:34:51.738 [Party] Player "tux" (id=MJEWyGHKzwNDi7dyQZ5Mk_xac4SFu1TDtyRvP9s2JNQ=) joinded the party "ASD" (id=36 ownerUID=MJEWyGHKzwNDi7dyQZ5Mk_xac4SFu1TDtyRvP9s2JNQ= ownerName=tux)
06:35:14.296 [Party] Player "Emile" (id=xD2_qjLbeScI5ntGz_MePKgDIxPfKY1xIGrWM7ksbek=) left the party "STRAWHATS" (id=11 ownerUID=xD2_qjLbeScI5ntGz_MePKgDIxPfKY1xIGrWM7ksbek= ownerName=Emile)
06:35:19.921 [Killfeed] [123] tux commited suicide with Bone Knife.
06:35:41.761 [Party] Player "tux" (id=MJEWyGHKzwNDi7dyQZ5Mk_xac4SFu1TDtyRvP9s2JNQ=) joinded the party "ASD" (id=36 ownerUID=MJEWyGHKzwNDi7dyQZ5Mk_xac4SFu1TDtyRvP9s2JNQ= ownerName=tux)
06:42:31.185 [Party] Player "tux" (id=MJEWyGHKzwNDi7dyQZ5Mk_xac4SFu1TDtyRvP9s2JNQ=) left the party "ASD" (id=36 ownerUID=MJEWyGHKzwNDi7dyQZ5Mk_xac4SFu1TDtyRvP9s2JNQ= ownerName=tux)
06:42:35.457 [Party] Player "JJSwampbilly" (id=geQtSleUR6hvrIm80vhmE8LaBuFIZSWeSQyBG-f9YdU=) invited the player "tux" (id=MJEWyGHKzwNDi7dyQZ5Mk_xac4SFu1TDtyRvP9s2JNQ=)to the party named AHHHHH
06:42:43.148 [Party] Player "tux" (id=MJEWyGHKzwNDi7dyQZ5Mk_xac4SFu1TDtyRvP9s2JNQ=) joinded the party "AHHHHH" (id=35 ownerUID=geQtSleUR6hvrIm80vhmE8LaBuFIZSWeSQyBG-f9YdU= ownerName=JJSwampbilly)
06:52:11.400 [Safezone] Player "cam" (id=CHqrHJ4vtVe-aAoAn-ofhwOc4RxQN5rJnJO__Qg-Xmc= pos=<6621.41, 136.59, 6030.21>) entered the safezone
06:52:52.609 [Market] Player "cam" (id=CHqrHJ4vtVe-aAoAn-ofhwOc4RxQN5rJnJO__Qg-Xmc=) has sold cz61 x1 (b5818e30, Mag_CZ61_20Rnd<cf79fec0>, ammo_380 x20) at the trader "Weapons (Denis [#STR_EXPANSION_MARKET_TRADER_WEAPONS])" in market zone "Trader Zone" (pos=<6675.160645, 104.603935, 6114.155762>) and got 620.
06:53:25.414 [Market] Player "cam" (id=CHqrHJ4vtVe-aAoAn-ofhwOc4RxQN5rJnJO__Qg-Xmc=) has sold fangeknife x1 (ac1e4620) at the trader "Weapons (Denis [#STR_EXPANSION_MARKET_TRADER_WEAPONS])" in market zone "Trader Zone" (pos=<6675.160645, 104.603935, 6114.155762>) and got 5.
06:53:46.871 [Market] Player "cam" (id=CHqrHJ4vtVe-aAoAn-ofhwOc4RxQN5rJnJO__Qg-Xmc=) has sold ammo_380 x1 (ba66b4f0) at the trader "Weapons (Denis [#STR_EXPANSION_MARKET_TRADER_WEAPONS])" in market zone "Trader Zone" (pos=<6675.160645, 104.603935, 6114.155762>) and got 1.
06:53:55.113 [Market] Player "cam" (id=CHqrHJ4vtVe-aAoAn-ofhwOc4RxQN5rJnJO__Qg-Xmc=) has sold ammo_380 x21 (ba66b4f0) at the trader "Weapons (Denis [#STR_EXPANSION_MARKET_TRADER_WEAPONS])" in market zone "Trader Zone" (pos=<6675.160645, 104.603935, 6114.155762>) and got 21.
06:54:10.638 [Market] Player "cam" (id=CHqrHJ4vtVe-aAoAn-ofhwOc4RxQN5rJnJO__Qg-Xmc=) has sold ammo_762x39 x5 (ba65f060) at the trader "Weapons (Denis [#STR_EXPANSION_MARKET_TRADER_WEAPONS])" in market zone "Trader Zone" (pos=<6675.160645, 104.603935, 6114.155762>) and got 5.
06:54:15.791 [Market] Player "cam" (id=CHqrHJ4vtVe-aAoAn-ofhwOc4RxQN5rJnJO__Qg-Xmc=) has sold ammo_762x54 x8 (b508e3a0) at the trader "Weapons (Denis [#STR_EXPANSION_MARKET_TRADER_WEAPONS])" in market zone "Trader Zone" (pos=<6675.160645, 104.603935, 6114.155762>) and got 0.
06:54:20.917 [Market] Player "cam" (id=CHqrHJ4vtVe-aAoAn-ofhwOc4RxQN5rJnJO__Qg-Xmc=) has sold ammo_9x19 x9 (ba6705e0) at the trader "Weapons (Denis [#STR_EXPANSION_MARKET_TRADER_WEAPONS])" in market zone "Trader Zone" (pos=<6675.160645, 104.603935, 6114.155762>) and got 9.
06:54:23.332 [Market] Player "cam" (id=CHqrHJ4vtVe-aAoAn-ofhwOc4RxQN5rJnJO__Qg-Xmc=) has sold ammobox_9x19_25rnd x1 (b0c612b0) at the trader "Weapons (Denis [#STR_EXPANSION_MARKET_TRADER_WEAPONS])" in market zone "Trader Zone" (pos=<6675.160645, 104.603935, 6114.155762>) and got 30.
06:55:06.363 [Market] Player "cam" (id=CHqrHJ4vtVe-aAoAn-ofhwOc4RxQN5rJnJO__Qg-Xmc=) has sold handcuffkeys x1 (b5720ff0) at the trader "Components (Cyril [#STR_EXPANSION_MARKET_TRADER_COMPONENTS])" in market zone "Trader Zone" (pos=<6675.160645, 104.603935, 6114.155762>) and got 6.
06:55:13.066 [Market] Player "cam" (id=CHqrHJ4vtVe-aAoAn-ofhwOc4RxQN5rJnJO__Qg-Xmc=) has sold electronicrepairkit x1 (b12b7f30) at the trader "Components (Cyril [#STR_EXPANSION_MARKET_TRADER_COMPONENTS])" in market zone "Trader Zone" (pos=<6675.160645, 104.603935, 6114.155762>) and got 26.
06:55:19.406 [Market] Player "cam" (id=CHqrHJ4vtVe-aAoAn-ofhwOc4RxQN5rJnJO__Qg-Xmc=) has sold personalradio x1 (c42c41f0) at the trader "Components (Cyril [#STR_EXPANSION_MARKET_TRADER_COMPONENTS])" in market zone "Trader Zone" (pos=<6675.160645, 104.603935, 6114.155762>) and got 3.
06:56:06.419 [Market] Player "cam" (id=CHqrHJ4vtVe-aAoAn-ofhwOc4RxQN5rJnJO__Qg-Xmc=) has bought machete x1 (b7ba1ee0) from the trader "Weapons (Denis [#STR_EXPANSION_MARKET_TRADER_WEAPONS])" in market zone "Trader Zone" (pos=<6675.160645, 104.603935, 6114.155762>) for a price of 12.
06:56:51.544 [Market] Player "cam" (id=CHqrHJ4vtVe-aAoAn-ofhwOc4RxQN5rJnJO__Qg-Xmc=) has bought ammo_545x39 x20 (bb01d780) from the trader "Weapons (Denis [#STR_EXPANSION_MARKET_TRADER_WEAPONS])" in market zone "Trader Zone" (pos=<6675.160645, 104.603935, 6114.155762>) for a price of 40.
06:57:02.406 [Market] Player "cam" (id=CHqrHJ4vtVe-aAoAn-ofhwOc4RxQN5rJnJO__Qg-Xmc=) has bought ammo_556x45 x20 (bb02d5e0) from the trader "Weapons (Denis [#STR_EXPANSION_MARKET_TRADER_WEAPONS])" in market zone "Trader Zone" (pos=<6675.160645, 104.603935, 6114.155762>) for a price of 40.
06:57:07.984 [Market] Player "cam" (id=CHqrHJ4vtVe-aAoAn-ofhwOc4RxQN5rJnJO__Qg-Xmc=) has sold ammo_308win x1 (aee0a320) at the trader "Weapons (Denis [#STR_EXPANSION_MARKET_TRADER_WEAPONS])" in market zone "Trader Zone" (pos=<6675.160645, 104.603935, 6114.155762>) and got 0.
06:57:08.097 [Market] Player "cam" (id=CHqrHJ4vtVe-aAoAn-ofhwOc4RxQN5rJnJO__Qg-Xmc=) has sold ammo_308win x1 (aee0a320) at the trader "Weapons (Denis [#STR_EXPANSION_MARKET_TRADER_WEAPONS])" in market zone "Trader Zone" (pos=<6675.160645, 104.603935, 6114.155762>) and got 0.
06:57:08.468 [Market] Player "cam" (id=CHqrHJ4vtVe-aAoAn-ofhwOc4RxQN5rJnJO__Qg-Xmc=) has sold ammo_308win x1 (aee0a320) at the trader "Weapons (Denis [#STR_EXPANSION_MARKET_TRADER_WEAPONS])" in market zone "Trader Zone" (pos=<6675.160645, 104.603935, 6114.155762>) and got 0.
06:57:08.900 [Market] Player "cam" (id=CHqrHJ4vtVe-aAoAn-ofhwOc4RxQN5rJnJO__Qg-Xmc=) has sold ammo_308win x1 (aee0a320) at the trader "Weapons (Denis [#STR_EXPANSION_MARKET_TRADER_WEAPONS])" in market zone "Trader Zone" (pos=<6675.160645, 104.603935, 6114.155762>) and got 0.
06:57:09.619 [Market] Player "cam" (id=CHqrHJ4vtVe-aAoAn-ofhwOc4RxQN5rJnJO__Qg-Xmc=) has sold ammo_308win x1 (aee0a320) at the trader "Weapons (Denis [#STR_EXPANSION_MARKET_TRADER_WEAPONS])" in market zone "Trader Zone" (pos=<6675.160645, 104.603935, 6114.155762>) and got 0.
06:57:10.171 [Market] Player "cam" (id=CHqrHJ4vtVe-aAoAn-ofhwOc4RxQN5rJnJO__Qg-Xmc=) has sold ammo_308win x1 (aee0a320) at the trader "Weapons (Denis [#STR_EXPANSION_MARKET_TRADER_WEAPONS])" in market zone "Trader Zone" (pos=<6675.160645, 104.603935, 6114.155762>) and got 0.
06:57:11.746 [Market] Player "cam" (id=CHqrHJ4vtVe-aAoAn-ofhwOc4RxQN5rJnJO__Qg-Xmc=) has sold ammo_308win x1 (aee0a320) at the trader "Weapons (Denis [#STR_EXPANSION_MARKET_TRADER_WEAPONS])" in market zone "Trader Zone" (pos=<6675.160645, 104.603935, 6114.155762>) and got 0.
06:58:55.500 [Market] Player "cam" (id=CHqrHJ4vtVe-aAoAn-ofhwOc4RxQN5rJnJO__Qg-Xmc=) has bought portablegasstove x1 (a7e41620, MediumGasCanister<8d80b830>) from the trader "Components (Cyril [#STR_EXPANSION_MARKET_TRADER_COMPONENTS])" in market zone "Trader Zone" (pos=<6675.160645, 104.603935, 6114.155762>) for a price of 130.
07:00:01.621 [Party] Player "JJSwampbilly" (id=geQtSleUR6hvrIm80vhmE8LaBuFIZSWeSQyBG-f9YdU=) left the party "AHHHHH" (id=35 ownerUID=geQtSleUR6hvrIm80vhmE8LaBuFIZSWeSQyBG-f9YdU= ownerName=JJSwampbilly)
07:00:01.625 [Party] Player "tux" (id=MJEWyGHKzwNDi7dyQZ5Mk_xac4SFu1TDtyRvP9s2JNQ=) left the party "AHHHHH" (id=35 ownerUID=geQtSleUR6hvrIm80vhmE8LaBuFIZSWeSQyBG-f9YdU= ownerName=JJSwampbilly)
