22:03:53.679 [Party] Player "InsaneDragon" (id=x4LagE1tkWZT3bjC-XP6rLWv8DeK3_mU6p_YbkyonaU=) joinded the party "Legion Daring" (id=9 ownerUID=x4LagE1tkWZT3bjC-XP6rLWv8DeK3_mU6p_YbkyonaU= ownerName=InsaneDragon)
23:53:58.539 [Party] Player "Homelessnga420" (id=RQaEAZ7gFNxImE51sSc4YBPuum4BP3JeB7gnEpDJfPw=) joinded the party "Butlaos" (id=8 ownerUID=zITiOFF2CVidG6S3dDaMOqvo_Ww5lFsICdPsQgLm8GI= ownerName=butlao13)
00:00:40.656 [Party] Player "butlao13" (id=zITiOFF2CVidG6S3dDaMOqvo_Ww5lFsICdPsQgLm8GI=) joinded the party "Butlaos" (id=8 ownerUID=zITiOFF2CVidG6S3dDaMOqvo_Ww5lFsICdPsQgLm8GI= ownerName=butlao13)
00:12:36.679 [Party] Player "butlao13" (id=zITiOFF2CVidG6S3dDaMOqvo_Ww5lFsICdPsQgLm8GI=) left the party "Butlaos" (id=8 ownerUID=zITiOFF2CVidG6S3dDaMOqvo_Ww5lFsICdPsQgLm8GI= ownerName=butlao13)
00:13:27.296 [Party] Player "Homelessnga420" (id=RQaEAZ7gFNxImE51sSc4YBPuum4BP3JeB7gnEpDJfPw=) left the party "Butlaos" (id=8 ownerUID=zITiOFF2CVidG6S3dDaMOqvo_Ww5lFsICdPsQgLm8GI= ownerName=butlao13)
00:16:20.062 [Party] Player "InsaneDragon" (id=x4LagE1tkWZT3bjC-XP6rLWv8DeK3_mU6p_YbkyonaU=) left the party "Legion Daring" (id=9 ownerUID=x4LagE1tkWZT3bjC-XP6rLWv8DeK3_mU6p_YbkyonaU= ownerName=InsaneDragon)
00:21:47.531 [Safezone] Player "Kaiyo" (id=lC2Cwxi_zRsvaOl4mZ-1DHFp5FJob7_PSRnxzg94ymo= pos=<6745.4, 99.71, 6184.85>) entered the safezone
00:22:32.960 [ATM] Player "Kaiyo" (id=lC2Cwxi_zRsvaOl4mZ-1DHFp5FJob7_PSRnxzg94ymo=) has withdrawn 100000 from his ATM account.
00:23:30.742 [Market] Player "Kaiyo" (id=lC2Cwxi_zRsvaOl4mZ-1DHFp5FJob7_PSRnxzg94ymo=) has bought fal x1 (48726560, Mag_FAL_20Rnd<3768b3e0>, ammo_308win x20, Fal_OeBttstck<3769e080>) from the trader "Weapons (Denis [#STR_EXPANSION_MARKET_TRADER_WEAPONS])" in market zone "Trader Zone" (pos=<6675.160645, 104.603935, 6114.155762>) for a price of 1940.
00:23:52.492 [Market] Player "Kaiyo" (id=lC2Cwxi_zRsvaOl4mZ-1DHFp5FJob7_PSRnxzg94ymo=) has bought expansionhamroptic x1 (1b023ec0, ExpansionDeltapointOptic<1b033000>, Battery9V<1e583490>) from the trader "Attachments (Jose [#STR_EXPANSION_MARKET_TRADER_ATTACHMENTS])" in market zone "Trader Zone" (pos=<6675.160645, 104.603935, 6114.155762>) for a price of 560.
00:24:21.492 [Market] Player "Kaiyo" (id=lC2Cwxi_zRsvaOl4mZ-1DHFp5FJob7_PSRnxzg94ymo=) has bought m4_suppressor x1 (1c95d890) from the trader "Attachments (Jose [#STR_EXPANSION_MARKET_TRADER_ATTACHMENTS])" in market zone "Trader Zone" (pos=<6675.160645, 104.603935, 6114.155762>) for a price of 25.
00:24:30.296 [Market] Player "Kaiyo" (id=lC2Cwxi_zRsvaOl4mZ-1DHFp5FJob7_PSRnxzg94ymo=) has sold m4_suppressor x1 (1c95d890) at the trader "Attachments (Jose [#STR_EXPANSION_MARKET_TRADER_ATTACHMENTS])" in market zone "Trader Zone" (pos=<6675.160645, 104.603935, 6114.155762>) and got 18.
00:24:34.671 [Market] Player "Kaiyo" (id=lC2Cwxi_zRsvaOl4mZ-1DHFp5FJob7_PSRnxzg94ymo=) has bought ak_suppressor x1 (1c969190) from the trader "Attachments (Jose [#STR_EXPANSION_MARKET_TRADER_ATTACHMENTS])" in market zone "Trader Zone" (pos=<6675.160645, 104.603935, 6114.155762>) for a price of 25.
00:24:45.437 [Market] Player "Kaiyo" (id=lC2Cwxi_zRsvaOl4mZ-1DHFp5FJob7_PSRnxzg94ymo=) has sold ak_suppressor x1 (1c969190) at the trader "Attachments (Jose [#STR_EXPANSION_MARKET_TRADER_ATTACHMENTS])" in market zone "Trader Zone" (pos=<6675.160645, 104.603935, 6114.155762>) and got 18.
00:46:58.968 [Killfeed] Christiandarkan commited suicide with KAS-74U.
01:21:52.429 [Killfeed] Survivor got killed.
01:23:44.125 [Killfeed] Ov3rKi11 got killed by Stephanie with M4-A1 from a distance of 17 m.
01:28:58.648 [Safezone] Player "Christiandarkan" (id=FMRYBAefGQ5HYZCE5oLCejpgzMBxT1mAzSnVQ_rde_I= pos=<6613.39, 138.6, 6041.39>) entered the safezone
01:29:38.914 [ATM] Player "Christiandarkan" (id=FMRYBAefGQ5HYZCE5oLCejpgzMBxT1mAzSnVQ_rde_I=) has withdrawn 10000 from his ATM account.
01:29:41.718 [ATM] Player "Christiandarkan" (id=FMRYBAefGQ5HYZCE5oLCejpgzMBxT1mAzSnVQ_rde_I=) has deposited 10000 on his ATM account.
01:31:06.875 [Market] Player "Christiandarkan" (id=FMRYBAefGQ5HYZCE5oLCejpgzMBxT1mAzSnVQ_rde_I=) has sold chemlight_red x1 (122b9c20) at the trader "Components (Cyril [#STR_EXPANSION_MARKET_TRADER_COMPONENTS])" in market zone "Trader Zone" (pos=<6675.160645, 104.603935, 6114.155762>) and got 1.
01:31:11.234 [Market] Player "Christiandarkan" (id=FMRYBAefGQ5HYZCE5oLCejpgzMBxT1mAzSnVQ_rde_I=) has sold roadflare x1 (1c5900c0) at the trader "Components (Cyril [#STR_EXPANSION_MARKET_TRADER_COMPONENTS])" in market zone "Trader Zone" (pos=<6675.160645, 104.603935, 6114.155762>) and got 2.
01:33:27.640 [Killfeed] MrUrban got killed.
01:40:55.695 [Safezone] Player "Stephanie" (id=OShFqHovj5cC7Mjc5nmU2hT0J6y8CT78KFmoQoNUQoc= pos=<6700.52, 102.81, 6072.36>) entered the safezone
01:44:14.148 [Party] Player "Emile" (id=xD2_qjLbeScI5ntGz_MePKgDIxPfKY1xIGrWM7ksbek=) joinded the party "STRAWHATS" (id=11 ownerUID= ownerName=)
01:44:14.148 [Party] Player "Emile" (id=xD2_qjLbeScI5ntGz_MePKgDIxPfKY1xIGrWM7ksbek=) created a party named STRAWHATS (STRAW)
01:45:25.062 [Party] Player "MrUrban" (id=FYA48KgYwhTpJA5ckN1Gpjr38d99hOg0iMeqFmchNgE=) joinded the party "STRAWHATS" (id=12 ownerUID= ownerName=)
01:45:25.062 [Party] Player "MrUrban" (id=FYA48KgYwhTpJA5ckN1Gpjr38d99hOg0iMeqFmchNgE=) created a party named STRAWHATS (STRAW)
02:31:21.343 [Safezone] Player "Christiandarkan" (id=FMRYBAefGQ5HYZCE5oLCejpgzMBxT1mAzSnVQ_rde_I= pos=<6684.18, 102.59, 6080.32>) entered the safezone
02:32:11.171 [Safezone] Player "{1:name}" (id={1:id} pos={1:position}) left the safezone
02:59:37.882 [Party] Player "Emile" (id=xD2_qjLbeScI5ntGz_MePKgDIxPfKY1xIGrWM7ksbek=) left the party "STRAWHATS" (id=11 ownerUID=xD2_qjLbeScI5ntGz_MePKgDIxPfKY1xIGrWM7ksbek= ownerName=Emile)
02:59:40.625 [Party] Player "MrUrban" (id=FYA48KgYwhTpJA5ckN1Gpjr38d99hOg0iMeqFmchNgE=) left the party "STRAWHATS" (id=12 ownerUID=FYA48KgYwhTpJA5ckN1Gpjr38d99hOg0iMeqFmchNgE= ownerName=MrUrban)
