15:01:49.500 [Safezone] Player "ElBizzy" (id=zazFLAJ4lPF6TvVQMMREjst1jC8o_Id9oh_TjGBwaP8= pos=<6677.92, 102.5, 6110.17>) entered the safezone
15:01:49.500 [Party] Player "ElBizzy" (id=zazFLAJ4lPF6TvVQMMREjst1jC8o_Id9oh_TjGBwaP8=) joinded the party "Viper Ethereal" (id=33 ownerUID=zazFLAJ4lPF6TvVQMMREjst1jC8o_Id9oh_TjGBwaP8= ownerName=ElBizzy)
15:02:58.746 [Safezone] Player "Stivi the Kid" (id=W44v5r64t_fNpgzRQNLTal2wQQBqWJ8o-Qcc6Jd5hw8= pos=<6678.58, 103.12, 6106.25>) entered the safezone
15:02:58.750 [Party] Player "Stivi the Kid" (id=W44v5r64t_fNpgzRQNLTal2wQQBqWJ8o-Qcc6Jd5hw8=) joinded the party "Viper Ethereal" (id=33 ownerUID=zazFLAJ4lPF6TvVQMMREjst1jC8o_Id9oh_TjGBwaP8= ownerName=ElBizzy)
15:03:53.941 [Party] Player "Greven" (id=1n2JlVN5AMG4bMch1yIHlj7U313_NbNmoCmqn6lUZrU=) joinded the party "Free Stinkers" (id=51 ownerUID=NXiuw-hLAdXcMQLK94DrIvJqDJbQxXS4AsifPAf3vXg= ownerName=Stinkalicious Babe)
15:04:39.425 [Market] Player "ElBizzy" (id=zazFLAJ4lPF6TvVQMMREjst1jC8o_Id9oh_TjGBwaP8=) has sold b95 x1 (44c06660, HuntingOptic<467dc030>) at the trader "Weapons (Denis [#STR_EXPANSION_MARKET_TRADER_WEAPONS])" in market zone "Trader Zone" (pos=<6675.160645, 104.603935, 6114.155762>) and got 1462.
15:05:31.167 [Market] Player "Stivi the Kid" (id=W44v5r64t_fNpgzRQNLTal2wQQBqWJ8o-Qcc6Jd5hw8=) has bought petrollighter x1 (7ed33de0) from the trader "Components (Cyril [#STR_EXPANSION_MARKET_TRADER_COMPONENTS])" in market zone "Trader Zone" (pos=<6675.160645, 104.603935, 6114.155762>) for a price of 8.
15:05:52.597 [Party] Player "MaHxMi3 | Slayer" (id=_AqICEBF10fARr_5J1u6RE7mqS8sFkumFiqXBfcXjhU=) joinded the party "Die dreisten Drei" (id=46 ownerUID=DT1QFut1v8UN48skN3UnroicVIl_5hTizZZZSwLRxk8= ownerName=Eric)
15:06:22.878 [MissionAirdrop] An airdrop is heading towards "Cayuga" (pos=<9227.352539, 0.000000, 3293.108398> type=Random_Cayuga) with a ExpansionAirdropContainer_Basebuilding
15:07:02.683 [ATM] Player "ElBizzy" (id=zazFLAJ4lPF6TvVQMMREjst1jC8o_Id9oh_TjGBwaP8=) has withdrawn 1138 from his ATM account.
15:07:27.570 [Market] Player "ElBizzy" (id=zazFLAJ4lPF6TvVQMMREjst1jC8o_Id9oh_TjGBwaP8=) has bought expansioncamotentkit x1 (811ecff0) from the trader "BuildingSupplies (Boris [#STR_EXPANSION_MARKET_TRADER_BUILDING_SUPPLIES])" in market zone "Trader Zone" (pos=<6675.160645, 104.603935, 6114.155762>) for a price of 2600.
15:08:59.425 [Market] Player "ElBizzy" (id=zazFLAJ4lPF6TvVQMMREjst1jC8o_Id9oh_TjGBwaP8=) has sold izh18 x1 (44be4ed0) at the trader "Weapons (Denis [#STR_EXPANSION_MARKET_TRADER_WEAPONS])" in market zone "Trader Zone" (pos=<6675.160645, 104.603935, 6114.155762>) and got 196.
15:09:01.511 [ATM] Player "Stivi the Kid" (id=W44v5r64t_fNpgzRQNLTal2wQQBqWJ8o-Qcc6Jd5hw8=) has deposited 433 on his ATM account.
15:09:15.855 [ATM] Player "ElBizzy" (id=zazFLAJ4lPF6TvVQMMREjst1jC8o_Id9oh_TjGBwaP8=) has deposited 196 on his ATM account.
15:09:31.695 [Party] Player "Greven" (id=1n2JlVN5AMG4bMch1yIHlj7U313_NbNmoCmqn6lUZrU=) left the party "Free Stinkers" (id=51 ownerUID=NXiuw-hLAdXcMQLK94DrIvJqDJbQxXS4AsifPAf3vXg= ownerName=Stinkalicious Babe)
15:10:42.082 [Party] Player "Stinkalicious Babe" (id=NXiuw-hLAdXcMQLK94DrIvJqDJbQxXS4AsifPAf3vXg=) joinded the party "Free Stinkers" (id=51 ownerUID=NXiuw-hLAdXcMQLK94DrIvJqDJbQxXS4AsifPAf3vXg= ownerName=Stinkalicious Babe)
15:10:46.480 [Party] Player "Greven" (id=1n2JlVN5AMG4bMch1yIHlj7U313_NbNmoCmqn6lUZrU=) joinded the party "Free Stinkers" (id=51 ownerUID=NXiuw-hLAdXcMQLK94DrIvJqDJbQxXS4AsifPAf3vXg= ownerName=Stinkalicious Babe)
15:11:10.707 [Safezone] Player "{1:name}" (id={1:id} pos={1:position}) left the safezone
15:11:13.308 [Safezone] Player "{1:name}" (id={1:id} pos={1:position}) left the safezone
15:18:18.878 [Party] Player "Eric" (id=DT1QFut1v8UN48skN3UnroicVIl_5hTizZZZSwLRxk8=) joinded the party "Die dreisten Drei" (id=46 ownerUID=DT1QFut1v8UN48skN3UnroicVIl_5hTizZZZSwLRxk8= ownerName=Eric)
15:24:26.109 [Party] Player "Stinkalicious Babe" (id=NXiuw-hLAdXcMQLK94DrIvJqDJbQxXS4AsifPAf3vXg=) left the party "Free Stinkers" (id=51 ownerUID=NXiuw-hLAdXcMQLK94DrIvJqDJbQxXS4AsifPAf3vXg= ownerName=Stinkalicious Babe)
15:24:26.953 [Party] Player "Greven" (id=1n2JlVN5AMG4bMch1yIHlj7U313_NbNmoCmqn6lUZrU=) left the party "Free Stinkers" (id=51 ownerUID=NXiuw-hLAdXcMQLK94DrIvJqDJbQxXS4AsifPAf3vXg= ownerName=Stinkalicious Babe)
15:55:53.031 [BaseRaiding] ExpansionWall6x3 (<4282.172363, 174.870911, 6570.136230>) Code set by "player "Eric" (ID = "DT1QFut1v8UN48skN3UnroicVIl_5hTizZZZSwLRxk8=" at <4283.981445, 174.881912, 6570.110840>)" and the code is 0815
15:57:00.921 [Party] Player "Sherman" (id=AUAOz-139bUYYmmGpZK-0TkWCQp6vEP3irvR0Qkx5Ys=) joinded the party "engr" (id=28 ownerUID=RE05caT__5EfUiKgwaQAM-lgIkdbXDrPElFk6gtHgqQ= ownerName=Gus)
15:58:30.863 [Party] Player "Gus" (id=RE05caT__5EfUiKgwaQAM-lgIkdbXDrPElFk6gtHgqQ=) joinded the party "engr" (id=28 ownerUID=RE05caT__5EfUiKgwaQAM-lgIkdbXDrPElFk6gtHgqQ= ownerName=Gus)
16:14:13.410 [Safezone] Player "ElBizzy" (id=zazFLAJ4lPF6TvVQMMREjst1jC8o_Id9oh_TjGBwaP8= pos=<6625.28, 107.25, 6194.51>) entered the safezone
16:14:18.480 [Safezone] Player "Stivi the Kid" (id=W44v5r64t_fNpgzRQNLTal2wQQBqWJ8o-Qcc6Jd5hw8= pos=<6622.78, 107.9, 6198.12>) entered the safezone
16:14:39.593 [Safezone] Player "{1:name}" (id={1:id} pos={1:position}) left the safezone
16:14:40.617 [Safezone] Player "Stivi the Kid" (id=W44v5r64t_fNpgzRQNLTal2wQQBqWJ8o-Qcc6Jd5hw8= pos=<6632.12, 105.14, 6200.5>) entered the safezone
16:15:30.144 [Market] Player "ElBizzy" (id=zazFLAJ4lPF6TvVQMMREjst1jC8o_Id9oh_TjGBwaP8=) has sold m4_t3nrdsoptic x1 (57c870d0, Battery9V<69e96500>) at the trader "Attachments (Jose [#STR_EXPANSION_MARKET_TRADER_ATTACHMENTS])" in market zone "Trader Zone" (pos=<6675.160645, 104.603935, 6114.155762>) and got 382.
16:15:31.343 [Market] Player "ElBizzy" (id=zazFLAJ4lPF6TvVQMMREjst1jC8o_Id9oh_TjGBwaP8=) has sold m4_t3nrdsoptic x1 (438a2f50) at the trader "Attachments (Jose [#STR_EXPANSION_MARKET_TRADER_ATTACHMENTS])" in market zone "Trader Zone" (pos=<6675.160645, 104.603935, 6114.155762>) and got 281.
16:15:32.507 [Market] Player "ElBizzy" (id=zazFLAJ4lPF6TvVQMMREjst1jC8o_Id9oh_TjGBwaP8=) has sold m4_t3nrdsoptic x1 (438b9930) at the trader "Attachments (Jose [#STR_EXPANSION_MARKET_TRADER_ATTACHMENTS])" in market zone "Trader Zone" (pos=<6675.160645, 104.603935, 6114.155762>) and got 187.
16:15:33.007 [Market] Player "ElBizzy" (id=zazFLAJ4lPF6TvVQMMREjst1jC8o_Id9oh_TjGBwaP8=) has sold m4_t3nrdsoptic x1 (43898670) at the trader "Attachments (Jose [#STR_EXPANSION_MARKET_TRADER_ATTACHMENTS])" in market zone "Trader Zone" (pos=<6675.160645, 104.603935, 6114.155762>) and got 187.
16:15:33.269 [Market] Player "ElBizzy" (id=zazFLAJ4lPF6TvVQMMREjst1jC8o_Id9oh_TjGBwaP8=) has sold m4_t3nrdsoptic x1 (43897a60) at the trader "Attachments (Jose [#STR_EXPANSION_MARKET_TRADER_ATTACHMENTS])" in market zone "Trader Zone" (pos=<6675.160645, 104.603935, 6114.155762>) and got 187.
16:15:33.539 [Market] Player "ElBizzy" (id=zazFLAJ4lPF6TvVQMMREjst1jC8o_Id9oh_TjGBwaP8=) has sold m4_t3nrdsoptic x1 (44b89990) at the trader "Attachments (Jose [#STR_EXPANSION_MARKET_TRADER_ATTACHMENTS])" in market zone "Trader Zone" (pos=<6675.160645, 104.603935, 6114.155762>) and got 187.
16:15:33.863 [Market] Player "ElBizzy" (id=zazFLAJ4lPF6TvVQMMREjst1jC8o_Id9oh_TjGBwaP8=) has sold m4_t3nrdsoptic x1 (44b820f0) at the trader "Attachments (Jose [#STR_EXPANSION_MARKET_TRADER_ATTACHMENTS])" in market zone "Trader Zone" (pos=<6675.160645, 104.603935, 6114.155762>) and got 375.
16:15:34.421 [Market] Player "ElBizzy" (id=zazFLAJ4lPF6TvVQMMREjst1jC8o_Id9oh_TjGBwaP8=) has sold m4_t3nrdsoptic x1 (4de9ce80) at the trader "Attachments (Jose [#STR_EXPANSION_MARKET_TRADER_ATTACHMENTS])" in market zone "Trader Zone" (pos=<6675.160645, 104.603935, 6114.155762>) and got 281.
16:15:44.871 [Market] Player "ElBizzy" (id=zazFLAJ4lPF6TvVQMMREjst1jC8o_Id9oh_TjGBwaP8=) has sold huntingoptic x1 (4313d460) at the trader "Attachments (Jose [#STR_EXPANSION_MARKET_TRADER_ATTACHMENTS])" in market zone "Trader Zone" (pos=<6675.160645, 104.603935, 6114.155762>) and got 187.
16:15:45.542 [Market] Player "ElBizzy" (id=zazFLAJ4lPF6TvVQMMREjst1jC8o_Id9oh_TjGBwaP8=) has sold huntingoptic x1 (431404a0) at the trader "Attachments (Jose [#STR_EXPANSION_MARKET_TRADER_ATTACHMENTS])" in market zone "Trader Zone" (pos=<6675.160645, 104.603935, 6114.155762>) and got 375.
16:15:45.996 [Market] Player "ElBizzy" (id=zazFLAJ4lPF6TvVQMMREjst1jC8o_Id9oh_TjGBwaP8=) has sold huntingoptic x1 (36f82060) at the trader "Attachments (Jose [#STR_EXPANSION_MARKET_TRADER_ATTACHMENTS])" in market zone "Trader Zone" (pos=<6675.160645, 104.603935, 6114.155762>) and got 187.
16:15:46.503 [Market] Player "ElBizzy" (id=zazFLAJ4lPF6TvVQMMREjst1jC8o_Id9oh_TjGBwaP8=) has sold huntingoptic x1 (438864f0) at the trader "Attachments (Jose [#STR_EXPANSION_MARKET_TRADER_ATTACHMENTS])" in market zone "Trader Zone" (pos=<6675.160645, 104.603935, 6114.155762>) and got 187.
16:15:47.050 [Market] Player "ElBizzy" (id=zazFLAJ4lPF6TvVQMMREjst1jC8o_Id9oh_TjGBwaP8=) has sold huntingoptic x1 (43125260) at the trader "Attachments (Jose [#STR_EXPANSION_MARKET_TRADER_ATTACHMENTS])" in market zone "Trader Zone" (pos=<6675.160645, 104.603935, 6114.155762>) and got 187.
16:15:49.292 [Market] Player "ElBizzy" (id=zazFLAJ4lPF6TvVQMMREjst1jC8o_Id9oh_TjGBwaP8=) has sold reflexoptic x1 (43141cc0) at the trader "Attachments (Jose [#STR_EXPANSION_MARKET_TRADER_ATTACHMENTS])" in market zone "Trader Zone" (pos=<6675.160645, 104.603935, 6114.155762>) and got 28.
16:16:20.476 [Market] Player "Stivi the Kid" (id=W44v5r64t_fNpgzRQNLTal2wQQBqWJ8o-Qcc6Jd5hw8=) has sold reflexoptic x1 (3f8cbd90) at the trader "Attachments (Jose [#STR_EXPANSION_MARKET_TRADER_ATTACHMENTS])" in market zone "Trader Zone" (pos=<6675.160645, 104.603935, 6114.155762>) and got 84.
16:16:25.792 [Market] Player "Stivi the Kid" (id=W44v5r64t_fNpgzRQNLTal2wQQBqWJ8o-Qcc6Jd5hw8=) has sold huntingoptic x1 (3df9df00) at the trader "Attachments (Jose [#STR_EXPANSION_MARKET_TRADER_ATTACHMENTS])" in market zone "Trader Zone" (pos=<6675.160645, 104.603935, 6114.155762>) and got 750.
16:16:29.460 [Market] Player "Stivi the Kid" (id=W44v5r64t_fNpgzRQNLTal2wQQBqWJ8o-Qcc6Jd5hw8=) has sold m4_t3nrdsoptic x1 (438b44c0) at the trader "Attachments (Jose [#STR_EXPANSION_MARKET_TRADER_ATTACHMENTS])" in market zone "Trader Zone" (pos=<6675.160645, 104.603935, 6114.155762>) and got 187.
16:16:30.042 [Market] Player "Stivi the Kid" (id=W44v5r64t_fNpgzRQNLTal2wQQBqWJ8o-Qcc6Jd5hw8=) has sold m4_t3nrdsoptic x1 (43115510) at the trader "Attachments (Jose [#STR_EXPANSION_MARKET_TRADER_ATTACHMENTS])" in market zone "Trader Zone" (pos=<6675.160645, 104.603935, 6114.155762>) and got 281.
16:16:34.324 [Market] Player "ElBizzy" (id=zazFLAJ4lPF6TvVQMMREjst1jC8o_Id9oh_TjGBwaP8=) has bought weaponcleaningkit x1 (3d9da380) from the trader "Components (Cyril [#STR_EXPANSION_MARKET_TRADER_COMPONENTS])" in market zone "Trader Zone" (pos=<6675.160645, 104.603935, 6114.155762>) for a price of 8.
16:16:50.187 [Market] Player "Stivi the Kid" (id=W44v5r64t_fNpgzRQNLTal2wQQBqWJ8o-Qcc6Jd5hw8=) has sold m4_t3nrdsoptic x1 (41e744d0) at the trader "Attachments (Jose [#STR_EXPANSION_MARKET_TRADER_ATTACHMENTS])" in market zone "Trader Zone" (pos=<6675.160645, 104.603935, 6114.155762>) and got 187.
16:17:29.746 [Market] Player "Stivi the Kid" (id=W44v5r64t_fNpgzRQNLTal2wQQBqWJ8o-Qcc6Jd5hw8=) has sold personalradio x1 (55a28a60, Battery9V<55a295f0>) at the trader "Components (Cyril [#STR_EXPANSION_MARKET_TRADER_COMPONENTS])" in market zone "Trader Zone" (pos=<6675.160645, 104.603935, 6114.155762>) and got 6.
16:17:38.058 [Market] Player "Stivi the Kid" (id=W44v5r64t_fNpgzRQNLTal2wQQBqWJ8o-Qcc6Jd5hw8=) has sold ducttape x1 (4e6d7270) at the trader "Components (Cyril [#STR_EXPANSION_MARKET_TRADER_COMPONENTS])" in market zone "Trader Zone" (pos=<6675.160645, 104.603935, 6114.155762>) and got 15.
16:17:39.156 [Market] Player "Stivi the Kid" (id=W44v5r64t_fNpgzRQNLTal2wQQBqWJ8o-Qcc6Jd5hw8=) has sold paper x1 (71257fd0) at the trader "Components (Cyril [#STR_EXPANSION_MARKET_TRADER_COMPONENTS])" in market zone "Trader Zone" (pos=<6675.160645, 104.603935, 6114.155762>) and got 1.
16:17:39.312 [Market] Player "Stivi the Kid" (id=W44v5r64t_fNpgzRQNLTal2wQQBqWJ8o-Qcc6Jd5hw8=) has sold paper x1 (7125f370) at the trader "Components (Cyril [#STR_EXPANSION_MARKET_TRADER_COMPONENTS])" in market zone "Trader Zone" (pos=<6675.160645, 104.603935, 6114.155762>) and got 1.
16:17:39.511 [Market] Player "Stivi the Kid" (id=W44v5r64t_fNpgzRQNLTal2wQQBqWJ8o-Qcc6Jd5hw8=) has sold paper x1 (7125a280) at the trader "Components (Cyril [#STR_EXPANSION_MARKET_TRADER_COMPONENTS])" in market zone "Trader Zone" (pos=<6675.160645, 104.603935, 6114.155762>) and got 1.
16:17:39.523 [Market] Player "ElBizzy" (id=zazFLAJ4lPF6TvVQMMREjst1jC8o_Id9oh_TjGBwaP8=) has sold m4_oebttstck x1 (41dec710) at the trader "Attachments (Jose [#STR_EXPANSION_MARKET_TRADER_ATTACHMENTS])" in market zone "Trader Zone" (pos=<6675.160645, 104.603935, 6114.155762>) and got 28.
16:17:39.687 [Market] Player "Stivi the Kid" (id=W44v5r64t_fNpgzRQNLTal2wQQBqWJ8o-Qcc6Jd5hw8=) has sold paper x1 (71274e50) at the trader "Components (Cyril [#STR_EXPANSION_MARKET_TRADER_COMPONENTS])" in market zone "Trader Zone" (pos=<6675.160645, 104.603935, 6114.155762>) and got 1.
16:17:40.171 [Market] Player "ElBizzy" (id=zazFLAJ4lPF6TvVQMMREjst1jC8o_Id9oh_TjGBwaP8=) has sold m4_oebttstck x1 (43b53260) at the trader "Attachments (Jose [#STR_EXPANSION_MARKET_TRADER_ATTACHMENTS])" in market zone "Trader Zone" (pos=<6675.160645, 104.603935, 6114.155762>) and got 28.
16:17:40.871 [Market] Player "ElBizzy" (id=zazFLAJ4lPF6TvVQMMREjst1jC8o_Id9oh_TjGBwaP8=) has bought ghillieatt_mossy x1 (436bf430) from the trader "Attachments (Jose [#STR_EXPANSION_MARKET_TRADER_ATTACHMENTS])" in market zone "Trader Zone" (pos=<6675.160645, 104.603935, 6114.155762>) for a price of 220.
16:17:48.855 [Market] Player "ElBizzy" (id=zazFLAJ4lPF6TvVQMMREjst1jC8o_Id9oh_TjGBwaP8=) has sold ghillieatt_mossy x1 (436bf430) at the trader "Attachments (Jose [#STR_EXPANSION_MARKET_TRADER_ATTACHMENTS])" in market zone "Trader Zone" (pos=<6675.160645, 104.603935, 6114.155762>) and got 165.
16:17:54.480 [Market] Player "Stivi the Kid" (id=W44v5r64t_fNpgzRQNLTal2wQQBqWJ8o-Qcc6Jd5hw8=) has sold universallight x1 (7124ddf0, Battery9V<7124e980>) at the trader "Attachments (Jose [#STR_EXPANSION_MARKET_TRADER_ATTACHMENTS])" in market zone "Trader Zone" (pos=<6675.160645, 104.603935, 6114.155762>) and got 91.
16:17:54.679 [Market] Player "Stivi the Kid" (id=W44v5r64t_fNpgzRQNLTal2wQQBqWJ8o-Qcc6Jd5hw8=) has sold universallight x1 (4233c1b0) at the trader "Attachments (Jose [#STR_EXPANSION_MARKET_TRADER_ATTACHMENTS])" in market zone "Trader Zone" (pos=<6675.160645, 104.603935, 6114.155762>) and got 90.
16:17:54.867 [Market] Player "Stivi the Kid" (id=W44v5r64t_fNpgzRQNLTal2wQQBqWJ8o-Qcc6Jd5hw8=) has sold universallight x1 (43966c80) at the trader "Attachments (Jose [#STR_EXPANSION_MARKET_TRADER_ATTACHMENTS])" in market zone "Trader Zone" (pos=<6675.160645, 104.603935, 6114.155762>) and got 22.
16:17:55.054 [Market] Player "Stivi the Kid" (id=W44v5r64t_fNpgzRQNLTal2wQQBqWJ8o-Qcc6Jd5hw8=) has sold universallight x1 (42033e40) at the trader "Attachments (Jose [#STR_EXPANSION_MARKET_TRADER_ATTACHMENTS])" in market zone "Trader Zone" (pos=<6675.160645, 104.603935, 6114.155762>) and got 22.
16:17:56.007 [Market] Player "Stivi the Kid" (id=W44v5r64t_fNpgzRQNLTal2wQQBqWJ8o-Qcc6Jd5hw8=) has sold universallight x1 (402467f0) at the trader "Attachments (Jose [#STR_EXPANSION_MARKET_TRADER_ATTACHMENTS])" in market zone "Trader Zone" (pos=<6675.160645, 104.603935, 6114.155762>) and got 22.
16:17:58.507 [Market] Player "Stivi the Kid" (id=W44v5r64t_fNpgzRQNLTal2wQQBqWJ8o-Qcc6Jd5hw8=) has sold universallight x1 (43df4560) at the trader "Attachments (Jose [#STR_EXPANSION_MARKET_TRADER_ATTACHMENTS])" in market zone "Trader Zone" (pos=<6675.160645, 104.603935, 6114.155762>) and got 45.
16:18:05.894 [Market] Player "ElBizzy" (id=zazFLAJ4lPF6TvVQMMREjst1jC8o_Id9oh_TjGBwaP8=) has bought m4_oebttstck x1 (7cdd7220) from the trader "Attachments (Jose [#STR_EXPANSION_MARKET_TRADER_ATTACHMENTS])" in market zone "Trader Zone" (pos=<6675.160645, 104.603935, 6114.155762>) for a price of 150.
16:18:06.496 [Market] Player "ElBizzy" (id=zazFLAJ4lPF6TvVQMMREjst1jC8o_Id9oh_TjGBwaP8=) has bought m4_oebttstck x1 (7cddb780) from the trader "Attachments (Jose [#STR_EXPANSION_MARKET_TRADER_ATTACHMENTS])" in market zone "Trader Zone" (pos=<6675.160645, 104.603935, 6114.155762>) for a price of 150.
16:18:44.949 [Market] Player "ElBizzy" (id=zazFLAJ4lPF6TvVQMMREjst1jC8o_Id9oh_TjGBwaP8=) has bought weaponcleaningkit x1 (7cdeefb0) from the trader "Components (Cyril [#STR_EXPANSION_MARKET_TRADER_COMPONENTS])" in market zone "Trader Zone" (pos=<6675.160645, 104.603935, 6114.155762>) for a price of 8.
16:18:49.984 [Market] Player "Stivi the Kid" (id=W44v5r64t_fNpgzRQNLTal2wQQBqWJ8o-Qcc6Jd5hw8=) has sold m4_oebttstck x1 (4233b620) at the trader "Attachments (Jose [#STR_EXPANSION_MARKET_TRADER_ATTACHMENTS])" in market zone "Trader Zone" (pos=<6675.160645, 104.603935, 6114.155762>) and got 56.
16:18:51.382 [Market] Player "Stivi the Kid" (id=W44v5r64t_fNpgzRQNLTal2wQQBqWJ8o-Qcc6Jd5hw8=) has sold m4_oebttstck x1 (4327fe20) at the trader "Attachments (Jose [#STR_EXPANSION_MARKET_TRADER_ATTACHMENTS])" in market zone "Trader Zone" (pos=<6675.160645, 104.603935, 6114.155762>) and got 56.
16:19:07.386 [Market] Player "Stivi the Kid" (id=W44v5r64t_fNpgzRQNLTal2wQQBqWJ8o-Qcc6Jd5hw8=) has sold m4_t3nrdsoptic x1 (41ea0070) at the trader "Attachments (Jose [#STR_EXPANSION_MARKET_TRADER_ATTACHMENTS])" in market zone "Trader Zone" (pos=<6675.160645, 104.603935, 6114.155762>) and got 281.
16:20:06.753 [Market] Player "ElBizzy" (id=zazFLAJ4lPF6TvVQMMREjst1jC8o_Id9oh_TjGBwaP8=) has sold ump45 x1 (3fccdf20) at the trader "Weapons (Denis [#STR_EXPANSION_MARKET_TRADER_WEAPONS])" in market zone "Trader Zone" (pos=<6675.160645, 104.603935, 6114.155762>) and got 600.
16:20:08.250 [Market] Player "Stivi the Kid" (id=W44v5r64t_fNpgzRQNLTal2wQQBqWJ8o-Qcc6Jd5hw8=) has sold tacticalgloves_black x1 (43933790) at the trader "Clothing (Naomi [#STR_EXPANSION_MARKET_TRADER_CLOTHING])" in market zone "Trader Zone" (pos=<6675.160645, 104.603935, 6114.155762>) and got 26.
16:20:16.710 [Market] Player "Stivi the Kid" (id=W44v5r64t_fNpgzRQNLTal2wQQBqWJ8o-Qcc6Jd5hw8=) has sold nioshfacemask x1 (86120870) at the trader "Clothing (Naomi [#STR_EXPANSION_MARKET_TRADER_CLOTHING])" in market zone "Trader Zone" (pos=<6675.160645, 104.603935, 6114.155762>) and got 15.
16:20:24.949 [Market] Player "Stivi the Kid" (id=W44v5r64t_fNpgzRQNLTal2wQQBqWJ8o-Qcc6Jd5hw8=) has sold combatboots_grey x1 (7124a420) at the trader "Clothing (Naomi [#STR_EXPANSION_MARKET_TRADER_CLOTHING])" in market zone "Trader Zone" (pos=<6675.160645, 104.603935, 6114.155762>) and got 60.
16:20:38.714 [Market] Player "ElBizzy" (id=zazFLAJ4lPF6TvVQMMREjst1jC8o_Id9oh_TjGBwaP8=) has bought whetstone x1 (ae38ed00) from the trader "Components (Cyril [#STR_EXPANSION_MARKET_TRADER_COMPONENTS])" in market zone "Trader Zone" (pos=<6675.160645, 104.603935, 6114.155762>) for a price of 5.
16:20:52.167 [Market] Player "Stivi the Kid" (id=W44v5r64t_fNpgzRQNLTal2wQQBqWJ8o-Qcc6Jd5hw8=) has bought combatboots_beige x1 (439702d0) from the trader "Clothing (Naomi [#STR_EXPANSION_MARKET_TRADER_CLOTHING])" in market zone "Trader Zone" (pos=<6675.160645, 104.603935, 6114.155762>) for a price of 80.
16:21:06.156 [Market] Player "Stivi the Kid" (id=W44v5r64t_fNpgzRQNLTal2wQQBqWJ8o-Qcc6Jd5hw8=) has bought combatboots_black x1 (4396e020) from the trader "Clothing (Naomi [#STR_EXPANSION_MARKET_TRADER_CLOTHING])" in market zone "Trader Zone" (pos=<6675.160645, 104.603935, 6114.155762>) for a price of 80.
16:21:16.429 [Market] Player "Stivi the Kid" (id=W44v5r64t_fNpgzRQNLTal2wQQBqWJ8o-Qcc6Jd5hw8=) has sold combatboots_beige x1 (439702d0) at the trader "Clothing (Naomi [#STR_EXPANSION_MARKET_TRADER_CLOTHING])" in market zone "Trader Zone" (pos=<6675.160645, 104.603935, 6114.155762>) and got 60.
16:21:31.179 [Market] Player "Stivi the Kid" (id=W44v5r64t_fNpgzRQNLTal2wQQBqWJ8o-Qcc6Jd5hw8=) has sold epinephrine x1 (6ad8b020) at the trader "Medicals (Mirek [#STR_EXPANSION_MARKET_TRADER_MEDICALS])" in market zone "Trader Zone" (pos=<6675.160645, 104.603935, 6114.155762>) and got 11.
16:21:42.218 [Market] Player "Stivi the Kid" (id=W44v5r64t_fNpgzRQNLTal2wQQBqWJ8o-Qcc6Jd5hw8=) has bought bandagedressing x1 (ae2ecd00) from the trader "Medicals (Mirek [#STR_EXPANSION_MARKET_TRADER_MEDICALS])" in market zone "Trader Zone" (pos=<6675.160645, 104.603935, 6114.155762>) for a price of 3.
16:22:44.000 [Market] Player "Stivi the Kid" (id=W44v5r64t_fNpgzRQNLTal2wQQBqWJ8o-Qcc6Jd5hw8=) has sold bakedbeanscan x1 (4992a120) at the trader "Consumables (Linda [#STR_EXPANSION_MARKET_TRADER_CONSUMABLES])" in market zone "Trader Zone" (pos=<6675.160645, 104.603935, 6114.155762>) and got 11.
16:22:45.257 [Market] Player "Stivi the Kid" (id=W44v5r64t_fNpgzRQNLTal2wQQBqWJ8o-Qcc6Jd5hw8=) has sold saltysticks x1 (4b23b060) at the trader "Consumables (Linda [#STR_EXPANSION_MARKET_TRADER_CONSUMABLES])" in market zone "Trader Zone" (pos=<6675.160645, 104.603935, 6114.155762>) and got 2.
16:23:25.101 [Market] Player "Stivi the Kid" (id=W44v5r64t_fNpgzRQNLTal2wQQBqWJ8o-Qcc6Jd5hw8=) has sold ammo_762x39 x1 (4af52b40) at the trader "Weapons (Denis [#STR_EXPANSION_MARKET_TRADER_WEAPONS])" in market zone "Trader Zone" (pos=<6675.160645, 104.603935, 6114.155762>) and got 1.
16:23:26.007 [Market] Player "Stivi the Kid" (id=W44v5r64t_fNpgzRQNLTal2wQQBqWJ8o-Qcc6Jd5hw8=) has sold ammo_762x39 x1 (4af52b40) at the trader "Weapons (Denis [#STR_EXPANSION_MARKET_TRADER_WEAPONS])" in market zone "Trader Zone" (pos=<6675.160645, 104.603935, 6114.155762>) and got 1.
16:23:26.832 [Market] Player "Stivi the Kid" (id=W44v5r64t_fNpgzRQNLTal2wQQBqWJ8o-Qcc6Jd5hw8=) has sold ammo_762x39 x1 (4af52b40) at the trader "Weapons (Denis [#STR_EXPANSION_MARKET_TRADER_WEAPONS])" in market zone "Trader Zone" (pos=<6675.160645, 104.603935, 6114.155762>) and got 1.
16:24:14.796 [Market] Player "ElBizzy" (id=zazFLAJ4lPF6TvVQMMREjst1jC8o_Id9oh_TjGBwaP8=) has sold pistoloptic x1 (4aa02f00) at the trader "Attachments (Jose [#STR_EXPANSION_MARKET_TRADER_ATTACHMENTS])" in market zone "Trader Zone" (pos=<6675.160645, 104.603935, 6114.155762>) and got 75.
16:27:12.968 [Market] Player "ElBizzy" (id=zazFLAJ4lPF6TvVQMMREjst1jC8o_Id9oh_TjGBwaP8=) has sold mag_stanagcoupled_30rnd x1 (69e9c180, ammo_556x45 x60) at the trader "Attachments (Jose [#STR_EXPANSION_MARKET_TRADER_ATTACHMENTS])" in market zone "Trader Zone" (pos=<6675.160645, 104.603935, 6114.155762>) and got 225.
16:27:13.734 [Market] Player "ElBizzy" (id=zazFLAJ4lPF6TvVQMMREjst1jC8o_Id9oh_TjGBwaP8=) has sold mag_stanagcoupled_30rnd x1 (69e9d8a0, ammo_556x45 x60) at the trader "Attachments (Jose [#STR_EXPANSION_MARKET_TRADER_ATTACHMENTS])" in market zone "Trader Zone" (pos=<6675.160645, 104.603935, 6114.155762>) and got 225.
16:27:34.007 [ATM] Player "ElBizzy" (id=zazFLAJ4lPF6TvVQMMREjst1jC8o_Id9oh_TjGBwaP8=) has deposited 4023 on his ATM account.
16:27:54.433 [Market] Player "Stivi the Kid" (id=W44v5r64t_fNpgzRQNLTal2wQQBqWJ8o-Qcc6Jd5hw8=) has sold ammo_308win x100 (3e3b1540, 50552f30, 4e4cc310, 50551810, 450ee790, 4e4d9ec0) at the trader "Weapons (Denis [#STR_EXPANSION_MARKET_TRADER_WEAPONS])" in market zone "Trader Zone" (pos=<6675.160645, 104.603935, 6114.155762>) and got 50.
16:27:58.226 [Market] Player "Stivi the Kid" (id=W44v5r64t_fNpgzRQNLTal2wQQBqWJ8o-Qcc6Jd5hw8=) has sold ammo_545x39 x1 (3e3ac450) at the trader "Weapons (Denis [#STR_EXPANSION_MARKET_TRADER_WEAPONS])" in market zone "Trader Zone" (pos=<6675.160645, 104.603935, 6114.155762>) and got 1.
16:28:08.843 [Market] Player "Stivi the Kid" (id=W44v5r64t_fNpgzRQNLTal2wQQBqWJ8o-Qcc6Jd5hw8=) has sold ammo_545x39 x89 (3e3ac450, 3e3b09b0, 4ecab970, 4ecda900, 4ecd12b0) at the trader "Weapons (Denis [#STR_EXPANSION_MARKET_TRADER_WEAPONS])" in market zone "Trader Zone" (pos=<6675.160645, 104.603935, 6114.155762>) and got 89.
16:29:26.460 [ATM] Player "ElBizzy" (id=zazFLAJ4lPF6TvVQMMREjst1jC8o_Id9oh_TjGBwaP8=) has withdrawn 4 from his ATM account.
16:29:41.324 [Market] Player "ElBizzy" (id=zazFLAJ4lPF6TvVQMMREjst1jC8o_Id9oh_TjGBwaP8=) has bought rope x1 (4e958600) from the trader "Components (Cyril [#STR_EXPANSION_MARKET_TRADER_COMPONENTS])" in market zone "Trader Zone" (pos=<6675.160645, 104.603935, 6114.155762>) for a price of 4.
16:33:12.945 [MissionAirdrop] An airdrop is heading towards "Wind Farm" (pos=<6469.119629, 0.000000, 6864.399902> type=Random_WindFarm) with a ExpansionAirdropContainer_Basebuilding
16:34:12.007 [Market] Player "Stivi the Kid" (id=W44v5r64t_fNpgzRQNLTal2wQQBqWJ8o-Qcc6Jd5hw8=) has bought expansion_flag_germany x1 (41853f30) from the trader "BuildingSupplies (Boris [#STR_EXPANSION_MARKET_TRADER_BUILDING_SUPPLIES])" in market zone "Trader Zone" (pos=<6675.160645, 104.603935, 6114.155762>) for a price of 15.
16:34:57.847 [ATM] Player "Stivi the Kid" (id=W44v5r64t_fNpgzRQNLTal2wQQBqWJ8o-Qcc6Jd5hw8=) has deposited 2349 on his ATM account.
16:35:27.347 [Safezone] Player "{1:name}" (id={1:id} pos={1:position}) left the safezone
16:35:30.507 [Safezone] Player "{1:name}" (id={1:id} pos={1:position}) left the safezone
16:38:02.007 [VehicleDeleted] Lady_Bicycle_Purple (id=C20A60C3714ABC26E8F478B12F258127 pos=<4268.47, 175.15, 6588.59>)
16:38:36.539 [VehicleEnter] Player "Eric" (id=DT1QFut1v8UN48skN3UnroicVIl_5hTizZZZSwLRxk8=) entered vehicle Bicycle (id=48D29DAFF04A05BFC31F84AEDEFA8F43 pos=<4285.81, 174.85, 6568.86>) as driver
16:39:26.046 [Party] Player "MaHxMi3 | Slayer" (id=_AqICEBF10fARr_5J1u6RE7mqS8sFkumFiqXBfcXjhU=) left the party "Die dreisten Drei" (id=46 ownerUID=DT1QFut1v8UN48skN3UnroicVIl_5hTizZZZSwLRxk8= ownerName=Eric)
16:43:58.945 [VehicleLeave] Player "Eric" (id=DT1QFut1v8UN48skN3UnroicVIl_5hTizZZZSwLRxk8=) left vehicle Bicycle (id=48D29DAFF04A05BFC31F84AEDEFA8F43 pos=<6537.68, 143.71, 6870.6>)
16:47:07.644 [VehicleEnter] Player "Eric" (id=DT1QFut1v8UN48skN3UnroicVIl_5hTizZZZSwLRxk8=) entered vehicle Bicycle (id=48D29DAFF04A05BFC31F84AEDEFA8F43 pos=<6537.68, 143.71, 6870.6>) as driver
16:50:03.593 [VehicleLeave] Player "Eric" (id=DT1QFut1v8UN48skN3UnroicVIl_5hTizZZZSwLRxk8=) left vehicle Bicycle (id=48D29DAFF04A05BFC31F84AEDEFA8F43 pos=<5581.47, 144.27, 6950.88>)
16:50:16.031 [VehicleDeleted] Lady_Bicycle_Purple (id=48D29DAFF04A05BFC31F84AEDEFA8F43 pos=<5585.14, 144.67, 6949.88>)
16:50:27.691 [VehicleEnter] Player "Eric" (id=DT1QFut1v8UN48skN3UnroicVIl_5hTizZZZSwLRxk8=) entered vehicle Bicycle (id=42DE9B687741995910F52A9625B05643 pos=<5583.98, 143.67, 6944.98>) as driver
16:51:30.042 [Territory] Player "ElBizzy" (id=zazFLAJ4lPF6TvVQMMREjst1jC8o_Id9oh_TjGBwaP8=) created territory "KELLERGANG" at <7134.651855, 169.843307, 5098.123047>
16:53:34.000 [VehicleLeave] Player "Eric" (id=DT1QFut1v8UN48skN3UnroicVIl_5hTizZZZSwLRxk8=) left vehicle Bicycle (id=42DE9B687741995910F52A9625B05643 pos=<4287.11, 174.85, 6568.25>)
16:53:36.804 [VehicleDeleted] Lady_Bicycle_Purple (id=42DE9B687741995910F52A9625B05643 pos=<4287.11, 174.85, 6568.25>)
16:53:43.980 [Territory] Player "Stivi the Kid" (id=W44v5r64t_fNpgzRQNLTal2wQQBqWJ8o-Qcc6Jd5hw8= pos=<7129.660645, 163.003784, 5097.081543>) was invited to join the territory KELLERGANG at <7134.651855, 169.843307, 5098.123047> by the player "ElBizzy" (id=zazFLAJ4lPF6TvVQMMREjst1jC8o_Id9oh_TjGBwaP8=)
16:54:41.683 [Party] Player "Eric" (id=DT1QFut1v8UN48skN3UnroicVIl_5hTizZZZSwLRxk8=) left the party "Die dreisten Drei" (id=46 ownerUID=DT1QFut1v8UN48skN3UnroicVIl_5hTizZZZSwLRxk8= ownerName=Eric)
17:18:09.222 [Party] Player "ElBizzy" (id=zazFLAJ4lPF6TvVQMMREjst1jC8o_Id9oh_TjGBwaP8=) left the party "Viper Ethereal" (id=33 ownerUID=zazFLAJ4lPF6TvVQMMREjst1jC8o_Id9oh_TjGBwaP8= ownerName=ElBizzy)
17:18:22.644 [Party] Player "Stivi the Kid" (id=W44v5r64t_fNpgzRQNLTal2wQQBqWJ8o-Qcc6Jd5hw8=) left the party "Viper Ethereal" (id=33 ownerUID=zazFLAJ4lPF6TvVQMMREjst1jC8o_Id9oh_TjGBwaP8= ownerName=ElBizzy)
17:45:53.308 [Territory] Player "Kyma" (id=fVpKi1QM3XWUFD-MRt7Z2tIj9G_sYf21_LAnW2Kmnqg=) created territory "P13e" at <5873.381348, 184.614670, 5869.821289>
17:48:10.515 [Safezone] Player "Sherman" (id=AUAOz-139bUYYmmGpZK-0TkWCQp6vEP3irvR0Qkx5Ys= pos=<6626.04, 135.15, 6028.92>) entered the safezone
17:48:19.117 [Safezone] Player "Gus" (id=RE05caT__5EfUiKgwaQAM-lgIkdbXDrPElFk6gtHgqQ= pos=<6621.28, 136.54, 6030.48>) entered the safezone
17:48:40.382 [ATM] Player "Gus" (id=RE05caT__5EfUiKgwaQAM-lgIkdbXDrPElFk6gtHgqQ=) has withdrawn 81395 from his ATM account.
17:48:43.203 [ATM] Player "Sherman" (id=AUAOz-139bUYYmmGpZK-0TkWCQp6vEP3irvR0Qkx5Ys=) has withdrawn 15000 from his ATM account.
17:49:21.347 [Market] Player "Sherman" (id=AUAOz-139bUYYmmGpZK-0TkWCQp6vEP3irvR0Qkx5Ys=) has bought m4_suppressor x2 (413d00d0) from the trader "Attachments (Jose [#STR_EXPANSION_MARKET_TRADER_ATTACHMENTS])" in market zone "Trader Zone" (pos=<6675.160645, 104.603935, 6114.155762>) for a price of 50.
17:49:25.035 [Market] Player "Gus" (id=RE05caT__5EfUiKgwaQAM-lgIkdbXDrPElFk6gtHgqQ=) has bought expansionhamroptic x1 (b3ad89c0, ExpansionDeltapointOptic<b3ae2690>, Battery9V<413f2040>) from the trader "Attachments (Jose [#STR_EXPANSION_MARKET_TRADER_ATTACHMENTS])" in market zone "Trader Zone" (pos=<6675.160645, 104.603935, 6114.155762>) for a price of 560.
17:49:51.914 [Market] Player "Sherman" (id=AUAOz-139bUYYmmGpZK-0TkWCQp6vEP3irvR0Qkx5Ys=) has bought expansionhamroptic x1 (1ac9ac70, ExpansionDeltapointOptic<1ac97c30>, Battery9V<37c6fa60>) from the trader "Attachments (Jose [#STR_EXPANSION_MARKET_TRADER_ATTACHMENTS])" in market zone "Trader Zone" (pos=<6675.160645, 104.603935, 6114.155762>) for a price of 560.
17:49:59.261 [Market] Player "Gus" (id=RE05caT__5EfUiKgwaQAM-lgIkdbXDrPElFk6gtHgqQ=) has bought expansionhamroptic x1 (4e729fb0, ExpansionDeltapointOptic<4e733c80>, Battery9V<85817b20>) from the trader "Attachments (Jose [#STR_EXPANSION_MARKET_TRADER_ATTACHMENTS])" in market zone "Trader Zone" (pos=<6675.160645, 104.603935, 6114.155762>) for a price of 560.
17:50:49.117 [Market] Player "Gus" (id=RE05caT__5EfUiKgwaQAM-lgIkdbXDrPElFk6gtHgqQ=) has bought ak_suppressor x1 (85850c90) from the trader "Attachments (Jose [#STR_EXPANSION_MARKET_TRADER_ATTACHMENTS])" in market zone "Trader Zone" (pos=<6675.160645, 104.603935, 6114.155762>) for a price of 25.
17:50:51.832 [Market] Player "Gus" (id=RE05caT__5EfUiKgwaQAM-lgIkdbXDrPElFk6gtHgqQ=) has bought m4_suppressor x1 (97f063b0) from the trader "Attachments (Jose [#STR_EXPANSION_MARKET_TRADER_ATTACHMENTS])" in market zone "Trader Zone" (pos=<6675.160645, 104.603935, 6114.155762>) for a price of 25.
17:51:13.832 [Market] Player "Sherman" (id=AUAOz-139bUYYmmGpZK-0TkWCQp6vEP3irvR0Qkx5Ys=) has bought ammobox_556x45_20rnd x3 (97f226a0) from the trader "Weapons (Denis [#STR_EXPANSION_MARKET_TRADER_WEAPONS])" in market zone "Trader Zone" (pos=<6675.160645, 104.603935, 6114.155762>) for a price of 96.
17:52:38.210 [Market] Player "Sherman" (id=AUAOz-139bUYYmmGpZK-0TkWCQp6vEP3irvR0Qkx5Ys=) has bought armband_cdf x2 (502e1d20) from the trader "Clothing (Naomi [#STR_EXPANSION_MARKET_TRADER_CLOTHING])" in market zone "Trader Zone" (pos=<6675.160645, 104.603935, 6114.155762>) for a price of 30.
17:52:58.976 [Market] Player "Sherman" (id=AUAOz-139bUYYmmGpZK-0TkWCQp6vEP3irvR0Qkx5Ys=) has bought charcoaltablets x1 (b3aec360) from the trader "Medicals (Mirek [#STR_EXPANSION_MARKET_TRADER_MEDICALS])" in market zone "Trader Zone" (pos=<6675.160645, 104.603935, 6114.155762>) for a price of 2.
17:53:03.898 [Market] Player "Sherman" (id=AUAOz-139bUYYmmGpZK-0TkWCQp6vEP3irvR0Qkx5Ys=) has bought charcoaltablets x1 (b3af9c80) from the trader "Medicals (Mirek [#STR_EXPANSION_MARKET_TRADER_MEDICALS])" in market zone "Trader Zone" (pos=<6675.160645, 104.603935, 6114.155762>) for a price of 2.
17:53:51.257 [Safezone] Player "Kyma" (id=fVpKi1QM3XWUFD-MRt7Z2tIj9G_sYf21_LAnW2Kmnqg= pos=<6670.44, 121.38, 6014.35>) entered the safezone
17:54:33.511 [Market] Player "Kyma" (id=fVpKi1QM3XWUFD-MRt7Z2tIj9G_sYf21_LAnW2Kmnqg=) has sold pso1optic x1 (41ea1890) at the trader "Attachments (Jose [#STR_EXPANSION_MARKET_TRADER_ATTACHMENTS])" in market zone "Trader Zone" (pos=<6675.160645, 104.603935, 6114.155762>) and got 825.
17:54:49.218 [Market] Player "Kyma" (id=fVpKi1QM3XWUFD-MRt7Z2tIj9G_sYf21_LAnW2Kmnqg=) has bought sewingkit x1 (44e5c6f0) from the trader "Components (Cyril [#STR_EXPANSION_MARKET_TRADER_COMPONENTS])" in market zone "Trader Zone" (pos=<6675.160645, 104.603935, 6114.155762>) for a price of 4.
17:54:49.871 [Market] Player "Kyma" (id=fVpKi1QM3XWUFD-MRt7Z2tIj9G_sYf21_LAnW2Kmnqg=) has bought sewingkit x1 (44e5d280) from the trader "Components (Cyril [#STR_EXPANSION_MARKET_TRADER_COMPONENTS])" in market zone "Trader Zone" (pos=<6675.160645, 104.603935, 6114.155762>) for a price of 4.
17:54:50.472 [Market] Player "Kyma" (id=fVpKi1QM3XWUFD-MRt7Z2tIj9G_sYf21_LAnW2Kmnqg=) has bought sewingkit x1 (44e617e0) from the trader "Components (Cyril [#STR_EXPANSION_MARKET_TRADER_COMPONENTS])" in market zone "Trader Zone" (pos=<6675.160645, 104.603935, 6114.155762>) for a price of 4.
17:54:51.042 [Market] Player "Kyma" (id=fVpKi1QM3XWUFD-MRt7Z2tIj9G_sYf21_LAnW2Kmnqg=) has bought sewingkit x1 (44e5e9a0) from the trader "Components (Cyril [#STR_EXPANSION_MARKET_TRADER_COMPONENTS])" in market zone "Trader Zone" (pos=<6675.160645, 104.603935, 6114.155762>) for a price of 4.
17:54:51.906 [Market] Player "Kyma" (id=fVpKi1QM3XWUFD-MRt7Z2tIj9G_sYf21_LAnW2Kmnqg=) has bought weaponcleaningkit x1 (44e65d40) from the trader "Components (Cyril [#STR_EXPANSION_MARKET_TRADER_COMPONENTS])" in market zone "Trader Zone" (pos=<6675.160645, 104.603935, 6114.155762>) for a price of 8.
17:54:52.621 [Market] Player "Kyma" (id=fVpKi1QM3XWUFD-MRt7Z2tIj9G_sYf21_LAnW2Kmnqg=) has bought leathersewingkit x1 (44e6d0e0) from the trader "Components (Cyril [#STR_EXPANSION_MARKET_TRADER_COMPONENTS])" in market zone "Trader Zone" (pos=<6675.160645, 104.603935, 6114.155762>) for a price of 5.
17:54:53.156 [Market] Player "Kyma" (id=fVpKi1QM3XWUFD-MRt7Z2tIj9G_sYf21_LAnW2Kmnqg=) has bought leathersewingkit x1 (44e6ff20) from the trader "Components (Cyril [#STR_EXPANSION_MARKET_TRADER_COMPONENTS])" in market zone "Trader Zone" (pos=<6675.160645, 104.603935, 6114.155762>) for a price of 5.
17:54:53.656 [Market] Player "Kyma" (id=fVpKi1QM3XWUFD-MRt7Z2tIj9G_sYf21_LAnW2Kmnqg=) has bought leathersewingkit x1 (44e6c550) from the trader "Components (Cyril [#STR_EXPANSION_MARKET_TRADER_COMPONENTS])" in market zone "Trader Zone" (pos=<6675.160645, 104.603935, 6114.155762>) for a price of 5.
17:54:54.460 [Market] Player "Kyma" (id=fVpKi1QM3XWUFD-MRt7Z2tIj9G_sYf21_LAnW2Kmnqg=) has bought leathersewingkit x1 (ae3884f0) from the trader "Components (Cyril [#STR_EXPANSION_MARKET_TRADER_COMPONENTS])" in market zone "Trader Zone" (pos=<6675.160645, 104.603935, 6114.155762>) for a price of 5.
17:54:55.375 [Market] Player "Kyma" (id=fVpKi1QM3XWUFD-MRt7Z2tIj9G_sYf21_LAnW2Kmnqg=) has bought sewingkit x1 (ae37eea0) from the trader "Components (Cyril [#STR_EXPANSION_MARKET_TRADER_COMPONENTS])" in market zone "Trader Zone" (pos=<6675.160645, 104.603935, 6114.155762>) for a price of 4.
17:55:56.867 [Market] Player "Kyma" (id=fVpKi1QM3XWUFD-MRt7Z2tIj9G_sYf21_LAnW2Kmnqg=) has bought pickaxe x1 (3a4215f0) from the trader "Components (Cyril [#STR_EXPANSION_MARKET_TRADER_COMPONENTS])" in market zone "Trader Zone" (pos=<6675.160645, 104.603935, 6114.155762>) for a price of 10.
17:56:04.957 [Market] Player "Kyma" (id=fVpKi1QM3XWUFD-MRt7Z2tIj9G_sYf21_LAnW2Kmnqg=) has bought rope x1 (3a41dc20) from the trader "Components (Cyril [#STR_EXPANSION_MARKET_TRADER_COMPONENTS])" in market zone "Trader Zone" (pos=<6675.160645, 104.603935, 6114.155762>) for a price of 4.
17:57:16.472 [Market] Player "Kyma" (id=fVpKi1QM3XWUFD-MRt7Z2tIj9G_sYf21_LAnW2Kmnqg=) has bought leathersewingkit x1 (43958540) from the trader "Components (Cyril [#STR_EXPANSION_MARKET_TRADER_COMPONENTS])" in market zone "Trader Zone" (pos=<6675.160645, 104.603935, 6114.155762>) for a price of 5.
17:58:58.207 [ATM] Player "Kyma" (id=fVpKi1QM3XWUFD-MRt7Z2tIj9G_sYf21_LAnW2Kmnqg=) has deposited 758 on his ATM account.
17:59:16.195 [MissionAirdrop] An airdrop is heading towards "OWF Industries" (pos=<7167.299805, 0.000000, 4161.319824> type=Random_OWFIndustries) with a ExpansionAirdropContainer_Basebuilding
17:59:20.500 [Market] Player "Gus" (id=RE05caT__5EfUiKgwaQAM-lgIkdbXDrPElFk6gtHgqQ=) has bought weaponcleaningkit x1 (63d30e50) from the trader "Components (Cyril [#STR_EXPANSION_MARKET_TRADER_COMPONENTS])" in market zone "Trader Zone" (pos=<6675.160645, 104.603935, 6114.155762>) for a price of 8.
17:59:26.550 [Market] Player "Sherman" (id=AUAOz-139bUYYmmGpZK-0TkWCQp6vEP3irvR0Qkx5Ys=) has bought gasmask_filter x3 (63d50b10) from the trader "Clothing (Naomi [#STR_EXPANSION_MARKET_TRADER_CLOTHING])" in market zone "Trader Zone" (pos=<6675.160645, 104.603935, 6114.155762>) for a price of 3000.
17:59:29.500 [ATM] Player "Kyma" (id=fVpKi1QM3XWUFD-MRt7Z2tIj9G_sYf21_LAnW2Kmnqg=) has withdrawn 1000 from his ATM account.
17:59:45.867 [Market] Player "Kyma" (id=fVpKi1QM3XWUFD-MRt7Z2tIj9G_sYf21_LAnW2Kmnqg=) has bought leathersewingkit x1 (4fcdc7a0) from the trader "Components (Cyril [#STR_EXPANSION_MARKET_TRADER_COMPONENTS])" in market zone "Trader Zone" (pos=<6675.160645, 104.603935, 6114.155762>) for a price of 5.
17:59:46.796 [Market] Player "Kyma" (id=fVpKi1QM3XWUFD-MRt7Z2tIj9G_sYf21_LAnW2Kmnqg=) has bought weaponcleaningkit x1 (4fcd5f90) from the trader "Components (Cyril [#STR_EXPANSION_MARKET_TRADER_COMPONENTS])" in market zone "Trader Zone" (pos=<6675.160645, 104.603935, 6114.155762>) for a price of 8.
17:59:47.222 [Market] Player "Kyma" (id=fVpKi1QM3XWUFD-MRt7Z2tIj9G_sYf21_LAnW2Kmnqg=) has bought weaponcleaningkit x1 (4fce0170) from the trader "Components (Cyril [#STR_EXPANSION_MARKET_TRADER_COMPONENTS])" in market zone "Trader Zone" (pos=<6675.160645, 104.603935, 6114.155762>) for a price of 8.
17:59:47.882 [Market] Player "Kyma" (id=fVpKi1QM3XWUFD-MRt7Z2tIj9G_sYf21_LAnW2Kmnqg=) has bought sewingkit x1 (4fcd8dd0) from the trader "Components (Cyril [#STR_EXPANSION_MARKET_TRADER_COMPONENTS])" in market zone "Trader Zone" (pos=<6675.160645, 104.603935, 6114.155762>) for a price of 4.
17:59:48.082 [Market] Player "Kyma" (id=fVpKi1QM3XWUFD-MRt7Z2tIj9G_sYf21_LAnW2Kmnqg=) has bought sewingkit x1 (4fcdd330) from the trader "Components (Cyril [#STR_EXPANSION_MARKET_TRADER_COMPONENTS])" in market zone "Trader Zone" (pos=<6675.160645, 104.603935, 6114.155762>) for a price of 4.
17:59:48.265 [Market] Player "Kyma" (id=fVpKi1QM3XWUFD-MRt7Z2tIj9G_sYf21_LAnW2Kmnqg=) has bought sewingkit x1 (4fce3b40) from the trader "Components (Cyril [#STR_EXPANSION_MARKET_TRADER_COMPONENTS])" in market zone "Trader Zone" (pos=<6675.160645, 104.603935, 6114.155762>) for a price of 4.
17:59:48.449 [Market] Player "Kyma" (id=fVpKi1QM3XWUFD-MRt7Z2tIj9G_sYf21_LAnW2Kmnqg=) has bought sewingkit x1 (4fce7510) from the trader "Components (Cyril [#STR_EXPANSION_MARKET_TRADER_COMPONENTS])" in market zone "Trader Zone" (pos=<6675.160645, 104.603935, 6114.155762>) for a price of 4.
17:59:56.328 [Market] Player "Kyma" (id=fVpKi1QM3XWUFD-MRt7Z2tIj9G_sYf21_LAnW2Kmnqg=) has bought portablegasstove x1 (4fcac720, MediumGasCanister<4fd06640>) from the trader "Components (Cyril [#STR_EXPANSION_MARKET_TRADER_COMPONENTS])" in market zone "Trader Zone" (pos=<6675.160645, 104.603935, 6114.155762>) for a price of 130.
18:00:07.667 [Market] Player "Kyma" (id=fVpKi1QM3XWUFD-MRt7Z2tIj9G_sYf21_LAnW2Kmnqg=) has bought sewingkit x1 (4fd07d60) from the trader "Components (Cyril [#STR_EXPANSION_MARKET_TRADER_COMPONENTS])" in market zone "Trader Zone" (pos=<6675.160645, 104.603935, 6114.155762>) for a price of 4.
18:00:11.171 [Market] Player "Kyma" (id=fVpKi1QM3XWUFD-MRt7Z2tIj9G_sYf21_LAnW2Kmnqg=) has bought epoxyputty x1 (4fd0a010) from the trader "Components (Cyril [#STR_EXPANSION_MARKET_TRADER_COMPONENTS])" in market zone "Trader Zone" (pos=<6675.160645, 104.603935, 6114.155762>) for a price of 15.
18:00:12.292 [Market] Player "Kyma" (id=fVpKi1QM3XWUFD-MRt7Z2tIj9G_sYf21_LAnW2Kmnqg=) has bought epoxyputty x1 (4fd0c2c0) from the trader "Components (Cyril [#STR_EXPANSION_MARKET_TRADER_COMPONENTS])" in market zone "Trader Zone" (pos=<6675.160645, 104.603935, 6114.155762>) for a price of 15.
18:00:20.574 [Market] Player "Gus" (id=RE05caT__5EfUiKgwaQAM-lgIkdbXDrPElFk6gtHgqQ=) has bought weaponcleaningkit x1 (4fdfcc00) from the trader "Components (Cyril [#STR_EXPANSION_MARKET_TRADER_COMPONENTS])" in market zone "Trader Zone" (pos=<6675.160645, 104.603935, 6114.155762>) for a price of 8.
18:00:24.226 [Market] Player "Kyma" (id=fVpKi1QM3XWUFD-MRt7Z2tIj9G_sYf21_LAnW2Kmnqg=) has bought woodenplank x10 (4fe005d0) from the trader "Components (Cyril [#STR_EXPANSION_MARKET_TRADER_COMPONENTS])" in market zone "Trader Zone" (pos=<6675.160645, 104.603935, 6114.155762>) for a price of 500.
18:00:28.878 [Market] Player "Kyma" (id=fVpKi1QM3XWUFD-MRt7Z2tIj9G_sYf21_LAnW2Kmnqg=) has bought rope x1 (4fe32f30) from the trader "Components (Cyril [#STR_EXPANSION_MARKET_TRADER_COMPONENTS])" in market zone "Trader Zone" (pos=<6675.160645, 104.603935, 6114.155762>) for a price of 4.
18:00:30.058 [Market] Player "Kyma" (id=fVpKi1QM3XWUFD-MRt7Z2tIj9G_sYf21_LAnW2Kmnqg=) has bought rope x1 (4fe2d2b0) from the trader "Components (Cyril [#STR_EXPANSION_MARKET_TRADER_COMPONENTS])" in market zone "Trader Zone" (pos=<6675.160645, 104.603935, 6114.155762>) for a price of 4.
18:00:40.742 [Market] Player "Kyma" (id=fVpKi1QM3XWUFD-MRt7Z2tIj9G_sYf21_LAnW2Kmnqg=) has bought nail x95 (4fe2a470) from the trader "Components (Cyril [#STR_EXPANSION_MARKET_TRADER_COMPONENTS])" in market zone "Trader Zone" (pos=<6675.160645, 104.603935, 6114.155762>) for a price of 285.
18:01:26.343 [Safezone] Player "{1:name}" (id={1:id} pos={1:position}) left the safezone
18:01:41.191 [Market] Player "Sherman" (id=AUAOz-139bUYYmmGpZK-0TkWCQp6vEP3irvR0Qkx5Ys=) has sold mag_ak74_30rnd x1 (9958a5e0, ammo_545x39 x30) at the trader "Attachments (Jose [#STR_EXPANSION_MARKET_TRADER_ATTACHMENTS])" in market zone "Trader Zone" (pos=<6675.160645, 104.603935, 6114.155762>) and got 112.
18:01:47.289 [Market] Player "Gus" (id=RE05caT__5EfUiKgwaQAM-lgIkdbXDrPElFk6gtHgqQ=) has bought weaponcleaningkit x1 (71243080) from the trader "Components (Cyril [#STR_EXPANSION_MARKET_TRADER_COMPONENTS])" in market zone "Trader Zone" (pos=<6675.160645, 104.603935, 6114.155762>) for a price of 8.
18:02:04.640 [VehicleEnter] Player "Kyma" (id=fVpKi1QM3XWUFD-MRt7Z2tIj9G_sYf21_LAnW2Kmnqg=) entered vehicle Bicycle (id=67DBA068DA40CA139AC7AFAD66E371A8 pos=<6520.48, 163.84, 5870.22>) as driver
18:02:10.625 [VehicleLeave] Player "Kyma" (id=fVpKi1QM3XWUFD-MRt7Z2tIj9G_sYf21_LAnW2Kmnqg=) left vehicle Bicycle (id=67DBA068DA40CA139AC7AFAD66E371A8 pos=<6520.48, 163.84, 5870.22>)
18:02:19.890 [VehicleDeleted] Old_Bike_Red (id=67DBA068DA40CA139AC7AFAD66E371A8 pos=<6520.48, 163.84, 5870.22>)
18:02:31.253 [VehicleEnter] Player "Kyma" (id=fVpKi1QM3XWUFD-MRt7Z2tIj9G_sYf21_LAnW2Kmnqg=) entered vehicle Bicycle (id=F43A160E1A41D635ECE4C5BF5CDE9239 pos=<6518.91, 163.99, 5872.62>) as driver
18:03:11.343 [VehicleLeave] Player "Kyma" (id=fVpKi1QM3XWUFD-MRt7Z2tIj9G_sYf21_LAnW2Kmnqg=) left vehicle Bicycle (id=F43A160E1A41D635ECE4C5BF5CDE9239 pos=<6349.47, 175.83, 5739.79>)
18:03:17.480 [VehicleAttachments] Player "Kyma" (id=fVpKi1QM3XWUFD-MRt7Z2tIj9G_sYf21_LAnW2Kmnqg=) detached Bicycle Wheel (type=bicycle_wheel) from vehicle Bicycle (id=F43A160E1A41D635ECE4C5BF5CDE9239 pos=<6349.46, 175.83, 5739.79>)
18:03:22.351 [VehicleDeleted] Old_Bike_Red (id=F43A160E1A41D635ECE4C5BF5CDE9239 pos=<6349.43, 175.83, 5739.81>)
18:03:34.882 [VehicleEnter] Player "Kyma" (id=fVpKi1QM3XWUFD-MRt7Z2tIj9G_sYf21_LAnW2Kmnqg=) entered vehicle Bicycle (id=4EA5BE13A44DD2534EDBD7AA7E62C1D5 pos=<6346.58, 174.88, 5733.79>) as driver
18:03:49.132 [Market] Player "Sherman" (id=AUAOz-139bUYYmmGpZK-0TkWCQp6vEP3irvR0Qkx5Ys=) has bought weaponcleaningkit x1 (501f59e0) from the trader "Components (Cyril [#STR_EXPANSION_MARKET_TRADER_COMPONENTS])" in market zone "Trader Zone" (pos=<6675.160645, 104.603935, 6114.155762>) for a price of 8.
18:03:51.945 [Market] Player "Gus" (id=RE05caT__5EfUiKgwaQAM-lgIkdbXDrPElFk6gtHgqQ=) has bought gasmask_filter x1 (abd104f0) from the trader "Clothing (Naomi [#STR_EXPANSION_MARKET_TRADER_CLOTHING])" in market zone "Trader Zone" (pos=<6675.160645, 104.603935, 6114.155762>) for a price of 1000.
18:03:52.882 [VehicleLeave] Player "Kyma" (id=fVpKi1QM3XWUFD-MRt7Z2tIj9G_sYf21_LAnW2Kmnqg=) left vehicle Bicycle (id=4EA5BE13A44DD2534EDBD7AA7E62C1D5 pos=<6272.49, 174.88, 5684.21>)
18:03:53.285 [Market] Player "Gus" (id=RE05caT__5EfUiKgwaQAM-lgIkdbXDrPElFk6gtHgqQ=) has bought gasmask_filter x1 (45946710) from the trader "Clothing (Naomi [#STR_EXPANSION_MARKET_TRADER_CLOTHING])" in market zone "Trader Zone" (pos=<6675.160645, 104.603935, 6114.155762>) for a price of 1000.
18:03:54.105 [Market] Player "Gus" (id=RE05caT__5EfUiKgwaQAM-lgIkdbXDrPElFk6gtHgqQ=) has bought gasmask_filter x1 (92a77540) from the trader "Clothing (Naomi [#STR_EXPANSION_MARKET_TRADER_CLOTHING])" in market zone "Trader Zone" (pos=<6675.160645, 104.603935, 6114.155762>) for a price of 1000.
18:03:59.976 [VehicleDeleted] Old_Bike_Red (id=4EA5BE13A44DD2534EDBD7AA7E62C1D5 pos=<6272.49, 174.88, 5684.21>)
18:04:06.429 [Market] Player "Sherman" (id=AUAOz-139bUYYmmGpZK-0TkWCQp6vEP3irvR0Qkx5Ys=) has bought ammobox x1 (92a5bde0) from the trader "Components (Cyril [#STR_EXPANSION_MARKET_TRADER_COMPONENTS])" in market zone "Trader Zone" (pos=<6675.160645, 104.603935, 6114.155762>) for a price of 80.
18:04:12.929 [VehicleEnter] Player "Kyma" (id=fVpKi1QM3XWUFD-MRt7Z2tIj9G_sYf21_LAnW2Kmnqg=) entered vehicle Bicycle (id=D77FB6F3DA4479BBA5A7E8AB40E261D3 pos=<6264.47, 174.88, 5676.87>) as driver
18:05:51.437 [VehicleLeave] Player "Kyma" (id=fVpKi1QM3XWUFD-MRt7Z2tIj9G_sYf21_LAnW2Kmnqg=) left vehicle Bicycle (id=D77FB6F3DA4479BBA5A7E8AB40E261D3 pos=<5802.23, 206.62, 5886.37>)
18:05:51.640 [Market] Player "Sherman" (id=AUAOz-139bUYYmmGpZK-0TkWCQp6vEP3irvR0Qkx5Ys=) has bought mag_cmag_30rnd x1 (3caa3ed0, ammo_556x45 x30) from the trader "Attachments (Jose [#STR_EXPANSION_MARKET_TRADER_ATTACHMENTS])" in market zone "Trader Zone" (pos=<6675.160645, 104.603935, 6114.155762>) for a price of 280.
18:06:37.230 [VehicleDeleted] Old_Bike_Red (id=D77FB6F3DA4479BBA5A7E8AB40E261D3 pos=<5802.23, 206.62, 5886.37>)
18:07:26.519 [Market] Player "Sherman" (id=AUAOz-139bUYYmmGpZK-0TkWCQp6vEP3irvR0Qkx5Ys=) has bought platecarrierholster_green x1 (509f7ec0) from the trader "Clothing (Naomi [#STR_EXPANSION_MARKET_TRADER_CLOTHING])" in market zone "Trader Zone" (pos=<6675.160645, 104.603935, 6114.155762>) for a price of 60.
18:07:46.761 [VehicleDeleted] Old_Bike_Red (id=576CE2CF3B44070439A2699BBC460AD4 pos=<5845.57, 196.59, 5860.32>)
18:08:17.523 [Market] Player "Sherman" (id=AUAOz-139bUYYmmGpZK-0TkWCQp6vEP3irvR0Qkx5Ys=) has bought militaryboots_beige x1 (50a0d9a0) from the trader "Clothing (Naomi [#STR_EXPANSION_MARKET_TRADER_CLOTHING])" in market zone "Trader Zone" (pos=<6675.160645, 104.603935, 6114.155762>) for a price of 110.
18:08:37.027 [Market] Player "Gus" (id=RE05caT__5EfUiKgwaQAM-lgIkdbXDrPElFk6gtHgqQ=) has bought militaryboots_redpunk x1 (50a14d40) from the trader "Clothing (Naomi [#STR_EXPANSION_MARKET_TRADER_CLOTHING])" in market zone "Trader Zone" (pos=<6675.160645, 104.603935, 6114.155762>) for a price of 100.
18:09:36.949 [Safezone] Player "{1:name}" (id={1:id} pos={1:position}) left the safezone
18:09:52.371 [Safezone] Player "Sherman" (id=AUAOz-139bUYYmmGpZK-0TkWCQp6vEP3irvR0Qkx5Ys= pos=<6676.85, 118.85, 6017.83>) entered the safezone
18:09:57.542 [Safezone] Player "Gus" (id=RE05caT__5EfUiKgwaQAM-lgIkdbXDrPElFk6gtHgqQ= pos=<6671.97, 120.86, 6014.88>) entered the safezone
18:10:12.632 [ATM] Player "Gus" (id=RE05caT__5EfUiKgwaQAM-lgIkdbXDrPElFk6gtHgqQ=) has deposited 77101 on his ATM account.
18:10:12.753 [ATM] Player "Sherman" (id=AUAOz-139bUYYmmGpZK-0TkWCQp6vEP3irvR0Qkx5Ys=) has deposited 10834 on his ATM account.
18:10:33.453 [Territory] Player "Kyma" (id=fVpKi1QM3XWUFD-MRt7Z2tIj9G_sYf21_LAnW2Kmnqg=) deleted territory "P13e" at <5873.381348, 184.614670, 5869.821289>
18:10:55.589 [Safezone] Player "{1:name}" (id={1:id} pos={1:position}) left the safezone
18:11:05.507 [Territory] Player "Kyma" (id=fVpKi1QM3XWUFD-MRt7Z2tIj9G_sYf21_LAnW2Kmnqg=) created territory "P13r" at <5879.747070, 182.931732, 5884.502930>
18:11:16.066 [Safezone] Player "Gus" (id=RE05caT__5EfUiKgwaQAM-lgIkdbXDrPElFk6gtHgqQ= pos=<6653.54, 125.43, 6016.93>) entered the safezone
18:11:31.214 [Safezone] Player "{1:name}" (id={1:id} pos={1:position}) left the safezone
18:11:35.625 [Safezone] Player "{1:name}" (id={1:id} pos={1:position}) left the safezone
18:15:20.382 [Safezone] Player "Rage" (id=m_TD03B4NXDQrU5koHpLq3WyQf1hXTvQSdETJOTM8ss= pos=<6680.89, 102.79, 6120.42>) entered the safezone
18:15:20.382 [Party] Player "Rage" (id=m_TD03B4NXDQrU5koHpLq3WyQf1hXTvQSdETJOTM8ss=) joinded the party "SLAVES" (id=1 ownerUID=m_TD03B4NXDQrU5koHpLq3WyQf1hXTvQSdETJOTM8ss= ownerName=F11 Simulator)
18:15:45.531 [Safezone] Player "{1:name}" (id={1:id} pos={1:position}) left the safezone
18:21:26.398 [Safezone] Player "Rage" (id=m_TD03B4NXDQrU5koHpLq3WyQf1hXTvQSdETJOTM8ss= pos=<6683.05, 106.27, 6113.43>) entered the safezone
18:21:39.164 [Party] Player "Rage" (id=m_TD03B4NXDQrU5koHpLq3WyQf1hXTvQSdETJOTM8ss=) left the party "SLAVES" (id=1 ownerUID=m_TD03B4NXDQrU5koHpLq3WyQf1hXTvQSdETJOTM8ss= ownerName=F11 Simulator)
18:29:34.906 [Safezone] Player "Mard" (id=OAEsqfVu9Ya3qx3X2Q_PgbpxSoSDXOIUHhH8VWVuumk= pos=<6668.97, 102.5, 6121.64>) entered the safezone
18:29:34.906 [Party] Player "Mard" (id=OAEsqfVu9Ya3qx3X2Q_PgbpxSoSDXOIUHhH8VWVuumk=) joinded the party "Viper Ethereal" (id=33 ownerUID=zazFLAJ4lPF6TvVQMMREjst1jC8o_Id9oh_TjGBwaP8= ownerName=ElBizzy)
18:33:47.789 [Market] Player "Mard" (id=OAEsqfVu9Ya3qx3X2Q_PgbpxSoSDXOIUHhH8VWVuumk=) has sold winchester70 x1 (a9adde20) at the trader "Weapons (Denis [#STR_EXPANSION_MARKET_TRADER_WEAPONS])" in market zone "Trader Zone" (pos=<6675.160645, 104.603935, 6114.155762>) and got 375.
18:33:58.398 [Market] Player "Mard" (id=OAEsqfVu9Ya3qx3X2Q_PgbpxSoSDXOIUHhH8VWVuumk=) has bought weaponcleaningkit x1 (469da6e0) from the trader "Components (Cyril [#STR_EXPANSION_MARKET_TRADER_COMPONENTS])" in market zone "Trader Zone" (pos=<6675.160645, 104.603935, 6114.155762>) for a price of 8.
18:34:09.523 [Market] Player "Mard" (id=OAEsqfVu9Ya3qx3X2Q_PgbpxSoSDXOIUHhH8VWVuumk=) has sold mag_cz527_5rnd x1 (3e3a2e00, ammo_762x39 x4) at the trader "Attachments (Jose [#STR_EXPANSION_MARKET_TRADER_ATTACHMENTS])" in market zone "Trader Zone" (pos=<6675.160645, 104.603935, 6114.155762>) and got 37.
18:34:45.773 [Market] Player "Mard" (id=OAEsqfVu9Ya3qx3X2Q_PgbpxSoSDXOIUHhH8VWVuumk=) has bought sewingkit x1 (3e3c3650) from the trader "Components (Cyril [#STR_EXPANSION_MARKET_TRADER_COMPONENTS])" in market zone "Trader Zone" (pos=<6675.160645, 104.603935, 6114.155762>) for a price of 4.
18:38:34.750 [Market] Player "Mard" (id=OAEsqfVu9Ya3qx3X2Q_PgbpxSoSDXOIUHhH8VWVuumk=) has sold woolcoat_red x1 (63d16e10) at the trader "Clothing (Naomi [#STR_EXPANSION_MARKET_TRADER_CLOTHING])" in market zone "Trader Zone" (pos=<6675.160645, 104.603935, 6114.155762>) and got 10.
18:38:36.671 [Market] Player "Mard" (id=OAEsqfVu9Ya3qx3X2Q_PgbpxSoSDXOIUHhH8VWVuumk=) has sold huntingjacket_spring x1 (954bdd10) at the trader "Clothing (Naomi [#STR_EXPANSION_MARKET_TRADER_CLOTHING])" in market zone "Trader Zone" (pos=<6675.160645, 104.603935, 6114.155762>) and got 67.
18:38:38.867 [Market] Player "Mard" (id=OAEsqfVu9Ya3qx3X2Q_PgbpxSoSDXOIUHhH8VWVuumk=) has sold drybag_yellow x1 (3e1d3d50) at the trader "Clothing (Naomi [#STR_EXPANSION_MARKET_TRADER_CLOTHING])" in market zone "Trader Zone" (pos=<6675.160645, 104.603935, 6114.155762>) and got 11.
18:38:41.109 [Market] Player "Mard" (id=OAEsqfVu9Ya3qx3X2Q_PgbpxSoSDXOIUHhH8VWVuumk=) has sold huntingvest x1 (40226b30) at the trader "Clothing (Naomi [#STR_EXPANSION_MARKET_TRADER_CLOTHING])" in market zone "Trader Zone" (pos=<6675.160645, 104.603935, 6114.155762>) and got 67.
18:38:43.554 [Market] Player "Mard" (id=OAEsqfVu9Ya3qx3X2Q_PgbpxSoSDXOIUHhH8VWVuumk=) has sold cargopants_green x1 (97f24950) at the trader "Clothing (Naomi [#STR_EXPANSION_MARKET_TRADER_CLOTHING])" in market zone "Trader Zone" (pos=<6675.160645, 104.603935, 6114.155762>) and got 19.
18:38:44.562 [Market] Player "Mard" (id=OAEsqfVu9Ya3qx3X2Q_PgbpxSoSDXOIUHhH8VWVuumk=) has sold cargopants_black x1 (5190b370) at the trader "Clothing (Naomi [#STR_EXPANSION_MARKET_TRADER_CLOTHING])" in market zone "Trader Zone" (pos=<6675.160645, 104.603935, 6114.155762>) and got 26.
18:38:45.359 [Market] Player "Mard" (id=OAEsqfVu9Ya3qx3X2Q_PgbpxSoSDXOIUHhH8VWVuumk=) has sold cargopants_grey x1 (97f42ef0) at the trader "Clothing (Naomi [#STR_EXPANSION_MARKET_TRADER_CLOTHING])" in market zone "Trader Zone" (pos=<6675.160645, 104.603935, 6114.155762>) and got 19.
18:38:48.796 [Market] Player "Mard" (id=OAEsqfVu9Ya3qx3X2Q_PgbpxSoSDXOIUHhH8VWVuumk=) has sold balaclava3holes_green x1 (4593a280) at the trader "Clothing (Naomi [#STR_EXPANSION_MARKET_TRADER_CLOTHING])" in market zone "Trader Zone" (pos=<6675.160645, 104.603935, 6114.155762>) and got 45.
18:39:06.109 [Market] Player "Mard" (id=OAEsqfVu9Ya3qx3X2Q_PgbpxSoSDXOIUHhH8VWVuumk=) has sold ushanka_blue x1 (3a7736c0) at the trader "Clothing (Naomi [#STR_EXPANSION_MARKET_TRADER_CLOTHING])" in market zone "Trader Zone" (pos=<6675.160645, 104.603935, 6114.155762>) and got 18.
18:39:08.046 [Market] Player "Mard" (id=OAEsqfVu9Ya3qx3X2Q_PgbpxSoSDXOIUHhH8VWVuumk=) has sold huntingjacket_spring x1 (954b7500) at the trader "Clothing (Naomi [#STR_EXPANSION_MARKET_TRADER_CLOTHING])" in market zone "Trader Zone" (pos=<6675.160645, 104.603935, 6114.155762>) and got 45.
18:39:56.078 [Market] Player "Mard" (id=OAEsqfVu9Ya3qx3X2Q_PgbpxSoSDXOIUHhH8VWVuumk=) has sold barbedwire x1 (7fdd1980) at the trader "BuildingSupplies (Boris [#STR_EXPANSION_MARKET_TRADER_BUILDING_SUPPLIES])" in market zone "Trader Zone" (pos=<6675.160645, 104.603935, 6114.155762>) and got 168.
18:41:46.265 [Safezone] Player "{1:name}" (id={1:id} pos={1:position}) left the safezone
19:00:01.117 [Party] Player "Mard" (id=OAEsqfVu9Ya3qx3X2Q_PgbpxSoSDXOIUHhH8VWVuumk=) left the party "Viper Ethereal" (id=33 ownerUID=zazFLAJ4lPF6TvVQMMREjst1jC8o_Id9oh_TjGBwaP8= ownerName=ElBizzy)
19:00:01.125 [Party] Player "Gus" (id=RE05caT__5EfUiKgwaQAM-lgIkdbXDrPElFk6gtHgqQ=) left the party "engr" (id=28 ownerUID=RE05caT__5EfUiKgwaQAM-lgIkdbXDrPElFk6gtHgqQ= ownerName=Gus)
19:00:01.132 [Party] Player "Sherman" (id=AUAOz-139bUYYmmGpZK-0TkWCQp6vEP3irvR0Qkx5Ys=) left the party "engr" (id=28 ownerUID=RE05caT__5EfUiKgwaQAM-lgIkdbXDrPElFk6gtHgqQ= ownerName=Gus)
