21:04:04.618 [Party] Player "Mard" (id=OAEsqfVu9Ya3qx3X2Q_PgbpxSoSDXOIUHhH8VWVuumk=) joinded the party "Viper Ethereal" (id=33 ownerUID=zazFLAJ4lPF6TvVQMMREjst1jC8o_Id9oh_TjGBwaP8= ownerName=ElBizzy)
21:06:23.263 [MissionAirdrop] An airdrop is heading towards "Wind Farm" (pos=<6469.119629, 0.000000, 6864.399902> type=Random_WindFarm) with a ExpansionAirdropContainer_Medical
21:11:53.842 [Safezone] Player "Mard" (id=OAEsqfVu9Ya3qx3X2Q_PgbpxSoSDXOIUHhH8VWVuumk= pos=<6624.34, 135.89, 6028.39>) entered the safezone
21:13:24.304 [Party] Player "Mard" (id=OAEsqfVu9Ya3qx3X2Q_PgbpxSoSDXOIUHhH8VWVuumk=) left the party "Viper Ethereal" (id=33 ownerUID=zazFLAJ4lPF6TvVQMMREjst1jC8o_Id9oh_TjGBwaP8= ownerName=ElBizzy)
22:32:42.371 [MissionAirdrop] An airdrop is heading towards "Erie" (pos=<723.437744, 0.000000, 8062.600098> type=Random_Erie) with a ExpansionAirdropContainer_Basebuilding
23:49:06.555 [VehicleEnter] Player "Cody_The_HC" (id=wr7AHSM-rjj3iPKn50qvAthn9ffT-qem8bQ35FBx0sc=) entered vehicle Bicycle (id=0BD46CD2514DD077671834AE3A897C95 pos=<3360.01, 182.04, 8720.93>) as driver
23:50:17.445 [VehicleLeave] Player "Cody_The_HC" (id=wr7AHSM-rjj3iPKn50qvAthn9ffT-qem8bQ35FBx0sc=) left vehicle Bicycle (id=0BD46CD2514DD077671834AE3A897C95 pos=<3384.18, 182.37, 8715.6>)
23:52:21.067 [VehicleDeleted] Old_Bike (id=0BD46CD2514DD077671834AE3A897C95 pos=<3384.18, 182.37, 8715.6>)
23:52:34.032 [VehicleEnter] Player "Cody_The_HC" (id=wr7AHSM-rjj3iPKn50qvAthn9ffT-qem8bQ35FBx0sc=) entered vehicle Bicycle (id=BE5A9BA5F9486E65E84038B98E7934F4 pos=<3382.88, 182.39, 8719.48>) as driver
23:54:47.279 [VehicleLeave] Player "Cody_The_HC" (id=wr7AHSM-rjj3iPKn50qvAthn9ffT-qem8bQ35FBx0sc=) left vehicle Bicycle (id=BE5A9BA5F9486E65E84038B98E7934F4 pos=<2677.19, 209.33, 8383.75>)
23:57:37.801 [VehicleEnter] Player "Cody_The_HC" (id=wr7AHSM-rjj3iPKn50qvAthn9ffT-qem8bQ35FBx0sc=) entered vehicle Bicycle (id=BE5A9BA5F9486E65E84038B98E7934F4 pos=<2677.19, 209.33, 8383.75>) as driver
23:59:04.937 [VehicleLeave] Player "Cody_The_HC" (id=wr7AHSM-rjj3iPKn50qvAthn9ffT-qem8bQ35FBx0sc=) left vehicle Bicycle (id=BE5A9BA5F9486E65E84038B98E7934F4 pos=<2177.72, 179.71, 8439.4>)
00:00:44.429 [MissionAirdrop] An airdrop is heading towards "Huron" (pos=<5645.566895, 0.000000, 8244.150391> type=Random_Huron) with a ExpansionAirdropContainer_Medical
00:19:00.840 [Killfeed] Daddy Yoda got killed by an Infected.
00:19:33.741 [Killfeed] Daddy Yoda commited suicide with Bone Knife.
00:25:14.501 [VehicleEnter] Player "Cody_The_HC" (id=wr7AHSM-rjj3iPKn50qvAthn9ffT-qem8bQ35FBx0sc=) entered vehicle Bicycle (id=BE5A9BA5F9486E65E84038B98E7934F4 pos=<2177.69, 179.71, 8439.41>) as driver
00:29:54.250 [VehicleLeave] Player "Cody_The_HC" (id=wr7AHSM-rjj3iPKn50qvAthn9ffT-qem8bQ35FBx0sc=) left vehicle Bicycle (id=BE5A9BA5F9486E65E84038B98E7934F4 pos=<2505.66, 248.1, 7582.18>)
00:34:01.541 [VehicleEnter] Player "Cody_The_HC" (id=wr7AHSM-rjj3iPKn50qvAthn9ffT-qem8bQ35FBx0sc=) entered vehicle Bicycle (id=BE5A9BA5F9486E65E84038B98E7934F4 pos=<2505.66, 248.1, 7582.18>) as driver
00:34:51.692 [VehicleLeave] Player "Cody_The_HC" (id=wr7AHSM-rjj3iPKn50qvAthn9ffT-qem8bQ35FBx0sc=) left vehicle Bicycle (id=BE5A9BA5F9486E65E84038B98E7934F4 pos=<2622.57, 240.77, 7778.85>)
00:34:58.121 [VehicleEnter] Player "Cody_The_HC" (id=wr7AHSM-rjj3iPKn50qvAthn9ffT-qem8bQ35FBx0sc=) entered vehicle Bicycle (id=BE5A9BA5F9486E65E84038B98E7934F4 pos=<2622.57, 240.77, 7778.85>) as driver
00:36:05.940 [VehicleLeave] Player "Cody_The_HC" (id=wr7AHSM-rjj3iPKn50qvAthn9ffT-qem8bQ35FBx0sc=) left vehicle Bicycle (id=BE5A9BA5F9486E65E84038B98E7934F4 pos=<2935.93, 242.25, 7965.44>)
00:37:15.017 [Party] Player "TemuEnjoyer" (id=m_TD03B4NXDQrU5koHpLq3WyQf1hXTvQSdETJOTM8ss=) joinded the party "AURRRRRRORA" (id=1 ownerUID=m_TD03B4NXDQrU5koHpLq3WyQf1hXTvQSdETJOTM8ss= ownerName=F11 Simulator)
00:37:43.172 [VehicleDeleted] Old_Bike_Blue (id=101C07307648C651AE5397B00D089169 pos=<3360.01, 182.04, 8720.93>)
00:37:58.578 [VehicleEnter] Player "Daddy Yoda" (id=FtMTnYvIuO8a3LThIwJZgLEUWNsNBLDD2TYK2hZq3XY=) entered vehicle Bicycle (id=50ECBCEBB14BA6EE305FEB800DFE620A pos=<3360.55, 182.03, 8720.61>) as driver
00:38:15.365 [VehicleLeave] Player "Daddy Yoda" (id=FtMTnYvIuO8a3LThIwJZgLEUWNsNBLDD2TYK2hZq3XY=) left vehicle Bicycle (id=50ECBCEBB14BA6EE305FEB800DFE620A pos=<3341.73, 169.3, 8645.53>)
00:38:33.895 [VehicleEnter] Player "Daddy Yoda" (id=FtMTnYvIuO8a3LThIwJZgLEUWNsNBLDD2TYK2hZq3XY=) entered vehicle Bicycle (id=50ECBCEBB14BA6EE305FEB800DFE620A pos=<3341.73, 169.3, 8645.53>) as driver
00:41:36.932 [VehicleLeave] Player "Daddy Yoda" (id=FtMTnYvIuO8a3LThIwJZgLEUWNsNBLDD2TYK2hZq3XY=) left vehicle Bicycle (id=50ECBCEBB14BA6EE305FEB800DFE620A pos=<4124.16, 147.03, 8030.04>)
00:41:41.228 [VehicleAttachments] Player "Daddy Yoda" (id=FtMTnYvIuO8a3LThIwJZgLEUWNsNBLDD2TYK2hZq3XY=) detached Bicycle Wheel (type=bicycle_wheel) from vehicle Bicycle (id=50ECBCEBB14BA6EE305FEB800DFE620A pos=<4124.17, 147.03, 8030.17>)
00:41:50.461 [VehicleDeleted] Old_Bike_Blue (id=50ECBCEBB14BA6EE305FEB800DFE620A pos=<4124.21, 147.2, 8030.33>)
00:42:08.373 [VehicleEnter] Player "Daddy Yoda" (id=FtMTnYvIuO8a3LThIwJZgLEUWNsNBLDD2TYK2hZq3XY=) entered vehicle Bicycle (id=DDC11412C2417C32705879A0D73F13CC pos=<4123.82, 147.24, 8028.95>) as driver
00:44:47.674 [VehicleEnter] Player "Cody_The_HC" (id=wr7AHSM-rjj3iPKn50qvAthn9ffT-qem8bQ35FBx0sc=) entered vehicle Bicycle (id=BE5A9BA5F9486E65E84038B98E7934F4 pos=<2935.93, 242.25, 7965.44>) as driver
00:47:12.214 [Killfeed] Daddy Yoda commited suicide with Bone Knife.
00:47:33.613 [Party] Player "War" (id=Dwe5m4Kt5tT0Pu77b1iK61asFYU-1GyH4vX9jWZ7qJc=) joinded the party "Wet Willys" (id=62 ownerUID= ownerName=)
00:47:33.613 [Party] Player "War" (id=Dwe5m4Kt5tT0Pu77b1iK61asFYU-1GyH4vX9jWZ7qJc=) created a party named Wet Willys (69420)
00:50:58.113 [VehicleLeave] Player "Cody_The_HC" (id=wr7AHSM-rjj3iPKn50qvAthn9ffT-qem8bQ35FBx0sc=) left vehicle Bicycle (id=BE5A9BA5F9486E65E84038B98E7934F4 pos=<3427.16, 173.5, 6872.22>)
00:51:12.534 [VehicleEnter] Player "Cody_The_HC" (id=wr7AHSM-rjj3iPKn50qvAthn9ffT-qem8bQ35FBx0sc=) entered vehicle Bicycle (id=BE5A9BA5F9486E65E84038B98E7934F4 pos=<3427.16, 173.5, 6872.22>) as driver
00:54:12.490 [VehicleLeave] Player "Cody_The_HC" (id=wr7AHSM-rjj3iPKn50qvAthn9ffT-qem8bQ35FBx0sc=) left vehicle Bicycle (id=BE5A9BA5F9486E65E84038B98E7934F4 pos=<3697.26, 128.69, 6440.95>)
00:54:50.422 [VehicleEnter] Player "Cody_The_HC" (id=wr7AHSM-rjj3iPKn50qvAthn9ffT-qem8bQ35FBx0sc=) entered vehicle Bicycle (id=BE5A9BA5F9486E65E84038B98E7934F4 pos=<3739.56, 122.84, 6408.73>) as driver
00:56:46.407 [VehicleLeave] Player "Cody_The_HC" (id=wr7AHSM-rjj3iPKn50qvAthn9ffT-qem8bQ35FBx0sc=) left vehicle Bicycle (id=BE5A9BA5F9486E65E84038B98E7934F4 pos=<3786.15, 166.27, 5997.27>)
00:59:50.713 [VehicleEnter] Player "Cody_The_HC" (id=wr7AHSM-rjj3iPKn50qvAthn9ffT-qem8bQ35FBx0sc=) entered vehicle Bicycle (id=BE5A9BA5F9486E65E84038B98E7934F4 pos=<3786.1, 166.28, 5997.23>) as driver
01:00:28.466 [VehicleLeave] Player "Cody_The_HC" (id=wr7AHSM-rjj3iPKn50qvAthn9ffT-qem8bQ35FBx0sc=) left vehicle Bicycle (id=BE5A9BA5F9486E65E84038B98E7934F4 pos=<3838.27, 166.26, 5800.34>)
01:02:54.921 [Safezone] Player "TemuEnjoyer" (id=m_TD03B4NXDQrU5koHpLq3WyQf1hXTvQSdETJOTM8ss= pos=<6765.5, 102.52, 6075.41>) entered the safezone
01:03:22.239 [VehicleDeleted] Old_Bike_White (id=68D8FBCD3C4EED4487019D900E9069FE pos=<6689.96, 102.36, 6080.16>)
01:06:24.164 [ATM] Player "TemuEnjoyer" (id=m_TD03B4NXDQrU5koHpLq3WyQf1hXTvQSdETJOTM8ss=) has withdrawn 159442 from his ATM account.
01:07:21.665 [Market] Player "TemuEnjoyer" (id=m_TD03B4NXDQrU5koHpLq3WyQf1hXTvQSdETJOTM8ss=) has bought kreios_umbrella_corporation_backpack x1 (d1e5c0a0) from the trader "Clothing (Naomi [#STR_EXPANSION_MARKET_TRADER_CLOTHING])" in market zone "Trader Zone" (pos=<6675.160645, 104.603935, 6114.155762>) for a price of 100.
01:07:23.820 [Market] Player "TemuEnjoyer" (id=m_TD03B4NXDQrU5koHpLq3WyQf1hXTvQSdETJOTM8ss=) has bought kreios_umbrella_corporation_insulated_nbc_pants x1 (d1e59260) from the trader "Clothing (Naomi [#STR_EXPANSION_MARKET_TRADER_CLOTHING])" in market zone "Trader Zone" (pos=<6675.160645, 104.603935, 6114.155762>) for a price of 100.
01:07:25.146 [Market] Player "TemuEnjoyer" (id=m_TD03B4NXDQrU5koHpLq3WyQf1hXTvQSdETJOTM8ss=) has bought kreios_umbrella_corporation_helmet x1 (d1e63fd0, UniversalLight<d1e61190>, NVGoggles<bfc21220>, Battery9V<d1e66280>) from the trader "Clothing (Naomi [#STR_EXPANSION_MARKET_TRADER_CLOTHING])" in market zone "Trader Zone" (pos=<6675.160645, 104.603935, 6114.155762>) for a price of 630.
01:07:28.975 [Market] Player "TemuEnjoyer" (id=m_TD03B4NXDQrU5koHpLq3WyQf1hXTvQSdETJOTM8ss=) has bought kreios_umbrella_corporation_flag x1 (7d2a98a0) from the trader "Clothing (Naomi [#STR_EXPANSION_MARKET_TRADER_CLOTHING])" in market zone "Trader Zone" (pos=<6675.160645, 104.603935, 6114.155762>) for a price of 100.
01:07:45.367 [Market] Player "TemuEnjoyer" (id=m_TD03B4NXDQrU5koHpLq3WyQf1hXTvQSdETJOTM8ss=) has bought kreios_umbrella_corporation_nbc_gasmask x1 (7d2a75f0, GasMask_Filter<7d2b17d0>) from the trader "Clothing (Naomi [#STR_EXPANSION_MARKET_TRADER_CLOTHING])" in market zone "Trader Zone" (pos=<6675.160645, 104.603935, 6114.155762>) for a price of 1100.
01:07:47.715 [Market] Player "TemuEnjoyer" (id=m_TD03B4NXDQrU5koHpLq3WyQf1hXTvQSdETJOTM8ss=) has bought kreios_umbrella_corporation_platecarrierpouches x1 (7d2aafc0) from the trader "Clothing (Naomi [#STR_EXPANSION_MARKET_TRADER_CLOTHING])" in market zone "Trader Zone" (pos=<6675.160645, 104.603935, 6114.155762>) for a price of 100.
01:07:56.035 [Market] Player "TemuEnjoyer" (id=m_TD03B4NXDQrU5koHpLq3WyQf1hXTvQSdETJOTM8ss=) has bought kreios_umbrella_corporation_flag x1 (39b4c050) from the trader "Clothing (Naomi [#STR_EXPANSION_MARKET_TRADER_CLOTHING])" in market zone "Trader Zone" (pos=<6675.160645, 104.603935, 6114.155762>) for a price of 100.
01:08:27.906 [Market] Player "TemuEnjoyer" (id=m_TD03B4NXDQrU5koHpLq3WyQf1hXTvQSdETJOTM8ss=) has bought platecarriervest x1 (39b7c700) from the trader "Clothing (Naomi [#STR_EXPANSION_MARKET_TRADER_CLOTHING])" in market zone "Trader Zone" (pos=<6675.160645, 104.603935, 6114.155762>) for a price of 250.
01:10:29.034 [Market] Player "TemuEnjoyer" (id=m_TD03B4NXDQrU5koHpLq3WyQf1hXTvQSdETJOTM8ss=) has sold df_platecarrierpouches x1 (d1c1fc60) at the trader "Clothing (Naomi [#STR_EXPANSION_MARKET_TRADER_CLOTHING])" in market zone "Trader Zone" (pos=<6675.160645, 104.603935, 6114.155762>) and got 200.
01:10:57.005 [Market] Player "TemuEnjoyer" (id=m_TD03B4NXDQrU5koHpLq3WyQf1hXTvQSdETJOTM8ss=) has bought kreios_umbrella_corporation_nbc_top x1 (393fc870) from the trader "Clothing (Naomi [#STR_EXPANSION_MARKET_TRADER_CLOTHING])" in market zone "Trader Zone" (pos=<6675.160645, 104.603935, 6114.155762>) for a price of 100.
01:17:27.730 [VehicleEnter] Player "Cody_The_HC" (id=wr7AHSM-rjj3iPKn50qvAthn9ffT-qem8bQ35FBx0sc=) entered vehicle Bicycle (id=BE5A9BA5F9486E65E84038B98E7934F4 pos=<3838.27, 166.26, 5800.34>) as driver
01:17:41.505 [Market] Player "TemuEnjoyer" (id=m_TD03B4NXDQrU5koHpLq3WyQf1hXTvQSdETJOTM8ss=) has bought kreios_umbrella_corporation_balaclava x3 (355f2330) from the trader "Clothing (Naomi [#STR_EXPANSION_MARKET_TRADER_CLOTHING])" in market zone "Trader Zone" (pos=<6675.160645, 104.603935, 6114.155762>) for a price of 300.
01:17:46.445 [Market] Player "TemuEnjoyer" (id=m_TD03B4NXDQrU5koHpLq3WyQf1hXTvQSdETJOTM8ss=) has bought kreios_umbrella_corporation_platecarrierpouches x2 (355ff350) from the trader "Clothing (Naomi [#STR_EXPANSION_MARKET_TRADER_CLOTHING])" in market zone "Trader Zone" (pos=<6675.160645, 104.603935, 6114.155762>) for a price of 200.
01:17:48.797 [Market] Player "TemuEnjoyer" (id=m_TD03B4NXDQrU5koHpLq3WyQf1hXTvQSdETJOTM8ss=) has bought kreios_umbrella_corporation_platecarrierpouches x1 (35600a70) from the trader "Clothing (Naomi [#STR_EXPANSION_MARKET_TRADER_CLOTHING])" in market zone "Trader Zone" (pos=<6675.160645, 104.603935, 6114.155762>) for a price of 100.
01:17:51.195 [Market] Player "TemuEnjoyer" (id=m_TD03B4NXDQrU5koHpLq3WyQf1hXTvQSdETJOTM8ss=) has bought kreios_umbrella_corporation_nbc_pants x3 (355fadf0) from the trader "Clothing (Naomi [#STR_EXPANSION_MARKET_TRADER_CLOTHING])" in market zone "Trader Zone" (pos=<6675.160645, 104.603935, 6114.155762>) for a price of 300.
01:17:53.689 [Market] Player "TemuEnjoyer" (id=m_TD03B4NXDQrU5koHpLq3WyQf1hXTvQSdETJOTM8ss=) has bought kreios_umbrella_corporation_nbc_top x3 (35604fd0) from the trader "Clothing (Naomi [#STR_EXPANSION_MARKET_TRADER_CLOTHING])" in market zone "Trader Zone" (pos=<6675.160645, 104.603935, 6114.155762>) for a price of 300.
01:18:00.355 [Market] Player "TemuEnjoyer" (id=m_TD03B4NXDQrU5koHpLq3WyQf1hXTvQSdETJOTM8ss=) has bought kreios_umbrella_corporation_nbc_gasmask x3 (356038b0, GasMask_Filter<35605b60>, GasMask_Filter<35605b60>, GasMask_Filter<35605b60>) from the trader "Clothing (Naomi [#STR_EXPANSION_MARKET_TRADER_CLOTHING])" in market zone "Trader Zone" (pos=<6675.160645, 104.603935, 6114.155762>) for a price of 3300.
01:18:03.352 [Market] Player "TemuEnjoyer" (id=m_TD03B4NXDQrU5koHpLq3WyQf1hXTvQSdETJOTM8ss=) has bought kreios_umbrella_corporation_backpack x2 (35602d20) from the trader "Clothing (Naomi [#STR_EXPANSION_MARKET_TRADER_CLOTHING])" in market zone "Trader Zone" (pos=<6675.160645, 104.603935, 6114.155762>) for a price of 200.
01:18:34.435 [ATM] Player "TemuEnjoyer" (id=m_TD03B4NXDQrU5koHpLq3WyQf1hXTvQSdETJOTM8ss=) has deposited 152362 on his ATM account.
01:19:52.558 [Safezone] Player "{1:name}" (id={1:id} pos={1:position}) left the safezone
01:22:01.093 [Safezone] Player "TemuEnjoyer" (id=m_TD03B4NXDQrU5koHpLq3WyQf1hXTvQSdETJOTM8ss= pos=<6679.06, 106.11, 6111.75>) entered the safezone
01:22:02.158 [VehicleLeave] Player "Cody_The_HC" (id=wr7AHSM-rjj3iPKn50qvAthn9ffT-qem8bQ35FBx0sc=) left vehicle Bicycle (id=BE5A9BA5F9486E65E84038B98E7934F4 pos=<5190.08, 351.03, 5237.1>)
01:25:13.098 [Safezone] Player "{1:name}" (id={1:id} pos={1:position}) left the safezone
01:26:32.507 [MissionAirdrop] An airdrop is heading towards "Ontario" (pos=<6884.233398, 0.000000, 2921.709961> type=Random_Ontario) with a ExpansionAirdropContainer_Basebuilding
01:27:43.500 [Party] Player "TemuEnjoyer" (id=m_TD03B4NXDQrU5koHpLq3WyQf1hXTvQSdETJOTM8ss=) left the party "AURRRRRRORA" (id=1 ownerUID=m_TD03B4NXDQrU5koHpLq3WyQf1hXTvQSdETJOTM8ss= ownerName=F11 Simulator)
01:30:02.466 [Safezone] Player "Daddy Yoda" (id=FtMTnYvIuO8a3LThIwJZgLEUWNsNBLDD2TYK2hZq3XY= pos=<6684.9, 116.47, 6017.11>) entered the safezone
01:32:12.149 [Safezone] Player "War" (id=Dwe5m4Kt5tT0Pu77b1iK61asFYU-1GyH4vX9jWZ7qJc= pos=<6580.6, 143.84, 6095.76>) entered the safezone
01:32:32.324 [Party] Player "TemuEnjoyer" (id=m_TD03B4NXDQrU5koHpLq3WyQf1hXTvQSdETJOTM8ss=) joinded the party "AURRRRRRORA" (id=1 ownerUID=m_TD03B4NXDQrU5koHpLq3WyQf1hXTvQSdETJOTM8ss= ownerName=F11 Simulator)
01:32:55.695 [Safezone] Player "TemuEnjoyer" (id=m_TD03B4NXDQrU5koHpLq3WyQf1hXTvQSdETJOTM8ss= pos=<6669.47, 102.49, 6147.91>) entered the safezone
01:33:17.940 [Party] Player "War" (id=Dwe5m4Kt5tT0Pu77b1iK61asFYU-1GyH4vX9jWZ7qJc=) invited the player "Daddy Yoda" (id=FtMTnYvIuO8a3LThIwJZgLEUWNsNBLDD2TYK2hZq3XY=)to the party named Wet Willys
01:33:25.466 [Party] Player "Daddy Yoda" (id=FtMTnYvIuO8a3LThIwJZgLEUWNsNBLDD2TYK2hZq3XY=) joinded the party "Wet Willys" (id=62 ownerUID=Dwe5m4Kt5tT0Pu77b1iK61asFYU-1GyH4vX9jWZ7qJc= ownerName=War)
01:35:29.740 [ATM] Player "TemuEnjoyer" (id=m_TD03B4NXDQrU5koHpLq3WyQf1hXTvQSdETJOTM8ss=) has withdrawn 152362 from his ATM account.
01:35:52.015 [Market] Player "TemuEnjoyer" (id=m_TD03B4NXDQrU5koHpLq3WyQf1hXTvQSdETJOTM8ss=) has bought vitaminbottle x1 (d1d7dfb0) from the trader "Medicals (Mirek [#STR_EXPANSION_MARKET_TRADER_MEDICALS])" in market zone "Trader Zone" (pos=<6675.160645, 104.603935, 6114.155762>) for a price of 6.
01:35:54.168 [Market] Player "War" (id=Dwe5m4Kt5tT0Pu77b1iK61asFYU-1GyH4vX9jWZ7qJc=) has sold pickaxe x1 (c15bf280) at the trader "Components (Cyril [#STR_EXPANSION_MARKET_TRADER_COMPONENTS])" in market zone "Trader Zone" (pos=<6675.160645, 104.603935, 6114.155762>) and got 1.
01:36:02.290 [Market] Player "TemuEnjoyer" (id=m_TD03B4NXDQrU5koHpLq3WyQf1hXTvQSdETJOTM8ss=) has bought tetracyclineantibiotics x1 (d1d79750) from the trader "Medicals (Mirek [#STR_EXPANSION_MARKET_TRADER_MEDICALS])" in market zone "Trader Zone" (pos=<6675.160645, 104.603935, 6114.155762>) for a price of 8.
01:36:05.679 [Market] Player "Daddy Yoda" (id=FtMTnYvIuO8a3LThIwJZgLEUWNsNBLDD2TYK2hZq3XY=) has sold repeater x1 (d1c881d0) at the trader "Weapons (Denis [#STR_EXPANSION_MARKET_TRADER_WEAPONS])" in market zone "Trader Zone" (pos=<6675.160645, 104.603935, 6114.155762>) and got 196.
01:36:06.166 [Market] Player "TemuEnjoyer" (id=m_TD03B4NXDQrU5koHpLq3WyQf1hXTvQSdETJOTM8ss=) has bought disinfectantalcohol x1 (d1d7ebc0) from the trader "Medicals (Mirek [#STR_EXPANSION_MARKET_TRADER_MEDICALS])" in market zone "Trader Zone" (pos=<6675.160645, 104.603935, 6114.155762>) for a price of 4.
01:36:11.847 [Market] Player "TemuEnjoyer" (id=m_TD03B4NXDQrU5koHpLq3WyQf1hXTvQSdETJOTM8ss=) has bought purificationtablets x1 (d1d91950) from the trader "Medicals (Mirek [#STR_EXPANSION_MARKET_TRADER_MEDICALS])" in market zone "Trader Zone" (pos=<6675.160645, 104.603935, 6114.155762>) for a price of 5.
01:36:14.975 [Market] Player "War" (id=Dwe5m4Kt5tT0Pu77b1iK61asFYU-1GyH4vX9jWZ7qJc=) has sold universallight x1 (fb43c1e0) at the trader "Attachments (Jose [#STR_EXPANSION_MARKET_TRADER_ATTACHMENTS])" in market zone "Trader Zone" (pos=<6675.160645, 104.603935, 6114.155762>) and got 45.
01:36:24.674 [Market] Player "War" (id=Dwe5m4Kt5tT0Pu77b1iK61asFYU-1GyH4vX9jWZ7qJc=) has sold mag_cz61_20rnd x1 (b6bc9e50, ammo_380 x13) at the trader "Attachments (Jose [#STR_EXPANSION_MARKET_TRADER_ATTACHMENTS])" in market zone "Trader Zone" (pos=<6675.160645, 104.603935, 6114.155762>) and got 69.
01:36:26.594 [Market] Player "War" (id=Dwe5m4Kt5tT0Pu77b1iK61asFYU-1GyH4vX9jWZ7qJc=) has sold mag_saiga_5rnd x1 (b98d20e0, ammo_12gapellets x2) at the trader "Attachments (Jose [#STR_EXPANSION_MARKET_TRADER_ATTACHMENTS])" in market zone "Trader Zone" (pos=<6675.160645, 104.603935, 6114.155762>) and got 81.
01:36:28.534 [Market] Player "War" (id=Dwe5m4Kt5tT0Pu77b1iK61asFYU-1GyH4vX9jWZ7qJc=) has sold mag_ssg82_5rnd x1 (b646aca0, ammo_545x39 x4) at the trader "Attachments (Jose [#STR_EXPANSION_MARKET_TRADER_ATTACHMENTS])" in market zone "Trader Zone" (pos=<6675.160645, 104.603935, 6114.155762>) and got 139.
01:36:57.034 [Market] Player "War" (id=Dwe5m4Kt5tT0Pu77b1iK61asFYU-1GyH4vX9jWZ7qJc=) has sold mag_scout_5rnd x1 (bf541490, ammo_556x45 x1) at the trader "Attachments (Jose [#STR_EXPANSION_MARKET_TRADER_ATTACHMENTS])" in market zone "Trader Zone" (pos=<6675.160645, 104.603935, 6114.155762>) and got 47.
01:37:07.884 [Market] Player "War" (id=Dwe5m4Kt5tT0Pu77b1iK61asFYU-1GyH4vX9jWZ7qJc=) has sold ghillieatt_woodland x1 (c535b870) at the trader "Attachments (Jose [#STR_EXPANSION_MARKET_TRADER_ATTACHMENTS])" in market zone "Trader Zone" (pos=<6675.160645, 104.603935, 6114.155762>) and got 165.
01:37:18.648 [Market] Player "TemuEnjoyer" (id=m_TD03B4NXDQrU5koHpLq3WyQf1hXTvQSdETJOTM8ss=) has sold kreios_umbrella_corporation_flag x1 (c85dc3c0) at the trader "Clothing (Naomi [#STR_EXPANSION_MARKET_TRADER_CLOTHING])" in market zone "Trader Zone" (pos=<6675.160645, 104.603935, 6114.155762>) and got 75.
01:37:33.083 [Market] Player "Daddy Yoda" (id=FtMTnYvIuO8a3LThIwJZgLEUWNsNBLDD2TYK2hZq3XY=) has bought ammobox_556x45_20rnd x1 (c733caa0) from the trader "Weapons (Denis [#STR_EXPANSION_MARKET_TRADER_WEAPONS])" in market zone "Trader Zone" (pos=<6675.160645, 104.603935, 6114.155762>) for a price of 32.
01:37:34.789 [Market] Player "Daddy Yoda" (id=FtMTnYvIuO8a3LThIwJZgLEUWNsNBLDD2TYK2hZq3XY=) has bought ammobox_556x45_20rnd x1 (c733d630) from the trader "Weapons (Denis [#STR_EXPANSION_MARKET_TRADER_WEAPONS])" in market zone "Trader Zone" (pos=<6675.160645, 104.603935, 6114.155762>) for a price of 32.
01:37:36.050 [Market] Player "Daddy Yoda" (id=FtMTnYvIuO8a3LThIwJZgLEUWNsNBLDD2TYK2hZq3XY=) has bought ammobox_556x45_20rnd x1 (f181c250) from the trader "Weapons (Denis [#STR_EXPANSION_MARKET_TRADER_WEAPONS])" in market zone "Trader Zone" (pos=<6675.160645, 104.603935, 6114.155762>) for a price of 32.
01:37:37.819 [Market] Player "Daddy Yoda" (id=FtMTnYvIuO8a3LThIwJZgLEUWNsNBLDD2TYK2hZq3XY=) has bought ammobox_556x45_20rnd x1 (f181b6c0) from the trader "Weapons (Denis [#STR_EXPANSION_MARKET_TRADER_WEAPONS])" in market zone "Trader Zone" (pos=<6675.160645, 104.603935, 6114.155762>) for a price of 32.
01:37:39.171 [Market] Player "War" (id=Dwe5m4Kt5tT0Pu77b1iK61asFYU-1GyH4vX9jWZ7qJc=) has sold mp133shotgun x1 (7db7b540, FNP45_MRDSOptic<d315fb70>) at the trader "Weapons (Denis [#STR_EXPANSION_MARKET_TRADER_WEAPONS])" in market zone "Trader Zone" (pos=<6675.160645, 104.603935, 6114.155762>) and got 562.
01:41:21.381 [Market] Player "Daddy Yoda" (id=FtMTnYvIuO8a3LThIwJZgLEUWNsNBLDD2TYK2hZq3XY=) has bought pnc_suppressor_556mm x1 (b9f1f080) from the trader "Attachments (Jose [#STR_EXPANSION_MARKET_TRADER_ATTACHMENTS])" in market zone "Trader Zone" (pos=<6675.160645, 104.603935, 6114.155762>) for a price of 35.
01:43:34.906 [Market] Player "Daddy Yoda" (id=FtMTnYvIuO8a3LThIwJZgLEUWNsNBLDD2TYK2hZq3XY=) has bought m4_suppressor x1 (34ff4580) from the trader "Attachments (Jose [#STR_EXPANSION_MARKET_TRADER_ATTACHMENTS])" in market zone "Trader Zone" (pos=<6675.160645, 104.603935, 6114.155762>) for a price of 25.
01:43:58.168 [Market] Player "Daddy Yoda" (id=FtMTnYvIuO8a3LThIwJZgLEUWNsNBLDD2TYK2hZq3XY=) has sold m4_suppressor x1 (34ff4580) at the trader "Attachments (Jose [#STR_EXPANSION_MARKET_TRADER_ATTACHMENTS])" in market zone "Trader Zone" (pos=<6675.160645, 104.603935, 6114.155762>) and got 18.
01:44:08.283 [Market] Player "Daddy Yoda" (id=FtMTnYvIuO8a3LThIwJZgLEUWNsNBLDD2TYK2hZq3XY=) has sold mag_glock_15rnd x1 (bfedbb60, ammo_9x19 x14) at the trader "Attachments (Jose [#STR_EXPANSION_MARKET_TRADER_ATTACHMENTS])" in market zone "Trader Zone" (pos=<6675.160645, 104.603935, 6114.155762>) and got 21.
01:44:10.384 [Market] Player "War" (id=Dwe5m4Kt5tT0Pu77b1iK61asFYU-1GyH4vX9jWZ7qJc=) has sold pistolsuppressor x1 (2ed31440) at the trader "Attachments (Jose [#STR_EXPANSION_MARKET_TRADER_ATTACHMENTS])" in market zone "Trader Zone" (pos=<6675.160645, 104.603935, 6114.155762>) and got 8.
01:44:13.200 [Market] Player "War" (id=Dwe5m4Kt5tT0Pu77b1iK61asFYU-1GyH4vX9jWZ7qJc=) has sold pistolsuppressor x1 (be0b1fe0) at the trader "Attachments (Jose [#STR_EXPANSION_MARKET_TRADER_ATTACHMENTS])" in market zone "Trader Zone" (pos=<6675.160645, 104.603935, 6114.155762>) and got 8.
01:44:13.890 [Market] Player "War" (id=Dwe5m4Kt5tT0Pu77b1iK61asFYU-1GyH4vX9jWZ7qJc=) has sold pistolsuppressor x1 (eeb74bf0) at the trader "Attachments (Jose [#STR_EXPANSION_MARKET_TRADER_ATTACHMENTS])" in market zone "Trader Zone" (pos=<6675.160645, 104.603935, 6114.155762>) and got 8.
01:45:09.065 [VehicleEnter] Player "Cody_The_HC" (id=wr7AHSM-rjj3iPKn50qvAthn9ffT-qem8bQ35FBx0sc=) entered vehicle Bicycle (id=BE5A9BA5F9486E65E84038B98E7934F4 pos=<5190.08, 351.03, 5237.1>) as driver
01:46:33.681 [Market] Player "Daddy Yoda" (id=FtMTnYvIuO8a3LThIwJZgLEUWNsNBLDD2TYK2hZq3XY=) has bought sewingkit x1 (b9b9a880) from the trader "Components (Cyril [#STR_EXPANSION_MARKET_TRADER_COMPONENTS])" in market zone "Trader Zone" (pos=<6675.160645, 104.603935, 6114.155762>) for a price of 4.
01:46:37.766 [Market] Player "Daddy Yoda" (id=FtMTnYvIuO8a3LThIwJZgLEUWNsNBLDD2TYK2hZq3XY=) has bought weaponcleaningkit x1 (b9b9b410) from the trader "Components (Cyril [#STR_EXPANSION_MARKET_TRADER_COMPONENTS])" in market zone "Trader Zone" (pos=<6675.160645, 104.603935, 6114.155762>) for a price of 8.
01:46:46.545 [Market] Player "Daddy Yoda" (id=FtMTnYvIuO8a3LThIwJZgLEUWNsNBLDD2TYK2hZq3XY=) has bought personalradio x1 (b9bd0020, Battery9V<b9bca3a0>) from the trader "Components (Cyril [#STR_EXPANSION_MARKET_TRADER_COMPONENTS])" in market zone "Trader Zone" (pos=<6675.160645, 104.603935, 6114.155762>) for a price of 20.
01:47:09.071 [Market] Player "War" (id=Dwe5m4Kt5tT0Pu77b1iK61asFYU-1GyH4vX9jWZ7qJc=) has sold ammo_308win x1 (b6c02430) at the trader "Weapons (Denis [#STR_EXPANSION_MARKET_TRADER_WEAPONS])" in market zone "Trader Zone" (pos=<6675.160645, 104.603935, 6114.155762>) and got 0.
01:47:09.742 [Market] Player "War" (id=Dwe5m4Kt5tT0Pu77b1iK61asFYU-1GyH4vX9jWZ7qJc=) has sold ammo_308win x1 (b6c02430) at the trader "Weapons (Denis [#STR_EXPANSION_MARKET_TRADER_WEAPONS])" in market zone "Trader Zone" (pos=<6675.160645, 104.603935, 6114.155762>) and got 0.
01:47:10.011 [Market] Player "War" (id=Dwe5m4Kt5tT0Pu77b1iK61asFYU-1GyH4vX9jWZ7qJc=) has sold ammo_308win x1 (b6c02430) at the trader "Weapons (Denis [#STR_EXPANSION_MARKET_TRADER_WEAPONS])" in market zone "Trader Zone" (pos=<6675.160645, 104.603935, 6114.155762>) and got 0.
01:47:10.240 [Market] Player "War" (id=Dwe5m4Kt5tT0Pu77b1iK61asFYU-1GyH4vX9jWZ7qJc=) has sold ammo_308win x1 (b6c02430) at the trader "Weapons (Denis [#STR_EXPANSION_MARKET_TRADER_WEAPONS])" in market zone "Trader Zone" (pos=<6675.160645, 104.603935, 6114.155762>) and got 0.
01:47:11.013 [Market] Player "War" (id=Dwe5m4Kt5tT0Pu77b1iK61asFYU-1GyH4vX9jWZ7qJc=) has sold ammo_380 x1 (d1a7c7f0) at the trader "Weapons (Denis [#STR_EXPANSION_MARKET_TRADER_WEAPONS])" in market zone "Trader Zone" (pos=<6675.160645, 104.603935, 6114.155762>) and got 0.
01:47:11.182 [Market] Player "War" (id=Dwe5m4Kt5tT0Pu77b1iK61asFYU-1GyH4vX9jWZ7qJc=) has sold ammo_380 x1 (d1a7c7f0) at the trader "Weapons (Denis [#STR_EXPANSION_MARKET_TRADER_WEAPONS])" in market zone "Trader Zone" (pos=<6675.160645, 104.603935, 6114.155762>) and got 0.
01:47:11.339 [Market] Player "War" (id=Dwe5m4Kt5tT0Pu77b1iK61asFYU-1GyH4vX9jWZ7qJc=) has sold ammo_380 x1 (d1a7c7f0) at the trader "Weapons (Denis [#STR_EXPANSION_MARKET_TRADER_WEAPONS])" in market zone "Trader Zone" (pos=<6675.160645, 104.603935, 6114.155762>) and got 0.
01:47:11.502 [Market] Player "War" (id=Dwe5m4Kt5tT0Pu77b1iK61asFYU-1GyH4vX9jWZ7qJc=) has sold ammo_380 x1 (d1a7c7f0) at the trader "Weapons (Denis [#STR_EXPANSION_MARKET_TRADER_WEAPONS])" in market zone "Trader Zone" (pos=<6675.160645, 104.603935, 6114.155762>) and got 0.
01:47:11.662 [Market] Player "War" (id=Dwe5m4Kt5tT0Pu77b1iK61asFYU-1GyH4vX9jWZ7qJc=) has sold ammo_380 x1 (d1a7c7f0) at the trader "Weapons (Denis [#STR_EXPANSION_MARKET_TRADER_WEAPONS])" in market zone "Trader Zone" (pos=<6675.160645, 104.603935, 6114.155762>) and got 0.
01:47:11.832 [Market] Player "War" (id=Dwe5m4Kt5tT0Pu77b1iK61asFYU-1GyH4vX9jWZ7qJc=) has sold ammo_380 x1 (d1a7c7f0) at the trader "Weapons (Denis [#STR_EXPANSION_MARKET_TRADER_WEAPONS])" in market zone "Trader Zone" (pos=<6675.160645, 104.603935, 6114.155762>) and got 0.
01:47:11.982 [Market] Player "War" (id=Dwe5m4Kt5tT0Pu77b1iK61asFYU-1GyH4vX9jWZ7qJc=) has sold ammo_380 x1 (d1a7c7f0) at the trader "Weapons (Denis [#STR_EXPANSION_MARKET_TRADER_WEAPONS])" in market zone "Trader Zone" (pos=<6675.160645, 104.603935, 6114.155762>) and got 0.
01:47:12.119 [Market] Player "War" (id=Dwe5m4Kt5tT0Pu77b1iK61asFYU-1GyH4vX9jWZ7qJc=) has sold ammo_380 x1 (d1a7c7f0) at the trader "Weapons (Denis [#STR_EXPANSION_MARKET_TRADER_WEAPONS])" in market zone "Trader Zone" (pos=<6675.160645, 104.603935, 6114.155762>) and got 0.
01:47:12.313 [Market] Player "War" (id=Dwe5m4Kt5tT0Pu77b1iK61asFYU-1GyH4vX9jWZ7qJc=) has sold ammo_380 x1 (d1a7c7f0) at the trader "Weapons (Denis [#STR_EXPANSION_MARKET_TRADER_WEAPONS])" in market zone "Trader Zone" (pos=<6675.160645, 104.603935, 6114.155762>) and got 0.
01:47:12.443 [Market] Player "War" (id=Dwe5m4Kt5tT0Pu77b1iK61asFYU-1GyH4vX9jWZ7qJc=) has sold ammo_380 x1 (d1a7c7f0) at the trader "Weapons (Denis [#STR_EXPANSION_MARKET_TRADER_WEAPONS])" in market zone "Trader Zone" (pos=<6675.160645, 104.603935, 6114.155762>) and got 0.
01:47:12.612 [Market] Player "War" (id=Dwe5m4Kt5tT0Pu77b1iK61asFYU-1GyH4vX9jWZ7qJc=) has sold ammo_380 x1 (d1a7c7f0) at the trader "Weapons (Denis [#STR_EXPANSION_MARKET_TRADER_WEAPONS])" in market zone "Trader Zone" (pos=<6675.160645, 104.603935, 6114.155762>) and got 0.
01:47:12.801 [Market] Player "War" (id=Dwe5m4Kt5tT0Pu77b1iK61asFYU-1GyH4vX9jWZ7qJc=) has sold ammo_380 x1 (d1a7c7f0) at the trader "Weapons (Denis [#STR_EXPANSION_MARKET_TRADER_WEAPONS])" in market zone "Trader Zone" (pos=<6675.160645, 104.603935, 6114.155762>) and got 0.
01:47:12.982 [Market] Player "War" (id=Dwe5m4Kt5tT0Pu77b1iK61asFYU-1GyH4vX9jWZ7qJc=) has sold ammo_380 x1 (d1a7c7f0) at the trader "Weapons (Denis [#STR_EXPANSION_MARKET_TRADER_WEAPONS])" in market zone "Trader Zone" (pos=<6675.160645, 104.603935, 6114.155762>) and got 0.
01:47:14.855 [Market] Player "War" (id=Dwe5m4Kt5tT0Pu77b1iK61asFYU-1GyH4vX9jWZ7qJc=) has sold ammo_12gapellets x1 (c18bb0b0) at the trader "Weapons (Denis [#STR_EXPANSION_MARKET_TRADER_WEAPONS])" in market zone "Trader Zone" (pos=<6675.160645, 104.603935, 6114.155762>) and got 3.
01:47:15.019 [Market] Player "War" (id=Dwe5m4Kt5tT0Pu77b1iK61asFYU-1GyH4vX9jWZ7qJc=) has sold ammo_12gapellets x1 (c18bb0b0) at the trader "Weapons (Denis [#STR_EXPANSION_MARKET_TRADER_WEAPONS])" in market zone "Trader Zone" (pos=<6675.160645, 104.603935, 6114.155762>) and got 3.
01:47:15.972 [Market] Player "War" (id=Dwe5m4Kt5tT0Pu77b1iK61asFYU-1GyH4vX9jWZ7qJc=) has sold ammo_545x39 x1 (b6bed4e0) at the trader "Weapons (Denis [#STR_EXPANSION_MARKET_TRADER_WEAPONS])" in market zone "Trader Zone" (pos=<6675.160645, 104.603935, 6114.155762>) and got 0.
01:47:16.124 [Market] Player "War" (id=Dwe5m4Kt5tT0Pu77b1iK61asFYU-1GyH4vX9jWZ7qJc=) has sold ammo_545x39 x1 (b6bed4e0) at the trader "Weapons (Denis [#STR_EXPANSION_MARKET_TRADER_WEAPONS])" in market zone "Trader Zone" (pos=<6675.160645, 104.603935, 6114.155762>) and got 0.
01:47:16.621 [Market] Player "War" (id=Dwe5m4Kt5tT0Pu77b1iK61asFYU-1GyH4vX9jWZ7qJc=) has sold ammo_545x39 x1 (262dbc20) at the trader "Weapons (Denis [#STR_EXPANSION_MARKET_TRADER_WEAPONS])" in market zone "Trader Zone" (pos=<6675.160645, 104.603935, 6114.155762>) and got 0.
01:47:16.798 [Market] Player "War" (id=Dwe5m4Kt5tT0Pu77b1iK61asFYU-1GyH4vX9jWZ7qJc=) has sold ammo_545x39 x1 (262dbc20) at the trader "Weapons (Denis [#STR_EXPANSION_MARKET_TRADER_WEAPONS])" in market zone "Trader Zone" (pos=<6675.160645, 104.603935, 6114.155762>) and got 0.
01:47:16.972 [Market] Player "War" (id=Dwe5m4Kt5tT0Pu77b1iK61asFYU-1GyH4vX9jWZ7qJc=) has sold ammo_545x39 x1 (262dbc20) at the trader "Weapons (Denis [#STR_EXPANSION_MARKET_TRADER_WEAPONS])" in market zone "Trader Zone" (pos=<6675.160645, 104.603935, 6114.155762>) and got 0.
01:47:17.122 [Market] Player "War" (id=Dwe5m4Kt5tT0Pu77b1iK61asFYU-1GyH4vX9jWZ7qJc=) has sold ammo_545x39 x1 (262dbc20) at the trader "Weapons (Denis [#STR_EXPANSION_MARKET_TRADER_WEAPONS])" in market zone "Trader Zone" (pos=<6675.160645, 104.603935, 6114.155762>) and got 0.
01:47:17.574 [Market] Player "War" (id=Dwe5m4Kt5tT0Pu77b1iK61asFYU-1GyH4vX9jWZ7qJc=) has sold ammo_545x39 x1 (262dbc20) at the trader "Weapons (Denis [#STR_EXPANSION_MARKET_TRADER_WEAPONS])" in market zone "Trader Zone" (pos=<6675.160645, 104.603935, 6114.155762>) and got 0.
01:47:18.761 [Market] Player "War" (id=Dwe5m4Kt5tT0Pu77b1iK61asFYU-1GyH4vX9jWZ7qJc=) has sold ammo_762x39 x1 (2c253b50) at the trader "Weapons (Denis [#STR_EXPANSION_MARKET_TRADER_WEAPONS])" in market zone "Trader Zone" (pos=<6675.160645, 104.603935, 6114.155762>) and got 0.
01:47:18.916 [Market] Player "War" (id=Dwe5m4Kt5tT0Pu77b1iK61asFYU-1GyH4vX9jWZ7qJc=) has sold ammo_762x39 x1 (2c253b50) at the trader "Weapons (Denis [#STR_EXPANSION_MARKET_TRADER_WEAPONS])" in market zone "Trader Zone" (pos=<6675.160645, 104.603935, 6114.155762>) and got 0.
01:47:19.090 [Market] Player "War" (id=Dwe5m4Kt5tT0Pu77b1iK61asFYU-1GyH4vX9jWZ7qJc=) has sold ammo_762x39 x1 (2c253b50) at the trader "Weapons (Denis [#STR_EXPANSION_MARKET_TRADER_WEAPONS])" in market zone "Trader Zone" (pos=<6675.160645, 104.603935, 6114.155762>) and got 0.
01:47:19.260 [Market] Player "War" (id=Dwe5m4Kt5tT0Pu77b1iK61asFYU-1GyH4vX9jWZ7qJc=) has sold ammo_762x39 x1 (2c253b50) at the trader "Weapons (Denis [#STR_EXPANSION_MARKET_TRADER_WEAPONS])" in market zone "Trader Zone" (pos=<6675.160645, 104.603935, 6114.155762>) and got 0.
01:47:19.390 [Market] Player "War" (id=Dwe5m4Kt5tT0Pu77b1iK61asFYU-1GyH4vX9jWZ7qJc=) has sold ammo_762x39 x1 (2c253b50) at the trader "Weapons (Denis [#STR_EXPANSION_MARKET_TRADER_WEAPONS])" in market zone "Trader Zone" (pos=<6675.160645, 104.603935, 6114.155762>) and got 0.
01:47:20.050 [Market] Player "War" (id=Dwe5m4Kt5tT0Pu77b1iK61asFYU-1GyH4vX9jWZ7qJc=) has sold ammo_762x54 x1 (39b6b180) at the trader "Weapons (Denis [#STR_EXPANSION_MARKET_TRADER_WEAPONS])" in market zone "Trader Zone" (pos=<6675.160645, 104.603935, 6114.155762>) and got 1.
01:47:20.215 [Market] Player "War" (id=Dwe5m4Kt5tT0Pu77b1iK61asFYU-1GyH4vX9jWZ7qJc=) has sold ammo_762x54 x1 (39b6b180) at the trader "Weapons (Denis [#STR_EXPANSION_MARKET_TRADER_WEAPONS])" in market zone "Trader Zone" (pos=<6675.160645, 104.603935, 6114.155762>) and got 1.
01:47:20.914 [Market] Player "War" (id=Dwe5m4Kt5tT0Pu77b1iK61asFYU-1GyH4vX9jWZ7qJc=) has sold ammo_9x19 x1 (d37b1400) at the trader "Weapons (Denis [#STR_EXPANSION_MARKET_TRADER_WEAPONS])" in market zone "Trader Zone" (pos=<6675.160645, 104.603935, 6114.155762>) and got 1.
01:47:21.099 [Market] Player "War" (id=Dwe5m4Kt5tT0Pu77b1iK61asFYU-1GyH4vX9jWZ7qJc=) has sold ammo_9x19 x1 (d37b1400) at the trader "Weapons (Denis [#STR_EXPANSION_MARKET_TRADER_WEAPONS])" in market zone "Trader Zone" (pos=<6675.160645, 104.603935, 6114.155762>) and got 1.
01:47:21.250 [Market] Player "War" (id=Dwe5m4Kt5tT0Pu77b1iK61asFYU-1GyH4vX9jWZ7qJc=) has sold ammo_9x19 x1 (d37b1400) at the trader "Weapons (Denis [#STR_EXPANSION_MARKET_TRADER_WEAPONS])" in market zone "Trader Zone" (pos=<6675.160645, 104.603935, 6114.155762>) and got 1.
01:47:21.422 [Market] Player "War" (id=Dwe5m4Kt5tT0Pu77b1iK61asFYU-1GyH4vX9jWZ7qJc=) has sold ammo_9x19 x1 (d37b1400) at the trader "Weapons (Denis [#STR_EXPANSION_MARKET_TRADER_WEAPONS])" in market zone "Trader Zone" (pos=<6675.160645, 104.603935, 6114.155762>) and got 1.
01:47:21.758 [Market] Player "War" (id=Dwe5m4Kt5tT0Pu77b1iK61asFYU-1GyH4vX9jWZ7qJc=) has sold ammo_9x19 x1 (c709eea0) at the trader "Weapons (Denis [#STR_EXPANSION_MARKET_TRADER_WEAPONS])" in market zone "Trader Zone" (pos=<6675.160645, 104.603935, 6114.155762>) and got 1.
01:47:21.930 [Market] Player "War" (id=Dwe5m4Kt5tT0Pu77b1iK61asFYU-1GyH4vX9jWZ7qJc=) has sold ammo_9x19 x1 (c709eea0) at the trader "Weapons (Denis [#STR_EXPANSION_MARKET_TRADER_WEAPONS])" in market zone "Trader Zone" (pos=<6675.160645, 104.603935, 6114.155762>) and got 1.
01:47:22.110 [Market] Player "War" (id=Dwe5m4Kt5tT0Pu77b1iK61asFYU-1GyH4vX9jWZ7qJc=) has sold ammo_9x19 x1 (7d2a5340) at the trader "Weapons (Denis [#STR_EXPANSION_MARKET_TRADER_WEAPONS])" in market zone "Trader Zone" (pos=<6675.160645, 104.603935, 6114.155762>) and got 0.
01:47:22.432 [Market] Player "War" (id=Dwe5m4Kt5tT0Pu77b1iK61asFYU-1GyH4vX9jWZ7qJc=) has sold ammo_9x19 x1 (7d2a5340) at the trader "Weapons (Denis [#STR_EXPANSION_MARKET_TRADER_WEAPONS])" in market zone "Trader Zone" (pos=<6675.160645, 104.603935, 6114.155762>) and got 0.
01:47:22.815 [Market] Player "War" (id=Dwe5m4Kt5tT0Pu77b1iK61asFYU-1GyH4vX9jWZ7qJc=) has sold ammo_9x19 x1 (7d2a5340) at the trader "Weapons (Denis [#STR_EXPANSION_MARKET_TRADER_WEAPONS])" in market zone "Trader Zone" (pos=<6675.160645, 104.603935, 6114.155762>) and got 0.
01:47:23.013 [Market] Player "War" (id=Dwe5m4Kt5tT0Pu77b1iK61asFYU-1GyH4vX9jWZ7qJc=) has sold ammo_9x19 x1 (7d2a5340) at the trader "Weapons (Denis [#STR_EXPANSION_MARKET_TRADER_WEAPONS])" in market zone "Trader Zone" (pos=<6675.160645, 104.603935, 6114.155762>) and got 0.
01:47:23.192 [Market] Player "War" (id=Dwe5m4Kt5tT0Pu77b1iK61asFYU-1GyH4vX9jWZ7qJc=) has sold ammo_9x19 x1 (7d2a5340) at the trader "Weapons (Denis [#STR_EXPANSION_MARKET_TRADER_WEAPONS])" in market zone "Trader Zone" (pos=<6675.160645, 104.603935, 6114.155762>) and got 0.
01:47:23.342 [Market] Player "War" (id=Dwe5m4Kt5tT0Pu77b1iK61asFYU-1GyH4vX9jWZ7qJc=) has sold ammo_9x19 x1 (7d2a5340) at the trader "Weapons (Denis [#STR_EXPANSION_MARKET_TRADER_WEAPONS])" in market zone "Trader Zone" (pos=<6675.160645, 104.603935, 6114.155762>) and got 0.
01:47:23.531 [Market] Player "War" (id=Dwe5m4Kt5tT0Pu77b1iK61asFYU-1GyH4vX9jWZ7qJc=) has sold ammo_9x19 x1 (7d2a5340) at the trader "Weapons (Denis [#STR_EXPANSION_MARKET_TRADER_WEAPONS])" in market zone "Trader Zone" (pos=<6675.160645, 104.603935, 6114.155762>) and got 0.
01:47:23.713 [Market] Player "War" (id=Dwe5m4Kt5tT0Pu77b1iK61asFYU-1GyH4vX9jWZ7qJc=) has sold ammo_9x19 x1 (7d2a5340) at the trader "Weapons (Denis [#STR_EXPANSION_MARKET_TRADER_WEAPONS])" in market zone "Trader Zone" (pos=<6675.160645, 104.603935, 6114.155762>) and got 0.
01:47:23.881 [Market] Player "War" (id=Dwe5m4Kt5tT0Pu77b1iK61asFYU-1GyH4vX9jWZ7qJc=) has sold ammo_9x19 x1 (7d2a5340) at the trader "Weapons (Denis [#STR_EXPANSION_MARKET_TRADER_WEAPONS])" in market zone "Trader Zone" (pos=<6675.160645, 104.603935, 6114.155762>) and got 0.
01:47:24.088 [Market] Player "War" (id=Dwe5m4Kt5tT0Pu77b1iK61asFYU-1GyH4vX9jWZ7qJc=) has sold ammo_9x19 x1 (7d2a5340) at the trader "Weapons (Denis [#STR_EXPANSION_MARKET_TRADER_WEAPONS])" in market zone "Trader Zone" (pos=<6675.160645, 104.603935, 6114.155762>) and got 0.
01:47:24.233 [Market] Player "War" (id=Dwe5m4Kt5tT0Pu77b1iK61asFYU-1GyH4vX9jWZ7qJc=) has sold ammo_9x19 x1 (7d2a5340) at the trader "Weapons (Denis [#STR_EXPANSION_MARKET_TRADER_WEAPONS])" in market zone "Trader Zone" (pos=<6675.160645, 104.603935, 6114.155762>) and got 0.
01:47:24.398 [Market] Player "War" (id=Dwe5m4Kt5tT0Pu77b1iK61asFYU-1GyH4vX9jWZ7qJc=) has sold ammo_9x19 x1 (7d2a5340) at the trader "Weapons (Denis [#STR_EXPANSION_MARKET_TRADER_WEAPONS])" in market zone "Trader Zone" (pos=<6675.160645, 104.603935, 6114.155762>) and got 0.
01:47:24.566 [Market] Player "War" (id=Dwe5m4Kt5tT0Pu77b1iK61asFYU-1GyH4vX9jWZ7qJc=) has sold ammo_9x19 x1 (7d2a5340) at the trader "Weapons (Denis [#STR_EXPANSION_MARKET_TRADER_WEAPONS])" in market zone "Trader Zone" (pos=<6675.160645, 104.603935, 6114.155762>) and got 0.
01:47:24.902 [Market] Player "War" (id=Dwe5m4Kt5tT0Pu77b1iK61asFYU-1GyH4vX9jWZ7qJc=) has sold ammo_9x39 x1 (d25f4b50) at the trader "Weapons (Denis [#STR_EXPANSION_MARKET_TRADER_WEAPONS])" in market zone "Trader Zone" (pos=<6675.160645, 104.603935, 6114.155762>) and got 1.
01:47:25.115 [Market] Player "War" (id=Dwe5m4Kt5tT0Pu77b1iK61asFYU-1GyH4vX9jWZ7qJc=) has sold ammo_9x39 x1 (d25f4b50) at the trader "Weapons (Denis [#STR_EXPANSION_MARKET_TRADER_WEAPONS])" in market zone "Trader Zone" (pos=<6675.160645, 104.603935, 6114.155762>) and got 1.
01:47:25.272 [Market] Player "War" (id=Dwe5m4Kt5tT0Pu77b1iK61asFYU-1GyH4vX9jWZ7qJc=) has sold ammo_9x39 x1 (d25f4b50) at the trader "Weapons (Denis [#STR_EXPANSION_MARKET_TRADER_WEAPONS])" in market zone "Trader Zone" (pos=<6675.160645, 104.603935, 6114.155762>) and got 1.
01:47:25.480 [Market] Player "War" (id=Dwe5m4Kt5tT0Pu77b1iK61asFYU-1GyH4vX9jWZ7qJc=) has sold ammo_9x39 x1 (d25f4b50) at the trader "Weapons (Denis [#STR_EXPANSION_MARKET_TRADER_WEAPONS])" in market zone "Trader Zone" (pos=<6675.160645, 104.603935, 6114.155762>) and got 1.
01:47:27.702 [Market] Player "War" (id=Dwe5m4Kt5tT0Pu77b1iK61asFYU-1GyH4vX9jWZ7qJc=) has sold ammobox_380_35rnd x1 (c8726900) at the trader "Weapons (Denis [#STR_EXPANSION_MARKET_TRADER_WEAPONS])" in market zone "Trader Zone" (pos=<6675.160645, 104.603935, 6114.155762>) and got 42.
01:47:28.665 [Market] Player "War" (id=Dwe5m4Kt5tT0Pu77b1iK61asFYU-1GyH4vX9jWZ7qJc=) has sold ammobox_545x39_20rnd x1 (b72425e0) at the trader "Weapons (Denis [#STR_EXPANSION_MARKET_TRADER_WEAPONS])" in market zone "Trader Zone" (pos=<6675.160645, 104.603935, 6114.155762>) and got 6.
01:47:33.910 [Market] Player "War" (id=Dwe5m4Kt5tT0Pu77b1iK61asFYU-1GyH4vX9jWZ7qJc=) has sold cleaver x1 (d3d80170) at the trader "Weapons (Denis [#STR_EXPANSION_MARKET_TRADER_WEAPONS])" in market zone "Trader Zone" (pos=<6675.160645, 104.603935, 6114.155762>) and got 5.
01:47:38.342 [Market] Player "War" (id=Dwe5m4Kt5tT0Pu77b1iK61asFYU-1GyH4vX9jWZ7qJc=) has sold ump45 x1 (c72928e0, Mag_UMP_25Rnd<2d297a80>, ammo_45acp x24, PistolSuppressor<ca9ba010>) at the trader "Weapons (Denis [#STR_EXPANSION_MARKET_TRADER_WEAPONS])" in market zone "Trader Zone" (pos=<6675.160645, 104.603935, 6114.155762>) and got 513.
01:47:50.330 [Market] Player "War" (id=Dwe5m4Kt5tT0Pu77b1iK61asFYU-1GyH4vX9jWZ7qJc=) has sold mag_cmag_10rnd x1 (b9318990, ammo_556x45 x6) at the trader "Attachments (Jose [#STR_EXPANSION_MARKET_TRADER_ATTACHMENTS])" in market zone "Trader Zone" (pos=<6675.160645, 104.603935, 6114.155762>) and got 73.
01:47:51.080 [Market] Player "War" (id=Dwe5m4Kt5tT0Pu77b1iK61asFYU-1GyH4vX9jWZ7qJc=) has sold mag_cmag_10rnd x1 (c552aed0, ammo_556x45 x8) at the trader "Attachments (Jose [#STR_EXPANSION_MARKET_TRADER_ATTACHMENTS])" in market zone "Trader Zone" (pos=<6675.160645, 104.603935, 6114.155762>) and got 98.
01:47:55.003 [Market] Player "War" (id=Dwe5m4Kt5tT0Pu77b1iK61asFYU-1GyH4vX9jWZ7qJc=) has sold mag_glock_15rnd x1 (bfede9a0, ammo_9x19 x3) at the trader "Attachments (Jose [#STR_EXPANSION_MARKET_TRADER_ATTACHMENTS])" in market zone "Trader Zone" (pos=<6675.160645, 104.603935, 6114.155762>) and got 25.
01:47:55.692 [Market] Player "War" (id=Dwe5m4Kt5tT0Pu77b1iK61asFYU-1GyH4vX9jWZ7qJc=) has sold mag_ump_25rnd x1 (c896bf40, ammo_45acp x7) at the trader "Attachments (Jose [#STR_EXPANSION_MARKET_TRADER_ATTACHMENTS])" in market zone "Trader Zone" (pos=<6675.160645, 104.603935, 6114.155762>) and got 91.
01:48:05.653 [Market] Player "War" (id=Dwe5m4Kt5tT0Pu77b1iK61asFYU-1GyH4vX9jWZ7qJc=) has sold electronicrepairkit x1 (ceb08d00) at the trader "Components (Cyril [#STR_EXPANSION_MARKET_TRADER_COMPONENTS])" in market zone "Trader Zone" (pos=<6675.160645, 104.603935, 6114.155762>) and got 19.
01:48:47.697 [VehicleLeave] Player "Cody_The_HC" (id=wr7AHSM-rjj3iPKn50qvAthn9ffT-qem8bQ35FBx0sc=) left vehicle Bicycle (id=BE5A9BA5F9486E65E84038B98E7934F4 pos=<5708.51, 294.33, 4333.5>)
01:48:56.910 [Market] Player "Daddy Yoda" (id=FtMTnYvIuO8a3LThIwJZgLEUWNsNBLDD2TYK2hZq3XY=) has bought petrollighter x1 (d1e60600) from the trader "Components (Cyril [#STR_EXPANSION_MARKET_TRADER_COMPONENTS])" in market zone "Trader Zone" (pos=<6675.160645, 104.603935, 6114.155762>) for a price of 8.
01:49:13.069 [ATM] Player "War" (id=Dwe5m4Kt5tT0Pu77b1iK61asFYU-1GyH4vX9jWZ7qJc=) has deposited 2023 on his ATM account.
01:49:27.232 [VehicleEnter] Player "Cody_The_HC" (id=wr7AHSM-rjj3iPKn50qvAthn9ffT-qem8bQ35FBx0sc=) entered vehicle Bicycle (id=BE5A9BA5F9486E65E84038B98E7934F4 pos=<5708.51, 294.33, 4333.5>) as driver
01:49:44.092 [ATM] Player "War" (id=Dwe5m4Kt5tT0Pu77b1iK61asFYU-1GyH4vX9jWZ7qJc=) has withdrawn 102023 from his ATM account.
01:50:15.388 [VehicleLeave] Player "Cody_The_HC" (id=wr7AHSM-rjj3iPKn50qvAthn9ffT-qem8bQ35FBx0sc=) left vehicle Bicycle (id=BE5A9BA5F9486E65E84038B98E7934F4 pos=<5748.25, 294.36, 4016.88>)
01:50:35.696 [Market] Player "War" (id=Dwe5m4Kt5tT0Pu77b1iK61asFYU-1GyH4vX9jWZ7qJc=) has bought fal x1 (bf78e2d0, Mag_FAL_20Rnd<fb43c1e0>, ammo_308win x20) from the trader "Weapons (Denis [#STR_EXPANSION_MARKET_TRADER_WEAPONS])" in market zone "Trader Zone" (pos=<6675.160645, 104.603935, 6114.155762>) for a price of 1840.
01:50:52.095 [Market] Player "War" (id=Dwe5m4Kt5tT0Pu77b1iK61asFYU-1GyH4vX9jWZ7qJc=) has sold fal x1 (bf78e2d0, Mag_FAL_20Rnd<fb43c1e0>, ammo_308win x20) at the trader "Weapons (Denis [#STR_EXPANSION_MARKET_TRADER_WEAPONS])" in market zone "Trader Zone" (pos=<6675.160645, 104.603935, 6114.155762>) and got 1370.
01:50:56.309 [Market] Player "War" (id=Dwe5m4Kt5tT0Pu77b1iK61asFYU-1GyH4vX9jWZ7qJc=) has bought m4a1 x1 (bf78e2d0, M4_PlasticHndgrd<c683ddf0>, M4_OEBttstck<c6835ec0>, Mag_STANAG_30Rnd<c683c6d0>, ammo_556x45 x30, M4_CarryHandleOptic<bfc26690>) from the trader "Weapons (Denis [#STR_EXPANSION_MARKET_TRADER_WEAPONS])" in market zone "Trader Zone" (pos=<6675.160645, 104.603935, 6114.155762>) for a price of 2330.
01:51:19.266 [Market] Player "War" (id=Dwe5m4Kt5tT0Pu77b1iK61asFYU-1GyH4vX9jWZ7qJc=) has sold m4a1 x1 (bf78e2d0, M4_CarryHandleOptic<bfc26690>, Mag_STANAG_30Rnd<c683c6d0>, ammo_556x45 x30, M4_OEBttstck<c6835ec0>, M4_PlasticHndgrd<c683ddf0>) at the trader "Weapons (Denis [#STR_EXPANSION_MARKET_TRADER_WEAPONS])" in market zone "Trader Zone" (pos=<6675.160645, 104.603935, 6114.155762>) and got 1731.
01:51:20.290 [Market] Player "War" (id=Dwe5m4Kt5tT0Pu77b1iK61asFYU-1GyH4vX9jWZ7qJc=) has bought pnc_w_scarh x1 (bf78e2d0) from the trader "Weapons (Denis [#STR_EXPANSION_MARKET_TRADER_WEAPONS])" in market zone "Trader Zone" (pos=<6675.160645, 104.603935, 6114.155762>) for a price of 4500.
01:51:23.613 [VehicleEnter] Player "Cody_The_HC" (id=wr7AHSM-rjj3iPKn50qvAthn9ffT-qem8bQ35FBx0sc=) entered vehicle Bicycle (id=BE5A9BA5F9486E65E84038B98E7934F4 pos=<5748.26, 294.37, 4016.9>) as driver
01:51:40.010 [ATM] Player "TemuEnjoyer" (id=m_TD03B4NXDQrU5koHpLq3WyQf1hXTvQSdETJOTM8ss=) has deposited 152414 on his ATM account.
01:51:49.382 [Market] Player "War" (id=Dwe5m4Kt5tT0Pu77b1iK61asFYU-1GyH4vX9jWZ7qJc=) has bought ammobox_308winap_20rnd x1 (c685c390) from the trader "Weapons (Denis [#STR_EXPANSION_MARKET_TRADER_WEAPONS])" in market zone "Trader Zone" (pos=<6675.160645, 104.603935, 6114.155762>) for a price of 100.
01:52:06.304 [VehicleLeave] Player "Cody_The_HC" (id=wr7AHSM-rjj3iPKn50qvAthn9ffT-qem8bQ35FBx0sc=) left vehicle Bicycle (id=BE5A9BA5F9486E65E84038B98E7934F4 pos=<5883.2, 263.28, 4002.26>)
01:52:33.934 [Market] Player "Daddy Yoda" (id=FtMTnYvIuO8a3LThIwJZgLEUWNsNBLDD2TYK2hZq3XY=) has sold handcuffs x1 (b98b0d00) at the trader "BuildingSupplies (Boris [#STR_EXPANSION_MARKET_TRADER_BUILDING_SUPPLIES])" in market zone "Trader Zone" (pos=<6675.160645, 104.603935, 6114.155762>) and got 37.
01:52:34.525 [Market] Player "Daddy Yoda" (id=FtMTnYvIuO8a3LThIwJZgLEUWNsNBLDD2TYK2hZq3XY=) has sold handcuffkeys x1 (ceb26710) at the trader "BuildingSupplies (Boris [#STR_EXPANSION_MARKET_TRADER_BUILDING_SUPPLIES])" in market zone "Trader Zone" (pos=<6675.160645, 104.603935, 6114.155762>) and got 19.
01:54:50.368 [Market] Player "Daddy Yoda" (id=FtMTnYvIuO8a3LThIwJZgLEUWNsNBLDD2TYK2hZq3XY=) has bought vitaminbottle x5 (c5417690) from the trader "Medicals (Mirek [#STR_EXPANSION_MARKET_TRADER_MEDICALS])" in market zone "Trader Zone" (pos=<6675.160645, 104.603935, 6114.155762>) for a price of 30.
01:55:32.965 [Market] Player "Daddy Yoda" (id=FtMTnYvIuO8a3LThIwJZgLEUWNsNBLDD2TYK2hZq3XY=) has sold vitaminbottle x1 (c5417690) at the trader "Medicals (Mirek [#STR_EXPANSION_MARKET_TRADER_MEDICALS])" in market zone "Trader Zone" (pos=<6675.160645, 104.603935, 6114.155762>) and got 4.
01:55:34.355 [Market] Player "Daddy Yoda" (id=FtMTnYvIuO8a3LThIwJZgLEUWNsNBLDD2TYK2hZq3XY=) has sold vitaminbottle x1 (c5425bc0) at the trader "Medicals (Mirek [#STR_EXPANSION_MARKET_TRADER_MEDICALS])" in market zone "Trader Zone" (pos=<6675.160645, 104.603935, 6114.155762>) and got 4.
01:55:36.118 [Market] Player "Daddy Yoda" (id=FtMTnYvIuO8a3LThIwJZgLEUWNsNBLDD2TYK2hZq3XY=) has sold vitaminbottle x1 (c54243a0) at the trader "Medicals (Mirek [#STR_EXPANSION_MARKET_TRADER_MEDICALS])" in market zone "Trader Zone" (pos=<6675.160645, 104.603935, 6114.155762>) and got 4.
01:55:45.790 [Market] Player "Daddy Yoda" (id=FtMTnYvIuO8a3LThIwJZgLEUWNsNBLDD2TYK2hZq3XY=) has sold vitaminbottle x1 (c8886950) at the trader "Medicals (Mirek [#STR_EXPANSION_MARKET_TRADER_MEDICALS])" in market zone "Trader Zone" (pos=<6675.160645, 104.603935, 6114.155762>) and got 4.
01:57:53.484 [Market] Player "Daddy Yoda" (id=FtMTnYvIuO8a3LThIwJZgLEUWNsNBLDD2TYK2hZq3XY=) has sold weldingmask x1 (c8c70aa0) at the trader "Clothing (Naomi [#STR_EXPANSION_MARKET_TRADER_CLOTHING])" in market zone "Trader Zone" (pos=<6675.160645, 104.603935, 6114.155762>) and got 52.
01:58:12.049 [Market] Player "War" (id=Dwe5m4Kt5tT0Pu77b1iK61asFYU-1GyH4vX9jWZ7qJc=) has bought ammobox_308winap_20rnd x1 (cb123090) from the trader "Weapons (Denis [#STR_EXPANSION_MARKET_TRADER_WEAPONS])" in market zone "Trader Zone" (pos=<6675.160645, 104.603935, 6114.155762>) for a price of 100.
01:58:12.238 [Market] Player "War" (id=Dwe5m4Kt5tT0Pu77b1iK61asFYU-1GyH4vX9jWZ7qJc=) has bought ammobox_308winap_20rnd x1 (cb1275f0) from the trader "Weapons (Denis [#STR_EXPANSION_MARKET_TRADER_WEAPONS])" in market zone "Trader Zone" (pos=<6675.160645, 104.603935, 6114.155762>) for a price of 100.
01:58:12.426 [Market] Player "War" (id=Dwe5m4Kt5tT0Pu77b1iK61asFYU-1GyH4vX9jWZ7qJc=) has bought ammobox_308winap_20rnd x1 (cb123c20) from the trader "Weapons (Denis [#STR_EXPANSION_MARKET_TRADER_WEAPONS])" in market zone "Trader Zone" (pos=<6675.160645, 104.603935, 6114.155762>) for a price of 100.
01:58:12.628 [Market] Player "War" (id=Dwe5m4Kt5tT0Pu77b1iK61asFYU-1GyH4vX9jWZ7qJc=) has bought ammobox_308winap_20rnd x1 (cb121970) from the trader "Weapons (Denis [#STR_EXPANSION_MARKET_TRADER_WEAPONS])" in market zone "Trader Zone" (pos=<6675.160645, 104.603935, 6114.155762>) for a price of 100.
01:58:12.820 [Market] Player "War" (id=Dwe5m4Kt5tT0Pu77b1iK61asFYU-1GyH4vX9jWZ7qJc=) has bought ammobox_308winap_20rnd x1 (cb128d10) from the trader "Weapons (Denis [#STR_EXPANSION_MARKET_TRADER_WEAPONS])" in market zone "Trader Zone" (pos=<6675.160645, 104.603935, 6114.155762>) for a price of 100.
01:58:13.008 [Market] Player "War" (id=Dwe5m4Kt5tT0Pu77b1iK61asFYU-1GyH4vX9jWZ7qJc=) has bought ammobox_308winap_20rnd x1 (cb12c6e0) from the trader "Weapons (Denis [#STR_EXPANSION_MARKET_TRADER_WEAPONS])" in market zone "Trader Zone" (pos=<6675.160645, 104.603935, 6114.155762>) for a price of 100.
01:58:13.176 [Market] Player "War" (id=Dwe5m4Kt5tT0Pu77b1iK61asFYU-1GyH4vX9jWZ7qJc=) has bought ammobox_308winap_20rnd x1 (cb130c40) from the trader "Weapons (Denis [#STR_EXPANSION_MARKET_TRADER_WEAPONS])" in market zone "Trader Zone" (pos=<6675.160645, 104.603935, 6114.155762>) for a price of 100.
01:58:13.378 [Market] Player "War" (id=Dwe5m4Kt5tT0Pu77b1iK61asFYU-1GyH4vX9jWZ7qJc=) has bought ammobox_308winap_20rnd x1 (cb1317d0) from the trader "Weapons (Denis [#STR_EXPANSION_MARKET_TRADER_WEAPONS])" in market zone "Trader Zone" (pos=<6675.160645, 104.603935, 6114.155762>) for a price of 100.
01:58:13.555 [Market] Player "War" (id=Dwe5m4Kt5tT0Pu77b1iK61asFYU-1GyH4vX9jWZ7qJc=) has bought ammobox_308winap_20rnd x1 (cb12afc0) from the trader "Weapons (Denis [#STR_EXPANSION_MARKET_TRADER_WEAPONS])" in market zone "Trader Zone" (pos=<6675.160645, 104.603935, 6114.155762>) for a price of 100.
01:58:13.728 [Market] Player "War" (id=Dwe5m4Kt5tT0Pu77b1iK61asFYU-1GyH4vX9jWZ7qJc=) has bought ammobox_308winap_20rnd x1 (cb135d30) from the trader "Weapons (Denis [#STR_EXPANSION_MARKET_TRADER_WEAPONS])" in market zone "Trader Zone" (pos=<6675.160645, 104.603935, 6114.155762>) for a price of 100.
01:58:13.890 [Market] Player "War" (id=Dwe5m4Kt5tT0Pu77b1iK61asFYU-1GyH4vX9jWZ7qJc=) has bought ammobox_308winap_20rnd x1 (cb1368c0) from the trader "Weapons (Denis [#STR_EXPANSION_MARKET_TRADER_WEAPONS])" in market zone "Trader Zone" (pos=<6675.160645, 104.603935, 6114.155762>) for a price of 100.
01:58:14.705 [Market] Player "War" (id=Dwe5m4Kt5tT0Pu77b1iK61asFYU-1GyH4vX9jWZ7qJc=) has bought ammobox_308winap_20rnd x1 (cb137450) from the trader "Weapons (Denis [#STR_EXPANSION_MARKET_TRADER_WEAPONS])" in market zone "Trader Zone" (pos=<6675.160645, 104.603935, 6114.155762>) for a price of 100.
01:58:14.930 [Market] Player "War" (id=Dwe5m4Kt5tT0Pu77b1iK61asFYU-1GyH4vX9jWZ7qJc=) has bought ammobox_308winap_20rnd x1 (2bdaed00) from the trader "Weapons (Denis [#STR_EXPANSION_MARKET_TRADER_WEAPONS])" in market zone "Trader Zone" (pos=<6675.160645, 104.603935, 6114.155762>) for a price of 100.
01:58:15.691 [Market] Player "War" (id=Dwe5m4Kt5tT0Pu77b1iK61asFYU-1GyH4vX9jWZ7qJc=) has bought ammobox_308winap_20rnd x1 (2bdad5e0) from the trader "Weapons (Denis [#STR_EXPANSION_MARKET_TRADER_WEAPONS])" in market zone "Trader Zone" (pos=<6675.160645, 104.603935, 6114.155762>) for a price of 100.
01:58:15.964 [Market] Player "War" (id=Dwe5m4Kt5tT0Pu77b1iK61asFYU-1GyH4vX9jWZ7qJc=) has bought ammobox_308winap_20rnd x1 (2bdaca50) from the trader "Weapons (Denis [#STR_EXPANSION_MARKET_TRADER_WEAPONS])" in market zone "Trader Zone" (pos=<6675.160645, 104.603935, 6114.155762>) for a price of 100.
01:58:16.950 [Market] Player "War" (id=Dwe5m4Kt5tT0Pu77b1iK61asFYU-1GyH4vX9jWZ7qJc=) has bought ammobox_308winap_20rnd x1 (2bdb1b40) from the trader "Weapons (Denis [#STR_EXPANSION_MARKET_TRADER_WEAPONS])" in market zone "Trader Zone" (pos=<6675.160645, 104.603935, 6114.155762>) for a price of 100.
01:58:17.128 [Market] Player "War" (id=Dwe5m4Kt5tT0Pu77b1iK61asFYU-1GyH4vX9jWZ7qJc=) has bought ammobox_308winap_20rnd x1 (2bdab330) from the trader "Weapons (Denis [#STR_EXPANSION_MARKET_TRADER_WEAPONS])" in market zone "Trader Zone" (pos=<6675.160645, 104.603935, 6114.155762>) for a price of 100.
01:58:17.298 [Market] Player "War" (id=Dwe5m4Kt5tT0Pu77b1iK61asFYU-1GyH4vX9jWZ7qJc=) has bought ammobox_308winap_20rnd x1 (2bdb60a0) from the trader "Weapons (Denis [#STR_EXPANSION_MARKET_TRADER_WEAPONS])" in market zone "Trader Zone" (pos=<6675.160645, 104.603935, 6114.155762>) for a price of 100.
01:58:17.460 [Market] Player "War" (id=Dwe5m4Kt5tT0Pu77b1iK61asFYU-1GyH4vX9jWZ7qJc=) has bought ammobox_308winap_20rnd x1 (2bdb77c0) from the trader "Weapons (Denis [#STR_EXPANSION_MARKET_TRADER_WEAPONS])" in market zone "Trader Zone" (pos=<6675.160645, 104.603935, 6114.155762>) for a price of 100.
01:58:17.628 [Market] Player "War" (id=Dwe5m4Kt5tT0Pu77b1iK61asFYU-1GyH4vX9jWZ7qJc=) has bought ammobox_308winap_20rnd x1 (2bdb8350) from the trader "Weapons (Denis [#STR_EXPANSION_MARKET_TRADER_WEAPONS])" in market zone "Trader Zone" (pos=<6675.160645, 104.603935, 6114.155762>) for a price of 100.
01:58:46.776 [Market] Player "War" (id=Dwe5m4Kt5tT0Pu77b1iK61asFYU-1GyH4vX9jWZ7qJc=) has bought pnc_scarh_20rnd x1 (c535b870, ammo_308win x30) from the trader "Attachments (Jose [#STR_EXPANSION_MARKET_TRADER_ATTACHMENTS])" in market zone "Trader Zone" (pos=<6675.160645, 104.603935, 6114.155762>) for a price of 260.
01:58:47.590 [Market] Player "War" (id=Dwe5m4Kt5tT0Pu77b1iK61asFYU-1GyH4vX9jWZ7qJc=) has bought pnc_scarh_20rnd x1 (c535cf90, ammo_308win x30) from the trader "Attachments (Jose [#STR_EXPANSION_MARKET_TRADER_ATTACHMENTS])" in market zone "Trader Zone" (pos=<6675.160645, 104.603935, 6114.155762>) for a price of 260.
01:58:47.802 [Market] Player "War" (id=Dwe5m4Kt5tT0Pu77b1iK61asFYU-1GyH4vX9jWZ7qJc=) has bought pnc_scarh_20rnd x1 (c535e6b0, ammo_308win x30) from the trader "Attachments (Jose [#STR_EXPANSION_MARKET_TRADER_ATTACHMENTS])" in market zone "Trader Zone" (pos=<6675.160645, 104.603935, 6114.155762>) for a price of 260.
01:58:47.975 [Market] Player "War" (id=Dwe5m4Kt5tT0Pu77b1iK61asFYU-1GyH4vX9jWZ7qJc=) has bought pnc_scarh_20rnd x1 (c5358a30, ammo_308win x30) from the trader "Attachments (Jose [#STR_EXPANSION_MARKET_TRADER_ATTACHMENTS])" in market zone "Trader Zone" (pos=<6675.160645, 104.603935, 6114.155762>) for a price of 260.
01:58:49.481 [Market] Player "War" (id=Dwe5m4Kt5tT0Pu77b1iK61asFYU-1GyH4vX9jWZ7qJc=) has bought pnc_scarh_20rnd x1 (c53637a0, ammo_308win x30) from the trader "Attachments (Jose [#STR_EXPANSION_MARKET_TRADER_ATTACHMENTS])" in market zone "Trader Zone" (pos=<6675.160645, 104.603935, 6114.155762>) for a price of 260.
01:59:00.829 [Market] Player "War" (id=Dwe5m4Kt5tT0Pu77b1iK61asFYU-1GyH4vX9jWZ7qJc=) has bought pnc_suppressor_308win x1 (d25f1180) from the trader "Attachments (Jose [#STR_EXPANSION_MARKET_TRADER_ATTACHMENTS])" in market zone "Trader Zone" (pos=<6675.160645, 104.603935, 6114.155762>) for a price of 50.
01:59:24.318 [Market] Player "War" (id=Dwe5m4Kt5tT0Pu77b1iK61asFYU-1GyH4vX9jWZ7qJc=) has bought pnc_suppressor_308win x1 (d2600450) from the trader "Attachments (Jose [#STR_EXPANSION_MARKET_TRADER_ATTACHMENTS])" in market zone "Trader Zone" (pos=<6675.160645, 104.603935, 6114.155762>) for a price of 50.
01:59:24.569 [Market] Player "War" (id=Dwe5m4Kt5tT0Pu77b1iK61asFYU-1GyH4vX9jWZ7qJc=) has bought pnc_suppressor_308win x1 (d26077f0) from the trader "Attachments (Jose [#STR_EXPANSION_MARKET_TRADER_ATTACHMENTS])" in market zone "Trader Zone" (pos=<6675.160645, 104.603935, 6114.155762>) for a price of 50.
01:59:24.745 [Market] Player "War" (id=Dwe5m4Kt5tT0Pu77b1iK61asFYU-1GyH4vX9jWZ7qJc=) has bought pnc_suppressor_308win x1 (d260bd50) from the trader "Attachments (Jose [#STR_EXPANSION_MARKET_TRADER_ATTACHMENTS])" in market zone "Trader Zone" (pos=<6675.160645, 104.603935, 6114.155762>) for a price of 50.
01:59:35.041 [Market] Player "War" (id=Dwe5m4Kt5tT0Pu77b1iK61asFYU-1GyH4vX9jWZ7qJc=) has bought pnc_suppressor_308win x1 (bffbdbf0) from the trader "Attachments (Jose [#STR_EXPANSION_MARKET_TRADER_ATTACHMENTS])" in market zone "Trader Zone" (pos=<6675.160645, 104.603935, 6114.155762>) for a price of 50.
02:00:01.626 [Party] Player "War" (id=Dwe5m4Kt5tT0Pu77b1iK61asFYU-1GyH4vX9jWZ7qJc=) left the party "Wet Willys" (id=62 ownerUID=Dwe5m4Kt5tT0Pu77b1iK61asFYU-1GyH4vX9jWZ7qJc= ownerName=War)
02:00:01.631 [Party] Player "TemuEnjoyer" (id=m_TD03B4NXDQrU5koHpLq3WyQf1hXTvQSdETJOTM8ss=) left the party "AURRRRRRORA" (id=1 ownerUID=m_TD03B4NXDQrU5koHpLq3WyQf1hXTvQSdETJOTM8ss= ownerName=F11 Simulator)
02:00:01.642 [Party] Player "Daddy Yoda" (id=FtMTnYvIuO8a3LThIwJZgLEUWNsNBLDD2TYK2hZq3XY=) left the party "Wet Willys" (id=62 ownerUID=Dwe5m4Kt5tT0Pu77b1iK61asFYU-1GyH4vX9jWZ7qJc= ownerName=War)
