07:01:41.111 [Party] Player "kid_thicarus" (id=PCa2rHYMSoktREnBdCJhud3yF7sSVJm0VfvU9nkLX9I=) joinded the party "Falcon Frostbound" (id=54 ownerUID=NCt_N5_qQF-rVKuC9zgxthdVRunW6bi2CSf86nt8dUY= ownerName=Hutch)
07:01:49.177 [Party] Player "HoldOn" (id=m_TD03B4NXDQrU5koHpLq3WyQf1hXTvQSdETJOTM8ss=) joinded the party "AURRRRRRORA" (id=1 ownerUID=m_TD03B4NXDQrU5koHpLq3WyQf1hXTvQSdETJOTM8ss= ownerName=F11 Simulator)
07:01:58.343 [Party] Player "Authority" (id=kOLgOs9yYBFVRQG3lqoHveYdP5X8y3SO69cq5MiR4us=) joinded the party "AURRRRRRORA" (id=1 ownerUID=m_TD03B4NXDQrU5koHpLq3WyQf1hXTvQSdETJOTM8ss= ownerName=F11 Simulator)
07:03:16.910 [Killfeed] [Falco] kid_thicarus got killed.
07:03:22.201 [Party] Player "kid_thicarus" (id=PCa2rHYMSoktREnBdCJhud3yF7sSVJm0VfvU9nkLX9I=) joinded the party "Falcon Frostbound" (id=54 ownerUID=NCt_N5_qQF-rVKuC9zgxthdVRunW6bi2CSf86nt8dUY= ownerName=Hutch)
07:03:54.472 [Killfeed] [Falco] kid_thicarus commited suicide with Bone Knife.
07:04:10.513 [Party] Player "kid_thicarus" (id=PCa2rHYMSoktREnBdCJhud3yF7sSVJm0VfvU9nkLX9I=) joinded the party "Falcon Frostbound" (id=54 ownerUID=NCt_N5_qQF-rVKuC9zgxthdVRunW6bi2CSf86nt8dUY= ownerName=Hutch)
07:04:48.349 [Party] Player "BolbyCheez" (id=SW5c8LwZJpjoNf4Vhp8j7PhK3OI54VEXx4TRlQeef_k=) joinded the party "Falcon Frostbound" (id=54 ownerUID=NCt_N5_qQF-rVKuC9zgxthdVRunW6bi2CSf86nt8dUY= ownerName=Hutch)
07:06:17.695 [MissionAirdrop] An airdrop is heading towards "OWF Industries" (pos=<7167.299805, 0.000000, 4161.319824> type=Random_OWFIndustries) with a ExpansionAirdropContainer_Military
07:22:18.742 [VehicleEnter] Player "HoldOn" (id=m_TD03B4NXDQrU5koHpLq3WyQf1hXTvQSdETJOTM8ss=) entered vehicle Bicycle (id=FCE66681364B408D3CDF20AD73102023 pos=<4937.99, 320.02, 4564.76>) as driver
07:24:36.268 [VehicleLeave] Player "HoldOn" (id=m_TD03B4NXDQrU5koHpLq3WyQf1hXTvQSdETJOTM8ss=) left vehicle Bicycle (id=FCE66681364B408D3CDF20AD73102023 pos=<5283.43, 351.01, 5124.89>)
07:24:59.175 [VehicleEnter] Player "Authority" (id=kOLgOs9yYBFVRQG3lqoHveYdP5X8y3SO69cq5MiR4us=) entered vehicle Bicycle (id=06AFC8B09C4A359DAB4304A4E37E22E4 pos=<5262.81, 351.03, 5157.19>) as driver
07:25:06.448 [Safezone] Player "BolbyCheez" (id=SW5c8LwZJpjoNf4Vhp8j7PhK3OI54VEXx4TRlQeef_k= pos=<6621.11, 136.66, 6030.32>) entered the safezone
07:25:10.264 [VehicleEnter] Player "HoldOn" (id=m_TD03B4NXDQrU5koHpLq3WyQf1hXTvQSdETJOTM8ss=) entered vehicle Bicycle (id=FCE66681364B408D3CDF20AD73102023 pos=<5283.43, 351.01, 5124.89>) as driver
07:27:18.767 [Safezone] Player "{1:name}" (id={1:id} pos={1:position}) left the safezone
07:28:55.561 [Killfeed] [Falco] kid_thicarus commited suicide with CR-75.
07:29:02.290 [Party] Player "kid_thicarus" (id=PCa2rHYMSoktREnBdCJhud3yF7sSVJm0VfvU9nkLX9I=) left the party "Falcon Frostbound" (id=54 ownerUID=NCt_N5_qQF-rVKuC9zgxthdVRunW6bi2CSf86nt8dUY= ownerName=Hutch)
07:31:01.611 [Safezone] Player "Gun" (id=dQV0MWQE63QrNRXqd-4btd7ZbIxSfqWMKo6FakQaWEs= pos=<6689.82, 102.5, 6108.64>) entered the safezone
07:31:04.673 [Party] Player "BolbyCheez" (id=SW5c8LwZJpjoNf4Vhp8j7PhK3OI54VEXx4TRlQeef_k=) left the party "Falcon Frostbound" (id=54 ownerUID=NCt_N5_qQF-rVKuC9zgxthdVRunW6bi2CSf86nt8dUY= ownerName=Hutch)
07:32:18.817 [Safezone] Player "HoldOn" (id=m_TD03B4NXDQrU5koHpLq3WyQf1hXTvQSdETJOTM8ss= pos=<6751.46, 104.78, 6058.27>) entered the safezone
07:32:21.000 [Safezone] Player "Authority" (id=kOLgOs9yYBFVRQG3lqoHveYdP5X8y3SO69cq5MiR4us= pos=<6757.61, 103.91, 6064.1>) entered the safezone
07:32:36.256 [VehicleLeave] Player "Authority" (id=kOLgOs9yYBFVRQG3lqoHveYdP5X8y3SO69cq5MiR4us=) left vehicle Bicycle (id=06AFC8B09C4A359DAB4304A4E37E22E4 pos=<6674.44, 102.51, 6091.47>)
07:32:44.764 [VehicleLeave] Player "HoldOn" (id=m_TD03B4NXDQrU5koHpLq3WyQf1hXTvQSdETJOTM8ss=) left vehicle Bicycle (id=FCE66681364B408D3CDF20AD73102023 pos=<6685.31, 102.56, 6079.66>)
07:33:34.081 [Market] Player "Authority" (id=kOLgOs9yYBFVRQG3lqoHveYdP5X8y3SO69cq5MiR4us=) has sold pnc_w_honeybadger x1 (439cbe30, PNC_Mag_HoneyBadger_Coupled_60Rnd<43d5c510>, ammo_300aac x60, M4_OEBttstck<43d60a70>, UniversalLight<43d61600>, M4_T3NRDSOptic<43b7be00>) at the trader "Weapons (Denis [#STR_EXPANSION_MARKET_TRADER_WEAPONS])" in market zone "Trader Zone" (pos=<6675.160645, 104.603935, 6114.155762>) and got 3833.
07:33:35.138 [Market] Player "Authority" (id=kOLgOs9yYBFVRQG3lqoHveYdP5X8y3SO69cq5MiR4us=) has sold pnc_w_fal x1 (41e3fa40, Fal_OeBttstck<421a6a80>, M4_T3NRDSOptic<41816d50>, Battery9V<421ade20>, GhillieAtt_Tan<421ae9b0>, PNC_MoreMag_FAL_50Rnd<421a81a0>, ammo_308win x37) at the trader "Weapons (Denis [#STR_EXPANSION_MARKET_TRADER_WEAPONS])" in market zone "Trader Zone" (pos=<6675.160645, 104.603935, 6114.155762>) and got 3220.
07:33:41.449 [Market] Player "HoldOn" (id=m_TD03B4NXDQrU5koHpLq3WyQf1hXTvQSdETJOTM8ss=) has sold pnc_w_famas x1 (41e64610, M4_T3NRDSOptic<422d6850>, Battery9V<4373cac0>, UniversalLight<437362b0>, Mag_CMAG_30Rnd<4373d650>, ammo_556x45 x86) at the trader "Weapons (Denis [#STR_EXPANSION_MARKET_TRADER_WEAPONS])" in market zone "Trader Zone" (pos=<6675.160645, 104.603935, 6114.155762>) and got 2767.
07:34:57.409 [Market] Player "HoldOn" (id=m_TD03B4NXDQrU5koHpLq3WyQf1hXTvQSdETJOTM8ss=) has sold huntingoptic x1 (632b31d0) at the trader "Attachments (Jose [#STR_EXPANSION_MARKET_TRADER_ATTACHMENTS])" in market zone "Trader Zone" (pos=<6675.160645, 104.603935, 6114.155762>) and got 750.
07:35:01.429 [Market] Player "HoldOn" (id=m_TD03B4NXDQrU5koHpLq3WyQf1hXTvQSdETJOTM8ss=) has sold pnc_suppressor_65_creedmore_green x1 (43d6fd40) at the trader "Attachments (Jose [#STR_EXPANSION_MARKET_TRADER_ATTACHMENTS])" in market zone "Trader Zone" (pos=<6675.160645, 104.603935, 6114.155762>) and got 37.
07:35:02.966 [Market] Player "HoldOn" (id=m_TD03B4NXDQrU5koHpLq3WyQf1hXTvQSdETJOTM8ss=) has sold pnc_honeybadger_suppressor_02 x1 (44263170) at the trader "Attachments (Jose [#STR_EXPANSION_MARKET_TRADER_ATTACHMENTS])" in market zone "Trader Zone" (pos=<6675.160645, 104.603935, 6114.155762>) and got 6.
07:36:30.292 [Market] Player "HoldOn" (id=m_TD03B4NXDQrU5koHpLq3WyQf1hXTvQSdETJOTM8ss=) has sold gasmask_filter x1 (aac3da00) at the trader "Clothing (Naomi [#STR_EXPANSION_MARKET_TRADER_CLOTHING])" in market zone "Trader Zone" (pos=<6675.160645, 104.603935, 6114.155762>) and got 359.
07:36:31.667 [Market] Player "HoldOn" (id=m_TD03B4NXDQrU5koHpLq3WyQf1hXTvQSdETJOTM8ss=) has sold gasmask_filter x1 (779d0e30) at the trader "Clothing (Naomi [#STR_EXPANSION_MARKET_TRADER_CLOTHING])" in market zone "Trader Zone" (pos=<6675.160645, 104.603935, 6114.155762>) and got 540.
07:37:32.498 [Market] Player "Authority" (id=kOLgOs9yYBFVRQG3lqoHveYdP5X8y3SO69cq5MiR4us=) has sold pnc_mag_honeybadger_coupled_60rnd x1 (425c65f0, ammo_300aac x60) at the trader "Attachments (Jose [#STR_EXPANSION_MARKET_TRADER_ATTACHMENTS])" in market zone "Trader Zone" (pos=<6675.160645, 104.603935, 6114.155762>) and got 200.
07:37:33.743 [Market] Player "Authority" (id=kOLgOs9yYBFVRQG3lqoHveYdP5X8y3SO69cq5MiR4us=) has sold pnc_mag_honeybadger_coupled_60rnd x1 (425c1500, ammo_300aac x60) at the trader "Attachments (Jose [#STR_EXPANSION_MARKET_TRADER_ATTACHMENTS])" in market zone "Trader Zone" (pos=<6675.160645, 104.603935, 6114.155762>) and got 200.
07:37:39.657 [ATM] Player "HoldOn" (id=m_TD03B4NXDQrU5koHpLq3WyQf1hXTvQSdETJOTM8ss=) has deposited 4459 on his ATM account.
07:38:31.203 [Market] Player "HoldOn" (id=m_TD03B4NXDQrU5koHpLq3WyQf1hXTvQSdETJOTM8ss=) has sold ammo_300aac x20 (3e3c8180) at the trader "Weapons (Denis [#STR_EXPANSION_MARKET_TRADER_WEAPONS])" in market zone "Trader Zone" (pos=<6675.160645, 104.603935, 6114.155762>) and got 0.
07:39:05.398 [ATM] Player "Authority" (id=kOLgOs9yYBFVRQG3lqoHveYdP5X8y3SO69cq5MiR4us=) has deposited 7453 on his ATM account.
07:39:09.149 [VehicleEnter] Player "HoldOn" (id=m_TD03B4NXDQrU5koHpLq3WyQf1hXTvQSdETJOTM8ss=) entered vehicle Bicycle (id=FCE66681364B408D3CDF20AD73102023 pos=<6685.31, 102.56, 6079.66>) as driver
07:39:14.889 [VehicleEnter] Player "Authority" (id=kOLgOs9yYBFVRQG3lqoHveYdP5X8y3SO69cq5MiR4us=) entered vehicle Bicycle (id=06AFC8B09C4A359DAB4304A4E37E22E4 pos=<6674.44, 102.51, 6091.47>) as driver
07:39:36.157 [Safezone] Player "{1:name}" (id={1:id} pos={1:position}) left the safezone
07:39:44.948 [Safezone] Player "{1:name}" (id={1:id} pos={1:position}) left the safezone
07:41:40.422 [VehicleLeave] Player "Authority" (id=kOLgOs9yYBFVRQG3lqoHveYdP5X8y3SO69cq5MiR4us=) left vehicle Bicycle (id=06AFC8B09C4A359DAB4304A4E37E22E4 pos=<7487.12, 120.73, 6337.78>)
07:41:48.306 [VehicleLeave] Player "HoldOn" (id=m_TD03B4NXDQrU5koHpLq3WyQf1hXTvQSdETJOTM8ss=) left vehicle Bicycle (id=FCE66681364B408D3CDF20AD73102023 pos=<7483.22, 120.72, 6340.18>)
07:41:55.820 [VehicleDeleted] Old_Bike (id=06AFC8B09C4A359DAB4304A4E37E22E4 pos=<7487.15, 120.75, 6337.72>)
07:42:06.822 [VehicleDeleted] Lady_Bicycle (id=FCE66681364B408D3CDF20AD73102023 pos=<7483.22, 120.72, 6340.18>)
07:52:27.765 [Safezone] Player "Authority" (id=kOLgOs9yYBFVRQG3lqoHveYdP5X8y3SO69cq5MiR4us= pos=<6683.66, 116.89, 6016.6>) entered the safezone
07:53:17.037 [Market] Player "Gun" (id=dQV0MWQE63QrNRXqd-4btd7ZbIxSfqWMKo6FakQaWEs=) has sold ammobox_308win_20rnd x1 (363096b0) at the trader "Weapons (Denis [#STR_EXPANSION_MARKET_TRADER_WEAPONS])" in market zone "Trader Zone" (pos=<6675.160645, 104.603935, 6114.155762>) and got 24.
07:53:39.313 [Market] Player "Gun" (id=dQV0MWQE63QrNRXqd-4btd7ZbIxSfqWMKo6FakQaWEs=) has sold ammo_308win x238 (810b5970, 5223ba60, 3be62650, 3be63d70, 3990a7f0, 51886de0, 39906e20, a873cf10, 810b6500, 440407c0, 52236970, 36317260) at the trader "Weapons (Denis [#STR_EXPANSION_MARKET_TRADER_WEAPONS])" in market zone "Trader Zone" (pos=<6675.160645, 104.603935, 6114.155762>) and got 238.
07:54:07.930 [Market] Player "Gun" (id=dQV0MWQE63QrNRXqd-4btd7ZbIxSfqWMKo6FakQaWEs=) has sold ammo_300aac x204 (46a5af30, 44f52e00, 46a5bac0, 32cee390, 57b7c780, 32ce6460, 473f9890, 3f8962b0, 515b10c0, 451edde0, 515b3370) at the trader "Weapons (Denis [#STR_EXPANSION_MARKET_TRADER_WEAPONS])" in market zone "Trader Zone" (pos=<6675.160645, 104.603935, 6114.155762>) and got 180.
07:54:20.921 [Market] Player "Gun" (id=dQV0MWQE63QrNRXqd-4btd7ZbIxSfqWMKo6FakQaWEs=) has bought ammobox_50bmg_20rnd x1 (47849b50) from the trader "Weapons (Denis [#STR_EXPANSION_MARKET_TRADER_WEAPONS])" in market zone "Trader Zone" (pos=<6675.160645, 104.603935, 6114.155762>) for a price of 100.
07:54:23.258 [Market] Player "Gun" (id=dQV0MWQE63QrNRXqd-4btd7ZbIxSfqWMKo6FakQaWEs=) has bought ammobox_50bmg_20rnd x1 (4784f7d0) from the trader "Weapons (Denis [#STR_EXPANSION_MARKET_TRADER_WEAPONS])" in market zone "Trader Zone" (pos=<6675.160645, 104.603935, 6114.155762>) for a price of 100.
07:54:24.267 [Market] Player "Gun" (id=dQV0MWQE63QrNRXqd-4btd7ZbIxSfqWMKo6FakQaWEs=) has bought ammobox_50bmg_20rnd x1 (4784a6e0) from the trader "Weapons (Denis [#STR_EXPANSION_MARKET_TRADER_WEAPONS])" in market zone "Trader Zone" (pos=<6675.160645, 104.603935, 6114.155762>) for a price of 100.
07:54:25.408 [Market] Player "Gun" (id=dQV0MWQE63QrNRXqd-4btd7ZbIxSfqWMKo6FakQaWEs=) has bought ammobox_50bmg_20rnd x1 (4784d520) from the trader "Weapons (Denis [#STR_EXPANSION_MARKET_TRADER_WEAPONS])" in market zone "Trader Zone" (pos=<6675.160645, 104.603935, 6114.155762>) for a price of 100.
07:54:29.843 [Market] Player "Gun" (id=dQV0MWQE63QrNRXqd-4btd7ZbIxSfqWMKo6FakQaWEs=) has bought ammobox_50bmg_20rnd x1 (47858290) from the trader "Weapons (Denis [#STR_EXPANSION_MARKET_TRADER_WEAPONS])" in market zone "Trader Zone" (pos=<6675.160645, 104.603935, 6114.155762>) for a price of 100.
07:54:30.651 [Market] Player "Gun" (id=dQV0MWQE63QrNRXqd-4btd7ZbIxSfqWMKo6FakQaWEs=) has bought ammobox_50bmg_20rnd x1 (47856b70) from the trader "Weapons (Denis [#STR_EXPANSION_MARKET_TRADER_WEAPONS])" in market zone "Trader Zone" (pos=<6675.160645, 104.603935, 6114.155762>) for a price of 100.
07:56:41.525 [Market] Player "Gun" (id=dQV0MWQE63QrNRXqd-4btd7ZbIxSfqWMKo6FakQaWEs=) has sold headtorch_grey x1 (a8ee4b80) at the trader "Components (Cyril [#STR_EXPANSION_MARKET_TRADER_COMPONENTS])" in market zone "Trader Zone" (pos=<6675.160645, 104.603935, 6114.155762>) and got 30.
07:56:44.062 [Market] Player "Gun" (id=dQV0MWQE63QrNRXqd-4btd7ZbIxSfqWMKo6FakQaWEs=) has bought weaponcleaningkit x1 (4732ee10) from the trader "Components (Cyril [#STR_EXPANSION_MARKET_TRADER_COMPONENTS])" in market zone "Trader Zone" (pos=<6675.160645, 104.603935, 6114.155762>) for a price of 8.
07:56:44.716 [Market] Player "Gun" (id=dQV0MWQE63QrNRXqd-4btd7ZbIxSfqWMKo6FakQaWEs=) has bought weaponcleaningkit x1 (473310c0) from the trader "Components (Cyril [#STR_EXPANSION_MARKET_TRADER_COMPONENTS])" in market zone "Trader Zone" (pos=<6675.160645, 104.603935, 6114.155762>) for a price of 8.
07:57:18.902 [Market] Player "Gun" (id=dQV0MWQE63QrNRXqd-4btd7ZbIxSfqWMKo6FakQaWEs=) has bought expansioncodelock x1 (477d8b30) from the trader "Components (Cyril [#STR_EXPANSION_MARKET_TRADER_COMPONENTS])" in market zone "Trader Zone" (pos=<6675.160645, 104.603935, 6114.155762>) for a price of 1500.
07:57:28.897 [Market] Player "Gun" (id=dQV0MWQE63QrNRXqd-4btd7ZbIxSfqWMKo6FakQaWEs=) has bought expansioncodelock x1 (477de7b0) from the trader "Components (Cyril [#STR_EXPANSION_MARKET_TRADER_COMPONENTS])" in market zone "Trader Zone" (pos=<6675.160645, 104.603935, 6114.155762>) for a price of 1500.
07:57:31.198 [Market] Player "Gun" (id=dQV0MWQE63QrNRXqd-4btd7ZbIxSfqWMKo6FakQaWEs=) has bought expansioncodelock x1 (477dfed0) from the trader "Components (Cyril [#STR_EXPANSION_MARKET_TRADER_COMPONENTS])" in market zone "Trader Zone" (pos=<6675.160645, 104.603935, 6114.155762>) for a price of 1500.
07:57:41.421 [Market] Player "Gun" (id=dQV0MWQE63QrNRXqd-4btd7ZbIxSfqWMKo6FakQaWEs=) has bought nailbox x1 (a5e626b0) from the trader "Components (Cyril [#STR_EXPANSION_MARKET_TRADER_COMPONENTS])" in market zone "Trader Zone" (pos=<6675.160645, 104.603935, 6114.155762>) for a price of 300.
07:58:20.403 [ATM] Player "Gun" (id=dQV0MWQE63QrNRXqd-4btd7ZbIxSfqWMKo6FakQaWEs=) has deposited 7833 on his ATM account.
07:58:26.425 [ATM] Player "Gun" (id=dQV0MWQE63QrNRXqd-4btd7ZbIxSfqWMKo6FakQaWEs=) has withdrawn 8000 from his ATM account.
07:58:57.252 [ATM] Player "Gun" (id=dQV0MWQE63QrNRXqd-4btd7ZbIxSfqWMKo6FakQaWEs=) has deposited 8000 on his ATM account.
08:02:54.424 [ATM] Player "Gun" (id=dQV0MWQE63QrNRXqd-4btd7ZbIxSfqWMKo6FakQaWEs=) has withdrawn 80689 from his ATM account.
08:05:28.450 [Market] Player "Gun" (id=dQV0MWQE63QrNRXqd-4btd7ZbIxSfqWMKo6FakQaWEs=) has bought canteen x1 (417e3910) from the trader "Consumables (Linda [#STR_EXPANSION_MARKET_TRADER_CONSUMABLES])" in market zone "Trader Zone" (pos=<6675.160645, 104.603935, 6114.155762>) for a price of 18.
08:07:18.664 [ATM] Player "Gun" (id=dQV0MWQE63QrNRXqd-4btd7ZbIxSfqWMKo6FakQaWEs=) has deposited 80671 on his ATM account.
08:10:53.541 [Market] Player "Gun" (id=dQV0MWQE63QrNRXqd-4btd7ZbIxSfqWMKo6FakQaWEs=) has sold constructionhelmet_red x1 (a87268a0) at the trader "Clothing (Naomi [#STR_EXPANSION_MARKET_TRADER_CLOTHING])" in market zone "Trader Zone" (pos=<6675.160645, 104.603935, 6114.155762>) and got 22.
08:10:56.267 [Market] Player "Gun" (id=dQV0MWQE63QrNRXqd-4btd7ZbIxSfqWMKo6FakQaWEs=) has sold weldingmask x1 (709beee0) at the trader "Clothing (Naomi [#STR_EXPANSION_MARKET_TRADER_CLOTHING])" in market zone "Trader Zone" (pos=<6675.160645, 104.603935, 6114.155762>) and got 13.
08:11:15.178 [Market] Player "Gun" (id=dQV0MWQE63QrNRXqd-4btd7ZbIxSfqWMKo6FakQaWEs=) has sold hunterpants_autumn x1 (a245a940) at the trader "Clothing (Naomi [#STR_EXPANSION_MARKET_TRADER_CLOTHING])" in market zone "Trader Zone" (pos=<6675.160645, 104.603935, 6114.155762>) and got 18.
08:11:15.726 [Market] Player "Gun" (id=dQV0MWQE63QrNRXqd-4btd7ZbIxSfqWMKo6FakQaWEs=) has sold hunterpants_autumn x1 (a2459220) at the trader "Clothing (Naomi [#STR_EXPANSION_MARKET_TRADER_CLOTHING])" in market zone "Trader Zone" (pos=<6675.160645, 104.603935, 6114.155762>) and got 37.
