14:06:21.925 [MissionAirdrop] An airdrop is heading towards "Oneida" (pos=<2112.001953, 0.000000, 6058.072266> type=Random_Oneida) with a ExpansionAirdropContainer
14:57:59.041 [Safezone] Player "Eric" (id=DT1QFut1v8UN48skN3UnroicVIl_5hTizZZZSwLRxk8= pos=<6685.57, 116.49, 6015.56>) entered the safezone
14:57:59.042 [Party] Player "Eric" (id=DT1QFut1v8UN48skN3UnroicVIl_5hTizZZZSwLRxk8=) joinded the party "Die dreisten Drei" (id=46 ownerUID=DT1QFut1v8UN48skN3UnroicVIl_5hTizZZZSwLRxk8= ownerName=Eric)
14:58:26.543 [Safezone] Player "{1:name}" (id={1:id} pos={1:position}) left the safezone
14:58:36.918 [VehicleEnter] Player "Eric" (id=DT1QFut1v8UN48skN3UnroicVIl_5hTizZZZSwLRxk8=) entered vehicle Bicycle (id=D12DFAA658403390DFB84EB9E7AD9DC2 pos=<6676.79, 122.97, 5997.06>) as driver
14:59:22.233 [VehicleLeave] Player "Eric" (id=DT1QFut1v8UN48skN3UnroicVIl_5hTizZZZSwLRxk8=) left vehicle Bicycle (id=D12DFAA658403390DFB84EB9E7AD9DC2 pos=<6851.85, 127.09, 5796.69>)
14:59:24.635 [VehicleDeleted] Lady_Bicycle_Purple (id=D12DFAA658403390DFB84EB9E7AD9DC2 pos=<6851.85, 127.09, 5796.69>)
15:00:37.928 [BaseBuildingRaiding] ------------------------- Expansion Base Raiding Damage Report -------------------------
15:00:37.929 [BaseBuildingRaiding] Player "Eric" (id=DT1QFut1v8UN48skN3UnroicVIl_5hTizZZZSwLRxk8= pos=<6848.55, 127.12, 5747.27>) damaged BF_DoubleDoorBarricade at <6857.24, 128.26, 5759.97>
15:00:37.929 [BaseBuildingRaiding] They dealt 84.3543 * 1 = 84.3543 damage with Bullet_556x45 from PNC_W_G36_camo
15:00:37.929 [BaseBuildingRaiding] E_LEFT_OUTER_PLATE hitpoints decreased from 15750 to 15665.6
15:00:37.929 [BaseBuildingRaiding] ----------------------------------------------------------------------------------------
15:00:37.930 [BaseBuildingRaiding] ------------------------- Expansion Base Raiding Damage Report -------------------------
15:00:37.930 [BaseBuildingRaiding] Player "Eric" (id=DT1QFut1v8UN48skN3UnroicVIl_5hTizZZZSwLRxk8= pos=<6848.55, 127.12, 5747.27>) damaged BF_DoubleDoorBarricade at <6857.24, 128.26, 5759.97>
15:00:37.930 [BaseBuildingRaiding] They dealt 84.3543 * 1 = 84.3543 damage with Bullet_556x45 from PNC_W_G36_camo
15:00:37.930 [BaseBuildingRaiding] D_LEFT_FINAL_PLANKS hitpoints decreased from 12000 to 11915.6
15:00:37.930 [BaseBuildingRaiding] ----------------------------------------------------------------------------------------
15:00:39.732 [BaseBuildingRaiding] ------------------------- Expansion Base Raiding Damage Report -------------------------
15:00:39.732 [BaseBuildingRaiding] Player "Eric" (id=DT1QFut1v8UN48skN3UnroicVIl_5hTizZZZSwLRxk8= pos=<6848.55, 127.12, 5747.27>) damaged BF_DoubleDoorBarricade at <6857.24, 128.26, 5759.97>
15:00:39.732 [BaseBuildingRaiding] They dealt 84.3442 * 1 = 84.3442 damage with Bullet_556x45 from PNC_W_G36_camo
15:00:39.732 [BaseBuildingRaiding] E_LEFT_OUTER_PLATE hitpoints decreased from 15665.6 to 15581.3
15:00:39.733 [BaseBuildingRaiding] ----------------------------------------------------------------------------------------
15:00:40.813 [BaseBuildingRaiding] ------------------------- Expansion Base Raiding Damage Report -------------------------
15:00:40.813 [BaseBuildingRaiding] Player "Eric" (id=DT1QFut1v8UN48skN3UnroicVIl_5hTizZZZSwLRxk8= pos=<6848.55, 127.12, 5747.27>) damaged BF_DoubleDoorBarricade at <6857.24, 128.26, 5759.97>
15:00:40.814 [BaseBuildingRaiding] They dealt 84.3504 * 1 = 84.3504 damage with Bullet_556x45 from PNC_W_G36_camo
15:00:40.814 [BaseBuildingRaiding] E_LEFT_OUTER_PLATE hitpoints decreased from 15581.3 to 15497
15:00:40.814 [BaseBuildingRaiding] ----------------------------------------------------------------------------------------
15:00:40.814 [BaseBuildingRaiding] ------------------------- Expansion Base Raiding Damage Report -------------------------
15:00:40.815 [BaseBuildingRaiding] Player "Eric" (id=DT1QFut1v8UN48skN3UnroicVIl_5hTizZZZSwLRxk8= pos=<6848.55, 127.12, 5747.27>) damaged BF_DoubleDoorBarricade at <6857.24, 128.26, 5759.97>
15:00:40.815 [BaseBuildingRaiding] They dealt 84.3504 * 1 = 84.3504 damage with Bullet_556x45 from PNC_W_G36_camo
15:00:40.815 [BaseBuildingRaiding] D_LEFT_FINAL_PLANKS hitpoints decreased from 11915.6 to 11831.3
15:00:40.815 [BaseBuildingRaiding] ----------------------------------------------------------------------------------------
15:00:41.767 [BaseBuildingRaiding] ------------------------- Expansion Base Raiding Damage Report -------------------------
15:00:41.767 [BaseBuildingRaiding] Player "Eric" (id=DT1QFut1v8UN48skN3UnroicVIl_5hTizZZZSwLRxk8= pos=<6848.55, 127.12, 5747.27>) damaged BF_DoubleDoorBarricade at <6857.24, 128.26, 5759.97>
15:00:41.768 [BaseBuildingRaiding] They dealt 84.3307 * 1 = 84.3307 damage with Bullet_556x45 from PNC_W_G36_camo
15:00:41.768 [BaseBuildingRaiding] E_LEFT_OUTER_PLATE hitpoints decreased from 15497 to 15412.6
15:00:41.768 [BaseBuildingRaiding] ----------------------------------------------------------------------------------------
15:00:44.677 [BaseBuildingRaiding] ------------------------- Expansion Base Raiding Damage Report -------------------------
15:00:44.677 [BaseBuildingRaiding] Player "Eric" (id=DT1QFut1v8UN48skN3UnroicVIl_5hTizZZZSwLRxk8= pos=<6848.55, 127.12, 5747.27>) damaged BF_DoubleDoorBarricade at <6857.24, 128.26, 5759.97>
15:00:44.677 [BaseBuildingRaiding] They dealt 84.3443 * 1 = 84.3443 damage with Bullet_556x45 from PNC_W_G36_camo
15:00:44.677 [BaseBuildingRaiding] E_LEFT_OUTER_PLATE hitpoints decreased from 15412.6 to 15328.3
15:00:44.677 [BaseBuildingRaiding] ----------------------------------------------------------------------------------------
15:00:44.677 [BaseBuildingRaiding] ------------------------- Expansion Base Raiding Damage Report -------------------------
15:00:44.678 [BaseBuildingRaiding] Player "Eric" (id=DT1QFut1v8UN48skN3UnroicVIl_5hTizZZZSwLRxk8= pos=<6848.55, 127.12, 5747.27>) damaged BF_DoubleDoorBarricade at <6857.24, 128.26, 5759.97>
15:00:44.678 [BaseBuildingRaiding] They dealt 84.3443 * 1 = 84.3443 damage with Bullet_556x45 from PNC_W_G36_camo
15:00:44.678 [BaseBuildingRaiding] D_LEFT_FINAL_PLANKS hitpoints decreased from 11831.3 to 11747
15:00:44.678 [BaseBuildingRaiding] ----------------------------------------------------------------------------------------
15:00:45.345 [BaseBuildingRaiding] ------------------------- Expansion Base Raiding Damage Report -------------------------
15:00:45.345 [BaseBuildingRaiding] Player "Eric" (id=DT1QFut1v8UN48skN3UnroicVIl_5hTizZZZSwLRxk8= pos=<6848.55, 127.12, 5747.27>) damaged BF_DoubleDoorBarricade at <6857.24, 128.26, 5759.97>
15:00:45.346 [BaseBuildingRaiding] They dealt 84.3361 * 1 = 84.3361 damage with Bullet_556x45 from PNC_W_G36_camo
15:00:45.346 [BaseBuildingRaiding] E_LEFT_OUTER_PLATE hitpoints decreased from 15328.3 to 15243.9
15:00:45.346 [BaseBuildingRaiding] ----------------------------------------------------------------------------------------
15:00:45.346 [BaseBuildingRaiding] ------------------------- Expansion Base Raiding Damage Report -------------------------
15:00:45.347 [BaseBuildingRaiding] Player "Eric" (id=DT1QFut1v8UN48skN3UnroicVIl_5hTizZZZSwLRxk8= pos=<6848.55, 127.12, 5747.27>) damaged BF_DoubleDoorBarricade at <6857.24, 128.26, 5759.97>
15:00:45.347 [BaseBuildingRaiding] They dealt 84.3361 * 1 = 84.3361 damage with Bullet_556x45 from PNC_W_G36_camo
15:00:45.347 [BaseBuildingRaiding] D_LEFT_FINAL_PLANKS hitpoints decreased from 11747 to 11662.6
15:00:45.347 [BaseBuildingRaiding] ----------------------------------------------------------------------------------------
15:02:21.470 [BaseBuildingRaiding] BaseRaiding: BF_DoubleDoorBarricade<48788d80> at <6857.244629, 128.263763, 5759.968750> has been hit by explosive ClaymoreMine<5012b170>
15:02:21.473 [BaseBuildingRaiding] BaseRaiding: ExpansionBarbedWire<48c2b470> at <6864.781250, 127.109962, 5774.700684> has been hit by explosive ClaymoreMine<5012b170>
15:02:21.473 [BaseBuildingRaiding] ------------------------- Expansion Base Raiding Damage Report -------------------------
15:02:21.473 [BaseBuildingRaiding] A player damaged ExpansionBarbedWire at <6864.78, 127.11, 5774.7>
15:02:21.473 [BaseBuildingRaiding] They dealt 41.8799 * 50 = 2093.99 damage with ClaymoreMine_Ammo from ClaymoreMine
15:02:21.474 [BaseBuildingRaiding] GlobalHealth hitpoints decreased from 15.2247 to 0
15:02:21.474 [BaseBuildingRaiding] ----------------------------------------------------------------------------------------
15:02:52.537 [VehicleEnter] Player "Eric" (id=DT1QFut1v8UN48skN3UnroicVIl_5hTizZZZSwLRxk8=) entered vehicle Bicycle (id=B905D077D34782B4CDEECC876E078696 pos=<6851.92, 127.09, 5799.02>) as driver
15:09:10.245 [VehicleLeave] Player "Eric" (id=DT1QFut1v8UN48skN3UnroicVIl_5hTizZZZSwLRxk8=) left vehicle Bicycle (id=B905D077D34782B4CDEECC876E078696 pos=<4282.9, 174.83, 6569.79>)
15:09:11.514 [BaseBuildingRaiding] BaseRaiding: ExpansionWallBase<417fb860> at <4282.172363, 174.870911, 6570.136230> has been hit by explosive M67Grenade<4373c0e0>
15:09:11.514 [BaseBuildingRaiding] ------------------------- Expansion Base Raiding Damage Report -------------------------
15:09:11.514 [BaseBuildingRaiding] A player damaged ExpansionWall6x3 at <4282.17, 174.87, 6570.14>
15:09:11.514 [BaseBuildingRaiding] They dealt 46.1886 * 50 = 2309.43 damage with M67Grenade_Ammo from M67Grenade
15:09:11.515 [BaseBuildingRaiding] GlobalHealth hitpoints decreased from 30000 to 27690.6
15:09:11.515 [BaseBuildingRaiding] ----------------------------------------------------------------------------------------
15:09:11.516 [BaseBuildingRaiding] BaseRaiding: ExpansionWallBase<3fb60f70> at <4279.106934, 174.871384, 6567.208008> has been hit by explosive M67Grenade<4373c0e0>
15:09:11.516 [BaseBuildingRaiding] ------------------------- Expansion Base Raiding Damage Report -------------------------
15:09:11.517 [BaseBuildingRaiding] A player damaged ExpansionWall6x3 at <4279.11, 174.87, 6567.21>
15:09:11.518 [BaseBuildingRaiding] They dealt 26.1052 * 50 = 1305.26 damage with M67Grenade_Ammo from M67Grenade
15:09:11.518 [BaseBuildingRaiding] GlobalHealth hitpoints decreased from 30000 to 28694.7
15:09:11.518 [BaseBuildingRaiding] ----------------------------------------------------------------------------------------
15:09:11.519 [BaseBuildingRaiding] BaseRaiding: ExpansionWallBase<43c77550> at <4279.240723, 174.870438, 6573.203125> has been hit by explosive M67Grenade<4373c0e0>
15:09:11.519 [BaseBuildingRaiding] ------------------------- Expansion Base Raiding Damage Report -------------------------
15:09:11.519 [BaseBuildingRaiding] A player damaged ExpansionWall6x3 at <4279.24, 174.87, 6573.2>
15:09:11.519 [BaseBuildingRaiding] They dealt 26.0503 * 50 = 1302.51 damage with M67Grenade_Ammo from M67Grenade
15:09:11.519 [BaseBuildingRaiding] GlobalHealth hitpoints decreased from 30000 to 28697.5
15:09:11.520 [BaseBuildingRaiding] ----------------------------------------------------------------------------------------
15:09:11.520 [BaseBuildingRaiding] BaseRaiding: ExpansionWallBase<41fd8b40> at <4273.108398, 174.870911, 6567.340820> has been hit by explosive M67Grenade<4373c0e0>
15:09:11.520 [BaseBuildingRaiding] ------------------------- Expansion Base Raiding Damage Report -------------------------
15:09:11.521 [BaseBuildingRaiding] A player damaged ExpansionWall6x3 at <4273.11, 174.87, 6567.34>
15:09:11.521 [BaseBuildingRaiding] They dealt 3.47504 * 50 = 173.752 damage with M67Grenade_Ammo from M67Grenade
15:09:11.521 [BaseBuildingRaiding] GlobalHealth hitpoints decreased from 29945.7 to 29772
15:09:11.521 [BaseBuildingRaiding] ----------------------------------------------------------------------------------------
15:09:11.522 [BaseBuildingRaiding] BaseRaiding: ExpansionFloorBase<43c720e0> at <4273.174316, 177.873199, 6570.340332> has been hit by explosive M67Grenade<4373c0e0>
15:09:11.522 [BaseBuildingRaiding] ------------------------- Expansion Base Raiding Damage Report -------------------------
15:09:11.522 [BaseBuildingRaiding] A player damaged ExpansionFloor6x6 at <4273.17, 177.87, 6570.34>
15:09:11.522 [BaseBuildingRaiding] They dealt 34.3727 * 50 = 1718.63 damage with M67Grenade_Ammo from M67Grenade
15:09:11.522 [BaseBuildingRaiding] GlobalHealth hitpoints decreased from 30000 to 28281.4
15:09:11.523 [BaseBuildingRaiding] ----------------------------------------------------------------------------------------
15:09:11.523 [BaseBuildingRaiding] BaseRaiding: ExpansionWallBase<3fb54260> at <4273.242188, 174.869965, 6573.338379> has been hit by explosive M67Grenade<4373c0e0>
15:09:11.523 [BaseBuildingRaiding] ------------------------- Expansion Base Raiding Damage Report -------------------------
15:09:11.523 [BaseBuildingRaiding] A player damaged ExpansionWall6x3 at <4273.24, 174.87, 6573.34>
15:09:11.524 [BaseBuildingRaiding] They dealt 17.2962 * 50 = 864.808 damage with M67Grenade_Ammo from M67Grenade
15:09:11.524 [BaseBuildingRaiding] GlobalHealth hitpoints decreased from 29814.8 to 28950
15:09:11.524 [BaseBuildingRaiding] ----------------------------------------------------------------------------------------
15:09:11.524 [BaseBuildingRaiding] BaseRaiding: ExpansionWallBase<417fc470> at <4270.175293, 174.870438, 6570.406738> has been hit by explosive M67Grenade<4373c0e0>
15:09:11.525 [BaseBuildingRaiding] ------------------------- Expansion Base Raiding Damage Report -------------------------
15:09:11.525 [BaseBuildingRaiding] A player damaged ExpansionWall6x3 at <4270.18, 174.87, 6570.41>
15:09:11.525 [BaseBuildingRaiding] They dealt 13.0432 * 50 = 652.162 damage with M67Grenade_Ammo from M67Grenade
15:09:11.525 [BaseBuildingRaiding] GlobalHealth hitpoints decreased from 30000 to 29347.8
15:09:11.525 [BaseBuildingRaiding] ----------------------------------------------------------------------------------------
15:09:12.241 [VehicleDeleted] Lady_Bicycle_Purple (id=B905D077D34782B4CDEECC876E078696 pos=<4283.03, 174.85, 6569.88>)
15:10:35.793 [VehicleDeleted] Lady_Bicycle_Purple (id=5AED5BC2804B6CD1B2CB03B1C3D0EC44 pos=<4286.16, 174.85, 6570.64>)
15:12:24.506 [Party] Player "Eric" (id=DT1QFut1v8UN48skN3UnroicVIl_5hTizZZZSwLRxk8=) left the party "Die dreisten Drei" (id=46 ownerUID=DT1QFut1v8UN48skN3UnroicVIl_5hTizZZZSwLRxk8= ownerName=Eric)
15:31:44.987 [MissionAirdrop] An airdrop is heading towards "Seneca" (pos=<7648.691895, 0.000000, 1011.718018> type=Random_Seneca) with a ExpansionAirdropContainer_Medical
16:00:10.311 [Killfeed] mormonrice was killed by an explosion caused by 6-M7 Frag Grenade.
16:19:32.590 [Safezone] Player "mormonrice" (id=SWrhd9ziwAZonrmk5cFvI9UDhCjNa3qYrpi7hYisi14= pos=<6764.54, 102.6, 6070.44>) entered the safezone
16:24:25.270 [Market] Player "mormonrice" (id=SWrhd9ziwAZonrmk5cFvI9UDhCjNa3qYrpi7hYisi14=) has sold winchester70 x1 (9a72f4e0, HuntingOptic<47289990>) at the trader "Weapons (Denis [#STR_EXPANSION_MARKET_TRADER_WEAPONS])" in market zone "Trader Zone" (pos=<6675.160645, 104.603935, 6114.155762>) and got 468.
16:24:26.881 [Market] Player "mormonrice" (id=SWrhd9ziwAZonrmk5cFvI9UDhCjNa3qYrpi7hYisi14=) has sold izh18 x1 (436e2a50) at the trader "Weapons (Denis [#STR_EXPANSION_MARKET_TRADER_WEAPONS])" in market zone "Trader Zone" (pos=<6675.160645, 104.603935, 6114.155762>) and got 262.
16:24:33.906 [Market] Player "mormonrice" (id=SWrhd9ziwAZonrmk5cFvI9UDhCjNa3qYrpi7hYisi14=) has sold deagle x1 (452d4d30) at the trader "Weapons (Denis [#STR_EXPANSION_MARKET_TRADER_WEAPONS])" in market zone "Trader Zone" (pos=<6675.160645, 104.603935, 6114.155762>) and got 150.
16:24:37.164 [Market] Player "mormonrice" (id=SWrhd9ziwAZonrmk5cFvI9UDhCjNa3qYrpi7hYisi14=) has sold magnum x1 (4f670790) at the trader "Weapons (Denis [#STR_EXPANSION_MARKET_TRADER_WEAPONS])" in market zone "Trader Zone" (pos=<6675.160645, 104.603935, 6114.155762>) and got 300.
16:24:48.183 [Market] Player "mormonrice" (id=SWrhd9ziwAZonrmk5cFvI9UDhCjNa3qYrpi7hYisi14=) has sold pistoloptic x1 (51cfc890) at the trader "Attachments (Jose [#STR_EXPANSION_MARKET_TRADER_ATTACHMENTS])" in market zone "Trader Zone" (pos=<6675.160645, 104.603935, 6114.155762>) and got 37.
16:24:56.644 [Market] Player "mormonrice" (id=SWrhd9ziwAZonrmk5cFvI9UDhCjNa3qYrpi7hYisi14=) has sold portablegasstove x1 (46a6fc80) at the trader "Components (Cyril [#STR_EXPANSION_MARKET_TRADER_COMPONENTS])" in market zone "Trader Zone" (pos=<6675.160645, 104.603935, 6114.155762>) and got 5.
16:24:57.565 [Market] Player "mormonrice" (id=SWrhd9ziwAZonrmk5cFvI9UDhCjNa3qYrpi7hYisi14=) has sold portablegasstove x1 (514fd130) at the trader "Components (Cyril [#STR_EXPANSION_MARKET_TRADER_COMPONENTS])" in market zone "Trader Zone" (pos=<6675.160645, 104.603935, 6114.155762>) and got 11.
16:24:59.602 [Market] Player "mormonrice" (id=SWrhd9ziwAZonrmk5cFvI9UDhCjNa3qYrpi7hYisi14=) has sold chemlight_green x1 (3c7517d0) at the trader "Components (Cyril [#STR_EXPANSION_MARKET_TRADER_COMPONENTS])" in market zone "Trader Zone" (pos=<6675.160645, 104.603935, 6114.155762>) and got 1.
16:44:21.871 [Party] Player "ElBizzy" (id=zazFLAJ4lPF6TvVQMMREjst1jC8o_Id9oh_TjGBwaP8=) joinded the party "Viper Ethereal" (id=33 ownerUID=zazFLAJ4lPF6TvVQMMREjst1jC8o_Id9oh_TjGBwaP8= ownerName=ElBizzy)
16:46:44.415 [Party] Player "Mard" (id=OAEsqfVu9Ya3qx3X2Q_PgbpxSoSDXOIUHhH8VWVuumk=) joinded the party "Viper Ethereal" (id=33 ownerUID=zazFLAJ4lPF6TvVQMMREjst1jC8o_Id9oh_TjGBwaP8= ownerName=ElBizzy)
16:53:05.609 [Safezone] Player "mormonrice" (id=SWrhd9ziwAZonrmk5cFvI9UDhCjNa3qYrpi7hYisi14= pos=<6667.2, 106.2, 6112.73>) entered the safezone
16:53:27.908 [Market] Player "mormonrice" (id=SWrhd9ziwAZonrmk5cFvI9UDhCjNa3qYrpi7hYisi14=) has sold apple x1 (70a05910) at the trader "Consumables (Linda [#STR_EXPANSION_MARKET_TRADER_CONSUMABLES])" in market zone "Trader Zone" (pos=<6675.160645, 104.603935, 6114.155762>) and got 5.
16:53:40.303 [Market] Player "mormonrice" (id=SWrhd9ziwAZonrmk5cFvI9UDhCjNa3qYrpi7hYisi14=) has bought marmalade x1 (ac8c5880) from the trader "Consumables (Linda [#STR_EXPANSION_MARKET_TRADER_CONSUMABLES])" in market zone "Trader Zone" (pos=<6675.160645, 104.603935, 6114.155762>) for a price of 13.
16:53:41.112 [Market] Player "mormonrice" (id=SWrhd9ziwAZonrmk5cFvI9UDhCjNa3qYrpi7hYisi14=) has bought marmalade x1 (ac8e3b00) from the trader "Consumables (Linda [#STR_EXPANSION_MARKET_TRADER_CONSUMABLES])" in market zone "Trader Zone" (pos=<6675.160645, 104.603935, 6114.155762>) for a price of 13.
16:53:43.599 [Market] Player "mormonrice" (id=SWrhd9ziwAZonrmk5cFvI9UDhCjNa3qYrpi7hYisi14=) has bought marmalade x1 (ac8dda80) from the trader "Consumables (Linda [#STR_EXPANSION_MARKET_TRADER_CONSUMABLES])" in market zone "Trader Zone" (pos=<6675.160645, 104.603935, 6114.155762>) for a price of 13.
16:56:41.448 [Market] Player "mormonrice" (id=SWrhd9ziwAZonrmk5cFvI9UDhCjNa3qYrpi7hYisi14=) has bought expansion_m16 x1 (4c47e310, Mag_STANAG_30Rnd<51c5a6e0>, ammo_556x45 x30) from the trader "Weapons (Denis [#STR_EXPANSION_MARKET_TRADER_WEAPONS])" in market zone "Trader Zone" (pos=<6675.160645, 104.603935, 6114.155762>) for a price of 440.
16:57:24.393 [Market] Player "mormonrice" (id=SWrhd9ziwAZonrmk5cFvI9UDhCjNa3qYrpi7hYisi14=) has bought mag_stanagcoupled_30rnd x1 (519ad160, ammo_556x45 x60) from the trader "Attachments (Jose [#STR_EXPANSION_MARKET_TRADER_ATTACHMENTS])" in market zone "Trader Zone" (pos=<6675.160645, 104.603935, 6114.155762>) for a price of 340.
16:57:45.089 [Market] Player "mormonrice" (id=SWrhd9ziwAZonrmk5cFvI9UDhCjNa3qYrpi7hYisi14=) has bought m4_suppressor x1 (486f31a0) from the trader "Attachments (Jose [#STR_EXPANSION_MARKET_TRADER_ATTACHMENTS])" in market zone "Trader Zone" (pos=<6675.160645, 104.603935, 6114.155762>) for a price of 25.
16:58:18.570 [VehicleEnter] Player "mormonrice" (id=SWrhd9ziwAZonrmk5cFvI9UDhCjNa3qYrpi7hYisi14=) entered vehicle Bicycle (id=86D77B52F440C26401A94399D4CEC54B pos=<6689.03, 102.48, 6083.44>) as driver
16:58:45.503 [VehicleLeave] Player "mormonrice" (id=SWrhd9ziwAZonrmk5cFvI9UDhCjNa3qYrpi7hYisi14=) left vehicle Bicycle (id=86D77B52F440C26401A94399D4CEC54B pos=<6693.87, 102.92, 6068.28>)
16:58:52.991 [VehicleDeleted] Old_Bike_White (id=86D77B52F440C26401A94399D4CEC54B pos=<6693.86, 102.91, 6068.32>)
16:59:02.011 [MissionAirdrop] An airdrop is heading towards "Oneida" (pos=<2112.001953, 0.000000, 6058.072266> type=Random_Oneida) with a ExpansionAirdropContainer
16:59:46.412 [Safezone] Player "{1:name}" (id={1:id} pos={1:position}) left the safezone
17:11:37.396 [VehicleEnter] Player "mormonrice" (id=SWrhd9ziwAZonrmk5cFvI9UDhCjNa3qYrpi7hYisi14=) entered vehicle Bicycle (id=09BBA96A5442950E9B5AC79498B07630 pos=<2870.29, 149.57, 6906.5>) as driver
17:12:15.904 [VehicleLeave] Player "mormonrice" (id=SWrhd9ziwAZonrmk5cFvI9UDhCjNa3qYrpi7hYisi14=) left vehicle Bicycle (id=09BBA96A5442950E9B5AC79498B07630 pos=<2739.46, 149.35, 6750.14>)
17:17:24.580 [Party] Player "Stivi the Kid" (id=W44v5r64t_fNpgzRQNLTal2wQQBqWJ8o-Qcc6Jd5hw8=) joinded the party "Viper Ethereal" (id=33 ownerUID=zazFLAJ4lPF6TvVQMMREjst1jC8o_Id9oh_TjGBwaP8= ownerName=ElBizzy)
17:45:22.068 [Killfeed] Kyma got killed.
17:54:55.330 [Safezone] Player "Stivi the Kid" (id=W44v5r64t_fNpgzRQNLTal2wQQBqWJ8o-Qcc6Jd5hw8= pos=<6678.28, 119.15, 6015.21>) entered the safezone
17:59:15.784 [Party] Player "ElBizzy" (id=zazFLAJ4lPF6TvVQMMREjst1jC8o_Id9oh_TjGBwaP8=) left the party "Viper Ethereal" (id=33 ownerUID=zazFLAJ4lPF6TvVQMMREjst1jC8o_Id9oh_TjGBwaP8= ownerName=ElBizzy)
18:00:01.559 [Party] Player "Mard" (id=OAEsqfVu9Ya3qx3X2Q_PgbpxSoSDXOIUHhH8VWVuumk=) left the party "Viper Ethereal" (id=33 ownerUID=zazFLAJ4lPF6TvVQMMREjst1jC8o_Id9oh_TjGBwaP8= ownerName=ElBizzy)
18:00:01.564 [Party] Player "Stivi the Kid" (id=W44v5r64t_fNpgzRQNLTal2wQQBqWJ8o-Qcc6Jd5hw8=) left the party "Viper Ethereal" (id=33 ownerUID=zazFLAJ4lPF6TvVQMMREjst1jC8o_Id9oh_TjGBwaP8= ownerName=ElBizzy)
