11:06:13.894 [MissionAirdrop] An airdrop is heading towards "Brickworks" (pos=<8906.998047, 0.000000, 4500.351074> type=Random_Brickworks) with a ExpansionAirdropContainer_Military
12:31:34.980 [MissionAirdrop] An airdrop is heading towards "Ontario" (pos=<6884.233398, 0.000000, 2921.709961> type=Random_Ontario) with a ExpansionAirdropContainer_Military
13:13:39.074 [Safezone] Player "Brewce" (id=XL1GT1pp_f-jQGOrP6YuCPttwyD--b5ziLbGiXICjFs= pos=<6670.71, 121.08, 6015.28>) entered the safezone
13:18:34.867 [Market] Player "Brewce" (id=XL1GT1pp_f-jQGOrP6YuCPttwyD--b5ziLbGiXICjFs=) has sold tortillabag x1 (c54c1010) at the trader "Clothing (Naomi [#STR_EXPANSION_MARKET_TRADER_CLOTHING])" in market zone "Trader Zone" (pos=<6675.160645, 104.603935, 6114.155762>) and got 101.
13:18:35.855 [Market] Player "Brewce" (id=XL1GT1pp_f-jQGOrP6YuCPttwyD--b5ziLbGiXICjFs=) has sold coyotebag_green x1 (c54bed60) at the trader "Clothing (Naomi [#STR_EXPANSION_MARKET_TRADER_CLOTHING])" in market zone "Trader Zone" (pos=<6675.160645, 104.603935, 6114.155762>) and got 101.
13:19:56.519 [Market] Player "Brewce" (id=XL1GT1pp_f-jQGOrP6YuCPttwyD--b5ziLbGiXICjFs=) has sold ammo_762x39 x7 (c52bf700) at the trader "Weapons (Denis [#STR_EXPANSION_MARKET_TRADER_WEAPONS])" in market zone "Trader Zone" (pos=<6675.160645, 104.603935, 6114.155762>) and got 7.
13:20:03.457 [Market] Player "Brewce" (id=XL1GT1pp_f-jQGOrP6YuCPttwyD--b5ziLbGiXICjFs=) has sold ammo_9x19 x13 (a8dd4ac0) at the trader "Weapons (Denis [#STR_EXPANSION_MARKET_TRADER_WEAPONS])" in market zone "Trader Zone" (pos=<6675.160645, 104.603935, 6114.155762>) and got 13.
13:20:05.484 [Market] Player "Brewce" (id=XL1GT1pp_f-jQGOrP6YuCPttwyD--b5ziLbGiXICjFs=) has sold ammo_545x39 x1 (a8dd9020) at the trader "Weapons (Denis [#STR_EXPANSION_MARKET_TRADER_WEAPONS])" in market zone "Trader Zone" (pos=<6675.160645, 104.603935, 6114.155762>) and got 0.
13:20:06.062 [Market] Player "Brewce" (id=XL1GT1pp_f-jQGOrP6YuCPttwyD--b5ziLbGiXICjFs=) has sold ammo_545x39 x1 (a8dd9020) at the trader "Weapons (Denis [#STR_EXPANSION_MARKET_TRADER_WEAPONS])" in market zone "Trader Zone" (pos=<6675.160645, 104.603935, 6114.155762>) and got 0.
13:20:06.566 [Market] Player "Brewce" (id=XL1GT1pp_f-jQGOrP6YuCPttwyD--b5ziLbGiXICjFs=) has sold ammo_545x39 x1 (a8dd9020) at the trader "Weapons (Denis [#STR_EXPANSION_MARKET_TRADER_WEAPONS])" in market zone "Trader Zone" (pos=<6675.160645, 104.603935, 6114.155762>) and got 0.
13:20:10.996 [Market] Player "Brewce" (id=XL1GT1pp_f-jQGOrP6YuCPttwyD--b5ziLbGiXICjFs=) has sold ammobox_408cheytac_20rnd x1 (c548db20) at the trader "Weapons (Denis [#STR_EXPANSION_MARKET_TRADER_WEAPONS])" in market zone "Trader Zone" (pos=<6675.160645, 104.603935, 6114.155762>) and got 12.
13:20:11.964 [Market] Player "Brewce" (id=XL1GT1pp_f-jQGOrP6YuCPttwyD--b5ziLbGiXICjFs=) has sold ammobox_9x39_20rnd x1 (c54914f0) at the trader "Weapons (Denis [#STR_EXPANSION_MARKET_TRADER_WEAPONS])" in market zone "Trader Zone" (pos=<6675.160645, 104.603935, 6114.155762>) and got 6.
13:20:17.316 [Market] Player "Brewce" (id=XL1GT1pp_f-jQGOrP6YuCPttwyD--b5ziLbGiXICjFs=) has sold fnx45 x1 (c57c8800) at the trader "Weapons (Denis [#STR_EXPANSION_MARKET_TRADER_WEAPONS])" in market zone "Trader Zone" (pos=<6675.160645, 104.603935, 6114.155762>) and got 32.
13:20:18.898 [Market] Player "Brewce" (id=XL1GT1pp_f-jQGOrP6YuCPttwyD--b5ziLbGiXICjFs=) has sold colt1911 x1 (c57c2c90) at the trader "Weapons (Denis [#STR_EXPANSION_MARKET_TRADER_WEAPONS])" in market zone "Trader Zone" (pos=<6675.160645, 104.603935, 6114.155762>) and got 191.
13:20:34.039 [Market] Player "Brewce" (id=XL1GT1pp_f-jQGOrP6YuCPttwyD--b5ziLbGiXICjFs=) has sold mag_ak74_30rnd x1 (c5494ec0) at the trader "Attachments (Jose [#STR_EXPANSION_MARKET_TRADER_ATTACHMENTS])" in market zone "Trader Zone" (pos=<6675.160645, 104.603935, 6114.155762>) and got 82.
13:20:36.328 [Market] Player "Brewce" (id=XL1GT1pp_f-jQGOrP6YuCPttwyD--b5ziLbGiXICjFs=) has sold mag_mp5_30rnd x1 (c5497170) at the trader "Attachments (Jose [#STR_EXPANSION_MARKET_TRADER_ATTACHMENTS])" in market zone "Trader Zone" (pos=<6675.160645, 104.603935, 6114.155762>) and got 112.
13:21:02.656 [Market] Player "Brewce" (id=XL1GT1pp_f-jQGOrP6YuCPttwyD--b5ziLbGiXICjFs=) has sold mag_scout_5rnd x1 (c52beb70) at the trader "Attachments (Jose [#STR_EXPANSION_MARKET_TRADER_ATTACHMENTS])" in market zone "Trader Zone" (pos=<6675.160645, 104.603935, 6114.155762>) and got 46.
13:21:03.656 [Market] Player "Brewce" (id=XL1GT1pp_f-jQGOrP6YuCPttwyD--b5ziLbGiXICjFs=) has sold mag_1911_7rnd x1 (c5494330) at the trader "Attachments (Jose [#STR_EXPANSION_MARKET_TRADER_ATTACHMENTS])" in market zone "Trader Zone" (pos=<6675.160645, 104.603935, 6114.155762>) and got 22.
13:21:06.953 [Market] Player "Brewce" (id=XL1GT1pp_f-jQGOrP6YuCPttwyD--b5ziLbGiXICjFs=) has sold pistolsuppressor x1 (c54bd640) at the trader "Attachments (Jose [#STR_EXPANSION_MARKET_TRADER_ATTACHMENTS])" in market zone "Trader Zone" (pos=<6675.160645, 104.603935, 6114.155762>) and got 8.
13:21:07.855 [Market] Player "Brewce" (id=XL1GT1pp_f-jQGOrP6YuCPttwyD--b5ziLbGiXICjFs=) has sold pistolsuppressor x1 (c54c49e0) at the trader "Attachments (Jose [#STR_EXPANSION_MARKET_TRADER_ATTACHMENTS])" in market zone "Trader Zone" (pos=<6675.160645, 104.603935, 6114.155762>) and got 8.
13:21:57.914 [Market] Player "Brewce" (id=XL1GT1pp_f-jQGOrP6YuCPttwyD--b5ziLbGiXICjFs=) has sold pistoloptic x1 (a8d1ffd0) at the trader "Attachments (Jose [#STR_EXPANSION_MARKET_TRADER_ATTACHMENTS])" in market zone "Trader Zone" (pos=<6675.160645, 104.603935, 6114.155762>) and got 56.
13:22:05.937 [Market] Player "Brewce" (id=XL1GT1pp_f-jQGOrP6YuCPttwyD--b5ziLbGiXICjFs=) has sold portablegaslamp x1 (16b041a0) at the trader "Components (Cyril [#STR_EXPANSION_MARKET_TRADER_COMPONENTS])" in market zone "Trader Zone" (pos=<6675.160645, 104.603935, 6114.155762>) and got 14.
13:22:18.371 [Market] Player "Brewce" (id=XL1GT1pp_f-jQGOrP6YuCPttwyD--b5ziLbGiXICjFs=) has sold ammo_45acp x1 (b3944ea0) at the trader "Weapons (Denis [#STR_EXPANSION_MARKET_TRADER_WEAPONS])" in market zone "Trader Zone" (pos=<6675.160645, 104.603935, 6114.155762>) and got 1.
13:22:18.667 [Market] Player "Brewce" (id=XL1GT1pp_f-jQGOrP6YuCPttwyD--b5ziLbGiXICjFs=) has sold ammo_45acp x1 (b3944ea0) at the trader "Weapons (Denis [#STR_EXPANSION_MARKET_TRADER_WEAPONS])" in market zone "Trader Zone" (pos=<6675.160645, 104.603935, 6114.155762>) and got 1.
13:22:19.554 [Market] Player "Brewce" (id=XL1GT1pp_f-jQGOrP6YuCPttwyD--b5ziLbGiXICjFs=) has sold ammo_556x45 x1 (b3945a30) at the trader "Weapons (Denis [#STR_EXPANSION_MARKET_TRADER_WEAPONS])" in market zone "Trader Zone" (pos=<6675.160645, 104.603935, 6114.155762>) and got 0.
13:22:19.843 [Market] Player "Brewce" (id=XL1GT1pp_f-jQGOrP6YuCPttwyD--b5ziLbGiXICjFs=) has sold ammo_556x45 x1 (b3945a30) at the trader "Weapons (Denis [#STR_EXPANSION_MARKET_TRADER_WEAPONS])" in market zone "Trader Zone" (pos=<6675.160645, 104.603935, 6114.155762>) and got 0.
13:22:20.195 [Market] Player "Brewce" (id=XL1GT1pp_f-jQGOrP6YuCPttwyD--b5ziLbGiXICjFs=) has sold ammo_556x45 x1 (b3945a30) at the trader "Weapons (Denis [#STR_EXPANSION_MARKET_TRADER_WEAPONS])" in market zone "Trader Zone" (pos=<6675.160645, 104.603935, 6114.155762>) and got 0.
13:22:37.855 [ATM] Player "Brewce" (id=XL1GT1pp_f-jQGOrP6YuCPttwyD--b5ziLbGiXICjFs=) has deposited 813 on his ATM account.
13:24:43.214 [Safezone] Player "{1:name}" (id={1:id} pos={1:position}) left the safezone
13:33:00.929 [Safezone] Player "Brewce" (id=XL1GT1pp_f-jQGOrP6YuCPttwyD--b5ziLbGiXICjFs= pos=<6766.28, 102.51, 6075.26>) entered the safezone
13:33:47.562 [Market] Player "Brewce" (id=XL1GT1pp_f-jQGOrP6YuCPttwyD--b5ziLbGiXICjFs=) has sold headtorch_black x1 (bb08f390) at the trader "Components (Cyril [#STR_EXPANSION_MARKET_TRADER_COMPONENTS])" in market zone "Trader Zone" (pos=<6675.160645, 104.603935, 6114.155762>) and got 22.
14:02:08.007 [MissionAirdrop] An airdrop is heading towards "Erie" (pos=<723.437744, 0.000000, 8062.600098> type=Random_Erie) with a ExpansionAirdropContainer_Basebuilding
14:35:39.648 [Party] Player "YellowMan03" (id=Q5YYCirVtNrxz4WQIODDgTTJ2c72jSwr9IjthoaUGfs=) joinded the party "Seraph Intrepid" (id=30 ownerUID=Q5YYCirVtNrxz4WQIODDgTTJ2c72jSwr9IjthoaUGfs= ownerName=YellowMan03)
14:41:06.199 [Party] Player "Eric" (id=DT1QFut1v8UN48skN3UnroicVIl_5hTizZZZSwLRxk8=) joinded the party "Hawk Fearless" (id=5 ownerUID=wBwiybhmqSv3IfINgIr99PhPwxKwXc4RCt6SZurIBXQ= ownerName=MrWowaWowa)
14:57:17.839 [Party] Player "YellowMan03" (id=Q5YYCirVtNrxz4WQIODDgTTJ2c72jSwr9IjthoaUGfs=) left the party "Seraph Intrepid" (id=30 ownerUID=Q5YYCirVtNrxz4WQIODDgTTJ2c72jSwr9IjthoaUGfs= ownerName=YellowMan03)
15:00:01.898 [Party] Player "Eric" (id=DT1QFut1v8UN48skN3UnroicVIl_5hTizZZZSwLRxk8=) left the party "Hawk Fearless" (id=5 ownerUID=wBwiybhmqSv3IfINgIr99PhPwxKwXc4RCt6SZurIBXQ= ownerName=MrWowaWowa)
