11:02:35.890 [Party] Player "London" (id=kOLgOs9yYBFVRQG3lqoHveYdP5X8y3SO69cq5MiR4us=) joinded the party "SLAVES" (id=1 ownerUID=m_TD03B4NXDQrU5koHpLq3WyQf1hXTvQSdETJOTM8ss= ownerName=F11 Simulator)
11:03:21.054 [Party] Player "F11 Simulator" (id=m_TD03B4NXDQrU5koHpLq3WyQf1hXTvQSdETJOTM8ss=) joinded the party "SLAVES" (id=1 ownerUID=m_TD03B4NXDQrU5koHpLq3WyQf1hXTvQSdETJOTM8ss= ownerName=F11 Simulator)
11:11:04.535 [Safezone] Player "London" (id=kOLgOs9yYBFVRQG3lqoHveYdP5X8y3SO69cq5MiR4us= pos=<6756.54, 103.59, 6058.4>) entered the safezone
11:11:30.332 [ATM] Player "London" (id=kOLgOs9yYBFVRQG3lqoHveYdP5X8y3SO69cq5MiR4us=) has withdrawn 8000 from his ATM account.
11:12:08.781 [Market] Player "London" (id=kOLgOs9yYBFVRQG3lqoHveYdP5X8y3SO69cq5MiR4us=) has sold b95 x1 (19631a90) at the trader "Weapons (Denis [#STR_EXPANSION_MARKET_TRADER_WEAPONS])" in market zone "Trader Zone" (pos=<6675.160645, 104.603935, 6114.155762>) and got 637.
11:12:27.847 [Market] Player "London" (id=kOLgOs9yYBFVRQG3lqoHveYdP5X8y3SO69cq5MiR4us=) has bought rope x5 (69ab6890) from the trader "Components (Cyril [#STR_EXPANSION_MARKET_TRADER_COMPONENTS])" in market zone "Trader Zone" (pos=<6675.160645, 104.603935, 6114.155762>) for a price of 20.
11:12:52.644 [Market] Player "London" (id=kOLgOs9yYBFVRQG3lqoHveYdP5X8y3SO69cq5MiR4us=) has bought nail x1000 (69abf350) from the trader "Components (Cyril [#STR_EXPANSION_MARKET_TRADER_COMPONENTS])" in market zone "Trader Zone" (pos=<6675.160645, 104.603935, 6114.155762>) for a price of 3000.
11:14:25.039 [Market] Player "London" (id=kOLgOs9yYBFVRQG3lqoHveYdP5X8y3SO69cq5MiR4us=) has bought farminghoe x1 (1971c290) from the trader "Components (Cyril [#STR_EXPANSION_MARKET_TRADER_COMPONENTS])" in market zone "Trader Zone" (pos=<6675.160645, 104.603935, 6114.155762>) for a price of 12.
11:14:34.503 [Market] Player "London" (id=kOLgOs9yYBFVRQG3lqoHveYdP5X8y3SO69cq5MiR4us=) has bought wrench x1 (ffc51a0) from the trader "Components (Cyril [#STR_EXPANSION_MARKET_TRADER_COMPONENTS])" in market zone "Trader Zone" (pos=<6675.160645, 104.603935, 6114.155762>) for a price of 3.
11:14:36.398 [Market] Player "London" (id=kOLgOs9yYBFVRQG3lqoHveYdP5X8y3SO69cq5MiR4us=) has bought sledgehammer x1 (ffcff10) from the trader "Components (Cyril [#STR_EXPANSION_MARKET_TRADER_COMPONENTS])" in market zone "Trader Zone" (pos=<6675.160645, 104.603935, 6114.155762>) for a price of 12.
11:14:52.675 [Market] Player "London" (id=kOLgOs9yYBFVRQG3lqoHveYdP5X8y3SO69cq5MiR4us=) has bought firefighteraxe x1 (1dcbece0) from the trader "Components (Cyril [#STR_EXPANSION_MARKET_TRADER_COMPONENTS])" in market zone "Trader Zone" (pos=<6675.160645, 104.603935, 6114.155762>) for a price of 30.
11:15:05.937 [Market] Player "London" (id=kOLgOs9yYBFVRQG3lqoHveYdP5X8y3SO69cq5MiR4us=) has bought pliers x1 (1d77c6d0) from the trader "Components (Cyril [#STR_EXPANSION_MARKET_TRADER_COMPONENTS])" in market zone "Trader Zone" (pos=<6675.160645, 104.603935, 6114.155762>) for a price of 4.
11:15:12.632 [Market] Player "London" (id=kOLgOs9yYBFVRQG3lqoHveYdP5X8y3SO69cq5MiR4us=) has bought crowbar x1 (da39620) from the trader "Components (Cyril [#STR_EXPANSION_MARKET_TRADER_COMPONENTS])" in market zone "Trader Zone" (pos=<6675.160645, 104.603935, 6114.155762>) for a price of 5.
11:15:25.960 [Market] Player "London" (id=kOLgOs9yYBFVRQG3lqoHveYdP5X8y3SO69cq5MiR4us=) has bought fishingrod x1 (ffc2360) from the trader "Fishing (Baty [#STR_EXPANSION_MARKET_TRADER_FISHING])" in market zone "Trader Zone" (pos=<6675.160645, 104.603935, 6114.155762>) for a price of 60.
11:15:27.523 [Market] Player "London" (id=kOLgOs9yYBFVRQG3lqoHveYdP5X8y3SO69cq5MiR4us=) has bought hook x1 (a439f20) from the trader "Fishing (Baty [#STR_EXPANSION_MARKET_TRADER_FISHING])" in market zone "Trader Zone" (pos=<6675.160645, 104.603935, 6114.155762>) for a price of 7.
11:15:28.058 [Market] Player "London" (id=kOLgOs9yYBFVRQG3lqoHveYdP5X8y3SO69cq5MiR4us=) has bought hook x1 (15564390) from the trader "Fishing (Baty [#STR_EXPANSION_MARKET_TRADER_FISHING])" in market zone "Trader Zone" (pos=<6675.160645, 104.603935, 6114.155762>) for a price of 7.
11:15:32.207 [Market] Player "London" (id=kOLgOs9yYBFVRQG3lqoHveYdP5X8y3SO69cq5MiR4us=) has bought worm x2 (67daea70) from the trader "Fishing (Baty [#STR_EXPANSION_MARKET_TRADER_FISHING])" in market zone "Trader Zone" (pos=<6675.160645, 104.603935, 6114.155762>) for a price of 4.
11:16:02.746 [Market] Player "London" (id=kOLgOs9yYBFVRQG3lqoHveYdP5X8y3SO69cq5MiR4us=) has bought shovel x1 (133e7ce0) from the trader "Components (Cyril [#STR_EXPANSION_MARKET_TRADER_COMPONENTS])" in market zone "Trader Zone" (pos=<6675.160645, 104.603935, 6114.155762>) for a price of 6.
11:16:16.847 [ATM] Player "London" (id=kOLgOs9yYBFVRQG3lqoHveYdP5X8y3SO69cq5MiR4us=) has deposited 5519 on his ATM account.
11:16:45.406 [Safezone] Player "{1:name}" (id={1:id} pos={1:position}) left the safezone
11:19:31.148 [BaseRaiding] ExpansionWall6x3 (<7492.767090, 121.592018, 6344.414551>) Damaged "player "London" (ID = "kOLgOs9yYBFVRQG3lqoHveYdP5X8y3SO69cq5MiR4us=" at <7491.805176, 121.133675, 6343.024414>)" by 10 health points. Reason: Failed to enter the correct code.
11:19:31.148 [BaseRaiding] ExpansionWall6x3 (<7492.767090, 121.592018, 6344.414551>) The correct code was 1110 and the player tried 1011
11:19:34.113 [BaseRaiding] ExpansionWall6x3 (<7492.767090, 121.592018, 6344.414551>) Damaged "player "London" (ID = "kOLgOs9yYBFVRQG3lqoHveYdP5X8y3SO69cq5MiR4us=" at <7491.805176, 121.133675, 6343.024414>)" by 10 health points. Reason: Failed to enter the correct code.
11:19:34.113 [BaseRaiding] ExpansionWall6x3 (<7492.767090, 121.592018, 6344.414551>) The correct code was 1110 and the player tried 1011
11:19:58.503 [BaseRaiding] ExpansionWall6x3 (<7493.693848, 121.551865, 6345.564941>) Damaged "player "London" (ID = "kOLgOs9yYBFVRQG3lqoHveYdP5X8y3SO69cq5MiR4us=" at <7492.951660, 121.592018, 6344.921387>)" by 10 health points. Reason: Failed to enter the correct code.
11:19:58.503 [BaseRaiding] ExpansionWall6x3 (<7493.693848, 121.551865, 6345.564941>) The correct code was 1011 and the player tried 1110
11:20:03.085 [BaseRaiding] ExpansionWall6x3 (<7493.693848, 121.551865, 6345.564941>) Damaged "player "London" (ID = "kOLgOs9yYBFVRQG3lqoHveYdP5X8y3SO69cq5MiR4us=" at <7492.951660, 121.592018, 6344.921387>)" by 10 health points. Reason: Failed to enter the correct code.
11:20:03.085 [BaseRaiding] ExpansionWall6x3 (<7493.693848, 121.551865, 6345.564941>) The correct code was 1011 and the player tried 1110
11:20:06.644 [BaseRaiding] ExpansionWall6x3 (<7493.693848, 121.551865, 6345.564941>) Damaged "player "London" (ID = "kOLgOs9yYBFVRQG3lqoHveYdP5X8y3SO69cq5MiR4us=" at <7492.951660, 121.592018, 6344.921387>)" by 10 health points. Reason: Failed to enter the correct code.
11:20:06.644 [BaseRaiding] ExpansionWall6x3 (<7493.693848, 121.551865, 6345.564941>) The correct code was 1011 and the player tried 1110
11:30:27.281 [BaseRaiding] ExpansionWall6x3 (<7497.229004, 124.298866, 6350.794922>) Code set by "player "F11 Simulator" (ID = "m_TD03B4NXDQrU5koHpLq3WyQf1hXTvQSdETJOTM8ss=" at <7497.444824, 124.345932, 6352.596191>)" and the code is 1011
11:31:36.726 [BaseRaiding] ExpansionSafeLarge (<7500.252441, 124.298927, 6347.984863>) Damaged "player "London" (ID = "kOLgOs9yYBFVRQG3lqoHveYdP5X8y3SO69cq5MiR4us=" at <7499.449219, 124.345917, 6346.858887>)" by 10 health points. Reason: Failed to enter the correct code.
11:31:36.726 [BaseRaiding] ExpansionSafeLarge (<7500.252441, 124.298927, 6347.984863>) The correct code was 1110 and the player tried 1011
11:32:32.562 [BaseRaiding] ExpansionWall6x3 (<7496.286621, 121.551865, 6347.589355>) Code set by "player "F11 Simulator" (ID = "m_TD03B4NXDQrU5koHpLq3WyQf1hXTvQSdETJOTM8ss=" at <7497.816406, 121.591965, 6348.886230>)" and the code is 1110
11:32:41.625 [BaseRaiding] ExpansionWall6x3 (<7496.286621, 121.551865, 6347.589355>) Damaged "player "London" (ID = "kOLgOs9yYBFVRQG3lqoHveYdP5X8y3SO69cq5MiR4us=" at <7494.774902, 121.592018, 6347.197754>)" by 10 health points. Reason: Failed to enter the correct code.
11:32:41.625 [BaseRaiding] ExpansionWall6x3 (<7496.286621, 121.551865, 6347.589355>) The correct code was 1110 and the player tried 1011
11:38:07.109 [BaseRaiding] ExpansionWall6x3 (<7497.513184, 124.345947, 6349.697266>) Code set by "player "F11 Simulator" (ID = "m_TD03B4NXDQrU5koHpLq3WyQf1hXTvQSdETJOTM8ss=" at <7497.071289, 124.345924, 6351.114746>)" and the code is 1110
11:42:28.011 [BaseRaiding] ExpansionWall6x3 (<7494.130371, 121.551865, 6347.698730>) Code set by "player "F11 Simulator" (ID = "m_TD03B4NXDQrU5koHpLq3WyQf1hXTvQSdETJOTM8ss=" at <7493.358887, 121.592010, 6346.598145>)" and the code is 1011
11:46:24.890 [BaseRaiding] ExpansionWall6x3 (<7497.229004, 124.298866, 6350.794922>) Damaged "player "London" (ID = "kOLgOs9yYBFVRQG3lqoHveYdP5X8y3SO69cq5MiR4us=" at <7494.923828, 124.174881, 6350.847656>)" by 10 health points. Reason: Failed to enter the correct code.
11:46:24.890 [BaseRaiding] ExpansionWall6x3 (<7497.229004, 124.298866, 6350.794922>) The correct code was 1011 and the player tried 1110
11:46:25.484 [Party] Player "F11 Simulator" (id=m_TD03B4NXDQrU5koHpLq3WyQf1hXTvQSdETJOTM8ss=) left the party "SLAVES" (id=1 ownerUID=m_TD03B4NXDQrU5koHpLq3WyQf1hXTvQSdETJOTM8ss= ownerName=F11 Simulator)
11:46:54.105 [BaseRaiding] ExpansionWall6x3 (<7497.513184, 124.345947, 6349.697266>) Damaged "player "London" (ID = "kOLgOs9yYBFVRQG3lqoHveYdP5X8y3SO69cq5MiR4us=" at <7496.061523, 124.345840, 6349.465332>)" by 10 health points. Reason: Failed to enter the correct code.
11:46:54.105 [BaseRaiding] ExpansionWall6x3 (<7497.513184, 124.345947, 6349.697266>) The correct code was 1110 and the player tried 1011
11:49:05.578 [BaseRaiding] ExpansionWall6x3 (<7494.130371, 121.551865, 6347.698730>) Damaged "player "London" (ID = "kOLgOs9yYBFVRQG3lqoHveYdP5X8y3SO69cq5MiR4us=" at <7492.339355, 121.592018, 6347.296387>)" by 10 health points. Reason: Failed to enter the correct code.
11:49:05.578 [BaseRaiding] ExpansionWall6x3 (<7494.130371, 121.551865, 6347.698730>) The correct code was 1011 and the player tried 1110
11:50:12.351 [Party] Player "London" (id=kOLgOs9yYBFVRQG3lqoHveYdP5X8y3SO69cq5MiR4us=) left the party "SLAVES" (id=1 ownerUID=m_TD03B4NXDQrU5koHpLq3WyQf1hXTvQSdETJOTM8ss= ownerName=F11 Simulator)
12:38:17.394 [Party] Player "London" (id=kOLgOs9yYBFVRQG3lqoHveYdP5X8y3SO69cq5MiR4us=) joinded the party "SLAVES" (id=1 ownerUID=m_TD03B4NXDQrU5koHpLq3WyQf1hXTvQSdETJOTM8ss= ownerName=F11 Simulator)
12:42:16.277 [Party] Player "London" (id=kOLgOs9yYBFVRQG3lqoHveYdP5X8y3SO69cq5MiR4us=) left the party "SLAVES" (id=1 ownerUID=m_TD03B4NXDQrU5koHpLq3WyQf1hXTvQSdETJOTM8ss= ownerName=F11 Simulator)
