03:01:47.605 [Party] Player "Sir Trippy" (id=qZqolO4hbF2D7i2SHl6eLqgMczahG7_bAPkC9G_OL68=) joinded the party "SLAVES" (id=1 ownerUID=m_TD03B4NXDQrU5koHpLq3WyQf1hXTvQSdETJOTM8ss= ownerName=F11 Simulator)
03:01:47.662 [Party] Player "Druss" (id=mvB_p65s26M1iDgS3KgKpm-UzbAyYM5rER5IINF2xI0=) joinded the party "SLAVES" (id=1 ownerUID=m_TD03B4NXDQrU5koHpLq3WyQf1hXTvQSdETJOTM8ss= ownerName=F11 Simulator)
03:05:09.732 [Safezone] Player "Sir Trippy" (id=qZqolO4hbF2D7i2SHl6eLqgMczahG7_bAPkC9G_OL68= pos=<6768.88, 102.26, 6080.66>) entered the safezone
03:06:25.534 [Market] Player "Sir Trippy" (id=qZqolO4hbF2D7i2SHl6eLqgMczahG7_bAPkC9G_OL68=) has bought ghillieatt_tan x1 (f4dcb620) from the trader "Attachments (Jose [#STR_EXPANSION_MARKET_TRADER_ATTACHMENTS])" in market zone "Trader Zone" (pos=<6675.160645, 104.603935, 6114.155762>) for a price of 220.
03:06:27.545 [Market] Player "Sir Trippy" (id=qZqolO4hbF2D7i2SHl6eLqgMczahG7_bAPkC9G_OL68=) has bought ghillieatt_tan x1 (f4dd9d60) from the trader "Attachments (Jose [#STR_EXPANSION_MARKET_TRADER_ATTACHMENTS])" in market zone "Trader Zone" (pos=<6675.160645, 104.603935, 6114.155762>) for a price of 220.
03:06:28.991 [MissionAirdrop] An airdrop is heading towards "Huron" (pos=<5645.566895, 0.000000, 8244.150391> type=Random_Huron) with a ExpansionAirdropContainer_Basebuilding
03:06:29.106 [Party] Player "Druss" (id=mvB_p65s26M1iDgS3KgKpm-UzbAyYM5rER5IINF2xI0=) left the party "SLAVES" (id=1 ownerUID=m_TD03B4NXDQrU5koHpLq3WyQf1hXTvQSdETJOTM8ss= ownerName=F11 Simulator)
03:07:09.541 [Market] Player "Sir Trippy" (id=qZqolO4hbF2D7i2SHl6eLqgMczahG7_bAPkC9G_OL68=) has sold ghillieatt_tan x1 (f4dd9d60) at the trader "Attachments (Jose [#STR_EXPANSION_MARKET_TRADER_ATTACHMENTS])" in market zone "Trader Zone" (pos=<6675.160645, 104.603935, 6114.155762>) and got 165.
03:07:38.998 [Party] Player "ches" (id=OGB03y2V-zzR5MS3isA2-tx161uP7__CrIIB4QT3yRU=) joinded the party "Spartan Mysterious" (id=32 ownerUID=S3Fiy0pU1703cd1GDvGjNPrQ0b8cH76lGnMravDRc-I= ownerName=ghosty)
03:07:56.157 [Party] Player "ghosty" (id=S3Fiy0pU1703cd1GDvGjNPrQ0b8cH76lGnMravDRc-I=) joinded the party "Spartan Mysterious" (id=32 ownerUID=S3Fiy0pU1703cd1GDvGjNPrQ0b8cH76lGnMravDRc-I= ownerName=ghosty)
03:16:08.591 [Market] Player "Sir Trippy" (id=qZqolO4hbF2D7i2SHl6eLqgMczahG7_bAPkC9G_OL68=) has bought camonet x1 (fd152520) from the trader "Components (Cyril [#STR_EXPANSION_MARKET_TRADER_COMPONENTS])" in market zone "Trader Zone" (pos=<6675.160645, 104.603935, 6114.155762>) for a price of 600.
03:16:09.158 [Market] Player "Sir Trippy" (id=qZqolO4hbF2D7i2SHl6eLqgMczahG7_bAPkC9G_OL68=) has bought camonet x1 (fd14c8a0) from the trader "Components (Cyril [#STR_EXPANSION_MARKET_TRADER_COMPONENTS])" in market zone "Trader Zone" (pos=<6675.160645, 104.603935, 6114.155762>) for a price of 600.
03:16:09.742 [Market] Player "Sir Trippy" (id=qZqolO4hbF2D7i2SHl6eLqgMczahG7_bAPkC9G_OL68=) has bought camonet x1 (fd1530b0) from the trader "Components (Cyril [#STR_EXPANSION_MARKET_TRADER_COMPONENTS])" in market zone "Trader Zone" (pos=<6675.160645, 104.603935, 6114.155762>) for a price of 600.
03:22:12.375 [ATM] Player "Sir Trippy" (id=qZqolO4hbF2D7i2SHl6eLqgMczahG7_bAPkC9G_OL68=) has deposited 696 on his ATM account.
03:22:29.946 [ATM] Player "Sir Trippy" (id=qZqolO4hbF2D7i2SHl6eLqgMczahG7_bAPkC9G_OL68=) has withdrawn 15000 from the party "SLAVES" (partyid=1 | ownerid=m_TD03B4NXDQrU5koHpLq3WyQf1hXTvQSdETJOTM8ss=) ATM account.
03:22:43.027 [ATM] Player "Sir Trippy" (id=qZqolO4hbF2D7i2SHl6eLqgMczahG7_bAPkC9G_OL68=) has withdrawn 6000 from his ATM account.
03:22:57.769 [Market] Player "Sir Trippy" (id=qZqolO4hbF2D7i2SHl6eLqgMczahG7_bAPkC9G_OL68=) has bought camonet x1 (19579540) from the trader "Components (Cyril [#STR_EXPANSION_MARKET_TRADER_COMPONENTS])" in market zone "Trader Zone" (pos=<6675.160645, 104.603935, 6114.155762>) for a price of 600.
03:22:58.076 [Market] Player "Sir Trippy" (id=qZqolO4hbF2D7i2SHl6eLqgMczahG7_bAPkC9G_OL68=) has bought camonet x1 (1957cf10) from the trader "Components (Cyril [#STR_EXPANSION_MARKET_TRADER_COMPONENTS])" in market zone "Trader Zone" (pos=<6675.160645, 104.603935, 6114.155762>) for a price of 600.
03:23:01.239 [Market] Player "Sir Trippy" (id=qZqolO4hbF2D7i2SHl6eLqgMczahG7_bAPkC9G_OL68=) has bought camonet x1 (fb35e620) from the trader "Components (Cyril [#STR_EXPANSION_MARKET_TRADER_COMPONENTS])" in market zone "Trader Zone" (pos=<6675.160645, 104.603935, 6114.155762>) for a price of 600.
03:23:01.971 [Market] Player "Sir Trippy" (id=qZqolO4hbF2D7i2SHl6eLqgMczahG7_bAPkC9G_OL68=) has bought camonet x1 (fb375820) from the trader "Components (Cyril [#STR_EXPANSION_MARKET_TRADER_COMPONENTS])" in market zone "Trader Zone" (pos=<6675.160645, 104.603935, 6114.155762>) for a price of 600.
03:29:54.037 [Party] Player "Sir Trippy" (id=qZqolO4hbF2D7i2SHl6eLqgMczahG7_bAPkC9G_OL68=) left the party "SLAVES" (id=1 ownerUID=m_TD03B4NXDQrU5koHpLq3WyQf1hXTvQSdETJOTM8ss= ownerName=F11 Simulator)
04:32:13.054 [MissionAirdrop] An airdrop is heading towards "Algonquin" (pos=<4627.195313, 0.000000, 7687.189941> type=Random_Algonquin) with a ExpansionAirdropContainer_Military
04:56:24.394 [BaseRaiding] ExpansionWall6x3 (<7492.068848, 120.828835, 6358.720215>) Damaged "player "6Frogs" (ID = "UdEv8c79adl-Uoa6gPPF24eHId3zVLdtFmp-bgiiOgk=" at <7492.553223, 120.752144, 6359.898926>)" by 10 health points. Reason: Failed to enter the correct code.
04:56:24.394 [BaseRaiding] ExpansionWall6x3 (<7492.068848, 120.828835, 6358.720215>) The correct code was 1011 and the player tried 4444
04:56:28.173 [BaseRaiding] ExpansionWall6x3 (<7492.068848, 120.828835, 6358.720215>) Damaged "player "6Frogs" (ID = "UdEv8c79adl-Uoa6gPPF24eHId3zVLdtFmp-bgiiOgk=" at <7492.553223, 120.752144, 6359.898926>)" by 10 health points. Reason: Failed to enter the correct code.
04:56:28.173 [BaseRaiding] ExpansionWall6x3 (<7492.068848, 120.828835, 6358.720215>) The correct code was 1011 and the player tried 4444
04:56:28.375 [BaseRaiding] ExpansionWall6x3 (<7492.068848, 120.828835, 6358.720215>) Damaged "player "6Frogs" (ID = "UdEv8c79adl-Uoa6gPPF24eHId3zVLdtFmp-bgiiOgk=" at <7492.553223, 120.752144, 6359.898926>)" by 10 health points. Reason: Failed to enter the correct code.
04:56:28.375 [BaseRaiding] ExpansionWall6x3 (<7492.068848, 120.828835, 6358.720215>) The correct code was 1011 and the player tried 4444
04:59:31.656 [Safezone] Player "6Frogs" (id=UdEv8c79adl-Uoa6gPPF24eHId3zVLdtFmp-bgiiOgk= pos=<6763.26, 102.6, 6070.5>) entered the safezone
05:00:58.605 [Market] Player "6Frogs" (id=UdEv8c79adl-Uoa6gPPF24eHId3zVLdtFmp-bgiiOgk=) has sold ruger1022 x1 (c218c8a0, Mag_Ruger1022_15Rnd<c44ab270>, ammo_22 x10) at the trader "Weapons (Denis [#STR_EXPANSION_MARKET_TRADER_WEAPONS])" in market zone "Trader Zone" (pos=<6675.160645, 104.603935, 6114.155762>) and got 252.
05:01:04.191 [Market] Player "6Frogs" (id=UdEv8c79adl-Uoa6gPPF24eHId3zVLdtFmp-bgiiOgk=) has sold ammo_762x39 x1 (afb608e0) at the trader "Weapons (Denis [#STR_EXPANSION_MARKET_TRADER_WEAPONS])" in market zone "Trader Zone" (pos=<6675.160645, 104.603935, 6114.155762>) and got 1.
05:01:55.462 [Market] Player "6Frogs" (id=UdEv8c79adl-Uoa6gPPF24eHId3zVLdtFmp-bgiiOgk=) has bought fishingrod x1 (df1c12b0) from the trader "Fishing (Baty [#STR_EXPANSION_MARKET_TRADER_FISHING])" in market zone "Trader Zone" (pos=<6675.160645, 104.603935, 6114.155762>) for a price of 60.
05:02:14.869 [ATM] Player "6Frogs" (id=UdEv8c79adl-Uoa6gPPF24eHId3zVLdtFmp-bgiiOgk=) has deposited 193 on his ATM account.
05:02:51.675 [Safezone] Player "{1:name}" (id={1:id} pos={1:position}) left the safezone
05:08:10.238 [Party] Player "ghosty" (id=S3Fiy0pU1703cd1GDvGjNPrQ0b8cH76lGnMravDRc-I=) left the party "Spartan Mysterious" (id=32 ownerUID=S3Fiy0pU1703cd1GDvGjNPrQ0b8cH76lGnMravDRc-I= ownerName=ghosty)
05:08:12.894 [Party] Player "ches" (id=OGB03y2V-zzR5MS3isA2-tx161uP7__CrIIB4QT3yRU=) left the party "Spartan Mysterious" (id=32 ownerUID=S3Fiy0pU1703cd1GDvGjNPrQ0b8cH76lGnMravDRc-I= ownerName=ghosty)
05:57:31.080 [MissionAirdrop] An airdrop is heading towards "Seneca" (pos=<7648.691895, 0.000000, 1011.718018> type=Random_Seneca) with a ExpansionAirdropContainer_Basebuilding
