11:22:46.933 [Safezone] Player "PR0METH3US" (id=TThAinrxkJFP-CwEnz2PeSGexzhJQlXBi9wpSBiT1g4= pos=<6656.16, 124.2, 6018.58>) entered the safezone
11:23:25.500 [Market] Player "PR0METH3US" (id=TThAinrxkJFP-CwEnz2PeSGexzhJQlXBi9wpSBiT1g4=) has sold aks74u x1 (319ba300, AK_PlasticBttstck<159f5c30>, Mag_AK74_30Rnd<159f67c0>, ammo_545x39 x25) at the trader "Weapons (Denis [#STR_EXPANSION_MARKET_TRADER_WEAPONS])" in market zone "Trader Zone" (pos=<6675.160645, 104.603935, 6114.155762>) and got 702.
11:23:39.511 [Market] Player "PR0METH3US" (id=TThAinrxkJFP-CwEnz2PeSGexzhJQlXBi9wpSBiT1g4=) has sold ammobox_545x39_20rnd x1 (317e3f20) at the trader "Weapons (Denis [#STR_EXPANSION_MARKET_TRADER_WEAPONS])" in market zone "Trader Zone" (pos=<6675.160645, 104.603935, 6114.155762>) and got 6.
11:23:40.097 [Market] Player "PR0METH3US" (id=TThAinrxkJFP-CwEnz2PeSGexzhJQlXBi9wpSBiT1g4=) has sold ammobox_545x39_20rnd x1 (317d6f00) at the trader "Weapons (Denis [#STR_EXPANSION_MARKET_TRADER_WEAPONS])" in market zone "Trader Zone" (pos=<6675.160645, 104.603935, 6114.155762>) and got 6.
11:23:51.300 [Market] Player "PR0METH3US" (id=TThAinrxkJFP-CwEnz2PeSGexzhJQlXBi9wpSBiT1g4=) has sold ammo_762x39 x10 (153bf6b0) at the trader "Weapons (Denis [#STR_EXPANSION_MARKET_TRADER_WEAPONS])" in market zone "Trader Zone" (pos=<6675.160645, 104.603935, 6114.155762>) and got 10.
11:23:53.976 [Market] Player "PR0METH3US" (id=TThAinrxkJFP-CwEnz2PeSGexzhJQlXBi9wpSBiT1g4=) has sold ammo_762x54 x1 (153b8ea0) at the trader "Weapons (Denis [#STR_EXPANSION_MARKET_TRADER_WEAPONS])" in market zone "Trader Zone" (pos=<6675.160645, 104.603935, 6114.155762>) and got 1.
11:23:55.484 [Market] Player "PR0METH3US" (id=TThAinrxkJFP-CwEnz2PeSGexzhJQlXBi9wpSBiT1g4=) has sold ammo_762x54 x1 (153b8ea0) at the trader "Weapons (Denis [#STR_EXPANSION_MARKET_TRADER_WEAPONS])" in market zone "Trader Zone" (pos=<6675.160645, 104.603935, 6114.155762>) and got 1.
11:23:55.718 [Market] Player "PR0METH3US" (id=TThAinrxkJFP-CwEnz2PeSGexzhJQlXBi9wpSBiT1g4=) has sold ammo_762x54 x1 (153b8ea0) at the trader "Weapons (Denis [#STR_EXPANSION_MARKET_TRADER_WEAPONS])" in market zone "Trader Zone" (pos=<6675.160645, 104.603935, 6114.155762>) and got 1.
11:23:55.945 [Market] Player "PR0METH3US" (id=TThAinrxkJFP-CwEnz2PeSGexzhJQlXBi9wpSBiT1g4=) has sold ammo_762x54 x1 (153b8ea0) at the trader "Weapons (Denis [#STR_EXPANSION_MARKET_TRADER_WEAPONS])" in market zone "Trader Zone" (pos=<6675.160645, 104.603935, 6114.155762>) and got 1.
11:23:56.226 [Market] Player "PR0METH3US" (id=TThAinrxkJFP-CwEnz2PeSGexzhJQlXBi9wpSBiT1g4=) has sold ammo_762x54 x1 (153b8ea0) at the trader "Weapons (Denis [#STR_EXPANSION_MARKET_TRADER_WEAPONS])" in market zone "Trader Zone" (pos=<6675.160645, 104.603935, 6114.155762>) and got 1.
11:23:56.648 [Market] Player "PR0METH3US" (id=TThAinrxkJFP-CwEnz2PeSGexzhJQlXBi9wpSBiT1g4=) has sold ammo_762x54 x1 (153b8ea0) at the trader "Weapons (Denis [#STR_EXPANSION_MARKET_TRADER_WEAPONS])" in market zone "Trader Zone" (pos=<6675.160645, 104.603935, 6114.155762>) and got 1.
11:24:16.152 [Market] Player "PR0METH3US" (id=TThAinrxkJFP-CwEnz2PeSGexzhJQlXBi9wpSBiT1g4=) has bought ammobox_9x19_25rnd x1 (10cafce0) from the trader "Weapons (Denis [#STR_EXPANSION_MARKET_TRADER_WEAPONS])" in market zone "Trader Zone" (pos=<6675.160645, 104.603935, 6114.155762>) for a price of 40.
11:24:16.812 [Market] Player "PR0METH3US" (id=TThAinrxkJFP-CwEnz2PeSGexzhJQlXBi9wpSBiT1g4=) has bought ammobox_9x19_25rnd x1 (10caa060) from the trader "Weapons (Denis [#STR_EXPANSION_MARKET_TRADER_WEAPONS])" in market zone "Trader Zone" (pos=<6675.160645, 104.603935, 6114.155762>) for a price of 40.
11:24:17.406 [Market] Player "PR0METH3US" (id=TThAinrxkJFP-CwEnz2PeSGexzhJQlXBi9wpSBiT1g4=) has bought ammobox_9x19_25rnd x1 (10cb4dd0) from the trader "Weapons (Denis [#STR_EXPANSION_MARKET_TRADER_WEAPONS])" in market zone "Trader Zone" (pos=<6675.160645, 104.603935, 6114.155762>) for a price of 40.
11:25:02.269 [Market] Player "PR0METH3US" (id=TThAinrxkJFP-CwEnz2PeSGexzhJQlXBi9wpSBiT1g4=) has bought ammobox_9x39_20rnd x6 (1d2e4d00) from the trader "Weapons (Denis [#STR_EXPANSION_MARKET_TRADER_WEAPONS])" in market zone "Trader Zone" (pos=<6675.160645, 104.603935, 6114.155762>) for a price of 96.
11:25:35.980 [Market] Player "PR0METH3US" (id=TThAinrxkJFP-CwEnz2PeSGexzhJQlXBi9wpSBiT1g4=) has bought mag_val_20rnd x1 (45489a30, ammo_9x39 x20) from the trader "Attachments (Jose [#STR_EXPANSION_MARKET_TRADER_ATTACHMENTS])" in market zone "Trader Zone" (pos=<6675.160645, 104.603935, 6114.155762>) for a price of 320.
11:25:37.179 [Market] Player "PR0METH3US" (id=TThAinrxkJFP-CwEnz2PeSGexzhJQlXBi9wpSBiT1g4=) has bought mag_val_20rnd x1 (4548b150, ammo_9x39 x20) from the trader "Attachments (Jose [#STR_EXPANSION_MARKET_TRADER_ATTACHMENTS])" in market zone "Trader Zone" (pos=<6675.160645, 104.603935, 6114.155762>) for a price of 320.
11:26:55.628 [Market] Player "PR0METH3US" (id=TThAinrxkJFP-CwEnz2PeSGexzhJQlXBi9wpSBiT1g4=) has bought platecarrierholster x1 (4549bb40) from the trader "Clothing (Naomi [#STR_EXPANSION_MARKET_TRADER_CLOTHING])" in market zone "Trader Zone" (pos=<6675.160645, 104.603935, 6114.155762>) for a price of 60.
11:29:20.308 [Market] Player "PR0METH3US" (id=TThAinrxkJFP-CwEnz2PeSGexzhJQlXBi9wpSBiT1g4=) has sold ghilliehood_mossy x1 (17ca7410) at the trader "Clothing (Naomi [#STR_EXPANSION_MARKET_TRADER_CLOTHING])" in market zone "Trader Zone" (pos=<6675.160645, 104.603935, 6114.155762>) and got 82.
11:34:31.277 [Market] Player "PR0METH3US" (id=TThAinrxkJFP-CwEnz2PeSGexzhJQlXBi9wpSBiT1g4=) has bought weaponcleaningkit x1 (1115ab60) from the trader "Components (Cyril [#STR_EXPANSION_MARKET_TRADER_COMPONENTS])" in market zone "Trader Zone" (pos=<6675.160645, 104.603935, 6114.155762>) for a price of 8.
11:34:33.113 [Market] Player "PR0METH3US" (id=TThAinrxkJFP-CwEnz2PeSGexzhJQlXBi9wpSBiT1g4=) has bought weaponcleaningkit x1 (153c75e0) from the trader "Components (Cyril [#STR_EXPANSION_MARKET_TRADER_COMPONENTS])" in market zone "Trader Zone" (pos=<6675.160645, 104.603935, 6114.155762>) for a price of 8.
11:36:22.523 [Market] Player "PR0METH3US" (id=TThAinrxkJFP-CwEnz2PeSGexzhJQlXBi9wpSBiT1g4=) has bought tacticalbaconcan x1 (15e0c880) from the trader "Consumables (Linda [#STR_EXPANSION_MARKET_TRADER_CONSUMABLES])" in market zone "Trader Zone" (pos=<6675.160645, 104.603935, 6114.155762>) for a price of 20.
11:36:24.242 [Market] Player "PR0METH3US" (id=TThAinrxkJFP-CwEnz2PeSGexzhJQlXBi9wpSBiT1g4=) has bought peachescan x1 (15e19590) from the trader "Consumables (Linda [#STR_EXPANSION_MARKET_TRADER_CONSUMABLES])" in market zone "Trader Zone" (pos=<6675.160645, 104.603935, 6114.155762>) for a price of 15.
11:37:19.074 [Market] Player "PR0METH3US" (id=TThAinrxkJFP-CwEnz2PeSGexzhJQlXBi9wpSBiT1g4=) has bought peachescan x1 (1cabe510) from the trader "Consumables (Linda [#STR_EXPANSION_MARKET_TRADER_CONSUMABLES])" in market zone "Trader Zone" (pos=<6675.160645, 104.603935, 6114.155762>) for a price of 15.
11:37:24.644 [Market] Player "PR0METH3US" (id=TThAinrxkJFP-CwEnz2PeSGexzhJQlXBi9wpSBiT1g4=) has bought pate x1 (1cacbe30) from the trader "Consumables (Linda [#STR_EXPANSION_MARKET_TRADER_CONSUMABLES])" in market zone "Trader Zone" (pos=<6675.160645, 104.603935, 6114.155762>) for a price of 15.
11:37:25.078 [Market] Player "PR0METH3US" (id=TThAinrxkJFP-CwEnz2PeSGexzhJQlXBi9wpSBiT1g4=) has bought pate x1 (1cad6710) from the trader "Consumables (Linda [#STR_EXPANSION_MARKET_TRADER_CONSUMABLES])" in market zone "Trader Zone" (pos=<6675.160645, 104.603935, 6114.155762>) for a price of 15.
11:37:25.558 [Market] Player "PR0METH3US" (id=TThAinrxkJFP-CwEnz2PeSGexzhJQlXBi9wpSBiT1g4=) has bought pate x1 (1caea0b0) from the trader "Consumables (Linda [#STR_EXPANSION_MARKET_TRADER_CONSUMABLES])" in market zone "Trader Zone" (pos=<6675.160645, 104.603935, 6114.155762>) for a price of 15.
11:37:25.765 [Market] Player "PR0METH3US" (id=TThAinrxkJFP-CwEnz2PeSGexzhJQlXBi9wpSBiT1g4=) has bought pate x1 (1caf3170) from the trader "Consumables (Linda [#STR_EXPANSION_MARKET_TRADER_CONSUMABLES])" in market zone "Trader Zone" (pos=<6675.160645, 104.603935, 6114.155762>) for a price of 15.
11:38:59.199 [Safezone] Player "{1:name}" (id={1:id} pos={1:position}) left the safezone
