10:06:15.432 [MissionAirdrop] An airdrop is heading towards "Onondaga" (pos=<5756.386719, 0.000000, 7200.799316> type=Random_Onondaga) with a ExpansionAirdropContainer
11:31:03.618 [MissionAirdrop] An airdrop is heading towards "Mohawk" (pos=<7978.891113, 0.000000, 7093.604004> type=Random_Mohawk) with a ExpansionAirdropContainer_Military
12:11:22.732 [Party] Player "ElBizzy" (id=zazFLAJ4lPF6TvVQMMREjst1jC8o_Id9oh_TjGBwaP8=) joinded the party "Viper Ethereal" (id=33 ownerUID=zazFLAJ4lPF6TvVQMMREjst1jC8o_Id9oh_TjGBwaP8= ownerName=ElBizzy)
12:43:15.317 [Safezone] Player "ElBizzy" (id=zazFLAJ4lPF6TvVQMMREjst1jC8o_Id9oh_TjGBwaP8= pos=<6632.83, 133.01, 6025.83>) entered the safezone
12:43:43.200 [ATM] Player "ElBizzy" (id=zazFLAJ4lPF6TvVQMMREjst1jC8o_Id9oh_TjGBwaP8=) has withdrawn 3000 from his ATM account.
12:44:03.305 [Market] Player "ElBizzy" (id=zazFLAJ4lPF6TvVQMMREjst1jC8o_Id9oh_TjGBwaP8=) has bought weaponcleaningkit x1 (4b2d2eb0) from the trader "Components (Cyril [#STR_EXPANSION_MARKET_TRADER_COMPONENTS])" in market zone "Trader Zone" (pos=<6675.160645, 104.603935, 6114.155762>) for a price of 8.
12:45:10.662 [Market] Player "ElBizzy" (id=zazFLAJ4lPF6TvVQMMREjst1jC8o_Id9oh_TjGBwaP8=) has bought weaponcleaningkit x1 (46682710) from the trader "Components (Cyril [#STR_EXPANSION_MARKET_TRADER_COMPONENTS])" in market zone "Trader Zone" (pos=<6675.160645, 104.603935, 6114.155762>) for a price of 8.
12:45:35.310 [Market] Player "ElBizzy" (id=zazFLAJ4lPF6TvVQMMREjst1jC8o_Id9oh_TjGBwaP8=) has sold pnc_w_awm_snow x1 (43d3ce90, HuntingOptic<4529ed50>, PNC_Mag_AWM_5rnd<4590b390>, ammo_338lapuamagnum x5) at the trader "Weapons (Denis [#STR_EXPANSION_MARKET_TRADER_WEAPONS])" in market zone "Trader Zone" (pos=<6675.160645, 104.603935, 6114.155762>) and got 5067.
12:45:40.855 [Market] Player "ElBizzy" (id=zazFLAJ4lPF6TvVQMMREjst1jC8o_Id9oh_TjGBwaP8=) has sold pnc_w_remingtonr5 x1 (43d41cf0, Mag_CMAG_30Rnd<456079a0>, ammo_556x45 x97, M4_OEBttstck<4560ed40>, UniversalLight<4560f8d0>, M4_T3NRDSOptic<4528e3f0>) at the trader "Weapons (Denis [#STR_EXPANSION_MARKET_TRADER_WEAPONS])" in market zone "Trader Zone" (pos=<6675.160645, 104.603935, 6114.155762>) and got 5288.
12:45:43.262 [Market] Player "ElBizzy" (id=zazFLAJ4lPF6TvVQMMREjst1jC8o_Id9oh_TjGBwaP8=) has sold pnc_w_tac21 x1 (466feec0, HuntingOptic<459e30c0>, PNC_TAC21_Mag<467fd260>, ammo_338lapuamagnum x9) at the trader "Weapons (Denis [#STR_EXPANSION_MARKET_TRADER_WEAPONS])" in market zone "Trader Zone" (pos=<6675.160645, 104.603935, 6114.155762>) and got 5305.
12:45:48.700 [Market] Player "ElBizzy" (id=zazFLAJ4lPF6TvVQMMREjst1jC8o_Id9oh_TjGBwaP8=) has sold pnc_w_famas x1 (43d45e40, ReflexOptic<459b2cc0>, UniversalLight<458ddb20>, Mag_CMAG_30Rnd<458e5a50>, ammo_556x45 x99) at the trader "Weapons (Denis [#STR_EXPANSION_MARKET_TRADER_WEAPONS])" in market zone "Trader Zone" (pos=<6675.160645, 104.603935, 6114.155762>) and got 2581.
12:45:56.649 [Market] Player "ElBizzy" (id=zazFLAJ4lPF6TvVQMMREjst1jC8o_Id9oh_TjGBwaP8=) has sold pnc_w_honeybadger_kitty x1 (43d2af30, PNC_Mag_HoneyBadger_Coupled_60Rnd<453a07a0>, ammo_300aac x60, M4_OEBttstck<453a4d00>, UniversalLight<453a6fb0>, M4_T3NRDSOptic<45271990>) at the trader "Weapons (Denis [#STR_EXPANSION_MARKET_TRADER_WEAPONS])" in market zone "Trader Zone" (pos=<6675.160645, 104.603935, 6114.155762>) and got 3718.
12:45:57.632 [Market] Player "ElBizzy" (id=zazFLAJ4lPF6TvVQMMREjst1jC8o_Id9oh_TjGBwaP8=) has sold pnc_w_scar_hive x1 (43d3e8b0, Mag_CMAG_30Rnd<455f6420>, ammo_556x45 x100) at the trader "Weapons (Denis [#STR_EXPANSION_MARKET_TRADER_WEAPONS])" in market zone "Trader Zone" (pos=<6675.160645, 104.603935, 6114.155762>) and got 1843.
12:47:52.334 [Market] Player "ElBizzy" (id=zazFLAJ4lPF6TvVQMMREjst1jC8o_Id9oh_TjGBwaP8=) has sold universallight x1 (468017c0) at the trader "Attachments (Jose [#STR_EXPANSION_MARKET_TRADER_ATTACHMENTS])" in market zone "Trader Zone" (pos=<6675.160645, 104.603935, 6114.155762>) and got 90.
12:47:53.873 [Market] Player "ElBizzy" (id=zazFLAJ4lPF6TvVQMMREjst1jC8o_Id9oh_TjGBwaP8=) has sold universallight x1 (3e4c4e10, Battery9V<3e4cd8d0>) at the trader "Attachments (Jose [#STR_EXPANSION_MARKET_TRADER_ATTACHMENTS])" in market zone "Trader Zone" (pos=<6675.160645, 104.603935, 6114.155762>) and got 92.
12:48:10.899 [Market] Player "ElBizzy" (id=zazFLAJ4lPF6TvVQMMREjst1jC8o_Id9oh_TjGBwaP8=) has sold reflexoptic x1 (452761f0) at the trader "Attachments (Jose [#STR_EXPANSION_MARKET_TRADER_ATTACHMENTS])" in market zone "Trader Zone" (pos=<6675.160645, 104.603935, 6114.155762>) and got 28.
12:48:11.859 [Market] Player "ElBizzy" (id=zazFLAJ4lPF6TvVQMMREjst1jC8o_Id9oh_TjGBwaP8=) has sold reflexoptic x1 (452731b0) at the trader "Attachments (Jose [#STR_EXPANSION_MARKET_TRADER_ATTACHMENTS])" in market zone "Trader Zone" (pos=<6675.160645, 104.603935, 6114.155762>) and got 112.
12:48:15.313 [Market] Player "ElBizzy" (id=zazFLAJ4lPF6TvVQMMREjst1jC8o_Id9oh_TjGBwaP8=) has sold m4_t3nrdsoptic x1 (459e8530) at the trader "Attachments (Jose [#STR_EXPANSION_MARKET_TRADER_ATTACHMENTS])" in market zone "Trader Zone" (pos=<6675.160645, 104.603935, 6114.155762>) and got 187.
12:48:23.654 [Market] Player "ElBizzy" (id=zazFLAJ4lPF6TvVQMMREjst1jC8o_Id9oh_TjGBwaP8=) has sold m4_t3nrdsoptic x1 (36129db0) at the trader "Attachments (Jose [#STR_EXPANSION_MARKET_TRADER_ATTACHMENTS])" in market zone "Trader Zone" (pos=<6675.160645, 104.603935, 6114.155762>) and got 93.
12:48:24.368 [Market] Player "ElBizzy" (id=zazFLAJ4lPF6TvVQMMREjst1jC8o_Id9oh_TjGBwaP8=) has sold m4_t3nrdsoptic x1 (452822f0) at the trader "Attachments (Jose [#STR_EXPANSION_MARKET_TRADER_ATTACHMENTS])" in market zone "Trader Zone" (pos=<6675.160645, 104.603935, 6114.155762>) and got 187.
12:49:34.035 [Market] Player "ElBizzy" (id=zazFLAJ4lPF6TvVQMMREjst1jC8o_Id9oh_TjGBwaP8=) has sold universallight x1 (396bfd70) at the trader "Attachments (Jose [#STR_EXPANSION_MARKET_TRADER_ATTACHMENTS])" in market zone "Trader Zone" (pos=<6675.160645, 104.603935, 6114.155762>) and got 67.
12:49:46.833 [Market] Player "ElBizzy" (id=zazFLAJ4lPF6TvVQMMREjst1jC8o_Id9oh_TjGBwaP8=) has sold universallight x1 (453a4170) at the trader "Attachments (Jose [#STR_EXPANSION_MARKET_TRADER_ATTACHMENTS])" in market zone "Trader Zone" (pos=<6675.160645, 104.603935, 6114.155762>) and got 45.
12:49:57.414 [Market] Player "ElBizzy" (id=zazFLAJ4lPF6TvVQMMREjst1jC8o_Id9oh_TjGBwaP8=) has bought universallight x1 (51aded20) from the trader "Attachments (Jose [#STR_EXPANSION_MARKET_TRADER_ATTACHMENTS])" in market zone "Trader Zone" (pos=<6675.160645, 104.603935, 6114.155762>) for a price of 120.
12:49:57.943 [Market] Player "ElBizzy" (id=zazFLAJ4lPF6TvVQMMREjst1jC8o_Id9oh_TjGBwaP8=) has bought universallight x1 (51ae9a90) from the trader "Attachments (Jose [#STR_EXPANSION_MARKET_TRADER_ATTACHMENTS])" in market zone "Trader Zone" (pos=<6675.160645, 104.603935, 6114.155762>) for a price of 120.
12:50:34.231 [Market] Player "ElBizzy" (id=zazFLAJ4lPF6TvVQMMREjst1jC8o_Id9oh_TjGBwaP8=) has bought pnc_suppressor_308win x1 (45149a30) from the trader "Attachments (Jose [#STR_EXPANSION_MARKET_TRADER_ATTACHMENTS])" in market zone "Trader Zone" (pos=<6675.160645, 104.603935, 6114.155762>) for a price of 50.
12:54:25.379 [Market] Player "ElBizzy" (id=zazFLAJ4lPF6TvVQMMREjst1jC8o_Id9oh_TjGBwaP8=) has bought ammobox_300aac_ap_20rnd x1 (a03c2eb0) from the trader "Weapons (Denis [#STR_EXPANSION_MARKET_TRADER_WEAPONS])" in market zone "Trader Zone" (pos=<6675.160645, 104.603935, 6114.155762>) for a price of 100.
12:54:25.939 [Market] Player "ElBizzy" (id=zazFLAJ4lPF6TvVQMMREjst1jC8o_Id9oh_TjGBwaP8=) has bought ammobox_300aac_ap_20rnd x1 (a03ca250) from the trader "Weapons (Denis [#STR_EXPANSION_MARKET_TRADER_WEAPONS])" in market zone "Trader Zone" (pos=<6675.160645, 104.603935, 6114.155762>) for a price of 100.
12:54:41.827 [ATM] Player "ElBizzy" (id=zazFLAJ4lPF6TvVQMMREjst1jC8o_Id9oh_TjGBwaP8=) has deposited 27197 on his ATM account.
12:55:41.323 [Party] Player "ElBizzy" (id=zazFLAJ4lPF6TvVQMMREjst1jC8o_Id9oh_TjGBwaP8=) left the party "Viper Ethereal" (id=33 ownerUID=zazFLAJ4lPF6TvVQMMREjst1jC8o_Id9oh_TjGBwaP8= ownerName=ElBizzy)
12:57:56.624 [MissionAirdrop] An airdrop is heading towards "Cayuga" (pos=<9227.352539, 0.000000, 3293.108398> type=Random_Cayuga) with a ExpansionAirdropContainer_Military
