02:06:41.205 [Safezone] Player "War" (id=Dwe5m4Kt5tT0Pu77b1iK61asFYU-1GyH4vX9jWZ7qJc= pos=<6669.59, 102.5, 6109.7>) entered the safezone
02:06:41.206 [Party] Player "War" (id=Dwe5m4Kt5tT0Pu77b1iK61asFYU-1GyH4vX9jWZ7qJc=) joinded the party "Wet Willys" (id=62 ownerUID=Dwe5m4Kt5tT0Pu77b1iK61asFYU-1GyH4vX9jWZ7qJc= ownerName=War)
02:06:49.340 [Safezone] Player "Daddy Yoda" (id=FtMTnYvIuO8a3LThIwJZgLEUWNsNBLDD2TYK2hZq3XY= pos=<6669.73, 105.59, 6127.64>) entered the safezone
02:06:49.340 [Party] Player "Daddy Yoda" (id=FtMTnYvIuO8a3LThIwJZgLEUWNsNBLDD2TYK2hZq3XY=) joinded the party "Wet Willys" (id=62 ownerUID=Dwe5m4Kt5tT0Pu77b1iK61asFYU-1GyH4vX9jWZ7qJc= ownerName=War)
02:07:33.545 [Safezone] Player "TemuEnjoyer" (id=m_TD03B4NXDQrU5koHpLq3WyQf1hXTvQSdETJOTM8ss= pos=<6677.42, 102.5, 6109.88>) entered the safezone
02:07:33.545 [Party] Player "TemuEnjoyer" (id=m_TD03B4NXDQrU5koHpLq3WyQf1hXTvQSdETJOTM8ss=) joinded the party "AURRRRRRORA" (id=1 ownerUID=m_TD03B4NXDQrU5koHpLq3WyQf1hXTvQSdETJOTM8ss= ownerName=F11 Simulator)
02:07:50.347 [Party] Player "Daddy Yoda" (id=FtMTnYvIuO8a3LThIwJZgLEUWNsNBLDD2TYK2hZq3XY=) left the party "Wet Willys" (id=62 ownerUID=Dwe5m4Kt5tT0Pu77b1iK61asFYU-1GyH4vX9jWZ7qJc= ownerName=War)
02:08:28.662 [Safezone] Player "Daddy Yoda" (id=FtMTnYvIuO8a3LThIwJZgLEUWNsNBLDD2TYK2hZq3XY= pos=<6673.15, 102.5, 6130.43>) entered the safezone
02:08:28.662 [Party] Player "Daddy Yoda" (id=FtMTnYvIuO8a3LThIwJZgLEUWNsNBLDD2TYK2hZq3XY=) joinded the party "Wet Willys" (id=62 ownerUID=Dwe5m4Kt5tT0Pu77b1iK61asFYU-1GyH4vX9jWZ7qJc= ownerName=War)
02:08:29.748 [Party] Player "London" (id=kOLgOs9yYBFVRQG3lqoHveYdP5X8y3SO69cq5MiR4us=) joinded the party "AURRRRRRORA" (id=1 ownerUID=m_TD03B4NXDQrU5koHpLq3WyQf1hXTvQSdETJOTM8ss= ownerName=F11 Simulator)
02:08:40.800 [Market] Player "War" (id=Dwe5m4Kt5tT0Pu77b1iK61asFYU-1GyH4vX9jWZ7qJc=) has bought hel_magazineloading_deepredcamo x1 (ef6f280) from the trader "Attachments (Jose [#STR_EXPANSION_MARKET_TRADER_ATTACHMENTS])" in market zone "Trader Zone" (pos=<6675.160645, 104.603935, 6114.155762>) for a price of 100.
02:10:06.243 [Party] Player "Daddy Yoda" (id=FtMTnYvIuO8a3LThIwJZgLEUWNsNBLDD2TYK2hZq3XY=) left the party "Wet Willys" (id=62 ownerUID=Dwe5m4Kt5tT0Pu77b1iK61asFYU-1GyH4vX9jWZ7qJc= ownerName=War)
02:10:30.683 [Safezone] Player "London" (id=kOLgOs9yYBFVRQG3lqoHveYdP5X8y3SO69cq5MiR4us= pos=<6678.7, 102.5, 6100.8>) entered the safezone
02:11:02.714 [Market] Player "War" (id=Dwe5m4Kt5tT0Pu77b1iK61asFYU-1GyH4vX9jWZ7qJc=) has bought vtr_bravo4 x1 (f0c32d0) from the trader "Attachments (Jose [#STR_EXPANSION_MARKET_TRADER_ATTACHMENTS])" in market zone "Trader Zone" (pos=<6675.160645, 104.603935, 6114.155762>) for a price of 400.
02:11:10.717 [Safezone] Player "{1:name}" (id={1:id} pos={1:position}) left the safezone
02:11:12.703 [Safezone] Player "{1:name}" (id={1:id} pos={1:position}) left the safezone
02:11:16.463 [MissionAirdrop] An airdrop is heading towards "Wind Farm" (pos=<6469.119629, 0.000000, 6864.399902> type=Random_WindFarm) with a ExpansionAirdropContainer_Military
02:11:39.994 [VehicleEnter] Player "Cody_The_HC" (id=wr7AHSM-rjj3iPKn50qvAthn9ffT-qem8bQ35FBx0sc=) entered vehicle Bicycle (id=BE5A9BA5F9486E65E84038B98E7934F4 pos=<5883.2, 263.29, 4002.26>) as driver
02:11:42.079 [Safezone] Player "Daddy Yoda" (id=FtMTnYvIuO8a3LThIwJZgLEUWNsNBLDD2TYK2hZq3XY= pos=<6684.86, 102.5, 6133>) entered the safezone
02:11:42.080 [Party] Player "Daddy Yoda" (id=FtMTnYvIuO8a3LThIwJZgLEUWNsNBLDD2TYK2hZq3XY=) joinded the party "Wet Willys" (id=62 ownerUID=Dwe5m4Kt5tT0Pu77b1iK61asFYU-1GyH4vX9jWZ7qJc= ownerName=War)
02:12:23.840 [ATM] Player "Daddy Yoda" (id=FtMTnYvIuO8a3LThIwJZgLEUWNsNBLDD2TYK2hZq3XY=) has withdrawn 100000 from his ATM account.
02:13:04.439 [Market] Player "War" (id=Dwe5m4Kt5tT0Pu77b1iK61asFYU-1GyH4vX9jWZ7qJc=) has bought pistolsuppressor x1 (4213870) from the trader "Attachments (Jose [#STR_EXPANSION_MARKET_TRADER_ATTACHMENTS])" in market zone "Trader Zone" (pos=<6675.160645, 104.603935, 6114.155762>) for a price of 15.
02:13:05.534 [Market] Player "War" (id=Dwe5m4Kt5tT0Pu77b1iK61asFYU-1GyH4vX9jWZ7qJc=) has sold pistolsuppressor x1 (4213870) at the trader "Attachments (Jose [#STR_EXPANSION_MARKET_TRADER_ATTACHMENTS])" in market zone "Trader Zone" (pos=<6675.160645, 104.603935, 6114.155762>) and got 11.
02:13:21.651 [Market] Player "War" (id=Dwe5m4Kt5tT0Pu77b1iK61asFYU-1GyH4vX9jWZ7qJc=) has sold fnx45 x1 (e5e761b0, Mag_FNX45_15Rnd<1071c6c0>, PistolSuppressor<1071f500>) at the trader "Weapons (Denis [#STR_EXPANSION_MARKET_TRADER_WEAPONS])" in market zone "Trader Zone" (pos=<6675.160645, 104.603935, 6114.155762>) and got 83.
02:13:25.272 [Market] Player "War" (id=Dwe5m4Kt5tT0Pu77b1iK61asFYU-1GyH4vX9jWZ7qJc=) has sold ammobox_45acp_25rnd x1 (1071d250) at the trader "Weapons (Denis [#STR_EXPANSION_MARKET_TRADER_WEAPONS])" in market zone "Trader Zone" (pos=<6675.160645, 104.603935, 6114.155762>) and got 7.
02:13:26.640 [Market] Player "Daddy Yoda" (id=FtMTnYvIuO8a3LThIwJZgLEUWNsNBLDD2TYK2hZq3XY=) has bought mountainbag_red x1 (423e2a0) from the trader "Clothing (Naomi [#STR_EXPANSION_MARKET_TRADER_CLOTHING])" in market zone "Trader Zone" (pos=<6675.160645, 104.603935, 6114.155762>) for a price of 300.
02:13:27.573 [Market] Player "War" (id=Dwe5m4Kt5tT0Pu77b1iK61asFYU-1GyH4vX9jWZ7qJc=) has sold ammo_45acp x1 (107054c0) at the trader "Weapons (Denis [#STR_EXPANSION_MARKET_TRADER_WEAPONS])" in market zone "Trader Zone" (pos=<6675.160645, 104.603935, 6114.155762>) and got 0.
02:13:27.753 [Market] Player "War" (id=Dwe5m4Kt5tT0Pu77b1iK61asFYU-1GyH4vX9jWZ7qJc=) has sold ammo_45acp x1 (107054c0) at the trader "Weapons (Denis [#STR_EXPANSION_MARKET_TRADER_WEAPONS])" in market zone "Trader Zone" (pos=<6675.160645, 104.603935, 6114.155762>) and got 0.
02:13:27.924 [Market] Player "War" (id=Dwe5m4Kt5tT0Pu77b1iK61asFYU-1GyH4vX9jWZ7qJc=) has sold ammo_45acp x1 (107054c0) at the trader "Weapons (Denis [#STR_EXPANSION_MARKET_TRADER_WEAPONS])" in market zone "Trader Zone" (pos=<6675.160645, 104.603935, 6114.155762>) and got 0.
02:13:28.098 [Market] Player "War" (id=Dwe5m4Kt5tT0Pu77b1iK61asFYU-1GyH4vX9jWZ7qJc=) has sold ammo_45acp x1 (107054c0) at the trader "Weapons (Denis [#STR_EXPANSION_MARKET_TRADER_WEAPONS])" in market zone "Trader Zone" (pos=<6675.160645, 104.603935, 6114.155762>) and got 0.
02:13:28.231 [Market] Player "War" (id=Dwe5m4Kt5tT0Pu77b1iK61asFYU-1GyH4vX9jWZ7qJc=) has sold ammo_45acp x1 (107054c0) at the trader "Weapons (Denis [#STR_EXPANSION_MARKET_TRADER_WEAPONS])" in market zone "Trader Zone" (pos=<6675.160645, 104.603935, 6114.155762>) and got 0.
02:13:28.411 [Market] Player "War" (id=Dwe5m4Kt5tT0Pu77b1iK61asFYU-1GyH4vX9jWZ7qJc=) has sold ammo_45acp x1 (107054c0) at the trader "Weapons (Denis [#STR_EXPANSION_MARKET_TRADER_WEAPONS])" in market zone "Trader Zone" (pos=<6675.160645, 104.603935, 6114.155762>) and got 0.
02:13:28.566 [Market] Player "War" (id=Dwe5m4Kt5tT0Pu77b1iK61asFYU-1GyH4vX9jWZ7qJc=) has sold ammo_45acp x1 (10706be0) at the trader "Weapons (Denis [#STR_EXPANSION_MARKET_TRADER_WEAPONS])" in market zone "Trader Zone" (pos=<6675.160645, 104.603935, 6114.155762>) and got 1.
02:13:28.915 [Market] Player "War" (id=Dwe5m4Kt5tT0Pu77b1iK61asFYU-1GyH4vX9jWZ7qJc=) has sold ammo_45acp x1 (10706be0) at the trader "Weapons (Denis [#STR_EXPANSION_MARKET_TRADER_WEAPONS])" in market zone "Trader Zone" (pos=<6675.160645, 104.603935, 6114.155762>) and got 1.
02:13:29.053 [Market] Player "War" (id=Dwe5m4Kt5tT0Pu77b1iK61asFYU-1GyH4vX9jWZ7qJc=) has sold ammo_45acp x1 (10706be0) at the trader "Weapons (Denis [#STR_EXPANSION_MARKET_TRADER_WEAPONS])" in market zone "Trader Zone" (pos=<6675.160645, 104.603935, 6114.155762>) and got 1.
02:13:29.265 [Market] Player "War" (id=Dwe5m4Kt5tT0Pu77b1iK61asFYU-1GyH4vX9jWZ7qJc=) has sold ammo_45acp x1 (10706be0) at the trader "Weapons (Denis [#STR_EXPANSION_MARKET_TRADER_WEAPONS])" in market zone "Trader Zone" (pos=<6675.160645, 104.603935, 6114.155762>) and got 1.
02:13:29.433 [Market] Player "War" (id=Dwe5m4Kt5tT0Pu77b1iK61asFYU-1GyH4vX9jWZ7qJc=) has sold ammo_45acp x1 (10706be0) at the trader "Weapons (Denis [#STR_EXPANSION_MARKET_TRADER_WEAPONS])" in market zone "Trader Zone" (pos=<6675.160645, 104.603935, 6114.155762>) and got 1.
02:13:29.593 [Market] Player "War" (id=Dwe5m4Kt5tT0Pu77b1iK61asFYU-1GyH4vX9jWZ7qJc=) has sold ammo_45acp x1 (10706be0) at the trader "Weapons (Denis [#STR_EXPANSION_MARKET_TRADER_WEAPONS])" in market zone "Trader Zone" (pos=<6675.160645, 104.603935, 6114.155762>) and got 1.
02:13:29.784 [Market] Player "War" (id=Dwe5m4Kt5tT0Pu77b1iK61asFYU-1GyH4vX9jWZ7qJc=) has sold ammo_45acp x1 (10706be0) at the trader "Weapons (Denis [#STR_EXPANSION_MARKET_TRADER_WEAPONS])" in market zone "Trader Zone" (pos=<6675.160645, 104.603935, 6114.155762>) and got 1.
02:13:29.933 [Market] Player "War" (id=Dwe5m4Kt5tT0Pu77b1iK61asFYU-1GyH4vX9jWZ7qJc=) has sold ammo_45acp x1 (10706be0) at the trader "Weapons (Denis [#STR_EXPANSION_MARKET_TRADER_WEAPONS])" in market zone "Trader Zone" (pos=<6675.160645, 104.603935, 6114.155762>) and got 1.
02:13:30.193 [Market] Player "War" (id=Dwe5m4Kt5tT0Pu77b1iK61asFYU-1GyH4vX9jWZ7qJc=) has sold ammo_45acp x1 (10706be0) at the trader "Weapons (Denis [#STR_EXPANSION_MARKET_TRADER_WEAPONS])" in market zone "Trader Zone" (pos=<6675.160645, 104.603935, 6114.155762>) and got 1.
02:13:30.393 [Market] Player "War" (id=Dwe5m4Kt5tT0Pu77b1iK61asFYU-1GyH4vX9jWZ7qJc=) has sold ammo_45acp x1 (10706be0) at the trader "Weapons (Denis [#STR_EXPANSION_MARKET_TRADER_WEAPONS])" in market zone "Trader Zone" (pos=<6675.160645, 104.603935, 6114.155762>) and got 1.
02:13:30.545 [Market] Player "War" (id=Dwe5m4Kt5tT0Pu77b1iK61asFYU-1GyH4vX9jWZ7qJc=) has sold ammo_45acp x1 (10706be0) at the trader "Weapons (Denis [#STR_EXPANSION_MARKET_TRADER_WEAPONS])" in market zone "Trader Zone" (pos=<6675.160645, 104.603935, 6114.155762>) and got 1.
02:13:30.710 [Market] Player "War" (id=Dwe5m4Kt5tT0Pu77b1iK61asFYU-1GyH4vX9jWZ7qJc=) has sold ammo_45acp x1 (10706be0) at the trader "Weapons (Denis [#STR_EXPANSION_MARKET_TRADER_WEAPONS])" in market zone "Trader Zone" (pos=<6675.160645, 104.603935, 6114.155762>) and got 1.
02:13:30.884 [Market] Player "War" (id=Dwe5m4Kt5tT0Pu77b1iK61asFYU-1GyH4vX9jWZ7qJc=) has sold ammo_45acp x1 (10706be0) at the trader "Weapons (Denis [#STR_EXPANSION_MARKET_TRADER_WEAPONS])" in market zone "Trader Zone" (pos=<6675.160645, 104.603935, 6114.155762>) and got 1.
02:13:31.092 [Market] Player "War" (id=Dwe5m4Kt5tT0Pu77b1iK61asFYU-1GyH4vX9jWZ7qJc=) has sold ammo_45acp x1 (10706be0) at the trader "Weapons (Denis [#STR_EXPANSION_MARKET_TRADER_WEAPONS])" in market zone "Trader Zone" (pos=<6675.160645, 104.603935, 6114.155762>) and got 1.
02:13:31.975 [Market] Player "War" (id=Dwe5m4Kt5tT0Pu77b1iK61asFYU-1GyH4vX9jWZ7qJc=) has sold ammo_556x45 x1 (1071a410) at the trader "Weapons (Denis [#STR_EXPANSION_MARKET_TRADER_WEAPONS])" in market zone "Trader Zone" (pos=<6675.160645, 104.603935, 6114.155762>) and got 1.
02:13:32.156 [Market] Player "War" (id=Dwe5m4Kt5tT0Pu77b1iK61asFYU-1GyH4vX9jWZ7qJc=) has sold ammo_556x45 x1 (1071a410) at the trader "Weapons (Denis [#STR_EXPANSION_MARKET_TRADER_WEAPONS])" in market zone "Trader Zone" (pos=<6675.160645, 104.603935, 6114.155762>) and got 1.
02:13:32.903 [Market] Player "War" (id=Dwe5m4Kt5tT0Pu77b1iK61asFYU-1GyH4vX9jWZ7qJc=) has sold ammo_762x39 x1 (10703210) at the trader "Weapons (Denis [#STR_EXPANSION_MARKET_TRADER_WEAPONS])" in market zone "Trader Zone" (pos=<6675.160645, 104.603935, 6114.155762>) and got 1.
02:13:33.073 [Market] Player "War" (id=Dwe5m4Kt5tT0Pu77b1iK61asFYU-1GyH4vX9jWZ7qJc=) has sold ammo_762x39 x1 (10703210) at the trader "Weapons (Denis [#STR_EXPANSION_MARKET_TRADER_WEAPONS])" in market zone "Trader Zone" (pos=<6675.160645, 104.603935, 6114.155762>) and got 1.
02:13:33.233 [Market] Player "War" (id=Dwe5m4Kt5tT0Pu77b1iK61asFYU-1GyH4vX9jWZ7qJc=) has sold ammo_762x39 x1 (10703210) at the trader "Weapons (Denis [#STR_EXPANSION_MARKET_TRADER_WEAPONS])" in market zone "Trader Zone" (pos=<6675.160645, 104.603935, 6114.155762>) and got 1.
02:13:33.428 [Market] Player "War" (id=Dwe5m4Kt5tT0Pu77b1iK61asFYU-1GyH4vX9jWZ7qJc=) has sold ammo_762x39 x1 (10703210) at the trader "Weapons (Denis [#STR_EXPANSION_MARKET_TRADER_WEAPONS])" in market zone "Trader Zone" (pos=<6675.160645, 104.603935, 6114.155762>) and got 1.
02:13:33.611 [Market] Player "War" (id=Dwe5m4Kt5tT0Pu77b1iK61asFYU-1GyH4vX9jWZ7qJc=) has sold ammo_762x39 x1 (10703210) at the trader "Weapons (Denis [#STR_EXPANSION_MARKET_TRADER_WEAPONS])" in market zone "Trader Zone" (pos=<6675.160645, 104.603935, 6114.155762>) and got 1.
02:13:33.793 [Market] Player "War" (id=Dwe5m4Kt5tT0Pu77b1iK61asFYU-1GyH4vX9jWZ7qJc=) has sold ammo_762x39 x1 (10703210) at the trader "Weapons (Denis [#STR_EXPANSION_MARKET_TRADER_WEAPONS])" in market zone "Trader Zone" (pos=<6675.160645, 104.603935, 6114.155762>) and got 1.
02:13:44.039 [Market] Player "Daddy Yoda" (id=FtMTnYvIuO8a3LThIwJZgLEUWNsNBLDD2TYK2hZq3XY=) has bought drybag_orange x1 (423d710) from the trader "Clothing (Naomi [#STR_EXPANSION_MARKET_TRADER_CLOTHING])" in market zone "Trader Zone" (pos=<6675.160645, 104.603935, 6114.155762>) for a price of 30.
02:13:56.023 [Market] Player "War" (id=Dwe5m4Kt5tT0Pu77b1iK61asFYU-1GyH4vX9jWZ7qJc=) has bought weaponcleaningkit x1 (c03cc00) from the trader "Components (Cyril [#STR_EXPANSION_MARKET_TRADER_COMPONENTS])" in market zone "Trader Zone" (pos=<6675.160645, 104.603935, 6114.155762>) for a price of 8.
02:13:56.693 [Market] Player "War" (id=Dwe5m4Kt5tT0Pu77b1iK61asFYU-1GyH4vX9jWZ7qJc=) has bought weaponcleaningkit x1 (c03fa40) from the trader "Components (Cyril [#STR_EXPANSION_MARKET_TRADER_COMPONENTS])" in market zone "Trader Zone" (pos=<6675.160645, 104.603935, 6114.155762>) for a price of 8.
02:13:58.597 [Market] Player "War" (id=Dwe5m4Kt5tT0Pu77b1iK61asFYU-1GyH4vX9jWZ7qJc=) has bought weaponcleaningkit x1 (c03eeb0) from the trader "Components (Cyril [#STR_EXPANSION_MARKET_TRADER_COMPONENTS])" in market zone "Trader Zone" (pos=<6675.160645, 104.603935, 6114.155762>) for a price of 8.
02:13:59.471 [Market] Player "War" (id=Dwe5m4Kt5tT0Pu77b1iK61asFYU-1GyH4vX9jWZ7qJc=) has bought weaponcleaningkit x1 (c0526e0) from the trader "Components (Cyril [#STR_EXPANSION_MARKET_TRADER_COMPONENTS])" in market zone "Trader Zone" (pos=<6675.160645, 104.603935, 6114.155762>) for a price of 8.
02:14:01.265 [Market] Player "War" (id=Dwe5m4Kt5tT0Pu77b1iK61asFYU-1GyH4vX9jWZ7qJc=) has bought sewingkit x1 (c04b340) from the trader "Components (Cyril [#STR_EXPANSION_MARKET_TRADER_COMPONENTS])" in market zone "Trader Zone" (pos=<6675.160645, 104.603935, 6114.155762>) for a price of 4.
02:14:01.514 [Market] Player "War" (id=Dwe5m4Kt5tT0Pu77b1iK61asFYU-1GyH4vX9jWZ7qJc=) has bought sewingkit x1 (c0405d0) from the trader "Components (Cyril [#STR_EXPANSION_MARKET_TRADER_COMPONENTS])" in market zone "Trader Zone" (pos=<6675.160645, 104.603935, 6114.155762>) for a price of 4.
02:14:02.453 [Market] Player "War" (id=Dwe5m4Kt5tT0Pu77b1iK61asFYU-1GyH4vX9jWZ7qJc=) has bought leathersewingkit x1 (c041160) from the trader "Components (Cyril [#STR_EXPANSION_MARKET_TRADER_COMPONENTS])" in market zone "Trader Zone" (pos=<6675.160645, 104.603935, 6114.155762>) for a price of 5.
02:14:02.641 [Market] Player "War" (id=Dwe5m4Kt5tT0Pu77b1iK61asFYU-1GyH4vX9jWZ7qJc=) has bought leathersewingkit x1 (c043410) from the trader "Components (Cyril [#STR_EXPANSION_MARKET_TRADER_COMPONENTS])" in market zone "Trader Zone" (pos=<6675.160645, 104.603935, 6114.155762>) for a price of 5.
02:14:18.569 [Market] Player "Daddy Yoda" (id=FtMTnYvIuO8a3LThIwJZgLEUWNsNBLDD2TYK2hZq3XY=) has bought drysackbag_green x1 (15d41f90) from the trader "Clothing (Naomi [#STR_EXPANSION_MARKET_TRADER_CLOTHING])" in market zone "Trader Zone" (pos=<6675.160645, 104.603935, 6114.155762>) for a price of 120.
02:14:52.353 [VehicleLeave] Player "Cody_The_HC" (id=wr7AHSM-rjj3iPKn50qvAthn9ffT-qem8bQ35FBx0sc=) left vehicle Bicycle (id=BE5A9BA5F9486E65E84038B98E7934F4 pos=<5883.61, 187.63, 3375.35>)
02:15:43.542 [VehicleDeleted] Old_Bike (id=BE5A9BA5F9486E65E84038B98E7934F4 pos=<5883.61, 187.63, 3375.35>)
02:15:52.207 [VehicleEnter] Player "Cody_The_HC" (id=wr7AHSM-rjj3iPKn50qvAthn9ffT-qem8bQ35FBx0sc=) entered vehicle Bicycle (id=01755F3D754E9C13885331B3867E3C97 pos=<5884.39, 187.05, 3374.5>) as driver
02:15:56.554 [Market] Player "Daddy Yoda" (id=FtMTnYvIuO8a3LThIwJZgLEUWNsNBLDD2TYK2hZq3XY=) has bought mich2001helmet x1 (c7c8500) from the trader "Clothing (Naomi [#STR_EXPANSION_MARKET_TRADER_CLOTHING])" in market zone "Trader Zone" (pos=<6675.160645, 104.603935, 6114.155762>) for a price of 150.
02:16:01.272 [Market] Player "Daddy Yoda" (id=FtMTnYvIuO8a3LThIwJZgLEUWNsNBLDD2TYK2hZq3XY=) has sold ssh68helmet x1 (dc20980) at the trader "Clothing (Naomi [#STR_EXPANSION_MARKET_TRADER_CLOTHING])" in market zone "Trader Zone" (pos=<6675.160645, 104.603935, 6114.155762>) and got 93.
02:16:02.796 [Market] Player "War" (id=Dwe5m4Kt5tT0Pu77b1iK61asFYU-1GyH4vX9jWZ7qJc=) has sold portablegasstove x1 (f3d94ba0, MediumGasCanister<107245f0>) at the trader "Components (Cyril [#STR_EXPANSION_MARKET_TRADER_COMPONENTS])" in market zone "Trader Zone" (pos=<6675.160645, 104.603935, 6114.155762>) and got 40.
02:17:00.625 [Market] Player "War" (id=Dwe5m4Kt5tT0Pu77b1iK61asFYU-1GyH4vX9jWZ7qJc=) has sold policevest x1 (10725180) at the trader "Clothing (Naomi [#STR_EXPANSION_MARKET_TRADER_CLOTHING])" in market zone "Trader Zone" (pos=<6675.160645, 104.603935, 6114.155762>) and got 26.
02:17:01.300 [Market] Player "Daddy Yoda" (id=FtMTnYvIuO8a3LThIwJZgLEUWNsNBLDD2TYK2hZq3XY=) has bought kreios_umbrella_corporation_helmet x1 (c7f00f0, UniversalLight<c7eb000>, NVGoggles<cf3b3e80>, Battery9V<c7f1810>) from the trader "Clothing (Naomi [#STR_EXPANSION_MARKET_TRADER_CLOTHING])" in market zone "Trader Zone" (pos=<6675.160645, 104.603935, 6114.155762>) for a price of 1730.
02:17:12.656 [Market] Player "War" (id=Dwe5m4Kt5tT0Pu77b1iK61asFYU-1GyH4vX9jWZ7qJc=) has bought platecarriervest x1 (c7f23a0) from the trader "Clothing (Naomi [#STR_EXPANSION_MARKET_TRADER_CLOTHING])" in market zone "Trader Zone" (pos=<6675.160645, 104.603935, 6114.155762>) for a price of 250.
02:17:13.171 [Market] Player "Daddy Yoda" (id=FtMTnYvIuO8a3LThIwJZgLEUWNsNBLDD2TYK2hZq3XY=) has bought kreios_umbrella_corporation_backpack x1 (c7ebb90) from the trader "Clothing (Naomi [#STR_EXPANSION_MARKET_TRADER_CLOTHING])" in market zone "Trader Zone" (pos=<6675.160645, 104.603935, 6114.155762>) for a price of 2000.
02:17:53.528 [Market] Player "Daddy Yoda" (id=FtMTnYvIuO8a3LThIwJZgLEUWNsNBLDD2TYK2hZq3XY=) has sold mountainbag_red x1 (423e2a0) at the trader "Clothing (Naomi [#STR_EXPANSION_MARKET_TRADER_CLOTHING])" in market zone "Trader Zone" (pos=<6675.160645, 104.603935, 6114.155762>) and got 225.
02:18:42.620 [VehicleLeave] Player "Cody_The_HC" (id=wr7AHSM-rjj3iPKn50qvAthn9ffT-qem8bQ35FBx0sc=) left vehicle Bicycle (id=01755F3D754E9C13885331B3867E3C97 pos=<5671.56, 294.37, 3527.71>)
02:18:54.858 [Market] Player "War" (id=Dwe5m4Kt5tT0Pu77b1iK61asFYU-1GyH4vX9jWZ7qJc=) has bought kreios_umbrella_corporation_platecarrier x1 (22c0a8b0, PlateCarrierPouches<22c15620>) from the trader "Clothing (Naomi [#STR_EXPANSION_MARKET_TRADER_CLOTHING])" in market zone "Trader Zone" (pos=<6675.160645, 104.603935, 6114.155762>) for a price of 3800.
02:18:55.912 [Market] Player "Daddy Yoda" (id=FtMTnYvIuO8a3LThIwJZgLEUWNsNBLDD2TYK2hZq3XY=) has bought kreios_umbrella_corporation_platecarrier x1 (22c16d40, PlateCarrierPouches<22c10530>) from the trader "Clothing (Naomi [#STR_EXPANSION_MARKET_TRADER_CLOTHING])" in market zone "Trader Zone" (pos=<6675.160645, 104.603935, 6114.155762>) for a price of 3800.
02:18:56.067 [Market] Player "War" (id=Dwe5m4Kt5tT0Pu77b1iK61asFYU-1GyH4vX9jWZ7qJc=) has bought kreios_umbrella_corporation_platecarrierpouches x1 (22c178d0) from the trader "Clothing (Naomi [#STR_EXPANSION_MARKET_TRADER_CLOTHING])" in market zone "Trader Zone" (pos=<6675.160645, 104.603935, 6114.155762>) for a price of 2300.
02:18:56.929 [Market] Player "Daddy Yoda" (id=FtMTnYvIuO8a3LThIwJZgLEUWNsNBLDD2TYK2hZq3XY=) has bought kreios_umbrella_corporation_platecarrierpouches x1 (22c127e0) from the trader "Clothing (Naomi [#STR_EXPANSION_MARKET_TRADER_CLOTHING])" in market zone "Trader Zone" (pos=<6675.160645, 104.603935, 6114.155762>) for a price of 2300.
02:19:03.462 [Market] Player "Daddy Yoda" (id=FtMTnYvIuO8a3LThIwJZgLEUWNsNBLDD2TYK2hZq3XY=) has bought kreios_umbrella_corporation_nbc_gasmask x1 (22c248f0, GasMask_Filter<22c25480>) from the trader "Clothing (Naomi [#STR_EXPANSION_MARKET_TRADER_CLOTHING])" in market zone "Trader Zone" (pos=<6675.160645, 104.603935, 6114.155762>) for a price of 1600.
02:19:04.520 [Market] Player "Daddy Yoda" (id=FtMTnYvIuO8a3LThIwJZgLEUWNsNBLDD2TYK2hZq3XY=) has bought kreios_umbrella_corporation_balaclava x1 (22c27730) from the trader "Clothing (Naomi [#STR_EXPANSION_MARKET_TRADER_CLOTHING])" in market zone "Trader Zone" (pos=<6675.160645, 104.603935, 6114.155762>) for a price of 500.
02:19:06.409 [Market] Player "Daddy Yoda" (id=FtMTnYvIuO8a3LThIwJZgLEUWNsNBLDD2TYK2hZq3XY=) has bought kreios_umbrella_corporation_nbc_boots x1 (22c11c50) from the trader "Clothing (Naomi [#STR_EXPANSION_MARKET_TRADER_CLOTHING])" in market zone "Trader Zone" (pos=<6675.160645, 104.603935, 6114.155762>) for a price of 300.
02:19:07.316 [Market] Player "Daddy Yoda" (id=FtMTnYvIuO8a3LThIwJZgLEUWNsNBLDD2TYK2hZq3XY=) has bought kreios_umbrella_corporation_nbc_pants x1 (22c22640) from the trader "Clothing (Naomi [#STR_EXPANSION_MARKET_TRADER_CLOTHING])" in market zone "Trader Zone" (pos=<6675.160645, 104.603935, 6114.155762>) for a price of 850.
02:19:08.447 [Market] Player "Daddy Yoda" (id=FtMTnYvIuO8a3LThIwJZgLEUWNsNBLDD2TYK2hZq3XY=) has bought kreios_umbrella_corporation_nbc_top x1 (22c299e0) from the trader "Clothing (Naomi [#STR_EXPANSION_MARKET_TRADER_CLOTHING])" in market zone "Trader Zone" (pos=<6675.160645, 104.603935, 6114.155762>) for a price of 900.
02:19:08.893 [Market] Player "Daddy Yoda" (id=FtMTnYvIuO8a3LThIwJZgLEUWNsNBLDD2TYK2hZq3XY=) has bought kreios_umbrella_corporation_nbc_hood x1 (22c231d0) from the trader "Clothing (Naomi [#STR_EXPANSION_MARKET_TRADER_CLOTHING])" in market zone "Trader Zone" (pos=<6675.160645, 104.603935, 6114.155762>) for a price of 100.
02:19:14.779 [Market] Player "War" (id=Dwe5m4Kt5tT0Pu77b1iK61asFYU-1GyH4vX9jWZ7qJc=) has bought kreios_umbrella_corporation_helmet x1 (2abd4f90, UniversalLight<2abd5b20>, NVGoggles<b3892640>, Battery9V<2abd66b0>) from the trader "Clothing (Naomi [#STR_EXPANSION_MARKET_TRADER_CLOTHING])" in market zone "Trader Zone" (pos=<6675.160645, 104.603935, 6114.155762>) for a price of 1730.
02:19:16.058 [Market] Player "War" (id=Dwe5m4Kt5tT0Pu77b1iK61asFYU-1GyH4vX9jWZ7qJc=) has bought kreios_umbrella_corporation_balaclava x1 (2abd94f0) from the trader "Clothing (Naomi [#STR_EXPANSION_MARKET_TRADER_CLOTHING])" in market zone "Trader Zone" (pos=<6675.160645, 104.603935, 6114.155762>) for a price of 500.
02:19:19.258 [Market] Player "Daddy Yoda" (id=FtMTnYvIuO8a3LThIwJZgLEUWNsNBLDD2TYK2hZq3XY=) has bought kreios_umbrella_corporation_insulated_nbc_top x1 (2abd7dd0) from the trader "Clothing (Naomi [#STR_EXPANSION_MARKET_TRADER_CLOTHING])" in market zone "Trader Zone" (pos=<6675.160645, 104.603935, 6114.155762>) for a price of 1100.
02:19:21.817 [Market] Player "Daddy Yoda" (id=FtMTnYvIuO8a3LThIwJZgLEUWNsNBLDD2TYK2hZq3XY=) has bought kreios_umbrella_corporation_insulated_nbc_pants x1 (2abd8960) from the trader "Clothing (Naomi [#STR_EXPANSION_MARKET_TRADER_CLOTHING])" in market zone "Trader Zone" (pos=<6675.160645, 104.603935, 6114.155762>) for a price of 1050.
02:19:23.573 [Market] Player "Daddy Yoda" (id=FtMTnYvIuO8a3LThIwJZgLEUWNsNBLDD2TYK2hZq3XY=) has bought kreios_umbrella_corporation_insulated_nbc_gloves x1 (2abcfea0) from the trader "Clothing (Naomi [#STR_EXPANSION_MARKET_TRADER_CLOTHING])" in market zone "Trader Zone" (pos=<6675.160645, 104.603935, 6114.155762>) for a price of 450.
02:19:24.660 [Market] Player "Daddy Yoda" (id=FtMTnYvIuO8a3LThIwJZgLEUWNsNBLDD2TYK2hZq3XY=) has bought kreios_umbrella_corporation_insulated_nbc_boots x1 (2abdac10) from the trader "Clothing (Naomi [#STR_EXPANSION_MARKET_TRADER_CLOTHING])" in market zone "Trader Zone" (pos=<6675.160645, 104.603935, 6114.155762>) for a price of 450.
02:19:25.876 [Market] Player "Daddy Yoda" (id=FtMTnYvIuO8a3LThIwJZgLEUWNsNBLDD2TYK2hZq3XY=) has bought kreios_umbrella_corporation_insulated_nbc_hood x1 (2abce780) from the trader "Clothing (Naomi [#STR_EXPANSION_MARKET_TRADER_CLOTHING])" in market zone "Trader Zone" (pos=<6675.160645, 104.603935, 6114.155762>) for a price of 100.
02:19:51.622 [Market] Player "War" (id=Dwe5m4Kt5tT0Pu77b1iK61asFYU-1GyH4vX9jWZ7qJc=) has sold platecarriervest x1 (c7f23a0) at the trader "Clothing (Naomi [#STR_EXPANSION_MARKET_TRADER_CLOTHING])" in market zone "Trader Zone" (pos=<6675.160645, 104.603935, 6114.155762>) and got 187.
02:19:55.841 [Market] Player "War" (id=Dwe5m4Kt5tT0Pu77b1iK61asFYU-1GyH4vX9jWZ7qJc=) has sold kreios_umbrella_corporation_platecarrierpouches x1 (22c178d0) at the trader "Clothing (Naomi [#STR_EXPANSION_MARKET_TRADER_CLOTHING])" in market zone "Trader Zone" (pos=<6675.160645, 104.603935, 6114.155762>) and got 1725.
02:20:22.309 [Market] Player "War" (id=Dwe5m4Kt5tT0Pu77b1iK61asFYU-1GyH4vX9jWZ7qJc=) has bought kreios_umbrella_corporation_insulated_nbc_hood x1 (c7deb70) from the trader "Clothing (Naomi [#STR_EXPANSION_MARKET_TRADER_CLOTHING])" in market zone "Trader Zone" (pos=<6675.160645, 104.603935, 6114.155762>) for a price of 100.
02:20:22.868 [Market] Player "War" (id=Dwe5m4Kt5tT0Pu77b1iK61asFYU-1GyH4vX9jWZ7qJc=) has bought kreios_umbrella_corporation_insulated_nbc_gloves x1 (c7da610) from the trader "Clothing (Naomi [#STR_EXPANSION_MARKET_TRADER_CLOTHING])" in market zone "Trader Zone" (pos=<6675.160645, 104.603935, 6114.155762>) for a price of 450.
02:20:23.430 [Market] Player "War" (id=Dwe5m4Kt5tT0Pu77b1iK61asFYU-1GyH4vX9jWZ7qJc=) has bought kreios_umbrella_corporation_insulated_nbc_boots x1 (c7e30d0) from the trader "Clothing (Naomi [#STR_EXPANSION_MARKET_TRADER_CLOTHING])" in market zone "Trader Zone" (pos=<6675.160645, 104.603935, 6114.155762>) for a price of 450.
02:20:31.918 [Market] Player "War" (id=Dwe5m4Kt5tT0Pu77b1iK61asFYU-1GyH4vX9jWZ7qJc=) has bought kreios_umbrella_corporation_nbc_gasmask x1 (c7e6aa0, GasMask_Filter<c7e8d50>) from the trader "Clothing (Naomi [#STR_EXPANSION_MARKET_TRADER_CLOTHING])" in market zone "Trader Zone" (pos=<6675.160645, 104.603935, 6114.155762>) for a price of 1600.
02:20:43.124 [Market] Player "Daddy Yoda" (id=FtMTnYvIuO8a3LThIwJZgLEUWNsNBLDD2TYK2hZq3XY=) has sold mich2001helmet x1 (c7c8500) at the trader "Clothing (Naomi [#STR_EXPANSION_MARKET_TRADER_CLOTHING])" in market zone "Trader Zone" (pos=<6675.160645, 104.603935, 6114.155762>) and got 112.
02:20:47.285 [Market] Player "Daddy Yoda" (id=FtMTnYvIuO8a3LThIwJZgLEUWNsNBLDD2TYK2hZq3XY=) has sold balaclava3holes_blue x1 (dc2d9a0) at the trader "Clothing (Naomi [#STR_EXPANSION_MARKET_TRADER_CLOTHING])" in market zone "Trader Zone" (pos=<6675.160645, 104.603935, 6114.155762>) and got 9.
02:20:51.752 [Market] Player "Daddy Yoda" (id=FtMTnYvIuO8a3LThIwJZgLEUWNsNBLDD2TYK2hZq3XY=) has sold usmcpants_woodland x1 (dc37b80) at the trader "Clothing (Naomi [#STR_EXPANSION_MARKET_TRADER_CLOTHING])" in market zone "Trader Zone" (pos=<6675.160645, 104.603935, 6114.155762>) and got 13.
02:20:54.204 [Market] Player "Daddy Yoda" (id=FtMTnYvIuO8a3LThIwJZgLEUWNsNBLDD2TYK2hZq3XY=) has sold policevest x1 (dc27190) at the trader "Clothing (Naomi [#STR_EXPANSION_MARKET_TRADER_CLOTHING])" in market zone "Trader Zone" (pos=<6675.160645, 104.603935, 6114.155762>) and got 26.
02:21:12.130 [Market] Player "War" (id=Dwe5m4Kt5tT0Pu77b1iK61asFYU-1GyH4vX9jWZ7qJc=) has sold gp5gasmask x1 (107217b0, GasMask_Filter<10727430>) at the trader "Clothing (Naomi [#STR_EXPANSION_MARKET_TRADER_CLOTHING])" in market zone "Trader Zone" (pos=<6675.160645, 104.603935, 6114.155762>) and got 302.
02:21:17.630 [Market] Player "War" (id=Dwe5m4Kt5tT0Pu77b1iK61asFYU-1GyH4vX9jWZ7qJc=) has sold df_mich2001helmet x1 (10730a80, UniversalLight<1072f360>) at the trader "Clothing (Naomi [#STR_EXPANSION_MARKET_TRADER_CLOTHING])" in market zone "Trader Zone" (pos=<6675.160645, 104.603935, 6114.155762>) and got 1190.
02:22:45.557 [Safezone] Player "Druss" (id=mvB_p65s26M1iDgS3KgKpm-UzbAyYM5rER5IINF2xI0= pos=<6682.54, 102.5, 6110.6>) entered the safezone
02:22:45.558 [Party] Player "Druss" (id=mvB_p65s26M1iDgS3KgKpm-UzbAyYM5rER5IINF2xI0=) joinded the party "AURRRRRRORA" (id=1 ownerUID=m_TD03B4NXDQrU5koHpLq3WyQf1hXTvQSdETJOTM8ss= ownerName=F11 Simulator)
02:22:55.222 [Market] Player "War" (id=Dwe5m4Kt5tT0Pu77b1iK61asFYU-1GyH4vX9jWZ7qJc=) has bought pnc_w_aurora x1 (eb641be0) from the trader "Weapons (Denis [#STR_EXPANSION_MARKET_TRADER_WEAPONS])" in market zone "Trader Zone" (pos=<6675.160645, 104.603935, 6114.155762>) for a price of 6500.
02:23:06.885 [ATM] Player "Druss" (id=mvB_p65s26M1iDgS3KgKpm-UzbAyYM5rER5IINF2xI0=) has withdrawn 25336 from his ATM account.
02:23:19.352 [Market] Player "War" (id=Dwe5m4Kt5tT0Pu77b1iK61asFYU-1GyH4vX9jWZ7qJc=) has bought pnc_mag_aurora_5rnd x1 (2953c490, ammo_50bmg x5) from the trader "Attachments (Jose [#STR_EXPANSION_MARKET_TRADER_ATTACHMENTS])" in market zone "Trader Zone" (pos=<6675.160645, 104.603935, 6114.155762>) for a price of 210.
02:23:20.019 [Market] Player "War" (id=Dwe5m4Kt5tT0Pu77b1iK61asFYU-1GyH4vX9jWZ7qJc=) has bought pnc_mag_aurora_5rnd x1 (2953b900, ammo_50bmg x5) from the trader "Attachments (Jose [#STR_EXPANSION_MARKET_TRADER_ATTACHMENTS])" in market zone "Trader Zone" (pos=<6675.160645, 104.603935, 6114.155762>) for a price of 210.
02:23:25.240 [Market] Player "Daddy Yoda" (id=FtMTnYvIuO8a3LThIwJZgLEUWNsNBLDD2TYK2hZq3XY=) has bought kreios_umbrella_corporation_nbc_gasmask x1 (2953ad70, GasMask_Filter<2953dbb0>) from the trader "Clothing (Naomi [#STR_EXPANSION_MARKET_TRADER_CLOTHING])" in market zone "Trader Zone" (pos=<6675.160645, 104.603935, 6114.155762>) for a price of 1600.
02:23:29.236 [Market] Player "Daddy Yoda" (id=FtMTnYvIuO8a3LThIwJZgLEUWNsNBLDD2TYK2hZq3XY=) has bought kreios_umbrella_corporation_insulated_nbc_gloves x1 (2953e740) from the trader "Clothing (Naomi [#STR_EXPANSION_MARKET_TRADER_CLOTHING])" in market zone "Trader Zone" (pos=<6675.160645, 104.603935, 6114.155762>) for a price of 450.
02:23:36.555 [Market] Player "Daddy Yoda" (id=FtMTnYvIuO8a3LThIwJZgLEUWNsNBLDD2TYK2hZq3XY=) has bought kreios_umbrella_corporation_platecarrier x1 (2953d020, PlateCarrierPouches<295409f0>) from the trader "Clothing (Naomi [#STR_EXPANSION_MARKET_TRADER_CLOTHING])" in market zone "Trader Zone" (pos=<6675.160645, 104.603935, 6114.155762>) for a price of 3800.
02:23:38.182 [Market] Player "Daddy Yoda" (id=FtMTnYvIuO8a3LThIwJZgLEUWNsNBLDD2TYK2hZq3XY=) has bought kreios_umbrella_corporation_platecarrierpouches x1 (2953a1e0) from the trader "Clothing (Naomi [#STR_EXPANSION_MARKET_TRADER_CLOTHING])" in market zone "Trader Zone" (pos=<6675.160645, 104.603935, 6114.155762>) for a price of 2300.
02:23:40.202 [Market] Player "Daddy Yoda" (id=FtMTnYvIuO8a3LThIwJZgLEUWNsNBLDD2TYK2hZq3XY=) has bought kreios_umbrella_corporation_helmet x1 (26d771e0, UniversalLight<26d78900>, NVGoggles<d0af03b0>, Battery9V<26d75ac0>) from the trader "Clothing (Naomi [#STR_EXPANSION_MARKET_TRADER_CLOTHING])" in market zone "Trader Zone" (pos=<6675.160645, 104.603935, 6114.155762>) for a price of 1730.
02:23:48.541 [Market] Player "Druss" (id=mvB_p65s26M1iDgS3KgKpm-UzbAyYM5rER5IINF2xI0=) has bought kreios_umbrella_corporation_backpack x1 (26d85920) from the trader "Clothing (Naomi [#STR_EXPANSION_MARKET_TRADER_CLOTHING])" in market zone "Trader Zone" (pos=<6675.160645, 104.603935, 6114.155762>) for a price of 2000.
02:23:52.662 [Market] Player "Daddy Yoda" (id=FtMTnYvIuO8a3LThIwJZgLEUWNsNBLDD2TYK2hZq3XY=) has bought kreios_umbrella_corporation_backpack x1 (26d7fca0) from the trader "Clothing (Naomi [#STR_EXPANSION_MARKET_TRADER_CLOTHING])" in market zone "Trader Zone" (pos=<6675.160645, 104.603935, 6114.155762>) for a price of 2000.
02:23:57.336 [Market] Player "War" (id=Dwe5m4Kt5tT0Pu77b1iK61asFYU-1GyH4vX9jWZ7qJc=) has bought ammo_50bmg_ap x100 (26d7e580) from the trader "Weapons (Denis [#STR_EXPANSION_MARKET_TRADER_WEAPONS])" in market zone "Trader Zone" (pos=<6675.160645, 104.603935, 6114.155762>) for a price of 200.
02:24:15.407 [Market] Player "Druss" (id=mvB_p65s26M1iDgS3KgKpm-UzbAyYM5rER5IINF2xI0=) has sold kreios_umbrella_corporation_backpack x1 (26d85920) at the trader "Clothing (Naomi [#STR_EXPANSION_MARKET_TRADER_CLOTHING])" in market zone "Trader Zone" (pos=<6675.160645, 104.603935, 6114.155762>) and got 1500.
02:24:31.770 [ATM] Player "Druss" (id=mvB_p65s26M1iDgS3KgKpm-UzbAyYM5rER5IINF2xI0=) has deposited 24836 on his ATM account.
02:24:36.321 [Market] Player "War" (id=Dwe5m4Kt5tT0Pu77b1iK61asFYU-1GyH4vX9jWZ7qJc=) has bought vtr_pentax x1 (97ee4280) from the trader "Attachments (Jose [#STR_EXPANSION_MARKET_TRADER_ATTACHMENTS])" in market zone "Trader Zone" (pos=<6675.160645, 104.603935, 6114.155762>) for a price of 400.
02:24:57.515 [Safezone] Player "{1:name}" (id={1:id} pos={1:position}) left the safezone
02:25:43.557 [Market] Player "War" (id=Dwe5m4Kt5tT0Pu77b1iK61asFYU-1GyH4vX9jWZ7qJc=) has bought pnc_mag_aurora_5rnd x1 (e5e2c50, ammo_50bmg x5) from the trader "Attachments (Jose [#STR_EXPANSION_MARKET_TRADER_ATTACHMENTS])" in market zone "Trader Zone" (pos=<6675.160645, 104.603935, 6114.155762>) for a price of 210.
02:25:44.242 [Market] Player "War" (id=Dwe5m4Kt5tT0Pu77b1iK61asFYU-1GyH4vX9jWZ7qJc=) has bought pnc_mag_aurora_5rnd x1 (e5dcfd0, ammo_50bmg x5) from the trader "Attachments (Jose [#STR_EXPANSION_MARKET_TRADER_ATTACHMENTS])" in market zone "Trader Zone" (pos=<6675.160645, 104.603935, 6114.155762>) for a price of 210.
02:25:44.666 [Market] Player "War" (id=Dwe5m4Kt5tT0Pu77b1iK61asFYU-1GyH4vX9jWZ7qJc=) has bought pnc_mag_aurora_5rnd x1 (e5e37e0, ammo_50bmg x5) from the trader "Attachments (Jose [#STR_EXPANSION_MARKET_TRADER_ATTACHMENTS])" in market zone "Trader Zone" (pos=<6675.160645, 104.603935, 6114.155762>) for a price of 210.
02:25:44.882 [VehicleEnter] Player "Cody_The_HC" (id=wr7AHSM-rjj3iPKn50qvAthn9ffT-qem8bQ35FBx0sc=) entered vehicle Bicycle (id=01755F3D754E9C13885331B3867E3C97 pos=<5671.56, 294.37, 3527.71>) as driver
02:26:20.100 [Market] Player "Daddy Yoda" (id=FtMTnYvIuO8a3LThIwJZgLEUWNsNBLDD2TYK2hZq3XY=) has bought pnc_w_ax50 x1 (eb64c5b0) from the trader "Weapons (Denis [#STR_EXPANSION_MARKET_TRADER_WEAPONS])" in market zone "Trader Zone" (pos=<6675.160645, 104.603935, 6114.155762>) for a price of 6000.
02:27:54.804 [Market] Player "War" (id=Dwe5m4Kt5tT0Pu77b1iK61asFYU-1GyH4vX9jWZ7qJc=) has bought gasmask_filter x1 (2713a6b0) from the trader "Clothing (Naomi [#STR_EXPANSION_MARKET_TRADER_CLOTHING])" in market zone "Trader Zone" (pos=<6675.160645, 104.603935, 6114.155762>) for a price of 1000.
02:27:54.992 [Market] Player "War" (id=Dwe5m4Kt5tT0Pu77b1iK61asFYU-1GyH4vX9jWZ7qJc=) has bought gasmask_filter x1 (2713b240) from the trader "Clothing (Naomi [#STR_EXPANSION_MARKET_TRADER_CLOTHING])" in market zone "Trader Zone" (pos=<6675.160645, 104.603935, 6114.155762>) for a price of 1000.
02:27:55.215 [Market] Player "War" (id=Dwe5m4Kt5tT0Pu77b1iK61asFYU-1GyH4vX9jWZ7qJc=) has bought gasmask_filter x1 (27140ec0) from the trader "Clothing (Naomi [#STR_EXPANSION_MARKET_TRADER_CLOTHING])" in market zone "Trader Zone" (pos=<6675.160645, 104.603935, 6114.155762>) for a price of 1000.
02:27:55.354 [Market] Player "War" (id=Dwe5m4Kt5tT0Pu77b1iK61asFYU-1GyH4vX9jWZ7qJc=) has bought gasmask_filter x1 (27141a50) from the trader "Clothing (Naomi [#STR_EXPANSION_MARKET_TRADER_CLOTHING])" in market zone "Trader Zone" (pos=<6675.160645, 104.603935, 6114.155762>) for a price of 1000.
02:27:56.393 [Market] Player "War" (id=Dwe5m4Kt5tT0Pu77b1iK61asFYU-1GyH4vX9jWZ7qJc=) has bought gasmask_filter x1 (27140330) from the trader "Clothing (Naomi [#STR_EXPANSION_MARKET_TRADER_CLOTHING])" in market zone "Trader Zone" (pos=<6675.160645, 104.603935, 6114.155762>) for a price of 1000.
02:27:56.555 [Market] Player "War" (id=Dwe5m4Kt5tT0Pu77b1iK61asFYU-1GyH4vX9jWZ7qJc=) has bought gasmask_filter x1 (271425e0) from the trader "Clothing (Naomi [#STR_EXPANSION_MARKET_TRADER_CLOTHING])" in market zone "Trader Zone" (pos=<6675.160645, 104.603935, 6114.155762>) for a price of 1000.
02:27:56.725 [Market] Player "War" (id=Dwe5m4Kt5tT0Pu77b1iK61asFYU-1GyH4vX9jWZ7qJc=) has bought gasmask_filter x1 (2713bdd0) from the trader "Clothing (Naomi [#STR_EXPANSION_MARKET_TRADER_CLOTHING])" in market zone "Trader Zone" (pos=<6675.160645, 104.603935, 6114.155762>) for a price of 1000.
02:27:56.894 [Market] Player "War" (id=Dwe5m4Kt5tT0Pu77b1iK61asFYU-1GyH4vX9jWZ7qJc=) has bought gasmask_filter x1 (27143170) from the trader "Clothing (Naomi [#STR_EXPANSION_MARKET_TRADER_CLOTHING])" in market zone "Trader Zone" (pos=<6675.160645, 104.603935, 6114.155762>) for a price of 1000.
02:28:17.373 [Market] Player "Daddy Yoda" (id=FtMTnYvIuO8a3LThIwJZgLEUWNsNBLDD2TYK2hZq3XY=) has bought m4a1 x1 (eb649e80, M4_PlasticHndgrd<271650e0>, M4_OEBttstck<27158c50>, Mag_STANAG_30Rnd<271597e0>, ammo_556x45 x30, M4_CarryHandleOptic<d384a940>) from the trader "Weapons (Denis [#STR_EXPANSION_MARKET_TRADER_WEAPONS])" in market zone "Trader Zone" (pos=<6675.160645, 104.603935, 6114.155762>) for a price of 2330.
02:28:25.904 [Market] Player "War" (id=Dwe5m4Kt5tT0Pu77b1iK61asFYU-1GyH4vX9jWZ7qJc=) has bought ducttape x1 (27161710) from the trader "Components (Cyril [#STR_EXPANSION_MARKET_TRADER_COMPONENTS])" in market zone "Trader Zone" (pos=<6675.160645, 104.603935, 6114.155762>) for a price of 20.
02:28:26.074 [Market] Player "War" (id=Dwe5m4Kt5tT0Pu77b1iK61asFYU-1GyH4vX9jWZ7qJc=) has bought ducttape x1 (2715f460) from the trader "Components (Cyril [#STR_EXPANSION_MARKET_TRADER_COMPONENTS])" in market zone "Trader Zone" (pos=<6675.160645, 104.603935, 6114.155762>) for a price of 20.
02:28:26.242 [Market] Player "War" (id=Dwe5m4Kt5tT0Pu77b1iK61asFYU-1GyH4vX9jWZ7qJc=) has bought ducttape x1 (27162e30) from the trader "Components (Cyril [#STR_EXPANSION_MARKET_TRADER_COMPONENTS])" in market zone "Trader Zone" (pos=<6675.160645, 104.603935, 6114.155762>) for a price of 20.
02:28:27.106 [Market] Player "War" (id=Dwe5m4Kt5tT0Pu77b1iK61asFYU-1GyH4vX9jWZ7qJc=) has bought ducttape x1 (271622a0) from the trader "Components (Cyril [#STR_EXPANSION_MARKET_TRADER_COMPONENTS])" in market zone "Trader Zone" (pos=<6675.160645, 104.603935, 6114.155762>) for a price of 20.
02:28:37.889 [VehicleLeave] Player "Cody_The_HC" (id=wr7AHSM-rjj3iPKn50qvAthn9ffT-qem8bQ35FBx0sc=) left vehicle Bicycle (id=01755F3D754E9C13885331B3867E3C97 pos=<5719.36, 294.31, 4349>)
02:28:46.629 [VehicleEnter] Player "Cody_The_HC" (id=wr7AHSM-rjj3iPKn50qvAthn9ffT-qem8bQ35FBx0sc=) entered vehicle Bicycle (id=01755F3D754E9C13885331B3867E3C97 pos=<5719.36, 294.31, 4349>) as driver
02:28:50.834 [ATM] Player "War" (id=Dwe5m4Kt5tT0Pu77b1iK61asFYU-1GyH4vX9jWZ7qJc=) has deposited 68422 on his ATM account.
02:29:07.687 [Market] Player "Daddy Yoda" (id=FtMTnYvIuO8a3LThIwJZgLEUWNsNBLDD2TYK2hZq3XY=) has bought m4a1 x1 (eb648460, Mag_CMAG_30Rnd<2a239880>, ammo_556x45 x100, PNC_Suppressor_556mm_2<2a235eb0>, ACOGOptic<d1a6db90>, M4_PlasticHndgrd<2a235320>, M4_OEBttstck<2a270740>) from the trader "Weapons (Denis [#STR_EXPANSION_MARKET_TRADER_WEAPONS])" in market zone "Trader Zone" (pos=<6675.160645, 104.603935, 6114.155762>) for a price of 3035.
02:29:15.906 [Safezone] Player "War" (id=Dwe5m4Kt5tT0Pu77b1iK61asFYU-1GyH4vX9jWZ7qJc= pos=<6669.04, 121.5, 6015.25>) entered the safezone
02:29:20.019 [Market] Player "Daddy Yoda" (id=FtMTnYvIuO8a3LThIwJZgLEUWNsNBLDD2TYK2hZq3XY=) has sold pnc_w_ax50 x1 (eb64c5b0) at the trader "Weapons (Denis [#STR_EXPANSION_MARKET_TRADER_WEAPONS])" in market zone "Trader Zone" (pos=<6675.160645, 104.603935, 6114.155762>) and got 4500.
02:29:26.603 [Safezone] Player "{1:name}" (id={1:id} pos={1:position}) left the safezone
02:29:33.182 [Safezone] Player "War" (id=Dwe5m4Kt5tT0Pu77b1iK61asFYU-1GyH4vX9jWZ7qJc= pos=<6670.38, 120.73, 6017.01>) entered the safezone
02:29:46.809 [ATM] Player "War" (id=Dwe5m4Kt5tT0Pu77b1iK61asFYU-1GyH4vX9jWZ7qJc=) has withdrawn 68422 from his ATM account.
02:30:03.708 [Market] Player "Daddy Yoda" (id=FtMTnYvIuO8a3LThIwJZgLEUWNsNBLDD2TYK2hZq3XY=) has bought pnc_w_ax50 x1 (eb64dfd0, PNC_BarretM82A1_Suppressor<2a24b990>, VTR_Razor_Vortex<b9f6fdb0>) from the trader "Weapons (Denis [#STR_EXPANSION_MARKET_TRADER_WEAPONS])" in market zone "Trader Zone" (pos=<6675.160645, 104.603935, 6114.155762>) for a price of 6450.
02:30:10.971 [Market] Player "War" (id=Dwe5m4Kt5tT0Pu77b1iK61asFYU-1GyH4vX9jWZ7qJc=) has bought canteen x1 (b9f8a3e0) from the trader "Consumables (Linda [#STR_EXPANSION_MARKET_TRADER_CONSUMABLES])" in market zone "Trader Zone" (pos=<6675.160645, 104.603935, 6114.155762>) for a price of 18.
02:30:11.147 [Market] Player "War" (id=Dwe5m4Kt5tT0Pu77b1iK61asFYU-1GyH4vX9jWZ7qJc=) has bought canteen x1 (bf8ed900) from the trader "Consumables (Linda [#STR_EXPANSION_MARKET_TRADER_CONSUMABLES])" in market zone "Trader Zone" (pos=<6675.160645, 104.603935, 6114.155762>) for a price of 18.
02:30:11.307 [Market] Player "War" (id=Dwe5m4Kt5tT0Pu77b1iK61asFYU-1GyH4vX9jWZ7qJc=) has bought canteen x1 (bc10f8c0) from the trader "Consumables (Linda [#STR_EXPANSION_MARKET_TRADER_CONSUMABLES])" in market zone "Trader Zone" (pos=<6675.160645, 104.603935, 6114.155762>) for a price of 18.
02:30:11.495 [Market] Player "War" (id=Dwe5m4Kt5tT0Pu77b1iK61asFYU-1GyH4vX9jWZ7qJc=) has bought canteen x1 (c40d1fc0) from the trader "Consumables (Linda [#STR_EXPANSION_MARKET_TRADER_CONSUMABLES])" in market zone "Trader Zone" (pos=<6675.160645, 104.603935, 6114.155762>) for a price of 18.
02:30:11.636 [Market] Player "War" (id=Dwe5m4Kt5tT0Pu77b1iK61asFYU-1GyH4vX9jWZ7qJc=) has bought canteen x1 (bc10a450) from the trader "Consumables (Linda [#STR_EXPANSION_MARKET_TRADER_CONSUMABLES])" in market zone "Trader Zone" (pos=<6675.160645, 104.603935, 6114.155762>) for a price of 18.
02:30:28.018 [Market] Player "War" (id=Dwe5m4Kt5tT0Pu77b1iK61asFYU-1GyH4vX9jWZ7qJc=) has bought tacticalbaconcan x1 (d21ee130) from the trader "Consumables (Linda [#STR_EXPANSION_MARKET_TRADER_CONSUMABLES])" in market zone "Trader Zone" (pos=<6675.160645, 104.603935, 6114.155762>) for a price of 20.
02:30:28.246 [Market] Player "War" (id=Dwe5m4Kt5tT0Pu77b1iK61asFYU-1GyH4vX9jWZ7qJc=) has bought tacticalbaconcan x1 (d1a60e80) from the trader "Consumables (Linda [#STR_EXPANSION_MARKET_TRADER_CONSUMABLES])" in market zone "Trader Zone" (pos=<6675.160645, 104.603935, 6114.155762>) for a price of 20.
02:30:28.397 [Market] Player "War" (id=Dwe5m4Kt5tT0Pu77b1iK61asFYU-1GyH4vX9jWZ7qJc=) has bought tacticalbaconcan x1 (ceffbef0) from the trader "Consumables (Linda [#STR_EXPANSION_MARKET_TRADER_CONSUMABLES])" in market zone "Trader Zone" (pos=<6675.160645, 104.603935, 6114.155762>) for a price of 20.
02:30:28.569 [Market] Player "War" (id=Dwe5m4Kt5tT0Pu77b1iK61asFYU-1GyH4vX9jWZ7qJc=) has bought tacticalbaconcan x1 (d1de68c0) from the trader "Consumables (Linda [#STR_EXPANSION_MARKET_TRADER_CONSUMABLES])" in market zone "Trader Zone" (pos=<6675.160645, 104.603935, 6114.155762>) for a price of 20.
02:30:28.757 [Market] Player "War" (id=Dwe5m4Kt5tT0Pu77b1iK61asFYU-1GyH4vX9jWZ7qJc=) has bought tacticalbaconcan x1 (d1dfdeb0) from the trader "Consumables (Linda [#STR_EXPANSION_MARKET_TRADER_CONSUMABLES])" in market zone "Trader Zone" (pos=<6675.160645, 104.603935, 6114.155762>) for a price of 20.
02:30:29.936 [Market] Player "War" (id=Dwe5m4Kt5tT0Pu77b1iK61asFYU-1GyH4vX9jWZ7qJc=) has bought tacticalbaconcan x1 (d07d0d30) from the trader "Consumables (Linda [#STR_EXPANSION_MARKET_TRADER_CONSUMABLES])" in market zone "Trader Zone" (pos=<6675.160645, 104.603935, 6114.155762>) for a price of 20.
02:30:30.121 [Market] Player "War" (id=Dwe5m4Kt5tT0Pu77b1iK61asFYU-1GyH4vX9jWZ7qJc=) has bought tacticalbaconcan x1 (d35c2260) from the trader "Consumables (Linda [#STR_EXPANSION_MARKET_TRADER_CONSUMABLES])" in market zone "Trader Zone" (pos=<6675.160645, 104.603935, 6114.155762>) for a price of 20.
02:30:30.291 [Market] Player "War" (id=Dwe5m4Kt5tT0Pu77b1iK61asFYU-1GyH4vX9jWZ7qJc=) has bought tacticalbaconcan x1 (d07eb360) from the trader "Consumables (Linda [#STR_EXPANSION_MARKET_TRADER_CONSUMABLES])" in market zone "Trader Zone" (pos=<6675.160645, 104.603935, 6114.155762>) for a price of 20.
02:30:31.432 [Market] Player "War" (id=Dwe5m4Kt5tT0Pu77b1iK61asFYU-1GyH4vX9jWZ7qJc=) has bought tacticalbaconcan x1 (c719bf70) from the trader "Consumables (Linda [#STR_EXPANSION_MARKET_TRADER_CONSUMABLES])" in market zone "Trader Zone" (pos=<6675.160645, 104.603935, 6114.155762>) for a price of 20.
02:30:31.610 [Market] Player "War" (id=Dwe5m4Kt5tT0Pu77b1iK61asFYU-1GyH4vX9jWZ7qJc=) has bought tacticalbaconcan x1 (c536c270) from the trader "Consumables (Linda [#STR_EXPANSION_MARKET_TRADER_CONSUMABLES])" in market zone "Trader Zone" (pos=<6675.160645, 104.603935, 6114.155762>) for a price of 20.
02:30:50.695 [ATM] Player "War" (id=Dwe5m4Kt5tT0Pu77b1iK61asFYU-1GyH4vX9jWZ7qJc=) has deposited 68132 on his ATM account.
02:31:17.281 [VehicleLeave] Player "Cody_The_HC" (id=wr7AHSM-rjj3iPKn50qvAthn9ffT-qem8bQ35FBx0sc=) left vehicle Bicycle (id=01755F3D754E9C13885331B3867E3C97 pos=<4913.39, 338.62, 4286.87>)
02:31:27.238 [Safezone] Player "{1:name}" (id={1:id} pos={1:position}) left the safezone
02:31:36.088 [VehicleEnter] Player "Cody_The_HC" (id=wr7AHSM-rjj3iPKn50qvAthn9ffT-qem8bQ35FBx0sc=) entered vehicle Bicycle (id=01755F3D754E9C13885331B3867E3C97 pos=<4913.39, 338.62, 4286.87>) as driver
02:31:55.865 [VehicleLeave] Player "Cody_The_HC" (id=wr7AHSM-rjj3iPKn50qvAthn9ffT-qem8bQ35FBx0sc=) left vehicle Bicycle (id=01755F3D754E9C13885331B3867E3C97 pos=<4913.39, 338.62, 4286.89>)
02:32:01.219 [Market] Player "Daddy Yoda" (id=FtMTnYvIuO8a3LThIwJZgLEUWNsNBLDD2TYK2hZq3XY=) has bought ammobox_50bmg_20rnd x10 (2d874a70) from the trader "Weapons (Denis [#STR_EXPANSION_MARKET_TRADER_WEAPONS])" in market zone "Trader Zone" (pos=<6675.160645, 104.603935, 6114.155762>) for a price of 1000.
02:32:22.557 [Party] Player "Druss" (id=mvB_p65s26M1iDgS3KgKpm-UzbAyYM5rER5IINF2xI0=) left the party "AURRRRRRORA" (id=1 ownerUID=m_TD03B4NXDQrU5koHpLq3WyQf1hXTvQSdETJOTM8ss= ownerName=F11 Simulator)
02:33:20.597 [Market] Player "Daddy Yoda" (id=FtMTnYvIuO8a3LThIwJZgLEUWNsNBLDD2TYK2hZq3XY=) has bought expansiongps x1 (2d892480, Battery9V<2d893010>) from the trader "Components (Cyril [#STR_EXPANSION_MARKET_TRADER_COMPONENTS])" in market zone "Trader Zone" (pos=<6675.160645, 104.603935, 6114.155762>) for a price of 310.
02:34:37.749 [Market] Player "Daddy Yoda" (id=FtMTnYvIuO8a3LThIwJZgLEUWNsNBLDD2TYK2hZq3XY=) has bought pnc_mag_aurora_5rnd x1 (fa655b80, ammo_50bmg x5) from the trader "Attachments (Jose [#STR_EXPANSION_MARKET_TRADER_ATTACHMENTS])" in market zone "Trader Zone" (pos=<6675.160645, 104.603935, 6114.155762>) for a price of 210.
02:34:38.264 [Market] Player "Daddy Yoda" (id=FtMTnYvIuO8a3LThIwJZgLEUWNsNBLDD2TYK2hZq3XY=) has bought pnc_mag_aurora_5rnd x1 (fa6572a0, ammo_50bmg x5) from the trader "Attachments (Jose [#STR_EXPANSION_MARKET_TRADER_ATTACHMENTS])" in market zone "Trader Zone" (pos=<6675.160645, 104.603935, 6114.155762>) for a price of 210.
02:34:38.573 [Market] Player "Daddy Yoda" (id=FtMTnYvIuO8a3LThIwJZgLEUWNsNBLDD2TYK2hZq3XY=) has bought pnc_mag_aurora_5rnd x1 (fa654460, ammo_50bmg x5) from the trader "Attachments (Jose [#STR_EXPANSION_MARKET_TRADER_ATTACHMENTS])" in market zone "Trader Zone" (pos=<6675.160645, 104.603935, 6114.155762>) for a price of 210.
02:34:38.800 [Market] Player "Daddy Yoda" (id=FtMTnYvIuO8a3LThIwJZgLEUWNsNBLDD2TYK2hZq3XY=) has bought pnc_mag_aurora_5rnd x1 (fa650a90, ammo_50bmg x5) from the trader "Attachments (Jose [#STR_EXPANSION_MARKET_TRADER_ATTACHMENTS])" in market zone "Trader Zone" (pos=<6675.160645, 104.603935, 6114.155762>) for a price of 210.
02:34:39.003 [Market] Player "Daddy Yoda" (id=FtMTnYvIuO8a3LThIwJZgLEUWNsNBLDD2TYK2hZq3XY=) has bought pnc_mag_aurora_5rnd x1 (fa656710, ammo_50bmg x5) from the trader "Attachments (Jose [#STR_EXPANSION_MARKET_TRADER_ATTACHMENTS])" in market zone "Trader Zone" (pos=<6675.160645, 104.603935, 6114.155762>) for a price of 210.
02:34:39.196 [Market] Player "Daddy Yoda" (id=FtMTnYvIuO8a3LThIwJZgLEUWNsNBLDD2TYK2hZq3XY=) has bought pnc_mag_aurora_5rnd x1 (fa65e640, ammo_50bmg x5) from the trader "Attachments (Jose [#STR_EXPANSION_MARKET_TRADER_ATTACHMENTS])" in market zone "Trader Zone" (pos=<6675.160645, 104.603935, 6114.155762>) for a price of 210.
02:35:07.833 [Market] Player "Daddy Yoda" (id=FtMTnYvIuO8a3LThIwJZgLEUWNsNBLDD2TYK2hZq3XY=) has bought pnc_mag_ax50_7rnd x1 (b6d5a660, ammo_50bmg x7) from the trader "Attachments (Jose [#STR_EXPANSION_MARKET_TRADER_ATTACHMENTS])" in market zone "Trader Zone" (pos=<6675.160645, 104.603935, 6114.155762>) for a price of 514.
02:35:08.292 [Market] Player "Daddy Yoda" (id=FtMTnYvIuO8a3LThIwJZgLEUWNsNBLDD2TYK2hZq3XY=) has bought pnc_mag_ax50_7rnd x1 (b6d5f750, ammo_50bmg x7) from the trader "Attachments (Jose [#STR_EXPANSION_MARKET_TRADER_ATTACHMENTS])" in market zone "Trader Zone" (pos=<6675.160645, 104.603935, 6114.155762>) for a price of 514.
02:35:08.492 [Market] Player "Daddy Yoda" (id=FtMTnYvIuO8a3LThIwJZgLEUWNsNBLDD2TYK2hZq3XY=) has bought pnc_mag_ax50_7rnd x1 (b6d5b1f0, ammo_50bmg x7) from the trader "Attachments (Jose [#STR_EXPANSION_MARKET_TRADER_ATTACHMENTS])" in market zone "Trader Zone" (pos=<6675.160645, 104.603935, 6114.155762>) for a price of 514.
02:35:08.742 [Market] Player "Daddy Yoda" (id=FtMTnYvIuO8a3LThIwJZgLEUWNsNBLDD2TYK2hZq3XY=) has bought pnc_mag_ax50_7rnd x1 (b6d5d4a0, ammo_50bmg x7) from the trader "Attachments (Jose [#STR_EXPANSION_MARKET_TRADER_ATTACHMENTS])" in market zone "Trader Zone" (pos=<6675.160645, 104.603935, 6114.155762>) for a price of 514.
02:35:08.886 [Market] Player "Daddy Yoda" (id=FtMTnYvIuO8a3LThIwJZgLEUWNsNBLDD2TYK2hZq3XY=) has bought pnc_mag_ax50_7rnd x1 (b6d61a00, ammo_50bmg x7) from the trader "Attachments (Jose [#STR_EXPANSION_MARKET_TRADER_ATTACHMENTS])" in market zone "Trader Zone" (pos=<6675.160645, 104.603935, 6114.155762>) for a price of 514.
02:35:09.080 [Market] Player "Daddy Yoda" (id=FtMTnYvIuO8a3LThIwJZgLEUWNsNBLDD2TYK2hZq3XY=) has bought pnc_mag_ax50_7rnd x1 (b6d69930, ammo_50bmg x7) from the trader "Attachments (Jose [#STR_EXPANSION_MARKET_TRADER_ATTACHMENTS])" in market zone "Trader Zone" (pos=<6675.160645, 104.603935, 6114.155762>) for a price of 514.
02:35:09.935 [Market] Player "Daddy Yoda" (id=FtMTnYvIuO8a3LThIwJZgLEUWNsNBLDD2TYK2hZq3XY=) has sold pnc_mag_aurora_5rnd x1 (fa655b80, ammo_50bmg x5) at the trader "Attachments (Jose [#STR_EXPANSION_MARKET_TRADER_ATTACHMENTS])" in market zone "Trader Zone" (pos=<6675.160645, 104.603935, 6114.155762>) and got 155.
02:35:10.093 [Market] Player "Daddy Yoda" (id=FtMTnYvIuO8a3LThIwJZgLEUWNsNBLDD2TYK2hZq3XY=) has sold pnc_mag_aurora_5rnd x1 (fa6572a0, ammo_50bmg x5) at the trader "Attachments (Jose [#STR_EXPANSION_MARKET_TRADER_ATTACHMENTS])" in market zone "Trader Zone" (pos=<6675.160645, 104.603935, 6114.155762>) and got 155.
02:35:10.301 [Market] Player "Daddy Yoda" (id=FtMTnYvIuO8a3LThIwJZgLEUWNsNBLDD2TYK2hZq3XY=) has sold pnc_mag_aurora_5rnd x1 (fa654460, ammo_50bmg x5) at the trader "Attachments (Jose [#STR_EXPANSION_MARKET_TRADER_ATTACHMENTS])" in market zone "Trader Zone" (pos=<6675.160645, 104.603935, 6114.155762>) and got 155.
02:35:10.462 [Market] Player "Daddy Yoda" (id=FtMTnYvIuO8a3LThIwJZgLEUWNsNBLDD2TYK2hZq3XY=) has sold pnc_mag_aurora_5rnd x1 (fa650a90, ammo_50bmg x5) at the trader "Attachments (Jose [#STR_EXPANSION_MARKET_TRADER_ATTACHMENTS])" in market zone "Trader Zone" (pos=<6675.160645, 104.603935, 6114.155762>) and got 155.
02:35:10.643 [Market] Player "Daddy Yoda" (id=FtMTnYvIuO8a3LThIwJZgLEUWNsNBLDD2TYK2hZq3XY=) has sold pnc_mag_aurora_5rnd x1 (fa656710, ammo_50bmg x5) at the trader "Attachments (Jose [#STR_EXPANSION_MARKET_TRADER_ATTACHMENTS])" in market zone "Trader Zone" (pos=<6675.160645, 104.603935, 6114.155762>) and got 155.
02:35:10.822 [Market] Player "Daddy Yoda" (id=FtMTnYvIuO8a3LThIwJZgLEUWNsNBLDD2TYK2hZq3XY=) has sold pnc_mag_aurora_5rnd x1 (fa65e640, ammo_50bmg x5) at the trader "Attachments (Jose [#STR_EXPANSION_MARKET_TRADER_ATTACHMENTS])" in market zone "Trader Zone" (pos=<6675.160645, 104.603935, 6114.155762>) and got 155.
02:35:12.411 [Market] Player "Daddy Yoda" (id=FtMTnYvIuO8a3LThIwJZgLEUWNsNBLDD2TYK2hZq3XY=) has bought pnc_mag_ax50_7rnd x1 (b6d65f60, ammo_50bmg x7) from the trader "Attachments (Jose [#STR_EXPANSION_MARKET_TRADER_ATTACHMENTS])" in market zone "Trader Zone" (pos=<6675.160645, 104.603935, 6114.155762>) for a price of 514.
02:35:12.582 [Market] Player "Daddy Yoda" (id=FtMTnYvIuO8a3LThIwJZgLEUWNsNBLDD2TYK2hZq3XY=) has bought pnc_mag_ax50_7rnd x1 (b6d6bbe0, ammo_50bmg x7) from the trader "Attachments (Jose [#STR_EXPANSION_MARKET_TRADER_ATTACHMENTS])" in market zone "Trader Zone" (pos=<6675.160645, 104.603935, 6114.155762>) for a price of 514.
02:35:12.783 [Market] Player "Daddy Yoda" (id=FtMTnYvIuO8a3LThIwJZgLEUWNsNBLDD2TYK2hZq3XY=) has bought pnc_mag_ax50_7rnd x1 (b6d78c00, ammo_50bmg x7) from the trader "Attachments (Jose [#STR_EXPANSION_MARKET_TRADER_ATTACHMENTS])" in market zone "Trader Zone" (pos=<6675.160645, 104.603935, 6114.155762>) for a price of 514.
02:35:12.965 [Market] Player "Daddy Yoda" (id=FtMTnYvIuO8a3LThIwJZgLEUWNsNBLDD2TYK2hZq3XY=) has bought pnc_mag_ax50_7rnd x1 (b6d7c5d0, ammo_50bmg x7) from the trader "Attachments (Jose [#STR_EXPANSION_MARKET_TRADER_ATTACHMENTS])" in market zone "Trader Zone" (pos=<6675.160645, 104.603935, 6114.155762>) for a price of 514.
02:37:33.933 [Market] Player "Daddy Yoda" (id=FtMTnYvIuO8a3LThIwJZgLEUWNsNBLDD2TYK2hZq3XY=) has bought ammobox_556x45_20rnd x1 (b7aea340) from the trader "Weapons (Denis [#STR_EXPANSION_MARKET_TRADER_WEAPONS])" in market zone "Trader Zone" (pos=<6675.160645, 104.603935, 6114.155762>) for a price of 32.
02:37:34.360 [Market] Player "Daddy Yoda" (id=FtMTnYvIuO8a3LThIwJZgLEUWNsNBLDD2TYK2hZq3XY=) has bought ammobox_556x45_20rnd x1 (b7aeaed0) from the trader "Weapons (Denis [#STR_EXPANSION_MARKET_TRADER_WEAPONS])" in market zone "Trader Zone" (pos=<6675.160645, 104.603935, 6114.155762>) for a price of 32.
02:37:34.565 [Market] Player "Daddy Yoda" (id=FtMTnYvIuO8a3LThIwJZgLEUWNsNBLDD2TYK2hZq3XY=) has bought ammobox_556x45_20rnd x1 (b7af8a80) from the trader "Weapons (Denis [#STR_EXPANSION_MARKET_TRADER_WEAPONS])" in market zone "Trader Zone" (pos=<6675.160645, 104.603935, 6114.155762>) for a price of 32.
02:37:34.761 [Market] Player "Daddy Yoda" (id=FtMTnYvIuO8a3LThIwJZgLEUWNsNBLDD2TYK2hZq3XY=) has bought ammobox_556x45_20rnd x1 (b7af2e00) from the trader "Weapons (Denis [#STR_EXPANSION_MARKET_TRADER_WEAPONS])" in market zone "Trader Zone" (pos=<6675.160645, 104.603935, 6114.155762>) for a price of 32.
02:37:34.948 [Market] Player "Daddy Yoda" (id=FtMTnYvIuO8a3LThIwJZgLEUWNsNBLDD2TYK2hZq3XY=) has bought ammobox_556x45_20rnd x1 (b7b01540) from the trader "Weapons (Denis [#STR_EXPANSION_MARKET_TRADER_WEAPONS])" in market zone "Trader Zone" (pos=<6675.160645, 104.603935, 6114.155762>) for a price of 32.
02:37:35.110 [Market] Player "Daddy Yoda" (id=FtMTnYvIuO8a3LThIwJZgLEUWNsNBLDD2TYK2hZq3XY=) has bought ammobox_556x45_20rnd x1 (b7b088e0) from the trader "Weapons (Denis [#STR_EXPANSION_MARKET_TRADER_WEAPONS])" in market zone "Trader Zone" (pos=<6675.160645, 104.603935, 6114.155762>) for a price of 32.
02:37:35.304 [Market] Player "Daddy Yoda" (id=FtMTnYvIuO8a3LThIwJZgLEUWNsNBLDD2TYK2hZq3XY=) has bought ammobox_556x45_20rnd x1 (b7b0b720) from the trader "Weapons (Denis [#STR_EXPANSION_MARKET_TRADER_WEAPONS])" in market zone "Trader Zone" (pos=<6675.160645, 104.603935, 6114.155762>) for a price of 32.
02:37:35.542 [Market] Player "Daddy Yoda" (id=FtMTnYvIuO8a3LThIwJZgLEUWNsNBLDD2TYK2hZq3XY=) has bought ammobox_556x45_20rnd x1 (b7b0d9d0) from the trader "Weapons (Denis [#STR_EXPANSION_MARKET_TRADER_WEAPONS])" in market zone "Trader Zone" (pos=<6675.160645, 104.603935, 6114.155762>) for a price of 32.
02:37:35.685 [Market] Player "Daddy Yoda" (id=FtMTnYvIuO8a3LThIwJZgLEUWNsNBLDD2TYK2hZq3XY=) has bought ammobox_556x45_20rnd x1 (be4fba30) from the trader "Weapons (Denis [#STR_EXPANSION_MARKET_TRADER_WEAPONS])" in market zone "Trader Zone" (pos=<6675.160645, 104.603935, 6114.155762>) for a price of 32.
02:37:35.871 [Market] Player "Daddy Yoda" (id=FtMTnYvIuO8a3LThIwJZgLEUWNsNBLDD2TYK2hZq3XY=) has bought ammobox_556x45_20rnd x1 (be4ff400) from the trader "Weapons (Denis [#STR_EXPANSION_MARKET_TRADER_WEAPONS])" in market zone "Trader Zone" (pos=<6675.160645, 104.603935, 6114.155762>) for a price of 32.
02:37:36.061 [Market] Player "Daddy Yoda" (id=FtMTnYvIuO8a3LThIwJZgLEUWNsNBLDD2TYK2hZq3XY=) has bought ammobox_556x45_20rnd x1 (be500b20) from the trader "Weapons (Denis [#STR_EXPANSION_MARKET_TRADER_WEAPONS])" in market zone "Trader Zone" (pos=<6675.160645, 104.603935, 6114.155762>) for a price of 32.
02:37:36.252 [Market] Player "Daddy Yoda" (id=FtMTnYvIuO8a3LThIwJZgLEUWNsNBLDD2TYK2hZq3XY=) has bought ammobox_556x45_20rnd x1 (be51ce10) from the trader "Weapons (Denis [#STR_EXPANSION_MARKET_TRADER_WEAPONS])" in market zone "Trader Zone" (pos=<6675.160645, 104.603935, 6114.155762>) for a price of 32.
02:37:36.423 [Market] Player "Daddy Yoda" (id=FtMTnYvIuO8a3LThIwJZgLEUWNsNBLDD2TYK2hZq3XY=) has bought ammobox_556x45_20rnd x1 (be519440) from the trader "Weapons (Denis [#STR_EXPANSION_MARKET_TRADER_WEAPONS])" in market zone "Trader Zone" (pos=<6675.160645, 104.603935, 6114.155762>) for a price of 32.
02:37:36.632 [Market] Player "Daddy Yoda" (id=FtMTnYvIuO8a3LThIwJZgLEUWNsNBLDD2TYK2hZq3XY=) has bought ammobox_556x45_20rnd x1 (be51c280) from the trader "Weapons (Denis [#STR_EXPANSION_MARKET_TRADER_WEAPONS])" in market zone "Trader Zone" (pos=<6675.160645, 104.603935, 6114.155762>) for a price of 32.
02:37:36.801 [Market] Player "Daddy Yoda" (id=FtMTnYvIuO8a3LThIwJZgLEUWNsNBLDD2TYK2hZq3XY=) has bought ammobox_556x45_20rnd x1 (be523620) from the trader "Weapons (Denis [#STR_EXPANSION_MARKET_TRADER_WEAPONS])" in market zone "Trader Zone" (pos=<6675.160645, 104.603935, 6114.155762>) for a price of 32.
02:37:36.978 [Market] Player "Daddy Yoda" (id=FtMTnYvIuO8a3LThIwJZgLEUWNsNBLDD2TYK2hZq3XY=) has bought ammobox_556x45_20rnd x1 (be528710) from the trader "Weapons (Denis [#STR_EXPANSION_MARKET_TRADER_WEAPONS])" in market zone "Trader Zone" (pos=<6675.160645, 104.603935, 6114.155762>) for a price of 32.
02:37:37.164 [Market] Player "Daddy Yoda" (id=FtMTnYvIuO8a3LThIwJZgLEUWNsNBLDD2TYK2hZq3XY=) has bought ammobox_556x45_20rnd x1 (be52cc70) from the trader "Weapons (Denis [#STR_EXPANSION_MARKET_TRADER_WEAPONS])" in market zone "Trader Zone" (pos=<6675.160645, 104.603935, 6114.155762>) for a price of 32.
02:37:48.668 [Market] Player "Daddy Yoda" (id=FtMTnYvIuO8a3LThIwJZgLEUWNsNBLDD2TYK2hZq3XY=) has bought hel_magazineloading_deepbluecamo x1 (b3b0fc10) from the trader "Attachments (Jose [#STR_EXPANSION_MARKET_TRADER_ATTACHMENTS])" in market zone "Trader Zone" (pos=<6675.160645, 104.603935, 6114.155762>) for a price of 100.
02:40:14.404 [ATM] Player "Daddy Yoda" (id=FtMTnYvIuO8a3LThIwJZgLEUWNsNBLDD2TYK2hZq3XY=) has deposited 50130 on his ATM account.
02:40:56.112 [Safezone] Player "{1:name}" (id={1:id} pos={1:position}) left the safezone
02:42:14.985 [Party] Player "War" (id=Dwe5m4Kt5tT0Pu77b1iK61asFYU-1GyH4vX9jWZ7qJc=) invited the player "Cody_The_HC" (id=wr7AHSM-rjj3iPKn50qvAthn9ffT-qem8bQ35FBx0sc=)to the party named Wet Willys
02:42:26.629 [Party] Player "Cody_The_HC" (id=wr7AHSM-rjj3iPKn50qvAthn9ffT-qem8bQ35FBx0sc=) joinded the party "Wet Willys" (id=62 ownerUID=Dwe5m4Kt5tT0Pu77b1iK61asFYU-1GyH4vX9jWZ7qJc= ownerName=War)
02:47:53.583 [Party] Player "TemuEnjoyer" (id=m_TD03B4NXDQrU5koHpLq3WyQf1hXTvQSdETJOTM8ss=) left the party "AURRRRRRORA" (id=1 ownerUID=m_TD03B4NXDQrU5koHpLq3WyQf1hXTvQSdETJOTM8ss= ownerName=F11 Simulator)
02:47:56.092 [Party] Player "London" (id=kOLgOs9yYBFVRQG3lqoHveYdP5X8y3SO69cq5MiR4us=) left the party "AURRRRRRORA" (id=1 ownerUID=m_TD03B4NXDQrU5koHpLq3WyQf1hXTvQSdETJOTM8ss= ownerName=F11 Simulator)
03:42:15.752 [MissionAirdrop] An airdrop is heading towards "Mohawk" (pos=<7978.891113, 0.000000, 7093.604004> type=Random_Mohawk) with a ExpansionAirdropContainer_Military
04:00:27.576 [Killfeed] [69420] Cody_The_HC got killed.
04:00:46.081 [Party] Player "Cody_The_HC" (id=wr7AHSM-rjj3iPKn50qvAthn9ffT-qem8bQ35FBx0sc=) joinded the party "Wet Willys" (id=62 ownerUID=Dwe5m4Kt5tT0Pu77b1iK61asFYU-1GyH4vX9jWZ7qJc= ownerName=War)
04:02:06.557 [Party] Player "Cody_The_HC" (id=wr7AHSM-rjj3iPKn50qvAthn9ffT-qem8bQ35FBx0sc=) left the party "Wet Willys" (id=62 ownerUID=Dwe5m4Kt5tT0Pu77b1iK61asFYU-1GyH4vX9jWZ7qJc= ownerName=War)
04:07:22.404 [Party] Player "Daddy Yoda" (id=FtMTnYvIuO8a3LThIwJZgLEUWNsNBLDD2TYK2hZq3XY=) left the party "Wet Willys" (id=62 ownerUID=Dwe5m4Kt5tT0Pu77b1iK61asFYU-1GyH4vX9jWZ7qJc= ownerName=War)
04:07:24.164 [Killfeed] [69420] War fell to their death.
04:07:28.901 [Party] Player "War" (id=Dwe5m4Kt5tT0Pu77b1iK61asFYU-1GyH4vX9jWZ7qJc=) left the party "Wet Willys" (id=62 ownerUID=Dwe5m4Kt5tT0Pu77b1iK61asFYU-1GyH4vX9jWZ7qJc= ownerName=War)
05:08:23.945 [MissionAirdrop] An airdrop is heading towards "Ontario" (pos=<6884.233398, 0.000000, 2921.709961> type=Random_Ontario) with a ExpansionAirdropContainer_Basebuilding
