03:01:44.178 [Party] Player "Sir Trippy" (id=qZqolO4hbF2D7i2SHl6eLqgMczahG7_bAPkC9G_OL68=) joinded the party "SLAVES" (id=1 ownerUID=m_TD03B4NXDQrU5koHpLq3WyQf1hXTvQSdETJOTM8ss= ownerName=F11 Simulator)
03:01:46.262 [Safezone] Player "F11 Simulator" (id=m_TD03B4NXDQrU5koHpLq3WyQf1hXTvQSdETJOTM8ss= pos=<6683.21, 102.58, 6079.16>) entered the safezone
03:01:46.262 [Party] Player "F11 Simulator" (id=m_TD03B4NXDQrU5koHpLq3WyQf1hXTvQSdETJOTM8ss=) joinded the party "SLAVES" (id=1 ownerUID=m_TD03B4NXDQrU5koHpLq3WyQf1hXTvQSdETJOTM8ss= ownerName=F11 Simulator)
03:02:23.704 [Safezone] Player "Druss" (id=mvB_p65s26M1iDgS3KgKpm-UzbAyYM5rER5IINF2xI0= pos=<6673.19, 102.53, 6119.1>) entered the safezone
03:02:23.705 [Party] Player "Druss" (id=mvB_p65s26M1iDgS3KgKpm-UzbAyYM5rER5IINF2xI0=) joinded the party "SLAVES" (id=1 ownerUID=m_TD03B4NXDQrU5koHpLq3WyQf1hXTvQSdETJOTM8ss= ownerName=F11 Simulator)
03:02:41.265 [Safezone] Player "London" (id=kOLgOs9yYBFVRQG3lqoHveYdP5X8y3SO69cq5MiR4us= pos=<6676.42, 102.5, 6109.24>) entered the safezone
03:02:41.266 [Party] Player "London" (id=kOLgOs9yYBFVRQG3lqoHveYdP5X8y3SO69cq5MiR4us=) joinded the party "SLAVES" (id=1 ownerUID=m_TD03B4NXDQrU5koHpLq3WyQf1hXTvQSdETJOTM8ss= ownerName=F11 Simulator)
03:04:06.619 [Safezone] Player "Sir Trippy" (id=qZqolO4hbF2D7i2SHl6eLqgMczahG7_bAPkC9G_OL68= pos=<6737.86, 108.99, 6036.78>) entered the safezone
03:04:13.378 [Party] Player "YellowMan03" (id=Q5YYCirVtNrxz4WQIODDgTTJ2c72jSwr9IjthoaUGfs=) joinded the party "Seraph Intrepid" (id=30 ownerUID=Q5YYCirVtNrxz4WQIODDgTTJ2c72jSwr9IjthoaUGfs= ownerName=YellowMan03)
03:05:58.059 [ATM] Player "Druss" (id=mvB_p65s26M1iDgS3KgKpm-UzbAyYM5rER5IINF2xI0=) has withdrawn 8000 from his ATM account.
03:07:05.451 [Party] Player "YellowMan03" (id=Q5YYCirVtNrxz4WQIODDgTTJ2c72jSwr9IjthoaUGfs=) invited the player "ActualTrash" (id=tX_k1PJHIgv0jGOwOCMW9ZAw0cYJGQmwxbCDySzFXcs=)to the party named Seraph Intrepid
03:07:26.972 [Market] Player "Druss" (id=mvB_p65s26M1iDgS3KgKpm-UzbAyYM5rER5IINF2xI0=) has sold m4a1 x1 (4d3c2eb0, M4_CQBBttstck<57cb6990>, M4_Suppressor<57cb80b0>, M4_RISHndgrd<57cb8c40>, M4_T3NRDSOptic<57cf80e0>, Battery9V<57cb2430>, Mag_STANAGCoupled_30Rnd<57cb97d0>, ammo_556x45 x52) at the trader "Weapons (Denis [#STR_EXPANSION_MARKET_TRADER_WEAPONS])" in market zone "Trader Zone" (pos=<6675.160645, 104.603935, 6114.155762>) and got 1160.
03:07:31.137 [Market] Player "London" (id=kOLgOs9yYBFVRQG3lqoHveYdP5X8y3SO69cq5MiR4us=) has bought ammobox_300aac_ap_20rnd x6 (6ce27a50) from the trader "Weapons (Denis [#STR_EXPANSION_MARKET_TRADER_WEAPONS])" in market zone "Trader Zone" (pos=<6675.160645, 104.603935, 6114.155762>) for a price of 384.
03:08:27.961 [Market] Player "Druss" (id=mvB_p65s26M1iDgS3KgKpm-UzbAyYM5rER5IINF2xI0=) has bought expansion_m16 x1 (39d007b0, Mag_STANAG_30Rnd<6ce518f0>, ammo_556x45 x30) from the trader "Weapons (Denis [#STR_EXPANSION_MARKET_TRADER_WEAPONS])" in market zone "Trader Zone" (pos=<6675.160645, 104.603935, 6114.155762>) for a price of 440.
03:09:01.162 [Market] Player "Druss" (id=mvB_p65s26M1iDgS3KgKpm-UzbAyYM5rER5IINF2xI0=) has bought m4_suppressor x1 (6a9f8bb0) from the trader "Attachments (Jose [#STR_EXPANSION_MARKET_TRADER_ATTACHMENTS])" in market zone "Trader Zone" (pos=<6675.160645, 104.603935, 6114.155762>) for a price of 25.
03:09:02.972 [Market] Player "Druss" (id=mvB_p65s26M1iDgS3KgKpm-UzbAyYM5rER5IINF2xI0=) has bought m4_suppressor x1 (6a9f7490) from the trader "Attachments (Jose [#STR_EXPANSION_MARKET_TRADER_ATTACHMENTS])" in market zone "Trader Zone" (pos=<6675.160645, 104.603935, 6114.155762>) for a price of 25.
03:10:03.277 [Market] Player "Druss" (id=mvB_p65s26M1iDgS3KgKpm-UzbAyYM5rER5IINF2xI0=) has bought m4_t3nrdsoptic x1 (83958270, Battery9V<66b937c0>) from the trader "Attachments (Jose [#STR_EXPANSION_MARKET_TRADER_ATTACHMENTS])" in market zone "Trader Zone" (pos=<6675.160645, 104.603935, 6114.155762>) for a price of 510.
03:10:04.598 [Market] Player "London" (id=kOLgOs9yYBFVRQG3lqoHveYdP5X8y3SO69cq5MiR4us=) has bought charcoaltablets x3 (83961330) from the trader "Medicals (Mirek [#STR_EXPANSION_MARKET_TRADER_MEDICALS])" in market zone "Trader Zone" (pos=<6675.160645, 104.603935, 6114.155762>) for a price of 6.
03:10:13.458 [Market] Player "London" (id=kOLgOs9yYBFVRQG3lqoHveYdP5X8y3SO69cq5MiR4us=) has bought charcoaltablets x1 (8396bc10) from the trader "Medicals (Mirek [#STR_EXPANSION_MARKET_TRADER_MEDICALS])" in market zone "Trader Zone" (pos=<6675.160645, 104.603935, 6114.155762>) for a price of 2.
03:10:13.926 [Party] Player "CracklinOatBranCereal" (id=nsXTBdceXa3UBnQ4bQCu_T4oOASZ3Wo1_7Zla-psVPA=) joinded the party "Hunter Ruthless" (id=36 ownerUID= ownerName=)
03:10:13.927 [Party] Player "CracklinOatBranCereal" (id=nsXTBdceXa3UBnQ4bQCu_T4oOASZ3Wo1_7Zla-psVPA=) created a party named Hunter Ruthless (Hunte)
03:10:13.932 [Party] Player "CracklinOatBranCereal" (id=nsXTBdceXa3UBnQ4bQCu_T4oOASZ3Wo1_7Zla-psVPA=) invited the player "ActualTrash" (id=tX_k1PJHIgv0jGOwOCMW9ZAw0cYJGQmwxbCDySzFXcs=)to the party named Hunter Ruthless
03:10:55.257 [Market] Player "Druss" (id=mvB_p65s26M1iDgS3KgKpm-UzbAyYM5rER5IINF2xI0=) has sold expansion_m16 x1 (39d007b0, Mag_STANAG_30Rnd<6ce518f0>, ammo_556x45 x30) at the trader "Weapons (Denis [#STR_EXPANSION_MARKET_TRADER_WEAPONS])" in market zone "Trader Zone" (pos=<6675.160645, 104.603935, 6114.155762>) and got 315.
03:11:06.932 [Market] Player "Druss" (id=mvB_p65s26M1iDgS3KgKpm-UzbAyYM5rER5IINF2xI0=) has bought weaponcleaningkit x1 (66ba58d0) from the trader "Components (Cyril [#STR_EXPANSION_MARKET_TRADER_COMPONENTS])" in market zone "Trader Zone" (pos=<6675.160645, 104.603935, 6114.155762>) for a price of 8.
03:11:07.883 [Market] Player "Druss" (id=mvB_p65s26M1iDgS3KgKpm-UzbAyYM5rER5IINF2xI0=) has bought weaponcleaningkit x1 (66ba07e0) from the trader "Components (Cyril [#STR_EXPANSION_MARKET_TRADER_COMPONENTS])" in market zone "Trader Zone" (pos=<6675.160645, 104.603935, 6114.155762>) for a price of 8.
03:11:08.614 [Market] Player "Druss" (id=mvB_p65s26M1iDgS3KgKpm-UzbAyYM5rER5IINF2xI0=) has bought weaponcleaningkit x1 (66bb9100) from the trader "Components (Cyril [#STR_EXPANSION_MARKET_TRADER_COMPONENTS])" in market zone "Trader Zone" (pos=<6675.160645, 104.603935, 6114.155762>) for a price of 8.
03:11:09.307 [Market] Player "Druss" (id=mvB_p65s26M1iDgS3KgKpm-UzbAyYM5rER5IINF2xI0=) has bought weaponcleaningkit x1 (4e187b20) from the trader "Components (Cyril [#STR_EXPANSION_MARKET_TRADER_COMPONENTS])" in market zone "Trader Zone" (pos=<6675.160645, 104.603935, 6114.155762>) for a price of 8.
03:11:10.087 [Market] Player "Druss" (id=mvB_p65s26M1iDgS3KgKpm-UzbAyYM5rER5IINF2xI0=) has bought weaponcleaningkit x1 (4e18e330) from the trader "Components (Cyril [#STR_EXPANSION_MARKET_TRADER_COMPONENTS])" in market zone "Trader Zone" (pos=<6675.160645, 104.603935, 6114.155762>) for a price of 8.
03:11:11.655 [Market] Player "Druss" (id=mvB_p65s26M1iDgS3KgKpm-UzbAyYM5rER5IINF2xI0=) has bought weaponcleaningkit x1 (4e185870) from the trader "Components (Cyril [#STR_EXPANSION_MARKET_TRADER_COMPONENTS])" in market zone "Trader Zone" (pos=<6675.160645, 104.603935, 6114.155762>) for a price of 8.
03:12:30.089 [Market] Player "Druss" (id=mvB_p65s26M1iDgS3KgKpm-UzbAyYM5rER5IINF2xI0=) has sold mag_saiga_drum20rnd x1 (4dd68430, ammo_12gapellets x1) at the trader "Attachments (Jose [#STR_EXPANSION_MARKET_TRADER_ATTACHMENTS])" in market zone "Trader Zone" (pos=<6675.160645, 104.603935, 6114.155762>) and got 363.
03:12:39.037 [Market] Player "Druss" (id=mvB_p65s26M1iDgS3KgKpm-UzbAyYM5rER5IINF2xI0=) has sold mag_stanagcoupled_30rnd x1 (3d2ed350, ammo_556x45 x8) at the trader "Attachments (Jose [#STR_EXPANSION_MARKET_TRADER_ATTACHMENTS])" in market zone "Trader Zone" (pos=<6675.160645, 104.603935, 6114.155762>) and got 173.
03:12:39.730 [Market] Player "Druss" (id=mvB_p65s26M1iDgS3KgKpm-UzbAyYM5rER5IINF2xI0=) has sold mag_stanagcoupled_30rnd x1 (57cb0d10, ammo_556x45 x18) at the trader "Attachments (Jose [#STR_EXPANSION_MARKET_TRADER_ATTACHMENTS])" in market zone "Trader Zone" (pos=<6675.160645, 104.603935, 6114.155762>) and got 183.
03:12:40.753 [Market] Player "Druss" (id=mvB_p65s26M1iDgS3KgKpm-UzbAyYM5rER5IINF2xI0=) has sold mag_stanagcoupled_30rnd x1 (57cb46e0, ammo_556x45 x22) at the trader "Attachments (Jose [#STR_EXPANSION_MARKET_TRADER_ATTACHMENTS])" in market zone "Trader Zone" (pos=<6675.160645, 104.603935, 6114.155762>) and got 104.
03:12:41.598 [ATM] Player "F11 Simulator" (id=m_TD03B4NXDQrU5koHpLq3WyQf1hXTvQSdETJOTM8ss=) has withdrawn 87748 from his ATM account.
03:12:43.125 [Market] Player "Druss" (id=mvB_p65s26M1iDgS3KgKpm-UzbAyYM5rER5IINF2xI0=) has bought mag_stanagcoupled_30rnd x1 (83f8a0d0, ammo_556x45 x60) from the trader "Attachments (Jose [#STR_EXPANSION_MARKET_TRADER_ATTACHMENTS])" in market zone "Trader Zone" (pos=<6675.160645, 104.603935, 6114.155762>) for a price of 340.
03:12:43.781 [Market] Player "Druss" (id=mvB_p65s26M1iDgS3KgKpm-UzbAyYM5rER5IINF2xI0=) has bought mag_stanagcoupled_30rnd x1 (83f85b70, ammo_556x45 x60) from the trader "Attachments (Jose [#STR_EXPANSION_MARKET_TRADER_ATTACHMENTS])" in market zone "Trader Zone" (pos=<6675.160645, 104.603935, 6114.155762>) for a price of 340.
03:12:44.317 [Market] Player "Druss" (id=mvB_p65s26M1iDgS3KgKpm-UzbAyYM5rER5IINF2xI0=) has bought mag_stanagcoupled_30rnd x1 (83f89540, ammo_556x45 x60) from the trader "Attachments (Jose [#STR_EXPANSION_MARKET_TRADER_ATTACHMENTS])" in market zone "Trader Zone" (pos=<6675.160645, 104.603935, 6114.155762>) for a price of 340.
03:12:44.804 [Market] Player "Druss" (id=mvB_p65s26M1iDgS3KgKpm-UzbAyYM5rER5IINF2xI0=) has bought mag_stanagcoupled_30rnd x1 (83f838c0, ammo_556x45 x60) from the trader "Attachments (Jose [#STR_EXPANSION_MARKET_TRADER_ATTACHMENTS])" in market zone "Trader Zone" (pos=<6675.160645, 104.603935, 6114.155762>) for a price of 340.
03:12:45.815 [Market] Player "Druss" (id=mvB_p65s26M1iDgS3KgKpm-UzbAyYM5rER5IINF2xI0=) has bought mag_stanagcoupled_30rnd x1 (83f84450, ammo_556x45 x60) from the trader "Attachments (Jose [#STR_EXPANSION_MARKET_TRADER_ATTACHMENTS])" in market zone "Trader Zone" (pos=<6675.160645, 104.603935, 6114.155762>) for a price of 340.
03:13:03.781 [ATM] Player "London" (id=kOLgOs9yYBFVRQG3lqoHveYdP5X8y3SO69cq5MiR4us=) has deposited 958 on his ATM account.
03:13:27.421 [Safezone] Player "{1:name}" (id={1:id} pos={1:position}) left the safezone
03:13:30.495 [Market] Player "Druss" (id=mvB_p65s26M1iDgS3KgKpm-UzbAyYM5rER5IINF2xI0=) has bought universallight x1 (5f5436f0) from the trader "Attachments (Jose [#STR_EXPANSION_MARKET_TRADER_ATTACHMENTS])" in market zone "Trader Zone" (pos=<6675.160645, 104.603935, 6114.155762>) for a price of 120.
03:13:39.894 [Market] Player "F11 Simulator" (id=m_TD03B4NXDQrU5koHpLq3WyQf1hXTvQSdETJOTM8ss=) has bought gasmask_filter x3 (5f53c350) from the trader "Clothing (Naomi [#STR_EXPANSION_MARKET_TRADER_CLOTHING])" in market zone "Trader Zone" (pos=<6675.160645, 104.603935, 6114.155762>) for a price of 3000.
03:13:52.685 [ATM] Player "F11 Simulator" (id=m_TD03B4NXDQrU5koHpLq3WyQf1hXTvQSdETJOTM8ss=) has deposited 84748 on his ATM account.
03:14:32.230 [COT] Expansion Groups Manager - F11 Simulator [m_TD03B4NXDQrU5koHpLq3WyQf1hXTvQSdETJOTM8ss=] has changed the group money from7280 to 7280 for the group [1] SLAVES
03:14:39.189 [Market] Player "Druss" (id=mvB_p65s26M1iDgS3KgKpm-UzbAyYM5rER5IINF2xI0=) has bought battery9v x1 (5f553550) from the trader "Components (Cyril [#STR_EXPANSION_MARKET_TRADER_COMPONENTS])" in market zone "Trader Zone" (pos=<6675.160645, 104.603935, 6114.155762>) for a price of 10.
03:14:39.902 [Market] Player "Druss" (id=mvB_p65s26M1iDgS3KgKpm-UzbAyYM5rER5IINF2xI0=) has bought battery9v x1 (5f54fb80) from the trader "Components (Cyril [#STR_EXPANSION_MARKET_TRADER_COMPONENTS])" in market zone "Trader Zone" (pos=<6675.160645, 104.603935, 6114.155762>) for a price of 10.
03:14:40.947 [Market] Player "Druss" (id=mvB_p65s26M1iDgS3KgKpm-UzbAyYM5rER5IINF2xI0=) has bought battery9v x1 (5f5540e0) from the trader "Components (Cyril [#STR_EXPANSION_MARKET_TRADER_COMPONENTS])" in market zone "Trader Zone" (pos=<6675.160645, 104.603935, 6114.155762>) for a price of 10.
03:14:41.387 [Market] Player "Druss" (id=mvB_p65s26M1iDgS3KgKpm-UzbAyYM5rER5IINF2xI0=) has bought battery9v x1 (5f5529c0) from the trader "Components (Cyril [#STR_EXPANSION_MARKET_TRADER_COMPONENTS])" in market zone "Trader Zone" (pos=<6675.160645, 104.603935, 6114.155762>) for a price of 10.
03:14:41.755 [Market] Player "Druss" (id=mvB_p65s26M1iDgS3KgKpm-UzbAyYM5rER5IINF2xI0=) has bought battery9v x1 (5f54e460) from the trader "Components (Cyril [#STR_EXPANSION_MARKET_TRADER_COMPONENTS])" in market zone "Trader Zone" (pos=<6675.160645, 104.603935, 6114.155762>) for a price of 10.
03:14:42.484 [Market] Player "Druss" (id=mvB_p65s26M1iDgS3KgKpm-UzbAyYM5rER5IINF2xI0=) has bought battery9v x1 (7b926060) from the trader "Components (Cyril [#STR_EXPANSION_MARKET_TRADER_COMPONENTS])" in market zone "Trader Zone" (pos=<6675.160645, 104.603935, 6114.155762>) for a price of 10.
03:14:47.618 [COT] Expansion Groups Manager - F11 Simulator [m_TD03B4NXDQrU5koHpLq3WyQf1hXTvQSdETJOTM8ss=] has changed the group money from7280 to 21768 for the group [1] SLAVES
03:16:39.468 [Market] Player "Druss" (id=mvB_p65s26M1iDgS3KgKpm-UzbAyYM5rER5IINF2xI0=) has bought sewingkit x1 (6ae78d70) from the trader "Components (Cyril [#STR_EXPANSION_MARKET_TRADER_COMPONENTS])" in market zone "Trader Zone" (pos=<6675.160645, 104.603935, 6114.155762>) for a price of 4.
03:16:40.404 [Market] Player "Druss" (id=mvB_p65s26M1iDgS3KgKpm-UzbAyYM5rER5IINF2xI0=) has bought sewingkit x1 (6ae76ac0) from the trader "Components (Cyril [#STR_EXPANSION_MARKET_TRADER_COMPONENTS])" in market zone "Trader Zone" (pos=<6675.160645, 104.603935, 6114.155762>) for a price of 4.
03:16:42.171 [Market] Player "Druss" (id=mvB_p65s26M1iDgS3KgKpm-UzbAyYM5rER5IINF2xI0=) has bought leathersewingkit x1 (6ae79900) from the trader "Components (Cyril [#STR_EXPANSION_MARKET_TRADER_COMPONENTS])" in market zone "Trader Zone" (pos=<6675.160645, 104.603935, 6114.155762>) for a price of 5.
03:16:42.819 [Market] Player "Druss" (id=mvB_p65s26M1iDgS3KgKpm-UzbAyYM5rER5IINF2xI0=) has bought leathersewingkit x1 (6ae74810) from the trader "Components (Cyril [#STR_EXPANSION_MARKET_TRADER_COMPONENTS])" in market zone "Trader Zone" (pos=<6675.160645, 104.603935, 6114.155762>) for a price of 5.
03:16:44.935 [Market] Player "Druss" (id=mvB_p65s26M1iDgS3KgKpm-UzbAyYM5rER5IINF2xI0=) has bought sewingkit x1 (6ae753a0) from the trader "Components (Cyril [#STR_EXPANSION_MARKET_TRADER_COMPONENTS])" in market zone "Trader Zone" (pos=<6675.160645, 104.603935, 6114.155762>) for a price of 4.
03:16:45.612 [Market] Player "Druss" (id=mvB_p65s26M1iDgS3KgKpm-UzbAyYM5rER5IINF2xI0=) has bought sewingkit x1 (6ae72560) from the trader "Components (Cyril [#STR_EXPANSION_MARKET_TRADER_COMPONENTS])" in market zone "Trader Zone" (pos=<6675.160645, 104.603935, 6114.155762>) for a price of 4.
03:16:47.402 [Market] Player "Druss" (id=mvB_p65s26M1iDgS3KgKpm-UzbAyYM5rER5IINF2xI0=) has bought leathersewingkit x1 (6ae781e0) from the trader "Components (Cyril [#STR_EXPANSION_MARKET_TRADER_COMPONENTS])" in market zone "Trader Zone" (pos=<6675.160645, 104.603935, 6114.155762>) for a price of 5.
03:17:32.945 [Market] Player "Druss" (id=mvB_p65s26M1iDgS3KgKpm-UzbAyYM5rER5IINF2xI0=) has bought canteen x1 (9673cc80) from the trader "Consumables (Linda [#STR_EXPANSION_MARKET_TRADER_CONSUMABLES])" in market zone "Trader Zone" (pos=<6675.160645, 104.603935, 6114.155762>) for a price of 18.
03:17:33.580 [Market] Player "Druss" (id=mvB_p65s26M1iDgS3KgKpm-UzbAyYM5rER5IINF2xI0=) has bought canteen x1 (96737810) from the trader "Consumables (Linda [#STR_EXPANSION_MARKET_TRADER_CONSUMABLES])" in market zone "Trader Zone" (pos=<6675.160645, 104.603935, 6114.155762>) for a price of 18.
03:17:34.074 [Market] Player "Druss" (id=mvB_p65s26M1iDgS3KgKpm-UzbAyYM5rER5IINF2xI0=) has bought canteen x1 (96735ff0) from the trader "Consumables (Linda [#STR_EXPANSION_MARKET_TRADER_CONSUMABLES])" in market zone "Trader Zone" (pos=<6675.160645, 104.603935, 6114.155762>) for a price of 18.
03:17:54.411 [Market] Player "Druss" (id=mvB_p65s26M1iDgS3KgKpm-UzbAyYM5rER5IINF2xI0=) has bought purificationtablets x1 (9673fcc0) from the trader "Medicals (Mirek [#STR_EXPANSION_MARKET_TRADER_MEDICALS])" in market zone "Trader Zone" (pos=<6675.160645, 104.603935, 6114.155762>) for a price of 5.
03:17:55.458 [Market] Player "Druss" (id=mvB_p65s26M1iDgS3KgKpm-UzbAyYM5rER5IINF2xI0=) has bought purificationtablets x1 (967408d0) from the trader "Medicals (Mirek [#STR_EXPANSION_MARKET_TRADER_MEDICALS])" in market zone "Trader Zone" (pos=<6675.160645, 104.603935, 6114.155762>) for a price of 5.
03:18:04.607 [Market] Player "Druss" (id=mvB_p65s26M1iDgS3KgKpm-UzbAyYM5rER5IINF2xI0=) has bought tetracyclineantibiotics x1 (9673c070) from the trader "Medicals (Mirek [#STR_EXPANSION_MARKET_TRADER_MEDICALS])" in market zone "Trader Zone" (pos=<6675.160645, 104.603935, 6114.155762>) for a price of 8.
03:18:31.282 [Market] Player "Druss" (id=mvB_p65s26M1iDgS3KgKpm-UzbAyYM5rER5IINF2xI0=) has bought iodinetincture x1 (49402fe0) from the trader "Medicals (Mirek [#STR_EXPANSION_MARKET_TRADER_MEDICALS])" in market zone "Trader Zone" (pos=<6675.160645, 104.603935, 6114.155762>) for a price of 30.
