16:18:34.616 [Party] Player "F11 Simulator" (id=m_TD03B4NXDQrU5koHpLq3WyQf1hXTvQSdETJOTM8ss=) joinded the party "SLAVES" (id=1 ownerUID=m_TD03B4NXDQrU5koHpLq3WyQf1hXTvQSdETJOTM8ss= ownerName=F11 Simulator)
16:19:58.806 [Safezone] Player "F11 Simulator" (id=m_TD03B4NXDQrU5koHpLq3WyQf1hXTvQSdETJOTM8ss= pos=<6695.18, 102.49, 6105.52>) entered the safezone
16:20:31.427 [VehicleDeleted] Old_Bike_Red (id=99F5E3319242900749436EAB1181E70B pos=<1594.18, 245.66, 6246.51>)
16:20:36.678 [VehicleDeleted] Old_Bike_Red (id=5F6041BF894A1EB46090D596C9B843CD pos=<1595.37, 245.66, 6246.49>)
16:20:46.920 [VehicleDeleted] Old_Bike_Red (id=243EC166C9424F711C0442911F648A69 pos=<1595.87, 245.66, 6246.58>)
16:20:58.079 [VehicleEnter] Player "Kyma" (id=fVpKi1QM3XWUFD-MRt7Z2tIj9G_sYf21_LAnW2Kmnqg=) entered vehicle Bicycle (id=980247BDF742705F9A50C984E229EF7D pos=<1596.84, 245.66, 6247.01>) as driver
16:21:16.967 [Party] Player "F11 Simulator" (id=m_TD03B4NXDQrU5koHpLq3WyQf1hXTvQSdETJOTM8ss=) left the party "SLAVES" (id=1 ownerUID=m_TD03B4NXDQrU5koHpLq3WyQf1hXTvQSdETJOTM8ss= ownerName=F11 Simulator)
16:22:01.186 [MissionAirdrop] An airdrop is heading towards "Wind Farm" (pos=<6469.119629, 0.000000, 6864.399902> type=Random_WindFarm) with a ExpansionAirdropContainer_Military
16:22:05.263 [VehicleLeave] Player "Kyma" (id=fVpKi1QM3XWUFD-MRt7Z2tIj9G_sYf21_LAnW2Kmnqg=) left vehicle Bicycle (id=980247BDF742705F9A50C984E229EF7D pos=<1995.46, 260.89, 6320.24>)
16:22:39.949 [VehicleEnter] Player "Kyma" (id=fVpKi1QM3XWUFD-MRt7Z2tIj9G_sYf21_LAnW2Kmnqg=) entered vehicle Bicycle (id=980247BDF742705F9A50C984E229EF7D pos=<1995.46, 260.89, 6320.24>) as driver
16:24:27.163 [VehicleLeave] Player "Kyma" (id=fVpKi1QM3XWUFD-MRt7Z2tIj9G_sYf21_LAnW2Kmnqg=) left vehicle Bicycle (id=980247BDF742705F9A50C984E229EF7D pos=<1673.13, 204.28, 6556.52>)
16:24:32.933 [VehicleEnter] Player "Kyma" (id=fVpKi1QM3XWUFD-MRt7Z2tIj9G_sYf21_LAnW2Kmnqg=) entered vehicle Bicycle (id=980247BDF742705F9A50C984E229EF7D pos=<1673.13, 204.28, 6556.52>) as driver
16:24:36.038 [VehicleLeave] Player "Kyma" (id=fVpKi1QM3XWUFD-MRt7Z2tIj9G_sYf21_LAnW2Kmnqg=) left vehicle Bicycle (id=980247BDF742705F9A50C984E229EF7D pos=<1673.13, 204.28, 6556.53>)
16:24:47.368 [VehicleEnter] Player "Kyma" (id=fVpKi1QM3XWUFD-MRt7Z2tIj9G_sYf21_LAnW2Kmnqg=) entered vehicle Bicycle (id=980247BDF742705F9A50C984E229EF7D pos=<1673.13, 204.28, 6556.51>) as driver
16:24:49.856 [VehicleLeave] Player "Kyma" (id=fVpKi1QM3XWUFD-MRt7Z2tIj9G_sYf21_LAnW2Kmnqg=) left vehicle Bicycle (id=980247BDF742705F9A50C984E229EF7D pos=<1673.13, 204.28, 6556.51>)
16:24:52.388 [VehicleDeleted] Old_Bike_Red (id=980247BDF742705F9A50C984E229EF7D pos=<1673.13, 204.28, 6556.51>)
16:25:05.317 [VehicleEnter] Player "Kyma" (id=fVpKi1QM3XWUFD-MRt7Z2tIj9G_sYf21_LAnW2Kmnqg=) entered vehicle Bicycle (id=D397A3443C40D09DD217CA8CBC7C468E pos=<1673.26, 203.07, 6561.16>) as driver
16:26:52.981 [Party] Player "Eric" (id=DT1QFut1v8UN48skN3UnroicVIl_5hTizZZZSwLRxk8=) joinded the party "Die dreisten Drei" (id=46 ownerUID=DT1QFut1v8UN48skN3UnroicVIl_5hTizZZZSwLRxk8= ownerName=Eric)
16:28:13.526 [VehicleEnter] Player "Eric" (id=DT1QFut1v8UN48skN3UnroicVIl_5hTizZZZSwLRxk8=) entered vehicle Bicycle (id=C79FCD562B4FCBD5B71B0CAFAE9176CE pos=<4233.08, 338.75, 4808.99>) as driver
16:28:57.463 [VehicleLeave] Player "Eric" (id=DT1QFut1v8UN48skN3UnroicVIl_5hTizZZZSwLRxk8=) left vehicle Bicycle (id=C79FCD562B4FCBD5B71B0CAFAE9176CE pos=<4493.78, 338.65, 4811.55>)
16:29:08.823 [VehicleEnter] Player "Eric" (id=DT1QFut1v8UN48skN3UnroicVIl_5hTizZZZSwLRxk8=) entered vehicle Bicycle (id=C79FCD562B4FCBD5B71B0CAFAE9176CE pos=<4493.78, 338.65, 4811.55>) as driver
16:30:14.261 [VehicleLeave] Player "Eric" (id=DT1QFut1v8UN48skN3UnroicVIl_5hTizZZZSwLRxk8=) left vehicle Bicycle (id=C79FCD562B4FCBD5B71B0CAFAE9176CE pos=<4845.22, 338.37, 4497.58>)
16:30:23.203 [VehicleDeleted] Lady_Bicycle_Purple (id=C79FCD562B4FCBD5B71B0CAFAE9176CE pos=<4845.22, 338.37, 4497.58>)
16:42:21.612 [VehicleLeave] Player "Kyma" (id=fVpKi1QM3XWUFD-MRt7Z2tIj9G_sYf21_LAnW2Kmnqg=) left vehicle Bicycle (id=D397A3443C40D09DD217CA8CBC7C468E pos=<4429.84, 338.56, 4819.94>)
16:42:30.438 [VehicleDeleted] Old_Bike_Red (id=D397A3443C40D09DD217CA8CBC7C468E pos=<4429.84, 338.56, 4819.94>)
16:42:39.438 [VehicleEnter] Player "Kyma" (id=fVpKi1QM3XWUFD-MRt7Z2tIj9G_sYf21_LAnW2Kmnqg=) entered vehicle Bicycle (id=F84BD33D794C1625C0105D82EEAC6158 pos=<4431.85, 338.31, 4820.8>) as driver
16:45:26.472 [VehicleLeave] Player "Kyma" (id=fVpKi1QM3XWUFD-MRt7Z2tIj9G_sYf21_LAnW2Kmnqg=) left vehicle Bicycle (id=F84BD33D794C1625C0105D82EEAC6158 pos=<4921.66, 338.61, 4138.98>)
16:45:30.771 [VehicleEnter] Player "Kyma" (id=fVpKi1QM3XWUFD-MRt7Z2tIj9G_sYf21_LAnW2Kmnqg=) entered vehicle Bicycle (id=F84BD33D794C1625C0105D82EEAC6158 pos=<4921.66, 338.61, 4138.98>) as driver
16:45:33.806 [VehicleLeave] Player "Kyma" (id=fVpKi1QM3XWUFD-MRt7Z2tIj9G_sYf21_LAnW2Kmnqg=) left vehicle Bicycle (id=F84BD33D794C1625C0105D82EEAC6158 pos=<4921.66, 338.61, 4138.98>)
16:45:34.842 [VehicleDeleted] Old_Bike_Red (id=F84BD33D794C1625C0105D82EEAC6158 pos=<4921.66, 338.61, 4138.98>)
16:45:44.907 [VehicleEnter] Player "Kyma" (id=fVpKi1QM3XWUFD-MRt7Z2tIj9G_sYf21_LAnW2Kmnqg=) entered vehicle Bicycle (id=3339BB1515469C37CEA85FB6E2B52DDA pos=<4921.66, 338.66, 4135.39>) as driver
16:46:51.794 [VehicleLeave] Player "Kyma" (id=fVpKi1QM3XWUFD-MRt7Z2tIj9G_sYf21_LAnW2Kmnqg=) left vehicle Bicycle (id=3339BB1515469C37CEA85FB6E2B52DDA pos=<4902.94, 347.57, 3700.02>)
16:46:56.324 [VehicleDeleted] Old_Bike_Red (id=3339BB1515469C37CEA85FB6E2B52DDA pos=<4902.94, 347.57, 3700.02>)
16:47:05.891 [VehicleEnter] Player "Kyma" (id=fVpKi1QM3XWUFD-MRt7Z2tIj9G_sYf21_LAnW2Kmnqg=) entered vehicle Bicycle (id=4BFA39253344AEF0C0D010AA2E9DB556 pos=<4901.35, 348.02, 3697.02>) as driver
16:50:25.853 [VehicleLeave] Player "Kyma" (id=fVpKi1QM3XWUFD-MRt7Z2tIj9G_sYf21_LAnW2Kmnqg=) left vehicle Bicycle (id=4BFA39253344AEF0C0D010AA2E9DB556 pos=<5521.75, 112.79, 2510.34>)
17:00:40.694 [VehicleEnter] Player "Eric" (id=DT1QFut1v8UN48skN3UnroicVIl_5hTizZZZSwLRxk8=) entered vehicle Bicycle (id=6E295DAD9F4956CB751926B141FAA8D3 pos=<4859.89, 338.56, 4476.33>) as driver
17:00:46.666 [VehicleLeave] Player "Eric" (id=DT1QFut1v8UN48skN3UnroicVIl_5hTizZZZSwLRxk8=) left vehicle Bicycle (id=6E295DAD9F4956CB751926B141FAA8D3 pos=<4866.97, 337.64, 4477.84>)
17:00:50.316 [VehicleEnter] Player "Eric" (id=DT1QFut1v8UN48skN3UnroicVIl_5hTizZZZSwLRxk8=) entered vehicle Bicycle (id=6E295DAD9F4956CB751926B141FAA8D3 pos=<4866.97, 337.64, 4477.84>) as driver
17:02:45.543 [VehicleLeave] Player "Eric" (id=DT1QFut1v8UN48skN3UnroicVIl_5hTizZZZSwLRxk8=) left vehicle Bicycle (id=6E295DAD9F4956CB751926B141FAA8D3 pos=<5182.8, 351.01, 5245.06>)
17:05:51.713 [VehicleDeleted] Lady_Bicycle_Purple (id=6E295DAD9F4956CB751926B141FAA8D3 pos=<5182.8, 351.01, 5245.06>)
17:06:16.338 [VehicleEnter] Player "Eric" (id=DT1QFut1v8UN48skN3UnroicVIl_5hTizZZZSwLRxk8=) entered vehicle Bicycle (id=F80977AF084BE6A962D2C99699C468E8 pos=<5182.03, 350.8, 5255.98>) as driver
17:07:51.762 [VehicleLeave] Player "Eric" (id=DT1QFut1v8UN48skN3UnroicVIl_5hTizZZZSwLRxk8=) left vehicle Bicycle (id=F80977AF084BE6A962D2C99699C468E8 pos=<4990.79, 257.82, 5835.35>)
17:08:00.499 [VehicleDeleted] Lady_Bicycle_Purple (id=F80977AF084BE6A962D2C99699C468E8 pos=<4990.79, 257.82, 5835.35>)
17:08:15.397 [VehicleEnter] Player "Eric" (id=DT1QFut1v8UN48skN3UnroicVIl_5hTizZZZSwLRxk8=) entered vehicle Bicycle (id=537794F83B4794693DE001BBBFB5CE5D pos=<4995.9, 256.92, 5837.24>) as driver
17:11:23.999 [VehicleLeave] Player "Eric" (id=DT1QFut1v8UN48skN3UnroicVIl_5hTizZZZSwLRxk8=) left vehicle Bicycle (id=537794F83B4794693DE001BBBFB5CE5D pos=<4286.38, 174.85, 6567.98>)
17:12:01.397 [VehicleDeleted] Lady_Bicycle_Purple (id=537794F83B4794693DE001BBBFB5CE5D pos=<4286.38, 174.85, 6567.98>)
17:13:36.450 [Party] Player "Eric" (id=DT1QFut1v8UN48skN3UnroicVIl_5hTizZZZSwLRxk8=) left the party "Die dreisten Drei" (id=46 ownerUID=DT1QFut1v8UN48skN3UnroicVIl_5hTizZZZSwLRxk8= ownerName=Eric)
17:16:29.026 [Territory] Player "Kyma" (id=fVpKi1QM3XWUFD-MRt7Z2tIj9G_sYf21_LAnW2Kmnqg=) created territory "PB" at <5990.254395, 121.031731, 2581.227051>
17:25:54.667 [VehicleEnter] Player "Kyma" (id=fVpKi1QM3XWUFD-MRt7Z2tIj9G_sYf21_LAnW2Kmnqg=) entered vehicle Bicycle (id=4BFA39253344AEF0C0D010AA2E9DB556 pos=<5521.75, 112.79, 2510.34>) as driver
17:27:39.582 [VehicleLeave] Player "Kyma" (id=fVpKi1QM3XWUFD-MRt7Z2tIj9G_sYf21_LAnW2Kmnqg=) left vehicle Bicycle (id=4BFA39253344AEF0C0D010AA2E9DB556 pos=<5512.22, 104.62, 2939.57>)
17:27:43.354 [VehicleDeleted] Old_Bike_Red (id=4BFA39253344AEF0C0D010AA2E9DB556 pos=<5512.21, 104.62, 2939.57>)
17:29:00.418 [VehicleEnter] Player "Kyma" (id=fVpKi1QM3XWUFD-MRt7Z2tIj9G_sYf21_LAnW2Kmnqg=) entered vehicle Bicycle (id=65BEA8920A40CF71EAD8688C3AB1963E pos=<5537.91, 145.19, 3029.08>) as driver
17:29:50.305 [VehicleLeave] Player "Kyma" (id=fVpKi1QM3XWUFD-MRt7Z2tIj9G_sYf21_LAnW2Kmnqg=) left vehicle Bicycle (id=65BEA8920A40CF71EAD8688C3AB1963E pos=<5787.22, 130.18, 3140.15>)
17:30:18.989 [VehicleEnter] Player "Kyma" (id=fVpKi1QM3XWUFD-MRt7Z2tIj9G_sYf21_LAnW2Kmnqg=) entered vehicle Bicycle (id=65BEA8920A40CF71EAD8688C3AB1963E pos=<5787.22, 130.18, 3140.15>) as driver
17:31:12.178 [VehicleLeave] Player "Kyma" (id=fVpKi1QM3XWUFD-MRt7Z2tIj9G_sYf21_LAnW2Kmnqg=) left vehicle Bicycle (id=65BEA8920A40CF71EAD8688C3AB1963E pos=<6136.16, 123.72, 3204.29>)
17:31:34.368 [VehicleEnter] Player "Kyma" (id=fVpKi1QM3XWUFD-MRt7Z2tIj9G_sYf21_LAnW2Kmnqg=) entered vehicle Bicycle (id=65BEA8920A40CF71EAD8688C3AB1963E pos=<6136.16, 123.72, 3204.29>) as driver
17:32:33.356 [VehicleLeave] Player "Kyma" (id=fVpKi1QM3XWUFD-MRt7Z2tIj9G_sYf21_LAnW2Kmnqg=) left vehicle Bicycle (id=65BEA8920A40CF71EAD8688C3AB1963E pos=<6131.99, 145.31, 3323.67>)
17:32:36.730 [VehicleAttachments] Player "Kyma" (id=fVpKi1QM3XWUFD-MRt7Z2tIj9G_sYf21_LAnW2Kmnqg=) detached Bicycle Wheel (type=bicycle_wheel) from vehicle Bicycle (id=65BEA8920A40CF71EAD8688C3AB1963E pos=<6131.99, 145.31, 3323.67>)
17:37:11.444 [VehicleDeleted] Old_Bike_Red (id=65BEA8920A40CF71EAD8688C3AB1963E pos=<6131.99, 145.16, 3323.65>)
17:43:26.183 [VehicleDeleted] Old_Bike_Red (id=B72EBB9A33401ED229C2E4BCA304CFB4 pos=<6142.03, 181.07, 3527.54>)
17:43:35.981 [VehicleEnter] Player "Kyma" (id=fVpKi1QM3XWUFD-MRt7Z2tIj9G_sYf21_LAnW2Kmnqg=) entered vehicle Bicycle (id=1FB56B049448C1FA06D9AE8F88E892A8 pos=<6142.45, 181.33, 3530.24>) as driver
17:44:53.904 [VehicleLeave] Player "Kyma" (id=fVpKi1QM3XWUFD-MRt7Z2tIj9G_sYf21_LAnW2Kmnqg=) left vehicle Bicycle (id=1FB56B049448C1FA06D9AE8F88E892A8 pos=<6163.51, 235.3, 3938.86>)
17:44:56.601 [VehicleDeleted] Old_Bike_Red (id=1FB56B049448C1FA06D9AE8F88E892A8 pos=<6163.51, 235.3, 3938.85>)
17:45:06.637 [VehicleEnter] Player "Kyma" (id=fVpKi1QM3XWUFD-MRt7Z2tIj9G_sYf21_LAnW2Kmnqg=) entered vehicle Bicycle (id=A2531020EC45CF45E9688FBEE860597E pos=<6161.45, 235.36, 3942.11>) as driver
17:46:28.888 [VehicleLeave] Player "Kyma" (id=fVpKi1QM3XWUFD-MRt7Z2tIj9G_sYf21_LAnW2Kmnqg=) left vehicle Bicycle (id=A2531020EC45CF45E9688FBEE860597E pos=<6144.07, 200.82, 4539.07>)
17:46:37.923 [VehicleDeleted] Old_Bike_Red (id=A2531020EC45CF45E9688FBEE860597E pos=<6144.07, 200.82, 4539.07>)
17:47:02.425 [VehicleDeleted] Old_Bike_Red (id=7E691C1090457A9B33CDC882284BA68B pos=<6159.71, 201.47, 4545.69>)
17:47:10.788 [VehicleEnter] Player "Kyma" (id=fVpKi1QM3XWUFD-MRt7Z2tIj9G_sYf21_LAnW2Kmnqg=) entered vehicle Bicycle (id=9E34C9FC9B4D3DC1B8FA12A6BECA90B1 pos=<6162.82, 201.67, 4547.42>) as driver
17:47:23.229 [MissionAirdrop] An airdrop is heading towards "Onondaga" (pos=<5756.386719, 0.000000, 7200.799316> type=Random_Onondaga) with a ExpansionAirdropContainer_Military
17:51:29.214 [VehicleLeave] Player "Kyma" (id=fVpKi1QM3XWUFD-MRt7Z2tIj9G_sYf21_LAnW2Kmnqg=) left vehicle Bicycle (id=9E34C9FC9B4D3DC1B8FA12A6BECA90B1 pos=<6679.83, 143.7, 5626.05>)
18:16:58.977 [Party] Player "Eric" (id=DT1QFut1v8UN48skN3UnroicVIl_5hTizZZZSwLRxk8=) joinded the party "Die dreisten Drei" (id=46 ownerUID=DT1QFut1v8UN48skN3UnroicVIl_5hTizZZZSwLRxk8= ownerName=Eric)
18:20:51.526 [VehicleDeleted] Lady_Bicycle_Purple (id=DF3E179C094B01C9985664B08959BC72 pos=<4274.98, 174.85, 6568.3>)
18:21:09.641 [VehicleEnter] Player "Eric" (id=DT1QFut1v8UN48skN3UnroicVIl_5hTizZZZSwLRxk8=) entered vehicle Bicycle (id=1826C9AB704E3F12B5212690C1126A06 pos=<4286.31, 174.85, 6568.05>) as driver
18:21:30.436 [VehicleLeave] Player "Eric" (id=DT1QFut1v8UN48skN3UnroicVIl_5hTizZZZSwLRxk8=) left vehicle Bicycle (id=1826C9AB704E3F12B5212690C1126A06 pos=<4295.12, 174.86, 6576.99>)
18:21:32.280 [VehicleDeleted] Lady_Bicycle_Purple (id=1826C9AB704E3F12B5212690C1126A06 pos=<4295.14, 174.86, 6576.99>)
18:21:41.479 [VehicleEnter] Player "Eric" (id=DT1QFut1v8UN48skN3UnroicVIl_5hTizZZZSwLRxk8=) entered vehicle Bicycle (id=53129B141A44B27FA7F3CB9EA3B3EEC6 pos=<4297.8, 174.85, 6579.21>) as driver
18:22:41.263 [Safezone] Player "Kyma" (id=fVpKi1QM3XWUFD-MRt7Z2tIj9G_sYf21_LAnW2Kmnqg= pos=<6634.62, 103.4, 6204.26>) entered the safezone
18:23:40.605 [Market] Player "Kyma" (id=fVpKi1QM3XWUFD-MRt7Z2tIj9G_sYf21_LAnW2Kmnqg=) has sold ak74 x1 (4e318af0, AK74_WoodBttstck<33778cb0>, AK74_Hndgrd<33775e70>, KobraOptic<3764fd70>) at the trader "Weapons (Denis [#STR_EXPANSION_MARKET_TRADER_WEAPONS])" in market zone "Trader Zone" (pos=<6675.160645, 104.603935, 6114.155762>) and got 1874.
18:23:41.467 [Market] Player "Kyma" (id=fVpKi1QM3XWUFD-MRt7Z2tIj9G_sYf21_LAnW2Kmnqg=) has sold m16a2 x1 (4e329d40) at the trader "Weapons (Denis [#STR_EXPANSION_MARKET_TRADER_WEAPONS])" in market zone "Trader Zone" (pos=<6675.160645, 104.603935, 6114.155762>) and got 1125.
18:23:47.971 [Market] Player "Kyma" (id=fVpKi1QM3XWUFD-MRt7Z2tIj9G_sYf21_LAnW2Kmnqg=) has sold cz527 x1 (4484b2b0, HuntingOptic<37649cf0>) at the trader "Weapons (Denis [#STR_EXPANSION_MARKET_TRADER_WEAPONS])" in market zone "Trader Zone" (pos=<6675.160645, 104.603935, 6114.155762>) and got 1125.
18:23:48.620 [Market] Player "Kyma" (id=fVpKi1QM3XWUFD-MRt7Z2tIj9G_sYf21_LAnW2Kmnqg=) has sold cz527 x1 (4e329030, HuntingOptic<37636f60>, Mag_CZ527_5rnd<3376bc90>, ammo_762x39 x3) at the trader "Weapons (Denis [#STR_EXPANSION_MARKET_TRADER_WEAPONS])" in market zone "Trader Zone" (pos=<6675.160645, 104.603935, 6114.155762>) and got 1173.
18:23:51.407 [Market] Player "Kyma" (id=fVpKi1QM3XWUFD-MRt7Z2tIj9G_sYf21_LAnW2Kmnqg=) has sold aks74u x1 (448576a0, AKS74U_Bttstck<3377f4c0>) at the trader "Weapons (Denis [#STR_EXPANSION_MARKET_TRADER_WEAPONS])" in market zone "Trader Zone" (pos=<6675.160645, 104.603935, 6114.155762>) and got 937.
18:24:35.553 [Market] Player "Kyma" (id=fVpKi1QM3XWUFD-MRt7Z2tIj9G_sYf21_LAnW2Kmnqg=) has bought mag_1911_7rnd x1 (4564b980, ammo_45acp x7) from the trader "Attachments (Jose [#STR_EXPANSION_MARKET_TRADER_ATTACHMENTS])" in market zone "Trader Zone" (pos=<6675.160645, 104.603935, 6114.155762>) for a price of 54.
18:24:36.319 [Market] Player "Kyma" (id=fVpKi1QM3XWUFD-MRt7Z2tIj9G_sYf21_LAnW2Kmnqg=) has bought mag_1911_7rnd x1 (45646890, ammo_45acp x7) from the trader "Attachments (Jose [#STR_EXPANSION_MARKET_TRADER_ATTACHMENTS])" in market zone "Trader Zone" (pos=<6675.160645, 104.603935, 6114.155762>) for a price of 54.
18:24:46.267 [Market] Player "Kyma" (id=fVpKi1QM3XWUFD-MRt7Z2tIj9G_sYf21_LAnW2Kmnqg=) has bought ammobox_338lapuamagnum_20rnd x1 (39a97a70) from the trader "Weapons (Denis [#STR_EXPANSION_MARKET_TRADER_WEAPONS])" in market zone "Trader Zone" (pos=<6675.160645, 104.603935, 6114.155762>) for a price of 64.
18:24:46.872 [Market] Player "Kyma" (id=fVpKi1QM3XWUFD-MRt7Z2tIj9G_sYf21_LAnW2Kmnqg=) has bought ammobox_338lapuamagnum_20rnd x1 (39a9bfd0) from the trader "Weapons (Denis [#STR_EXPANSION_MARKET_TRADER_WEAPONS])" in market zone "Trader Zone" (pos=<6675.160645, 104.603935, 6114.155762>) for a price of 64.
18:24:52.385 [Market] Player "Kyma" (id=fVpKi1QM3XWUFD-MRt7Z2tIj9G_sYf21_LAnW2Kmnqg=) has bought ammobox_45acp_25rnd x1 (39a9f9a0) from the trader "Weapons (Denis [#STR_EXPANSION_MARKET_TRADER_WEAPONS])" in market zone "Trader Zone" (pos=<6675.160645, 104.603935, 6114.155762>) for a price of 40.
18:24:53.024 [Market] Player "Kyma" (id=fVpKi1QM3XWUFD-MRt7Z2tIj9G_sYf21_LAnW2Kmnqg=) has bought ammobox_45acp_25rnd x1 (39aa1c50) from the trader "Weapons (Denis [#STR_EXPANSION_MARKET_TRADER_WEAPONS])" in market zone "Trader Zone" (pos=<6675.160645, 104.603935, 6114.155762>) for a price of 40.
18:25:49.463 [Market] Player "Kyma" (id=fVpKi1QM3XWUFD-MRt7Z2tIj9G_sYf21_LAnW2Kmnqg=) has bought expansioncodelock x1 (504407c0) from the trader "Components (Cyril [#STR_EXPANSION_MARKET_TRADER_COMPONENTS])" in market zone "Trader Zone" (pos=<6675.160645, 104.603935, 6114.155762>) for a price of 1500.
18:25:50.894 [Market] Player "Kyma" (id=fVpKi1QM3XWUFD-MRt7Z2tIj9G_sYf21_LAnW2Kmnqg=) has bought expansioncodelock x1 (5043ab40) from the trader "Components (Cyril [#STR_EXPANSION_MARKET_TRADER_COMPONENTS])" in market zone "Trader Zone" (pos=<6675.160645, 104.603935, 6114.155762>) for a price of 1500.
18:25:53.203 [Market] Player "Kyma" (id=fVpKi1QM3XWUFD-MRt7Z2tIj9G_sYf21_LAnW2Kmnqg=) has bought sewingkit x1 (5043e510) from the trader "Components (Cyril [#STR_EXPANSION_MARKET_TRADER_COMPONENTS])" in market zone "Trader Zone" (pos=<6675.160645, 104.603935, 6114.155762>) for a price of 4.
18:25:53.846 [Market] Player "Kyma" (id=fVpKi1QM3XWUFD-MRt7Z2tIj9G_sYf21_LAnW2Kmnqg=) has bought leathersewingkit x1 (50446fd0) from the trader "Components (Cyril [#STR_EXPANSION_MARKET_TRADER_COMPONENTS])" in market zone "Trader Zone" (pos=<6675.160645, 104.603935, 6114.155762>) for a price of 5.
18:25:54.929 [Market] Player "Kyma" (id=fVpKi1QM3XWUFD-MRt7Z2tIj9G_sYf21_LAnW2Kmnqg=) has bought weaponcleaningkit x1 (50444d20) from the trader "Components (Cyril [#STR_EXPANSION_MARKET_TRADER_COMPONENTS])" in market zone "Trader Zone" (pos=<6675.160645, 104.603935, 6114.155762>) for a price of 8.
18:25:56.239 [Market] Player "Kyma" (id=fVpKi1QM3XWUFD-MRt7Z2tIj9G_sYf21_LAnW2Kmnqg=) has bought leathersewingkit x1 (50447b60) from the trader "Components (Cyril [#STR_EXPANSION_MARKET_TRADER_COMPONENTS])" in market zone "Trader Zone" (pos=<6675.160645, 104.603935, 6114.155762>) for a price of 5.
18:25:56.960 [Market] Player "Kyma" (id=fVpKi1QM3XWUFD-MRt7Z2tIj9G_sYf21_LAnW2Kmnqg=) has bought sewingkit x1 (50450620) from the trader "Components (Cyril [#STR_EXPANSION_MARKET_TRADER_COMPONENTS])" in market zone "Trader Zone" (pos=<6675.160645, 104.603935, 6114.155762>) for a price of 4.
18:25:57.573 [Market] Player "Kyma" (id=fVpKi1QM3XWUFD-MRt7Z2tIj9G_sYf21_LAnW2Kmnqg=) has bought weaponcleaningkit x1 (5044a9a0) from the trader "Components (Cyril [#STR_EXPANSION_MARKET_TRADER_COMPONENTS])" in market zone "Trader Zone" (pos=<6675.160645, 104.603935, 6114.155762>) for a price of 8.
18:27:26.365 [Market] Player "Kyma" (id=fVpKi1QM3XWUFD-MRt7Z2tIj9G_sYf21_LAnW2Kmnqg=) has sold universallight x1 (3952c720, Battery9V<3952d2b0>) at the trader "Attachments (Jose [#STR_EXPANSION_MARKET_TRADER_ATTACHMENTS])" in market zone "Trader Zone" (pos=<6675.160645, 104.603935, 6114.155762>) and got 97.
18:27:31.390 [Market] Player "Kyma" (id=fVpKi1QM3XWUFD-MRt7Z2tIj9G_sYf21_LAnW2Kmnqg=) has sold mag_fnx45_15rnd x1 (3377c680, ammo_45acp x15) at the trader "Attachments (Jose [#STR_EXPANSION_MARKET_TRADER_ATTACHMENTS])" in market zone "Trader Zone" (pos=<6675.160645, 104.603935, 6114.155762>) and got 45.
18:27:32.816 [Market] Player "Kyma" (id=fVpKi1QM3XWUFD-MRt7Z2tIj9G_sYf21_LAnW2Kmnqg=) has sold mag_cmag_20rnd x1 (3377e930, ammo_556x45 x20) at the trader "Attachments (Jose [#STR_EXPANSION_MARKET_TRADER_ATTACHMENTS])" in market zone "Trader Zone" (pos=<6675.160645, 104.603935, 6114.155762>) and got 155.
18:27:49.975 [Market] Player "Kyma" (id=fVpKi1QM3XWUFD-MRt7Z2tIj9G_sYf21_LAnW2Kmnqg=) has sold m68optic x1 (37669790, Battery9V<33781770>) at the trader "Attachments (Jose [#STR_EXPANSION_MARKET_TRADER_ATTACHMENTS])" in market zone "Trader Zone" (pos=<6675.160645, 104.603935, 6114.155762>) and got 382.
18:28:21.341 [Safezone] Player "Eric" (id=DT1QFut1v8UN48skN3UnroicVIl_5hTizZZZSwLRxk8= pos=<6668.64, 122.63, 6015.07>) entered the safezone
18:28:39.491 [VehicleLeave] Player "Eric" (id=DT1QFut1v8UN48skN3UnroicVIl_5hTizZZZSwLRxk8=) left vehicle Bicycle (id=53129B141A44B27FA7F3CB9EA3B3EEC6 pos=<6663.44, 102.47, 6078.19>)
18:28:56.692 [Market] Player "Kyma" (id=fVpKi1QM3XWUFD-MRt7Z2tIj9G_sYf21_LAnW2Kmnqg=) has bought epoxyputty x1 (41bcb890) from the trader "Components (Cyril [#STR_EXPANSION_MARKET_TRADER_COMPONENTS])" in market zone "Trader Zone" (pos=<6675.160645, 104.603935, 6114.155762>) for a price of 15.
18:29:01.940 [Market] Player "Kyma" (id=fVpKi1QM3XWUFD-MRt7Z2tIj9G_sYf21_LAnW2Kmnqg=) has bought expansioncodelock x1 (41bd2c30) from the trader "Components (Cyril [#STR_EXPANSION_MARKET_TRADER_COMPONENTS])" in market zone "Trader Zone" (pos=<6675.160645, 104.603935, 6114.155762>) for a price of 1500.
18:29:14.441 [Market] Player "Kyma" (id=fVpKi1QM3XWUFD-MRt7Z2tIj9G_sYf21_LAnW2Kmnqg=) has bought rope x1 (372d9310) from the trader "Components (Cyril [#STR_EXPANSION_MARKET_TRADER_COMPONENTS])" in market zone "Trader Zone" (pos=<6675.160645, 104.603935, 6114.155762>) for a price of 4.
18:29:17.352 [Market] Player "Eric" (id=DT1QFut1v8UN48skN3UnroicVIl_5hTizZZZSwLRxk8=) has bought weaponcleaningkit x1 (372dc150) from the trader "Components (Cyril [#STR_EXPANSION_MARKET_TRADER_COMPONENTS])" in market zone "Trader Zone" (pos=<6675.160645, 104.603935, 6114.155762>) for a price of 8.
18:29:17.668 [Market] Player "Kyma" (id=fVpKi1QM3XWUFD-MRt7Z2tIj9G_sYf21_LAnW2Kmnqg=) has bought hammer x1 (372e6ec0) from the trader "Components (Cyril [#STR_EXPANSION_MARKET_TRADER_COMPONENTS])" in market zone "Trader Zone" (pos=<6675.160645, 104.603935, 6114.155762>) for a price of 7.
18:29:18.528 [Market] Player "Eric" (id=DT1QFut1v8UN48skN3UnroicVIl_5hTizZZZSwLRxk8=) has bought weaponcleaningkit x1 (372e34f0) from the trader "Components (Cyril [#STR_EXPANSION_MARKET_TRADER_COMPONENTS])" in market zone "Trader Zone" (pos=<6675.160645, 104.603935, 6114.155762>) for a price of 8.
18:29:19.257 [Market] Player "Eric" (id=DT1QFut1v8UN48skN3UnroicVIl_5hTizZZZSwLRxk8=) has bought weaponcleaningkit x1 (372eb420) from the trader "Components (Cyril [#STR_EXPANSION_MARKET_TRADER_COMPONENTS])" in market zone "Trader Zone" (pos=<6675.160645, 104.603935, 6114.155762>) for a price of 8.
18:29:20.310 [Market] Player "Kyma" (id=fVpKi1QM3XWUFD-MRt7Z2tIj9G_sYf21_LAnW2Kmnqg=) has bought whetstone x1 (372e4c10) from the trader "Components (Cyril [#STR_EXPANSION_MARKET_TRADER_COMPONENTS])" in market zone "Trader Zone" (pos=<6675.160645, 104.603935, 6114.155762>) for a price of 5.
18:29:20.736 [Market] Player "Kyma" (id=fVpKi1QM3XWUFD-MRt7Z2tIj9G_sYf21_LAnW2Kmnqg=) has bought whetstone x1 (372ef980) from the trader "Components (Cyril [#STR_EXPANSION_MARKET_TRADER_COMPONENTS])" in market zone "Trader Zone" (pos=<6675.160645, 104.603935, 6114.155762>) for a price of 5.
18:29:21.332 [Market] Player "Kyma" (id=fVpKi1QM3XWUFD-MRt7Z2tIj9G_sYf21_LAnW2Kmnqg=) has bought whetstone x1 (372e7a50) from the trader "Components (Cyril [#STR_EXPANSION_MARKET_TRADER_COMPONENTS])" in market zone "Trader Zone" (pos=<6675.160645, 104.603935, 6114.155762>) for a price of 5.
18:29:21.863 [Market] Player "Kyma" (id=fVpKi1QM3XWUFD-MRt7Z2tIj9G_sYf21_LAnW2Kmnqg=) has bought whetstone x1 (372f6190) from the trader "Components (Cyril [#STR_EXPANSION_MARKET_TRADER_COMPONENTS])" in market zone "Trader Zone" (pos=<6675.160645, 104.603935, 6114.155762>) for a price of 5.
18:29:22.326 [Market] Player "Kyma" (id=fVpKi1QM3XWUFD-MRt7Z2tIj9G_sYf21_LAnW2Kmnqg=) has bought whetstone x1 (372f3ee0) from the trader "Components (Cyril [#STR_EXPANSION_MARKET_TRADER_COMPONENTS])" in market zone "Trader Zone" (pos=<6675.160645, 104.603935, 6114.155762>) for a price of 5.
18:29:22.693 [Market] Player "Kyma" (id=fVpKi1QM3XWUFD-MRt7Z2tIj9G_sYf21_LAnW2Kmnqg=) has bought whetstone x1 (372f27c0) from the trader "Components (Cyril [#STR_EXPANSION_MARKET_TRADER_COMPONENTS])" in market zone "Trader Zone" (pos=<6675.160645, 104.603935, 6114.155762>) for a price of 5.
18:29:23.045 [Market] Player "Kyma" (id=fVpKi1QM3XWUFD-MRt7Z2tIj9G_sYf21_LAnW2Kmnqg=) has bought whetstone x1 (372fc9a0) from the trader "Components (Cyril [#STR_EXPANSION_MARKET_TRADER_COMPONENTS])" in market zone "Trader Zone" (pos=<6675.160645, 104.603935, 6114.155762>) for a price of 5.
18:29:23.588 [Market] Player "Kyma" (id=fVpKi1QM3XWUFD-MRt7Z2tIj9G_sYf21_LAnW2Kmnqg=) has bought whetstone x1 (372fd530) from the trader "Components (Cyril [#STR_EXPANSION_MARKET_TRADER_COMPONENTS])" in market zone "Trader Zone" (pos=<6675.160645, 104.603935, 6114.155762>) for a price of 5.
18:29:24.249 [Market] Player "Kyma" (id=fVpKi1QM3XWUFD-MRt7Z2tIj9G_sYf21_LAnW2Kmnqg=) has bought whetstone x1 (372ff7e0) from the trader "Components (Cyril [#STR_EXPANSION_MARKET_TRADER_COMPONENTS])" in market zone "Trader Zone" (pos=<6675.160645, 104.603935, 6114.155762>) for a price of 5.
18:29:24.857 [Market] Player "Kyma" (id=fVpKi1QM3XWUFD-MRt7Z2tIj9G_sYf21_LAnW2Kmnqg=) has bought whetstone x1 (37300370) from the trader "Components (Cyril [#STR_EXPANSION_MARKET_TRADER_COMPONENTS])" in market zone "Trader Zone" (pos=<6675.160645, 104.603935, 6114.155762>) for a price of 5.
18:29:25.645 [Market] Player "Kyma" (id=fVpKi1QM3XWUFD-MRt7Z2tIj9G_sYf21_LAnW2Kmnqg=) has bought whetstone x1 (372f9b60) from the trader "Components (Cyril [#STR_EXPANSION_MARKET_TRADER_COMPONENTS])" in market zone "Trader Zone" (pos=<6675.160645, 104.603935, 6114.155762>) for a price of 5.
18:29:28.007 [Market] Player "Kyma" (id=fVpKi1QM3XWUFD-MRt7Z2tIj9G_sYf21_LAnW2Kmnqg=) has bought hacksaw x1 (37301a90) from the trader "Components (Cyril [#STR_EXPANSION_MARKET_TRADER_COMPONENTS])" in market zone "Trader Zone" (pos=<6675.160645, 104.603935, 6114.155762>) for a price of 7.
18:29:29.271 [Market] Player "Kyma" (id=fVpKi1QM3XWUFD-MRt7Z2tIj9G_sYf21_LAnW2Kmnqg=) has bought hacksaw x1 (46fb5400) from the trader "Components (Cyril [#STR_EXPANSION_MARKET_TRADER_COMPONENTS])" in market zone "Trader Zone" (pos=<6675.160645, 104.603935, 6114.155762>) for a price of 7.
18:31:00.676 [Safezone] Player "{1:name}" (id={1:id} pos={1:position}) left the safezone
18:31:56.521 [Market] Player "Eric" (id=DT1QFut1v8UN48skN3UnroicVIl_5hTizZZZSwLRxk8=) has bought weaponcleaningkit x1 (91cc3d10) from the trader "Components (Cyril [#STR_EXPANSION_MARKET_TRADER_COMPONENTS])" in market zone "Trader Zone" (pos=<6675.160645, 104.603935, 6114.155762>) for a price of 8.
18:32:42.433 [Market] Player "Eric" (id=DT1QFut1v8UN48skN3UnroicVIl_5hTizZZZSwLRxk8=) has sold ak74 x1 (bbaa0460, AK_PlasticBttstck<48753010>, AK74_Hndgrd<48753ba0>, KobraOptic<503185e0>, Mag_AK74_45Rnd<4872cb40>, ammo_545x39 x18) at the trader "Weapons (Denis [#STR_EXPANSION_MARKET_TRADER_WEAPONS])" in market zone "Trader Zone" (pos=<6675.160645, 104.603935, 6114.155762>) and got 1807.
18:32:43.417 [Market] Player "Eric" (id=DT1QFut1v8UN48skN3UnroicVIl_5hTizZZZSwLRxk8=) has sold ak74 x1 (bbaa1170, AK74_WoodBttstck<4874bc70>, AK74_Hndgrd<48745460>, KashtanOptic<17336c50>, Mag_AK74_30Rnd<4874c800>, ammo_545x39 x7) at the trader "Weapons (Denis [#STR_EXPANSION_MARKET_TRADER_WEAPONS])" in market zone "Trader Zone" (pos=<6675.160645, 104.603935, 6114.155762>) and got 1547.
18:32:48.994 [VehicleEnter] Player "Kyma" (id=fVpKi1QM3XWUFD-MRt7Z2tIj9G_sYf21_LAnW2Kmnqg=) entered vehicle Bicycle (id=9E34C9FC9B4D3DC1B8FA12A6BECA90B1 pos=<6679.83, 143.7, 5626.05>) as driver
18:32:50.449 [Market] Player "Eric" (id=DT1QFut1v8UN48skN3UnroicVIl_5hTizZZZSwLRxk8=) has sold asval x1 (bbaa1e80, ReflexOptic<5600aa40>) at the trader "Weapons (Denis [#STR_EXPANSION_MARKET_TRADER_WEAPONS])" in market zone "Trader Zone" (pos=<6675.160645, 104.603935, 6114.155762>) and got 1312.
18:32:51.326 [Market] Player "Eric" (id=DT1QFut1v8UN48skN3UnroicVIl_5hTizZZZSwLRxk8=) has sold vss x1 (bba9f750, PSO11Optic<50323ad0>, Mag_VSS_10Rnd<48733ee0>, ammo_9x39 x8) at the trader "Weapons (Denis [#STR_EXPANSION_MARKET_TRADER_WEAPONS])" in market zone "Trader Zone" (pos=<6675.160645, 104.603935, 6114.155762>) and got 2299.
18:33:37.559 [Market] Player "Eric" (id=DT1QFut1v8UN48skN3UnroicVIl_5hTizZZZSwLRxk8=) has sold handcuffkeys x1 (522da4f0) at the trader "Components (Cyril [#STR_EXPANSION_MARKET_TRADER_COMPONENTS])" in market zone "Trader Zone" (pos=<6675.160645, 104.603935, 6114.155762>) and got 13.
18:33:40.717 [Market] Player "Eric" (id=DT1QFut1v8UN48skN3UnroicVIl_5hTizZZZSwLRxk8=) has sold nailbox x1 (44fc4710) at the trader "Components (Cyril [#STR_EXPANSION_MARKET_TRADER_COMPONENTS])" in market zone "Trader Zone" (pos=<6675.160645, 104.603935, 6114.155762>) and got 225.
18:34:04.945 [Market] Player "Eric" (id=DT1QFut1v8UN48skN3UnroicVIl_5hTizZZZSwLRxk8=) has bought barrelholes_blue x1 (8f6bb3a0) from the trader "Components (Cyril [#STR_EXPANSION_MARKET_TRADER_COMPONENTS])" in market zone "Trader Zone" (pos=<6675.160645, 104.603935, 6114.155762>) for a price of 800.
18:34:25.401 [Market] Player "Eric" (id=DT1QFut1v8UN48skN3UnroicVIl_5hTizZZZSwLRxk8=) has sold barrelholes_blue x1 (8f6bb3a0) at the trader "Components (Cyril [#STR_EXPANSION_MARKET_TRADER_COMPONENTS])" in market zone "Trader Zone" (pos=<6675.160645, 104.603935, 6114.155762>) and got 600.
18:34:30.319 [Market] Player "Eric" (id=DT1QFut1v8UN48skN3UnroicVIl_5hTizZZZSwLRxk8=) has bought expansionsafelarge x1 (8d1054d0) from the trader "Components (Cyril [#STR_EXPANSION_MARKET_TRADER_COMPONENTS])" in market zone "Trader Zone" (pos=<6675.160645, 104.603935, 6114.155762>) for a price of 8000.
18:35:42.265 [Market] Player "Eric" (id=DT1QFut1v8UN48skN3UnroicVIl_5hTizZZZSwLRxk8=) has bought sodacan_pipsi x1 (50332c10) from the trader "Consumables (Linda [#STR_EXPANSION_MARKET_TRADER_CONSUMABLES])" in market zone "Trader Zone" (pos=<6675.160645, 104.603935, 6114.155762>) for a price of 10.
18:35:42.733 [Market] Player "Eric" (id=DT1QFut1v8UN48skN3UnroicVIl_5hTizZZZSwLRxk8=) has bought sodacan_pipsi x1 (50338080) from the trader "Consumables (Linda [#STR_EXPANSION_MARKET_TRADER_CONSUMABLES])" in market zone "Trader Zone" (pos=<6675.160645, 104.603935, 6114.155762>) for a price of 10.
18:35:42.998 [Market] Player "Eric" (id=DT1QFut1v8UN48skN3UnroicVIl_5hTizZZZSwLRxk8=) has bought sodacan_pipsi x1 (5033b0c0) from the trader "Consumables (Linda [#STR_EXPANSION_MARKET_TRADER_CONSUMABLES])" in market zone "Trader Zone" (pos=<6675.160645, 104.603935, 6114.155762>) for a price of 10.
18:35:43.231 [Market] Player "Eric" (id=DT1QFut1v8UN48skN3UnroicVIl_5hTizZZZSwLRxk8=) has bought sodacan_pipsi x1 (3e29f530) from the trader "Consumables (Linda [#STR_EXPANSION_MARKET_TRADER_CONSUMABLES])" in market zone "Trader Zone" (pos=<6675.160645, 104.603935, 6114.155762>) for a price of 10.
18:35:43.415 [Market] Player "Eric" (id=DT1QFut1v8UN48skN3UnroicVIl_5hTizZZZSwLRxk8=) has bought sodacan_pipsi x1 (3e2a0d50) from the trader "Consumables (Linda [#STR_EXPANSION_MARKET_TRADER_CONSUMABLES])" in market zone "Trader Zone" (pos=<6675.160645, 104.603935, 6114.155762>) for a price of 10.
18:35:43.560 [Market] Player "Eric" (id=DT1QFut1v8UN48skN3UnroicVIl_5hTizZZZSwLRxk8=) has bought sodacan_pipsi x1 (3e29b8e0) from the trader "Consumables (Linda [#STR_EXPANSION_MARKET_TRADER_CONSUMABLES])" in market zone "Trader Zone" (pos=<6675.160645, 104.603935, 6114.155762>) for a price of 10.
18:36:33.716 [Market] Player "Eric" (id=DT1QFut1v8UN48skN3UnroicVIl_5hTizZZZSwLRxk8=) has sold mag_ak101_30rnd x1 (48748e30, ammo_556x45 x1) at the trader "Attachments (Jose [#STR_EXPANSION_MARKET_TRADER_ATTACHMENTS])" in market zone "Trader Zone" (pos=<6675.160645, 104.603935, 6114.155762>) and got 83.
18:36:57.430 [Market] Player "Eric" (id=DT1QFut1v8UN48skN3UnroicVIl_5hTizZZZSwLRxk8=) has sold kobraoptic x1 (447ee260, Battery9V<51d5f2a0>) at the trader "Attachments (Jose [#STR_EXPANSION_MARKET_TRADER_ATTACHMENTS])" in market zone "Trader Zone" (pos=<6675.160645, 104.603935, 6114.155762>) and got 457.
18:36:58.265 [Market] Player "Eric" (id=DT1QFut1v8UN48skN3UnroicVIl_5hTizZZZSwLRxk8=) has sold kobraoptic x1 (56001980) at the trader "Attachments (Jose [#STR_EXPANSION_MARKET_TRADER_ATTACHMENTS])" in market zone "Trader Zone" (pos=<6675.160645, 104.603935, 6114.155762>) and got 450.
18:37:16.676 [ATM] Player "Eric" (id=DT1QFut1v8UN48skN3UnroicVIl_5hTizZZZSwLRxk8=) has deposited 5665 on his ATM account.
18:37:29.972 [VehicleDeleted] Lady_Bicycle_Purple (id=53129B141A44B27FA7F3CB9EA3B3EEC6 pos=<6663.44, 102.47, 6078.19>)
18:37:47.937 [VehicleEnter] Player "Eric" (id=DT1QFut1v8UN48skN3UnroicVIl_5hTizZZZSwLRxk8=) entered vehicle Bicycle (id=26CC7A216E492F6645081EBE53E09CC3 pos=<6671.4, 102.48, 6071.68>) as driver
18:38:12.158 [Safezone] Player "{1:name}" (id={1:id} pos={1:position}) left the safezone
18:41:23.397 [VehicleLeave] Player "Kyma" (id=fVpKi1QM3XWUFD-MRt7Z2tIj9G_sYf21_LAnW2Kmnqg=) left vehicle Bicycle (id=9E34C9FC9B4D3DC1B8FA12A6BECA90B1 pos=<7176.63, 190.54, 2151.25>)
18:42:32.063 [VehicleEnter] Player "Kyma" (id=fVpKi1QM3XWUFD-MRt7Z2tIj9G_sYf21_LAnW2Kmnqg=) entered vehicle Bicycle (id=9E34C9FC9B4D3DC1B8FA12A6BECA90B1 pos=<7176.63, 190.54, 2151.25>) as driver
18:42:38.749 [VehicleLeave] Player "Kyma" (id=fVpKi1QM3XWUFD-MRt7Z2tIj9G_sYf21_LAnW2Kmnqg=) left vehicle Bicycle (id=9E34C9FC9B4D3DC1B8FA12A6BECA90B1 pos=<7176.63, 190.54, 2151.25>)
18:42:41.273 [VehicleDeleted] Old_Bike_Red (id=9E34C9FC9B4D3DC1B8FA12A6BECA90B1 pos=<7176.63, 190.54, 2151.25>)
18:43:16.702 [VehicleEnter] Player "Kyma" (id=fVpKi1QM3XWUFD-MRt7Z2tIj9G_sYf21_LAnW2Kmnqg=) entered vehicle Bicycle (id=0D8FDAFA0844BF4FF96FDB8C01B9A15D pos=<7152.81, 184.72, 2152.68>) as driver
18:43:53.068 [VehicleLeave] Player "Eric" (id=DT1QFut1v8UN48skN3UnroicVIl_5hTizZZZSwLRxk8=) left vehicle Bicycle (id=26CC7A216E492F6645081EBE53E09CC3 pos=<4531.3, 185.81, 6556.5>)
18:45:40.466 [VehicleLeave] Player "Kyma" (id=fVpKi1QM3XWUFD-MRt7Z2tIj9G_sYf21_LAnW2Kmnqg=) left vehicle Bicycle (id=0D8FDAFA0844BF4FF96FDB8C01B9A15D pos=<6572.07, 101.02, 2559.92>)
18:48:49.862 [BaseRaiding] ExpansionSafeLarge (<4267.510742, 175.020508, 6606.986816>) Code set by "player "Eric" (ID = "DT1QFut1v8UN48skN3UnroicVIl_5hTizZZZSwLRxk8=" at <4269.127441, 175.165237, 6607.212891>)" and the code is 0815
18:51:46.245 [BaseRaiding] ExpansionWall6x3 (<5991.974121, 118.284142, 2583.596680>) Code set by "player "Kyma" (ID = "fVpKi1QM3XWUFD-MRt7Z2tIj9G_sYf21_LAnW2Kmnqg=" at <5991.095215, 118.324265, 2582.759277>)" and the code is 1756
19:00:01.549 [Party] Player "Eric" (id=DT1QFut1v8UN48skN3UnroicVIl_5hTizZZZSwLRxk8=) left the party "Die dreisten Drei" (id=46 ownerUID=DT1QFut1v8UN48skN3UnroicVIl_5hTizZZZSwLRxk8= ownerName=Eric)
