19:25:50.726 [Safezone] Player "Eric" (id=DT1QFut1v8UN48skN3UnroicVIl_5hTizZZZSwLRxk8= pos=<6674.61, 102.5, 6107.26>) entered the safezone
19:25:50.726 [Party] Player "Eric" (id=DT1QFut1v8UN48skN3UnroicVIl_5hTizZZZSwLRxk8=) joinded the party "Hawk Fearless" (id=5 ownerUID=wBwiybhmqSv3IfINgIr99PhPwxKwXc4RCt6SZurIBXQ= ownerName=MrWowaWowa)
19:29:22.804 [Market] Player "Eric" (id=DT1QFut1v8UN48skN3UnroicVIl_5hTizZZZSwLRxk8=) has sold mag_pp19_64rnd x1 (174289e0, ammo_380 x21) at the trader "Attachments (Jose [#STR_EXPANSION_MARKET_TRADER_ATTACHMENTS])" in market zone "Trader Zone" (pos=<6675.160645, 104.603935, 6114.155762>) and got 39.
19:29:37.695 [Market] Player "Eric" (id=DT1QFut1v8UN48skN3UnroicVIl_5hTizZZZSwLRxk8=) has sold m4_rishndgrd x1 (19c73f00) at the trader "Attachments (Jose [#STR_EXPANSION_MARKET_TRADER_ATTACHMENTS])" in market zone "Trader Zone" (pos=<6675.160645, 104.603935, 6114.155762>) and got 150.
19:29:54.984 [Market] Player "Eric" (id=DT1QFut1v8UN48skN3UnroicVIl_5hTizZZZSwLRxk8=) has bought weaponcleaningkit x1 (1ac186b0) from the trader "Components (Cyril [#STR_EXPANSION_MARKET_TRADER_COMPONENTS])" in market zone "Trader Zone" (pos=<6675.160645, 104.603935, 6114.155762>) for a price of 8.
19:29:55.648 [Market] Player "Eric" (id=DT1QFut1v8UN48skN3UnroicVIl_5hTizZZZSwLRxk8=) has bought weaponcleaningkit x1 (1977a9d0) from the trader "Components (Cyril [#STR_EXPANSION_MARKET_TRADER_COMPONENTS])" in market zone "Trader Zone" (pos=<6675.160645, 104.603935, 6114.155762>) for a price of 8.
19:29:56.242 [Market] Player "Eric" (id=DT1QFut1v8UN48skN3UnroicVIl_5hTizZZZSwLRxk8=) has bought weaponcleaningkit x1 (1ad55f90) from the trader "Components (Cyril [#STR_EXPANSION_MARKET_TRADER_COMPONENTS])" in market zone "Trader Zone" (pos=<6675.160645, 104.603935, 6114.155762>) for a price of 8.
19:31:56.031 [Safezone] Player "MaHxMi3 | Slayer" (id=_AqICEBF10fARr_5J1u6RE7mqS8sFkumFiqXBfcXjhU= pos=<6756.44, 103.2, 6061.89>) entered the safezone
19:32:28.718 [ATM] Player "MaHxMi3 | Slayer" (id=_AqICEBF10fARr_5J1u6RE7mqS8sFkumFiqXBfcXjhU=) has withdrawn 10000 from his ATM account.
19:36:58.585 [Market] Player "MaHxMi3 | Slayer" (id=_AqICEBF10fARr_5J1u6RE7mqS8sFkumFiqXBfcXjhU=) has sold mp5k x1 (155795b0, MP5_PlasticHndgrd<11db4320>, MP5k_StockBttstck<12737340>) at the trader "Weapons (Denis [#STR_EXPANSION_MARKET_TRADER_WEAPONS])" in market zone "Trader Zone" (pos=<6675.160645, 104.603935, 6114.155762>) and got 881.
19:37:43.484 [Market] Player "MaHxMi3 | Slayer" (id=_AqICEBF10fARr_5J1u6RE7mqS8sFkumFiqXBfcXjhU=) has sold mkii x1 (1556ebe0, Mag_MKII_10Rnd<177de780>, ammo_22 x6) at the trader "Weapons (Denis [#STR_EXPANSION_MARKET_TRADER_WEAPONS])" in market zone "Trader Zone" (pos=<6675.160645, 104.603935, 6114.155762>) and got 276.
19:39:00.273 [Market] Player "MaHxMi3 | Slayer" (id=_AqICEBF10fARr_5J1u6RE7mqS8sFkumFiqXBfcXjhU=) has bought ammobox_545x39_20rnd x1 (19ea6d40) from the trader "Weapons (Denis [#STR_EXPANSION_MARKET_TRADER_WEAPONS])" in market zone "Trader Zone" (pos=<6675.160645, 104.603935, 6114.155762>) for a price of 32.
19:39:01.492 [Market] Player "MaHxMi3 | Slayer" (id=_AqICEBF10fARr_5J1u6RE7mqS8sFkumFiqXBfcXjhU=) has bought ammobox_545x39_20rnd x1 (19eb31d0) from the trader "Weapons (Denis [#STR_EXPANSION_MARKET_TRADER_WEAPONS])" in market zone "Trader Zone" (pos=<6675.160645, 104.603935, 6114.155762>) for a price of 32.
19:39:02.101 [Market] Player "MaHxMi3 | Slayer" (id=_AqICEBF10fARr_5J1u6RE7mqS8sFkumFiqXBfcXjhU=) has bought ammobox_545x39_20rnd x1 (12760650) from the trader "Weapons (Denis [#STR_EXPANSION_MARKET_TRADER_WEAPONS])" in market zone "Trader Zone" (pos=<6675.160645, 104.603935, 6114.155762>) for a price of 32.
19:39:02.656 [Market] Player "MaHxMi3 | Slayer" (id=_AqICEBF10fARr_5J1u6RE7mqS8sFkumFiqXBfcXjhU=) has bought ammobox_545x39_20rnd x1 (12741520) from the trader "Weapons (Denis [#STR_EXPANSION_MARKET_TRADER_WEAPONS])" in market zone "Trader Zone" (pos=<6675.160645, 104.603935, 6114.155762>) for a price of 32.
19:39:03.203 [Market] Player "MaHxMi3 | Slayer" (id=_AqICEBF10fARr_5J1u6RE7mqS8sFkumFiqXBfcXjhU=) has bought ammobox_545x39_20rnd x1 (1014aa60) from the trader "Weapons (Denis [#STR_EXPANSION_MARKET_TRADER_WEAPONS])" in market zone "Trader Zone" (pos=<6675.160645, 104.603935, 6114.155762>) for a price of 32.
19:39:04.882 [Market] Player "MaHxMi3 | Slayer" (id=_AqICEBF10fARr_5J1u6RE7mqS8sFkumFiqXBfcXjhU=) has bought ammobox_545x39_20rnd x1 (10169b90) from the trader "Weapons (Denis [#STR_EXPANSION_MARKET_TRADER_WEAPONS])" in market zone "Trader Zone" (pos=<6675.160645, 104.603935, 6114.155762>) for a price of 32.
19:39:05.718 [Market] Player "MaHxMi3 | Slayer" (id=_AqICEBF10fARr_5J1u6RE7mqS8sFkumFiqXBfcXjhU=) has bought ammobox_545x39_20rnd x1 (d2b0d00) from the trader "Weapons (Denis [#STR_EXPANSION_MARKET_TRADER_WEAPONS])" in market zone "Trader Zone" (pos=<6675.160645, 104.603935, 6114.155762>) for a price of 32.
19:39:09.828 [Market] Player "MaHxMi3 | Slayer" (id=_AqICEBF10fARr_5J1u6RE7mqS8sFkumFiqXBfcXjhU=) has bought ammobox_545x39_20rnd x1 (1f259a90) from the trader "Weapons (Denis [#STR_EXPANSION_MARKET_TRADER_WEAPONS])" in market zone "Trader Zone" (pos=<6675.160645, 104.603935, 6114.155762>) for a price of 32.
19:39:10.242 [Market] Player "MaHxMi3 | Slayer" (id=_AqICEBF10fARr_5J1u6RE7mqS8sFkumFiqXBfcXjhU=) has bought ammobox_545x39_20rnd x1 (d8bec150) from the trader "Weapons (Denis [#STR_EXPANSION_MARKET_TRADER_WEAPONS])" in market zone "Trader Zone" (pos=<6675.160645, 104.603935, 6114.155762>) for a price of 32.
19:39:10.703 [Market] Player "MaHxMi3 | Slayer" (id=_AqICEBF10fARr_5J1u6RE7mqS8sFkumFiqXBfcXjhU=) has bought ammobox_545x39_20rnd x1 (fb1f380) from the trader "Weapons (Denis [#STR_EXPANSION_MARKET_TRADER_WEAPONS])" in market zone "Trader Zone" (pos=<6675.160645, 104.603935, 6114.155762>) for a price of 32.
19:39:18.726 [Market] Player "MaHxMi3 | Slayer" (id=_AqICEBF10fARr_5J1u6RE7mqS8sFkumFiqXBfcXjhU=) has bought ammobox_9x19_25rnd x1 (1af11450) from the trader "Weapons (Denis [#STR_EXPANSION_MARKET_TRADER_WEAPONS])" in market zone "Trader Zone" (pos=<6675.160645, 104.603935, 6114.155762>) for a price of 40.
19:39:19.289 [Market] Player "MaHxMi3 | Slayer" (id=_AqICEBF10fARr_5J1u6RE7mqS8sFkumFiqXBfcXjhU=) has bought ammobox_9x19_25rnd x1 (198f99b0) from the trader "Weapons (Denis [#STR_EXPANSION_MARKET_TRADER_WEAPONS])" in market zone "Trader Zone" (pos=<6675.160645, 104.603935, 6114.155762>) for a price of 40.
19:39:19.820 [Market] Player "MaHxMi3 | Slayer" (id=_AqICEBF10fARr_5J1u6RE7mqS8sFkumFiqXBfcXjhU=) has bought ammobox_9x19_25rnd x1 (198fb0d0) from the trader "Weapons (Denis [#STR_EXPANSION_MARKET_TRADER_WEAPONS])" in market zone "Trader Zone" (pos=<6675.160645, 104.603935, 6114.155762>) for a price of 40.
19:39:20.265 [Market] Player "MaHxMi3 | Slayer" (id=_AqICEBF10fARr_5J1u6RE7mqS8sFkumFiqXBfcXjhU=) has bought ammobox_9x19_25rnd x1 (198f8e20) from the trader "Weapons (Denis [#STR_EXPANSION_MARKET_TRADER_WEAPONS])" in market zone "Trader Zone" (pos=<6675.160645, 104.603935, 6114.155762>) for a price of 40.
19:39:20.718 [Market] Player "MaHxMi3 | Slayer" (id=_AqICEBF10fARr_5J1u6RE7mqS8sFkumFiqXBfcXjhU=) has bought ammobox_9x19_25rnd x1 (199122d0) from the trader "Weapons (Denis [#STR_EXPANSION_MARKET_TRADER_WEAPONS])" in market zone "Trader Zone" (pos=<6675.160645, 104.603935, 6114.155762>) for a price of 40.
19:39:21.125 [Market] Player "MaHxMi3 | Slayer" (id=_AqICEBF10fARr_5J1u6RE7mqS8sFkumFiqXBfcXjhU=) has bought ammobox_9x19_25rnd x1 (1e864650) from the trader "Weapons (Denis [#STR_EXPANSION_MARKET_TRADER_WEAPONS])" in market zone "Trader Zone" (pos=<6675.160645, 104.603935, 6114.155762>) for a price of 40.
19:39:21.484 [Market] Player "MaHxMi3 | Slayer" (id=_AqICEBF10fARr_5J1u6RE7mqS8sFkumFiqXBfcXjhU=) has bought ammobox_9x19_25rnd x1 (f40002a0) from the trader "Weapons (Denis [#STR_EXPANSION_MARKET_TRADER_WEAPONS])" in market zone "Trader Zone" (pos=<6675.160645, 104.603935, 6114.155762>) for a price of 40.
19:39:21.890 [Market] Player "MaHxMi3 | Slayer" (id=_AqICEBF10fARr_5J1u6RE7mqS8sFkumFiqXBfcXjhU=) has bought ammobox_9x19_25rnd x1 (f4005f20) from the trader "Weapons (Denis [#STR_EXPANSION_MARKET_TRADER_WEAPONS])" in market zone "Trader Zone" (pos=<6675.160645, 104.603935, 6114.155762>) for a price of 40.
19:39:22.281 [Market] Player "MaHxMi3 | Slayer" (id=_AqICEBF10fARr_5J1u6RE7mqS8sFkumFiqXBfcXjhU=) has bought ammobox_9x19_25rnd x1 (f3fed600) from the trader "Weapons (Denis [#STR_EXPANSION_MARKET_TRADER_WEAPONS])" in market zone "Trader Zone" (pos=<6675.160645, 104.603935, 6114.155762>) for a price of 40.
19:39:22.648 [Market] Player "MaHxMi3 | Slayer" (id=_AqICEBF10fARr_5J1u6RE7mqS8sFkumFiqXBfcXjhU=) has bought ammobox_9x19_25rnd x1 (198fc7f0) from the trader "Weapons (Denis [#STR_EXPANSION_MARKET_TRADER_WEAPONS])" in market zone "Trader Zone" (pos=<6675.160645, 104.603935, 6114.155762>) for a price of 40.
19:39:38.789 [Market] Player "MaHxMi3 | Slayer" (id=_AqICEBF10fARr_5J1u6RE7mqS8sFkumFiqXBfcXjhU=) has bought mag_mp5_30rnd x1 (10176020, ammo_9x19 x30) from the trader "Attachments (Jose [#STR_EXPANSION_MARKET_TRADER_ATTACHMENTS])" in market zone "Trader Zone" (pos=<6675.160645, 104.603935, 6114.155762>) for a price of 260.
19:39:39.148 [Market] Player "MaHxMi3 | Slayer" (id=_AqICEBF10fARr_5J1u6RE7mqS8sFkumFiqXBfcXjhU=) has bought mag_mp5_30rnd x1 (d2d5ab0, ammo_9x19 x30) from the trader "Attachments (Jose [#STR_EXPANSION_MARKET_TRADER_ATTACHMENTS])" in market zone "Trader Zone" (pos=<6675.160645, 104.603935, 6114.155762>) for a price of 260.
19:39:39.507 [Market] Player "MaHxMi3 | Slayer" (id=_AqICEBF10fARr_5J1u6RE7mqS8sFkumFiqXBfcXjhU=) has bought mag_mp5_30rnd x1 (14ec5730, ammo_9x19 x30) from the trader "Attachments (Jose [#STR_EXPANSION_MARKET_TRADER_ATTACHMENTS])" in market zone "Trader Zone" (pos=<6675.160645, 104.603935, 6114.155762>) for a price of 260.
19:39:40.937 [Market] Player "Eric" (id=DT1QFut1v8UN48skN3UnroicVIl_5hTizZZZSwLRxk8=) has sold mag_ssg82_5rnd x1 (17e448b0, ammo_545x39 x1) at the trader "Attachments (Jose [#STR_EXPANSION_MARKET_TRADER_ATTACHMENTS])" in market zone "Trader Zone" (pos=<6675.160645, 104.603935, 6114.155762>) and got 68.
19:40:25.609 [Market] Player "Eric" (id=DT1QFut1v8UN48skN3UnroicVIl_5hTizZZZSwLRxk8=) has sold mag_cz61_20rnd x1 (10177740) at the trader "Attachments (Jose [#STR_EXPANSION_MARKET_TRADER_ATTACHMENTS])" in market zone "Trader Zone" (pos=<6675.160645, 104.603935, 6114.155762>) and got 75.
19:40:26.421 [Market] Player "Eric" (id=DT1QFut1v8UN48skN3UnroicVIl_5hTizZZZSwLRxk8=) has sold mag_cz61_20rnd x1 (1e856aa0, ammo_380 x20) at the trader "Attachments (Jose [#STR_EXPANSION_MARKET_TRADER_ATTACHMENTS])" in market zone "Trader Zone" (pos=<6675.160645, 104.603935, 6114.155762>) and got 95.
19:40:33.476 [Market] Player "MaHxMi3 | Slayer" (id=_AqICEBF10fARr_5J1u6RE7mqS8sFkumFiqXBfcXjhU=) has bought pistolsuppressor x1 (14718b60) from the trader "Attachments (Jose [#STR_EXPANSION_MARKET_TRADER_ATTACHMENTS])" in market zone "Trader Zone" (pos=<6675.160645, 104.603935, 6114.155762>) for a price of 15.
19:40:34.101 [Market] Player "MaHxMi3 | Slayer" (id=_AqICEBF10fARr_5J1u6RE7mqS8sFkumFiqXBfcXjhU=) has bought pistolsuppressor x1 (1472f1d0) from the trader "Attachments (Jose [#STR_EXPANSION_MARKET_TRADER_ATTACHMENTS])" in market zone "Trader Zone" (pos=<6675.160645, 104.603935, 6114.155762>) for a price of 15.
19:40:37.242 [Market] Player "Eric" (id=DT1QFut1v8UN48skN3UnroicVIl_5hTizZZZSwLRxk8=) has sold cz61 x1 (155880d0, PistolSuppressor<1af229d0>, Mag_CZ61_20Rnd<d2c50c0>, ammo_380 x20) at the trader "Weapons (Denis [#STR_EXPANSION_MARKET_TRADER_WEAPONS])" in market zone "Trader Zone" (pos=<6675.160645, 104.603935, 6114.155762>) and got 622.
19:40:42.179 [Market] Player "MaHxMi3 | Slayer" (id=_AqICEBF10fARr_5J1u6RE7mqS8sFkumFiqXBfcXjhU=) has bought ak_suppressor x1 (1af2ee60) from the trader "Attachments (Jose [#STR_EXPANSION_MARKET_TRADER_ATTACHMENTS])" in market zone "Trader Zone" (pos=<6675.160645, 104.603935, 6114.155762>) for a price of 25.
19:40:42.773 [Market] Player "MaHxMi3 | Slayer" (id=_AqICEBF10fARr_5J1u6RE7mqS8sFkumFiqXBfcXjhU=) has bought ak_suppressor x1 (1af229d0) from the trader "Attachments (Jose [#STR_EXPANSION_MARKET_TRADER_ATTACHMENTS])" in market zone "Trader Zone" (pos=<6675.160645, 104.603935, 6114.155762>) for a price of 25.
19:41:35.218 [Market] Player "Eric" (id=DT1QFut1v8UN48skN3UnroicVIl_5hTizZZZSwLRxk8=) has sold ammobox_12gaslug_10rnd x1 (1edc05d0) at the trader "Weapons (Denis [#STR_EXPANSION_MARKET_TRADER_WEAPONS])" in market zone "Trader Zone" (pos=<6675.160645, 104.603935, 6114.155762>) and got 30.
19:42:01.843 [Market] Player "Eric" (id=DT1QFut1v8UN48skN3UnroicVIl_5hTizZZZSwLRxk8=) has bought ammobox_45acp_25rnd x1 (6ac61c30) from the trader "Weapons (Denis [#STR_EXPANSION_MARKET_TRADER_WEAPONS])" in market zone "Trader Zone" (pos=<6675.160645, 104.603935, 6114.155762>) for a price of 40.
19:42:02.359 [Market] Player "Eric" (id=DT1QFut1v8UN48skN3UnroicVIl_5hTizZZZSwLRxk8=) has bought ammobox_45acp_25rnd x1 (6ac63350) from the trader "Weapons (Denis [#STR_EXPANSION_MARKET_TRADER_WEAPONS])" in market zone "Trader Zone" (pos=<6675.160645, 104.603935, 6114.155762>) for a price of 40.
19:42:02.929 [Market] Player "Eric" (id=DT1QFut1v8UN48skN3UnroicVIl_5hTizZZZSwLRxk8=) has bought ammobox_45acp_25rnd x1 (6ac63ee0) from the trader "Weapons (Denis [#STR_EXPANSION_MARKET_TRADER_WEAPONS])" in market zone "Trader Zone" (pos=<6675.160645, 104.603935, 6114.155762>) for a price of 40.
19:42:03.500 [Market] Player "Eric" (id=DT1QFut1v8UN48skN3UnroicVIl_5hTizZZZSwLRxk8=) has bought ammobox_45acp_25rnd x1 (6ac5bfb0) from the trader "Weapons (Denis [#STR_EXPANSION_MARKET_TRADER_WEAPONS])" in market zone "Trader Zone" (pos=<6675.160645, 104.603935, 6114.155762>) for a price of 40.
19:42:04.195 [Market] Player "Eric" (id=DT1QFut1v8UN48skN3UnroicVIl_5hTizZZZSwLRxk8=) has bought ammobox_45acp_25rnd x1 (6ac64a70) from the trader "Weapons (Denis [#STR_EXPANSION_MARKET_TRADER_WEAPONS])" in market zone "Trader Zone" (pos=<6675.160645, 104.603935, 6114.155762>) for a price of 40.
19:42:04.695 [Market] Player "MaHxMi3 | Slayer" (id=_AqICEBF10fARr_5J1u6RE7mqS8sFkumFiqXBfcXjhU=) has bought militarybelt x1 (6ac66190) from the trader "Clothing (Naomi [#STR_EXPANSION_MARKET_TRADER_CLOTHING])" in market zone "Trader Zone" (pos=<6675.160645, 104.603935, 6114.155762>) for a price of 100.
19:42:24.773 [Market] Player "MaHxMi3 | Slayer" (id=_AqICEBF10fARr_5J1u6RE7mqS8sFkumFiqXBfcXjhU=) has bought nylonknifesheath x1 (6ac799c0) from the trader "Clothing (Naomi [#STR_EXPANSION_MARKET_TRADER_CLOTHING])" in market zone "Trader Zone" (pos=<6675.160645, 104.603935, 6114.155762>) for a price of 30.
19:42:25.289 [Market] Player "MaHxMi3 | Slayer" (id=_AqICEBF10fARr_5J1u6RE7mqS8sFkumFiqXBfcXjhU=) has bought platecarrierholster x1 (6ac73d40) from the trader "Clothing (Naomi [#STR_EXPANSION_MARKET_TRADER_CLOTHING])" in market zone "Trader Zone" (pos=<6675.160645, 104.603935, 6114.155762>) for a price of 60.
19:43:16.609 [Market] Player "MaHxMi3 | Slayer" (id=_AqICEBF10fARr_5J1u6RE7mqS8sFkumFiqXBfcXjhU=) has bought hunterpants_winter x1 (6ac8e910) from the trader "Clothing (Naomi [#STR_EXPANSION_MARKET_TRADER_CLOTHING])" in market zone "Trader Zone" (pos=<6675.160645, 104.603935, 6114.155762>) for a price of 90.
19:44:12.171 [Market] Player "MaHxMi3 | Slayer" (id=_AqICEBF10fARr_5J1u6RE7mqS8sFkumFiqXBfcXjhU=) has bought m65jacket_black x1 (d2b7510) from the trader "Clothing (Naomi [#STR_EXPANSION_MARKET_TRADER_CLOTHING])" in market zone "Trader Zone" (pos=<6675.160645, 104.603935, 6114.155762>) for a price of 130.
19:44:47.890 [Market] Player "MaHxMi3 | Slayer" (id=_AqICEBF10fARr_5J1u6RE7mqS8sFkumFiqXBfcXjhU=) has sold firefighterjacket_black x1 (1780d710) at the trader "Clothing (Naomi [#STR_EXPANSION_MARKET_TRADER_CLOTHING])" in market zone "Trader Zone" (pos=<6675.160645, 104.603935, 6114.155762>) and got 18.
19:45:27.710 [Market] Player "MaHxMi3 | Slayer" (id=_AqICEBF10fARr_5J1u6RE7mqS8sFkumFiqXBfcXjhU=) has bought combatboots_beige x1 (1b63c5e0) from the trader "Clothing (Naomi [#STR_EXPANSION_MARKET_TRADER_CLOTHING])" in market zone "Trader Zone" (pos=<6675.160645, 104.603935, 6114.155762>) for a price of 80.
19:45:37.945 [Market] Player "MaHxMi3 | Slayer" (id=_AqICEBF10fARr_5J1u6RE7mqS8sFkumFiqXBfcXjhU=) has sold athleticshoes_brown x1 (1c85eba0) at the trader "Clothing (Naomi [#STR_EXPANSION_MARKET_TRADER_CLOTHING])" in market zone "Trader Zone" (pos=<6675.160645, 104.603935, 6114.155762>) and got 6.
19:46:21.031 [Market] Player "MaHxMi3 | Slayer" (id=_AqICEBF10fARr_5J1u6RE7mqS8sFkumFiqXBfcXjhU=) has bought tankerhelmet x1 (17e3c980) from the trader "Clothing (Naomi [#STR_EXPANSION_MARKET_TRADER_CLOTHING])" in market zone "Trader Zone" (pos=<6675.160645, 104.603935, 6114.155762>) for a price of 100.
19:46:38.906 [Safezone] Player "MrWowaWowa" (id=wBwiybhmqSv3IfINgIr99PhPwxKwXc4RCt6SZurIBXQ= pos=<6664.13, 102.5, 6118.52>) entered the safezone
19:46:38.906 [Party] Player "MrWowaWowa" (id=wBwiybhmqSv3IfINgIr99PhPwxKwXc4RCt6SZurIBXQ=) joinded the party "Hawk Fearless" (id=5 ownerUID=wBwiybhmqSv3IfINgIr99PhPwxKwXc4RCt6SZurIBXQ= ownerName=MrWowaWowa)
19:46:39.375 [Market] Player "MaHxMi3 | Slayer" (id=_AqICEBF10fARr_5J1u6RE7mqS8sFkumFiqXBfcXjhU=) has bought balaclava3holes_beige x1 (66bb6390) from the trader "Clothing (Naomi [#STR_EXPANSION_MARKET_TRADER_CLOTHING])" in market zone "Trader Zone" (pos=<6675.160645, 104.603935, 6114.155762>) for a price of 50.
19:47:11.390 [Market] Player "MaHxMi3 | Slayer" (id=_AqICEBF10fARr_5J1u6RE7mqS8sFkumFiqXBfcXjhU=) has bought aviatorglasses x1 (66bc84a0) from the trader "Clothing (Naomi [#STR_EXPANSION_MARKET_TRADER_CLOTHING])" in market zone "Trader Zone" (pos=<6675.160645, 104.603935, 6114.155762>) for a price of 40.
19:47:33.515 [Market] Player "MaHxMi3 | Slayer" (id=_AqICEBF10fARr_5J1u6RE7mqS8sFkumFiqXBfcXjhU=) has sold gorkahelmetvisor x1 (19541e40) at the trader "Clothing (Naomi [#STR_EXPANSION_MARKET_TRADER_CLOTHING])" in market zone "Trader Zone" (pos=<6675.160645, 104.603935, 6114.155762>) and got 37.
19:47:40.429 [Market] Player "MaHxMi3 | Slayer" (id=_AqICEBF10fARr_5J1u6RE7mqS8sFkumFiqXBfcXjhU=) has bought workinggloves_beige x1 (66bcb2e0) from the trader "Clothing (Naomi [#STR_EXPANSION_MARKET_TRADER_CLOTHING])" in market zone "Trader Zone" (pos=<6675.160645, 104.603935, 6114.155762>) for a price of 30.
19:47:41.726 [Market] Player "MaHxMi3 | Slayer" (id=_AqICEBF10fARr_5J1u6RE7mqS8sFkumFiqXBfcXjhU=) has sold workinggloves_beige x1 (66bcb2e0) at the trader "Clothing (Naomi [#STR_EXPANSION_MARKET_TRADER_CLOTHING])" in market zone "Trader Zone" (pos=<6675.160645, 104.603935, 6114.155762>) and got 22.
19:47:42.101 [Market] Player "MaHxMi3 | Slayer" (id=_AqICEBF10fARr_5J1u6RE7mqS8sFkumFiqXBfcXjhU=) has sold workinggloves_beige x1 (1ad83800) at the trader "Clothing (Naomi [#STR_EXPANSION_MARKET_TRADER_CLOTHING])" in market zone "Trader Zone" (pos=<6675.160645, 104.603935, 6114.155762>) and got 11.
19:47:48.726 [Market] Player "MaHxMi3 | Slayer" (id=_AqICEBF10fARr_5J1u6RE7mqS8sFkumFiqXBfcXjhU=) has bought omnogloves_gray x1 (66be0230) from the trader "Clothing (Naomi [#STR_EXPANSION_MARKET_TRADER_CLOTHING])" in market zone "Trader Zone" (pos=<6675.160645, 104.603935, 6114.155762>) for a price of 40.
19:47:59.507 [Market] Player "Eric" (id=DT1QFut1v8UN48skN3UnroicVIl_5hTizZZZSwLRxk8=) has bought vitaminbottle x1 (f8fa920) from the trader "Medicals (Mirek [#STR_EXPANSION_MARKET_TRADER_MEDICALS])" in market zone "Trader Zone" (pos=<6675.160645, 104.603935, 6114.155762>) for a price of 6.
19:48:17.328 [Market] Player "Eric" (id=DT1QFut1v8UN48skN3UnroicVIl_5hTizZZZSwLRxk8=) has bought porkcan x1 (14b28f80) from the trader "Consumables (Linda [#STR_EXPANSION_MARKET_TRADER_CONSUMABLES])" in market zone "Trader Zone" (pos=<6675.160645, 104.603935, 6114.155762>) for a price of 15.
19:48:18.148 [Market] Player "Eric" (id=DT1QFut1v8UN48skN3UnroicVIl_5hTizZZZSwLRxk8=) has bought porkcan x1 (1221b990) from the trader "Consumables (Linda [#STR_EXPANSION_MARKET_TRADER_CONSUMABLES])" in market zone "Trader Zone" (pos=<6675.160645, 104.603935, 6114.155762>) for a price of 15.
19:48:18.492 [Market] Player "Eric" (id=DT1QFut1v8UN48skN3UnroicVIl_5hTizZZZSwLRxk8=) has bought porkcan x1 (1221a170) from the trader "Consumables (Linda [#STR_EXPANSION_MARKET_TRADER_CONSUMABLES])" in market zone "Trader Zone" (pos=<6675.160645, 104.603935, 6114.155762>) for a price of 15.
19:48:18.640 [Market] Player "Eric" (id=DT1QFut1v8UN48skN3UnroicVIl_5hTizZZZSwLRxk8=) has bought porkcan x1 (1b6b8910) from the trader "Consumables (Linda [#STR_EXPANSION_MARKET_TRADER_CONSUMABLES])" in market zone "Trader Zone" (pos=<6675.160645, 104.603935, 6114.155762>) for a price of 15.
19:48:18.804 [Market] Player "Eric" (id=DT1QFut1v8UN48skN3UnroicVIl_5hTizZZZSwLRxk8=) has bought porkcan x1 (1b6dcc10) from the trader "Consumables (Linda [#STR_EXPANSION_MARKET_TRADER_CONSUMABLES])" in market zone "Trader Zone" (pos=<6675.160645, 104.603935, 6114.155762>) for a price of 15.
19:48:18.976 [Market] Player "Eric" (id=DT1QFut1v8UN48skN3UnroicVIl_5hTizZZZSwLRxk8=) has bought porkcan x1 (152e1620) from the trader "Consumables (Linda [#STR_EXPANSION_MARKET_TRADER_CONSUMABLES])" in market zone "Trader Zone" (pos=<6675.160645, 104.603935, 6114.155762>) for a price of 15.
19:48:19.171 [Market] Player "Eric" (id=DT1QFut1v8UN48skN3UnroicVIl_5hTizZZZSwLRxk8=) has bought porkcan x1 (152e76a0) from the trader "Consumables (Linda [#STR_EXPANSION_MARKET_TRADER_CONSUMABLES])" in market zone "Trader Zone" (pos=<6675.160645, 104.603935, 6114.155762>) for a price of 15.
19:48:19.312 [Market] Player "Eric" (id=DT1QFut1v8UN48skN3UnroicVIl_5hTizZZZSwLRxk8=) has bought porkcan x1 (1ed65790) from the trader "Consumables (Linda [#STR_EXPANSION_MARKET_TRADER_CONSUMABLES])" in market zone "Trader Zone" (pos=<6675.160645, 104.603935, 6114.155762>) for a price of 15.
19:48:30.085 [Market] Player "MaHxMi3 | Slayer" (id=_AqICEBF10fARr_5J1u6RE7mqS8sFkumFiqXBfcXjhU=) has bought porkcan x1 (d5985a0) from the trader "Consumables (Linda [#STR_EXPANSION_MARKET_TRADER_CONSUMABLES])" in market zone "Trader Zone" (pos=<6675.160645, 104.603935, 6114.155762>) for a price of 15.
19:48:30.414 [Market] Player "MaHxMi3 | Slayer" (id=_AqICEBF10fARr_5J1u6RE7mqS8sFkumFiqXBfcXjhU=) has bought porkcan x1 (d591910) from the trader "Consumables (Linda [#STR_EXPANSION_MARKET_TRADER_CONSUMABLES])" in market zone "Trader Zone" (pos=<6675.160645, 104.603935, 6114.155762>) for a price of 15.
19:48:30.773 [Market] Player "MaHxMi3 | Slayer" (id=_AqICEBF10fARr_5J1u6RE7mqS8sFkumFiqXBfcXjhU=) has bought porkcan x1 (38e31c70) from the trader "Consumables (Linda [#STR_EXPANSION_MARKET_TRADER_CONSUMABLES])" in market zone "Trader Zone" (pos=<6675.160645, 104.603935, 6114.155762>) for a price of 15.
19:48:31.218 [Market] Player "MaHxMi3 | Slayer" (id=_AqICEBF10fARr_5J1u6RE7mqS8sFkumFiqXBfcXjhU=) has bought porkcan x1 (17127a40) from the trader "Consumables (Linda [#STR_EXPANSION_MARKET_TRADER_CONSUMABLES])" in market zone "Trader Zone" (pos=<6675.160645, 104.603935, 6114.155762>) for a price of 15.
19:48:31.921 [Market] Player "MaHxMi3 | Slayer" (id=_AqICEBF10fARr_5J1u6RE7mqS8sFkumFiqXBfcXjhU=) has bought porkcan x1 (17149910) from the trader "Consumables (Linda [#STR_EXPANSION_MARKET_TRADER_CONSUMABLES])" in market zone "Trader Zone" (pos=<6675.160645, 104.603935, 6114.155762>) for a price of 15.
19:48:32.437 [Market] Player "MaHxMi3 | Slayer" (id=_AqICEBF10fARr_5J1u6RE7mqS8sFkumFiqXBfcXjhU=) has bought porkcan x1 (ff77010) from the trader "Consumables (Linda [#STR_EXPANSION_MARKET_TRADER_CONSUMABLES])" in market zone "Trader Zone" (pos=<6675.160645, 104.603935, 6114.155762>) for a price of 15.
19:49:08.968 [Market] Player "MaHxMi3 | Slayer" (id=_AqICEBF10fARr_5J1u6RE7mqS8sFkumFiqXBfcXjhU=) has bought canteen x1 (1b6f05b0) from the trader "Consumables (Linda [#STR_EXPANSION_MARKET_TRADER_CONSUMABLES])" in market zone "Trader Zone" (pos=<6675.160645, 104.603935, 6114.155762>) for a price of 18.
19:49:10.632 [Market] Player "MaHxMi3 | Slayer" (id=_AqICEBF10fARr_5J1u6RE7mqS8sFkumFiqXBfcXjhU=) has sold canteen x1 (19942810) at the trader "Consumables (Linda [#STR_EXPANSION_MARKET_TRADER_CONSUMABLES])" in market zone "Trader Zone" (pos=<6675.160645, 104.603935, 6114.155762>) and got 3.
19:49:10.953 [Market] Player "MaHxMi3 | Slayer" (id=_AqICEBF10fARr_5J1u6RE7mqS8sFkumFiqXBfcXjhU=) has sold canteen x1 (1b6f05b0) at the trader "Consumables (Linda [#STR_EXPANSION_MARKET_TRADER_CONSUMABLES])" in market zone "Trader Zone" (pos=<6675.160645, 104.603935, 6114.155762>) and got 13.
19:49:11.812 [Market] Player "MaHxMi3 | Slayer" (id=_AqICEBF10fARr_5J1u6RE7mqS8sFkumFiqXBfcXjhU=) has bought canteen x1 (356b81a0) from the trader "Consumables (Linda [#STR_EXPANSION_MARKET_TRADER_CONSUMABLES])" in market zone "Trader Zone" (pos=<6675.160645, 104.603935, 6114.155762>) for a price of 18.
19:49:12.093 [Market] Player "MaHxMi3 | Slayer" (id=_AqICEBF10fARr_5J1u6RE7mqS8sFkumFiqXBfcXjhU=) has bought canteen x1 (152d30f0) from the trader "Consumables (Linda [#STR_EXPANSION_MARKET_TRADER_CONSUMABLES])" in market zone "Trader Zone" (pos=<6675.160645, 104.603935, 6114.155762>) for a price of 18.
19:49:12.468 [Market] Player "MaHxMi3 | Slayer" (id=_AqICEBF10fARr_5J1u6RE7mqS8sFkumFiqXBfcXjhU=) has bought canteen x1 (152ed720) from the trader "Consumables (Linda [#STR_EXPANSION_MARKET_TRADER_CONSUMABLES])" in market zone "Trader Zone" (pos=<6675.160645, 104.603935, 6114.155762>) for a price of 18.
19:49:40.656 [Market] Player "MaHxMi3 | Slayer" (id=_AqICEBF10fARr_5J1u6RE7mqS8sFkumFiqXBfcXjhU=) has bought bandagedressing x1 (f8246e0) from the trader "Medicals (Mirek [#STR_EXPANSION_MARKET_TRADER_MEDICALS])" in market zone "Trader Zone" (pos=<6675.160645, 104.603935, 6114.155762>) for a price of 3.
19:49:41.539 [Market] Player "MaHxMi3 | Slayer" (id=_AqICEBF10fARr_5J1u6RE7mqS8sFkumFiqXBfcXjhU=) has bought bandagedressing x1 (f820180) from the trader "Medicals (Mirek [#STR_EXPANSION_MARKET_TRADER_MEDICALS])" in market zone "Trader Zone" (pos=<6675.160645, 104.603935, 6114.155762>) for a price of 3.
19:49:47.257 [Market] Player "MaHxMi3 | Slayer" (id=_AqICEBF10fARr_5J1u6RE7mqS8sFkumFiqXBfcXjhU=) has bought heatpack x1 (f844f30) from the trader "Medicals (Mirek [#STR_EXPANSION_MARKET_TRADER_MEDICALS])" in market zone "Trader Zone" (pos=<6675.160645, 104.603935, 6114.155762>) for a price of 10.
19:49:47.523 [Market] Player "MaHxMi3 | Slayer" (id=_AqICEBF10fARr_5J1u6RE7mqS8sFkumFiqXBfcXjhU=) has bought heatpack x1 (15177990) from the trader "Medicals (Mirek [#STR_EXPANSION_MARKET_TRADER_MEDICALS])" in market zone "Trader Zone" (pos=<6675.160645, 104.603935, 6114.155762>) for a price of 10.
19:49:47.687 [Market] Player "MaHxMi3 | Slayer" (id=_AqICEBF10fARr_5J1u6RE7mqS8sFkumFiqXBfcXjhU=) has bought heatpack x1 (1517a7d0) from the trader "Medicals (Mirek [#STR_EXPANSION_MARKET_TRADER_MEDICALS])" in market zone "Trader Zone" (pos=<6675.160645, 104.603935, 6114.155762>) for a price of 10.
19:49:50.765 [Market] Player "MaHxMi3 | Slayer" (id=_AqICEBF10fARr_5J1u6RE7mqS8sFkumFiqXBfcXjhU=) has bought heatpack x1 (1496d6c0) from the trader "Medicals (Mirek [#STR_EXPANSION_MARKET_TRADER_MEDICALS])" in market zone "Trader Zone" (pos=<6675.160645, 104.603935, 6114.155762>) for a price of 10.
19:52:41.796 [ATM] Player "MrWowaWowa" (id=wBwiybhmqSv3IfINgIr99PhPwxKwXc4RCt6SZurIBXQ=) has withdrawn 500 from his ATM account.
19:52:55.117 [Market] Player "Eric" (id=DT1QFut1v8UN48skN3UnroicVIl_5hTizZZZSwLRxk8=) has sold camonet x1 (1e866900) at the trader "Components (Cyril [#STR_EXPANSION_MARKET_TRADER_COMPONENTS])" in market zone "Trader Zone" (pos=<6675.160645, 104.603935, 6114.155762>) and got 337.
19:53:04.421 [Market] Player "MrWowaWowa" (id=wBwiybhmqSv3IfINgIr99PhPwxKwXc4RCt6SZurIBXQ=) has bought machete x1 (d8bfcb40) from the trader "Weapons (Denis [#STR_EXPANSION_MARKET_TRADER_WEAPONS])" in market zone "Trader Zone" (pos=<6675.160645, 104.603935, 6114.155762>) for a price of 12.
19:53:24.148 [Market] Player "MrWowaWowa" (id=wBwiybhmqSv3IfINgIr99PhPwxKwXc4RCt6SZurIBXQ=) has bought ammobox_9x19_25rnd x1 (10160540) from the trader "Weapons (Denis [#STR_EXPANSION_MARKET_TRADER_WEAPONS])" in market zone "Trader Zone" (pos=<6675.160645, 104.603935, 6114.155762>) for a price of 40.
19:53:59.187 [Market] Player "MaHxMi3 | Slayer" (id=_AqICEBF10fARr_5J1u6RE7mqS8sFkumFiqXBfcXjhU=) has bought mag_ak74_45rnd x1 (d774e30, ammo_545x39 x45) from the trader "Attachments (Jose [#STR_EXPANSION_MARKET_TRADER_ATTACHMENTS])" in market zone "Trader Zone" (pos=<6675.160645, 104.603935, 6114.155762>) for a price of 390.
19:53:59.617 [Market] Player "MaHxMi3 | Slayer" (id=_AqICEBF10fARr_5J1u6RE7mqS8sFkumFiqXBfcXjhU=) has bought mag_ak74_45rnd x1 (d777c70, ammo_545x39 x45) from the trader "Attachments (Jose [#STR_EXPANSION_MARKET_TRADER_ATTACHMENTS])" in market zone "Trader Zone" (pos=<6675.160645, 104.603935, 6114.155762>) for a price of 390.
19:54:25.656 [Market] Player "MaHxMi3 | Slayer" (id=_AqICEBF10fARr_5J1u6RE7mqS8sFkumFiqXBfcXjhU=) has sold ak74_woodbttstck x1 (1b662ab0) at the trader "Attachments (Jose [#STR_EXPANSION_MARKET_TRADER_ATTACHMENTS])" in market zone "Trader Zone" (pos=<6675.160645, 104.603935, 6114.155762>) and got 56.
19:54:27.343 [Market] Player "MaHxMi3 | Slayer" (id=_AqICEBF10fARr_5J1u6RE7mqS8sFkumFiqXBfcXjhU=) has sold ak_suppressor x1 (1af229d0) at the trader "Attachments (Jose [#STR_EXPANSION_MARKET_TRADER_ATTACHMENTS])" in market zone "Trader Zone" (pos=<6675.160645, 104.603935, 6114.155762>) and got 18.
19:54:28.820 [Market] Player "MaHxMi3 | Slayer" (id=_AqICEBF10fARr_5J1u6RE7mqS8sFkumFiqXBfcXjhU=) has sold ak_suppressor x1 (1af2ee60) at the trader "Attachments (Jose [#STR_EXPANSION_MARKET_TRADER_ATTACHMENTS])" in market zone "Trader Zone" (pos=<6675.160645, 104.603935, 6114.155762>) and got 18.
19:54:41.023 [Market] Player "MaHxMi3 | Slayer" (id=_AqICEBF10fARr_5J1u6RE7mqS8sFkumFiqXBfcXjhU=) has sold ammobox_545x39_20rnd x1 (19ea6d40) at the trader "Weapons (Denis [#STR_EXPANSION_MARKET_TRADER_WEAPONS])" in market zone "Trader Zone" (pos=<6675.160645, 104.603935, 6114.155762>) and got 24.
19:54:41.187 [Market] Player "MaHxMi3 | Slayer" (id=_AqICEBF10fARr_5J1u6RE7mqS8sFkumFiqXBfcXjhU=) has sold ammobox_545x39_20rnd x1 (19eb31d0) at the trader "Weapons (Denis [#STR_EXPANSION_MARKET_TRADER_WEAPONS])" in market zone "Trader Zone" (pos=<6675.160645, 104.603935, 6114.155762>) and got 24.
19:54:41.382 [Market] Player "MaHxMi3 | Slayer" (id=_AqICEBF10fARr_5J1u6RE7mqS8sFkumFiqXBfcXjhU=) has sold ammobox_545x39_20rnd x1 (d2b0d00) at the trader "Weapons (Denis [#STR_EXPANSION_MARKET_TRADER_WEAPONS])" in market zone "Trader Zone" (pos=<6675.160645, 104.603935, 6114.155762>) and got 24.
19:54:41.515 [Market] Player "MaHxMi3 | Slayer" (id=_AqICEBF10fARr_5J1u6RE7mqS8sFkumFiqXBfcXjhU=) has sold ammobox_545x39_20rnd x1 (fb1f380) at the trader "Weapons (Denis [#STR_EXPANSION_MARKET_TRADER_WEAPONS])" in market zone "Trader Zone" (pos=<6675.160645, 104.603935, 6114.155762>) and got 24.
19:54:42.226 [Market] Player "MaHxMi3 | Slayer" (id=_AqICEBF10fARr_5J1u6RE7mqS8sFkumFiqXBfcXjhU=) has sold ammobox_545x39_20rnd x1 (d8bec150) at the trader "Weapons (Denis [#STR_EXPANSION_MARKET_TRADER_WEAPONS])" in market zone "Trader Zone" (pos=<6675.160645, 104.603935, 6114.155762>) and got 24.
19:54:42.398 [Market] Player "MaHxMi3 | Slayer" (id=_AqICEBF10fARr_5J1u6RE7mqS8sFkumFiqXBfcXjhU=) has sold ammobox_545x39_20rnd x1 (1f259a90) at the trader "Weapons (Denis [#STR_EXPANSION_MARKET_TRADER_WEAPONS])" in market zone "Trader Zone" (pos=<6675.160645, 104.603935, 6114.155762>) and got 24.
19:54:42.531 [Market] Player "MaHxMi3 | Slayer" (id=_AqICEBF10fARr_5J1u6RE7mqS8sFkumFiqXBfcXjhU=) has sold ammobox_545x39_20rnd x1 (12760650) at the trader "Weapons (Denis [#STR_EXPANSION_MARKET_TRADER_WEAPONS])" in market zone "Trader Zone" (pos=<6675.160645, 104.603935, 6114.155762>) and got 24.
19:54:42.703 [Market] Player "MaHxMi3 | Slayer" (id=_AqICEBF10fARr_5J1u6RE7mqS8sFkumFiqXBfcXjhU=) has sold ammobox_545x39_20rnd x1 (10169b90) at the trader "Weapons (Denis [#STR_EXPANSION_MARKET_TRADER_WEAPONS])" in market zone "Trader Zone" (pos=<6675.160645, 104.603935, 6114.155762>) and got 24.
19:54:43.242 [Market] Player "MaHxMi3 | Slayer" (id=_AqICEBF10fARr_5J1u6RE7mqS8sFkumFiqXBfcXjhU=) has sold ammobox_545x39_20rnd x1 (1014aa60) at the trader "Weapons (Denis [#STR_EXPANSION_MARKET_TRADER_WEAPONS])" in market zone "Trader Zone" (pos=<6675.160645, 104.603935, 6114.155762>) and got 24.
19:54:43.585 [Market] Player "MaHxMi3 | Slayer" (id=_AqICEBF10fARr_5J1u6RE7mqS8sFkumFiqXBfcXjhU=) has sold ammobox_545x39_20rnd x1 (12741520) at the trader "Weapons (Denis [#STR_EXPANSION_MARKET_TRADER_WEAPONS])" in market zone "Trader Zone" (pos=<6675.160645, 104.603935, 6114.155762>) and got 24.
19:54:44.171 [Market] Player "MaHxMi3 | Slayer" (id=_AqICEBF10fARr_5J1u6RE7mqS8sFkumFiqXBfcXjhU=) has sold ammobox_9x19_25rnd x1 (199122d0) at the trader "Weapons (Denis [#STR_EXPANSION_MARKET_TRADER_WEAPONS])" in market zone "Trader Zone" (pos=<6675.160645, 104.603935, 6114.155762>) and got 30.
19:54:45.367 [Market] Player "MaHxMi3 | Slayer" (id=_AqICEBF10fARr_5J1u6RE7mqS8sFkumFiqXBfcXjhU=) has bought ammobox_9x19_25rnd x1 (1014aa60) from the trader "Weapons (Denis [#STR_EXPANSION_MARKET_TRADER_WEAPONS])" in market zone "Trader Zone" (pos=<6675.160645, 104.603935, 6114.155762>) for a price of 40.
19:54:59.414 [Market] Player "MaHxMi3 | Slayer" (id=_AqICEBF10fARr_5J1u6RE7mqS8sFkumFiqXBfcXjhU=) has sold mag_ak74_45rnd x1 (d777c70, ammo_545x39 x45) at the trader "Attachments (Jose [#STR_EXPANSION_MARKET_TRADER_ATTACHMENTS])" in market zone "Trader Zone" (pos=<6675.160645, 104.603935, 6114.155762>) and got 270.
19:55:00.000 [Market] Player "MaHxMi3 | Slayer" (id=_AqICEBF10fARr_5J1u6RE7mqS8sFkumFiqXBfcXjhU=) has sold mag_ak74_45rnd x1 (d774e30, ammo_545x39 x45) at the trader "Attachments (Jose [#STR_EXPANSION_MARKET_TRADER_ATTACHMENTS])" in market zone "Trader Zone" (pos=<6675.160645, 104.603935, 6114.155762>) and got 270.
19:55:12.320 [Market] Player "MaHxMi3 | Slayer" (id=_AqICEBF10fARr_5J1u6RE7mqS8sFkumFiqXBfcXjhU=) has sold aks74u x1 (1558a800, Mag_AK74_30Rnd<1b6658f0>, ammo_545x39 x8) at the trader "Weapons (Denis [#STR_EXPANSION_MARKET_TRADER_WEAPONS])" in market zone "Trader Zone" (pos=<6675.160645, 104.603935, 6114.155762>) and got 915.
19:56:31.757 [Market] Player "MaHxMi3 | Slayer" (id=_AqICEBF10fARr_5J1u6RE7mqS8sFkumFiqXBfcXjhU=) has bought glock19 x1 (1e6ef2b0, Mag_Glock_15Rnd<d77e480>, ammo_9x19 x15) from the trader "Weapons (Denis [#STR_EXPANSION_MARKET_TRADER_WEAPONS])" in market zone "Trader Zone" (pos=<6675.160645, 104.603935, 6114.155762>) for a price of 370.
19:57:07.101 [Party] Player "MrWowaWowa" (id=wBwiybhmqSv3IfINgIr99PhPwxKwXc4RCt6SZurIBXQ=) invited the player "MaHxMi3 | Slayer" (id=_AqICEBF10fARr_5J1u6RE7mqS8sFkumFiqXBfcXjhU=)to the party named Hawk Fearless
19:57:23.687 [Party] Player "MaHxMi3 | Slayer" (id=_AqICEBF10fARr_5J1u6RE7mqS8sFkumFiqXBfcXjhU=) joinded the party "Hawk Fearless" (id=5 ownerUID=wBwiybhmqSv3IfINgIr99PhPwxKwXc4RCt6SZurIBXQ= ownerName=MrWowaWowa)
19:58:41.992 [Market] Player "MaHxMi3 | Slayer" (id=_AqICEBF10fARr_5J1u6RE7mqS8sFkumFiqXBfcXjhU=) has bought expansion_m16 x1 (dc2cad0, Mag_STANAG_30Rnd<1abea2b0>, ammo_556x45 x30) from the trader "Weapons (Denis [#STR_EXPANSION_MARKET_TRADER_WEAPONS])" in market zone "Trader Zone" (pos=<6675.160645, 104.603935, 6114.155762>) for a price of 440.
19:59:00.921 [Market] Player "MaHxMi3 | Slayer" (id=_AqICEBF10fARr_5J1u6RE7mqS8sFkumFiqXBfcXjhU=) has bought mag_stanag_60rnd x1 (19516880, ammo_556x45 x60) from the trader "Attachments (Jose [#STR_EXPANSION_MARKET_TRADER_ATTACHMENTS])" in market zone "Trader Zone" (pos=<6675.160645, 104.603935, 6114.155762>) for a price of 600.
19:59:01.632 [Market] Player "MaHxMi3 | Slayer" (id=_AqICEBF10fARr_5J1u6RE7mqS8sFkumFiqXBfcXjhU=) has bought mag_stanag_60rnd x1 (19511790, ammo_556x45 x60) from the trader "Attachments (Jose [#STR_EXPANSION_MARKET_TRADER_ATTACHMENTS])" in market zone "Trader Zone" (pos=<6675.160645, 104.603935, 6114.155762>) for a price of 600.
19:59:05.500 [Market] Player "MaHxMi3 | Slayer" (id=_AqICEBF10fARr_5J1u6RE7mqS8sFkumFiqXBfcXjhU=) has bought mag_stanag_60rnd x1 (1d738630, ammo_556x45 x60) from the trader "Attachments (Jose [#STR_EXPANSION_MARKET_TRADER_ATTACHMENTS])" in market zone "Trader Zone" (pos=<6675.160645, 104.603935, 6114.155762>) for a price of 600.
19:59:12.062 [Market] Player "MaHxMi3 | Slayer" (id=_AqICEBF10fARr_5J1u6RE7mqS8sFkumFiqXBfcXjhU=) has bought universallight x1 (1d749bb0) from the trader "Attachments (Jose [#STR_EXPANSION_MARKET_TRADER_ATTACHMENTS])" in market zone "Trader Zone" (pos=<6675.160645, 104.603935, 6114.155762>) for a price of 120.
19:59:15.203 [Market] Player "MaHxMi3 | Slayer" (id=_AqICEBF10fARr_5J1u6RE7mqS8sFkumFiqXBfcXjhU=) has bought m4_suppressor x1 (129cab80) from the trader "Attachments (Jose [#STR_EXPANSION_MARKET_TRADER_ATTACHMENTS])" in market zone "Trader Zone" (pos=<6675.160645, 104.603935, 6114.155762>) for a price of 25.
19:59:15.578 [Market] Player "MaHxMi3 | Slayer" (id=_AqICEBF10fARr_5J1u6RE7mqS8sFkumFiqXBfcXjhU=) has bought m4_suppressor x1 (129c5a90) from the trader "Attachments (Jose [#STR_EXPANSION_MARKET_TRADER_ATTACHMENTS])" in market zone "Trader Zone" (pos=<6675.160645, 104.603935, 6114.155762>) for a price of 25.
19:59:18.203 [Market] Player "MaHxMi3 | Slayer" (id=_AqICEBF10fARr_5J1u6RE7mqS8sFkumFiqXBfcXjhU=) has bought ghillieatt_tan x1 (d2b5df0) from the trader "Attachments (Jose [#STR_EXPANSION_MARKET_TRADER_ATTACHMENTS])" in market zone "Trader Zone" (pos=<6675.160645, 104.603935, 6114.155762>) for a price of 220.
19:59:38.281 [Market] Player "MaHxMi3 | Slayer" (id=_AqICEBF10fARr_5J1u6RE7mqS8sFkumFiqXBfcXjhU=) has bought expansionexps3holooptic x1 (1e519850, Battery9V<d8bf1dd0>) from the trader "Attachments (Jose [#STR_EXPANSION_MARKET_TRADER_ATTACHMENTS])" in market zone "Trader Zone" (pos=<6675.160645, 104.603935, 6114.155762>) for a price of 210.
20:00:43.382 [Market] Player "MaHxMi3 | Slayer" (id=_AqICEBF10fARr_5J1u6RE7mqS8sFkumFiqXBfcXjhU=) has bought pistolsuppressor x1 (15345fc0) from the trader "Attachments (Jose [#STR_EXPANSION_MARKET_TRADER_ATTACHMENTS])" in market zone "Trader Zone" (pos=<6675.160645, 104.603935, 6114.155762>) for a price of 15.
20:01:02.093 [Market] Player "MaHxMi3 | Slayer" (id=_AqICEBF10fARr_5J1u6RE7mqS8sFkumFiqXBfcXjhU=) has bought tlrlight x1 (120ccee0) from the trader "Attachments (Jose [#STR_EXPANSION_MARKET_TRADER_ATTACHMENTS])" in market zone "Trader Zone" (pos=<6675.160645, 104.603935, 6114.155762>) for a price of 120.
20:01:13.257 [Market] Player "MaHxMi3 | Slayer" (id=_AqICEBF10fARr_5J1u6RE7mqS8sFkumFiqXBfcXjhU=) has bought expansiondeltapointoptic x1 (f40a48d0) from the trader "Attachments (Jose [#STR_EXPANSION_MARKET_TRADER_ATTACHMENTS])" in market zone "Trader Zone" (pos=<6675.160645, 104.603935, 6114.155762>) for a price of 150.
20:01:18.835 [Market] Player "MrWowaWowa" (id=wBwiybhmqSv3IfINgIr99PhPwxKwXc4RCt6SZurIBXQ=) has bought vitaminbottle x1 (f40a7910) from the trader "Medicals (Mirek [#STR_EXPANSION_MARKET_TRADER_MEDICALS])" in market zone "Trader Zone" (pos=<6675.160645, 104.603935, 6114.155762>) for a price of 6.
20:01:19.843 [Market] Player "MrWowaWowa" (id=wBwiybhmqSv3IfINgIr99PhPwxKwXc4RCt6SZurIBXQ=) has bought tetracyclineantibiotics x1 (1e512bc0) from the trader "Medicals (Mirek [#STR_EXPANSION_MARKET_TRADER_MEDICALS])" in market zone "Trader Zone" (pos=<6675.160645, 104.603935, 6114.155762>) for a price of 8.
20:01:22.101 [Market] Player "MrWowaWowa" (id=wBwiybhmqSv3IfINgIr99PhPwxKwXc4RCt6SZurIBXQ=) has bought painkillertablets x1 (1934f220) from the trader "Medicals (Mirek [#STR_EXPANSION_MARKET_TRADER_MEDICALS])" in market zone "Trader Zone" (pos=<6675.160645, 104.603935, 6114.155762>) for a price of 10.
20:01:34.140 [Market] Player "MrWowaWowa" (id=wBwiybhmqSv3IfINgIr99PhPwxKwXc4RCt6SZurIBXQ=) has sold painkillertablets x1 (1934f220) at the trader "Medicals (Mirek [#STR_EXPANSION_MARKET_TRADER_MEDICALS])" in market zone "Trader Zone" (pos=<6675.160645, 104.603935, 6114.155762>) and got 7.
20:01:40.609 [Market] Player "MrWowaWowa" (id=wBwiybhmqSv3IfINgIr99PhPwxKwXc4RCt6SZurIBXQ=) has bought bandagedressing x1 (1e8651e0) from the trader "Medicals (Mirek [#STR_EXPANSION_MARKET_TRADER_MEDICALS])" in market zone "Trader Zone" (pos=<6675.160645, 104.603935, 6114.155762>) for a price of 3.
20:02:16.656 [Market] Player "MaHxMi3 | Slayer" (id=_AqICEBF10fARr_5J1u6RE7mqS8sFkumFiqXBfcXjhU=) has bought ammobox_556x45_20rnd x1 (17d1bcf0) from the trader "Weapons (Denis [#STR_EXPANSION_MARKET_TRADER_WEAPONS])" in market zone "Trader Zone" (pos=<6675.160645, 104.603935, 6114.155762>) for a price of 32.
20:02:17.046 [Market] Player "MaHxMi3 | Slayer" (id=_AqICEBF10fARr_5J1u6RE7mqS8sFkumFiqXBfcXjhU=) has bought ammobox_556x45_20rnd x1 (17d4fd70) from the trader "Weapons (Denis [#STR_EXPANSION_MARKET_TRADER_WEAPONS])" in market zone "Trader Zone" (pos=<6675.160645, 104.603935, 6114.155762>) for a price of 32.
20:02:17.351 [Market] Player "MaHxMi3 | Slayer" (id=_AqICEBF10fARr_5J1u6RE7mqS8sFkumFiqXBfcXjhU=) has bought ammobox_556x45_20rnd x1 (1b850ed0) from the trader "Weapons (Denis [#STR_EXPANSION_MARKET_TRADER_WEAPONS])" in market zone "Trader Zone" (pos=<6675.160645, 104.603935, 6114.155762>) for a price of 32.
20:02:17.906 [Market] Player "MaHxMi3 | Slayer" (id=_AqICEBF10fARr_5J1u6RE7mqS8sFkumFiqXBfcXjhU=) has bought ammobox_556x45_20rnd x1 (1b85f610) from the trader "Weapons (Denis [#STR_EXPANSION_MARKET_TRADER_WEAPONS])" in market zone "Trader Zone" (pos=<6675.160645, 104.603935, 6114.155762>) for a price of 32.
20:02:19.492 [Market] Player "MaHxMi3 | Slayer" (id=_AqICEBF10fARr_5J1u6RE7mqS8sFkumFiqXBfcXjhU=) has bought ammobox_556x45_20rnd x1 (1ad6f440) from the trader "Weapons (Denis [#STR_EXPANSION_MARKET_TRADER_WEAPONS])" in market zone "Trader Zone" (pos=<6675.160645, 104.603935, 6114.155762>) for a price of 32.
20:02:19.632 [Market] Player "MaHxMi3 | Slayer" (id=_AqICEBF10fARr_5J1u6RE7mqS8sFkumFiqXBfcXjhU=) has bought ammobox_556x45_20rnd x1 (f82ba80) from the trader "Weapons (Denis [#STR_EXPANSION_MARKET_TRADER_WEAPONS])" in market zone "Trader Zone" (pos=<6675.160645, 104.603935, 6114.155762>) for a price of 32.
20:03:30.210 [Party] Player "MrWowaWowa" (id=wBwiybhmqSv3IfINgIr99PhPwxKwXc4RCt6SZurIBXQ=) left the party "Hawk Fearless" (id=5 ownerUID=wBwiybhmqSv3IfINgIr99PhPwxKwXc4RCt6SZurIBXQ= ownerName=MrWowaWowa)
20:03:30.273 [Party] Player "MaHxMi3 | Slayer" (id=_AqICEBF10fARr_5J1u6RE7mqS8sFkumFiqXBfcXjhU=) left the party "Hawk Fearless" (id=5 ownerUID=wBwiybhmqSv3IfINgIr99PhPwxKwXc4RCt6SZurIBXQ= ownerName=MrWowaWowa)
20:04:40.132 [Party] Player "LEZIENTE" (id=ps47fp3xeoA9NP4omdc75NKxQkScsxXydelOk12yuJU=) joinded the party "Pirate" (id=10 ownerUID=JiINkm_yiXggXmjzWKLDZ3qrwLEDopmYuEIYCwBunxQ= ownerName=fabkobparis)
20:05:28.640 [Market] Player "Eric" (id=DT1QFut1v8UN48skN3UnroicVIl_5hTizZZZSwLRxk8=) has bought reflexoptic x1 (127876d0, Battery9V<1b63c5e0>) from the trader "Attachments (Jose [#STR_EXPANSION_MARKET_TRADER_ATTACHMENTS])" in market zone "Trader Zone" (pos=<6675.160645, 104.603935, 6114.155762>) for a price of 160.
20:05:58.156 [Market] Player "Eric" (id=DT1QFut1v8UN48skN3UnroicVIl_5hTizZZZSwLRxk8=) has bought weaponcleaningkit x1 (6ac85e50) from the trader "Components (Cyril [#STR_EXPANSION_MARKET_TRADER_COMPONENTS])" in market zone "Trader Zone" (pos=<6675.160645, 104.603935, 6114.155762>) for a price of 8.
20:06:00.406 [Party] Player "LEZIENTE" (id=ps47fp3xeoA9NP4omdc75NKxQkScsxXydelOk12yuJU=) left the party "Pirate" (id=10 ownerUID=JiINkm_yiXggXmjzWKLDZ3qrwLEDopmYuEIYCwBunxQ= ownerName=fabkobparis)
20:06:16.015 [Safezone] Player "MaHxMi3 | Slayer" (id=_AqICEBF10fARr_5J1u6RE7mqS8sFkumFiqXBfcXjhU= pos=<6679.69, 102.5, 6107.9>) entered the safezone
20:06:16.015 [Party] Player "MaHxMi3 | Slayer" (id=_AqICEBF10fARr_5J1u6RE7mqS8sFkumFiqXBfcXjhU=) joinded the party "Hawk Fearless" (id=5 ownerUID=wBwiybhmqSv3IfINgIr99PhPwxKwXc4RCt6SZurIBXQ= ownerName=MrWowaWowa)
20:07:01.554 [Market] Player "MaHxMi3 | Slayer" (id=_AqICEBF10fARr_5J1u6RE7mqS8sFkumFiqXBfcXjhU=) has bought universallight x1 (14c28e50) from the trader "Attachments (Jose [#STR_EXPANSION_MARKET_TRADER_ATTACHMENTS])" in market zone "Trader Zone" (pos=<6675.160645, 104.603935, 6114.155762>) for a price of 120.
20:07:02.226 [Market] Player "MaHxMi3 | Slayer" (id=_AqICEBF10fARr_5J1u6RE7mqS8sFkumFiqXBfcXjhU=) has bought universallight x1 (f82d1a0) from the trader "Attachments (Jose [#STR_EXPANSION_MARKET_TRADER_ATTACHMENTS])" in market zone "Trader Zone" (pos=<6675.160645, 104.603935, 6114.155762>) for a price of 120.
20:07:57.554 [Market] Player "MaHxMi3 | Slayer" (id=_AqICEBF10fARr_5J1u6RE7mqS8sFkumFiqXBfcXjhU=) has sold universallight x1 (f82d1a0) at the trader "Attachments (Jose [#STR_EXPANSION_MARKET_TRADER_ATTACHMENTS])" in market zone "Trader Zone" (pos=<6675.160645, 104.603935, 6114.155762>) and got 90.
20:07:57.960 [Market] Player "MaHxMi3 | Slayer" (id=_AqICEBF10fARr_5J1u6RE7mqS8sFkumFiqXBfcXjhU=) has sold universallight x1 (14c28e50) at the trader "Attachments (Jose [#STR_EXPANSION_MARKET_TRADER_ATTACHMENTS])" in market zone "Trader Zone" (pos=<6675.160645, 104.603935, 6114.155762>) and got 90.
20:07:58.414 [Market] Player "MaHxMi3 | Slayer" (id=_AqICEBF10fARr_5J1u6RE7mqS8sFkumFiqXBfcXjhU=) has bought tlrlight x1 (204b9fe0) from the trader "Attachments (Jose [#STR_EXPANSION_MARKET_TRADER_ATTACHMENTS])" in market zone "Trader Zone" (pos=<6675.160645, 104.603935, 6114.155762>) for a price of 120.
20:08:01.562 [ATM] Player "Eric" (id=DT1QFut1v8UN48skN3UnroicVIl_5hTizZZZSwLRxk8=) has withdrawn 5000 from his ATM account.
20:08:04.468 [Safezone] Player "MrWowaWowa" (id=wBwiybhmqSv3IfINgIr99PhPwxKwXc4RCt6SZurIBXQ= pos=<6669.44, 106.14, 6110.8>) entered the safezone
20:08:04.468 [Party] Player "MrWowaWowa" (id=wBwiybhmqSv3IfINgIr99PhPwxKwXc4RCt6SZurIBXQ=) joinded the party "Hawk Fearless" (id=5 ownerUID=wBwiybhmqSv3IfINgIr99PhPwxKwXc4RCt6SZurIBXQ= ownerName=MrWowaWowa)
20:08:10.914 [Market] Player "MaHxMi3 | Slayer" (id=_AqICEBF10fARr_5J1u6RE7mqS8sFkumFiqXBfcXjhU=) has bought universallight x1 (20690170) from the trader "Attachments (Jose [#STR_EXPANSION_MARKET_TRADER_ATTACHMENTS])" in market zone "Trader Zone" (pos=<6675.160645, 104.603935, 6114.155762>) for a price of 120.
20:08:17.609 [Market] Player "Eric" (id=DT1QFut1v8UN48skN3UnroicVIl_5hTizZZZSwLRxk8=) has bought saiga x1 (1e7094b0, Mag_Saiga_8Rnd<2069e8b0>, ammo_12gapellets x8, Saiga_Bttstck<20692420>) from the trader "Weapons (Denis [#STR_EXPANSION_MARKET_TRADER_WEAPONS])" in market zone "Trader Zone" (pos=<6675.160645, 104.603935, 6114.155762>) for a price of 1910.
20:08:25.632 [Market] Player "MaHxMi3 | Slayer" (id=_AqICEBF10fARr_5J1u6RE7mqS8sFkumFiqXBfcXjhU=) has sold tlrlight x1 (204b9fe0) at the trader "Attachments (Jose [#STR_EXPANSION_MARKET_TRADER_ATTACHMENTS])" in market zone "Trader Zone" (pos=<6675.160645, 104.603935, 6114.155762>) and got 90.
20:08:27.164 [Market] Player "MaHxMi3 | Slayer" (id=_AqICEBF10fARr_5J1u6RE7mqS8sFkumFiqXBfcXjhU=) has sold universallight x1 (20690170) at the trader "Attachments (Jose [#STR_EXPANSION_MARKET_TRADER_ATTACHMENTS])" in market zone "Trader Zone" (pos=<6675.160645, 104.603935, 6114.155762>) and got 90.
20:08:43.914 [Market] Player "MaHxMi3 | Slayer" (id=_AqICEBF10fARr_5J1u6RE7mqS8sFkumFiqXBfcXjhU=) has sold ump45 x1 (dc24830) at the trader "Weapons (Denis [#STR_EXPANSION_MARKET_TRADER_WEAPONS])" in market zone "Trader Zone" (pos=<6675.160645, 104.603935, 6114.155762>) and got 600.
20:08:57.250 [Market] Player "Eric" (id=DT1QFut1v8UN48skN3UnroicVIl_5hTizZZZSwLRxk8=) has bought ammobox_00buck_10rnd x1 (1763bd10) from the trader "Weapons (Denis [#STR_EXPANSION_MARKET_TRADER_WEAPONS])" in market zone "Trader Zone" (pos=<6675.160645, 104.603935, 6114.155762>) for a price of 40.
20:08:57.843 [Market] Player "Eric" (id=DT1QFut1v8UN48skN3UnroicVIl_5hTizZZZSwLRxk8=) has bought ammobox_00buck_10rnd x1 (1763a5f0) from the trader "Weapons (Denis [#STR_EXPANSION_MARKET_TRADER_WEAPONS])" in market zone "Trader Zone" (pos=<6675.160645, 104.603935, 6114.155762>) for a price of 40.
20:08:58.929 [Market] Player "Eric" (id=DT1QFut1v8UN48skN3UnroicVIl_5hTizZZZSwLRxk8=) has bought ammobox_00buck_10rnd x1 (17647610) from the trader "Weapons (Denis [#STR_EXPANSION_MARKET_TRADER_WEAPONS])" in market zone "Trader Zone" (pos=<6675.160645, 104.603935, 6114.155762>) for a price of 40.
20:08:59.578 [Market] Player "Eric" (id=DT1QFut1v8UN48skN3UnroicVIl_5hTizZZZSwLRxk8=) has bought ammobox_00buck_10rnd x1 (17660ac0) from the trader "Weapons (Denis [#STR_EXPANSION_MARKET_TRADER_WEAPONS])" in market zone "Trader Zone" (pos=<6675.160645, 104.603935, 6114.155762>) for a price of 40.
20:09:26.046 [Market] Player "MrWowaWowa" (id=wBwiybhmqSv3IfINgIr99PhPwxKwXc4RCt6SZurIBXQ=) has bought charcoaltablets x1 (176d8c10) from the trader "Medicals (Mirek [#STR_EXPANSION_MARKET_TRADER_MEDICALS])" in market zone "Trader Zone" (pos=<6675.160645, 104.603935, 6114.155762>) for a price of 2.
20:09:44.851 [Market] Player "Eric" (id=DT1QFut1v8UN48skN3UnroicVIl_5hTizZZZSwLRxk8=) has bought mag_saiga_drum20rnd x1 (1e553c60, ammo_12gapellets x20) from the trader "Attachments (Jose [#STR_EXPANSION_MARKET_TRADER_ATTACHMENTS])" in market zone "Trader Zone" (pos=<6675.160645, 104.603935, 6114.155762>) for a price of 580.
20:09:57.320 [Market] Player "MrWowaWowa" (id=wBwiybhmqSv3IfINgIr99PhPwxKwXc4RCt6SZurIBXQ=) has bought porkcan x1 (1278ef70) from the trader "Consumables (Linda [#STR_EXPANSION_MARKET_TRADER_CONSUMABLES])" in market zone "Trader Zone" (pos=<6675.160645, 104.603935, 6114.155762>) for a price of 15.
20:09:57.453 [Market] Player "MrWowaWowa" (id=wBwiybhmqSv3IfINgIr99PhPwxKwXc4RCt6SZurIBXQ=) has bought porkcan x1 (1279a460) from the trader "Consumables (Linda [#STR_EXPANSION_MARKET_TRADER_CONSUMABLES])" in market zone "Trader Zone" (pos=<6675.160645, 104.603935, 6114.155762>) for a price of 15.
20:09:57.648 [Market] Player "MrWowaWowa" (id=wBwiybhmqSv3IfINgIr99PhPwxKwXc4RCt6SZurIBXQ=) has bought porkcan x1 (1279e0b0) from the trader "Consumables (Linda [#STR_EXPANSION_MARKET_TRADER_CONSUMABLES])" in market zone "Trader Zone" (pos=<6675.160645, 104.603935, 6114.155762>) for a price of 15.
20:10:01.500 [Market] Player "MaHxMi3 | Slayer" (id=_AqICEBF10fARr_5J1u6RE7mqS8sFkumFiqXBfcXjhU=) has bought painkillertablets x1 (127a2910) from the trader "Medicals (Mirek [#STR_EXPANSION_MARKET_TRADER_MEDICALS])" in market zone "Trader Zone" (pos=<6675.160645, 104.603935, 6114.155762>) for a price of 10.
20:10:02.515 [Market] Player "MaHxMi3 | Slayer" (id=_AqICEBF10fARr_5J1u6RE7mqS8sFkumFiqXBfcXjhU=) has bought tetracyclineantibiotics x1 (ff86150) from the trader "Medicals (Mirek [#STR_EXPANSION_MARKET_TRADER_MEDICALS])" in market zone "Trader Zone" (pos=<6675.160645, 104.603935, 6114.155762>) for a price of 8.
20:10:03.750 [Market] Player "MaHxMi3 | Slayer" (id=_AqICEBF10fARr_5J1u6RE7mqS8sFkumFiqXBfcXjhU=) has bought charcoaltablets x1 (f40ad990) from the trader "Medicals (Mirek [#STR_EXPANSION_MARKET_TRADER_MEDICALS])" in market zone "Trader Zone" (pos=<6675.160645, 104.603935, 6114.155762>) for a price of 2.
20:10:07.031 [Market] Player "MaHxMi3 | Slayer" (id=_AqICEBF10fARr_5J1u6RE7mqS8sFkumFiqXBfcXjhU=) has bought purificationtablets x1 (f407bd70) from the trader "Medicals (Mirek [#STR_EXPANSION_MARKET_TRADER_MEDICALS])" in market zone "Trader Zone" (pos=<6675.160645, 104.603935, 6114.155762>) for a price of 5.
20:11:08.882 [Market] Player "MaHxMi3 | Slayer" (id=_AqICEBF10fARr_5J1u6RE7mqS8sFkumFiqXBfcXjhU=) has bought firefighteraxe x1 (1ef35540) from the trader "Components (Cyril [#STR_EXPANSION_MARKET_TRADER_COMPONENTS])" in market zone "Trader Zone" (pos=<6675.160645, 104.603935, 6114.155762>) for a price of 30.
20:11:34.265 [ATM] Player "MrWowaWowa" (id=wBwiybhmqSv3IfINgIr99PhPwxKwXc4RCt6SZurIBXQ=) has deposited 381 on his ATM account.
20:11:56.812 [Market] Player "MaHxMi3 | Slayer" (id=_AqICEBF10fARr_5J1u6RE7mqS8sFkumFiqXBfcXjhU=) has bought battery9v x1 (198ec990) from the trader "Components (Cyril [#STR_EXPANSION_MARKET_TRADER_COMPONENTS])" in market zone "Trader Zone" (pos=<6675.160645, 104.603935, 6114.155762>) for a price of 10.
20:11:57.281 [Market] Player "MaHxMi3 | Slayer" (id=_AqICEBF10fARr_5J1u6RE7mqS8sFkumFiqXBfcXjhU=) has bought battery9v x1 (198eec40) from the trader "Components (Cyril [#STR_EXPANSION_MARKET_TRADER_COMPONENTS])" in market zone "Trader Zone" (pos=<6675.160645, 104.603935, 6114.155762>) for a price of 10.
20:11:59.632 [ATM] Player "MrWowaWowa" (id=wBwiybhmqSv3IfINgIr99PhPwxKwXc4RCt6SZurIBXQ=) has withdrawn 200 from his ATM account.
20:12:00.148 [Market] Player "MaHxMi3 | Slayer" (id=_AqICEBF10fARr_5J1u6RE7mqS8sFkumFiqXBfcXjhU=) has bought battery9v x1 (120e40e0) from the trader "Components (Cyril [#STR_EXPANSION_MARKET_TRADER_COMPONENTS])" in market zone "Trader Zone" (pos=<6675.160645, 104.603935, 6114.155762>) for a price of 10.
20:12:00.781 [Market] Player "MaHxMi3 | Slayer" (id=_AqICEBF10fARr_5J1u6RE7mqS8sFkumFiqXBfcXjhU=) has bought battery9v x1 (1d05b620) from the trader "Components (Cyril [#STR_EXPANSION_MARKET_TRADER_COMPONENTS])" in market zone "Trader Zone" (pos=<6675.160645, 104.603935, 6114.155762>) for a price of 10.
20:12:30.281 [Market] Player "MrWowaWowa" (id=wBwiybhmqSv3IfINgIr99PhPwxKwXc4RCt6SZurIBXQ=) has bought heatpack x1 (fd4ca60) from the trader "Medicals (Mirek [#STR_EXPANSION_MARKET_TRADER_MEDICALS])" in market zone "Trader Zone" (pos=<6675.160645, 104.603935, 6114.155762>) for a price of 10.
20:12:30.945 [Market] Player "MrWowaWowa" (id=wBwiybhmqSv3IfINgIr99PhPwxKwXc4RCt6SZurIBXQ=) has bought heatpack x1 (1ad72280) from the trader "Medicals (Mirek [#STR_EXPANSION_MARKET_TRADER_MEDICALS])" in market zone "Trader Zone" (pos=<6675.160645, 104.603935, 6114.155762>) for a price of 10.
20:13:43.703 [Market] Player "MaHxMi3 | Slayer" (id=_AqICEBF10fARr_5J1u6RE7mqS8sFkumFiqXBfcXjhU=) has bought mag_glock_15rnd x1 (1edea470, ammo_9x19 x15) from the trader "Attachments (Jose [#STR_EXPANSION_MARKET_TRADER_ATTACHMENTS])" in market zone "Trader Zone" (pos=<6675.160645, 104.603935, 6114.155762>) for a price of 70.
20:13:44.101 [Market] Player "MaHxMi3 | Slayer" (id=_AqICEBF10fARr_5J1u6RE7mqS8sFkumFiqXBfcXjhU=) has bought mag_glock_15rnd x1 (14c1a710, ammo_9x19 x15) from the trader "Attachments (Jose [#STR_EXPANSION_MARKET_TRADER_ATTACHMENTS])" in market zone "Trader Zone" (pos=<6675.160645, 104.603935, 6114.155762>) for a price of 70.
20:13:44.460 [Market] Player "MaHxMi3 | Slayer" (id=_AqICEBF10fARr_5J1u6RE7mqS8sFkumFiqXBfcXjhU=) has bought mag_glock_15rnd x1 (d8bf4c10, ammo_9x19 x15) from the trader "Attachments (Jose [#STR_EXPANSION_MARKET_TRADER_ATTACHMENTS])" in market zone "Trader Zone" (pos=<6675.160645, 104.603935, 6114.155762>) for a price of 70.
20:14:11.703 [Market] Player "Eric" (id=DT1QFut1v8UN48skN3UnroicVIl_5hTizZZZSwLRxk8=) has bought anticheminjector x1 (1d73cb90) from the trader "Medicals (Mirek [#STR_EXPANSION_MARKET_TRADER_MEDICALS])" in market zone "Trader Zone" (pos=<6675.160645, 104.603935, 6114.155762>) for a price of 100.
20:14:13.500 [Market] Player "MrWowaWowa" (id=wBwiybhmqSv3IfINgIr99PhPwxKwXc4RCt6SZurIBXQ=) has bought anticheminjector x1 (1ef3b1c0) from the trader "Medicals (Mirek [#STR_EXPANSION_MARKET_TRADER_MEDICALS])" in market zone "Trader Zone" (pos=<6675.160645, 104.603935, 6114.155762>) for a price of 100.
20:14:17.320 [Market] Player "Eric" (id=DT1QFut1v8UN48skN3UnroicVIl_5hTizZZZSwLRxk8=) has bought heatpack x1 (1e951df0) from the trader "Medicals (Mirek [#STR_EXPANSION_MARKET_TRADER_MEDICALS])" in market zone "Trader Zone" (pos=<6675.160645, 104.603935, 6114.155762>) for a price of 10.
20:14:18.078 [Market] Player "Eric" (id=DT1QFut1v8UN48skN3UnroicVIl_5hTizZZZSwLRxk8=) has bought heatpack x1 (1e952980) from the trader "Medicals (Mirek [#STR_EXPANSION_MARKET_TRADER_MEDICALS])" in market zone "Trader Zone" (pos=<6675.160645, 104.603935, 6114.155762>) for a price of 10.
20:14:25.421 [Market] Player "Eric" (id=DT1QFut1v8UN48skN3UnroicVIl_5hTizZZZSwLRxk8=) has bought charcoaltablets x1 (122444f0) from the trader "Medicals (Mirek [#STR_EXPANSION_MARKET_TRADER_MEDICALS])" in market zone "Trader Zone" (pos=<6675.160645, 104.603935, 6114.155762>) for a price of 2.
20:14:26.140 [Market] Player "Eric" (id=DT1QFut1v8UN48skN3UnroicVIl_5hTizZZZSwLRxk8=) has bought charcoaltablets x1 (122408a0) from the trader "Medicals (Mirek [#STR_EXPANSION_MARKET_TRADER_MEDICALS])" in market zone "Trader Zone" (pos=<6675.160645, 104.603935, 6114.155762>) for a price of 2.
20:14:36.976 [Market] Player "MaHxMi3 | Slayer" (id=_AqICEBF10fARr_5J1u6RE7mqS8sFkumFiqXBfcXjhU=) has bought anticheminjector x1 (1e85b000) from the trader "Medicals (Mirek [#STR_EXPANSION_MARKET_TRADER_MEDICALS])" in market zone "Trader Zone" (pos=<6675.160645, 104.603935, 6114.155762>) for a price of 100.
20:14:59.460 [Market] Player "Eric" (id=DT1QFut1v8UN48skN3UnroicVIl_5hTizZZZSwLRxk8=) has bought canteen x1 (f8d41f0) from the trader "Consumables (Linda [#STR_EXPANSION_MARKET_TRADER_CONSUMABLES])" in market zone "Trader Zone" (pos=<6675.160645, 104.603935, 6114.155762>) for a price of 18.
20:15:03.156 [Market] Player "MaHxMi3 | Slayer" (id=_AqICEBF10fARr_5J1u6RE7mqS8sFkumFiqXBfcXjhU=) has bought canteen x1 (f8f54b0) from the trader "Consumables (Linda [#STR_EXPANSION_MARKET_TRADER_CONSUMABLES])" in market zone "Trader Zone" (pos=<6675.160645, 104.603935, 6114.155762>) for a price of 18.
20:15:05.429 [Market] Player "MaHxMi3 | Slayer" (id=_AqICEBF10fARr_5J1u6RE7mqS8sFkumFiqXBfcXjhU=) has bought canteen x1 (11e02590) from the trader "Consumables (Linda [#STR_EXPANSION_MARKET_TRADER_CONSUMABLES])" in market zone "Trader Zone" (pos=<6675.160645, 104.603935, 6114.155762>) for a price of 18.
20:16:05.335 [Market] Player "MrWowaWowa" (id=wBwiybhmqSv3IfINgIr99PhPwxKwXc4RCt6SZurIBXQ=) has bought canteen x1 (17127a40) from the trader "Consumables (Linda [#STR_EXPANSION_MARKET_TRADER_CONSUMABLES])" in market zone "Trader Zone" (pos=<6675.160645, 104.603935, 6114.155762>) for a price of 18.
20:16:28.195 [Market] Player "MaHxMi3 | Slayer" (id=_AqICEBF10fARr_5J1u6RE7mqS8sFkumFiqXBfcXjhU=) has bought canteen x1 (14b2e3f0) from the trader "Consumables (Linda [#STR_EXPANSION_MARKET_TRADER_CONSUMABLES])" in market zone "Trader Zone" (pos=<6675.160645, 104.603935, 6114.155762>) for a price of 18.
20:16:44.046 [Market] Player "MaHxMi3 | Slayer" (id=_AqICEBF10fARr_5J1u6RE7mqS8sFkumFiqXBfcXjhU=) has bought porkcan x1 (206f64a0) from the trader "Consumables (Linda [#STR_EXPANSION_MARKET_TRADER_CONSUMABLES])" in market zone "Trader Zone" (pos=<6675.160645, 104.603935, 6114.155762>) for a price of 15.
20:16:44.429 [Market] Player "MaHxMi3 | Slayer" (id=_AqICEBF10fARr_5J1u6RE7mqS8sFkumFiqXBfcXjhU=) has bought porkcan x1 (20700170) from the trader "Consumables (Linda [#STR_EXPANSION_MARKET_TRADER_CONSUMABLES])" in market zone "Trader Zone" (pos=<6675.160645, 104.603935, 6114.155762>) for a price of 15.
20:17:28.023 [Market] Player "MaHxMi3 | Slayer" (id=_AqICEBF10fARr_5J1u6RE7mqS8sFkumFiqXBfcXjhU=) has bought gasmask_filter x1 (f8125d0) from the trader "Clothing (Naomi [#STR_EXPANSION_MARKET_TRADER_CLOTHING])" in market zone "Trader Zone" (pos=<6675.160645, 104.603935, 6114.155762>) for a price of 1000.
20:18:05.710 [Market] Player "MaHxMi3 | Slayer" (id=_AqICEBF10fARr_5J1u6RE7mqS8sFkumFiqXBfcXjhU=) has bought armband_pink x1 (1d05aa90) from the trader "Clothing (Naomi [#STR_EXPANSION_MARKET_TRADER_CLOTHING])" in market zone "Trader Zone" (pos=<6675.160645, 104.603935, 6114.155762>) for a price of 15.
20:18:35.375 [ATM] Player "MrWowaWowa" (id=wBwiybhmqSv3IfINgIr99PhPwxKwXc4RCt6SZurIBXQ=) has deposited 62 on his ATM account.
20:19:12.109 [Market] Player "MaHxMi3 | Slayer" (id=_AqICEBF10fARr_5J1u6RE7mqS8sFkumFiqXBfcXjhU=) has bought platecarrierpouches x1 (17ad11d0) from the trader "Clothing (Naomi [#STR_EXPANSION_MARKET_TRADER_CLOTHING])" in market zone "Trader Zone" (pos=<6675.160645, 104.603935, 6114.155762>) for a price of 100.
20:19:21.421 [Market] Player "Eric" (id=DT1QFut1v8UN48skN3UnroicVIl_5hTizZZZSwLRxk8=) has bought leathersewingkit x1 (17af53f0) from the trader "Components (Cyril [#STR_EXPANSION_MARKET_TRADER_COMPONENTS])" in market zone "Trader Zone" (pos=<6675.160645, 104.603935, 6114.155762>) for a price of 5.
20:19:22.578 [Market] Player "Eric" (id=DT1QFut1v8UN48skN3UnroicVIl_5hTizZZZSwLRxk8=) has bought sewingkit x1 (17af4860) from the trader "Components (Cyril [#STR_EXPANSION_MARKET_TRADER_COMPONENTS])" in market zone "Trader Zone" (pos=<6675.160645, 104.603935, 6114.155762>) for a price of 4.
20:20:23.945 [Market] Player "Eric" (id=DT1QFut1v8UN48skN3UnroicVIl_5hTizZZZSwLRxk8=) has bought weaponcleaningkit x1 (1f230780) from the trader "Components (Cyril [#STR_EXPANSION_MARKET_TRADER_COMPONENTS])" in market zone "Trader Zone" (pos=<6675.160645, 104.603935, 6114.155762>) for a price of 8.
20:20:24.617 [Market] Player "Eric" (id=DT1QFut1v8UN48skN3UnroicVIl_5hTizZZZSwLRxk8=) has bought weaponcleaningkit x1 (199052b0) from the trader "Components (Cyril [#STR_EXPANSION_MARKET_TRADER_COMPONENTS])" in market zone "Trader Zone" (pos=<6675.160645, 104.603935, 6114.155762>) for a price of 8.
20:20:27.406 [Market] Player "MaHxMi3 | Slayer" (id=_AqICEBF10fARr_5J1u6RE7mqS8sFkumFiqXBfcXjhU=) has bought weaponcleaningkit x1 (d2ab080) from the trader "Components (Cyril [#STR_EXPANSION_MARKET_TRADER_COMPONENTS])" in market zone "Trader Zone" (pos=<6675.160645, 104.603935, 6114.155762>) for a price of 8.
20:20:27.453 [Market] Player "Eric" (id=DT1QFut1v8UN48skN3UnroicVIl_5hTizZZZSwLRxk8=) has sold leathersewingkit x1 (17af53f0) at the trader "Components (Cyril [#STR_EXPANSION_MARKET_TRADER_COMPONENTS])" in market zone "Trader Zone" (pos=<6675.160645, 104.603935, 6114.155762>) and got 0.
20:20:29.507 [Market] Player "Eric" (id=DT1QFut1v8UN48skN3UnroicVIl_5hTizZZZSwLRxk8=) has bought leathersewingkit x1 (17d2c6e0) from the trader "Components (Cyril [#STR_EXPANSION_MARKET_TRADER_COMPONENTS])" in market zone "Trader Zone" (pos=<6675.160645, 104.603935, 6114.155762>) for a price of 5.
20:20:30.500 [Market] Player "MaHxMi3 | Slayer" (id=_AqICEBF10fARr_5J1u6RE7mqS8sFkumFiqXBfcXjhU=) has bought sewingkit x1 (1b647350) from the trader "Components (Cyril [#STR_EXPANSION_MARKET_TRADER_COMPONENTS])" in market zone "Trader Zone" (pos=<6675.160645, 104.603935, 6114.155762>) for a price of 4.
20:20:31.398 [Market] Player "MaHxMi3 | Slayer" (id=_AqICEBF10fARr_5J1u6RE7mqS8sFkumFiqXBfcXjhU=) has bought leathersewingkit x1 (1e5519b0) from the trader "Components (Cyril [#STR_EXPANSION_MARKET_TRADER_COMPONENTS])" in market zone "Trader Zone" (pos=<6675.160645, 104.603935, 6114.155762>) for a price of 5.
20:20:44.593 [Market] Player "MaHxMi3 | Slayer" (id=_AqICEBF10fARr_5J1u6RE7mqS8sFkumFiqXBfcXjhU=) has bought ammobox x1 (1ef3bd50) from the trader "Components (Cyril [#STR_EXPANSION_MARKET_TRADER_COMPONENTS])" in market zone "Trader Zone" (pos=<6675.160645, 104.603935, 6114.155762>) for a price of 80.
20:20:58.257 [Market] Player "Eric" (id=DT1QFut1v8UN48skN3UnroicVIl_5hTizZZZSwLRxk8=) has sold tlrlight x1 (1e8600f0) at the trader "Attachments (Jose [#STR_EXPANSION_MARKET_TRADER_ATTACHMENTS])" in market zone "Trader Zone" (pos=<6675.160645, 104.603935, 6114.155762>) and got 45.
20:21:17.757 [ATM] Player "Eric" (id=DT1QFut1v8UN48skN3UnroicVIl_5hTizZZZSwLRxk8=) has deposited 3121 on his ATM account.
20:21:19.515 [Market] Player "MaHxMi3 | Slayer" (id=_AqICEBF10fARr_5J1u6RE7mqS8sFkumFiqXBfcXjhU=) has bought matchbox x1 (6eee7bf0) from the trader "Components (Cyril [#STR_EXPANSION_MARKET_TRADER_COMPONENTS])" in market zone "Trader Zone" (pos=<6675.160645, 104.603935, 6114.155762>) for a price of 6.
20:21:22.617 [Market] Player "MaHxMi3 | Slayer" (id=_AqICEBF10fARr_5J1u6RE7mqS8sFkumFiqXBfcXjhU=) has bought matchbox x1 (6eeeaa30) from the trader "Components (Cyril [#STR_EXPANSION_MARKET_TRADER_COMPONENTS])" in market zone "Trader Zone" (pos=<6675.160645, 104.603935, 6114.155762>) for a price of 6.
20:21:33.203 [Market] Player "MaHxMi3 | Slayer" (id=_AqICEBF10fARr_5J1u6RE7mqS8sFkumFiqXBfcXjhU=) has sold matchbox x1 (6eee7bf0) at the trader "Components (Cyril [#STR_EXPANSION_MARKET_TRADER_COMPONENTS])" in market zone "Trader Zone" (pos=<6675.160645, 104.603935, 6114.155762>) and got 4.
20:21:50.257 [Market] Player "MaHxMi3 | Slayer" (id=_AqICEBF10fARr_5J1u6RE7mqS8sFkumFiqXBfcXjhU=) has bought roadflare x1 (12aa7d00) from the trader "Components (Cyril [#STR_EXPANSION_MARKET_TRADER_COMPONENTS])" in market zone "Trader Zone" (pos=<6675.160645, 104.603935, 6114.155762>) for a price of 4.
20:22:14.734 [ATM] Player "MaHxMi3 | Slayer" (id=_AqICEBF10fARr_5J1u6RE7mqS8sFkumFiqXBfcXjhU=) has deposited 4806 on his ATM account.
20:23:45.078 [Safezone] Player "{1:name}" (id={1:id} pos={1:position}) left the safezone
20:23:47.039 [Safezone] Player "{1:name}" (id={1:id} pos={1:position}) left the safezone
20:23:48.617 [Safezone] Player "{1:name}" (id={1:id} pos={1:position}) left the safezone
20:46:16.937 [Party] Player "F11 Simulator" (id=m_TD03B4NXDQrU5koHpLq3WyQf1hXTvQSdETJOTM8ss=) joinded the party "SLAVES" (id=1 ownerUID=m_TD03B4NXDQrU5koHpLq3WyQf1hXTvQSdETJOTM8ss= ownerName=F11 Simulator)
20:49:45.640 [Party] Player "Donnie Deeks" (id=GBfj3hSt2OSYAyU5ct3jrz7-L9j9UxpFHlBzXjWvrxE=) joinded the party "SLAVES" (id=1 ownerUID=m_TD03B4NXDQrU5koHpLq3WyQf1hXTvQSdETJOTM8ss= ownerName=F11 Simulator)
20:51:23.414 [Party] Player "London" (id=kOLgOs9yYBFVRQG3lqoHveYdP5X8y3SO69cq5MiR4us=) joinded the party "SLAVES" (id=1 ownerUID=m_TD03B4NXDQrU5koHpLq3WyQf1hXTvQSdETJOTM8ss= ownerName=F11 Simulator)
21:09:41.960 [Party] Player "F11 Simulator" (id=m_TD03B4NXDQrU5koHpLq3WyQf1hXTvQSdETJOTM8ss=) left the party "SLAVES" (id=1 ownerUID=m_TD03B4NXDQrU5koHpLq3WyQf1hXTvQSdETJOTM8ss= ownerName=F11 Simulator)
21:10:26.593 [Party] Player "F11 Simulator" (id=m_TD03B4NXDQrU5koHpLq3WyQf1hXTvQSdETJOTM8ss=) joinded the party "SLAVES" (id=1 ownerUID=m_TD03B4NXDQrU5koHpLq3WyQf1hXTvQSdETJOTM8ss= ownerName=F11 Simulator)
21:14:11.632 [Safezone] Player "F11 Simulator" (id=m_TD03B4NXDQrU5koHpLq3WyQf1hXTvQSdETJOTM8ss= pos=<6760.36, 102.7, 6068.43>) entered the safezone
21:14:12.781 [Safezone] Player "London" (id=kOLgOs9yYBFVRQG3lqoHveYdP5X8y3SO69cq5MiR4us= pos=<6760.57, 102.71, 6068.24>) entered the safezone
21:14:15.921 [Safezone] Player "Donnie Deeks" (id=GBfj3hSt2OSYAyU5ct3jrz7-L9j9UxpFHlBzXjWvrxE= pos=<6761.12, 102.71, 6068.18>) entered the safezone
21:14:29.578 [ATM] Player "F11 Simulator" (id=m_TD03B4NXDQrU5koHpLq3WyQf1hXTvQSdETJOTM8ss=) has withdrawn 76112 from his ATM account.
21:15:12.101 [Market] Player "F11 Simulator" (id=m_TD03B4NXDQrU5koHpLq3WyQf1hXTvQSdETJOTM8ss=) has bought firstaidkit x1 (129d7010) from the trader "Medicals (Mirek [#STR_EXPANSION_MARKET_TRADER_MEDICALS])" in market zone "Trader Zone" (pos=<6675.160645, 104.603935, 6114.155762>) for a price of 20.
21:15:17.609 [Market] Player "F11 Simulator" (id=m_TD03B4NXDQrU5koHpLq3WyQf1hXTvQSdETJOTM8ss=) has bought bandagedressing x1 (1e53e180) from the trader "Medicals (Mirek [#STR_EXPANSION_MARKET_TRADER_MEDICALS])" in market zone "Trader Zone" (pos=<6675.160645, 104.603935, 6114.155762>) for a price of 3.
21:15:20.953 [Market] Player "F11 Simulator" (id=m_TD03B4NXDQrU5koHpLq3WyQf1hXTvQSdETJOTM8ss=) has bought charcoaltablets x1 (d5a2e80) from the trader "Medicals (Mirek [#STR_EXPANSION_MARKET_TRADER_MEDICALS])" in market zone "Trader Zone" (pos=<6675.160645, 104.603935, 6114.155762>) for a price of 2.
21:15:21.312 [Market] Player "F11 Simulator" (id=m_TD03B4NXDQrU5koHpLq3WyQf1hXTvQSdETJOTM8ss=) has bought charcoaltablets x1 (17bf6d80) from the trader "Medicals (Mirek [#STR_EXPANSION_MARKET_TRADER_MEDICALS])" in market zone "Trader Zone" (pos=<6675.160645, 104.603935, 6114.155762>) for a price of 2.
21:15:21.851 [Market] Player "F11 Simulator" (id=m_TD03B4NXDQrU5koHpLq3WyQf1hXTvQSdETJOTM8ss=) has bought charcoaltablets x1 (17bf5560) from the trader "Medicals (Mirek [#STR_EXPANSION_MARKET_TRADER_MEDICALS])" in market zone "Trader Zone" (pos=<6675.160645, 104.603935, 6114.155762>) for a price of 2.
21:15:22.515 [Market] Player "F11 Simulator" (id=m_TD03B4NXDQrU5koHpLq3WyQf1hXTvQSdETJOTM8ss=) has bought charcoaltablets x1 (17bffe40) from the trader "Medicals (Mirek [#STR_EXPANSION_MARKET_TRADER_MEDICALS])" in market zone "Trader Zone" (pos=<6675.160645, 104.603935, 6114.155762>) for a price of 2.
21:15:23.992 [Market] Player "F11 Simulator" (id=m_TD03B4NXDQrU5koHpLq3WyQf1hXTvQSdETJOTM8ss=) has bought tetracyclineantibiotics x1 (17bfc1f0) from the trader "Medicals (Mirek [#STR_EXPANSION_MARKET_TRADER_MEDICALS])" in market zone "Trader Zone" (pos=<6675.160645, 104.603935, 6114.155762>) for a price of 8.
21:15:25.648 [Market] Player "F11 Simulator" (id=m_TD03B4NXDQrU5koHpLq3WyQf1hXTvQSdETJOTM8ss=) has bought vitaminbottle x1 (17c082f0) from the trader "Medicals (Mirek [#STR_EXPANSION_MARKET_TRADER_MEDICALS])" in market zone "Trader Zone" (pos=<6675.160645, 104.603935, 6114.155762>) for a price of 6.
21:15:41.835 [ATM] Player "Donnie Deeks" (id=GBfj3hSt2OSYAyU5ct3jrz7-L9j9UxpFHlBzXjWvrxE=) has withdrawn 10000 from his ATM account.
21:16:07.687 [Market] Player "F11 Simulator" (id=m_TD03B4NXDQrU5koHpLq3WyQf1hXTvQSdETJOTM8ss=) has bought disinfectantalcohol x1 (b4db2640) from the trader "Medicals (Mirek [#STR_EXPANSION_MARKET_TRADER_MEDICALS])" in market zone "Trader Zone" (pos=<6675.160645, 104.603935, 6114.155762>) for a price of 4.
21:16:08.601 [Market] Player "F11 Simulator" (id=m_TD03B4NXDQrU5koHpLq3WyQf1hXTvQSdETJOTM8ss=) has bought heatpack x1 (197862d0) from the trader "Medicals (Mirek [#STR_EXPANSION_MARKET_TRADER_MEDICALS])" in market zone "Trader Zone" (pos=<6675.160645, 104.603935, 6114.155762>) for a price of 10.
21:16:08.742 [Market] Player "F11 Simulator" (id=m_TD03B4NXDQrU5koHpLq3WyQf1hXTvQSdETJOTM8ss=) has bought heatpack x1 (197811e0) from the trader "Medicals (Mirek [#STR_EXPANSION_MARKET_TRADER_MEDICALS])" in market zone "Trader Zone" (pos=<6675.160645, 104.603935, 6114.155762>) for a price of 10.
21:16:09.718 [Market] Player "F11 Simulator" (id=m_TD03B4NXDQrU5koHpLq3WyQf1hXTvQSdETJOTM8ss=) has bought heatpack x1 (1550faa0) from the trader "Medicals (Mirek [#STR_EXPANSION_MARKET_TRADER_MEDICALS])" in market zone "Trader Zone" (pos=<6675.160645, 104.603935, 6114.155762>) for a price of 10.
21:16:09.835 [Market] Player "F11 Simulator" (id=m_TD03B4NXDQrU5koHpLq3WyQf1hXTvQSdETJOTM8ss=) has bought heatpack x1 (15338410) from the trader "Medicals (Mirek [#STR_EXPANSION_MARKET_TRADER_MEDICALS])" in market zone "Trader Zone" (pos=<6675.160645, 104.603935, 6114.155762>) for a price of 10.
21:16:10.679 [Market] Player "F11 Simulator" (id=m_TD03B4NXDQrU5koHpLq3WyQf1hXTvQSdETJOTM8ss=) has bought heatpack x1 (1534b0b0) from the trader "Medicals (Mirek [#STR_EXPANSION_MARKET_TRADER_MEDICALS])" in market zone "Trader Zone" (pos=<6675.160645, 104.603935, 6114.155762>) for a price of 10.
21:16:11.265 [Market] Player "F11 Simulator" (id=m_TD03B4NXDQrU5koHpLq3WyQf1hXTvQSdETJOTM8ss=) has bought heatpack x1 (1535e8e0) from the trader "Medicals (Mirek [#STR_EXPANSION_MARKET_TRADER_MEDICALS])" in market zone "Trader Zone" (pos=<6675.160645, 104.603935, 6114.155762>) for a price of 10.
21:16:11.851 [Market] Player "F11 Simulator" (id=m_TD03B4NXDQrU5koHpLq3WyQf1hXTvQSdETJOTM8ss=) has bought heatpack x1 (15358c60) from the trader "Medicals (Mirek [#STR_EXPANSION_MARKET_TRADER_MEDICALS])" in market zone "Trader Zone" (pos=<6675.160645, 104.603935, 6114.155762>) for a price of 10.
21:16:12.710 [Market] Player "F11 Simulator" (id=m_TD03B4NXDQrU5koHpLq3WyQf1hXTvQSdETJOTM8ss=) has bought heatpack x1 (153622b0) from the trader "Medicals (Mirek [#STR_EXPANSION_MARKET_TRADER_MEDICALS])" in market zone "Trader Zone" (pos=<6675.160645, 104.603935, 6114.155762>) for a price of 10.
21:16:13.109 [Market] Player "F11 Simulator" (id=m_TD03B4NXDQrU5koHpLq3WyQf1hXTvQSdETJOTM8ss=) has bought heatpack x1 (15333320) from the trader "Medicals (Mirek [#STR_EXPANSION_MARKET_TRADER_MEDICALS])" in market zone "Trader Zone" (pos=<6675.160645, 104.603935, 6114.155762>) for a price of 10.
21:16:13.328 [Market] Player "F11 Simulator" (id=m_TD03B4NXDQrU5koHpLq3WyQf1hXTvQSdETJOTM8ss=) has bought heatpack x1 (124a1ab0) from the trader "Medicals (Mirek [#STR_EXPANSION_MARKET_TRADER_MEDICALS])" in market zone "Trader Zone" (pos=<6675.160645, 104.603935, 6114.155762>) for a price of 10.
21:16:45.429 [Market] Player "Donnie Deeks" (id=GBfj3hSt2OSYAyU5ct3jrz7-L9j9UxpFHlBzXjWvrxE=) has bought lunchmeat x1 (ff61e50) from the trader "Consumables (Linda [#STR_EXPANSION_MARKET_TRADER_CONSUMABLES])" in market zone "Trader Zone" (pos=<6675.160645, 104.603935, 6114.155762>) for a price of 15.
21:16:45.906 [Market] Player "Donnie Deeks" (id=GBfj3hSt2OSYAyU5ct3jrz7-L9j9UxpFHlBzXjWvrxE=) has bought lunchmeat x1 (ff7dca0) from the trader "Consumables (Linda [#STR_EXPANSION_MARKET_TRADER_CONSUMABLES])" in market zone "Trader Zone" (pos=<6675.160645, 104.603935, 6114.155762>) for a price of 15.
21:16:46.570 [Market] Player "Donnie Deeks" (id=GBfj3hSt2OSYAyU5ct3jrz7-L9j9UxpFHlBzXjWvrxE=) has bought lunchmeat x1 (ff85540) from the trader "Consumables (Linda [#STR_EXPANSION_MARKET_TRADER_CONSUMABLES])" in market zone "Trader Zone" (pos=<6675.160645, 104.603935, 6114.155762>) for a price of 15.
21:16:46.968 [Market] Player "Donnie Deeks" (id=GBfj3hSt2OSYAyU5ct3jrz7-L9j9UxpFHlBzXjWvrxE=) has bought lunchmeat x1 (ff82500) from the trader "Consumables (Linda [#STR_EXPANSION_MARKET_TRADER_CONSUMABLES])" in market zone "Trader Zone" (pos=<6675.160645, 104.603935, 6114.155762>) for a price of 15.
21:16:48.140 [Market] Player "Donnie Deeks" (id=GBfj3hSt2OSYAyU5ct3jrz7-L9j9UxpFHlBzXjWvrxE=) has bought pate x1 (1991a8c0) from the trader "Consumables (Linda [#STR_EXPANSION_MARKET_TRADER_CONSUMABLES])" in market zone "Trader Zone" (pos=<6675.160645, 104.603935, 6114.155762>) for a price of 15.
21:17:07.500 [Market] Player "London" (id=kOLgOs9yYBFVRQG3lqoHveYdP5X8y3SO69cq5MiR4us=) has sold ammobox_762x54_20rnd x1 (1eb4d8e0) at the trader "Weapons (Denis [#STR_EXPANSION_MARKET_TRADER_WEAPONS])" in market zone "Trader Zone" (pos=<6675.160645, 104.603935, 6114.155762>) and got 6.
21:17:12.593 [Market] Player "London" (id=kOLgOs9yYBFVRQG3lqoHveYdP5X8y3SO69cq5MiR4us=) has sold ammobox_12gaslug_10rnd x1 (1ad81550) at the trader "Weapons (Denis [#STR_EXPANSION_MARKET_TRADER_WEAPONS])" in market zone "Trader Zone" (pos=<6675.160645, 104.603935, 6114.155762>) and got 15.
21:17:13.531 [Market] Player "London" (id=kOLgOs9yYBFVRQG3lqoHveYdP5X8y3SO69cq5MiR4us=) has sold ammobox_12gaslug_10rnd x1 (19272a50) at the trader "Weapons (Denis [#STR_EXPANSION_MARKET_TRADER_WEAPONS])" in market zone "Trader Zone" (pos=<6675.160645, 104.603935, 6114.155762>) and got 30.
21:17:23.796 [Market] Player "Donnie Deeks" (id=GBfj3hSt2OSYAyU5ct3jrz7-L9j9UxpFHlBzXjWvrxE=) has bought brisketspread x1 (1f0c6e30) from the trader "Consumables (Linda [#STR_EXPANSION_MARKET_TRADER_CONSUMABLES])" in market zone "Trader Zone" (pos=<6675.160645, 104.603935, 6114.155762>) for a price of 15.
21:17:24.531 [Market] Player "Donnie Deeks" (id=GBfj3hSt2OSYAyU5ct3jrz7-L9j9UxpFHlBzXjWvrxE=) has bought tacticalbaconcan x1 (1f0d83a0) from the trader "Consumables (Linda [#STR_EXPANSION_MARKET_TRADER_CONSUMABLES])" in market zone "Trader Zone" (pos=<6675.160645, 104.603935, 6114.155762>) for a price of 20.
21:17:34.773 [Market] Player "London" (id=kOLgOs9yYBFVRQG3lqoHveYdP5X8y3SO69cq5MiR4us=) has bought ammobox_556x45_20rnd x4 (177e94f0) from the trader "Weapons (Denis [#STR_EXPANSION_MARKET_TRADER_WEAPONS])" in market zone "Trader Zone" (pos=<6675.160645, 104.603935, 6114.155762>) for a price of 128.
21:18:13.468 [Market] Player "London" (id=kOLgOs9yYBFVRQG3lqoHveYdP5X8y3SO69cq5MiR4us=) has bought ammobox_556x45_20rnd x4 (34974320) from the trader "Weapons (Denis [#STR_EXPANSION_MARKET_TRADER_WEAPONS])" in market zone "Trader Zone" (pos=<6675.160645, 104.603935, 6114.155762>) for a price of 128.
21:18:46.539 [Market] Player "Donnie Deeks" (id=GBfj3hSt2OSYAyU5ct3jrz7-L9j9UxpFHlBzXjWvrxE=) has bought waterbottle x1 (ff55d50) from the trader "Consumables (Linda [#STR_EXPANSION_MARKET_TRADER_CONSUMABLES])" in market zone "Trader Zone" (pos=<6675.160645, 104.603935, 6114.155762>) for a price of 15.
21:19:11.117 [Market] Player "London" (id=kOLgOs9yYBFVRQG3lqoHveYdP5X8y3SO69cq5MiR4us=) has sold ammobox_762x39_20rnd x1 (1470ddf0) at the trader "Weapons (Denis [#STR_EXPANSION_MARKET_TRADER_WEAPONS])" in market zone "Trader Zone" (pos=<6675.160645, 104.603935, 6114.155762>) and got 18.
21:19:37.507 [Market] Player "F11 Simulator" (id=m_TD03B4NXDQrU5koHpLq3WyQf1hXTvQSdETJOTM8ss=) has bought ammobox_556x45_20rnd x5 (19e8c170) from the trader "Weapons (Denis [#STR_EXPANSION_MARKET_TRADER_WEAPONS])" in market zone "Trader Zone" (pos=<6675.160645, 104.603935, 6114.155762>) for a price of 160.
21:19:51.781 [Market] Player "London" (id=kOLgOs9yYBFVRQG3lqoHveYdP5X8y3SO69cq5MiR4us=) has bought porkcan x10 (1279bc80) from the trader "Consumables (Linda [#STR_EXPANSION_MARKET_TRADER_CONSUMABLES])" in market zone "Trader Zone" (pos=<6675.160645, 104.603935, 6114.155762>) for a price of 150.
21:19:55.101 [Market] Player "F11 Simulator" (id=m_TD03B4NXDQrU5koHpLq3WyQf1hXTvQSdETJOTM8ss=) has bought ammobox_556x45_20rnd x7 (17e62e50) from the trader "Weapons (Denis [#STR_EXPANSION_MARKET_TRADER_WEAPONS])" in market zone "Trader Zone" (pos=<6675.160645, 104.603935, 6114.155762>) for a price of 224.
21:20:06.187 [ATM] Player "F11 Simulator" (id=m_TD03B4NXDQrU5koHpLq3WyQf1hXTvQSdETJOTM8ss=) has deposited 75579 on his ATM account.
21:20:40.250 [Market] Player "London" (id=kOLgOs9yYBFVRQG3lqoHveYdP5X8y3SO69cq5MiR4us=) has bought charcoaltablets x5 (152e3a50) from the trader "Medicals (Mirek [#STR_EXPANSION_MARKET_TRADER_MEDICALS])" in market zone "Trader Zone" (pos=<6675.160645, 104.603935, 6114.155762>) for a price of 10.
21:21:15.914 [Market] Player "Donnie Deeks" (id=GBfj3hSt2OSYAyU5ct3jrz7-L9j9UxpFHlBzXjWvrxE=) has bought gasmask_filter x1 (1e953510) from the trader "Clothing (Naomi [#STR_EXPANSION_MARKET_TRADER_CLOTHING])" in market zone "Trader Zone" (pos=<6675.160645, 104.603935, 6114.155762>) for a price of 1000.
21:21:17.828 [Market] Player "Donnie Deeks" (id=GBfj3hSt2OSYAyU5ct3jrz7-L9j9UxpFHlBzXjWvrxE=) has bought gasmask_filter x1 (1eb49f10) from the trader "Clothing (Naomi [#STR_EXPANSION_MARKET_TRADER_CLOTHING])" in market zone "Trader Zone" (pos=<6675.160645, 104.603935, 6114.155762>) for a price of 1000.
21:21:32.406 [Market] Player "London" (id=kOLgOs9yYBFVRQG3lqoHveYdP5X8y3SO69cq5MiR4us=) has bought charcoaltablets x3 (122286a0) from the trader "Medicals (Mirek [#STR_EXPANSION_MARKET_TRADER_MEDICALS])" in market zone "Trader Zone" (pos=<6675.160645, 104.603935, 6114.155762>) for a price of 6.
21:22:55.062 [Market] Player "Donnie Deeks" (id=GBfj3hSt2OSYAyU5ct3jrz7-L9j9UxpFHlBzXjWvrxE=) has bought charcoaltablets x1 (1713b3e0) from the trader "Medicals (Mirek [#STR_EXPANSION_MARKET_TRADER_MEDICALS])" in market zone "Trader Zone" (pos=<6675.160645, 104.603935, 6114.155762>) for a price of 2.
21:24:31.234 [Market] Player "Donnie Deeks" (id=GBfj3hSt2OSYAyU5ct3jrz7-L9j9UxpFHlBzXjWvrxE=) has bought charcoaltablets x1 (1f0e2070) from the trader "Medicals (Mirek [#STR_EXPANSION_MARKET_TRADER_MEDICALS])" in market zone "Trader Zone" (pos=<6675.160645, 104.603935, 6114.155762>) for a price of 2.
21:24:31.710 [Market] Player "Donnie Deeks" (id=GBfj3hSt2OSYAyU5ct3jrz7-L9j9UxpFHlBzXjWvrxE=) has bought charcoaltablets x1 (1f0c4a00) from the trader "Medicals (Mirek [#STR_EXPANSION_MARKET_TRADER_MEDICALS])" in market zone "Trader Zone" (pos=<6675.160645, 104.603935, 6114.155762>) for a price of 2.
21:25:01.906 [Market] Player "Donnie Deeks" (id=GBfj3hSt2OSYAyU5ct3jrz7-L9j9UxpFHlBzXjWvrxE=) has sold charcoaltablets x1 (1f0e2070) at the trader "Medicals (Mirek [#STR_EXPANSION_MARKET_TRADER_MEDICALS])" in market zone "Trader Zone" (pos=<6675.160645, 104.603935, 6114.155762>) and got 1.
21:25:10.031 [Market] Player "Donnie Deeks" (id=GBfj3hSt2OSYAyU5ct3jrz7-L9j9UxpFHlBzXjWvrxE=) has sold charcoaltablets x1 (1f0c4a00) at the trader "Medicals (Mirek [#STR_EXPANSION_MARKET_TRADER_MEDICALS])" in market zone "Trader Zone" (pos=<6675.160645, 104.603935, 6114.155762>) and got 1.
21:25:10.585 [Market] Player "Donnie Deeks" (id=GBfj3hSt2OSYAyU5ct3jrz7-L9j9UxpFHlBzXjWvrxE=) has sold charcoaltablets x1 (1713b3e0) at the trader "Medicals (Mirek [#STR_EXPANSION_MARKET_TRADER_MEDICALS])" in market zone "Trader Zone" (pos=<6675.160645, 104.603935, 6114.155762>) and got 0.
21:25:13.921 [Market] Player "Donnie Deeks" (id=GBfj3hSt2OSYAyU5ct3jrz7-L9j9UxpFHlBzXjWvrxE=) has bought charcoaltablets x1 (127852a0) from the trader "Medicals (Mirek [#STR_EXPANSION_MARKET_TRADER_MEDICALS])" in market zone "Trader Zone" (pos=<6675.160645, 104.603935, 6114.155762>) for a price of 2.
21:25:14.210 [Market] Player "Donnie Deeks" (id=GBfj3hSt2OSYAyU5ct3jrz7-L9j9UxpFHlBzXjWvrxE=) has bought charcoaltablets x1 (127943e0) from the trader "Medicals (Mirek [#STR_EXPANSION_MARKET_TRADER_MEDICALS])" in market zone "Trader Zone" (pos=<6675.160645, 104.603935, 6114.155762>) for a price of 2.
21:26:38.234 [Market] Player "London" (id=kOLgOs9yYBFVRQG3lqoHveYdP5X8y3SO69cq5MiR4us=) has bought leathersewingkit x1 (17af0e90) from the trader "Components (Cyril [#STR_EXPANSION_MARKET_TRADER_COMPONENTS])" in market zone "Trader Zone" (pos=<6675.160645, 104.603935, 6114.155762>) for a price of 5.
21:26:39.742 [Market] Player "London" (id=kOLgOs9yYBFVRQG3lqoHveYdP5X8y3SO69cq5MiR4us=) has bought weaponcleaningkit x1 (19eb82c0) from the trader "Components (Cyril [#STR_EXPANSION_MARKET_TRADER_COMPONENTS])" in market zone "Trader Zone" (pos=<6675.160645, 104.603935, 6114.155762>) for a price of 8.
21:26:45.851 [Market] Player "London" (id=kOLgOs9yYBFVRQG3lqoHveYdP5X8y3SO69cq5MiR4us=) has bought ducttape x1 (19e87080) from the trader "Components (Cyril [#STR_EXPANSION_MARKET_TRADER_COMPONENTS])" in market zone "Trader Zone" (pos=<6675.160645, 104.603935, 6114.155762>) for a price of 20.
21:27:23.828 [Market] Player "Donnie Deeks" (id=GBfj3hSt2OSYAyU5ct3jrz7-L9j9UxpFHlBzXjWvrxE=) has bought heatpack x1 (14ebd800) from the trader "Medicals (Mirek [#STR_EXPANSION_MARKET_TRADER_MEDICALS])" in market zone "Trader Zone" (pos=<6675.160645, 104.603935, 6114.155762>) for a price of 10.
21:27:24.453 [Market] Player "Donnie Deeks" (id=GBfj3hSt2OSYAyU5ct3jrz7-L9j9UxpFHlBzXjWvrxE=) has bought heatpack x1 (17e33330) from the trader "Medicals (Mirek [#STR_EXPANSION_MARKET_TRADER_MEDICALS])" in market zone "Trader Zone" (pos=<6675.160645, 104.603935, 6114.155762>) for a price of 10.
21:27:24.929 [Market] Player "Donnie Deeks" (id=GBfj3hSt2OSYAyU5ct3jrz7-L9j9UxpFHlBzXjWvrxE=) has bought heatpack x1 (1eb459b0) from the trader "Medicals (Mirek [#STR_EXPANSION_MARKET_TRADER_MEDICALS])" in market zone "Trader Zone" (pos=<6675.160645, 104.603935, 6114.155762>) for a price of 10.
21:27:25.304 [Market] Player "Donnie Deeks" (id=GBfj3hSt2OSYAyU5ct3jrz7-L9j9UxpFHlBzXjWvrxE=) has bought heatpack x1 (19c587a0) from the trader "Medicals (Mirek [#STR_EXPANSION_MARKET_TRADER_MEDICALS])" in market zone "Trader Zone" (pos=<6675.160645, 104.603935, 6114.155762>) for a price of 10.
21:28:21.492 [Market] Player "London" (id=kOLgOs9yYBFVRQG3lqoHveYdP5X8y3SO69cq5MiR4us=) has sold ducttape x1 (19e87080) at the trader "Components (Cyril [#STR_EXPANSION_MARKET_TRADER_COMPONENTS])" in market zone "Trader Zone" (pos=<6675.160645, 104.603935, 6114.155762>) and got 15.
21:28:35.515 [Market] Player "London" (id=kOLgOs9yYBFVRQG3lqoHveYdP5X8y3SO69cq5MiR4us=) has sold ducttape x1 (15354700) at the trader "Components (Cyril [#STR_EXPANSION_MARKET_TRADER_COMPONENTS])" in market zone "Trader Zone" (pos=<6675.160645, 104.603935, 6114.155762>) and got 1.
21:30:19.078 [ATM] Player "Donnie Deeks" (id=GBfj3hSt2OSYAyU5ct3jrz7-L9j9UxpFHlBzXjWvrxE=) has deposited 7827 on his ATM account.
21:31:07.765 [Safezone] Player "PatMax" (id=jiSboo32SQZAMp7VxNNFwsMUk2-s3fPPrck_5xKkgu0= pos=<6667.74, 102.5, 6110.74>) entered the safezone
21:31:07.773 [Party] Player "PatMax" (id=jiSboo32SQZAMp7VxNNFwsMUk2-s3fPPrck_5xKkgu0=) joinded the party "Nasse" (id=18 ownerUID=jiSboo32SQZAMp7VxNNFwsMUk2-s3fPPrck_5xKkgu0= ownerName=PatMax)
21:31:29.414 [Party] Player "MaHxMi3 | Slayer" (id=_AqICEBF10fARr_5J1u6RE7mqS8sFkumFiqXBfcXjhU=) left the party "Hawk Fearless" (id=5 ownerUID=wBwiybhmqSv3IfINgIr99PhPwxKwXc4RCt6SZurIBXQ= ownerName=MrWowaWowa)
21:31:30.156 [Party] Player "Eric" (id=DT1QFut1v8UN48skN3UnroicVIl_5hTizZZZSwLRxk8=) left the party "Hawk Fearless" (id=5 ownerUID=wBwiybhmqSv3IfINgIr99PhPwxKwXc4RCt6SZurIBXQ= ownerName=MrWowaWowa)
21:31:32.226 [Party] Player "MrWowaWowa" (id=wBwiybhmqSv3IfINgIr99PhPwxKwXc4RCt6SZurIBXQ=) left the party "Hawk Fearless" (id=5 ownerUID=wBwiybhmqSv3IfINgIr99PhPwxKwXc4RCt6SZurIBXQ= ownerName=MrWowaWowa)
21:39:49.414 [Party] Player "MaHxMi3 | Slayer" (id=_AqICEBF10fARr_5J1u6RE7mqS8sFkumFiqXBfcXjhU=) joinded the party "Hawk Fearless" (id=5 ownerUID=wBwiybhmqSv3IfINgIr99PhPwxKwXc4RCt6SZurIBXQ= ownerName=MrWowaWowa)
21:39:54.132 [Party] Player "MrWowaWowa" (id=wBwiybhmqSv3IfINgIr99PhPwxKwXc4RCt6SZurIBXQ=) joinded the party "Hawk Fearless" (id=5 ownerUID=wBwiybhmqSv3IfINgIr99PhPwxKwXc4RCt6SZurIBXQ= ownerName=MrWowaWowa)
21:40:42.804 [Party] Player "Hossi" (id=e7mF0CMT_KUl9StZIPWzckIgQ3lH3lcsohAj3aA5lJE=) joinded the party "Nasse" (id=18 ownerUID=jiSboo32SQZAMp7VxNNFwsMUk2-s3fPPrck_5xKkgu0= ownerName=PatMax)
21:40:47.945 [Party] Player "Eric" (id=DT1QFut1v8UN48skN3UnroicVIl_5hTizZZZSwLRxk8=) joinded the party "Hawk Fearless" (id=5 ownerUID=wBwiybhmqSv3IfINgIr99PhPwxKwXc4RCt6SZurIBXQ= ownerName=MrWowaWowa)
21:44:57.757 [ATM] Player "London" (id=kOLgOs9yYBFVRQG3lqoHveYdP5X8y3SO69cq5MiR4us=) has deposited 1130 on his ATM account.
21:45:59.398 [Safezone] Player "{1:name}" (id={1:id} pos={1:position}) left the safezone
21:45:59.398 [Safezone] Player "{1:name}" (id={1:id} pos={1:position}) left the safezone
21:45:59.734 [Market] Player "PatMax" (id=jiSboo32SQZAMp7VxNNFwsMUk2-s3fPPrck_5xKkgu0=) has bought ammo_308win x200 (816e1a50) from the trader "Weapons (Denis [#STR_EXPANSION_MARKET_TRADER_WEAPONS])" in market zone "Trader Zone" (pos=<6675.160645, 104.603935, 6114.155762>) for a price of 400.
21:46:00.617 [Safezone] Player "{1:name}" (id={1:id} pos={1:position}) left the safezone
21:47:07.695 [Market] Player "PatMax" (id=jiSboo32SQZAMp7VxNNFwsMUk2-s3fPPrck_5xKkgu0=) has bought ammo_556x45 x200 (7a61a6d0) from the trader "Weapons (Denis [#STR_EXPANSION_MARKET_TRADER_WEAPONS])" in market zone "Trader Zone" (pos=<6675.160645, 104.603935, 6114.155762>) for a price of 400.
21:48:19.132 [Market] Player "PatMax" (id=jiSboo32SQZAMp7VxNNFwsMUk2-s3fPPrck_5xKkgu0=) has bought leathersewingkit x1 (7a63f480) from the trader "Components (Cyril [#STR_EXPANSION_MARKET_TRADER_COMPONENTS])" in market zone "Trader Zone" (pos=<6675.160645, 104.603935, 6114.155762>) for a price of 5.
21:48:21.726 [Market] Player "PatMax" (id=jiSboo32SQZAMp7VxNNFwsMUk2-s3fPPrck_5xKkgu0=) has bought leathersewingkit x1 (7a640ba0) from the trader "Components (Cyril [#STR_EXPANSION_MARKET_TRADER_COMPONENTS])" in market zone "Trader Zone" (pos=<6675.160645, 104.603935, 6114.155762>) for a price of 5.
21:48:46.062 [Market] Player "PatMax" (id=jiSboo32SQZAMp7VxNNFwsMUk2-s3fPPrck_5xKkgu0=) has bought chemlight_blue x1 (7ddb97b0) from the trader "Components (Cyril [#STR_EXPANSION_MARKET_TRADER_COMPONENTS])" in market zone "Trader Zone" (pos=<6675.160645, 104.603935, 6114.155762>) for a price of 2.
21:48:46.906 [Market] Player "PatMax" (id=jiSboo32SQZAMp7VxNNFwsMUk2-s3fPPrck_5xKkgu0=) has bought chemlight_blue x1 (7ddbc5f0) from the trader "Components (Cyril [#STR_EXPANSION_MARKET_TRADER_COMPONENTS])" in market zone "Trader Zone" (pos=<6675.160645, 104.603935, 6114.155762>) for a price of 2.
21:49:58.148 [Market] Player "PatMax" (id=jiSboo32SQZAMp7VxNNFwsMUk2-s3fPPrck_5xKkgu0=) has bought sewingkit x1 (833f49d0) from the trader "Components (Cyril [#STR_EXPANSION_MARKET_TRADER_COMPONENTS])" in market zone "Trader Zone" (pos=<6675.160645, 104.603935, 6114.155762>) for a price of 4.
21:49:59.039 [Market] Player "PatMax" (id=jiSboo32SQZAMp7VxNNFwsMUk2-s3fPPrck_5xKkgu0=) has bought sewingkit x1 (833f5560) from the trader "Components (Cyril [#STR_EXPANSION_MARKET_TRADER_COMPONENTS])" in market zone "Trader Zone" (pos=<6675.160645, 104.603935, 6114.155762>) for a price of 4.
21:51:05.148 [Market] Player "PatMax" (id=jiSboo32SQZAMp7VxNNFwsMUk2-s3fPPrck_5xKkgu0=) has bought battery9v x1 (834244f0) from the trader "Components (Cyril [#STR_EXPANSION_MARKET_TRADER_COMPONENTS])" in market zone "Trader Zone" (pos=<6675.160645, 104.603935, 6114.155762>) for a price of 10.
21:51:06.898 [Market] Player "PatMax" (id=jiSboo32SQZAMp7VxNNFwsMUk2-s3fPPrck_5xKkgu0=) has bought battery9v x1 (83425080) from the trader "Components (Cyril [#STR_EXPANSION_MARKET_TRADER_COMPONENTS])" in market zone "Trader Zone" (pos=<6675.160645, 104.603935, 6114.155762>) for a price of 10.
21:52:10.898 [Market] Player "PatMax" (id=jiSboo32SQZAMp7VxNNFwsMUk2-s3fPPrck_5xKkgu0=) has bought gp5gasmask x1 (74febd70) from the trader "Clothing (Naomi [#STR_EXPANSION_MARKET_TRADER_CLOTHING])" in market zone "Trader Zone" (pos=<6675.160645, 104.603935, 6114.155762>) for a price of 120.
21:52:11.578 [Market] Player "PatMax" (id=jiSboo32SQZAMp7VxNNFwsMUk2-s3fPPrck_5xKkgu0=) has bought gasmask_filter x1 (74feebb0) from the trader "Clothing (Naomi [#STR_EXPANSION_MARKET_TRADER_CLOTHING])" in market zone "Trader Zone" (pos=<6675.160645, 104.603935, 6114.155762>) for a price of 1000.
21:56:46.242 [Market] Player "PatMax" (id=jiSboo32SQZAMp7VxNNFwsMUk2-s3fPPrck_5xKkgu0=) has bought weaponcleaningkit x1 (83cd51e0) from the trader "Components (Cyril [#STR_EXPANSION_MARKET_TRADER_COMPONENTS])" in market zone "Trader Zone" (pos=<6675.160645, 104.603935, 6114.155762>) for a price of 8.
21:59:07.429 [Party] Player "F11 Simulator" (id=m_TD03B4NXDQrU5koHpLq3WyQf1hXTvQSdETJOTM8ss=) left the party "SLAVES" (id=1 ownerUID=m_TD03B4NXDQrU5koHpLq3WyQf1hXTvQSdETJOTM8ss= ownerName=F11 Simulator)
22:00:01.148 [Party] Player "London" (id=kOLgOs9yYBFVRQG3lqoHveYdP5X8y3SO69cq5MiR4us=) left the party "SLAVES" (id=1 ownerUID=m_TD03B4NXDQrU5koHpLq3WyQf1hXTvQSdETJOTM8ss= ownerName=F11 Simulator)
22:00:01.164 [Party] Player "Donnie Deeks" (id=GBfj3hSt2OSYAyU5ct3jrz7-L9j9UxpFHlBzXjWvrxE=) left the party "SLAVES" (id=1 ownerUID=m_TD03B4NXDQrU5koHpLq3WyQf1hXTvQSdETJOTM8ss= ownerName=F11 Simulator)
22:00:01.171 [Party] Player "Hossi" (id=e7mF0CMT_KUl9StZIPWzckIgQ3lH3lcsohAj3aA5lJE=) left the party "Nasse" (id=18 ownerUID=jiSboo32SQZAMp7VxNNFwsMUk2-s3fPPrck_5xKkgu0= ownerName=PatMax)
22:00:01.171 [Party] Player "PatMax" (id=jiSboo32SQZAMp7VxNNFwsMUk2-s3fPPrck_5xKkgu0=) left the party "Nasse" (id=18 ownerUID=jiSboo32SQZAMp7VxNNFwsMUk2-s3fPPrck_5xKkgu0= ownerName=PatMax)
22:00:01.179 [Party] Player "MrWowaWowa" (id=wBwiybhmqSv3IfINgIr99PhPwxKwXc4RCt6SZurIBXQ=) left the party "Hawk Fearless" (id=5 ownerUID=wBwiybhmqSv3IfINgIr99PhPwxKwXc4RCt6SZurIBXQ= ownerName=MrWowaWowa)
22:00:01.187 [Party] Player "MaHxMi3 | Slayer" (id=_AqICEBF10fARr_5J1u6RE7mqS8sFkumFiqXBfcXjhU=) left the party "Hawk Fearless" (id=5 ownerUID=wBwiybhmqSv3IfINgIr99PhPwxKwXc4RCt6SZurIBXQ= ownerName=MrWowaWowa)
22:00:01.187 [Party] Player "Eric" (id=DT1QFut1v8UN48skN3UnroicVIl_5hTizZZZSwLRxk8=) left the party "Hawk Fearless" (id=5 ownerUID=wBwiybhmqSv3IfINgIr99PhPwxKwXc4RCt6SZurIBXQ= ownerName=MrWowaWowa)
