08:43:50.507 [Party] Player "F11 Simulator" (id=m_TD03B4NXDQrU5koHpLq3WyQf1hXTvQSdETJOTM8ss=) joinded the party "SLAVES" (id=1 ownerUID=m_TD03B4NXDQrU5koHpLq3WyQf1hXTvQSdETJOTM8ss= ownerName=F11 Simulator)
08:47:52.464 [Party] Player "London" (id=kOLgOs9yYBFVRQG3lqoHveYdP5X8y3SO69cq5MiR4us=) joinded the party "SLAVES" (id=1 ownerUID=m_TD03B4NXDQrU5koHpLq3WyQf1hXTvQSdETJOTM8ss= ownerName=F11 Simulator)
08:59:31.716 [Party] Player "F11 Simulator" (id=m_TD03B4NXDQrU5koHpLq3WyQf1hXTvQSdETJOTM8ss=) left the party "SLAVES" (id=1 ownerUID=m_TD03B4NXDQrU5koHpLq3WyQf1hXTvQSdETJOTM8ss= ownerName=F11 Simulator)
09:00:54.132 [Party] Player "F11 Simulator" (id=m_TD03B4NXDQrU5koHpLq3WyQf1hXTvQSdETJOTM8ss=) joinded the party "SLAVES" (id=1 ownerUID=m_TD03B4NXDQrU5koHpLq3WyQf1hXTvQSdETJOTM8ss= ownerName=F11 Simulator)
09:33:20.992 [Safezone] Player "London" (id=kOLgOs9yYBFVRQG3lqoHveYdP5X8y3SO69cq5MiR4us= pos=<6700.51, 102.78, 6073.65>) entered the safezone
09:33:21.988 [Safezone] Player "F11 Simulator" (id=m_TD03B4NXDQrU5koHpLq3WyQf1hXTvQSdETJOTM8ss= pos=<6700.44, 102.83, 6071.4>) entered the safezone
09:33:54.347 [Market] Player "F11 Simulator" (id=m_TD03B4NXDQrU5koHpLq3WyQf1hXTvQSdETJOTM8ss=) has sold ak101 x1 (9de5f7b0, AK74_WoodBttstck<9f1fa7b0>, AK_PlasticHndgrd<eb1c8c50>, Mag_AK101_30Rnd<eb1cd1b0>, ammo_556x45 x7) at the trader "Weapons (Denis [#STR_EXPANSION_MARKET_TRADER_WEAPONS])" in market zone "Trader Zone" (pos=<6675.160645, 104.603935, 6114.155762>) and got 1238.
09:34:15.859 [Market] Player "F11 Simulator" (id=m_TD03B4NXDQrU5koHpLq3WyQf1hXTvQSdETJOTM8ss=) has bought mag_m14_20rnd x1 (a1c64b80, ammo_308win x20) from the trader "Attachments (Jose [#STR_EXPANSION_MARKET_TRADER_ATTACHMENTS])" in market zone "Trader Zone" (pos=<6675.160645, 104.603935, 6114.155762>) for a price of 240.
09:34:17.109 [Market] Player "F11 Simulator" (id=m_TD03B4NXDQrU5koHpLq3WyQf1hXTvQSdETJOTM8ss=) has bought mag_m14_20rnd x1 (a1c7d4a0, ammo_308win x20) from the trader "Attachments (Jose [#STR_EXPANSION_MARKET_TRADER_ATTACHMENTS])" in market zone "Trader Zone" (pos=<6675.160645, 104.603935, 6114.155762>) for a price of 240.
09:34:41.328 [Market] Player "London" (id=kOLgOs9yYBFVRQG3lqoHveYdP5X8y3SO69cq5MiR4us=) has sold ammobox x1 (998a80c0) at the trader "Components (Cyril [#STR_EXPANSION_MARKET_TRADER_COMPONENTS])" in market zone "Trader Zone" (pos=<6675.160645, 104.603935, 6114.155762>) and got 60.
09:35:00.718 [Market] Player "London" (id=kOLgOs9yYBFVRQG3lqoHveYdP5X8y3SO69cq5MiR4us=) has sold m4_suppressor x1 (ec6e5b20) at the trader "Attachments (Jose [#STR_EXPANSION_MARKET_TRADER_ATTACHMENTS])" in market zone "Trader Zone" (pos=<6675.160645, 104.603935, 6114.155762>) and got 9.
09:35:10.351 [Market] Player "F11 Simulator" (id=m_TD03B4NXDQrU5koHpLq3WyQf1hXTvQSdETJOTM8ss=) has bought whetstone x1 (9f1ec070) from the trader "Components (Cyril [#STR_EXPANSION_MARKET_TRADER_COMPONENTS])" in market zone "Trader Zone" (pos=<6675.160645, 104.603935, 6114.155762>) for a price of 5.
09:35:11.863 [Market] Player "F11 Simulator" (id=m_TD03B4NXDQrU5koHpLq3WyQf1hXTvQSdETJOTM8ss=) has bought whetstone x1 (9f228020) from the trader "Components (Cyril [#STR_EXPANSION_MARKET_TRADER_COMPONENTS])" in market zone "Trader Zone" (pos=<6675.160645, 104.603935, 6114.155762>) for a price of 5.
09:35:49.792 [Market] Player "London" (id=kOLgOs9yYBFVRQG3lqoHveYdP5X8y3SO69cq5MiR4us=) has sold balaclavamask_beige x1 (ec6dfea0) at the trader "Clothing (Naomi [#STR_EXPANSION_MARKET_TRADER_CLOTHING])" in market zone "Trader Zone" (pos=<6675.160645, 104.603935, 6114.155762>) and got 37.
09:36:04.156 [Market] Player "London" (id=kOLgOs9yYBFVRQG3lqoHveYdP5X8y3SO69cq5MiR4us=) has bought balaclavamask_white x1 (9730cb50) from the trader "Clothing (Naomi [#STR_EXPANSION_MARKET_TRADER_CLOTHING])" in market zone "Trader Zone" (pos=<6675.160645, 104.603935, 6114.155762>) for a price of 50.
09:36:09.500 [Market] Player "F11 Simulator" (id=m_TD03B4NXDQrU5koHpLq3WyQf1hXTvQSdETJOTM8ss=) has bought m4_suppressor x1 (97320f10) from the trader "Attachments (Jose [#STR_EXPANSION_MARKET_TRADER_ATTACHMENTS])" in market zone "Trader Zone" (pos=<6675.160645, 104.603935, 6114.155762>) for a price of 25.
09:36:09.894 [Market] Player "F11 Simulator" (id=m_TD03B4NXDQrU5koHpLq3WyQf1hXTvQSdETJOTM8ss=) has bought m4_suppressor x1 (9fb91b80) from the trader "Attachments (Jose [#STR_EXPANSION_MARKET_TRADER_ATTACHMENTS])" in market zone "Trader Zone" (pos=<6675.160645, 104.603935, 6114.155762>) for a price of 25.
09:37:05.332 [ATM] Player "F11 Simulator" (id=m_TD03B4NXDQrU5koHpLq3WyQf1hXTvQSdETJOTM8ss=) has deposited 698 on his ATM account.
09:37:31.074 [Safezone] Player "{1:name}" (id={1:id} pos={1:position}) left the safezone
09:37:37.390 [Safezone] Player "{1:name}" (id={1:id} pos={1:position}) left the safezone
10:06:22.234 [Safezone] Player "London" (id=kOLgOs9yYBFVRQG3lqoHveYdP5X8y3SO69cq5MiR4us= pos=<6762.51, 102.7, 6068.34>) entered the safezone
10:07:13.945 [ATM] Player "London" (id=kOLgOs9yYBFVRQG3lqoHveYdP5X8y3SO69cq5MiR4us=) has withdrawn 8000 from his ATM account.
10:09:22.714 [Market] Player "London" (id=kOLgOs9yYBFVRQG3lqoHveYdP5X8y3SO69cq5MiR4us=) has sold portablegasstove x1 (a2f96810) at the trader "Components (Cyril [#STR_EXPANSION_MARKET_TRADER_COMPONENTS])" in market zone "Trader Zone" (pos=<6675.160645, 104.603935, 6114.155762>) and got 5.
10:10:43.367 [Market] Player "London" (id=kOLgOs9yYBFVRQG3lqoHveYdP5X8y3SO69cq5MiR4us=) has sold huntingjacket_autumn x1 (99b42700) at the trader "Clothing (Naomi [#STR_EXPANSION_MARKET_TRADER_CLOTHING])" in market zone "Trader Zone" (pos=<6675.160645, 104.603935, 6114.155762>) and got 45.
10:10:45.101 [Market] Player "London" (id=kOLgOs9yYBFVRQG3lqoHveYdP5X8y3SO69cq5MiR4us=) has sold drybag_blue x1 (ec2da0e0) at the trader "Clothing (Naomi [#STR_EXPANSION_MARKET_TRADER_CLOTHING])" in market zone "Trader Zone" (pos=<6675.160645, 104.603935, 6114.155762>) and got 16.
10:11:07.546 [Market] Player "London" (id=kOLgOs9yYBFVRQG3lqoHveYdP5X8y3SO69cq5MiR4us=) has sold metalwire x1 (9dee3880) at the trader "BuildingSupplies (Boris [#STR_EXPANSION_MARKET_TRADER_BUILDING_SUPPLIES])" in market zone "Trader Zone" (pos=<6675.160645, 104.603935, 6114.155762>) and got 2.
10:11:31.117 [Market] Player "London" (id=kOLgOs9yYBFVRQG3lqoHveYdP5X8y3SO69cq5MiR4us=) has bought expansioncodelock x3 (992d9810) from the trader "BuildingSupplies (Boris [#STR_EXPANSION_MARKET_TRADER_BUILDING_SUPPLIES])" in market zone "Trader Zone" (pos=<6675.160645, 104.603935, 6114.155762>) for a price of 4500.
10:12:03.285 [Market] Player "London" (id=kOLgOs9yYBFVRQG3lqoHveYdP5X8y3SO69cq5MiR4us=) has bought expansiontoolbox x1 (992dd1e0) from the trader "BuildingSupplies (Boris [#STR_EXPANSION_MARKET_TRADER_BUILDING_SUPPLIES])" in market zone "Trader Zone" (pos=<6675.160645, 104.603935, 6114.155762>) for a price of 500.
10:12:41.753 [Market] Player "London" (id=kOLgOs9yYBFVRQG3lqoHveYdP5X8y3SO69cq5MiR4us=) has sold expansiontoolbox x1 (992dd1e0) at the trader "BuildingSupplies (Boris [#STR_EXPANSION_MARKET_TRADER_BUILDING_SUPPLIES])" in market zone "Trader Zone" (pos=<6675.160645, 104.603935, 6114.155762>) and got 375.
10:13:49.875 [Party] Player "F11 Simulator" (id=m_TD03B4NXDQrU5koHpLq3WyQf1hXTvQSdETJOTM8ss=) left the party "SLAVES" (id=1 ownerUID=m_TD03B4NXDQrU5koHpLq3WyQf1hXTvQSdETJOTM8ss= ownerName=F11 Simulator)
10:16:02.710 [Market] Player "London" (id=kOLgOs9yYBFVRQG3lqoHveYdP5X8y3SO69cq5MiR4us=) has sold hunterpants_summer x1 (9fd5ae10) at the trader "Clothing (Naomi [#STR_EXPANSION_MARKET_TRADER_CLOTHING])" in market zone "Trader Zone" (pos=<6675.160645, 104.603935, 6114.155762>) and got 75.
10:16:49.281 [Market] Player "London" (id=kOLgOs9yYBFVRQG3lqoHveYdP5X8y3SO69cq5MiR4us=) has bought barrel_green x1 (a3336180) from the trader "BuildingSupplies (Boris [#STR_EXPANSION_MARKET_TRADER_BUILDING_SUPPLIES])" in market zone "Trader Zone" (pos=<6675.160645, 104.603935, 6114.155762>) for a price of 1500.
10:17:03.820 [Safezone] Player "PatMax" (id=jiSboo32SQZAMp7VxNNFwsMUk2-s3fPPrck_5xKkgu0= pos=<6668.75, 105.24, 6101.74>) entered the safezone
10:17:03.824 [Party] Player "PatMax" (id=jiSboo32SQZAMp7VxNNFwsMUk2-s3fPPrck_5xKkgu0=) joinded the party "Nasse" (id=18 ownerUID=jiSboo32SQZAMp7VxNNFwsMUk2-s3fPPrck_5xKkgu0= ownerName=PatMax)
10:18:38.226 [Party] Player "F11 Simulator" (id=m_TD03B4NXDQrU5koHpLq3WyQf1hXTvQSdETJOTM8ss=) joinded the party "SLAVES" (id=1 ownerUID=m_TD03B4NXDQrU5koHpLq3WyQf1hXTvQSdETJOTM8ss= ownerName=F11 Simulator)
10:19:00.285 [Market] Player "London" (id=kOLgOs9yYBFVRQG3lqoHveYdP5X8y3SO69cq5MiR4us=) has sold barrel_green x1 (a3336180) at the trader "BuildingSupplies (Boris [#STR_EXPANSION_MARKET_TRADER_BUILDING_SUPPLIES])" in market zone "Trader Zone" (pos=<6675.160645, 104.603935, 6114.155762>) and got 1125.
10:19:22.730 [ATM] Player "PatMax" (id=jiSboo32SQZAMp7VxNNFwsMUk2-s3fPPrck_5xKkgu0=) has withdrawn 2038 from his ATM account.
10:19:59.343 [Market] Player "London" (id=kOLgOs9yYBFVRQG3lqoHveYdP5X8y3SO69cq5MiR4us=) has sold fal x1 (991a5e80, Fal_OeBttstck<9f99dd20>) at the trader "Weapons (Denis [#STR_EXPANSION_MARKET_TRADER_WEAPONS])" in market zone "Trader Zone" (pos=<6675.160645, 104.603935, 6114.155762>) and got 1293.
10:20:16.414 [Market] Player "London" (id=kOLgOs9yYBFVRQG3lqoHveYdP5X8y3SO69cq5MiR4us=) has bought weaponcleaningkit x1 (bea2d110) from the trader "Components (Cyril [#STR_EXPANSION_MARKET_TRADER_COMPONENTS])" in market zone "Trader Zone" (pos=<6675.160645, 104.603935, 6114.155762>) for a price of 8.
10:21:07.230 [Market] Player "London" (id=kOLgOs9yYBFVRQG3lqoHveYdP5X8y3SO69cq5MiR4us=) has sold fal x1 (9de3fa40, Fal_OeBttstck<9f7e3320>) at the trader "Weapons (Denis [#STR_EXPANSION_MARKET_TRADER_WEAPONS])" in market zone "Trader Zone" (pos=<6675.160645, 104.603935, 6114.155762>) and got 1312.
10:24:25.757 [Market] Player "London" (id=kOLgOs9yYBFVRQG3lqoHveYdP5X8y3SO69cq5MiR4us=) has sold weaponcleaningkit x1 (bea2d110) at the trader "Components (Cyril [#STR_EXPANSION_MARKET_TRADER_COMPONENTS])" in market zone "Trader Zone" (pos=<6675.160645, 104.603935, 6114.155762>) and got 1.
10:26:40.796 [Market] Player "London" (id=kOLgOs9yYBFVRQG3lqoHveYdP5X8y3SO69cq5MiR4us=) has bought svd x1 (8fe416b0, Mag_SVD_10Rnd<9fb665c0>, ammo_762x54 x10) from the trader "Weapons (Denis [#STR_EXPANSION_MARKET_TRADER_WEAPONS])" in market zone "Trader Zone" (pos=<6675.160645, 104.603935, 6114.155762>) for a price of 2270.
10:26:52.531 [Market] Player "London" (id=kOLgOs9yYBFVRQG3lqoHveYdP5X8y3SO69cq5MiR4us=) has bought ak_suppressor x1 (a1367630) from the trader "Attachments (Jose [#STR_EXPANSION_MARKET_TRADER_ATTACHMENTS])" in market zone "Trader Zone" (pos=<6675.160645, 104.603935, 6114.155762>) for a price of 25.
10:27:00.089 [Market] Player "London" (id=kOLgOs9yYBFVRQG3lqoHveYdP5X8y3SO69cq5MiR4us=) has bought kazuaroptic x1 (99da6510, Battery9V<eb1db8f0>) from the trader "Attachments (Jose [#STR_EXPANSION_MARKET_TRADER_ATTACHMENTS])" in market zone "Trader Zone" (pos=<6675.160645, 104.603935, 6114.155762>) for a price of 2210.
10:27:35.148 [ATM] Player "London" (id=kOLgOs9yYBFVRQG3lqoHveYdP5X8y3SO69cq5MiR4us=) has deposited 1236 on his ATM account.
10:27:36.687 [Safezone] Player "F11 Simulator" (id=m_TD03B4NXDQrU5koHpLq3WyQf1hXTvQSdETJOTM8ss= pos=<6637.35, 130.9, 6025.31>) entered the safezone
10:27:49.863 [Safezone] Player "{1:name}" (id={1:id} pos={1:position}) left the safezone
10:28:40.835 [Market] Player "London" (id=kOLgOs9yYBFVRQG3lqoHveYdP5X8y3SO69cq5MiR4us=) has sold repeater x1 (8fe6b0e0) at the trader "Weapons (Denis [#STR_EXPANSION_MARKET_TRADER_WEAPONS])" in market zone "Trader Zone" (pos=<6675.160645, 104.603935, 6114.155762>) and got 65.
10:29:36.718 [Market] Player "PatMax" (id=jiSboo32SQZAMp7VxNNFwsMUk2-s3fPPrck_5xKkgu0=) has sold ammo_45acp x1 (a2b97730) at the trader "Weapons (Denis [#STR_EXPANSION_MARKET_TRADER_WEAPONS])" in market zone "Trader Zone" (pos=<6675.160645, 104.603935, 6114.155762>) and got 1.
10:29:36.902 [Market] Player "PatMax" (id=jiSboo32SQZAMp7VxNNFwsMUk2-s3fPPrck_5xKkgu0=) has sold ammo_45acp x1 (a2b97730) at the trader "Weapons (Denis [#STR_EXPANSION_MARKET_TRADER_WEAPONS])" in market zone "Trader Zone" (pos=<6675.160645, 104.603935, 6114.155762>) and got 1.
10:29:37.050 [Market] Player "PatMax" (id=jiSboo32SQZAMp7VxNNFwsMUk2-s3fPPrck_5xKkgu0=) has sold ammo_45acp x1 (a2b97730) at the trader "Weapons (Denis [#STR_EXPANSION_MARKET_TRADER_WEAPONS])" in market zone "Trader Zone" (pos=<6675.160645, 104.603935, 6114.155762>) and got 1.
10:29:37.222 [Market] Player "PatMax" (id=jiSboo32SQZAMp7VxNNFwsMUk2-s3fPPrck_5xKkgu0=) has sold ammo_45acp x1 (a2b97730) at the trader "Weapons (Denis [#STR_EXPANSION_MARKET_TRADER_WEAPONS])" in market zone "Trader Zone" (pos=<6675.160645, 104.603935, 6114.155762>) and got 1.
10:29:37.363 [Market] Player "PatMax" (id=jiSboo32SQZAMp7VxNNFwsMUk2-s3fPPrck_5xKkgu0=) has sold ammo_45acp x1 (a2b97730) at the trader "Weapons (Denis [#STR_EXPANSION_MARKET_TRADER_WEAPONS])" in market zone "Trader Zone" (pos=<6675.160645, 104.603935, 6114.155762>) and got 1.
10:29:37.507 [Market] Player "PatMax" (id=jiSboo32SQZAMp7VxNNFwsMUk2-s3fPPrck_5xKkgu0=) has sold ammo_45acp x1 (a2b97730) at the trader "Weapons (Denis [#STR_EXPANSION_MARKET_TRADER_WEAPONS])" in market zone "Trader Zone" (pos=<6675.160645, 104.603935, 6114.155762>) and got 1.
10:29:37.695 [Market] Player "PatMax" (id=jiSboo32SQZAMp7VxNNFwsMUk2-s3fPPrck_5xKkgu0=) has sold ammo_45acp x1 (a2b97730) at the trader "Weapons (Denis [#STR_EXPANSION_MARKET_TRADER_WEAPONS])" in market zone "Trader Zone" (pos=<6675.160645, 104.603935, 6114.155762>) and got 1.
10:29:37.851 [Market] Player "PatMax" (id=jiSboo32SQZAMp7VxNNFwsMUk2-s3fPPrck_5xKkgu0=) has sold ammo_45acp x1 (a2b97730) at the trader "Weapons (Denis [#STR_EXPANSION_MARKET_TRADER_WEAPONS])" in market zone "Trader Zone" (pos=<6675.160645, 104.603935, 6114.155762>) and got 1.
10:29:37.984 [Market] Player "PatMax" (id=jiSboo32SQZAMp7VxNNFwsMUk2-s3fPPrck_5xKkgu0=) has sold ammo_45acp x1 (a2b97730) at the trader "Weapons (Denis [#STR_EXPANSION_MARKET_TRADER_WEAPONS])" in market zone "Trader Zone" (pos=<6675.160645, 104.603935, 6114.155762>) and got 1.
10:29:38.140 [Market] Player "PatMax" (id=jiSboo32SQZAMp7VxNNFwsMUk2-s3fPPrck_5xKkgu0=) has sold ammo_45acp x1 (a2b97730) at the trader "Weapons (Denis [#STR_EXPANSION_MARKET_TRADER_WEAPONS])" in market zone "Trader Zone" (pos=<6675.160645, 104.603935, 6114.155762>) and got 1.
10:29:38.292 [Market] Player "PatMax" (id=jiSboo32SQZAMp7VxNNFwsMUk2-s3fPPrck_5xKkgu0=) has sold ammo_45acp x1 (a2b97730) at the trader "Weapons (Denis [#STR_EXPANSION_MARKET_TRADER_WEAPONS])" in market zone "Trader Zone" (pos=<6675.160645, 104.603935, 6114.155762>) and got 1.
10:29:38.437 [Market] Player "PatMax" (id=jiSboo32SQZAMp7VxNNFwsMUk2-s3fPPrck_5xKkgu0=) has sold ammo_45acp x1 (a2b97730) at the trader "Weapons (Denis [#STR_EXPANSION_MARKET_TRADER_WEAPONS])" in market zone "Trader Zone" (pos=<6675.160645, 104.603935, 6114.155762>) and got 1.
10:29:38.609 [Market] Player "PatMax" (id=jiSboo32SQZAMp7VxNNFwsMUk2-s3fPPrck_5xKkgu0=) has sold ammo_45acp x1 (a2b97730) at the trader "Weapons (Denis [#STR_EXPANSION_MARKET_TRADER_WEAPONS])" in market zone "Trader Zone" (pos=<6675.160645, 104.603935, 6114.155762>) and got 1.
10:29:38.757 [Market] Player "PatMax" (id=jiSboo32SQZAMp7VxNNFwsMUk2-s3fPPrck_5xKkgu0=) has sold ammo_45acp x1 (a2b97730) at the trader "Weapons (Denis [#STR_EXPANSION_MARKET_TRADER_WEAPONS])" in market zone "Trader Zone" (pos=<6675.160645, 104.603935, 6114.155762>) and got 1.
10:29:38.937 [Market] Player "PatMax" (id=jiSboo32SQZAMp7VxNNFwsMUk2-s3fPPrck_5xKkgu0=) has sold ammo_45acp x1 (a2b97730) at the trader "Weapons (Denis [#STR_EXPANSION_MARKET_TRADER_WEAPONS])" in market zone "Trader Zone" (pos=<6675.160645, 104.603935, 6114.155762>) and got 1.
10:29:39.082 [Market] Player "PatMax" (id=jiSboo32SQZAMp7VxNNFwsMUk2-s3fPPrck_5xKkgu0=) has sold ammo_45acp x1 (a2b97730) at the trader "Weapons (Denis [#STR_EXPANSION_MARKET_TRADER_WEAPONS])" in market zone "Trader Zone" (pos=<6675.160645, 104.603935, 6114.155762>) and got 1.
10:29:39.230 [Market] Player "PatMax" (id=jiSboo32SQZAMp7VxNNFwsMUk2-s3fPPrck_5xKkgu0=) has sold ammo_45acp x1 (a2b97730) at the trader "Weapons (Denis [#STR_EXPANSION_MARKET_TRADER_WEAPONS])" in market zone "Trader Zone" (pos=<6675.160645, 104.603935, 6114.155762>) and got 1.
10:29:39.410 [Market] Player "PatMax" (id=jiSboo32SQZAMp7VxNNFwsMUk2-s3fPPrck_5xKkgu0=) has sold ammo_45acp x1 (a2b97730) at the trader "Weapons (Denis [#STR_EXPANSION_MARKET_TRADER_WEAPONS])" in market zone "Trader Zone" (pos=<6675.160645, 104.603935, 6114.155762>) and got 1.
10:29:39.550 [Market] Player "PatMax" (id=jiSboo32SQZAMp7VxNNFwsMUk2-s3fPPrck_5xKkgu0=) has sold ammo_45acp x1 (a2b97730) at the trader "Weapons (Denis [#STR_EXPANSION_MARKET_TRADER_WEAPONS])" in market zone "Trader Zone" (pos=<6675.160645, 104.603935, 6114.155762>) and got 1.
10:29:39.703 [Market] Player "PatMax" (id=jiSboo32SQZAMp7VxNNFwsMUk2-s3fPPrck_5xKkgu0=) has sold ammo_45acp x1 (a2b97730) at the trader "Weapons (Denis [#STR_EXPANSION_MARKET_TRADER_WEAPONS])" in market zone "Trader Zone" (pos=<6675.160645, 104.603935, 6114.155762>) and got 1.
10:29:39.851 [Market] Player "PatMax" (id=jiSboo32SQZAMp7VxNNFwsMUk2-s3fPPrck_5xKkgu0=) has sold ammo_45acp x1 (a2b97730) at the trader "Weapons (Denis [#STR_EXPANSION_MARKET_TRADER_WEAPONS])" in market zone "Trader Zone" (pos=<6675.160645, 104.603935, 6114.155762>) and got 1.
10:29:40.023 [Market] Player "PatMax" (id=jiSboo32SQZAMp7VxNNFwsMUk2-s3fPPrck_5xKkgu0=) has sold ammo_45acp x1 (a2b97730) at the trader "Weapons (Denis [#STR_EXPANSION_MARKET_TRADER_WEAPONS])" in market zone "Trader Zone" (pos=<6675.160645, 104.603935, 6114.155762>) and got 1.
10:29:40.183 [Market] Player "PatMax" (id=jiSboo32SQZAMp7VxNNFwsMUk2-s3fPPrck_5xKkgu0=) has sold ammo_45acp x1 (a2b97730) at the trader "Weapons (Denis [#STR_EXPANSION_MARKET_TRADER_WEAPONS])" in market zone "Trader Zone" (pos=<6675.160645, 104.603935, 6114.155762>) and got 1.
10:29:40.324 [Market] Player "PatMax" (id=jiSboo32SQZAMp7VxNNFwsMUk2-s3fPPrck_5xKkgu0=) has sold ammo_45acp x1 (a2b97730) at the trader "Weapons (Denis [#STR_EXPANSION_MARKET_TRADER_WEAPONS])" in market zone "Trader Zone" (pos=<6675.160645, 104.603935, 6114.155762>) and got 1.
10:29:47.695 [Market] Player "PatMax" (id=jiSboo32SQZAMp7VxNNFwsMUk2-s3fPPrck_5xKkgu0=) has sold deagle x1 (9de73e40) at the trader "Weapons (Denis [#STR_EXPANSION_MARKET_TRADER_WEAPONS])" in market zone "Trader Zone" (pos=<6675.160645, 104.603935, 6114.155762>) and got 300.
10:29:48.972 [Market] Player "PatMax" (id=jiSboo32SQZAMp7VxNNFwsMUk2-s3fPPrck_5xKkgu0=) has sold engraved1911 x1 (9de6d5c0, TLRLight<6a4124d0>, Battery9V<6a420080>, PistolSuppressor<6a420c10>, Mag_1911_7Rnd<9bd48f90>) at the trader "Weapons (Denis [#STR_EXPANSION_MARKET_TRADER_WEAPONS])" in market zone "Trader Zone" (pos=<6675.160645, 104.603935, 6114.155762>) and got 321.
10:29:59.226 [Market] Player "PatMax" (id=jiSboo32SQZAMp7VxNNFwsMUk2-s3fPPrck_5xKkgu0=) has sold mag_1911_7rnd x1 (a2b8e0e0, ammo_45acp x7) at the trader "Attachments (Jose [#STR_EXPANSION_MARKET_TRADER_ATTACHMENTS])" in market zone "Trader Zone" (pos=<6675.160645, 104.603935, 6114.155762>) and got 37.
10:30:30.113 [Safezone] Player "F11 Simulator" (id=m_TD03B4NXDQrU5koHpLq3WyQf1hXTvQSdETJOTM8ss= pos=<6654.95, 124.99, 6016.6>) entered the safezone
10:30:43.085 [Safezone] Player "{1:name}" (id={1:id} pos={1:position}) left the safezone
10:31:37.144 [Market] Player "PatMax" (id=jiSboo32SQZAMp7VxNNFwsMUk2-s3fPPrck_5xKkgu0=) has sold woolcoat_black x1 (7724d390) at the trader "Clothing (Naomi [#STR_EXPANSION_MARKET_TRADER_CLOTHING])" in market zone "Trader Zone" (pos=<6675.160645, 104.603935, 6114.155762>) and got 7.
10:31:47.929 [Market] Player "PatMax" (id=jiSboo32SQZAMp7VxNNFwsMUk2-s3fPPrck_5xKkgu0=) has sold sledgehammer x1 (a1665c60) at the trader "BuildingSupplies (Boris [#STR_EXPANSION_MARKET_TRADER_BUILDING_SUPPLIES])" in market zone "Trader Zone" (pos=<6675.160645, 104.603935, 6114.155762>) and got 2.
10:32:17.382 [Market] Player "London" (id=kOLgOs9yYBFVRQG3lqoHveYdP5X8y3SO69cq5MiR4us=) has bought lunchmeat x1 (a1cc3ff0) from the trader "Consumables (Linda [#STR_EXPANSION_MARKET_TRADER_CONSUMABLES])" in market zone "Trader Zone" (pos=<6675.160645, 104.603935, 6114.155762>) for a price of 15.
10:32:18.718 [Market] Player "London" (id=kOLgOs9yYBFVRQG3lqoHveYdP5X8y3SO69cq5MiR4us=) has bought lunchmeat x1 (96ca1d00) from the trader "Consumables (Linda [#STR_EXPANSION_MARKET_TRADER_CONSUMABLES])" in market zone "Trader Zone" (pos=<6675.160645, 104.603935, 6114.155762>) for a price of 15.
10:33:05.812 [Market] Player "PatMax" (id=jiSboo32SQZAMp7VxNNFwsMUk2-s3fPPrck_5xKkgu0=) has bought canteen x1 (9766d1f0) from the trader "Consumables (Linda [#STR_EXPANSION_MARKET_TRADER_CONSUMABLES])" in market zone "Trader Zone" (pos=<6675.160645, 104.603935, 6114.155762>) for a price of 18.
10:33:07.277 [Market] Player "PatMax" (id=jiSboo32SQZAMp7VxNNFwsMUk2-s3fPPrck_5xKkgu0=) has bought waterbottle x1 (97692100) from the trader "Consumables (Linda [#STR_EXPANSION_MARKET_TRADER_CONSUMABLES])" in market zone "Trader Zone" (pos=<6675.160645, 104.603935, 6114.155762>) for a price of 15.
10:33:08.367 [Market] Player "PatMax" (id=jiSboo32SQZAMp7VxNNFwsMUk2-s3fPPrck_5xKkgu0=) has bought expansionmilkbottle x1 (9768b470) from the trader "Consumables (Linda [#STR_EXPANSION_MARKET_TRADER_CONSUMABLES])" in market zone "Trader Zone" (pos=<6675.160645, 104.603935, 6114.155762>) for a price of 15.
10:33:40.859 [Market] Player "London" (id=kOLgOs9yYBFVRQG3lqoHveYdP5X8y3SO69cq5MiR4us=) has bought sodacan_fronta x1 (970eaec0) from the trader "Consumables (Linda [#STR_EXPANSION_MARKET_TRADER_CONSUMABLES])" in market zone "Trader Zone" (pos=<6675.160645, 104.603935, 6114.155762>) for a price of 10.
10:33:41.878 [Market] Player "London" (id=kOLgOs9yYBFVRQG3lqoHveYdP5X8y3SO69cq5MiR4us=) has bought sodacan_fronta x1 (970fb820) from the trader "Consumables (Linda [#STR_EXPANSION_MARKET_TRADER_CONSUMABLES])" in market zone "Trader Zone" (pos=<6675.160645, 104.603935, 6114.155762>) for a price of 10.
10:34:29.218 [Market] Player "PatMax" (id=jiSboo32SQZAMp7VxNNFwsMUk2-s3fPPrck_5xKkgu0=) has sold leathersewingkit x1 (94bcf9a0) at the trader "Components (Cyril [#STR_EXPANSION_MARKET_TRADER_COMPONENTS])" in market zone "Trader Zone" (pos=<6675.160645, 104.603935, 6114.155762>) and got 1.
10:34:58.617 [Market] Player "London" (id=kOLgOs9yYBFVRQG3lqoHveYdP5X8y3SO69cq5MiR4us=) has bought sodacan_cola x1 (a38aeac0) from the trader "Consumables (Linda [#STR_EXPANSION_MARKET_TRADER_CONSUMABLES])" in market zone "Trader Zone" (pos=<6675.160645, 104.603935, 6114.155762>) for a price of 10.
10:38:11.933 [ATM] Player "London" (id=kOLgOs9yYBFVRQG3lqoHveYdP5X8y3SO69cq5MiR4us=) has withdrawn 20 from his ATM account.
10:38:26.136 [Market] Player "London" (id=kOLgOs9yYBFVRQG3lqoHveYdP5X8y3SO69cq5MiR4us=) has bought leathersewingkit x1 (96c169d0) from the trader "Components (Cyril [#STR_EXPANSION_MARKET_TRADER_COMPONENTS])" in market zone "Trader Zone" (pos=<6675.160645, 104.603935, 6114.155762>) for a price of 5.
10:39:25.820 [Safezone] Player "F11 Simulator" (id=m_TD03B4NXDQrU5koHpLq3WyQf1hXTvQSdETJOTM8ss= pos=<6682.91, 117.3, 6016.16>) entered the safezone
10:39:40.515 [ATM] Player "F11 Simulator" (id=m_TD03B4NXDQrU5koHpLq3WyQf1hXTvQSdETJOTM8ss=) has withdrawn 84462 from his ATM account.
10:39:52.789 [Market] Player "F11 Simulator" (id=m_TD03B4NXDQrU5koHpLq3WyQf1hXTvQSdETJOTM8ss=) has bought m4_suppressor x1 (9b4bc170) from the trader "Attachments (Jose [#STR_EXPANSION_MARKET_TRADER_ATTACHMENTS])" in market zone "Trader Zone" (pos=<6675.160645, 104.603935, 6114.155762>) for a price of 25.
10:40:14.253 [Market] Player "London" (id=kOLgOs9yYBFVRQG3lqoHveYdP5X8y3SO69cq5MiR4us=) has sold leathersewingkit x1 (96c169d0) at the trader "Components (Cyril [#STR_EXPANSION_MARKET_TRADER_COMPONENTS])" in market zone "Trader Zone" (pos=<6675.160645, 104.603935, 6114.155762>) and got 1.
10:40:17.367 [Market] Player "London" (id=kOLgOs9yYBFVRQG3lqoHveYdP5X8y3SO69cq5MiR4us=) has bought weaponcleaningkit x1 (9787b1c0) from the trader "Components (Cyril [#STR_EXPANSION_MARKET_TRADER_COMPONENTS])" in market zone "Trader Zone" (pos=<6675.160645, 104.603935, 6114.155762>) for a price of 8.
10:40:17.910 [Market] Player "London" (id=kOLgOs9yYBFVRQG3lqoHveYdP5X8y3SO69cq5MiR4us=) has bought weaponcleaningkit x1 (9787c8e0) from the trader "Components (Cyril [#STR_EXPANSION_MARKET_TRADER_COMPONENTS])" in market zone "Trader Zone" (pos=<6675.160645, 104.603935, 6114.155762>) for a price of 8.
10:40:33.562 [Market] Player "London" (id=kOLgOs9yYBFVRQG3lqoHveYdP5X8y3SO69cq5MiR4us=) has sold b95 x1 (8fe5d2d0) at the trader "Weapons (Denis [#STR_EXPANSION_MARKET_TRADER_WEAPONS])" in market zone "Trader Zone" (pos=<6675.160645, 104.603935, 6114.155762>) and got 1275.
10:41:20.710 [Market] Player "London" (id=kOLgOs9yYBFVRQG3lqoHveYdP5X8y3SO69cq5MiR4us=) has bought ammobox_22_50rnd x2 (94a9f8a0) from the trader "Weapons (Denis [#STR_EXPANSION_MARKET_TRADER_WEAPONS])" in market zone "Trader Zone" (pos=<6675.160645, 104.603935, 6114.155762>) for a price of 160.
10:41:26.394 [Market] Player "F11 Simulator" (id=m_TD03B4NXDQrU5koHpLq3WyQf1hXTvQSdETJOTM8ss=) has bought mediumtent x1 (a1cc33e0) from the trader "BuildingSupplies (Boris [#STR_EXPANSION_MARKET_TRADER_BUILDING_SUPPLIES])" in market zone "Trader Zone" (pos=<6675.160645, 104.603935, 6114.155762>) for a price of 3000.
10:41:33.976 [ATM] Player "London" (id=kOLgOs9yYBFVRQG3lqoHveYdP5X8y3SO69cq5MiR4us=) has deposited 1120 on his ATM account.
10:41:36.164 [Market] Player "F11 Simulator" (id=m_TD03B4NXDQrU5koHpLq3WyQf1hXTvQSdETJOTM8ss=) has bought cartent x1 (a1ca99c0) from the trader "BuildingSupplies (Boris [#STR_EXPANSION_MARKET_TRADER_BUILDING_SUPPLIES])" in market zone "Trader Zone" (pos=<6675.160645, 104.603935, 6114.155762>) for a price of 7000.
10:41:56.683 [ATM] Player "F11 Simulator" (id=m_TD03B4NXDQrU5koHpLq3WyQf1hXTvQSdETJOTM8ss=) has deposited 74437 on his ATM account.
10:42:33.453 [Safezone] Player "{1:name}" (id={1:id} pos={1:position}) left the safezone
10:42:35.386 [Safezone] Player "{1:name}" (id={1:id} pos={1:position}) left the safezone
10:43:27.230 [Market] Player "PatMax" (id=jiSboo32SQZAMp7VxNNFwsMUk2-s3fPPrck_5xKkgu0=) has bought deagle_gold x1 (991b56b0, PistolSuppressor<a1a684f0>) from the trader "Weapons (Denis [#STR_EXPANSION_MARKET_TRADER_WEAPONS])" in market zone "Trader Zone" (pos=<6675.160645, 104.603935, 6114.155762>) for a price of 515.
10:44:46.171 [Market] Player "PatMax" (id=jiSboo32SQZAMp7VxNNFwsMUk2-s3fPPrck_5xKkgu0=) has sold ammobox_9x19_25rnd x1 (9a058460) at the trader "Weapons (Denis [#STR_EXPANSION_MARKET_TRADER_WEAPONS])" in market zone "Trader Zone" (pos=<6675.160645, 104.603935, 6114.155762>) and got 30.
10:44:46.320 [Market] Player "PatMax" (id=jiSboo32SQZAMp7VxNNFwsMUk2-s3fPPrck_5xKkgu0=) has sold ammobox_9x19_25rnd x1 (990fcdd0) at the trader "Weapons (Denis [#STR_EXPANSION_MARKET_TRADER_WEAPONS])" in market zone "Trader Zone" (pos=<6675.160645, 104.603935, 6114.155762>) and got 30.
10:44:46.621 [Market] Player "PatMax" (id=jiSboo32SQZAMp7VxNNFwsMUk2-s3fPPrck_5xKkgu0=) has sold ammobox_9x19_25rnd x1 (9910d7c0) at the trader "Weapons (Denis [#STR_EXPANSION_MARKET_TRADER_WEAPONS])" in market zone "Trader Zone" (pos=<6675.160645, 104.603935, 6114.155762>) and got 30.
10:44:46.773 [Market] Player "PatMax" (id=jiSboo32SQZAMp7VxNNFwsMUk2-s3fPPrck_5xKkgu0=) has sold ammobox_9x19_25rnd x1 (99130e50) at the trader "Weapons (Denis [#STR_EXPANSION_MARKET_TRADER_WEAPONS])" in market zone "Trader Zone" (pos=<6675.160645, 104.603935, 6114.155762>) and got 30.
10:44:46.945 [Market] Player "PatMax" (id=jiSboo32SQZAMp7VxNNFwsMUk2-s3fPPrck_5xKkgu0=) has sold ammobox_9x19_25rnd x1 (b8b75de0) at the trader "Weapons (Denis [#STR_EXPANSION_MARKET_TRADER_WEAPONS])" in market zone "Trader Zone" (pos=<6675.160645, 104.603935, 6114.155762>) and got 30.
10:44:47.085 [Market] Player "PatMax" (id=jiSboo32SQZAMp7VxNNFwsMUk2-s3fPPrck_5xKkgu0=) has sold ammobox_9x19_25rnd x1 (a31aeba0) at the trader "Weapons (Denis [#STR_EXPANSION_MARKET_TRADER_WEAPONS])" in market zone "Trader Zone" (pos=<6675.160645, 104.603935, 6114.155762>) and got 30.
10:44:52.218 [Market] Player "PatMax" (id=jiSboo32SQZAMp7VxNNFwsMUk2-s3fPPrck_5xKkgu0=) has sold glock19 x1 (9de69470, Mag_Glock_15Rnd<99e4cb30>, ammo_9x19 x8) at the trader "Weapons (Denis [#STR_EXPANSION_MARKET_TRADER_WEAPONS])" in market zone "Trader Zone" (pos=<6675.160645, 104.603935, 6114.155762>) and got 263.
10:45:13.699 [Market] Player "PatMax" (id=jiSboo32SQZAMp7VxNNFwsMUk2-s3fPPrck_5xKkgu0=) has bought deagle x1 (991c0080, Mag_Deagle_9rnd<992c7700>, ammo_357 x9) from the trader "Weapons (Denis [#STR_EXPANSION_MARKET_TRADER_WEAPONS])" in market zone "Trader Zone" (pos=<6675.160645, 104.603935, 6114.155762>) for a price of 463.
10:45:29.464 [BaseRaiding] ExpansionWall6x3 (<7489.433105, 120.788925, 6339.515625>) Code set by "player "F11 Simulator" (ID = "m_TD03B4NXDQrU5koHpLq3WyQf1hXTvQSdETJOTM8ss=" at <7490.560547, 120.766441, 6341.039063>)" and the code is 1011
10:45:37.542 [BaseRaiding] ExpansionWall6x3 (<7480.405762, 120.789871, 6347.421875>) Code set by "player "F11 Simulator" (ID = "m_TD03B4NXDQrU5koHpLq3WyQf1hXTvQSdETJOTM8ss=" at <7481.912598, 120.753853, 6347.787598>)" and the code is 1011
10:45:46.949 [BaseRaiding] ExpansionWall6x3 (<7492.265137, 120.792709, 6360.962891>) Code set by "player "F11 Simulator" (ID = "m_TD03B4NXDQrU5koHpLq3WyQf1hXTvQSdETJOTM8ss=" at <7492.451172, 120.751884, 6360.017578>)" and the code is 1110
10:45:53.179 [BaseRaiding] ExpansionWall6x3 (<7480.405762, 120.789871, 6347.421875>) Damaged "player "London" (ID = "kOLgOs9yYBFVRQG3lqoHveYdP5X8y3SO69cq5MiR4us=" at <7482.518066, 120.754486, 6346.508789>)" by 10 health points. Reason: Failed to enter the correct code.
10:45:53.179 [BaseRaiding] ExpansionWall6x3 (<7480.405762, 120.789871, 6347.421875>) The correct code was 1011 and the player tried 1110
10:45:57.687 [Market] Player "PatMax" (id=jiSboo32SQZAMp7VxNNFwsMUk2-s3fPPrck_5xKkgu0=) has sold tlrlight x1 (99e7c650) at the trader "Attachments (Jose [#STR_EXPANSION_MARKET_TRADER_ATTACHMENTS])" in market zone "Trader Zone" (pos=<6675.160645, 104.603935, 6114.155762>) and got 90.
10:48:14.937 [Market] Player "PatMax" (id=jiSboo32SQZAMp7VxNNFwsMUk2-s3fPPrck_5xKkgu0=) has sold mag_glock_15rnd x1 (96bebfa0, ammo_9x19 x15) at the trader "Attachments (Jose [#STR_EXPANSION_MARKET_TRADER_ATTACHMENTS])" in market zone "Trader Zone" (pos=<6675.160645, 104.603935, 6114.155762>) and got 45.
10:49:28.414 [Market] Player "PatMax" (id=jiSboo32SQZAMp7VxNNFwsMUk2-s3fPPrck_5xKkgu0=) has sold canteen x1 (9766d1f0) at the trader "Consumables (Linda [#STR_EXPANSION_MARKET_TRADER_CONSUMABLES])" in market zone "Trader Zone" (pos=<6675.160645, 104.603935, 6114.155762>) and got 3.
10:49:30.066 [Market] Player "PatMax" (id=jiSboo32SQZAMp7VxNNFwsMUk2-s3fPPrck_5xKkgu0=) has sold expansionmilkbottle x1 (9768b470) at the trader "Consumables (Linda [#STR_EXPANSION_MARKET_TRADER_CONSUMABLES])" in market zone "Trader Zone" (pos=<6675.160645, 104.603935, 6114.155762>) and got 2.
10:49:31.050 [Market] Player "PatMax" (id=jiSboo32SQZAMp7VxNNFwsMUk2-s3fPPrck_5xKkgu0=) has sold waterbottle x1 (97692100) at the trader "Consumables (Linda [#STR_EXPANSION_MARKET_TRADER_CONSUMABLES])" in market zone "Trader Zone" (pos=<6675.160645, 104.603935, 6114.155762>) and got 2.
10:49:45.957 [Market] Player "PatMax" (id=jiSboo32SQZAMp7VxNNFwsMUk2-s3fPPrck_5xKkgu0=) has bought waterbottle x1 (99c8a720) from the trader "Consumables (Linda [#STR_EXPANSION_MARKET_TRADER_CONSUMABLES])" in market zone "Trader Zone" (pos=<6675.160645, 104.603935, 6114.155762>) for a price of 15.
10:49:47.500 [Market] Player "PatMax" (id=jiSboo32SQZAMp7VxNNFwsMUk2-s3fPPrck_5xKkgu0=) has bought waterbottle x1 (99c92bd0) from the trader "Consumables (Linda [#STR_EXPANSION_MARKET_TRADER_CONSUMABLES])" in market zone "Trader Zone" (pos=<6675.160645, 104.603935, 6114.155762>) for a price of 15.
10:49:48.031 [Market] Player "PatMax" (id=jiSboo32SQZAMp7VxNNFwsMUk2-s3fPPrck_5xKkgu0=) has bought waterbottle x1 (99c97430) from the trader "Consumables (Linda [#STR_EXPANSION_MARKET_TRADER_CONSUMABLES])" in market zone "Trader Zone" (pos=<6675.160645, 104.603935, 6114.155762>) for a price of 15.
10:49:52.953 [Market] Player "PatMax" (id=jiSboo32SQZAMp7VxNNFwsMUk2-s3fPPrck_5xKkgu0=) has bought porkcan x1 (99c8bf40) from the trader "Consumables (Linda [#STR_EXPANSION_MARKET_TRADER_CONSUMABLES])" in market zone "Trader Zone" (pos=<6675.160645, 104.603935, 6114.155762>) for a price of 15.
10:50:01.964 [Market] Player "PatMax" (id=jiSboo32SQZAMp7VxNNFwsMUk2-s3fPPrck_5xKkgu0=) has bought expansioncheese2 x1 (99c9e0c0) from the trader "Consumables (Linda [#STR_EXPANSION_MARKET_TRADER_CONSUMABLES])" in market zone "Trader Zone" (pos=<6675.160645, 104.603935, 6114.155762>) for a price of 15.
10:50:54.246 [Market] Player "PatMax" (id=jiSboo32SQZAMp7VxNNFwsMUk2-s3fPPrck_5xKkgu0=) has sold waterbottle x1 (99c8a720) at the trader "Consumables (Linda [#STR_EXPANSION_MARKET_TRADER_CONSUMABLES])" in market zone "Trader Zone" (pos=<6675.160645, 104.603935, 6114.155762>) and got 2.
10:54:55.300 [Market] Player "PatMax" (id=jiSboo32SQZAMp7VxNNFwsMUk2-s3fPPrck_5xKkgu0=) has sold pipewrench x1 (9fd66710) at the trader "BuildingSupplies (Boris [#STR_EXPANSION_MARKET_TRADER_BUILDING_SUPPLIES])" in market zone "Trader Zone" (pos=<6675.160645, 104.603935, 6114.155762>) and got 1.
10:57:09.804 [Party] Player "PatMax" (id=jiSboo32SQZAMp7VxNNFwsMUk2-s3fPPrck_5xKkgu0=) left the party "Nasse" (id=18 ownerUID=jiSboo32SQZAMp7VxNNFwsMUk2-s3fPPrck_5xKkgu0= ownerName=PatMax)
11:00:01.742 [Party] Player "F11 Simulator" (id=m_TD03B4NXDQrU5koHpLq3WyQf1hXTvQSdETJOTM8ss=) left the party "SLAVES" (id=1 ownerUID=m_TD03B4NXDQrU5koHpLq3WyQf1hXTvQSdETJOTM8ss= ownerName=F11 Simulator)
11:00:01.750 [Party] Player "London" (id=kOLgOs9yYBFVRQG3lqoHveYdP5X8y3SO69cq5MiR4us=) left the party "SLAVES" (id=1 ownerUID=m_TD03B4NXDQrU5koHpLq3WyQf1hXTvQSdETJOTM8ss= ownerName=F11 Simulator)
