19:27:00.812 [Party] Player "London" (id=kOLgOs9yYBFVRQG3lqoHveYdP5X8y3SO69cq5MiR4us=) joinded the party "SLAVES" (id=1 ownerUID=m_TD03B4NXDQrU5koHpLq3WyQf1hXTvQSdETJOTM8ss= ownerName=F11 Simulator)
19:30:06.070 [MissionAirdrop] An airdrop is heading towards "Seneca" (pos=<7648.691895, 0.000000, 1011.718018> type=Random_Seneca) with a ExpansionAirdropContainer_Military
19:31:23.578 [Party] Player "F11 Simulator" (id=m_TD03B4NXDQrU5koHpLq3WyQf1hXTvQSdETJOTM8ss=) joinded the party "SLAVES" (id=1 ownerUID=m_TD03B4NXDQrU5koHpLq3WyQf1hXTvQSdETJOTM8ss= ownerName=F11 Simulator)
19:38:23.750 [Safezone] Player "F11 Simulator" (id=m_TD03B4NXDQrU5koHpLq3WyQf1hXTvQSdETJOTM8ss= pos=<6633.16, 133, 6025.15>) entered the safezone
19:38:26.085 [Safezone] Player "London" (id=kOLgOs9yYBFVRQG3lqoHveYdP5X8y3SO69cq5MiR4us= pos=<6643.84, 129.16, 6019.21>) entered the safezone
19:38:48.484 [ATM] Player "London" (id=kOLgOs9yYBFVRQG3lqoHveYdP5X8y3SO69cq5MiR4us=) has withdrawn 1090 from his ATM account.
19:39:33.460 [Market] Player "London" (id=kOLgOs9yYBFVRQG3lqoHveYdP5X8y3SO69cq5MiR4us=) has sold fal_oebttstck x1 (5d537040) at the trader "Attachments (Jose [#STR_EXPANSION_MARKET_TRADER_ATTACHMENTS])" in market zone "Trader Zone" (pos=<6675.160645, 104.603935, 6114.155762>) and got 18.
19:39:35.562 [Market] Player "London" (id=kOLgOs9yYBFVRQG3lqoHveYdP5X8y3SO69cq5MiR4us=) has bought fal_oebttstck x1 (80d73c50) from the trader "Attachments (Jose [#STR_EXPANSION_MARKET_TRADER_ATTACHMENTS])" in market zone "Trader Zone" (pos=<6675.160645, 104.603935, 6114.155762>) for a price of 100.
19:39:54.906 [ATM] Player "F11 Simulator" (id=m_TD03B4NXDQrU5koHpLq3WyQf1hXTvQSdETJOTM8ss=) has withdrawn 100815 from his ATM account.
19:40:34.343 [Market] Player "F11 Simulator" (id=m_TD03B4NXDQrU5koHpLq3WyQf1hXTvQSdETJOTM8ss=) has bought lockpick x1 (9a8acea0) from the trader "BuildingSupplies (Boris [#STR_EXPANSION_MARKET_TRADER_BUILDING_SUPPLIES])" in market zone "Trader Zone" (pos=<6675.160645, 104.603935, 6114.155762>) for a price of 20.
19:40:36.156 [Market] Player "F11 Simulator" (id=m_TD03B4NXDQrU5koHpLq3WyQf1hXTvQSdETJOTM8ss=) has bought whetstone x1 (9a8aa060) from the trader "BuildingSupplies (Boris [#STR_EXPANSION_MARKET_TRADER_BUILDING_SUPPLIES])" in market zone "Trader Zone" (pos=<6675.160645, 104.603935, 6114.155762>) for a price of 5.
19:40:54.437 [Market] Player "F11 Simulator" (id=m_TD03B4NXDQrU5koHpLq3WyQf1hXTvQSdETJOTM8ss=) has bought weaponcleaningkit x1 (9a8d3370) from the trader "Components (Cyril [#STR_EXPANSION_MARKET_TRADER_COMPONENTS])" in market zone "Trader Zone" (pos=<6675.160645, 104.603935, 6114.155762>) for a price of 8.
19:40:54.570 [Market] Player "F11 Simulator" (id=m_TD03B4NXDQrU5koHpLq3WyQf1hXTvQSdETJOTM8ss=) has bought weaponcleaningkit x1 (9a8d3f00) from the trader "Components (Cyril [#STR_EXPANSION_MARKET_TRADER_COMPONENTS])" in market zone "Trader Zone" (pos=<6675.160645, 104.603935, 6114.155762>) for a price of 8.
19:40:57.093 [Market] Player "London" (id=kOLgOs9yYBFVRQG3lqoHveYdP5X8y3SO69cq5MiR4us=) has bought weaponcleaningkit x1 (9a8befb0) from the trader "Components (Cyril [#STR_EXPANSION_MARKET_TRADER_COMPONENTS])" in market zone "Trader Zone" (pos=<6675.160645, 104.603935, 6114.155762>) for a price of 8.
19:41:00.015 [Market] Player "London" (id=kOLgOs9yYBFVRQG3lqoHveYdP5X8y3SO69cq5MiR4us=) has bought weaponcleaningkit x1 (9a8bfb40) from the trader "Components (Cyril [#STR_EXPANSION_MARKET_TRADER_COMPONENTS])" in market zone "Trader Zone" (pos=<6675.160645, 104.603935, 6114.155762>) for a price of 8.
19:42:04.625 [Market] Player "F11 Simulator" (id=m_TD03B4NXDQrU5koHpLq3WyQf1hXTvQSdETJOTM8ss=) has bought weaponcleaningkit x1 (e3171840) from the trader "Components (Cyril [#STR_EXPANSION_MARKET_TRADER_COMPONENTS])" in market zone "Trader Zone" (pos=<6675.160645, 104.603935, 6114.155762>) for a price of 8.
19:42:04.812 [Market] Player "F11 Simulator" (id=m_TD03B4NXDQrU5koHpLq3WyQf1hXTvQSdETJOTM8ss=) has bought weaponcleaningkit x1 (e3185c00) from the trader "Components (Cyril [#STR_EXPANSION_MARKET_TRADER_COMPONENTS])" in market zone "Trader Zone" (pos=<6675.160645, 104.603935, 6114.155762>) for a price of 8.
19:43:31.218 [Market] Player "F11 Simulator" (id=m_TD03B4NXDQrU5koHpLq3WyQf1hXTvQSdETJOTM8ss=) has bought weaponcleaningkit x3 (e31acc60) from the trader "Components (Cyril [#STR_EXPANSION_MARKET_TRADER_COMPONENTS])" in market zone "Trader Zone" (pos=<6675.160645, 104.603935, 6114.155762>) for a price of 24.
19:45:08.726 [ATM] Player "London" (id=kOLgOs9yYBFVRQG3lqoHveYdP5X8y3SO69cq5MiR4us=) has deposited 992 on his ATM account.
19:45:11.929 [ATM] Player "F11 Simulator" (id=m_TD03B4NXDQrU5koHpLq3WyQf1hXTvQSdETJOTM8ss=) has deposited 100734 on his ATM account.
19:45:35.320 [Safezone] Player "{1:name}" (id={1:id} pos={1:position}) left the safezone
19:45:35.898 [Safezone] Player "{1:name}" (id={1:id} pos={1:position}) left the safezone
19:57:03.453 [AdminTools] Player "F11 Simulator" (id=m_TD03B4NXDQrU5koHpLq3WyQf1hXTvQSdETJOTM8ss= pos=<7492.137207, 124.078804, 6357.252441>) used the Admin Hammer to build wood_base
19:57:10.359 [AdminTools] Player "F11 Simulator" (id=m_TD03B4NXDQrU5koHpLq3WyQf1hXTvQSdETJOTM8ss= pos=<7492.137207, 124.078804, 6357.252441>) used the Admin Hammer to build wood_floorframe
19:57:14.898 [AdminTools] Player "F11 Simulator" (id=m_TD03B4NXDQrU5koHpLq3WyQf1hXTvQSdETJOTM8ss= pos=<7492.137207, 124.078804, 6357.252441>) used the Admin Hammer to build wood_floorfinished
19:58:00.570 [AdminTools] Player "F11 Simulator" (id=m_TD03B4NXDQrU5koHpLq3WyQf1hXTvQSdETJOTM8ss= pos=<7490.143555, 124.078888, 6354.899414>) used the Admin Hammer to build wood_wallfinished
19:58:44.054 [AdminTools] Player "F11 Simulator" (id=m_TD03B4NXDQrU5koHpLq3WyQf1hXTvQSdETJOTM8ss= pos=<7484.966797, 124.300537, 6356.073730>) used the Admin Hammer to build wood_base
19:58:47.554 [AdminTools] Player "F11 Simulator" (id=m_TD03B4NXDQrU5koHpLq3WyQf1hXTvQSdETJOTM8ss= pos=<7484.966797, 124.300537, 6356.073730>) used the Admin Hammer to build wood_floorframe
19:58:50.867 [AdminTools] Player "F11 Simulator" (id=m_TD03B4NXDQrU5koHpLq3WyQf1hXTvQSdETJOTM8ss= pos=<7484.966797, 124.300537, 6356.073730>) used the Admin Hammer to build wood_floorfinished
20:08:53.562 [Party] Player "Donnie Deeks" (id=GBfj3hSt2OSYAyU5ct3jrz7-L9j9UxpFHlBzXjWvrxE=) joinded the party "SLAVES" (id=1 ownerUID=m_TD03B4NXDQrU5koHpLq3WyQf1hXTvQSdETJOTM8ss= ownerName=F11 Simulator)
20:15:29.734 [VehicleEnter] Player "London" (id=kOLgOs9yYBFVRQG3lqoHveYdP5X8y3SO69cq5MiR4us=) entered vehicle Transit Bus (id=F9DABCF9CC466E20FE48BE89FD179C91 pos=<7488.39, 120.78, 6330.06>) as driver
20:15:40.906 [VehicleLeave] Player "London" (id=kOLgOs9yYBFVRQG3lqoHveYdP5X8y3SO69cq5MiR4us=) left vehicle Transit Bus (id=F9DABCF9CC466E20FE48BE89FD179C91 pos=<7488.39, 120.78, 6330.06>)
20:15:48.375 [VehicleEnter] Player "London" (id=kOLgOs9yYBFVRQG3lqoHveYdP5X8y3SO69cq5MiR4us=) entered vehicle Transit Bus (id=F9DABCF9CC466E20FE48BE89FD179C91 pos=<7488.39, 120.78, 6330.06>) as driver
20:15:51.820 [VehicleDeleted] ExpansionBus_Red (id=24BE13E4714B06B0F064E4AC75E20768 pos=<7501.99, 121.48, 6309.86>)
20:16:00.406 [VehicleLeave] Player "London" (id=kOLgOs9yYBFVRQG3lqoHveYdP5X8y3SO69cq5MiR4us=) left vehicle Transit Bus (id=F9DABCF9CC466E20FE48BE89FD179C91 pos=<7488.39, 120.78, 6330.06>)
20:16:13.328 [VehicleEnter] Player "F11 Simulator" (id=m_TD03B4NXDQrU5koHpLq3WyQf1hXTvQSdETJOTM8ss=) entered vehicle Transit Bus (id=70A88364CE45F8310A96AAB370EB2017 pos=<7495.2, 120.99, 6317.78>) as driver
20:16:23.109 [VehicleLeave] Player "F11 Simulator" (id=m_TD03B4NXDQrU5koHpLq3WyQf1hXTvQSdETJOTM8ss=) left vehicle Transit Bus (id=70A88364CE45F8310A96AAB370EB2017 pos=<7495.2, 120.99, 6317.78>)
20:18:54.906 [VehicleEnter] Player "F11 Simulator" (id=m_TD03B4NXDQrU5koHpLq3WyQf1hXTvQSdETJOTM8ss=) entered vehicle Transit Bus (id=12DD5A3BBC4CB70D3BEE539FAE94FECE pos=<7503.75, 121.16, 6328.37>) as driver
20:18:57.437 [VehicleEngine] Player "F11 Simulator" [uid=m_TD03B4NXDQrU5koHpLq3WyQf1hXTvQSdETJOTM8ss=] started vehicle Transit Bus (id=12DD5A3BBC4CB70D3BEE539FAE94FECE pos=<7503.753906, 121.156105, 6328.371094>)
20:19:28.695 [VehicleEnter] Player "Donnie Deeks" (id=GBfj3hSt2OSYAyU5ct3jrz7-L9j9UxpFHlBzXjWvrxE=) entered vehicle Transit Bus (id=70A88364CE45F8310A96AAB370EB2017 pos=<7495.2, 120.99, 6317.78>) as driver
20:19:30.992 [VehicleEngine] Player "Donnie Deeks" [uid=GBfj3hSt2OSYAyU5ct3jrz7-L9j9UxpFHlBzXjWvrxE=] started vehicle Transit Bus (id=70A88364CE45F8310A96AAB370EB2017 pos=<7495.198242, 120.992348, 6317.782227>)
20:19:37.343 [VehicleEnter] Player "London" (id=kOLgOs9yYBFVRQG3lqoHveYdP5X8y3SO69cq5MiR4us=) entered vehicle Transit Bus (id=F9DABCF9CC466E20FE48BE89FD179C91 pos=<7488.39, 120.78, 6330.06>) as driver
20:19:39.562 [VehicleEngine] Player "London" [uid=kOLgOs9yYBFVRQG3lqoHveYdP5X8y3SO69cq5MiR4us=] started vehicle Transit Bus (id=F9DABCF9CC466E20FE48BE89FD179C91 pos=<7488.388672, 120.782692, 6330.058105>)
20:20:26.039 [VehicleEngine] Player "F11 Simulator" [uid=m_TD03B4NXDQrU5koHpLq3WyQf1hXTvQSdETJOTM8ss=] stopped vehicle Transit Bus (id=12DD5A3BBC4CB70D3BEE539FAE94FECE pos=<7271.153320, 132.612793, 6000.902344>)
20:20:28.585 [VehicleLeave] Player "F11 Simulator" (id=m_TD03B4NXDQrU5koHpLq3WyQf1hXTvQSdETJOTM8ss=) left vehicle Transit Bus (id=12DD5A3BBC4CB70D3BEE539FAE94FECE pos=<7271.15, 132.61, 6000.9>)
20:20:41.234 [VehicleEnter] Player "F11 Simulator" (id=m_TD03B4NXDQrU5koHpLq3WyQf1hXTvQSdETJOTM8ss=) entered vehicle Transit Bus (id=12DD5A3BBC4CB70D3BEE539FAE94FECE pos=<7271.15, 132.61, 6000.9>) as driver
20:20:42.570 [VehicleEngine] Player "F11 Simulator" [uid=m_TD03B4NXDQrU5koHpLq3WyQf1hXTvQSdETJOTM8ss=] started vehicle Transit Bus (id=12DD5A3BBC4CB70D3BEE539FAE94FECE pos=<7271.153320, 132.612808, 6000.902344>)
20:21:44.546 [VehicleEngine] Player "F11 Simulator" [uid=m_TD03B4NXDQrU5koHpLq3WyQf1hXTvQSdETJOTM8ss=] stopped vehicle Transit Bus (id=12DD5A3BBC4CB70D3BEE539FAE94FECE pos=<6914.630371, 127.117035, 5727.279297>)
20:21:47.789 [VehicleLeave] Player "F11 Simulator" (id=m_TD03B4NXDQrU5koHpLq3WyQf1hXTvQSdETJOTM8ss=) left vehicle Transit Bus (id=12DD5A3BBC4CB70D3BEE539FAE94FECE pos=<6914.63, 127.12, 5727.28>)
20:22:07.953 [VehicleEnter] Player "F11 Simulator" (id=m_TD03B4NXDQrU5koHpLq3WyQf1hXTvQSdETJOTM8ss=) entered vehicle Transit Bus (id=12DD5A3BBC4CB70D3BEE539FAE94FECE pos=<6914.63, 127.12, 5727.28>) as driver
20:22:09.601 [VehicleEngine] Player "F11 Simulator" [uid=m_TD03B4NXDQrU5koHpLq3WyQf1hXTvQSdETJOTM8ss=] started vehicle Transit Bus (id=12DD5A3BBC4CB70D3BEE539FAE94FECE pos=<6914.630371, 127.117027, 5727.279297>)
20:25:33.023 [VehicleLeave] Player "London" (id=kOLgOs9yYBFVRQG3lqoHveYdP5X8y3SO69cq5MiR4us=) left vehicle Transit Bus (id=F9DABCF9CC466E20FE48BE89FD179C91 pos=<6528.6, 201.9, 4721.87>)
20:26:25.585 [VehicleEnter] Player "London" (id=kOLgOs9yYBFVRQG3lqoHveYdP5X8y3SO69cq5MiR4us=) entered vehicle Transit Bus (id=F9DABCF9CC466E20FE48BE89FD179C91 pos=<6528.6, 201.9, 4721.87>) as driver
20:26:29.000 [VehicleLeave] Player "London" (id=kOLgOs9yYBFVRQG3lqoHveYdP5X8y3SO69cq5MiR4us=) left vehicle Transit Bus (id=F9DABCF9CC466E20FE48BE89FD179C91 pos=<6528.6, 201.9, 4721.87>)
20:26:38.500 [VehicleEnter] Player "London" (id=kOLgOs9yYBFVRQG3lqoHveYdP5X8y3SO69cq5MiR4us=) entered vehicle Transit Bus (id=F9DABCF9CC466E20FE48BE89FD179C91 pos=<6528.6, 201.9, 4721.87>) as driver
20:26:46.835 [VehicleLeave] Player "Donnie Deeks" (id=GBfj3hSt2OSYAyU5ct3jrz7-L9j9UxpFHlBzXjWvrxE=) left vehicle Transit Bus (id=70A88364CE45F8310A96AAB370EB2017 pos=<6509.11, 203.23, 4694.5>)
20:26:49.203 [VehicleLeave] Player "London" (id=kOLgOs9yYBFVRQG3lqoHveYdP5X8y3SO69cq5MiR4us=) left vehicle Transit Bus (id=F9DABCF9CC466E20FE48BE89FD179C91 pos=<6521.92, 202.04, 4714.11>)
20:27:04.773 [VehicleEnter] Player "London" (id=kOLgOs9yYBFVRQG3lqoHveYdP5X8y3SO69cq5MiR4us=) entered vehicle Transit Bus (id=F9DABCF9CC466E20FE48BE89FD179C91 pos=<6521.92, 202.04, 4714.11>) as driver
20:27:11.312 [VehicleEnter] Player "Donnie Deeks" (id=GBfj3hSt2OSYAyU5ct3jrz7-L9j9UxpFHlBzXjWvrxE=) entered vehicle Transit Bus (id=70A88364CE45F8310A96AAB370EB2017 pos=<6509.11, 203.23, 4694.5>) as driver
20:27:18.484 [VehicleEngine] Player "Donnie Deeks" [uid=GBfj3hSt2OSYAyU5ct3jrz7-L9j9UxpFHlBzXjWvrxE=] started vehicle Transit Bus (id=70A88364CE45F8310A96AAB370EB2017 pos=<6509.108398, 203.232224, 4694.500977>)
20:27:40.625 [VehicleLeave] Player "Donnie Deeks" (id=GBfj3hSt2OSYAyU5ct3jrz7-L9j9UxpFHlBzXjWvrxE=) left vehicle Transit Bus (id=70A88364CE45F8310A96AAB370EB2017 pos=<6419.14, 203.42, 4573.04>)
20:28:27.671 [VehicleLeave] Player "F11 Simulator" (id=m_TD03B4NXDQrU5koHpLq3WyQf1hXTvQSdETJOTM8ss=) left vehicle Transit Bus (id=12DD5A3BBC4CB70D3BEE539FAE94FECE pos=<6402.33, 203.21, 4561.01>)
20:28:35.210 [VehicleDeleted] ExpansionBus_Weeb (id=70A88364CE45F8310A96AAB370EB2017 pos=<6418.74, 203.43, 4572.86>)
20:28:39.890 [VehicleDeleted] ExpansionBus_Weeb (id=12DD5A3BBC4CB70D3BEE539FAE94FECE pos=<6402.32, 203.21, 4561.01>)
20:28:49.882 [VehicleLeave] Player "London" (id=kOLgOs9yYBFVRQG3lqoHveYdP5X8y3SO69cq5MiR4us=) left vehicle Transit Bus (id=F9DABCF9CC466E20FE48BE89FD179C91 pos=<6395.65, 203.45, 4554.15>)
20:29:04.710 [VehicleEnter] Player "London" (id=kOLgOs9yYBFVRQG3lqoHveYdP5X8y3SO69cq5MiR4us=) entered vehicle Transit Bus (id=F9DABCF9CC466E20FE48BE89FD179C91 pos=<6395.65, 203.45, 4554.15>) as driver
20:29:07.234 [VehicleEngine] Player "London" [uid=kOLgOs9yYBFVRQG3lqoHveYdP5X8y3SO69cq5MiR4us=] started vehicle Transit Bus (id=F9DABCF9CC466E20FE48BE89FD179C91 pos=<6395.647949, 203.447861, 4554.146973>)
20:29:32.382 [VehicleDeleted] Offroad_02 (id=435CDFBCE34D91E6B5B0D78F7CDCA1D9 pos=<6374.7, 202.17, 4559.02>)
20:29:50.546 [VehicleLeave] Player "London" (id=kOLgOs9yYBFVRQG3lqoHveYdP5X8y3SO69cq5MiR4us=) left vehicle Transit Bus (id=F9DABCF9CC466E20FE48BE89FD179C91 pos=<6397.26, 203.43, 4555.57>)
20:29:52.367 [VehicleEnter] Player "F11 Simulator" (id=m_TD03B4NXDQrU5koHpLq3WyQf1hXTvQSdETJOTM8ss=) entered vehicle M1025 (id=23DE42BA654FFF911A8331A041702BC6 pos=<6369.62, 202.43, 4557.82>) as driver
20:29:54.539 [VehicleLeave] Player "F11 Simulator" (id=m_TD03B4NXDQrU5koHpLq3WyQf1hXTvQSdETJOTM8ss=) left vehicle M1025 (id=23DE42BA654FFF911A8331A041702BC6 pos=<6369.62, 202.43, 4557.82>)
20:30:01.640 [VehicleEnter] Player "London" (id=kOLgOs9yYBFVRQG3lqoHveYdP5X8y3SO69cq5MiR4us=) entered vehicle M1025 (id=23DE42BA654FFF911A8331A041702BC6 pos=<6369.62, 202.43, 4557.82>) as driver
20:30:02.343 [VehicleDeleted] ExpansionBus_Weeb (id=F9DABCF9CC466E20FE48BE89FD179C91 pos=<6397.26, 203.43, 4555.57>)
20:30:08.390 [VehicleEngine] Player "London" [uid=kOLgOs9yYBFVRQG3lqoHveYdP5X8y3SO69cq5MiR4us=] started vehicle M1025 (id=23DE42BA654FFF911A8331A041702BC6 pos=<6369.624023, 202.425156, 4557.814941>)
20:30:25.593 [VehicleEnter] Player "F11 Simulator" (id=m_TD03B4NXDQrU5koHpLq3WyQf1hXTvQSdETJOTM8ss=) entered vehicle M1025 (id=70A14EB11445C0D52550EC8AE43606A8 pos=<6347.96, 202.42, 4562.15>) as driver
20:30:28.289 [VehicleEngine] Player "F11 Simulator" [uid=m_TD03B4NXDQrU5koHpLq3WyQf1hXTvQSdETJOTM8ss=] started vehicle M1025 (id=70A14EB11445C0D52550EC8AE43606A8 pos=<6347.960449, 202.418213, 4562.148926>)
20:30:31.421 [VehicleEngine] Player "F11 Simulator" [uid=m_TD03B4NXDQrU5koHpLq3WyQf1hXTvQSdETJOTM8ss=] stopped vehicle M1025 (id=70A14EB11445C0D52550EC8AE43606A8 pos=<6347.960449, 202.418213, 4562.148926>)
20:30:35.312 [VehicleLeave] Player "F11 Simulator" (id=m_TD03B4NXDQrU5koHpLq3WyQf1hXTvQSdETJOTM8ss=) left vehicle M1025 (id=70A14EB11445C0D52550EC8AE43606A8 pos=<6347.96, 202.42, 4562.15>)
20:30:37.906 [VehicleDeleted] Offroad_02 (id=70A14EB11445C0D52550EC8AE43606A8 pos=<6347.96, 202.42, 4562.15>)
20:30:38.609 [VehicleLeave] Player "London" (id=kOLgOs9yYBFVRQG3lqoHveYdP5X8y3SO69cq5MiR4us=) left vehicle M1025 (id=23DE42BA654FFF911A8331A041702BC6 pos=<6342.17, 202.41, 4557.08>)
20:30:40.976 [VehicleDeleted] Offroad_02 (id=23DE42BA654FFF911A8331A041702BC6 pos=<6342.17, 202.41, 4557.08>)
20:57:21.179 [MissionAirdrop] An airdrop is heading towards "Erie" (pos=<723.437744, 0.000000, 8062.600098> type=Random_Erie) with a ExpansionAirdropContainer_Medical
21:05:21.218 [Safezone] Player "Ov3rKi11" (id=P_LVluee20-ZP_xemam3V_6hnFSPQ6Uqa7dsMv8yuYY= pos=<6701.02, 102.81, 6072.89>) entered the safezone
21:05:56.453 [ATM] Player "Ov3rKi11" (id=P_LVluee20-ZP_xemam3V_6hnFSPQ6Uqa7dsMv8yuYY=) has withdrawn 2975 from his ATM account.
21:07:15.000 [Market] Player "Ov3rKi11" (id=P_LVluee20-ZP_xemam3V_6hnFSPQ6Uqa7dsMv8yuYY=) has bought salinebag x1 (385c2d70) from the trader "Medicals (Mirek [#STR_EXPANSION_MARKET_TRADER_MEDICALS])" in market zone "Trader Zone" (pos=<6675.160645, 104.603935, 6114.155762>) for a price of 15.
21:07:36.632 [Market] Player "Ov3rKi11" (id=P_LVluee20-ZP_xemam3V_6hnFSPQ6Uqa7dsMv8yuYY=) has bought startkitiv x1 (385de4d0) from the trader "Medicals (Mirek [#STR_EXPANSION_MARKET_TRADER_MEDICALS])" in market zone "Trader Zone" (pos=<6675.160645, 104.603935, 6114.155762>) for a price of 10.
21:11:00.187 [Market] Player "Ov3rKi11" (id=P_LVluee20-ZP_xemam3V_6hnFSPQ6Uqa7dsMv8yuYY=) has sold akm x1 (35a63660, AK_WoodBttstck<848184f0>, GhillieAtt_Mossy<8481b330>, AK_RailHndgrd<8481a7a0>) at the trader "Weapons (Denis [#STR_EXPANSION_MARKET_TRADER_WEAPONS])" in market zone "Trader Zone" (pos=<6675.160645, 104.603935, 6114.155762>) and got 1510.
21:11:24.304 [Market] Player "Ov3rKi11" (id=P_LVluee20-ZP_xemam3V_6hnFSPQ6Uqa7dsMv8yuYY=) has sold ammobox_762x39ap_20rnd x10 (84832530, 84833c50, 84835f00, 848347e0, 84835370, 848330c0, 8482f6f0, 84836a90, 84837620, 848381b0) at the trader "Weapons (Denis [#STR_EXPANSION_MARKET_TRADER_WEAPONS])" in market zone "Trader Zone" (pos=<6675.160645, 104.603935, 6114.155762>) and got 480.
21:11:39.789 [Market] Player "Ov3rKi11" (id=P_LVluee20-ZP_xemam3V_6hnFSPQ6Uqa7dsMv8yuYY=) has sold ammo_762x39 x20 (8481ed00) at the trader "Weapons (Denis [#STR_EXPANSION_MARKET_TRADER_WEAPONS])" in market zone "Trader Zone" (pos=<6675.160645, 104.603935, 6114.155762>) and got 20.
21:12:41.031 [Market] Player "Ov3rKi11" (id=P_LVluee20-ZP_xemam3V_6hnFSPQ6Uqa7dsMv8yuYY=) has sold mag_cmag_30rnd x1 (84838d40, ammo_556x45 x6) at the trader "Attachments (Jose [#STR_EXPANSION_MARKET_TRADER_ATTACHMENTS])" in market zone "Trader Zone" (pos=<6675.160645, 104.603935, 6114.155762>) and got 129.
21:14:52.234 [Killfeed] OggeBus commited suicide with BK-18.
21:16:39.500 [Market] Player "Ov3rKi11" (id=P_LVluee20-ZP_xemam3V_6hnFSPQ6Uqa7dsMv8yuYY=) has sold mag_akm_drum75rnd x1 (84814b20) at the trader "Attachments (Jose [#STR_EXPANSION_MARKET_TRADER_ATTACHMENTS])" in market zone "Trader Zone" (pos=<6675.160645, 104.603935, 6114.155762>) and got 360.
21:16:39.882 [Market] Player "Ov3rKi11" (id=P_LVluee20-ZP_xemam3V_6hnFSPQ6Uqa7dsMv8yuYY=) has sold mag_akm_drum75rnd x1 (309f5c70) at the trader "Attachments (Jose [#STR_EXPANSION_MARKET_TRADER_ATTACHMENTS])" in market zone "Trader Zone" (pos=<6675.160645, 104.603935, 6114.155762>) and got 360.
21:16:40.648 [Market] Player "Ov3rKi11" (id=P_LVluee20-ZP_xemam3V_6hnFSPQ6Uqa7dsMv8yuYY=) has sold mag_akm_drum75rnd x1 (8482eb60) at the trader "Attachments (Jose [#STR_EXPANSION_MARKET_TRADER_ATTACHMENTS])" in market zone "Trader Zone" (pos=<6675.160645, 104.603935, 6114.155762>) and got 270.
21:17:03.148 [Market] Player "Ov3rKi11" (id=P_LVluee20-ZP_xemam3V_6hnFSPQ6Uqa7dsMv8yuYY=) has sold kobraoptic x1 (374fe880, Battery9V<84819c10>) at the trader "Attachments (Jose [#STR_EXPANSION_MARKET_TRADER_ATTACHMENTS])" in market zone "Trader Zone" (pos=<6675.160645, 104.603935, 6114.155762>) and got 456.
21:19:07.687 [Market] Player "Ov3rKi11" (id=P_LVluee20-ZP_xemam3V_6hnFSPQ6Uqa7dsMv8yuYY=) has sold ammo_762x39 x52 (38ffc070, 370dd870, 370de400) at the trader "Weapons (Denis [#STR_EXPANSION_MARKET_TRADER_WEAPONS])" in market zone "Trader Zone" (pos=<6675.160645, 104.603935, 6114.155762>) and got 52.
21:32:59.289 [Market] Player "Ov3rKi11" (id=P_LVluee20-ZP_xemam3V_6hnFSPQ6Uqa7dsMv8yuYY=) has sold seachest x1 (84841800) at the trader "Components (Cyril [#STR_EXPANSION_MARKET_TRADER_COMPONENTS])" in market zone "Trader Zone" (pos=<6675.160645, 104.603935, 6114.155762>) and got 750.
21:34:40.726 [Market] Player "Ov3rKi11" (id=P_LVluee20-ZP_xemam3V_6hnFSPQ6Uqa7dsMv8yuYY=) has sold m14 x1 (471efa90) at the trader "Weapons (Denis [#STR_EXPANSION_MARKET_TRADER_WEAPONS])" in market zone "Trader Zone" (pos=<6675.160645, 104.603935, 6114.155762>) and got 1125.
21:34:55.343 [Market] Player "Ov3rKi11" (id=P_LVluee20-ZP_xemam3V_6hnFSPQ6Uqa7dsMv8yuYY=) has bought fal x1 (35a60f30, Mag_FAL_20Rnd<3e01e980>, ammo_308win x20, Fal_OeBttstck<3e01d260>) from the trader "Weapons (Denis [#STR_EXPANSION_MARKET_TRADER_WEAPONS])" in market zone "Trader Zone" (pos=<6675.160645, 104.603935, 6114.155762>) for a price of 1940.
21:35:33.671 [Market] Player "Ov3rKi11" (id=P_LVluee20-ZP_xemam3V_6hnFSPQ6Uqa7dsMv8yuYY=) has sold mag_m14_20rnd x1 (8483c710, ammo_308win x20) at the trader "Attachments (Jose [#STR_EXPANSION_MARKET_TRADER_ATTACHMENTS])" in market zone "Trader Zone" (pos=<6675.160645, 104.603935, 6114.155762>) and got 170.
21:35:37.085 [Market] Player "Ov3rKi11" (id=P_LVluee20-ZP_xemam3V_6hnFSPQ6Uqa7dsMv8yuYY=) has sold mag_m14_20rnd x1 (30a0a030, ammo_308win x20) at the trader "Attachments (Jose [#STR_EXPANSION_MARKET_TRADER_ATTACHMENTS])" in market zone "Trader Zone" (pos=<6675.160645, 104.603935, 6114.155762>) and got 170.
21:35:37.531 [Market] Player "Ov3rKi11" (id=P_LVluee20-ZP_xemam3V_6hnFSPQ6Uqa7dsMv8yuYY=) has sold mag_m14_20rnd x1 (309cf7a0, ammo_308win x20) at the trader "Attachments (Jose [#STR_EXPANSION_MARKET_TRADER_ATTACHMENTS])" in market zone "Trader Zone" (pos=<6675.160645, 104.603935, 6114.155762>) and got 170.
21:35:37.828 [Market] Player "Ov3rKi11" (id=P_LVluee20-ZP_xemam3V_6hnFSPQ6Uqa7dsMv8yuYY=) has sold mag_m14_20rnd x1 (30a0abc0, ammo_308win x20) at the trader "Attachments (Jose [#STR_EXPANSION_MARKET_TRADER_ATTACHMENTS])" in market zone "Trader Zone" (pos=<6675.160645, 104.603935, 6114.155762>) and got 170.
21:35:38.468 [Market] Player "Ov3rKi11" (id=P_LVluee20-ZP_xemam3V_6hnFSPQ6Uqa7dsMv8yuYY=) has sold mag_m14_20rnd x1 (309fd010, ammo_308win x20) at the trader "Attachments (Jose [#STR_EXPANSION_MARKET_TRADER_ATTACHMENTS])" in market zone "Trader Zone" (pos=<6675.160645, 104.603935, 6114.155762>) and got 170.
21:37:44.593 [Market] Player "Ov3rKi11" (id=P_LVluee20-ZP_xemam3V_6hnFSPQ6Uqa7dsMv8yuYY=) has bought m4_suppressor x1 (3abb4360) from the trader "Attachments (Jose [#STR_EXPANSION_MARKET_TRADER_ATTACHMENTS])" in market zone "Trader Zone" (pos=<6675.160645, 104.603935, 6114.155762>) for a price of 25.
21:38:21.195 [Market] Player "Ov3rKi11" (id=P_LVluee20-ZP_xemam3V_6hnFSPQ6Uqa7dsMv8yuYY=) has sold m4_suppressor x1 (3abb4360) at the trader "Attachments (Jose [#STR_EXPANSION_MARKET_TRADER_ATTACHMENTS])" in market zone "Trader Zone" (pos=<6675.160645, 104.603935, 6114.155762>) and got 18.
21:39:23.679 [Market] Player "Ov3rKi11" (id=P_LVluee20-ZP_xemam3V_6hnFSPQ6Uqa7dsMv8yuYY=) has bought mag_fal_20rnd x1 (764dade0, ammo_308win x20) from the trader "Attachments (Jose [#STR_EXPANSION_MARKET_TRADER_ATTACHMENTS])" in market zone "Trader Zone" (pos=<6675.160645, 104.603935, 6114.155762>) for a price of 140.
21:45:52.625 [Market] Player "Ov3rKi11" (id=P_LVluee20-ZP_xemam3V_6hnFSPQ6Uqa7dsMv8yuYY=) has bought m65jacket_black x1 (474c4fb0) from the trader "Clothing (Naomi [#STR_EXPANSION_MARKET_TRADER_CLOTHING])" in market zone "Trader Zone" (pos=<6675.160645, 104.603935, 6114.155762>) for a price of 130.
21:47:37.898 [Market] Player "Ov3rKi11" (id=P_LVluee20-ZP_xemam3V_6hnFSPQ6Uqa7dsMv8yuYY=) has bought hunterpants_summer x1 (46f49e40) from the trader "Clothing (Naomi [#STR_EXPANSION_MARKET_TRADER_CLOTHING])" in market zone "Trader Zone" (pos=<6675.160645, 104.603935, 6114.155762>) for a price of 100.
21:49:24.773 [Market] Player "Ov3rKi11" (id=P_LVluee20-ZP_xemam3V_6hnFSPQ6Uqa7dsMv8yuYY=) has bought weaponcleaningkit x1 (375556e0) from the trader "Components (Cyril [#STR_EXPANSION_MARKET_TRADER_COMPONENTS])" in market zone "Trader Zone" (pos=<6675.160645, 104.603935, 6114.155762>) for a price of 8.
21:49:25.257 [Market] Player "Ov3rKi11" (id=P_LVluee20-ZP_xemam3V_6hnFSPQ6Uqa7dsMv8yuYY=) has bought weaponcleaningkit x1 (37563e20) from the trader "Components (Cyril [#STR_EXPANSION_MARKET_TRADER_COMPONENTS])" in market zone "Trader Zone" (pos=<6675.160645, 104.603935, 6114.155762>) for a price of 8.
21:50:53.578 [Market] Player "Ov3rKi11" (id=P_LVluee20-ZP_xemam3V_6hnFSPQ6Uqa7dsMv8yuYY=) has bought weaponcleaningkit x1 (3dd11d20) from the trader "Components (Cyril [#STR_EXPANSION_MARKET_TRADER_COMPONENTS])" in market zone "Trader Zone" (pos=<6675.160645, 104.603935, 6114.155762>) for a price of 8.
21:52:01.007 [Market] Player "Ov3rKi11" (id=P_LVluee20-ZP_xemam3V_6hnFSPQ6Uqa7dsMv8yuYY=) has bought ammobox_308winap_20rnd x1 (31021c70) from the trader "Weapons (Denis [#STR_EXPANSION_MARKET_TRADER_WEAPONS])" in market zone "Trader Zone" (pos=<6675.160645, 104.603935, 6114.155762>) for a price of 64.
21:52:01.898 [Market] Player "Ov3rKi11" (id=P_LVluee20-ZP_xemam3V_6hnFSPQ6Uqa7dsMv8yuYY=) has bought ammobox_308winap_20rnd x1 (31029ba0) from the trader "Weapons (Denis [#STR_EXPANSION_MARKET_TRADER_WEAPONS])" in market zone "Trader Zone" (pos=<6675.160645, 104.603935, 6114.155762>) for a price of 64.
21:52:02.531 [Market] Player "Ov3rKi11" (id=P_LVluee20-ZP_xemam3V_6hnFSPQ6Uqa7dsMv8yuYY=) has bought ammobox_308winap_20rnd x1 (e3172f60) from the trader "Weapons (Denis [#STR_EXPANSION_MARKET_TRADER_WEAPONS])" in market zone "Trader Zone" (pos=<6675.160645, 104.603935, 6114.155762>) for a price of 64.
21:52:03.250 [Market] Player "Ov3rKi11" (id=P_LVluee20-ZP_xemam3V_6hnFSPQ6Uqa7dsMv8yuYY=) has bought ammobox_308winap_20rnd x1 (e3171840) from the trader "Weapons (Denis [#STR_EXPANSION_MARKET_TRADER_WEAPONS])" in market zone "Trader Zone" (pos=<6675.160645, 104.603935, 6114.155762>) for a price of 64.
21:52:03.914 [Market] Player "Ov3rKi11" (id=P_LVluee20-ZP_xemam3V_6hnFSPQ6Uqa7dsMv8yuYY=) has bought ammobox_308winap_20rnd x1 (e3192090) from the trader "Weapons (Denis [#STR_EXPANSION_MARKET_TRADER_WEAPONS])" in market zone "Trader Zone" (pos=<6675.160645, 104.603935, 6114.155762>) for a price of 64.
21:52:04.656 [Market] Player "Ov3rKi11" (id=P_LVluee20-ZP_xemam3V_6hnFSPQ6Uqa7dsMv8yuYY=) has bought ammobox_308winap_20rnd x1 (48bfd7b0) from the trader "Weapons (Denis [#STR_EXPANSION_MARKET_TRADER_WEAPONS])" in market zone "Trader Zone" (pos=<6675.160645, 104.603935, 6114.155762>) for a price of 64.
21:52:05.671 [Market] Player "Ov3rKi11" (id=P_LVluee20-ZP_xemam3V_6hnFSPQ6Uqa7dsMv8yuYY=) has bought ammobox_308winap_20rnd x1 (48bfcc20) from the trader "Weapons (Denis [#STR_EXPANSION_MARKET_TRADER_WEAPONS])" in market zone "Trader Zone" (pos=<6675.160645, 104.603935, 6114.155762>) for a price of 64.
21:52:06.453 [Market] Player "Ov3rKi11" (id=P_LVluee20-ZP_xemam3V_6hnFSPQ6Uqa7dsMv8yuYY=) has bought ammobox_308winap_20rnd x1 (48bfb500) from the trader "Weapons (Denis [#STR_EXPANSION_MARKET_TRADER_WEAPONS])" in market zone "Trader Zone" (pos=<6675.160645, 104.603935, 6114.155762>) for a price of 64.
21:52:07.132 [Market] Player "Ov3rKi11" (id=P_LVluee20-ZP_xemam3V_6hnFSPQ6Uqa7dsMv8yuYY=) has bought ammobox_308winap_20rnd x1 (48c028a0) from the trader "Weapons (Denis [#STR_EXPANSION_MARKET_TRADER_WEAPONS])" in market zone "Trader Zone" (pos=<6675.160645, 104.603935, 6114.155762>) for a price of 64.
21:52:08.015 [Market] Player "Ov3rKi11" (id=P_LVluee20-ZP_xemam3V_6hnFSPQ6Uqa7dsMv8yuYY=) has bought ammobox_308winap_20rnd x1 (48bfe340) from the trader "Weapons (Denis [#STR_EXPANSION_MARKET_TRADER_WEAPONS])" in market zone "Trader Zone" (pos=<6675.160645, 104.603935, 6114.155762>) for a price of 64.
21:52:46.828 [Market] Player "Ov3rKi11" (id=P_LVluee20-ZP_xemam3V_6hnFSPQ6Uqa7dsMv8yuYY=) has bought ammobox_00buck_10rnd x1 (62a9dab0) from the trader "Weapons (Denis [#STR_EXPANSION_MARKET_TRADER_WEAPONS])" in market zone "Trader Zone" (pos=<6675.160645, 104.603935, 6114.155762>) for a price of 40.
21:52:47.234 [Market] Player "Ov3rKi11" (id=P_LVluee20-ZP_xemam3V_6hnFSPQ6Uqa7dsMv8yuYY=) has bought ammobox_00buck_10rnd x1 (62a9e640) from the trader "Weapons (Denis [#STR_EXPANSION_MARKET_TRADER_WEAPONS])" in market zone "Trader Zone" (pos=<6675.160645, 104.603935, 6114.155762>) for a price of 40.
21:52:47.617 [Market] Player "Ov3rKi11" (id=P_LVluee20-ZP_xemam3V_6hnFSPQ6Uqa7dsMv8yuYY=) has bought ammobox_00buck_10rnd x1 (62a96710) from the trader "Weapons (Denis [#STR_EXPANSION_MARKET_TRADER_WEAPONS])" in market zone "Trader Zone" (pos=<6675.160645, 104.603935, 6114.155762>) for a price of 40.
21:52:48.078 [Market] Player "Ov3rKi11" (id=P_LVluee20-ZP_xemam3V_6hnFSPQ6Uqa7dsMv8yuYY=) has bought ammobox_00buck_10rnd x1 (62aa4e50) from the trader "Weapons (Denis [#STR_EXPANSION_MARKET_TRADER_WEAPONS])" in market zone "Trader Zone" (pos=<6675.160645, 104.603935, 6114.155762>) for a price of 40.
21:52:48.570 [Market] Player "Ov3rKi11" (id=P_LVluee20-ZP_xemam3V_6hnFSPQ6Uqa7dsMv8yuYY=) has bought ammobox_00buck_10rnd x1 (62aa08f0) from the trader "Weapons (Denis [#STR_EXPANSION_MARKET_TRADER_WEAPONS])" in market zone "Trader Zone" (pos=<6675.160645, 104.603935, 6114.155762>) for a price of 40.
21:52:49.015 [Market] Player "Ov3rKi11" (id=P_LVluee20-ZP_xemam3V_6hnFSPQ6Uqa7dsMv8yuYY=) has bought ammobox_00buck_10rnd x1 (62aa3730) from the trader "Weapons (Denis [#STR_EXPANSION_MARKET_TRADER_WEAPONS])" in market zone "Trader Zone" (pos=<6675.160645, 104.603935, 6114.155762>) for a price of 40.
21:52:49.484 [Market] Player "Ov3rKi11" (id=P_LVluee20-ZP_xemam3V_6hnFSPQ6Uqa7dsMv8yuYY=) has bought ammobox_00buck_10rnd x1 (62aa42c0) from the trader "Weapons (Denis [#STR_EXPANSION_MARKET_TRADER_WEAPONS])" in market zone "Trader Zone" (pos=<6675.160645, 104.603935, 6114.155762>) for a price of 40.
21:52:50.007 [Market] Player "Ov3rKi11" (id=P_LVluee20-ZP_xemam3V_6hnFSPQ6Uqa7dsMv8yuYY=) has bought ammobox_00buck_10rnd x1 (62a76a50) from the trader "Weapons (Denis [#STR_EXPANSION_MARKET_TRADER_WEAPONS])" in market zone "Trader Zone" (pos=<6675.160645, 104.603935, 6114.155762>) for a price of 40.
21:52:50.507 [Market] Player "Ov3rKi11" (id=P_LVluee20-ZP_xemam3V_6hnFSPQ6Uqa7dsMv8yuYY=) has bought ammobox_00buck_10rnd x1 (62a70240) from the trader "Weapons (Denis [#STR_EXPANSION_MARKET_TRADER_WEAPONS])" in market zone "Trader Zone" (pos=<6675.160645, 104.603935, 6114.155762>) for a price of 40.
21:52:51.054 [Market] Player "Ov3rKi11" (id=P_LVluee20-ZP_xemam3V_6hnFSPQ6Uqa7dsMv8yuYY=) has bought ammobox_00buck_10rnd x1 (62a82350) from the trader "Weapons (Denis [#STR_EXPANSION_MARKET_TRADER_WEAPONS])" in market zone "Trader Zone" (pos=<6675.160645, 104.603935, 6114.155762>) for a price of 40.
21:52:54.468 [Market] Player "Ov3rKi11" (id=P_LVluee20-ZP_xemam3V_6hnFSPQ6Uqa7dsMv8yuYY=) has bought ammobox_00buck_10rnd x1 (62a8d0c0) from the trader "Weapons (Denis [#STR_EXPANSION_MARKET_TRADER_WEAPONS])" in market zone "Trader Zone" (pos=<6675.160645, 104.603935, 6114.155762>) for a price of 40.
21:52:54.812 [Market] Player "Ov3rKi11" (id=P_LVluee20-ZP_xemam3V_6hnFSPQ6Uqa7dsMv8yuYY=) has bought ammobox_00buck_10rnd x1 (62a88b60) from the trader "Weapons (Denis [#STR_EXPANSION_MARKET_TRADER_WEAPONS])" in market zone "Trader Zone" (pos=<6675.160645, 104.603935, 6114.155762>) for a price of 40.
21:53:18.789 [Market] Player "Ov3rKi11" (id=P_LVluee20-ZP_xemam3V_6hnFSPQ6Uqa7dsMv8yuYY=) has bought ammobox_308winap_20rnd x1 (2dd5d130) from the trader "Weapons (Denis [#STR_EXPANSION_MARKET_TRADER_WEAPONS])" in market zone "Trader Zone" (pos=<6675.160645, 104.603935, 6114.155762>) for a price of 64.
21:53:19.187 [Market] Player "Ov3rKi11" (id=P_LVluee20-ZP_xemam3V_6hnFSPQ6Uqa7dsMv8yuYY=) has bought ammobox_308winap_20rnd x1 (2dd52f50) from the trader "Weapons (Denis [#STR_EXPANSION_MARKET_TRADER_WEAPONS])" in market zone "Trader Zone" (pos=<6675.160645, 104.603935, 6114.155762>) for a price of 64.
21:53:19.546 [Market] Player "Ov3rKi11" (id=P_LVluee20-ZP_xemam3V_6hnFSPQ6Uqa7dsMv8yuYY=) has bought ammobox_308winap_20rnd x1 (2dd5dcc0) from the trader "Weapons (Denis [#STR_EXPANSION_MARKET_TRADER_WEAPONS])" in market zone "Trader Zone" (pos=<6675.160645, 104.603935, 6114.155762>) for a price of 64.
21:53:20.109 [Market] Player "Ov3rKi11" (id=P_LVluee20-ZP_xemam3V_6hnFSPQ6Uqa7dsMv8yuYY=) has bought ammobox_308winap_20rnd x1 (2dd5e850) from the trader "Weapons (Denis [#STR_EXPANSION_MARKET_TRADER_WEAPONS])" in market zone "Trader Zone" (pos=<6675.160645, 104.603935, 6114.155762>) for a price of 64.
21:53:22.820 [Market] Player "Ov3rKi11" (id=P_LVluee20-ZP_xemam3V_6hnFSPQ6Uqa7dsMv8yuYY=) has bought ammobox_308winap_20rnd x1 (2dd61690) from the trader "Weapons (Denis [#STR_EXPANSION_MARKET_TRADER_WEAPONS])" in market zone "Trader Zone" (pos=<6675.160645, 104.603935, 6114.155762>) for a price of 64.
21:54:20.875 [Killfeed] [uwu] Donnie Deeks got killed by [uwu] F11 Simulator with HoneyBadger from a distance of 4 m.
21:54:50.562 [Party] Player "Donnie Deeks" (id=GBfj3hSt2OSYAyU5ct3jrz7-L9j9UxpFHlBzXjWvrxE=) joinded the party "SLAVES" (id=1 ownerUID=m_TD03B4NXDQrU5koHpLq3WyQf1hXTvQSdETJOTM8ss= ownerName=F11 Simulator)
21:55:46.046 [ATM] Player "Ov3rKi11" (id=P_LVluee20-ZP_xemam3V_6hnFSPQ6Uqa7dsMv8yuYY=) has deposited 5531 on his ATM account.
22:00:00.906 [Party] Player "F11 Simulator" (id=m_TD03B4NXDQrU5koHpLq3WyQf1hXTvQSdETJOTM8ss=) left the party "SLAVES" (id=1 ownerUID=m_TD03B4NXDQrU5koHpLq3WyQf1hXTvQSdETJOTM8ss= ownerName=F11 Simulator)
22:00:00.914 [Party] Player "London" (id=kOLgOs9yYBFVRQG3lqoHveYdP5X8y3SO69cq5MiR4us=) left the party "SLAVES" (id=1 ownerUID=m_TD03B4NXDQrU5koHpLq3WyQf1hXTvQSdETJOTM8ss= ownerName=F11 Simulator)
22:00:00.929 [Party] Player "Donnie Deeks" (id=GBfj3hSt2OSYAyU5ct3jrz7-L9j9UxpFHlBzXjWvrxE=) left the party "SLAVES" (id=1 ownerUID=m_TD03B4NXDQrU5koHpLq3WyQf1hXTvQSdETJOTM8ss= ownerName=F11 Simulator)
