04:37:21.705 [Safezone] Player "SUS-Bravo-Goin'Dark" (id=kOLgOs9yYBFVRQG3lqoHveYdP5X8y3SO69cq5MiR4us= pos=<6681.01, 102.57, 6078.28>) entered the safezone
04:37:21.705 [Party] Player "SUS-Bravo-Goin'Dark" (id=kOLgOs9yYBFVRQG3lqoHveYdP5X8y3SO69cq5MiR4us=) joinded the party "AURRRRRRORA" (id=1 ownerUID=m_TD03B4NXDQrU5koHpLq3WyQf1hXTvQSdETJOTM8ss= ownerName=F11 Simulator)
04:37:21.819 [Safezone] Player "Demon" (id=PhjcSpdDlcniqvIRjG2Nvju16VFUg8XDMgChzEnNJKI= pos=<6670.74, 102.5, 6109.51>) entered the safezone
04:37:21.819 [Party] Player "Demon" (id=PhjcSpdDlcniqvIRjG2Nvju16VFUg8XDMgChzEnNJKI=) joinded the party "AURRRRRRORA" (id=1 ownerUID=m_TD03B4NXDQrU5koHpLq3WyQf1hXTvQSdETJOTM8ss= ownerName=F11 Simulator)
04:37:31.310 [Safezone] Player "SUS-Alpha-Goin'Dark" (id=m_TD03B4NXDQrU5koHpLq3WyQf1hXTvQSdETJOTM8ss= pos=<6678.47, 102.52, 6097.64>) entered the safezone
04:37:31.310 [Party] Player "SUS-Alpha-Goin'Dark" (id=m_TD03B4NXDQrU5koHpLq3WyQf1hXTvQSdETJOTM8ss=) joinded the party "AURRRRRRORA" (id=1 ownerUID=m_TD03B4NXDQrU5koHpLq3WyQf1hXTvQSdETJOTM8ss= ownerName=F11 Simulator)
04:37:49.137 [Market] Player "SUS-Alpha-Goin'Dark" (id=m_TD03B4NXDQrU5koHpLq3WyQf1hXTvQSdETJOTM8ss=) has sold pnc_w_beowulf50_kryp x1 (ec08aba0, M4_OEBttstck<fd4940d0>) at the trader "Weapons (Denis [#STR_EXPANSION_MARKET_TRADER_WEAPONS])" in market zone "Trader Zone" (pos=<6675.160645, 104.603935, 6114.155762>) and got 4987.
04:37:50.581 [Market] Player "SUS-Alpha-Goin'Dark" (id=m_TD03B4NXDQrU5koHpLq3WyQf1hXTvQSdETJOTM8ss=) has sold pnc_w_supersniper x1 (ec08d2d0, PNC_Suppressor_65_Creedmore<fb9efa90>, M4_OEBttstck<fb9ecc50>, UniversalLight<fb9eb530>, PNC_Mag_SuperSniper_20Rnd<fb9e9280>) at the trader "Weapons (Denis [#STR_EXPANSION_MARKET_TRADER_WEAPONS])" in market zone "Trader Zone" (pos=<6675.160645, 104.603935, 6114.155762>) and got 2983.
04:37:51.475 [Market] Player "SUS-Bravo-Goin'Dark" (id=kOLgOs9yYBFVRQG3lqoHveYdP5X8y3SO69cq5MiR4us=) has sold pnc_w_ar15skeleton x1 (ec07a660, UniversalLight<f5039dd0>, M4_OEBttstck<f503cc10>) at the trader "Weapons (Denis [#STR_EXPANSION_MARKET_TRADER_WEAPONS])" in market zone "Trader Zone" (pos=<6675.160645, 104.603935, 6114.155762>) and got 2804.
04:37:52.973 [Market] Player "SUS-Bravo-Goin'Dark" (id=kOLgOs9yYBFVRQG3lqoHveYdP5X8y3SO69cq5MiR4us=) has sold pnc_w_remingtonacr_black x1 (ec080ee0) at the trader "Weapons (Denis [#STR_EXPANSION_MARKET_TRADER_WEAPONS])" in market zone "Trader Zone" (pos=<6675.160645, 104.603935, 6114.155762>) and got 1406.
04:37:56.702 [Market] Player "SUS-Alpha-Goin'Dark" (id=m_TD03B4NXDQrU5koHpLq3WyQf1hXTvQSdETJOTM8ss=) has sold pnc_w_ar15_long_camo x1 (ec090710, PNC_MoreMag_FAL_50Rnd<fb9ec0c0>, ammo_308win x48, UniversalLight<fb9ed7e0>, M4_T3NRDSOptic<fd27c400>) at the trader "Weapons (Denis [#STR_EXPANSION_MARKET_TRADER_WEAPONS])" in market zone "Trader Zone" (pos=<6675.160645, 104.603935, 6114.155762>) and got 2519.
04:37:58.051 [Market] Player "SUS-Alpha-Goin'Dark" (id=m_TD03B4NXDQrU5koHpLq3WyQf1hXTvQSdETJOTM8ss=) has sold pnc_w_ar15skeleton x1 (ec086a50, M4_Suppressor<fd496380>, UniversalLight<fd4929b0>, ACOGOptic_6x<fd273f50>, Mag_CMAG_30Rnd<fd496f10>, ammo_556x45 x100) at the trader "Weapons (Denis [#STR_EXPANSION_MARKET_TRADER_WEAPONS])" in market zone "Trader Zone" (pos=<6675.160645, 104.603935, 6114.155762>) and got 3935.
04:37:59.300 [Market] Player "SUS-Alpha-Goin'Dark" (id=m_TD03B4NXDQrU5koHpLq3WyQf1hXTvQSdETJOTM8ss=) has sold pnc_w_g36_camo x1 (ec08b8b0) at the trader "Weapons (Denis [#STR_EXPANSION_MARKET_TRADER_WEAPONS])" in market zone "Trader Zone" (pos=<6675.160645, 104.603935, 6114.155762>) and got 1875.
04:37:59.960 [Market] Player "SUS-Alpha-Goin'Dark" (id=m_TD03B4NXDQrU5koHpLq3WyQf1hXTvQSdETJOTM8ss=) has sold pnc_w_g36_camo x1 (ec089e90) at the trader "Weapons (Denis [#STR_EXPANSION_MARKET_TRADER_WEAPONS])" in market zone "Trader Zone" (pos=<6675.160645, 104.603935, 6114.155762>) and got 1875.
04:38:01.085 [Market] Player "SUS-Alpha-Goin'Dark" (id=m_TD03B4NXDQrU5koHpLq3WyQf1hXTvQSdETJOTM8ss=) has sold pnc_w_g36_camo x1 (ec088470, M4_T3NRDSOptic<fd26eae0>, Battery9V<fd497aa0>) at the trader "Weapons (Denis [#STR_EXPANSION_MARKET_TRADER_WEAPONS])" in market zone "Trader Zone" (pos=<6675.160645, 104.603935, 6114.155762>) and got 2256.
04:38:03.178 [Market] Player "SUS-Alpha-Goin'Dark" (id=m_TD03B4NXDQrU5koHpLq3WyQf1hXTvQSdETJOTM8ss=) has sold pnc_w_g36_hive x1 (ec08c5c0, M4_T3NRDSOptic<fd269670>, Battery9V<fd498630>) at the trader "Weapons (Denis [#STR_EXPANSION_MARKET_TRADER_WEAPONS])" in market zone "Trader Zone" (pos=<6675.160645, 104.603935, 6114.155762>) and got 2251.
04:38:05.765 [Market] Player "SUS-Alpha-Goin'Dark" (id=m_TD03B4NXDQrU5koHpLq3WyQf1hXTvQSdETJOTM8ss=) has sold pnc_w_mk14 x1 (ec085d40, PNC_MoreMag_FAL_50Rnd<e529df80>, ammo_308win x50) at the trader "Weapons (Denis [#STR_EXPANSION_MARKET_TRADER_WEAPONS])" in market zone "Trader Zone" (pos=<6675.160645, 104.603935, 6114.155762>) and got 3275.
04:38:07.504 [Market] Player "SUS-Alpha-Goin'Dark" (id=m_TD03B4NXDQrU5koHpLq3WyQf1hXTvQSdETJOTM8ss=) has sold pnc_w_mk14 x1 (ec093b50, PNC_MoreMag_FAL_50Rnd<fb9f0620>, ExpansionHAMROptic<fd270f10>, Battery9V<fb9e9e10>, ExpansionDeltapointOptic<fd2793c0>) at the trader "Weapons (Denis [#STR_EXPANSION_MARKET_TRADER_WEAPONS])" in market zone "Trader Zone" (pos=<6675.160645, 104.603935, 6114.155762>) and got 3531.
04:38:23.708 [ATM] Player "SUS-Alpha-Goin'Dark" (id=m_TD03B4NXDQrU5koHpLq3WyQf1hXTvQSdETJOTM8ss=) has deposited 29487 on his ATM account.
04:38:28.808 [Market] Player "SUS-Bravo-Goin'Dark" (id=kOLgOs9yYBFVRQG3lqoHveYdP5X8y3SO69cq5MiR4us=) has sold ammo_50beowolf x1 (f503a960) at the trader "Weapons (Denis [#STR_EXPANSION_MARKET_TRADER_WEAPONS])" in market zone "Trader Zone" (pos=<6675.160645, 104.603935, 6114.155762>) and got 1.
04:38:29.470 [Market] Player "SUS-Bravo-Goin'Dark" (id=kOLgOs9yYBFVRQG3lqoHveYdP5X8y3SO69cq5MiR4us=) has sold ammo_50beowolf x1 (f503a960) at the trader "Weapons (Denis [#STR_EXPANSION_MARKET_TRADER_WEAPONS])" in market zone "Trader Zone" (pos=<6675.160645, 104.603935, 6114.155762>) and got 1.
04:38:30.588 [Market] Player "SUS-Bravo-Goin'Dark" (id=kOLgOs9yYBFVRQG3lqoHveYdP5X8y3SO69cq5MiR4us=) has sold ammo_12_7_55 x1 (f503e330) at the trader "Weapons (Denis [#STR_EXPANSION_MARKET_TRADER_WEAPONS])" in market zone "Trader Zone" (pos=<6675.160645, 104.603935, 6114.155762>) and got 1.
04:38:31.193 [Market] Player "SUS-Bravo-Goin'Dark" (id=kOLgOs9yYBFVRQG3lqoHveYdP5X8y3SO69cq5MiR4us=) has sold ammo_12_7_55 x1 (f503e330) at the trader "Weapons (Denis [#STR_EXPANSION_MARKET_TRADER_WEAPONS])" in market zone "Trader Zone" (pos=<6675.160645, 104.603935, 6114.155762>) and got 1.
04:38:32.536 [Market] Player "Demon" (id=PhjcSpdDlcniqvIRjG2Nvju16VFUg8XDMgChzEnNJKI=) has bought mag_vss_10rnd x1 (ef63ac20, ammo_9x39 x10) from the trader "Attachments (Jose [#STR_EXPANSION_MARKET_TRADER_ATTACHMENTS])" in market zone "Trader Zone" (pos=<6675.160645, 104.603935, 6114.155762>) for a price of 240.
04:38:32.670 [Market] Player "Demon" (id=PhjcSpdDlcniqvIRjG2Nvju16VFUg8XDMgChzEnNJKI=) has bought mag_vss_10rnd x1 (ef649ef0, ammo_9x39 x10) from the trader "Attachments (Jose [#STR_EXPANSION_MARKET_TRADER_ATTACHMENTS])" in market zone "Trader Zone" (pos=<6675.160645, 104.603935, 6114.155762>) for a price of 240.
04:38:43.388 [ATM] Player "SUS-Bravo-Goin'Dark" (id=kOLgOs9yYBFVRQG3lqoHveYdP5X8y3SO69cq5MiR4us=) has deposited 107387 on his ATM account.
04:39:07.353 [Safezone] Player "{1:name}" (id={1:id} pos={1:position}) left the safezone
04:39:10.898 [Safezone] Player "{1:name}" (id={1:id} pos={1:position}) left the safezone
04:40:21.451 [Safezone] Player "{1:name}" (id={1:id} pos={1:position}) left the safezone
04:41:32.205 [MissionAirdrop] An airdrop is heading towards "Wind Farm" (pos=<6469.119629, 0.000000, 6864.399902> type=Random_WindFarm) with a ExpansionAirdropContainer_Basebuilding
04:45:15.201 [Party] Player "SUS-Bravo-Goin'Dark" (id=kOLgOs9yYBFVRQG3lqoHveYdP5X8y3SO69cq5MiR4us=) left the party "AURRRRRRORA" (id=1 ownerUID=m_TD03B4NXDQrU5koHpLq3WyQf1hXTvQSdETJOTM8ss= ownerName=F11 Simulator)
04:45:54.744 [Party] Player "SUS-Bravo-Goin'Dark" (id=kOLgOs9yYBFVRQG3lqoHveYdP5X8y3SO69cq5MiR4us=) joinded the party "AURRRRRRORA" (id=1 ownerUID=m_TD03B4NXDQrU5koHpLq3WyQf1hXTvQSdETJOTM8ss= ownerName=F11 Simulator)
04:53:27.781 [BaseRaiding] ExpansionWall6x3 (<7489.503418, 120.825996, 6337.239258>) Damaged "player "SUS-Bravo-Goin'Dark" (ID = "kOLgOs9yYBFVRQG3lqoHveYdP5X8y3SO69cq5MiR4us=" at <7488.720215, 120.772308, 6336.113281>)" by 10 health points. Reason: Failed to enter the correct code.
04:53:27.781 [BaseRaiding] ExpansionWall6x3 (<7489.503418, 120.825996, 6337.239258>) The correct code was 1110 and the player tried 1011
04:53:31.660 [BaseRaiding] ExpansionWall6x3 (<7489.503418, 120.825996, 6337.239258>) Damaged "player "SUS-Bravo-Goin'Dark" (ID = "kOLgOs9yYBFVRQG3lqoHveYdP5X8y3SO69cq5MiR4us=" at <7488.720215, 120.772308, 6336.113281>)" by 10 health points. Reason: Failed to enter the correct code.
04:53:31.660 [BaseRaiding] ExpansionWall6x3 (<7489.503418, 120.825996, 6337.239258>) The correct code was 1110 and the player tried 1011
04:54:03.844 [BaseRaiding] ExpansionWall6x3 (<7492.867676, 121.551865, 6344.508789>) Damaged "player "Demon" (ID = "PhjcSpdDlcniqvIRjG2Nvju16VFUg8XDMgChzEnNJKI=" at <7492.333008, 121.253143, 6342.880859>)" by 10 health points. Reason: Failed to enter the correct code.
04:54:03.844 [BaseRaiding] ExpansionWall6x3 (<7492.867676, 121.551865, 6344.508789>) The correct code was 1011 and the player tried 1110
04:54:29.223 [BaseRaiding] ExpansionWall6x3 (<7493.316406, 121.592018, 6344.924316>) Damaged "player "Demon" (ID = "PhjcSpdDlcniqvIRjG2Nvju16VFUg8XDMgChzEnNJKI=" at <7492.893066, 121.592026, 6343.921875>)" by 10 health points. Reason: Failed to enter the correct code.
04:54:29.224 [BaseRaiding] ExpansionWall6x3 (<7493.316406, 121.592018, 6344.924316>) The correct code was 1110 and the player tried 1011
04:55:07.258 [BaseRaiding] BF_DoubleDoorBarricade (<7493.929688, 122.936356, 6349.821289>) Damaged "player "Demon" (ID = "PhjcSpdDlcniqvIRjG2Nvju16VFUg8XDMgChzEnNJKI=" at <7492.755371, 122.150169, 6349.224609>)" by 10 health points. Reason: Failed to enter the correct code.
04:55:07.259 [BaseRaiding] BF_DoubleDoorBarricade (<7493.929688, 122.936356, 6349.821289>) The correct code was 1011 and the player tried 1110
04:55:29.774 [BaseRaiding] BF_DoorBarricade (<7498.331055, 124.298592, 6351.867676>) Damaged "player "Demon" (ID = "PhjcSpdDlcniqvIRjG2Nvju16VFUg8XDMgChzEnNJKI=" at <7496.814453, 124.345963, 6351.805664>)" by 10 health points. Reason: Failed to enter the correct code.
04:55:29.774 [BaseRaiding] BF_DoorBarricade (<7498.331055, 124.298592, 6351.867676>) The correct code was 1011 and the player tried 1110
04:55:41.941 [BaseRaiding] BF_DoorBarricade (<7497.112305, 124.298866, 6350.866211>) Damaged "player "Demon" (ID = "PhjcSpdDlcniqvIRjG2Nvju16VFUg8XDMgChzEnNJKI=" at <7496.739258, 124.345955, 6351.825684>)" by 10 health points. Reason: Failed to enter the correct code.
04:55:41.942 [BaseRaiding] BF_DoorBarricade (<7497.112305, 124.298866, 6350.866211>) The correct code was 1011 and the player tried 1110
04:56:10.218 [BaseRaiding] ExpansionWall6x3 (<7498.768555, 121.552338, 6348.062988>) Damaged "player "Demon" (ID = "PhjcSpdDlcniqvIRjG2Nvju16VFUg8XDMgChzEnNJKI=" at <7497.187012, 121.591980, 6349.071777>)" by 10 health points. Reason: Failed to enter the correct code.
04:56:10.219 [BaseRaiding] ExpansionWall6x3 (<7498.768555, 121.552338, 6348.062988>) The correct code was 1011 and the player tried 1110
04:56:40.624 [BaseRaiding] ExpansionWall6x3 (<7492.068848, 120.828835, 6358.720215>) Damaged "player "Demon" (ID = "PhjcSpdDlcniqvIRjG2Nvju16VFUg8XDMgChzEnNJKI=" at <7490.909668, 120.753784, 6357.513672>)" by 10 health points. Reason: Failed to enter the correct code.
04:56:40.625 [BaseRaiding] ExpansionWall6x3 (<7492.068848, 120.828835, 6358.720215>) The correct code was 1011 and the player tried 1110
04:56:44.890 [AdminTools] Player "SUS-Alpha-Goin'Dark" (id=m_TD03B4NXDQrU5koHpLq3WyQf1hXTvQSdETJOTM8ss= pos=<7491.296875, 121.355171, 6343.909180>) used the Admin Hammer to build c_right_planks
04:56:49.168 [AdminTools] Player "SUS-Alpha-Goin'Dark" (id=m_TD03B4NXDQrU5koHpLq3WyQf1hXTvQSdETJOTM8ss= pos=<7491.296875, 121.355171, 6343.909180>) used the Admin Hammer to build g_right_inner_plate
04:56:53.993 [AdminTools] Player "SUS-Alpha-Goin'Dark" (id=m_TD03B4NXDQrU5koHpLq3WyQf1hXTvQSdETJOTM8ss= pos=<7491.296875, 121.355171, 6343.909180>) used the Admin Hammer to build b_left_frames
04:56:58.633 [AdminTools] Player "SUS-Alpha-Goin'Dark" (id=m_TD03B4NXDQrU5koHpLq3WyQf1hXTvQSdETJOTM8ss= pos=<7491.296875, 121.355171, 6343.909180>) used the Admin Hammer to build h_hindges
04:57:17.131 [AdminTools] Player "SUS-Alpha-Goin'Dark" (id=m_TD03B4NXDQrU5koHpLq3WyQf1hXTvQSdETJOTM8ss= pos=<7491.449219, 121.491493, 6344.098145>) used the Admin Hammer to build f_left_inner_planks
04:57:20.797 [AdminTools] Player "SUS-Alpha-Goin'Dark" (id=m_TD03B4NXDQrU5koHpLq3WyQf1hXTvQSdETJOTM8ss= pos=<7491.449219, 121.491493, 6344.098145>) used the Admin Hammer to build g_left_inner_plate
04:57:24.134 [AdminTools] Player "SUS-Alpha-Goin'Dark" (id=m_TD03B4NXDQrU5koHpLq3WyQf1hXTvQSdETJOTM8ss= pos=<7491.449219, 121.491493, 6344.098145>) used the Admin Hammer to build c_left_planks
04:57:27.802 [AdminTools] Player "SUS-Alpha-Goin'Dark" (id=m_TD03B4NXDQrU5koHpLq3WyQf1hXTvQSdETJOTM8ss= pos=<7491.449219, 121.491493, 6344.098145>) used the Admin Hammer to build d_right_final_planks
04:57:31.160 [AdminTools] Player "SUS-Alpha-Goin'Dark" (id=m_TD03B4NXDQrU5koHpLq3WyQf1hXTvQSdETJOTM8ss= pos=<7491.449219, 121.491493, 6344.098145>) used the Admin Hammer to build e_right_outer_plate
04:57:34.570 [AdminTools] Player "SUS-Alpha-Goin'Dark" (id=m_TD03B4NXDQrU5koHpLq3WyQf1hXTvQSdETJOTM8ss= pos=<7491.449219, 121.491493, 6344.098145>) used the Admin Hammer to build d_left_final_planks
04:57:38.432 [AdminTools] Player "SUS-Alpha-Goin'Dark" (id=m_TD03B4NXDQrU5koHpLq3WyQf1hXTvQSdETJOTM8ss= pos=<7491.449219, 121.491493, 6344.098145>) used the Admin Hammer to build e_left_outer_plate
04:57:38.613 [AdminTools] Player "SUS-Bravo-Goin'Dark" (id=kOLgOs9yYBFVRQG3lqoHveYdP5X8y3SO69cq5MiR4us= pos=<7489.742188, 120.817619, 6341.297363>) used the Admin Hammer to build wood_base
04:57:47.212 [AdminTools] Player "SUS-Bravo-Goin'Dark" (id=kOLgOs9yYBFVRQG3lqoHveYdP5X8y3SO69cq5MiR4us= pos=<7489.818359, 120.842087, 6341.531250>) used the Admin Hammer to build wood_wallframe
04:57:50.242 [AdminTools] Player "SUS-Bravo-Goin'Dark" (id=kOLgOs9yYBFVRQG3lqoHveYdP5X8y3SO69cq5MiR4us= pos=<7489.818359, 120.842087, 6341.531250>) used the Admin Hammer to build wood_wallfinished
04:57:53.816 [AdminTools] Player "SUS-Bravo-Goin'Dark" (id=kOLgOs9yYBFVRQG3lqoHveYdP5X8y3SO69cq5MiR4us= pos=<7488.589844, 120.759331, 6342.660645>) used the Admin Hammer to build wood_base
04:57:57.476 [AdminTools] Player "SUS-Bravo-Goin'Dark" (id=kOLgOs9yYBFVRQG3lqoHveYdP5X8y3SO69cq5MiR4us= pos=<7488.589844, 120.759331, 6342.660645>) used the Admin Hammer to build wood_wallframe
04:58:00.075 [AdminTools] Player "SUS-Bravo-Goin'Dark" (id=kOLgOs9yYBFVRQG3lqoHveYdP5X8y3SO69cq5MiR4us= pos=<7488.589844, 120.759331, 6342.660645>) used the Admin Hammer to build wood_wallfinished
04:58:28.309 [AdminTools] Player "SUS-Bravo-Goin'Dark" (id=kOLgOs9yYBFVRQG3lqoHveYdP5X8y3SO69cq5MiR4us= pos=<7489.009277, 120.758369, 6343.602051>) used the Admin Hammer to build wood_base
04:58:31.747 [AdminTools] Player "SUS-Bravo-Goin'Dark" (id=kOLgOs9yYBFVRQG3lqoHveYdP5X8y3SO69cq5MiR4us= pos=<7489.009277, 120.758369, 6343.602051>) used the Admin Hammer to build wood_doorframe
04:58:34.309 [AdminTools] Player "SUS-Bravo-Goin'Dark" (id=kOLgOs9yYBFVRQG3lqoHveYdP5X8y3SO69cq5MiR4us= pos=<7489.009277, 120.758369, 6343.602051>) used the Admin Hammer to build wood_doorfinished
04:59:09.083 [AdminTools] Player "SUS-Alpha-Goin'Dark" (id=m_TD03B4NXDQrU5koHpLq3WyQf1hXTvQSdETJOTM8ss= pos=<7491.312012, 121.186256, 6343.515625>) used the Admin Hammer to build b_right_frames
04:59:12.553 [AdminTools] Player "SUS-Alpha-Goin'Dark" (id=m_TD03B4NXDQrU5koHpLq3WyQf1hXTvQSdETJOTM8ss= pos=<7491.312012, 121.186256, 6343.515625>) used the Admin Hammer to build c_right_planks
04:59:16.119 [AdminTools] Player "SUS-Alpha-Goin'Dark" (id=m_TD03B4NXDQrU5koHpLq3WyQf1hXTvQSdETJOTM8ss= pos=<7491.312012, 121.186256, 6343.515625>) used the Admin Hammer to build b_left_frames
04:59:19.531 [AdminTools] Player "SUS-Alpha-Goin'Dark" (id=m_TD03B4NXDQrU5koHpLq3WyQf1hXTvQSdETJOTM8ss= pos=<7491.312012, 121.186256, 6343.515625>) used the Admin Hammer to build h_hindges
04:59:22.956 [AdminTools] Player "SUS-Alpha-Goin'Dark" (id=m_TD03B4NXDQrU5koHpLq3WyQf1hXTvQSdETJOTM8ss= pos=<7491.312012, 121.186256, 6343.515625>) used the Admin Hammer to build f_left_inner_planks
04:59:26.559 [AdminTools] Player "SUS-Alpha-Goin'Dark" (id=m_TD03B4NXDQrU5koHpLq3WyQf1hXTvQSdETJOTM8ss= pos=<7491.312012, 121.186256, 6343.515625>) used the Admin Hammer to build g_left_inner_plate
04:59:29.966 [AdminTools] Player "SUS-Alpha-Goin'Dark" (id=m_TD03B4NXDQrU5koHpLq3WyQf1hXTvQSdETJOTM8ss= pos=<7491.312012, 121.186256, 6343.515625>) used the Admin Hammer to build f_right_inner_planks
04:59:33.332 [AdminTools] Player "SUS-Alpha-Goin'Dark" (id=m_TD03B4NXDQrU5koHpLq3WyQf1hXTvQSdETJOTM8ss= pos=<7491.312012, 121.186256, 6343.515625>) used the Admin Hammer to build g_right_inner_plate
04:59:36.719 [AdminTools] Player "SUS-Alpha-Goin'Dark" (id=m_TD03B4NXDQrU5koHpLq3WyQf1hXTvQSdETJOTM8ss= pos=<7491.312012, 121.186256, 6343.515625>) used the Admin Hammer to build c_left_planks
04:59:40.026 [AdminTools] Player "SUS-Alpha-Goin'Dark" (id=m_TD03B4NXDQrU5koHpLq3WyQf1hXTvQSdETJOTM8ss= pos=<7491.312012, 121.186256, 6343.515625>) used the Admin Hammer to build d_right_final_planks
04:59:43.462 [AdminTools] Player "SUS-Alpha-Goin'Dark" (id=m_TD03B4NXDQrU5koHpLq3WyQf1hXTvQSdETJOTM8ss= pos=<7491.312012, 121.186256, 6343.515625>) used the Admin Hammer to build e_right_outer_plate
04:59:46.872 [AdminTools] Player "SUS-Alpha-Goin'Dark" (id=m_TD03B4NXDQrU5koHpLq3WyQf1hXTvQSdETJOTM8ss= pos=<7491.312012, 121.186256, 6343.515625>) used the Admin Hammer to build d_left_final_planks
04:59:50.093 [AdminTools] Player "SUS-Alpha-Goin'Dark" (id=m_TD03B4NXDQrU5koHpLq3WyQf1hXTvQSdETJOTM8ss= pos=<7491.312012, 121.186256, 6343.515625>) used the Admin Hammer to build e_left_outer_plate
04:59:56.836 [AdminTools] Player "SUS-Bravo-Goin'Dark" (id=kOLgOs9yYBFVRQG3lqoHveYdP5X8y3SO69cq5MiR4us= pos=<7488.655273, 120.758835, 6343.152344>) used the Admin Hammer to build wood_base
05:00:00.537 [AdminTools] Player "SUS-Bravo-Goin'Dark" (id=kOLgOs9yYBFVRQG3lqoHveYdP5X8y3SO69cq5MiR4us= pos=<7488.655273, 120.758835, 6343.152344>) used the Admin Hammer to build wood_wallframe
05:00:02.904 [AdminTools] Player "SUS-Bravo-Goin'Dark" (id=kOLgOs9yYBFVRQG3lqoHveYdP5X8y3SO69cq5MiR4us= pos=<7488.655273, 120.758835, 6343.152344>) used the Admin Hammer to build wood_wallfinished
05:00:26.334 [AdminTools] Player "SUS-Bravo-Goin'Dark" (id=kOLgOs9yYBFVRQG3lqoHveYdP5X8y3SO69cq5MiR4us= pos=<7492.779297, 121.019951, 6338.024414>) used the Admin Hammer to build wood_base
05:00:31.107 [AdminTools] Player "SUS-Bravo-Goin'Dark" (id=kOLgOs9yYBFVRQG3lqoHveYdP5X8y3SO69cq5MiR4us= pos=<7492.778809, 120.996132, 6338.048828>) used the Admin Hammer to build wood_wallframe
05:00:36.591 [AdminTools] Player "SUS-Alpha-Goin'Dark" (id=m_TD03B4NXDQrU5koHpLq3WyQf1hXTvQSdETJOTM8ss= pos=<7491.849609, 120.903168, 6342.479980>) used the Admin Hammer to build b_right_frames
05:00:37.171 [AdminTools] Player "SUS-Bravo-Goin'Dark" (id=kOLgOs9yYBFVRQG3lqoHveYdP5X8y3SO69cq5MiR4us= pos=<7492.778809, 120.996132, 6338.048828>) used the Admin Hammer to build wood_wallfinished
05:00:39.987 [AdminTools] Player "SUS-Alpha-Goin'Dark" (id=m_TD03B4NXDQrU5koHpLq3WyQf1hXTvQSdETJOTM8ss= pos=<7491.849609, 120.903168, 6342.479980>) used the Admin Hammer to build c_right_planks
05:00:43.423 [AdminTools] Player "SUS-Alpha-Goin'Dark" (id=m_TD03B4NXDQrU5koHpLq3WyQf1hXTvQSdETJOTM8ss= pos=<7491.849609, 120.903168, 6342.479980>) used the Admin Hammer to build b_left_frames
05:00:46.756 [AdminTools] Player "SUS-Alpha-Goin'Dark" (id=m_TD03B4NXDQrU5koHpLq3WyQf1hXTvQSdETJOTM8ss= pos=<7491.849609, 120.903168, 6342.479980>) used the Admin Hammer to build h_hindges
05:00:50.021 [AdminTools] Player "SUS-Alpha-Goin'Dark" (id=m_TD03B4NXDQrU5koHpLq3WyQf1hXTvQSdETJOTM8ss= pos=<7491.849609, 120.903168, 6342.479980>) used the Admin Hammer to build f_left_inner_planks
05:00:53.348 [AdminTools] Player "SUS-Alpha-Goin'Dark" (id=m_TD03B4NXDQrU5koHpLq3WyQf1hXTvQSdETJOTM8ss= pos=<7491.849609, 120.903168, 6342.479980>) used the Admin Hammer to build g_left_inner_plate
05:00:56.785 [AdminTools] Player "SUS-Alpha-Goin'Dark" (id=m_TD03B4NXDQrU5koHpLq3WyQf1hXTvQSdETJOTM8ss= pos=<7491.849609, 120.903168, 6342.479980>) used the Admin Hammer to build f_right_inner_planks
05:01:00.228 [AdminTools] Player "SUS-Alpha-Goin'Dark" (id=m_TD03B4NXDQrU5koHpLq3WyQf1hXTvQSdETJOTM8ss= pos=<7491.849609, 120.903168, 6342.479980>) used the Admin Hammer to build g_right_inner_plate
05:01:04.151 [AdminTools] Player "SUS-Alpha-Goin'Dark" (id=m_TD03B4NXDQrU5koHpLq3WyQf1hXTvQSdETJOTM8ss= pos=<7491.849609, 120.903168, 6342.479980>) used the Admin Hammer to build c_left_planks
05:01:15.416 [AdminTools] Player "SUS-Alpha-Goin'Dark" (id=m_TD03B4NXDQrU5koHpLq3WyQf1hXTvQSdETJOTM8ss= pos=<7491.803223, 121.057251, 6342.741699>) used the Admin Hammer to build d_right_final_planks
05:01:19.450 [AdminTools] Player "SUS-Alpha-Goin'Dark" (id=m_TD03B4NXDQrU5koHpLq3WyQf1hXTvQSdETJOTM8ss= pos=<7491.803223, 121.057251, 6342.741699>) used the Admin Hammer to build e_right_outer_plate
05:01:23.850 [AdminTools] Player "SUS-Alpha-Goin'Dark" (id=m_TD03B4NXDQrU5koHpLq3WyQf1hXTvQSdETJOTM8ss= pos=<7491.803223, 121.057251, 6342.741699>) used the Admin Hammer to build d_left_final_planks
05:01:27.853 [AdminTools] Player "SUS-Alpha-Goin'Dark" (id=m_TD03B4NXDQrU5koHpLq3WyQf1hXTvQSdETJOTM8ss= pos=<7491.803223, 121.057251, 6342.741699>) used the Admin Hammer to build e_left_outer_plate
05:01:42.062 [Safezone] Player "Demon" (id=PhjcSpdDlcniqvIRjG2Nvju16VFUg8XDMgChzEnNJKI= pos=<6758.33, 103.09, 6062.44>) entered the safezone
05:01:49.015 [AdminTools] Player "SUS-Alpha-Goin'Dark" (id=m_TD03B4NXDQrU5koHpLq3WyQf1hXTvQSdETJOTM8ss= pos=<7492.892090, 121.375664, 6342.720215>) used the Admin Hammer to build b_right_frames
05:01:49.711 [AdminTools] Player "SUS-Bravo-Goin'Dark" (id=kOLgOs9yYBFVRQG3lqoHveYdP5X8y3SO69cq5MiR4us= pos=<7488.904297, 120.757889, 6344.073730>) used the Admin Hammer to build wood_base
05:01:54.210 [AdminTools] Player "SUS-Bravo-Goin'Dark" (id=kOLgOs9yYBFVRQG3lqoHveYdP5X8y3SO69cq5MiR4us= pos=<7489.014160, 120.847633, 6343.643555>) used the Admin Hammer to build wood_doorframe
05:01:57.711 [AdminTools] Player "SUS-Bravo-Goin'Dark" (id=kOLgOs9yYBFVRQG3lqoHveYdP5X8y3SO69cq5MiR4us= pos=<7489.014160, 120.847633, 6343.643555>) used the Admin Hammer to build wood_doorfinished
05:01:57.914 [AdminTools] Player "SUS-Alpha-Goin'Dark" (id=m_TD03B4NXDQrU5koHpLq3WyQf1hXTvQSdETJOTM8ss= pos=<7492.529785, 121.115585, 6342.438477>) used the Admin Hammer to build c_right_planks
05:02:05.258 [AdminTools] Player "SUS-Alpha-Goin'Dark" (id=m_TD03B4NXDQrU5koHpLq3WyQf1hXTvQSdETJOTM8ss= pos=<7492.279297, 121.083359, 6342.516113>) used the Admin Hammer to build b_left_frames
05:02:08.723 [AdminTools] Player "SUS-Alpha-Goin'Dark" (id=m_TD03B4NXDQrU5koHpLq3WyQf1hXTvQSdETJOTM8ss= pos=<7492.279297, 121.083359, 6342.516113>) used the Admin Hammer to build h_hindges
05:02:14.213 [AdminTools] Player "SUS-Alpha-Goin'Dark" (id=m_TD03B4NXDQrU5koHpLq3WyQf1hXTvQSdETJOTM8ss= pos=<7492.279297, 121.083359, 6342.516113>) used the Admin Hammer to build f_left_inner_planks
05:02:17.816 [AdminTools] Player "SUS-Alpha-Goin'Dark" (id=m_TD03B4NXDQrU5koHpLq3WyQf1hXTvQSdETJOTM8ss= pos=<7492.279297, 121.083359, 6342.516113>) used the Admin Hammer to build g_left_inner_plate
05:02:21.422 [AdminTools] Player "SUS-Alpha-Goin'Dark" (id=m_TD03B4NXDQrU5koHpLq3WyQf1hXTvQSdETJOTM8ss= pos=<7492.279297, 121.083359, 6342.516113>) used the Admin Hammer to build f_right_inner_planks
05:02:24.746 [AdminTools] Player "SUS-Alpha-Goin'Dark" (id=m_TD03B4NXDQrU5koHpLq3WyQf1hXTvQSdETJOTM8ss= pos=<7492.279297, 121.083359, 6342.516113>) used the Admin Hammer to build g_right_inner_plate
05:02:28.447 [AdminTools] Player "SUS-Alpha-Goin'Dark" (id=m_TD03B4NXDQrU5koHpLq3WyQf1hXTvQSdETJOTM8ss= pos=<7492.279297, 121.083359, 6342.516113>) used the Admin Hammer to build c_left_planks
05:02:32.017 [AdminTools] Player "SUS-Alpha-Goin'Dark" (id=m_TD03B4NXDQrU5koHpLq3WyQf1hXTvQSdETJOTM8ss= pos=<7492.279297, 121.083359, 6342.516113>) used the Admin Hammer to build d_right_final_planks
05:02:35.659 [AdminTools] Player "SUS-Alpha-Goin'Dark" (id=m_TD03B4NXDQrU5koHpLq3WyQf1hXTvQSdETJOTM8ss= pos=<7492.279297, 121.083359, 6342.516113>) used the Admin Hammer to build e_right_outer_plate
05:02:39.285 [AdminTools] Player "SUS-Alpha-Goin'Dark" (id=m_TD03B4NXDQrU5koHpLq3WyQf1hXTvQSdETJOTM8ss= pos=<7492.279297, 121.083359, 6342.516113>) used the Admin Hammer to build d_left_final_planks
05:02:42.946 [AdminTools] Player "SUS-Alpha-Goin'Dark" (id=m_TD03B4NXDQrU5koHpLq3WyQf1hXTvQSdETJOTM8ss= pos=<7492.279297, 121.083359, 6342.516113>) used the Admin Hammer to build e_left_outer_plate
05:03:10.410 [Market] Player "Demon" (id=PhjcSpdDlcniqvIRjG2Nvju16VFUg8XDMgChzEnNJKI=) has bought ammobox_9x39_20rnd x1 (29d1b650) from the trader "Weapons (Denis [#STR_EXPANSION_MARKET_TRADER_WEAPONS])" in market zone "Trader Zone" (pos=<6675.160645, 104.603935, 6114.155762>) for a price of 16.
05:03:10.538 [Market] Player "Demon" (id=PhjcSpdDlcniqvIRjG2Nvju16VFUg8XDMgChzEnNJKI=) has bought ammobox_9x39_20rnd x1 (29d1c1e0) from the trader "Weapons (Denis [#STR_EXPANSION_MARKET_TRADER_WEAPONS])" in market zone "Trader Zone" (pos=<6675.160645, 104.603935, 6114.155762>) for a price of 16.
05:03:10.697 [Market] Player "Demon" (id=PhjcSpdDlcniqvIRjG2Nvju16VFUg8XDMgChzEnNJKI=) has bought ammobox_9x39_20rnd x1 (29d1f020) from the trader "Weapons (Denis [#STR_EXPANSION_MARKET_TRADER_WEAPONS])" in market zone "Trader Zone" (pos=<6675.160645, 104.603935, 6114.155762>) for a price of 16.
05:03:10.838 [Market] Player "Demon" (id=PhjcSpdDlcniqvIRjG2Nvju16VFUg8XDMgChzEnNJKI=) has bought ammobox_9x39_20rnd x1 (29d19f30) from the trader "Weapons (Denis [#STR_EXPANSION_MARKET_TRADER_WEAPONS])" in market zone "Trader Zone" (pos=<6675.160645, 104.603935, 6114.155762>) for a price of 16.
05:03:11.020 [Market] Player "Demon" (id=PhjcSpdDlcniqvIRjG2Nvju16VFUg8XDMgChzEnNJKI=) has bought ammobox_9x39_20rnd x1 (29d18810) from the trader "Weapons (Denis [#STR_EXPANSION_MARKET_TRADER_WEAPONS])" in market zone "Trader Zone" (pos=<6675.160645, 104.603935, 6114.155762>) for a price of 16.
05:03:11.135 [Market] Player "Demon" (id=PhjcSpdDlcniqvIRjG2Nvju16VFUg8XDMgChzEnNJKI=) has bought ammobox_9x39_20rnd x1 (29d1e490) from the trader "Weapons (Denis [#STR_EXPANSION_MARKET_TRADER_WEAPONS])" in market zone "Trader Zone" (pos=<6675.160645, 104.603935, 6114.155762>) for a price of 16.
05:03:12.275 [Market] Player "Demon" (id=PhjcSpdDlcniqvIRjG2Nvju16VFUg8XDMgChzEnNJKI=) has bought ammobox_9x39_20rnd x1 (29d1cd70) from the trader "Weapons (Denis [#STR_EXPANSION_MARKET_TRADER_WEAPONS])" in market zone "Trader Zone" (pos=<6675.160645, 104.603935, 6114.155762>) for a price of 16.
05:03:16.432 [Market] Player "Demon" (id=PhjcSpdDlcniqvIRjG2Nvju16VFUg8XDMgChzEnNJKI=) has bought expansion_ammobox_8mm_15rnd x1 (29d1aac0) from the trader "Weapons (Denis [#STR_EXPANSION_MARKET_TRADER_WEAPONS])" in market zone "Trader Zone" (pos=<6675.160645, 104.603935, 6114.155762>) for a price of 24.
05:03:16.524 [Market] Player "Demon" (id=PhjcSpdDlcniqvIRjG2Nvju16VFUg8XDMgChzEnNJKI=) has bought expansion_ammobox_8mm_15rnd x1 (29d193a0) from the trader "Weapons (Denis [#STR_EXPANSION_MARKET_TRADER_WEAPONS])" in market zone "Trader Zone" (pos=<6675.160645, 104.603935, 6114.155762>) for a price of 24.
05:03:27.996 [Market] Player "Demon" (id=PhjcSpdDlcniqvIRjG2Nvju16VFUg8XDMgChzEnNJKI=) has bought ghillieatt_tan x1 (b80e5fb0) from the trader "Attachments (Jose [#STR_EXPANSION_MARKET_TRADER_ATTACHMENTS])" in market zone "Trader Zone" (pos=<6675.160645, 104.603935, 6114.155762>) for a price of 220.
05:03:53.438 [Market] Player "Demon" (id=PhjcSpdDlcniqvIRjG2Nvju16VFUg8XDMgChzEnNJKI=) has bought pnc_moremag_val_20rndcoupledclamp x1 (d0ad2290, ammo_9x39 x30) from the trader "Attachments (Jose [#STR_EXPANSION_MARKET_TRADER_ATTACHMENTS])" in market zone "Trader Zone" (pos=<6675.160645, 104.603935, 6114.155762>) for a price of 260.
05:03:53.593 [Market] Player "Demon" (id=PhjcSpdDlcniqvIRjG2Nvju16VFUg8XDMgChzEnNJKI=) has bought pnc_moremag_val_20rndcoupledclamp x1 (d0ad4540, ammo_9x39 x30) from the trader "Attachments (Jose [#STR_EXPANSION_MARKET_TRADER_ATTACHMENTS])" in market zone "Trader Zone" (pos=<6675.160645, 104.603935, 6114.155762>) for a price of 260.
05:04:03.453 [Market] Player "Demon" (id=PhjcSpdDlcniqvIRjG2Nvju16VFUg8XDMgChzEnNJKI=) has bought pnc_moremag_val_20rndcoupledclamp x1 (d0adc470, ammo_9x39 x30) from the trader "Attachments (Jose [#STR_EXPANSION_MARKET_TRADER_ATTACHMENTS])" in market zone "Trader Zone" (pos=<6675.160645, 104.603935, 6114.155762>) for a price of 260.
05:04:25.086 [Market] Player "Demon" (id=PhjcSpdDlcniqvIRjG2Nvju16VFUg8XDMgChzEnNJKI=) has bought ghillieatt_tan x1 (bf17b270) from the trader "Attachments (Jose [#STR_EXPANSION_MARKET_TRADER_ATTACHMENTS])" in market zone "Trader Zone" (pos=<6675.160645, 104.603935, 6114.155762>) for a price of 220.
05:04:42.462 [BaseRaiding] BF_DoubleDoorBarricade (<7490.601074, 120.753128, 6342.852051>) Code set by "player "SUS-Bravo-Goin'Dark" (ID = "kOLgOs9yYBFVRQG3lqoHveYdP5X8y3SO69cq5MiR4us=" at <7490.402344, 120.763123, 6342.797363>)" and the code is 1011
05:04:58.668 [BaseRaiding] ExpansionWall6x3 (<7488.320801, 120.744949, 6345.050781>) Code set by "player "SUS-Bravo-Goin'Dark" (ID = "kOLgOs9yYBFVRQG3lqoHveYdP5X8y3SO69cq5MiR4us=" at <7487.891602, 120.756813, 6345.147949>)" and the code is 1110
05:05:10.359 [BaseRaiding] ExpansionWall6x3 (<7488.195313, 120.748871, 6345.151855>) Code set by "player "SUS-Bravo-Goin'Dark" (ID = "kOLgOs9yYBFVRQG3lqoHveYdP5X8y3SO69cq5MiR4us=" at <7487.472168, 120.756844, 6345.122559>)" and the code is 1011
05:05:17.299 [Market] Player "Demon" (id=PhjcSpdDlcniqvIRjG2Nvju16VFUg8XDMgChzEnNJKI=) has bought tacticalbaconcan x1 (bced0a90) from the trader "Consumables (Linda [#STR_EXPANSION_MARKET_TRADER_CONSUMABLES])" in market zone "Trader Zone" (pos=<6675.160645, 104.603935, 6114.155762>) for a price of 20.
05:05:17.470 [Market] Player "Demon" (id=PhjcSpdDlcniqvIRjG2Nvju16VFUg8XDMgChzEnNJKI=) has bought tacticalbaconcan x1 (bced22b0) from the trader "Consumables (Linda [#STR_EXPANSION_MARKET_TRADER_CONSUMABLES])" in market zone "Trader Zone" (pos=<6675.160645, 104.603935, 6114.155762>) for a price of 20.
05:05:17.604 [Market] Player "Demon" (id=PhjcSpdDlcniqvIRjG2Nvju16VFUg8XDMgChzEnNJKI=) has bought tacticalbaconcan x1 (bcece660) from the trader "Consumables (Linda [#STR_EXPANSION_MARKET_TRADER_CONSUMABLES])" in market zone "Trader Zone" (pos=<6675.160645, 104.603935, 6114.155762>) for a price of 20.
05:05:17.761 [Market] Player "Demon" (id=PhjcSpdDlcniqvIRjG2Nvju16VFUg8XDMgChzEnNJKI=) has bought tacticalbaconcan x1 (bced2ec0) from the trader "Consumables (Linda [#STR_EXPANSION_MARKET_TRADER_CONSUMABLES])" in market zone "Trader Zone" (pos=<6675.160645, 104.603935, 6114.155762>) for a price of 20.
05:05:17.890 [Market] Player "Demon" (id=PhjcSpdDlcniqvIRjG2Nvju16VFUg8XDMgChzEnNJKI=) has bought tacticalbaconcan x1 (bcedbf80) from the trader "Consumables (Linda [#STR_EXPANSION_MARKET_TRADER_CONSUMABLES])" in market zone "Trader Zone" (pos=<6675.160645, 104.603935, 6114.155762>) for a price of 20.
05:05:18.057 [Market] Player "Demon" (id=PhjcSpdDlcniqvIRjG2Nvju16VFUg8XDMgChzEnNJKI=) has bought tacticalbaconcan x1 (bced5f00) from the trader "Consumables (Linda [#STR_EXPANSION_MARKET_TRADER_CONSUMABLES])" in market zone "Trader Zone" (pos=<6675.160645, 104.603935, 6114.155762>) for a price of 20.
05:05:19.054 [Market] Player "Demon" (id=PhjcSpdDlcniqvIRjG2Nvju16VFUg8XDMgChzEnNJKI=) has bought tacticalbaconcan x1 (bced7720) from the trader "Consumables (Linda [#STR_EXPANSION_MARKET_TRADER_CONSUMABLES])" in market zone "Trader Zone" (pos=<6675.160645, 104.603935, 6114.155762>) for a price of 20.
05:05:19.152 [Market] Player "Demon" (id=PhjcSpdDlcniqvIRjG2Nvju16VFUg8XDMgChzEnNJKI=) has bought tacticalbaconcan x1 (bced8f40) from the trader "Consumables (Linda [#STR_EXPANSION_MARKET_TRADER_CONSUMABLES])" in market zone "Trader Zone" (pos=<6675.160645, 104.603935, 6114.155762>) for a price of 20.
05:05:22.563 [Market] Player "Demon" (id=PhjcSpdDlcniqvIRjG2Nvju16VFUg8XDMgChzEnNJKI=) has bought sodacan_pipsi x1 (bcee07e0) from the trader "Consumables (Linda [#STR_EXPANSION_MARKET_TRADER_CONSUMABLES])" in market zone "Trader Zone" (pos=<6675.160645, 104.603935, 6114.155762>) for a price of 10.
05:05:22.684 [Market] Player "Demon" (id=PhjcSpdDlcniqvIRjG2Nvju16VFUg8XDMgChzEnNJKI=) has bought sodacan_pipsi x1 (bcee6860) from the trader "Consumables (Linda [#STR_EXPANSION_MARKET_TRADER_CONSUMABLES])" in market zone "Trader Zone" (pos=<6675.160645, 104.603935, 6114.155762>) for a price of 10.
05:05:22.815 [Market] Player "Demon" (id=PhjcSpdDlcniqvIRjG2Nvju16VFUg8XDMgChzEnNJKI=) has bought sodacan_pipsi x1 (bceea4b0) from the trader "Consumables (Linda [#STR_EXPANSION_MARKET_TRADER_CONSUMABLES])" in market zone "Trader Zone" (pos=<6675.160645, 104.603935, 6114.155762>) for a price of 10.
05:05:22.987 [Market] Player "Demon" (id=PhjcSpdDlcniqvIRjG2Nvju16VFUg8XDMgChzEnNJKI=) has bought sodacan_pipsi x1 (bcef3570) from the trader "Consumables (Linda [#STR_EXPANSION_MARKET_TRADER_CONSUMABLES])" in market zone "Trader Zone" (pos=<6675.160645, 104.603935, 6114.155762>) for a price of 10.
05:05:23.136 [Market] Player "Demon" (id=PhjcSpdDlcniqvIRjG2Nvju16VFUg8XDMgChzEnNJKI=) has bought sodacan_pipsi x1 (bcef4d90) from the trader "Consumables (Linda [#STR_EXPANSION_MARKET_TRADER_CONSUMABLES])" in market zone "Trader Zone" (pos=<6675.160645, 104.603935, 6114.155762>) for a price of 10.
05:05:23.278 [Market] Player "Demon" (id=PhjcSpdDlcniqvIRjG2Nvju16VFUg8XDMgChzEnNJKI=) has bought sodacan_pipsi x1 (bcef4180) from the trader "Consumables (Linda [#STR_EXPANSION_MARKET_TRADER_CONSUMABLES])" in market zone "Trader Zone" (pos=<6675.160645, 104.603935, 6114.155762>) for a price of 10.
05:05:23.388 [Market] Player "Demon" (id=PhjcSpdDlcniqvIRjG2Nvju16VFUg8XDMgChzEnNJKI=) has bought sodacan_pipsi x1 (bceeed10) from the trader "Consumables (Linda [#STR_EXPANSION_MARKET_TRADER_CONSUMABLES])" in market zone "Trader Zone" (pos=<6675.160645, 104.603935, 6114.155762>) for a price of 10.
05:05:23.967 [Market] Player "Demon" (id=PhjcSpdDlcniqvIRjG2Nvju16VFUg8XDMgChzEnNJKI=) has bought sodacan_pipsi x1 (bcef2960) from the trader "Consumables (Linda [#STR_EXPANSION_MARKET_TRADER_CONSUMABLES])" in market zone "Trader Zone" (pos=<6675.160645, 104.603935, 6114.155762>) for a price of 10.
05:05:24.094 [Market] Player "Demon" (id=PhjcSpdDlcniqvIRjG2Nvju16VFUg8XDMgChzEnNJKI=) has bought sodacan_pipsi x1 (bcef71c0) from the trader "Consumables (Linda [#STR_EXPANSION_MARKET_TRADER_CONSUMABLES])" in market zone "Trader Zone" (pos=<6675.160645, 104.603935, 6114.155762>) for a price of 10.
05:05:24.986 [Market] Player "Demon" (id=PhjcSpdDlcniqvIRjG2Nvju16VFUg8XDMgChzEnNJKI=) has bought sodacan_pipsi x1 (cd862cd0) from the trader "Consumables (Linda [#STR_EXPANSION_MARKET_TRADER_CONSUMABLES])" in market zone "Trader Zone" (pos=<6675.160645, 104.603935, 6114.155762>) for a price of 10.
05:05:25.163 [Market] Player "Demon" (id=PhjcSpdDlcniqvIRjG2Nvju16VFUg8XDMgChzEnNJKI=) has bought sodacan_pipsi x1 (c55aa3f0) from the trader "Consumables (Linda [#STR_EXPANSION_MARKET_TRADER_CONSUMABLES])" in market zone "Trader Zone" (pos=<6675.160645, 104.603935, 6114.155762>) for a price of 10.
05:05:26.701 [BaseRaiding] BF_DoubleDoorBarricade (<7490.601074, 120.753128, 6342.852051>) Damaged "player "SUS-Alpha-Goin'Dark" (ID = "m_TD03B4NXDQrU5koHpLq3WyQf1hXTvQSdETJOTM8ss=" at <7489.343750, 120.841782, 6342.027344>)" by 10 health points. Reason: Failed to enter the correct code.
05:05:26.701 [BaseRaiding] BF_DoubleDoorBarricade (<7490.601074, 120.753128, 6342.852051>) The correct code was 1011 and the player tried 1110
05:05:26.963 [BaseRaiding] BF_DoubleDoorBarricade (<7490.601074, 120.753128, 6342.852051>) Damaged "player "SUS-Alpha-Goin'Dark" (ID = "m_TD03B4NXDQrU5koHpLq3WyQf1hXTvQSdETJOTM8ss=" at <7489.343750, 120.841782, 6342.027344>)" by 10 health points. Reason: Failed to enter the correct code.
05:05:26.963 [BaseRaiding] BF_DoubleDoorBarricade (<7490.601074, 120.753128, 6342.852051>) The correct code was 1011 and the player tried 1110
05:05:47.653 [ATM] Player "Demon" (id=PhjcSpdDlcniqvIRjG2Nvju16VFUg8XDMgChzEnNJKI=) has deposited 83270 on his ATM account.
05:06:13.691 [Safezone] Player "{1:name}" (id={1:id} pos={1:position}) left the safezone
05:06:36.268 [AdminTools] Player "SUS-Bravo-Goin'Dark" (id=kOLgOs9yYBFVRQG3lqoHveYdP5X8y3SO69cq5MiR4us= pos=<7478.040039, 124.084145, 6333.075195>) used the Admin Hammer to build wood_base
05:06:40.474 [AdminTools] Player "SUS-Bravo-Goin'Dark" (id=kOLgOs9yYBFVRQG3lqoHveYdP5X8y3SO69cq5MiR4us= pos=<7478.009766, 124.084084, 6333.314453>) used the Admin Hammer to build wood_doorframe
05:06:45.208 [AdminTools] Player "SUS-Bravo-Goin'Dark" (id=kOLgOs9yYBFVRQG3lqoHveYdP5X8y3SO69cq5MiR4us= pos=<7478.009766, 124.084084, 6333.314453>) used the Admin Hammer to build wood_doorfinished
05:07:23.099 [AdminTools] Player "SUS-Bravo-Goin'Dark" (id=kOLgOs9yYBFVRQG3lqoHveYdP5X8y3SO69cq5MiR4us= pos=<7482.034180, 124.081055, 6337.799805>) used the Admin Hammer to build wood_base
05:07:33.469 [AdminTools] Player "SUS-Bravo-Goin'Dark" (id=kOLgOs9yYBFVRQG3lqoHveYdP5X8y3SO69cq5MiR4us= pos=<7480.755371, 124.081688, 6337.982910>) used the Admin Hammer to build wood_doorframe
05:07:36.737 [AdminTools] Player "SUS-Bravo-Goin'Dark" (id=kOLgOs9yYBFVRQG3lqoHveYdP5X8y3SO69cq5MiR4us= pos=<7480.755371, 124.081688, 6337.982910>) used the Admin Hammer to build wood_doorfinished
05:08:27.720 [AdminTools] Player "SUS-Alpha-Goin'Dark" (id=m_TD03B4NXDQrU5koHpLq3WyQf1hXTvQSdETJOTM8ss= pos=<7477.543945, 127.087128, 6329.756836>) used the Admin Hammer to build wood_base
05:08:39.688 [AdminTools] Player "SUS-Alpha-Goin'Dark" (id=m_TD03B4NXDQrU5koHpLq3WyQf1hXTvQSdETJOTM8ss= pos=<7477.543945, 127.087128, 6329.756836>) used the Admin Hammer to build wood_doorframe
05:08:46.371 [AdminTools] Player "SUS-Alpha-Goin'Dark" (id=m_TD03B4NXDQrU5koHpLq3WyQf1hXTvQSdETJOTM8ss= pos=<7477.543945, 127.087128, 6329.756836>) used the Admin Hammer to build wood_doorfinished
05:09:12.396 [BaseRaiding] ExpansionWall6x3 (<7477.481934, 126.838585, 6327.780762>) Code set by "player "SUS-Alpha-Goin'Dark" (ID = "m_TD03B4NXDQrU5koHpLq3WyQf1hXTvQSdETJOTM8ss=" at <7476.328613, 127.088028, 6328.370605>)" and the code is 1110
05:09:30.215 [AdminTools] Player "SUS-Alpha-Goin'Dark" (id=m_TD03B4NXDQrU5koHpLq3WyQf1hXTvQSdETJOTM8ss= pos=<7477.216797, 127.087280, 6330.625488>) used the Admin Hammer to build wood_base
05:09:36.016 [AdminTools] Player "SUS-Alpha-Goin'Dark" (id=m_TD03B4NXDQrU5koHpLq3WyQf1hXTvQSdETJOTM8ss= pos=<7477.216797, 127.087280, 6330.625488>) used the Admin Hammer to build wood_doorframe
05:09:40.873 [AdminTools] Player "SUS-Alpha-Goin'Dark" (id=m_TD03B4NXDQrU5koHpLq3WyQf1hXTvQSdETJOTM8ss= pos=<7477.216797, 127.087280, 6330.625488>) used the Admin Hammer to build wood_doorfinished
05:09:51.337 [BaseRaiding] ExpansionWall6x3 (<7477.146973, 126.831032, 6332.011230>) Code set by "player "SUS-Alpha-Goin'Dark" (ID = "m_TD03B4NXDQrU5koHpLq3WyQf1hXTvQSdETJOTM8ss=" at <7477.216797, 127.087280, 6330.625488>)" and the code is 1011
05:09:56.898 [AdminTools] Player "SUS-Bravo-Goin'Dark" (id=kOLgOs9yYBFVRQG3lqoHveYdP5X8y3SO69cq5MiR4us= pos=<7479.376465, 124.083061, 6335.230957>) used the Admin Hammer to build wood_base
05:10:03.798 [AdminTools] Player "SUS-Bravo-Goin'Dark" (id=kOLgOs9yYBFVRQG3lqoHveYdP5X8y3SO69cq5MiR4us= pos=<7479.483398, 124.251541, 6335.187988>) used the Admin Hammer to build wood_doorframe
05:10:08.407 [AdminTools] Player "SUS-Bravo-Goin'Dark" (id=kOLgOs9yYBFVRQG3lqoHveYdP5X8y3SO69cq5MiR4us= pos=<7478.935059, 124.083244, 6335.194824>) used the Admin Hammer to build wood_doorfinished
05:10:55.983 [BaseRaiding] ExpansionWall6x3 (<7479.111816, 124.083328, 6334.323242>) Code set by "player "SUS-Bravo-Goin'Dark" (ID = "kOLgOs9yYBFVRQG3lqoHveYdP5X8y3SO69cq5MiR4us=" at <7479.177734, 124.083252, 6334.643066>)" and the code is 1011
05:11:38.056 [VehicleAttachments] Player "DUSTY PINKY" (id=s8r0CBUvA4m0dDsoAZ-_G4y6F5w2f9qLRLI59dyQZnI=) detached Bicycle Wheel (type=bicycle_wheel) from vehicle Bicycle (id=F45DF9D5D846207DF826B9934161ADBC pos=<8770.63, 150.19, 2322.81>)
05:11:50.158 [VehicleDeleted] Old_Bike_Green (id=F45DF9D5D846207DF826B9934161ADBC pos=<8770.61, 150.19, 2322.9>)
05:13:30.596 [BaseRaiding] ExpansionWall6x3 (<7488.195313, 120.748871, 6345.151855>) Damaged "player "Demon" (ID = "PhjcSpdDlcniqvIRjG2Nvju16VFUg8XDMgChzEnNJKI=" at <7486.181152, 120.756317, 6345.657227>)" by 10 health points. Reason: Failed to enter the correct code.
05:13:30.597 [BaseRaiding] ExpansionWall6x3 (<7488.195313, 120.748871, 6345.151855>) The correct code was 1011 and the player tried 1110
05:14:23.740 [BaseRaiding] ExpansionWall6x3 (<7479.111816, 124.083328, 6334.323242>) Damaged "player "Demon" (ID = "PhjcSpdDlcniqvIRjG2Nvju16VFUg8XDMgChzEnNJKI=" at <7480.339355, 124.082397, 6335.077637>)" by 10 health points. Reason: Failed to enter the correct code.
05:14:23.741 [BaseRaiding] ExpansionWall6x3 (<7479.111816, 124.083328, 6334.323242>) The correct code was 1011 and the player tried 1110
05:15:16.422 [VehicleDeleted] Old_Bike_Red (id=FA5334AE194C402A2579D4A9FA806059 pos=<7484.44, 120.49, 6348.29>)
05:16:26.309 [VehicleEnter] Player "Demon" (id=PhjcSpdDlcniqvIRjG2Nvju16VFUg8XDMgChzEnNJKI=) entered vehicle Bicycle (id=B96D8938E1459F89C1875CA04AA8A16A pos=<7484.53, 123.83, 6343.04>) as driver
05:16:28.935 [VehicleLeave] Player "Demon" (id=PhjcSpdDlcniqvIRjG2Nvju16VFUg8XDMgChzEnNJKI=) left vehicle Bicycle (id=B96D8938E1459F89C1875CA04AA8A16A pos=<7484.53, 123.83, 6343.04>)
05:16:33.057 [Territory] Player "Demon" (id=PhjcSpdDlcniqvIRjG2Nvju16VFUg8XDMgChzEnNJKI= pos=<7484.745117, 124.087471, 6343.652832>) was invited to join the territory uwu at <7497.675781, 121.551865, 6350.663086> by the player "SUS-Alpha-Goin'Dark" (id=m_TD03B4NXDQrU5koHpLq3WyQf1hXTvQSdETJOTM8ss=)
05:16:39.348 [VehicleDeleted] Old_Bike_Red (id=B96D8938E1459F89C1875CA04AA8A16A pos=<7484.53, 123.83, 6343.04>)
05:16:45.381 [Killfeed] [uwu] Demon got run over with a Bicycle.
05:17:10.206 [Party] Player "Demon" (id=PhjcSpdDlcniqvIRjG2Nvju16VFUg8XDMgChzEnNJKI=) joinded the party "AURRRRRRORA" (id=1 ownerUID=m_TD03B4NXDQrU5koHpLq3WyQf1hXTvQSdETJOTM8ss= ownerName=F11 Simulator)
05:17:18.018 [VehicleDeleted] Old_Bike_Red (id=C394B422734D7E9F35C0BC846051771C pos=<7484.57, 123.84, 6344.98>)
05:19:41.640 [BaseRaiding] ExpansionWall6x3 (<7479.111816, 124.083328, 6334.323242>) Damaged "player "SUS-Alpha-Goin'Dark" (ID = "m_TD03B4NXDQrU5koHpLq3WyQf1hXTvQSdETJOTM8ss=" at <7477.483398, 124.084328, 6334.224121>)" by 10 health points. Reason: Failed to enter the correct code.
05:19:41.641 [BaseRaiding] ExpansionWall6x3 (<7479.111816, 124.083328, 6334.323242>) The correct code was 1011 and the player tried 1110
05:19:44.159 [BaseRaiding] ExpansionWall6x3 (<7479.111816, 124.083328, 6334.323242>) Damaged "player "SUS-Alpha-Goin'Dark" (ID = "m_TD03B4NXDQrU5koHpLq3WyQf1hXTvQSdETJOTM8ss=" at <7477.483398, 124.084328, 6334.224121>)" by 10 health points. Reason: Failed to enter the correct code.
05:19:44.160 [BaseRaiding] ExpansionWall6x3 (<7479.111816, 124.083328, 6334.323242>) The correct code was 1011 and the player tried 1110
05:20:30.590 [BaseRaiding] ExpansionWall6x3 (<7481.043945, 123.831703, 6336.573730>) Code set by "player "SUS-Alpha-Goin'Dark" (ID = "m_TD03B4NXDQrU5koHpLq3WyQf1hXTvQSdETJOTM8ss=" at <7482.110352, 124.081161, 6337.354004>)" and the code is 1110
05:21:37.160 [BaseRaiding] ExpansionWall6x3 (<7481.043945, 123.831703, 6336.573730>) Damaged "player "Demon" (ID = "PhjcSpdDlcniqvIRjG2Nvju16VFUg8XDMgChzEnNJKI=" at <7480.281250, 124.082352, 6335.506348>)" by 10 health points. Reason: Failed to enter the correct code.
05:21:37.161 [BaseRaiding] ExpansionWall6x3 (<7481.043945, 123.831703, 6336.573730>) The correct code was 1110 and the player tried 1011
05:30:00.294 [AdminTools] Player "SUS-Bravo-Goin'Dark" (id=kOLgOs9yYBFVRQG3lqoHveYdP5X8y3SO69cq5MiR4us= pos=<7492.667480, 124.107651, 6338.541992>) used the Admin Hammer to build a_base
05:30:06.121 [AdminTools] Player "SUS-Bravo-Goin'Dark" (id=kOLgOs9yYBFVRQG3lqoHveYdP5X8y3SO69cq5MiR4us= pos=<7492.667480, 124.107651, 6338.541992>) used the Admin Hammer to build b_right_frames
05:30:10.689 [AdminTools] Player "SUS-Bravo-Goin'Dark" (id=kOLgOs9yYBFVRQG3lqoHveYdP5X8y3SO69cq5MiR4us= pos=<7492.667480, 124.107651, 6338.541992>) used the Admin Hammer to build c_right_planks
05:30:14.789 [AdminTools] Player "SUS-Bravo-Goin'Dark" (id=kOLgOs9yYBFVRQG3lqoHveYdP5X8y3SO69cq5MiR4us= pos=<7492.667480, 124.107651, 6338.541992>) used the Admin Hammer to build b_left_frames
05:30:19.723 [AdminTools] Player "SUS-Bravo-Goin'Dark" (id=kOLgOs9yYBFVRQG3lqoHveYdP5X8y3SO69cq5MiR4us= pos=<7492.667480, 124.107651, 6338.541992>) used the Admin Hammer to build f_left_inner_planks
05:30:26.490 [AdminTools] Player "SUS-Bravo-Goin'Dark" (id=kOLgOs9yYBFVRQG3lqoHveYdP5X8y3SO69cq5MiR4us= pos=<7492.667480, 124.107651, 6338.541992>) used the Admin Hammer to build g_left_inner_plate
05:30:29.718 [AdminTools] Player "SUS-Bravo-Goin'Dark" (id=kOLgOs9yYBFVRQG3lqoHveYdP5X8y3SO69cq5MiR4us= pos=<7492.667480, 124.107651, 6338.541992>) used the Admin Hammer to build f_right_inner_planks
05:30:32.787 [AdminTools] Player "SUS-Bravo-Goin'Dark" (id=kOLgOs9yYBFVRQG3lqoHveYdP5X8y3SO69cq5MiR4us= pos=<7492.667480, 124.107651, 6338.541992>) used the Admin Hammer to build g_right_inner_plate
05:30:35.856 [AdminTools] Player "SUS-Bravo-Goin'Dark" (id=kOLgOs9yYBFVRQG3lqoHveYdP5X8y3SO69cq5MiR4us= pos=<7492.667480, 124.107651, 6338.541992>) used the Admin Hammer to build c_left_planks
05:30:37.359 [AdminTools] Player "SUS-Alpha-Goin'Dark" (id=m_TD03B4NXDQrU5koHpLq3WyQf1hXTvQSdETJOTM8ss= pos=<7490.377441, 120.752701, 6358.936035>) used the Admin Hammer to build a_base
05:30:38.917 [AdminTools] Player "SUS-Bravo-Goin'Dark" (id=kOLgOs9yYBFVRQG3lqoHveYdP5X8y3SO69cq5MiR4us= pos=<7492.667480, 124.107651, 6338.541992>) used the Admin Hammer to build d_right_final_planks
05:30:42.287 [AdminTools] Player "SUS-Bravo-Goin'Dark" (id=kOLgOs9yYBFVRQG3lqoHveYdP5X8y3SO69cq5MiR4us= pos=<7492.667480, 124.107651, 6338.541992>) used the Admin Hammer to build e_right_outer_plate
05:30:44.286 [AdminTools] Player "SUS-Alpha-Goin'Dark" (id=m_TD03B4NXDQrU5koHpLq3WyQf1hXTvQSdETJOTM8ss= pos=<7490.270020, 120.752495, 6358.780273>) used the Admin Hammer to build b_right_frames
05:30:45.552 [AdminTools] Player "SUS-Bravo-Goin'Dark" (id=kOLgOs9yYBFVRQG3lqoHveYdP5X8y3SO69cq5MiR4us= pos=<7492.667480, 124.107651, 6338.541992>) used the Admin Hammer to build d_left_final_planks
05:30:49.815 [AdminTools] Player "SUS-Alpha-Goin'Dark" (id=m_TD03B4NXDQrU5koHpLq3WyQf1hXTvQSdETJOTM8ss= pos=<7490.270020, 120.752495, 6358.780273>) used the Admin Hammer to build c_right_planks
05:30:50.022 [AdminTools] Player "SUS-Bravo-Goin'Dark" (id=kOLgOs9yYBFVRQG3lqoHveYdP5X8y3SO69cq5MiR4us= pos=<7492.667480, 124.107651, 6338.541992>) used the Admin Hammer to build e_left_outer_plate
05:30:57.548 [AdminTools] Player "SUS-Alpha-Goin'Dark" (id=m_TD03B4NXDQrU5koHpLq3WyQf1hXTvQSdETJOTM8ss= pos=<7491.154297, 120.754227, 6358.799316>) used the Admin Hammer to build b_left_frames
05:31:01.016 [AdminTools] Player "SUS-Alpha-Goin'Dark" (id=m_TD03B4NXDQrU5koHpLq3WyQf1hXTvQSdETJOTM8ss= pos=<7491.154297, 120.754227, 6358.799316>) used the Admin Hammer to build h_hindges
05:31:04.289 [AdminTools] Player "SUS-Alpha-Goin'Dark" (id=m_TD03B4NXDQrU5koHpLq3WyQf1hXTvQSdETJOTM8ss= pos=<7491.154297, 120.754227, 6358.799316>) used the Admin Hammer to build f_left_inner_planks
05:31:07.890 [AdminTools] Player "SUS-Alpha-Goin'Dark" (id=m_TD03B4NXDQrU5koHpLq3WyQf1hXTvQSdETJOTM8ss= pos=<7491.154297, 120.754227, 6358.799316>) used the Admin Hammer to build g_left_inner_plate
05:31:10.957 [AdminTools] Player "SUS-Alpha-Goin'Dark" (id=m_TD03B4NXDQrU5koHpLq3WyQf1hXTvQSdETJOTM8ss= pos=<7491.154297, 120.754227, 6358.799316>) used the Admin Hammer to build f_right_inner_planks
05:31:14.257 [AdminTools] Player "SUS-Alpha-Goin'Dark" (id=m_TD03B4NXDQrU5koHpLq3WyQf1hXTvQSdETJOTM8ss= pos=<7491.154297, 120.754227, 6358.799316>) used the Admin Hammer to build g_right_inner_plate
05:31:14.449 [AdminTools] Player "SUS-Bravo-Goin'Dark" (id=kOLgOs9yYBFVRQG3lqoHveYdP5X8y3SO69cq5MiR4us= pos=<7492.341797, 123.972618, 6338.474609>) used the Admin Hammer to build a_base
05:31:17.816 [AdminTools] Player "SUS-Alpha-Goin'Dark" (id=m_TD03B4NXDQrU5koHpLq3WyQf1hXTvQSdETJOTM8ss= pos=<7491.154297, 120.754227, 6358.799316>) used the Admin Hammer to build c_left_planks
05:31:21.178 [AdminTools] Player "SUS-Alpha-Goin'Dark" (id=m_TD03B4NXDQrU5koHpLq3WyQf1hXTvQSdETJOTM8ss= pos=<7491.154297, 120.754227, 6358.799316>) used the Admin Hammer to build d_right_final_planks
05:31:21.916 [AdminTools] Player "SUS-Bravo-Goin'Dark" (id=kOLgOs9yYBFVRQG3lqoHveYdP5X8y3SO69cq5MiR4us= pos=<7492.341797, 123.972618, 6338.474609>) used the Admin Hammer to build b_right_frames
05:31:24.627 [AdminTools] Player "SUS-Alpha-Goin'Dark" (id=m_TD03B4NXDQrU5koHpLq3WyQf1hXTvQSdETJOTM8ss= pos=<7491.154297, 120.754227, 6358.799316>) used the Admin Hammer to build e_right_outer_plate
05:31:24.817 [AdminTools] Player "SUS-Bravo-Goin'Dark" (id=kOLgOs9yYBFVRQG3lqoHveYdP5X8y3SO69cq5MiR4us= pos=<7492.341797, 123.972618, 6338.474609>) used the Admin Hammer to build b_left_frames
05:31:27.386 [AdminTools] Player "SUS-Bravo-Goin'Dark" (id=kOLgOs9yYBFVRQG3lqoHveYdP5X8y3SO69cq5MiR4us= pos=<7492.341797, 123.972618, 6338.474609>) used the Admin Hammer to build c_right_planks
05:31:28.359 [AdminTools] Player "SUS-Alpha-Goin'Dark" (id=m_TD03B4NXDQrU5koHpLq3WyQf1hXTvQSdETJOTM8ss= pos=<7491.154297, 120.754227, 6358.799316>) used the Admin Hammer to build d_left_final_planks
05:31:32.124 [AdminTools] Player "SUS-Bravo-Goin'Dark" (id=kOLgOs9yYBFVRQG3lqoHveYdP5X8y3SO69cq5MiR4us= pos=<7492.341797, 123.972618, 6338.474609>) used the Admin Hammer to build c_left_planks
05:31:34.355 [AdminTools] Player "SUS-Alpha-Goin'Dark" (id=m_TD03B4NXDQrU5koHpLq3WyQf1hXTvQSdETJOTM8ss= pos=<7490.891113, 120.753716, 6358.714844>) used the Admin Hammer to build e_left_outer_plate
05:31:37.120 [AdminTools] Player "SUS-Bravo-Goin'Dark" (id=kOLgOs9yYBFVRQG3lqoHveYdP5X8y3SO69cq5MiR4us= pos=<7492.341797, 123.972618, 6338.474609>) used the Admin Hammer to build f_left_inner_planks
05:31:40.655 [AdminTools] Player "SUS-Bravo-Goin'Dark" (id=kOLgOs9yYBFVRQG3lqoHveYdP5X8y3SO69cq5MiR4us= pos=<7492.341797, 123.972618, 6338.474609>) used the Admin Hammer to build f_right_inner_planks
05:31:43.582 [AdminTools] Player "SUS-Bravo-Goin'Dark" (id=kOLgOs9yYBFVRQG3lqoHveYdP5X8y3SO69cq5MiR4us= pos=<7492.341797, 123.972618, 6338.474609>) used the Admin Hammer to build g_right_inner_plate
05:31:46.755 [AdminTools] Player "SUS-Bravo-Goin'Dark" (id=kOLgOs9yYBFVRQG3lqoHveYdP5X8y3SO69cq5MiR4us= pos=<7492.341797, 123.972618, 6338.474609>) used the Admin Hammer to build g_left_inner_plate
05:31:49.621 [AdminTools] Player "SUS-Bravo-Goin'Dark" (id=kOLgOs9yYBFVRQG3lqoHveYdP5X8y3SO69cq5MiR4us= pos=<7492.341797, 123.972618, 6338.474609>) used the Admin Hammer to build d_left_final_planks
05:31:53.291 [AdminTools] Player "SUS-Bravo-Goin'Dark" (id=kOLgOs9yYBFVRQG3lqoHveYdP5X8y3SO69cq5MiR4us= pos=<7492.341797, 123.972618, 6338.474609>) used the Admin Hammer to build d_right_final_planks
05:31:56.648 [AdminTools] Player "SUS-Bravo-Goin'Dark" (id=kOLgOs9yYBFVRQG3lqoHveYdP5X8y3SO69cq5MiR4us= pos=<7492.341797, 123.972618, 6338.474609>) used the Admin Hammer to build e_left_outer_plate
05:31:59.852 [AdminTools] Player "SUS-Bravo-Goin'Dark" (id=kOLgOs9yYBFVRQG3lqoHveYdP5X8y3SO69cq5MiR4us= pos=<7492.341797, 123.972618, 6338.474609>) used the Admin Hammer to build e_right_outer_plate
05:32:37.421 [AdminTools] Player "SUS-Alpha-Goin'Dark" (id=m_TD03B4NXDQrU5koHpLq3WyQf1hXTvQSdETJOTM8ss= pos=<7492.607422, 120.757156, 6357.097168>) used the Admin Hammer to build a_base
05:32:41.645 [AdminTools] Player "SUS-Alpha-Goin'Dark" (id=m_TD03B4NXDQrU5koHpLq3WyQf1hXTvQSdETJOTM8ss= pos=<7492.607422, 120.757156, 6357.097168>) used the Admin Hammer to build b_right_frames
05:32:45.227 [AdminTools] Player "SUS-Alpha-Goin'Dark" (id=m_TD03B4NXDQrU5koHpLq3WyQf1hXTvQSdETJOTM8ss= pos=<7492.607422, 120.757156, 6357.097168>) used the Admin Hammer to build c_right_planks
05:32:51.052 [AdminTools] Player "SUS-Alpha-Goin'Dark" (id=m_TD03B4NXDQrU5koHpLq3WyQf1hXTvQSdETJOTM8ss= pos=<7492.607422, 120.757156, 6357.097168>) used the Admin Hammer to build b_left_frames
05:32:55.184 [AdminTools] Player "SUS-Alpha-Goin'Dark" (id=m_TD03B4NXDQrU5koHpLq3WyQf1hXTvQSdETJOTM8ss= pos=<7492.607422, 120.757156, 6357.097168>) used the Admin Hammer to build h_hindges
05:32:59.013 [AdminTools] Player "SUS-Alpha-Goin'Dark" (id=m_TD03B4NXDQrU5koHpLq3WyQf1hXTvQSdETJOTM8ss= pos=<7492.607422, 120.757156, 6357.097168>) used the Admin Hammer to build f_left_inner_planks
05:33:03.243 [AdminTools] Player "SUS-Alpha-Goin'Dark" (id=m_TD03B4NXDQrU5koHpLq3WyQf1hXTvQSdETJOTM8ss= pos=<7492.607422, 120.757156, 6357.097168>) used the Admin Hammer to build g_left_inner_plate
05:33:10.413 [AdminTools] Player "SUS-Alpha-Goin'Dark" (id=m_TD03B4NXDQrU5koHpLq3WyQf1hXTvQSdETJOTM8ss= pos=<7492.607422, 120.757156, 6357.097168>) used the Admin Hammer to build f_right_inner_planks
05:33:14.288 [AdminTools] Player "SUS-Alpha-Goin'Dark" (id=m_TD03B4NXDQrU5koHpLq3WyQf1hXTvQSdETJOTM8ss= pos=<7492.607422, 120.757156, 6357.097168>) used the Admin Hammer to build g_right_inner_plate
05:33:18.358 [AdminTools] Player "SUS-Alpha-Goin'Dark" (id=m_TD03B4NXDQrU5koHpLq3WyQf1hXTvQSdETJOTM8ss= pos=<7492.607422, 120.757156, 6357.097168>) used the Admin Hammer to build c_left_planks
05:33:21.941 [AdminTools] Player "SUS-Alpha-Goin'Dark" (id=m_TD03B4NXDQrU5koHpLq3WyQf1hXTvQSdETJOTM8ss= pos=<7492.607422, 120.757156, 6357.097168>) used the Admin Hammer to build d_right_final_planks
05:33:25.843 [AdminTools] Player "SUS-Alpha-Goin'Dark" (id=m_TD03B4NXDQrU5koHpLq3WyQf1hXTvQSdETJOTM8ss= pos=<7492.607422, 120.757156, 6357.097168>) used the Admin Hammer to build e_right_outer_plate
05:33:29.447 [AdminTools] Player "SUS-Alpha-Goin'Dark" (id=m_TD03B4NXDQrU5koHpLq3WyQf1hXTvQSdETJOTM8ss= pos=<7492.607422, 120.757156, 6357.097168>) used the Admin Hammer to build d_left_final_planks
05:33:33.052 [AdminTools] Player "SUS-Alpha-Goin'Dark" (id=m_TD03B4NXDQrU5koHpLq3WyQf1hXTvQSdETJOTM8ss= pos=<7492.607422, 120.757156, 6357.097168>) used the Admin Hammer to build e_left_outer_plate
05:34:03.722 [AdminTools] Player "SUS-Alpha-Goin'Dark" (id=m_TD03B4NXDQrU5koHpLq3WyQf1hXTvQSdETJOTM8ss= pos=<7493.497070, 120.758949, 6356.225586>) used the Admin Hammer to build a_base
05:34:10.176 [AdminTools] Player "SUS-Alpha-Goin'Dark" (id=m_TD03B4NXDQrU5koHpLq3WyQf1hXTvQSdETJOTM8ss= pos=<7493.497070, 120.758949, 6356.225586>) used the Admin Hammer to build b_right_frames
05:34:14.210 [AdminTools] Player "SUS-Alpha-Goin'Dark" (id=m_TD03B4NXDQrU5koHpLq3WyQf1hXTvQSdETJOTM8ss= pos=<7493.497070, 120.758949, 6356.225586>) used the Admin Hammer to build c_right_planks
05:34:18.013 [AdminTools] Player "SUS-Alpha-Goin'Dark" (id=m_TD03B4NXDQrU5koHpLq3WyQf1hXTvQSdETJOTM8ss= pos=<7493.497070, 120.758949, 6356.225586>) used the Admin Hammer to build b_left_frames
05:34:22.914 [AdminTools] Player "SUS-Alpha-Goin'Dark" (id=m_TD03B4NXDQrU5koHpLq3WyQf1hXTvQSdETJOTM8ss= pos=<7493.497070, 120.758949, 6356.225586>) used the Admin Hammer to build h_hindges
05:34:26.851 [AdminTools] Player "SUS-Alpha-Goin'Dark" (id=m_TD03B4NXDQrU5koHpLq3WyQf1hXTvQSdETJOTM8ss= pos=<7493.497070, 120.758949, 6356.225586>) used the Admin Hammer to build f_left_inner_planks
05:34:30.521 [AdminTools] Player "SUS-Alpha-Goin'Dark" (id=m_TD03B4NXDQrU5koHpLq3WyQf1hXTvQSdETJOTM8ss= pos=<7493.497070, 120.758949, 6356.225586>) used the Admin Hammer to build g_left_inner_plate
05:34:34.176 [AdminTools] Player "SUS-Alpha-Goin'Dark" (id=m_TD03B4NXDQrU5koHpLq3WyQf1hXTvQSdETJOTM8ss= pos=<7493.497070, 120.758949, 6356.225586>) used the Admin Hammer to build f_right_inner_planks
05:34:37.946 [AdminTools] Player "SUS-Alpha-Goin'Dark" (id=m_TD03B4NXDQrU5koHpLq3WyQf1hXTvQSdETJOTM8ss= pos=<7493.497070, 120.758949, 6356.225586>) used the Admin Hammer to build g_right_inner_plate
05:34:41.543 [AdminTools] Player "SUS-Alpha-Goin'Dark" (id=m_TD03B4NXDQrU5koHpLq3WyQf1hXTvQSdETJOTM8ss= pos=<7493.497070, 120.758949, 6356.225586>) used the Admin Hammer to build c_left_planks
05:34:45.048 [AdminTools] Player "SUS-Alpha-Goin'Dark" (id=m_TD03B4NXDQrU5koHpLq3WyQf1hXTvQSdETJOTM8ss= pos=<7493.497070, 120.758949, 6356.225586>) used the Admin Hammer to build d_right_final_planks
05:34:48.812 [AdminTools] Player "SUS-Alpha-Goin'Dark" (id=m_TD03B4NXDQrU5koHpLq3WyQf1hXTvQSdETJOTM8ss= pos=<7493.497070, 120.758949, 6356.225586>) used the Admin Hammer to build e_right_outer_plate
05:34:52.381 [AdminTools] Player "SUS-Alpha-Goin'Dark" (id=m_TD03B4NXDQrU5koHpLq3WyQf1hXTvQSdETJOTM8ss= pos=<7493.497070, 120.758949, 6356.225586>) used the Admin Hammer to build d_left_final_planks
05:34:55.817 [AdminTools] Player "SUS-Alpha-Goin'Dark" (id=m_TD03B4NXDQrU5koHpLq3WyQf1hXTvQSdETJOTM8ss= pos=<7493.497070, 120.758949, 6356.225586>) used the Admin Hammer to build e_left_outer_plate
05:35:28.153 [AdminTools] Player "SUS-Bravo-Goin'Dark" (id=kOLgOs9yYBFVRQG3lqoHveYdP5X8y3SO69cq5MiR4us= pos=<7491.643555, 124.067719, 6340.102051>) used the Admin Hammer to build a_base
05:35:33.246 [AdminTools] Player "SUS-Bravo-Goin'Dark" (id=kOLgOs9yYBFVRQG3lqoHveYdP5X8y3SO69cq5MiR4us= pos=<7491.643555, 124.067719, 6340.102051>) used the Admin Hammer to build b_right_frames
05:35:37.115 [AdminTools] Player "SUS-Bravo-Goin'Dark" (id=kOLgOs9yYBFVRQG3lqoHveYdP5X8y3SO69cq5MiR4us= pos=<7491.643555, 124.067719, 6340.102051>) used the Admin Hammer to build b_left_frames
05:35:40.684 [AdminTools] Player "SUS-Bravo-Goin'Dark" (id=kOLgOs9yYBFVRQG3lqoHveYdP5X8y3SO69cq5MiR4us= pos=<7491.643555, 124.067719, 6340.102051>) used the Admin Hammer to build c_right_planks
05:35:43.950 [AdminTools] Player "SUS-Bravo-Goin'Dark" (id=kOLgOs9yYBFVRQG3lqoHveYdP5X8y3SO69cq5MiR4us= pos=<7491.643555, 124.067719, 6340.102051>) used the Admin Hammer to build f_left_inner_planks
05:35:47.414 [AdminTools] Player "SUS-Bravo-Goin'Dark" (id=kOLgOs9yYBFVRQG3lqoHveYdP5X8y3SO69cq5MiR4us= pos=<7491.643555, 124.067719, 6340.102051>) used the Admin Hammer to build g_left_inner_plate
05:35:50.480 [AdminTools] Player "SUS-Bravo-Goin'Dark" (id=kOLgOs9yYBFVRQG3lqoHveYdP5X8y3SO69cq5MiR4us= pos=<7491.643555, 124.067719, 6340.102051>) used the Admin Hammer to build f_right_inner_planks
05:35:53.859 [AdminTools] Player "SUS-Bravo-Goin'Dark" (id=kOLgOs9yYBFVRQG3lqoHveYdP5X8y3SO69cq5MiR4us= pos=<7491.643555, 124.067719, 6340.102051>) used the Admin Hammer to build g_right_inner_plate
05:35:57.917 [AdminTools] Player "SUS-Bravo-Goin'Dark" (id=kOLgOs9yYBFVRQG3lqoHveYdP5X8y3SO69cq5MiR4us= pos=<7491.643555, 124.067719, 6340.102051>) used the Admin Hammer to build c_left_planks
05:36:00.881 [AdminTools] Player "SUS-Bravo-Goin'Dark" (id=kOLgOs9yYBFVRQG3lqoHveYdP5X8y3SO69cq5MiR4us= pos=<7491.643555, 124.067719, 6340.102051>) used the Admin Hammer to build d_right_final_planks
05:36:03.877 [AdminTools] Player "SUS-Bravo-Goin'Dark" (id=kOLgOs9yYBFVRQG3lqoHveYdP5X8y3SO69cq5MiR4us= pos=<7491.643555, 124.067719, 6340.102051>) used the Admin Hammer to build e_right_outer_plate
05:36:07.315 [AdminTools] Player "SUS-Bravo-Goin'Dark" (id=kOLgOs9yYBFVRQG3lqoHveYdP5X8y3SO69cq5MiR4us= pos=<7491.643555, 124.067719, 6340.102051>) used the Admin Hammer to build d_left_final_planks
05:36:10.366 [AdminTools] Player "SUS-Bravo-Goin'Dark" (id=kOLgOs9yYBFVRQG3lqoHveYdP5X8y3SO69cq5MiR4us= pos=<7491.643555, 124.067719, 6340.102051>) used the Admin Hammer to build e_left_outer_plate
05:36:23.351 [AdminTools] Player "SUS-Bravo-Goin'Dark" (id=kOLgOs9yYBFVRQG3lqoHveYdP5X8y3SO69cq5MiR4us= pos=<7491.180664, 124.012932, 6339.102051>) used the Admin Hammer to build a_base
05:36:29.648 [AdminTools] Player "SUS-Bravo-Goin'Dark" (id=kOLgOs9yYBFVRQG3lqoHveYdP5X8y3SO69cq5MiR4us= pos=<7491.205078, 123.964233, 6339.133301>) used the Admin Hammer to build b_right_frames
05:36:33.688 [AdminTools] Player "SUS-Bravo-Goin'Dark" (id=kOLgOs9yYBFVRQG3lqoHveYdP5X8y3SO69cq5MiR4us= pos=<7491.205078, 123.964233, 6339.133301>) used the Admin Hammer to build b_left_frames
05:36:37.488 [AdminTools] Player "SUS-Bravo-Goin'Dark" (id=kOLgOs9yYBFVRQG3lqoHveYdP5X8y3SO69cq5MiR4us= pos=<7491.205078, 123.964233, 6339.133301>) used the Admin Hammer to build c_right_planks
05:36:40.547 [AdminTools] Player "SUS-Bravo-Goin'Dark" (id=kOLgOs9yYBFVRQG3lqoHveYdP5X8y3SO69cq5MiR4us= pos=<7491.205078, 123.964233, 6339.133301>) used the Admin Hammer to build f_left_inner_planks
05:36:43.514 [AdminTools] Player "SUS-Bravo-Goin'Dark" (id=kOLgOs9yYBFVRQG3lqoHveYdP5X8y3SO69cq5MiR4us= pos=<7491.205078, 123.964233, 6339.133301>) used the Admin Hammer to build g_left_inner_plate
05:36:46.147 [AdminTools] Player "SUS-Bravo-Goin'Dark" (id=kOLgOs9yYBFVRQG3lqoHveYdP5X8y3SO69cq5MiR4us= pos=<7491.205078, 123.964233, 6339.133301>) used the Admin Hammer to build f_right_inner_planks
05:36:49.186 [AdminTools] Player "SUS-Bravo-Goin'Dark" (id=kOLgOs9yYBFVRQG3lqoHveYdP5X8y3SO69cq5MiR4us= pos=<7491.217285, 123.934982, 6339.146973>) used the Admin Hammer to build g_right_inner_plate
05:36:51.818 [AdminTools] Player "SUS-Bravo-Goin'Dark" (id=kOLgOs9yYBFVRQG3lqoHveYdP5X8y3SO69cq5MiR4us= pos=<7491.227539, 123.901688, 6339.159180>) used the Admin Hammer to build c_left_planks
05:36:53.921 [AdminTools] Player "SUS-Alpha-Goin'Dark" (id=m_TD03B4NXDQrU5koHpLq3WyQf1hXTvQSdETJOTM8ss= pos=<7493.778809, 121.592003, 6346.453125>) used the Admin Hammer to build a_base
05:36:54.578 [AdminTools] Player "SUS-Bravo-Goin'Dark" (id=kOLgOs9yYBFVRQG3lqoHveYdP5X8y3SO69cq5MiR4us= pos=<7491.227539, 123.901688, 6339.159180>) used the Admin Hammer to build d_right_final_planks
05:36:57.647 [AdminTools] Player "SUS-Bravo-Goin'Dark" (id=kOLgOs9yYBFVRQG3lqoHveYdP5X8y3SO69cq5MiR4us= pos=<7491.227539, 123.901688, 6339.159180>) used the Admin Hammer to build e_right_outer_plate
05:36:59.605 [AdminTools] Player "SUS-Alpha-Goin'Dark" (id=m_TD03B4NXDQrU5koHpLq3WyQf1hXTvQSdETJOTM8ss= pos=<7493.778809, 121.592003, 6346.453125>) used the Admin Hammer to build b_right_frames
05:37:00.558 [AdminTools] Player "SUS-Bravo-Goin'Dark" (id=kOLgOs9yYBFVRQG3lqoHveYdP5X8y3SO69cq5MiR4us= pos=<7491.227539, 123.901688, 6339.159180>) used the Admin Hammer to build d_left_final_planks
05:37:02.955 [AdminTools] Player "SUS-Alpha-Goin'Dark" (id=m_TD03B4NXDQrU5koHpLq3WyQf1hXTvQSdETJOTM8ss= pos=<7493.778809, 121.592003, 6346.453125>) used the Admin Hammer to build c_right_planks
05:37:03.850 [AdminTools] Player "SUS-Bravo-Goin'Dark" (id=kOLgOs9yYBFVRQG3lqoHveYdP5X8y3SO69cq5MiR4us= pos=<7491.227539, 123.901688, 6339.159180>) used the Admin Hammer to build e_left_outer_plate
05:37:06.347 [AdminTools] Player "SUS-Alpha-Goin'Dark" (id=m_TD03B4NXDQrU5koHpLq3WyQf1hXTvQSdETJOTM8ss= pos=<7493.778809, 121.592003, 6346.453125>) used the Admin Hammer to build b_left_frames
05:37:09.675 [AdminTools] Player "SUS-Alpha-Goin'Dark" (id=m_TD03B4NXDQrU5koHpLq3WyQf1hXTvQSdETJOTM8ss= pos=<7493.778809, 121.592003, 6346.453125>) used the Admin Hammer to build h_hindges
05:37:12.982 [AdminTools] Player "SUS-Alpha-Goin'Dark" (id=m_TD03B4NXDQrU5koHpLq3WyQf1hXTvQSdETJOTM8ss= pos=<7493.778809, 121.592003, 6346.453125>) used the Admin Hammer to build f_left_inner_planks
05:37:16.482 [AdminTools] Player "SUS-Alpha-Goin'Dark" (id=m_TD03B4NXDQrU5koHpLq3WyQf1hXTvQSdETJOTM8ss= pos=<7493.778809, 121.592003, 6346.453125>) used the Admin Hammer to build g_left_inner_plate
05:37:19.882 [AdminTools] Player "SUS-Alpha-Goin'Dark" (id=m_TD03B4NXDQrU5koHpLq3WyQf1hXTvQSdETJOTM8ss= pos=<7493.778809, 121.592003, 6346.453125>) used the Admin Hammer to build f_right_inner_planks
05:37:23.175 [AdminTools] Player "SUS-Alpha-Goin'Dark" (id=m_TD03B4NXDQrU5koHpLq3WyQf1hXTvQSdETJOTM8ss= pos=<7493.778809, 121.592003, 6346.453125>) used the Admin Hammer to build g_right_inner_plate
05:37:26.743 [AdminTools] Player "SUS-Alpha-Goin'Dark" (id=m_TD03B4NXDQrU5koHpLq3WyQf1hXTvQSdETJOTM8ss= pos=<7493.778809, 121.592003, 6346.453125>) used the Admin Hammer to build c_left_planks
05:37:30.111 [AdminTools] Player "SUS-Alpha-Goin'Dark" (id=m_TD03B4NXDQrU5koHpLq3WyQf1hXTvQSdETJOTM8ss= pos=<7493.778809, 121.592003, 6346.453125>) used the Admin Hammer to build d_right_final_planks
05:37:34.482 [AdminTools] Player "SUS-Alpha-Goin'Dark" (id=m_TD03B4NXDQrU5koHpLq3WyQf1hXTvQSdETJOTM8ss= pos=<7493.778809, 121.592003, 6346.453125>) used the Admin Hammer to build e_right_outer_plate
05:37:37.944 [AdminTools] Player "SUS-Alpha-Goin'Dark" (id=m_TD03B4NXDQrU5koHpLq3WyQf1hXTvQSdETJOTM8ss= pos=<7493.778809, 121.592003, 6346.453125>) used the Admin Hammer to build d_left_final_planks
05:37:41.456 [AdminTools] Player "SUS-Alpha-Goin'Dark" (id=m_TD03B4NXDQrU5koHpLq3WyQf1hXTvQSdETJOTM8ss= pos=<7493.778809, 121.592003, 6346.453125>) used the Admin Hammer to build e_left_outer_plate
05:38:17.876 [BaseRaiding] BF_DoubleDoorBarricade (<7493.710449, 121.551865, 6345.531738>) Code set by "player "SUS-Alpha-Goin'Dark" (ID = "m_TD03B4NXDQrU5koHpLq3WyQf1hXTvQSdETJOTM8ss=" at <7493.914063, 121.592003, 6345.975586>)" and the code is 1110
05:41:29.274 [AdminTools] Player "SUS-Alpha-Goin'Dark" (id=m_TD03B4NXDQrU5koHpLq3WyQf1hXTvQSdETJOTM8ss= pos=<7494.946777, 121.592010, 6348.424316>) used the Admin Hammer to build a_base
05:41:33.509 [AdminTools] Player "SUS-Alpha-Goin'Dark" (id=m_TD03B4NXDQrU5koHpLq3WyQf1hXTvQSdETJOTM8ss= pos=<7494.946777, 121.592010, 6348.424316>) used the Admin Hammer to build b_right_frames
05:41:38.811 [AdminTools] Player "SUS-Alpha-Goin'Dark" (id=m_TD03B4NXDQrU5koHpLq3WyQf1hXTvQSdETJOTM8ss= pos=<7494.946777, 121.592010, 6348.424316>) used the Admin Hammer to build f_right_inner_planks
05:41:43.163 [AdminTools] Player "SUS-Alpha-Goin'Dark" (id=m_TD03B4NXDQrU5koHpLq3WyQf1hXTvQSdETJOTM8ss= pos=<7494.946777, 121.592010, 6348.424316>) used the Admin Hammer to build c_right_planks
05:41:45.378 [AdminTools] Player "SUS-Bravo-Goin'Dark" (id=kOLgOs9yYBFVRQG3lqoHveYdP5X8y3SO69cq5MiR4us= pos=<7491.471680, 124.076836, 6340.268066>) used the Admin Hammer to build h_hindges
05:41:46.585 [AdminTools] Player "SUS-Alpha-Goin'Dark" (id=m_TD03B4NXDQrU5koHpLq3WyQf1hXTvQSdETJOTM8ss= pos=<7494.946777, 121.592010, 6348.424316>) used the Admin Hammer to build g_right_inner_plate
05:41:49.799 [AdminTools] Player "SUS-Alpha-Goin'Dark" (id=m_TD03B4NXDQrU5koHpLq3WyQf1hXTvQSdETJOTM8ss= pos=<7494.946777, 121.592010, 6348.424316>) used the Admin Hammer to build b_left_frames
05:41:53.107 [AdminTools] Player "SUS-Alpha-Goin'Dark" (id=m_TD03B4NXDQrU5koHpLq3WyQf1hXTvQSdETJOTM8ss= pos=<7494.946777, 121.592010, 6348.424316>) used the Admin Hammer to build h_hindges
05:41:56.405 [AdminTools] Player "SUS-Alpha-Goin'Dark" (id=m_TD03B4NXDQrU5koHpLq3WyQf1hXTvQSdETJOTM8ss= pos=<7494.946777, 121.592010, 6348.424316>) used the Admin Hammer to build f_left_inner_planks
05:41:59.705 [AdminTools] Player "SUS-Alpha-Goin'Dark" (id=m_TD03B4NXDQrU5koHpLq3WyQf1hXTvQSdETJOTM8ss= pos=<7494.946777, 121.592010, 6348.424316>) used the Admin Hammer to build g_left_inner_plate
05:42:03.139 [AdminTools] Player "SUS-Alpha-Goin'Dark" (id=m_TD03B4NXDQrU5koHpLq3WyQf1hXTvQSdETJOTM8ss= pos=<7494.946777, 121.592010, 6348.424316>) used the Admin Hammer to build c_left_planks
05:42:06.446 [AdminTools] Player "SUS-Alpha-Goin'Dark" (id=m_TD03B4NXDQrU5koHpLq3WyQf1hXTvQSdETJOTM8ss= pos=<7494.946777, 121.592010, 6348.424316>) used the Admin Hammer to build d_right_final_planks
05:42:24.537 [BaseRaiding] BF_DoubleDoorBarricade (<7495.043457, 121.647675, 6347.341797>) Code set by "player "SUS-Alpha-Goin'Dark" (ID = "m_TD03B4NXDQrU5koHpLq3WyQf1hXTvQSdETJOTM8ss=" at <7494.946777, 121.592010, 6348.424316>)" and the code is 1011
05:42:56.909 [AdminTools] Player "SUS-Bravo-Goin'Dark" (id=kOLgOs9yYBFVRQG3lqoHveYdP5X8y3SO69cq5MiR4us= pos=<7491.234863, 124.007126, 6339.062012>) used the Admin Hammer to build h_hindges
05:43:02.446 [AdminTools] Player "SUS-Alpha-Goin'Dark" (id=m_TD03B4NXDQrU5koHpLq3WyQf1hXTvQSdETJOTM8ss= pos=<7496.145020, 121.591934, 6347.420410>) used the Admin Hammer to build e_right_outer_plate
05:43:05.799 [AdminTools] Player "SUS-Alpha-Goin'Dark" (id=m_TD03B4NXDQrU5koHpLq3WyQf1hXTvQSdETJOTM8ss= pos=<7496.145020, 121.591934, 6347.420410>) used the Admin Hammer to build d_left_final_planks
05:43:09.667 [AdminTools] Player "SUS-Alpha-Goin'Dark" (id=m_TD03B4NXDQrU5koHpLq3WyQf1hXTvQSdETJOTM8ss= pos=<7496.145020, 121.591934, 6347.420410>) used the Admin Hammer to build e_left_outer_plate
05:59:23.344 [AdminTools] Player "SUS-Bravo-Goin'Dark" (id=kOLgOs9yYBFVRQG3lqoHveYdP5X8y3SO69cq5MiR4us= pos=<7489.397461, 124.078735, 6340.770996>) used the Admin Hammer to build wood_handrailing
06:00:01.545 [Party] Player "Demon" (id=PhjcSpdDlcniqvIRjG2Nvju16VFUg8XDMgChzEnNJKI=) left the party "AURRRRRRORA" (id=1 ownerUID=m_TD03B4NXDQrU5koHpLq3WyQf1hXTvQSdETJOTM8ss= ownerName=F11 Simulator)
06:00:01.550 [Party] Player "SUS-Alpha-Goin'Dark" (id=m_TD03B4NXDQrU5koHpLq3WyQf1hXTvQSdETJOTM8ss=) left the party "AURRRRRRORA" (id=1 ownerUID=m_TD03B4NXDQrU5koHpLq3WyQf1hXTvQSdETJOTM8ss= ownerName=F11 Simulator)
06:00:01.564 [Party] Player "SUS-Bravo-Goin'Dark" (id=kOLgOs9yYBFVRQG3lqoHveYdP5X8y3SO69cq5MiR4us=) left the party "AURRRRRRORA" (id=1 ownerUID=m_TD03B4NXDQrU5koHpLq3WyQf1hXTvQSdETJOTM8ss= ownerName=F11 Simulator)
