02:06:20.627 [MissionAirdrop] An airdrop is heading towards "Cayuga" (pos=<9227.352539, 0.000000, 3293.108398> type=Random_Cayuga) with a ExpansionAirdropContainer
03:33:52.690 [MissionAirdrop] An airdrop is heading towards "Algonquin" (pos=<4627.195313, 0.000000, 7687.189941> type=Random_Algonquin) with a ExpansionAirdropContainer
03:47:12.690 [Party] Player "Not Your Mom" (id=MurDZXsGDGtrvnhF-b5iKoZ4u8Bz50YCpmA2sIxXR8c=) joinded the party "furkin" (id=39 ownerUID=bCuhBiFY7lhRdfO-ATEFKt74KQJD7mS1X4DRodXqO3c= ownerName=Gurt)
03:48:33.259 [Party] Player "Gurt" (id=bCuhBiFY7lhRdfO-ATEFKt74KQJD7mS1X4DRodXqO3c=) joinded the party "furkin" (id=39 ownerUID=bCuhBiFY7lhRdfO-ATEFKt74KQJD7mS1X4DRodXqO3c= ownerName=Gurt)
04:48:22.319 [Party] Player "CracklinOatBranCereal" (id=nsXTBdceXa3UBnQ4bQCu_T4oOASZ3Wo1_7Zla-psVPA=) joinded the party "Seraph Intrepid" (id=30 ownerUID=Q5YYCirVtNrxz4WQIODDgTTJ2c72jSwr9IjthoaUGfs= ownerName=YellowMan03)
05:05:08.748 [MissionAirdrop] An airdrop is heading towards "Oneida" (pos=<2112.001953, 0.000000, 6058.072266> type=Random_Oneida) with a ExpansionAirdropContainer_Military
05:10:01.041 [Party] Player "SUS-Bravo-Going'Dark" (id=kOLgOs9yYBFVRQG3lqoHveYdP5X8y3SO69cq5MiR4us=) joinded the party "AURRRRRRORA" (id=1 ownerUID=m_TD03B4NXDQrU5koHpLq3WyQf1hXTvQSdETJOTM8ss= ownerName=F11 Simulator)
05:10:10.274 [Party] Player "SUS-Alpha-Goin'Dark" (id=m_TD03B4NXDQrU5koHpLq3WyQf1hXTvQSdETJOTM8ss=) joinded the party "AURRRRRRORA" (id=1 ownerUID=m_TD03B4NXDQrU5koHpLq3WyQf1hXTvQSdETJOTM8ss= ownerName=F11 Simulator)
05:11:47.698 [Party] Player "SUS-Bravo-Going'Dark" (id=kOLgOs9yYBFVRQG3lqoHveYdP5X8y3SO69cq5MiR4us=) left the party "AURRRRRRORA" (id=1 ownerUID=m_TD03B4NXDQrU5koHpLq3WyQf1hXTvQSdETJOTM8ss= ownerName=F11 Simulator)
05:13:00.989 [Party] Player "SUS-Bravo-Goin'Dark" (id=kOLgOs9yYBFVRQG3lqoHveYdP5X8y3SO69cq5MiR4us=) joinded the party "AURRRRRRORA" (id=1 ownerUID=m_TD03B4NXDQrU5koHpLq3WyQf1hXTvQSdETJOTM8ss= ownerName=F11 Simulator)
05:33:07.116 [Party] Player "Gurt" (id=bCuhBiFY7lhRdfO-ATEFKt74KQJD7mS1X4DRodXqO3c=) left the party "furkin" (id=39 ownerUID=bCuhBiFY7lhRdfO-ATEFKt74KQJD7mS1X4DRodXqO3c= ownerName=Gurt)
05:33:10.133 [Party] Player "Not Your Mom" (id=MurDZXsGDGtrvnhF-b5iKoZ4u8Bz50YCpmA2sIxXR8c=) left the party "furkin" (id=39 ownerUID=bCuhBiFY7lhRdfO-ATEFKt74KQJD7mS1X4DRodXqO3c= ownerName=Gurt)
05:33:57.823 [VehicleDeleted] Lady_Bicycle_Purple (id=8F77BB1DA54CA6EABEEDC18718D262FD pos=<5262.81, 351.01, 5157.19>)
05:34:10.886 [VehicleEnter] Player "CracklinOatBranCereal" (id=nsXTBdceXa3UBnQ4bQCu_T4oOASZ3Wo1_7Zla-psVPA=) entered vehicle Bicycle (id=21E5F68F4F41FA8E09C29CB853C61BB0 pos=<5256.09, 351.01, 5164.15>) as driver
05:34:40.655 [VehicleLeave] Player "CracklinOatBranCereal" (id=nsXTBdceXa3UBnQ4bQCu_T4oOASZ3Wo1_7Zla-psVPA=) left vehicle Bicycle (id=21E5F68F4F41FA8E09C29CB853C61BB0 pos=<5249.43, 359.67, 5198.59>)
05:34:41.782 [VehicleDeleted] Lady_Bicycle_Purple (id=21E5F68F4F41FA8E09C29CB853C61BB0 pos=<5249.43, 359.67, 5198.59>)
05:35:11.783 [Party] Player "CracklinOatBranCereal" (id=nsXTBdceXa3UBnQ4bQCu_T4oOASZ3Wo1_7Zla-psVPA=) left the party "Seraph Intrepid" (id=30 ownerUID=Q5YYCirVtNrxz4WQIODDgTTJ2c72jSwr9IjthoaUGfs= ownerName=YellowMan03)
05:45:44.321 [Safezone] Player "SUS-Bravo-Goin'Dark" (id=kOLgOs9yYBFVRQG3lqoHveYdP5X8y3SO69cq5MiR4us= pos=<6648.12, 126.71, 6021.33>) entered the safezone
05:45:44.934 [Safezone] Player "SUS-Alpha-Goin'Dark" (id=m_TD03B4NXDQrU5koHpLq3WyQf1hXTvQSdETJOTM8ss= pos=<6652.34, 125.59, 6018.48>) entered the safezone
05:46:13.136 [Market] Player "SUS-Alpha-Goin'Dark" (id=m_TD03B4NXDQrU5koHpLq3WyQf1hXTvQSdETJOTM8ss=) has sold b95 x1 (bd0d6020) at the trader "Weapons (Denis [#STR_EXPANSION_MARKET_TRADER_WEAPONS])" in market zone "Trader Zone" (pos=<6675.160645, 104.603935, 6114.155762>) and got 1275.
05:46:19.246 [Market] Player "SUS-Alpha-Goin'Dark" (id=m_TD03B4NXDQrU5koHpLq3WyQf1hXTvQSdETJOTM8ss=) has sold ak101 x1 (cc530b00, AK_PlasticBttstck<2b0656f0>, AK_PlasticHndgrd<2b068530>) at the trader "Weapons (Denis [#STR_EXPANSION_MARKET_TRADER_WEAPONS])" in market zone "Trader Zone" (pos=<6675.160645, 104.603935, 6114.155762>) and got 1350.
05:46:20.221 [Market] Player "SUS-Alpha-Goin'Dark" (id=m_TD03B4NXDQrU5koHpLq3WyQf1hXTvQSdETJOTM8ss=) has sold ak74 x1 (cc518320, AK_FoldingBttstck<2b0679a0>, AK74_Hndgrd<2b063fd0>) at the trader "Weapons (Denis [#STR_EXPANSION_MARKET_TRADER_WEAPONS])" in market zone "Trader Zone" (pos=<6675.160645, 104.603935, 6114.155762>) and got 1499.
05:46:21.163 [Market] Player "SUS-Alpha-Goin'Dark" (id=m_TD03B4NXDQrU5koHpLq3WyQf1hXTvQSdETJOTM8ss=) has sold fal x1 (cc515bf0) at the trader "Weapons (Denis [#STR_EXPANSION_MARKET_TRADER_WEAPONS])" in market zone "Trader Zone" (pos=<6675.160645, 104.603935, 6114.155762>) and got 1275.
05:46:22.130 [Market] Player "SUS-Alpha-Goin'Dark" (id=m_TD03B4NXDQrU5koHpLq3WyQf1hXTvQSdETJOTM8ss=) has sold m4a1 x1 (c79d0110, M4_CarryHandleOptic<b6b4f890>, M4_OEBttstck<2b05fa70>, M4_PlasticHndgrd<2b05e350>) at the trader "Weapons (Denis [#STR_EXPANSION_MARKET_TRADER_WEAPONS])" in market zone "Trader Zone" (pos=<6675.160645, 104.603935, 6114.155762>) and got 1536.
05:46:22.956 [Market] Player "SUS-Alpha-Goin'Dark" (id=m_TD03B4NXDQrU5koHpLq3WyQf1hXTvQSdETJOTM8ss=) has sold m4a1 x1 (cc5141d0, M4_CarryHandleOptic<b6b528d0>, M4_OEBttstck<2b059260>, M4_PlasticHndgrd<2b066e10>) at the trader "Weapons (Denis [#STR_EXPANSION_MARKET_TRADER_WEAPONS])" in market zone "Trader Zone" (pos=<6675.160645, 104.603935, 6114.155762>) and got 1536.
05:46:23.891 [Market] Player "SUS-Bravo-Goin'Dark" (id=kOLgOs9yYBFVRQG3lqoHveYdP5X8y3SO69cq5MiR4us=) has sold ak74 x1 (f60ff990, AK_FoldingBttstck<2b0690c0>, AK_RailHndgrd<2b066280>) at the trader "Weapons (Denis [#STR_EXPANSION_MARKET_TRADER_WEAPONS])" in market zone "Trader Zone" (pos=<6675.160645, 104.603935, 6114.155762>) and got 1537.
05:46:34.448 [Market] Player "SUS-Alpha-Goin'Dark" (id=m_TD03B4NXDQrU5koHpLq3WyQf1hXTvQSdETJOTM8ss=) has sold sks x1 (cc519030, SKS_Bayonet<2b064b60>) at the trader "Weapons (Denis [#STR_EXPANSION_MARKET_TRADER_WEAPONS])" in market zone "Trader Zone" (pos=<6675.160645, 104.603935, 6114.155762>) and got 412.
05:46:37.159 [Market] Player "SUS-Alpha-Goin'Dark" (id=m_TD03B4NXDQrU5koHpLq3WyQf1hXTvQSdETJOTM8ss=) has sold mp133shotgun x1 (c79f3fd0) at the trader "Weapons (Denis [#STR_EXPANSION_MARKET_TRADER_WEAPONS])" in market zone "Trader Zone" (pos=<6675.160645, 104.603935, 6114.155762>) and got 375.
05:47:55.885 [Market] Player "SUS-Bravo-Goin'Dark" (id=kOLgOs9yYBFVRQG3lqoHveYdP5X8y3SO69cq5MiR4us=) has bought platecarriervest x1 (c790cd50) from the trader "Clothing (Naomi [#STR_EXPANSION_MARKET_TRADER_CLOTHING])" in market zone "Trader Zone" (pos=<6675.160645, 104.603935, 6114.155762>) for a price of 250.
05:48:24.505 [Market] Player "SUS-Bravo-Goin'Dark" (id=kOLgOs9yYBFVRQG3lqoHveYdP5X8y3SO69cq5MiR4us=) has bought platecarriervest_black x1 (be7ba080) from the trader "Clothing (Naomi [#STR_EXPANSION_MARKET_TRADER_CLOTHING])" in market zone "Trader Zone" (pos=<6675.160645, 104.603935, 6114.155762>) for a price of 250.
05:48:36.319 [Market] Player "SUS-Bravo-Goin'Dark" (id=kOLgOs9yYBFVRQG3lqoHveYdP5X8y3SO69cq5MiR4us=) has sold platecarriervest x1 (c790cd50) at the trader "Clothing (Naomi [#STR_EXPANSION_MARKET_TRADER_CLOTHING])" in market zone "Trader Zone" (pos=<6675.160645, 104.603935, 6114.155762>) and got 187.
05:48:38.524 [Market] Player "SUS-Bravo-Goin'Dark" (id=kOLgOs9yYBFVRQG3lqoHveYdP5X8y3SO69cq5MiR4us=) has sold platecarriervest_black x1 (be7ba080) at the trader "Clothing (Naomi [#STR_EXPANSION_MARKET_TRADER_CLOTHING])" in market zone "Trader Zone" (pos=<6675.160645, 104.603935, 6114.155762>) and got 187.
05:50:55.780 [Market] Player "SUS-Bravo-Goin'Dark" (id=kOLgOs9yYBFVRQG3lqoHveYdP5X8y3SO69cq5MiR4us=) has sold cz527 x1 (c38172c0, Mag_CZ527_5rnd<b6933960>) at the trader "Weapons (Denis [#STR_EXPANSION_MARKET_TRADER_WEAPONS])" in market zone "Trader Zone" (pos=<6675.160645, 104.603935, 6114.155762>) and got 232.
05:51:52.222 [Market] Player "SUS-Bravo-Goin'Dark" (id=kOLgOs9yYBFVRQG3lqoHveYdP5X8y3SO69cq5MiR4us=) has bought hel_magazineloading_redcase_slot2 x1 (c3c62ee0) from the trader "Attachments (Jose [#STR_EXPANSION_MARKET_TRADER_ATTACHMENTS])" in market zone "Trader Zone" (pos=<6675.160645, 104.603935, 6114.155762>) for a price of 100.
05:53:21.389 [Market] Player "SUS-Bravo-Goin'Dark" (id=kOLgOs9yYBFVRQG3lqoHveYdP5X8y3SO69cq5MiR4us=) has bought hel_magazineloading_redcase_slot2 x1 (260aafa0) from the trader "Attachments (Jose [#STR_EXPANSION_MARKET_TRADER_ATTACHMENTS])" in market zone "Trader Zone" (pos=<6675.160645, 104.603935, 6114.155762>) for a price of 100.
05:54:05.892 [Market] Player "SUS-Bravo-Goin'Dark" (id=kOLgOs9yYBFVRQG3lqoHveYdP5X8y3SO69cq5MiR4us=) has bought ammobox_762x54_20rnd x1 (d230ec20) from the trader "Weapons (Denis [#STR_EXPANSION_MARKET_TRADER_WEAPONS])" in market zone "Trader Zone" (pos=<6675.160645, 104.603935, 6114.155762>) for a price of 32.
05:54:06.577 [Market] Player "SUS-Bravo-Goin'Dark" (id=kOLgOs9yYBFVRQG3lqoHveYdP5X8y3SO69cq5MiR4us=) has bought ammobox_762x54_20rnd x1 (d23125f0) from the trader "Weapons (Denis [#STR_EXPANSION_MARKET_TRADER_WEAPONS])" in market zone "Trader Zone" (pos=<6675.160645, 104.603935, 6114.155762>) for a price of 32.
05:54:07.413 [Market] Player "SUS-Bravo-Goin'Dark" (id=kOLgOs9yYBFVRQG3lqoHveYdP5X8y3SO69cq5MiR4us=) has bought ammobox_762x54_20rnd x1 (d2313d10) from the trader "Weapons (Denis [#STR_EXPANSION_MARKET_TRADER_WEAPONS])" in market zone "Trader Zone" (pos=<6675.160645, 104.603935, 6114.155762>) for a price of 32.
05:54:07.834 [Market] Player "SUS-Bravo-Goin'Dark" (id=kOLgOs9yYBFVRQG3lqoHveYdP5X8y3SO69cq5MiR4us=) has bought ammobox_762x54_20rnd x1 (d230d500) from the trader "Weapons (Denis [#STR_EXPANSION_MARKET_TRADER_WEAPONS])" in market zone "Trader Zone" (pos=<6675.160645, 104.603935, 6114.155762>) for a price of 32.
05:54:08.973 [Market] Player "SUS-Bravo-Goin'Dark" (id=kOLgOs9yYBFVRQG3lqoHveYdP5X8y3SO69cq5MiR4us=) has bought ammobox_762x54_20rnd x1 (d231d360) from the trader "Weapons (Denis [#STR_EXPANSION_MARKET_TRADER_WEAPONS])" in market zone "Trader Zone" (pos=<6675.160645, 104.603935, 6114.155762>) for a price of 32.
05:57:10.920 [Market] Player "SUS-Alpha-Goin'Dark" (id=m_TD03B4NXDQrU5koHpLq3WyQf1hXTvQSdETJOTM8ss=) has bought hel_magazineloading_deepmagentacamo_slot2 x1 (1df1af10) from the trader "Attachments (Jose [#STR_EXPANSION_MARKET_TRADER_ATTACHMENTS])" in market zone "Trader Zone" (pos=<6675.160645, 104.603935, 6114.155762>) for a price of 100.
05:58:36.946 [Market] Player "SUS-Alpha-Goin'Dark" (id=m_TD03B4NXDQrU5koHpLq3WyQf1hXTvQSdETJOTM8ss=) has bought ammobox_300aac_ap_20rnd x20 (276e1290) from the trader "Weapons (Denis [#STR_EXPANSION_MARKET_TRADER_WEAPONS])" in market zone "Trader Zone" (pos=<6675.160645, 104.603935, 6114.155762>) for a price of 2000.
05:59:05.992 [Market] Player "SUS-Alpha-Goin'Dark" (id=m_TD03B4NXDQrU5koHpLq3WyQf1hXTvQSdETJOTM8ss=) has bought hel_magazineloading_deepmagentacamo_slot3 x1 (be0d82c0) from the trader "Attachments (Jose [#STR_EXPANSION_MARKET_TRADER_ATTACHMENTS])" in market zone "Trader Zone" (pos=<6675.160645, 104.603935, 6114.155762>) for a price of 100.
05:59:13.047 [Market] Player "SUS-Alpha-Goin'Dark" (id=m_TD03B4NXDQrU5koHpLq3WyQf1hXTvQSdETJOTM8ss=) has bought hel_magazineloading_deepmagentacamo_slot2 x1 (c0a3c520) from the trader "Attachments (Jose [#STR_EXPANSION_MARKET_TRADER_ATTACHMENTS])" in market zone "Trader Zone" (pos=<6675.160645, 104.603935, 6114.155762>) for a price of 100.
06:00:01.552 [Party] Player "SUS-Alpha-Goin'Dark" (id=m_TD03B4NXDQrU5koHpLq3WyQf1hXTvQSdETJOTM8ss=) left the party "AURRRRRRORA" (id=1 ownerUID=m_TD03B4NXDQrU5koHpLq3WyQf1hXTvQSdETJOTM8ss= ownerName=F11 Simulator)
06:00:01.560 [Party] Player "SUS-Bravo-Goin'Dark" (id=kOLgOs9yYBFVRQG3lqoHveYdP5X8y3SO69cq5MiR4us=) left the party "AURRRRRRORA" (id=1 ownerUID=m_TD03B4NXDQrU5koHpLq3WyQf1hXTvQSdETJOTM8ss= ownerName=F11 Simulator)
