03:01:46.635 [Party] Player "F11 Simulator" (id=m_TD03B4NXDQrU5koHpLq3WyQf1hXTvQSdETJOTM8ss=) joinded the party "SLAVES" (id=1 ownerUID=m_TD03B4NXDQrU5koHpLq3WyQf1hXTvQSdETJOTM8ss= ownerName=F11 Simulator)
03:01:55.929 [Party] Player "Rajun Cajun " (id=6rdWdgGJ4h5xU1pd7lrNpx51ohxu-qSYYB7mCtbXrJM=) joinded the party "Kraken Relentless" (id=31 ownerUID=6rdWdgGJ4h5xU1pd7lrNpx51ohxu-qSYYB7mCtbXrJM= ownerName=Rajun Cajun )
03:02:04.201 [Party] Player "Mr.Deez" (id=2PiVOebTsCpAWCXwl2CzGHP61pizJWe1NlZa_nozycI=) joinded the party "Kraken Relentless" (id=31 ownerUID=6rdWdgGJ4h5xU1pd7lrNpx51ohxu-qSYYB7mCtbXrJM= ownerName=Rajun Cajun )
03:03:26.614 [Party] Player "London" (id=kOLgOs9yYBFVRQG3lqoHveYdP5X8y3SO69cq5MiR4us=) joinded the party "SLAVES" (id=1 ownerUID=m_TD03B4NXDQrU5koHpLq3WyQf1hXTvQSdETJOTM8ss= ownerName=F11 Simulator)
03:04:33.723 [Party] Player "Donnie Deeks" (id=GBfj3hSt2OSYAyU5ct3jrz7-L9j9UxpFHlBzXjWvrxE=) joinded the party "SLAVES" (id=1 ownerUID=m_TD03B4NXDQrU5koHpLq3WyQf1hXTvQSdETJOTM8ss= ownerName=F11 Simulator)
03:24:22.670 [Party] Player "ghosty" (id=S3Fiy0pU1703cd1GDvGjNPrQ0b8cH76lGnMravDRc-I=) joinded the party "Spartan Mysterious" (id=32 ownerUID= ownerName=)
03:24:22.671 [Party] Player "ghosty" (id=S3Fiy0pU1703cd1GDvGjNPrQ0b8cH76lGnMravDRc-I=) created a party named Spartan Mysterious (Spart)
03:24:22.672 [Party] Player "ghosty" (id=S3Fiy0pU1703cd1GDvGjNPrQ0b8cH76lGnMravDRc-I=) invited the player "ches" (id=OGB03y2V-zzR5MS3isA2-tx161uP7__CrIIB4QT3yRU=)to the party named Spartan Mysterious
03:25:00.781 [Party] Player "ches" (id=OGB03y2V-zzR5MS3isA2-tx161uP7__CrIIB4QT3yRU=) joinded the party "Spartan Mysterious" (id=32 ownerUID=S3Fiy0pU1703cd1GDvGjNPrQ0b8cH76lGnMravDRc-I= ownerName=ghosty)
04:18:17.628 [Party] Player "Rajun Cajun " (id=6rdWdgGJ4h5xU1pd7lrNpx51ohxu-qSYYB7mCtbXrJM=) left the party "Kraken Relentless" (id=31 ownerUID=6rdWdgGJ4h5xU1pd7lrNpx51ohxu-qSYYB7mCtbXrJM= ownerName=Rajun Cajun )
04:18:18.558 [Party] Player "Mr.Deez" (id=2PiVOebTsCpAWCXwl2CzGHP61pizJWe1NlZa_nozycI=) left the party "Kraken Relentless" (id=31 ownerUID=6rdWdgGJ4h5xU1pd7lrNpx51ohxu-qSYYB7mCtbXrJM= ownerName=Rajun Cajun )
04:28:25.406 [Safezone] Player "F11 Simulator" (id=m_TD03B4NXDQrU5koHpLq3WyQf1hXTvQSdETJOTM8ss= pos=<6700.27, 102.82, 6072>) entered the safezone
04:28:27.656 [Safezone] Player "London" (id=kOLgOs9yYBFVRQG3lqoHveYdP5X8y3SO69cq5MiR4us= pos=<6700.46, 102.82, 6071.85>) entered the safezone
04:28:31.646 [Safezone] Player "Donnie Deeks" (id=GBfj3hSt2OSYAyU5ct3jrz7-L9j9UxpFHlBzXjWvrxE= pos=<6700.33, 102.84, 6071.16>) entered the safezone
04:30:20.435 [Market] Player "London" (id=kOLgOs9yYBFVRQG3lqoHveYdP5X8y3SO69cq5MiR4us=) has sold pso11optic x1 (acc464d0) at the trader "Attachments (Jose [#STR_EXPANSION_MARKET_TRADER_ATTACHMENTS])" in market zone "Trader Zone" (pos=<6675.160645, 104.603935, 6114.155762>) and got 1050.
04:31:26.837 [Market] Player "F11 Simulator" (id=m_TD03B4NXDQrU5koHpLq3WyQf1hXTvQSdETJOTM8ss=) has sold akm x1 (9bdc7dc0, AK_WoodHndgrd<adcea510>, AK_FoldingBttstck<adceb0a0>, Mag_AKM_Drum75Rnd<adce4890>, ammo_762x39 x28, ammo_762x39tracer x19) at the trader "Weapons (Denis [#STR_EXPANSION_MARKET_TRADER_WEAPONS])" in market zone "Trader Zone" (pos=<6675.160645, 104.603935, 6114.155762>) and got 1813.
04:31:31.103 [Market] Player "F11 Simulator" (id=m_TD03B4NXDQrU5koHpLq3WyQf1hXTvQSdETJOTM8ss=) has sold svd x1 (9bdc3c70, KashtanOptic<a5a81910>, GhillieAtt_Mossy<95238b90>) at the trader "Weapons (Denis [#STR_EXPANSION_MARKET_TRADER_WEAPONS])" in market zone "Trader Zone" (pos=<6675.160645, 104.603935, 6114.155762>) and got 1975.
04:31:31.862 [Market] Player "F11 Simulator" (id=m_TD03B4NXDQrU5koHpLq3WyQf1hXTvQSdETJOTM8ss=) has sold svd x1 (aa1586a0) at the trader "Weapons (Denis [#STR_EXPANSION_MARKET_TRADER_WEAPONS])" in market zone "Trader Zone" (pos=<6675.160645, 104.603935, 6114.155762>) and got 1500.
04:32:15.888 [Safezone] Player "{1:name}" (id={1:id} pos={1:position}) left the safezone
04:32:18.355 [Market] Player "F11 Simulator" (id=m_TD03B4NXDQrU5koHpLq3WyQf1hXTvQSdETJOTM8ss=) has sold mag_m14_20rnd x1 (add0f2c0, ammo_308win x7) at the trader "Attachments (Jose [#STR_EXPANSION_MARKET_TRADER_ATTACHMENTS])" in market zone "Trader Zone" (pos=<6675.160645, 104.603935, 6114.155762>) and got 44.
04:32:21.287 [Market] Player "F11 Simulator" (id=m_TD03B4NXDQrU5koHpLq3WyQf1hXTvQSdETJOTM8ss=) has sold mag_fal_20rnd x1 (95755450, ammo_308win x8) at the trader "Attachments (Jose [#STR_EXPANSION_MARKET_TRADER_ATTACHMENTS])" in market zone "Trader Zone" (pos=<6675.160645, 104.603935, 6114.155762>) and got 64.
04:32:21.745 [Market] Player "F11 Simulator" (id=m_TD03B4NXDQrU5koHpLq3WyQf1hXTvQSdETJOTM8ss=) has sold mag_fal_20rnd x1 (add0c480, ammo_308win x2) at the trader "Attachments (Jose [#STR_EXPANSION_MARKET_TRADER_ATTACHMENTS])" in market zone "Trader Zone" (pos=<6675.160645, 104.603935, 6114.155762>) and got 20.
04:32:22.290 [Market] Player "F11 Simulator" (id=m_TD03B4NXDQrU5koHpLq3WyQf1hXTvQSdETJOTM8ss=) has sold mag_fal_20rnd x1 (add0ad60, ammo_308win x7) at the trader "Attachments (Jose [#STR_EXPANSION_MARKET_TRADER_ATTACHMENTS])" in market zone "Trader Zone" (pos=<6675.160645, 104.603935, 6114.155762>) and got 82.
04:32:23.778 [Market] Player "F11 Simulator" (id=m_TD03B4NXDQrU5koHpLq3WyQf1hXTvQSdETJOTM8ss=) has sold mag_akm_30rnd x1 (93b0e5c0, ammo_762x39 x5) at the trader "Attachments (Jose [#STR_EXPANSION_MARKET_TRADER_ATTACHMENTS])" in market zone "Trader Zone" (pos=<6675.160645, 104.603935, 6114.155762>) and got 87.
04:32:24.333 [Market] Player "F11 Simulator" (id=m_TD03B4NXDQrU5koHpLq3WyQf1hXTvQSdETJOTM8ss=) has sold mag_akm_30rnd x1 (9525f060, ammo_762x39 x5) at the trader "Attachments (Jose [#STR_EXPANSION_MARKET_TRADER_ATTACHMENTS])" in market zone "Trader Zone" (pos=<6675.160645, 104.603935, 6114.155762>) and got 170.
04:33:03.650 [ATM] Player "F11 Simulator" (id=m_TD03B4NXDQrU5koHpLq3WyQf1hXTvQSdETJOTM8ss=) has deposited 5755 on his ATM account.
04:33:10.232 [Market] Player "London" (id=kOLgOs9yYBFVRQG3lqoHveYdP5X8y3SO69cq5MiR4us=) has sold m14 x1 (9bdc1540, Mag_M14_20Rnd<978db620>, ammo_308win x20, ACOGOptic_6x<acc43490>) at the trader "Weapons (Denis [#STR_EXPANSION_MARKET_TRADER_WEAPONS])" in market zone "Trader Zone" (pos=<6675.160645, 104.603935, 6114.155762>) and got 2195.
04:33:37.097 [Safezone] Player "{1:name}" (id={1:id} pos={1:position}) left the safezone
04:33:42.355 [Safezone] Player "{1:name}" (id={1:id} pos={1:position}) left the safezone
04:44:08.158 [Safezone] Player "F11 Simulator" (id=m_TD03B4NXDQrU5koHpLq3WyQf1hXTvQSdETJOTM8ss= pos=<6762.08, 102.65, 6069.35>) entered the safezone
04:44:12.353 [Safezone] Player "London" (id=kOLgOs9yYBFVRQG3lqoHveYdP5X8y3SO69cq5MiR4us= pos=<6762.46, 102.69, 6068.59>) entered the safezone
04:44:23.757 [ATM] Player "F11 Simulator" (id=m_TD03B4NXDQrU5koHpLq3WyQf1hXTvQSdETJOTM8ss=) has withdrawn 91621 from his ATM account.
04:44:44.837 [Market] Player "F11 Simulator" (id=m_TD03B4NXDQrU5koHpLq3WyQf1hXTvQSdETJOTM8ss=) has sold workingboots_yellow x1 (8d5b6e10) at the trader "Clothing (Naomi [#STR_EXPANSION_MARKET_TRADER_CLOTHING])" in market zone "Trader Zone" (pos=<6675.160645, 104.603935, 6114.155762>) and got 30.
04:44:50.652 [Market] Player "F11 Simulator" (id=m_TD03B4NXDQrU5koHpLq3WyQf1hXTvQSdETJOTM8ss=) has sold cargopants_grey x1 (8d85baa0) at the trader "Clothing (Naomi [#STR_EXPANSION_MARKET_TRADER_CLOTHING])" in market zone "Trader Zone" (pos=<6675.160645, 104.603935, 6114.155762>) and got 13.
04:44:57.867 [Market] Player "F11 Simulator" (id=m_TD03B4NXDQrU5koHpLq3WyQf1hXTvQSdETJOTM8ss=) has sold huntingjacket_autumn x1 (8dfe26f0) at the trader "Clothing (Naomi [#STR_EXPANSION_MARKET_TRADER_CLOTHING])" in market zone "Trader Zone" (pos=<6675.160645, 104.603935, 6114.155762>) and got 45.
04:45:25.992 [Market] Player "F11 Simulator" (id=m_TD03B4NXDQrU5koHpLq3WyQf1hXTvQSdETJOTM8ss=) has bought canteen x1 (99db6e00) from the trader "Consumables (Linda [#STR_EXPANSION_MARKET_TRADER_CONSUMABLES])" in market zone "Trader Zone" (pos=<6675.160645, 104.603935, 6114.155762>) for a price of 18.
04:45:26.230 [Market] Player "London" (id=kOLgOs9yYBFVRQG3lqoHveYdP5X8y3SO69cq5MiR4us=) has sold b95 x1 (97a207a0) at the trader "Weapons (Denis [#STR_EXPANSION_MARKET_TRADER_WEAPONS])" in market zone "Trader Zone" (pos=<6675.160645, 104.603935, 6114.155762>) and got 1275.
04:45:42.591 [Market] Player "F11 Simulator" (id=m_TD03B4NXDQrU5koHpLq3WyQf1hXTvQSdETJOTM8ss=) has bought porkcan x20 (99dc2f00) from the trader "Consumables (Linda [#STR_EXPANSION_MARKET_TRADER_CONSUMABLES])" in market zone "Trader Zone" (pos=<6675.160645, 104.603935, 6114.155762>) for a price of 300.
04:48:20.044 [Market] Player "London" (id=kOLgOs9yYBFVRQG3lqoHveYdP5X8y3SO69cq5MiR4us=) has bought ammobox_556x45_20rnd x18 (8e2f7900) from the trader "Weapons (Denis [#STR_EXPANSION_MARKET_TRADER_WEAPONS])" in market zone "Trader Zone" (pos=<6675.160645, 104.603935, 6114.155762>) for a price of 576.
04:48:35.513 [Market] Player "F11 Simulator" (id=m_TD03B4NXDQrU5koHpLq3WyQf1hXTvQSdETJOTM8ss=) has bought ammobox_556x45_20rnd x10 (9bb3d280) from the trader "Weapons (Denis [#STR_EXPANSION_MARKET_TRADER_WEAPONS])" in market zone "Trader Zone" (pos=<6675.160645, 104.603935, 6114.155762>) for a price of 320.
04:49:21.613 [Market] Player "F11 Simulator" (id=m_TD03B4NXDQrU5koHpLq3WyQf1hXTvQSdETJOTM8ss=) has bought weaponcleaningkit x3 (99e7a470) from the trader "Components (Cyril [#STR_EXPANSION_MARKET_TRADER_COMPONENTS])" in market zone "Trader Zone" (pos=<6675.160645, 104.603935, 6114.155762>) for a price of 24.
04:49:29.642 [Market] Player "London" (id=kOLgOs9yYBFVRQG3lqoHveYdP5X8y3SO69cq5MiR4us=) has bought leathersewingkit x1 (9b49fde0) from the trader "Components (Cyril [#STR_EXPANSION_MARKET_TRADER_COMPONENTS])" in market zone "Trader Zone" (pos=<6675.160645, 104.603935, 6114.155762>) for a price of 5.
04:49:43.849 [Market] Player "London" (id=kOLgOs9yYBFVRQG3lqoHveYdP5X8y3SO69cq5MiR4us=) has bought canopener x1 (9ba53390) from the trader "Components (Cyril [#STR_EXPANSION_MARKET_TRADER_COMPONENTS])" in market zone "Trader Zone" (pos=<6675.160645, 104.603935, 6114.155762>) for a price of 10.
04:49:45.726 [Market] Player "London" (id=kOLgOs9yYBFVRQG3lqoHveYdP5X8y3SO69cq5MiR4us=) has bought whetstone x1 (9778ad50) from the trader "Components (Cyril [#STR_EXPANSION_MARKET_TRADER_COMPONENTS])" in market zone "Trader Zone" (pos=<6675.160645, 104.603935, 6114.155762>) for a price of 5.
04:50:03.062 [ATM] Player "F11 Simulator" (id=m_TD03B4NXDQrU5koHpLq3WyQf1hXTvQSdETJOTM8ss=) has deposited 91047 on his ATM account.
04:50:36.662 [Market] Player "London" (id=kOLgOs9yYBFVRQG3lqoHveYdP5X8y3SO69cq5MiR4us=) has bought battery9v x1 (99e81810) from the trader "Components (Cyril [#STR_EXPANSION_MARKET_TRADER_COMPONENTS])" in market zone "Trader Zone" (pos=<6675.160645, 104.603935, 6114.155762>) for a price of 10.
04:51:38.220 [Market] Player "London" (id=kOLgOs9yYBFVRQG3lqoHveYdP5X8y3SO69cq5MiR4us=) has bought gasmask_filter x1 (99522510) from the trader "Clothing (Naomi [#STR_EXPANSION_MARKET_TRADER_CLOTHING])" in market zone "Trader Zone" (pos=<6675.160645, 104.603935, 6114.155762>) for a price of 1000.
04:51:53.878 [Market] Player "F11 Simulator" (id=m_TD03B4NXDQrU5koHpLq3WyQf1hXTvQSdETJOTM8ss=) has sold binoculars x1 (a5a80d00) at the trader "Components (Cyril [#STR_EXPANSION_MARKET_TRADER_COMPONENTS])" in market zone "Trader Zone" (pos=<6675.160645, 104.603935, 6114.155762>) and got 16.
04:51:56.466 [Market] Player "F11 Simulator" (id=m_TD03B4NXDQrU5koHpLq3WyQf1hXTvQSdETJOTM8ss=) has sold petrollighter x1 (ae6b69d0) at the trader "Components (Cyril [#STR_EXPANSION_MARKET_TRADER_COMPONENTS])" in market zone "Trader Zone" (pos=<6675.160645, 104.603935, 6114.155762>) and got 2.
04:52:03.392 [Market] Player "F11 Simulator" (id=m_TD03B4NXDQrU5koHpLq3WyQf1hXTvQSdETJOTM8ss=) has bought petrollighter x1 (9cb0ef90) from the trader "Components (Cyril [#STR_EXPANSION_MARKET_TRADER_COMPONENTS])" in market zone "Trader Zone" (pos=<6675.160645, 104.603935, 6114.155762>) for a price of 8.
04:52:06.628 [Market] Player "London" (id=kOLgOs9yYBFVRQG3lqoHveYdP5X8y3SO69cq5MiR4us=) has bought lunchmeat x7 (8e44bb10) from the trader "Consumables (Linda [#STR_EXPANSION_MARKET_TRADER_CONSUMABLES])" in market zone "Trader Zone" (pos=<6675.160645, 104.603935, 6114.155762>) for a price of 105.
04:52:27.484 [ATM] Player "F11 Simulator" (id=m_TD03B4NXDQrU5koHpLq3WyQf1hXTvQSdETJOTM8ss=) has deposited 10 on his ATM account.
04:52:34.708 [ATM] Player "London" (id=kOLgOs9yYBFVRQG3lqoHveYdP5X8y3SO69cq5MiR4us=) has deposited 2809 on his ATM account.
04:52:55.273 [Safezone] Player "{1:name}" (id={1:id} pos={1:position}) left the safezone
04:52:59.755 [Safezone] Player "{1:name}" (id={1:id} pos={1:position}) left the safezone
04:53:58.300 [Party] Player "Donnie Deeks" (id=GBfj3hSt2OSYAyU5ct3jrz7-L9j9UxpFHlBzXjWvrxE=) left the party "SLAVES" (id=1 ownerUID=m_TD03B4NXDQrU5koHpLq3WyQf1hXTvQSdETJOTM8ss= ownerName=F11 Simulator)
05:10:43.070 [Party] Player "ghosty" (id=S3Fiy0pU1703cd1GDvGjNPrQ0b8cH76lGnMravDRc-I=) left the party "Spartan Mysterious" (id=32 ownerUID=S3Fiy0pU1703cd1GDvGjNPrQ0b8cH76lGnMravDRc-I= ownerName=ghosty)
05:11:09.478 [Party] Player "ches" (id=OGB03y2V-zzR5MS3isA2-tx161uP7__CrIIB4QT3yRU=) left the party "Spartan Mysterious" (id=32 ownerUID=S3Fiy0pU1703cd1GDvGjNPrQ0b8cH76lGnMravDRc-I= ownerName=ghosty)
05:14:21.111 [Party] Player "London" (id=kOLgOs9yYBFVRQG3lqoHveYdP5X8y3SO69cq5MiR4us=) left the party "SLAVES" (id=1 ownerUID=m_TD03B4NXDQrU5koHpLq3WyQf1hXTvQSdETJOTM8ss= ownerName=F11 Simulator)
05:15:16.537 [Party] Player "London" (id=kOLgOs9yYBFVRQG3lqoHveYdP5X8y3SO69cq5MiR4us=) joinded the party "SLAVES" (id=1 ownerUID=m_TD03B4NXDQrU5koHpLq3WyQf1hXTvQSdETJOTM8ss= ownerName=F11 Simulator)
07:00:01.863 [Party] Player "F11 Simulator" (id=m_TD03B4NXDQrU5koHpLq3WyQf1hXTvQSdETJOTM8ss=) left the party "SLAVES" (id=1 ownerUID=m_TD03B4NXDQrU5koHpLq3WyQf1hXTvQSdETJOTM8ss= ownerName=F11 Simulator)
07:00:01.871 [Party] Player "London" (id=kOLgOs9yYBFVRQG3lqoHveYdP5X8y3SO69cq5MiR4us=) left the party "SLAVES" (id=1 ownerUID=m_TD03B4NXDQrU5koHpLq3WyQf1hXTvQSdETJOTM8ss= ownerName=F11 Simulator)
