06:01:47.440 [VehicleEnter] Player "kowalski" (id=fXcf1bSgAVMkcqN0Vs-7BBLpdbzmtt5itpI71DF07kM=) entered vehicle Bicycle (id=ABB3BE2F1D425EB05B2413BC8B5BB905 pos=<2582.17, 228.97, 7350.75>) as driver
06:02:44.242 [VehicleLeave] Player "kowalski" (id=fXcf1bSgAVMkcqN0Vs-7BBLpdbzmtt5itpI71DF07kM=) left vehicle Bicycle (id=ABB3BE2F1D425EB05B2413BC8B5BB905 pos=<2590.7, 233.12, 7354.05>)
06:02:49.972 [VehicleDeleted] Old_Bike (id=0B818837B04D0C811C6844848742EEF2 pos=<1092.19, 164.74, 9085.31>)
06:02:57.342 [VehicleDeleted] Old_Bike_White (id=ABB3BE2F1D425EB05B2413BC8B5BB905 pos=<2590.55, 233.09, 7354.16>)
06:03:14.834 [VehicleEnter] Player "DieselschluckerGomez" (id=exNEjakyVFZjgAa5eNfrPxoWq2montLOe5s_QoBH94s=) entered vehicle Bicycle (id=A7F970E6384DB69DBB60B3BEF89C125C pos=<1092.35, 164.74, 9085.14>) as driver
06:03:28.252 [VehicleLeave] Player "DieselschluckerGomez" (id=exNEjakyVFZjgAa5eNfrPxoWq2montLOe5s_QoBH94s=) left vehicle Bicycle (id=A7F970E6384DB69DBB60B3BEF89C125C pos=<1116.67, 163.12, 9050.93>)
06:04:03.173 [VehicleEnter] Player "kowalski" (id=fXcf1bSgAVMkcqN0Vs-7BBLpdbzmtt5itpI71DF07kM=) entered vehicle Bicycle (id=EC71B5045741731AA694A29618FB74DC pos=<2642.49, 270.05, 7412.65>) as driver
06:04:10.315 [VehicleEnter] Player "DieselschluckerGomez" (id=exNEjakyVFZjgAa5eNfrPxoWq2montLOe5s_QoBH94s=) entered vehicle Bicycle (id=A7F970E6384DB69DBB60B3BEF89C125C pos=<1116.67, 163.12, 9050.93>) as driver
06:04:24.907 [VehicleLeave] Player "kowalski" (id=fXcf1bSgAVMkcqN0Vs-7BBLpdbzmtt5itpI71DF07kM=) left vehicle Bicycle (id=EC71B5045741731AA694A29618FB74DC pos=<2720.9, 280.78, 7451.28>)
06:05:48.110 [VehicleLeave] Player "DieselschluckerGomez" (id=exNEjakyVFZjgAa5eNfrPxoWq2montLOe5s_QoBH94s=) left vehicle Bicycle (id=A7F970E6384DB69DBB60B3BEF89C125C pos=<1494.61, 146.46, 8626.76>)
06:06:13.859 [MissionAirdrop] An airdrop is heading towards "Erie" (pos=<723.437744, 0.000000, 8062.600098> type=Random_Erie) with a ExpansionAirdropContainer_Medical
06:06:36.389 [VehicleDeleted] Old_Bike (id=A7F970E6384DB69DBB60B3BEF89C125C pos=<1494.61, 146.46, 8626.76>)
06:06:44.021 [VehicleEnter] Player "DieselschluckerGomez" (id=exNEjakyVFZjgAa5eNfrPxoWq2montLOe5s_QoBH94s=) entered vehicle Bicycle (id=91830C35B0447F0B5C89BFB3DA8C96D8 pos=<1495.25, 146.41, 8627.06>) as driver
06:08:02.871 [VehicleLeave] Player "DieselschluckerGomez" (id=exNEjakyVFZjgAa5eNfrPxoWq2montLOe5s_QoBH94s=) left vehicle Bicycle (id=91830C35B0447F0B5C89BFB3DA8C96D8 pos=<1146.83, 128.77, 8438.97>)
06:08:07.787 [VehicleDeleted] Old_Bike (id=91830C35B0447F0B5C89BFB3DA8C96D8 pos=<1146.83, 128.77, 8438.97>)
06:08:30.628 [VehicleEnter] Player "kowalski" (id=fXcf1bSgAVMkcqN0Vs-7BBLpdbzmtt5itpI71DF07kM=) entered vehicle Bicycle (id=EC71B5045741731AA694A29618FB74DC pos=<2720.9, 280.78, 7451.28>) as driver
06:08:52.332 [VehicleDeleted] Old_Bike (id=5D3C21BC18449AEB103D8483FB991848 pos=<1152.95, 129.15, 8429.17>)
06:08:56.125 [VehicleLeave] Player "kowalski" (id=fXcf1bSgAVMkcqN0Vs-7BBLpdbzmtt5itpI71DF07kM=) left vehicle Bicycle (id=EC71B5045741731AA694A29618FB74DC pos=<2822.9, 263.17, 7570.58>)
06:09:02.981 [VehicleEnter] Player "DieselschluckerGomez" (id=exNEjakyVFZjgAa5eNfrPxoWq2montLOe5s_QoBH94s=) entered vehicle Bicycle (id=9962037AB24204816EBEA6B5514D07C0 pos=<1155.12, 129.36, 8429.46>) as driver
06:09:16.589 [VehicleEnter] Player "kowalski" (id=fXcf1bSgAVMkcqN0Vs-7BBLpdbzmtt5itpI71DF07kM=) entered vehicle Bicycle (id=EC71B5045741731AA694A29618FB74DC pos=<2822.9, 263.17, 7570.58>) as driver
06:09:41.389 [VehicleLeave] Player "DieselschluckerGomez" (id=exNEjakyVFZjgAa5eNfrPxoWq2montLOe5s_QoBH94s=) left vehicle Bicycle (id=9962037AB24204816EBEA6B5514D07C0 pos=<1074.82, 146.19, 8268.65>)
06:10:28.259 [VehicleLeave] Player "kowalski" (id=fXcf1bSgAVMkcqN0Vs-7BBLpdbzmtt5itpI71DF07kM=) left vehicle Bicycle (id=EC71B5045741731AA694A29618FB74DC pos=<2939.37, 242.2, 7961.42>)
06:12:06.418 [VehicleEnter] Player "DieselschluckerGomez" (id=exNEjakyVFZjgAa5eNfrPxoWq2montLOe5s_QoBH94s=) entered vehicle Bicycle (id=9962037AB24204816EBEA6B5514D07C0 pos=<1074.78, 146.19, 8268.59>) as driver
06:12:56.459 [VehicleLeave] Player "DieselschluckerGomez" (id=exNEjakyVFZjgAa5eNfrPxoWq2montLOe5s_QoBH94s=) left vehicle Bicycle (id=9962037AB24204816EBEA6B5514D07C0 pos=<923.69, 157.87, 8174.04>)
06:17:02.872 [VehicleEnter] Player "kowalski" (id=fXcf1bSgAVMkcqN0Vs-7BBLpdbzmtt5itpI71DF07kM=) entered vehicle Bicycle (id=EC71B5045741731AA694A29618FB74DC pos=<2939.37, 242.2, 7961.42>) as driver
06:19:18.892 [VehicleLeave] Player "kowalski" (id=fXcf1bSgAVMkcqN0Vs-7BBLpdbzmtt5itpI71DF07kM=) left vehicle Bicycle (id=EC71B5045741731AA694A29618FB74DC pos=<2768.82, 157.03, 7054.41>)
06:41:07.694 [VehicleEnter] Player "DieselschluckerGomez" (id=exNEjakyVFZjgAa5eNfrPxoWq2montLOe5s_QoBH94s=) entered vehicle Bicycle (id=9962037AB24204816EBEA6B5514D07C0 pos=<923.69, 157.87, 8174.04>) as driver
06:42:18.401 [VehicleLeave] Player "DieselschluckerGomez" (id=exNEjakyVFZjgAa5eNfrPxoWq2montLOe5s_QoBH94s=) left vehicle Bicycle (id=9962037AB24204816EBEA6B5514D07C0 pos=<923.85, 157.87, 8163.49>)
06:48:50.389 [VehicleEnter] Player "kowalski" (id=fXcf1bSgAVMkcqN0Vs-7BBLpdbzmtt5itpI71DF07kM=) entered vehicle Bicycle (id=EC71B5045741731AA694A29618FB74DC pos=<2768.82, 157.03, 7054.41>) as driver
06:51:33.391 [VehicleLeave] Player "kowalski" (id=fXcf1bSgAVMkcqN0Vs-7BBLpdbzmtt5itpI71DF07kM=) left vehicle Bicycle (id=EC71B5045741731AA694A29618FB74DC pos=<3820.98, 158.82, 6870.45>)
06:54:00.787 [VehicleEnter] Player "Gun" (id=dQV0MWQE63QrNRXqd-4btd7ZbIxSfqWMKo6FakQaWEs=) entered vehicle Bicycle (id=DB060425C347ED2D33A00CBE39A147D9 pos=<3316.14, 173.56, 6682.65>) as driver
06:54:03.722 [VehicleLeave] Player "Gun" (id=dQV0MWQE63QrNRXqd-4btd7ZbIxSfqWMKo6FakQaWEs=) left vehicle Bicycle (id=DB060425C347ED2D33A00CBE39A147D9 pos=<3316.14, 173.56, 6682.65>)
06:54:05.892 [VehicleDeleted] Old_Bike (id=DB060425C347ED2D33A00CBE39A147D9 pos=<3316.14, 173.56, 6682.65>)
06:54:31.267 [VehicleEnter] Player "Gun" (id=dQV0MWQE63QrNRXqd-4btd7ZbIxSfqWMKo6FakQaWEs=) entered vehicle Bicycle (id=CF8827379144A6156ED26F91542BE5FD pos=<3315.45, 173.36, 6676.74>) as driver
06:55:50.348 [VehicleLeave] Player "Gun" (id=dQV0MWQE63QrNRXqd-4btd7ZbIxSfqWMKo6FakQaWEs=) left vehicle Bicycle (id=CF8827379144A6156ED26F91542BE5FD pos=<3596.75, 104.84, 6358.44>)
06:56:02.814 [VehicleDeleted] Old_Bike (id=CF8827379144A6156ED26F91542BE5FD pos=<3592.57, 105.5, 6360.24>)
06:56:36.849 [VehicleEnter] Player "Gun" (id=dQV0MWQE63QrNRXqd-4btd7ZbIxSfqWMKo6FakQaWEs=) entered vehicle Bicycle (id=EC6EE79B514B4537D2B6C68282FE6B12 pos=<3595.11, 104.08, 6319>) as driver
06:58:49.878 [VehicleEnter] Player "kowalski" (id=fXcf1bSgAVMkcqN0Vs-7BBLpdbzmtt5itpI71DF07kM=) entered vehicle Bicycle (id=EC71B5045741731AA694A29618FB74DC pos=<3820.98, 158.82, 6870.45>) as driver
06:59:46.409 [VehicleLeave] Player "kowalski" (id=fXcf1bSgAVMkcqN0Vs-7BBLpdbzmtt5itpI71DF07kM=) left vehicle Bicycle (id=EC71B5045741731AA694A29618FB74DC pos=<4052.57, 171.35, 6990.75>)
07:00:41.539 [VehicleLeave] Player "Gun" (id=dQV0MWQE63QrNRXqd-4btd7ZbIxSfqWMKo6FakQaWEs=) left vehicle Bicycle (id=EC6EE79B514B4537D2B6C68282FE6B12 pos=<4148.4, 366.51, 5217.9>)
07:01:18.279 [VehicleEnter] Player "Gun" (id=dQV0MWQE63QrNRXqd-4btd7ZbIxSfqWMKo6FakQaWEs=) entered vehicle Bicycle (id=EC6EE79B514B4537D2B6C68282FE6B12 pos=<4148.4, 366.51, 5217.9>) as driver
07:02:30.360 [VehicleLeave] Player "Gun" (id=dQV0MWQE63QrNRXqd-4btd7ZbIxSfqWMKo6FakQaWEs=) left vehicle Bicycle (id=EC6EE79B514B4537D2B6C68282FE6B12 pos=<4541.34, 380.85, 5336.1>)
07:03:00.191 [VehicleEnter] Player "kowalski" (id=fXcf1bSgAVMkcqN0Vs-7BBLpdbzmtt5itpI71DF07kM=) entered vehicle Bicycle (id=EC71B5045741731AA694A29618FB74DC pos=<4052.57, 171.35, 6990.75>) as driver
07:03:12.400 [VehicleEnter] Player "Gun" (id=dQV0MWQE63QrNRXqd-4btd7ZbIxSfqWMKo6FakQaWEs=) entered vehicle Bicycle (id=EC6EE79B514B4537D2B6C68282FE6B12 pos=<4541.34, 380.85, 5336.1>) as driver
07:04:20.552 [VehicleLeave] Player "Gun" (id=dQV0MWQE63QrNRXqd-4btd7ZbIxSfqWMKo6FakQaWEs=) left vehicle Bicycle (id=EC6EE79B514B4537D2B6C68282FE6B12 pos=<5020.16, 358.1, 5238.63>)
07:04:50.259 [VehicleLeave] Player "kowalski" (id=fXcf1bSgAVMkcqN0Vs-7BBLpdbzmtt5itpI71DF07kM=) left vehicle Bicycle (id=EC71B5045741731AA694A29618FB74DC pos=<4349.14, 184.89, 6738.54>)
07:04:54.297 [VehicleEnter] Player "Gun" (id=dQV0MWQE63QrNRXqd-4btd7ZbIxSfqWMKo6FakQaWEs=) entered vehicle Bicycle (id=EC6EE79B514B4537D2B6C68282FE6B12 pos=<5020.16, 358.1, 5238.63>) as driver
07:06:45.986 [VehicleLeave] Player "Gun" (id=dQV0MWQE63QrNRXqd-4btd7ZbIxSfqWMKo6FakQaWEs=) left vehicle Bicycle (id=EC6EE79B514B4537D2B6C68282FE6B12 pos=<5385, 348.11, 4712.54>)
07:07:38.047 [VehicleEnter] Player "Gun" (id=dQV0MWQE63QrNRXqd-4btd7ZbIxSfqWMKo6FakQaWEs=) entered vehicle Bicycle (id=EC6EE79B514B4537D2B6C68282FE6B12 pos=<5385, 348.11, 4712.54>) as driver
07:08:07.151 [Safezone] Player "Right Hand" (id=kOLgOs9yYBFVRQG3lqoHveYdP5X8y3SO69cq5MiR4us= pos=<6679.64, 102.5, 6108.57>) entered the safezone
07:08:07.151 [Party] Player "Right Hand" (id=kOLgOs9yYBFVRQG3lqoHveYdP5X8y3SO69cq5MiR4us=) joinded the party "AURRRRRRORA" (id=1 ownerUID=m_TD03B4NXDQrU5koHpLq3WyQf1hXTvQSdETJOTM8ss= ownerName=F11 Simulator)
07:08:44.054 [VehicleLeave] Player "Gun" (id=dQV0MWQE63QrNRXqd-4btd7ZbIxSfqWMKo6FakQaWEs=) left vehicle Bicycle (id=EC6EE79B514B4537D2B6C68282FE6B12 pos=<5521.09, 348.38, 4263.49>)
07:09:14.380 [Party] Player "Left Hand" (id=m_TD03B4NXDQrU5koHpLq3WyQf1hXTvQSdETJOTM8ss=) joinded the party "AURRRRRRORA" (id=1 ownerUID=m_TD03B4NXDQrU5koHpLq3WyQf1hXTvQSdETJOTM8ss= ownerName=F11 Simulator)
07:09:29.088 [VehicleEnter] Player "Gun" (id=dQV0MWQE63QrNRXqd-4btd7ZbIxSfqWMKo6FakQaWEs=) entered vehicle Bicycle (id=EC6EE79B514B4537D2B6C68282FE6B12 pos=<5521.09, 348.38, 4263.49>) as driver
07:09:39.090 [Market] Player "Right Hand" (id=kOLgOs9yYBFVRQG3lqoHveYdP5X8y3SO69cq5MiR4us=) has sold ammo_338lapuamagnum x1 (c43a7a50) at the trader "Weapons (Denis [#STR_EXPANSION_MARKET_TRADER_WEAPONS])" in market zone "Trader Zone" (pos=<6675.160645, 104.603935, 6114.155762>) and got 1.
07:09:39.879 [Market] Player "Right Hand" (id=kOLgOs9yYBFVRQG3lqoHveYdP5X8y3SO69cq5MiR4us=) has sold ammo_338lapuamagnum x1 (c43a7a50) at the trader "Weapons (Denis [#STR_EXPANSION_MARKET_TRADER_WEAPONS])" in market zone "Trader Zone" (pos=<6675.160645, 104.603935, 6114.155762>) and got 1.
07:09:40.866 [Market] Player "Right Hand" (id=kOLgOs9yYBFVRQG3lqoHveYdP5X8y3SO69cq5MiR4us=) has sold ammo_408cheytac x1 (c43ab420) at the trader "Weapons (Denis [#STR_EXPANSION_MARKET_TRADER_WEAPONS])" in market zone "Trader Zone" (pos=<6675.160645, 104.603935, 6114.155762>) and got 1.
07:09:41.811 [Market] Player "Right Hand" (id=kOLgOs9yYBFVRQG3lqoHveYdP5X8y3SO69cq5MiR4us=) has sold ammo_408cheytac x1 (c43ab420) at the trader "Weapons (Denis [#STR_EXPANSION_MARKET_TRADER_WEAPONS])" in market zone "Trader Zone" (pos=<6675.160645, 104.603935, 6114.155762>) and got 1.
07:10:31.259 [VehicleLeave] Player "Gun" (id=dQV0MWQE63QrNRXqd-4btd7ZbIxSfqWMKo6FakQaWEs=) left vehicle Bicycle (id=EC6EE79B514B4537D2B6C68282FE6B12 pos=<5554.39, 351.27, 3881.51>)
07:10:42.738 [Market] Player "Right Hand" (id=kOLgOs9yYBFVRQG3lqoHveYdP5X8y3SO69cq5MiR4us=) has bought weaponcleaningkit x1 (2118c620) from the trader "Components (Cyril [#STR_EXPANSION_MARKET_TRADER_COMPONENTS])" in market zone "Trader Zone" (pos=<6675.160645, 104.603935, 6114.155762>) for a price of 8.
07:10:43.810 [Market] Player "Right Hand" (id=kOLgOs9yYBFVRQG3lqoHveYdP5X8y3SO69cq5MiR4us=) has bought weaponcleaningkit x1 (2118d1b0) from the trader "Components (Cyril [#STR_EXPANSION_MARKET_TRADER_COMPONENTS])" in market zone "Trader Zone" (pos=<6675.160645, 104.603935, 6114.155762>) for a price of 8.
07:11:17.555 [VehicleEnter] Player "Gun" (id=dQV0MWQE63QrNRXqd-4btd7ZbIxSfqWMKo6FakQaWEs=) entered vehicle Bicycle (id=EC6EE79B514B4537D2B6C68282FE6B12 pos=<5554.39, 351.27, 3881.51>) as driver
07:12:13.752 [VehicleDeleted] Lady_Bicycle (id=973F0B98404CCA6572428D9609693424 pos=<7486.77, 120.73, 6342.58>)
07:12:16.739 [ATM] Player "Right Hand" (id=kOLgOs9yYBFVRQG3lqoHveYdP5X8y3SO69cq5MiR4us=) has deposited 10143 on his ATM account.
07:12:27.724 [VehicleEnter] Player "Left Hand" (id=m_TD03B4NXDQrU5koHpLq3WyQf1hXTvQSdETJOTM8ss=) entered vehicle Bicycle (id=2044E806AD42CCB4B04E91904E010694 pos=<7487.74, 120.75, 6333.45>) as driver
07:12:40.598 [VehicleLeave] Player "Gun" (id=dQV0MWQE63QrNRXqd-4btd7ZbIxSfqWMKo6FakQaWEs=) left vehicle Bicycle (id=EC6EE79B514B4537D2B6C68282FE6B12 pos=<5168.79, 362.73, 3573.79>)
07:12:49.180 [Market] Player "Right Hand" (id=kOLgOs9yYBFVRQG3lqoHveYdP5X8y3SO69cq5MiR4us=) has sold pnc_moremag_m4drum_100rnd x1 (c5794070, ammo_556x45 x100) at the trader "Attachments (Jose [#STR_EXPANSION_MARKET_TRADER_ATTACHMENTS])" in market zone "Trader Zone" (pos=<6675.160645, 104.603935, 6114.155762>) and got 212.
07:12:55.636 [Market] Player "Right Hand" (id=kOLgOs9yYBFVRQG3lqoHveYdP5X8y3SO69cq5MiR4us=) has bought pnc_mag_aurora_5rnd x1 (2ac48f10, ammo_50bmg x5) from the trader "Attachments (Jose [#STR_EXPANSION_MARKET_TRADER_ATTACHMENTS])" in market zone "Trader Zone" (pos=<6675.160645, 104.603935, 6114.155762>) for a price of 210.
07:13:15.619 [ATM] Player "Right Hand" (id=kOLgOs9yYBFVRQG3lqoHveYdP5X8y3SO69cq5MiR4us=) has deposited 2 on his ATM account.
07:14:13.602 [Safezone] Player "{1:name}" (id={1:id} pos={1:position}) left the safezone
07:14:28.655 [VehicleLeave] Player "Left Hand" (id=m_TD03B4NXDQrU5koHpLq3WyQf1hXTvQSdETJOTM8ss=) left vehicle Bicycle (id=2044E806AD42CCB4B04E91904E010694 pos=<6787.93, 106.28, 6032.24>)
07:14:53.751 [Safezone] Player "Left Hand" (id=m_TD03B4NXDQrU5koHpLq3WyQf1hXTvQSdETJOTM8ss= pos=<6752.85, 103.92, 6057.23>) entered the safezone
07:14:55.174 [Safezone] Player "Right Hand" (id=kOLgOs9yYBFVRQG3lqoHveYdP5X8y3SO69cq5MiR4us= pos=<6751.66, 104.33, 6055.68>) entered the safezone
07:15:07.524 [ATM] Player "Left Hand" (id=m_TD03B4NXDQrU5koHpLq3WyQf1hXTvQSdETJOTM8ss=) has withdrawn 143890 from his ATM account.
07:15:11.785 [ATM] Player "Right Hand" (id=kOLgOs9yYBFVRQG3lqoHveYdP5X8y3SO69cq5MiR4us=) has withdrawn 3000 from his ATM account.
07:15:30.731 [VehicleEnter] Player "Gun" (id=dQV0MWQE63QrNRXqd-4btd7ZbIxSfqWMKo6FakQaWEs=) entered vehicle Bicycle (id=EC6EE79B514B4537D2B6C68282FE6B12 pos=<5168.79, 362.73, 3573.79>) as driver
07:15:33.247 [Market] Player "Left Hand" (id=m_TD03B4NXDQrU5koHpLq3WyQf1hXTvQSdETJOTM8ss=) has bought pnc_mag_honeybadger_coupled_60rnd x1 (c738aee0, ammo_300aac x60) from the trader "Attachments (Jose [#STR_EXPANSION_MARKET_TRADER_ATTACHMENTS])" in market zone "Trader Zone" (pos=<6675.160645, 104.603935, 6114.155762>) for a price of 370.
07:16:00.021 [Market] Player "Right Hand" (id=kOLgOs9yYBFVRQG3lqoHveYdP5X8y3SO69cq5MiR4us=) has bought bandagedressing x1 (d2256540) from the trader "Medicals (Mirek [#STR_EXPANSION_MARKET_TRADER_MEDICALS])" in market zone "Trader Zone" (pos=<6675.160645, 104.603935, 6114.155762>) for a price of 3.
07:16:00.798 [Market] Player "Right Hand" (id=kOLgOs9yYBFVRQG3lqoHveYdP5X8y3SO69cq5MiR4us=) has bought bandagedressing x1 (d4275080) from the trader "Medicals (Mirek [#STR_EXPANSION_MARKET_TRADER_MEDICALS])" in market zone "Trader Zone" (pos=<6675.160645, 104.603935, 6114.155762>) for a price of 3.
07:16:01.551 [Market] Player "Right Hand" (id=kOLgOs9yYBFVRQG3lqoHveYdP5X8y3SO69cq5MiR4us=) has bought bandagedressing x1 (d4287d20) from the trader "Medicals (Mirek [#STR_EXPANSION_MARKET_TRADER_MEDICALS])" in market zone "Trader Zone" (pos=<6675.160645, 104.603935, 6114.155762>) for a price of 3.
07:16:04.411 [Market] Player "Left Hand" (id=m_TD03B4NXDQrU5koHpLq3WyQf1hXTvQSdETJOTM8ss=) has bought vitaminbottle x1 (1de049c0) from the trader "Medicals (Mirek [#STR_EXPANSION_MARKET_TRADER_MEDICALS])" in market zone "Trader Zone" (pos=<6675.160645, 104.603935, 6114.155762>) for a price of 6.
07:16:11.921 [Market] Player "Left Hand" (id=m_TD03B4NXDQrU5koHpLq3WyQf1hXTvQSdETJOTM8ss=) has bought tetracyclineantibiotics x1 (c024c530) from the trader "Medicals (Mirek [#STR_EXPANSION_MARKET_TRADER_MEDICALS])" in market zone "Trader Zone" (pos=<6675.160645, 104.603935, 6114.155762>) for a price of 8.
07:16:15.454 [Market] Player "Left Hand" (id=m_TD03B4NXDQrU5koHpLq3WyQf1hXTvQSdETJOTM8ss=) has bought bandagedressing x4 (d428fc50) from the trader "Medicals (Mirek [#STR_EXPANSION_MARKET_TRADER_MEDICALS])" in market zone "Trader Zone" (pos=<6675.160645, 104.603935, 6114.155762>) for a price of 12.
07:16:22.438 [Market] Player "Left Hand" (id=m_TD03B4NXDQrU5koHpLq3WyQf1hXTvQSdETJOTM8ss=) has bought disinfectantalcohol x1 (c611aff0) from the trader "Medicals (Mirek [#STR_EXPANSION_MARKET_TRADER_MEDICALS])" in market zone "Trader Zone" (pos=<6675.160645, 104.603935, 6114.155762>) for a price of 4.
07:16:25.015 [Market] Player "Left Hand" (id=m_TD03B4NXDQrU5koHpLq3WyQf1hXTvQSdETJOTM8ss=) has bought charcoaltablets x1 (d39fbb80) from the trader "Medicals (Mirek [#STR_EXPANSION_MARKET_TRADER_MEDICALS])" in market zone "Trader Zone" (pos=<6675.160645, 104.603935, 6114.155762>) for a price of 2.
07:16:27.874 [Market] Player "Right Hand" (id=kOLgOs9yYBFVRQG3lqoHveYdP5X8y3SO69cq5MiR4us=) has sold gasmask_filter x1 (c08b5a30) at the trader "Clothing (Naomi [#STR_EXPANSION_MARKET_TRADER_CLOTHING])" in market zone "Trader Zone" (pos=<6675.160645, 104.603935, 6114.155762>) and got 562.
07:16:29.701 [Market] Player "Right Hand" (id=kOLgOs9yYBFVRQG3lqoHveYdP5X8y3SO69cq5MiR4us=) has sold gasmask_filter x1 (c08eb1d0) at the trader "Clothing (Naomi [#STR_EXPANSION_MARKET_TRADER_CLOTHING])" in market zone "Trader Zone" (pos=<6675.160645, 104.603935, 6114.155762>) and got 11.
07:16:32.033 [Market] Player "Right Hand" (id=kOLgOs9yYBFVRQG3lqoHveYdP5X8y3SO69cq5MiR4us=) has bought gasmask_filter x1 (d294d980) from the trader "Clothing (Naomi [#STR_EXPANSION_MARKET_TRADER_CLOTHING])" in market zone "Trader Zone" (pos=<6675.160645, 104.603935, 6114.155762>) for a price of 1000.
07:16:33.781 [Market] Player "Right Hand" (id=kOLgOs9yYBFVRQG3lqoHveYdP5X8y3SO69cq5MiR4us=) has bought gasmask_filter x1 (d2953600) from the trader "Clothing (Naomi [#STR_EXPANSION_MARKET_TRADER_CLOTHING])" in market zone "Trader Zone" (pos=<6675.160645, 104.603935, 6114.155762>) for a price of 1000.
07:16:40.271 [VehicleLeave] Player "Gun" (id=dQV0MWQE63QrNRXqd-4btd7ZbIxSfqWMKo6FakQaWEs=) left vehicle Bicycle (id=EC6EE79B514B4537D2B6C68282FE6B12 pos=<4886.65, 353.12, 3664.02>)
07:16:40.836 [Market] Player "Left Hand" (id=m_TD03B4NXDQrU5koHpLq3WyQf1hXTvQSdETJOTM8ss=) has bought gp5gasmask x1 (d2957b60) from the trader "Clothing (Naomi [#STR_EXPANSION_MARKET_TRADER_CLOTHING])" in market zone "Trader Zone" (pos=<6675.160645, 104.603935, 6114.155762>) for a price of 120.
07:16:40.951 [Market] Player "Left Hand" (id=m_TD03B4NXDQrU5koHpLq3WyQf1hXTvQSdETJOTM8ss=) has bought gp5gasmask x1 (d295fa90) from the trader "Clothing (Naomi [#STR_EXPANSION_MARKET_TRADER_CLOTHING])" in market zone "Trader Zone" (pos=<6675.160645, 104.603935, 6114.155762>) for a price of 120.
07:16:43.307 [Market] Player "Left Hand" (id=m_TD03B4NXDQrU5koHpLq3WyQf1hXTvQSdETJOTM8ss=) has sold gp5gasmask x1 (d2957b60) at the trader "Clothing (Naomi [#STR_EXPANSION_MARKET_TRADER_CLOTHING])" in market zone "Trader Zone" (pos=<6675.160645, 104.603935, 6114.155762>) and got 90.
07:16:46.466 [Market] Player "Left Hand" (id=m_TD03B4NXDQrU5koHpLq3WyQf1hXTvQSdETJOTM8ss=) has bought gasmask_filter x3 (d2959280) from the trader "Clothing (Naomi [#STR_EXPANSION_MARKET_TRADER_CLOTHING])" in market zone "Trader Zone" (pos=<6675.160645, 104.603935, 6114.155762>) for a price of 3000.
07:17:06.507 [Market] Player "Right Hand" (id=kOLgOs9yYBFVRQG3lqoHveYdP5X8y3SO69cq5MiR4us=) has bought skigoggles_whiteclear x1 (c2d266c0) from the trader "Clothing (Naomi [#STR_EXPANSION_MARKET_TRADER_CLOTHING])" in market zone "Trader Zone" (pos=<6675.160645, 104.603935, 6114.155762>) for a price of 80.
07:17:20.506 [Market] Player "Right Hand" (id=kOLgOs9yYBFVRQG3lqoHveYdP5X8y3SO69cq5MiR4us=) has sold skigoggles_whiteclear x1 (c2d266c0) at the trader "Clothing (Naomi [#STR_EXPANSION_MARKET_TRADER_CLOTHING])" in market zone "Trader Zone" (pos=<6675.160645, 104.603935, 6114.155762>) and got 60.
07:17:24.340 [Market] Player "Left Hand" (id=m_TD03B4NXDQrU5koHpLq3WyQf1hXTvQSdETJOTM8ss=) has bought ammobox_300aac_ap_20rnd x4 (cb4d4330) from the trader "Weapons (Denis [#STR_EXPANSION_MARKET_TRADER_WEAPONS])" in market zone "Trader Zone" (pos=<6675.160645, 104.603935, 6114.155762>) for a price of 400.
07:17:33.995 [Market] Player "Right Hand" (id=kOLgOs9yYBFVRQG3lqoHveYdP5X8y3SO69cq5MiR4us=) has bought skigoggles_whiteclear x1 (cb4d7170) from the trader "Clothing (Naomi [#STR_EXPANSION_MARKET_TRADER_CLOTHING])" in market zone "Trader Zone" (pos=<6675.160645, 104.603935, 6114.155762>) for a price of 80.
07:17:41.238 [ATM] Player "Left Hand" (id=m_TD03B4NXDQrU5koHpLq3WyQf1hXTvQSdETJOTM8ss=) has deposited 139938 on his ATM account.
07:17:49.830 [Market] Player "Right Hand" (id=kOLgOs9yYBFVRQG3lqoHveYdP5X8y3SO69cq5MiR4us=) has sold skigoggles_whiteclear x1 (cb4d7170) at the trader "Clothing (Naomi [#STR_EXPANSION_MARKET_TRADER_CLOTHING])" in market zone "Trader Zone" (pos=<6675.160645, 104.603935, 6114.155762>) and got 60.
07:17:53.111 [Market] Player "Right Hand" (id=kOLgOs9yYBFVRQG3lqoHveYdP5X8y3SO69cq5MiR4us=) has sold skigoggles_whitedark x1 (c08ceee0) at the trader "Clothing (Naomi [#STR_EXPANSION_MARKET_TRADER_CLOTHING])" in market zone "Trader Zone" (pos=<6675.160645, 104.603935, 6114.155762>) and got 30.
07:17:54.060 [Market] Player "Right Hand" (id=kOLgOs9yYBFVRQG3lqoHveYdP5X8y3SO69cq5MiR4us=) has bought skigoggles_whitedark x1 (c8cf7970) from the trader "Clothing (Naomi [#STR_EXPANSION_MARKET_TRADER_CLOTHING])" in market zone "Trader Zone" (pos=<6675.160645, 104.603935, 6114.155762>) for a price of 80.
07:18:32.385 [Market] Player "Right Hand" (id=kOLgOs9yYBFVRQG3lqoHveYdP5X8y3SO69cq5MiR4us=) has bought ducttape x1 (d2cf61d0) from the trader "Components (Cyril [#STR_EXPANSION_MARKET_TRADER_COMPONENTS])" in market zone "Trader Zone" (pos=<6675.160645, 104.603935, 6114.155762>) for a price of 20.
07:18:49.355 [ATM] Player "Right Hand" (id=kOLgOs9yYBFVRQG3lqoHveYdP5X8y3SO69cq5MiR4us=) has deposited 1454 on his ATM account.
07:19:11.514 [Safezone] Player "{1:name}" (id={1:id} pos={1:position}) left the safezone
07:19:13.252 [Safezone] Player "{1:name}" (id={1:id} pos={1:position}) left the safezone
07:21:20.907 [VehicleDeleted] Old_Bike (id=EC6EE79B514B4537D2B6C68282FE6B12 pos=<4886.65, 353.12, 3664.02>)
07:25:10.943 [VehicleEnter] Player "Gun" (id=dQV0MWQE63QrNRXqd-4btd7ZbIxSfqWMKo6FakQaWEs=) entered vehicle Bicycle (id=347536B7B34CA15114A9528886BC0587 pos=<4902.3, 356.2, 3628.71>) as driver
07:26:19.029 [VehicleLeave] Player "Gun" (id=dQV0MWQE63QrNRXqd-4btd7ZbIxSfqWMKo6FakQaWEs=) left vehicle Bicycle (id=347536B7B34CA15114A9528886BC0587 pos=<5175.44, 362.47, 3576.66>)
07:27:07.578 [VehicleEnter] Player "Gun" (id=dQV0MWQE63QrNRXqd-4btd7ZbIxSfqWMKo6FakQaWEs=) entered vehicle Bicycle (id=347536B7B34CA15114A9528886BC0587 pos=<5175.44, 362.47, 3576.66>) as driver
07:28:38.891 [VehicleLeave] Player "Gun" (id=dQV0MWQE63QrNRXqd-4btd7ZbIxSfqWMKo6FakQaWEs=) left vehicle Bicycle (id=347536B7B34CA15114A9528886BC0587 pos=<5540.6, 351.3, 3890.14>)
07:29:59.728 [VehicleEnter] Player "Gun" (id=dQV0MWQE63QrNRXqd-4btd7ZbIxSfqWMKo6FakQaWEs=) entered vehicle Bicycle (id=347536B7B34CA15114A9528886BC0587 pos=<5540.6, 351.3, 3890.14>) as driver
07:30:56.288 [VehicleLeave] Player "Gun" (id=dQV0MWQE63QrNRXqd-4btd7ZbIxSfqWMKo6FakQaWEs=) left vehicle Bicycle (id=347536B7B34CA15114A9528886BC0587 pos=<5509.09, 348.5, 4267.33>)
07:31:38.553 [VehicleEnter] Player "Gun" (id=dQV0MWQE63QrNRXqd-4btd7ZbIxSfqWMKo6FakQaWEs=) entered vehicle Bicycle (id=347536B7B34CA15114A9528886BC0587 pos=<5509.09, 348.5, 4267.33>) as driver
07:32:47.739 [VehicleLeave] Player "Gun" (id=dQV0MWQE63QrNRXqd-4btd7ZbIxSfqWMKo6FakQaWEs=) left vehicle Bicycle (id=347536B7B34CA15114A9528886BC0587 pos=<5370.87, 348.56, 4712.41>)
07:34:31.948 [VehicleEnter] Player "Gun" (id=dQV0MWQE63QrNRXqd-4btd7ZbIxSfqWMKo6FakQaWEs=) entered vehicle Bicycle (id=347536B7B34CA15114A9528886BC0587 pos=<5370.87, 348.56, 4712.41>) as driver
07:36:17.388 [VehicleLeave] Player "Gun" (id=dQV0MWQE63QrNRXqd-4btd7ZbIxSfqWMKo6FakQaWEs=) left vehicle Bicycle (id=347536B7B34CA15114A9528886BC0587 pos=<5010.66, 358.1, 5233.38>)
07:38:07.821 [VehicleEnter] Player "Gun" (id=dQV0MWQE63QrNRXqd-4btd7ZbIxSfqWMKo6FakQaWEs=) entered vehicle Bicycle (id=347536B7B34CA15114A9528886BC0587 pos=<5010.66, 358.1, 5233.38>) as driver
07:39:34.409 [VehicleLeave] Player "Gun" (id=dQV0MWQE63QrNRXqd-4btd7ZbIxSfqWMKo6FakQaWEs=) left vehicle Bicycle (id=347536B7B34CA15114A9528886BC0587 pos=<4531.74, 381.41, 5335.82>)
07:40:20.914 [MissionAirdrop] An airdrop is heading towards "Wind Farm" (pos=<6469.119629, 0.000000, 6864.399902> type=Random_WindFarm) with a ExpansionAirdropContainer_Military
07:40:28.754 [VehicleEnter] Player "Gun" (id=dQV0MWQE63QrNRXqd-4btd7ZbIxSfqWMKo6FakQaWEs=) entered vehicle Bicycle (id=347536B7B34CA15114A9528886BC0587 pos=<4531.74, 381.41, 5335.82>) as driver
07:41:39.706 [VehicleLeave] Player "Gun" (id=dQV0MWQE63QrNRXqd-4btd7ZbIxSfqWMKo6FakQaWEs=) left vehicle Bicycle (id=347536B7B34CA15114A9528886BC0587 pos=<4147.46, 366.4, 5198.69>)
07:42:19.780 [VehicleEnter] Player "Gun" (id=dQV0MWQE63QrNRXqd-4btd7ZbIxSfqWMKo6FakQaWEs=) entered vehicle Bicycle (id=347536B7B34CA15114A9528886BC0587 pos=<4147.46, 366.4, 5198.69>) as driver
07:45:07.886 [VehicleLeave] Player "Gun" (id=dQV0MWQE63QrNRXqd-4btd7ZbIxSfqWMKo6FakQaWEs=) left vehicle Bicycle (id=347536B7B34CA15114A9528886BC0587 pos=<3807.66, 282.62, 5482.36>)
07:51:21.571 [VehicleEnter] Player "Gun" (id=dQV0MWQE63QrNRXqd-4btd7ZbIxSfqWMKo6FakQaWEs=) entered vehicle Bicycle (id=347536B7B34CA15114A9528886BC0587 pos=<3807.66, 282.62, 5482.36>) as driver
07:52:22.905 [Safezone] Player "Left Hand" (id=m_TD03B4NXDQrU5koHpLq3WyQf1hXTvQSdETJOTM8ss= pos=<6624.52, 135.71, 6028.97>) entered the safezone
07:52:24.796 [Safezone] Player "Right Hand" (id=kOLgOs9yYBFVRQG3lqoHveYdP5X8y3SO69cq5MiR4us= pos=<6622.82, 136.31, 6029.11>) entered the safezone
07:52:46.202 [VehicleLeave] Player "Gun" (id=dQV0MWQE63QrNRXqd-4btd7ZbIxSfqWMKo6FakQaWEs=) left vehicle Bicycle (id=347536B7B34CA15114A9528886BC0587 pos=<3653.73, 343.9, 5294.63>)
07:52:55.428 [VehicleEnter] Player "Left Hand" (id=m_TD03B4NXDQrU5koHpLq3WyQf1hXTvQSdETJOTM8ss=) entered vehicle Bicycle (id=5EEF7EBE9941D1D9926BA6AC2F259986 pos=<6780.24, 103.06, 6060.5>) as driver
07:52:55.811 [Safezone] Player "{1:name}" (id={1:id} pos={1:position}) left the safezone
07:52:55.960 [VehicleEnter] Player "Right Hand" (id=kOLgOs9yYBFVRQG3lqoHveYdP5X8y3SO69cq5MiR4us=) entered vehicle Bicycle (id=2044E806AD42CCB4B04E91904E010694 pos=<6788.3, 106.28, 6032.22>) as driver
07:52:56.722 [Safezone] Player "{1:name}" (id={1:id} pos={1:position}) left the safezone
07:53:05.051 [Safezone] Player "Left Hand" (id=m_TD03B4NXDQrU5koHpLq3WyQf1hXTvQSdETJOTM8ss= pos=<6756.8, 103.69, 6067.91>) entered the safezone
07:53:08.895 [Safezone] Player "Right Hand" (id=kOLgOs9yYBFVRQG3lqoHveYdP5X8y3SO69cq5MiR4us= pos=<6762.7, 103.48, 6075.17>) entered the safezone
07:53:49.010 [VehicleLeave] Player "Left Hand" (id=m_TD03B4NXDQrU5koHpLq3WyQf1hXTvQSdETJOTM8ss=) left vehicle Bicycle (id=5EEF7EBE9941D1D9926BA6AC2F259986 pos=<6674.1, 99.64, 6204.31>)
07:53:49.791 [VehicleLeave] Player "Right Hand" (id=kOLgOs9yYBFVRQG3lqoHveYdP5X8y3SO69cq5MiR4us=) left vehicle Bicycle (id=2044E806AD42CCB4B04E91904E010694 pos=<6674.38, 101.21, 6185.58>)
07:54:06.323 [VehicleEnter] Player "Right Hand" (id=kOLgOs9yYBFVRQG3lqoHveYdP5X8y3SO69cq5MiR4us=) entered vehicle Bicycle (id=2044E806AD42CCB4B04E91904E010694 pos=<6674.38, 101.21, 6185.58>) as driver
07:54:10.639 [Safezone] Player "{1:name}" (id={1:id} pos={1:position}) left the safezone
07:54:25.951 [Safezone] Player "{1:name}" (id={1:id} pos={1:position}) left the safezone
07:57:56.503 [VehicleLeave] Player "Right Hand" (id=kOLgOs9yYBFVRQG3lqoHveYdP5X8y3SO69cq5MiR4us=) left vehicle Bicycle (id=2044E806AD42CCB4B04E91904E010694 pos=<6491.27, 143.63, 6876.44>)
07:58:35.702 [VehicleEnter] Player "Right Hand" (id=kOLgOs9yYBFVRQG3lqoHveYdP5X8y3SO69cq5MiR4us=) entered vehicle Bicycle (id=2044E806AD42CCB4B04E91904E010694 pos=<6490.52, 143.63, 6876.31>) as driver
08:00:29.014 [VehicleLeave] Player "Right Hand" (id=kOLgOs9yYBFVRQG3lqoHveYdP5X8y3SO69cq5MiR4us=) left vehicle Bicycle (id=2044E806AD42CCB4B04E91904E010694 pos=<5898.82, 150.29, 6952.25>)
08:02:28.660 [VehicleEnter] Player "kowalski" (id=fXcf1bSgAVMkcqN0Vs-7BBLpdbzmtt5itpI71DF07kM=) entered vehicle Bicycle (id=46E1DD60DB4EF85A614262B66DD205F9 pos=<4866.05, 338.69, 4455.28>) as driver
08:02:37.027 [VehicleLeave] Player "kowalski" (id=fXcf1bSgAVMkcqN0Vs-7BBLpdbzmtt5itpI71DF07kM=) left vehicle Bicycle (id=46E1DD60DB4EF85A614262B66DD205F9 pos=<4866.48, 338.74, 4452.2>)
08:02:42.276 [VehicleEnter] Player "kowalski" (id=fXcf1bSgAVMkcqN0Vs-7BBLpdbzmtt5itpI71DF07kM=) entered vehicle Bicycle (id=46E1DD60DB4EF85A614262B66DD205F9 pos=<4866.48, 338.74, 4452.2>) as driver
08:02:44.824 [VehicleLeave] Player "kowalski" (id=fXcf1bSgAVMkcqN0Vs-7BBLpdbzmtt5itpI71DF07kM=) left vehicle Bicycle (id=46E1DD60DB4EF85A614262B66DD205F9 pos=<4866.48, 338.74, 4452.2>)
08:02:46.406 [VehicleDeleted] Lady_Bicycle (id=46E1DD60DB4EF85A614262B66DD205F9 pos=<4866.48, 338.74, 4452.2>)
08:02:57.105 [VehicleEnter] Player "kowalski" (id=fXcf1bSgAVMkcqN0Vs-7BBLpdbzmtt5itpI71DF07kM=) entered vehicle Bicycle (id=A09968758B4ABF07FC4E58ADEC2805AD pos=<4868.05, 338.59, 4456.57>) as driver
08:05:36.684 [VehicleLeave] Player "kowalski" (id=fXcf1bSgAVMkcqN0Vs-7BBLpdbzmtt5itpI71DF07kM=) left vehicle Bicycle (id=A09968758B4ABF07FC4E58ADEC2805AD pos=<5676.27, 301.54, 4584.99>)
08:17:10.320 [Safezone] Player "Left Hand" (id=m_TD03B4NXDQrU5koHpLq3WyQf1hXTvQSdETJOTM8ss= pos=<6637.41, 102.76, 6201.68>) entered the safezone
08:17:11.898 [Safezone] Player "Right Hand" (id=kOLgOs9yYBFVRQG3lqoHveYdP5X8y3SO69cq5MiR4us= pos=<6635.71, 102.92, 6204.48>) entered the safezone
08:18:06.374 [Market] Player "Right Hand" (id=kOLgOs9yYBFVRQG3lqoHveYdP5X8y3SO69cq5MiR4us=) has sold pnc_w_vr80 x1 (c4413cf0, PNC_Mag_VR80_10Rnd<c5f547e0>, ammo_12gapellets x10, M4_T3NRDSOptic<c5748130>) at the trader "Weapons (Denis [#STR_EXPANSION_MARKET_TRADER_WEAPONS])" in market zone "Trader Zone" (pos=<6675.160645, 104.603935, 6114.155762>) and got 1285.
08:18:10.499 [Market] Player "Left Hand" (id=m_TD03B4NXDQrU5koHpLq3WyQf1hXTvQSdETJOTM8ss=) has sold ammo_308win x5 (ee6e5a40) at the trader "Weapons (Denis [#STR_EXPANSION_MARKET_TRADER_WEAPONS])" in market zone "Trader Zone" (pos=<6675.160645, 104.603935, 6114.155762>) and got 5.
08:18:10.508 [Market] Player "Right Hand" (id=kOLgOs9yYBFVRQG3lqoHveYdP5X8y3SO69cq5MiR4us=) has sold pnc_w_scar x1 (c43ff660, Mag_CMAG_30Rnd<c57a1090>, ammo_556x45 x100) at the trader "Weapons (Denis [#STR_EXPANSION_MARKET_TRADER_WEAPONS])" in market zone "Trader Zone" (pos=<6675.160645, 104.603935, 6114.155762>) and got 1487.
08:18:11.596 [Market] Player "Left Hand" (id=m_TD03B4NXDQrU5koHpLq3WyQf1hXTvQSdETJOTM8ss=) has sold ammo_40mm_smoke_red x1 (d28704e0) at the trader "Weapons (Denis [#STR_EXPANSION_MARKET_TRADER_WEAPONS])" in market zone "Trader Zone" (pos=<6675.160645, 104.603935, 6114.155762>) and got 187.
08:18:14.613 [Market] Player "Left Hand" (id=m_TD03B4NXDQrU5koHpLq3WyQf1hXTvQSdETJOTM8ss=) has sold ammobox_762x54_20rnd x1 (1e3210e0) at the trader "Weapons (Denis [#STR_EXPANSION_MARKET_TRADER_WEAPONS])" in market zone "Trader Zone" (pos=<6675.160645, 104.603935, 6114.155762>) and got 6.
08:18:21.769 [Market] Player "Left Hand" (id=m_TD03B4NXDQrU5koHpLq3WyQf1hXTvQSdETJOTM8ss=) has sold pnc_w_honeybadger x1 (c44037b0, PNC_Mag_HoneyBadger_Coupled_60Rnd<c57bc7f0>, ammo_300aac x60, M4_OEBttstck<c57b5fe0>, UniversalLight<c57bd380>, M4_T3NRDSOptic<c571f5d0>) at the trader "Weapons (Denis [#STR_EXPANSION_MARKET_TRADER_WEAPONS])" in market zone "Trader Zone" (pos=<6675.160645, 104.603935, 6114.155762>) and got 4009.
08:18:23.342 [Market] Player "Left Hand" (id=m_TD03B4NXDQrU5koHpLq3WyQf1hXTvQSdETJOTM8ss=) has sold pnc_w_honeybadger x1 (c6385e30, M4_OEBttstck<1e2ed060>, ReflexOptic<c41bbe70>, Battery9V<1e2ee780>, PNC_HoneyBadger_Suppressor_03<1e2edbf0>, PNC_Mag_HoneyBadger_Coupled_60Rnd<1e313530>, ammo_300aac_ap x54, ammo_300aac x6) at the trader "Weapons (Denis [#STR_EXPANSION_MARKET_TRADER_WEAPONS])" in market zone "Trader Zone" (pos=<6675.160645, 104.603935, 6114.155762>) and got 3879.
08:18:23.527 [Market] Player "Right Hand" (id=kOLgOs9yYBFVRQG3lqoHveYdP5X8y3SO69cq5MiR4us=) has sold pnc_mag_honeybadger_30rnd x1 (c59c5520, ammo_300aac x30) at the trader "Attachments (Jose [#STR_EXPANSION_MARKET_TRADER_ATTACHMENTS])" in market zone "Trader Zone" (pos=<6675.160645, 104.603935, 6114.155762>) and got 170.
08:18:26.662 [Market] Player "Left Hand" (id=m_TD03B4NXDQrU5koHpLq3WyQf1hXTvQSdETJOTM8ss=) has sold augshort x1 (be77ba90, Mag_Aug_30Rnd<d256a6e0>, ammo_556x45 x11) at the trader "Weapons (Denis [#STR_EXPANSION_MARKET_TRADER_WEAPONS])" in market zone "Trader Zone" (pos=<6675.160645, 104.603935, 6114.155762>) and got 1301.
08:18:27.233 [Market] Player "Left Hand" (id=m_TD03B4NXDQrU5koHpLq3WyQf1hXTvQSdETJOTM8ss=) has sold pnc_w_scar_kryp x1 (c2074be0, Mag_CMAG_30Rnd<c1efa9d0>, ammo_556x45 x100) at the trader "Weapons (Denis [#STR_EXPANSION_MARKET_TRADER_WEAPONS])" in market zone "Trader Zone" (pos=<6675.160645, 104.603935, 6114.155762>) and got 680.
08:18:29.609 [Market] Player "Right Hand" (id=kOLgOs9yYBFVRQG3lqoHveYdP5X8y3SO69cq5MiR4us=) has sold pnc_honeybadger_suppressor_01 x1 (c5c89730) at the trader "Attachments (Jose [#STR_EXPANSION_MARKET_TRADER_ATTACHMENTS])" in market zone "Trader Zone" (pos=<6675.160645, 104.603935, 6114.155762>) and got 26.
08:19:04.565 [ATM] Player "Left Hand" (id=m_TD03B4NXDQrU5koHpLq3WyQf1hXTvQSdETJOTM8ss=) has withdrawn 139938 from his ATM account.
08:19:09.236 [ATM] Player "Right Hand" (id=kOLgOs9yYBFVRQG3lqoHveYdP5X8y3SO69cq5MiR4us=) has deposited 2968 on his ATM account.
08:21:35.826 [Market] Player "Left Hand" (id=m_TD03B4NXDQrU5koHpLq3WyQf1hXTvQSdETJOTM8ss=) has bought pnc_w_honeybadger_black x1 (36b72ec0, PNC_HoneyBadger_Bttstck<f396de30>, UniversalLight<f39698d0>, PNC_HoneyBadger_Suppressor_01<f3968d40>, M68Optic<c08329c0>, Battery9V<f3967620>, PNC_Mag_HoneyBadger_Coupled_60Rnd<f3966a90>, ammo_300aac x60) from the trader "Weapons (Denis [#STR_EXPANSION_MARKET_TRADER_WEAPONS])" in market zone "Trader Zone" (pos=<6675.160645, 104.603935, 6114.155762>) for a price of 5685.
08:22:05.585 [Safezone] Player "{1:name}" (id={1:id} pos={1:position}) left the safezone
08:22:17.183 [Safezone] Player "Left Hand" (id=m_TD03B4NXDQrU5koHpLq3WyQf1hXTvQSdETJOTM8ss= pos=<6694.17, 106.35, 6083.69>) entered the safezone
08:22:51.003 [Market] Player "Left Hand" (id=m_TD03B4NXDQrU5koHpLq3WyQf1hXTvQSdETJOTM8ss=) has sold pnc_mag_barretm82a1_10rnd x1 (1e2f94f0, ammo_50bmg x10) at the trader "Attachments (Jose [#STR_EXPANSION_MARKET_TRADER_ATTACHMENTS])" in market zone "Trader Zone" (pos=<6675.160645, 104.603935, 6114.155762>) and got 103.
08:22:53.386 [Market] Player "Left Hand" (id=m_TD03B4NXDQrU5koHpLq3WyQf1hXTvQSdETJOTM8ss=) has sold mag_stanagcoupled_30rnd x1 (f1c76ce0, ammo_556x45 x4) at the trader "Attachments (Jose [#STR_EXPANSION_MARKET_TRADER_ATTACHMENTS])" in market zone "Trader Zone" (pos=<6675.160645, 104.603935, 6114.155762>) and got 169.
08:22:54.750 [Market] Player "Left Hand" (id=m_TD03B4NXDQrU5koHpLq3WyQf1hXTvQSdETJOTM8ss=) has sold pnc_tac21_mag x1 (c0288550, ammo_338lapuamagnum x10) at the trader "Attachments (Jose [#STR_EXPANSION_MARKET_TRADER_ATTACHMENTS])" in market zone "Trader Zone" (pos=<6675.160645, 104.603935, 6114.155762>) and got 263.
08:23:01.439 [Market] Player "Left Hand" (id=m_TD03B4NXDQrU5koHpLq3WyQf1hXTvQSdETJOTM8ss=) has sold vtr_fx2_scope x1 (c2bebc50) at the trader "Attachments (Jose [#STR_EXPANSION_MARKET_TRADER_ATTACHMENTS])" in market zone "Trader Zone" (pos=<6675.160645, 104.603935, 6114.155762>) and got 225.
08:26:19.229 [Market] Player "Left Hand" (id=m_TD03B4NXDQrU5koHpLq3WyQf1hXTvQSdETJOTM8ss=) has bought canteen x10 (cf00ba10) from the trader "Consumables (Linda [#STR_EXPANSION_MARKET_TRADER_CONSUMABLES])" in market zone "Trader Zone" (pos=<6675.160645, 104.603935, 6114.155762>) for a price of 180.
08:26:44.856 [Market] Player "Left Hand" (id=m_TD03B4NXDQrU5koHpLq3WyQf1hXTvQSdETJOTM8ss=) has bought ammobox_300aac_ap_20rnd x20 (d3e5f5f0) from the trader "Weapons (Denis [#STR_EXPANSION_MARKET_TRADER_WEAPONS])" in market zone "Trader Zone" (pos=<6675.160645, 104.603935, 6114.155762>) for a price of 2000.
08:27:07.285 [Market] Player "Left Hand" (id=m_TD03B4NXDQrU5koHpLq3WyQf1hXTvQSdETJOTM8ss=) has bought ammobox_300aac_ap_20rnd x15 (d27b7f20) from the trader "Weapons (Denis [#STR_EXPANSION_MARKET_TRADER_WEAPONS])" in market zone "Trader Zone" (pos=<6675.160645, 104.603935, 6114.155762>) for a price of 1500.
08:27:33.434 [ATM] Player "Left Hand" (id=m_TD03B4NXDQrU5koHpLq3WyQf1hXTvQSdETJOTM8ss=) has deposited 141400 on his ATM account.
08:28:44.628 [Party] Player "Left Hand" (id=m_TD03B4NXDQrU5koHpLq3WyQf1hXTvQSdETJOTM8ss=) left the party "AURRRRRRORA" (id=1 ownerUID=m_TD03B4NXDQrU5koHpLq3WyQf1hXTvQSdETJOTM8ss= ownerName=F11 Simulator)
08:28:52.691 [Party] Player "Right Hand" (id=kOLgOs9yYBFVRQG3lqoHveYdP5X8y3SO69cq5MiR4us=) left the party "AURRRRRRORA" (id=1 ownerUID=m_TD03B4NXDQrU5koHpLq3WyQf1hXTvQSdETJOTM8ss= ownerName=F11 Simulator)
09:17:09.110 [MissionAirdrop] An airdrop is heading towards "Onondaga" (pos=<5756.386719, 0.000000, 7200.799316> type=Random_Onondaga) with a ExpansionAirdropContainer_Basebuilding
09:55:58.315 [VehicleEnter] Player "Gun" (id=dQV0MWQE63QrNRXqd-4btd7ZbIxSfqWMKo6FakQaWEs=) entered vehicle Bicycle (id=347536B7B34CA15114A9528886BC0587 pos=<3653.73, 343.9, 5294.63>) as driver
09:58:20.031 [VehicleLeave] Player "Gun" (id=dQV0MWQE63QrNRXqd-4btd7ZbIxSfqWMKo6FakQaWEs=) left vehicle Bicycle (id=347536B7B34CA15114A9528886BC0587 pos=<4165.13, 338.76, 4686.36>)
