08:14:36.003 [Safezone] Player "Rik" (id=rpUMMFdkD81hqRmEVmbXt9Xl6bNGl_ps0e-FoUrpbaM= pos=<6660.86, 123.18, 6015.67>) entered the safezone
08:16:36.277 [Market] Player "Rik" (id=rpUMMFdkD81hqRmEVmbXt9Xl6bNGl_ps0e-FoUrpbaM=) has sold mp133shotgun x1 (9bced0c0, FNP45_MRDSOptic<9d616950>) at the trader "Weapons (Denis [#STR_EXPANSION_MARKET_TRADER_WEAPONS])" in market zone "Trader Zone" (pos=<6675.160645, 104.603935, 6114.155762>) and got 468.
08:16:44.533 [Market] Player "Rik" (id=rpUMMFdkD81hqRmEVmbXt9Xl6bNGl_ps0e-FoUrpbaM=) has sold p1 x1 (9bcffd30, Mag_P1_8Rnd<9dae2610>, ammo_9x19 x3) at the trader "Weapons (Denis [#STR_EXPANSION_MARKET_TRADER_WEAPONS])" in market zone "Trader Zone" (pos=<6675.160645, 104.603935, 6114.155762>) and got 151.
08:16:46.564 [Market] Player "Rik" (id=rpUMMFdkD81hqRmEVmbXt9Xl6bNGl_ps0e-FoUrpbaM=) has sold ssg82 x1 (908aeff0) at the trader "Weapons (Denis [#STR_EXPANSION_MARKET_TRADER_WEAPONS])" in market zone "Trader Zone" (pos=<6675.160645, 104.603935, 6114.155762>) and got 253.
08:16:48.535 [Market] Player "Rik" (id=rpUMMFdkD81hqRmEVmbXt9Xl6bNGl_ps0e-FoUrpbaM=) has sold crudemachete x1 (b000e930) at the trader "Weapons (Denis [#STR_EXPANSION_MARKET_TRADER_WEAPONS])" in market zone "Trader Zone" (pos=<6675.160645, 104.603935, 6114.155762>) and got 2.
08:16:52.671 [Market] Player "Rik" (id=rpUMMFdkD81hqRmEVmbXt9Xl6bNGl_ps0e-FoUrpbaM=) has sold ammo_545x39 x1 (9bf35e40) at the trader "Weapons (Denis [#STR_EXPANSION_MARKET_TRADER_WEAPONS])" in market zone "Trader Zone" (pos=<6675.160645, 104.603935, 6114.155762>) and got 1.
08:16:58.820 [Market] Player "Rik" (id=rpUMMFdkD81hqRmEVmbXt9Xl6bNGl_ps0e-FoUrpbaM=) has bought ammo_545x39 x4 (9baea420) from the trader "Weapons (Denis [#STR_EXPANSION_MARKET_TRADER_WEAPONS])" in market zone "Trader Zone" (pos=<6675.160645, 104.603935, 6114.155762>) for a price of 8.
08:17:01.287 [Market] Player "Rik" (id=rpUMMFdkD81hqRmEVmbXt9Xl6bNGl_ps0e-FoUrpbaM=) has sold ammo_545x39 x1 (9baea420) at the trader "Weapons (Denis [#STR_EXPANSION_MARKET_TRADER_WEAPONS])" in market zone "Trader Zone" (pos=<6675.160645, 104.603935, 6114.155762>) and got 1.
08:17:08.734 [Market] Player "Rik" (id=rpUMMFdkD81hqRmEVmbXt9Xl6bNGl_ps0e-FoUrpbaM=) has sold ammo_545x39 x7 (9baea420, 9bf35e40) at the trader "Weapons (Denis [#STR_EXPANSION_MARKET_TRADER_WEAPONS])" in market zone "Trader Zone" (pos=<6675.160645, 104.603935, 6114.155762>) and got 7.
08:17:11.798 [Market] Player "Rik" (id=rpUMMFdkD81hqRmEVmbXt9Xl6bNGl_ps0e-FoUrpbaM=) has sold ammo_9x19 x1 (9784b240) at the trader "Weapons (Denis [#STR_EXPANSION_MARKET_TRADER_WEAPONS])" in market zone "Trader Zone" (pos=<6675.160645, 104.603935, 6114.155762>) and got 1.
08:17:39.185 [Market] Player "Rik" (id=rpUMMFdkD81hqRmEVmbXt9Xl6bNGl_ps0e-FoUrpbaM=) has sold ammo_9x19 x17 (9784b240) at the trader "Weapons (Denis [#STR_EXPANSION_MARKET_TRADER_WEAPONS])" in market zone "Trader Zone" (pos=<6675.160645, 104.603935, 6114.155762>) and got 17.
08:17:47.009 [Market] Player "Rik" (id=rpUMMFdkD81hqRmEVmbXt9Xl6bNGl_ps0e-FoUrpbaM=) has sold ammo_9x19 x7 (9784b240) at the trader "Weapons (Denis [#STR_EXPANSION_MARKET_TRADER_WEAPONS])" in market zone "Trader Zone" (pos=<6675.160645, 104.603935, 6114.155762>) and got 7.
08:18:47.425 [Market] Player "Rik" (id=rpUMMFdkD81hqRmEVmbXt9Xl6bNGl_ps0e-FoUrpbaM=) has bought salinebag x1 (9d7d9260) from the trader "Medicals (Mirek [#STR_EXPANSION_MARKET_TRADER_MEDICALS])" in market zone "Trader Zone" (pos=<6675.160645, 104.603935, 6114.155762>) for a price of 15.
08:18:49.421 [Market] Player "Rik" (id=rpUMMFdkD81hqRmEVmbXt9Xl6bNGl_ps0e-FoUrpbaM=) has bought tetracyclineantibiotics x1 (906bbf80) from the trader "Medicals (Mirek [#STR_EXPANSION_MARKET_TRADER_MEDICALS])" in market zone "Trader Zone" (pos=<6675.160645, 104.603935, 6114.155762>) for a price of 8.
08:18:52.820 [Market] Player "Rik" (id=rpUMMFdkD81hqRmEVmbXt9Xl6bNGl_ps0e-FoUrpbaM=) has bought vitaminbottle x1 (906c13f0) from the trader "Medicals (Mirek [#STR_EXPANSION_MARKET_TRADER_MEDICALS])" in market zone "Trader Zone" (pos=<6675.160645, 104.603935, 6114.155762>) for a price of 6.
08:20:49.240 [Market] Player "Rik" (id=rpUMMFdkD81hqRmEVmbXt9Xl6bNGl_ps0e-FoUrpbaM=) has bought tacticalbaconcan x1 (997bdfb0) from the trader "Consumables (Linda [#STR_EXPANSION_MARKET_TRADER_CONSUMABLES])" in market zone "Trader Zone" (pos=<6675.160645, 104.603935, 6114.155762>) for a price of 20.
08:20:50.271 [Market] Player "Rik" (id=rpUMMFdkD81hqRmEVmbXt9Xl6bNGl_ps0e-FoUrpbaM=) has bought tacticalbaconcan x1 (997b6710) from the trader "Consumables (Linda [#STR_EXPANSION_MARKET_TRADER_CONSUMABLES])" in market zone "Trader Zone" (pos=<6675.160645, 104.603935, 6114.155762>) for a price of 20.
08:20:59.988 [Market] Player "Rik" (id=rpUMMFdkD81hqRmEVmbXt9Xl6bNGl_ps0e-FoUrpbaM=) has bought porkcan x1 (997c4c40) from the trader "Consumables (Linda [#STR_EXPANSION_MARKET_TRADER_CONSUMABLES])" in market zone "Trader Zone" (pos=<6675.160645, 104.603935, 6114.155762>) for a price of 15.
08:21:01.890 [Market] Player "Rik" (id=rpUMMFdkD81hqRmEVmbXt9Xl6bNGl_ps0e-FoUrpbaM=) has bought porkcan x1 (997cacc0) from the trader "Consumables (Linda [#STR_EXPANSION_MARKET_TRADER_CONSUMABLES])" in market zone "Trader Zone" (pos=<6675.160645, 104.603935, 6114.155762>) for a price of 15.
08:25:41.494 [Market] Player "Rik" (id=rpUMMFdkD81hqRmEVmbXt9Xl6bNGl_ps0e-FoUrpbaM=) has sold thermometer x1 (9daec7f0) at the trader "Medicals (Mirek [#STR_EXPANSION_MARKET_TRADER_MEDICALS])" in market zone "Trader Zone" (pos=<6675.160645, 104.603935, 6114.155762>) and got 1.
08:25:48.662 [Market] Player "Rik" (id=rpUMMFdkD81hqRmEVmbXt9Xl6bNGl_ps0e-FoUrpbaM=) has sold bloodbagempty x1 (9de2ac70) at the trader "Medicals (Mirek [#STR_EXPANSION_MARKET_TRADER_MEDICALS])" in market zone "Trader Zone" (pos=<6675.160645, 104.603935, 6114.155762>) and got 3.
08:25:50.312 [Market] Player "Rik" (id=rpUMMFdkD81hqRmEVmbXt9Xl6bNGl_ps0e-FoUrpbaM=) has sold bloodtestkit x1 (9de24460) at the trader "Medicals (Mirek [#STR_EXPANSION_MARKET_TRADER_MEDICALS])" in market zone "Trader Zone" (pos=<6675.160645, 104.603935, 6114.155762>) and got 0.
08:25:52.714 [Market] Player "Rik" (id=rpUMMFdkD81hqRmEVmbXt9Xl6bNGl_ps0e-FoUrpbaM=) has sold bloodtestkit x1 (9daeb0d0) at the trader "Medicals (Mirek [#STR_EXPANSION_MARKET_TRADER_MEDICALS])" in market zone "Trader Zone" (pos=<6675.160645, 104.603935, 6114.155762>) and got 0.
08:26:01.015 [Market] Player "Rik" (id=rpUMMFdkD81hqRmEVmbXt9Xl6bNGl_ps0e-FoUrpbaM=) has bought startkitiv x1 (932678f0) from the trader "Medicals (Mirek [#STR_EXPANSION_MARKET_TRADER_MEDICALS])" in market zone "Trader Zone" (pos=<6675.160645, 104.603935, 6114.155762>) for a price of 10.
08:26:06.527 [Market] Player "Rik" (id=rpUMMFdkD81hqRmEVmbXt9Xl6bNGl_ps0e-FoUrpbaM=) has bought salinebag x1 (901d71a0) from the trader "Medicals (Mirek [#STR_EXPANSION_MARKET_TRADER_MEDICALS])" in market zone "Trader Zone" (pos=<6675.160645, 104.603935, 6114.155762>) for a price of 15.
08:35:26.871 [Market] Player "Rik" (id=rpUMMFdkD81hqRmEVmbXt9Xl6bNGl_ps0e-FoUrpbaM=) has bought m65jacket_black x1 (98338330) from the trader "Clothing (Naomi [#STR_EXPANSION_MARKET_TRADER_CLOTHING])" in market zone "Trader Zone" (pos=<6675.160645, 104.603935, 6114.155762>) for a price of 130.
08:37:55.494 [Market] Player "Rik" (id=rpUMMFdkD81hqRmEVmbXt9Xl6bNGl_ps0e-FoUrpbaM=) has bought coyotebag_brown x1 (9d925b50) from the trader "Clothing (Naomi [#STR_EXPANSION_MARKET_TRADER_CLOTHING])" in market zone "Trader Zone" (pos=<6675.160645, 104.603935, 6114.155762>) for a price of 180.
08:38:23.095 [Market] Player "Rik" (id=rpUMMFdkD81hqRmEVmbXt9Xl6bNGl_ps0e-FoUrpbaM=) has sold quiltedjacket_violet x1 (9b93b6b0) at the trader "Clothing (Naomi [#STR_EXPANSION_MARKET_TRADER_CLOTHING])" in market zone "Trader Zone" (pos=<6675.160645, 104.603935, 6114.155762>) and got 9.
08:38:36.841 [Market] Player "Rik" (id=rpUMMFdkD81hqRmEVmbXt9Xl6bNGl_ps0e-FoUrpbaM=) has sold coyotebag_brown x1 (9d925b50) at the trader "Clothing (Naomi [#STR_EXPANSION_MARKET_TRADER_CLOTHING])" in market zone "Trader Zone" (pos=<6675.160645, 104.603935, 6114.155762>) and got 135.
08:38:51.613 [Market] Player "Rik" (id=rpUMMFdkD81hqRmEVmbXt9Xl6bNGl_ps0e-FoUrpbaM=) has bought expansioncoyoteblack x1 (99b84990) from the trader "Clothing (Naomi [#STR_EXPANSION_MARKET_TRADER_CLOTHING])" in market zone "Trader Zone" (pos=<6675.160645, 104.603935, 6114.155762>) for a price of 180.
08:40:05.562 [Market] Player "Rik" (id=rpUMMFdkD81hqRmEVmbXt9Xl6bNGl_ps0e-FoUrpbaM=) has sold canvasbag_medical x1 (9df72010) at the trader "Clothing (Naomi [#STR_EXPANSION_MARKET_TRADER_CLOTHING])" in market zone "Trader Zone" (pos=<6675.160645, 104.603935, 6114.155762>) and got 45.
08:40:27.027 [Market] Player "Rik" (id=rpUMMFdkD81hqRmEVmbXt9Xl6bNGl_ps0e-FoUrpbaM=) has bought ttskoboots x1 (97544490) from the trader "Clothing (Naomi [#STR_EXPANSION_MARKET_TRADER_CLOTHING])" in market zone "Trader Zone" (pos=<6675.160645, 104.603935, 6114.155762>) for a price of 100.
08:40:44.796 [Market] Player "Rik" (id=rpUMMFdkD81hqRmEVmbXt9Xl6bNGl_ps0e-FoUrpbaM=) has bought nbcglovesgray x1 (9d7d9df0) from the trader "Clothing (Naomi [#STR_EXPANSION_MARKET_TRADER_CLOTHING])" in market zone "Trader Zone" (pos=<6675.160645, 104.603935, 6114.155762>) for a price of 80.
08:41:02.429 [Market] Player "Rik" (id=rpUMMFdkD81hqRmEVmbXt9Xl6bNGl_ps0e-FoUrpbaM=) has bought tacticalgloves_black x1 (90b7a0a0) from the trader "Clothing (Naomi [#STR_EXPANSION_MARKET_TRADER_CLOTHING])" in market zone "Trader Zone" (pos=<6675.160645, 104.603935, 6114.155762>) for a price of 35.
08:41:58.939 [Market] Player "Rik" (id=rpUMMFdkD81hqRmEVmbXt9Xl6bNGl_ps0e-FoUrpbaM=) has bought cargopants_black x1 (9f8289b0) from the trader "Clothing (Naomi [#STR_EXPANSION_MARKET_TRADER_CLOTHING])" in market zone "Trader Zone" (pos=<6675.160645, 104.603935, 6114.155762>) for a price of 35.
08:42:29.339 [Market] Player "Rik" (id=rpUMMFdkD81hqRmEVmbXt9Xl6bNGl_ps0e-FoUrpbaM=) has sold workingboots_yellow x1 (99e7f560) at the trader "Clothing (Naomi [#STR_EXPANSION_MARKET_TRADER_CLOTHING])" in market zone "Trader Zone" (pos=<6675.160645, 104.603935, 6114.155762>) and got 30.
08:43:55.910 [Market] Player "Rik" (id=rpUMMFdkD81hqRmEVmbXt9Xl6bNGl_ps0e-FoUrpbaM=) has sold policepantsorel x1 (9bf231a0) at the trader "Clothing (Naomi [#STR_EXPANSION_MARKET_TRADER_CLOTHING])" in market zone "Trader Zone" (pos=<6675.160645, 104.603935, 6114.155762>) and got 13.
08:44:16.355 [Market] Player "Rik" (id=rpUMMFdkD81hqRmEVmbXt9Xl6bNGl_ps0e-FoUrpbaM=) has bought platecarriervest_black x1 (f7e8b050) from the trader "Clothing (Naomi [#STR_EXPANSION_MARKET_TRADER_CLOTHING])" in market zone "Trader Zone" (pos=<6675.160645, 104.603935, 6114.155762>) for a price of 250.
08:44:41.812 [Market] Player "Rik" (id=rpUMMFdkD81hqRmEVmbXt9Xl6bNGl_ps0e-FoUrpbaM=) has sold policevest x1 (9bf1a6e0) at the trader "Clothing (Naomi [#STR_EXPANSION_MARKET_TRADER_CLOTHING])" in market zone "Trader Zone" (pos=<6675.160645, 104.603935, 6114.155762>) and got 19.
08:49:35.689 [Safezone] Player "Rik" (id=rpUMMFdkD81hqRmEVmbXt9Xl6bNGl_ps0e-FoUrpbaM= pos=<6668.96, 102.5, 6109.87>) entered the safezone
08:50:20.144 [ATM] Player "Rik" (id=rpUMMFdkD81hqRmEVmbXt9Xl6bNGl_ps0e-FoUrpbaM=) has withdrawn 10000 from his ATM account.
08:51:08.734 [Market] Player "Rik" (id=rpUMMFdkD81hqRmEVmbXt9Xl6bNGl_ps0e-FoUrpbaM=) has bought expansion_m16 x1 (e9553630, Mag_STANAG_30Rnd<9bf439f0>, ammo_556x45 x30) from the trader "Weapons (Denis [#STR_EXPANSION_MARKET_TRADER_WEAPONS])" in market zone "Trader Zone" (pos=<6675.160645, 104.603935, 6114.155762>) for a price of 440.
08:51:23.562 [Market] Player "Rik" (id=rpUMMFdkD81hqRmEVmbXt9Xl6bNGl_ps0e-FoUrpbaM=) has bought saiga x1 (e954e7d0, Mag_Saiga_8Rnd<ca267dd0>, ammo_12gapellets x8, Saiga_Bttstck<ca262150>) from the trader "Weapons (Denis [#STR_EXPANSION_MARKET_TRADER_WEAPONS])" in market zone "Trader Zone" (pos=<6675.160645, 104.603935, 6114.155762>) for a price of 1910.
08:51:56.328 [Market] Player "Rik" (id=rpUMMFdkD81hqRmEVmbXt9Xl6bNGl_ps0e-FoUrpbaM=) has bought fnx45 x1 (e9554340, Mag_FNX45_15Rnd<9834d280>, ammo_45acp x15) from the trader "Weapons (Denis [#STR_EXPANSION_MARKET_TRADER_WEAPONS])" in market zone "Trader Zone" (pos=<6675.160645, 104.603935, 6114.155762>) for a price of 245.
08:52:19.427 [Market] Player "Rik" (id=rpUMMFdkD81hqRmEVmbXt9Xl6bNGl_ps0e-FoUrpbaM=) has bought ammobox_00buck_10rnd x4 (9f82daa0) from the trader "Weapons (Denis [#STR_EXPANSION_MARKET_TRADER_WEAPONS])" in market zone "Trader Zone" (pos=<6675.160645, 104.603935, 6114.155762>) for a price of 160.
08:52:49.742 [Market] Player "Rik" (id=rpUMMFdkD81hqRmEVmbXt9Xl6bNGl_ps0e-FoUrpbaM=) has bought m4_suppressor x1 (9bf248c0) from the trader "Attachments (Jose [#STR_EXPANSION_MARKET_TRADER_ATTACHMENTS])" in market zone "Trader Zone" (pos=<6675.160645, 104.603935, 6114.155762>) for a price of 25.
08:52:51.531 [Market] Player "Rik" (id=rpUMMFdkD81hqRmEVmbXt9Xl6bNGl_ps0e-FoUrpbaM=) has bought pistolsuppressor x1 (9322e780) from the trader "Attachments (Jose [#STR_EXPANSION_MARKET_TRADER_ATTACHMENTS])" in market zone "Trader Zone" (pos=<6675.160645, 104.603935, 6114.155762>) for a price of 15.
08:54:08.931 [Market] Player "Rik" (id=rpUMMFdkD81hqRmEVmbXt9Xl6bNGl_ps0e-FoUrpbaM=) has bought mag_stanag_30rnd x1 (9c2d9400, ammo_556x45 x30) from the trader "Attachments (Jose [#STR_EXPANSION_MARKET_TRADER_ATTACHMENTS])" in market zone "Trader Zone" (pos=<6675.160645, 104.603935, 6114.155762>) for a price of 280.
08:54:11.195 [Market] Player "Rik" (id=rpUMMFdkD81hqRmEVmbXt9Xl6bNGl_ps0e-FoUrpbaM=) has bought mag_stanag_30rnd x3 (e879d780, ammo_556x45 x30, ammo_556x45 x30, ammo_556x45 x30) from the trader "Attachments (Jose [#STR_EXPANSION_MARKET_TRADER_ATTACHMENTS])" in market zone "Trader Zone" (pos=<6675.160645, 104.603935, 6114.155762>) for a price of 840.
08:54:18.666 [Market] Player "Rik" (id=rpUMMFdkD81hqRmEVmbXt9Xl6bNGl_ps0e-FoUrpbaM=) has bought mag_saiga_5rnd x1 (95f156c0, ammo_12gapellets x5) from the trader "Attachments (Jose [#STR_EXPANSION_MARKET_TRADER_ATTACHMENTS])" in market zone "Trader Zone" (pos=<6675.160645, 104.603935, 6114.155762>) for a price of 125.
08:54:21.000 [Market] Player "Rik" (id=rpUMMFdkD81hqRmEVmbXt9Xl6bNGl_ps0e-FoUrpbaM=) has bought mag_saiga_5rnd x3 (9df6dab0, ammo_12gapellets x5, ammo_12gapellets x5, ammo_12gapellets x5) from the trader "Attachments (Jose [#STR_EXPANSION_MARKET_TRADER_ATTACHMENTS])" in market zone "Trader Zone" (pos=<6675.160645, 104.603935, 6114.155762>) for a price of 375.
08:54:38.675 [Market] Player "Rik" (id=rpUMMFdkD81hqRmEVmbXt9Xl6bNGl_ps0e-FoUrpbaM=) has bought mag_fnx45_15rnd x2 (99a4bb90, ammo_45acp x15, ammo_45acp x15) from the trader "Attachments (Jose [#STR_EXPANSION_MARKET_TRADER_ATTACHMENTS])" in market zone "Trader Zone" (pos=<6675.160645, 104.603935, 6114.155762>) for a price of 140.
08:57:08.853 [Market] Player "Rik" (id=rpUMMFdkD81hqRmEVmbXt9Xl6bNGl_ps0e-FoUrpbaM=) has bought mag_saiga_8rnd x1 (9dadc990, ammo_12gapellets x8) from the trader "Attachments (Jose [#STR_EXPANSION_MARKET_TRADER_ATTACHMENTS])" in market zone "Trader Zone" (pos=<6675.160645, 104.603935, 6114.155762>) for a price of 260.
08:57:14.238 [Market] Player "Rik" (id=rpUMMFdkD81hqRmEVmbXt9Xl6bNGl_ps0e-FoUrpbaM=) has bought mag_saiga_8rnd x3 (9bb0dab0, ammo_12gapellets x8, ammo_12gapellets x8, ammo_12gapellets x8) from the trader "Attachments (Jose [#STR_EXPANSION_MARKET_TRADER_ATTACHMENTS])" in market zone "Trader Zone" (pos=<6675.160645, 104.603935, 6114.155762>) for a price of 780.
08:57:25.748 [Market] Player "Rik" (id=rpUMMFdkD81hqRmEVmbXt9Xl6bNGl_ps0e-FoUrpbaM=) has sold mag_saiga_5rnd x4 (9df6dab0, ammo_12gapellets x5, e87c2530, ammo_12gapellets x5, 97530c60, ammo_12gapellets x5, 95f156c0, ammo_12gapellets x5) at the trader "Attachments (Jose [#STR_EXPANSION_MARKET_TRADER_ATTACHMENTS])" in market zone "Trader Zone" (pos=<6675.160645, 104.603935, 6114.155762>) and got 360.
08:58:36.708 [Market] Player "Rik" (id=rpUMMFdkD81hqRmEVmbXt9Xl6bNGl_ps0e-FoUrpbaM=) has bought expansionreflexmrsoptic x1 (962aa910, Battery9V<9d582ee0>) from the trader "Attachments (Jose [#STR_EXPANSION_MARKET_TRADER_ATTACHMENTS])" in market zone "Trader Zone" (pos=<6675.160645, 104.603935, 6114.155762>) for a price of 160.
08:59:09.425 [Market] Player "Rik" (id=rpUMMFdkD81hqRmEVmbXt9Xl6bNGl_ps0e-FoUrpbaM=) has bought kobraoptic x1 (92d9a2f0, Battery9V<9dc68c80>) from the trader "Attachments (Jose [#STR_EXPANSION_MARKET_TRADER_ATTACHMENTS])" in market zone "Trader Zone" (pos=<6675.160645, 104.603935, 6114.155762>) for a price of 610.
08:59:32.769 [Market] Player "Rik" (id=rpUMMFdkD81hqRmEVmbXt9Xl6bNGl_ps0e-FoUrpbaM=) has bought headtorch_black x1 (92f3c190, Battery9V<9bf0b410>) from the trader "Components (Cyril [#STR_EXPANSION_MARKET_TRADER_COMPONENTS])" in market zone "Trader Zone" (pos=<6675.160645, 104.603935, 6114.155762>) for a price of 50.
08:59:37.619 [Market] Player "Rik" (id=rpUMMFdkD81hqRmEVmbXt9Xl6bNGl_ps0e-FoUrpbaM=) has bought portablegasstove x1 (9c52d5d0, MediumGasCanister<9097fe10>) from the trader "Components (Cyril [#STR_EXPANSION_MARKET_TRADER_COMPONENTS])" in market zone "Trader Zone" (pos=<6675.160645, 104.603935, 6114.155762>) for a price of 130.
09:00:00.583 [Market] Player "Rik" (id=rpUMMFdkD81hqRmEVmbXt9Xl6bNGl_ps0e-FoUrpbaM=) has bought pot x1 (97e9c950) from the trader "Components (Cyril [#STR_EXPANSION_MARKET_TRADER_COMPONENTS])" in market zone "Trader Zone" (pos=<6675.160645, 104.603935, 6114.155762>) for a price of 25.
09:00:14.312 [Market] Player "Rik" (id=rpUMMFdkD81hqRmEVmbXt9Xl6bNGl_ps0e-FoUrpbaM=) has bought battery9v x1 (99810650) from the trader "Components (Cyril [#STR_EXPANSION_MARKET_TRADER_COMPONENTS])" in market zone "Trader Zone" (pos=<6675.160645, 104.603935, 6114.155762>) for a price of 10.
09:00:14.820 [Market] Player "Rik" (id=rpUMMFdkD81hqRmEVmbXt9Xl6bNGl_ps0e-FoUrpbaM=) has bought battery9v x1 (997f7d30) from the trader "Components (Cyril [#STR_EXPANSION_MARKET_TRADER_COMPONENTS])" in market zone "Trader Zone" (pos=<6675.160645, 104.603935, 6114.155762>) for a price of 10.
09:02:02.255 [Safezone] Player "{1:name}" (id={1:id} pos={1:position}) left the safezone
09:10:51.210 [Safezone] Player "Rik" (id=rpUMMFdkD81hqRmEVmbXt9Xl6bNGl_ps0e-FoUrpbaM= pos=<6624.71, 135.55, 6029.39>) entered the safezone
09:14:52.480 [Market] Player "Rik" (id=rpUMMFdkD81hqRmEVmbXt9Xl6bNGl_ps0e-FoUrpbaM=) has sold ammo_12gapellets x40 (9bc571a0, 99c8fe00, 97a2b8f0, 99e69a80) at the trader "Weapons (Denis [#STR_EXPANSION_MARKET_TRADER_WEAPONS])" in market zone "Trader Zone" (pos=<6675.160645, 104.603935, 6114.155762>) and got 120.
09:14:57.550 [Market] Player "Rik" (id=rpUMMFdkD81hqRmEVmbXt9Xl6bNGl_ps0e-FoUrpbaM=) has sold saiga x1 (e954e7d0, Saiga_Bttstck<ca262150>, Mag_Saiga_8Rnd<ca267dd0>, ammo_12gapellets x2, KobraOptic<92d9a2f0>, Battery9V<9dc68c80>) at the trader "Weapons (Denis [#STR_EXPANSION_MARKET_TRADER_WEAPONS])" in market zone "Trader Zone" (pos=<6675.160645, 104.603935, 6114.155762>) and got 1865.
09:15:31.632 [Market] Player "Rik" (id=rpUMMFdkD81hqRmEVmbXt9Xl6bNGl_ps0e-FoUrpbaM=) has sold mag_saiga_8rnd x1 (9dadc990, ammo_12gapellets x8) at the trader "Attachments (Jose [#STR_EXPANSION_MARKET_TRADER_ATTACHMENTS])" in market zone "Trader Zone" (pos=<6675.160645, 104.603935, 6114.155762>) and got 189.
09:15:32.195 [Market] Player "Rik" (id=rpUMMFdkD81hqRmEVmbXt9Xl6bNGl_ps0e-FoUrpbaM=) has sold mag_saiga_8rnd x1 (92f23870, ammo_12gapellets x8) at the trader "Attachments (Jose [#STR_EXPANSION_MARKET_TRADER_ATTACHMENTS])" in market zone "Trader Zone" (pos=<6675.160645, 104.603935, 6114.155762>) and got 189.
09:15:32.937 [Market] Player "Rik" (id=rpUMMFdkD81hqRmEVmbXt9Xl6bNGl_ps0e-FoUrpbaM=) has sold mag_saiga_8rnd x1 (93419b70, ammo_12gapellets x8) at the trader "Attachments (Jose [#STR_EXPANSION_MARKET_TRADER_ATTACHMENTS])" in market zone "Trader Zone" (pos=<6675.160645, 104.603935, 6114.155762>) and got 189.
09:15:33.929 [Market] Player "Rik" (id=rpUMMFdkD81hqRmEVmbXt9Xl6bNGl_ps0e-FoUrpbaM=) has sold mag_saiga_8rnd x1 (9bb0dab0, ammo_12gapellets x8) at the trader "Attachments (Jose [#STR_EXPANSION_MARKET_TRADER_ATTACHMENTS])" in market zone "Trader Zone" (pos=<6675.160645, 104.603935, 6114.155762>) and got 189.
09:16:12.500 [Market] Player "Rik" (id=rpUMMFdkD81hqRmEVmbXt9Xl6bNGl_ps0e-FoUrpbaM=) has bought ammobox_556x45_20rnd x1 (9d3c6900) from the trader "Weapons (Denis [#STR_EXPANSION_MARKET_TRADER_WEAPONS])" in market zone "Trader Zone" (pos=<6675.160645, 104.603935, 6114.155762>) for a price of 32.
09:16:15.980 [Market] Player "Rik" (id=rpUMMFdkD81hqRmEVmbXt9Xl6bNGl_ps0e-FoUrpbaM=) has bought ammobox_556x45_20rnd x1 (90767990) from the trader "Weapons (Denis [#STR_EXPANSION_MARKET_TRADER_WEAPONS])" in market zone "Trader Zone" (pos=<6675.160645, 104.603935, 6114.155762>) for a price of 32.
09:16:16.687 [Market] Player "Rik" (id=rpUMMFdkD81hqRmEVmbXt9Xl6bNGl_ps0e-FoUrpbaM=) has bought ammobox_556x45_20rnd x1 (99a21160) from the trader "Weapons (Denis [#STR_EXPANSION_MARKET_TRADER_WEAPONS])" in market zone "Trader Zone" (pos=<6675.160645, 104.603935, 6114.155762>) for a price of 32.
09:16:20.234 [Market] Player "Rik" (id=rpUMMFdkD81hqRmEVmbXt9Xl6bNGl_ps0e-FoUrpbaM=) has bought ammobox_556x45_20rnd x1 (99c99450) from the trader "Weapons (Denis [#STR_EXPANSION_MARKET_TRADER_WEAPONS])" in market zone "Trader Zone" (pos=<6675.160645, 104.603935, 6114.155762>) for a price of 32.
09:16:22.464 [Market] Player "Rik" (id=rpUMMFdkD81hqRmEVmbXt9Xl6bNGl_ps0e-FoUrpbaM=) has bought ammobox_556x45_20rnd x1 (9558e160) from the trader "Weapons (Denis [#STR_EXPANSION_MARKET_TRADER_WEAPONS])" in market zone "Trader Zone" (pos=<6675.160645, 104.603935, 6114.155762>) for a price of 32.
09:18:16.007 [Market] Player "Rik" (id=rpUMMFdkD81hqRmEVmbXt9Xl6bNGl_ps0e-FoUrpbaM=) has bought startkitiv x1 (9c2ee350) from the trader "Medicals (Mirek [#STR_EXPANSION_MARKET_TRADER_MEDICALS])" in market zone "Trader Zone" (pos=<6675.160645, 104.603935, 6114.155762>) for a price of 10.
09:18:17.156 [Market] Player "Rik" (id=rpUMMFdkD81hqRmEVmbXt9Xl6bNGl_ps0e-FoUrpbaM=) has bought salinebag x1 (9c3102c0) from the trader "Medicals (Mirek [#STR_EXPANSION_MARKET_TRADER_MEDICALS])" in market zone "Trader Zone" (pos=<6675.160645, 104.603935, 6114.155762>) for a price of 15.
09:19:42.105 [Safezone] Player "{1:name}" (id={1:id} pos={1:position}) left the safezone
09:25:56.453 [Safezone] Player "FatStew" (id=olOKcMVLeXO59FyTqtoNTPQRtNRwYAGyc-bi0wvUcLg= pos=<6577.08, 138.29, 6130.53>) entered the safezone
09:26:08.460 [Safezone] Player "Rik" (id=rpUMMFdkD81hqRmEVmbXt9Xl6bNGl_ps0e-FoUrpbaM= pos=<6633.96, 132.79, 6024.34>) entered the safezone
09:27:23.230 [ATM] Player "FatStew" (id=olOKcMVLeXO59FyTqtoNTPQRtNRwYAGyc-bi0wvUcLg=) has withdrawn 10000 from his ATM account.
09:27:56.671 [Market] Player "FatStew" (id=olOKcMVLeXO59FyTqtoNTPQRtNRwYAGyc-bi0wvUcLg=) has bought tetracyclineantibiotics x1 (997c1c00) from the trader "Medicals (Mirek [#STR_EXPANSION_MARKET_TRADER_MEDICALS])" in market zone "Trader Zone" (pos=<6675.160645, 104.603935, 6114.155762>) for a price of 8.
09:27:59.406 [Market] Player "FatStew" (id=olOKcMVLeXO59FyTqtoNTPQRtNRwYAGyc-bi0wvUcLg=) has bought vitaminbottle x1 (997baf70) from the trader "Medicals (Mirek [#STR_EXPANSION_MARKET_TRADER_MEDICALS])" in market zone "Trader Zone" (pos=<6675.160645, 104.603935, 6114.155762>) for a price of 6.
09:28:01.546 [Market] Player "FatStew" (id=olOKcMVLeXO59FyTqtoNTPQRtNRwYAGyc-bi0wvUcLg=) has bought salinebag x1 (e3d3ac60) from the trader "Medicals (Mirek [#STR_EXPANSION_MARKET_TRADER_MEDICALS])" in market zone "Trader Zone" (pos=<6675.160645, 104.603935, 6114.155762>) for a price of 15.
09:28:02.554 [Market] Player "FatStew" (id=olOKcMVLeXO59FyTqtoNTPQRtNRwYAGyc-bi0wvUcLg=) has bought startkitiv x1 (e3d3e630) from the trader "Medicals (Mirek [#STR_EXPANSION_MARKET_TRADER_MEDICALS])" in market zone "Trader Zone" (pos=<6675.160645, 104.603935, 6114.155762>) for a price of 10.
09:28:23.796 [Market] Player "Rik" (id=rpUMMFdkD81hqRmEVmbXt9Xl6bNGl_ps0e-FoUrpbaM=) has bought combatknife x1 (e3d3e630) from the trader "Weapons (Denis [#STR_EXPANSION_MARKET_TRADER_WEAPONS])" in market zone "Trader Zone" (pos=<6675.160645, 104.603935, 6114.155762>) for a price of 10.
09:29:25.476 [Market] Player "FatStew" (id=olOKcMVLeXO59FyTqtoNTPQRtNRwYAGyc-bi0wvUcLg=) has bought alicebag_green x1 (9bf16d10) from the trader "Clothing (Naomi [#STR_EXPANSION_MARKET_TRADER_CLOTHING])" in market zone "Trader Zone" (pos=<6675.160645, 104.603935, 6114.155762>) for a price of 400.
09:29:34.851 [Market] Player "FatStew" (id=olOKcMVLeXO59FyTqtoNTPQRtNRwYAGyc-bi0wvUcLg=) has bought hippack_black x1 (9a241620) from the trader "Clothing (Naomi [#STR_EXPANSION_MARKET_TRADER_CLOTHING])" in market zone "Trader Zone" (pos=<6675.160645, 104.603935, 6114.155762>) for a price of 100.
09:29:36.625 [Market] Player "FatStew" (id=olOKcMVLeXO59FyTqtoNTPQRtNRwYAGyc-bi0wvUcLg=) has bought militarybelt x1 (9bc50990) from the trader "Clothing (Naomi [#STR_EXPANSION_MARKET_TRADER_CLOTHING])" in market zone "Trader Zone" (pos=<6675.160645, 104.603935, 6114.155762>) for a price of 100.
09:29:39.949 [Market] Player "Rik" (id=rpUMMFdkD81hqRmEVmbXt9Xl6bNGl_ps0e-FoUrpbaM=) has bought airbornemask x1 (9bc70650) from the trader "Clothing (Naomi [#STR_EXPANSION_MARKET_TRADER_CLOTHING])" in market zone "Trader Zone" (pos=<6675.160645, 104.603935, 6114.155762>) for a price of 200.
09:29:45.144 [Market] Player "FatStew" (id=olOKcMVLeXO59FyTqtoNTPQRtNRwYAGyc-bi0wvUcLg=) has bought ttskoboots x1 (9c1056c0) from the trader "Clothing (Naomi [#STR_EXPANSION_MARKET_TRADER_CLOTHING])" in market zone "Trader Zone" (pos=<6675.160645, 104.603935, 6114.155762>) for a price of 100.
09:29:59.660 [Market] Player "Rik" (id=rpUMMFdkD81hqRmEVmbXt9Xl6bNGl_ps0e-FoUrpbaM=) has bought platecarrierholster_black x1 (90b870c0) from the trader "Clothing (Naomi [#STR_EXPANSION_MARKET_TRADER_CLOTHING])" in market zone "Trader Zone" (pos=<6675.160645, 104.603935, 6114.155762>) for a price of 60.
09:30:04.230 [Market] Player "Rik" (id=rpUMMFdkD81hqRmEVmbXt9Xl6bNGl_ps0e-FoUrpbaM=) has bought nylonknifesheath x1 (90d8fc30) from the trader "Clothing (Naomi [#STR_EXPANSION_MARKET_TRADER_CLOTHING])" in market zone "Trader Zone" (pos=<6675.160645, 104.603935, 6114.155762>) for a price of 30.
09:30:12.199 [Market] Player "Rik" (id=rpUMMFdkD81hqRmEVmbXt9Xl6bNGl_ps0e-FoUrpbaM=) has bought platecarrierpouches_black x1 (90da8550) from the trader "Clothing (Naomi [#STR_EXPANSION_MARKET_TRADER_CLOTHING])" in market zone "Trader Zone" (pos=<6675.160645, 104.603935, 6114.155762>) for a price of 100.
09:30:22.203 [Market] Player "FatStew" (id=olOKcMVLeXO59FyTqtoNTPQRtNRwYAGyc-bi0wvUcLg=) has bought nbcjacketgray x1 (9d922180) from the trader "Clothing (Naomi [#STR_EXPANSION_MARKET_TRADER_CLOTHING])" in market zone "Trader Zone" (pos=<6675.160645, 104.603935, 6114.155762>) for a price of 250.
09:30:41.847 [Market] Player "FatStew" (id=olOKcMVLeXO59FyTqtoNTPQRtNRwYAGyc-bi0wvUcLg=) has bought nvgheadstrap x1 (95594970) from the trader "Clothing (Naomi [#STR_EXPANSION_MARKET_TRADER_CLOTHING])" in market zone "Trader Zone" (pos=<6675.160645, 104.603935, 6114.155762>) for a price of 200.
09:30:46.746 [Market] Player "FatStew" (id=olOKcMVLeXO59FyTqtoNTPQRtNRwYAGyc-bi0wvUcLg=) has bought omnogloves_gray x1 (955b3aa0) from the trader "Clothing (Naomi [#STR_EXPANSION_MARKET_TRADER_CLOTHING])" in market zone "Trader Zone" (pos=<6675.160645, 104.603935, 6114.155762>) for a price of 40.
09:30:50.882 [Market] Player "FatStew" (id=olOKcMVLeXO59FyTqtoNTPQRtNRwYAGyc-bi0wvUcLg=) has bought tacticalgloves_black x1 (901de540) from the trader "Clothing (Naomi [#STR_EXPANSION_MARKET_TRADER_CLOTHING])" in market zone "Trader Zone" (pos=<6675.160645, 104.603935, 6114.155762>) for a price of 35.
09:30:57.757 [Market] Player "FatStew" (id=olOKcMVLeXO59FyTqtoNTPQRtNRwYAGyc-bi0wvUcLg=) has bought nbchoodgray x1 (901d9fe0) from the trader "Clothing (Naomi [#STR_EXPANSION_MARKET_TRADER_CLOTHING])" in market zone "Trader Zone" (pos=<6675.160645, 104.603935, 6114.155762>) for a price of 100.
09:31:14.222 [Market] Player "FatStew" (id=olOKcMVLeXO59FyTqtoNTPQRtNRwYAGyc-bi0wvUcLg=) has bought nylonknifesheath x1 (9042f780) from the trader "Clothing (Naomi [#STR_EXPANSION_MARKET_TRADER_CLOTHING])" in market zone "Trader Zone" (pos=<6675.160645, 104.603935, 6114.155762>) for a price of 30.
09:31:15.187 [Market] Player "FatStew" (id=olOKcMVLeXO59FyTqtoNTPQRtNRwYAGyc-bi0wvUcLg=) has bought platecarrierpouches x1 (9c130c80) from the trader "Clothing (Naomi [#STR_EXPANSION_MARKET_TRADER_CLOTHING])" in market zone "Trader Zone" (pos=<6675.160645, 104.603935, 6114.155762>) for a price of 100.
09:31:16.253 [Market] Player "FatStew" (id=olOKcMVLeXO59FyTqtoNTPQRtNRwYAGyc-bi0wvUcLg=) has bought platecarrierholster x1 (9b749960) from the trader "Clothing (Naomi [#STR_EXPANSION_MARKET_TRADER_CLOTHING])" in market zone "Trader Zone" (pos=<6675.160645, 104.603935, 6114.155762>) for a price of 60.
09:31:28.398 [Market] Player "FatStew" (id=olOKcMVLeXO59FyTqtoNTPQRtNRwYAGyc-bi0wvUcLg=) has bought airbornemask x1 (9c113e00) from the trader "Clothing (Naomi [#STR_EXPANSION_MARKET_TRADER_CLOTHING])" in market zone "Trader Zone" (pos=<6675.160645, 104.603935, 6114.155762>) for a price of 200.
09:31:28.859 [Market] Player "FatStew" (id=olOKcMVLeXO59FyTqtoNTPQRtNRwYAGyc-bi0wvUcLg=) has bought airbornemask x1 (ca288620) from the trader "Clothing (Naomi [#STR_EXPANSION_MARKET_TRADER_CLOTHING])" in market zone "Trader Zone" (pos=<6675.160645, 104.603935, 6114.155762>) for a price of 200.
09:31:29.328 [Market] Player "FatStew" (id=olOKcMVLeXO59FyTqtoNTPQRtNRwYAGyc-bi0wvUcLg=) has bought airbornemask x1 (90d9b530) from the trader "Clothing (Naomi [#STR_EXPANSION_MARKET_TRADER_CLOTHING])" in market zone "Trader Zone" (pos=<6675.160645, 104.603935, 6114.155762>) for a price of 200.
09:31:29.667 [Market] Player "FatStew" (id=olOKcMVLeXO59FyTqtoNTPQRtNRwYAGyc-bi0wvUcLg=) has bought airbornemask x1 (ca284c50) from the trader "Clothing (Naomi [#STR_EXPANSION_MARKET_TRADER_CLOTHING])" in market zone "Trader Zone" (pos=<6675.160645, 104.603935, 6114.155762>) for a price of 200.
09:31:30.085 [Market] Player "FatStew" (id=olOKcMVLeXO59FyTqtoNTPQRtNRwYAGyc-bi0wvUcLg=) has bought airbornemask x1 (9c303e30) from the trader "Clothing (Naomi [#STR_EXPANSION_MARKET_TRADER_CLOTHING])" in market zone "Trader Zone" (pos=<6675.160645, 104.603935, 6114.155762>) for a price of 200.
09:31:37.152 [Market] Player "FatStew" (id=olOKcMVLeXO59FyTqtoNTPQRtNRwYAGyc-bi0wvUcLg=) has bought nbcpantsgray x1 (95d6f7c0) from the trader "Clothing (Naomi [#STR_EXPANSION_MARKET_TRADER_CLOTHING])" in market zone "Trader Zone" (pos=<6675.160645, 104.603935, 6114.155762>) for a price of 250.
09:31:49.718 [Market] Player "FatStew" (id=olOKcMVLeXO59FyTqtoNTPQRtNRwYAGyc-bi0wvUcLg=) has bought tacticalshirt_grey x1 (9d7c7150) from the trader "Clothing (Naomi [#STR_EXPANSION_MARKET_TRADER_CLOTHING])" in market zone "Trader Zone" (pos=<6675.160645, 104.603935, 6114.155762>) for a price of 36.
09:32:03.132 [Market] Player "FatStew" (id=olOKcMVLeXO59FyTqtoNTPQRtNRwYAGyc-bi0wvUcLg=) has bought platecarriervest x1 (95bc6530) from the trader "Clothing (Naomi [#STR_EXPANSION_MARKET_TRADER_CLOTHING])" in market zone "Trader Zone" (pos=<6675.160645, 104.603935, 6114.155762>) for a price of 250.
09:35:09.660 [Market] Player "Rik" (id=rpUMMFdkD81hqRmEVmbXt9Xl6bNGl_ps0e-FoUrpbaM=) has bought charcoaltablets x4 (92d91e40) from the trader "Medicals (Mirek [#STR_EXPANSION_MARKET_TRADER_MEDICALS])" in market zone "Trader Zone" (pos=<6675.160645, 104.603935, 6114.155762>) for a price of 8.
09:35:36.539 [Market] Player "FatStew" (id=olOKcMVLeXO59FyTqtoNTPQRtNRwYAGyc-bi0wvUcLg=) has bought highcapacityvest_black x1 (9b93f080) from the trader "Clothing (Naomi [#STR_EXPANSION_MARKET_TRADER_CLOTHING])" in market zone "Trader Zone" (pos=<6675.160645, 104.603935, 6114.155762>) for a price of 200.
09:36:56.152 [Market] Player "FatStew" (id=olOKcMVLeXO59FyTqtoNTPQRtNRwYAGyc-bi0wvUcLg=) has bought canteen x1 (997b5b00) from the trader "Consumables (Linda [#STR_EXPANSION_MARKET_TRADER_CONSUMABLES])" in market zone "Trader Zone" (pos=<6675.160645, 104.603935, 6114.155762>) for a price of 18.
09:36:59.726 [Market] Player "FatStew" (id=olOKcMVLeXO59FyTqtoNTPQRtNRwYAGyc-bi0wvUcLg=) has bought sodacan_pipsi x1 (997bebc0) from the trader "Consumables (Linda [#STR_EXPANSION_MARKET_TRADER_CONSUMABLES])" in market zone "Trader Zone" (pos=<6675.160645, 104.603935, 6114.155762>) for a price of 10.
09:37:09.257 [Market] Player "Rik" (id=rpUMMFdkD81hqRmEVmbXt9Xl6bNGl_ps0e-FoUrpbaM=) has bought universallight x1 (901d7d30) from the trader "Attachments (Jose [#STR_EXPANSION_MARKET_TRADER_ATTACHMENTS])" in market zone "Trader Zone" (pos=<6675.160645, 104.603935, 6114.155762>) for a price of 120.
09:37:10.460 [Market] Player "Rik" (id=rpUMMFdkD81hqRmEVmbXt9Xl6bNGl_ps0e-FoUrpbaM=) has bought tlrlight x1 (9c4f0640) from the trader "Attachments (Jose [#STR_EXPANSION_MARKET_TRADER_ATTACHMENTS])" in market zone "Trader Zone" (pos=<6675.160645, 104.603935, 6114.155762>) for a price of 120.
09:37:10.921 [Market] Player "FatStew" (id=olOKcMVLeXO59FyTqtoNTPQRtNRwYAGyc-bi0wvUcLg=) has bought bakedbeanscan x1 (9788a910) from the trader "Consumables (Linda [#STR_EXPANSION_MARKET_TRADER_CONSUMABLES])" in market zone "Trader Zone" (pos=<6675.160645, 104.603935, 6114.155762>) for a price of 20.
09:37:11.500 [Market] Player "FatStew" (id=olOKcMVLeXO59FyTqtoNTPQRtNRwYAGyc-bi0wvUcLg=) has bought bakedbeanscan x1 (97896a10) from the trader "Consumables (Linda [#STR_EXPANSION_MARKET_TRADER_CONSUMABLES])" in market zone "Trader Zone" (pos=<6675.160645, 104.603935, 6114.155762>) for a price of 20.
09:37:12.011 [Market] Player "FatStew" (id=olOKcMVLeXO59FyTqtoNTPQRtNRwYAGyc-bi0wvUcLg=) has bought bakedbeanscan x1 (9788fd80) from the trader "Consumables (Linda [#STR_EXPANSION_MARKET_TRADER_CONSUMABLES])" in market zone "Trader Zone" (pos=<6675.160645, 104.603935, 6114.155762>) for a price of 20.
09:37:41.187 [Party] Player "FatStew" (id=olOKcMVLeXO59FyTqtoNTPQRtNRwYAGyc-bi0wvUcLg=) joinded the party "Leviathan Zealous" (id=0 ownerUID= ownerName=)
09:37:41.187 [Party] Player "FatStew" (id=olOKcMVLeXO59FyTqtoNTPQRtNRwYAGyc-bi0wvUcLg=) created a party named Leviathan Zealous (Levia)
09:37:41.195 [Party] Player "FatStew" (id=olOKcMVLeXO59FyTqtoNTPQRtNRwYAGyc-bi0wvUcLg=) invited the player "Rik" (id=rpUMMFdkD81hqRmEVmbXt9Xl6bNGl_ps0e-FoUrpbaM=)to the party named Leviathan Zealous
09:38:27.968 [Market] Player "FatStew" (id=olOKcMVLeXO59FyTqtoNTPQRtNRwYAGyc-bi0wvUcLg=) has bought expansion_g36 x1 (90bfb410, Mag_Expansion_G36_30Rnd<9f8429f0>, ammo_556x45 x30) from the trader "Weapons (Denis [#STR_EXPANSION_MARKET_TRADER_WEAPONS])" in market zone "Trader Zone" (pos=<6675.160645, 104.603935, 6114.155762>) for a price of 470.
09:38:43.539 [Market] Player "FatStew" (id=olOKcMVLeXO59FyTqtoNTPQRtNRwYAGyc-bi0wvUcLg=) has bought expansion_mp7 x1 (90bfe850, Mag_Expansion_MP7_40Rnd<9baf2350>, ammo_expansion_46x30 x40) from the trader "Weapons (Denis [#STR_EXPANSION_MARKET_TRADER_WEAPONS])" in market zone "Trader Zone" (pos=<6675.160645, 104.603935, 6114.155762>) for a price of 1540.
09:39:03.992 [Market] Player "FatStew" (id=olOKcMVLeXO59FyTqtoNTPQRtNRwYAGyc-bi0wvUcLg=) has bought huntingknife x1 (99c7e880) from the trader "Weapons (Denis [#STR_EXPANSION_MARKET_TRADER_WEAPONS])" in market zone "Trader Zone" (pos=<6675.160645, 104.603935, 6114.155762>) for a price of 9.
09:39:34.234 [Market] Player "FatStew" (id=olOKcMVLeXO59FyTqtoNTPQRtNRwYAGyc-bi0wvUcLg=) has bought mag_expansion_mp7_40rnd x1 (59ee0a10, ammo_expansion_46x30 x40) from the trader "Attachments (Jose [#STR_EXPANSION_MARKET_TRADER_ATTACHMENTS])" in market zone "Trader Zone" (pos=<6675.160645, 104.603935, 6114.155762>) for a price of 340.
09:39:34.664 [Market] Player "FatStew" (id=olOKcMVLeXO59FyTqtoNTPQRtNRwYAGyc-bi0wvUcLg=) has bought mag_expansion_mp7_40rnd x1 (9813c8a0, ammo_expansion_46x30 x40) from the trader "Attachments (Jose [#STR_EXPANSION_MARKET_TRADER_ATTACHMENTS])" in market zone "Trader Zone" (pos=<6675.160645, 104.603935, 6114.155762>) for a price of 340.
09:39:35.109 [Market] Player "FatStew" (id=olOKcMVLeXO59FyTqtoNTPQRtNRwYAGyc-bi0wvUcLg=) has bought mag_expansion_mp7_40rnd x1 (98160ac0, ammo_expansion_46x30 x40) from the trader "Attachments (Jose [#STR_EXPANSION_MARKET_TRADER_ATTACHMENTS])" in market zone "Trader Zone" (pos=<6675.160645, 104.603935, 6114.155762>) for a price of 340.
09:39:35.531 [Market] Player "FatStew" (id=olOKcMVLeXO59FyTqtoNTPQRtNRwYAGyc-bi0wvUcLg=) has bought mag_expansion_mp7_40rnd x1 (97f09280, ammo_expansion_46x30 x40) from the trader "Attachments (Jose [#STR_EXPANSION_MARKET_TRADER_ATTACHMENTS])" in market zone "Trader Zone" (pos=<6675.160645, 104.603935, 6114.155762>) for a price of 340.
09:39:36.023 [Market] Player "FatStew" (id=olOKcMVLeXO59FyTqtoNTPQRtNRwYAGyc-bi0wvUcLg=) has bought mag_expansion_mp7_40rnd x1 (9c11bd30, ammo_expansion_46x30 x40) from the trader "Attachments (Jose [#STR_EXPANSION_MARKET_TRADER_ATTACHMENTS])" in market zone "Trader Zone" (pos=<6675.160645, 104.603935, 6114.155762>) for a price of 340.
09:39:42.921 [Market] Player "FatStew" (id=olOKcMVLeXO59FyTqtoNTPQRtNRwYAGyc-bi0wvUcLg=) has bought mag_expansion_g36_30rnd x1 (934248e0, ammo_556x45 x30) from the trader "Attachments (Jose [#STR_EXPANSION_MARKET_TRADER_ATTACHMENTS])" in market zone "Trader Zone" (pos=<6675.160645, 104.603935, 6114.155762>) for a price of 310.
09:39:43.273 [Market] Player "FatStew" (id=olOKcMVLeXO59FyTqtoNTPQRtNRwYAGyc-bi0wvUcLg=) has bought mag_expansion_g36_30rnd x1 (9dac6320, ammo_556x45 x30) from the trader "Attachments (Jose [#STR_EXPANSION_MARKET_TRADER_ATTACHMENTS])" in market zone "Trader Zone" (pos=<6675.160645, 104.603935, 6114.155762>) for a price of 310.
09:39:43.664 [Market] Player "FatStew" (id=olOKcMVLeXO59FyTqtoNTPQRtNRwYAGyc-bi0wvUcLg=) has bought mag_expansion_g36_30rnd x1 (9df3a5c0, ammo_556x45 x30) from the trader "Attachments (Jose [#STR_EXPANSION_MARKET_TRADER_ATTACHMENTS])" in market zone "Trader Zone" (pos=<6675.160645, 104.603935, 6114.155762>) for a price of 310.
09:39:44.089 [Market] Player "FatStew" (id=olOKcMVLeXO59FyTqtoNTPQRtNRwYAGyc-bi0wvUcLg=) has bought mag_expansion_g36_30rnd x1 (92f4d710, ammo_556x45 x30) from the trader "Attachments (Jose [#STR_EXPANSION_MARKET_TRADER_ATTACHMENTS])" in market zone "Trader Zone" (pos=<6675.160645, 104.603935, 6114.155762>) for a price of 310.
09:39:44.453 [Market] Player "FatStew" (id=olOKcMVLeXO59FyTqtoNTPQRtNRwYAGyc-bi0wvUcLg=) has bought mag_expansion_g36_30rnd x1 (9f836560, ammo_556x45 x30) from the trader "Attachments (Jose [#STR_EXPANSION_MARKET_TRADER_ATTACHMENTS])" in market zone "Trader Zone" (pos=<6675.160645, 104.603935, 6114.155762>) for a price of 310.
09:39:52.843 [Market] Player "FatStew" (id=olOKcMVLeXO59FyTqtoNTPQRtNRwYAGyc-bi0wvUcLg=) has bought m4_suppressor x1 (95d90ba0) from the trader "Attachments (Jose [#STR_EXPANSION_MARKET_TRADER_ATTACHMENTS])" in market zone "Trader Zone" (pos=<6675.160645, 104.603935, 6114.155762>) for a price of 25.
09:39:55.132 [Market] Player "FatStew" (id=olOKcMVLeXO59FyTqtoNTPQRtNRwYAGyc-bi0wvUcLg=) has bought universallight x1 (9e180310) from the trader "Attachments (Jose [#STR_EXPANSION_MARKET_TRADER_ATTACHMENTS])" in market zone "Trader Zone" (pos=<6675.160645, 104.603935, 6114.155762>) for a price of 120.
09:40:02.910 [Market] Player "FatStew" (id=olOKcMVLeXO59FyTqtoNTPQRtNRwYAGyc-bi0wvUcLg=) has bought reflexoptic x1 (9bdf3a80, Battery9V<9e185400>) from the trader "Attachments (Jose [#STR_EXPANSION_MARKET_TRADER_ATTACHMENTS])" in market zone "Trader Zone" (pos=<6675.160645, 104.603935, 6114.155762>) for a price of 160.
09:40:10.460 [Market] Player "FatStew" (id=olOKcMVLeXO59FyTqtoNTPQRtNRwYAGyc-bi0wvUcLg=) has bought pistolsuppressor x1 (9e195260) from the trader "Attachments (Jose [#STR_EXPANSION_MARKET_TRADER_ATTACHMENTS])" in market zone "Trader Zone" (pos=<6675.160645, 104.603935, 6114.155762>) for a price of 15.
09:40:19.605 [Market] Player "FatStew" (id=olOKcMVLeXO59FyTqtoNTPQRtNRwYAGyc-bi0wvUcLg=) has bought reflexoptic x1 (9be08c40, Battery9V<9d3a3270>) from the trader "Attachments (Jose [#STR_EXPANSION_MARKET_TRADER_ATTACHMENTS])" in market zone "Trader Zone" (pos=<6675.160645, 104.603935, 6114.155762>) for a price of 160.
09:42:38.671 [Market] Player "FatStew" (id=olOKcMVLeXO59FyTqtoNTPQRtNRwYAGyc-bi0wvUcLg=) has bought ammo_expansion_46x30 x300 (e87c5370) from the trader "Weapons (Denis [#STR_EXPANSION_MARKET_TRADER_WEAPONS])" in market zone "Trader Zone" (pos=<6675.160645, 104.603935, 6114.155762>) for a price of 600.
09:42:47.144 [Market] Player "FatStew" (id=olOKcMVLeXO59FyTqtoNTPQRtNRwYAGyc-bi0wvUcLg=) has bought ammo_556x45 x1 (9d91a250) from the trader "Weapons (Denis [#STR_EXPANSION_MARKET_TRADER_WEAPONS])" in market zone "Trader Zone" (pos=<6675.160645, 104.603935, 6114.155762>) for a price of 2.
09:43:58.343 [Market] Player "Rik" (id=rpUMMFdkD81hqRmEVmbXt9Xl6bNGl_ps0e-FoUrpbaM=) has bought ammobox_45acp_25rnd x4 (9d58d0c0) from the trader "Weapons (Denis [#STR_EXPANSION_MARKET_TRADER_WEAPONS])" in market zone "Trader Zone" (pos=<6675.160645, 104.603935, 6114.155762>) for a price of 160.
09:44:04.523 [Market] Player "Rik" (id=rpUMMFdkD81hqRmEVmbXt9Xl6bNGl_ps0e-FoUrpbaM=) has bought ammobox_556x45_20rnd x1 (9967f370) from the trader "Weapons (Denis [#STR_EXPANSION_MARKET_TRADER_WEAPONS])" in market zone "Trader Zone" (pos=<6675.160645, 104.603935, 6114.155762>) for a price of 32.
09:44:05.683 [Market] Player "Rik" (id=rpUMMFdkD81hqRmEVmbXt9Xl6bNGl_ps0e-FoUrpbaM=) has bought ammobox_556x45_20rnd x1 (93888020) from the trader "Weapons (Denis [#STR_EXPANSION_MARKET_TRADER_WEAPONS])" in market zone "Trader Zone" (pos=<6675.160645, 104.603935, 6114.155762>) for a price of 32.
09:44:52.574 [Market] Player "FatStew" (id=olOKcMVLeXO59FyTqtoNTPQRtNRwYAGyc-bi0wvUcLg=) has bought universallight x1 (90b84e10) from the trader "Attachments (Jose [#STR_EXPANSION_MARKET_TRADER_ATTACHMENTS])" in market zone "Trader Zone" (pos=<6675.160645, 104.603935, 6114.155762>) for a price of 120.
09:46:10.859 [Party] Player "Rik" (id=rpUMMFdkD81hqRmEVmbXt9Xl6bNGl_ps0e-FoUrpbaM=) joinded the party "Leviathan Zealous" (id=0 ownerUID=olOKcMVLeXO59FyTqtoNTPQRtNRwYAGyc-bi0wvUcLg= ownerName=FatStew)
09:47:54.117 [ATM] Player "Rik" (id=rpUMMFdkD81hqRmEVmbXt9Xl6bNGl_ps0e-FoUrpbaM=) has deposited 5495 on his ATM account.
09:48:10.566 [Market] Player "FatStew" (id=olOKcMVLeXO59FyTqtoNTPQRtNRwYAGyc-bi0wvUcLg=) has bought ammo_556x45 x75 (8a2911d0) from the trader "Weapons (Denis [#STR_EXPANSION_MARKET_TRADER_WEAPONS])" in market zone "Trader Zone" (pos=<6675.160645, 104.603935, 6114.155762>) for a price of 150.
09:48:54.824 [ATM] Player "FatStew" (id=olOKcMVLeXO59FyTqtoNTPQRtNRwYAGyc-bi0wvUcLg=) has deposited 1 on his ATM account.
09:49:30.964 [ATM] Player "Rik" (id=rpUMMFdkD81hqRmEVmbXt9Xl6bNGl_ps0e-FoUrpbaM=) has withdrawn 5495 from his ATM account.
09:49:50.511 [Market] Player "Rik" (id=rpUMMFdkD81hqRmEVmbXt9Xl6bNGl_ps0e-FoUrpbaM=) has bought battery9v x1 (958fc3a0) from the trader "Components (Cyril [#STR_EXPANSION_MARKET_TRADER_COMPONENTS])" in market zone "Trader Zone" (pos=<6675.160645, 104.603935, 6114.155762>) for a price of 10.
09:49:55.914 [Market] Player "Rik" (id=rpUMMFdkD81hqRmEVmbXt9Xl6bNGl_ps0e-FoUrpbaM=) has bought battery9v x1 (958df520) from the trader "Components (Cyril [#STR_EXPANSION_MARKET_TRADER_COMPONENTS])" in market zone "Trader Zone" (pos=<6675.160645, 104.603935, 6114.155762>) for a price of 10.
09:50:37.199 [ATM] Player "Rik" (id=rpUMMFdkD81hqRmEVmbXt9Xl6bNGl_ps0e-FoUrpbaM=) has deposited 5475 on his ATM account.
09:51:02.878 [Safezone] Player "{1:name}" (id={1:id} pos={1:position}) left the safezone
09:51:08.398 [Safezone] Player "{1:name}" (id={1:id} pos={1:position}) left the safezone
11:00:55.789 [Party] Player "Rik" (id=rpUMMFdkD81hqRmEVmbXt9Xl6bNGl_ps0e-FoUrpbaM=) left the party "Leviathan Zealous" (id=0 ownerUID=olOKcMVLeXO59FyTqtoNTPQRtNRwYAGyc-bi0wvUcLg= ownerName=FatStew)
11:00:55.789 [Party] Player "FatStew" (id=olOKcMVLeXO59FyTqtoNTPQRtNRwYAGyc-bi0wvUcLg=) left the party "Leviathan Zealous" (id=0 ownerUID=olOKcMVLeXO59FyTqtoNTPQRtNRwYAGyc-bi0wvUcLg= ownerName=FatStew)
