22:01:43.049 [Party] Player "Mard" (id=OAEsqfVu9Ya3qx3X2Q_PgbpxSoSDXOIUHhH8VWVuumk=) joinded the party "Viper Ethereal" (id=33 ownerUID=zazFLAJ4lPF6TvVQMMREjst1jC8o_Id9oh_TjGBwaP8= ownerName=ElBizzy)
22:04:14.237 [Safezone] Player "Van1981" (id=oHv5s6gxG5MJWw9no9H-UswiIaZ_QYkWCpTBAwjVlxU= pos=<6679.86, 106.21, 6113.23>) entered the safezone
22:04:14.237 [Party] Player "Van1981" (id=oHv5s6gxG5MJWw9no9H-UswiIaZ_QYkWCpTBAwjVlxU=) joinded the party "Zenith Ruthless" (id=50 ownerUID=oHv5s6gxG5MJWw9no9H-UswiIaZ_QYkWCpTBAwjVlxU= ownerName=Van1981)
22:05:04.695 [Safezone] Player "space" (id=UGg48lidZt1dHmok1FLocJ5YccSNKAJS5TzpZ6TNdG4= pos=<6693.68, 102.62, 6089.98>) entered the safezone
22:05:22.286 [Party] Player "Van1981" (id=oHv5s6gxG5MJWw9no9H-UswiIaZ_QYkWCpTBAwjVlxU=) left the party "Zenith Ruthless" (id=50 ownerUID=oHv5s6gxG5MJWw9no9H-UswiIaZ_QYkWCpTBAwjVlxU= ownerName=Van1981)
22:05:54.772 [ATM] Player "space" (id=UGg48lidZt1dHmok1FLocJ5YccSNKAJS5TzpZ6TNdG4=) has deposited 874 on his ATM account.
22:06:16.432 [MissionAirdrop] An airdrop is heading towards "Algonquin" (pos=<4627.195313, 0.000000, 7687.189941> type=Random_Algonquin) with a ExpansionAirdropContainer_Military
22:09:36.540 [Market] Player "space" (id=UGg48lidZt1dHmok1FLocJ5YccSNKAJS5TzpZ6TNdG4=) has sold jumpsuitpants_red x1 (c55d4a90) at the trader "Clothing (Naomi [#STR_EXPANSION_MARKET_TRADER_CLOTHING])" in market zone "Trader Zone" (pos=<6675.160645, 104.603935, 6114.155762>) and got 5.
22:09:46.019 [Market] Player "space" (id=UGg48lidZt1dHmok1FLocJ5YccSNKAJS5TzpZ6TNdG4=) has sold joggingshoes_black x1 (c7210c80) at the trader "Clothing (Naomi [#STR_EXPANSION_MARKET_TRADER_CLOTHING])" in market zone "Trader Zone" (pos=<6675.160645, 104.603935, 6114.155762>) and got 22.
22:10:26.981 [Market] Player "space" (id=UGg48lidZt1dHmok1FLocJ5YccSNKAJS5TzpZ6TNdG4=) has sold hacksaw x1 (c73e5450) at the trader "BuildingSupplies (Boris [#STR_EXPANSION_MARKET_TRADER_BUILDING_SUPPLIES])" in market zone "Trader Zone" (pos=<6675.160645, 104.603935, 6114.155762>) and got 5.
22:10:29.453 [Market] Player "space" (id=UGg48lidZt1dHmok1FLocJ5YccSNKAJS5TzpZ6TNdG4=) has sold pickaxe x1 (c6fe8c80) at the trader "BuildingSupplies (Boris [#STR_EXPANSION_MARKET_TRADER_BUILDING_SUPPLIES])" in market zone "Trader Zone" (pos=<6675.160645, 104.603935, 6114.155762>) and got 1.
22:10:41.561 [Market] Player "space" (id=UGg48lidZt1dHmok1FLocJ5YccSNKAJS5TzpZ6TNdG4=) has sold hatchet x1 (c6c7ea50) at the trader "BuildingSupplies (Boris [#STR_EXPANSION_MARKET_TRADER_BUILDING_SUPPLIES])" in market zone "Trader Zone" (pos=<6675.160645, 104.603935, 6114.155762>) and got 7.
22:11:37.446 [Market] Player "space" (id=UGg48lidZt1dHmok1FLocJ5YccSNKAJS5TzpZ6TNdG4=) has sold lugwrench x1 (c6ac5740) at the trader "Components (Cyril [#STR_EXPANSION_MARKET_TRADER_COMPONENTS])" in market zone "Trader Zone" (pos=<6675.160645, 104.603935, 6114.155762>) and got 3.
22:11:41.949 [Market] Player "space" (id=UGg48lidZt1dHmok1FLocJ5YccSNKAJS5TzpZ6TNdG4=) has sold portablegaslamp x1 (c6c73150) at the trader "Components (Cyril [#STR_EXPANSION_MARKET_TRADER_COMPONENTS])" in market zone "Trader Zone" (pos=<6675.160645, 104.603935, 6114.155762>) and got 4.
22:11:43.046 [Market] Player "space" (id=UGg48lidZt1dHmok1FLocJ5YccSNKAJS5TzpZ6TNdG4=) has sold chemlight_green x1 (fc72b500) at the trader "Components (Cyril [#STR_EXPANSION_MARKET_TRADER_COMPONENTS])" in market zone "Trader Zone" (pos=<6675.160645, 104.603935, 6114.155762>) and got 1.
22:11:43.940 [Market] Player "space" (id=UGg48lidZt1dHmok1FLocJ5YccSNKAJS5TzpZ6TNdG4=) has sold chemlight_green x1 (c55e8e50) at the trader "Components (Cyril [#STR_EXPANSION_MARKET_TRADER_COMPONENTS])" in market zone "Trader Zone" (pos=<6675.160645, 104.603935, 6114.155762>) and got 0.
22:13:52.963 [Market] Player "space" (id=UGg48lidZt1dHmok1FLocJ5YccSNKAJS5TzpZ6TNdG4=) has sold quiltedjacket_yellow x1 (4ebc900) at the trader "Clothing (Naomi [#STR_EXPANSION_MARKET_TRADER_CLOTHING])" in market zone "Trader Zone" (pos=<6675.160645, 104.603935, 6114.155762>) and got 4.
22:14:08.711 [Market] Player "space" (id=UGg48lidZt1dHmok1FLocJ5YccSNKAJS5TzpZ6TNdG4=) has sold woolcoat_greycheck x1 (ec5e93d0) at the trader "Clothing (Naomi [#STR_EXPANSION_MARKET_TRADER_CLOTHING])" in market zone "Trader Zone" (pos=<6675.160645, 104.603935, 6114.155762>) and got 3.
22:14:12.035 [Market] Player "space" (id=UGg48lidZt1dHmok1FLocJ5YccSNKAJS5TzpZ6TNdG4=) has sold cargopants_green x1 (c6c7a4f0) at the trader "Clothing (Naomi [#STR_EXPANSION_MARKET_TRADER_CLOTHING])" in market zone "Trader Zone" (pos=<6675.160645, 104.603935, 6114.155762>) and got 6.
22:15:41.102 [Market] Player "space" (id=UGg48lidZt1dHmok1FLocJ5YccSNKAJS5TzpZ6TNdG4=) has sold repeater x1 (c56f6120) at the trader "Weapons (Denis [#STR_EXPANSION_MARKET_TRADER_WEAPONS])" in market zone "Trader Zone" (pos=<6675.160645, 104.603935, 6114.155762>) and got 262.
22:24:07.529 [Market] Player "space" (id=UGg48lidZt1dHmok1FLocJ5YccSNKAJS5TzpZ6TNdG4=) has sold magnum x1 (ea25c560) at the trader "Weapons (Denis [#STR_EXPANSION_MARKET_TRADER_WEAPONS])" in market zone "Trader Zone" (pos=<6675.160645, 104.603935, 6114.155762>) and got 150.
22:24:25.613 [Market] Player "space" (id=UGg48lidZt1dHmok1FLocJ5YccSNKAJS5TzpZ6TNdG4=) has sold makarovij70 x1 (ea25ec90) at the trader "Weapons (Denis [#STR_EXPANSION_MARKET_TRADER_WEAPONS])" in market zone "Trader Zone" (pos=<6675.160645, 104.603935, 6114.155762>) and got 37.
22:24:39.400 [Market] Player "space" (id=UGg48lidZt1dHmok1FLocJ5YccSNKAJS5TzpZ6TNdG4=) has sold mag_ij70_8rnd x1 (fc7286c0, ammo_380 x5) at the trader "Attachments (Jose [#STR_EXPANSION_MARKET_TRADER_ATTACHMENTS])" in market zone "Trader Zone" (pos=<6675.160645, 104.603935, 6114.155762>) and got 16.
22:24:43.495 [Market] Player "space" (id=UGg48lidZt1dHmok1FLocJ5YccSNKAJS5TzpZ6TNdG4=) has sold pistolsuppressor x1 (fc72c090) at the trader "Attachments (Jose [#STR_EXPANSION_MARKET_TRADER_ATTACHMENTS])" in market zone "Trader Zone" (pos=<6675.160645, 104.603935, 6114.155762>) and got 8.
22:24:44.202 [Market] Player "space" (id=UGg48lidZt1dHmok1FLocJ5YccSNKAJS5TzpZ6TNdG4=) has sold pistolsuppressor x1 (fc72a970) at the trader "Attachments (Jose [#STR_EXPANSION_MARKET_TRADER_ATTACHMENTS])" in market zone "Trader Zone" (pos=<6675.160645, 104.603935, 6114.155762>) and got 8.
22:24:53.427 [Market] Player "space" (id=UGg48lidZt1dHmok1FLocJ5YccSNKAJS5TzpZ6TNdG4=) has sold ammo_357 x1 (2a816f30) at the trader "Weapons (Denis [#STR_EXPANSION_MARKET_TRADER_WEAPONS])" in market zone "Trader Zone" (pos=<6675.160645, 104.603935, 6114.155762>) and got 0.
22:24:54.030 [Market] Player "space" (id=UGg48lidZt1dHmok1FLocJ5YccSNKAJS5TzpZ6TNdG4=) has sold ammo_357 x1 (2a816f30) at the trader "Weapons (Denis [#STR_EXPANSION_MARKET_TRADER_WEAPONS])" in market zone "Trader Zone" (pos=<6675.160645, 104.603935, 6114.155762>) and got 0.
22:24:54.230 [Market] Player "space" (id=UGg48lidZt1dHmok1FLocJ5YccSNKAJS5TzpZ6TNdG4=) has sold ammo_357 x1 (2a816f30) at the trader "Weapons (Denis [#STR_EXPANSION_MARKET_TRADER_WEAPONS])" in market zone "Trader Zone" (pos=<6675.160645, 104.603935, 6114.155762>) and got 0.
22:24:54.392 [Market] Player "space" (id=UGg48lidZt1dHmok1FLocJ5YccSNKAJS5TzpZ6TNdG4=) has sold ammo_357 x1 (2a816f30) at the trader "Weapons (Denis [#STR_EXPANSION_MARKET_TRADER_WEAPONS])" in market zone "Trader Zone" (pos=<6675.160645, 104.603935, 6114.155762>) and got 0.
22:24:54.550 [Market] Player "space" (id=UGg48lidZt1dHmok1FLocJ5YccSNKAJS5TzpZ6TNdG4=) has sold ammo_357 x1 (2a816f30) at the trader "Weapons (Denis [#STR_EXPANSION_MARKET_TRADER_WEAPONS])" in market zone "Trader Zone" (pos=<6675.160645, 104.603935, 6114.155762>) and got 0.
22:24:54.667 [Market] Player "space" (id=UGg48lidZt1dHmok1FLocJ5YccSNKAJS5TzpZ6TNdG4=) has sold ammo_357 x1 (2a816f30) at the trader "Weapons (Denis [#STR_EXPANSION_MARKET_TRADER_WEAPONS])" in market zone "Trader Zone" (pos=<6675.160645, 104.603935, 6114.155762>) and got 0.
22:24:55.447 [Market] Player "space" (id=UGg48lidZt1dHmok1FLocJ5YccSNKAJS5TzpZ6TNdG4=) has sold ammo_357 x1 (fc725880) at the trader "Weapons (Denis [#STR_EXPANSION_MARKET_TRADER_WEAPONS])" in market zone "Trader Zone" (pos=<6675.160645, 104.603935, 6114.155762>) and got 1.
22:24:55.608 [Market] Player "space" (id=UGg48lidZt1dHmok1FLocJ5YccSNKAJS5TzpZ6TNdG4=) has sold ammo_357 x1 (fc725880) at the trader "Weapons (Denis [#STR_EXPANSION_MARKET_TRADER_WEAPONS])" in market zone "Trader Zone" (pos=<6675.160645, 104.603935, 6114.155762>) and got 1.
22:24:55.765 [Market] Player "space" (id=UGg48lidZt1dHmok1FLocJ5YccSNKAJS5TzpZ6TNdG4=) has sold ammo_357 x1 (fc725880) at the trader "Weapons (Denis [#STR_EXPANSION_MARKET_TRADER_WEAPONS])" in market zone "Trader Zone" (pos=<6675.160645, 104.603935, 6114.155762>) and got 1.
22:24:56.470 [Market] Player "space" (id=UGg48lidZt1dHmok1FLocJ5YccSNKAJS5TzpZ6TNdG4=) has sold ammo_357 x1 (fc725880) at the trader "Weapons (Denis [#STR_EXPANSION_MARKET_TRADER_WEAPONS])" in market zone "Trader Zone" (pos=<6675.160645, 104.603935, 6114.155762>) and got 1.
22:24:57.474 [Market] Player "space" (id=UGg48lidZt1dHmok1FLocJ5YccSNKAJS5TzpZ6TNdG4=) has sold ammo_357 x1 (fc725880) at the trader "Weapons (Denis [#STR_EXPANSION_MARKET_TRADER_WEAPONS])" in market zone "Trader Zone" (pos=<6675.160645, 104.603935, 6114.155762>) and got 1.
22:24:58.433 [Market] Player "space" (id=UGg48lidZt1dHmok1FLocJ5YccSNKAJS5TzpZ6TNdG4=) has sold ammo_357 x1 (fc725880) at the trader "Weapons (Denis [#STR_EXPANSION_MARKET_TRADER_WEAPONS])" in market zone "Trader Zone" (pos=<6675.160645, 104.603935, 6114.155762>) and got 1.
22:24:59.205 [Market] Player "space" (id=UGg48lidZt1dHmok1FLocJ5YccSNKAJS5TzpZ6TNdG4=) has sold ammo_357 x1 (fc725880) at the trader "Weapons (Denis [#STR_EXPANSION_MARKET_TRADER_WEAPONS])" in market zone "Trader Zone" (pos=<6675.160645, 104.603935, 6114.155762>) and got 1.
22:25:00.292 [Market] Player "space" (id=UGg48lidZt1dHmok1FLocJ5YccSNKAJS5TzpZ6TNdG4=) has sold ammo_380 x1 (fc727b30) at the trader "Weapons (Denis [#STR_EXPANSION_MARKET_TRADER_WEAPONS])" in market zone "Trader Zone" (pos=<6675.160645, 104.603935, 6114.155762>) and got 0.
22:25:00.439 [Market] Player "space" (id=UGg48lidZt1dHmok1FLocJ5YccSNKAJS5TzpZ6TNdG4=) has sold ammo_380 x1 (fc727b30) at the trader "Weapons (Denis [#STR_EXPANSION_MARKET_TRADER_WEAPONS])" in market zone "Trader Zone" (pos=<6675.160645, 104.603935, 6114.155762>) and got 0.
22:25:00.587 [Market] Player "space" (id=UGg48lidZt1dHmok1FLocJ5YccSNKAJS5TzpZ6TNdG4=) has sold ammo_380 x1 (fc727b30) at the trader "Weapons (Denis [#STR_EXPANSION_MARKET_TRADER_WEAPONS])" in market zone "Trader Zone" (pos=<6675.160645, 104.603935, 6114.155762>) and got 0.
22:25:00.737 [Market] Player "space" (id=UGg48lidZt1dHmok1FLocJ5YccSNKAJS5TzpZ6TNdG4=) has sold ammo_380 x1 (fc727b30) at the trader "Weapons (Denis [#STR_EXPANSION_MARKET_TRADER_WEAPONS])" in market zone "Trader Zone" (pos=<6675.160645, 104.603935, 6114.155762>) and got 0.
22:25:00.838 [Market] Player "space" (id=UGg48lidZt1dHmok1FLocJ5YccSNKAJS5TzpZ6TNdG4=) has sold ammo_380 x1 (fc727b30) at the trader "Weapons (Denis [#STR_EXPANSION_MARKET_TRADER_WEAPONS])" in market zone "Trader Zone" (pos=<6675.160645, 104.603935, 6114.155762>) and got 0.
22:25:01.240 [Market] Player "space" (id=UGg48lidZt1dHmok1FLocJ5YccSNKAJS5TzpZ6TNdG4=) has sold ammo_380 x1 (fc727b30) at the trader "Weapons (Denis [#STR_EXPANSION_MARKET_TRADER_WEAPONS])" in market zone "Trader Zone" (pos=<6675.160645, 104.603935, 6114.155762>) and got 0.
22:25:01.413 [Market] Player "space" (id=UGg48lidZt1dHmok1FLocJ5YccSNKAJS5TzpZ6TNdG4=) has sold ammo_380 x1 (fc727b30) at the trader "Weapons (Denis [#STR_EXPANSION_MARKET_TRADER_WEAPONS])" in market zone "Trader Zone" (pos=<6675.160645, 104.603935, 6114.155762>) and got 0.
22:25:02.047 [Market] Player "space" (id=UGg48lidZt1dHmok1FLocJ5YccSNKAJS5TzpZ6TNdG4=) has sold ammo_380 x1 (fc727b30) at the trader "Weapons (Denis [#STR_EXPANSION_MARKET_TRADER_WEAPONS])" in market zone "Trader Zone" (pos=<6675.160645, 104.603935, 6114.155762>) and got 0.
22:25:02.209 [Market] Player "space" (id=UGg48lidZt1dHmok1FLocJ5YccSNKAJS5TzpZ6TNdG4=) has sold ammo_380 x1 (fc727b30) at the trader "Weapons (Denis [#STR_EXPANSION_MARKET_TRADER_WEAPONS])" in market zone "Trader Zone" (pos=<6675.160645, 104.603935, 6114.155762>) and got 0.
22:25:02.795 [Market] Player "space" (id=UGg48lidZt1dHmok1FLocJ5YccSNKAJS5TzpZ6TNdG4=) has sold ammo_762x39 x1 (fc731d10) at the trader "Weapons (Denis [#STR_EXPANSION_MARKET_TRADER_WEAPONS])" in market zone "Trader Zone" (pos=<6675.160645, 104.603935, 6114.155762>) and got 0.
22:25:03.527 [Market] Player "space" (id=UGg48lidZt1dHmok1FLocJ5YccSNKAJS5TzpZ6TNdG4=) has sold ammo_762x39 x1 (fc731d10) at the trader "Weapons (Denis [#STR_EXPANSION_MARKET_TRADER_WEAPONS])" in market zone "Trader Zone" (pos=<6675.160645, 104.603935, 6114.155762>) and got 0.
22:25:03.713 [Market] Player "space" (id=UGg48lidZt1dHmok1FLocJ5YccSNKAJS5TzpZ6TNdG4=) has sold ammo_762x39 x1 (fc731d10) at the trader "Weapons (Denis [#STR_EXPANSION_MARKET_TRADER_WEAPONS])" in market zone "Trader Zone" (pos=<6675.160645, 104.603935, 6114.155762>) and got 0.
22:25:05.000 [Market] Player "space" (id=UGg48lidZt1dHmok1FLocJ5YccSNKAJS5TzpZ6TNdG4=) has sold ammo_762x54 x1 (c5481a80) at the trader "Weapons (Denis [#STR_EXPANSION_MARKET_TRADER_WEAPONS])" in market zone "Trader Zone" (pos=<6675.160645, 104.603935, 6114.155762>) and got 1.
22:25:05.200 [Market] Player "space" (id=UGg48lidZt1dHmok1FLocJ5YccSNKAJS5TzpZ6TNdG4=) has sold ammo_762x54 x1 (c5481a80) at the trader "Weapons (Denis [#STR_EXPANSION_MARKET_TRADER_WEAPONS])" in market zone "Trader Zone" (pos=<6675.160645, 104.603935, 6114.155762>) and got 1.
22:25:05.319 [Market] Player "space" (id=UGg48lidZt1dHmok1FLocJ5YccSNKAJS5TzpZ6TNdG4=) has sold ammo_762x54 x1 (c5481a80) at the trader "Weapons (Denis [#STR_EXPANSION_MARKET_TRADER_WEAPONS])" in market zone "Trader Zone" (pos=<6675.160645, 104.603935, 6114.155762>) and got 1.
22:25:05.511 [Market] Player "space" (id=UGg48lidZt1dHmok1FLocJ5YccSNKAJS5TzpZ6TNdG4=) has sold ammo_762x54 x1 (c5481a80) at the trader "Weapons (Denis [#STR_EXPANSION_MARKET_TRADER_WEAPONS])" in market zone "Trader Zone" (pos=<6675.160645, 104.603935, 6114.155762>) and got 1.
22:25:05.643 [Market] Player "space" (id=UGg48lidZt1dHmok1FLocJ5YccSNKAJS5TzpZ6TNdG4=) has sold ammo_762x54 x1 (c5481a80) at the trader "Weapons (Denis [#STR_EXPANSION_MARKET_TRADER_WEAPONS])" in market zone "Trader Zone" (pos=<6675.160645, 104.603935, 6114.155762>) and got 1.
22:25:06.126 [Market] Player "space" (id=UGg48lidZt1dHmok1FLocJ5YccSNKAJS5TzpZ6TNdG4=) has sold ammobox_22_50rnd x1 (c582d330) at the trader "Weapons (Denis [#STR_EXPANSION_MARKET_TRADER_WEAPONS])" in market zone "Trader Zone" (pos=<6675.160645, 104.603935, 6114.155762>) and got 45.
22:25:09.877 [Market] Player "space" (id=UGg48lidZt1dHmok1FLocJ5YccSNKAJS5TzpZ6TNdG4=) has sold ammobox_762x54_20rnd x1 (fc726fa0) at the trader "Weapons (Denis [#STR_EXPANSION_MARKET_TRADER_WEAPONS])" in market zone "Trader Zone" (pos=<6675.160645, 104.603935, 6114.155762>) and got 18.
22:25:10.491 [Market] Player "space" (id=UGg48lidZt1dHmok1FLocJ5YccSNKAJS5TzpZ6TNdG4=) has sold ammobox_762x39_20rnd x1 (c6c939a0) at the trader "Weapons (Denis [#STR_EXPANSION_MARKET_TRADER_WEAPONS])" in market zone "Trader Zone" (pos=<6675.160645, 104.603935, 6114.155762>) and got 6.
22:25:30.376 [BaseRaiding] ExpansionWall6x3 (<7124.606445, 162.884888, 5096.185059>) Code set by "player "Mard" (ID = "OAEsqfVu9Ya3qx3X2Q_PgbpxSoSDXOIUHhH8VWVuumk=" at <7123.028809, 162.661942, 5096.676758>)" and the code is 3719
22:27:18.719 [Market] Player "space" (id=UGg48lidZt1dHmok1FLocJ5YccSNKAJS5TzpZ6TNdG4=) has bought ammobox_12_7_55_20rnd x1 (28935ee0) from the trader "Weapons (Denis [#STR_EXPANSION_MARKET_TRADER_WEAPONS])" in market zone "Trader Zone" (pos=<6675.160645, 104.603935, 6114.155762>) for a price of 64.
22:30:44.091 [Market] Player "space" (id=UGg48lidZt1dHmok1FLocJ5YccSNKAJS5TzpZ6TNdG4=) has sold mediumgascanister x1 (fc724cf0) at the trader "Components (Cyril [#STR_EXPANSION_MARKET_TRADER_COMPONENTS])" in market zone "Trader Zone" (pos=<6675.160645, 104.603935, 6114.155762>) and got 18.
22:30:45.248 [Market] Player "space" (id=UGg48lidZt1dHmok1FLocJ5YccSNKAJS5TzpZ6TNdG4=) has sold paper x1 (2892f6d0) at the trader "Components (Cyril [#STR_EXPANSION_MARKET_TRADER_COMPONENTS])" in market zone "Trader Zone" (pos=<6675.160645, 104.603935, 6114.155762>) and got 1.
22:30:53.572 [Market] Player "space" (id=UGg48lidZt1dHmok1FLocJ5YccSNKAJS5TzpZ6TNdG4=) has sold matchbox x1 (4ebb1e0) at the trader "Components (Cyril [#STR_EXPANSION_MARKET_TRADER_COMPONENTS])" in market zone "Trader Zone" (pos=<6675.160645, 104.603935, 6114.155762>) and got 0.
22:32:56.909 [Market] Player "space" (id=UGg48lidZt1dHmok1FLocJ5YccSNKAJS5TzpZ6TNdG4=) has sold pressvest_lightblue x1 (fc726410) at the trader "Clothing (Naomi [#STR_EXPANSION_MARKET_TRADER_CLOTHING])" in market zone "Trader Zone" (pos=<6675.160645, 104.603935, 6114.155762>) and got 67.
22:33:03.337 [Market] Player "space" (id=UGg48lidZt1dHmok1FLocJ5YccSNKAJS5TzpZ6TNdG4=) has bought platecarriervest x1 (c3784bb0) from the trader "Clothing (Naomi [#STR_EXPANSION_MARKET_TRADER_CLOTHING])" in market zone "Trader Zone" (pos=<6675.160645, 104.603935, 6114.155762>) for a price of 250.
22:33:49.158 [Market] Player "space" (id=UGg48lidZt1dHmok1FLocJ5YccSNKAJS5TzpZ6TNdG4=) has bought platecarrierpouches x1 (b09f80c0) from the trader "Clothing (Naomi [#STR_EXPANSION_MARKET_TRADER_CLOTHING])" in market zone "Trader Zone" (pos=<6675.160645, 104.603935, 6114.155762>) for a price of 100.
22:34:58.360 [ATM] Player "space" (id=UGg48lidZt1dHmok1FLocJ5YccSNKAJS5TzpZ6TNdG4=) has deposited 295 on his ATM account.
22:35:39.810 [ATM] Player "space" (id=UGg48lidZt1dHmok1FLocJ5YccSNKAJS5TzpZ6TNdG4=) has withdrawn 3000 from his ATM account.
22:36:09.762 [Market] Player "space" (id=UGg48lidZt1dHmok1FLocJ5YccSNKAJS5TzpZ6TNdG4=) has sold mkii x1 (ea25f9a0, Mag_MKII_10Rnd<4ebe020>) at the trader "Weapons (Denis [#STR_EXPANSION_MARKET_TRADER_WEAPONS])" in market zone "Trader Zone" (pos=<6675.160645, 104.603935, 6114.155762>) and got 247.
22:37:06.388 [Market] Player "space" (id=UGg48lidZt1dHmok1FLocJ5YccSNKAJS5TzpZ6TNdG4=) has bought ammobox_12_7_55_20rnd x1 (c72030d0) from the trader "Weapons (Denis [#STR_EXPANSION_MARKET_TRADER_WEAPONS])" in market zone "Trader Zone" (pos=<6675.160645, 104.603935, 6114.155762>) for a price of 64.
22:37:09.534 [Market] Player "space" (id=UGg48lidZt1dHmok1FLocJ5YccSNKAJS5TzpZ6TNdG4=) has bought ammobox_12_7_55_20rnd x1 (c71f77d0) from the trader "Weapons (Denis [#STR_EXPANSION_MARKET_TRADER_WEAPONS])" in market zone "Trader Zone" (pos=<6675.160645, 104.603935, 6114.155762>) for a price of 64.
22:37:10.691 [Market] Player "space" (id=UGg48lidZt1dHmok1FLocJ5YccSNKAJS5TzpZ6TNdG4=) has bought ammobox_12_7_55_20rnd x1 (c72047f0) from the trader "Weapons (Denis [#STR_EXPANSION_MARKET_TRADER_WEAPONS])" in market zone "Trader Zone" (pos=<6675.160645, 104.603935, 6114.155762>) for a price of 64.
22:37:12.074 [Market] Player "space" (id=UGg48lidZt1dHmok1FLocJ5YccSNKAJS5TzpZ6TNdG4=) has bought ammobox_12_7_55_20rnd x1 (c7202540) from the trader "Weapons (Denis [#STR_EXPANSION_MARKET_TRADER_WEAPONS])" in market zone "Trader Zone" (pos=<6675.160645, 104.603935, 6114.155762>) for a price of 64.
22:37:48.463 [Market] Player "space" (id=UGg48lidZt1dHmok1FLocJ5YccSNKAJS5TzpZ6TNdG4=) has sold mag_mkii_10rnd x1 (4ec19f0) at the trader "Attachments (Jose [#STR_EXPANSION_MARKET_TRADER_ATTACHMENTS])" in market zone "Trader Zone" (pos=<6675.160645, 104.603935, 6114.155762>) and got 22.
22:37:59.627 [Market] Player "space" (id=UGg48lidZt1dHmok1FLocJ5YccSNKAJS5TzpZ6TNdG4=) has bought pnc_mag_ash127_20rnd x1 (bd909810) from the trader "Attachments (Jose [#STR_EXPANSION_MARKET_TRADER_ATTACHMENTS])" in market zone "Trader Zone" (pos=<6675.160645, 104.603935, 6114.155762>) for a price of 250.
22:38:14.616 [Market] Player "space" (id=UGg48lidZt1dHmok1FLocJ5YccSNKAJS5TzpZ6TNdG4=) has bought expansionexps3holooptic x1 (d7e6c3a0, Battery9V<bd90a3a0>) from the trader "Attachments (Jose [#STR_EXPANSION_MARKET_TRADER_ATTACHMENTS])" in market zone "Trader Zone" (pos=<6675.160645, 104.603935, 6114.155762>) for a price of 210.
22:39:42.085 [Market] Player "space" (id=UGg48lidZt1dHmok1FLocJ5YccSNKAJS5TzpZ6TNdG4=) has bought battery9v x1 (b78b6fd0) from the trader "Components (Cyril [#STR_EXPANSION_MARKET_TRADER_COMPONENTS])" in market zone "Trader Zone" (pos=<6675.160645, 104.603935, 6114.155762>) for a price of 10.
22:40:06.129 [Market] Player "space" (id=UGg48lidZt1dHmok1FLocJ5YccSNKAJS5TzpZ6TNdG4=) has bought headtorch_black x1 (be7af880, Battery9V<be7a9070>) from the trader "Components (Cyril [#STR_EXPANSION_MARKET_TRADER_COMPONENTS])" in market zone "Trader Zone" (pos=<6675.160645, 104.603935, 6114.155762>) for a price of 50.
22:40:45.340 [VehicleEnter] Player "space" (id=UGg48lidZt1dHmok1FLocJ5YccSNKAJS5TzpZ6TNdG4=) entered vehicle Bicycle (id=1CBB84B073431357244E5E810528900E pos=<6690.61, 102.62, 6074.87>) as driver
22:41:08.486 [Safezone] Player "{1:name}" (id={1:id} pos={1:position}) left the safezone
22:41:32.572 [VehicleLeave] Player "space" (id=UGg48lidZt1dHmok1FLocJ5YccSNKAJS5TzpZ6TNdG4=) left vehicle Bicycle (id=1CBB84B073431357244E5E810528900E pos=<6540.44, 142.7, 6009.82>)
22:49:21.609 [Safezone] Player "Mard" (id=OAEsqfVu9Ya3qx3X2Q_PgbpxSoSDXOIUHhH8VWVuumk= pos=<6768.32, 102.3, 6080.4>) entered the safezone
22:49:43.834 [ATM] Player "Mard" (id=OAEsqfVu9Ya3qx3X2Q_PgbpxSoSDXOIUHhH8VWVuumk=) has withdrawn 8000 from his ATM account.
22:53:37.636 [VehicleDeleted] Old_Bike_Green (id=1CBB84B073431357244E5E810528900E pos=<6540.44, 142.7, 6009.82>)
22:53:47.606 [Market] Player "Mard" (id=OAEsqfVu9Ya3qx3X2Q_PgbpxSoSDXOIUHhH8VWVuumk=) has sold izh43shotgun x1 (c93abbe0) at the trader "Weapons (Denis [#STR_EXPANSION_MARKET_TRADER_WEAPONS])" in market zone "Trader Zone" (pos=<6675.160645, 104.603935, 6114.155762>) and got 675.
22:54:08.510 [Market] Player "Mard" (id=OAEsqfVu9Ya3qx3X2Q_PgbpxSoSDXOIUHhH8VWVuumk=) has sold barbedwire x1 (d1822aa0) at the trader "Components (Cyril [#STR_EXPANSION_MARKET_TRADER_COMPONENTS])" in market zone "Trader Zone" (pos=<6675.160645, 104.603935, 6114.155762>) and got 253.
22:54:10.210 [Market] Player "Mard" (id=OAEsqfVu9Ya3qx3X2Q_PgbpxSoSDXOIUHhH8VWVuumk=) has sold barbedwire x1 (d18292b0) at the trader "Components (Cyril [#STR_EXPANSION_MARKET_TRADER_COMPONENTS])" in market zone "Trader Zone" (pos=<6675.160645, 104.603935, 6114.155762>) and got 337.
22:54:11.784 [Market] Player "Mard" (id=OAEsqfVu9Ya3qx3X2Q_PgbpxSoSDXOIUHhH8VWVuumk=) has sold metalwire x1 (c507eb90) at the trader "Components (Cyril [#STR_EXPANSION_MARKET_TRADER_COMPONENTS])" in market zone "Trader Zone" (pos=<6675.160645, 104.603935, 6114.155762>) and got 11.
22:54:12.411 [Market] Player "Mard" (id=OAEsqfVu9Ya3qx3X2Q_PgbpxSoSDXOIUHhH8VWVuumk=) has sold metalwire x1 (be531410) at the trader "Components (Cyril [#STR_EXPANSION_MARKET_TRADER_COMPONENTS])" in market zone "Trader Zone" (pos=<6675.160645, 104.603935, 6114.155762>) and got 5.
22:54:15.011 [Market] Player "Mard" (id=OAEsqfVu9Ya3qx3X2Q_PgbpxSoSDXOIUHhH8VWVuumk=) has sold pliers x1 (be52c320) at the trader "Components (Cyril [#STR_EXPANSION_MARKET_TRADER_COMPONENTS])" in market zone "Trader Zone" (pos=<6675.160645, 104.603935, 6114.155762>) and got 2.
22:54:21.599 [Market] Player "Mard" (id=OAEsqfVu9Ya3qx3X2Q_PgbpxSoSDXOIUHhH8VWVuumk=) has bought hammer x1 (c249ac20) from the trader "Components (Cyril [#STR_EXPANSION_MARKET_TRADER_COMPONENTS])" in market zone "Trader Zone" (pos=<6675.160645, 104.603935, 6114.155762>) for a price of 7.
22:54:22.204 [Market] Player "Mard" (id=OAEsqfVu9Ya3qx3X2Q_PgbpxSoSDXOIUHhH8VWVuumk=) has bought hammer x1 (c24966c0) from the trader "Components (Cyril [#STR_EXPANSION_MARKET_TRADER_COMPONENTS])" in market zone "Trader Zone" (pos=<6675.160645, 104.603935, 6114.155762>) for a price of 7.
22:54:36.168 [Market] Player "Mard" (id=OAEsqfVu9Ya3qx3X2Q_PgbpxSoSDXOIUHhH8VWVuumk=) has bought rope x1 (cc8daeb0) from the trader "Components (Cyril [#STR_EXPANSION_MARKET_TRADER_COMPONENTS])" in market zone "Trader Zone" (pos=<6675.160645, 104.603935, 6114.155762>) for a price of 4.
22:54:37.029 [Market] Player "Mard" (id=OAEsqfVu9Ya3qx3X2Q_PgbpxSoSDXOIUHhH8VWVuumk=) has bought rope x1 (cc8e3970) from the trader "Components (Cyril [#STR_EXPANSION_MARKET_TRADER_COMPONENTS])" in market zone "Trader Zone" (pos=<6675.160645, 104.603935, 6114.155762>) for a price of 4.
22:54:42.025 [Market] Player "Mard" (id=OAEsqfVu9Ya3qx3X2Q_PgbpxSoSDXOIUHhH8VWVuumk=) has bought nailbox x1 (cc8e2250) from the trader "Components (Cyril [#STR_EXPANSION_MARKET_TRADER_COMPONENTS])" in market zone "Trader Zone" (pos=<6675.160645, 104.603935, 6114.155762>) for a price of 300.
22:54:42.529 [Market] Player "Mard" (id=OAEsqfVu9Ya3qx3X2Q_PgbpxSoSDXOIUHhH8VWVuumk=) has bought nailbox x1 (cc8dba40) from the trader "Components (Cyril [#STR_EXPANSION_MARKET_TRADER_COMPONENTS])" in market zone "Trader Zone" (pos=<6675.160645, 104.603935, 6114.155762>) for a price of 300.
22:54:43.026 [Market] Player "Mard" (id=OAEsqfVu9Ya3qx3X2Q_PgbpxSoSDXOIUHhH8VWVuumk=) has bought nailbox x1 (cc8e0b30) from the trader "Components (Cyril [#STR_EXPANSION_MARKET_TRADER_COMPONENTS])" in market zone "Trader Zone" (pos=<6675.160645, 104.603935, 6114.155762>) for a price of 300.
22:54:43.665 [Market] Player "Mard" (id=OAEsqfVu9Ya3qx3X2Q_PgbpxSoSDXOIUHhH8VWVuumk=) has bought nailbox x1 (cc8ead10) from the trader "Components (Cyril [#STR_EXPANSION_MARKET_TRADER_COMPONENTS])" in market zone "Trader Zone" (pos=<6675.160645, 104.603935, 6114.155762>) for a price of 300.
22:54:44.202 [Market] Player "Mard" (id=OAEsqfVu9Ya3qx3X2Q_PgbpxSoSDXOIUHhH8VWVuumk=) has bought nailbox x1 (cc8e7340) from the trader "Components (Cyril [#STR_EXPANSION_MARKET_TRADER_COMPONENTS])" in market zone "Trader Zone" (pos=<6675.160645, 104.603935, 6114.155762>) for a price of 300.
22:54:44.831 [Market] Player "Mard" (id=OAEsqfVu9Ya3qx3X2Q_PgbpxSoSDXOIUHhH8VWVuumk=) has bought nailbox x1 (cc8ec430) from the trader "Components (Cyril [#STR_EXPANSION_MARKET_TRADER_COMPONENTS])" in market zone "Trader Zone" (pos=<6675.160645, 104.603935, 6114.155762>) for a price of 300.
22:54:45.362 [Market] Player "Mard" (id=OAEsqfVu9Ya3qx3X2Q_PgbpxSoSDXOIUHhH8VWVuumk=) has bought nailbox x1 (cc8fab70) from the trader "Components (Cyril [#STR_EXPANSION_MARKET_TRADER_COMPONENTS])" in market zone "Trader Zone" (pos=<6675.160645, 104.603935, 6114.155762>) for a price of 300.
22:54:45.922 [Market] Player "Mard" (id=OAEsqfVu9Ya3qx3X2Q_PgbpxSoSDXOIUHhH8VWVuumk=) has bought nailbox x1 (cc901f10) from the trader "Components (Cyril [#STR_EXPANSION_MARKET_TRADER_COMPONENTS])" in market zone "Trader Zone" (pos=<6675.160645, 104.603935, 6114.155762>) for a price of 300.
22:54:46.425 [Market] Player "Mard" (id=OAEsqfVu9Ya3qx3X2Q_PgbpxSoSDXOIUHhH8VWVuumk=) has bought nailbox x1 (cc902aa0) from the trader "Components (Cyril [#STR_EXPANSION_MARKET_TRADER_COMPONENTS])" in market zone "Trader Zone" (pos=<6675.160645, 104.603935, 6114.155762>) for a price of 300.
22:54:47.052 [Market] Player "Mard" (id=OAEsqfVu9Ya3qx3X2Q_PgbpxSoSDXOIUHhH8VWVuumk=) has bought nailbox x1 (cc903630) from the trader "Components (Cyril [#STR_EXPANSION_MARKET_TRADER_COMPONENTS])" in market zone "Trader Zone" (pos=<6675.160645, 104.603935, 6114.155762>) for a price of 300.
22:54:50.836 [VehicleEnter] Player "space" (id=UGg48lidZt1dHmok1FLocJ5YccSNKAJS5TzpZ6TNdG4=) entered vehicle Bicycle (id=10B3D883CC4C6E03211445BBF7C0E884 pos=<6551.93, 142.7, 6005.24>) as driver
22:54:58.548 [Market] Player "Mard" (id=OAEsqfVu9Ya3qx3X2Q_PgbpxSoSDXOIUHhH8VWVuumk=) has bought expansioncodelock x1 (cc9058e0) from the trader "Components (Cyril [#STR_EXPANSION_MARKET_TRADER_COMPONENTS])" in market zone "Trader Zone" (pos=<6675.160645, 104.603935, 6114.155762>) for a price of 1500.
22:55:11.697 [Safezone] Player "space" (id=UGg48lidZt1dHmok1FLocJ5YccSNKAJS5TzpZ6TNdG4= pos=<6668.78, 121.77, 6018.16>) entered the safezone
22:55:13.591 [Market] Player "Mard" (id=OAEsqfVu9Ya3qx3X2Q_PgbpxSoSDXOIUHhH8VWVuumk=) has bought woodenplank x40 (cf9e97c0) from the trader "Components (Cyril [#STR_EXPANSION_MARKET_TRADER_COMPONENTS])" in market zone "Trader Zone" (pos=<6675.160645, 104.603935, 6114.155762>) for a price of 2000.
22:55:17.200 [Market] Player "Mard" (id=OAEsqfVu9Ya3qx3X2Q_PgbpxSoSDXOIUHhH8VWVuumk=) has bought woodenplank x40 (cf9f50c0) from the trader "Components (Cyril [#STR_EXPANSION_MARKET_TRADER_COMPONENTS])" in market zone "Trader Zone" (pos=<6675.160645, 104.603935, 6114.155762>) for a price of 2000.
22:55:23.397 [VehicleLeave] Player "space" (id=UGg48lidZt1dHmok1FLocJ5YccSNKAJS5TzpZ6TNdG4=) left vehicle Bicycle (id=10B3D883CC4C6E03211445BBF7C0E884 pos=<6688.9, 102.6, 6083.92>)
22:55:32.550 [ATM] Player "space" (id=UGg48lidZt1dHmok1FLocJ5YccSNKAJS5TzpZ6TNdG4=) has deposited 2493 on his ATM account.
22:55:34.606 [Market] Player "Mard" (id=OAEsqfVu9Ya3qx3X2Q_PgbpxSoSDXOIUHhH8VWVuumk=) has bought combatknife x1 (bcd9d8a0) from the trader "Weapons (Denis [#STR_EXPANSION_MARKET_TRADER_WEAPONS])" in market zone "Trader Zone" (pos=<6675.160645, 104.603935, 6114.155762>) for a price of 10.
22:56:25.465 [Market] Player "space" (id=UGg48lidZt1dHmok1FLocJ5YccSNKAJS5TzpZ6TNdG4=) has sold cz75 x1 (c56fbc90) at the trader "Weapons (Denis [#STR_EXPANSION_MARKET_TRADER_WEAPONS])" in market zone "Trader Zone" (pos=<6675.160645, 104.603935, 6114.155762>) and got 75.
22:56:28.255 [Market] Player "space" (id=UGg48lidZt1dHmok1FLocJ5YccSNKAJS5TzpZ6TNdG4=) has sold ammobox_22_50rnd x1 (cfbbfe00) at the trader "Weapons (Denis [#STR_EXPANSION_MARKET_TRADER_WEAPONS])" in market zone "Trader Zone" (pos=<6675.160645, 104.603935, 6114.155762>) and got 15.
22:56:30.176 [Market] Player "space" (id=UGg48lidZt1dHmok1FLocJ5YccSNKAJS5TzpZ6TNdG4=) has sold ammo_556x45 x1 (c59cd090) at the trader "Weapons (Denis [#STR_EXPANSION_MARKET_TRADER_WEAPONS])" in market zone "Trader Zone" (pos=<6675.160645, 104.603935, 6114.155762>) and got 1.
22:56:30.955 [Market] Player "space" (id=UGg48lidZt1dHmok1FLocJ5YccSNKAJS5TzpZ6TNdG4=) has sold ammo_556x45 x1 (c59cd090) at the trader "Weapons (Denis [#STR_EXPANSION_MARKET_TRADER_WEAPONS])" in market zone "Trader Zone" (pos=<6675.160645, 104.603935, 6114.155762>) and got 1.
22:56:31.372 [Market] Player "space" (id=UGg48lidZt1dHmok1FLocJ5YccSNKAJS5TzpZ6TNdG4=) has sold ammo_556x45 x1 (c59cd090) at the trader "Weapons (Denis [#STR_EXPANSION_MARKET_TRADER_WEAPONS])" in market zone "Trader Zone" (pos=<6675.160645, 104.603935, 6114.155762>) and got 1.
22:56:31.536 [Market] Player "space" (id=UGg48lidZt1dHmok1FLocJ5YccSNKAJS5TzpZ6TNdG4=) has sold ammo_556x45 x1 (c59cd090) at the trader "Weapons (Denis [#STR_EXPANSION_MARKET_TRADER_WEAPONS])" in market zone "Trader Zone" (pos=<6675.160645, 104.603935, 6114.155762>) and got 1.
22:56:31.710 [Market] Player "space" (id=UGg48lidZt1dHmok1FLocJ5YccSNKAJS5TzpZ6TNdG4=) has sold ammo_556x45 x1 (c5070450) at the trader "Weapons (Denis [#STR_EXPANSION_MARKET_TRADER_WEAPONS])" in market zone "Trader Zone" (pos=<6675.160645, 104.603935, 6114.155762>) and got 0.
22:56:31.805 [Market] Player "space" (id=UGg48lidZt1dHmok1FLocJ5YccSNKAJS5TzpZ6TNdG4=) has sold ammo_556x45 x1 (c5070450) at the trader "Weapons (Denis [#STR_EXPANSION_MARKET_TRADER_WEAPONS])" in market zone "Trader Zone" (pos=<6675.160645, 104.603935, 6114.155762>) and got 0.
22:56:31.999 [Market] Player "space" (id=UGg48lidZt1dHmok1FLocJ5YccSNKAJS5TzpZ6TNdG4=) has sold ammo_556x45 x1 (c5070450) at the trader "Weapons (Denis [#STR_EXPANSION_MARKET_TRADER_WEAPONS])" in market zone "Trader Zone" (pos=<6675.160645, 104.603935, 6114.155762>) and got 0.
22:56:32.792 [Market] Player "space" (id=UGg48lidZt1dHmok1FLocJ5YccSNKAJS5TzpZ6TNdG4=) has sold ammo_556x45 x1 (c5070450) at the trader "Weapons (Denis [#STR_EXPANSION_MARKET_TRADER_WEAPONS])" in market zone "Trader Zone" (pos=<6675.160645, 104.603935, 6114.155762>) and got 0.
22:56:33.220 [Market] Player "space" (id=UGg48lidZt1dHmok1FLocJ5YccSNKAJS5TzpZ6TNdG4=) has sold ammo_556x45 x1 (c5070450) at the trader "Weapons (Denis [#STR_EXPANSION_MARKET_TRADER_WEAPONS])" in market zone "Trader Zone" (pos=<6675.160645, 104.603935, 6114.155762>) and got 0.
22:56:33.647 [Market] Player "space" (id=UGg48lidZt1dHmok1FLocJ5YccSNKAJS5TzpZ6TNdG4=) has sold ammo_556x45 x1 (c5070450) at the trader "Weapons (Denis [#STR_EXPANSION_MARKET_TRADER_WEAPONS])" in market zone "Trader Zone" (pos=<6675.160645, 104.603935, 6114.155762>) and got 0.
22:56:34.611 [Market] Player "space" (id=UGg48lidZt1dHmok1FLocJ5YccSNKAJS5TzpZ6TNdG4=) has sold ammo_545x39 x1 (c6c73ce0) at the trader "Weapons (Denis [#STR_EXPANSION_MARKET_TRADER_WEAPONS])" in market zone "Trader Zone" (pos=<6675.160645, 104.603935, 6114.155762>) and got 0.
22:56:35.449 [Market] Player "space" (id=UGg48lidZt1dHmok1FLocJ5YccSNKAJS5TzpZ6TNdG4=) has sold ammo_545x39 x1 (c6c73ce0) at the trader "Weapons (Denis [#STR_EXPANSION_MARKET_TRADER_WEAPONS])" in market zone "Trader Zone" (pos=<6675.160645, 104.603935, 6114.155762>) and got 0.
22:57:00.795 [Market] Player "space" (id=UGg48lidZt1dHmok1FLocJ5YccSNKAJS5TzpZ6TNdG4=) has sold mag_cz75_15rnd x1 (c7200e20, ammo_9x19 x8) at the trader "Attachments (Jose [#STR_EXPANSION_MARKET_TRADER_ATTACHMENTS])" in market zone "Trader Zone" (pos=<6675.160645, 104.603935, 6114.155762>) and got 15.
22:57:01.461 [Market] Player "space" (id=UGg48lidZt1dHmok1FLocJ5YccSNKAJS5TzpZ6TNdG4=) has sold mag_cz75_15rnd x1 (c6df16f0, ammo_9x19 x9) at the trader "Attachments (Jose [#STR_EXPANSION_MARKET_TRADER_ATTACHMENTS])" in market zone "Trader Zone" (pos=<6675.160645, 104.603935, 6114.155762>) and got 39.
22:57:02.138 [Market] Player "space" (id=UGg48lidZt1dHmok1FLocJ5YccSNKAJS5TzpZ6TNdG4=) has sold mag_cz75_15rnd x1 (c6df5c50, ammo_9x19 x3) at the trader "Attachments (Jose [#STR_EXPANSION_MARKET_TRADER_ATTACHMENTS])" in market zone "Trader Zone" (pos=<6675.160645, 104.603935, 6114.155762>) and got 18.
22:57:02.995 [Market] Player "space" (id=UGg48lidZt1dHmok1FLocJ5YccSNKAJS5TzpZ6TNdG4=) has sold mag_cz61_20rnd x1 (c5836980, ammo_380 x7) at the trader "Attachments (Jose [#STR_EXPANSION_MARKET_TRADER_ATTACHMENTS])" in market zone "Trader Zone" (pos=<6675.160645, 104.603935, 6114.155762>) and got 82.
22:57:03.737 [Market] Player "space" (id=UGg48lidZt1dHmok1FLocJ5YccSNKAJS5TzpZ6TNdG4=) has sold mag_ssg82_5rnd x1 (c5071b70, ammo_545x39 x1) at the trader "Attachments (Jose [#STR_EXPANSION_MARKET_TRADER_ATTACHMENTS])" in market zone "Trader Zone" (pos=<6675.160645, 104.603935, 6114.155762>) and got 34.
22:57:06.752 [Market] Player "space" (id=UGg48lidZt1dHmok1FLocJ5YccSNKAJS5TzpZ6TNdG4=) has sold tlrlight x1 (c7200290) at the trader "Attachments (Jose [#STR_EXPANSION_MARKET_TRADER_ATTACHMENTS])" in market zone "Trader Zone" (pos=<6675.160645, 104.603935, 6114.155762>) and got 90.
22:57:09.231 [Market] Player "space" (id=UGg48lidZt1dHmok1FLocJ5YccSNKAJS5TzpZ6TNdG4=) has sold pistolsuppressor x1 (c71feb70) at the trader "Attachments (Jose [#STR_EXPANSION_MARKET_TRADER_ATTACHMENTS])" in market zone "Trader Zone" (pos=<6675.160645, 104.603935, 6114.155762>) and got 8.
22:57:36.461 [Market] Player "space" (id=UGg48lidZt1dHmok1FLocJ5YccSNKAJS5TzpZ6TNdG4=) has sold firefighteraxe x1 (d1dd59a0) at the trader "Components (Cyril [#STR_EXPANSION_MARKET_TRADER_COMPONENTS])" in market zone "Trader Zone" (pos=<6675.160645, 104.603935, 6114.155762>) and got 22.
22:57:37.368 [Market] Player "space" (id=UGg48lidZt1dHmok1FLocJ5YccSNKAJS5TzpZ6TNdG4=) has sold hacksaw x1 (24bf5780) at the trader "Components (Cyril [#STR_EXPANSION_MARKET_TRADER_COMPONENTS])" in market zone "Trader Zone" (pos=<6675.160645, 104.603935, 6114.155762>) and got 3.
22:58:40.657 [Market] Player "Mard" (id=OAEsqfVu9Ya3qx3X2Q_PgbpxSoSDXOIUHhH8VWVuumk=) has bought sodacan_cola x1 (d7e71810) from the trader "Consumables (Linda [#STR_EXPANSION_MARKET_TRADER_CONSUMABLES])" in market zone "Trader Zone" (pos=<6675.160645, 104.603935, 6114.155762>) for a price of 10.
22:58:41.467 [Market] Player "Mard" (id=OAEsqfVu9Ya3qx3X2Q_PgbpxSoSDXOIUHhH8VWVuumk=) has bought sodacan_pipsi x1 (bc76db90) from the trader "Consumables (Linda [#STR_EXPANSION_MARKET_TRADER_CONSUMABLES])" in market zone "Trader Zone" (pos=<6675.160645, 104.603935, 6114.155762>) for a price of 10.
22:58:42.580 [Market] Player "Mard" (id=OAEsqfVu9Ya3qx3X2Q_PgbpxSoSDXOIUHhH8VWVuumk=) has bought sodacan_spite x1 (d05aec40) from the trader "Consumables (Linda [#STR_EXPANSION_MARKET_TRADER_CONSUMABLES])" in market zone "Trader Zone" (pos=<6675.160645, 104.603935, 6114.155762>) for a price of 10.
22:58:43.503 [Market] Player "Mard" (id=OAEsqfVu9Ya3qx3X2Q_PgbpxSoSDXOIUHhH8VWVuumk=) has bought sodacan_fronta x1 (d05a6790) from the trader "Consumables (Linda [#STR_EXPANSION_MARKET_TRADER_CONSUMABLES])" in market zone "Trader Zone" (pos=<6675.160645, 104.603935, 6114.155762>) for a price of 10.
22:58:45.345 [Market] Player "Mard" (id=OAEsqfVu9Ya3qx3X2Q_PgbpxSoSDXOIUHhH8VWVuumk=) has bought sodacan_cola x1 (b490ddf0) from the trader "Consumables (Linda [#STR_EXPANSION_MARKET_TRADER_CONSUMABLES])" in market zone "Trader Zone" (pos=<6675.160645, 104.603935, 6114.155762>) for a price of 10.
22:58:47.153 [Market] Player "Mard" (id=OAEsqfVu9Ya3qx3X2Q_PgbpxSoSDXOIUHhH8VWVuumk=) has bought sodacan_fronta x1 (b0877910) from the trader "Consumables (Linda [#STR_EXPANSION_MARKET_TRADER_CONSUMABLES])" in market zone "Trader Zone" (pos=<6675.160645, 104.603935, 6114.155762>) for a price of 10.
22:58:49.136 [Market] Player "Mard" (id=OAEsqfVu9Ya3qx3X2Q_PgbpxSoSDXOIUHhH8VWVuumk=) has bought sodacan_spite x1 (c514cc90) from the trader "Consumables (Linda [#STR_EXPANSION_MARKET_TRADER_CONSUMABLES])" in market zone "Trader Zone" (pos=<6675.160645, 104.603935, 6114.155762>) for a price of 10.
22:58:52.017 [Market] Player "Mard" (id=OAEsqfVu9Ya3qx3X2Q_PgbpxSoSDXOIUHhH8VWVuumk=) has bought sodacan_pipsi x1 (c3b73650) from the trader "Consumables (Linda [#STR_EXPANSION_MARKET_TRADER_CONSUMABLES])" in market zone "Trader Zone" (pos=<6675.160645, 104.603935, 6114.155762>) for a price of 10.
22:59:28.063 [Market] Player "Mard" (id=OAEsqfVu9Ya3qx3X2Q_PgbpxSoSDXOIUHhH8VWVuumk=) has bought leathersewingkit x1 (c20bcb20) from the trader "Components (Cyril [#STR_EXPANSION_MARKET_TRADER_COMPONENTS])" in market zone "Trader Zone" (pos=<6675.160645, 104.603935, 6114.155762>) for a price of 5.
23:00:19.880 [Market] Player "Mard" (id=OAEsqfVu9Ya3qx3X2Q_PgbpxSoSDXOIUHhH8VWVuumk=) has sold leathersewingkit x1 (c20bcb20) at the trader "Components (Cyril [#STR_EXPANSION_MARKET_TRADER_COMPONENTS])" in market zone "Trader Zone" (pos=<6675.160645, 104.603935, 6114.155762>) and got 2.
23:00:20.984 [Market] Player "Mard" (id=OAEsqfVu9Ya3qx3X2Q_PgbpxSoSDXOIUHhH8VWVuumk=) has sold weaponcleaningkit x1 (c1c5dab0) at the trader "Components (Cyril [#STR_EXPANSION_MARKET_TRADER_COMPONENTS])" in market zone "Trader Zone" (pos=<6675.160645, 104.603935, 6114.155762>) and got 0.
23:00:56.660 [ATM] Player "Mard" (id=OAEsqfVu9Ya3qx3X2Q_PgbpxSoSDXOIUHhH8VWVuumk=) has deposited 668 on his ATM account.
23:01:22.388 [Safezone] Player "{1:name}" (id={1:id} pos={1:position}) left the safezone
23:03:26.843 [Market] Player "space" (id=UGg48lidZt1dHmok1FLocJ5YccSNKAJS5TzpZ6TNdG4=) has sold workinggloves_black x1 (4ead630) at the trader "Clothing (Naomi [#STR_EXPANSION_MARKET_TRADER_CLOTHING])" in market zone "Trader Zone" (pos=<6675.160645, 104.603935, 6114.155762>) and got 16.
23:03:28.286 [Market] Player "space" (id=UGg48lidZt1dHmok1FLocJ5YccSNKAJS5TzpZ6TNdG4=) has sold omnogloves_brown x1 (ec5dfd80) at the trader "Clothing (Naomi [#STR_EXPANSION_MARKET_TRADER_CLOTHING])" in market zone "Trader Zone" (pos=<6675.160645, 104.603935, 6114.155762>) and got 15.
23:03:43.087 [Market] Player "space" (id=UGg48lidZt1dHmok1FLocJ5YccSNKAJS5TzpZ6TNdG4=) has sold athleticshoes_black x1 (4eab380) at the trader "Clothing (Naomi [#STR_EXPANSION_MARKET_TRADER_CLOTHING])" in market zone "Trader Zone" (pos=<6675.160645, 104.603935, 6114.155762>) and got 4.
23:04:01.491 [Market] Player "space" (id=UGg48lidZt1dHmok1FLocJ5YccSNKAJS5TzpZ6TNdG4=) has bought omnogloves_gray x1 (d1918ea0) from the trader "Clothing (Naomi [#STR_EXPANSION_MARKET_TRADER_CLOTHING])" in market zone "Trader Zone" (pos=<6675.160645, 104.603935, 6114.155762>) for a price of 40.
23:04:21.561 [Market] Player "space" (id=UGg48lidZt1dHmok1FLocJ5YccSNKAJS5TzpZ6TNdG4=) has bought ttskoboots x1 (d1920240) from the trader "Clothing (Naomi [#STR_EXPANSION_MARKET_TRADER_CLOTHING])" in market zone "Trader Zone" (pos=<6675.160645, 104.603935, 6114.155762>) for a price of 100.
23:06:11.293 [Market] Player "space" (id=UGg48lidZt1dHmok1FLocJ5YccSNKAJS5TzpZ6TNdG4=) has sold ttskoboots x1 (d1920240) at the trader "Clothing (Naomi [#STR_EXPANSION_MARKET_TRADER_CLOTHING])" in market zone "Trader Zone" (pos=<6675.160645, 104.603935, 6114.155762>) and got 75.
23:06:13.412 [Market] Player "space" (id=UGg48lidZt1dHmok1FLocJ5YccSNKAJS5TzpZ6TNdG4=) has bought militaryboots_redpunk x1 (c73f8c80) from the trader "Clothing (Naomi [#STR_EXPANSION_MARKET_TRADER_CLOTHING])" in market zone "Trader Zone" (pos=<6675.160645, 104.603935, 6114.155762>) for a price of 100.
23:07:16.165 [BaseRaiding] ExpansionWall6x3 (<7114.042480, 162.969070, 5077.561523>) Code set by "player "Mard" (ID = "OAEsqfVu9Ya3qx3X2Q_PgbpxSoSDXOIUHhH8VWVuumk=" at <7112.797363, 162.661987, 5078.772461>)" and the code is 3719
23:10:13.752 [ATM] Player "space" (id=UGg48lidZt1dHmok1FLocJ5YccSNKAJS5TzpZ6TNdG4=) has deposited 275 on his ATM account.
23:24:47.723 [Party] Player "Mard" (id=OAEsqfVu9Ya3qx3X2Q_PgbpxSoSDXOIUHhH8VWVuumk=) left the party "Viper Ethereal" (id=33 ownerUID=zazFLAJ4lPF6TvVQMMREjst1jC8o_Id9oh_TjGBwaP8= ownerName=ElBizzy)
23:31:42.489 [MissionAirdrop] An airdrop is heading towards "Seneca" (pos=<7648.691895, 0.000000, 1011.718018> type=Random_Seneca) with a ExpansionAirdropContainer_Medical
00:45:36.059 [Party] Player "BolbyCheez" (id=SW5c8LwZJpjoNf4Vhp8j7PhK3OI54VEXx4TRlQeef_k=) joinded the party "Falcon Frostbound" (id=54 ownerUID=NCt_N5_qQF-rVKuC9zgxthdVRunW6bi2CSf86nt8dUY= ownerName=Hutch)
00:58:57.521 [MissionAirdrop] An airdrop is heading towards "Algonquin" (pos=<4627.195313, 0.000000, 7687.189941> type=Random_Algonquin) with a ExpansionAirdropContainer_Military
01:28:04.622 [Party] Player "Hutch" (id=NCt_N5_qQF-rVKuC9zgxthdVRunW6bi2CSf86nt8dUY=) joinded the party "Falcon Frostbound" (id=54 ownerUID=NCt_N5_qQF-rVKuC9zgxthdVRunW6bi2CSf86nt8dUY= ownerName=Hutch)
01:29:37.255 [Party] Player "BolbyCheez" (id=SW5c8LwZJpjoNf4Vhp8j7PhK3OI54VEXx4TRlQeef_k=) invited the player "kid_thicarus" (id=PCa2rHYMSoktREnBdCJhud3yF7sSVJm0VfvU9nkLX9I=)to the party named Falcon Frostbound
01:29:48.628 [Party] Player "kid_thicarus" (id=PCa2rHYMSoktREnBdCJhud3yF7sSVJm0VfvU9nkLX9I=) joinded the party "Falcon Frostbound" (id=54 ownerUID=NCt_N5_qQF-rVKuC9zgxthdVRunW6bi2CSf86nt8dUY= ownerName=Hutch)
01:31:57.179 [VehicleEnter] Player "kid_thicarus" (id=PCa2rHYMSoktREnBdCJhud3yF7sSVJm0VfvU9nkLX9I=) entered vehicle Bicycle (id=601A27EBF84D903822CA9EA7BB80F92A pos=<5262.81, 351.03, 5157.19>) as driver
01:32:15.458 [VehicleLeave] Player "kid_thicarus" (id=PCa2rHYMSoktREnBdCJhud3yF7sSVJm0VfvU9nkLX9I=) left vehicle Bicycle (id=601A27EBF84D903822CA9EA7BB80F92A pos=<5278.62, 351.03, 5152>)
01:32:24.561 [VehicleDeleted] Old_Bike_White (id=601A27EBF84D903822CA9EA7BB80F92A pos=<5278.62, 351.03, 5152>)
01:32:52.055 [VehicleDeleted] Old_Bike_White (id=02AF7E969C4BFE3E2E9DBA94E85B3419 pos=<5282.16, 351.03, 5156.84>)
01:33:13.059 [VehicleEnter] Player "kid_thicarus" (id=PCa2rHYMSoktREnBdCJhud3yF7sSVJm0VfvU9nkLX9I=) entered vehicle Bicycle (id=4166A3B91B42A0CFB3F86D814C0BA8D9 pos=<5271.75, 351.03, 5156.92>) as driver
01:33:17.999 [VehicleAttachments] Player "BolbyCheez" (id=SW5c8LwZJpjoNf4Vhp8j7PhK3OI54VEXx4TRlQeef_k=) detached Bicycle Wheel (type=bicycle_wheel) from vehicle Bicycle (id=4166A3B91B42A0CFB3F86D814C0BA8D9 pos=<5271.75, 351.03, 5156.92>)
01:33:25.766 [VehicleLeave] Player "kid_thicarus" (id=PCa2rHYMSoktREnBdCJhud3yF7sSVJm0VfvU9nkLX9I=) left vehicle Bicycle (id=4166A3B91B42A0CFB3F86D814C0BA8D9 pos=<5271.56, 350.99, 5156.97>)
01:33:30.503 [VehicleEnter] Player "kid_thicarus" (id=PCa2rHYMSoktREnBdCJhud3yF7sSVJm0VfvU9nkLX9I=) entered vehicle Bicycle (id=4166A3B91B42A0CFB3F86D814C0BA8D9 pos=<5271.56, 351.03, 5156.97>) as driver
01:33:42.730 [VehicleLeave] Player "kid_thicarus" (id=PCa2rHYMSoktREnBdCJhud3yF7sSVJm0VfvU9nkLX9I=) left vehicle Bicycle (id=4166A3B91B42A0CFB3F86D814C0BA8D9 pos=<5226.4, 351.03, 5159.37>)
01:33:53.886 [VehicleEnter] Player "kid_thicarus" (id=PCa2rHYMSoktREnBdCJhud3yF7sSVJm0VfvU9nkLX9I=) entered vehicle Bicycle (id=4166A3B91B42A0CFB3F86D814C0BA8D9 pos=<5226.4, 351.03, 5159.37>) as driver
01:34:32.346 [VehicleLeave] Player "kid_thicarus" (id=PCa2rHYMSoktREnBdCJhud3yF7sSVJm0VfvU9nkLX9I=) left vehicle Bicycle (id=4166A3B91B42A0CFB3F86D814C0BA8D9 pos=<5189.17, 351.1, 5246.28>)
01:34:34.174 [VehicleDeleted] Old_Bike_White (id=4166A3B91B42A0CFB3F86D814C0BA8D9 pos=<5189.17, 351.1, 5246.28>)
01:34:49.454 [VehicleEnter] Player "kid_thicarus" (id=PCa2rHYMSoktREnBdCJhud3yF7sSVJm0VfvU9nkLX9I=) entered vehicle Bicycle (id=BC5CAB61454A26674443E09009B8ECB3 pos=<5187.23, 350.74, 5257.13>) as driver
01:35:28.048 [VehicleLeave] Player "kid_thicarus" (id=PCa2rHYMSoktREnBdCJhud3yF7sSVJm0VfvU9nkLX9I=) left vehicle Bicycle (id=BC5CAB61454A26674443E09009B8ECB3 pos=<5180.52, 350.71, 5259.41>)
01:35:29.965 [VehicleDeleted] Old_Bike_White (id=BC5CAB61454A26674443E09009B8ECB3 pos=<5180.52, 350.7, 5259.41>)
01:35:45.187 [VehicleEnter] Player "kid_thicarus" (id=PCa2rHYMSoktREnBdCJhud3yF7sSVJm0VfvU9nkLX9I=) entered vehicle Bicycle (id=DFB345C791462DB0E43B36A8D800FBD2 pos=<5183.95, 351.03, 5248.69>) as driver
01:37:41.609 [VehicleLeave] Player "kid_thicarus" (id=PCa2rHYMSoktREnBdCJhud3yF7sSVJm0VfvU9nkLX9I=) left vehicle Bicycle (id=DFB345C791462DB0E43B36A8D800FBD2 pos=<4868.09, 338.66, 4454.77>)
02:17:59.290 [VehicleDeleted] Old_Bike_White (id=DFB345C791462DB0E43B36A8D800FBD2 pos=<4868.09, 338.66, 4454.77>)
02:18:18.193 [VehicleEnter] Player "kid_thicarus" (id=PCa2rHYMSoktREnBdCJhud3yF7sSVJm0VfvU9nkLX9I=) entered vehicle Bicycle (id=AE920A6888437313D156DB8B98373C56 pos=<4855.88, 338.76, 4445.78>) as driver
02:19:32.620 [VehicleLeave] Player "kid_thicarus" (id=PCa2rHYMSoktREnBdCJhud3yF7sSVJm0VfvU9nkLX9I=) left vehicle Bicycle (id=AE920A6888437313D156DB8B98373C56 pos=<4603.42, 338.76, 4688.49>)
02:19:36.881 [Party] Player "kid_thicarus" (id=PCa2rHYMSoktREnBdCJhud3yF7sSVJm0VfvU9nkLX9I=) invited the player "QuickSilver1221" (id=8VmSLnSQp_MuVeEslDbEY-CdAYRH_jfejIzMoWisN_4=)to the party named Falcon Frostbound
02:19:41.909 [Party] Player "QuickSilver1221" (id=8VmSLnSQp_MuVeEslDbEY-CdAYRH_jfejIzMoWisN_4=) joinded the party "Falcon Frostbound" (id=54 ownerUID=NCt_N5_qQF-rVKuC9zgxthdVRunW6bi2CSf86nt8dUY= ownerName=Hutch)
02:19:41.960 [VehicleEnter] Player "kid_thicarus" (id=PCa2rHYMSoktREnBdCJhud3yF7sSVJm0VfvU9nkLX9I=) entered vehicle Bicycle (id=AE920A6888437313D156DB8B98373C56 pos=<4603.42, 338.76, 4688.49>) as driver
02:20:47.380 [VehicleLeave] Player "kid_thicarus" (id=PCa2rHYMSoktREnBdCJhud3yF7sSVJm0VfvU9nkLX9I=) left vehicle Bicycle (id=AE920A6888437313D156DB8B98373C56 pos=<4658.69, 338.77, 4590.94>)
02:21:51.729 [VehicleDeleted] Old_Bike_White (id=AE920A6888437313D156DB8B98373C56 pos=<4658.69, 338.77, 4590.94>)
02:22:06.100 [VehicleEnter] Player "kid_thicarus" (id=PCa2rHYMSoktREnBdCJhud3yF7sSVJm0VfvU9nkLX9I=) entered vehicle Bicycle (id=4D4842DEDF4D770671F89288E2E329A3 pos=<4656.54, 338.76, 4585.24>) as driver
02:24:12.741 [MissionAirdrop] An airdrop is heading towards "Tuscarora" (pos=<2451.096191, 0.000000, 8775.758789> type=Random_Tuscarora) with a ExpansionAirdropContainer_Medical
02:25:32.012 [VehicleLeave] Player "kid_thicarus" (id=PCa2rHYMSoktREnBdCJhud3yF7sSVJm0VfvU9nkLX9I=) left vehicle Bicycle (id=4D4842DEDF4D770671F89288E2E329A3 pos=<4283.35, 338.76, 4735.95>)
02:28:03.312 [Killfeed] NyceBryce got killed by an Infected.
02:49:39.274 [Killfeed] [Falco] BolbyCheez got killed by an Infected.
02:50:04.521 [Party] Player "BolbyCheez" (id=SW5c8LwZJpjoNf4Vhp8j7PhK3OI54VEXx4TRlQeef_k=) joinded the party "Falcon Frostbound" (id=54 ownerUID=NCt_N5_qQF-rVKuC9zgxthdVRunW6bi2CSf86nt8dUY= ownerName=Hutch)
02:50:28.046 [Party] Player "BolbyCheez" (id=SW5c8LwZJpjoNf4Vhp8j7PhK3OI54VEXx4TRlQeef_k=) left the party "Falcon Frostbound" (id=54 ownerUID=NCt_N5_qQF-rVKuC9zgxthdVRunW6bi2CSf86nt8dUY= ownerName=Hutch)
02:57:11.694 [Party] Player "BolbyCheez" (id=SW5c8LwZJpjoNf4Vhp8j7PhK3OI54VEXx4TRlQeef_k=) joinded the party "Falcon Frostbound" (id=54 ownerUID=NCt_N5_qQF-rVKuC9zgxthdVRunW6bi2CSf86nt8dUY= ownerName=Hutch)
03:00:00.482 [Party] Player "kid_thicarus" (id=PCa2rHYMSoktREnBdCJhud3yF7sSVJm0VfvU9nkLX9I=) left the party "Falcon Frostbound" (id=54 ownerUID=NCt_N5_qQF-rVKuC9zgxthdVRunW6bi2CSf86nt8dUY= ownerName=Hutch)
03:00:01.605 [Party] Player "BolbyCheez" (id=SW5c8LwZJpjoNf4Vhp8j7PhK3OI54VEXx4TRlQeef_k=) left the party "Falcon Frostbound" (id=54 ownerUID=NCt_N5_qQF-rVKuC9zgxthdVRunW6bi2CSf86nt8dUY= ownerName=Hutch)
03:00:01.608 [Party] Player "Hutch" (id=NCt_N5_qQF-rVKuC9zgxthdVRunW6bi2CSf86nt8dUY=) left the party "Falcon Frostbound" (id=54 ownerUID=NCt_N5_qQF-rVKuC9zgxthdVRunW6bi2CSf86nt8dUY= ownerName=Hutch)
