19:02:35.171 [Party] Player "Hossi" (id=e7mF0CMT_KUl9StZIPWzckIgQ3lH3lcsohAj3aA5lJE=) joinded the party "Nasse" (id=18 ownerUID=jiSboo32SQZAMp7VxNNFwsMUk2-s3fPPrck_5xKkgu0= ownerName=PatMax)
19:21:47.507 [Safezone] Player "BenJee" (id=LWoKJZ4QkXhgswJao8VaR5SWvtcgI_cvGLvjoz2E5qk= pos=<6768.14, 102.29, 6080.49>) entered the safezone
19:23:40.828 [Market] Player "BenJee" (id=LWoKJZ4QkXhgswJao8VaR5SWvtcgI_cvGLvjoz2E5qk=) has sold crudemachete x1 (9bdce500) at the trader "Weapons (Denis [#STR_EXPANSION_MARKET_TRADER_WEAPONS])" in market zone "Trader Zone" (pos=<6675.160645, 104.603935, 6114.155762>) and got 9.
19:23:55.507 [Market] Player "BenJee" (id=LWoKJZ4QkXhgswJao8VaR5SWvtcgI_cvGLvjoz2E5qk=) has sold makarovij70 x1 (9bf23740, Mag_IJ70_8Rnd<9fe5f470>, ammo_380 x12) at the trader "Weapons (Denis [#STR_EXPANSION_MARKET_TRADER_WEAPONS])" in market zone "Trader Zone" (pos=<6675.160645, 104.603935, 6114.155762>) and got 52.
19:24:06.992 [Market] Player "BenJee" (id=LWoKJZ4QkXhgswJao8VaR5SWvtcgI_cvGLvjoz2E5qk=) has sold ammo_380 x1 (a3b7b8d0) at the trader "Weapons (Denis [#STR_EXPANSION_MARKET_TRADER_WEAPONS])" in market zone "Trader Zone" (pos=<6675.160645, 104.603935, 6114.155762>) and got 1.
19:24:35.906 [Market] Player "BenJee" (id=LWoKJZ4QkXhgswJao8VaR5SWvtcgI_cvGLvjoz2E5qk=) has sold mag_ij70_8rnd x1 (9dbac6d0, ammo_380 x6) at the trader "Attachments (Jose [#STR_EXPANSION_MARKET_TRADER_ATTACHMENTS])" in market zone "Trader Zone" (pos=<6675.160645, 104.603935, 6114.155762>) and got 17.
19:24:37.132 [Market] Player "BenJee" (id=LWoKJZ4QkXhgswJao8VaR5SWvtcgI_cvGLvjoz2E5qk=) has sold mag_ij70_8rnd x1 (9dbaf510, ammo_380 x1) at the trader "Attachments (Jose [#STR_EXPANSION_MARKET_TRADER_ATTACHMENTS])" in market zone "Trader Zone" (pos=<6675.160645, 104.603935, 6114.155762>) and got 23.
19:24:43.976 [Market] Player "BenJee" (id=LWoKJZ4QkXhgswJao8VaR5SWvtcgI_cvGLvjoz2E5qk=) has sold mag_mkii_10rnd x1 (9fe4f610, ammo_22 x10) at the trader "Attachments (Jose [#STR_EXPANSION_MARKET_TRADER_ATTACHMENTS])" in market zone "Trader Zone" (pos=<6675.160645, 104.603935, 6114.155762>) and got 32.
19:24:45.109 [Market] Player "BenJee" (id=LWoKJZ4QkXhgswJao8VaR5SWvtcgI_cvGLvjoz2E5qk=) has sold mag_mkii_10rnd x1 (a3b79620, ammo_22 x10) at the trader "Attachments (Jose [#STR_EXPANSION_MARKET_TRADER_ATTACHMENTS])" in market zone "Trader Zone" (pos=<6675.160645, 104.603935, 6114.155762>) and got 32.
19:25:11.078 [Market] Player "BenJee" (id=LWoKJZ4QkXhgswJao8VaR5SWvtcgI_cvGLvjoz2E5qk=) has sold compass x1 (9b6e0540) at the trader "Components (Cyril [#STR_EXPANSION_MARKET_TRADER_COMPONENTS])" in market zone "Trader Zone" (pos=<6675.160645, 104.603935, 6114.155762>) and got 5.
19:25:13.882 [Market] Player "BenJee" (id=LWoKJZ4QkXhgswJao8VaR5SWvtcgI_cvGLvjoz2E5qk=) has sold chernarusmap x1 (a148e8b0) at the trader "Components (Cyril [#STR_EXPANSION_MARKET_TRADER_COMPONENTS])" in market zone "Trader Zone" (pos=<6675.160645, 104.603935, 6114.155762>) and got 11.
19:25:16.757 [Market] Player "BenJee" (id=LWoKJZ4QkXhgswJao8VaR5SWvtcgI_cvGLvjoz2E5qk=) has sold paper x1 (bd1141c0) at the trader "Components (Cyril [#STR_EXPANSION_MARKET_TRADER_COMPONENTS])" in market zone "Trader Zone" (pos=<6675.160645, 104.603935, 6114.155762>) and got 1.
19:27:11.859 [Market] Player "BenJee" (id=LWoKJZ4QkXhgswJao8VaR5SWvtcgI_cvGLvjoz2E5qk=) has sold woodaxe x1 (8ff01090) at the trader "BuildingSupplies (Boris [#STR_EXPANSION_MARKET_TRADER_BUILDING_SUPPLIES])" in market zone "Trader Zone" (pos=<6675.160645, 104.603935, 6114.155762>) and got 7.
19:27:12.859 [Safezone] Player "MrWowaWowa" (id=wBwiybhmqSv3IfINgIr99PhPwxKwXc4RCt6SZurIBXQ= pos=<6680.32, 102.56, 6077.22>) entered the safezone
19:27:12.859 [Party] Player "MrWowaWowa" (id=wBwiybhmqSv3IfINgIr99PhPwxKwXc4RCt6SZurIBXQ=) joinded the party "Hawk Fearless" (id=5 ownerUID=wBwiybhmqSv3IfINgIr99PhPwxKwXc4RCt6SZurIBXQ= ownerName=MrWowaWowa)
19:31:36.054 [Market] Player "BenJee" (id=LWoKJZ4QkXhgswJao8VaR5SWvtcgI_cvGLvjoz2E5qk=) has sold woodaxe x1 (f3d66960) at the trader "Components (Cyril [#STR_EXPANSION_MARKET_TRADER_COMPONENTS])" in market zone "Trader Zone" (pos=<6675.160645, 104.603935, 6114.155762>) and got 11.
19:33:23.984 [Market] Player "BenJee" (id=LWoKJZ4QkXhgswJao8VaR5SWvtcgI_cvGLvjoz2E5qk=) has sold woodaxe x1 (94e0c6c0) at the trader "BuildingSupplies (Boris [#STR_EXPANSION_MARKET_TRADER_BUILDING_SUPPLIES])" in market zone "Trader Zone" (pos=<6675.160645, 104.603935, 6114.155762>) and got 3.
19:33:37.648 [Market] Player "BenJee" (id=LWoKJZ4QkXhgswJao8VaR5SWvtcgI_cvGLvjoz2E5qk=) has sold drybag_green x1 (9d23c650) at the trader "Clothing (Naomi [#STR_EXPANSION_MARKET_TRADER_CLOTHING])" in market zone "Trader Zone" (pos=<6675.160645, 104.603935, 6114.155762>) and got 6.
19:40:39.453 [ATM] Player "BenJee" (id=LWoKJZ4QkXhgswJao8VaR5SWvtcgI_cvGLvjoz2E5qk=) has deposited 210 on his ATM account.
19:44:22.578 [Party] Player "Hossi" (id=e7mF0CMT_KUl9StZIPWzckIgQ3lH3lcsohAj3aA5lJE=) left the party "Nasse" (id=18 ownerUID=jiSboo32SQZAMp7VxNNFwsMUk2-s3fPPrck_5xKkgu0= ownerName=PatMax)
19:54:19.867 [Safezone] Player "BenJee" (id=LWoKJZ4QkXhgswJao8VaR5SWvtcgI_cvGLvjoz2E5qk= pos=<6670.4, 120.78, 6016.79>) entered the safezone
19:57:20.375 [Safezone] Player "{1:name}" (id={1:id} pos={1:position}) left the safezone
20:16:41.679 [Party] Player "MrWowaWowa" (id=wBwiybhmqSv3IfINgIr99PhPwxKwXc4RCt6SZurIBXQ=) left the party "Hawk Fearless" (id=5 ownerUID=wBwiybhmqSv3IfINgIr99PhPwxKwXc4RCt6SZurIBXQ= ownerName=MrWowaWowa)
