20:13:27.492 [Safezone] Player "cam" (id=CHqrHJ4vtVe-aAoAn-ofhwOc4RxQN5rJnJO__Qg-Xmc= pos=<6768.66, 101.93, 6083.25>) entered the safezone
20:16:26.468 [Market] Player "cam" (id=CHqrHJ4vtVe-aAoAn-ofhwOc4RxQN5rJnJO__Qg-Xmc=) has sold repeater x1 (4e84f3c0) at the trader "Weapons (Denis [#STR_EXPANSION_MARKET_TRADER_WEAPONS])" in market zone "Trader Zone" (pos=<6675.160645, 104.603935, 6114.155762>) and got 262.
20:16:28.921 [Market] Player "cam" (id=CHqrHJ4vtVe-aAoAn-ofhwOc4RxQN5rJnJO__Qg-Xmc=) has sold izh43shotgun x1 (38a22020) at the trader "Weapons (Denis [#STR_EXPANSION_MARKET_TRADER_WEAPONS])" in market zone "Trader Zone" (pos=<6675.160645, 104.603935, 6114.155762>) and got 168.
20:16:58.335 [Market] Player "cam" (id=CHqrHJ4vtVe-aAoAn-ofhwOc4RxQN5rJnJO__Qg-Xmc=) has sold pipewrench x1 (3ae46d50) at the trader "Components (Cyril [#STR_EXPANSION_MARKET_TRADER_COMPONENTS])" in market zone "Trader Zone" (pos=<6675.160645, 104.603935, 6114.155762>) and got 1.
20:17:02.085 [Market] Player "cam" (id=CHqrHJ4vtVe-aAoAn-ofhwOc4RxQN5rJnJO__Qg-Xmc=) has sold rope x1 (3aaaf9e0) at the trader "Components (Cyril [#STR_EXPANSION_MARKET_TRADER_COMPONENTS])" in market zone "Trader Zone" (pos=<6675.160645, 104.603935, 6114.155762>) and got 3.
20:17:03.914 [Market] Player "cam" (id=CHqrHJ4vtVe-aAoAn-ofhwOc4RxQN5rJnJO__Qg-Xmc=) has sold headtorch_black x1 (3c82fce0, Battery9V<3c82f150>) at the trader "Components (Cyril [#STR_EXPANSION_MARKET_TRADER_COMPONENTS])" in market zone "Trader Zone" (pos=<6675.160645, 104.603935, 6114.155762>) and got 36.
20:18:41.382 [Party] Player "PatMax" (id=jiSboo32SQZAMp7VxNNFwsMUk2-s3fPPrck_5xKkgu0=) joinded the party "Nasse" (id=18 ownerUID=jiSboo32SQZAMp7VxNNFwsMUk2-s3fPPrck_5xKkgu0= ownerName=PatMax)
20:19:09.453 [Killfeed] [PALLI] PatMax commited suicide with Bone Knife.
20:19:21.367 [Party] Player "PatMax" (id=jiSboo32SQZAMp7VxNNFwsMUk2-s3fPPrck_5xKkgu0=) joinded the party "Nasse" (id=18 ownerUID=jiSboo32SQZAMp7VxNNFwsMUk2-s3fPPrck_5xKkgu0= ownerName=PatMax)
20:20:43.757 [Market] Player "cam" (id=CHqrHJ4vtVe-aAoAn-ofhwOc4RxQN5rJnJO__Qg-Xmc=) has sold metalwire x1 (5a22f7d0) at the trader "Components (Cyril [#STR_EXPANSION_MARKET_TRADER_COMPONENTS])" in market zone "Trader Zone" (pos=<6675.160645, 104.603935, 6114.155762>) and got 8.
20:21:36.070 [Market] Player "cam" (id=CHqrHJ4vtVe-aAoAn-ofhwOc4RxQN5rJnJO__Qg-Xmc=) has bought ammo_380 x15 (33513790) from the trader "Weapons (Denis [#STR_EXPANSION_MARKET_TRADER_WEAPONS])" in market zone "Trader Zone" (pos=<6675.160645, 104.603935, 6114.155762>) for a price of 30.
20:23:19.250 [Market] Player "cam" (id=CHqrHJ4vtVe-aAoAn-ofhwOc4RxQN5rJnJO__Qg-Xmc=) has sold magnum x1 (38a0d990) at the trader "Weapons (Denis [#STR_EXPANSION_MARKET_TRADER_WEAPONS])" in market zone "Trader Zone" (pos=<6675.160645, 104.603935, 6114.155762>) and got 75.
20:25:13.078 [Safezone] Player "{1:name}" (id={1:id} pos={1:position}) left the safezone
20:31:26.859 [Safezone] Player "PatMax" (id=jiSboo32SQZAMp7VxNNFwsMUk2-s3fPPrck_5xKkgu0= pos=<6625.82, 107.12, 6197.65>) entered the safezone
20:31:57.703 [ATM] Player "PatMax" (id=jiSboo32SQZAMp7VxNNFwsMUk2-s3fPPrck_5xKkgu0=) has withdrawn 10000 from his ATM account.
20:32:53.632 [Market] Player "PatMax" (id=jiSboo32SQZAMp7VxNNFwsMUk2-s3fPPrck_5xKkgu0=) has bought rice x1 (34e80d50) from the trader "Consumables (Linda [#STR_EXPANSION_MARKET_TRADER_CONSUMABLES])" in market zone "Trader Zone" (pos=<6675.160645, 104.603935, 6114.155762>) for a price of 13.
20:33:07.937 [Market] Player "PatMax" (id=jiSboo32SQZAMp7VxNNFwsMUk2-s3fPPrck_5xKkgu0=) has bought honey x1 (550e3920) from the trader "Consumables (Linda [#STR_EXPANSION_MARKET_TRADER_CONSUMABLES])" in market zone "Trader Zone" (pos=<6675.160645, 104.603935, 6114.155762>) for a price of 13.
20:34:12.132 [Market] Player "PatMax" (id=jiSboo32SQZAMp7VxNNFwsMUk2-s3fPPrck_5xKkgu0=) has bought expansioncoyoteblack x1 (31250f90) from the trader "Clothing (Naomi [#STR_EXPANSION_MARKET_TRADER_CLOTHING])" in market zone "Trader Zone" (pos=<6675.160645, 104.603935, 6114.155762>) for a price of 180.
20:34:32.562 [Market] Player "PatMax" (id=jiSboo32SQZAMp7VxNNFwsMUk2-s3fPPrck_5xKkgu0=) has sold tshirt_grey x1 (37807c00) at the trader "Clothing (Naomi [#STR_EXPANSION_MARKET_TRADER_CLOTHING])" in market zone "Trader Zone" (pos=<6675.160645, 104.603935, 6114.155762>) and got 3.
20:34:35.351 [Market] Player "PatMax" (id=jiSboo32SQZAMp7VxNNFwsMUk2-s3fPPrck_5xKkgu0=) has sold canvaspantsmidi_blue x1 (37809320) at the trader "Clothing (Naomi [#STR_EXPANSION_MARKET_TRADER_CLOTHING])" in market zone "Trader Zone" (pos=<6675.160645, 104.603935, 6114.155762>) and got 9.
20:34:38.140 [Market] Player "PatMax" (id=jiSboo32SQZAMp7VxNNFwsMUk2-s3fPPrck_5xKkgu0=) has sold athleticshoes_green x1 (3782a700) at the trader "Clothing (Naomi [#STR_EXPANSION_MARKET_TRADER_CLOTHING])" in market zone "Trader Zone" (pos=<6675.160645, 104.603935, 6114.155762>) and got 12.
20:34:55.625 [Safezone] Player "RoamDee" (id=frclhQGSbmussfaaohIfYLsIajOW8_O57j7ATxHZZO0= pos=<6688.64, 105.9, 6120.97>) entered the safezone
20:34:56.187 [Market] Player "PatMax" (id=jiSboo32SQZAMp7VxNNFwsMUk2-s3fPPrck_5xKkgu0=) has bought militaryboots_black x1 (3c999e40) from the trader "Clothing (Naomi [#STR_EXPANSION_MARKET_TRADER_CLOTHING])" in market zone "Trader Zone" (pos=<6675.160645, 104.603935, 6114.155762>) for a price of 110.
20:35:11.156 [Market] Player "PatMax" (id=jiSboo32SQZAMp7VxNNFwsMUk2-s3fPPrck_5xKkgu0=) has bought tacticalgoggles x1 (3c998720) from the trader "Clothing (Naomi [#STR_EXPANSION_MARKET_TRADER_CLOTHING])" in market zone "Trader Zone" (pos=<6675.160645, 104.603935, 6114.155762>) for a price of 60.
20:35:42.054 [Market] Player "PatMax" (id=jiSboo32SQZAMp7VxNNFwsMUk2-s3fPPrck_5xKkgu0=) has bought m65jacket_black x1 (3c981520) from the trader "Clothing (Naomi [#STR_EXPANSION_MARKET_TRADER_CLOTHING])" in market zone "Trader Zone" (pos=<6675.160645, 104.603935, 6114.155762>) for a price of 130.
20:35:55.726 [Safezone] Player "cam" (id=CHqrHJ4vtVe-aAoAn-ofhwOc4RxQN5rJnJO__Qg-Xmc= pos=<6576.74, 139.16, 6122.48>) entered the safezone
20:36:14.179 [Market] Player "PatMax" (id=jiSboo32SQZAMp7VxNNFwsMUk2-s3fPPrck_5xKkgu0=) has bought firefighterspants_black x1 (30f66b30) from the trader "Clothing (Naomi [#STR_EXPANSION_MARKET_TRADER_CLOTHING])" in market zone "Trader Zone" (pos=<6675.160645, 104.603935, 6114.155762>) for a price of 35.
20:36:30.351 [Market] Player "PatMax" (id=jiSboo32SQZAMp7VxNNFwsMUk2-s3fPPrck_5xKkgu0=) has bought balaclavamask_black x1 (30f909d0) from the trader "Clothing (Naomi [#STR_EXPANSION_MARKET_TRADER_CLOTHING])" in market zone "Trader Zone" (pos=<6675.160645, 104.603935, 6114.155762>) for a price of 55.
20:36:51.273 [Market] Player "PatMax" (id=jiSboo32SQZAMp7VxNNFwsMUk2-s3fPPrck_5xKkgu0=) has bought zmijovkacap_green x1 (2e87dba0) from the trader "Clothing (Naomi [#STR_EXPANSION_MARKET_TRADER_CLOTHING])" in market zone "Trader Zone" (pos=<6675.160645, 104.603935, 6114.155762>) for a price of 38.
20:37:05.218 [Market] Player "PatMax" (id=jiSboo32SQZAMp7VxNNFwsMUk2-s3fPPrck_5xKkgu0=) has bought hippack_black x1 (30d468c0) from the trader "Clothing (Naomi [#STR_EXPANSION_MARKET_TRADER_CLOTHING])" in market zone "Trader Zone" (pos=<6675.160645, 104.603935, 6114.155762>) for a price of 100.
20:37:41.734 [Market] Player "PatMax" (id=jiSboo32SQZAMp7VxNNFwsMUk2-s3fPPrck_5xKkgu0=) has bought pressvest_blue x1 (30666800) from the trader "Clothing (Naomi [#STR_EXPANSION_MARKET_TRADER_CLOTHING])" in market zone "Trader Zone" (pos=<6675.160645, 104.603935, 6114.155762>) for a price of 85.
20:37:43.101 [Market] Player "PatMax" (id=jiSboo32SQZAMp7VxNNFwsMUk2-s3fPPrck_5xKkgu0=) has bought highcapacityvest_black x1 (388ffc60) from the trader "Clothing (Naomi [#STR_EXPANSION_MARKET_TRADER_CLOTHING])" in market zone "Trader Zone" (pos=<6675.160645, 104.603935, 6114.155762>) for a price of 200.
20:37:54.007 [Market] Player "PatMax" (id=jiSboo32SQZAMp7VxNNFwsMUk2-s3fPPrck_5xKkgu0=) has sold pressvest_blue x1 (30666800) at the trader "Clothing (Naomi [#STR_EXPANSION_MARKET_TRADER_CLOTHING])" in market zone "Trader Zone" (pos=<6675.160645, 104.603935, 6114.155762>) and got 63.
20:37:57.406 [Market] Player "cam" (id=CHqrHJ4vtVe-aAoAn-ofhwOc4RxQN5rJnJO__Qg-Xmc=) has sold darkmotohelmet_green x1 (34e90b20) at the trader "Clothing (Naomi [#STR_EXPANSION_MARKET_TRADER_CLOTHING])" in market zone "Trader Zone" (pos=<6675.160645, 104.603935, 6114.155762>) and got 67.
20:38:09.601 [Market] Player "PatMax" (id=jiSboo32SQZAMp7VxNNFwsMUk2-s3fPPrck_5xKkgu0=) has bought bandagedressing x1 (3c6fc9c0) from the trader "Medicals (Mirek [#STR_EXPANSION_MARKET_TRADER_MEDICALS])" in market zone "Trader Zone" (pos=<6675.160645, 104.603935, 6114.155762>) for a price of 3.
20:38:14.906 [Market] Player "PatMax" (id=jiSboo32SQZAMp7VxNNFwsMUk2-s3fPPrck_5xKkgu0=) has bought purificationtablets x1 (3acd7550) from the trader "Medicals (Mirek [#STR_EXPANSION_MARKET_TRADER_MEDICALS])" in market zone "Trader Zone" (pos=<6675.160645, 104.603935, 6114.155762>) for a price of 5.
20:38:15.945 [Market] Player "PatMax" (id=jiSboo32SQZAMp7VxNNFwsMUk2-s3fPPrck_5xKkgu0=) has bought purificationtablets x1 (3acf7c00) from the trader "Medicals (Mirek [#STR_EXPANSION_MARKET_TRADER_MEDICALS])" in market zone "Trader Zone" (pos=<6675.160645, 104.603935, 6114.155762>) for a price of 5.
20:38:17.109 [Market] Player "PatMax" (id=jiSboo32SQZAMp7VxNNFwsMUk2-s3fPPrck_5xKkgu0=) has bought heatpack x1 (3c6ed6f0) from the trader "Medicals (Mirek [#STR_EXPANSION_MARKET_TRADER_MEDICALS])" in market zone "Trader Zone" (pos=<6675.160645, 104.603935, 6114.155762>) for a price of 10.
20:38:18.210 [Market] Player "PatMax" (id=jiSboo32SQZAMp7VxNNFwsMUk2-s3fPPrck_5xKkgu0=) has bought heatpack x1 (3c6e9d20) from the trader "Medicals (Mirek [#STR_EXPANSION_MARKET_TRADER_MEDICALS])" in market zone "Trader Zone" (pos=<6675.160645, 104.603935, 6114.155762>) for a price of 10.
20:38:18.679 [Market] Player "PatMax" (id=jiSboo32SQZAMp7VxNNFwsMUk2-s3fPPrck_5xKkgu0=) has bought heatpack x1 (3c6f3f00) from the trader "Medicals (Mirek [#STR_EXPANSION_MARKET_TRADER_MEDICALS])" in market zone "Trader Zone" (pos=<6675.160645, 104.603935, 6114.155762>) for a price of 10.
20:38:26.882 [Market] Player "PatMax" (id=jiSboo32SQZAMp7VxNNFwsMUk2-s3fPPrck_5xKkgu0=) has bought iodinetincture x1 (3acfe890) from the trader "Medicals (Mirek [#STR_EXPANSION_MARKET_TRADER_MEDICALS])" in market zone "Trader Zone" (pos=<6675.160645, 104.603935, 6114.155762>) for a price of 30.
20:38:27.781 [Market] Player "PatMax" (id=jiSboo32SQZAMp7VxNNFwsMUk2-s3fPPrck_5xKkgu0=) has bought vitaminbottle x1 (38813d20) from the trader "Medicals (Mirek [#STR_EXPANSION_MARKET_TRADER_MEDICALS])" in market zone "Trader Zone" (pos=<6675.160645, 104.603935, 6114.155762>) for a price of 6.
20:38:33.906 [Market] Player "cam" (id=CHqrHJ4vtVe-aAoAn-ofhwOc4RxQN5rJnJO__Qg-Xmc=) has sold bloodtestkit x1 (2ac29430) at the trader "Medicals (Mirek [#STR_EXPANSION_MARKET_TRADER_MEDICALS])" in market zone "Trader Zone" (pos=<6675.160645, 104.603935, 6114.155762>) and got 3.
20:38:35.054 [Market] Player "cam" (id=CHqrHJ4vtVe-aAoAn-ofhwOc4RxQN5rJnJO__Qg-Xmc=) has sold bloodbagempty x1 (3c2f3760) at the trader "Medicals (Mirek [#STR_EXPANSION_MARKET_TRADER_MEDICALS])" in market zone "Trader Zone" (pos=<6675.160645, 104.603935, 6114.155762>) and got 13.
20:38:36.945 [Market] Player "cam" (id=CHqrHJ4vtVe-aAoAn-ofhwOc4RxQN5rJnJO__Qg-Xmc=) has sold thermometer x1 (2b5b9ec0) at the trader "Medicals (Mirek [#STR_EXPANSION_MARKET_TRADER_MEDICALS])" in market zone "Trader Zone" (pos=<6675.160645, 104.603935, 6114.155762>) and got 3.
20:38:45.468 [Market] Player "cam" (id=CHqrHJ4vtVe-aAoAn-ofhwOc4RxQN5rJnJO__Qg-Xmc=) has sold firstaidkit x1 (38cb36c0) at the trader "Medicals (Mirek [#STR_EXPANSION_MARKET_TRADER_MEDICALS])" in market zone "Trader Zone" (pos=<6675.160645, 104.603935, 6114.155762>) and got 11.
20:39:05.562 [Market] Player "cam" (id=CHqrHJ4vtVe-aAoAn-ofhwOc4RxQN5rJnJO__Qg-Xmc=) has sold waterbottle x1 (3558f220) at the trader "Consumables (Linda [#STR_EXPANSION_MARKET_TRADER_CONSUMABLES])" in market zone "Trader Zone" (pos=<6675.160645, 104.603935, 6114.155762>) and got 3.
20:39:10.875 [Market] Player "PatMax" (id=jiSboo32SQZAMp7VxNNFwsMUk2-s3fPPrck_5xKkgu0=) has bought deersteakmeat x15 (3a9df650) from the trader "Consumables (Linda [#STR_EXPANSION_MARKET_TRADER_CONSUMABLES])" in market zone "Trader Zone" (pos=<6675.160645, 104.603935, 6114.155762>) for a price of 120.
20:39:30.187 [Market] Player "PatMax" (id=jiSboo32SQZAMp7VxNNFwsMUk2-s3fPPrck_5xKkgu0=) has bought camonet x1 (3782ec60) from the trader "BuildingSupplies (Boris [#STR_EXPANSION_MARKET_TRADER_BUILDING_SUPPLIES])" in market zone "Trader Zone" (pos=<6675.160645, 104.603935, 6114.155762>) for a price of 600.
20:39:45.671 [Market] Player "PatMax" (id=jiSboo32SQZAMp7VxNNFwsMUk2-s3fPPrck_5xKkgu0=) has bought whetstone x1 (3c969790) from the trader "BuildingSupplies (Boris [#STR_EXPANSION_MARKET_TRADER_BUILDING_SUPPLIES])" in market zone "Trader Zone" (pos=<6675.160645, 104.603935, 6114.155762>) for a price of 5.
20:39:46.812 [Market] Player "PatMax" (id=jiSboo32SQZAMp7VxNNFwsMUk2-s3fPPrck_5xKkgu0=) has bought whetstone x1 (39128020) from the trader "BuildingSupplies (Boris [#STR_EXPANSION_MARKET_TRADER_BUILDING_SUPPLIES])" in market zone "Trader Zone" (pos=<6675.160645, 104.603935, 6114.155762>) for a price of 5.
20:39:51.382 [Market] Player "RoamDee" (id=frclhQGSbmussfaaohIfYLsIajOW8_O57j7ATxHZZO0=) has bought gasmask_filter x5 (304f7ac0) from the trader "Clothing (Naomi [#STR_EXPANSION_MARKET_TRADER_CLOTHING])" in market zone "Trader Zone" (pos=<6675.160645, 104.603935, 6114.155762>) for a price of 5000.
20:39:55.335 [Market] Player "PatMax" (id=jiSboo32SQZAMp7VxNNFwsMUk2-s3fPPrck_5xKkgu0=) has bought epoxyputty x1 (3c2f3760) from the trader "BuildingSupplies (Boris [#STR_EXPANSION_MARKET_TRADER_BUILDING_SUPPLIES])" in market zone "Trader Zone" (pos=<6675.160645, 104.603935, 6114.155762>) for a price of 15.
20:39:56.296 [Market] Player "PatMax" (id=jiSboo32SQZAMp7VxNNFwsMUk2-s3fPPrck_5xKkgu0=) has bought ducttape x1 (33748700) from the trader "BuildingSupplies (Boris [#STR_EXPANSION_MARKET_TRADER_BUILDING_SUPPLIES])" in market zone "Trader Zone" (pos=<6675.160645, 104.603935, 6114.155762>) for a price of 20.
20:39:59.742 [Market] Player "PatMax" (id=jiSboo32SQZAMp7VxNNFwsMUk2-s3fPPrck_5xKkgu0=) has bought ducttape x1 (36ed9080) from the trader "BuildingSupplies (Boris [#STR_EXPANSION_MARKET_TRADER_BUILDING_SUPPLIES])" in market zone "Trader Zone" (pos=<6675.160645, 104.603935, 6114.155762>) for a price of 20.
20:40:08.265 [Market] Player "PatMax" (id=jiSboo32SQZAMp7VxNNFwsMUk2-s3fPPrck_5xKkgu0=) has bought pot x1 (374f88a0) from the trader "BuildingSupplies (Boris [#STR_EXPANSION_MARKET_TRADER_BUILDING_SUPPLIES])" in market zone "Trader Zone" (pos=<6675.160645, 104.603935, 6114.155762>) for a price of 25.
20:40:12.351 [Market] Player "RoamDee" (id=frclhQGSbmussfaaohIfYLsIajOW8_O57j7ATxHZZO0=) has bought anticheminjector x3 (32fe0e60) from the trader "Medicals (Mirek [#STR_EXPANSION_MARKET_TRADER_MEDICALS])" in market zone "Trader Zone" (pos=<6675.160645, 104.603935, 6114.155762>) for a price of 300.
20:40:33.492 [Market] Player "PatMax" (id=jiSboo32SQZAMp7VxNNFwsMUk2-s3fPPrck_5xKkgu0=) has bought waterbottle x1 (3598d0b0) from the trader "Consumables (Linda [#STR_EXPANSION_MARKET_TRADER_CONSUMABLES])" in market zone "Trader Zone" (pos=<6675.160645, 104.603935, 6114.155762>) for a price of 15.
20:40:34.445 [Market] Player "PatMax" (id=jiSboo32SQZAMp7VxNNFwsMUk2-s3fPPrck_5xKkgu0=) has bought waterbottle x1 (359c2920) from the trader "Consumables (Linda [#STR_EXPANSION_MARKET_TRADER_CONSUMABLES])" in market zone "Trader Zone" (pos=<6675.160645, 104.603935, 6114.155762>) for a price of 15.
20:40:35.453 [Market] Player "PatMax" (id=jiSboo32SQZAMp7VxNNFwsMUk2-s3fPPrck_5xKkgu0=) has bought waterbottle x1 (550ac890) from the trader "Consumables (Linda [#STR_EXPANSION_MARKET_TRADER_CONSUMABLES])" in market zone "Trader Zone" (pos=<6675.160645, 104.603935, 6114.155762>) for a price of 15.
20:40:40.148 [Market] Player "cam" (id=CHqrHJ4vtVe-aAoAn-ofhwOc4RxQN5rJnJO__Qg-Xmc=) has bought tlrlight x1 (312630a0) from the trader "Attachments (Jose [#STR_EXPANSION_MARKET_TRADER_ATTACHMENTS])" in market zone "Trader Zone" (pos=<6675.160645, 104.603935, 6114.155762>) for a price of 120.
20:40:57.398 [Market] Player "PatMax" (id=jiSboo32SQZAMp7VxNNFwsMUk2-s3fPPrck_5xKkgu0=) has bought huntingknife x1 (30d3a430) from the trader "Weapons (Denis [#STR_EXPANSION_MARKET_TRADER_WEAPONS])" in market zone "Trader Zone" (pos=<6675.160645, 104.603935, 6114.155762>) for a price of 9.
20:41:33.507 [Market] Player "cam" (id=CHqrHJ4vtVe-aAoAn-ofhwOc4RxQN5rJnJO__Qg-Xmc=) has sold ammo_flaregreen x1 (358d77a0) at the trader "Weapons (Denis [#STR_EXPANSION_MARKET_TRADER_WEAPONS])" in market zone "Trader Zone" (pos=<6675.160645, 104.603935, 6114.155762>) and got 3.
20:42:34.679 [Market] Player "cam" (id=CHqrHJ4vtVe-aAoAn-ofhwOc4RxQN5rJnJO__Qg-Xmc=) has bought flashlight x1 (ef46f070, Battery9V<ef486e00>) from the trader "Components (Cyril [#STR_EXPANSION_MARKET_TRADER_COMPONENTS])" in market zone "Trader Zone" (pos=<6675.160645, 104.603935, 6114.155762>) for a price of 25.
20:42:43.523 [Market] Player "PatMax" (id=jiSboo32SQZAMp7VxNNFwsMUk2-s3fPPrck_5xKkgu0=) has bought vss x1 (e6bc4750, Mag_VAL_20Rnd<34ebe390>, ammo_9x39 x20) from the trader "Weapons (Denis [#STR_EXPANSION_MARKET_TRADER_WEAPONS])" in market zone "Trader Zone" (pos=<6675.160645, 104.603935, 6114.155762>) for a price of 1920.
20:43:04.914 [Market] Player "PatMax" (id=jiSboo32SQZAMp7VxNNFwsMUk2-s3fPPrck_5xKkgu0=) has bought ammo_9x39ap x200 (3545eb70) from the trader "Weapons (Denis [#STR_EXPANSION_MARKET_TRADER_WEAPONS])" in market zone "Trader Zone" (pos=<6675.160645, 104.603935, 6114.155762>) for a price of 800.
20:43:29.031 [Market] Player "RoamDee" (id=frclhQGSbmussfaaohIfYLsIajOW8_O57j7ATxHZZO0=) has bought fal x1 (2e2c11f0, Fal_FoldingBttstck<2b7bbdd0>, ACOGOptic_6x<3957d180>, Mag_FAL_20Rnd<378452d0>, ammo_308win x20) from the trader "Weapons (Denis [#STR_EXPANSION_MARKET_TRADER_WEAPONS])" in market zone "Trader Zone" (pos=<6675.160645, 104.603935, 6114.155762>) for a price of 3190.
20:43:59.492 [Market] Player "PatMax" (id=jiSboo32SQZAMp7VxNNFwsMUk2-s3fPPrck_5xKkgu0=) has bought mag_val_20rnd x1 (3354d490, ammo_9x39 x20) from the trader "Attachments (Jose [#STR_EXPANSION_MARKET_TRADER_ATTACHMENTS])" in market zone "Trader Zone" (pos=<6675.160645, 104.603935, 6114.155762>) for a price of 320.
20:44:13.742 [Market] Player "PatMax" (id=jiSboo32SQZAMp7VxNNFwsMUk2-s3fPPrck_5xKkgu0=) has bought headtorch_black x1 (26e832b0, Battery9V<26e76290>) from the trader "Components (Cyril [#STR_EXPANSION_MARKET_TRADER_COMPONENTS])" in market zone "Trader Zone" (pos=<6675.160645, 104.603935, 6114.155762>) for a price of 50.
20:44:16.093 [Market] Player "PatMax" (id=jiSboo32SQZAMp7VxNNFwsMUk2-s3fPPrck_5xKkgu0=) has bought petrollighter x1 (3a7c45c0) from the trader "Components (Cyril [#STR_EXPANSION_MARKET_TRADER_COMPONENTS])" in market zone "Trader Zone" (pos=<6675.160645, 104.603935, 6114.155762>) for a price of 8.
20:44:19.593 [Market] Player "PatMax" (id=jiSboo32SQZAMp7VxNNFwsMUk2-s3fPPrck_5xKkgu0=) has bought leathersewingkit x1 (265384f0) from the trader "Components (Cyril [#STR_EXPANSION_MARKET_TRADER_COMPONENTS])" in market zone "Trader Zone" (pos=<6675.160645, 104.603935, 6114.155762>) for a price of 5.
20:44:21.140 [Market] Player "PatMax" (id=jiSboo32SQZAMp7VxNNFwsMUk2-s3fPPrck_5xKkgu0=) has bought leathersewingkit x1 (3a28d520) from the trader "Components (Cyril [#STR_EXPANSION_MARKET_TRADER_COMPONENTS])" in market zone "Trader Zone" (pos=<6675.160645, 104.603935, 6114.155762>) for a price of 5.
20:44:21.765 [Market] Player "PatMax" (id=jiSboo32SQZAMp7VxNNFwsMUk2-s3fPPrck_5xKkgu0=) has bought sewingkit x1 (32fbeef0) from the trader "Components (Cyril [#STR_EXPANSION_MARKET_TRADER_COMPONENTS])" in market zone "Trader Zone" (pos=<6675.160645, 104.603935, 6114.155762>) for a price of 4.
20:44:22.546 [Market] Player "PatMax" (id=jiSboo32SQZAMp7VxNNFwsMUk2-s3fPPrck_5xKkgu0=) has bought sewingkit x1 (3066d010) from the trader "Components (Cyril [#STR_EXPANSION_MARKET_TRADER_COMPONENTS])" in market zone "Trader Zone" (pos=<6675.160645, 104.603935, 6114.155762>) for a price of 4.
20:44:23.210 [Market] Player "PatMax" (id=jiSboo32SQZAMp7VxNNFwsMUk2-s3fPPrck_5xKkgu0=) has bought weaponcleaningkit x1 (32fc90d0) from the trader "Components (Cyril [#STR_EXPANSION_MARKET_TRADER_COMPONENTS])" in market zone "Trader Zone" (pos=<6675.160645, 104.603935, 6114.155762>) for a price of 8.
20:44:24.773 [Market] Player "PatMax" (id=jiSboo32SQZAMp7VxNNFwsMUk2-s3fPPrck_5xKkgu0=) has bought weaponcleaningkit x1 (37605e30) from the trader "Components (Cyril [#STR_EXPANSION_MARKET_TRADER_COMPONENTS])" in market zone "Trader Zone" (pos=<6675.160645, 104.603935, 6114.155762>) for a price of 8.
20:48:59.882 [Party] Player "RoamDee" (id=frclhQGSbmussfaaohIfYLsIajOW8_O57j7ATxHZZO0=) joinded the party "PVP NooBs" (id=34 ownerUID= ownerName=)
20:48:59.890 [Party] Player "RoamDee" (id=frclhQGSbmussfaaohIfYLsIajOW8_O57j7ATxHZZO0=) created a party named PVP NooBs (NooBs)
20:50:27.851 [Market] Player "PatMax" (id=jiSboo32SQZAMp7VxNNFwsMUk2-s3fPPrck_5xKkgu0=) has bought gasmask_filter x1 (3c5437d0) from the trader "Clothing (Naomi [#STR_EXPANSION_MARKET_TRADER_CLOTHING])" in market zone "Trader Zone" (pos=<6675.160645, 104.603935, 6114.155762>) for a price of 1000.
20:50:28.929 [Market] Player "PatMax" (id=jiSboo32SQZAMp7VxNNFwsMUk2-s3fPPrck_5xKkgu0=) has bought gp5gasmask x1 (3c5611e0) from the trader "Clothing (Naomi [#STR_EXPANSION_MARKET_TRADER_CLOTHING])" in market zone "Trader Zone" (pos=<6675.160645, 104.603935, 6114.155762>) for a price of 120.
20:50:40.546 [Market] Player "PatMax" (id=jiSboo32SQZAMp7VxNNFwsMUk2-s3fPPrck_5xKkgu0=) has bought gasmask_filter x1 (269c56f0) from the trader "Clothing (Naomi [#STR_EXPANSION_MARKET_TRADER_CLOTHING])" in market zone "Trader Zone" (pos=<6675.160645, 104.603935, 6114.155762>) for a price of 1000.
20:52:59.390 [Safezone] Player "MrWowaWowa" (id=wBwiybhmqSv3IfINgIr99PhPwxKwXc4RCt6SZurIBXQ= pos=<6680.47, 102.56, 6079.26>) entered the safezone
20:52:59.390 [Party] Player "MrWowaWowa" (id=wBwiybhmqSv3IfINgIr99PhPwxKwXc4RCt6SZurIBXQ=) joinded the party "Hawk Fearless" (id=5 ownerUID=wBwiybhmqSv3IfINgIr99PhPwxKwXc4RCt6SZurIBXQ= ownerName=MrWowaWowa)
20:53:17.781 [ATM] Player "PatMax" (id=jiSboo32SQZAMp7VxNNFwsMUk2-s3fPPrck_5xKkgu0=) has deposited 2873 on his ATM account.
20:53:57.171 [Safezone] Player "{1:name}" (id={1:id} pos={1:position}) left the safezone
20:54:01.601 [Safezone] Player "{1:name}" (id={1:id} pos={1:position}) left the safezone
21:00:41.750 [Party] Player "MrWowaWowa" (id=wBwiybhmqSv3IfINgIr99PhPwxKwXc4RCt6SZurIBXQ=) left the party "Hawk Fearless" (id=5 ownerUID=wBwiybhmqSv3IfINgIr99PhPwxKwXc4RCt6SZurIBXQ= ownerName=MrWowaWowa)
21:01:27.820 [Party] Player "RoamDee" (id=frclhQGSbmussfaaohIfYLsIajOW8_O57j7ATxHZZO0=) invited the player "GrumpyD75" (id=Zjm0-MEQae98tV96JF6Qw__BbT0r3hLRGc8gavsPARo=)to the party named PVP NooBs
21:01:36.062 [Party] Player "GrumpyD75" (id=Zjm0-MEQae98tV96JF6Qw__BbT0r3hLRGc8gavsPARo=) joinded the party "PVP NooBs" (id=34 ownerUID=frclhQGSbmussfaaohIfYLsIajOW8_O57j7ATxHZZO0= ownerName=RoamDee)
21:08:13.210 [Safezone] Player "RoamDee" (id=frclhQGSbmussfaaohIfYLsIajOW8_O57j7ATxHZZO0= pos=<6624.31, 107.49, 6196.19>) entered the safezone
21:08:26.054 [Safezone] Player "GrumpyD75" (id=Zjm0-MEQae98tV96JF6Qw__BbT0r3hLRGc8gavsPARo= pos=<6634.87, 103.55, 6202.94>) entered the safezone
21:08:51.734 [ATM] Player "RoamDee" (id=frclhQGSbmussfaaohIfYLsIajOW8_O57j7ATxHZZO0=) has withdrawn 90585 from his ATM account.
21:09:06.812 [ATM] Player "GrumpyD75" (id=Zjm0-MEQae98tV96JF6Qw__BbT0r3hLRGc8gavsPARo=) has withdrawn 100000 from his ATM account.
21:11:00.171 [Market] Player "GrumpyD75" (id=Zjm0-MEQae98tV96JF6Qw__BbT0r3hLRGc8gavsPARo=) has bought mich2001helmet x1 (9951c4c0) from the trader "Clothing (Naomi [#STR_EXPANSION_MARKET_TRADER_CLOTHING])" in market zone "Trader Zone" (pos=<6675.160645, 104.603935, 6114.155762>) for a price of 150.
21:11:37.242 [Market] Player "GrumpyD75" (id=Zjm0-MEQae98tV96JF6Qw__BbT0r3hLRGc8gavsPARo=) has bought platecarriervest x1 (3a941d30) from the trader "Clothing (Naomi [#STR_EXPANSION_MARKET_TRADER_CLOTHING])" in market zone "Trader Zone" (pos=<6675.160645, 104.603935, 6114.155762>) for a price of 250.
21:11:45.500 [Market] Player "GrumpyD75" (id=Zjm0-MEQae98tV96JF6Qw__BbT0r3hLRGc8gavsPARo=) has bought platecarrierpouches x1 (352564f0) from the trader "Clothing (Naomi [#STR_EXPANSION_MARKET_TRADER_CLOTHING])" in market zone "Trader Zone" (pos=<6675.160645, 104.603935, 6114.155762>) for a price of 100.
21:11:46.320 [Market] Player "GrumpyD75" (id=Zjm0-MEQae98tV96JF6Qw__BbT0r3hLRGc8gavsPARo=) has bought platecarrierholster x1 (3a556d00) from the trader "Clothing (Naomi [#STR_EXPANSION_MARKET_TRADER_CLOTHING])" in market zone "Trader Zone" (pos=<6675.160645, 104.603935, 6114.155762>) for a price of 60.
21:12:02.359 [Market] Player "GrumpyD75" (id=Zjm0-MEQae98tV96JF6Qw__BbT0r3hLRGc8gavsPARo=) has bought tacticalshirt_grey x1 (36d47d60) from the trader "Clothing (Naomi [#STR_EXPANSION_MARKET_TRADER_CLOTHING])" in market zone "Trader Zone" (pos=<6675.160645, 104.603935, 6114.155762>) for a price of 36.
21:12:39.765 [Market] Player "GrumpyD75" (id=Zjm0-MEQae98tV96JF6Qw__BbT0r3hLRGc8gavsPARo=) has bought cargopants_black x1 (355fd190) from the trader "Clothing (Naomi [#STR_EXPANSION_MARKET_TRADER_CLOTHING])" in market zone "Trader Zone" (pos=<6675.160645, 104.603935, 6114.155762>) for a price of 35.
21:12:52.304 [Market] Player "GrumpyD75" (id=Zjm0-MEQae98tV96JF6Qw__BbT0r3hLRGc8gavsPARo=) has bought tacticalgloves_black x1 (3c6ce5c0) from the trader "Clothing (Naomi [#STR_EXPANSION_MARKET_TRADER_CLOTHING])" in market zone "Trader Zone" (pos=<6675.160645, 104.603935, 6114.155762>) for a price of 35.
21:13:00.453 [Market] Player "GrumpyD75" (id=Zjm0-MEQae98tV96JF6Qw__BbT0r3hLRGc8gavsPARo=) has bought cargopants_black x1 (388f0990) from the trader "Clothing (Naomi [#STR_EXPANSION_MARKET_TRADER_CLOTHING])" in market zone "Trader Zone" (pos=<6675.160645, 104.603935, 6114.155762>) for a price of 35.
21:13:09.429 [Market] Player "GrumpyD75" (id=Zjm0-MEQae98tV96JF6Qw__BbT0r3hLRGc8gavsPARo=) has bought militarybelt x1 (9950dd80) from the trader "Clothing (Naomi [#STR_EXPANSION_MARKET_TRADER_CLOTHING])" in market zone "Trader Zone" (pos=<6675.160645, 104.603935, 6114.155762>) for a price of 100.
21:13:15.250 [Market] Player "RoamDee" (id=frclhQGSbmussfaaohIfYLsIajOW8_O57j7ATxHZZO0=) has bought glock19 x1 (2e2bc390, PistolSuppressor<3c6e57c0>, ExpansionDeltapointOptic<2e648750>) from the trader "Weapons (Denis [#STR_EXPANSION_MARKET_TRADER_WEAPONS])" in market zone "Trader Zone" (pos=<6675.160645, 104.603935, 6114.155762>) for a price of 465.
21:13:51.820 [Market] Player "RoamDee" (id=frclhQGSbmussfaaohIfYLsIajOW8_O57j7ATxHZZO0=) has bought mag_glock_15rnd x4 (331b3010, ammo_9x19 x15, ammo_9x19 x15, ammo_9x19 x15, ammo_9x19 x15) from the trader "Attachments (Jose [#STR_EXPANSION_MARKET_TRADER_ATTACHMENTS])" in market zone "Trader Zone" (pos=<6675.160645, 104.603935, 6114.155762>) for a price of 280.
21:14:20.679 [Market] Player "RoamDee" (id=frclhQGSbmussfaaohIfYLsIajOW8_O57j7ATxHZZO0=) has bought ammo_9x19 x60 (3eebef20) from the trader "Weapons (Denis [#STR_EXPANSION_MARKET_TRADER_WEAPONS])" in market zone "Trader Zone" (pos=<6675.160645, 104.603935, 6114.155762>) for a price of 120.
21:14:27.023 [Market] Player "GrumpyD75" (id=Zjm0-MEQae98tV96JF6Qw__BbT0r3hLRGc8gavsPARo=) has bought startkitiv x1 (3aa8ac30) from the trader "Medicals (Mirek [#STR_EXPANSION_MARKET_TRADER_MEDICALS])" in market zone "Trader Zone" (pos=<6675.160645, 104.603935, 6114.155762>) for a price of 10.
21:14:28.867 [Market] Player "GrumpyD75" (id=Zjm0-MEQae98tV96JF6Qw__BbT0r3hLRGc8gavsPARo=) has bought anticheminjector x1 (38cb1410) from the trader "Medicals (Mirek [#STR_EXPANSION_MARKET_TRADER_MEDICALS])" in market zone "Trader Zone" (pos=<6675.160645, 104.603935, 6114.155762>) for a price of 100.
21:14:29.492 [Market] Player "GrumpyD75" (id=Zjm0-MEQae98tV96JF6Qw__BbT0r3hLRGc8gavsPARo=) has bought anticheminjector x1 (8a040d10) from the trader "Medicals (Mirek [#STR_EXPANSION_MARKET_TRADER_MEDICALS])" in market zone "Trader Zone" (pos=<6675.160645, 104.603935, 6114.155762>) for a price of 100.
21:14:46.835 [Market] Player "RoamDee" (id=frclhQGSbmussfaaohIfYLsIajOW8_O57j7ATxHZZO0=) has bought mag_fal_20rnd x8 (3560ad40, ammo_308win x20, ammo_308win x20, ammo_308win x20, ammo_308win x20, ammo_308win x20, ammo_308win x20, ammo_308win x20, ammo_308win x20) from the trader "Attachments (Jose [#STR_EXPANSION_MARKET_TRADER_ATTACHMENTS])" in market zone "Trader Zone" (pos=<6675.160645, 104.603935, 6114.155762>) for a price of 1120.
21:14:56.335 [Market] Player "GrumpyD75" (id=Zjm0-MEQae98tV96JF6Qw__BbT0r3hLRGc8gavsPARo=) has bought tacticalbaconcan x1 (391f55a0) from the trader "Consumables (Linda [#STR_EXPANSION_MARKET_TRADER_CONSUMABLES])" in market zone "Trader Zone" (pos=<6675.160645, 104.603935, 6114.155762>) for a price of 20.
21:14:56.937 [Market] Player "GrumpyD75" (id=Zjm0-MEQae98tV96JF6Qw__BbT0r3hLRGc8gavsPARo=) has bought tacticalbaconcan x1 (3327b980) from the trader "Consumables (Linda [#STR_EXPANSION_MARKET_TRADER_CONSUMABLES])" in market zone "Trader Zone" (pos=<6675.160645, 104.603935, 6114.155762>) for a price of 20.
21:15:20.625 [Market] Player "RoamDee" (id=frclhQGSbmussfaaohIfYLsIajOW8_O57j7ATxHZZO0=) has bought ammo_308win x200 (36b81b50) from the trader "Weapons (Denis [#STR_EXPANSION_MARKET_TRADER_WEAPONS])" in market zone "Trader Zone" (pos=<6675.160645, 104.603935, 6114.155762>) for a price of 400.
21:15:43.023 [Party] Player "Rajun Cajun " (id=6rdWdgGJ4h5xU1pd7lrNpx51ohxu-qSYYB7mCtbXrJM=) joinded the party "Kraken Relentless" (id=31 ownerUID=6rdWdgGJ4h5xU1pd7lrNpx51ohxu-qSYYB7mCtbXrJM= ownerName=Rajun Cajun )
21:15:52.062 [Market] Player "RoamDee" (id=frclhQGSbmussfaaohIfYLsIajOW8_O57j7ATxHZZO0=) has bought akm x1 (4e842fd0, AK_FoldingBttstck<9cd31440>, AK_Suppressor<9cd308b0>, KashtanOptic<268ddeb0>, Mag_AKM_Drum75Rnd<9cd2fd20>, ammo_762x39 x75) from the trader "Weapons (Denis [#STR_EXPANSION_MARKET_TRADER_WEAPONS])" in market zone "Trader Zone" (pos=<6675.160645, 104.603935, 6114.155762>) for a price of 3105.
21:16:13.359 [Market] Player "RoamDee" (id=frclhQGSbmussfaaohIfYLsIajOW8_O57j7ATxHZZO0=) has bought mag_akm_drum75rnd x1 (9cd412a0, ammo_762x39 x75) from the trader "Attachments (Jose [#STR_EXPANSION_MARKET_TRADER_ATTACHMENTS])" in market zone "Trader Zone" (pos=<6675.160645, 104.603935, 6114.155762>) for a price of 630.
21:16:24.593 [Market] Player "GrumpyD75" (id=Zjm0-MEQae98tV96JF6Qw__BbT0r3hLRGc8gavsPARo=) has bought alicebag_black x1 (33349630) from the trader "Clothing (Naomi [#STR_EXPANSION_MARKET_TRADER_CLOTHING])" in market zone "Trader Zone" (pos=<6675.160645, 104.603935, 6114.155762>) for a price of 400.
21:16:28.546 [Market] Player "RoamDee" (id=frclhQGSbmussfaaohIfYLsIajOW8_O57j7ATxHZZO0=) has bought ammo_762x39 x200 (355f2420) from the trader "Weapons (Denis [#STR_EXPANSION_MARKET_TRADER_WEAPONS])" in market zone "Trader Zone" (pos=<6675.160645, 104.603935, 6114.155762>) for a price of 400.
21:16:38.796 [Market] Player "GrumpyD75" (id=Zjm0-MEQae98tV96JF6Qw__BbT0r3hLRGc8gavsPARo=) has bought airbornemask x1 (30f943a0) from the trader "Clothing (Naomi [#STR_EXPANSION_MARKET_TRADER_CLOTHING])" in market zone "Trader Zone" (pos=<6675.160645, 104.603935, 6114.155762>) for a price of 200.
21:16:42.468 [Market] Player "GrumpyD75" (id=Zjm0-MEQae98tV96JF6Qw__BbT0r3hLRGc8gavsPARo=) has bought gasmask_filter x1 (26e87810) from the trader "Clothing (Naomi [#STR_EXPANSION_MARKET_TRADER_CLOTHING])" in market zone "Trader Zone" (pos=<6675.160645, 104.603935, 6114.155762>) for a price of 1000.
21:16:43.171 [Market] Player "GrumpyD75" (id=Zjm0-MEQae98tV96JF6Qw__BbT0r3hLRGc8gavsPARo=) has bought gasmask_filter x1 (3352fa80) from the trader "Clothing (Naomi [#STR_EXPANSION_MARKET_TRADER_CLOTHING])" in market zone "Trader Zone" (pos=<6675.160645, 104.603935, 6114.155762>) for a price of 1000.
21:16:43.789 [Market] Player "GrumpyD75" (id=Zjm0-MEQae98tV96JF6Qw__BbT0r3hLRGc8gavsPARo=) has bought gasmask_filter x1 (5a21e250) from the trader "Clothing (Naomi [#STR_EXPANSION_MARKET_TRADER_CLOTHING])" in market zone "Trader Zone" (pos=<6675.160645, 104.603935, 6114.155762>) for a price of 1000.
21:16:44.414 [Market] Player "GrumpyD75" (id=Zjm0-MEQae98tV96JF6Qw__BbT0r3hLRGc8gavsPARo=) has bought gasmask_filter x1 (2ac1db30) from the trader "Clothing (Naomi [#STR_EXPANSION_MARKET_TRADER_CLOTHING])" in market zone "Trader Zone" (pos=<6675.160645, 104.603935, 6114.155762>) for a price of 1000.
21:16:45.179 [Market] Player "GrumpyD75" (id=Zjm0-MEQae98tV96JF6Qw__BbT0r3hLRGc8gavsPARo=) has bought gasmask_filter x1 (5a23a540) from the trader "Clothing (Naomi [#STR_EXPANSION_MARKET_TRADER_CLOTHING])" in market zone "Trader Zone" (pos=<6675.160645, 104.603935, 6114.155762>) for a price of 1000.
21:18:08.679 [Market] Player "GrumpyD75" (id=Zjm0-MEQae98tV96JF6Qw__BbT0r3hLRGc8gavsPARo=) has bought headtorch_black x1 (90494190, Battery9V<90496440>) from the trader "Components (Cyril [#STR_EXPANSION_MARKET_TRADER_COMPONENTS])" in market zone "Trader Zone" (pos=<6675.160645, 104.603935, 6114.155762>) for a price of 50.
21:18:24.890 [Market] Player "GrumpyD75" (id=Zjm0-MEQae98tV96JF6Qw__BbT0r3hLRGc8gavsPARo=) has bought battery9v x5 (904a11b0) from the trader "Components (Cyril [#STR_EXPANSION_MARKET_TRADER_COMPONENTS])" in market zone "Trader Zone" (pos=<6675.160645, 104.603935, 6114.155762>) for a price of 50.
21:19:24.218 [Market] Player "RoamDee" (id=frclhQGSbmussfaaohIfYLsIajOW8_O57j7ATxHZZO0=) has bought huntingknife x2 (904be030) from the trader "Weapons (Denis [#STR_EXPANSION_MARKET_TRADER_WEAPONS])" in market zone "Trader Zone" (pos=<6675.160645, 104.603935, 6114.155762>) for a price of 18.
21:19:39.265 [Market] Player "GrumpyD75" (id=Zjm0-MEQae98tV96JF6Qw__BbT0r3hLRGc8gavsPARo=) has sold aks74u x1 (3368b450, AK_FoldingBttstck<3372c410>, Mag_AK74_30Rnd<33728a40>, ammo_545x39 x29) at the trader "Weapons (Denis [#STR_EXPANSION_MARKET_TRADER_WEAPONS])" in market zone "Trader Zone" (pos=<6675.160645, 104.603935, 6114.155762>) and got 1159.
21:20:29.296 [Market] Player "GrumpyD75" (id=Zjm0-MEQae98tV96JF6Qw__BbT0r3hLRGc8gavsPARo=) has bought fal x1 (4e86bcf0, Mag_FAL_20Rnd<3a0aab00>, ammo_308win x20, Fal_OeBttstck<331aa550>) from the trader "Weapons (Denis [#STR_EXPANSION_MARKET_TRADER_WEAPONS])" in market zone "Trader Zone" (pos=<6675.160645, 104.603935, 6114.155762>) for a price of 1940.
21:20:44.695 [Market] Player "GrumpyD75" (id=Zjm0-MEQae98tV96JF6Qw__BbT0r3hLRGc8gavsPARo=) has sold cz527 x1 (33697840, HuntingOptic<3559bf30>, Mag_CZ527_5rnd<35453270>, ammo_762x39 x5) at the trader "Weapons (Denis [#STR_EXPANSION_MARKET_TRADER_WEAPONS])" in market zone "Trader Zone" (pos=<6675.160645, 104.603935, 6114.155762>) and got 1175.
21:20:48.578 [Market] Player "GrumpyD75" (id=Zjm0-MEQae98tV96JF6Qw__BbT0r3hLRGc8gavsPARo=) has bought akm x1 (4e85dee0, Mag_AKM_30Rnd<2dc8b690>, ammo_762x39 x30, AK_WoodHndgrd<2dc8ab00>, AK_WoodBttstck<36b7a7b0>) from the trader "Weapons (Denis [#STR_EXPANSION_MARKET_TRADER_WEAPONS])" in market zone "Trader Zone" (pos=<6675.160645, 104.603935, 6114.155762>) for a price of 2130.
21:21:24.992 [Market] Player "GrumpyD75" (id=Zjm0-MEQae98tV96JF6Qw__BbT0r3hLRGc8gavsPARo=) has bought mag_fal_20rnd x1 (26e66430, ammo_308win x20) from the trader "Attachments (Jose [#STR_EXPANSION_MARKET_TRADER_ATTACHMENTS])" in market zone "Trader Zone" (pos=<6675.160645, 104.603935, 6114.155762>) for a price of 140.
21:21:26.328 [Market] Player "GrumpyD75" (id=Zjm0-MEQae98tV96JF6Qw__BbT0r3hLRGc8gavsPARo=) has bought mag_fal_20rnd x1 (26e6eef0, ammo_308win x20) from the trader "Attachments (Jose [#STR_EXPANSION_MARKET_TRADER_ATTACHMENTS])" in market zone "Trader Zone" (pos=<6675.160645, 104.603935, 6114.155762>) for a price of 140.
21:21:26.898 [Market] Player "GrumpyD75" (id=Zjm0-MEQae98tV96JF6Qw__BbT0r3hLRGc8gavsPARo=) has bought mag_fal_20rnd x1 (2e48d350, ammo_308win x20) from the trader "Attachments (Jose [#STR_EXPANSION_MARKET_TRADER_ATTACHMENTS])" in market zone "Trader Zone" (pos=<6675.160645, 104.603935, 6114.155762>) for a price of 140.
21:21:27.585 [Market] Player "GrumpyD75" (id=Zjm0-MEQae98tV96JF6Qw__BbT0r3hLRGc8gavsPARo=) has bought mag_fal_20rnd x1 (2e4a4550, ammo_308win x20) from the trader "Attachments (Jose [#STR_EXPANSION_MARKET_TRADER_ATTACHMENTS])" in market zone "Trader Zone" (pos=<6675.160645, 104.603935, 6114.155762>) for a price of 140.
21:21:35.195 [Market] Player "GrumpyD75" (id=Zjm0-MEQae98tV96JF6Qw__BbT0r3hLRGc8gavsPARo=) has bought mag_akm_drum75rnd x1 (3504cc70, ammo_762x39 x75) from the trader "Attachments (Jose [#STR_EXPANSION_MARKET_TRADER_ATTACHMENTS])" in market zone "Trader Zone" (pos=<6675.160645, 104.603935, 6114.155762>) for a price of 630.
21:21:35.726 [Market] Player "GrumpyD75" (id=Zjm0-MEQae98tV96JF6Qw__BbT0r3hLRGc8gavsPARo=) has bought mag_akm_drum75rnd x1 (303fe7e0, ammo_762x39 x75) from the trader "Attachments (Jose [#STR_EXPANSION_MARKET_TRADER_ATTACHMENTS])" in market zone "Trader Zone" (pos=<6675.160645, 104.603935, 6114.155762>) for a price of 630.
21:21:36.523 [Market] Player "GrumpyD75" (id=Zjm0-MEQae98tV96JF6Qw__BbT0r3hLRGc8gavsPARo=) has bought mag_akm_drum75rnd x1 (3a7d8980, ammo_762x39 x75) from the trader "Attachments (Jose [#STR_EXPANSION_MARKET_TRADER_ATTACHMENTS])" in market zone "Trader Zone" (pos=<6675.160645, 104.603935, 6114.155762>) for a price of 630.
21:24:15.257 [Market] Player "GrumpyD75" (id=Zjm0-MEQae98tV96JF6Qw__BbT0r3hLRGc8gavsPARo=) has bought nylonknifesheath x1 (3a923790) from the trader "Clothing (Naomi [#STR_EXPANSION_MARKET_TRADER_CLOTHING])" in market zone "Trader Zone" (pos=<6675.160645, 104.603935, 6114.155762>) for a price of 30.
21:24:15.992 [Market] Player "GrumpyD75" (id=Zjm0-MEQae98tV96JF6Qw__BbT0r3hLRGc8gavsPARo=) has bought nylonknifesheath x1 (3aa91440) from the trader "Clothing (Naomi [#STR_EXPANSION_MARKET_TRADER_CLOTHING])" in market zone "Trader Zone" (pos=<6675.160645, 104.603935, 6114.155762>) for a price of 30.
21:26:03.312 [Market] Player "RoamDee" (id=frclhQGSbmussfaaohIfYLsIajOW8_O57j7ATxHZZO0=) has bought canteen x1 (35239c90) from the trader "Consumables (Linda [#STR_EXPANSION_MARKET_TRADER_CONSUMABLES])" in market zone "Trader Zone" (pos=<6675.160645, 104.603935, 6114.155762>) for a price of 18.
21:26:10.898 [Market] Player "GrumpyD75" (id=Zjm0-MEQae98tV96JF6Qw__BbT0r3hLRGc8gavsPARo=) has bought canteen x1 (30ed61c0) from the trader "Consumables (Linda [#STR_EXPANSION_MARKET_TRADER_CONSUMABLES])" in market zone "Trader Zone" (pos=<6675.160645, 104.603935, 6114.155762>) for a price of 18.
21:27:44.039 [ATM] Player "GrumpyD75" (id=Zjm0-MEQae98tV96JF6Qw__BbT0r3hLRGc8gavsPARo=) has deposited 88985 on his ATM account.
21:28:01.164 [ATM] Player "GrumpyD75" (id=Zjm0-MEQae98tV96JF6Qw__BbT0r3hLRGc8gavsPARo=) has deposited 88985 on the party "PVP NooBs" (partyid=34 | ownerid=frclhQGSbmussfaaohIfYLsIajOW8_O57j7ATxHZZO0=) ATM account.
21:29:20.367 [Market] Player "GrumpyD75" (id=Zjm0-MEQae98tV96JF6Qw__BbT0r3hLRGc8gavsPARo=) has sold mag_ak74_30rnd x1 (ef490450, ammo_545x39 x30) at the trader "Attachments (Jose [#STR_EXPANSION_MARKET_TRADER_ATTACHMENTS])" in market zone "Trader Zone" (pos=<6675.160645, 104.603935, 6114.155762>) and got 195.
21:29:22.835 [Market] Player "GrumpyD75" (id=Zjm0-MEQae98tV96JF6Qw__BbT0r3hLRGc8gavsPARo=) has sold mag_cz527_5rnd x1 (ef481180, ammo_762x39 x5) at the trader "Attachments (Jose [#STR_EXPANSION_MARKET_TRADER_ATTACHMENTS])" in market zone "Trader Zone" (pos=<6675.160645, 104.603935, 6114.155762>) and got 27.
21:30:33.132 [ATM] Player "RoamDee" (id=frclhQGSbmussfaaohIfYLsIajOW8_O57j7ATxHZZO0=) has deposited 85029 on his ATM account.
21:30:36.695 [ATM] Player "RoamDee" (id=frclhQGSbmussfaaohIfYLsIajOW8_O57j7ATxHZZO0=) has deposited 85029 on the party "PVP NooBs" (partyid=34 | ownerid=frclhQGSbmussfaaohIfYLsIajOW8_O57j7ATxHZZO0=) ATM account.
21:30:41.906 [ATM] Player "GrumpyD75" (id=Zjm0-MEQae98tV96JF6Qw__BbT0r3hLRGc8gavsPARo=) has deposited 222 on his ATM account.
21:30:46.984 [ATM] Player "GrumpyD75" (id=Zjm0-MEQae98tV96JF6Qw__BbT0r3hLRGc8gavsPARo=) has deposited 222 on the party "PVP NooBs" (partyid=34 | ownerid=frclhQGSbmussfaaohIfYLsIajOW8_O57j7ATxHZZO0=) ATM account.
21:31:42.929 [Safezone] Player "{1:name}" (id={1:id} pos={1:position}) left the safezone
21:31:42.929 [Safezone] Player "{1:name}" (id={1:id} pos={1:position}) left the safezone
21:31:52.187 [Safezone] Player "GrumpyD75" (id=Zjm0-MEQae98tV96JF6Qw__BbT0r3hLRGc8gavsPARo= pos=<6662.64, 122.57, 6017.24>) entered the safezone
21:34:04.453 [Safezone] Player "RoamDee" (id=frclhQGSbmussfaaohIfYLsIajOW8_O57j7ATxHZZO0= pos=<6626.44, 135.08, 6028.54>) entered the safezone
21:34:53.093 [ATM] Player "RoamDee" (id=frclhQGSbmussfaaohIfYLsIajOW8_O57j7ATxHZZO0=) has withdrawn 174236 from the party "PVP NooBs" (partyid=34 | ownerid=frclhQGSbmussfaaohIfYLsIajOW8_O57j7ATxHZZO0=) ATM account.
21:34:58.796 [ATM] Player RoamDee (id=frclhQGSbmussfaaohIfYLsIajOW8_O57j7ATxHZZO0=) has transfered 100000 to the player GrumpyD75 (id=Zjm0-MEQae98tV96JF6Qw__BbT0r3hLRGc8gavsPARo=).
21:35:40.734 [ATM] Player "RoamDee" (id=frclhQGSbmussfaaohIfYLsIajOW8_O57j7ATxHZZO0=) has withdrawn 10000 from his ATM account.
21:36:09.156 [Market] Player "RoamDee" (id=frclhQGSbmussfaaohIfYLsIajOW8_O57j7ATxHZZO0=) has bought purificationtablets x12 (9a3bc0f0) from the trader "Medicals (Mirek [#STR_EXPANSION_MARKET_TRADER_MEDICALS])" in market zone "Trader Zone" (pos=<6675.160645, 104.603935, 6114.155762>) for a price of 60.
21:36:11.710 [ATM] Player "GrumpyD75" (id=Zjm0-MEQae98tV96JF6Qw__BbT0r3hLRGc8gavsPARo=) has withdrawn 100000 from his ATM account.
21:36:35.687 [Market] Player "GrumpyD75" (id=Zjm0-MEQae98tV96JF6Qw__BbT0r3hLRGc8gavsPARo=) has bought acogoptic_6x x1 (9a3d06a0) from the trader "Attachments (Jose [#STR_EXPANSION_MARKET_TRADER_ATTACHMENTS])" in market zone "Trader Zone" (pos=<6675.160645, 104.603935, 6114.155762>) for a price of 1200.
21:37:13.835 [ATM] Player "RoamDee" (id=frclhQGSbmussfaaohIfYLsIajOW8_O57j7ATxHZZO0=) has deposited 9940 on his ATM account.
21:37:44.609 [ATM] Player "GrumpyD75" (id=Zjm0-MEQae98tV96JF6Qw__BbT0r3hLRGc8gavsPARo=) has deposited 98800 on his ATM account.
21:38:21.593 [Safezone] Player "{1:name}" (id={1:id} pos={1:position}) left the safezone
21:38:22.507 [Safezone] Player "{1:name}" (id={1:id} pos={1:position}) left the safezone
21:52:53.546 [Party] Player "Rajun Cajun " (id=6rdWdgGJ4h5xU1pd7lrNpx51ohxu-qSYYB7mCtbXrJM=) left the party "Kraken Relentless" (id=31 ownerUID=6rdWdgGJ4h5xU1pd7lrNpx51ohxu-qSYYB7mCtbXrJM= ownerName=Rajun Cajun )
21:56:28.398 [Party] Player "GrumpyD75" (id=Zjm0-MEQae98tV96JF6Qw__BbT0r3hLRGc8gavsPARo=) left the party "PVP NooBs" (id=34 ownerUID=frclhQGSbmussfaaohIfYLsIajOW8_O57j7ATxHZZO0= ownerName=RoamDee)
21:56:30.343 [Party] Player "RoamDee" (id=frclhQGSbmussfaaohIfYLsIajOW8_O57j7ATxHZZO0=) left the party "PVP NooBs" (id=34 ownerUID=frclhQGSbmussfaaohIfYLsIajOW8_O57j7ATxHZZO0= ownerName=RoamDee)
22:00:01.390 [Party] Player "PatMax" (id=jiSboo32SQZAMp7VxNNFwsMUk2-s3fPPrck_5xKkgu0=) left the party "Nasse" (id=18 ownerUID=jiSboo32SQZAMp7VxNNFwsMUk2-s3fPPrck_5xKkgu0= ownerName=PatMax)
