06:06:25.023 [MissionAirdrop] An airdrop is heading towards "Ontario" (pos=<6884.233398, 0.000000, 2921.709961> type=Random_Ontario) with a ExpansionAirdropContainer_Medical
06:09:14.758 [Party] Player "Gun" (id=dQV0MWQE63QrNRXqd-4btd7ZbIxSfqWMKo6FakQaWEs=) joinded the party "Its" (id=61 ownerUID=dQV0MWQE63QrNRXqd-4btd7ZbIxSfqWMKo6FakQaWEs= ownerName=Gun)
06:22:05.149 [Party] Player "Gun" (id=dQV0MWQE63QrNRXqd-4btd7ZbIxSfqWMKo6FakQaWEs=) left the party "Its" (id=61 ownerUID=dQV0MWQE63QrNRXqd-4btd7ZbIxSfqWMKo6FakQaWEs= ownerName=Gun)
06:31:49.422 [Party] Player "Gun" (id=dQV0MWQE63QrNRXqd-4btd7ZbIxSfqWMKo6FakQaWEs=) joinded the party "Its" (id=61 ownerUID=dQV0MWQE63QrNRXqd-4btd7ZbIxSfqWMKo6FakQaWEs= ownerName=Gun)
06:35:47.580 [VehicleDeleted] Old_Bike (id=CF3344F2B1427F6EC4C14782296B60DE pos=<3315.54, 173.56, 6681.89>)
06:37:34.988 [VehicleEnter] Player "Gun" (id=dQV0MWQE63QrNRXqd-4btd7ZbIxSfqWMKo6FakQaWEs=) entered vehicle Bicycle (id=DE7062BC774198A3F3922C85D9D3698B pos=<3316.03, 173.36, 6676.44>) as driver
06:42:35.805 [VehicleLeave] Player "Gun" (id=dQV0MWQE63QrNRXqd-4btd7ZbIxSfqWMKo6FakQaWEs=) left vehicle Bicycle (id=DE7062BC774198A3F3922C85D9D3698B pos=<4137.85, 366.76, 5205.05>)
06:43:25.749 [VehicleEnter] Player "Gun" (id=dQV0MWQE63QrNRXqd-4btd7ZbIxSfqWMKo6FakQaWEs=) entered vehicle Bicycle (id=DE7062BC774198A3F3922C85D9D3698B pos=<4137.85, 366.76, 5205.05>) as driver
06:45:36.951 [VehicleLeave] Player "Gun" (id=dQV0MWQE63QrNRXqd-4btd7ZbIxSfqWMKo6FakQaWEs=) left vehicle Bicycle (id=DE7062BC774198A3F3922C85D9D3698B pos=<4097.89, 338.77, 4797.34>)
06:46:23.751 [VehicleDeleted] Old_Bike (id=DE7062BC774198A3F3922C85D9D3698B pos=<4097.89, 338.77, 4797.34>)
06:46:55.065 [VehicleEnter] Player "Gun" (id=dQV0MWQE63QrNRXqd-4btd7ZbIxSfqWMKo6FakQaWEs=) entered vehicle Bicycle (id=EEEA6B6FC743927FD2FF2F82CF72EC17 pos=<4073.72, 338.77, 4816.4>) as driver
06:47:05.337 [VehicleLeave] Player "Gun" (id=dQV0MWQE63QrNRXqd-4btd7ZbIxSfqWMKo6FakQaWEs=) left vehicle Bicycle (id=EEEA6B6FC743927FD2FF2F82CF72EC17 pos=<4078.26, 338.77, 4809.27>)
07:32:39.067 [MissionAirdrop] An airdrop is heading towards "Mohawk" (pos=<7978.891113, 0.000000, 7093.604004> type=Random_Mohawk) with a ExpansionAirdropContainer_Basebuilding
08:50:38.770 [Safezone] Player "space" (id=UGg48lidZt1dHmok1FLocJ5YccSNKAJS5TzpZ6TNdG4= pos=<6686.27, 103.12, 6116.87>) entered the safezone
08:51:39.176 [ATM] Player "space" (id=UGg48lidZt1dHmok1FLocJ5YccSNKAJS5TzpZ6TNdG4=) has withdrawn 500 from his ATM account.
08:51:57.149 [Market] Player "space" (id=UGg48lidZt1dHmok1FLocJ5YccSNKAJS5TzpZ6TNdG4=) has bought pistoloptic x1 (a9afe560) from the trader "Attachments (Jose [#STR_EXPANSION_MARKET_TRADER_ATTACHMENTS])" in market zone "Trader Zone" (pos=<6675.160645, 104.603935, 6114.155762>) for a price of 100.
08:52:46.727 [Market] Player "space" (id=UGg48lidZt1dHmok1FLocJ5YccSNKAJS5TzpZ6TNdG4=) has sold pistoloptic x1 (a9afe560) at the trader "Attachments (Jose [#STR_EXPANSION_MARKET_TRADER_ATTACHMENTS])" in market zone "Trader Zone" (pos=<6675.160645, 104.603935, 6114.155762>) and got 75.
08:53:52.878 [Market] Player "space" (id=UGg48lidZt1dHmok1FLocJ5YccSNKAJS5TzpZ6TNdG4=) has sold huntingoptic x1 (51528c70) at the trader "Attachments (Jose [#STR_EXPANSION_MARKET_TRADER_ATTACHMENTS])" in market zone "Trader Zone" (pos=<6675.160645, 104.603935, 6114.155762>) and got 375.
08:54:19.177 [Market] Player "space" (id=UGg48lidZt1dHmok1FLocJ5YccSNKAJS5TzpZ6TNdG4=) has sold fangeknife x1 (3d440bf0) at the trader "Weapons (Denis [#STR_EXPANSION_MARKET_TRADER_WEAPONS])" in market zone "Trader Zone" (pos=<6675.160645, 104.603935, 6114.155762>) and got 7.
08:54:45.794 [ATM] Player "space" (id=UGg48lidZt1dHmok1FLocJ5YccSNKAJS5TzpZ6TNdG4=) has deposited 857 on his ATM account.
08:55:12.928 [Safezone] Player "{1:name}" (id={1:id} pos={1:position}) left the safezone
08:59:24.128 [MissionAirdrop] An airdrop is heading towards "Seneca" (pos=<7648.691895, 0.000000, 1011.718018> type=Random_Seneca) with a ExpansionAirdropContainer
09:11:31.600 [Party] Player "Gun" (id=dQV0MWQE63QrNRXqd-4btd7ZbIxSfqWMKo6FakQaWEs=) left the party "Its" (id=61 ownerUID=dQV0MWQE63QrNRXqd-4btd7ZbIxSfqWMKo6FakQaWEs= ownerName=Gun)
09:16:34.850 [Safezone] Player "space" (id=UGg48lidZt1dHmok1FLocJ5YccSNKAJS5TzpZ6TNdG4= pos=<6630.7, 105.65, 6200.8>) entered the safezone
09:17:17.078 [ATM] Player "space" (id=UGg48lidZt1dHmok1FLocJ5YccSNKAJS5TzpZ6TNdG4=) has withdrawn 2000 from his ATM account.
09:21:51.634 [Market] Player "space" (id=UGg48lidZt1dHmok1FLocJ5YccSNKAJS5TzpZ6TNdG4=) has bought expansion_mp5sd x1 (89f4aff0, Mag_MP5_30Rnd<a9673e80>, ammo_9x19 x30) from the trader "Weapons (Denis [#STR_EXPANSION_MARKET_TRADER_WEAPONS])" in market zone "Trader Zone" (pos=<6675.160645, 104.603935, 6114.155762>) for a price of 1560.
09:22:13.711 [Market] Player "space" (id=UGg48lidZt1dHmok1FLocJ5YccSNKAJS5TzpZ6TNdG4=) has sold pistolsuppressor x1 (3d459510) at the trader "Attachments (Jose [#STR_EXPANSION_MARKET_TRADER_ATTACHMENTS])" in market zone "Trader Zone" (pos=<6675.160645, 104.603935, 6114.155762>) and got 11.
09:22:27.784 [Market] Player "space" (id=UGg48lidZt1dHmok1FLocJ5YccSNKAJS5TzpZ6TNdG4=) has bought mag_mp5_30rnd x1 (52e50630, ammo_9x19 x30) from the trader "Attachments (Jose [#STR_EXPANSION_MARKET_TRADER_ATTACHMENTS])" in market zone "Trader Zone" (pos=<6675.160645, 104.603935, 6114.155762>) for a price of 260.
09:22:45.808 [Market] Player "space" (id=UGg48lidZt1dHmok1FLocJ5YccSNKAJS5TzpZ6TNdG4=) has bought ammobox_9x19_25rnd x1 (3d9e5c20) from the trader "Weapons (Denis [#STR_EXPANSION_MARKET_TRADER_WEAPONS])" in market zone "Trader Zone" (pos=<6675.160645, 104.603935, 6114.155762>) for a price of 40.
09:22:46.230 [Market] Player "space" (id=UGg48lidZt1dHmok1FLocJ5YccSNKAJS5TzpZ6TNdG4=) has bought ammobox_9x19_25rnd x1 (3da0b560) from the trader "Weapons (Denis [#STR_EXPANSION_MARKET_TRADER_WEAPONS])" in market zone "Trader Zone" (pos=<6675.160645, 104.603935, 6114.155762>) for a price of 40.
09:27:41.596 [Market] Player "space" (id=UGg48lidZt1dHmok1FLocJ5YccSNKAJS5TzpZ6TNdG4=) has sold sportglasses_orange x1 (3d4636f0) at the trader "Clothing (Naomi [#STR_EXPANSION_MARKET_TRADER_CLOTHING])" in market zone "Trader Zone" (pos=<6675.160645, 104.603935, 6114.155762>) and got 12.
09:27:46.184 [Market] Player "space" (id=UGg48lidZt1dHmok1FLocJ5YccSNKAJS5TzpZ6TNdG4=) has sold huntingvest x1 (a55fe420) at the trader "Clothing (Naomi [#STR_EXPANSION_MARKET_TRADER_CLOTHING])" in market zone "Trader Zone" (pos=<6675.160645, 104.603935, 6114.155762>) and got 16.
09:27:52.215 [Market] Player "space" (id=UGg48lidZt1dHmok1FLocJ5YccSNKAJS5TzpZ6TNdG4=) has sold nioshfacemask x1 (47b60c20) at the trader "Clothing (Naomi [#STR_EXPANSION_MARKET_TRADER_CLOTHING])" in market zone "Trader Zone" (pos=<6675.160645, 104.603935, 6114.155762>) and got 15.
