16:51:20.703 [Safezone] Player "Eric" (id=DT1QFut1v8UN48skN3UnroicVIl_5hTizZZZSwLRxk8= pos=<6664.96, 122.11, 6016.85>) entered the safezone
16:52:02.191 [Market] Player "Eric" (id=DT1QFut1v8UN48skN3UnroicVIl_5hTizZZZSwLRxk8=) has sold mp133shotgun x1 (1a20fa30) at the trader "Weapons (Denis [#STR_EXPANSION_MARKET_TRADER_WEAPONS])" in market zone "Trader Zone" (pos=<6675.160645, 104.603935, 6114.155762>) and got 281.
16:52:04.425 [Market] Player "Eric" (id=DT1QFut1v8UN48skN3UnroicVIl_5hTizZZZSwLRxk8=) has sold mp133shotgun x1 (1a231ed0) at the trader "Weapons (Denis [#STR_EXPANSION_MARKET_TRADER_WEAPONS])" in market zone "Trader Zone" (pos=<6675.160645, 104.603935, 6114.155762>) and got 375.
16:52:51.484 [Market] Player "Eric" (id=DT1QFut1v8UN48skN3UnroicVIl_5hTizZZZSwLRxk8=) has bought vitaminbottle x1 (17be55a0) from the trader "Medicals (Mirek [#STR_EXPANSION_MARKET_TRADER_MEDICALS])" in market zone "Trader Zone" (pos=<6675.160645, 104.603935, 6114.155762>) for a price of 6.
16:53:05.089 [Market] Player "Eric" (id=DT1QFut1v8UN48skN3UnroicVIl_5hTizZZZSwLRxk8=) has bought tetracyclineantibiotics x1 (17bd1c00) from the trader "Medicals (Mirek [#STR_EXPANSION_MARKET_TRADER_MEDICALS])" in market zone "Trader Zone" (pos=<6675.160645, 104.603935, 6114.155762>) for a price of 8.
16:54:18.484 [Market] Player "Eric" (id=DT1QFut1v8UN48skN3UnroicVIl_5hTizZZZSwLRxk8=) has sold booniehat_dubok x1 (15741610) at the trader "Clothing (Naomi [#STR_EXPANSION_MARKET_TRADER_CLOTHING])" in market zone "Trader Zone" (pos=<6675.160645, 104.603935, 6114.155762>) and got 11.
16:54:22.679 [Market] Player "Eric" (id=DT1QFut1v8UN48skN3UnroicVIl_5hTizZZZSwLRxk8=) has sold dirtbikehelmet_police x1 (19942ba0) at the trader "Clothing (Naomi [#STR_EXPANSION_MARKET_TRADER_CLOTHING])" in market zone "Trader Zone" (pos=<6675.160645, 104.603935, 6114.155762>) and got 33.
16:54:35.542 [Market] Player "Eric" (id=DT1QFut1v8UN48skN3UnroicVIl_5hTizZZZSwLRxk8=) has sold huntingvest x1 (15ffe160) at the trader "Clothing (Naomi [#STR_EXPANSION_MARKET_TRADER_CLOTHING])" in market zone "Trader Zone" (pos=<6675.160645, 104.603935, 6114.155762>) and got 67.
16:55:15.335 [Market] Player "Eric" (id=DT1QFut1v8UN48skN3UnroicVIl_5hTizZZZSwLRxk8=) has sold huntingvest x1 (1f871b80) at the trader "Clothing (Naomi [#STR_EXPANSION_MARKET_TRADER_CLOTHING])" in market zone "Trader Zone" (pos=<6675.160645, 104.603935, 6114.155762>) and got 33.
16:56:02.128 [Market] Player "Eric" (id=DT1QFut1v8UN48skN3UnroicVIl_5hTizZZZSwLRxk8=) has sold personalradio x1 (3bf19dd0, Battery9V<3bf1a960>) at the trader "Components (Cyril [#STR_EXPANSION_MARKET_TRADER_COMPONENTS])" in market zone "Trader Zone" (pos=<6675.160645, 104.603935, 6114.155762>) and got 10.
16:56:03.148 [Market] Player "Eric" (id=DT1QFut1v8UN48skN3UnroicVIl_5hTizZZZSwLRxk8=) has sold personalradio x1 (1b6686d0, Battery9V<1d2f1ea0>) at the trader "Components (Cyril [#STR_EXPANSION_MARKET_TRADER_COMPONENTS])" in market zone "Trader Zone" (pos=<6675.160645, 104.603935, 6114.155762>) and got 4.
16:56:04.949 [Market] Player "Eric" (id=DT1QFut1v8UN48skN3UnroicVIl_5hTizZZZSwLRxk8=) has sold megaphone x1 (18336080) at the trader "Components (Cyril [#STR_EXPANSION_MARKET_TRADER_COMPONENTS])" in market zone "Trader Zone" (pos=<6675.160645, 104.603935, 6114.155762>) and got 22.
16:56:05.832 [Market] Player "Eric" (id=DT1QFut1v8UN48skN3UnroicVIl_5hTizZZZSwLRxk8=) has sold alarmclock_blue x1 (17f1bed0) at the trader "Components (Cyril [#STR_EXPANSION_MARKET_TRADER_COMPONENTS])" in market zone "Trader Zone" (pos=<6675.160645, 104.603935, 6114.155762>) and got 5.
16:56:22.304 [Market] Player "Eric" (id=DT1QFut1v8UN48skN3UnroicVIl_5hTizZZZSwLRxk8=) has bought weaponcleaningkit x1 (16310010) from the trader "Components (Cyril [#STR_EXPANSION_MARKET_TRADER_COMPONENTS])" in market zone "Trader Zone" (pos=<6675.160645, 104.603935, 6114.155762>) for a price of 8.
16:56:24.390 [Market] Player "Eric" (id=DT1QFut1v8UN48skN3UnroicVIl_5hTizZZZSwLRxk8=) has bought sewingkit x1 (18336080) from the trader "Components (Cyril [#STR_EXPANSION_MARKET_TRADER_COMPONENTS])" in market zone "Trader Zone" (pos=<6675.160645, 104.603935, 6114.155762>) for a price of 4.
16:56:25.714 [Market] Player "Eric" (id=DT1QFut1v8UN48skN3UnroicVIl_5hTizZZZSwLRxk8=) has bought leathersewingkit x1 (163069c0) from the trader "Components (Cyril [#STR_EXPANSION_MARKET_TRADER_COMPONENTS])" in market zone "Trader Zone" (pos=<6675.160645, 104.603935, 6114.155762>) for a price of 5.
16:57:31.621 [Market] Player "Eric" (id=DT1QFut1v8UN48skN3UnroicVIl_5hTizZZZSwLRxk8=) has bought weaponcleaningkit x1 (12cf6460) from the trader "Components (Cyril [#STR_EXPANSION_MARKET_TRADER_COMPONENTS])" in market zone "Trader Zone" (pos=<6675.160645, 104.603935, 6114.155762>) for a price of 8.
16:58:24.480 [Market] Player "Eric" (id=DT1QFut1v8UN48skN3UnroicVIl_5hTizZZZSwLRxk8=) has bought weaponcleaningkit x1 (1bf288c0) from the trader "Components (Cyril [#STR_EXPANSION_MARKET_TRADER_COMPONENTS])" in market zone "Trader Zone" (pos=<6675.160645, 104.603935, 6114.155762>) for a price of 8.
17:00:38.992 [Market] Player "Eric" (id=DT1QFut1v8UN48skN3UnroicVIl_5hTizZZZSwLRxk8=) has sold p1 x1 (2dca64b0) at the trader "Weapons (Denis [#STR_EXPANSION_MARKET_TRADER_WEAPONS])" in market zone "Trader Zone" (pos=<6675.160645, 104.603935, 6114.155762>) and got 187.
17:01:56.273 [Market] Player "Eric" (id=DT1QFut1v8UN48skN3UnroicVIl_5hTizZZZSwLRxk8=) has sold repeater x1 (451102b0) at the trader "Weapons (Denis [#STR_EXPANSION_MARKET_TRADER_WEAPONS])" in market zone "Trader Zone" (pos=<6675.160645, 104.603935, 6114.155762>) and got 262.
17:02:01.527 [Safezone] Player "GreyRogue" (id=9DvnsyUgvOhqcuAguLu80cS41DFDGZ-_Hxa3fNo2_I0= pos=<6575.33, 142.82, 6111.75>) entered the safezone
17:02:14.562 [Safezone] Player "GreyRogue" (id=9DvnsyUgvOhqcuAguLu80cS41DFDGZ-_Hxa3fNo2_I0= pos=<6577.06, 143.52, 6096.96>) entered the safezone
17:02:24.738 [Safezone] Player "GreyRogue" (id=9DvnsyUgvOhqcuAguLu80cS41DFDGZ-_Hxa3fNo2_I0= pos=<6604.7, 143.93, 6043.38>) entered the safezone
17:02:32.351 [Market] Player "Eric" (id=DT1QFut1v8UN48skN3UnroicVIl_5hTizZZZSwLRxk8=) has sold leathersewingkit x1 (163069c0) at the trader "Components (Cyril [#STR_EXPANSION_MARKET_TRADER_COMPONENTS])" in market zone "Trader Zone" (pos=<6675.160645, 104.603935, 6114.155762>) and got 0.
17:02:33.207 [Market] Player "Eric" (id=DT1QFut1v8UN48skN3UnroicVIl_5hTizZZZSwLRxk8=) has sold weaponcleaningkit x1 (1bf288c0) at the trader "Components (Cyril [#STR_EXPANSION_MARKET_TRADER_COMPONENTS])" in market zone "Trader Zone" (pos=<6675.160645, 104.603935, 6114.155762>) and got 3.
17:03:00.281 [ATM] Player "GreyRogue" (id=9DvnsyUgvOhqcuAguLu80cS41DFDGZ-_Hxa3fNo2_I0=) has withdrawn 10000 from his ATM account.
17:04:34.652 [Market] Player "GreyRogue" (id=9DvnsyUgvOhqcuAguLu80cS41DFDGZ-_Hxa3fNo2_I0=) has sold longhorn x1 (2dcb9120) at the trader "Weapons (Denis [#STR_EXPANSION_MARKET_TRADER_WEAPONS])" in market zone "Trader Zone" (pos=<6675.160645, 104.603935, 6114.155762>) and got 112.
17:06:42.843 [Market] Player "Eric" (id=DT1QFut1v8UN48skN3UnroicVIl_5hTizZZZSwLRxk8=) has sold constructionhelmet_yellow x1 (fcb5400) at the trader "Clothing (Naomi [#STR_EXPANSION_MARKET_TRADER_CLOTHING])" in market zone "Trader Zone" (pos=<6675.160645, 104.603935, 6114.155762>) and got 16.
17:06:47.890 [Market] Player "Eric" (id=DT1QFut1v8UN48skN3UnroicVIl_5hTizZZZSwLRxk8=) has sold wellies_grey x1 (fcbea50) at the trader "Clothing (Naomi [#STR_EXPANSION_MARKET_TRADER_CLOTHING])" in market zone "Trader Zone" (pos=<6675.160645, 104.603935, 6114.155762>) and got 63.
17:07:33.484 [Market] Player "Eric" (id=DT1QFut1v8UN48skN3UnroicVIl_5hTizZZZSwLRxk8=) has bought hikingboots_brown x1 (1a0f3c30) from the trader "Clothing (Naomi [#STR_EXPANSION_MARKET_TRADER_CLOTHING])" in market zone "Trader Zone" (pos=<6675.160645, 104.603935, 6114.155762>) for a price of 75.
17:07:44.656 [Market] Player "Eric" (id=DT1QFut1v8UN48skN3UnroicVIl_5hTizZZZSwLRxk8=) has sold athleticshoes_blue x1 (1061cf10) at the trader "Clothing (Naomi [#STR_EXPANSION_MARKET_TRADER_CLOTHING])" in market zone "Trader Zone" (pos=<6675.160645, 104.603935, 6114.155762>) and got 3.
17:08:29.371 [Market] Player "GreyRogue" (id=9DvnsyUgvOhqcuAguLu80cS41DFDGZ-_Hxa3fNo2_I0=) has bought winchester70 x1 (159246b0) from the trader "Weapons (Denis [#STR_EXPANSION_MARKET_TRADER_WEAPONS])" in market zone "Trader Zone" (pos=<6675.160645, 104.603935, 6114.155762>) for a price of 500.
17:08:45.386 [Market] Player "Eric" (id=DT1QFut1v8UN48skN3UnroicVIl_5hTizZZZSwLRxk8=) has bought porkcan x1 (19c4d7e0) from the trader "Consumables (Linda [#STR_EXPANSION_MARKET_TRADER_CONSUMABLES])" in market zone "Trader Zone" (pos=<6675.160645, 104.603935, 6114.155762>) for a price of 15.
17:08:46.019 [Market] Player "Eric" (id=DT1QFut1v8UN48skN3UnroicVIl_5hTizZZZSwLRxk8=) has bought porkcan x1 (185b55a0) from the trader "Consumables (Linda [#STR_EXPANSION_MARKET_TRADER_CONSUMABLES])" in market zone "Trader Zone" (pos=<6675.160645, 104.603935, 6114.155762>) for a price of 15.
17:08:46.484 [Market] Player "Eric" (id=DT1QFut1v8UN48skN3UnroicVIl_5hTizZZZSwLRxk8=) has bought porkcan x1 (185c9b50) from the trader "Consumables (Linda [#STR_EXPANSION_MARKET_TRADER_CONSUMABLES])" in market zone "Trader Zone" (pos=<6675.160645, 104.603935, 6114.155762>) for a price of 15.
17:08:46.894 [Market] Player "Eric" (id=DT1QFut1v8UN48skN3UnroicVIl_5hTizZZZSwLRxk8=) has bought porkcan x1 (127eb980) from the trader "Consumables (Linda [#STR_EXPANSION_MARKET_TRADER_CONSUMABLES])" in market zone "Trader Zone" (pos=<6675.160645, 104.603935, 6114.155762>) for a price of 15.
17:08:47.246 [Market] Player "Eric" (id=DT1QFut1v8UN48skN3UnroicVIl_5hTizZZZSwLRxk8=) has bought porkcan x1 (1bc1ee70) from the trader "Consumables (Linda [#STR_EXPANSION_MARKET_TRADER_CONSUMABLES])" in market zone "Trader Zone" (pos=<6675.160645, 104.603935, 6114.155762>) for a price of 15.
17:08:57.757 [Market] Player "GreyRogue" (id=9DvnsyUgvOhqcuAguLu80cS41DFDGZ-_Hxa3fNo2_I0=) has bought ammobox_308win_20rnd x1 (1b8eea50) from the trader "Weapons (Denis [#STR_EXPANSION_MARKET_TRADER_WEAPONS])" in market zone "Trader Zone" (pos=<6675.160645, 104.603935, 6114.155762>) for a price of 32.
17:08:59.574 [Market] Player "GreyRogue" (id=9DvnsyUgvOhqcuAguLu80cS41DFDGZ-_Hxa3fNo2_I0=) has bought ammobox_308win_20rnd x1 (1db964e0) from the trader "Weapons (Denis [#STR_EXPANSION_MARKET_TRADER_WEAPONS])" in market zone "Trader Zone" (pos=<6675.160645, 104.603935, 6114.155762>) for a price of 32.
17:09:13.218 [Market] Player "GreyRogue" (id=9DvnsyUgvOhqcuAguLu80cS41DFDGZ-_Hxa3fNo2_I0=) has sold mp133shotgun x1 (e4df73e0, FNP45_MRDSOptic<1316b1f0>) at the trader "Weapons (Denis [#STR_EXPANSION_MARKET_TRADER_WEAPONS])" in market zone "Trader Zone" (pos=<6675.160645, 104.603935, 6114.155762>) and got 327.
17:09:52.386 [Market] Player "GreyRogue" (id=9DvnsyUgvOhqcuAguLu80cS41DFDGZ-_Hxa3fNo2_I0=) has bought fal x1 (15933ee0, Mag_FAL_20Rnd<1dfc1ee0>, ammo_308win x20, Fal_OeBttstck<1f59ff00>) from the trader "Weapons (Denis [#STR_EXPANSION_MARKET_TRADER_WEAPONS])" in market zone "Trader Zone" (pos=<6675.160645, 104.603935, 6114.155762>) for a price of 1940.
17:10:30.109 [Market] Player "GreyRogue" (id=9DvnsyUgvOhqcuAguLu80cS41DFDGZ-_Hxa3fNo2_I0=) has bought huntingoptic x1 (13159070) from the trader "Attachments (Jose [#STR_EXPANSION_MARKET_TRADER_ATTACHMENTS])" in market zone "Trader Zone" (pos=<6675.160645, 104.603935, 6114.155762>) for a price of 1000.
17:10:58.312 [Market] Player "Eric" (id=DT1QFut1v8UN48skN3UnroicVIl_5hTizZZZSwLRxk8=) has sold ammo_12garubberslug x1 (15c3c890) at the trader "Weapons (Denis [#STR_EXPANSION_MARKET_TRADER_WEAPONS])" in market zone "Trader Zone" (pos=<6675.160645, 104.603935, 6114.155762>) and got 3.
17:11:00.601 [Market] Player "Eric" (id=DT1QFut1v8UN48skN3UnroicVIl_5hTizZZZSwLRxk8=) has sold ammo_12garubberslug x1 (15c3c890) at the trader "Weapons (Denis [#STR_EXPANSION_MARKET_TRADER_WEAPONS])" in market zone "Trader Zone" (pos=<6675.160645, 104.603935, 6114.155762>) and got 3.
17:11:01.531 [Market] Player "Eric" (id=DT1QFut1v8UN48skN3UnroicVIl_5hTizZZZSwLRxk8=) has sold ammo_12garubberslug x1 (15c3c890) at the trader "Weapons (Denis [#STR_EXPANSION_MARKET_TRADER_WEAPONS])" in market zone "Trader Zone" (pos=<6675.160645, 104.603935, 6114.155762>) and got 3.
17:11:01.687 [Market] Player "Eric" (id=DT1QFut1v8UN48skN3UnroicVIl_5hTizZZZSwLRxk8=) has sold ammo_12garubberslug x1 (15c3c890) at the trader "Weapons (Denis [#STR_EXPANSION_MARKET_TRADER_WEAPONS])" in market zone "Trader Zone" (pos=<6675.160645, 104.603935, 6114.155762>) and got 3.
17:11:02.039 [Market] Player "Eric" (id=DT1QFut1v8UN48skN3UnroicVIl_5hTizZZZSwLRxk8=) has sold ammo_12garubberslug x1 (15ac2630) at the trader "Weapons (Denis [#STR_EXPANSION_MARKET_TRADER_WEAPONS])" in market zone "Trader Zone" (pos=<6675.160645, 104.603935, 6114.155762>) and got 1.
17:11:02.265 [Market] Player "Eric" (id=DT1QFut1v8UN48skN3UnroicVIl_5hTizZZZSwLRxk8=) has sold ammo_12garubberslug x1 (15ac2630) at the trader "Weapons (Denis [#STR_EXPANSION_MARKET_TRADER_WEAPONS])" in market zone "Trader Zone" (pos=<6675.160645, 104.603935, 6114.155762>) and got 1.
17:11:03.664 [Market] Player "Eric" (id=DT1QFut1v8UN48skN3UnroicVIl_5hTizZZZSwLRxk8=) has sold ammo_12garubberslug x1 (15ac2630) at the trader "Weapons (Denis [#STR_EXPANSION_MARKET_TRADER_WEAPONS])" in market zone "Trader Zone" (pos=<6675.160645, 104.603935, 6114.155762>) and got 1.
17:11:06.671 [Market] Player "Eric" (id=DT1QFut1v8UN48skN3UnroicVIl_5hTizZZZSwLRxk8=) has sold ammo_545x39 x1 (1630c640) at the trader "Weapons (Denis [#STR_EXPANSION_MARKET_TRADER_WEAPONS])" in market zone "Trader Zone" (pos=<6675.160645, 104.603935, 6114.155762>) and got 1.
17:11:07.511 [Market] Player "Eric" (id=DT1QFut1v8UN48skN3UnroicVIl_5hTizZZZSwLRxk8=) has sold ammo_545x39 x1 (1630c640) at the trader "Weapons (Denis [#STR_EXPANSION_MARKET_TRADER_WEAPONS])" in market zone "Trader Zone" (pos=<6675.160645, 104.603935, 6114.155762>) and got 1.
17:11:08.128 [Market] Player "Eric" (id=DT1QFut1v8UN48skN3UnroicVIl_5hTizZZZSwLRxk8=) has sold ammo_545x39 x1 (1630c640) at the trader "Weapons (Denis [#STR_EXPANSION_MARKET_TRADER_WEAPONS])" in market zone "Trader Zone" (pos=<6675.160645, 104.603935, 6114.155762>) and got 1.
17:11:08.785 [Market] Player "Eric" (id=DT1QFut1v8UN48skN3UnroicVIl_5hTizZZZSwLRxk8=) has sold ammo_545x39 x1 (1630c640) at the trader "Weapons (Denis [#STR_EXPANSION_MARKET_TRADER_WEAPONS])" in market zone "Trader Zone" (pos=<6675.160645, 104.603935, 6114.155762>) and got 1.
17:11:10.867 [Market] Player "Eric" (id=DT1QFut1v8UN48skN3UnroicVIl_5hTizZZZSwLRxk8=) has sold ammo_flaregreen x1 (19ede8d0) at the trader "Weapons (Denis [#STR_EXPANSION_MARKET_TRADER_WEAPONS])" in market zone "Trader Zone" (pos=<6675.160645, 104.603935, 6114.155762>) and got 5.
17:11:11.867 [Market] Player "GreyRogue" (id=9DvnsyUgvOhqcuAguLu80cS41DFDGZ-_Hxa3fNo2_I0=) has bought acogoptic x1 (74baf490) from the trader "Attachments (Jose [#STR_EXPANSION_MARKET_TRADER_ATTACHMENTS])" in market zone "Trader Zone" (pos=<6675.160645, 104.603935, 6114.155762>) for a price of 300.
17:11:12.617 [Market] Player "Eric" (id=DT1QFut1v8UN48skN3UnroicVIl_5hTizZZZSwLRxk8=) has sold ammo_huntingbolt x1 (180b8c30) at the trader "Weapons (Denis [#STR_EXPANSION_MARKET_TRADER_WEAPONS])" in market zone "Trader Zone" (pos=<6675.160645, 104.603935, 6114.155762>) and got 1.
17:11:13.070 [Market] Player "Eric" (id=DT1QFut1v8UN48skN3UnroicVIl_5hTizZZZSwLRxk8=) has sold ammo_huntingbolt x1 (180b8c30) at the trader "Weapons (Denis [#STR_EXPANSION_MARKET_TRADER_WEAPONS])" in market zone "Trader Zone" (pos=<6675.160645, 104.603935, 6114.155762>) and got 1.
17:11:14.343 [Market] Player "Eric" (id=DT1QFut1v8UN48skN3UnroicVIl_5hTizZZZSwLRxk8=) has sold ammo_huntingbolt x1 (180b8c30) at the trader "Weapons (Denis [#STR_EXPANSION_MARKET_TRADER_WEAPONS])" in market zone "Trader Zone" (pos=<6675.160645, 104.603935, 6114.155762>) and got 1.
17:11:14.355 [Market] Player "Eric" (id=DT1QFut1v8UN48skN3UnroicVIl_5hTizZZZSwLRxk8=) has sold ammo_huntingbolt x1 (180b8c30) at the trader "Weapons (Denis [#STR_EXPANSION_MARKET_TRADER_WEAPONS])" in market zone "Trader Zone" (pos=<6675.160645, 104.603935, 6114.155762>) and got 1.
17:11:18.976 [Market] Player "Eric" (id=DT1QFut1v8UN48skN3UnroicVIl_5hTizZZZSwLRxk8=) has sold ammobox_556x45_20rnd x1 (162e3330) at the trader "Weapons (Denis [#STR_EXPANSION_MARKET_TRADER_WEAPONS])" in market zone "Trader Zone" (pos=<6675.160645, 104.603935, 6114.155762>) and got 24.
17:11:20.121 [Market] Player "Eric" (id=DT1QFut1v8UN48skN3UnroicVIl_5hTizZZZSwLRxk8=) has sold ammobox_556x45_20rnd x1 (131c37e0) at the trader "Weapons (Denis [#STR_EXPANSION_MARKET_TRADER_WEAPONS])" in market zone "Trader Zone" (pos=<6675.160645, 104.603935, 6114.155762>) and got 6.
17:11:48.167 [Market] Player "Eric" (id=DT1QFut1v8UN48skN3UnroicVIl_5hTizZZZSwLRxk8=) has bought ammobox_9x19_25rnd x1 (f50ab730) from the trader "Weapons (Denis [#STR_EXPANSION_MARKET_TRADER_WEAPONS])" in market zone "Trader Zone" (pos=<6675.160645, 104.603935, 6114.155762>) for a price of 40.
17:11:48.539 [Market] Player "GreyRogue" (id=9DvnsyUgvOhqcuAguLu80cS41DFDGZ-_Hxa3fNo2_I0=) has bought mag_fal_20rnd x1 (f508e8b0, ammo_308win x20) from the trader "Attachments (Jose [#STR_EXPANSION_MARKET_TRADER_ATTACHMENTS])" in market zone "Trader Zone" (pos=<6675.160645, 104.603935, 6114.155762>) for a price of 140.
17:11:49.214 [Market] Player "GreyRogue" (id=9DvnsyUgvOhqcuAguLu80cS41DFDGZ-_Hxa3fNo2_I0=) has bought mag_fal_20rnd x1 (131c37e0, ammo_308win x20) from the trader "Attachments (Jose [#STR_EXPANSION_MARKET_TRADER_ATTACHMENTS])" in market zone "Trader Zone" (pos=<6675.160645, 104.603935, 6114.155762>) for a price of 140.
17:11:51.503 [Market] Player "Eric" (id=DT1QFut1v8UN48skN3UnroicVIl_5hTizZZZSwLRxk8=) has bought ammobox_9x19_25rnd x1 (1574f1c0) from the trader "Weapons (Denis [#STR_EXPANSION_MARKET_TRADER_WEAPONS])" in market zone "Trader Zone" (pos=<6675.160645, 104.603935, 6114.155762>) for a price of 40.
17:12:15.292 [Market] Player "Eric" (id=DT1QFut1v8UN48skN3UnroicVIl_5hTizZZZSwLRxk8=) has sold mag_cz527_5rnd x1 (1348b720, ammo_762x39 x3) at the trader "Attachments (Jose [#STR_EXPANSION_MARKET_TRADER_ATTACHMENTS])" in market zone "Trader Zone" (pos=<6675.160645, 104.603935, 6114.155762>) and got 14.
17:12:31.871 [Market] Player "GreyRogue" (id=9DvnsyUgvOhqcuAguLu80cS41DFDGZ-_Hxa3fNo2_I0=) has bought ammobox_45acp_25rnd x1 (1f262bf0) from the trader "Weapons (Denis [#STR_EXPANSION_MARKET_TRADER_WEAPONS])" in market zone "Trader Zone" (pos=<6675.160645, 104.603935, 6114.155762>) for a price of 40.
17:12:33.250 [Market] Player "GreyRogue" (id=9DvnsyUgvOhqcuAguLu80cS41DFDGZ-_Hxa3fNo2_I0=) has bought ammobox_45acp_25rnd x1 (1e0f6780) from the trader "Weapons (Denis [#STR_EXPANSION_MARKET_TRADER_WEAPONS])" in market zone "Trader Zone" (pos=<6675.160645, 104.603935, 6114.155762>) for a price of 40.
17:12:33.847 [Market] Player "Eric" (id=DT1QFut1v8UN48skN3UnroicVIl_5hTizZZZSwLRxk8=) has sold chemlight_yellow x1 (13463b30) at the trader "Components (Cyril [#STR_EXPANSION_MARKET_TRADER_COMPONENTS])" in market zone "Trader Zone" (pos=<6675.160645, 104.603935, 6114.155762>) and got 0.
17:12:34.796 [Market] Player "Eric" (id=DT1QFut1v8UN48skN3UnroicVIl_5hTizZZZSwLRxk8=) has sold chemlight_green x1 (1f95ae60) at the trader "Components (Cyril [#STR_EXPANSION_MARKET_TRADER_COMPONENTS])" in market zone "Trader Zone" (pos=<6675.160645, 104.603935, 6114.155762>) and got 0.
17:12:35.773 [Market] Player "Eric" (id=DT1QFut1v8UN48skN3UnroicVIl_5hTizZZZSwLRxk8=) has sold chemlight_blue x1 (1992d0c0) at the trader "Components (Cyril [#STR_EXPANSION_MARKET_TRADER_COMPONENTS])" in market zone "Trader Zone" (pos=<6675.160645, 104.603935, 6114.155762>) and got 1.
17:13:38.269 [ATM] Player "Eric" (id=DT1QFut1v8UN48skN3UnroicVIl_5hTizZZZSwLRxk8=) has deposited 1171 on his ATM account.
17:14:15.343 [Market] Player "GreyRogue" (id=9DvnsyUgvOhqcuAguLu80cS41DFDGZ-_Hxa3fNo2_I0=) has bought headtorch_black x1 (15761e60, Battery9V<1a10d0e0>) from the trader "Components (Cyril [#STR_EXPANSION_MARKET_TRADER_COMPONENTS])" in market zone "Trader Zone" (pos=<6675.160645, 104.603935, 6114.155762>) for a price of 50.
17:14:33.988 [Market] Player "GreyRogue" (id=9DvnsyUgvOhqcuAguLu80cS41DFDGZ-_Hxa3fNo2_I0=) has bought whetstone x1 (160217f0) from the trader "Components (Cyril [#STR_EXPANSION_MARKET_TRADER_COMPONENTS])" in market zone "Trader Zone" (pos=<6675.160645, 104.603935, 6114.155762>) for a price of 5.
17:15:41.421 [Market] Player "GreyRogue" (id=9DvnsyUgvOhqcuAguLu80cS41DFDGZ-_Hxa3fNo2_I0=) has bought pajka x1 (153f8020) from the trader "Consumables (Linda [#STR_EXPANSION_MARKET_TRADER_CONSUMABLES])" in market zone "Trader Zone" (pos=<6675.160645, 104.603935, 6114.155762>) for a price of 15.
17:15:41.820 [Market] Player "GreyRogue" (id=9DvnsyUgvOhqcuAguLu80cS41DFDGZ-_Hxa3fNo2_I0=) has bought pajka x1 (1023af70) from the trader "Consumables (Linda [#STR_EXPANSION_MARKET_TRADER_CONSUMABLES])" in market zone "Trader Zone" (pos=<6675.160645, 104.603935, 6114.155762>) for a price of 15.
17:15:42.414 [Market] Player "GreyRogue" (id=9DvnsyUgvOhqcuAguLu80cS41DFDGZ-_Hxa3fNo2_I0=) has bought pajka x1 (185dd4f0) from the trader "Consumables (Linda [#STR_EXPANSION_MARKET_TRADER_CONSUMABLES])" in market zone "Trader Zone" (pos=<6675.160645, 104.603935, 6114.155762>) for a price of 15.
17:15:42.851 [Market] Player "GreyRogue" (id=9DvnsyUgvOhqcuAguLu80cS41DFDGZ-_Hxa3fNo2_I0=) has bought pajka x1 (180e7910) from the trader "Consumables (Linda [#STR_EXPANSION_MARKET_TRADER_CONSUMABLES])" in market zone "Trader Zone" (pos=<6675.160645, 104.603935, 6114.155762>) for a price of 15.
17:17:19.605 [Safezone] Player "Eric" (id=DT1QFut1v8UN48skN3UnroicVIl_5hTizZZZSwLRxk8= pos=<6608.09, 140.52, 6040.52>) entered the safezone
17:20:47.996 [Safezone] Player "{1:name}" (id={1:id} pos={1:position}) left the safezone
17:22:04.074 [Market] Player "GreyRogue" (id=9DvnsyUgvOhqcuAguLu80cS41DFDGZ-_Hxa3fNo2_I0=) has bought huntingjacket_autumn x1 (ff9d9b0) from the trader "Clothing (Naomi [#STR_EXPANSION_MARKET_TRADER_CLOTHING])" in market zone "Trader Zone" (pos=<6675.160645, 104.603935, 6114.155762>) for a price of 120.
17:22:26.492 [Market] Player "GreyRogue" (id=9DvnsyUgvOhqcuAguLu80cS41DFDGZ-_Hxa3fNo2_I0=) has bought hunterpants_autumn x1 (1db894c0) from the trader "Clothing (Naomi [#STR_EXPANSION_MARKET_TRADER_CLOTHING])" in market zone "Trader Zone" (pos=<6675.160645, 104.603935, 6114.155762>) for a price of 100.
17:22:58.816 [Market] Player "GreyRogue" (id=9DvnsyUgvOhqcuAguLu80cS41DFDGZ-_Hxa3fNo2_I0=) has sold hikingjacket_red x1 (3bf4b010) at the trader "Clothing (Naomi [#STR_EXPANSION_MARKET_TRADER_CLOTHING])" in market zone "Trader Zone" (pos=<6675.160645, 104.603935, 6114.155762>) and got 20.
17:23:32.484 [Market] Player "GreyRogue" (id=9DvnsyUgvOhqcuAguLu80cS41DFDGZ-_Hxa3fNo2_I0=) has sold paramedicpants_crimson x1 (19cdcc00) at the trader "Clothing (Naomi [#STR_EXPANSION_MARKET_TRADER_CLOTHING])" in market zone "Trader Zone" (pos=<6675.160645, 104.603935, 6114.155762>) and got 26.
17:23:41.937 [Market] Player "GreyRogue" (id=9DvnsyUgvOhqcuAguLu80cS41DFDGZ-_Hxa3fNo2_I0=) has sold policevest x1 (1c2f56f0) at the trader "Clothing (Naomi [#STR_EXPANSION_MARKET_TRADER_CLOTHING])" in market zone "Trader Zone" (pos=<6675.160645, 104.603935, 6114.155762>) and got 26.
17:24:02.230 [Market] Player "GreyRogue" (id=9DvnsyUgvOhqcuAguLu80cS41DFDGZ-_Hxa3fNo2_I0=) has bought smershvest x1 (3bf4b010) from the trader "Clothing (Naomi [#STR_EXPANSION_MARKET_TRADER_CLOTHING])" in market zone "Trader Zone" (pos=<6675.160645, 104.603935, 6114.155762>) for a price of 150.
17:24:10.171 [Market] Player "GreyRogue" (id=9DvnsyUgvOhqcuAguLu80cS41DFDGZ-_Hxa3fNo2_I0=) has bought smershbag x1 (12764dd0) from the trader "Clothing (Naomi [#STR_EXPANSION_MARKET_TRADER_CLOTHING])" in market zone "Trader Zone" (pos=<6675.160645, 104.603935, 6114.155762>) for a price of 1.
17:24:48.699 [Market] Player "GreyRogue" (id=9DvnsyUgvOhqcuAguLu80cS41DFDGZ-_Hxa3fNo2_I0=) has sold zmijovkacap_blue x1 (de55890) at the trader "Clothing (Naomi [#STR_EXPANSION_MARKET_TRADER_CLOTHING])" in market zone "Trader Zone" (pos=<6675.160645, 104.603935, 6114.155762>) and got 6.
17:25:22.531 [Market] Player "GreyRogue" (id=9DvnsyUgvOhqcuAguLu80cS41DFDGZ-_Hxa3fNo2_I0=) has bought omnogloves_brown x1 (134913a0) from the trader "Clothing (Naomi [#STR_EXPANSION_MARKET_TRADER_CLOTHING])" in market zone "Trader Zone" (pos=<6675.160645, 104.603935, 6114.155762>) for a price of 40.
17:25:56.562 [Market] Player "GreyRogue" (id=9DvnsyUgvOhqcuAguLu80cS41DFDGZ-_Hxa3fNo2_I0=) has bought balaclavamask_green x1 (1a7c37a0) from the trader "Clothing (Naomi [#STR_EXPANSION_MARKET_TRADER_CLOTHING])" in market zone "Trader Zone" (pos=<6675.160645, 104.603935, 6114.155762>) for a price of 60.
17:26:27.730 [Market] Player "GreyRogue" (id=9DvnsyUgvOhqcuAguLu80cS41DFDGZ-_Hxa3fNo2_I0=) has bought radarcap_green x1 (1275da30) from the trader "Clothing (Naomi [#STR_EXPANSION_MARKET_TRADER_CLOTHING])" in market zone "Trader Zone" (pos=<6675.160645, 104.603935, 6114.155762>) for a price of 45.
17:27:40.593 [Market] Player "GreyRogue" (id=9DvnsyUgvOhqcuAguLu80cS41DFDGZ-_Hxa3fNo2_I0=) has sold athleticshoes_blue x1 (742e19e0) at the trader "Clothing (Naomi [#STR_EXPANSION_MARKET_TRADER_CLOTHING])" in market zone "Trader Zone" (pos=<6675.160645, 104.603935, 6114.155762>) and got 6.
17:27:44.738 [Market] Player "GreyRogue" (id=9DvnsyUgvOhqcuAguLu80cS41DFDGZ-_Hxa3fNo2_I0=) has bought ttskoboots x1 (1a646800) from the trader "Clothing (Naomi [#STR_EXPANSION_MARKET_TRADER_CLOTHING])" in market zone "Trader Zone" (pos=<6675.160645, 104.603935, 6114.155762>) for a price of 100.
17:29:14.390 [Market] Player "GreyRogue" (id=9DvnsyUgvOhqcuAguLu80cS41DFDGZ-_Hxa3fNo2_I0=) has bought battery9v x1 (17afba30) from the trader "Components (Cyril [#STR_EXPANSION_MARKET_TRADER_COMPONENTS])" in market zone "Trader Zone" (pos=<6675.160645, 104.603935, 6114.155762>) for a price of 10.
17:31:26.578 [Market] Player "GreyRogue" (id=9DvnsyUgvOhqcuAguLu80cS41DFDGZ-_Hxa3fNo2_I0=) has bought ammobox_308win_20rnd x1 (e380a00) from the trader "Weapons (Denis [#STR_EXPANSION_MARKET_TRADER_WEAPONS])" in market zone "Trader Zone" (pos=<6675.160645, 104.603935, 6114.155762>) for a price of 32.
17:31:26.984 [Market] Player "GreyRogue" (id=9DvnsyUgvOhqcuAguLu80cS41DFDGZ-_Hxa3fNo2_I0=) has bought ammobox_308win_20rnd x1 (e348fb0) from the trader "Weapons (Denis [#STR_EXPANSION_MARKET_TRADER_WEAPONS])" in market zone "Trader Zone" (pos=<6675.160645, 104.603935, 6114.155762>) for a price of 32.
17:31:27.386 [Market] Player "GreyRogue" (id=9DvnsyUgvOhqcuAguLu80cS41DFDGZ-_Hxa3fNo2_I0=) has bought ammobox_308win_20rnd x1 (e35a530) from the trader "Weapons (Denis [#STR_EXPANSION_MARKET_TRADER_WEAPONS])" in market zone "Trader Zone" (pos=<6675.160645, 104.603935, 6114.155762>) for a price of 32.
17:31:27.898 [Market] Player "GreyRogue" (id=9DvnsyUgvOhqcuAguLu80cS41DFDGZ-_Hxa3fNo2_I0=) has bought ammobox_308win_20rnd x1 (e36a390) from the trader "Weapons (Denis [#STR_EXPANSION_MARKET_TRADER_WEAPONS])" in market zone "Trader Zone" (pos=<6675.160645, 104.603935, 6114.155762>) for a price of 32.
17:31:41.570 [ATM] Player "GreyRogue" (id=9DvnsyUgvOhqcuAguLu80cS41DFDGZ-_Hxa3fNo2_I0=) has deposited 5490 on his ATM account.
17:32:45.148 [Safezone] Player "{1:name}" (id={1:id} pos={1:position}) left the safezone
17:38:07.234 [Safezone] Player "Eric" (id=DT1QFut1v8UN48skN3UnroicVIl_5hTizZZZSwLRxk8= pos=<6636.61, 131.06, 6026.18>) entered the safezone
17:39:02.023 [Market] Player "Eric" (id=DT1QFut1v8UN48skN3UnroicVIl_5hTizZZZSwLRxk8=) has sold fireworkslauncher x1 (1d578d80) at the trader "Components (Cyril [#STR_EXPANSION_MARKET_TRADER_COMPONENTS])" in market zone "Trader Zone" (pos=<6675.160645, 104.603935, 6114.155762>) and got 93.
17:39:05.531 [Market] Player "Eric" (id=DT1QFut1v8UN48skN3UnroicVIl_5hTizZZZSwLRxk8=) has sold metalwire x1 (1991f510) at the trader "Components (Cyril [#STR_EXPANSION_MARKET_TRADER_COMPONENTS])" in market zone "Trader Zone" (pos=<6675.160645, 104.603935, 6114.155762>) and got 11.
17:39:06.265 [Market] Player "Eric" (id=DT1QFut1v8UN48skN3UnroicVIl_5hTizZZZSwLRxk8=) has sold netting x1 (1f851ec0) at the trader "Components (Cyril [#STR_EXPANSION_MARKET_TRADER_COMPONENTS])" in market zone "Trader Zone" (pos=<6675.160645, 104.603935, 6114.155762>) and got 28.
17:39:40.468 [Market] Player "Eric" (id=DT1QFut1v8UN48skN3UnroicVIl_5hTizZZZSwLRxk8=) has sold mag_cz75_15rnd x1 (15aa2970) at the trader "Attachments (Jose [#STR_EXPANSION_MARKET_TRADER_ATTACHMENTS])" in market zone "Trader Zone" (pos=<6675.160645, 104.603935, 6114.155762>) and got 30.
17:40:16.937 [Market] Player "Eric" (id=DT1QFut1v8UN48skN3UnroicVIl_5hTizZZZSwLRxk8=) has bought weaponcleaningkit x1 (1d682c40) from the trader "Components (Cyril [#STR_EXPANSION_MARKET_TRADER_COMPONENTS])" in market zone "Trader Zone" (pos=<6675.160645, 104.603935, 6114.155762>) for a price of 8.
17:41:00.867 [Market] Player "Eric" (id=DT1QFut1v8UN48skN3UnroicVIl_5hTizZZZSwLRxk8=) has sold mp133shotgun x1 (15930aa0) at the trader "Weapons (Denis [#STR_EXPANSION_MARKET_TRADER_WEAPONS])" in market zone "Trader Zone" (pos=<6675.160645, 104.603935, 6114.155762>) and got 375.
17:42:42.121 [Market] Player "Eric" (id=DT1QFut1v8UN48skN3UnroicVIl_5hTizZZZSwLRxk8=) has sold firefightershelmet_white x1 (18362d60) at the trader "Clothing (Naomi [#STR_EXPANSION_MARKET_TRADER_CLOTHING])" in market zone "Trader Zone" (pos=<6675.160645, 104.603935, 6114.155762>) and got 84.
17:42:45.312 [Market] Player "Eric" (id=DT1QFut1v8UN48skN3UnroicVIl_5hTizZZZSwLRxk8=) has sold weldingmask x1 (1bd77a40) at the trader "Clothing (Naomi [#STR_EXPANSION_MARKET_TRADER_CLOTHING])" in market zone "Trader Zone" (pos=<6675.160645, 104.603935, 6114.155762>) and got 52.
17:42:46.457 [Market] Player "Eric" (id=DT1QFut1v8UN48skN3UnroicVIl_5hTizZZZSwLRxk8=) has sold weldingmask x1 (1bd83340) at the trader "Clothing (Naomi [#STR_EXPANSION_MARKET_TRADER_CLOTHING])" in market zone "Trader Zone" (pos=<6675.160645, 104.603935, 6114.155762>) and got 39.
17:42:52.679 [Market] Player "Eric" (id=DT1QFut1v8UN48skN3UnroicVIl_5hTizZZZSwLRxk8=) has sold duffelbagsmall_green x1 (1dbb9b70) at the trader "Clothing (Naomi [#STR_EXPANSION_MARKET_TRADER_CLOTHING])" in market zone "Trader Zone" (pos=<6675.160645, 104.603935, 6114.155762>) and got 90.
17:44:55.375 [Market] Player "Eric" (id=DT1QFut1v8UN48skN3UnroicVIl_5hTizZZZSwLRxk8=) has sold pistolsuppressor x1 (18676f00) at the trader "Attachments (Jose [#STR_EXPANSION_MARKET_TRADER_ATTACHMENTS])" in market zone "Trader Zone" (pos=<6675.160645, 104.603935, 6114.155762>) and got 8.
17:46:21.699 [ATM] Player "Eric" (id=DT1QFut1v8UN48skN3UnroicVIl_5hTizZZZSwLRxk8=) has deposited 802 on his ATM account.
17:47:46.671 [Market] Player "Eric" (id=DT1QFut1v8UN48skN3UnroicVIl_5hTizZZZSwLRxk8=) has sold workinggloves_beige x1 (7a11acb0) at the trader "Clothing (Naomi [#STR_EXPANSION_MARKET_TRADER_CLOTHING])" in market zone "Trader Zone" (pos=<6675.160645, 104.603935, 6114.155762>) and got 22.
17:47:50.199 [Market] Player "Eric" (id=DT1QFut1v8UN48skN3UnroicVIl_5hTizZZZSwLRxk8=) has sold zmijovkacap_red x1 (e352600) at the trader "Clothing (Naomi [#STR_EXPANSION_MARKET_TRADER_CLOTHING])" in market zone "Trader Zone" (pos=<6675.160645, 104.603935, 6114.155762>) and got 6.
17:47:56.531 [Market] Player "Eric" (id=DT1QFut1v8UN48skN3UnroicVIl_5hTizZZZSwLRxk8=) has sold tshirt_white x1 (7a122be0) at the trader "Clothing (Naomi [#STR_EXPANSION_MARKET_TRADER_CLOTHING])" in market zone "Trader Zone" (pos=<6675.160645, 104.603935, 6114.155762>) and got 4.
17:47:57.429 [Market] Player "Eric" (id=DT1QFut1v8UN48skN3UnroicVIl_5hTizZZZSwLRxk8=) has sold tshirt_grey x1 (1bb85d70) at the trader "Clothing (Naomi [#STR_EXPANSION_MARKET_TRADER_CLOTHING])" in market zone "Trader Zone" (pos=<6675.160645, 104.603935, 6114.155762>) and got 7.
17:48:18.148 [Market] Player "Eric" (id=DT1QFut1v8UN48skN3UnroicVIl_5hTizZZZSwLRxk8=) has sold jumpsuitjacket_green x1 (18333dd0) at the trader "Clothing (Naomi [#STR_EXPANSION_MARKET_TRADER_CLOTHING])" in market zone "Trader Zone" (pos=<6675.160645, 104.603935, 6114.155762>) and got 9.
17:48:25.214 [Market] Player "Eric" (id=DT1QFut1v8UN48skN3UnroicVIl_5hTizZZZSwLRxk8=) has sold crowbar x1 (15c3eb40) at the trader "BuildingSupplies (Boris [#STR_EXPANSION_MARKET_TRADER_BUILDING_SUPPLIES])" in market zone "Trader Zone" (pos=<6675.160645, 104.603935, 6114.155762>) and got 2.
17:48:31.015 [Market] Player "Eric" (id=DT1QFut1v8UN48skN3UnroicVIl_5hTizZZZSwLRxk8=) has sold netting x1 (17b2fab0) at the trader "BuildingSupplies (Boris [#STR_EXPANSION_MARKET_TRADER_BUILDING_SUPPLIES])" in market zone "Trader Zone" (pos=<6675.160645, 104.603935, 6114.155762>) and got 9.
