03:01:48.049 [Party] Player "F11 Simulator" (id=m_TD03B4NXDQrU5koHpLq3WyQf1hXTvQSdETJOTM8ss=) joinded the party "SLAVES" (id=1 ownerUID=m_TD03B4NXDQrU5koHpLq3WyQf1hXTvQSdETJOTM8ss= ownerName=F11 Simulator)
03:03:09.298 [Party] Player "Druss" (id=mvB_p65s26M1iDgS3KgKpm-UzbAyYM5rER5IINF2xI0=) joinded the party "SLAVES" (id=1 ownerUID=m_TD03B4NXDQrU5koHpLq3WyQf1hXTvQSdETJOTM8ss= ownerName=F11 Simulator)
03:03:37.353 [Party] Player "CracklinOatBranCereal" (id=nsXTBdceXa3UBnQ4bQCu_T4oOASZ3Wo1_7Zla-psVPA=) joinded the party "Hunter Ruthless" (id=36 ownerUID=nsXTBdceXa3UBnQ4bQCu_T4oOASZ3Wo1_7Zla-psVPA= ownerName=CracklinOatBranCereal)
03:05:24.656 [Killfeed] Midcore commited suicide with Bone Knife.
03:06:24.386 [MissionAirdrop] An airdrop is heading towards "Brickworks" (pos=<8906.998047, 0.000000, 4500.351074> type=Random_Brickworks) with a ExpansionAirdropContainer_Medical
03:06:38.967 [Party] Player "Sir Trippy" (id=qZqolO4hbF2D7i2SHl6eLqgMczahG7_bAPkC9G_OL68=) joinded the party "SLAVES" (id=1 ownerUID=m_TD03B4NXDQrU5koHpLq3WyQf1hXTvQSdETJOTM8ss= ownerName=F11 Simulator)
03:07:55.017 [Party] Player "CracklinOatBranCereal" (id=nsXTBdceXa3UBnQ4bQCu_T4oOASZ3Wo1_7Zla-psVPA=) left the party "Hunter Ruthless" (id=36 ownerUID=nsXTBdceXa3UBnQ4bQCu_T4oOASZ3Wo1_7Zla-psVPA= ownerName=CracklinOatBranCereal)
03:12:11.300 [Safezone] Player "F11 Simulator" (id=m_TD03B4NXDQrU5koHpLq3WyQf1hXTvQSdETJOTM8ss= pos=<6683.49, 102.49, 6137.01>) entered the safezone
03:12:43.913 [Market] Player "F11 Simulator" (id=m_TD03B4NXDQrU5koHpLq3WyQf1hXTvQSdETJOTM8ss=) has sold famas x1 (3cfb9700) at the trader "Weapons (Denis [#STR_EXPANSION_MARKET_TRADER_WEAPONS])" in market zone "Trader Zone" (pos=<6675.160645, 104.603935, 6114.155762>) and got 1125.
03:12:44.771 [Market] Player "F11 Simulator" (id=m_TD03B4NXDQrU5koHpLq3WyQf1hXTvQSdETJOTM8ss=) has sold m4a1 x1 (3cfba410, ACOGOptic<41e33880>, M4_MPBttstck<41f76880>, M4_MPHndgrd<41f75160>) at the trader "Weapons (Denis [#STR_EXPANSION_MARKET_TRADER_WEAPONS])" in market zone "Trader Zone" (pos=<6675.160645, 104.603935, 6114.155762>) and got 1687.
03:14:43.154 [Market] Player "F11 Simulator" (id=m_TD03B4NXDQrU5koHpLq3WyQf1hXTvQSdETJOTM8ss=) has sold m4a1 x1 (9c94b1b0, M9A1_Bayonet<9bf70e60>, M4_OEBttstck<9bf6a650>, M4_RISHndgrd<9bf80130>, UniversalLight<9bf81850>, Battery9V<9bf823e0>, M4_T3NRDSOptic<2eb84e70>, Battery9V<9bf7de80>) at the trader "Weapons (Denis [#STR_EXPANSION_MARKET_TRADER_WEAPONS])" in market zone "Trader Zone" (pos=<6675.160645, 104.603935, 6114.155762>) and got 2053.
03:16:30.386 [Market] Player "F11 Simulator" (id=m_TD03B4NXDQrU5koHpLq3WyQf1hXTvQSdETJOTM8ss=) has sold m4a1 x1 (9c94d8e0, M9A1_Bayonet<9bf7c760>, M4_OEBttstck<9bf84690>, M4_RISHndgrd<9bf89780>, UniversalLight<9bf88060>, Battery9V<9bf8a310>, M4_T3NRDSOptic<2eb7edf0>, Battery9V<9bf88bf0>) at the trader "Weapons (Denis [#STR_EXPANSION_MARKET_TRADER_WEAPONS])" in market zone "Trader Zone" (pos=<6675.160645, 104.603935, 6114.155762>) and got 2053.
03:16:41.746 [ATM] Player "F11 Simulator" (id=m_TD03B4NXDQrU5koHpLq3WyQf1hXTvQSdETJOTM8ss=) has deposited 56918 on his ATM account.
03:16:50.967 [ATM] Player "F11 Simulator" (id=m_TD03B4NXDQrU5koHpLq3WyQf1hXTvQSdETJOTM8ss=) has deposited 59000 on the party "SLAVES" (partyid=1 | ownerid=m_TD03B4NXDQrU5koHpLq3WyQf1hXTvQSdETJOTM8ss=) ATM account.
03:19:41.208 [Safezone] Player "Druss" (id=mvB_p65s26M1iDgS3KgKpm-UzbAyYM5rER5IINF2xI0= pos=<6715.75, 112.01, 6025.2>) entered the safezone
03:20:25.956 [ATM] Player "Druss" (id=mvB_p65s26M1iDgS3KgKpm-UzbAyYM5rER5IINF2xI0=) has withdrawn 10000 from his ATM account.
03:24:41.965 [Market] Player "Druss" (id=mvB_p65s26M1iDgS3KgKpm-UzbAyYM5rER5IINF2xI0=) has bought expansiongunrack x1 (43fe7480) from the trader "BuildingSupplies (Boris [#STR_EXPANSION_MARKET_TRADER_BUILDING_SUPPLIES])" in market zone "Trader Zone" (pos=<6675.160645, 104.603935, 6114.155762>) for a price of 3500.
03:25:30.999 [Safezone] Player "{1:name}" (id={1:id} pos={1:position}) left the safezone
03:27:29.291 [Safezone] Player "{1:name}" (id={1:id} pos={1:position}) left the safezone
03:31:37.004 [Party] Player "F11 Simulator" (id=m_TD03B4NXDQrU5koHpLq3WyQf1hXTvQSdETJOTM8ss=) left the party "SLAVES" (id=1 ownerUID=m_TD03B4NXDQrU5koHpLq3WyQf1hXTvQSdETJOTM8ss= ownerName=F11 Simulator)
03:33:04.824 [BaseRaiding] ExpansionSafeLarge (<7496.335449, 124.393562, 6353.972656>) Code set by "player "Druss" (ID = "mvB_p65s26M1iDgS3KgKpm-UzbAyYM5rER5IINF2xI0=" at <7497.296387, 124.345963, 6353.140137>)" and the code is 1210
03:34:08.461 [Killfeed] Survivor got killed.
03:35:17.511 [Party] Player "London" (id=kOLgOs9yYBFVRQG3lqoHveYdP5X8y3SO69cq5MiR4us=) joinded the party "SLAVES" (id=1 ownerUID=m_TD03B4NXDQrU5koHpLq3WyQf1hXTvQSdETJOTM8ss= ownerName=F11 Simulator)
03:48:45.156 [Safezone] Player "Druss" (id=mvB_p65s26M1iDgS3KgKpm-UzbAyYM5rER5IINF2xI0= pos=<6752.11, 104.25, 6055.85>) entered the safezone
03:49:21.129 [Market] Player "Druss" (id=mvB_p65s26M1iDgS3KgKpm-UzbAyYM5rER5IINF2xI0=) has bought expansionsafelarge x1 (359670e0) from the trader "Components (Cyril [#STR_EXPANSION_MARKET_TRADER_COMPONENTS])" in market zone "Trader Zone" (pos=<6675.160645, 104.603935, 6114.155762>) for a price of 8000.
03:49:46.984 [Safezone] Player "Brewce" (id=XL1GT1pp_f-jQGOrP6YuCPttwyD--b5ziLbGiXICjFs= pos=<6638.2, 102.18, 6204.03>) entered the safezone
03:53:53.911 [ATM] Player "Druss" (id=mvB_p65s26M1iDgS3KgKpm-UzbAyYM5rER5IINF2xI0=) has deposited 1152 on his ATM account.
03:56:45.990 [Safezone] Player "{1:name}" (id={1:id} pos={1:position}) left the safezone
03:58:52.302 [Market] Player "Brewce" (id=XL1GT1pp_f-jQGOrP6YuCPttwyD--b5ziLbGiXICjFs=) has sold armband_red x1 (2bee1b40) at the trader "Clothing (Naomi [#STR_EXPANSION_MARKET_TRADER_CLOTHING])" in market zone "Trader Zone" (pos=<6675.160645, 104.603935, 6114.155762>) and got 11.
03:58:56.691 [Market] Player "Brewce" (id=XL1GT1pp_f-jQGOrP6YuCPttwyD--b5ziLbGiXICjFs=) has sold usmcjacket_woodland x1 (3c3045f0) at the trader "Clothing (Naomi [#STR_EXPANSION_MARKET_TRADER_CLOTHING])" in market zone "Trader Zone" (pos=<6675.160645, 104.603935, 6114.155762>) and got 116.
03:59:05.619 [Market] Player "Brewce" (id=XL1GT1pp_f-jQGOrP6YuCPttwyD--b5ziLbGiXICjFs=) has sold gorkapants_flat x1 (3cb3a510) at the trader "Clothing (Naomi [#STR_EXPANSION_MARKET_TRADER_CLOTHING])" in market zone "Trader Zone" (pos=<6675.160645, 104.603935, 6114.155762>) and got 73.
03:59:48.693 [Market] Player "Brewce" (id=XL1GT1pp_f-jQGOrP6YuCPttwyD--b5ziLbGiXICjFs=) has sold personalradio x1 (3133be00, Battery9V<313355f0>) at the trader "Components (Cyril [#STR_EXPANSION_MARKET_TRADER_COMPONENTS])" in market zone "Trader Zone" (pos=<6675.160645, 104.603935, 6114.155762>) and got 4.
03:59:49.737 [Market] Player "Brewce" (id=XL1GT1pp_f-jQGOrP6YuCPttwyD--b5ziLbGiXICjFs=) has sold personalradio x1 (2bee8ee0, Battery9V<2bee6c30>) at the trader "Components (Cyril [#STR_EXPANSION_MARKET_TRADER_COMPONENTS])" in market zone "Trader Zone" (pos=<6675.160645, 104.603935, 6114.155762>) and got 12.
04:00:11.636 [Market] Player "Brewce" (id=XL1GT1pp_f-jQGOrP6YuCPttwyD--b5ziLbGiXICjFs=) has sold woodaxe x1 (3cec0960) at the trader "Components (Cyril [#STR_EXPANSION_MARKET_TRADER_COMPONENTS])" in market zone "Trader Zone" (pos=<6675.160645, 104.603935, 6114.155762>) and got 11.
04:00:12.820 [Market] Player "Brewce" (id=XL1GT1pp_f-jQGOrP6YuCPttwyD--b5ziLbGiXICjFs=) has sold shovel x1 (2bed1ce0) at the trader "Components (Cyril [#STR_EXPANSION_MARKET_TRADER_COMPONENTS])" in market zone "Trader Zone" (pos=<6675.160645, 104.603935, 6114.155762>) and got 2.
04:00:13.894 [Market] Player "Brewce" (id=XL1GT1pp_f-jQGOrP6YuCPttwyD--b5ziLbGiXICjFs=) has sold screwdriver x1 (2bf04640) at the trader "Components (Cyril [#STR_EXPANSION_MARKET_TRADER_COMPONENTS])" in market zone "Trader Zone" (pos=<6675.160645, 104.603935, 6114.155762>) and got 1.
04:00:14.703 [Market] Player "Brewce" (id=XL1GT1pp_f-jQGOrP6YuCPttwyD--b5ziLbGiXICjFs=) has sold pliers x1 (313285d0) at the trader "Components (Cyril [#STR_EXPANSION_MARKET_TRADER_COMPONENTS])" in market zone "Trader Zone" (pos=<6675.160645, 104.603935, 6114.155762>) and got 2.
04:00:23.767 [Market] Player "Brewce" (id=XL1GT1pp_f-jQGOrP6YuCPttwyD--b5ziLbGiXICjFs=) has sold pot x1 (3de3e140) at the trader "Components (Cyril [#STR_EXPANSION_MARKET_TRADER_COMPONENTS])" in market zone "Trader Zone" (pos=<6675.160645, 104.603935, 6114.155762>) and got 3.
04:00:32.027 [Market] Player "Brewce" (id=XL1GT1pp_f-jQGOrP6YuCPttwyD--b5ziLbGiXICjFs=) has sold tlrlight x1 (2bece310) at the trader "Attachments (Jose [#STR_EXPANSION_MARKET_TRADER_ATTACHMENTS])" in market zone "Trader Zone" (pos=<6675.160645, 104.603935, 6114.155762>) and got 67.
04:00:36.104 [Market] Player "Brewce" (id=XL1GT1pp_f-jQGOrP6YuCPttwyD--b5ziLbGiXICjFs=) has sold mag_ruger1022_15rnd x1 (2bef0280) at the trader "Attachments (Jose [#STR_EXPANSION_MARKET_TRADER_ATTACHMENTS])" in market zone "Trader Zone" (pos=<6675.160645, 104.603935, 6114.155762>) and got 93.
04:00:36.871 [Market] Player "Brewce" (id=XL1GT1pp_f-jQGOrP6YuCPttwyD--b5ziLbGiXICjFs=) has sold mag_ruger1022_15rnd x1 (31338430) at the trader "Attachments (Jose [#STR_EXPANSION_MARKET_TRADER_ATTACHMENTS])" in market zone "Trader Zone" (pos=<6675.160645, 104.603935, 6114.155762>) and got 187.
04:00:39.275 [Market] Player "Brewce" (id=XL1GT1pp_f-jQGOrP6YuCPttwyD--b5ziLbGiXICjFs=) has sold pistolsuppressor x1 (2becd780) at the trader "Attachments (Jose [#STR_EXPANSION_MARKET_TRADER_ATTACHMENTS])" in market zone "Trader Zone" (pos=<6675.160645, 104.603935, 6114.155762>) and got 11.
04:00:42.033 [Market] Player "Brewce" (id=XL1GT1pp_f-jQGOrP6YuCPttwyD--b5ziLbGiXICjFs=) has sold pistoloptic x1 (3141c6a0) at the trader "Attachments (Jose [#STR_EXPANSION_MARKET_TRADER_ATTACHMENTS])" in market zone "Trader Zone" (pos=<6675.160645, 104.603935, 6114.155762>) and got 56.
04:00:42.826 [Market] Player "Brewce" (id=XL1GT1pp_f-jQGOrP6YuCPttwyD--b5ziLbGiXICjFs=) has sold puscopeoptic x1 (3de40570) at the trader "Attachments (Jose [#STR_EXPANSION_MARKET_TRADER_ATTACHMENTS])" in market zone "Trader Zone" (pos=<6675.160645, 104.603935, 6114.155762>) and got 168.
04:01:04.533 [Market] Player "Brewce" (id=XL1GT1pp_f-jQGOrP6YuCPttwyD--b5ziLbGiXICjFs=) has sold ammo_22 x23 (353e88c0, 35e55d50) at the trader "Weapons (Denis [#STR_EXPANSION_MARKET_TRADER_WEAPONS])" in market zone "Trader Zone" (pos=<6675.160645, 104.603935, 6114.155762>) and got 9.
04:01:14.251 [Market] Player "Brewce" (id=XL1GT1pp_f-jQGOrP6YuCPttwyD--b5ziLbGiXICjFs=) has sold ammo_308win x7 (2bed6dd0) at the trader "Weapons (Denis [#STR_EXPANSION_MARKET_TRADER_WEAPONS])" in market zone "Trader Zone" (pos=<6675.160645, 104.603935, 6114.155762>) and got 7.
04:01:16.972 [Market] Player "Brewce" (id=XL1GT1pp_f-jQGOrP6YuCPttwyD--b5ziLbGiXICjFs=) has sold ammo_762x54 x1 (31342610) at the trader "Weapons (Denis [#STR_EXPANSION_MARKET_TRADER_WEAPONS])" in market zone "Trader Zone" (pos=<6675.160645, 104.603935, 6114.155762>) and got 1.
04:01:18.134 [Market] Player "Brewce" (id=XL1GT1pp_f-jQGOrP6YuCPttwyD--b5ziLbGiXICjFs=) has sold ammo_762x54 x1 (31342610) at the trader "Weapons (Denis [#STR_EXPANSION_MARKET_TRADER_WEAPONS])" in market zone "Trader Zone" (pos=<6675.160645, 104.603935, 6114.155762>) and got 1.
04:01:18.347 [Market] Player "Brewce" (id=XL1GT1pp_f-jQGOrP6YuCPttwyD--b5ziLbGiXICjFs=) has sold ammo_762x54 x1 (31342610) at the trader "Weapons (Denis [#STR_EXPANSION_MARKET_TRADER_WEAPONS])" in market zone "Trader Zone" (pos=<6675.160645, 104.603935, 6114.155762>) and got 1.
04:01:18.534 [Market] Player "Brewce" (id=XL1GT1pp_f-jQGOrP6YuCPttwyD--b5ziLbGiXICjFs=) has sold ammo_762x54 x1 (31342610) at the trader "Weapons (Denis [#STR_EXPANSION_MARKET_TRADER_WEAPONS])" in market zone "Trader Zone" (pos=<6675.160645, 104.603935, 6114.155762>) and got 1.
04:01:18.716 [Market] Player "Brewce" (id=XL1GT1pp_f-jQGOrP6YuCPttwyD--b5ziLbGiXICjFs=) has sold ammo_762x54 x1 (31342610) at the trader "Weapons (Denis [#STR_EXPANSION_MARKET_TRADER_WEAPONS])" in market zone "Trader Zone" (pos=<6675.160645, 104.603935, 6114.155762>) and got 1.
04:01:19.318 [Market] Player "Brewce" (id=XL1GT1pp_f-jQGOrP6YuCPttwyD--b5ziLbGiXICjFs=) has sold ammo_huntingbolt x1 (2beedfd0) at the trader "Weapons (Denis [#STR_EXPANSION_MARKET_TRADER_WEAPONS])" in market zone "Trader Zone" (pos=<6675.160645, 104.603935, 6114.155762>) and got 3.
04:01:19.718 [Market] Player "Brewce" (id=XL1GT1pp_f-jQGOrP6YuCPttwyD--b5ziLbGiXICjFs=) has sold ammo_huntingbolt x1 (2beedfd0) at the trader "Weapons (Denis [#STR_EXPANSION_MARKET_TRADER_WEAPONS])" in market zone "Trader Zone" (pos=<6675.160645, 104.603935, 6114.155762>) and got 3.
04:01:19.918 [Market] Player "Brewce" (id=XL1GT1pp_f-jQGOrP6YuCPttwyD--b5ziLbGiXICjFs=) has sold ammo_huntingbolt x1 (2beedfd0) at the trader "Weapons (Denis [#STR_EXPANSION_MARKET_TRADER_WEAPONS])" in market zone "Trader Zone" (pos=<6675.160645, 104.603935, 6114.155762>) and got 3.
04:01:20.069 [Market] Player "Brewce" (id=XL1GT1pp_f-jQGOrP6YuCPttwyD--b5ziLbGiXICjFs=) has sold ammo_huntingbolt x1 (2beedfd0) at the trader "Weapons (Denis [#STR_EXPANSION_MARKET_TRADER_WEAPONS])" in market zone "Trader Zone" (pos=<6675.160645, 104.603935, 6114.155762>) and got 3.
04:01:24.495 [Market] Player "Brewce" (id=XL1GT1pp_f-jQGOrP6YuCPttwyD--b5ziLbGiXICjFs=) has sold crossbow_wood x1 (9c97db90) at the trader "Weapons (Denis [#STR_EXPANSION_MARKET_TRADER_WEAPONS])" in market zone "Trader Zone" (pos=<6675.160645, 104.603935, 6114.155762>) and got 300.
04:01:30.167 [Market] Player "Brewce" (id=XL1GT1pp_f-jQGOrP6YuCPttwyD--b5ziLbGiXICjFs=) has sold glock19 x1 (9c981ce0) at the trader "Weapons (Denis [#STR_EXPANSION_MARKET_TRADER_WEAPONS])" in market zone "Trader Zone" (pos=<6675.160645, 104.603935, 6114.155762>) and got 168.
04:01:30.961 [Market] Player "Brewce" (id=XL1GT1pp_f-jQGOrP6YuCPttwyD--b5ziLbGiXICjFs=) has sold longhorn x1 (9c983700) at the trader "Weapons (Denis [#STR_EXPANSION_MARKET_TRADER_WEAPONS])" in market zone "Trader Zone" (pos=<6675.160645, 104.603935, 6114.155762>) and got 150.
04:02:12.631 [Party] Player "Druss" (id=mvB_p65s26M1iDgS3KgKpm-UzbAyYM5rER5IINF2xI0=) left the party "SLAVES" (id=1 ownerUID=m_TD03B4NXDQrU5koHpLq3WyQf1hXTvQSdETJOTM8ss= ownerName=F11 Simulator)
04:03:08.591 [Market] Player "Brewce" (id=XL1GT1pp_f-jQGOrP6YuCPttwyD--b5ziLbGiXICjFs=) has bought whetstone x1 (3dfc5160) from the trader "Components (Cyril [#STR_EXPANSION_MARKET_TRADER_COMPONENTS])" in market zone "Trader Zone" (pos=<6675.160645, 104.603935, 6114.155762>) for a price of 5.
04:07:46.882 [Market] Player "Brewce" (id=XL1GT1pp_f-jQGOrP6YuCPttwyD--b5ziLbGiXICjFs=) has bought weaponcleaningkit x1 (c743d10) from the trader "Components (Cyril [#STR_EXPANSION_MARKET_TRADER_COMPONENTS])" in market zone "Trader Zone" (pos=<6675.160645, 104.603935, 6114.155762>) for a price of 8.
04:07:48.111 [Market] Player "Brewce" (id=XL1GT1pp_f-jQGOrP6YuCPttwyD--b5ziLbGiXICjFs=) has bought leathersewingkit x1 (c74c7d0) from the trader "Components (Cyril [#STR_EXPANSION_MARKET_TRADER_COMPONENTS])" in market zone "Trader Zone" (pos=<6675.160645, 104.603935, 6114.155762>) for a price of 5.
04:07:49.041 [Market] Player "Brewce" (id=XL1GT1pp_f-jQGOrP6YuCPttwyD--b5ziLbGiXICjFs=) has bought sewingkit x1 (c74b0b0) from the trader "Components (Cyril [#STR_EXPANSION_MARKET_TRADER_COMPONENTS])" in market zone "Trader Zone" (pos=<6675.160645, 104.603935, 6114.155762>) for a price of 4.
04:12:19.449 [Market] Player "Brewce" (id=XL1GT1pp_f-jQGOrP6YuCPttwyD--b5ziLbGiXICjFs=) has sold salinebag x1 (31324070) at the trader "Medicals (Mirek [#STR_EXPANSION_MARKET_TRADER_MEDICALS])" in market zone "Trader Zone" (pos=<6675.160645, 104.603935, 6114.155762>) and got 5.
04:12:21.675 [Market] Player "Brewce" (id=XL1GT1pp_f-jQGOrP6YuCPttwyD--b5ziLbGiXICjFs=) has sold tetracyclineantibiotics x1 (c0a6db0) at the trader "Medicals (Mirek [#STR_EXPANSION_MARKET_TRADER_MEDICALS])" in market zone "Trader Zone" (pos=<6675.160645, 104.603935, 6114.155762>) and got 1.
04:12:27.757 [Market] Player "Brewce" (id=XL1GT1pp_f-jQGOrP6YuCPttwyD--b5ziLbGiXICjFs=) has bought vitaminbottle x1 (2b97d910) from the trader "Medicals (Mirek [#STR_EXPANSION_MARKET_TRADER_MEDICALS])" in market zone "Trader Zone" (pos=<6675.160645, 104.603935, 6114.155762>) for a price of 6.
04:13:05.533 [Market] Player "Brewce" (id=XL1GT1pp_f-jQGOrP6YuCPttwyD--b5ziLbGiXICjFs=) has bought gp5gasmask x1 (422fdd30) from the trader "Clothing (Naomi [#STR_EXPANSION_MARKET_TRADER_CLOTHING])" in market zone "Trader Zone" (pos=<6675.160645, 104.603935, 6114.155762>) for a price of 120.
04:13:34.810 [Market] Player "Brewce" (id=XL1GT1pp_f-jQGOrP6YuCPttwyD--b5ziLbGiXICjFs=) has bought gasmask_filter x1 (3cb23ea0) from the trader "Clothing (Naomi [#STR_EXPANSION_MARKET_TRADER_CLOTHING])" in market zone "Trader Zone" (pos=<6675.160645, 104.603935, 6114.155762>) for a price of 1000.
04:14:21.101 [Market] Player "Brewce" (id=XL1GT1pp_f-jQGOrP6YuCPttwyD--b5ziLbGiXICjFs=) has bought tacticalbaconcan x1 (45d04790) from the trader "Consumables (Linda [#STR_EXPANSION_MARKET_TRADER_CONSUMABLES])" in market zone "Trader Zone" (pos=<6675.160645, 104.603935, 6114.155762>) for a price of 20.
04:14:22.039 [Market] Player "Brewce" (id=XL1GT1pp_f-jQGOrP6YuCPttwyD--b5ziLbGiXICjFs=) has bought tacticalbaconcan x1 (3cda6170) from the trader "Consumables (Linda [#STR_EXPANSION_MARKET_TRADER_CONSUMABLES])" in market zone "Trader Zone" (pos=<6675.160645, 104.603935, 6114.155762>) for a price of 20.
04:14:22.812 [Market] Player "Brewce" (id=XL1GT1pp_f-jQGOrP6YuCPttwyD--b5ziLbGiXICjFs=) has bought tacticalbaconcan x1 (3cd71510) from the trader "Consumables (Linda [#STR_EXPANSION_MARKET_TRADER_CONSUMABLES])" in market zone "Trader Zone" (pos=<6675.160645, 104.603935, 6114.155762>) for a price of 20.
04:14:24.486 [Market] Player "Brewce" (id=XL1GT1pp_f-jQGOrP6YuCPttwyD--b5ziLbGiXICjFs=) has bought tacticalbaconcan x1 (3c8448e0) from the trader "Consumables (Linda [#STR_EXPANSION_MARKET_TRADER_CONSUMABLES])" in market zone "Trader Zone" (pos=<6675.160645, 104.603935, 6114.155762>) for a price of 20.
04:17:02.601 [Market] Player "Brewce" (id=XL1GT1pp_f-jQGOrP6YuCPttwyD--b5ziLbGiXICjFs=) has sold portablegaslamp x1 (7a2c7390) at the trader "Components (Cyril [#STR_EXPANSION_MARKET_TRADER_COMPONENTS])" in market zone "Trader Zone" (pos=<6675.160645, 104.603935, 6114.155762>) and got 4.
04:17:03.193 [Market] Player "Brewce" (id=XL1GT1pp_f-jQGOrP6YuCPttwyD--b5ziLbGiXICjFs=) has sold portablegaslamp x1 (7a2cad60) at the trader "Components (Cyril [#STR_EXPANSION_MARKET_TRADER_COMPONENTS])" in market zone "Trader Zone" (pos=<6675.160645, 104.603935, 6114.155762>) and got 14.
04:18:13.872 [Market] Player "Brewce" (id=XL1GT1pp_f-jQGOrP6YuCPttwyD--b5ziLbGiXICjFs=) has bought ammobox_12_7_55_20rnd x1 (3c0a89f0) from the trader "Weapons (Denis [#STR_EXPANSION_MARKET_TRADER_WEAPONS])" in market zone "Trader Zone" (pos=<6675.160645, 104.603935, 6114.155762>) for a price of 64.
04:21:40.140 [BaseBuildingRaiding] ------------------------- Expansion Base Raiding Damage Report -------------------------
04:21:40.142 [BaseBuildingRaiding] Player "Sir Trippy" (id=qZqolO4hbF2D7i2SHl6eLqgMczahG7_bAPkC9G_OL68= pos=<6863.96, 136.08, 5770.76>) damaged ExpansionWall6x3 at <6863.21, 136.08, 5767.35>
04:21:40.142 [BaseBuildingRaiding] They dealt 200 * 1 = 200 damage with Bullet_65Creedmore from PNC_W_SuperSniper
04:21:40.142 [BaseBuildingRaiding] GlobalHealth hitpoints decreased from 30000 to 29800
04:21:40.142 [BaseBuildingRaiding] ----------------------------------------------------------------------------------------
04:32:14.552 [Safezone] Player "Sir Trippy" (id=qZqolO4hbF2D7i2SHl6eLqgMczahG7_bAPkC9G_OL68= pos=<6683.63, 116.78, 6017.47>) entered the safezone
04:32:42.738 [MissionAirdrop] An airdrop is heading towards "Cayuga" (pos=<9227.352539, 0.000000, 3293.108398> type=Random_Cayuga) with a ExpansionAirdropContainer_Basebuilding
04:34:52.355 [Market] Player "Sir Trippy" (id=qZqolO4hbF2D7i2SHl6eLqgMczahG7_bAPkC9G_OL68=) has bought nailbox x1 (457cb410) from the trader "BuildingSupplies (Boris [#STR_EXPANSION_MARKET_TRADER_BUILDING_SUPPLIES])" in market zone "Trader Zone" (pos=<6675.160645, 104.603935, 6114.155762>) for a price of 300.
04:34:55.910 [Market] Player "Sir Trippy" (id=qZqolO4hbF2D7i2SHl6eLqgMczahG7_bAPkC9G_OL68=) has bought woodenplank x1 (457c7a40) from the trader "BuildingSupplies (Boris [#STR_EXPANSION_MARKET_TRADER_BUILDING_SUPPLIES])" in market zone "Trader Zone" (pos=<6675.160645, 104.603935, 6114.155762>) for a price of 50.
04:36:01.535 [Market] Player "Sir Trippy" (id=qZqolO4hbF2D7i2SHl6eLqgMczahG7_bAPkC9G_OL68=) has sold woodencrate x1 (316e3790) at the trader "BuildingSupplies (Boris [#STR_EXPANSION_MARKET_TRADER_BUILDING_SUPPLIES])" in market zone "Trader Zone" (pos=<6675.160645, 104.603935, 6114.155762>) and got 1500.
04:36:11.224 [Market] Player "Sir Trippy" (id=qZqolO4hbF2D7i2SHl6eLqgMczahG7_bAPkC9G_OL68=) has sold woodencrate x1 (3a67f5e0) at the trader "BuildingSupplies (Boris [#STR_EXPANSION_MARKET_TRADER_BUILDING_SUPPLIES])" in market zone "Trader Zone" (pos=<6675.160645, 104.603935, 6114.155762>) and got 1500.
04:36:16.871 [Market] Player "Sir Trippy" (id=qZqolO4hbF2D7i2SHl6eLqgMczahG7_bAPkC9G_OL68=) has sold woodencrate x1 (3a69e710) at the trader "BuildingSupplies (Boris [#STR_EXPANSION_MARKET_TRADER_BUILDING_SUPPLIES])" in market zone "Trader Zone" (pos=<6675.160645, 104.603935, 6114.155762>) and got 1500.
04:36:22.492 [Market] Player "Sir Trippy" (id=qZqolO4hbF2D7i2SHl6eLqgMczahG7_bAPkC9G_OL68=) has sold woodencrate x1 (4579ad60) at the trader "BuildingSupplies (Boris [#STR_EXPANSION_MARKET_TRADER_BUILDING_SUPPLIES])" in market zone "Trader Zone" (pos=<6675.160645, 104.603935, 6114.155762>) and got 1500.
04:36:30.281 [Market] Player "Sir Trippy" (id=qZqolO4hbF2D7i2SHl6eLqgMczahG7_bAPkC9G_OL68=) has sold woodencrate x1 (280b2710) at the trader "BuildingSupplies (Boris [#STR_EXPANSION_MARKET_TRADER_BUILDING_SUPPLIES])" in market zone "Trader Zone" (pos=<6675.160645, 104.603935, 6114.155762>) and got 1500.
04:38:44.160 [Market] Player "Sir Trippy" (id=qZqolO4hbF2D7i2SHl6eLqgMczahG7_bAPkC9G_OL68=) has sold woodencrate x1 (280ab370) at the trader "BuildingSupplies (Boris [#STR_EXPANSION_MARKET_TRADER_BUILDING_SUPPLIES])" in market zone "Trader Zone" (pos=<6675.160645, 104.603935, 6114.155762>) and got 1500.
04:39:29.964 [Market] Player "Sir Trippy" (id=qZqolO4hbF2D7i2SHl6eLqgMczahG7_bAPkC9G_OL68=) has bought expansionsafelarge x1 (3ae3dab0) from the trader "BuildingSupplies (Boris [#STR_EXPANSION_MARKET_TRADER_BUILDING_SUPPLIES])" in market zone "Trader Zone" (pos=<6675.160645, 104.603935, 6114.155762>) for a price of 8000.
04:40:01.027 [ATM] Player "Sir Trippy" (id=qZqolO4hbF2D7i2SHl6eLqgMczahG7_bAPkC9G_OL68=) has deposited 2791 on his ATM account.
04:40:56.914 [ATM] Player "Sir Trippy" (id=qZqolO4hbF2D7i2SHl6eLqgMczahG7_bAPkC9G_OL68=) has withdrawn 2791 from his ATM account.
04:40:59.363 [ATM] Player "Sir Trippy" (id=qZqolO4hbF2D7i2SHl6eLqgMczahG7_bAPkC9G_OL68=) has deposited 20 on his ATM account.
04:41:04.779 [ATM] Player "Sir Trippy" (id=qZqolO4hbF2D7i2SHl6eLqgMczahG7_bAPkC9G_OL68=) has deposited 2771 on his ATM account.
04:41:12.123 [ATM] Player "Sir Trippy" (id=qZqolO4hbF2D7i2SHl6eLqgMczahG7_bAPkC9G_OL68=) has withdrawn 30 from his ATM account.
04:41:28.734 [Market] Player "Sir Trippy" (id=qZqolO4hbF2D7i2SHl6eLqgMczahG7_bAPkC9G_OL68=) has bought charcoaltablets x1 (35c51070) from the trader "Medicals (Mirek [#STR_EXPANSION_MARKET_TRADER_MEDICALS])" in market zone "Trader Zone" (pos=<6675.160645, 104.603935, 6114.155762>) for a price of 2.
04:41:28.902 [Market] Player "Sir Trippy" (id=qZqolO4hbF2D7i2SHl6eLqgMczahG7_bAPkC9G_OL68=) has bought charcoaltablets x1 (35c7c000) from the trader "Medicals (Mirek [#STR_EXPANSION_MARKET_TRADER_MEDICALS])" in market zone "Trader Zone" (pos=<6675.160645, 104.603935, 6114.155762>) for a price of 2.
04:41:29.123 [Market] Player "Sir Trippy" (id=qZqolO4hbF2D7i2SHl6eLqgMczahG7_bAPkC9G_OL68=) has bought charcoaltablets x1 (33edf140) from the trader "Medicals (Mirek [#STR_EXPANSION_MARKET_TRADER_MEDICALS])" in market zone "Trader Zone" (pos=<6675.160645, 104.603935, 6114.155762>) for a price of 2.
04:41:29.302 [Market] Player "Sir Trippy" (id=qZqolO4hbF2D7i2SHl6eLqgMczahG7_bAPkC9G_OL68=) has bought charcoaltablets x1 (33558660) from the trader "Medicals (Mirek [#STR_EXPANSION_MARKET_TRADER_MEDICALS])" in market zone "Trader Zone" (pos=<6675.160645, 104.603935, 6114.155762>) for a price of 2.
04:41:29.501 [Market] Player "Sir Trippy" (id=qZqolO4hbF2D7i2SHl6eLqgMczahG7_bAPkC9G_OL68=) has bought charcoaltablets x1 (48ebdb00) from the trader "Medicals (Mirek [#STR_EXPANSION_MARKET_TRADER_MEDICALS])" in market zone "Trader Zone" (pos=<6675.160645, 104.603935, 6114.155762>) for a price of 2.
04:41:29.703 [Market] Player "Sir Trippy" (id=qZqolO4hbF2D7i2SHl6eLqgMczahG7_bAPkC9G_OL68=) has bought charcoaltablets x1 (4243bc50) from the trader "Medicals (Mirek [#STR_EXPANSION_MARKET_TRADER_MEDICALS])" in market zone "Trader Zone" (pos=<6675.160645, 104.603935, 6114.155762>) for a price of 2.
04:41:29.882 [Market] Player "Sir Trippy" (id=qZqolO4hbF2D7i2SHl6eLqgMczahG7_bAPkC9G_OL68=) has bought charcoaltablets x1 (3355c2b0) from the trader "Medicals (Mirek [#STR_EXPANSION_MARKET_TRADER_MEDICALS])" in market zone "Trader Zone" (pos=<6675.160645, 104.603935, 6114.155762>) for a price of 2.
04:41:30.101 [Market] Player "Sir Trippy" (id=qZqolO4hbF2D7i2SHl6eLqgMczahG7_bAPkC9G_OL68=) has bought charcoaltablets x1 (424653c0) from the trader "Medicals (Mirek [#STR_EXPANSION_MARKET_TRADER_MEDICALS])" in market zone "Trader Zone" (pos=<6675.160645, 104.603935, 6114.155762>) for a price of 2.
04:41:30.265 [Market] Player "Sir Trippy" (id=qZqolO4hbF2D7i2SHl6eLqgMczahG7_bAPkC9G_OL68=) has bought charcoaltablets x1 (44026920) from the trader "Medicals (Mirek [#STR_EXPANSION_MARKET_TRADER_MEDICALS])" in market zone "Trader Zone" (pos=<6675.160645, 104.603935, 6114.155762>) for a price of 2.
04:41:30.449 [Market] Player "Sir Trippy" (id=qZqolO4hbF2D7i2SHl6eLqgMczahG7_bAPkC9G_OL68=) has bought charcoaltablets x1 (33ec9370) from the trader "Medicals (Mirek [#STR_EXPANSION_MARKET_TRADER_MEDICALS])" in market zone "Trader Zone" (pos=<6675.160645, 104.603935, 6114.155762>) for a price of 2.
04:42:38.957 [Safezone] Player "{1:name}" (id={1:id} pos={1:position}) left the safezone
04:48:14.519 [BaseRaiding] ExpansionSafeLarge (<6862.399902, 136.081192, 5769.282227>) Code set by "player "Sir Trippy" (ID = "qZqolO4hbF2D7i2SHl6eLqgMczahG7_bAPkC9G_OL68=" at <6863.756836, 136.081161, 5769.040039>)" and the code is 1738
04:52:11.906 [Party] Player "Gurt" (id=bCuhBiFY7lhRdfO-ATEFKt74KQJD7mS1X4DRodXqO3c=) joinded the party "furkin" (id=39 ownerUID= ownerName=)
04:52:11.906 [Party] Player "Gurt" (id=bCuhBiFY7lhRdfO-ATEFKt74KQJD7mS1X4DRodXqO3c=) created a party named furkin (grt)
04:53:13.525 [Party] Player "Gurt" (id=bCuhBiFY7lhRdfO-ATEFKt74KQJD7mS1X4DRodXqO3c=) invited the player "Skeer de Kat" (id=MurDZXsGDGtrvnhF-b5iKoZ4u8Bz50YCpmA2sIxXR8c=)to the party named furkin
04:53:28.623 [Party] Player "Skeer de Kat" (id=MurDZXsGDGtrvnhF-b5iKoZ4u8Bz50YCpmA2sIxXR8c=) joinded the party "furkin" (id=39 ownerUID=bCuhBiFY7lhRdfO-ATEFKt74KQJD7mS1X4DRodXqO3c= ownerName=Gurt)
05:07:18.828 [Party] Player "London" (id=kOLgOs9yYBFVRQG3lqoHveYdP5X8y3SO69cq5MiR4us=) left the party "SLAVES" (id=1 ownerUID=m_TD03B4NXDQrU5koHpLq3WyQf1hXTvQSdETJOTM8ss= ownerName=F11 Simulator)
05:08:13.517 [Party] Player "London" (id=kOLgOs9yYBFVRQG3lqoHveYdP5X8y3SO69cq5MiR4us=) joinded the party "SLAVES" (id=1 ownerUID=m_TD03B4NXDQrU5koHpLq3WyQf1hXTvQSdETJOTM8ss= ownerName=F11 Simulator)
05:11:06.898 [Party] Player "F11 Simulator" (id=m_TD03B4NXDQrU5koHpLq3WyQf1hXTvQSdETJOTM8ss=) joinded the party "SLAVES" (id=1 ownerUID=m_TD03B4NXDQrU5koHpLq3WyQf1hXTvQSdETJOTM8ss= ownerName=F11 Simulator)
05:11:18.605 [Party] Player "Druss" (id=mvB_p65s26M1iDgS3KgKpm-UzbAyYM5rER5IINF2xI0=) joinded the party "SLAVES" (id=1 ownerUID=m_TD03B4NXDQrU5koHpLq3WyQf1hXTvQSdETJOTM8ss= ownerName=F11 Simulator)
05:13:03.656 [Safezone] Player "F11 Simulator" (id=m_TD03B4NXDQrU5koHpLq3WyQf1hXTvQSdETJOTM8ss= pos=<6688.37, 106.19, 6112.3>) entered the safezone
05:13:41.765 [Safezone] Player "{1:name}" (id={1:id} pos={1:position}) left the safezone
05:23:32.496 [EntityStorage] Player "F11 Simulator" (id=m_TD03B4NXDQrU5koHpLq3WyQf1hXTvQSdETJOTM8ss= pos=<2870.7, 152.56, 1320.7>) restored entity "CamoNetShelter" (GlobalID=80000000800000008000000080006B24 pos=<2870.1, 153.06, 1318.76>)
05:26:29.822 [EntityStorage] Player "F11 Simulator" (id=m_TD03B4NXDQrU5koHpLq3WyQf1hXTvQSdETJOTM8ss= pos=<7571.1, 129.91, 6413.02>) restored entity "CamoNetShelter" (GlobalID=80000000800000008000000080006B26 pos=<7573.09, 130.49, 6413.22>)
05:27:05.117 [VehicleDeleted] ExpansionUAZCargo (id=F31D55AD84431089CBBC8C9A134F1D79 pos=<7571.23, 129.65, 6412.61>)
05:28:06.187 [EntityStorage] Player "F11 Simulator" (id=m_TD03B4NXDQrU5koHpLq3WyQf1hXTvQSdETJOTM8ss= pos=<7568.46, 129.56, 6415.2>) restored entity "ExpansionUAZCargo" (GlobalID=80000000800000008000000080006B27 pos=<7569.71, 129.72, 6414.89>)
05:28:25.136 [VehicleDeleted] ExpansionUAZCargo (id=564CFDB2814331FEE15ED182C1CD8339 pos=<7569.71, 129.72, 6414.89>)
05:28:41.000 [VehicleEnter] Player "Druss" (id=mvB_p65s26M1iDgS3KgKpm-UzbAyYM5rER5IINF2xI0=) entered vehicle UAZ 469 Cargo (id=84C4658C854F21FC5CBB73805464E5D6 pos=<7572.05, 130.03, 6412.43>) as driver
05:28:49.695 [VehicleEngine] Player "Druss" [uid=mvB_p65s26M1iDgS3KgKpm-UzbAyYM5rER5IINF2xI0=] started vehicle UAZ 469 Cargo (id=84C4658C854F21FC5CBB73805464E5D6 pos=<7572.054688, 130.028488, 6412.428223>)
05:28:53.882 [VehicleDeleted] ExpansionUAZCargo (id=84C4658C854F21FC5CBB73805464E5D6 pos=<7572.06, 130.03, 6412.37>)
05:31:25.050 [BaseBuildingRaiding] ------------------------- Expansion Base Raiding Damage Report -------------------------
05:31:25.052 [BaseBuildingRaiding] Player "Druss" (id=mvB_p65s26M1iDgS3KgKpm-UzbAyYM5rER5IINF2xI0= pos=<7486.87, 138.48, 6352.52>) damaged ExpansionWall6x3 at <6869.6, 134.27, 5770.69>
05:31:25.052 [BaseBuildingRaiding] They dealt 392.868 * 1 = 392.868 damage with Bullet_408CheyTac from PNC_W_CheyTacM300
05:31:25.052 [BaseBuildingRaiding] GlobalHealth hitpoints decreased from 29880 to 29487.1
05:31:25.052 [BaseBuildingRaiding] ----------------------------------------------------------------------------------------
05:32:20.523 [BaseBuildingRaiding] ------------------------- Expansion Base Raiding Damage Report -------------------------
05:32:20.523 [BaseBuildingRaiding] Player "Druss" (id=mvB_p65s26M1iDgS3KgKpm-UzbAyYM5rER5IINF2xI0= pos=<7486.92, 138.52, 6352.53>) damaged ExpansionWall6x3 at <6869.6, 134.27, 5770.69>
05:32:20.525 [BaseBuildingRaiding] They dealt 392.781 * 1 = 392.781 damage with Bullet_408CheyTac from PNC_W_CheyTacM300
05:32:20.525 [BaseBuildingRaiding] GlobalHealth hitpoints decreased from 29487.1 to 29094.4
05:32:20.525 [BaseBuildingRaiding] ----------------------------------------------------------------------------------------
05:34:01.812 [BaseBuildingRaiding] ------------------------- Expansion Base Raiding Damage Report -------------------------
05:34:01.812 [BaseBuildingRaiding] Player "Sir Trippy" (id=qZqolO4hbF2D7i2SHl6eLqgMczahG7_bAPkC9G_OL68= pos=<6868.52, 139.31, 5770.68>) damaged ExpansionWall6x3 at <7472.92, 123.84, 6331.68>
05:34:01.812 [BaseBuildingRaiding] They dealt 140.372 * 1 = 140.372 damage with Bullet_65Creedmore from PNC_W_SuperSniper
05:34:01.812 [BaseBuildingRaiding] GlobalHealth hitpoints decreased from 30000 to 29859.6
05:34:01.814 [BaseBuildingRaiding] ----------------------------------------------------------------------------------------
05:34:13.917 [BaseBuildingRaiding] ------------------------- Expansion Base Raiding Damage Report -------------------------
05:34:13.917 [BaseBuildingRaiding] Player "Druss" (id=mvB_p65s26M1iDgS3KgKpm-UzbAyYM5rER5IINF2xI0= pos=<7487.08, 138.76, 6352.67>) damaged ExpansionWall6x3 at <6869.6, 134.27, 5770.69>
05:34:13.917 [BaseBuildingRaiding] They dealt 392.696 * 1 = 392.696 damage with Bullet_408CheyTac from PNC_W_CheyTacM300
05:34:13.917 [BaseBuildingRaiding] GlobalHealth hitpoints decreased from 29094.4 to 28701.7
05:34:13.917 [BaseBuildingRaiding] ----------------------------------------------------------------------------------------
05:47:56.683 [Safezone] Player "London" (id=kOLgOs9yYBFVRQG3lqoHveYdP5X8y3SO69cq5MiR4us= pos=<6700.66, 102.84, 6071.39>) entered the safezone
05:48:50.601 [ATM] Player "London" (id=kOLgOs9yYBFVRQG3lqoHveYdP5X8y3SO69cq5MiR4us=) has withdrawn 500 from his ATM account.
05:49:04.140 [Market] Player "London" (id=kOLgOs9yYBFVRQG3lqoHveYdP5X8y3SO69cq5MiR4us=) has bought electronicrepairkit x1 (3575e5f0) from the trader "Components (Cyril [#STR_EXPANSION_MARKET_TRADER_COMPONENTS])" in market zone "Trader Zone" (pos=<6675.160645, 104.603935, 6114.155762>) for a price of 35.
05:49:46.347 [Market] Player "London" (id=kOLgOs9yYBFVRQG3lqoHveYdP5X8y3SO69cq5MiR4us=) has bought weaponcleaningkit x1 (7a2b69a0) from the trader "Components (Cyril [#STR_EXPANSION_MARKET_TRADER_COMPONENTS])" in market zone "Trader Zone" (pos=<6675.160645, 104.603935, 6114.155762>) for a price of 8.
05:49:47.246 [Market] Player "London" (id=kOLgOs9yYBFVRQG3lqoHveYdP5X8y3SO69cq5MiR4us=) has bought weaponcleaningkit x1 (45451740) from the trader "Components (Cyril [#STR_EXPANSION_MARKET_TRADER_COMPONENTS])" in market zone "Trader Zone" (pos=<6675.160645, 104.603935, 6114.155762>) for a price of 8.
05:49:47.445 [Market] Player "London" (id=kOLgOs9yYBFVRQG3lqoHveYdP5X8y3SO69cq5MiR4us=) has bought weaponcleaningkit x1 (37a98160) from the trader "Components (Cyril [#STR_EXPANSION_MARKET_TRADER_COMPONENTS])" in market zone "Trader Zone" (pos=<6675.160645, 104.603935, 6114.155762>) for a price of 8.
05:49:47.599 [Market] Player "London" (id=kOLgOs9yYBFVRQG3lqoHveYdP5X8y3SO69cq5MiR4us=) has bought weaponcleaningkit x1 (8798e410) from the trader "Components (Cyril [#STR_EXPANSION_MARKET_TRADER_COMPONENTS])" in market zone "Trader Zone" (pos=<6675.160645, 104.603935, 6114.155762>) for a price of 8.
05:49:47.746 [Market] Player "London" (id=kOLgOs9yYBFVRQG3lqoHveYdP5X8y3SO69cq5MiR4us=) has bought weaponcleaningkit x1 (3a9cee60) from the trader "Components (Cyril [#STR_EXPANSION_MARKET_TRADER_COMPONENTS])" in market zone "Trader Zone" (pos=<6675.160645, 104.603935, 6114.155762>) for a price of 8.
05:49:47.937 [Market] Player "London" (id=kOLgOs9yYBFVRQG3lqoHveYdP5X8y3SO69cq5MiR4us=) has bought weaponcleaningkit x1 (879c69f0) from the trader "Components (Cyril [#STR_EXPANSION_MARKET_TRADER_COMPONENTS])" in market zone "Trader Zone" (pos=<6675.160645, 104.603935, 6114.155762>) for a price of 8.
05:49:48.078 [Market] Player "London" (id=kOLgOs9yYBFVRQG3lqoHveYdP5X8y3SO69cq5MiR4us=) has bought weaponcleaningkit x1 (41f9f000) from the trader "Components (Cyril [#STR_EXPANSION_MARKET_TRADER_COMPONENTS])" in market zone "Trader Zone" (pos=<6675.160645, 104.603935, 6114.155762>) for a price of 8.
05:49:48.253 [Market] Player "London" (id=kOLgOs9yYBFVRQG3lqoHveYdP5X8y3SO69cq5MiR4us=) has bought weaponcleaningkit x1 (80226170) from the trader "Components (Cyril [#STR_EXPANSION_MARKET_TRADER_COMPONENTS])" in market zone "Trader Zone" (pos=<6675.160645, 104.603935, 6114.155762>) for a price of 8.
05:53:28.589 [Party] Player "Gurt" (id=bCuhBiFY7lhRdfO-ATEFKt74KQJD7mS1X4DRodXqO3c=) left the party "furkin" (id=39 ownerUID=bCuhBiFY7lhRdfO-ATEFKt74KQJD7mS1X4DRodXqO3c= ownerName=Gurt)
05:53:50.042 [Party] Player "Skeer de Kat" (id=MurDZXsGDGtrvnhF-b5iKoZ4u8Bz50YCpmA2sIxXR8c=) left the party "furkin" (id=39 ownerUID=bCuhBiFY7lhRdfO-ATEFKt74KQJD7mS1X4DRodXqO3c= ownerName=Gurt)
05:55:46.539 [Safezone] Player "Druss" (id=mvB_p65s26M1iDgS3KgKpm-UzbAyYM5rER5IINF2xI0= pos=<6757.15, 103.2, 6061.47>) entered the safezone
05:56:04.734 [ATM] Player "Druss" (id=mvB_p65s26M1iDgS3KgKpm-UzbAyYM5rER5IINF2xI0=) has withdrawn 8000 from his ATM account.
05:56:22.914 [Market] Player "Druss" (id=mvB_p65s26M1iDgS3KgKpm-UzbAyYM5rER5IINF2xI0=) has bought ammobox_308win_20rnd x1 (5b6dbb20) from the trader "Weapons (Denis [#STR_EXPANSION_MARKET_TRADER_WEAPONS])" in market zone "Trader Zone" (pos=<6675.160645, 104.603935, 6114.155762>) for a price of 32.
05:56:23.419 [Market] Player "Druss" (id=mvB_p65s26M1iDgS3KgKpm-UzbAyYM5rER5IINF2xI0=) has bought ammobox_308win_20rnd x1 (5b6e17a0) from the trader "Weapons (Denis [#STR_EXPANSION_MARKET_TRADER_WEAPONS])" in market zone "Trader Zone" (pos=<6675.160645, 104.603935, 6114.155762>) for a price of 32.
05:56:23.839 [Market] Player "Druss" (id=mvB_p65s26M1iDgS3KgKpm-UzbAyYM5rER5IINF2xI0=) has bought ammobox_308win_20rnd x1 (5b6daf90) from the trader "Weapons (Denis [#STR_EXPANSION_MARKET_TRADER_WEAPONS])" in market zone "Trader Zone" (pos=<6675.160645, 104.603935, 6114.155762>) for a price of 32.
05:56:24.250 [Market] Player "Druss" (id=mvB_p65s26M1iDgS3KgKpm-UzbAyYM5rER5IINF2xI0=) has bought ammobox_308win_20rnd x1 (5b6e5170) from the trader "Weapons (Denis [#STR_EXPANSION_MARKET_TRADER_WEAPONS])" in market zone "Trader Zone" (pos=<6675.160645, 104.603935, 6114.155762>) for a price of 32.
05:56:24.585 [Market] Player "Druss" (id=mvB_p65s26M1iDgS3KgKpm-UzbAyYM5rER5IINF2xI0=) has bought ammobox_308win_20rnd x1 (5b6e2330) from the trader "Weapons (Denis [#STR_EXPANSION_MARKET_TRADER_WEAPONS])" in market zone "Trader Zone" (pos=<6675.160645, 104.603935, 6114.155762>) for a price of 32.
05:56:25.031 [Market] Player "Druss" (id=mvB_p65s26M1iDgS3KgKpm-UzbAyYM5rER5IINF2xI0=) has bought ammobox_308win_20rnd x1 (5b6e5d00) from the trader "Weapons (Denis [#STR_EXPANSION_MARKET_TRADER_WEAPONS])" in market zone "Trader Zone" (pos=<6675.160645, 104.603935, 6114.155762>) for a price of 32.
05:56:27.695 [Market] Player "Druss" (id=mvB_p65s26M1iDgS3KgKpm-UzbAyYM5rER5IINF2xI0=) has sold ammobox_308win_20rnd x1 (5b6dbb20) at the trader "Weapons (Denis [#STR_EXPANSION_MARKET_TRADER_WEAPONS])" in market zone "Trader Zone" (pos=<6675.160645, 104.603935, 6114.155762>) and got 24.
05:56:27.968 [Market] Player "Druss" (id=mvB_p65s26M1iDgS3KgKpm-UzbAyYM5rER5IINF2xI0=) has sold ammobox_308win_20rnd x1 (5b6daf90) at the trader "Weapons (Denis [#STR_EXPANSION_MARKET_TRADER_WEAPONS])" in market zone "Trader Zone" (pos=<6675.160645, 104.603935, 6114.155762>) and got 24.
05:56:28.224 [Market] Player "Druss" (id=mvB_p65s26M1iDgS3KgKpm-UzbAyYM5rER5IINF2xI0=) has sold ammobox_308win_20rnd x1 (5b6e17a0) at the trader "Weapons (Denis [#STR_EXPANSION_MARKET_TRADER_WEAPONS])" in market zone "Trader Zone" (pos=<6675.160645, 104.603935, 6114.155762>) and got 24.
05:56:28.492 [Market] Player "Druss" (id=mvB_p65s26M1iDgS3KgKpm-UzbAyYM5rER5IINF2xI0=) has sold ammobox_308win_20rnd x1 (5b6e5170) at the trader "Weapons (Denis [#STR_EXPANSION_MARKET_TRADER_WEAPONS])" in market zone "Trader Zone" (pos=<6675.160645, 104.603935, 6114.155762>) and got 24.
05:56:28.777 [Market] Player "Druss" (id=mvB_p65s26M1iDgS3KgKpm-UzbAyYM5rER5IINF2xI0=) has sold ammobox_308win_20rnd x1 (5b6e5d00) at the trader "Weapons (Denis [#STR_EXPANSION_MARKET_TRADER_WEAPONS])" in market zone "Trader Zone" (pos=<6675.160645, 104.603935, 6114.155762>) and got 24.
05:56:29.185 [Market] Player "Druss" (id=mvB_p65s26M1iDgS3KgKpm-UzbAyYM5rER5IINF2xI0=) has sold ammobox_308win_20rnd x1 (5b6e2330) at the trader "Weapons (Denis [#STR_EXPANSION_MARKET_TRADER_WEAPONS])" in market zone "Trader Zone" (pos=<6675.160645, 104.603935, 6114.155762>) and got 24.
05:56:35.533 [Market] Player "Druss" (id=mvB_p65s26M1iDgS3KgKpm-UzbAyYM5rER5IINF2xI0=) has bought ammobox_308winap_20rnd x1 (5b6e17a0) from the trader "Weapons (Denis [#STR_EXPANSION_MARKET_TRADER_WEAPONS])" in market zone "Trader Zone" (pos=<6675.160645, 104.603935, 6114.155762>) for a price of 64.
05:56:35.957 [Market] Player "Druss" (id=mvB_p65s26M1iDgS3KgKpm-UzbAyYM5rER5IINF2xI0=) has bought ammobox_308winap_20rnd x1 (5b6daf90) from the trader "Weapons (Denis [#STR_EXPANSION_MARKET_TRADER_WEAPONS])" in market zone "Trader Zone" (pos=<6675.160645, 104.603935, 6114.155762>) for a price of 64.
05:56:36.279 [Market] Player "Druss" (id=mvB_p65s26M1iDgS3KgKpm-UzbAyYM5rER5IINF2xI0=) has bought ammobox_308winap_20rnd x1 (5b6df4f0) from the trader "Weapons (Denis [#STR_EXPANSION_MARKET_TRADER_WEAPONS])" in market zone "Trader Zone" (pos=<6675.160645, 104.603935, 6114.155762>) for a price of 64.
05:56:36.585 [Market] Player "Druss" (id=mvB_p65s26M1iDgS3KgKpm-UzbAyYM5rER5IINF2xI0=) has bought ammobox_308winap_20rnd x1 (5b6e2330) from the trader "Weapons (Denis [#STR_EXPANSION_MARKET_TRADER_WEAPONS])" in market zone "Trader Zone" (pos=<6675.160645, 104.603935, 6114.155762>) for a price of 64.
05:56:36.888 [Market] Player "Druss" (id=mvB_p65s26M1iDgS3KgKpm-UzbAyYM5rER5IINF2xI0=) has bought ammobox_308winap_20rnd x1 (5b6dbb20) from the trader "Weapons (Denis [#STR_EXPANSION_MARKET_TRADER_WEAPONS])" in market zone "Trader Zone" (pos=<6675.160645, 104.603935, 6114.155762>) for a price of 64.
05:56:37.123 [Market] Player "Druss" (id=mvB_p65s26M1iDgS3KgKpm-UzbAyYM5rER5IINF2xI0=) has bought ammobox_308winap_20rnd x1 (5b6e2ec0) from the trader "Weapons (Denis [#STR_EXPANSION_MARKET_TRADER_WEAPONS])" in market zone "Trader Zone" (pos=<6675.160645, 104.603935, 6114.155762>) for a price of 64.
05:56:37.406 [Market] Player "Druss" (id=mvB_p65s26M1iDgS3KgKpm-UzbAyYM5rER5IINF2xI0=) has bought ammobox_308winap_20rnd x1 (5b6e5170) from the trader "Weapons (Denis [#STR_EXPANSION_MARKET_TRADER_WEAPONS])" in market zone "Trader Zone" (pos=<6675.160645, 104.603935, 6114.155762>) for a price of 64.
05:56:37.625 [Market] Player "Druss" (id=mvB_p65s26M1iDgS3KgKpm-UzbAyYM5rER5IINF2xI0=) has bought ammobox_308winap_20rnd x1 (5b6e5d00) from the trader "Weapons (Denis [#STR_EXPANSION_MARKET_TRADER_WEAPONS])" in market zone "Trader Zone" (pos=<6675.160645, 104.603935, 6114.155762>) for a price of 64.
05:56:37.921 [Market] Player "Druss" (id=mvB_p65s26M1iDgS3KgKpm-UzbAyYM5rER5IINF2xI0=) has bought ammobox_308winap_20rnd x1 (5b6e6890) from the trader "Weapons (Denis [#STR_EXPANSION_MARKET_TRADER_WEAPONS])" in market zone "Trader Zone" (pos=<6675.160645, 104.603935, 6114.155762>) for a price of 64.
05:56:38.640 [Market] Player "Druss" (id=mvB_p65s26M1iDgS3KgKpm-UzbAyYM5rER5IINF2xI0=) has bought ammobox_308winap_20rnd x1 (3c09b9d0) from the trader "Weapons (Denis [#STR_EXPANSION_MARKET_TRADER_WEAPONS])" in market zone "Trader Zone" (pos=<6675.160645, 104.603935, 6114.155762>) for a price of 64.
05:56:39.054 [Market] Player "Druss" (id=mvB_p65s26M1iDgS3KgKpm-UzbAyYM5rER5IINF2xI0=) has bought ammobox_308winap_20rnd x1 (3c09e810) from the trader "Weapons (Denis [#STR_EXPANSION_MARKET_TRADER_WEAPONS])" in market zone "Trader Zone" (pos=<6675.160645, 104.603935, 6114.155762>) for a price of 64.
05:56:39.296 [Market] Player "Druss" (id=mvB_p65s26M1iDgS3KgKpm-UzbAyYM5rER5IINF2xI0=) has bought ammobox_308winap_20rnd x1 (3c0a5020) from the trader "Weapons (Denis [#STR_EXPANSION_MARKET_TRADER_WEAPONS])" in market zone "Trader Zone" (pos=<6675.160645, 104.603935, 6114.155762>) for a price of 64.
05:56:39.613 [Market] Player "Druss" (id=mvB_p65s26M1iDgS3KgKpm-UzbAyYM5rER5IINF2xI0=) has bought ammobox_308winap_20rnd x1 (3c09ff30) from the trader "Weapons (Denis [#STR_EXPANSION_MARKET_TRADER_WEAPONS])" in market zone "Trader Zone" (pos=<6675.160645, 104.603935, 6114.155762>) for a price of 64.
05:56:39.925 [Market] Player "Druss" (id=mvB_p65s26M1iDgS3KgKpm-UzbAyYM5rER5IINF2xI0=) has bought ammobox_308winap_20rnd x1 (3c0a5bb0) from the trader "Weapons (Denis [#STR_EXPANSION_MARKET_TRADER_WEAPONS])" in market zone "Trader Zone" (pos=<6675.160645, 104.603935, 6114.155762>) for a price of 64.
05:56:40.179 [Market] Player "Druss" (id=mvB_p65s26M1iDgS3KgKpm-UzbAyYM5rER5IINF2xI0=) has bought ammobox_308winap_20rnd x1 (3c0b14b0) from the trader "Weapons (Denis [#STR_EXPANSION_MARKET_TRADER_WEAPONS])" in market zone "Trader Zone" (pos=<6675.160645, 104.603935, 6114.155762>) for a price of 64.
05:56:40.453 [Market] Player "Druss" (id=mvB_p65s26M1iDgS3KgKpm-UzbAyYM5rER5IINF2xI0=) has bought ammobox_308winap_20rnd x1 (3c0b93e0) from the trader "Weapons (Denis [#STR_EXPANSION_MARKET_TRADER_WEAPONS])" in market zone "Trader Zone" (pos=<6675.160645, 104.603935, 6114.155762>) for a price of 64.
05:56:40.734 [Market] Player "Druss" (id=mvB_p65s26M1iDgS3KgKpm-UzbAyYM5rER5IINF2xI0=) has bought ammobox_308winap_20rnd x1 (3c0bb690) from the trader "Weapons (Denis [#STR_EXPANSION_MARKET_TRADER_WEAPONS])" in market zone "Trader Zone" (pos=<6675.160645, 104.603935, 6114.155762>) for a price of 64.
05:56:40.994 [Market] Player "Druss" (id=mvB_p65s26M1iDgS3KgKpm-UzbAyYM5rER5IINF2xI0=) has bought ammobox_308winap_20rnd x1 (3c0bd940) from the trader "Weapons (Denis [#STR_EXPANSION_MARKET_TRADER_WEAPONS])" in market zone "Trader Zone" (pos=<6675.160645, 104.603935, 6114.155762>) for a price of 64.
05:56:41.359 [Market] Player "Druss" (id=mvB_p65s26M1iDgS3KgKpm-UzbAyYM5rER5IINF2xI0=) has bought ammobox_308winap_20rnd x1 (3c0be4d0) from the trader "Weapons (Denis [#STR_EXPANSION_MARKET_TRADER_WEAPONS])" in market zone "Trader Zone" (pos=<6675.160645, 104.603935, 6114.155762>) for a price of 64.
05:56:41.675 [Market] Player "Druss" (id=mvB_p65s26M1iDgS3KgKpm-UzbAyYM5rER5IINF2xI0=) has bought ammobox_308winap_20rnd x1 (3c0c6400) from the trader "Weapons (Denis [#STR_EXPANSION_MARKET_TRADER_WEAPONS])" in market zone "Trader Zone" (pos=<6675.160645, 104.603935, 6114.155762>) for a price of 64.
05:56:42.023 [Market] Player "Druss" (id=mvB_p65s26M1iDgS3KgKpm-UzbAyYM5rER5IINF2xI0=) has bought ammobox_308winap_20rnd x1 (3c0c2a30) from the trader "Weapons (Denis [#STR_EXPANSION_MARKET_TRADER_WEAPONS])" in market zone "Trader Zone" (pos=<6675.160645, 104.603935, 6114.155762>) for a price of 64.
05:56:43.806 [Market] Player "Druss" (id=mvB_p65s26M1iDgS3KgKpm-UzbAyYM5rER5IINF2xI0=) has sold ammobox_308winap_20rnd x1 (5b6e17a0) at the trader "Weapons (Denis [#STR_EXPANSION_MARKET_TRADER_WEAPONS])" in market zone "Trader Zone" (pos=<6675.160645, 104.603935, 6114.155762>) and got 48.
05:56:51.113 [Market] Player "London" (id=kOLgOs9yYBFVRQG3lqoHveYdP5X8y3SO69cq5MiR4us=) has bought weaponcleaningkit x1 (3c0cd7a0) from the trader "Components (Cyril [#STR_EXPANSION_MARKET_TRADER_COMPONENTS])" in market zone "Trader Zone" (pos=<6675.160645, 104.603935, 6114.155762>) for a price of 8.
05:56:51.644 [Market] Player "London" (id=kOLgOs9yYBFVRQG3lqoHveYdP5X8y3SO69cq5MiR4us=) has bought weaponcleaningkit x1 (39108870) from the trader "Components (Cyril [#STR_EXPANSION_MARKET_TRADER_COMPONENTS])" in market zone "Trader Zone" (pos=<6675.160645, 104.603935, 6114.155762>) for a price of 8.
05:56:52.013 [Market] Player "London" (id=kOLgOs9yYBFVRQG3lqoHveYdP5X8y3SO69cq5MiR4us=) has bought weaponcleaningkit x1 (4230f2b0) from the trader "Components (Cyril [#STR_EXPANSION_MARKET_TRADER_COMPONENTS])" in market zone "Trader Zone" (pos=<6675.160645, 104.603935, 6114.155762>) for a price of 8.
05:56:52.496 [Market] Player "London" (id=kOLgOs9yYBFVRQG3lqoHveYdP5X8y3SO69cq5MiR4us=) has bought weaponcleaningkit x1 (3913b1d0) from the trader "Components (Cyril [#STR_EXPANSION_MARKET_TRADER_COMPONENTS])" in market zone "Trader Zone" (pos=<6675.160645, 104.603935, 6114.155762>) for a price of 8.
05:58:28.400 [Market] Player "London" (id=kOLgOs9yYBFVRQG3lqoHveYdP5X8y3SO69cq5MiR4us=) has sold weaponcleaningkit x1 (3913b1d0) at the trader "Components (Cyril [#STR_EXPANSION_MARKET_TRADER_COMPONENTS])" in market zone "Trader Zone" (pos=<6675.160645, 104.603935, 6114.155762>) and got 4.
05:58:35.765 [Market] Player "London" (id=kOLgOs9yYBFVRQG3lqoHveYdP5X8y3SO69cq5MiR4us=) has sold weaponcleaningkit x1 (4230f2b0) at the trader "Components (Cyril [#STR_EXPANSION_MARKET_TRADER_COMPONENTS])" in market zone "Trader Zone" (pos=<6675.160645, 104.603935, 6114.155762>) and got 6.
05:58:44.054 [Market] Player "London" (id=kOLgOs9yYBFVRQG3lqoHveYdP5X8y3SO69cq5MiR4us=) has sold weaponcleaningkit x1 (39108870) at the trader "Components (Cyril [#STR_EXPANSION_MARKET_TRADER_COMPONENTS])" in market zone "Trader Zone" (pos=<6675.160645, 104.603935, 6114.155762>) and got 6.
05:58:54.138 [Market] Player "London" (id=kOLgOs9yYBFVRQG3lqoHveYdP5X8y3SO69cq5MiR4us=) has sold electronicrepairkit x1 (3575e5f0) at the trader "Components (Cyril [#STR_EXPANSION_MARKET_TRADER_COMPONENTS])" in market zone "Trader Zone" (pos=<6675.160645, 104.603935, 6114.155762>) and got 6.
05:59:41.500 [Market] Player "London" (id=kOLgOs9yYBFVRQG3lqoHveYdP5X8y3SO69cq5MiR4us=) has bought ducttape x1 (5ada8780) from the trader "Components (Cyril [#STR_EXPANSION_MARKET_TRADER_COMPONENTS])" in market zone "Trader Zone" (pos=<6675.160645, 104.603935, 6114.155762>) for a price of 20.
05:59:42.160 [Market] Player "London" (id=kOLgOs9yYBFVRQG3lqoHveYdP5X8y3SO69cq5MiR4us=) has bought ducttape x1 (4230e720) from the trader "Components (Cyril [#STR_EXPANSION_MARKET_TRADER_COMPONENTS])" in market zone "Trader Zone" (pos=<6675.160645, 104.603935, 6114.155762>) for a price of 20.
06:00:02.966 [MissionAirdrop] An airdrop is heading towards "Algonquin" (pos=<4627.195313, 0.000000, 7687.189941> type=Random_Algonquin) with a ExpansionAirdropContainer_Medical
06:00:08.076 [Safezone] Player "F11 Simulator" (id=m_TD03B4NXDQrU5koHpLq3WyQf1hXTvQSdETJOTM8ss= pos=<6707.7, 106.52, 6120.54>) entered the safezone
06:00:42.261 [Market] Player "London" (id=kOLgOs9yYBFVRQG3lqoHveYdP5X8y3SO69cq5MiR4us=) has sold ducttape x1 (4230e720) at the trader "Components (Cyril [#STR_EXPANSION_MARKET_TRADER_COMPONENTS])" in market zone "Trader Zone" (pos=<6675.160645, 104.603935, 6114.155762>) and got 15.
06:01:20.050 [Party] Player "F11 Simulator" (id=m_TD03B4NXDQrU5koHpLq3WyQf1hXTvQSdETJOTM8ss=) left the party "SLAVES" (id=1 ownerUID=m_TD03B4NXDQrU5koHpLq3WyQf1hXTvQSdETJOTM8ss= ownerName=F11 Simulator)
06:01:45.214 [ATM] Player "London" (id=kOLgOs9yYBFVRQG3lqoHveYdP5X8y3SO69cq5MiR4us=) has withdrawn 8000 from his ATM account.
06:02:05.076 [Market] Player "London" (id=kOLgOs9yYBFVRQG3lqoHveYdP5X8y3SO69cq5MiR4us=) has bought expansionsafelarge x1 (31336180) from the trader "Components (Cyril [#STR_EXPANSION_MARKET_TRADER_COMPONENTS])" in market zone "Trader Zone" (pos=<6675.160645, 104.603935, 6114.155762>) for a price of 8000.
06:03:30.615 [Safezone] Player "{1:name}" (id={1:id} pos={1:position}) left the safezone
06:05:13.740 [Market] Player "Druss" (id=mvB_p65s26M1iDgS3KgKpm-UzbAyYM5rER5IINF2xI0=) has sold ammo_308win x1 (6644c5e0) at the trader "Weapons (Denis [#STR_EXPANSION_MARKET_TRADER_WEAPONS])" in market zone "Trader Zone" (pos=<6675.160645, 104.603935, 6114.155762>) and got 1.
06:05:13.910 [Market] Player "Druss" (id=mvB_p65s26M1iDgS3KgKpm-UzbAyYM5rER5IINF2xI0=) has sold ammo_308win x1 (6644c5e0) at the trader "Weapons (Denis [#STR_EXPANSION_MARKET_TRADER_WEAPONS])" in market zone "Trader Zone" (pos=<6675.160645, 104.603935, 6114.155762>) and got 1.
06:05:14.039 [Market] Player "Druss" (id=mvB_p65s26M1iDgS3KgKpm-UzbAyYM5rER5IINF2xI0=) has sold ammo_308win x1 (6644c5e0) at the trader "Weapons (Denis [#STR_EXPANSION_MARKET_TRADER_WEAPONS])" in market zone "Trader Zone" (pos=<6675.160645, 104.603935, 6114.155762>) and got 1.
06:05:14.250 [Market] Player "Druss" (id=mvB_p65s26M1iDgS3KgKpm-UzbAyYM5rER5IINF2xI0=) has sold ammo_308win x1 (6644c5e0) at the trader "Weapons (Denis [#STR_EXPANSION_MARKET_TRADER_WEAPONS])" in market zone "Trader Zone" (pos=<6675.160645, 104.603935, 6114.155762>) and got 1.
06:05:14.369 [Market] Player "Druss" (id=mvB_p65s26M1iDgS3KgKpm-UzbAyYM5rER5IINF2xI0=) has sold ammo_308win x1 (6644c5e0) at the trader "Weapons (Denis [#STR_EXPANSION_MARKET_TRADER_WEAPONS])" in market zone "Trader Zone" (pos=<6675.160645, 104.603935, 6114.155762>) and got 1.
06:05:14.501 [Market] Player "Druss" (id=mvB_p65s26M1iDgS3KgKpm-UzbAyYM5rER5IINF2xI0=) has sold ammo_308win x1 (6644c5e0) at the trader "Weapons (Denis [#STR_EXPANSION_MARKET_TRADER_WEAPONS])" in market zone "Trader Zone" (pos=<6675.160645, 104.603935, 6114.155762>) and got 1.
06:05:14.675 [Market] Player "Druss" (id=mvB_p65s26M1iDgS3KgKpm-UzbAyYM5rER5IINF2xI0=) has sold ammo_308win x1 (6644c5e0) at the trader "Weapons (Denis [#STR_EXPANSION_MARKET_TRADER_WEAPONS])" in market zone "Trader Zone" (pos=<6675.160645, 104.603935, 6114.155762>) and got 1.
06:05:14.847 [Market] Player "Druss" (id=mvB_p65s26M1iDgS3KgKpm-UzbAyYM5rER5IINF2xI0=) has sold ammo_308win x1 (6644c5e0) at the trader "Weapons (Denis [#STR_EXPANSION_MARKET_TRADER_WEAPONS])" in market zone "Trader Zone" (pos=<6675.160645, 104.603935, 6114.155762>) and got 1.
06:05:15.015 [Market] Player "Druss" (id=mvB_p65s26M1iDgS3KgKpm-UzbAyYM5rER5IINF2xI0=) has sold ammo_308win x1 (6644c5e0) at the trader "Weapons (Denis [#STR_EXPANSION_MARKET_TRADER_WEAPONS])" in market zone "Trader Zone" (pos=<6675.160645, 104.603935, 6114.155762>) and got 1.
06:05:15.144 [Market] Player "Druss" (id=mvB_p65s26M1iDgS3KgKpm-UzbAyYM5rER5IINF2xI0=) has sold ammo_308win x1 (6644c5e0) at the trader "Weapons (Denis [#STR_EXPANSION_MARKET_TRADER_WEAPONS])" in market zone "Trader Zone" (pos=<6675.160645, 104.603935, 6114.155762>) and got 1.
06:05:15.316 [Market] Player "Druss" (id=mvB_p65s26M1iDgS3KgKpm-UzbAyYM5rER5IINF2xI0=) has sold ammo_308win x1 (6644c5e0) at the trader "Weapons (Denis [#STR_EXPANSION_MARKET_TRADER_WEAPONS])" in market zone "Trader Zone" (pos=<6675.160645, 104.603935, 6114.155762>) and got 1.
06:05:15.492 [Market] Player "Druss" (id=mvB_p65s26M1iDgS3KgKpm-UzbAyYM5rER5IINF2xI0=) has sold ammo_308win x1 (6644c5e0) at the trader "Weapons (Denis [#STR_EXPANSION_MARKET_TRADER_WEAPONS])" in market zone "Trader Zone" (pos=<6675.160645, 104.603935, 6114.155762>) and got 1.
06:05:15.623 [Market] Player "Druss" (id=mvB_p65s26M1iDgS3KgKpm-UzbAyYM5rER5IINF2xI0=) has sold ammo_308win x1 (6644c5e0) at the trader "Weapons (Denis [#STR_EXPANSION_MARKET_TRADER_WEAPONS])" in market zone "Trader Zone" (pos=<6675.160645, 104.603935, 6114.155762>) and got 1.
06:05:15.800 [Market] Player "Druss" (id=mvB_p65s26M1iDgS3KgKpm-UzbAyYM5rER5IINF2xI0=) has sold ammo_308win x1 (6644c5e0) at the trader "Weapons (Denis [#STR_EXPANSION_MARKET_TRADER_WEAPONS])" in market zone "Trader Zone" (pos=<6675.160645, 104.603935, 6114.155762>) and got 1.
06:05:15.962 [Market] Player "Druss" (id=mvB_p65s26M1iDgS3KgKpm-UzbAyYM5rER5IINF2xI0=) has sold ammo_308win x1 (6644c5e0) at the trader "Weapons (Denis [#STR_EXPANSION_MARKET_TRADER_WEAPONS])" in market zone "Trader Zone" (pos=<6675.160645, 104.603935, 6114.155762>) and got 1.
06:05:16.144 [Market] Player "Druss" (id=mvB_p65s26M1iDgS3KgKpm-UzbAyYM5rER5IINF2xI0=) has sold ammo_308win x1 (6644c5e0) at the trader "Weapons (Denis [#STR_EXPANSION_MARKET_TRADER_WEAPONS])" in market zone "Trader Zone" (pos=<6675.160645, 104.603935, 6114.155762>) and got 1.
06:05:16.310 [Market] Player "Druss" (id=mvB_p65s26M1iDgS3KgKpm-UzbAyYM5rER5IINF2xI0=) has sold ammo_308win x1 (6644c5e0) at the trader "Weapons (Denis [#STR_EXPANSION_MARKET_TRADER_WEAPONS])" in market zone "Trader Zone" (pos=<6675.160645, 104.603935, 6114.155762>) and got 1.
06:05:16.445 [Market] Player "Druss" (id=mvB_p65s26M1iDgS3KgKpm-UzbAyYM5rER5IINF2xI0=) has sold ammo_308win x1 (6644c5e0) at the trader "Weapons (Denis [#STR_EXPANSION_MARKET_TRADER_WEAPONS])" in market zone "Trader Zone" (pos=<6675.160645, 104.603935, 6114.155762>) and got 1.
06:05:16.628 [Market] Player "Druss" (id=mvB_p65s26M1iDgS3KgKpm-UzbAyYM5rER5IINF2xI0=) has sold ammo_308win x1 (6644c5e0) at the trader "Weapons (Denis [#STR_EXPANSION_MARKET_TRADER_WEAPONS])" in market zone "Trader Zone" (pos=<6675.160645, 104.603935, 6114.155762>) and got 1.
06:05:16.789 [Market] Player "Druss" (id=mvB_p65s26M1iDgS3KgKpm-UzbAyYM5rER5IINF2xI0=) has sold ammo_308win x1 (6644c5e0) at the trader "Weapons (Denis [#STR_EXPANSION_MARKET_TRADER_WEAPONS])" in market zone "Trader Zone" (pos=<6675.160645, 104.603935, 6114.155762>) and got 1.
06:05:16.949 [Market] Player "Druss" (id=mvB_p65s26M1iDgS3KgKpm-UzbAyYM5rER5IINF2xI0=) has sold ammo_308win x1 (6645fe10) at the trader "Weapons (Denis [#STR_EXPANSION_MARKET_TRADER_WEAPONS])" in market zone "Trader Zone" (pos=<6675.160645, 104.603935, 6114.155762>) and got 1.
06:05:17.105 [Market] Player "Druss" (id=mvB_p65s26M1iDgS3KgKpm-UzbAyYM5rER5IINF2xI0=) has sold ammo_308win x1 (6645fe10) at the trader "Weapons (Denis [#STR_EXPANSION_MARKET_TRADER_WEAPONS])" in market zone "Trader Zone" (pos=<6675.160645, 104.603935, 6114.155762>) and got 1.
06:05:17.275 [Market] Player "Druss" (id=mvB_p65s26M1iDgS3KgKpm-UzbAyYM5rER5IINF2xI0=) has sold ammo_308win x1 (6645fe10) at the trader "Weapons (Denis [#STR_EXPANSION_MARKET_TRADER_WEAPONS])" in market zone "Trader Zone" (pos=<6675.160645, 104.603935, 6114.155762>) and got 1.
06:05:17.486 [Market] Player "Druss" (id=mvB_p65s26M1iDgS3KgKpm-UzbAyYM5rER5IINF2xI0=) has sold ammo_308win x1 (6645fe10) at the trader "Weapons (Denis [#STR_EXPANSION_MARKET_TRADER_WEAPONS])" in market zone "Trader Zone" (pos=<6675.160645, 104.603935, 6114.155762>) and got 1.
06:05:17.609 [Market] Player "Druss" (id=mvB_p65s26M1iDgS3KgKpm-UzbAyYM5rER5IINF2xI0=) has sold ammo_308win x1 (6645fe10) at the trader "Weapons (Denis [#STR_EXPANSION_MARKET_TRADER_WEAPONS])" in market zone "Trader Zone" (pos=<6675.160645, 104.603935, 6114.155762>) and got 1.
06:05:17.796 [Market] Player "Druss" (id=mvB_p65s26M1iDgS3KgKpm-UzbAyYM5rER5IINF2xI0=) has sold ammo_308win x1 (6645fe10) at the trader "Weapons (Denis [#STR_EXPANSION_MARKET_TRADER_WEAPONS])" in market zone "Trader Zone" (pos=<6675.160645, 104.603935, 6114.155762>) and got 1.
06:05:17.955 [Market] Player "Druss" (id=mvB_p65s26M1iDgS3KgKpm-UzbAyYM5rER5IINF2xI0=) has sold ammo_308win x1 (6645fe10) at the trader "Weapons (Denis [#STR_EXPANSION_MARKET_TRADER_WEAPONS])" in market zone "Trader Zone" (pos=<6675.160645, 104.603935, 6114.155762>) and got 1.
06:05:18.126 [Market] Player "Druss" (id=mvB_p65s26M1iDgS3KgKpm-UzbAyYM5rER5IINF2xI0=) has sold ammo_308win x1 (6645fe10) at the trader "Weapons (Denis [#STR_EXPANSION_MARKET_TRADER_WEAPONS])" in market zone "Trader Zone" (pos=<6675.160645, 104.603935, 6114.155762>) and got 1.
06:05:18.316 [Market] Player "Druss" (id=mvB_p65s26M1iDgS3KgKpm-UzbAyYM5rER5IINF2xI0=) has sold ammo_308win x1 (6645fe10) at the trader "Weapons (Denis [#STR_EXPANSION_MARKET_TRADER_WEAPONS])" in market zone "Trader Zone" (pos=<6675.160645, 104.603935, 6114.155762>) and got 1.
06:05:18.472 [Market] Player "Druss" (id=mvB_p65s26M1iDgS3KgKpm-UzbAyYM5rER5IINF2xI0=) has sold ammo_308win x1 (6645fe10) at the trader "Weapons (Denis [#STR_EXPANSION_MARKET_TRADER_WEAPONS])" in market zone "Trader Zone" (pos=<6675.160645, 104.603935, 6114.155762>) and got 1.
06:05:18.644 [Market] Player "Druss" (id=mvB_p65s26M1iDgS3KgKpm-UzbAyYM5rER5IINF2xI0=) has sold ammo_308win x1 (6645fe10) at the trader "Weapons (Denis [#STR_EXPANSION_MARKET_TRADER_WEAPONS])" in market zone "Trader Zone" (pos=<6675.160645, 104.603935, 6114.155762>) and got 1.
06:05:18.816 [Market] Player "Druss" (id=mvB_p65s26M1iDgS3KgKpm-UzbAyYM5rER5IINF2xI0=) has sold ammo_308win x1 (6645fe10) at the trader "Weapons (Denis [#STR_EXPANSION_MARKET_TRADER_WEAPONS])" in market zone "Trader Zone" (pos=<6675.160645, 104.603935, 6114.155762>) and got 1.
06:05:18.992 [Market] Player "Druss" (id=mvB_p65s26M1iDgS3KgKpm-UzbAyYM5rER5IINF2xI0=) has sold ammo_308win x1 (6645fe10) at the trader "Weapons (Denis [#STR_EXPANSION_MARKET_TRADER_WEAPONS])" in market zone "Trader Zone" (pos=<6675.160645, 104.603935, 6114.155762>) and got 1.
06:05:19.175 [Market] Player "Druss" (id=mvB_p65s26M1iDgS3KgKpm-UzbAyYM5rER5IINF2xI0=) has sold ammo_308win x1 (6645fe10) at the trader "Weapons (Denis [#STR_EXPANSION_MARKET_TRADER_WEAPONS])" in market zone "Trader Zone" (pos=<6675.160645, 104.603935, 6114.155762>) and got 1.
06:05:19.316 [Market] Player "Druss" (id=mvB_p65s26M1iDgS3KgKpm-UzbAyYM5rER5IINF2xI0=) has sold ammo_308win x1 (6645fe10) at the trader "Weapons (Denis [#STR_EXPANSION_MARKET_TRADER_WEAPONS])" in market zone "Trader Zone" (pos=<6675.160645, 104.603935, 6114.155762>) and got 1.
06:05:19.476 [Market] Player "Druss" (id=mvB_p65s26M1iDgS3KgKpm-UzbAyYM5rER5IINF2xI0=) has sold ammo_308win x1 (6645fe10) at the trader "Weapons (Denis [#STR_EXPANSION_MARKET_TRADER_WEAPONS])" in market zone "Trader Zone" (pos=<6675.160645, 104.603935, 6114.155762>) and got 1.
06:05:19.644 [Market] Player "Druss" (id=mvB_p65s26M1iDgS3KgKpm-UzbAyYM5rER5IINF2xI0=) has sold ammo_308win x1 (6645fe10) at the trader "Weapons (Denis [#STR_EXPANSION_MARKET_TRADER_WEAPONS])" in market zone "Trader Zone" (pos=<6675.160645, 104.603935, 6114.155762>) and got 1.
06:05:19.816 [Market] Player "Druss" (id=mvB_p65s26M1iDgS3KgKpm-UzbAyYM5rER5IINF2xI0=) has sold ammo_308win x1 (6645fe10) at the trader "Weapons (Denis [#STR_EXPANSION_MARKET_TRADER_WEAPONS])" in market zone "Trader Zone" (pos=<6675.160645, 104.603935, 6114.155762>) and got 1.
06:05:19.990 [Market] Player "Druss" (id=mvB_p65s26M1iDgS3KgKpm-UzbAyYM5rER5IINF2xI0=) has sold ammo_308win x1 (6645fe10) at the trader "Weapons (Denis [#STR_EXPANSION_MARKET_TRADER_WEAPONS])" in market zone "Trader Zone" (pos=<6675.160645, 104.603935, 6114.155762>) and got 1.
06:05:20.144 [Market] Player "Druss" (id=mvB_p65s26M1iDgS3KgKpm-UzbAyYM5rER5IINF2xI0=) has sold ammo_308win x1 (6645fe10) at the trader "Weapons (Denis [#STR_EXPANSION_MARKET_TRADER_WEAPONS])" in market zone "Trader Zone" (pos=<6675.160645, 104.603935, 6114.155762>) and got 1.
06:05:20.316 [Market] Player "Druss" (id=mvB_p65s26M1iDgS3KgKpm-UzbAyYM5rER5IINF2xI0=) has sold ammo_308win x1 (5a0227b0) at the trader "Weapons (Denis [#STR_EXPANSION_MARKET_TRADER_WEAPONS])" in market zone "Trader Zone" (pos=<6675.160645, 104.603935, 6114.155762>) and got 1.
06:05:20.490 [Market] Player "Druss" (id=mvB_p65s26M1iDgS3KgKpm-UzbAyYM5rER5IINF2xI0=) has sold ammo_308win x1 (5a0227b0) at the trader "Weapons (Denis [#STR_EXPANSION_MARKET_TRADER_WEAPONS])" in market zone "Trader Zone" (pos=<6675.160645, 104.603935, 6114.155762>) and got 1.
06:05:20.617 [Market] Player "Druss" (id=mvB_p65s26M1iDgS3KgKpm-UzbAyYM5rER5IINF2xI0=) has sold ammo_308win x1 (5a0227b0) at the trader "Weapons (Denis [#STR_EXPANSION_MARKET_TRADER_WEAPONS])" in market zone "Trader Zone" (pos=<6675.160645, 104.603935, 6114.155762>) and got 1.
06:05:20.789 [Market] Player "Druss" (id=mvB_p65s26M1iDgS3KgKpm-UzbAyYM5rER5IINF2xI0=) has sold ammo_308win x1 (5a0227b0) at the trader "Weapons (Denis [#STR_EXPANSION_MARKET_TRADER_WEAPONS])" in market zone "Trader Zone" (pos=<6675.160645, 104.603935, 6114.155762>) and got 1.
06:05:20.962 [Market] Player "Druss" (id=mvB_p65s26M1iDgS3KgKpm-UzbAyYM5rER5IINF2xI0=) has sold ammo_308win x1 (5a0227b0) at the trader "Weapons (Denis [#STR_EXPANSION_MARKET_TRADER_WEAPONS])" in market zone "Trader Zone" (pos=<6675.160645, 104.603935, 6114.155762>) and got 1.
06:05:21.101 [Market] Player "Druss" (id=mvB_p65s26M1iDgS3KgKpm-UzbAyYM5rER5IINF2xI0=) has sold ammo_308win x1 (5a0227b0) at the trader "Weapons (Denis [#STR_EXPANSION_MARKET_TRADER_WEAPONS])" in market zone "Trader Zone" (pos=<6675.160645, 104.603935, 6114.155762>) and got 1.
06:05:21.289 [Market] Player "Druss" (id=mvB_p65s26M1iDgS3KgKpm-UzbAyYM5rER5IINF2xI0=) has sold ammo_308win x1 (5a0227b0) at the trader "Weapons (Denis [#STR_EXPANSION_MARKET_TRADER_WEAPONS])" in market zone "Trader Zone" (pos=<6675.160645, 104.603935, 6114.155762>) and got 1.
06:05:21.449 [Market] Player "Druss" (id=mvB_p65s26M1iDgS3KgKpm-UzbAyYM5rER5IINF2xI0=) has sold ammo_308win x1 (5a0227b0) at the trader "Weapons (Denis [#STR_EXPANSION_MARKET_TRADER_WEAPONS])" in market zone "Trader Zone" (pos=<6675.160645, 104.603935, 6114.155762>) and got 1.
06:05:21.626 [Market] Player "Druss" (id=mvB_p65s26M1iDgS3KgKpm-UzbAyYM5rER5IINF2xI0=) has sold ammo_308win x1 (5a0227b0) at the trader "Weapons (Denis [#STR_EXPANSION_MARKET_TRADER_WEAPONS])" in market zone "Trader Zone" (pos=<6675.160645, 104.603935, 6114.155762>) and got 1.
06:05:21.753 [Market] Player "Druss" (id=mvB_p65s26M1iDgS3KgKpm-UzbAyYM5rER5IINF2xI0=) has sold ammo_308win x1 (5a0227b0) at the trader "Weapons (Denis [#STR_EXPANSION_MARKET_TRADER_WEAPONS])" in market zone "Trader Zone" (pos=<6675.160645, 104.603935, 6114.155762>) and got 1.
06:05:21.957 [Market] Player "Druss" (id=mvB_p65s26M1iDgS3KgKpm-UzbAyYM5rER5IINF2xI0=) has sold ammo_308win x1 (5a0227b0) at the trader "Weapons (Denis [#STR_EXPANSION_MARKET_TRADER_WEAPONS])" in market zone "Trader Zone" (pos=<6675.160645, 104.603935, 6114.155762>) and got 1.
06:05:22.109 [Market] Player "Druss" (id=mvB_p65s26M1iDgS3KgKpm-UzbAyYM5rER5IINF2xI0=) has sold ammo_308win x1 (5a0227b0) at the trader "Weapons (Denis [#STR_EXPANSION_MARKET_TRADER_WEAPONS])" in market zone "Trader Zone" (pos=<6675.160645, 104.603935, 6114.155762>) and got 1.
06:05:22.296 [Market] Player "Druss" (id=mvB_p65s26M1iDgS3KgKpm-UzbAyYM5rER5IINF2xI0=) has sold ammo_308win x1 (5a0227b0) at the trader "Weapons (Denis [#STR_EXPANSION_MARKET_TRADER_WEAPONS])" in market zone "Trader Zone" (pos=<6675.160645, 104.603935, 6114.155762>) and got 1.
06:05:22.470 [Market] Player "Druss" (id=mvB_p65s26M1iDgS3KgKpm-UzbAyYM5rER5IINF2xI0=) has sold ammo_308win x1 (5a0227b0) at the trader "Weapons (Denis [#STR_EXPANSION_MARKET_TRADER_WEAPONS])" in market zone "Trader Zone" (pos=<6675.160645, 104.603935, 6114.155762>) and got 1.
06:05:22.634 [Market] Player "Druss" (id=mvB_p65s26M1iDgS3KgKpm-UzbAyYM5rER5IINF2xI0=) has sold ammo_308win x1 (5a0227b0) at the trader "Weapons (Denis [#STR_EXPANSION_MARKET_TRADER_WEAPONS])" in market zone "Trader Zone" (pos=<6675.160645, 104.603935, 6114.155762>) and got 1.
06:05:22.769 [Market] Player "Druss" (id=mvB_p65s26M1iDgS3KgKpm-UzbAyYM5rER5IINF2xI0=) has sold ammo_308win x1 (5a0227b0) at the trader "Weapons (Denis [#STR_EXPANSION_MARKET_TRADER_WEAPONS])" in market zone "Trader Zone" (pos=<6675.160645, 104.603935, 6114.155762>) and got 1.
06:05:22.951 [Market] Player "Druss" (id=mvB_p65s26M1iDgS3KgKpm-UzbAyYM5rER5IINF2xI0=) has sold ammo_308win x1 (5a0227b0) at the trader "Weapons (Denis [#STR_EXPANSION_MARKET_TRADER_WEAPONS])" in market zone "Trader Zone" (pos=<6675.160645, 104.603935, 6114.155762>) and got 1.
06:05:23.109 [Market] Player "Druss" (id=mvB_p65s26M1iDgS3KgKpm-UzbAyYM5rER5IINF2xI0=) has sold ammo_308win x1 (5a0227b0) at the trader "Weapons (Denis [#STR_EXPANSION_MARKET_TRADER_WEAPONS])" in market zone "Trader Zone" (pos=<6675.160645, 104.603935, 6114.155762>) and got 1.
06:05:23.281 [Market] Player "Druss" (id=mvB_p65s26M1iDgS3KgKpm-UzbAyYM5rER5IINF2xI0=) has sold ammo_308win x1 (5a0227b0) at the trader "Weapons (Denis [#STR_EXPANSION_MARKET_TRADER_WEAPONS])" in market zone "Trader Zone" (pos=<6675.160645, 104.603935, 6114.155762>) and got 1.
06:05:23.457 [Market] Player "Druss" (id=mvB_p65s26M1iDgS3KgKpm-UzbAyYM5rER5IINF2xI0=) has sold ammo_308win x1 (5a0227b0) at the trader "Weapons (Denis [#STR_EXPANSION_MARKET_TRADER_WEAPONS])" in market zone "Trader Zone" (pos=<6675.160645, 104.603935, 6114.155762>) and got 1.
06:05:23.623 [Market] Player "Druss" (id=mvB_p65s26M1iDgS3KgKpm-UzbAyYM5rER5IINF2xI0=) has sold ammo_308win x1 (5a01b410) at the trader "Weapons (Denis [#STR_EXPANSION_MARKET_TRADER_WEAPONS])" in market zone "Trader Zone" (pos=<6675.160645, 104.603935, 6114.155762>) and got 1.
06:05:23.785 [Market] Player "Druss" (id=mvB_p65s26M1iDgS3KgKpm-UzbAyYM5rER5IINF2xI0=) has sold ammo_308win x1 (5a01b410) at the trader "Weapons (Denis [#STR_EXPANSION_MARKET_TRADER_WEAPONS])" in market zone "Trader Zone" (pos=<6675.160645, 104.603935, 6114.155762>) and got 1.
06:05:23.910 [Market] Player "Druss" (id=mvB_p65s26M1iDgS3KgKpm-UzbAyYM5rER5IINF2xI0=) has sold ammo_308win x1 (5a01b410) at the trader "Weapons (Denis [#STR_EXPANSION_MARKET_TRADER_WEAPONS])" in market zone "Trader Zone" (pos=<6675.160645, 104.603935, 6114.155762>) and got 1.
06:05:24.132 [Market] Player "Druss" (id=mvB_p65s26M1iDgS3KgKpm-UzbAyYM5rER5IINF2xI0=) has sold ammo_308win x1 (5a01b410) at the trader "Weapons (Denis [#STR_EXPANSION_MARKET_TRADER_WEAPONS])" in market zone "Trader Zone" (pos=<6675.160645, 104.603935, 6114.155762>) and got 1.
06:05:24.261 [Market] Player "Druss" (id=mvB_p65s26M1iDgS3KgKpm-UzbAyYM5rER5IINF2xI0=) has sold ammo_308win x1 (5a01b410) at the trader "Weapons (Denis [#STR_EXPANSION_MARKET_TRADER_WEAPONS])" in market zone "Trader Zone" (pos=<6675.160645, 104.603935, 6114.155762>) and got 1.
06:05:24.437 [Market] Player "Druss" (id=mvB_p65s26M1iDgS3KgKpm-UzbAyYM5rER5IINF2xI0=) has sold ammo_308win x1 (5a01b410) at the trader "Weapons (Denis [#STR_EXPANSION_MARKET_TRADER_WEAPONS])" in market zone "Trader Zone" (pos=<6675.160645, 104.603935, 6114.155762>) and got 1.
06:05:24.609 [Market] Player "Druss" (id=mvB_p65s26M1iDgS3KgKpm-UzbAyYM5rER5IINF2xI0=) has sold ammo_308win x1 (5a01b410) at the trader "Weapons (Denis [#STR_EXPANSION_MARKET_TRADER_WEAPONS])" in market zone "Trader Zone" (pos=<6675.160645, 104.603935, 6114.155762>) and got 1.
06:05:24.740 [Market] Player "Druss" (id=mvB_p65s26M1iDgS3KgKpm-UzbAyYM5rER5IINF2xI0=) has sold ammo_308win x1 (5a01b410) at the trader "Weapons (Denis [#STR_EXPANSION_MARKET_TRADER_WEAPONS])" in market zone "Trader Zone" (pos=<6675.160645, 104.603935, 6114.155762>) and got 1.
06:05:24.906 [Market] Player "Druss" (id=mvB_p65s26M1iDgS3KgKpm-UzbAyYM5rER5IINF2xI0=) has sold ammo_308win x1 (5a01b410) at the trader "Weapons (Denis [#STR_EXPANSION_MARKET_TRADER_WEAPONS])" in market zone "Trader Zone" (pos=<6675.160645, 104.603935, 6114.155762>) and got 1.
06:05:25.076 [Market] Player "Druss" (id=mvB_p65s26M1iDgS3KgKpm-UzbAyYM5rER5IINF2xI0=) has sold ammo_308win x1 (5a01b410) at the trader "Weapons (Denis [#STR_EXPANSION_MARKET_TRADER_WEAPONS])" in market zone "Trader Zone" (pos=<6675.160645, 104.603935, 6114.155762>) and got 1.
06:05:25.246 [Market] Player "Druss" (id=mvB_p65s26M1iDgS3KgKpm-UzbAyYM5rER5IINF2xI0=) has sold ammo_308win x1 (5a01b410) at the trader "Weapons (Denis [#STR_EXPANSION_MARKET_TRADER_WEAPONS])" in market zone "Trader Zone" (pos=<6675.160645, 104.603935, 6114.155762>) and got 1.
06:05:25.414 [Market] Player "Druss" (id=mvB_p65s26M1iDgS3KgKpm-UzbAyYM5rER5IINF2xI0=) has sold ammo_308win x1 (5a01b410) at the trader "Weapons (Denis [#STR_EXPANSION_MARKET_TRADER_WEAPONS])" in market zone "Trader Zone" (pos=<6675.160645, 104.603935, 6114.155762>) and got 1.
06:05:25.589 [Market] Player "Druss" (id=mvB_p65s26M1iDgS3KgKpm-UzbAyYM5rER5IINF2xI0=) has sold ammo_308win x1 (5a01b410) at the trader "Weapons (Denis [#STR_EXPANSION_MARKET_TRADER_WEAPONS])" in market zone "Trader Zone" (pos=<6675.160645, 104.603935, 6114.155762>) and got 1.
06:05:25.763 [Market] Player "Druss" (id=mvB_p65s26M1iDgS3KgKpm-UzbAyYM5rER5IINF2xI0=) has sold ammo_308win x1 (5a01b410) at the trader "Weapons (Denis [#STR_EXPANSION_MARKET_TRADER_WEAPONS])" in market zone "Trader Zone" (pos=<6675.160645, 104.603935, 6114.155762>) and got 1.
06:05:25.939 [Market] Player "Druss" (id=mvB_p65s26M1iDgS3KgKpm-UzbAyYM5rER5IINF2xI0=) has sold ammo_308win x1 (5a01b410) at the trader "Weapons (Denis [#STR_EXPANSION_MARKET_TRADER_WEAPONS])" in market zone "Trader Zone" (pos=<6675.160645, 104.603935, 6114.155762>) and got 1.
06:05:26.115 [Market] Player "Druss" (id=mvB_p65s26M1iDgS3KgKpm-UzbAyYM5rER5IINF2xI0=) has sold ammo_308win x1 (5a01b410) at the trader "Weapons (Denis [#STR_EXPANSION_MARKET_TRADER_WEAPONS])" in market zone "Trader Zone" (pos=<6675.160645, 104.603935, 6114.155762>) and got 1.
06:05:26.246 [Market] Player "Druss" (id=mvB_p65s26M1iDgS3KgKpm-UzbAyYM5rER5IINF2xI0=) has sold ammo_308win x1 (5a01b410) at the trader "Weapons (Denis [#STR_EXPANSION_MARKET_TRADER_WEAPONS])" in market zone "Trader Zone" (pos=<6675.160645, 104.603935, 6114.155762>) and got 1.
06:05:26.453 [Market] Player "Druss" (id=mvB_p65s26M1iDgS3KgKpm-UzbAyYM5rER5IINF2xI0=) has sold ammo_308win x1 (5a01b410) at the trader "Weapons (Denis [#STR_EXPANSION_MARKET_TRADER_WEAPONS])" in market zone "Trader Zone" (pos=<6675.160645, 104.603935, 6114.155762>) and got 1.
06:05:26.591 [Market] Player "Druss" (id=mvB_p65s26M1iDgS3KgKpm-UzbAyYM5rER5IINF2xI0=) has sold ammo_308win x1 (5a01b410) at the trader "Weapons (Denis [#STR_EXPANSION_MARKET_TRADER_WEAPONS])" in market zone "Trader Zone" (pos=<6675.160645, 104.603935, 6114.155762>) and got 1.
06:05:26.753 [Market] Player "Druss" (id=mvB_p65s26M1iDgS3KgKpm-UzbAyYM5rER5IINF2xI0=) has sold ammo_308win x1 (5a01b410) at the trader "Weapons (Denis [#STR_EXPANSION_MARKET_TRADER_WEAPONS])" in market zone "Trader Zone" (pos=<6675.160645, 104.603935, 6114.155762>) and got 1.
06:05:26.929 [Market] Player "Druss" (id=mvB_p65s26M1iDgS3KgKpm-UzbAyYM5rER5IINF2xI0=) has sold ammo_308win x1 (3c703c80) at the trader "Weapons (Denis [#STR_EXPANSION_MARKET_TRADER_WEAPONS])" in market zone "Trader Zone" (pos=<6675.160645, 104.603935, 6114.155762>) and got 1.
06:05:27.140 [Market] Player "Druss" (id=mvB_p65s26M1iDgS3KgKpm-UzbAyYM5rER5IINF2xI0=) has sold ammo_308win x1 (3c703c80) at the trader "Weapons (Denis [#STR_EXPANSION_MARKET_TRADER_WEAPONS])" in market zone "Trader Zone" (pos=<6675.160645, 104.603935, 6114.155762>) and got 1.
06:05:27.300 [Market] Player "Druss" (id=mvB_p65s26M1iDgS3KgKpm-UzbAyYM5rER5IINF2xI0=) has sold ammo_308win x1 (3c703c80) at the trader "Weapons (Denis [#STR_EXPANSION_MARKET_TRADER_WEAPONS])" in market zone "Trader Zone" (pos=<6675.160645, 104.603935, 6114.155762>) and got 1.
06:05:27.482 [Market] Player "Druss" (id=mvB_p65s26M1iDgS3KgKpm-UzbAyYM5rER5IINF2xI0=) has sold ammo_308win x1 (3c703c80) at the trader "Weapons (Denis [#STR_EXPANSION_MARKET_TRADER_WEAPONS])" in market zone "Trader Zone" (pos=<6675.160645, 104.603935, 6114.155762>) and got 1.
06:05:27.644 [Market] Player "Druss" (id=mvB_p65s26M1iDgS3KgKpm-UzbAyYM5rER5IINF2xI0=) has sold ammo_308win x1 (3c703c80) at the trader "Weapons (Denis [#STR_EXPANSION_MARKET_TRADER_WEAPONS])" in market zone "Trader Zone" (pos=<6675.160645, 104.603935, 6114.155762>) and got 1.
06:05:28.027 [Market] Player "Druss" (id=mvB_p65s26M1iDgS3KgKpm-UzbAyYM5rER5IINF2xI0=) has sold ammo_308win x1 (3c703c80) at the trader "Weapons (Denis [#STR_EXPANSION_MARKET_TRADER_WEAPONS])" in market zone "Trader Zone" (pos=<6675.160645, 104.603935, 6114.155762>) and got 1.
06:05:28.710 [Market] Player "Druss" (id=mvB_p65s26M1iDgS3KgKpm-UzbAyYM5rER5IINF2xI0=) has sold ammo_308win x1 (3c703c80) at the trader "Weapons (Denis [#STR_EXPANSION_MARKET_TRADER_WEAPONS])" in market zone "Trader Zone" (pos=<6675.160645, 104.603935, 6114.155762>) and got 1.
06:05:36.796 [Market] Player "Druss" (id=mvB_p65s26M1iDgS3KgKpm-UzbAyYM5rER5IINF2xI0=) has bought ammobox_308winap_20rnd x1 (455922d0) from the trader "Weapons (Denis [#STR_EXPANSION_MARKET_TRADER_WEAPONS])" in market zone "Trader Zone" (pos=<6675.160645, 104.603935, 6114.155762>) for a price of 64.
06:05:37.787 [Market] Player "Druss" (id=mvB_p65s26M1iDgS3KgKpm-UzbAyYM5rER5IINF2xI0=) has bought ammobox_308winap_20rnd x1 (4558e900) from the trader "Weapons (Denis [#STR_EXPANSION_MARKET_TRADER_WEAPONS])" in market zone "Trader Zone" (pos=<6675.160645, 104.603935, 6114.155762>) for a price of 64.
06:05:38.355 [Market] Player "Druss" (id=mvB_p65s26M1iDgS3KgKpm-UzbAyYM5rER5IINF2xI0=) has bought ammobox_308winap_20rnd x1 (4558f490) from the trader "Weapons (Denis [#STR_EXPANSION_MARKET_TRADER_WEAPONS])" in market zone "Trader Zone" (pos=<6675.160645, 104.603935, 6114.155762>) for a price of 64.
06:05:38.935 [Market] Player "Druss" (id=mvB_p65s26M1iDgS3KgKpm-UzbAyYM5rER5IINF2xI0=) has bought ammobox_308winap_20rnd x1 (4555e250) from the trader "Weapons (Denis [#STR_EXPANSION_MARKET_TRADER_WEAPONS])" in market zone "Trader Zone" (pos=<6675.160645, 104.603935, 6114.155762>) for a price of 64.
06:05:40.984 [Market] Player "Druss" (id=mvB_p65s26M1iDgS3KgKpm-UzbAyYM5rER5IINF2xI0=) has bought ammobox_308winap_20rnd x1 (45559cf0) from the trader "Weapons (Denis [#STR_EXPANSION_MARKET_TRADER_WEAPONS])" in market zone "Trader Zone" (pos=<6675.160645, 104.603935, 6114.155762>) for a price of 64.
06:05:41.597 [Market] Player "Druss" (id=mvB_p65s26M1iDgS3KgKpm-UzbAyYM5rER5IINF2xI0=) has bought ammobox_308winap_20rnd x1 (4555ede0) from the trader "Weapons (Denis [#STR_EXPANSION_MARKET_TRADER_WEAPONS])" in market zone "Trader Zone" (pos=<6675.160645, 104.603935, 6114.155762>) for a price of 64.
06:05:42.052 [Market] Player "Druss" (id=mvB_p65s26M1iDgS3KgKpm-UzbAyYM5rER5IINF2xI0=) has bought ammobox_308winap_20rnd x1 (4555b410) from the trader "Weapons (Denis [#STR_EXPANSION_MARKET_TRADER_WEAPONS])" in market zone "Trader Zone" (pos=<6675.160645, 104.603935, 6114.155762>) for a price of 64.
06:05:42.550 [Market] Player "Druss" (id=mvB_p65s26M1iDgS3KgKpm-UzbAyYM5rER5IINF2xI0=) has bought ammobox_308winap_20rnd x1 (45563340) from the trader "Weapons (Denis [#STR_EXPANSION_MARKET_TRADER_WEAPONS])" in market zone "Trader Zone" (pos=<6675.160645, 104.603935, 6114.155762>) for a price of 64.
06:05:43.042 [Market] Player "Druss" (id=mvB_p65s26M1iDgS3KgKpm-UzbAyYM5rER5IINF2xI0=) has bought ammobox_308winap_20rnd x1 (45570ef0) from the trader "Weapons (Denis [#STR_EXPANSION_MARKET_TRADER_WEAPONS])" in market zone "Trader Zone" (pos=<6675.160645, 104.603935, 6114.155762>) for a price of 64.
06:05:43.488 [Market] Player "Druss" (id=mvB_p65s26M1iDgS3KgKpm-UzbAyYM5rER5IINF2xI0=) has bought ammobox_308winap_20rnd x1 (45575fe0) from the trader "Weapons (Denis [#STR_EXPANSION_MARKET_TRADER_WEAPONS])" in market zone "Trader Zone" (pos=<6675.160645, 104.603935, 6114.155762>) for a price of 64.
06:05:43.927 [Market] Player "Druss" (id=mvB_p65s26M1iDgS3KgKpm-UzbAyYM5rER5IINF2xI0=) has bought ammobox_308winap_20rnd x1 (4556f7d0) from the trader "Weapons (Denis [#STR_EXPANSION_MARKET_TRADER_WEAPONS])" in market zone "Trader Zone" (pos=<6675.160645, 104.603935, 6114.155762>) for a price of 64.
06:05:44.343 [Market] Player "Druss" (id=mvB_p65s26M1iDgS3KgKpm-UzbAyYM5rER5IINF2xI0=) has bought ammobox_308winap_20rnd x1 (4557a540) from the trader "Weapons (Denis [#STR_EXPANSION_MARKET_TRADER_WEAPONS])" in market zone "Trader Zone" (pos=<6675.160645, 104.603935, 6114.155762>) for a price of 64.
06:05:44.765 [Market] Player "Druss" (id=mvB_p65s26M1iDgS3KgKpm-UzbAyYM5rER5IINF2xI0=) has bought ammobox_308winap_20rnd x1 (4557bc60) from the trader "Weapons (Denis [#STR_EXPANSION_MARKET_TRADER_WEAPONS])" in market zone "Trader Zone" (pos=<6675.160645, 104.603935, 6114.155762>) for a price of 64.
06:05:45.429 [Market] Player "Druss" (id=mvB_p65s26M1iDgS3KgKpm-UzbAyYM5rER5IINF2xI0=) has bought ammobox_308winap_20rnd x1 (45578290) from the trader "Weapons (Denis [#STR_EXPANSION_MARKET_TRADER_WEAPONS])" in market zone "Trader Zone" (pos=<6675.160645, 104.603935, 6114.155762>) for a price of 64.
06:07:52.169 [Party] Player "Sir Trippy" (id=qZqolO4hbF2D7i2SHl6eLqgMczahG7_bAPkC9G_OL68=) left the party "SLAVES" (id=1 ownerUID=m_TD03B4NXDQrU5koHpLq3WyQf1hXTvQSdETJOTM8ss= ownerName=F11 Simulator)
06:11:57.142 [Market] Player "Druss" (id=mvB_p65s26M1iDgS3KgKpm-UzbAyYM5rER5IINF2xI0=) has bought canteen x1 (43dad3b0) from the trader "Consumables (Linda [#STR_EXPANSION_MARKET_TRADER_CONSUMABLES])" in market zone "Trader Zone" (pos=<6675.160645, 104.603935, 6114.155762>) for a price of 18.
06:11:57.625 [Market] Player "Druss" (id=mvB_p65s26M1iDgS3KgKpm-UzbAyYM5rER5IINF2xI0=) has bought canteen x1 (3757e7d0) from the trader "Consumables (Linda [#STR_EXPANSION_MARKET_TRADER_CONSUMABLES])" in market zone "Trader Zone" (pos=<6675.160645, 104.603935, 6114.155762>) for a price of 18.
06:11:58.429 [Market] Player "Druss" (id=mvB_p65s26M1iDgS3KgKpm-UzbAyYM5rER5IINF2xI0=) has bought canteen x1 (3c830330) from the trader "Consumables (Linda [#STR_EXPANSION_MARKET_TRADER_CONSUMABLES])" in market zone "Trader Zone" (pos=<6675.160645, 104.603935, 6114.155762>) for a price of 18.
06:11:58.890 [Market] Player "Druss" (id=mvB_p65s26M1iDgS3KgKpm-UzbAyYM5rER5IINF2xI0=) has bought canteen x1 (443ca300) from the trader "Consumables (Linda [#STR_EXPANSION_MARKET_TRADER_CONSUMABLES])" in market zone "Trader Zone" (pos=<6675.160645, 104.603935, 6114.155762>) for a price of 18.
06:12:17.085 [Market] Player "Druss" (id=mvB_p65s26M1iDgS3KgKpm-UzbAyYM5rER5IINF2xI0=) has bought tacticalbaconcan x1 (3afd3e30) from the trader "Consumables (Linda [#STR_EXPANSION_MARKET_TRADER_CONSUMABLES])" in market zone "Trader Zone" (pos=<6675.160645, 104.603935, 6114.155762>) for a price of 20.
06:12:17.685 [Market] Player "Druss" (id=mvB_p65s26M1iDgS3KgKpm-UzbAyYM5rER5IINF2xI0=) has bought tacticalbaconcan x1 (3afcd1a0) from the trader "Consumables (Linda [#STR_EXPANSION_MARKET_TRADER_CONSUMABLES])" in market zone "Trader Zone" (pos=<6675.160645, 104.603935, 6114.155762>) for a price of 20.
06:12:18.244 [Market] Player "Druss" (id=mvB_p65s26M1iDgS3KgKpm-UzbAyYM5rER5IINF2xI0=) has bought tacticalbaconcan x1 (45cfaac0) from the trader "Consumables (Linda [#STR_EXPANSION_MARKET_TRADER_CONSUMABLES])" in market zone "Trader Zone" (pos=<6675.160645, 104.603935, 6114.155762>) for a price of 20.
06:12:18.839 [Market] Player "Druss" (id=mvB_p65s26M1iDgS3KgKpm-UzbAyYM5rER5IINF2xI0=) has bought tacticalbaconcan x1 (35c6b6a0) from the trader "Consumables (Linda [#STR_EXPANSION_MARKET_TRADER_CONSUMABLES])" in market zone "Trader Zone" (pos=<6675.160645, 104.603935, 6114.155762>) for a price of 20.
06:12:19.398 [Market] Player "Druss" (id=mvB_p65s26M1iDgS3KgKpm-UzbAyYM5rER5IINF2xI0=) has bought tacticalbaconcan x1 (41e3a510) from the trader "Consumables (Linda [#STR_EXPANSION_MARKET_TRADER_CONSUMABLES])" in market zone "Trader Zone" (pos=<6675.160645, 104.603935, 6114.155762>) for a price of 20.
06:12:19.951 [Market] Player "Druss" (id=mvB_p65s26M1iDgS3KgKpm-UzbAyYM5rER5IINF2xI0=) has bought tacticalbaconcan x1 (45d04790) from the trader "Consumables (Linda [#STR_EXPANSION_MARKET_TRADER_CONSUMABLES])" in market zone "Trader Zone" (pos=<6675.160645, 104.603935, 6114.155762>) for a price of 20.
06:12:23.500 [Market] Player "Druss" (id=mvB_p65s26M1iDgS3KgKpm-UzbAyYM5rER5IINF2xI0=) has bought tacticalbaconcan x1 (b0148690) from the trader "Consumables (Linda [#STR_EXPANSION_MARKET_TRADER_CONSUMABLES])" in market zone "Trader Zone" (pos=<6675.160645, 104.603935, 6114.155762>) for a price of 20.
06:12:23.863 [Market] Player "Druss" (id=mvB_p65s26M1iDgS3KgKpm-UzbAyYM5rER5IINF2xI0=) has bought tacticalbaconcan x1 (b0156bc0) from the trader "Consumables (Linda [#STR_EXPANSION_MARKET_TRADER_CONSUMABLES])" in market zone "Trader Zone" (pos=<6675.160645, 104.603935, 6114.155762>) for a price of 20.
06:12:24.416 [Market] Player "Druss" (id=mvB_p65s26M1iDgS3KgKpm-UzbAyYM5rER5IINF2xI0=) has bought tacticalbaconcan x1 (b014ff30) from the trader "Consumables (Linda [#STR_EXPANSION_MARKET_TRADER_CONSUMABLES])" in market zone "Trader Zone" (pos=<6675.160645, 104.603935, 6114.155762>) for a price of 20.
06:12:24.773 [Market] Player "Druss" (id=mvB_p65s26M1iDgS3KgKpm-UzbAyYM5rER5IINF2xI0=) has bought tacticalbaconcan x1 (b0152f70) from the trader "Consumables (Linda [#STR_EXPANSION_MARKET_TRADER_CONSUMABLES])" in market zone "Trader Zone" (pos=<6675.160645, 104.603935, 6114.155762>) for a price of 20.
06:13:00.279 [Safezone] Player "{1:name}" (id={1:id} pos={1:position}) left the safezone
06:13:19.757 [BaseRaiding] ExpansionSafeLarge (<7497.906250, 124.299408, 6346.492676>) Code set by "player "London" (ID = "kOLgOs9yYBFVRQG3lqoHveYdP5X8y3SO69cq5MiR4us=" at <7498.810059, 124.414070, 6347.373535>)" and the code is 4736
06:30:31.300 [Safezone] Player "Druss" (id=mvB_p65s26M1iDgS3KgKpm-UzbAyYM5rER5IINF2xI0= pos=<6759.06, 103.09, 6062.22>) entered the safezone
06:32:37.183 [Market] Player "Druss" (id=mvB_p65s26M1iDgS3KgKpm-UzbAyYM5rER5IINF2xI0=) has bought gasmask x1 (35767c40) from the trader "Clothing (Naomi [#STR_EXPANSION_MARKET_TRADER_CLOTHING])" in market zone "Trader Zone" (pos=<6675.160645, 104.603935, 6114.155762>) for a price of 120.
06:32:37.814 [Market] Player "Druss" (id=mvB_p65s26M1iDgS3KgKpm-UzbAyYM5rER5IINF2xI0=) has bought gasmask x1 (35761fc0) from the trader "Clothing (Naomi [#STR_EXPANSION_MARKET_TRADER_CLOTHING])" in market zone "Trader Zone" (pos=<6675.160645, 104.603935, 6114.155762>) for a price of 120.
06:32:38.429 [Market] Player "Druss" (id=mvB_p65s26M1iDgS3KgKpm-UzbAyYM5rER5IINF2xI0=) has bought gasmask x1 (28f3e250) from the trader "Clothing (Naomi [#STR_EXPANSION_MARKET_TRADER_CLOTHING])" in market zone "Trader Zone" (pos=<6675.160645, 104.603935, 6114.155762>) for a price of 120.
06:32:39.183 [Market] Player "Druss" (id=mvB_p65s26M1iDgS3KgKpm-UzbAyYM5rER5IINF2xI0=) has bought gasmask x1 (28f6af30) from the trader "Clothing (Naomi [#STR_EXPANSION_MARKET_TRADER_CLOTHING])" in market zone "Trader Zone" (pos=<6675.160645, 104.603935, 6114.155762>) for a price of 120.
06:33:01.328 [Market] Player "Druss" (id=mvB_p65s26M1iDgS3KgKpm-UzbAyYM5rER5IINF2xI0=) has sold gasmask x1 (35761fc0) at the trader "Clothing (Naomi [#STR_EXPANSION_MARKET_TRADER_CLOTHING])" in market zone "Trader Zone" (pos=<6675.160645, 104.603935, 6114.155762>) and got 90.
06:33:11.750 [Market] Player "Druss" (id=mvB_p65s26M1iDgS3KgKpm-UzbAyYM5rER5IINF2xI0=) has sold tacticalbaconcan x1 (3afd3e30) at the trader "Consumables (Linda [#STR_EXPANSION_MARKET_TRADER_CONSUMABLES])" in market zone "Trader Zone" (pos=<6675.160645, 104.603935, 6114.155762>) and got 15.
06:33:12.195 [Market] Player "Druss" (id=mvB_p65s26M1iDgS3KgKpm-UzbAyYM5rER5IINF2xI0=) has sold tacticalbaconcan x1 (3afcd1a0) at the trader "Consumables (Linda [#STR_EXPANSION_MARKET_TRADER_CONSUMABLES])" in market zone "Trader Zone" (pos=<6675.160645, 104.603935, 6114.155762>) and got 15.
06:33:12.753 [Market] Player "Druss" (id=mvB_p65s26M1iDgS3KgKpm-UzbAyYM5rER5IINF2xI0=) has sold tacticalbaconcan x1 (45cfaac0) at the trader "Consumables (Linda [#STR_EXPANSION_MARKET_TRADER_CONSUMABLES])" in market zone "Trader Zone" (pos=<6675.160645, 104.603935, 6114.155762>) and got 15.
06:33:13.250 [Market] Player "Druss" (id=mvB_p65s26M1iDgS3KgKpm-UzbAyYM5rER5IINF2xI0=) has sold tacticalbaconcan x1 (b014ff30) at the trader "Consumables (Linda [#STR_EXPANSION_MARKET_TRADER_CONSUMABLES])" in market zone "Trader Zone" (pos=<6675.160645, 104.603935, 6114.155762>) and got 15.
06:33:15.003 [Market] Player "Druss" (id=mvB_p65s26M1iDgS3KgKpm-UzbAyYM5rER5IINF2xI0=) has sold tacticalbaconcan x1 (b0156bc0) at the trader "Consumables (Linda [#STR_EXPANSION_MARKET_TRADER_CONSUMABLES])" in market zone "Trader Zone" (pos=<6675.160645, 104.603935, 6114.155762>) and got 15.
06:33:55.941 [ATM] Player "Druss" (id=mvB_p65s26M1iDgS3KgKpm-UzbAyYM5rER5IINF2xI0=) has deposited 5260 on his ATM account.
07:00:01.699 [Party] Player "Druss" (id=mvB_p65s26M1iDgS3KgKpm-UzbAyYM5rER5IINF2xI0=) left the party "SLAVES" (id=1 ownerUID=m_TD03B4NXDQrU5koHpLq3WyQf1hXTvQSdETJOTM8ss= ownerName=F11 Simulator)
07:00:01.703 [Party] Player "London" (id=kOLgOs9yYBFVRQG3lqoHveYdP5X8y3SO69cq5MiR4us=) left the party "SLAVES" (id=1 ownerUID=m_TD03B4NXDQrU5koHpLq3WyQf1hXTvQSdETJOTM8ss= ownerName=F11 Simulator)
