22:06:16.671 [MissionAirdrop] An airdrop is heading towards "Algonquin" (pos=<4627.195313, 0.000000, 7687.189941> type=Random_Algonquin) with a ExpansionAirdropContainer_Medical
22:29:01.078 [Party] Player "Sir Trippy" (id=qZqolO4hbF2D7i2SHl6eLqgMczahG7_bAPkC9G_OL68=) joinded the party "SLAVES" (id=1 ownerUID=m_TD03B4NXDQrU5koHpLq3WyQf1hXTvQSdETJOTM8ss= ownerName=F11 Simulator)
22:55:40.218 [Party] Player "Sir Trippy" (id=qZqolO4hbF2D7i2SHl6eLqgMczahG7_bAPkC9G_OL68=) left the party "SLAVES" (id=1 ownerUID=m_TD03B4NXDQrU5koHpLq3WyQf1hXTvQSdETJOTM8ss= ownerName=F11 Simulator)
23:30:43.625 [Party] Player "North" (id=4ppTN0XcNEKLnBoX_L0oN04O6xoZy4JlfCme8pT1Ons=) joinded the party "BEANSQUAD" (id=38 ownerUID=4ppTN0XcNEKLnBoX_L0oN04O6xoZy4JlfCme8pT1Ons= ownerName=North)
23:32:28.796 [MissionAirdrop] An airdrop is heading towards "OWF Industries" (pos=<7167.299805, 0.000000, 4161.319824> type=Random_OWFIndustries) with a ExpansionAirdropContainer_Military
00:38:07.250 [Party] Player "Rajun Cajun " (id=6rdWdgGJ4h5xU1pd7lrNpx51ohxu-qSYYB7mCtbXrJM=) joinded the party "Kraken Relentless" (id=31 ownerUID=6rdWdgGJ4h5xU1pd7lrNpx51ohxu-qSYYB7mCtbXrJM= ownerName=Rajun Cajun )
00:53:34.453 [Party] Player "North" (id=4ppTN0XcNEKLnBoX_L0oN04O6xoZy4JlfCme8pT1Ons=) left the party "BEANSQUAD" (id=38 ownerUID=4ppTN0XcNEKLnBoX_L0oN04O6xoZy4JlfCme8pT1Ons= ownerName=North)
00:58:04.796 [MissionAirdrop] An airdrop is heading towards "Algonquin" (pos=<4627.195313, 0.000000, 7687.189941> type=Random_Algonquin) with a ExpansionAirdropContainer_Medical
01:07:36.546 [Killfeed] [Krake] Rajun Cajun  commited suicide with Sporter 22.
01:07:52.078 [Party] Player "Rajun Cajun " (id=6rdWdgGJ4h5xU1pd7lrNpx51ohxu-qSYYB7mCtbXrJM=) joinded the party "Kraken Relentless" (id=31 ownerUID=6rdWdgGJ4h5xU1pd7lrNpx51ohxu-qSYYB7mCtbXrJM= ownerName=Rajun Cajun )
01:08:06.328 [Party] Player "Rajun Cajun " (id=6rdWdgGJ4h5xU1pd7lrNpx51ohxu-qSYYB7mCtbXrJM=) left the party "Kraken Relentless" (id=31 ownerUID=6rdWdgGJ4h5xU1pd7lrNpx51ohxu-qSYYB7mCtbXrJM= ownerName=Rajun Cajun )
02:01:21.015 [Party] Player "Sir Trippy" (id=qZqolO4hbF2D7i2SHl6eLqgMczahG7_bAPkC9G_OL68=) joinded the party "SLAVES" (id=1 ownerUID=m_TD03B4NXDQrU5koHpLq3WyQf1hXTvQSdETJOTM8ss= ownerName=F11 Simulator)
02:11:13.875 [Party] Player "ches" (id=OGB03y2V-zzR5MS3isA2-tx161uP7__CrIIB4QT3yRU=) joinded the party "Spartan Mysterious" (id=32 ownerUID=S3Fiy0pU1703cd1GDvGjNPrQ0b8cH76lGnMravDRc-I= ownerName=ghosty)
02:11:47.703 [Party] Player "ghosty" (id=S3Fiy0pU1703cd1GDvGjNPrQ0b8cH76lGnMravDRc-I=) joinded the party "Spartan Mysterious" (id=32 ownerUID=S3Fiy0pU1703cd1GDvGjNPrQ0b8cH76lGnMravDRc-I= ownerName=ghosty)
02:18:59.882 [Party] Player "Druss" (id=mvB_p65s26M1iDgS3KgKpm-UzbAyYM5rER5IINF2xI0=) joinded the party "SLAVES" (id=1 ownerUID=m_TD03B4NXDQrU5koHpLq3WyQf1hXTvQSdETJOTM8ss= ownerName=F11 Simulator)
02:20:46.773 [Party] Player "Druss" (id=mvB_p65s26M1iDgS3KgKpm-UzbAyYM5rER5IINF2xI0=) left the party "SLAVES" (id=1 ownerUID=m_TD03B4NXDQrU5koHpLq3WyQf1hXTvQSdETJOTM8ss= ownerName=F11 Simulator)
02:23:38.796 [MissionAirdrop] An airdrop is heading towards "Erie" (pos=<723.437744, 0.000000, 8062.600098> type=Random_Erie) with a ExpansionAirdropContainer_Basebuilding
02:31:16.835 [Safezone] Player "Brewce" (id=XL1GT1pp_f-jQGOrP6YuCPttwyD--b5ziLbGiXICjFs= pos=<6680.24, 102.56, 6077.42>) entered the safezone
02:34:42.359 [Market] Player "Brewce" (id=XL1GT1pp_f-jQGOrP6YuCPttwyD--b5ziLbGiXICjFs=) has sold bandagedressing x1 (3c72cef0) at the trader "Medicals (Mirek [#STR_EXPANSION_MARKET_TRADER_MEDICALS])" in market zone "Trader Zone" (pos=<6675.160645, 104.603935, 6114.155762>) and got 2.
02:35:29.304 [Market] Player "Brewce" (id=XL1GT1pp_f-jQGOrP6YuCPttwyD--b5ziLbGiXICjFs=) has sold hippack_green x1 (3be9d790) at the trader "Clothing (Naomi [#STR_EXPANSION_MARKET_TRADER_CLOTHING])" in market zone "Trader Zone" (pos=<6675.160645, 104.603935, 6114.155762>) and got 37.
02:35:46.367 [Market] Player "Brewce" (id=XL1GT1pp_f-jQGOrP6YuCPttwyD--b5ziLbGiXICjFs=) has sold pipewrench x1 (46f806d0) at the trader "BuildingSupplies (Boris [#STR_EXPANSION_MARKET_TRADER_BUILDING_SUPPLIES])" in market zone "Trader Zone" (pos=<6675.160645, 104.603935, 6114.155762>) and got 3.
02:38:12.007 [Market] Player "Brewce" (id=XL1GT1pp_f-jQGOrP6YuCPttwyD--b5ziLbGiXICjFs=) has sold pistoloptic x1 (45d73660) at the trader "Attachments (Jose [#STR_EXPANSION_MARKET_TRADER_ATTACHMENTS])" in market zone "Trader Zone" (pos=<6675.160645, 104.603935, 6114.155762>) and got 37.
02:38:15.203 [Market] Player "Brewce" (id=XL1GT1pp_f-jQGOrP6YuCPttwyD--b5ziLbGiXICjFs=) has sold huntingoptic x1 (462a5960) at the trader "Attachments (Jose [#STR_EXPANSION_MARKET_TRADER_ATTACHMENTS])" in market zone "Trader Zone" (pos=<6675.160645, 104.603935, 6114.155762>) and got 187.
02:39:20.820 [Market] Player "Brewce" (id=XL1GT1pp_f-jQGOrP6YuCPttwyD--b5ziLbGiXICjFs=) has sold winchester70 x1 (3367faa0) at the trader "Weapons (Denis [#STR_EXPANSION_MARKET_TRADER_WEAPONS])" in market zone "Trader Zone" (pos=<6675.160645, 104.603935, 6114.155762>) and got 281.
02:39:23.578 [Market] Player "Brewce" (id=XL1GT1pp_f-jQGOrP6YuCPttwyD--b5ziLbGiXICjFs=) has sold ammo_308win x1 (3e3b6500) at the trader "Weapons (Denis [#STR_EXPANSION_MARKET_TRADER_WEAPONS])" in market zone "Trader Zone" (pos=<6675.160645, 104.603935, 6114.155762>) and got 1.
02:42:15.609 [Market] Player "Brewce" (id=XL1GT1pp_f-jQGOrP6YuCPttwyD--b5ziLbGiXICjFs=) has sold barbedwire x1 (4609b1e0) at the trader "BuildingSupplies (Boris [#STR_EXPANSION_MARKET_TRADER_BUILDING_SUPPLIES])" in market zone "Trader Zone" (pos=<6675.160645, 104.603935, 6114.155762>) and got 253.
02:42:25.679 [Market] Player "Brewce" (id=XL1GT1pp_f-jQGOrP6YuCPttwyD--b5ziLbGiXICjFs=) has sold woolcoat_beige x1 (3ca9e650) at the trader "Clothing (Naomi [#STR_EXPANSION_MARKET_TRADER_CLOTHING])" in market zone "Trader Zone" (pos=<6675.160645, 104.603935, 6114.155762>) and got 13.
02:42:27.531 [Market] Player "Brewce" (id=XL1GT1pp_f-jQGOrP6YuCPttwyD--b5ziLbGiXICjFs=) has sold woolcoat_bluecheck x1 (9b8a6fb0) at the trader "Clothing (Naomi [#STR_EXPANSION_MARKET_TRADER_CLOTHING])" in market zone "Trader Zone" (pos=<6675.160645, 104.603935, 6114.155762>) and got 3.
02:42:32.109 [Market] Player "Brewce" (id=XL1GT1pp_f-jQGOrP6YuCPttwyD--b5ziLbGiXICjFs=) has sold darkmotohelmet_white x1 (99168a60) at the trader "Clothing (Naomi [#STR_EXPANSION_MARKET_TRADER_CLOTHING])" in market zone "Trader Zone" (pos=<6675.160645, 104.603935, 6114.155762>) and got 30.
02:42:41.890 [Market] Player "Brewce" (id=XL1GT1pp_f-jQGOrP6YuCPttwyD--b5ziLbGiXICjFs=) has sold balaclavamask_blue x1 (45c65b50) at the trader "Clothing (Naomi [#STR_EXPANSION_MARKET_TRADER_CLOTHING])" in market zone "Trader Zone" (pos=<6675.160645, 104.603935, 6114.155762>) and got 18.
02:42:55.812 [Market] Player "Brewce" (id=XL1GT1pp_f-jQGOrP6YuCPttwyD--b5ziLbGiXICjFs=) has sold gp5gasmask x1 (99155230) at the trader "Clothing (Naomi [#STR_EXPANSION_MARKET_TRADER_CLOTHING])" in market zone "Trader Zone" (pos=<6675.160645, 104.603935, 6114.155762>) and got 90.
02:43:33.796 [Safezone] Player "Sir Trippy" (id=qZqolO4hbF2D7i2SHl6eLqgMczahG7_bAPkC9G_OL68= pos=<6678.5, 119.13, 6015.09>) entered the safezone
02:43:38.398 [ATM] Player "Brewce" (id=XL1GT1pp_f-jQGOrP6YuCPttwyD--b5ziLbGiXICjFs=) has deposited 955 on his ATM account.
02:44:00.632 [ATM] Player "Sir Trippy" (id=qZqolO4hbF2D7i2SHl6eLqgMczahG7_bAPkC9G_OL68=) has deposited 10 on his ATM account.
02:44:01.976 [ATM] Player "Sir Trippy" (id=qZqolO4hbF2D7i2SHl6eLqgMczahG7_bAPkC9G_OL68=) has withdrawn 2771 from his ATM account.
02:45:37.796 [Safezone] Player "{1:name}" (id={1:id} pos={1:position}) left the safezone
02:45:39.781 [Safezone] Player "{1:name}" (id={1:id} pos={1:position}) left the safezone
02:47:22.328 [Party] Player "Druss" (id=mvB_p65s26M1iDgS3KgKpm-UzbAyYM5rER5IINF2xI0=) joinded the party "SLAVES" (id=1 ownerUID=m_TD03B4NXDQrU5koHpLq3WyQf1hXTvQSdETJOTM8ss= ownerName=F11 Simulator)
02:50:22.375 [Safezone] Player "Druss" (id=mvB_p65s26M1iDgS3KgKpm-UzbAyYM5rER5IINF2xI0= pos=<6754.47, 103.62, 6058.8>) entered the safezone
02:51:22.726 [Safezone] Player "{1:name}" (id={1:id} pos={1:position}) left the safezone
03:00:01.335 [Party] Player "ghosty" (id=S3Fiy0pU1703cd1GDvGjNPrQ0b8cH76lGnMravDRc-I=) left the party "Spartan Mysterious" (id=32 ownerUID=S3Fiy0pU1703cd1GDvGjNPrQ0b8cH76lGnMravDRc-I= ownerName=ghosty)
03:00:01.343 [Party] Player "Druss" (id=mvB_p65s26M1iDgS3KgKpm-UzbAyYM5rER5IINF2xI0=) left the party "SLAVES" (id=1 ownerUID=m_TD03B4NXDQrU5koHpLq3WyQf1hXTvQSdETJOTM8ss= ownerName=F11 Simulator)
03:00:01.343 [Party] Player "ches" (id=OGB03y2V-zzR5MS3isA2-tx161uP7__CrIIB4QT3yRU=) left the party "Spartan Mysterious" (id=32 ownerUID=S3Fiy0pU1703cd1GDvGjNPrQ0b8cH76lGnMravDRc-I= ownerName=ghosty)
03:00:01.351 [Party] Player "Sir Trippy" (id=qZqolO4hbF2D7i2SHl6eLqgMczahG7_bAPkC9G_OL68=) left the party "SLAVES" (id=1 ownerUID=m_TD03B4NXDQrU5koHpLq3WyQf1hXTvQSdETJOTM8ss= ownerName=F11 Simulator)
