11:01:36.777 [Safezone] Player "MrWowaWowa" (id=wBwiybhmqSv3IfINgIr99PhPwxKwXc4RCt6SZurIBXQ= pos=<6673.22, 102.5, 6108.38>) entered the safezone
11:01:36.777 [Party] Player "MrWowaWowa" (id=wBwiybhmqSv3IfINgIr99PhPwxKwXc4RCt6SZurIBXQ=) joinded the party "Hawk Fearless" (id=5 ownerUID=wBwiybhmqSv3IfINgIr99PhPwxKwXc4RCt6SZurIBXQ= ownerName=MrWowaWowa)
11:02:54.382 [Safezone] Player "{1:name}" (id={1:id} pos={1:position}) left the safezone
11:19:04.281 [Killfeed] Autistic Helikopter got killed.
11:20:14.687 [Safezone] Player "MrWowaWowa" (id=wBwiybhmqSv3IfINgIr99PhPwxKwXc4RCt6SZurIBXQ= pos=<6582.83, 142.18, 6076.87>) entered the safezone
11:20:55.183 [Party] Player "MrWowaWowa" (id=wBwiybhmqSv3IfINgIr99PhPwxKwXc4RCt6SZurIBXQ=) left the party "Hawk Fearless" (id=5 ownerUID=wBwiybhmqSv3IfINgIr99PhPwxKwXc4RCt6SZurIBXQ= ownerName=MrWowaWowa)
11:47:33.718 [Safezone] Player "MrWowaWowa" (id=wBwiybhmqSv3IfINgIr99PhPwxKwXc4RCt6SZurIBXQ= pos=<6690.65, 102.62, 6087.64>) entered the safezone
11:47:33.718 [Party] Player "MrWowaWowa" (id=wBwiybhmqSv3IfINgIr99PhPwxKwXc4RCt6SZurIBXQ=) joinded the party "Hawk Fearless" (id=5 ownerUID=wBwiybhmqSv3IfINgIr99PhPwxKwXc4RCt6SZurIBXQ= ownerName=MrWowaWowa)
11:52:58.847 [Market] Player "MrWowaWowa" (id=wBwiybhmqSv3IfINgIr99PhPwxKwXc4RCt6SZurIBXQ=) has sold policevest x1 (91efcea0) at the trader "Clothing (Naomi [#STR_EXPANSION_MARKET_TRADER_CLOTHING])" in market zone "Trader Zone" (pos=<6675.160645, 104.603935, 6114.155762>) and got 26.
11:54:46.878 [Market] Player "MrWowaWowa" (id=wBwiybhmqSv3IfINgIr99PhPwxKwXc4RCt6SZurIBXQ=) has sold cz527 x1 (e5989ba0, Mag_CZ527_5rnd<b5357a70>, ammo_762x39 x2) at the trader "Weapons (Denis [#STR_EXPANSION_MARKET_TRADER_WEAPONS])" in market zone "Trader Zone" (pos=<6675.160645, 104.603935, 6114.155762>) and got 106.
11:55:01.945 [ATM] Player "MrWowaWowa" (id=wBwiybhmqSv3IfINgIr99PhPwxKwXc4RCt6SZurIBXQ=) has deposited 132 on his ATM account.
11:56:55.636 [Safezone] Player "{1:name}" (id={1:id} pos={1:position}) left the safezone
12:11:22.402 [Party] Player "MrWowaWowa" (id=wBwiybhmqSv3IfINgIr99PhPwxKwXc4RCt6SZurIBXQ=) invited the player "Autistic Helikopter" (id=Xg6lt_jfU9-GWx1g56VktTsL0QrzsAPpvydzQhgcUZI=)to the party named Hawk Fearless
12:11:32.761 [Party] Player "Autistic Helikopter" (id=Xg6lt_jfU9-GWx1g56VktTsL0QrzsAPpvydzQhgcUZI=) joinded the party "Hawk Fearless" (id=5 ownerUID=wBwiybhmqSv3IfINgIr99PhPwxKwXc4RCt6SZurIBXQ= ownerName=MrWowaWowa)
12:27:43.054 [Party] Player "Camerxn" (id=DGRx7r__dc7PoxDoAPTU3FCEMavIKUCFhn3mk7Oqcyw=) joinded the party "Bruh" (id=2 ownerUID=DGRx7r__dc7PoxDoAPTU3FCEMavIKUCFhn3mk7Oqcyw= ownerName=Camerxn)
12:32:24.355 [Safezone] Player "MrWowaWowa" (id=wBwiybhmqSv3IfINgIr99PhPwxKwXc4RCt6SZurIBXQ= pos=<6605.95, 119.5, 6182.05>) entered the safezone
12:32:41.558 [Safezone] Player "Autistic Helikopter" (id=Xg6lt_jfU9-GWx1g56VktTsL0QrzsAPpvydzQhgcUZI= pos=<6591.08, 132.02, 6162.37>) entered the safezone
12:34:37.941 [Market] Player "Autistic Helikopter" (id=Xg6lt_jfU9-GWx1g56VktTsL0QrzsAPpvydzQhgcUZI=) has sold mag_pp19_64rnd x1 (99905e10, ammo_380 x6) at the trader "Attachments (Jose [#STR_EXPANSION_MARKET_TRADER_ATTACHMENTS])" in market zone "Trader Zone" (pos=<6675.160645, 104.603935, 6114.155762>) and got 43.
12:34:55.937 [Party] Player "MrWowaWowa" (id=wBwiybhmqSv3IfINgIr99PhPwxKwXc4RCt6SZurIBXQ=) left the party "Hawk Fearless" (id=5 ownerUID=wBwiybhmqSv3IfINgIr99PhPwxKwXc4RCt6SZurIBXQ= ownerName=MrWowaWowa)
12:35:23.484 [Market] Player "Autistic Helikopter" (id=Xg6lt_jfU9-GWx1g56VktTsL0QrzsAPpvydzQhgcUZI=) has sold ssg82 x1 (e59a57c0) at the trader "Weapons (Denis [#STR_EXPANSION_MARKET_TRADER_WEAPONS])" in market zone "Trader Zone" (pos=<6675.160645, 104.603935, 6114.155762>) and got 84.
12:35:35.343 [Market] Player "Autistic Helikopter" (id=Xg6lt_jfU9-GWx1g56VktTsL0QrzsAPpvydzQhgcUZI=) has sold mp133shotgun x1 (8f2a3750) at the trader "Weapons (Denis [#STR_EXPANSION_MARKET_TRADER_WEAPONS])" in market zone "Trader Zone" (pos=<6675.160645, 104.603935, 6114.155762>) and got 281.
12:35:42.261 [Party] Player "Camerxn" (id=DGRx7r__dc7PoxDoAPTU3FCEMavIKUCFhn3mk7Oqcyw=) left the party "Bruh" (id=2 ownerUID=DGRx7r__dc7PoxDoAPTU3FCEMavIKUCFhn3mk7Oqcyw= ownerName=Camerxn)
12:35:50.371 [Market] Player "Autistic Helikopter" (id=Xg6lt_jfU9-GWx1g56VktTsL0QrzsAPpvydzQhgcUZI=) has sold longhorn x1 (8f27c450, PistolOptic<9166f420>) at the trader "Weapons (Denis [#STR_EXPANSION_MARKET_TRADER_WEAPONS])" in market zone "Trader Zone" (pos=<6675.160645, 104.603935, 6114.155762>) and got 150.
12:36:02.273 [Market] Player "Autistic Helikopter" (id=Xg6lt_jfU9-GWx1g56VktTsL0QrzsAPpvydzQhgcUZI=) has sold ammo_762x39 x1 (8eb60310) at the trader "Weapons (Denis [#STR_EXPANSION_MARKET_TRADER_WEAPONS])" in market zone "Trader Zone" (pos=<6675.160645, 104.603935, 6114.155762>) and got 1.
12:36:02.898 [Market] Player "Autistic Helikopter" (id=Xg6lt_jfU9-GWx1g56VktTsL0QrzsAPpvydzQhgcUZI=) has sold ammo_762x39 x1 (8eb60310) at the trader "Weapons (Denis [#STR_EXPANSION_MARKET_TRADER_WEAPONS])" in market zone "Trader Zone" (pos=<6675.160645, 104.603935, 6114.155762>) and got 1.
12:36:19.054 [Market] Player "Autistic Helikopter" (id=Xg6lt_jfU9-GWx1g56VktTsL0QrzsAPpvydzQhgcUZI=) has sold ammo_556x45 x7 (99e36730) at the trader "Weapons (Denis [#STR_EXPANSION_MARKET_TRADER_WEAPONS])" in market zone "Trader Zone" (pos=<6675.160645, 104.603935, 6114.155762>) and got 0.
12:49:30.839 [Safezone] Player "Saviha" (id=XbQHrIhVM5sfcq5mm-bBzDKSVsbxF-1Zp7tZlgSfqVU= pos=<6760.84, 102.75, 6067.63>) entered the safezone
12:50:18.183 [ATM] Player "Saviha" (id=XbQHrIhVM5sfcq5mm-bBzDKSVsbxF-1Zp7tZlgSfqVU=) has withdrawn 40000 from his ATM account.
12:51:07.699 [Market] Player "Saviha" (id=XbQHrIhVM5sfcq5mm-bBzDKSVsbxF-1Zp7tZlgSfqVU=) has bought fal x1 (97cef890, Mag_FAL_20Rnd<993b8fc0>, ammo_308win x20, Fal_OeBttstck<9eab5f10>) from the trader "Weapons (Denis [#STR_EXPANSION_MARKET_TRADER_WEAPONS])" in market zone "Trader Zone" (pos=<6675.160645, 104.603935, 6114.155762>) for a price of 1940.
12:52:39.890 [Market] Player "Saviha" (id=XbQHrIhVM5sfcq5mm-bBzDKSVsbxF-1Zp7tZlgSfqVU=) has sold makarovij70 x1 (9ccd9030, Mag_IJ70_8Rnd<9f333e10>, ammo_380 x1) at the trader "Weapons (Denis [#STR_EXPANSION_MARKET_TRADER_WEAPONS])" in market zone "Trader Zone" (pos=<6675.160645, 104.603935, 6114.155762>) and got 35.
12:52:40.968 [Market] Player "Saviha" (id=XbQHrIhVM5sfcq5mm-bBzDKSVsbxF-1Zp7tZlgSfqVU=) has sold longhorn x1 (e5982610, PistolOptic<9909ccf0>) at the trader "Weapons (Denis [#STR_EXPANSION_MARKET_TRADER_WEAPONS])" in market zone "Trader Zone" (pos=<6675.160645, 104.603935, 6114.155762>) and got 187.
12:52:43.757 [Market] Player "Saviha" (id=XbQHrIhVM5sfcq5mm-bBzDKSVsbxF-1Zp7tZlgSfqVU=) has sold izh18shotgun x1 (e599adf0) at the trader "Weapons (Denis [#STR_EXPANSION_MARKET_TRADER_WEAPONS])" in market zone "Trader Zone" (pos=<6675.160645, 104.603935, 6114.155762>) and got 262.
12:52:53.492 [Market] Player "Saviha" (id=XbQHrIhVM5sfcq5mm-bBzDKSVsbxF-1Zp7tZlgSfqVU=) has bought ammo_308win x1 (9f339a90) from the trader "Weapons (Denis [#STR_EXPANSION_MARKET_TRADER_WEAPONS])" in market zone "Trader Zone" (pos=<6675.160645, 104.603935, 6114.155762>) for a price of 2.
12:52:56.656 [Market] Player "Saviha" (id=XbQHrIhVM5sfcq5mm-bBzDKSVsbxF-1Zp7tZlgSfqVU=) has bought ammo_308win x1 (97635290) from the trader "Weapons (Denis [#STR_EXPANSION_MARKET_TRADER_WEAPONS])" in market zone "Trader Zone" (pos=<6675.160645, 104.603935, 6114.155762>) for a price of 2.
12:52:57.402 [Market] Player "Saviha" (id=XbQHrIhVM5sfcq5mm-bBzDKSVsbxF-1Zp7tZlgSfqVU=) has bought ammo_308win x1 (976422b0) from the trader "Weapons (Denis [#STR_EXPANSION_MARKET_TRADER_WEAPONS])" in market zone "Trader Zone" (pos=<6675.160645, 104.603935, 6114.155762>) for a price of 2.
12:52:57.617 [Market] Player "Saviha" (id=XbQHrIhVM5sfcq5mm-bBzDKSVsbxF-1Zp7tZlgSfqVU=) has bought ammo_308win x1 (9239bac0) from the trader "Weapons (Denis [#STR_EXPANSION_MARKET_TRADER_WEAPONS])" in market zone "Trader Zone" (pos=<6675.160645, 104.603935, 6114.155762>) for a price of 2.
12:52:57.843 [Market] Player "Saviha" (id=XbQHrIhVM5sfcq5mm-bBzDKSVsbxF-1Zp7tZlgSfqVU=) has bought ammo_308win x1 (92378430) from the trader "Weapons (Denis [#STR_EXPANSION_MARKET_TRADER_WEAPONS])" in market zone "Trader Zone" (pos=<6675.160645, 104.603935, 6114.155762>) for a price of 2.
12:52:58.019 [Market] Player "Saviha" (id=XbQHrIhVM5sfcq5mm-bBzDKSVsbxF-1Zp7tZlgSfqVU=) has bought ammo_308win x1 (a0893090) from the trader "Weapons (Denis [#STR_EXPANSION_MARKET_TRADER_WEAPONS])" in market zone "Trader Zone" (pos=<6675.160645, 104.603935, 6114.155762>) for a price of 2.
12:52:58.160 [Market] Player "Saviha" (id=XbQHrIhVM5sfcq5mm-bBzDKSVsbxF-1Zp7tZlgSfqVU=) has bought ammo_308win x1 (91f28ff0) from the trader "Weapons (Denis [#STR_EXPANSION_MARKET_TRADER_WEAPONS])" in market zone "Trader Zone" (pos=<6675.160645, 104.603935, 6114.155762>) for a price of 2.
12:52:58.363 [Market] Player "Saviha" (id=XbQHrIhVM5sfcq5mm-bBzDKSVsbxF-1Zp7tZlgSfqVU=) has bought ammo_308win x1 (953a2fd0) from the trader "Weapons (Denis [#STR_EXPANSION_MARKET_TRADER_WEAPONS])" in market zone "Trader Zone" (pos=<6675.160645, 104.603935, 6114.155762>) for a price of 2.
12:52:58.507 [Market] Player "Saviha" (id=XbQHrIhVM5sfcq5mm-bBzDKSVsbxF-1Zp7tZlgSfqVU=) has bought ammo_308win x1 (ea682ce0) from the trader "Weapons (Denis [#STR_EXPANSION_MARKET_TRADER_WEAPONS])" in market zone "Trader Zone" (pos=<6675.160645, 104.603935, 6114.155762>) for a price of 2.
12:52:58.683 [Market] Player "Saviha" (id=XbQHrIhVM5sfcq5mm-bBzDKSVsbxF-1Zp7tZlgSfqVU=) has bought ammo_308win x1 (99e2b9c0) from the trader "Weapons (Denis [#STR_EXPANSION_MARKET_TRADER_WEAPONS])" in market zone "Trader Zone" (pos=<6675.160645, 104.603935, 6114.155762>) for a price of 2.
12:52:58.855 [Market] Player "Saviha" (id=XbQHrIhVM5sfcq5mm-bBzDKSVsbxF-1Zp7tZlgSfqVU=) has bought ammo_308win x1 (ea66af50) from the trader "Weapons (Denis [#STR_EXPANSION_MARKET_TRADER_WEAPONS])" in market zone "Trader Zone" (pos=<6675.160645, 104.603935, 6114.155762>) for a price of 2.
12:52:59.019 [Market] Player "Saviha" (id=XbQHrIhVM5sfcq5mm-bBzDKSVsbxF-1Zp7tZlgSfqVU=) has bought ammo_308win x1 (a0c85780) from the trader "Weapons (Denis [#STR_EXPANSION_MARKET_TRADER_WEAPONS])" in market zone "Trader Zone" (pos=<6675.160645, 104.603935, 6114.155762>) for a price of 2.
12:52:59.144 [Market] Player "Saviha" (id=XbQHrIhVM5sfcq5mm-bBzDKSVsbxF-1Zp7tZlgSfqVU=) has bought ammo_308win x1 (978f17c0) from the trader "Weapons (Denis [#STR_EXPANSION_MARKET_TRADER_WEAPONS])" in market zone "Trader Zone" (pos=<6675.160645, 104.603935, 6114.155762>) for a price of 2.
12:53:21.250 [Market] Player "Saviha" (id=XbQHrIhVM5sfcq5mm-bBzDKSVsbxF-1Zp7tZlgSfqVU=) has bought ammo_308win x30 (8eb6c7a0) from the trader "Weapons (Denis [#STR_EXPANSION_MARKET_TRADER_WEAPONS])" in market zone "Trader Zone" (pos=<6675.160645, 104.603935, 6114.155762>) for a price of 60.
12:54:07.039 [Market] Player "Saviha" (id=XbQHrIhVM5sfcq5mm-bBzDKSVsbxF-1Zp7tZlgSfqVU=) has bought mag_fal_20rnd x1 (99588a60, ammo_308win x20) from the trader "Attachments (Jose [#STR_EXPANSION_MARKET_TRADER_ATTACHMENTS])" in market zone "Trader Zone" (pos=<6675.160645, 104.603935, 6114.155762>) for a price of 140.
12:54:24.949 [Market] Player "Saviha" (id=XbQHrIhVM5sfcq5mm-bBzDKSVsbxF-1Zp7tZlgSfqVU=) has sold epoxyputty x1 (a0da0a50) at the trader "Components (Cyril [#STR_EXPANSION_MARKET_TRADER_COMPONENTS])" in market zone "Trader Zone" (pos=<6675.160645, 104.603935, 6114.155762>) and got 11.
12:56:50.957 [Market] Player "Saviha" (id=XbQHrIhVM5sfcq5mm-bBzDKSVsbxF-1Zp7tZlgSfqVU=) has bought reflexoptic x1 (9909b4d0, Battery9V<8ed8ae30>) from the trader "Attachments (Jose [#STR_EXPANSION_MARKET_TRADER_ATTACHMENTS])" in market zone "Trader Zone" (pos=<6675.160645, 104.603935, 6114.155762>) for a price of 160.
12:58:28.472 [Market] Player "Saviha" (id=XbQHrIhVM5sfcq5mm-bBzDKSVsbxF-1Zp7tZlgSfqVU=) has bought vss x1 (97d10310, Mag_VSS_10Rnd<9f07b740>, ammo_9x39 x10) from the trader "Weapons (Denis [#STR_EXPANSION_MARKET_TRADER_WEAPONS])" in market zone "Trader Zone" (pos=<6675.160645, 104.603935, 6114.155762>) for a price of 1840.
12:58:48.269 [Market] Player "Saviha" (id=XbQHrIhVM5sfcq5mm-bBzDKSVsbxF-1Zp7tZlgSfqVU=) has bought ammo_9x19 x30 (a0da0a50) from the trader "Weapons (Denis [#STR_EXPANSION_MARKET_TRADER_WEAPONS])" in market zone "Trader Zone" (pos=<6675.160645, 104.603935, 6114.155762>) for a price of 60.
12:59:13.980 [Market] Player "Saviha" (id=XbQHrIhVM5sfcq5mm-bBzDKSVsbxF-1Zp7tZlgSfqVU=) has bought mag_val_20rnd x1 (9f32ca70, ammo_9x39 x20) from the trader "Attachments (Jose [#STR_EXPANSION_MARKET_TRADER_ATTACHMENTS])" in market zone "Trader Zone" (pos=<6675.160645, 104.603935, 6114.155762>) for a price of 320.
12:59:33.640 [Party] Player "Autistic Helikopter" (id=Xg6lt_jfU9-GWx1g56VktTsL0QrzsAPpvydzQhgcUZI=) left the party "Hawk Fearless" (id=5 ownerUID=wBwiybhmqSv3IfINgIr99PhPwxKwXc4RCt6SZurIBXQ= ownerName=MrWowaWowa)
13:00:31.914 [Market] Player "Saviha" (id=XbQHrIhVM5sfcq5mm-bBzDKSVsbxF-1Zp7tZlgSfqVU=) has bought reflexoptic x1 (f7b140f0, Battery9V<9921a880>) from the trader "Attachments (Jose [#STR_EXPANSION_MARKET_TRADER_ATTACHMENTS])" in market zone "Trader Zone" (pos=<6675.160645, 104.603935, 6114.155762>) for a price of 160.
13:00:45.777 [Market] Player "Saviha" (id=XbQHrIhVM5sfcq5mm-bBzDKSVsbxF-1Zp7tZlgSfqVU=) has sold reflexoptic x1 (f7b140f0, Battery9V<9921a880>) at the trader "Attachments (Jose [#STR_EXPANSION_MARKET_TRADER_ATTACHMENTS])" in market zone "Trader Zone" (pos=<6675.160645, 104.603935, 6114.155762>) and got 119.
13:01:13.304 [Market] Player "Saviha" (id=XbQHrIhVM5sfcq5mm-bBzDKSVsbxF-1Zp7tZlgSfqVU=) has bought expansionreflexmrsoptic x1 (f7b201f0, Battery9V<8c518f90>) from the trader "Attachments (Jose [#STR_EXPANSION_MARKET_TRADER_ATTACHMENTS])" in market zone "Trader Zone" (pos=<6675.160645, 104.603935, 6114.155762>) for a price of 160.
13:01:23.839 [Market] Player "Saviha" (id=XbQHrIhVM5sfcq5mm-bBzDKSVsbxF-1Zp7tZlgSfqVU=) has sold expansionreflexmrsoptic x1 (f7b201f0, Battery9V<8c518f90>) at the trader "Attachments (Jose [#STR_EXPANSION_MARKET_TRADER_ATTACHMENTS])" in market zone "Trader Zone" (pos=<6675.160645, 104.603935, 6114.155762>) and got 119.
13:02:13.183 [Market] Player "Saviha" (id=XbQHrIhVM5sfcq5mm-bBzDKSVsbxF-1Zp7tZlgSfqVU=) has bought m4_t3nrdsoptic x1 (9b8bbe40, Battery9V<9b6727f0>) from the trader "Attachments (Jose [#STR_EXPANSION_MARKET_TRADER_ATTACHMENTS])" in market zone "Trader Zone" (pos=<6675.160645, 104.603935, 6114.155762>) for a price of 510.
13:02:21.648 [Market] Player "Saviha" (id=XbQHrIhVM5sfcq5mm-bBzDKSVsbxF-1Zp7tZlgSfqVU=) has sold m4_t3nrdsoptic x1 (9b8bbe40, Battery9V<9b6727f0>) at the trader "Attachments (Jose [#STR_EXPANSION_MARKET_TRADER_ATTACHMENTS])" in market zone "Trader Zone" (pos=<6675.160645, 104.603935, 6114.155762>) and got 382.
13:04:03.468 [ATM] Player "Saviha" (id=XbQHrIhVM5sfcq5mm-bBzDKSVsbxF-1Zp7tZlgSfqVU=) has deposited 35739 on his ATM account.
13:08:08.570 [Safezone] Player "{1:name}" (id={1:id} pos={1:position}) left the safezone
13:13:13.894 [Party] Player "Kairos" (id=oirjk-K-gpuYN3a3t0oT3BleATqEoOc2Gezmzc1ryj8=) joinded the party "BloodOath" (id=13 ownerUID= ownerName=)
13:13:13.894 [Party] Player "Kairos" (id=oirjk-K-gpuYN3a3t0oT3BleATqEoOc2Gezmzc1ryj8=) created a party named BloodOath (BOath)
13:43:20.062 [Party] Player "Kairos" (id=oirjk-K-gpuYN3a3t0oT3BleATqEoOc2Gezmzc1ryj8=) invited the player "Saviha" (id=XbQHrIhVM5sfcq5mm-bBzDKSVsbxF-1Zp7tZlgSfqVU=)to the party named BloodOath
13:43:27.003 [Party] Player "Saviha" (id=XbQHrIhVM5sfcq5mm-bBzDKSVsbxF-1Zp7tZlgSfqVU=) joinded the party "BloodOath" (id=13 ownerUID=oirjk-K-gpuYN3a3t0oT3BleATqEoOc2Gezmzc1ryj8= ownerName=Kairos)
14:24:04.050 [Party] Player "Saviha" (id=XbQHrIhVM5sfcq5mm-bBzDKSVsbxF-1Zp7tZlgSfqVU=) left the party "BloodOath" (id=13 ownerUID=oirjk-K-gpuYN3a3t0oT3BleATqEoOc2Gezmzc1ryj8= ownerName=Kairos)
14:25:54.363 [Party] Player "Kairos" (id=oirjk-K-gpuYN3a3t0oT3BleATqEoOc2Gezmzc1ryj8=) left the party "BloodOath" (id=13 ownerUID=oirjk-K-gpuYN3a3t0oT3BleATqEoOc2Gezmzc1ryj8= ownerName=Kairos)
