15:06:19.049 [MissionAirdrop] An airdrop is heading towards "Ontario" (pos=<6884.233398, 0.000000, 2921.709961> type=Random_Ontario) with a ExpansionAirdropContainer_Military
15:40:47.517 [Safezone] Player "Kyma" (id=fVpKi1QM3XWUFD-MRt7Z2tIj9G_sYf21_LAnW2Kmnqg= pos=<6647.69, 127.38, 6018.87>) entered the safezone
15:41:46.394 [Market] Player "Kyma" (id=fVpKi1QM3XWUFD-MRt7Z2tIj9G_sYf21_LAnW2Kmnqg=) has sold ump45 x1 (c61961b0, Mag_UMP_25Rnd<c6167e00>, ammo_45acp x8) at the trader "Weapons (Denis [#STR_EXPANSION_MARKET_TRADER_WEAPONS])" in market zone "Trader Zone" (pos=<6675.160645, 104.603935, 6114.155762>) and got 486.
15:41:49.477 [Market] Player "Kyma" (id=fVpKi1QM3XWUFD-MRt7Z2tIj9G_sYf21_LAnW2Kmnqg=) has sold cz527 x1 (ce5c2130, Mag_CZ527_5rnd<fc7f27e0>) at the trader "Weapons (Denis [#STR_EXPANSION_MARKET_TRADER_WEAPONS])" in market zone "Trader Zone" (pos=<6675.160645, 104.603935, 6114.155762>) and got 314.
15:41:55.182 [Market] Player "Kyma" (id=fVpKi1QM3XWUFD-MRt7Z2tIj9G_sYf21_LAnW2Kmnqg=) has sold ammobox_762x39_20rnd x1 (fc7f0530) at the trader "Weapons (Denis [#STR_EXPANSION_MARKET_TRADER_WEAPONS])" in market zone "Trader Zone" (pos=<6675.160645, 104.603935, 6114.155762>) and got 6.
15:42:27.826 [Market] Player "Kyma" (id=fVpKi1QM3XWUFD-MRt7Z2tIj9G_sYf21_LAnW2Kmnqg=) has sold pso11optic x1 (c5f21130) at the trader "Attachments (Jose [#STR_EXPANSION_MARKET_TRADER_ATTACHMENTS])" in market zone "Trader Zone" (pos=<6675.160645, 104.603935, 6114.155762>) and got 787.
15:42:31.392 [Market] Player "Kyma" (id=fVpKi1QM3XWUFD-MRt7Z2tIj9G_sYf21_LAnW2Kmnqg=) has sold pnc_origin_mag x1 (fc808e50, ammo_12gapellets x15) at the trader "Attachments (Jose [#STR_EXPANSION_MARKET_TRADER_ATTACHMENTS])" in market zone "Trader Zone" (pos=<6675.160645, 104.603935, 6114.155762>) and got 195.
15:42:41.487 [Market] Player "Kyma" (id=fVpKi1QM3XWUFD-MRt7Z2tIj9G_sYf21_LAnW2Kmnqg=) has bought nailbox x1 (c0c71080) from the trader "Components (Cyril [#STR_EXPANSION_MARKET_TRADER_COMPONENTS])" in market zone "Trader Zone" (pos=<6675.160645, 104.603935, 6114.155762>) for a price of 300.
15:42:42.057 [Market] Player "Kyma" (id=fVpKi1QM3XWUFD-MRt7Z2tIj9G_sYf21_LAnW2Kmnqg=) has bought nailbox x1 (c0c76d00) from the trader "Components (Cyril [#STR_EXPANSION_MARKET_TRADER_COMPONENTS])" in market zone "Trader Zone" (pos=<6675.160645, 104.603935, 6114.155762>) for a price of 300.
15:42:45.874 [Market] Player "Kyma" (id=fVpKi1QM3XWUFD-MRt7Z2tIj9G_sYf21_LAnW2Kmnqg=) has bought leathersewingkit x1 (c0c78420) from the trader "Components (Cyril [#STR_EXPANSION_MARKET_TRADER_COMPONENTS])" in market zone "Trader Zone" (pos=<6675.160645, 104.603935, 6114.155762>) for a price of 5.
15:42:52.734 [Market] Player "Kyma" (id=fVpKi1QM3XWUFD-MRt7Z2tIj9G_sYf21_LAnW2Kmnqg=) has bought electronicrepairkit x1 (c0c74a50) from the trader "Components (Cyril [#STR_EXPANSION_MARKET_TRADER_COMPONENTS])" in market zone "Trader Zone" (pos=<6675.160645, 104.603935, 6114.155762>) for a price of 35.
15:43:47.746 [Market] Player "Kyma" (id=fVpKi1QM3XWUFD-MRt7Z2tIj9G_sYf21_LAnW2Kmnqg=) has sold electronicrepairkit x1 (c0c74a50) at the trader "Components (Cyril [#STR_EXPANSION_MARKET_TRADER_COMPONENTS])" in market zone "Trader Zone" (pos=<6675.160645, 104.603935, 6114.155762>) and got 6.
15:43:58.929 [Market] Player "Kyma" (id=fVpKi1QM3XWUFD-MRt7Z2tIj9G_sYf21_LAnW2Kmnqg=) has bought carp x1 (c59efc90) from the trader "Fishing (Baty [#STR_EXPANSION_MARKET_TRADER_FISHING])" in market zone "Trader Zone" (pos=<6675.160645, 104.603935, 6114.155762>) for a price of 20.
15:43:59.726 [Market] Player "Kyma" (id=fVpKi1QM3XWUFD-MRt7Z2tIj9G_sYf21_LAnW2Kmnqg=) has bought carp x1 (c59fb180) from the trader "Fishing (Baty [#STR_EXPANSION_MARKET_TRADER_FISHING])" in market zone "Trader Zone" (pos=<6675.160645, 104.603935, 6114.155762>) for a price of 20.
15:44:00.387 [Market] Player "Kyma" (id=fVpKi1QM3XWUFD-MRt7Z2tIj9G_sYf21_LAnW2Kmnqg=) has bought carp x1 (c59fa570) from the trader "Fishing (Baty [#STR_EXPANSION_MARKET_TRADER_FISHING])" in market zone "Trader Zone" (pos=<6675.160645, 104.603935, 6114.155762>) for a price of 20.
15:44:01.045 [Market] Player "Kyma" (id=fVpKi1QM3XWUFD-MRt7Z2tIj9G_sYf21_LAnW2Kmnqg=) has bought carp x1 (c59fbd90) from the trader "Fishing (Baty [#STR_EXPANSION_MARKET_TRADER_FISHING])" in market zone "Trader Zone" (pos=<6675.160645, 104.603935, 6114.155762>) for a price of 20.
15:44:01.563 [Market] Player "Kyma" (id=fVpKi1QM3XWUFD-MRt7Z2tIj9G_sYf21_LAnW2Kmnqg=) has bought carp x1 (c59f5d10) from the trader "Fishing (Baty [#STR_EXPANSION_MARKET_TRADER_FISHING])" in market zone "Trader Zone" (pos=<6675.160645, 104.603935, 6114.155762>) for a price of 20.
15:44:02.050 [Market] Player "Kyma" (id=fVpKi1QM3XWUFD-MRt7Z2tIj9G_sYf21_LAnW2Kmnqg=) has bought carp x1 (c59fd5b0) from the trader "Fishing (Baty [#STR_EXPANSION_MARKET_TRADER_FISHING])" in market zone "Trader Zone" (pos=<6675.160645, 104.603935, 6114.155762>) for a price of 20.
15:44:02.581 [Market] Player "Kyma" (id=fVpKi1QM3XWUFD-MRt7Z2tIj9G_sYf21_LAnW2Kmnqg=) has bought carp x1 (c59c7130) from the trader "Fishing (Baty [#STR_EXPANSION_MARKET_TRADER_FISHING])" in market zone "Trader Zone" (pos=<6675.160645, 104.603935, 6114.155762>) for a price of 20.
15:44:03.146 [Market] Player "Kyma" (id=fVpKi1QM3XWUFD-MRt7Z2tIj9G_sYf21_LAnW2Kmnqg=) has bought carp x1 (c59c04a0) from the trader "Fishing (Baty [#STR_EXPANSION_MARKET_TRADER_FISHING])" in market zone "Trader Zone" (pos=<6675.160645, 104.603935, 6114.155762>) for a price of 20.
15:44:16.806 [Market] Player "Kyma" (id=fVpKi1QM3XWUFD-MRt7Z2tIj9G_sYf21_LAnW2Kmnqg=) has bought huntingknife x1 (f1f32b90) from the trader "Weapons (Denis [#STR_EXPANSION_MARKET_TRADER_WEAPONS])" in market zone "Trader Zone" (pos=<6675.160645, 104.603935, 6114.155762>) for a price of 9.
15:44:17.354 [Market] Player "Kyma" (id=fVpKi1QM3XWUFD-MRt7Z2tIj9G_sYf21_LAnW2Kmnqg=) has bought huntingknife x1 (f1f3b650) from the trader "Weapons (Denis [#STR_EXPANSION_MARKET_TRADER_WEAPONS])" in market zone "Trader Zone" (pos=<6675.160645, 104.603935, 6114.155762>) for a price of 9.
15:44:17.920 [Market] Player "Kyma" (id=fVpKi1QM3XWUFD-MRt7Z2tIj9G_sYf21_LAnW2Kmnqg=) has bought huntingknife x1 (f1f3c1e0) from the trader "Weapons (Denis [#STR_EXPANSION_MARKET_TRADER_WEAPONS])" in market zone "Trader Zone" (pos=<6675.160645, 104.603935, 6114.155762>) for a price of 9.
15:44:32.907 [ATM] Player "Kyma" (id=fVpKi1QM3XWUFD-MRt7Z2tIj9G_sYf21_LAnW2Kmnqg=) has withdrawn 7000 from his ATM account.
15:44:53.079 [Market] Player "Kyma" (id=fVpKi1QM3XWUFD-MRt7Z2tIj9G_sYf21_LAnW2Kmnqg=) has bought expansionsafelarge x1 (9b7a2df0) from the trader "Components (Cyril [#STR_EXPANSION_MARKET_TRADER_COMPONENTS])" in market zone "Trader Zone" (pos=<6675.160645, 104.603935, 6114.155762>) for a price of 8000.
15:45:52.009 [Market] Player "Kyma" (id=fVpKi1QM3XWUFD-MRt7Z2tIj9G_sYf21_LAnW2Kmnqg=) has sold expansionsafelarge x1 (9b7a2df0) at the trader "Components (Cyril [#STR_EXPANSION_MARKET_TRADER_COMPONENTS])" in market zone "Trader Zone" (pos=<6675.160645, 104.603935, 6114.155762>) and got 6000.
15:46:20.878 [Market] Player "Kyma" (id=fVpKi1QM3XWUFD-MRt7Z2tIj9G_sYf21_LAnW2Kmnqg=) has bought sodacan_cola x1 (d19f9c00) from the trader "Consumables (Linda [#STR_EXPANSION_MARKET_TRADER_CONSUMABLES])" in market zone "Trader Zone" (pos=<6675.160645, 104.603935, 6114.155762>) for a price of 10.
15:46:23.245 [Market] Player "Kyma" (id=fVpKi1QM3XWUFD-MRt7Z2tIj9G_sYf21_LAnW2Kmnqg=) has bought sodacan_pipsi x1 (d19fa810) from the trader "Consumables (Linda [#STR_EXPANSION_MARKET_TRADER_CONSUMABLES])" in market zone "Trader Zone" (pos=<6675.160645, 104.603935, 6114.155762>) for a price of 10.
15:46:23.830 [Market] Player "Kyma" (id=fVpKi1QM3XWUFD-MRt7Z2tIj9G_sYf21_LAnW2Kmnqg=) has bought sodacan_pipsi x1 (d19fb420) from the trader "Consumables (Linda [#STR_EXPANSION_MARKET_TRADER_CONSUMABLES])" in market zone "Trader Zone" (pos=<6675.160645, 104.603935, 6114.155762>) for a price of 10.
15:46:24.364 [Market] Player "Kyma" (id=fVpKi1QM3XWUFD-MRt7Z2tIj9G_sYf21_LAnW2Kmnqg=) has bought sodacan_pipsi x1 (d19fe460) from the trader "Consumables (Linda [#STR_EXPANSION_MARKET_TRADER_CONSUMABLES])" in market zone "Trader Zone" (pos=<6675.160645, 104.603935, 6114.155762>) for a price of 10.
15:46:24.866 [Market] Player "Kyma" (id=fVpKi1QM3XWUFD-MRt7Z2tIj9G_sYf21_LAnW2Kmnqg=) has bought sodacan_pipsi x1 (d19ff070) from the trader "Consumables (Linda [#STR_EXPANSION_MARKET_TRADER_CONSUMABLES])" in market zone "Trader Zone" (pos=<6675.160645, 104.603935, 6114.155762>) for a price of 10.
15:46:25.205 [Market] Player "Kyma" (id=fVpKi1QM3XWUFD-MRt7Z2tIj9G_sYf21_LAnW2Kmnqg=) has bought sodacan_pipsi x1 (d1a07520) from the trader "Consumables (Linda [#STR_EXPANSION_MARKET_TRADER_CONSUMABLES])" in market zone "Trader Zone" (pos=<6675.160645, 104.603935, 6114.155762>) for a price of 10.
15:46:25.518 [Market] Player "Kyma" (id=fVpKi1QM3XWUFD-MRt7Z2tIj9G_sYf21_LAnW2Kmnqg=) has bought sodacan_pipsi x1 (d1a0bd80) from the trader "Consumables (Linda [#STR_EXPANSION_MARKET_TRADER_CONSUMABLES])" in market zone "Trader Zone" (pos=<6675.160645, 104.603935, 6114.155762>) for a price of 10.
15:46:25.869 [Market] Player "Kyma" (id=fVpKi1QM3XWUFD-MRt7Z2tIj9G_sYf21_LAnW2Kmnqg=) has bought sodacan_pipsi x1 (d1a08130) from the trader "Consumables (Linda [#STR_EXPANSION_MARKET_TRADER_CONSUMABLES])" in market zone "Trader Zone" (pos=<6675.160645, 104.603935, 6114.155762>) for a price of 10.
15:46:26.152 [Market] Player "Kyma" (id=fVpKi1QM3XWUFD-MRt7Z2tIj9G_sYf21_LAnW2Kmnqg=) has bought sodacan_pipsi x1 (d1a0d5a0) from the trader "Consumables (Linda [#STR_EXPANSION_MARKET_TRADER_CONSUMABLES])" in market zone "Trader Zone" (pos=<6675.160645, 104.603935, 6114.155762>) for a price of 10.
15:46:41.983 [Market] Player "Kyma" (id=fVpKi1QM3XWUFD-MRt7Z2tIj9G_sYf21_LAnW2Kmnqg=) has bought marmalade x1 (c6ee00e0) from the trader "Consumables (Linda [#STR_EXPANSION_MARKET_TRADER_CONSUMABLES])" in market zone "Trader Zone" (pos=<6675.160645, 104.603935, 6114.155762>) for a price of 13.
15:46:42.402 [Market] Player "Kyma" (id=fVpKi1QM3XWUFD-MRt7Z2tIj9G_sYf21_LAnW2Kmnqg=) has bought marmalade x1 (c59c6520) from the trader "Consumables (Linda [#STR_EXPANSION_MARKET_TRADER_CONSUMABLES])" in market zone "Trader Zone" (pos=<6675.160645, 104.603935, 6114.155762>) for a price of 13.
15:46:42.613 [Market] Player "Kyma" (id=fVpKi1QM3XWUFD-MRt7Z2tIj9G_sYf21_LAnW2Kmnqg=) has bought marmalade x1 (b4299660) from the trader "Consumables (Linda [#STR_EXPANSION_MARKET_TRADER_CONSUMABLES])" in market zone "Trader Zone" (pos=<6675.160645, 104.603935, 6114.155762>) for a price of 13.
15:46:42.878 [Market] Player "Kyma" (id=fVpKi1QM3XWUFD-MRt7Z2tIj9G_sYf21_LAnW2Kmnqg=) has bought marmalade x1 (c9d3f5e0) from the trader "Consumables (Linda [#STR_EXPANSION_MARKET_TRADER_CONSUMABLES])" in market zone "Trader Zone" (pos=<6675.160645, 104.603935, 6114.155762>) for a price of 13.
15:46:43.102 [Market] Player "Kyma" (id=fVpKi1QM3XWUFD-MRt7Z2tIj9G_sYf21_LAnW2Kmnqg=) has bought marmalade x1 (c7683660) from the trader "Consumables (Linda [#STR_EXPANSION_MARKET_TRADER_CONSUMABLES])" in market zone "Trader Zone" (pos=<6675.160645, 104.603935, 6114.155762>) for a price of 13.
15:46:43.332 [Market] Player "Kyma" (id=fVpKi1QM3XWUFD-MRt7Z2tIj9G_sYf21_LAnW2Kmnqg=) has bought marmalade x1 (ccf8fd00) from the trader "Consumables (Linda [#STR_EXPANSION_MARKET_TRADER_CONSUMABLES])" in market zone "Trader Zone" (pos=<6675.160645, 104.603935, 6114.155762>) for a price of 13.
15:46:44.034 [Market] Player "Kyma" (id=fVpKi1QM3XWUFD-MRt7Z2tIj9G_sYf21_LAnW2Kmnqg=) has bought marmalade x1 (c44dd130) from the trader "Consumables (Linda [#STR_EXPANSION_MARKET_TRADER_CONSUMABLES])" in market zone "Trader Zone" (pos=<6675.160645, 104.603935, 6114.155762>) for a price of 13.
15:46:44.262 [Market] Player "Kyma" (id=fVpKi1QM3XWUFD-MRt7Z2tIj9G_sYf21_LAnW2Kmnqg=) has bought marmalade x1 (c6edd0a0) from the trader "Consumables (Linda [#STR_EXPANSION_MARKET_TRADER_CONSUMABLES])" in market zone "Trader Zone" (pos=<6675.160645, 104.603935, 6114.155762>) for a price of 13.
15:46:44.461 [Market] Player "Kyma" (id=fVpKi1QM3XWUFD-MRt7Z2tIj9G_sYf21_LAnW2Kmnqg=) has bought marmalade x1 (c44e0d80) from the trader "Consumables (Linda [#STR_EXPANSION_MARKET_TRADER_CONSUMABLES])" in market zone "Trader Zone" (pos=<6675.160645, 104.603935, 6114.155762>) for a price of 13.
15:46:44.683 [Market] Player "Kyma" (id=fVpKi1QM3XWUFD-MRt7Z2tIj9G_sYf21_LAnW2Kmnqg=) has bought marmalade x1 (c0ad3f40) from the trader "Consumables (Linda [#STR_EXPANSION_MARKET_TRADER_CONSUMABLES])" in market zone "Trader Zone" (pos=<6675.160645, 104.603935, 6114.155762>) for a price of 13.
15:46:44.882 [Market] Player "Kyma" (id=fVpKi1QM3XWUFD-MRt7Z2tIj9G_sYf21_LAnW2Kmnqg=) has bought marmalade x1 (9b648d70) from the trader "Consumables (Linda [#STR_EXPANSION_MARKET_TRADER_CONSUMABLES])" in market zone "Trader Zone" (pos=<6675.160645, 104.603935, 6114.155762>) for a price of 13.
15:46:45.129 [Market] Player "Kyma" (id=fVpKi1QM3XWUFD-MRt7Z2tIj9G_sYf21_LAnW2Kmnqg=) has bought marmalade x1 (ccfb27e0) from the trader "Consumables (Linda [#STR_EXPANSION_MARKET_TRADER_CONSUMABLES])" in market zone "Trader Zone" (pos=<6675.160645, 104.603935, 6114.155762>) for a price of 13.
15:46:45.332 [Market] Player "Kyma" (id=fVpKi1QM3XWUFD-MRt7Z2tIj9G_sYf21_LAnW2Kmnqg=) has bought marmalade x1 (f1eb2040) from the trader "Consumables (Linda [#STR_EXPANSION_MARKET_TRADER_CONSUMABLES])" in market zone "Trader Zone" (pos=<6675.160645, 104.603935, 6114.155762>) for a price of 13.
15:46:50.803 [Market] Player "Kyma" (id=fVpKi1QM3XWUFD-MRt7Z2tIj9G_sYf21_LAnW2Kmnqg=) has bought porkcan x1 (b70ae4c0) from the trader "Consumables (Linda [#STR_EXPANSION_MARKET_TRADER_CONSUMABLES])" in market zone "Trader Zone" (pos=<6675.160645, 104.603935, 6114.155762>) for a price of 15.
15:46:51.114 [Market] Player "Kyma" (id=fVpKi1QM3XWUFD-MRt7Z2tIj9G_sYf21_LAnW2Kmnqg=) has bought porkcan x1 (c967b9d0) from the trader "Consumables (Linda [#STR_EXPANSION_MARKET_TRADER_CONSUMABLES])" in market zone "Trader Zone" (pos=<6675.160645, 104.603935, 6114.155762>) for a price of 15.
15:46:51.380 [Market] Player "Kyma" (id=fVpKi1QM3XWUFD-MRt7Z2tIj9G_sYf21_LAnW2Kmnqg=) has bought porkcan x1 (b7093e90) from the trader "Consumables (Linda [#STR_EXPANSION_MARKET_TRADER_CONSUMABLES])" in market zone "Trader Zone" (pos=<6675.160645, 104.603935, 6114.155762>) for a price of 15.
15:47:38.036 [Market] Player "Kyma" (id=fVpKi1QM3XWUFD-MRt7Z2tIj9G_sYf21_LAnW2Kmnqg=) has bought balaclavamask_beige x1 (1ffafd00) from the trader "Clothing (Naomi [#STR_EXPANSION_MARKET_TRADER_CLOTHING])" in market zone "Trader Zone" (pos=<6675.160645, 104.603935, 6114.155762>) for a price of 50.
15:48:01.184 [Market] Player "Kyma" (id=fVpKi1QM3XWUFD-MRt7Z2tIj9G_sYf21_LAnW2Kmnqg=) has bought gasmask_filter x1 (1ffb1fb0) from the trader "Clothing (Naomi [#STR_EXPANSION_MARKET_TRADER_CLOTHING])" in market zone "Trader Zone" (pos=<6675.160645, 104.603935, 6114.155762>) for a price of 1000.
15:48:02.540 [Market] Player "Kyma" (id=fVpKi1QM3XWUFD-MRt7Z2tIj9G_sYf21_LAnW2Kmnqg=) has bought gasmask_filter x1 (1ffb7c30) from the trader "Clothing (Naomi [#STR_EXPANSION_MARKET_TRADER_CLOTHING])" in market zone "Trader Zone" (pos=<6675.160645, 104.603935, 6114.155762>) for a price of 1000.
15:48:04.768 [Market] Player "Kyma" (id=fVpKi1QM3XWUFD-MRt7Z2tIj9G_sYf21_LAnW2Kmnqg=) has bought gasmask_filter x1 (1ffb9350) from the trader "Clothing (Naomi [#STR_EXPANSION_MARKET_TRADER_CLOTHING])" in market zone "Trader Zone" (pos=<6675.160645, 104.603935, 6114.155762>) for a price of 1000.
15:48:06.545 [Market] Player "Kyma" (id=fVpKi1QM3XWUFD-MRt7Z2tIj9G_sYf21_LAnW2Kmnqg=) has bought gasmask_filter x1 (1ffb2b40) from the trader "Clothing (Naomi [#STR_EXPANSION_MARKET_TRADER_CLOTHING])" in market zone "Trader Zone" (pos=<6675.160645, 104.603935, 6114.155762>) for a price of 1000.
15:48:08.274 [Market] Player "Kyma" (id=fVpKi1QM3XWUFD-MRt7Z2tIj9G_sYf21_LAnW2Kmnqg=) has bought gasmask_filter x1 (1ffbd8b0) from the trader "Clothing (Naomi [#STR_EXPANSION_MARKET_TRADER_CLOTHING])" in market zone "Trader Zone" (pos=<6675.160645, 104.603935, 6114.155762>) for a price of 1000.
15:48:24.281 [Market] Player "Kyma" (id=fVpKi1QM3XWUFD-MRt7Z2tIj9G_sYf21_LAnW2Kmnqg=) has bought charcoaltablets x1 (39a5ec0) from the trader "Medicals (Mirek [#STR_EXPANSION_MARKET_TRADER_MEDICALS])" in market zone "Trader Zone" (pos=<6675.160645, 104.603935, 6114.155762>) for a price of 2.
15:48:25.176 [Market] Player "Kyma" (id=fVpKi1QM3XWUFD-MRt7Z2tIj9G_sYf21_LAnW2Kmnqg=) has bought charcoaltablets x1 (c2cbc0f0) from the trader "Medicals (Mirek [#STR_EXPANSION_MARKET_TRADER_MEDICALS])" in market zone "Trader Zone" (pos=<6675.160645, 104.603935, 6114.155762>) for a price of 2.
15:48:26.819 [Market] Player "Kyma" (id=fVpKi1QM3XWUFD-MRt7Z2tIj9G_sYf21_LAnW2Kmnqg=) has bought charcoaltablets x1 (c2cf0140) from the trader "Medicals (Mirek [#STR_EXPANSION_MARKET_TRADER_MEDICALS])" in market zone "Trader Zone" (pos=<6675.160645, 104.603935, 6114.155762>) for a price of 2.
15:48:27.853 [Market] Player "Kyma" (id=fVpKi1QM3XWUFD-MRt7Z2tIj9G_sYf21_LAnW2Kmnqg=) has bought charcoaltablets x1 (f1e894e0) from the trader "Medicals (Mirek [#STR_EXPANSION_MARKET_TRADER_MEDICALS])" in market zone "Trader Zone" (pos=<6675.160645, 104.603935, 6114.155762>) for a price of 2.
15:49:40.338 [Safezone] Player "{1:name}" (id={1:id} pos={1:position}) left the safezone
15:49:52.910 [Party] Player "Kyma" (id=fVpKi1QM3XWUFD-MRt7Z2tIj9G_sYf21_LAnW2Kmnqg=) joinded the party "TBS" (id=61 ownerUID= ownerName=)
15:49:52.911 [Party] Player "Kyma" (id=fVpKi1QM3XWUFD-MRt7Z2tIj9G_sYf21_LAnW2Kmnqg=) created a party named TBS (TBS)
15:50:02.244 [Party] Player "Kyma" (id=fVpKi1QM3XWUFD-MRt7Z2tIj9G_sYf21_LAnW2Kmnqg=) left the party "TBS" (id=61 ownerUID=fVpKi1QM3XWUFD-MRt7Z2tIj9G_sYf21_LAnW2Kmnqg= ownerName=Kyma)
16:32:25.169 [MissionAirdrop] An airdrop is heading towards "Algonquin" (pos=<4627.195313, 0.000000, 7687.189941> type=Random_Algonquin) with a ExpansionAirdropContainer_Medical
17:57:16.178 [MissionAirdrop] An airdrop is heading towards "Tuscarora" (pos=<2451.096191, 0.000000, 8775.758789> type=Random_Tuscarora) with a ExpansionAirdropContainer_Medical
18:11:58.232 [VehicleDeleted] Lady_Bicycle (id=BDD7FA036048CFA88F9E2C80506B1F16 pos=<6829.93, 106.48, 8338.86>)
18:12:05.725 [VehicleDeleted] Lady_Bicycle (id=4D899354E04C1EDCDE87CFAB6DE21F9B pos=<6828.03, 106.48, 8337.54>)
18:42:43.236 [VehicleEnter] Player "AkGrizzlychops" (id=Ycz63jtQT10PHXlqqRuZKOumRyUpzvCdorGr6gpyDes=) entered vehicle Bicycle (id=CB4A8AD18C435D9EBCC4928F1AD5D28C pos=<1121.89, 161.71, 9042.79>) as driver
18:42:46.713 [VehicleLeave] Player "AkGrizzlychops" (id=Ycz63jtQT10PHXlqqRuZKOumRyUpzvCdorGr6gpyDes=) left vehicle Bicycle (id=CB4A8AD18C435D9EBCC4928F1AD5D28C pos=<1121.89, 161.71, 9042.79>)
18:43:03.343 [Party] Player "Trippdaddy" (id=tFNVR4lJXlK7ys1rjXeU2WO2Frslyl9y8mq3pLuXeXg=) joinded the party "ttt" (id=53 ownerUID=tFNVR4lJXlK7ys1rjXeU2WO2Frslyl9y8mq3pLuXeXg= ownerName=Trippdaddy)
18:46:07.769 [Party] Player "babyalfredo" (id=amexATdYpRnRgir1Oa5WyemQasKtdzgXxA3GmwOS2P8=) joinded the party "ttt" (id=53 ownerUID=tFNVR4lJXlK7ys1rjXeU2WO2Frslyl9y8mq3pLuXeXg= ownerName=Trippdaddy)
18:50:38.431 [Killfeed] AkGrizzlychops got killed.
18:54:17.126 [Killfeed] Kyma got killed by [tripz] Trippdaddy with MK 14 from a distance of 28 m.
18:57:29.709 [VehicleDeleted] Lady_Bicycle (id=B9C521844D45B81A6FFEC49593E1ACE3 pos=<7134.38, 147.69, 8584.06>)
18:57:40.618 [Party] Player "babyalfredo" (id=amexATdYpRnRgir1Oa5WyemQasKtdzgXxA3GmwOS2P8=) left the party "ttt" (id=53 ownerUID=tFNVR4lJXlK7ys1rjXeU2WO2Frslyl9y8mq3pLuXeXg= ownerName=Trippdaddy)
18:57:45.027 [Party] Player "Trippdaddy" (id=tFNVR4lJXlK7ys1rjXeU2WO2Frslyl9y8mq3pLuXeXg=) left the party "ttt" (id=53 ownerUID=tFNVR4lJXlK7ys1rjXeU2WO2Frslyl9y8mq3pLuXeXg= ownerName=Trippdaddy)
