06:01:41.688 [Party] Player "SUS-Alpha-Goin'Dark" (id=m_TD03B4NXDQrU5koHpLq3WyQf1hXTvQSdETJOTM8ss=) joinded the party "AURRRRRRORA" (id=1 ownerUID=m_TD03B4NXDQrU5koHpLq3WyQf1hXTvQSdETJOTM8ss= ownerName=F11 Simulator)
06:01:52.919 [Party] Player "SUS-Bravo-Goin'Dark" (id=kOLgOs9yYBFVRQG3lqoHveYdP5X8y3SO69cq5MiR4us=) joinded the party "AURRRRRRORA" (id=1 ownerUID=m_TD03B4NXDQrU5koHpLq3WyQf1hXTvQSdETJOTM8ss= ownerName=F11 Simulator)
06:01:56.554 [Party] Player "Demon" (id=PhjcSpdDlcniqvIRjG2Nvju16VFUg8XDMgChzEnNJKI=) joinded the party "AURRRRRRORA" (id=1 ownerUID=m_TD03B4NXDQrU5koHpLq3WyQf1hXTvQSdETJOTM8ss= ownerName=F11 Simulator)
06:06:19.600 [MissionAirdrop] An airdrop is heading towards "Seneca" (pos=<7648.691895, 0.000000, 1011.718018> type=Random_Seneca) with a ExpansionAirdropContainer_Military
06:07:47.331 [VehicleDeleted] Old_Bike_White (id=35B9E594854E55836851FB9835FC1A1F pos=<8754.04, 150.19, 2314.96>)
06:08:34.241 [VehicleEnter] Player "DUSTY PINKY" (id=s8r0CBUvA4m0dDsoAZ-_G4y6F5w2f9qLRLI59dyQZnI=) entered vehicle Bicycle (id=DF4FF67A0C45E444F5CDC9BFCA3F3B49 pos=<8711.49, 153.08, 2328.16>) as driver
06:08:48.911 [VehicleLeave] Player "DUSTY PINKY" (id=s8r0CBUvA4m0dDsoAZ-_G4y6F5w2f9qLRLI59dyQZnI=) left vehicle Bicycle (id=DF4FF67A0C45E444F5CDC9BFCA3F3B49 pos=<8703.98, 154.47, 2339.72>)
06:08:52.101 [VehicleDeleted] Old_Bike_White (id=DF4FF67A0C45E444F5CDC9BFCA3F3B49 pos=<8703.98, 154.47, 2339.71>)
06:10:09.602 [VehicleDeleted] Old_Bike_Green (id=70678F1A1C46185675E596B31910806E pos=<8754.31, 150.06, 2313.39>)
06:11:30.017 [VehicleDeleted] Old_Bike_Green (id=E64DFDC2CC4C05C200D0E9999D786ED2 pos=<8694.01, 154.58, 2370.95>)
06:12:07.266 [Safezone] Player "Demon" (id=PhjcSpdDlcniqvIRjG2Nvju16VFUg8XDMgChzEnNJKI= pos=<6753.58, 103.66, 6058.78>) entered the safezone
06:13:01.966 [Market] Player "Demon" (id=PhjcSpdDlcniqvIRjG2Nvju16VFUg8XDMgChzEnNJKI=) has sold pnc_rpk16_drum x1 (c933b890, ammo_545x39 x90) at the trader "Attachments (Jose [#STR_EXPANSION_MARKET_TRADER_ATTACHMENTS])" in market zone "Trader Zone" (pos=<6675.160645, 104.603935, 6114.155762>) and got 540.
06:13:19.578 [Market] Player "Demon" (id=PhjcSpdDlcniqvIRjG2Nvju16VFUg8XDMgChzEnNJKI=) has sold pnc_scarh_20rnd x1 (c9337330, ammo_308win x30) at the trader "Attachments (Jose [#STR_EXPANSION_MARKET_TRADER_ATTACHMENTS])" in market zone "Trader Zone" (pos=<6675.160645, 104.603935, 6114.155762>) and got 180.
06:13:20.034 [Market] Player "Demon" (id=PhjcSpdDlcniqvIRjG2Nvju16VFUg8XDMgChzEnNJKI=) has sold pnc_scarh_20rnd x1 (c9333960, ammo_308win x30) at the trader "Attachments (Jose [#STR_EXPANSION_MARKET_TRADER_ATTACHMENTS])" in market zone "Trader Zone" (pos=<6675.160645, 104.603935, 6114.155762>) and got 180.
06:13:24.943 [Market] Player "Demon" (id=PhjcSpdDlcniqvIRjG2Nvju16VFUg8XDMgChzEnNJKI=) has sold pnc_origin_drum_mag x1 (c933db40, ammo_12gapellets x30) at the trader "Attachments (Jose [#STR_EXPANSION_MARKET_TRADER_ATTACHMENTS])" in market zone "Trader Zone" (pos=<6675.160645, 104.603935, 6114.155762>) and got 240.
06:13:25.093 [Market] Player "Demon" (id=PhjcSpdDlcniqvIRjG2Nvju16VFUg8XDMgChzEnNJKI=) has sold pnc_origin_drum_mag x1 (c93316b0, ammo_12gapellets x30) at the trader "Attachments (Jose [#STR_EXPANSION_MARKET_TRADER_ATTACHMENTS])" in market zone "Trader Zone" (pos=<6675.160645, 104.603935, 6114.155762>) and got 240.
06:13:29.053 [Market] Player "Demon" (id=PhjcSpdDlcniqvIRjG2Nvju16VFUg8XDMgChzEnNJKI=) has sold pnc_mag_dvl_10rnd x1 (c93395e0, ammo_338lapuamagnum x5) at the trader "Attachments (Jose [#STR_EXPANSION_MARKET_TRADER_ATTACHMENTS])" in market zone "Trader Zone" (pos=<6675.160645, 104.603935, 6114.155762>) and got 173.
06:14:05.406 [Market] Player "Demon" (id=PhjcSpdDlcniqvIRjG2Nvju16VFUg8XDMgChzEnNJKI=) has sold pnc_mag_ax50_7rnd x1 (c932ff90, ammo_50bmg x7) at the trader "Attachments (Jose [#STR_EXPANSION_MARKET_TRADER_ATTACHMENTS])" in market zone "Trader Zone" (pos=<6675.160645, 104.603935, 6114.155762>) and got 382.
06:14:05.553 [Market] Player "Demon" (id=PhjcSpdDlcniqvIRjG2Nvju16VFUg8XDMgChzEnNJKI=) has sold pnc_mag_ax50_7rnd x1 (c933e6d0, ammo_50bmg x7) at the trader "Attachments (Jose [#STR_EXPANSION_MARKET_TRADER_ATTACHMENTS])" in market zone "Trader Zone" (pos=<6675.160645, 104.603935, 6114.155762>) and got 382.
06:14:08.371 [Market] Player "Demon" (id=PhjcSpdDlcniqvIRjG2Nvju16VFUg8XDMgChzEnNJKI=) has sold pnc_mag_beowulf50_20rnd x1 (c933fdf0, ammo_50beowolf x20) at the trader "Attachments (Jose [#STR_EXPANSION_MARKET_TRADER_ATTACHMENTS])" in market zone "Trader Zone" (pos=<6675.160645, 104.603935, 6114.155762>) and got 66.
06:14:37.738 [Market] Player "Demon" (id=PhjcSpdDlcniqvIRjG2Nvju16VFUg8XDMgChzEnNJKI=) has sold pnc_mag_honeybadger_30rnd x1 (c9340980, ammo_300aac x30) at the trader "Attachments (Jose [#STR_EXPANSION_MARKET_TRADER_ATTACHMENTS])" in market zone "Trader Zone" (pos=<6675.160645, 104.603935, 6114.155762>) and got 217.
06:14:44.528 [Market] Player "Demon" (id=PhjcSpdDlcniqvIRjG2Nvju16VFUg8XDMgChzEnNJKI=) has sold pnc_mag_barretm82a1_10rnd x1 (c9338a50, ammo_50bmg x10) at the trader "Attachments (Jose [#STR_EXPANSION_MARKET_TRADER_ATTACHMENTS])" in market zone "Trader Zone" (pos=<6675.160645, 104.603935, 6114.155762>) and got 385.
06:15:24.201 [Market] Player "Demon" (id=PhjcSpdDlcniqvIRjG2Nvju16VFUg8XDMgChzEnNJKI=) has sold pnc_suppressor_308win x1 (c932f400) at the trader "Attachments (Jose [#STR_EXPANSION_MARKET_TRADER_ATTACHMENTS])" in market zone "Trader Zone" (pos=<6675.160645, 104.603935, 6114.155762>) and got 18.
06:15:28.261 [Market] Player "Demon" (id=PhjcSpdDlcniqvIRjG2Nvju16VFUg8XDMgChzEnNJKI=) has sold pnc_honeybadger_suppressor_01 x1 (c933c420) at the trader "Attachments (Jose [#STR_EXPANSION_MARKET_TRADER_ATTACHMENTS])" in market zone "Trader Zone" (pos=<6675.160645, 104.603935, 6114.155762>) and got 13.
06:15:29.218 [Market] Player "Demon" (id=PhjcSpdDlcniqvIRjG2Nvju16VFUg8XDMgChzEnNJKI=) has sold pnc_suppressor_338 x1 (c933ad00) at the trader "Attachments (Jose [#STR_EXPANSION_MARKET_TRADER_ATTACHMENTS])" in market zone "Trader Zone" (pos=<6675.160645, 104.603935, 6114.155762>) and got 37.
06:16:58.438 [Market] Player "Demon" (id=PhjcSpdDlcniqvIRjG2Nvju16VFUg8XDMgChzEnNJKI=) has sold combatknife x1 (f2f5cc50) at the trader "Weapons (Denis [#STR_EXPANSION_MARKET_TRADER_WEAPONS])" in market zone "Trader Zone" (pos=<6675.160645, 104.603935, 6114.155762>) and got 1.
06:17:28.929 [Market] Player "Demon" (id=PhjcSpdDlcniqvIRjG2Nvju16VFUg8XDMgChzEnNJKI=) has bought battery9v x1 (b8d2d90) from the trader "Components (Cyril [#STR_EXPANSION_MARKET_TRADER_COMPONENTS])" in market zone "Trader Zone" (pos=<6675.160645, 104.603935, 6114.155762>) for a price of 10.
06:17:41.376 [Market] Player "Demon" (id=PhjcSpdDlcniqvIRjG2Nvju16VFUg8XDMgChzEnNJKI=) has bought leathersewingkit x1 (b8d44b0) from the trader "Components (Cyril [#STR_EXPANSION_MARKET_TRADER_COMPONENTS])" in market zone "Trader Zone" (pos=<6675.160645, 104.603935, 6114.155762>) for a price of 5.
06:17:42.218 [Market] Player "Demon" (id=PhjcSpdDlcniqvIRjG2Nvju16VFUg8XDMgChzEnNJKI=) has bought weaponcleaningkit x1 (b8d3920) from the trader "Components (Cyril [#STR_EXPANSION_MARKET_TRADER_COMPONENTS])" in market zone "Trader Zone" (pos=<6675.160645, 104.603935, 6114.155762>) for a price of 8.
06:17:43.096 [Market] Player "Demon" (id=PhjcSpdDlcniqvIRjG2Nvju16VFUg8XDMgChzEnNJKI=) has bought sewingkit x1 (b8d5040) from the trader "Components (Cyril [#STR_EXPANSION_MARKET_TRADER_COMPONENTS])" in market zone "Trader Zone" (pos=<6675.160645, 104.603935, 6114.155762>) for a price of 4.
06:19:39.304 [Market] Player "Demon" (id=PhjcSpdDlcniqvIRjG2Nvju16VFUg8XDMgChzEnNJKI=) has bought bandagedressing x1 (26866bc0) from the trader "Medicals (Mirek [#STR_EXPANSION_MARKET_TRADER_MEDICALS])" in market zone "Trader Zone" (pos=<6675.160645, 104.603935, 6114.155762>) for a price of 3.
06:19:39.415 [Market] Player "Demon" (id=PhjcSpdDlcniqvIRjG2Nvju16VFUg8XDMgChzEnNJKI=) has bought bandagedressing x1 (26867750) from the trader "Medicals (Mirek [#STR_EXPANSION_MARKET_TRADER_MEDICALS])" in market zone "Trader Zone" (pos=<6675.160645, 104.603935, 6114.155762>) for a price of 3.
06:19:39.567 [Market] Player "Demon" (id=PhjcSpdDlcniqvIRjG2Nvju16VFUg8XDMgChzEnNJKI=) has bought bandagedressing x1 (26860f40) from the trader "Medicals (Mirek [#STR_EXPANSION_MARKET_TRADER_MEDICALS])" in market zone "Trader Zone" (pos=<6675.160645, 104.603935, 6114.155762>) for a price of 3.
06:19:39.725 [Market] Player "Demon" (id=PhjcSpdDlcniqvIRjG2Nvju16VFUg8XDMgChzEnNJKI=) has bought bandagedressing x1 (26861ad0) from the trader "Medicals (Mirek [#STR_EXPANSION_MARKET_TRADER_MEDICALS])" in market zone "Trader Zone" (pos=<6675.160645, 104.603935, 6114.155762>) for a price of 3.
06:19:40.183 [Market] Player "Demon" (id=PhjcSpdDlcniqvIRjG2Nvju16VFUg8XDMgChzEnNJKI=) has bought bandagedressing x1 (26868e70) from the trader "Medicals (Mirek [#STR_EXPANSION_MARKET_TRADER_MEDICALS])" in market zone "Trader Zone" (pos=<6675.160645, 104.603935, 6114.155762>) for a price of 3.
06:20:05.092 [BaseRaiding] ExpansionSafeMini (<7498.244629, 122.770752, 6346.906738>) Code set by "player "SUS-Alpha-Goin'Dark" (ID = "m_TD03B4NXDQrU5koHpLq3WyQf1hXTvQSdETJOTM8ss=" at <7498.963867, 121.592026, 6346.397461>)" and the code is 2110
06:20:34.051 [BaseRaiding] ExpansionSafeMini (<7498.731934, 122.486443, 6344.651367>) Code set by "player "SUS-Alpha-Goin'Dark" (ID = "m_TD03B4NXDQrU5koHpLq3WyQf1hXTvQSdETJOTM8ss=" at <7499.478516, 121.591919, 6345.529297>)" and the code is 2110
06:20:55.130 [BaseRaiding] ExpansionSafeMini (<7498.728516, 122.032211, 6344.653809>) Code set by "player "SUS-Alpha-Goin'Dark" (ID = "m_TD03B4NXDQrU5koHpLq3WyQf1hXTvQSdETJOTM8ss=" at <7499.478516, 121.591919, 6345.529297>)" and the code is 2110
06:21:56.737 [Market] Player "Demon" (id=PhjcSpdDlcniqvIRjG2Nvju16VFUg8XDMgChzEnNJKI=) has bought mag_expansion_taser x1 (26984ce0, expansion_ammo_taser x2) from the trader "Attachments (Jose [#STR_EXPANSION_MARKET_TRADER_ATTACHMENTS])" in market zone "Trader Zone" (pos=<6675.160645, 104.603935, 6114.155762>) for a price of 22.
06:21:56.896 [Market] Player "Demon" (id=PhjcSpdDlcniqvIRjG2Nvju16VFUg8XDMgChzEnNJKI=) has bought mag_expansion_taser x1 (26986f90, expansion_ammo_taser x2) from the trader "Attachments (Jose [#STR_EXPANSION_MARKET_TRADER_ATTACHMENTS])" in market zone "Trader Zone" (pos=<6675.160645, 104.603935, 6114.155762>) for a price of 22.
06:21:57.042 [Market] Player "Demon" (id=PhjcSpdDlcniqvIRjG2Nvju16VFUg8XDMgChzEnNJKI=) has bought mag_expansion_taser x1 (2697fbf0, expansion_ammo_taser x2) from the trader "Attachments (Jose [#STR_EXPANSION_MARKET_TRADER_ATTACHMENTS])" in market zone "Trader Zone" (pos=<6675.160645, 104.603935, 6114.155762>) for a price of 22.
06:21:57.188 [Market] Player "Demon" (id=PhjcSpdDlcniqvIRjG2Nvju16VFUg8XDMgChzEnNJKI=) has bought mag_expansion_taser x1 (26984150, expansion_ammo_taser x2) from the trader "Attachments (Jose [#STR_EXPANSION_MARKET_TRADER_ATTACHMENTS])" in market zone "Trader Zone" (pos=<6675.160645, 104.603935, 6114.155762>) for a price of 22.
06:21:57.340 [Market] Player "Demon" (id=PhjcSpdDlcniqvIRjG2Nvju16VFUg8XDMgChzEnNJKI=) has bought mag_expansion_taser x1 (2698cc10, expansion_ammo_taser x2) from the trader "Attachments (Jose [#STR_EXPANSION_MARKET_TRADER_ATTACHMENTS])" in market zone "Trader Zone" (pos=<6675.160645, 104.603935, 6114.155762>) for a price of 22.
06:21:57.502 [Market] Player "Demon" (id=PhjcSpdDlcniqvIRjG2Nvju16VFUg8XDMgChzEnNJKI=) has bought mag_expansion_taser x1 (26989240, expansion_ammo_taser x2) from the trader "Attachments (Jose [#STR_EXPANSION_MARKET_TRADER_ATTACHMENTS])" in market zone "Trader Zone" (pos=<6675.160645, 104.603935, 6114.155762>) for a price of 22.
06:21:57.615 [Market] Player "Demon" (id=PhjcSpdDlcniqvIRjG2Nvju16VFUg8XDMgChzEnNJKI=) has bought mag_expansion_taser x1 (26989dd0, expansion_ammo_taser x2) from the trader "Attachments (Jose [#STR_EXPANSION_MARKET_TRADER_ATTACHMENTS])" in market zone "Trader Zone" (pos=<6675.160645, 104.603935, 6114.155762>) for a price of 22.
06:21:58.571 [Market] Player "Demon" (id=PhjcSpdDlcniqvIRjG2Nvju16VFUg8XDMgChzEnNJKI=) has bought mag_expansion_taser x1 (2698b4f0, expansion_ammo_taser x2) from the trader "Attachments (Jose [#STR_EXPANSION_MARKET_TRADER_ATTACHMENTS])" in market zone "Trader Zone" (pos=<6675.160645, 104.603935, 6114.155762>) for a price of 22.
06:21:58.755 [Market] Player "Demon" (id=PhjcSpdDlcniqvIRjG2Nvju16VFUg8XDMgChzEnNJKI=) has bought mag_expansion_taser x1 (2698a960, expansion_ammo_taser x2) from the trader "Attachments (Jose [#STR_EXPANSION_MARKET_TRADER_ATTACHMENTS])" in market zone "Trader Zone" (pos=<6675.160645, 104.603935, 6114.155762>) for a price of 22.
06:21:59.547 [Market] Player "Demon" (id=PhjcSpdDlcniqvIRjG2Nvju16VFUg8XDMgChzEnNJKI=) has bought mag_expansion_taser x1 (2698e330, expansion_ammo_taser x2) from the trader "Attachments (Jose [#STR_EXPANSION_MARKET_TRADER_ATTACHMENTS])" in market zone "Trader Zone" (pos=<6675.160645, 104.603935, 6114.155762>) for a price of 22.
06:22:00.065 [Market] Player "Demon" (id=PhjcSpdDlcniqvIRjG2Nvju16VFUg8XDMgChzEnNJKI=) has bought mag_expansion_taser x1 (2698d7a0, expansion_ammo_taser x2) from the trader "Attachments (Jose [#STR_EXPANSION_MARKET_TRADER_ATTACHMENTS])" in market zone "Trader Zone" (pos=<6675.160645, 104.603935, 6114.155762>) for a price of 22.
06:22:00.888 [Market] Player "Demon" (id=PhjcSpdDlcniqvIRjG2Nvju16VFUg8XDMgChzEnNJKI=) has bought mag_expansion_taser x1 (26987b20, expansion_ammo_taser x2) from the trader "Attachments (Jose [#STR_EXPANSION_MARKET_TRADER_ATTACHMENTS])" in market zone "Trader Zone" (pos=<6675.160645, 104.603935, 6114.155762>) for a price of 22.
06:22:01.229 [Market] Player "Demon" (id=PhjcSpdDlcniqvIRjG2Nvju16VFUg8XDMgChzEnNJKI=) has bought mag_expansion_taser x1 (2698eec0, expansion_ammo_taser x2) from the trader "Attachments (Jose [#STR_EXPANSION_MARKET_TRADER_ATTACHMENTS])" in market zone "Trader Zone" (pos=<6675.160645, 104.603935, 6114.155762>) for a price of 22.
06:22:01.382 [Market] Player "Demon" (id=PhjcSpdDlcniqvIRjG2Nvju16VFUg8XDMgChzEnNJKI=) has bought mag_expansion_taser x1 (269886b0, expansion_ammo_taser x2) from the trader "Attachments (Jose [#STR_EXPANSION_MARKET_TRADER_ATTACHMENTS])" in market zone "Trader Zone" (pos=<6675.160645, 104.603935, 6114.155762>) for a price of 22.
06:22:01.528 [Market] Player "Demon" (id=PhjcSpdDlcniqvIRjG2Nvju16VFUg8XDMgChzEnNJKI=) has bought mag_expansion_taser x1 (269905e0, expansion_ammo_taser x2) from the trader "Attachments (Jose [#STR_EXPANSION_MARKET_TRADER_ATTACHMENTS])" in market zone "Trader Zone" (pos=<6675.160645, 104.603935, 6114.155762>) for a price of 22.
06:22:01.730 [Market] Player "Demon" (id=PhjcSpdDlcniqvIRjG2Nvju16VFUg8XDMgChzEnNJKI=) has bought mag_expansion_taser x1 (26991170, expansion_ammo_taser x2) from the trader "Attachments (Jose [#STR_EXPANSION_MARKET_TRADER_ATTACHMENTS])" in market zone "Trader Zone" (pos=<6675.160645, 104.603935, 6114.155762>) for a price of 22.
06:22:01.871 [Market] Player "Demon" (id=PhjcSpdDlcniqvIRjG2Nvju16VFUg8XDMgChzEnNJKI=) has bought mag_expansion_taser x1 (26991d00, expansion_ammo_taser x2) from the trader "Attachments (Jose [#STR_EXPANSION_MARKET_TRADER_ATTACHMENTS])" in market zone "Trader Zone" (pos=<6675.160645, 104.603935, 6114.155762>) for a price of 22.
06:22:02.095 [Market] Player "Demon" (id=PhjcSpdDlcniqvIRjG2Nvju16VFUg8XDMgChzEnNJKI=) has bought mag_expansion_taser x1 (2698c080, expansion_ammo_taser x2) from the trader "Attachments (Jose [#STR_EXPANSION_MARKET_TRADER_ATTACHMENTS])" in market zone "Trader Zone" (pos=<6675.160645, 104.603935, 6114.155762>) for a price of 22.
06:22:02.522 [Market] Player "Demon" (id=PhjcSpdDlcniqvIRjG2Nvju16VFUg8XDMgChzEnNJKI=) has bought mag_expansion_taser x1 (26993420, expansion_ammo_taser x2) from the trader "Attachments (Jose [#STR_EXPANSION_MARKET_TRADER_ATTACHMENTS])" in market zone "Trader Zone" (pos=<6675.160645, 104.603935, 6114.155762>) for a price of 22.
06:22:03.966 [Market] Player "Demon" (id=PhjcSpdDlcniqvIRjG2Nvju16VFUg8XDMgChzEnNJKI=) has bought mag_expansion_taser x1 (2698fa50, expansion_ammo_taser x2) from the trader "Attachments (Jose [#STR_EXPANSION_MARKET_TRADER_ATTACHMENTS])" in market zone "Trader Zone" (pos=<6675.160645, 104.603935, 6114.155762>) for a price of 22.
06:22:06.703 [Market] Player "Demon" (id=PhjcSpdDlcniqvIRjG2Nvju16VFUg8XDMgChzEnNJKI=) has bought mag_expansion_taser x1 (26992890, expansion_ammo_taser x2) from the trader "Attachments (Jose [#STR_EXPANSION_MARKET_TRADER_ATTACHMENTS])" in market zone "Trader Zone" (pos=<6675.160645, 104.603935, 6114.155762>) for a price of 22.
06:22:06.861 [Market] Player "Demon" (id=PhjcSpdDlcniqvIRjG2Nvju16VFUg8XDMgChzEnNJKI=) has bought mag_expansion_taser x1 (26998510, expansion_ammo_taser x2) from the trader "Attachments (Jose [#STR_EXPANSION_MARKET_TRADER_ATTACHMENTS])" in market zone "Trader Zone" (pos=<6675.160645, 104.603935, 6114.155762>) for a price of 22.
06:22:07.031 [Market] Player "Demon" (id=PhjcSpdDlcniqvIRjG2Nvju16VFUg8XDMgChzEnNJKI=) has bought mag_expansion_taser x1 (26994b40, expansion_ammo_taser x2) from the trader "Attachments (Jose [#STR_EXPANSION_MARKET_TRADER_ATTACHMENTS])" in market zone "Trader Zone" (pos=<6675.160645, 104.603935, 6114.155762>) for a price of 22.
06:22:07.136 [Market] Player "Demon" (id=PhjcSpdDlcniqvIRjG2Nvju16VFUg8XDMgChzEnNJKI=) has bought mag_expansion_taser x1 (269990a0, expansion_ammo_taser x2) from the trader "Attachments (Jose [#STR_EXPANSION_MARKET_TRADER_ATTACHMENTS])" in market zone "Trader Zone" (pos=<6675.160645, 104.603935, 6114.155762>) for a price of 22.
06:22:07.331 [Market] Player "Demon" (id=PhjcSpdDlcniqvIRjG2Nvju16VFUg8XDMgChzEnNJKI=) has bought mag_expansion_taser x1 (26997980, expansion_ammo_taser x2) from the trader "Attachments (Jose [#STR_EXPANSION_MARKET_TRADER_ATTACHMENTS])" in market zone "Trader Zone" (pos=<6675.160645, 104.603935, 6114.155762>) for a price of 22.
06:22:07.459 [Market] Player "Demon" (id=PhjcSpdDlcniqvIRjG2Nvju16VFUg8XDMgChzEnNJKI=) has bought mag_expansion_taser x1 (26999c30, expansion_ammo_taser x2) from the trader "Attachments (Jose [#STR_EXPANSION_MARKET_TRADER_ATTACHMENTS])" in market zone "Trader Zone" (pos=<6675.160645, 104.603935, 6114.155762>) for a price of 22.
06:22:07.605 [Market] Player "Demon" (id=PhjcSpdDlcniqvIRjG2Nvju16VFUg8XDMgChzEnNJKI=) has bought mag_expansion_taser x1 (2699a7c0, expansion_ammo_taser x2) from the trader "Attachments (Jose [#STR_EXPANSION_MARKET_TRADER_ATTACHMENTS])" in market zone "Trader Zone" (pos=<6675.160645, 104.603935, 6114.155762>) for a price of 22.
06:22:07.813 [Market] Player "Demon" (id=PhjcSpdDlcniqvIRjG2Nvju16VFUg8XDMgChzEnNJKI=) has bought mag_expansion_taser x1 (2699b350, expansion_ammo_taser x2) from the trader "Attachments (Jose [#STR_EXPANSION_MARKET_TRADER_ATTACHMENTS])" in market zone "Trader Zone" (pos=<6675.160645, 104.603935, 6114.155762>) for a price of 22.
06:22:08.191 [Market] Player "Demon" (id=PhjcSpdDlcniqvIRjG2Nvju16VFUg8XDMgChzEnNJKI=) has bought mag_expansion_taser x1 (26996df0, expansion_ammo_taser x2) from the trader "Attachments (Jose [#STR_EXPANSION_MARKET_TRADER_ATTACHMENTS])" in market zone "Trader Zone" (pos=<6675.160645, 104.603935, 6114.155762>) for a price of 22.
06:22:08.422 [Market] Player "Demon" (id=PhjcSpdDlcniqvIRjG2Nvju16VFUg8XDMgChzEnNJKI=) has bought mag_expansion_taser x1 (2699bee0, expansion_ammo_taser x2) from the trader "Attachments (Jose [#STR_EXPANSION_MARKET_TRADER_ATTACHMENTS])" in market zone "Trader Zone" (pos=<6675.160645, 104.603935, 6114.155762>) for a price of 22.
06:22:08.763 [Market] Player "Demon" (id=PhjcSpdDlcniqvIRjG2Nvju16VFUg8XDMgChzEnNJKI=) has bought mag_expansion_taser x1 (269956d0, expansion_ammo_taser x2) from the trader "Attachments (Jose [#STR_EXPANSION_MARKET_TRADER_ATTACHMENTS])" in market zone "Trader Zone" (pos=<6675.160645, 104.603935, 6114.155762>) for a price of 22.
06:22:10.625 [Market] Player "Demon" (id=PhjcSpdDlcniqvIRjG2Nvju16VFUg8XDMgChzEnNJKI=) has sold mag_expansion_taser x1 (26984ce0, expansion_ammo_taser x2) at the trader "Attachments (Jose [#STR_EXPANSION_MARKET_TRADER_ATTACHMENTS])" in market zone "Trader Zone" (pos=<6675.160645, 104.603935, 6114.155762>) and got 15.
06:22:21.977 [Market] Player "Demon" (id=PhjcSpdDlcniqvIRjG2Nvju16VFUg8XDMgChzEnNJKI=) has bought expansion_taser_black x1 (96befa70) from the trader "Weapons (Denis [#STR_EXPANSION_MARKET_TRADER_WEAPONS])" in market zone "Trader Zone" (pos=<6675.160645, 104.603935, 6114.155762>) for a price of 1200.
06:23:00.305 [ATM] Player "Demon" (id=PhjcSpdDlcniqvIRjG2Nvju16VFUg8XDMgChzEnNJKI=) has deposited 1145 on his ATM account.
06:23:26.443 [Safezone] Player "{1:name}" (id={1:id} pos={1:position}) left the safezone
06:31:17.282 [Safezone] Player "Demon" (id=PhjcSpdDlcniqvIRjG2Nvju16VFUg8XDMgChzEnNJKI= pos=<6757.42, 103.15, 6061.94>) entered the safezone
06:31:33.736 [ATM] Player "Demon" (id=PhjcSpdDlcniqvIRjG2Nvju16VFUg8XDMgChzEnNJKI=) has withdrawn 84415 from his ATM account.
06:31:55.935 [Market] Player "Demon" (id=PhjcSpdDlcniqvIRjG2Nvju16VFUg8XDMgChzEnNJKI=) has bought woodaxe x1 (b39d2280) from the trader "Components (Cyril [#STR_EXPANSION_MARKET_TRADER_COMPONENTS])" in market zone "Trader Zone" (pos=<6675.160645, 104.603935, 6114.155762>) for a price of 20.
06:32:07.492 [Market] Player "Demon" (id=PhjcSpdDlcniqvIRjG2Nvju16VFUg8XDMgChzEnNJKI=) has bought combatknife x1 (b72a5480) from the trader "Weapons (Denis [#STR_EXPANSION_MARKET_TRADER_WEAPONS])" in market zone "Trader Zone" (pos=<6675.160645, 104.603935, 6114.155762>) for a price of 10.
06:32:52.004 [ATM] Player "Demon" (id=PhjcSpdDlcniqvIRjG2Nvju16VFUg8XDMgChzEnNJKI=) has deposited 84385 on his ATM account.
06:33:18.244 [Safezone] Player "{1:name}" (id={1:id} pos={1:position}) left the safezone
06:36:29.294 [Safezone] Player "SUS-Bravo-Goin'Dark" (id=kOLgOs9yYBFVRQG3lqoHveYdP5X8y3SO69cq5MiR4us= pos=<6759.56, 103.17, 6060.6>) entered the safezone
06:36:45.566 [ATM] Player "SUS-Bravo-Goin'Dark" (id=kOLgOs9yYBFVRQG3lqoHveYdP5X8y3SO69cq5MiR4us=) has withdrawn 5000 from his ATM account.
06:37:08.986 [Market] Player "SUS-Bravo-Goin'Dark" (id=kOLgOs9yYBFVRQG3lqoHveYdP5X8y3SO69cq5MiR4us=) has sold metalplate x1 (d0746900) at the trader "Components (Cyril [#STR_EXPANSION_MARKET_TRADER_COMPONENTS])" in market zone "Trader Zone" (pos=<6675.160645, 104.603935, 6114.155762>) and got 75.
06:37:09.754 [Market] Player "SUS-Bravo-Goin'Dark" (id=kOLgOs9yYBFVRQG3lqoHveYdP5X8y3SO69cq5MiR4us=) has sold metalplate x1 (d0746900) at the trader "Components (Cyril [#STR_EXPANSION_MARKET_TRADER_COMPONENTS])" in market zone "Trader Zone" (pos=<6675.160645, 104.603935, 6114.155762>) and got 75.
06:37:11.295 [Market] Player "SUS-Bravo-Goin'Dark" (id=kOLgOs9yYBFVRQG3lqoHveYdP5X8y3SO69cq5MiR4us=) has sold woodenplank x1 (97721ea0) at the trader "Components (Cyril [#STR_EXPANSION_MARKET_TRADER_COMPONENTS])" in market zone "Trader Zone" (pos=<6675.160645, 104.603935, 6114.155762>) and got 37.
06:37:11.982 [Market] Player "SUS-Bravo-Goin'Dark" (id=kOLgOs9yYBFVRQG3lqoHveYdP5X8y3SO69cq5MiR4us=) has sold woodenplank x1 (97721ea0) at the trader "Components (Cyril [#STR_EXPANSION_MARKET_TRADER_COMPONENTS])" in market zone "Trader Zone" (pos=<6675.160645, 104.603935, 6114.155762>) and got 37.
06:37:12.896 [Market] Player "SUS-Bravo-Goin'Dark" (id=kOLgOs9yYBFVRQG3lqoHveYdP5X8y3SO69cq5MiR4us=) has sold nail x1 (d0748020) at the trader "Components (Cyril [#STR_EXPANSION_MARKET_TRADER_COMPONENTS])" in market zone "Trader Zone" (pos=<6675.160645, 104.603935, 6114.155762>) and got 2.
06:37:13.407 [Market] Player "SUS-Bravo-Goin'Dark" (id=kOLgOs9yYBFVRQG3lqoHveYdP5X8y3SO69cq5MiR4us=) has sold nail x1 (d0748020) at the trader "Components (Cyril [#STR_EXPANSION_MARKET_TRADER_COMPONENTS])" in market zone "Trader Zone" (pos=<6675.160645, 104.603935, 6114.155762>) and got 2.
06:37:13.754 [Market] Player "SUS-Bravo-Goin'Dark" (id=kOLgOs9yYBFVRQG3lqoHveYdP5X8y3SO69cq5MiR4us=) has sold nail x1 (d0748020) at the trader "Components (Cyril [#STR_EXPANSION_MARKET_TRADER_COMPONENTS])" in market zone "Trader Zone" (pos=<6675.160645, 104.603935, 6114.155762>) and got 2.
06:37:14.178 [Market] Player "SUS-Bravo-Goin'Dark" (id=kOLgOs9yYBFVRQG3lqoHveYdP5X8y3SO69cq5MiR4us=) has sold nail x1 (d0748020) at the trader "Components (Cyril [#STR_EXPANSION_MARKET_TRADER_COMPONENTS])" in market zone "Trader Zone" (pos=<6675.160645, 104.603935, 6114.155762>) and got 2.
06:37:18.076 [Market] Player "SUS-Bravo-Goin'Dark" (id=kOLgOs9yYBFVRQG3lqoHveYdP5X8y3SO69cq5MiR4us=) has bought whetstone x1 (c78a9380) from the trader "Components (Cyril [#STR_EXPANSION_MARKET_TRADER_COMPONENTS])" in market zone "Trader Zone" (pos=<6675.160645, 104.603935, 6114.155762>) for a price of 5.
06:37:18.942 [Market] Player "SUS-Bravo-Goin'Dark" (id=kOLgOs9yYBFVRQG3lqoHveYdP5X8y3SO69cq5MiR4us=) has bought whetstone x1 (c78a3700) from the trader "Components (Cyril [#STR_EXPANSION_MARKET_TRADER_COMPONENTS])" in market zone "Trader Zone" (pos=<6675.160645, 104.603935, 6114.155762>) for a price of 5.
06:37:30.257 [Market] Player "SUS-Bravo-Goin'Dark" (id=kOLgOs9yYBFVRQG3lqoHveYdP5X8y3SO69cq5MiR4us=) has sold pso1optic x1 (fa77e2e0) at the trader "Attachments (Jose [#STR_EXPANSION_MARKET_TRADER_ATTACHMENTS])" in market zone "Trader Zone" (pos=<6675.160645, 104.603935, 6114.155762>) and got 412.
06:37:37.241 [Market] Player "SUS-Bravo-Goin'Dark" (id=kOLgOs9yYBFVRQG3lqoHveYdP5X8y3SO69cq5MiR4us=) has sold huntingoptic x1 (ceed1b40) at the trader "Attachments (Jose [#STR_EXPANSION_MARKET_TRADER_ATTACHMENTS])" in market zone "Trader Zone" (pos=<6675.160645, 104.603935, 6114.155762>) and got 750.
06:37:38.439 [Market] Player "SUS-Bravo-Goin'Dark" (id=kOLgOs9yYBFVRQG3lqoHveYdP5X8y3SO69cq5MiR4us=) has bought vtr_pentax x1 (ba64fc90) from the trader "Attachments (Jose [#STR_EXPANSION_MARKET_TRADER_ATTACHMENTS])" in market zone "Trader Zone" (pos=<6675.160645, 104.603935, 6114.155762>) for a price of 400.
06:37:42.952 [Market] Player "SUS-Bravo-Goin'Dark" (id=kOLgOs9yYBFVRQG3lqoHveYdP5X8y3SO69cq5MiR4us=) has sold pnc_mag_ax50_2_5rnd x1 (fa184580, ammo_65creedmore x5) at the trader "Attachments (Jose [#STR_EXPANSION_MARKET_TRADER_ATTACHMENTS])" in market zone "Trader Zone" (pos=<6675.160645, 104.603935, 6114.155762>) and got 380.
06:37:43.765 [Market] Player "SUS-Bravo-Goin'Dark" (id=kOLgOs9yYBFVRQG3lqoHveYdP5X8y3SO69cq5MiR4us=) has sold pnc_mag_beowulf50_20rnd x1 (fa18a200, ammo_50beowolf x17) at the trader "Attachments (Jose [#STR_EXPANSION_MARKET_TRADER_ATTACHMENTS])" in market zone "Trader Zone" (pos=<6675.160645, 104.603935, 6114.155762>) and got 204.
06:37:44.478 [Market] Player "SUS-Bravo-Goin'Dark" (id=kOLgOs9yYBFVRQG3lqoHveYdP5X8y3SO69cq5MiR4us=) has sold pnc_moremag_m4drum_100rnd x1 (c93367a0, ammo_556x45 x100) at the trader "Attachments (Jose [#STR_EXPANSION_MARKET_TRADER_ATTACHMENTS])" in market zone "Trader Zone" (pos=<6675.160645, 104.603935, 6114.155762>) and got 550.
06:37:45.188 [Market] Player "SUS-Bravo-Goin'Dark" (id=kOLgOs9yYBFVRQG3lqoHveYdP5X8y3SO69cq5MiR4us=) has sold pnc_moremag_m4drum_100rnd x1 (c9337ec0, ammo_556x45 x100) at the trader "Attachments (Jose [#STR_EXPANSION_MARKET_TRADER_ATTACHMENTS])" in market zone "Trader Zone" (pos=<6675.160645, 104.603935, 6114.155762>) and got 550.
06:37:49.218 [Market] Player "SUS-Bravo-Goin'Dark" (id=kOLgOs9yYBFVRQG3lqoHveYdP5X8y3SO69cq5MiR4us=) has bought mag_expansion_taser x1 (bf9b5550, expansion_ammo_taser x2) from the trader "Attachments (Jose [#STR_EXPANSION_MARKET_TRADER_ATTACHMENTS])" in market zone "Trader Zone" (pos=<6675.160645, 104.603935, 6114.155762>) for a price of 22.
06:37:49.677 [Market] Player "SUS-Bravo-Goin'Dark" (id=kOLgOs9yYBFVRQG3lqoHveYdP5X8y3SO69cq5MiR4us=) has bought mag_expansion_taser x1 (bf9bbd60, expansion_ammo_taser x2) from the trader "Attachments (Jose [#STR_EXPANSION_MARKET_TRADER_ATTACHMENTS])" in market zone "Trader Zone" (pos=<6675.160645, 104.603935, 6114.155762>) for a price of 22.
06:37:49.975 [Market] Player "SUS-Bravo-Goin'Dark" (id=kOLgOs9yYBFVRQG3lqoHveYdP5X8y3SO69cq5MiR4us=) has bought mag_expansion_taser x1 (bf9c0e50, expansion_ammo_taser x2) from the trader "Attachments (Jose [#STR_EXPANSION_MARKET_TRADER_ATTACHMENTS])" in market zone "Trader Zone" (pos=<6675.160645, 104.603935, 6114.155762>) for a price of 22.
06:37:50.275 [Market] Player "SUS-Bravo-Goin'Dark" (id=kOLgOs9yYBFVRQG3lqoHveYdP5X8y3SO69cq5MiR4us=) has bought mag_expansion_taser x1 (bff75030, expansion_ammo_taser x2) from the trader "Attachments (Jose [#STR_EXPANSION_MARKET_TRADER_ATTACHMENTS])" in market zone "Trader Zone" (pos=<6675.160645, 104.603935, 6114.155762>) for a price of 22.
06:37:50.585 [Market] Player "SUS-Bravo-Goin'Dark" (id=kOLgOs9yYBFVRQG3lqoHveYdP5X8y3SO69cq5MiR4us=) has bought mag_expansion_taser x1 (bff75bc0, expansion_ammo_taser x2) from the trader "Attachments (Jose [#STR_EXPANSION_MARKET_TRADER_ATTACHMENTS])" in market zone "Trader Zone" (pos=<6675.160645, 104.603935, 6114.155762>) for a price of 22.
06:37:50.949 [Market] Player "SUS-Bravo-Goin'Dark" (id=kOLgOs9yYBFVRQG3lqoHveYdP5X8y3SO69cq5MiR4us=) has bought mag_expansion_taser x1 (bff70ad0, expansion_ammo_taser x2) from the trader "Attachments (Jose [#STR_EXPANSION_MARKET_TRADER_ATTACHMENTS])" in market zone "Trader Zone" (pos=<6675.160645, 104.603935, 6114.155762>) for a price of 22.
06:37:51.375 [Market] Player "SUS-Bravo-Goin'Dark" (id=kOLgOs9yYBFVRQG3lqoHveYdP5X8y3SO69cq5MiR4us=) has bought mag_expansion_taser x1 (bff78a00, expansion_ammo_taser x2) from the trader "Attachments (Jose [#STR_EXPANSION_MARKET_TRADER_ATTACHMENTS])" in market zone "Trader Zone" (pos=<6675.160645, 104.603935, 6114.155762>) for a price of 22.
06:38:09.927 [Market] Player "SUS-Bravo-Goin'Dark" (id=kOLgOs9yYBFVRQG3lqoHveYdP5X8y3SO69cq5MiR4us=) has sold ammo_65creedmore x60 (effbdf20, effc8c90, fa186830) at the trader "Weapons (Denis [#STR_EXPANSION_MARKET_TRADER_WEAPONS])" in market zone "Trader Zone" (pos=<6675.160645, 104.603935, 6114.155762>) and got 20.
06:38:22.886 [Market] Player "SUS-Bravo-Goin'Dark" (id=kOLgOs9yYBFVRQG3lqoHveYdP5X8y3SO69cq5MiR4us=) has bought pliers x1 (bff63ab0) from the trader "Components (Cyril [#STR_EXPANSION_MARKET_TRADER_COMPONENTS])" in market zone "Trader Zone" (pos=<6675.160645, 104.603935, 6114.155762>) for a price of 4.
06:38:32.615 [ATM] Player "SUS-Bravo-Goin'Dark" (id=kOLgOs9yYBFVRQG3lqoHveYdP5X8y3SO69cq5MiR4us=) has deposited 7530 on his ATM account.
06:38:38.276 [BaseRaiding] BF_DoubleDoorBarricade (<7490.601074, 120.753128, 6342.852051>) Damaged "player "Demon" (ID = "PhjcSpdDlcniqvIRjG2Nvju16VFUg8XDMgChzEnNJKI=" at <7488.922852, 120.760017, 6341.982422>)" by 10 health points. Reason: Failed to enter the correct code.
06:38:38.276 [BaseRaiding] BF_DoubleDoorBarricade (<7490.601074, 120.753128, 6342.852051>) The correct code was 1011 and the player tried 1110
06:38:38.488 [VehicleEnter] Player "SUS-Bravo-Goin'Dark" (id=kOLgOs9yYBFVRQG3lqoHveYdP5X8y3SO69cq5MiR4us=) entered vehicle Bicycle (id=01E22EC9B042016E2B62FDA4E9340456 pos=<6691.87, 102.64, 6074>) as driver
06:39:01.121 [Safezone] Player "{1:name}" (id={1:id} pos={1:position}) left the safezone
06:40:41.943 [VehicleLeave] Player "SUS-Bravo-Goin'Dark" (id=kOLgOs9yYBFVRQG3lqoHveYdP5X8y3SO69cq5MiR4us=) left vehicle Bicycle (id=01E22EC9B042016E2B62FDA4E9340456 pos=<7480.97, 120.73, 6336.39>)
06:43:22.383 [AdminTools] Player "SUS-Bravo-Goin'Dark" (id=kOLgOs9yYBFVRQG3lqoHveYdP5X8y3SO69cq5MiR4us= pos=<7489.998047, 124.118759, 6339.628906>) used the Admin Hammer to build a_base
06:44:05.183 [BaseBuildingRaiding] ------------------------- Expansion Base Raiding Damage Report -------------------------
06:44:05.183 [BaseBuildingRaiding] Player "SUS-Bravo-Goin'Dark" (id=kOLgOs9yYBFVRQG3lqoHveYdP5X8y3SO69cq5MiR4us= pos=<7489.26, 124.08, 6339.36>) damaged BF_DoubleDoorBarricade at <7489.99, 124.08, 6340.82>
06:44:05.184 [BaseBuildingRaiding] They dealt 1e-05 * 1 = 1e-05 damage with MeleeFist from SurvivorF_Linda
06:44:05.184 [BaseBuildingRaiding] A_Base hitpoints decreased from 100 to 100
06:44:05.184 [BaseBuildingRaiding] ----------------------------------------------------------------------------------------
06:46:02.413 [AdminTools] Player "SUS-Bravo-Goin'Dark" (id=kOLgOs9yYBFVRQG3lqoHveYdP5X8y3SO69cq5MiR4us= pos=<7490.118652, 124.118752, 6339.611328>) used the Admin Hammer to build a_base
06:46:26.812 [Party] Player "SUS-Alpha-Goin'Dark" (id=m_TD03B4NXDQrU5koHpLq3WyQf1hXTvQSdETJOTM8ss=) left the party "AURRRRRRORA" (id=1 ownerUID=m_TD03B4NXDQrU5koHpLq3WyQf1hXTvQSdETJOTM8ss= ownerName=F11 Simulator)
06:46:42.443 [AdminTools] Player "SUS-Bravo-Goin'Dark" (id=kOLgOs9yYBFVRQG3lqoHveYdP5X8y3SO69cq5MiR4us= pos=<7491.242676, 124.014496, 6339.044922>) used the Admin Hammer to build a_base
06:46:51.275 [AdminTools] Player "SUS-Bravo-Goin'Dark" (id=kOLgOs9yYBFVRQG3lqoHveYdP5X8y3SO69cq5MiR4us= pos=<7489.922363, 124.052399, 6340.345215>) used the Admin Hammer to build b_right_frames
06:46:55.947 [AdminTools] Player "SUS-Bravo-Goin'Dark" (id=kOLgOs9yYBFVRQG3lqoHveYdP5X8y3SO69cq5MiR4us= pos=<7490.251953, 123.508995, 6340.070313>) used the Admin Hammer to build c_right_planks
06:46:59.114 [AdminTools] Player "SUS-Bravo-Goin'Dark" (id=kOLgOs9yYBFVRQG3lqoHveYdP5X8y3SO69cq5MiR4us= pos=<7490.251953, 123.508995, 6340.070313>) used the Admin Hammer to build b_left_frames
06:47:03.517 [AdminTools] Player "SUS-Bravo-Goin'Dark" (id=kOLgOs9yYBFVRQG3lqoHveYdP5X8y3SO69cq5MiR4us= pos=<7490.251953, 123.508995, 6340.070313>) used the Admin Hammer to build f_left_inner_planks
06:47:07.306 [AdminTools] Player "SUS-Bravo-Goin'Dark" (id=kOLgOs9yYBFVRQG3lqoHveYdP5X8y3SO69cq5MiR4us= pos=<7490.251953, 123.508995, 6340.070313>) used the Admin Hammer to build g_left_inner_plate
06:47:10.546 [AdminTools] Player "SUS-Bravo-Goin'Dark" (id=kOLgOs9yYBFVRQG3lqoHveYdP5X8y3SO69cq5MiR4us= pos=<7490.251953, 123.508995, 6340.070313>) used the Admin Hammer to build f_right_inner_planks
06:47:13.713 [AdminTools] Player "SUS-Bravo-Goin'Dark" (id=kOLgOs9yYBFVRQG3lqoHveYdP5X8y3SO69cq5MiR4us= pos=<7490.251953, 123.508995, 6340.070313>) used the Admin Hammer to build g_right_inner_plate
06:47:17.545 [AdminTools] Player "SUS-Bravo-Goin'Dark" (id=kOLgOs9yYBFVRQG3lqoHveYdP5X8y3SO69cq5MiR4us= pos=<7490.251953, 123.508995, 6340.070313>) used the Admin Hammer to build d_right_final_planks
06:47:20.718 [AdminTools] Player "SUS-Bravo-Goin'Dark" (id=kOLgOs9yYBFVRQG3lqoHveYdP5X8y3SO69cq5MiR4us= pos=<7490.251953, 123.508995, 6340.070313>) used the Admin Hammer to build e_right_outer_plate
06:47:24.406 [AdminTools] Player "SUS-Bravo-Goin'Dark" (id=kOLgOs9yYBFVRQG3lqoHveYdP5X8y3SO69cq5MiR4us= pos=<7490.251953, 123.508995, 6340.070313>) used the Admin Hammer to build c_left_planks
06:47:27.311 [AdminTools] Player "SUS-Bravo-Goin'Dark" (id=kOLgOs9yYBFVRQG3lqoHveYdP5X8y3SO69cq5MiR4us= pos=<7490.251953, 123.508995, 6340.070313>) used the Admin Hammer to build d_left_final_planks
06:47:30.743 [AdminTools] Player "SUS-Bravo-Goin'Dark" (id=kOLgOs9yYBFVRQG3lqoHveYdP5X8y3SO69cq5MiR4us= pos=<7490.251953, 123.508995, 6340.070313>) used the Admin Hammer to build e_left_outer_plate
06:48:53.343 [AdminTools] Player "SUS-Bravo-Goin'Dark" (id=kOLgOs9yYBFVRQG3lqoHveYdP5X8y3SO69cq5MiR4us= pos=<7491.162598, 123.988747, 6339.144531>) used the Admin Hammer to build b_right_frames
06:48:55.783 [AdminTools] Player "SUS-Bravo-Goin'Dark" (id=kOLgOs9yYBFVRQG3lqoHveYdP5X8y3SO69cq5MiR4us= pos=<7491.172852, 123.969147, 6339.156250>) used the Admin Hammer to build c_right_planks
06:48:58.742 [AdminTools] Player "SUS-Bravo-Goin'Dark" (id=kOLgOs9yYBFVRQG3lqoHveYdP5X8y3SO69cq5MiR4us= pos=<7491.174805, 123.968399, 6339.155273>) used the Admin Hammer to build b_left_frames
06:49:01.500 [Party] Player "SUS-Alpha-Goin'Dark" (id=m_TD03B4NXDQrU5koHpLq3WyQf1hXTvQSdETJOTM8ss=) joinded the party "AURRRRRRORA" (id=1 ownerUID=m_TD03B4NXDQrU5koHpLq3WyQf1hXTvQSdETJOTM8ss= ownerName=F11 Simulator)
06:49:01.977 [AdminTools] Player "SUS-Bravo-Goin'Dark" (id=kOLgOs9yYBFVRQG3lqoHveYdP5X8y3SO69cq5MiR4us= pos=<7491.174805, 123.968399, 6339.155273>) used the Admin Hammer to build d_right_final_planks
06:49:07.904 [AdminTools] Player "SUS-Bravo-Goin'Dark" (id=kOLgOs9yYBFVRQG3lqoHveYdP5X8y3SO69cq5MiR4us= pos=<7491.174805, 123.968399, 6339.155273>) used the Admin Hammer to build e_right_outer_plate
06:49:11.107 [AdminTools] Player "SUS-Bravo-Goin'Dark" (id=kOLgOs9yYBFVRQG3lqoHveYdP5X8y3SO69cq5MiR4us= pos=<7491.174805, 123.968399, 6339.155273>) used the Admin Hammer to build c_left_planks
06:49:14.244 [AdminTools] Player "SUS-Bravo-Goin'Dark" (id=kOLgOs9yYBFVRQG3lqoHveYdP5X8y3SO69cq5MiR4us= pos=<7491.174805, 123.968399, 6339.155273>) used the Admin Hammer to build d_left_final_planks
06:49:14.632 [VehicleDeleted] Old_Bike_Green (id=F2A93BF80F41CB6907F7B082266D66A8 pos=<8770.63, 150.19, 2322.81>)
06:49:19.982 [AdminTools] Player "SUS-Bravo-Goin'Dark" (id=kOLgOs9yYBFVRQG3lqoHveYdP5X8y3SO69cq5MiR4us= pos=<7491.174805, 123.968399, 6339.155273>) used the Admin Hammer to build e_left_outer_plate
06:49:24.637 [AdminTools] Player "SUS-Bravo-Goin'Dark" (id=kOLgOs9yYBFVRQG3lqoHveYdP5X8y3SO69cq5MiR4us= pos=<7491.174805, 123.968399, 6339.155273>) used the Admin Hammer to build f_right_inner_planks
06:49:28.403 [AdminTools] Player "SUS-Bravo-Goin'Dark" (id=kOLgOs9yYBFVRQG3lqoHveYdP5X8y3SO69cq5MiR4us= pos=<7491.204102, 123.880241, 6339.190918>) used the Admin Hammer to build f_left_inner_planks
06:49:33.474 [AdminTools] Player "SUS-Bravo-Goin'Dark" (id=kOLgOs9yYBFVRQG3lqoHveYdP5X8y3SO69cq5MiR4us= pos=<7491.204102, 123.880241, 6339.190918>) used the Admin Hammer to build g_left_inner_plate
06:49:36.815 [AdminTools] Player "SUS-Bravo-Goin'Dark" (id=kOLgOs9yYBFVRQG3lqoHveYdP5X8y3SO69cq5MiR4us= pos=<7491.204102, 123.880241, 6339.190918>) used the Admin Hammer to build g_right_inner_plate
06:51:07.315 [Party] Player "Demon" (id=PhjcSpdDlcniqvIRjG2Nvju16VFUg8XDMgChzEnNJKI=) left the party "AURRRRRRORA" (id=1 ownerUID=m_TD03B4NXDQrU5koHpLq3WyQf1hXTvQSdETJOTM8ss= ownerName=F11 Simulator)
06:57:05.905 [AdminTools] Player "SUS-Bravo-Goin'Dark" (id=kOLgOs9yYBFVRQG3lqoHveYdP5X8y3SO69cq5MiR4us= pos=<7489.616211, 126.359840, 6339.936035>) used the Admin Hammer to build a_base
06:57:11.169 [AdminTools] Player "SUS-Bravo-Goin'Dark" (id=kOLgOs9yYBFVRQG3lqoHveYdP5X8y3SO69cq5MiR4us= pos=<7489.616211, 126.359840, 6339.936035>) used the Admin Hammer to build b_right_frames
06:57:17.070 [AdminTools] Player "SUS-Bravo-Goin'Dark" (id=kOLgOs9yYBFVRQG3lqoHveYdP5X8y3SO69cq5MiR4us= pos=<7489.616211, 126.359840, 6339.936035>) used the Admin Hammer to build b_left_frames
06:57:20.637 [AdminTools] Player "SUS-Bravo-Goin'Dark" (id=kOLgOs9yYBFVRQG3lqoHveYdP5X8y3SO69cq5MiR4us= pos=<7489.616211, 126.359840, 6339.936035>) used the Admin Hammer to build c_right_planks
06:57:24.176 [AdminTools] Player "SUS-Bravo-Goin'Dark" (id=kOLgOs9yYBFVRQG3lqoHveYdP5X8y3SO69cq5MiR4us= pos=<7489.616211, 126.359840, 6339.936035>) used the Admin Hammer to build d_right_final_planks
06:57:27.539 [AdminTools] Player "SUS-Bravo-Goin'Dark" (id=kOLgOs9yYBFVRQG3lqoHveYdP5X8y3SO69cq5MiR4us= pos=<7489.616211, 126.359840, 6339.936035>) used the Admin Hammer to build c_left_planks
06:57:31.238 [AdminTools] Player "SUS-Bravo-Goin'Dark" (id=kOLgOs9yYBFVRQG3lqoHveYdP5X8y3SO69cq5MiR4us= pos=<7489.616211, 126.359840, 6339.936035>) used the Admin Hammer to build d_left_final_planks
06:57:34.331 [AdminTools] Player "SUS-Bravo-Goin'Dark" (id=kOLgOs9yYBFVRQG3lqoHveYdP5X8y3SO69cq5MiR4us= pos=<7489.616211, 126.359840, 6339.936035>) used the Admin Hammer to build e_left_outer_plate
06:57:37.435 [AdminTools] Player "SUS-Bravo-Goin'Dark" (id=kOLgOs9yYBFVRQG3lqoHveYdP5X8y3SO69cq5MiR4us= pos=<7489.616211, 126.359840, 6339.936035>) used the Admin Hammer to build e_right_outer_plate
06:57:41.231 [AdminTools] Player "SUS-Bravo-Goin'Dark" (id=kOLgOs9yYBFVRQG3lqoHveYdP5X8y3SO69cq5MiR4us= pos=<7489.616211, 126.359840, 6339.936035>) used the Admin Hammer to build f_right_inner_planks
06:57:44.368 [AdminTools] Player "SUS-Bravo-Goin'Dark" (id=kOLgOs9yYBFVRQG3lqoHveYdP5X8y3SO69cq5MiR4us= pos=<7489.616211, 126.359840, 6339.936035>) used the Admin Hammer to build g_right_inner_plate
06:57:47.701 [AdminTools] Player "SUS-Bravo-Goin'Dark" (id=kOLgOs9yYBFVRQG3lqoHveYdP5X8y3SO69cq5MiR4us= pos=<7489.616211, 126.359840, 6339.936035>) used the Admin Hammer to build f_left_inner_planks
06:57:50.872 [AdminTools] Player "SUS-Bravo-Goin'Dark" (id=kOLgOs9yYBFVRQG3lqoHveYdP5X8y3SO69cq5MiR4us= pos=<7489.616211, 126.359840, 6339.936035>) used the Admin Hammer to build g_left_inner_plate
07:21:06.820 [AdminTools] Player "SUS-Bravo-Goin'Dark" (id=kOLgOs9yYBFVRQG3lqoHveYdP5X8y3SO69cq5MiR4us= pos=<7491.952637, 124.077682, 6339.859863>) used the Admin Hammer to build a_base
07:21:10.828 [AdminTools] Player "SUS-Bravo-Goin'Dark" (id=kOLgOs9yYBFVRQG3lqoHveYdP5X8y3SO69cq5MiR4us= pos=<7491.952637, 124.077682, 6339.859863>) used the Admin Hammer to build b_right_frames
07:21:14.552 [AdminTools] Player "SUS-Bravo-Goin'Dark" (id=kOLgOs9yYBFVRQG3lqoHveYdP5X8y3SO69cq5MiR4us= pos=<7491.952637, 124.077682, 6339.859863>) used the Admin Hammer to build c_right_planks
07:21:18.121 [AdminTools] Player "SUS-Bravo-Goin'Dark" (id=kOLgOs9yYBFVRQG3lqoHveYdP5X8y3SO69cq5MiR4us= pos=<7491.952637, 124.077682, 6339.859863>) used the Admin Hammer to build b_left_frames
07:21:27.689 [AdminTools] Player "SUS-Bravo-Goin'Dark" (id=kOLgOs9yYBFVRQG3lqoHveYdP5X8y3SO69cq5MiR4us= pos=<7491.893066, 124.077164, 6339.908691>) used the Admin Hammer to build f_left_inner_planks
07:21:31.887 [AdminTools] Player "SUS-Bravo-Goin'Dark" (id=kOLgOs9yYBFVRQG3lqoHveYdP5X8y3SO69cq5MiR4us= pos=<7491.893066, 124.077164, 6339.908691>) used the Admin Hammer to build g_left_inner_plate
07:21:36.480 [AdminTools] Player "SUS-Bravo-Goin'Dark" (id=kOLgOs9yYBFVRQG3lqoHveYdP5X8y3SO69cq5MiR4us= pos=<7491.893066, 124.077164, 6339.908691>) used the Admin Hammer to build f_right_inner_planks
07:21:40.853 [AdminTools] Player "SUS-Bravo-Goin'Dark" (id=kOLgOs9yYBFVRQG3lqoHveYdP5X8y3SO69cq5MiR4us= pos=<7491.893066, 124.077164, 6339.908691>) used the Admin Hammer to build g_right_inner_plate
07:21:45.157 [AdminTools] Player "SUS-Bravo-Goin'Dark" (id=kOLgOs9yYBFVRQG3lqoHveYdP5X8y3SO69cq5MiR4us= pos=<7491.893066, 124.077164, 6339.908691>) used the Admin Hammer to build c_left_planks
07:21:49.257 [AdminTools] Player "SUS-Bravo-Goin'Dark" (id=kOLgOs9yYBFVRQG3lqoHveYdP5X8y3SO69cq5MiR4us= pos=<7491.893066, 124.077164, 6339.908691>) used the Admin Hammer to build d_right_final_planks
07:21:53.653 [AdminTools] Player "SUS-Bravo-Goin'Dark" (id=kOLgOs9yYBFVRQG3lqoHveYdP5X8y3SO69cq5MiR4us= pos=<7491.893066, 124.077164, 6339.908691>) used the Admin Hammer to build e_right_outer_plate
07:21:57.926 [AdminTools] Player "SUS-Bravo-Goin'Dark" (id=kOLgOs9yYBFVRQG3lqoHveYdP5X8y3SO69cq5MiR4us= pos=<7491.893066, 124.077164, 6339.908691>) used the Admin Hammer to build d_left_final_planks
07:22:02.085 [AdminTools] Player "SUS-Bravo-Goin'Dark" (id=kOLgOs9yYBFVRQG3lqoHveYdP5X8y3SO69cq5MiR4us= pos=<7491.893066, 124.077164, 6339.908691>) used the Admin Hammer to build e_left_outer_plate
07:29:41.016 [AdminTools] Player "SUS-Bravo-Goin'Dark" (id=kOLgOs9yYBFVRQG3lqoHveYdP5X8y3SO69cq5MiR4us= pos=<7491.984863, 124.082626, 6339.845703>) used the Admin Hammer to build a_base
07:29:45.110 [AdminTools] Player "SUS-Bravo-Goin'Dark" (id=kOLgOs9yYBFVRQG3lqoHveYdP5X8y3SO69cq5MiR4us= pos=<7491.984863, 124.082626, 6339.845703>) used the Admin Hammer to build b_right_frames
07:29:49.147 [AdminTools] Player "SUS-Bravo-Goin'Dark" (id=kOLgOs9yYBFVRQG3lqoHveYdP5X8y3SO69cq5MiR4us= pos=<7491.984863, 124.082626, 6339.845703>) used the Admin Hammer to build c_right_planks
07:29:53.476 [AdminTools] Player "SUS-Bravo-Goin'Dark" (id=kOLgOs9yYBFVRQG3lqoHveYdP5X8y3SO69cq5MiR4us= pos=<7491.984863, 124.082626, 6339.845703>) used the Admin Hammer to build b_left_frames
07:29:59.515 [AdminTools] Player "SUS-Bravo-Goin'Dark" (id=kOLgOs9yYBFVRQG3lqoHveYdP5X8y3SO69cq5MiR4us= pos=<7491.984863, 124.082626, 6339.845703>) used the Admin Hammer to build f_left_inner_planks
07:30:03.412 [AdminTools] Player "SUS-Bravo-Goin'Dark" (id=kOLgOs9yYBFVRQG3lqoHveYdP5X8y3SO69cq5MiR4us= pos=<7491.984863, 124.082626, 6339.845703>) used the Admin Hammer to build g_left_inner_plate
07:30:07.881 [AdminTools] Player "SUS-Bravo-Goin'Dark" (id=kOLgOs9yYBFVRQG3lqoHveYdP5X8y3SO69cq5MiR4us= pos=<7491.984863, 124.082626, 6339.845703>) used the Admin Hammer to build f_right_inner_planks
07:30:11.944 [AdminTools] Player "SUS-Bravo-Goin'Dark" (id=kOLgOs9yYBFVRQG3lqoHveYdP5X8y3SO69cq5MiR4us= pos=<7491.984863, 124.082626, 6339.845703>) used the Admin Hammer to build g_right_inner_plate
07:30:16.115 [AdminTools] Player "SUS-Bravo-Goin'Dark" (id=kOLgOs9yYBFVRQG3lqoHveYdP5X8y3SO69cq5MiR4us= pos=<7491.984863, 124.082626, 6339.845703>) used the Admin Hammer to build c_left_planks
07:30:20.179 [AdminTools] Player "SUS-Bravo-Goin'Dark" (id=kOLgOs9yYBFVRQG3lqoHveYdP5X8y3SO69cq5MiR4us= pos=<7491.984863, 124.082626, 6339.845703>) used the Admin Hammer to build d_right_final_planks
07:30:24.715 [AdminTools] Player "SUS-Bravo-Goin'Dark" (id=kOLgOs9yYBFVRQG3lqoHveYdP5X8y3SO69cq5MiR4us= pos=<7491.984863, 124.082626, 6339.845703>) used the Admin Hammer to build e_right_outer_plate
07:30:28.813 [AdminTools] Player "SUS-Bravo-Goin'Dark" (id=kOLgOs9yYBFVRQG3lqoHveYdP5X8y3SO69cq5MiR4us= pos=<7491.984863, 124.082626, 6339.845703>) used the Admin Hammer to build d_left_final_planks
07:30:33.183 [AdminTools] Player "SUS-Bravo-Goin'Dark" (id=kOLgOs9yYBFVRQG3lqoHveYdP5X8y3SO69cq5MiR4us= pos=<7491.984863, 124.082626, 6339.845703>) used the Admin Hammer to build e_left_outer_plate
07:34:00.695 [MissionAirdrop] An airdrop is heading towards "Seneca" (pos=<7648.691895, 0.000000, 1011.718018> type=Random_Seneca) with a ExpansionAirdropContainer_Military
07:36:29.056 [AdminTools] Player "SUS-Alpha-Goin'Dark" (id=m_TD03B4NXDQrU5koHpLq3WyQf1hXTvQSdETJOTM8ss= pos=<7496.803711, 124.077034, 6342.400879>) used the Admin Hammer to build a_base
07:36:33.424 [AdminTools] Player "SUS-Alpha-Goin'Dark" (id=m_TD03B4NXDQrU5koHpLq3WyQf1hXTvQSdETJOTM8ss= pos=<7496.803711, 124.077034, 6342.400879>) used the Admin Hammer to build b_upper_frame
07:36:36.794 [AdminTools] Player "SUS-Alpha-Goin'Dark" (id=m_TD03B4NXDQrU5koHpLq3WyQf1hXTvQSdETJOTM8ss= pos=<7496.803711, 124.077034, 6342.400879>) used the Admin Hammer to build c_outer_upper_planks
07:36:40.085 [AdminTools] Player "SUS-Alpha-Goin'Dark" (id=m_TD03B4NXDQrU5koHpLq3WyQf1hXTvQSdETJOTM8ss= pos=<7496.803711, 124.077034, 6342.400879>) used the Admin Hammer to build f_inner_upper_planks
07:36:43.389 [AdminTools] Player "SUS-Alpha-Goin'Dark" (id=m_TD03B4NXDQrU5koHpLq3WyQf1hXTvQSdETJOTM8ss= pos=<7496.803711, 124.077034, 6342.400879>) used the Admin Hammer to build g_inner_upper_plate
07:36:46.596 [AdminTools] Player "SUS-Alpha-Goin'Dark" (id=m_TD03B4NXDQrU5koHpLq3WyQf1hXTvQSdETJOTM8ss= pos=<7496.803711, 124.077034, 6342.400879>) used the Admin Hammer to build b_lower_frame
07:36:49.818 [AdminTools] Player "SUS-Alpha-Goin'Dark" (id=m_TD03B4NXDQrU5koHpLq3WyQf1hXTvQSdETJOTM8ss= pos=<7496.803711, 124.077034, 6342.400879>) used the Admin Hammer to build c_outer_lower_planks
07:36:53.192 [AdminTools] Player "SUS-Alpha-Goin'Dark" (id=m_TD03B4NXDQrU5koHpLq3WyQf1hXTvQSdETJOTM8ss= pos=<7496.803711, 124.077034, 6342.400879>) used the Admin Hammer to build f_inner_lower_planks
07:36:56.549 [AdminTools] Player "SUS-Alpha-Goin'Dark" (id=m_TD03B4NXDQrU5koHpLq3WyQf1hXTvQSdETJOTM8ss= pos=<7496.803711, 124.077034, 6342.400879>) used the Admin Hammer to build g_inner_lower_plate
07:36:59.861 [AdminTools] Player "SUS-Alpha-Goin'Dark" (id=m_TD03B4NXDQrU5koHpLq3WyQf1hXTvQSdETJOTM8ss= pos=<7496.803711, 124.077034, 6342.400879>) used the Admin Hammer to build d_lower_outer_finalplanks
07:37:03.428 [AdminTools] Player "SUS-Alpha-Goin'Dark" (id=m_TD03B4NXDQrU5koHpLq3WyQf1hXTvQSdETJOTM8ss= pos=<7496.803711, 124.077034, 6342.400879>) used the Admin Hammer to build h_barricade_holders
07:37:06.712 [AdminTools] Player "SUS-Alpha-Goin'Dark" (id=m_TD03B4NXDQrU5koHpLq3WyQf1hXTvQSdETJOTM8ss= pos=<7496.803711, 124.077034, 6342.400879>) used the Admin Hammer to build e_outer_lower_plate
07:37:10.017 [AdminTools] Player "SUS-Alpha-Goin'Dark" (id=m_TD03B4NXDQrU5koHpLq3WyQf1hXTvQSdETJOTM8ss= pos=<7496.803711, 124.077034, 6342.400879>) used the Admin Hammer to build i_hindges
07:37:13.445 [AdminTools] Player "SUS-Alpha-Goin'Dark" (id=m_TD03B4NXDQrU5koHpLq3WyQf1hXTvQSdETJOTM8ss= pos=<7496.803711, 124.077034, 6342.400879>) used the Admin Hammer to build h_middle_holder
07:37:16.987 [AdminTools] Player "SUS-Alpha-Goin'Dark" (id=m_TD03B4NXDQrU5koHpLq3WyQf1hXTvQSdETJOTM8ss= pos=<7496.803711, 124.077034, 6342.400879>) used the Admin Hammer to build d_upper_outer_finalplanks
07:37:20.550 [AdminTools] Player "SUS-Bravo-Goin'Dark" (id=kOLgOs9yYBFVRQG3lqoHveYdP5X8y3SO69cq5MiR4us= pos=<7492.477051, 123.745148, 6338.942383>) used the Admin Hammer to build a_base
07:37:22.880 [AdminTools] Player "SUS-Alpha-Goin'Dark" (id=m_TD03B4NXDQrU5koHpLq3WyQf1hXTvQSdETJOTM8ss= pos=<7496.703125, 124.077042, 6342.575684>) used the Admin Hammer to build e_outer_upper_plate
07:37:50.845 [BaseRaiding] BF_DoorBarricade (<7496.402832, 124.077034, 6341.880371>) Code set by "player "SUS-Alpha-Goin'Dark" (ID = "m_TD03B4NXDQrU5koHpLq3WyQf1hXTvQSdETJOTM8ss=" at <7496.703125, 124.077042, 6342.575684>)" and the code is 1110
07:43:46.506 [AdminTools] Player "SUS-Bravo-Goin'Dark" (id=kOLgOs9yYBFVRQG3lqoHveYdP5X8y3SO69cq5MiR4us= pos=<7492.628418, 123.961823, 6339.111328>) used the Admin Hammer to build b_right_frames
07:43:51.201 [AdminTools] Player "SUS-Bravo-Goin'Dark" (id=kOLgOs9yYBFVRQG3lqoHveYdP5X8y3SO69cq5MiR4us= pos=<7492.628418, 123.961823, 6339.111328>) used the Admin Hammer to build h_hindges
07:43:55.542 [AdminTools] Player "SUS-Bravo-Goin'Dark" (id=kOLgOs9yYBFVRQG3lqoHveYdP5X8y3SO69cq5MiR4us= pos=<7492.628418, 123.961823, 6339.111328>) used the Admin Hammer to build c_right_planks
07:43:58.402 [AdminTools] Player "SUS-Bravo-Goin'Dark" (id=kOLgOs9yYBFVRQG3lqoHveYdP5X8y3SO69cq5MiR4us= pos=<7492.628418, 123.961823, 6339.111328>) used the Admin Hammer to build b_left_frames
07:44:02.570 [AdminTools] Player "SUS-Bravo-Goin'Dark" (id=kOLgOs9yYBFVRQG3lqoHveYdP5X8y3SO69cq5MiR4us= pos=<7492.628418, 123.961823, 6339.111328>) used the Admin Hammer to build f_left_inner_planks
07:44:05.871 [AdminTools] Player "SUS-Bravo-Goin'Dark" (id=kOLgOs9yYBFVRQG3lqoHveYdP5X8y3SO69cq5MiR4us= pos=<7492.620605, 123.941467, 6339.101563>) used the Admin Hammer to build g_left_inner_plate
07:44:09.038 [AdminTools] Player "SUS-Bravo-Goin'Dark" (id=kOLgOs9yYBFVRQG3lqoHveYdP5X8y3SO69cq5MiR4us= pos=<7492.620605, 123.941467, 6339.101563>) used the Admin Hammer to build d_right_final_planks
07:44:12.538 [AdminTools] Player "SUS-Bravo-Goin'Dark" (id=kOLgOs9yYBFVRQG3lqoHveYdP5X8y3SO69cq5MiR4us= pos=<7492.620605, 123.941467, 6339.101563>) used the Admin Hammer to build e_right_outer_plate
07:44:15.674 [AdminTools] Player "SUS-Bravo-Goin'Dark" (id=kOLgOs9yYBFVRQG3lqoHveYdP5X8y3SO69cq5MiR4us= pos=<7492.620605, 123.941467, 6339.101563>) used the Admin Hammer to build c_left_planks
07:44:19.505 [AdminTools] Player "SUS-Bravo-Goin'Dark" (id=kOLgOs9yYBFVRQG3lqoHveYdP5X8y3SO69cq5MiR4us= pos=<7492.620605, 123.941467, 6339.101563>) used the Admin Hammer to build d_left_final_planks
07:44:23.039 [AdminTools] Player "SUS-Bravo-Goin'Dark" (id=kOLgOs9yYBFVRQG3lqoHveYdP5X8y3SO69cq5MiR4us= pos=<7492.620605, 123.941467, 6339.101563>) used the Admin Hammer to build e_left_outer_plate
07:44:26.304 [AdminTools] Player "SUS-Bravo-Goin'Dark" (id=kOLgOs9yYBFVRQG3lqoHveYdP5X8y3SO69cq5MiR4us= pos=<7492.620605, 123.941467, 6339.101563>) used the Admin Hammer to build f_right_inner_planks
07:44:29.300 [AdminTools] Player "SUS-Bravo-Goin'Dark" (id=kOLgOs9yYBFVRQG3lqoHveYdP5X8y3SO69cq5MiR4us= pos=<7492.620605, 123.941467, 6339.101563>) used the Admin Hammer to build g_right_inner_plate
07:57:16.895 [AdminTools] Player "SUS-Bravo-Goin'Dark" (id=kOLgOs9yYBFVRQG3lqoHveYdP5X8y3SO69cq5MiR4us= pos=<7495.702148, 120.817383, 6341.612793>) used the Admin Hammer to build wood_base
07:57:20.999 [AdminTools] Player "SUS-Bravo-Goin'Dark" (id=kOLgOs9yYBFVRQG3lqoHveYdP5X8y3SO69cq5MiR4us= pos=<7494.053223, 120.802261, 6340.194824>) used the Admin Hammer to build wood_base
07:57:28.565 [AdminTools] Player "SUS-Bravo-Goin'Dark" (id=kOLgOs9yYBFVRQG3lqoHveYdP5X8y3SO69cq5MiR4us= pos=<7495.435059, 120.815140, 6341.175293>) used the Admin Hammer to build wood_wallframe
07:57:32.661 [AdminTools] Player "SUS-Bravo-Goin'Dark" (id=kOLgOs9yYBFVRQG3lqoHveYdP5X8y3SO69cq5MiR4us= pos=<7495.435059, 120.815140, 6341.175293>) used the Admin Hammer to build wood_wallfinished
07:57:37.931 [AdminTools] Player "SUS-Bravo-Goin'Dark" (id=kOLgOs9yYBFVRQG3lqoHveYdP5X8y3SO69cq5MiR4us= pos=<7493.503418, 120.803673, 6339.259277>) used the Admin Hammer to build wood_wallframe
07:57:40.932 [AdminTools] Player "SUS-Bravo-Goin'Dark" (id=kOLgOs9yYBFVRQG3lqoHveYdP5X8y3SO69cq5MiR4us= pos=<7493.509766, 120.803658, 6339.268066>) used the Admin Hammer to build wood_wallfinished
07:57:46.904 [AdminTools] Player "SUS-Alpha-Goin'Dark" (id=m_TD03B4NXDQrU5koHpLq3WyQf1hXTvQSdETJOTM8ss= pos=<7493.565918, 121.592026, 6345.313477>) used the Admin Hammer to build a_base
07:57:58.082 [AdminTools] Player "SUS-Alpha-Goin'Dark" (id=m_TD03B4NXDQrU5koHpLq3WyQf1hXTvQSdETJOTM8ss= pos=<7493.565918, 121.592026, 6345.313477>) used the Admin Hammer to build b_right_frames
07:58:07.312 [AdminTools] Player "SUS-Alpha-Goin'Dark" (id=m_TD03B4NXDQrU5koHpLq3WyQf1hXTvQSdETJOTM8ss= pos=<7493.311523, 121.592026, 6345.280273>) used the Admin Hammer to build c_right_planks
07:58:11.517 [AdminTools] Player "SUS-Alpha-Goin'Dark" (id=m_TD03B4NXDQrU5koHpLq3WyQf1hXTvQSdETJOTM8ss= pos=<7493.311523, 121.592026, 6345.280273>) used the Admin Hammer to build b_left_frames
07:58:15.254 [AdminTools] Player "SUS-Alpha-Goin'Dark" (id=m_TD03B4NXDQrU5koHpLq3WyQf1hXTvQSdETJOTM8ss= pos=<7493.311523, 121.592026, 6345.280273>) used the Admin Hammer to build h_hindges
07:58:20.186 [AdminTools] Player "SUS-Alpha-Goin'Dark" (id=m_TD03B4NXDQrU5koHpLq3WyQf1hXTvQSdETJOTM8ss= pos=<7493.321289, 121.592026, 6345.278320>) used the Admin Hammer to build f_left_inner_planks
07:58:24.174 [AdminTools] Player "SUS-Alpha-Goin'Dark" (id=m_TD03B4NXDQrU5koHpLq3WyQf1hXTvQSdETJOTM8ss= pos=<7493.321289, 121.592026, 6345.278320>) used the Admin Hammer to build g_left_inner_plate
07:58:29.217 [AdminTools] Player "SUS-Alpha-Goin'Dark" (id=m_TD03B4NXDQrU5koHpLq3WyQf1hXTvQSdETJOTM8ss= pos=<7493.321289, 121.592026, 6345.278320>) used the Admin Hammer to build f_right_inner_planks
07:58:32.885 [AdminTools] Player "SUS-Alpha-Goin'Dark" (id=m_TD03B4NXDQrU5koHpLq3WyQf1hXTvQSdETJOTM8ss= pos=<7493.321289, 121.592026, 6345.278320>) used the Admin Hammer to build g_right_inner_plate
07:58:36.307 [AdminTools] Player "SUS-Alpha-Goin'Dark" (id=m_TD03B4NXDQrU5koHpLq3WyQf1hXTvQSdETJOTM8ss= pos=<7493.321289, 121.592026, 6345.278320>) used the Admin Hammer to build c_left_planks
07:58:39.884 [AdminTools] Player "SUS-Alpha-Goin'Dark" (id=m_TD03B4NXDQrU5koHpLq3WyQf1hXTvQSdETJOTM8ss= pos=<7493.321289, 121.592026, 6345.278320>) used the Admin Hammer to build d_right_final_planks
07:58:43.403 [AdminTools] Player "SUS-Alpha-Goin'Dark" (id=m_TD03B4NXDQrU5koHpLq3WyQf1hXTvQSdETJOTM8ss= pos=<7493.321289, 121.592026, 6345.278320>) used the Admin Hammer to build e_right_outer_plate
07:58:46.975 [AdminTools] Player "SUS-Alpha-Goin'Dark" (id=m_TD03B4NXDQrU5koHpLq3WyQf1hXTvQSdETJOTM8ss= pos=<7493.321289, 121.592026, 6345.278320>) used the Admin Hammer to build d_left_final_planks
07:58:50.409 [AdminTools] Player "SUS-Alpha-Goin'Dark" (id=m_TD03B4NXDQrU5koHpLq3WyQf1hXTvQSdETJOTM8ss= pos=<7493.321289, 121.592026, 6345.278320>) used the Admin Hammer to build e_left_outer_plate
07:59:15.843 [BaseRaiding] BF_DoubleDoorBarricade (<7493.187988, 121.551865, 6344.728516>) Code set by "player "SUS-Alpha-Goin'Dark" (ID = "m_TD03B4NXDQrU5koHpLq3WyQf1hXTvQSdETJOTM8ss=" at <7493.321289, 121.592026, 6345.278320>)" and the code is 1011
08:03:21.260 [AdminTools] Player "SUS-Bravo-Goin'Dark" (id=kOLgOs9yYBFVRQG3lqoHveYdP5X8y3SO69cq5MiR4us= pos=<7488.383301, 120.758675, 6343.310059>) used the Admin Hammer to build wood_base
08:03:26.491 [AdminTools] Player "SUS-Bravo-Goin'Dark" (id=kOLgOs9yYBFVRQG3lqoHveYdP5X8y3SO69cq5MiR4us= pos=<7488.383301, 120.758675, 6343.310059>) used the Admin Hammer to build wood_wallframe
08:03:29.426 [AdminTools] Player "SUS-Bravo-Goin'Dark" (id=kOLgOs9yYBFVRQG3lqoHveYdP5X8y3SO69cq5MiR4us= pos=<7488.383301, 120.758675, 6343.310059>) used the Admin Hammer to build wood_wallfinished
08:03:46.194 [AdminTools] Player "SUS-Bravo-Goin'Dark" (id=kOLgOs9yYBFVRQG3lqoHveYdP5X8y3SO69cq5MiR4us= pos=<7492.771484, 120.805786, 6338.213379>) used the Admin Hammer to build wood_base
08:03:50.492 [AdminTools] Player "SUS-Bravo-Goin'Dark" (id=kOLgOs9yYBFVRQG3lqoHveYdP5X8y3SO69cq5MiR4us= pos=<7492.770508, 120.806221, 6338.097656>) used the Admin Hammer to build wood_wallframe
08:03:54.197 [AdminTools] Player "SUS-Bravo-Goin'Dark" (id=kOLgOs9yYBFVRQG3lqoHveYdP5X8y3SO69cq5MiR4us= pos=<7492.752930, 120.807762, 6338.090332>) used the Admin Hammer to build wood_wallfinished
08:04:31.606 [Party] Player "Vichoorosky" (id=tlRNjo629rSh-ytt0v54ULlTd6oiQUCIkMijHvbRzdE=) left the party "pene" (id=55 ownerUID=tlRNjo629rSh-ytt0v54ULlTd6oiQUCIkMijHvbRzdE= ownerName=Vichoorosky)
08:04:31.606 [COT] Expansion Groups Manager - SUS-Alpha-Goin'Dark [m_TD03B4NXDQrU5koHpLq3WyQf1hXTvQSdETJOTM8ss=] has deleted the group [55] pene
08:05:40.422 [AdminTools] Player "SUS-Bravo-Goin'Dark" (id=kOLgOs9yYBFVRQG3lqoHveYdP5X8y3SO69cq5MiR4us= pos=<7494.865723, 120.810448, 6340.151855>) used the Admin Hammer to build wood_base
08:05:43.691 [AdminTools] Player "SUS-Bravo-Goin'Dark" (id=kOLgOs9yYBFVRQG3lqoHveYdP5X8y3SO69cq5MiR4us= pos=<7494.865723, 120.810448, 6340.151855>) used the Admin Hammer to build wood_wallframe
08:05:47.293 [AdminTools] Player "SUS-Bravo-Goin'Dark" (id=kOLgOs9yYBFVRQG3lqoHveYdP5X8y3SO69cq5MiR4us= pos=<7494.782715, 120.809586, 6340.181641>) used the Admin Hammer to build wood_wallfinished
08:06:20.191 [AdminTools] Player "SUS-Bravo-Goin'Dark" (id=kOLgOs9yYBFVRQG3lqoHveYdP5X8y3SO69cq5MiR4us= pos=<7493.728516, 120.799988, 6339.916992>) used the Admin Hammer to build wood_base
08:06:23.694 [AdminTools] Player "SUS-Bravo-Goin'Dark" (id=kOLgOs9yYBFVRQG3lqoHveYdP5X8y3SO69cq5MiR4us= pos=<7493.636719, 120.914665, 6339.863770>) used the Admin Hammer to build wood_wallframe
08:06:26.459 [AdminTools] Player "SUS-Bravo-Goin'Dark" (id=kOLgOs9yYBFVRQG3lqoHveYdP5X8y3SO69cq5MiR4us= pos=<7493.636719, 120.914665, 6339.863770>) used the Admin Hammer to build wood_wallfinished
08:07:49.088 [AdminTools] Player "SUS-Bravo-Goin'Dark" (id=kOLgOs9yYBFVRQG3lqoHveYdP5X8y3SO69cq5MiR4us= pos=<7488.999512, 120.758080, 6343.884277>) used the Admin Hammer to build wood_base
08:07:52.288 [AdminTools] Player "SUS-Bravo-Goin'Dark" (id=kOLgOs9yYBFVRQG3lqoHveYdP5X8y3SO69cq5MiR4us= pos=<7488.999512, 120.758080, 6343.884277>) used the Admin Hammer to build wood_doorframe
08:07:55.387 [AdminTools] Player "SUS-Bravo-Goin'Dark" (id=kOLgOs9yYBFVRQG3lqoHveYdP5X8y3SO69cq5MiR4us= pos=<7488.999512, 120.758080, 6343.884277>) used the Admin Hammer to build wood_doorfinished
08:12:22.375 [BaseRaiding] ExpansionWall6x3 (<7488.508789, 120.745140, 6344.877930>) Code set by "player "SUS-Bravo-Goin'Dark" (ID = "kOLgOs9yYBFVRQG3lqoHveYdP5X8y3SO69cq5MiR4us=" at <7487.804199, 120.756767, 6345.190918>)" and the code is 1011
08:13:22.624 [VehicleEnter] Player "SUS-Bravo-Goin'Dark" (id=kOLgOs9yYBFVRQG3lqoHveYdP5X8y3SO69cq5MiR4us=) entered vehicle Bicycle (id=01E22EC9B042016E2B62FDA4E9340456 pos=<7480.97, 120.72, 6336.39>) as driver
08:13:48.156 [VehicleLeave] Player "SUS-Bravo-Goin'Dark" (id=kOLgOs9yYBFVRQG3lqoHveYdP5X8y3SO69cq5MiR4us=) left vehicle Bicycle (id=01E22EC9B042016E2B62FDA4E9340456 pos=<7483.21, 120.72, 6350.88>)
08:44:17.714 [Party] Player "SUS-Bravo-Goin'Dark" (id=kOLgOs9yYBFVRQG3lqoHveYdP5X8y3SO69cq5MiR4us=) left the party "AURRRRRRORA" (id=1 ownerUID=m_TD03B4NXDQrU5koHpLq3WyQf1hXTvQSdETJOTM8ss= ownerName=F11 Simulator)
08:46:25.768 [Party] Player "SUS-Alpha-Goin'Dark" (id=m_TD03B4NXDQrU5koHpLq3WyQf1hXTvQSdETJOTM8ss=) left the party "AURRRRRRORA" (id=1 ownerUID=m_TD03B4NXDQrU5koHpLq3WyQf1hXTvQSdETJOTM8ss= ownerName=F11 Simulator)
09:01:09.764 [MissionAirdrop] An airdrop is heading towards "Tuscarora" (pos=<2451.096191, 0.000000, 8775.758789> type=Random_Tuscarora) with a ExpansionAirdropContainer_Military
09:33:39.133 [Party] Player "OverKill" (id=P_LVluee20-ZP_xemam3V_6hnFSPQ6Uqa7dsMv8yuYY=) joinded the party "KI11" (id=49 ownerUID=P_LVluee20-ZP_xemam3V_6hnFSPQ6Uqa7dsMv8yuYY= ownerName=Ov3rKi11)
09:40:11.613 [BaseRaiding] ExpansionWall6x3 (<3096.131104, 135.063416, 1983.803833>) Code set by "player "Kyma" (ID = "fVpKi1QM3XWUFD-MRt7Z2tIj9G_sYf21_LAnW2Kmnqg=" at <3096.379639, 135.434677, 1982.569214>)" and the code is 1756
10:00:01.597 [Party] Player "OverKill" (id=P_LVluee20-ZP_xemam3V_6hnFSPQ6Uqa7dsMv8yuYY=) left the party "KI11" (id=49 ownerUID=P_LVluee20-ZP_xemam3V_6hnFSPQ6Uqa7dsMv8yuYY= ownerName=Ov3rKi11)
