22:01:44.382 [Party] Player "Eric" (id=DT1QFut1v8UN48skN3UnroicVIl_5hTizZZZSwLRxk8=) joinded the party "Hawk Fearless" (id=5 ownerUID=wBwiybhmqSv3IfINgIr99PhPwxKwXc4RCt6SZurIBXQ= ownerName=MrWowaWowa)
22:06:05.328 [Safezone] Player "Eric" (id=DT1QFut1v8UN48skN3UnroicVIl_5hTizZZZSwLRxk8= pos=<6626.83, 106.88, 6199.41>) entered the safezone
22:08:11.562 [Market] Player "Eric" (id=DT1QFut1v8UN48skN3UnroicVIl_5hTizZZZSwLRxk8=) has sold huntingknife x1 (9c9e87a0) at the trader "Weapons (Denis [#STR_EXPANSION_MARKET_TRADER_WEAPONS])" in market zone "Trader Zone" (pos=<6675.160645, 104.603935, 6114.155762>) and got 6.
22:08:13.929 [Market] Player "Eric" (id=DT1QFut1v8UN48skN3UnroicVIl_5hTizZZZSwLRxk8=) has sold ammobox_762x39_20rnd x1 (9b61d1a0) at the trader "Weapons (Denis [#STR_EXPANSION_MARKET_TRADER_WEAPONS])" in market zone "Trader Zone" (pos=<6675.160645, 104.603935, 6114.155762>) and got 24.
22:08:34.367 [ATM] Player "Eric" (id=DT1QFut1v8UN48skN3UnroicVIl_5hTizZZZSwLRxk8=) has withdrawn 1000 from his ATM account.
22:08:52.390 [Market] Player "Eric" (id=DT1QFut1v8UN48skN3UnroicVIl_5hTizZZZSwLRxk8=) has sold crowbar x1 (9b7765d0) at the trader "BuildingSupplies (Boris [#STR_EXPANSION_MARKET_TRADER_BUILDING_SUPPLIES])" in market zone "Trader Zone" (pos=<6675.160645, 104.603935, 6114.155762>) and got 3.
22:08:54.304 [Market] Player "Eric" (id=DT1QFut1v8UN48skN3UnroicVIl_5hTizZZZSwLRxk8=) has sold ducttape x1 (9b1e2b20) at the trader "BuildingSupplies (Boris [#STR_EXPANSION_MARKET_TRADER_BUILDING_SUPPLIES])" in market zone "Trader Zone" (pos=<6675.160645, 104.603935, 6114.155762>) and got 7.
22:09:58.859 [Market] Player "Eric" (id=DT1QFut1v8UN48skN3UnroicVIl_5hTizZZZSwLRxk8=) has bought tacticalbaconcan x1 (95597d40) from the trader "Consumables (Linda [#STR_EXPANSION_MARKET_TRADER_CONSUMABLES])" in market zone "Trader Zone" (pos=<6675.160645, 104.603935, 6114.155762>) for a price of 20.
22:09:59.312 [Market] Player "Eric" (id=DT1QFut1v8UN48skN3UnroicVIl_5hTizZZZSwLRxk8=) has bought tacticalbaconcan x1 (955b5fc0) from the trader "Consumables (Linda [#STR_EXPANSION_MARKET_TRADER_CONSUMABLES])" in market zone "Trader Zone" (pos=<6675.160645, 104.603935, 6114.155762>) for a price of 20.
22:10:00.742 [Market] Player "Eric" (id=DT1QFut1v8UN48skN3UnroicVIl_5hTizZZZSwLRxk8=) has bought porkcan x1 (91b6c170) from the trader "Consumables (Linda [#STR_EXPANSION_MARKET_TRADER_CONSUMABLES])" in market zone "Trader Zone" (pos=<6675.160645, 104.603935, 6114.155762>) for a price of 15.
22:10:01.054 [Market] Player "Eric" (id=DT1QFut1v8UN48skN3UnroicVIl_5hTizZZZSwLRxk8=) has bought porkcan x1 (9d777650) from the trader "Consumables (Linda [#STR_EXPANSION_MARKET_TRADER_CONSUMABLES])" in market zone "Trader Zone" (pos=<6675.160645, 104.603935, 6114.155762>) for a price of 15.
22:10:01.312 [Market] Player "Eric" (id=DT1QFut1v8UN48skN3UnroicVIl_5hTizZZZSwLRxk8=) has bought porkcan x1 (926a48e0) from the trader "Consumables (Linda [#STR_EXPANSION_MARKET_TRADER_CONSUMABLES])" in market zone "Trader Zone" (pos=<6675.160645, 104.603935, 6114.155762>) for a price of 15.
22:10:01.601 [Market] Player "Eric" (id=DT1QFut1v8UN48skN3UnroicVIl_5hTizZZZSwLRxk8=) has bought porkcan x1 (91b9a140) from the trader "Consumables (Linda [#STR_EXPANSION_MARKET_TRADER_CONSUMABLES])" in market zone "Trader Zone" (pos=<6675.160645, 104.603935, 6114.155762>) for a price of 15.
22:10:01.851 [Market] Player "Eric" (id=DT1QFut1v8UN48skN3UnroicVIl_5hTizZZZSwLRxk8=) has bought porkcan x1 (91b97d10) from the trader "Consumables (Linda [#STR_EXPANSION_MARKET_TRADER_CONSUMABLES])" in market zone "Trader Zone" (pos=<6675.160645, 104.603935, 6114.155762>) for a price of 15.
22:10:02.109 [Market] Player "Eric" (id=DT1QFut1v8UN48skN3UnroicVIl_5hTizZZZSwLRxk8=) has bought porkcan x1 (9f346d50) from the trader "Consumables (Linda [#STR_EXPANSION_MARKET_TRADER_CONSUMABLES])" in market zone "Trader Zone" (pos=<6675.160645, 104.603935, 6114.155762>) for a price of 15.
22:14:04.671 [Market] Player "Eric" (id=DT1QFut1v8UN48skN3UnroicVIl_5hTizZZZSwLRxk8=) has sold ammobox_762x54_20rnd x1 (9b3da060) at the trader "Weapons (Denis [#STR_EXPANSION_MARKET_TRADER_WEAPONS])" in market zone "Trader Zone" (pos=<6675.160645, 104.603935, 6114.155762>) and got 24.
22:14:17.156 [Market] Player "Eric" (id=DT1QFut1v8UN48skN3UnroicVIl_5hTizZZZSwLRxk8=) has sold fabric x1 (9b210390) at the trader "Components (Cyril [#STR_EXPANSION_MARKET_TRADER_COMPONENTS])" in market zone "Trader Zone" (pos=<6675.160645, 104.603935, 6114.155762>) and got 450.
22:14:18.890 [Market] Player "Eric" (id=DT1QFut1v8UN48skN3UnroicVIl_5hTizZZZSwLRxk8=) has sold fabric x1 (9b210390) at the trader "Components (Cyril [#STR_EXPANSION_MARKET_TRADER_COMPONENTS])" in market zone "Trader Zone" (pos=<6675.160645, 104.603935, 6114.155762>) and got 450.
22:14:23.046 [Market] Player "Eric" (id=DT1QFut1v8UN48skN3UnroicVIl_5hTizZZZSwLRxk8=) has sold chemlight_green x1 (b4892ee0) at the trader "Components (Cyril [#STR_EXPANSION_MARKET_TRADER_COMPONENTS])" in market zone "Trader Zone" (pos=<6675.160645, 104.603935, 6114.155762>) and got 1.
22:14:39.656 [Market] Player "Eric" (id=DT1QFut1v8UN48skN3UnroicVIl_5hTizZZZSwLRxk8=) has sold chernarusmap x1 (9b777160) at the trader "Components (Cyril [#STR_EXPANSION_MARKET_TRADER_COMPONENTS])" in market zone "Trader Zone" (pos=<6675.160645, 104.603935, 6114.155762>) and got 5.
22:16:04.781 [ATM] Player "Eric" (id=DT1QFut1v8UN48skN3UnroicVIl_5hTizZZZSwLRxk8=) has deposited 1840 on his ATM account.
22:16:44.734 [Safezone] Player "{1:name}" (id={1:id} pos={1:position}) left the safezone
22:30:09.632 [Safezone] Player "tRust" (id=Rcr_R57uemt0Ut_kqH0yInDUYqoNN0-GeOyUjyJHuSY= pos=<6630.68, 105.64, 6200.94>) entered the safezone
22:30:48.695 [ATM] Player "tRust" (id=Rcr_R57uemt0Ut_kqH0yInDUYqoNN0-GeOyUjyJHuSY=) has withdrawn 9500 from his ATM account.
22:31:36.625 [Market] Player "tRust" (id=Rcr_R57uemt0Ut_kqH0yInDUYqoNN0-GeOyUjyJHuSY=) has sold mag_ruger1022_15rnd x1 (9b9490d0, ammo_22 x2) at the trader "Attachments (Jose [#STR_EXPANSION_MARKET_TRADER_ATTACHMENTS])" in market zone "Trader Zone" (pos=<6675.160645, 104.603935, 6114.155762>) and got 95.
22:31:37.710 [Market] Player "tRust" (id=Rcr_R57uemt0Ut_kqH0yInDUYqoNN0-GeOyUjyJHuSY=) has sold mag_cz61_20rnd x1 (9b1eefb0, ammo_380 x7) at the trader "Attachments (Jose [#STR_EXPANSION_MARKET_TRADER_ATTACHMENTS])" in market zone "Trader Zone" (pos=<6675.160645, 104.603935, 6114.155762>) and got 25.
22:31:38.664 [Market] Player "tRust" (id=Rcr_R57uemt0Ut_kqH0yInDUYqoNN0-GeOyUjyJHuSY=) has sold mag_p1_8rnd x1 (9cd56fb0, ammo_9x19 x6) at the trader "Attachments (Jose [#STR_EXPANSION_MARKET_TRADER_ATTACHMENTS])" in market zone "Trader Zone" (pos=<6675.160645, 104.603935, 6114.155762>) and got 31.
22:31:47.007 [Market] Player "tRust" (id=Rcr_R57uemt0Ut_kqH0yInDUYqoNN0-GeOyUjyJHuSY=) has sold pitchfork x1 (9b1f1260) at the trader "Components (Cyril [#STR_EXPANSION_MARKET_TRADER_COMPONENTS])" in market zone "Trader Zone" (pos=<6675.160645, 104.603935, 6114.155762>) and got 11.
22:31:50.359 [Party] Player "MrWowaWowa" (id=wBwiybhmqSv3IfINgIr99PhPwxKwXc4RCt6SZurIBXQ=) joinded the party "Hawk Fearless" (id=5 ownerUID=wBwiybhmqSv3IfINgIr99PhPwxKwXc4RCt6SZurIBXQ= ownerName=MrWowaWowa)
22:31:51.507 [Market] Player "tRust" (id=Rcr_R57uemt0Ut_kqH0yInDUYqoNN0-GeOyUjyJHuSY=) has sold kitchentimer x1 (9b8de720) at the trader "Components (Cyril [#STR_EXPANSION_MARKET_TRADER_COMPONENTS])" in market zone "Trader Zone" (pos=<6675.160645, 104.603935, 6114.155762>) and got 5.
22:32:01.140 [Market] Player "tRust" (id=Rcr_R57uemt0Ut_kqH0yInDUYqoNN0-GeOyUjyJHuSY=) has sold izh18 x1 (992e3020) at the trader "Weapons (Denis [#STR_EXPANSION_MARKET_TRADER_WEAPONS])" in market zone "Trader Zone" (pos=<6675.160645, 104.603935, 6114.155762>) and got 65.
22:32:03.031 [Market] Player "tRust" (id=Rcr_R57uemt0Ut_kqH0yInDUYqoNN0-GeOyUjyJHuSY=) has sold makarovij70 x1 (992e8b90, Mag_IJ70_8Rnd<9ca03370>, ammo_380 x6) at the trader "Weapons (Denis [#STR_EXPANSION_MARKET_TRADER_WEAPONS])" in market zone "Trader Zone" (pos=<6675.160645, 104.603935, 6114.155762>) and got 92.
22:32:05.773 [Market] Player "tRust" (id=Rcr_R57uemt0Ut_kqH0yInDUYqoNN0-GeOyUjyJHuSY=) has sold machete x1 (9914d450) at the trader "Weapons (Denis [#STR_EXPANSION_MARKET_TRADER_WEAPONS])" in market zone "Trader Zone" (pos=<6675.160645, 104.603935, 6114.155762>) and got 4.
22:32:11.976 [Market] Player "tRust" (id=Rcr_R57uemt0Ut_kqH0yInDUYqoNN0-GeOyUjyJHuSY=) has sold ammo_huntingbolt x1 (9b3e7c10) at the trader "Weapons (Denis [#STR_EXPANSION_MARKET_TRADER_WEAPONS])" in market zone "Trader Zone" (pos=<6675.160645, 104.603935, 6114.155762>) and got 1.
22:32:12.460 [Market] Player "tRust" (id=Rcr_R57uemt0Ut_kqH0yInDUYqoNN0-GeOyUjyJHuSY=) has sold ammo_huntingbolt x1 (9b3e7c10) at the trader "Weapons (Denis [#STR_EXPANSION_MARKET_TRADER_WEAPONS])" in market zone "Trader Zone" (pos=<6675.160645, 104.603935, 6114.155762>) and got 1.
22:32:12.679 [Market] Player "tRust" (id=Rcr_R57uemt0Ut_kqH0yInDUYqoNN0-GeOyUjyJHuSY=) has sold ammo_huntingbolt x1 (9b3e7c10) at the trader "Weapons (Denis [#STR_EXPANSION_MARKET_TRADER_WEAPONS])" in market zone "Trader Zone" (pos=<6675.160645, 104.603935, 6114.155762>) and got 1.
22:32:12.976 [Market] Player "tRust" (id=Rcr_R57uemt0Ut_kqH0yInDUYqoNN0-GeOyUjyJHuSY=) has sold ammo_huntingbolt x1 (9b3e7c10) at the trader "Weapons (Denis [#STR_EXPANSION_MARKET_TRADER_WEAPONS])" in market zone "Trader Zone" (pos=<6675.160645, 104.603935, 6114.155762>) and got 1.
22:32:14.242 [Market] Player "tRust" (id=Rcr_R57uemt0Ut_kqH0yInDUYqoNN0-GeOyUjyJHuSY=) has sold ammo_762x39 x1 (9b60a500) at the trader "Weapons (Denis [#STR_EXPANSION_MARKET_TRADER_WEAPONS])" in market zone "Trader Zone" (pos=<6675.160645, 104.603935, 6114.155762>) and got 0.
22:32:14.460 [Market] Player "tRust" (id=Rcr_R57uemt0Ut_kqH0yInDUYqoNN0-GeOyUjyJHuSY=) has sold ammo_762x39 x1 (9b60a500) at the trader "Weapons (Denis [#STR_EXPANSION_MARKET_TRADER_WEAPONS])" in market zone "Trader Zone" (pos=<6675.160645, 104.603935, 6114.155762>) and got 0.
22:32:14.656 [Market] Player "tRust" (id=Rcr_R57uemt0Ut_kqH0yInDUYqoNN0-GeOyUjyJHuSY=) has sold ammo_762x39 x1 (9b60a500) at the trader "Weapons (Denis [#STR_EXPANSION_MARKET_TRADER_WEAPONS])" in market zone "Trader Zone" (pos=<6675.160645, 104.603935, 6114.155762>) and got 0.
22:32:14.835 [Market] Player "tRust" (id=Rcr_R57uemt0Ut_kqH0yInDUYqoNN0-GeOyUjyJHuSY=) has sold ammo_762x39 x1 (9b60a500) at the trader "Weapons (Denis [#STR_EXPANSION_MARKET_TRADER_WEAPONS])" in market zone "Trader Zone" (pos=<6675.160645, 104.603935, 6114.155762>) and got 0.
22:32:15.039 [Market] Player "tRust" (id=Rcr_R57uemt0Ut_kqH0yInDUYqoNN0-GeOyUjyJHuSY=) has sold ammo_762x39 x1 (9b60a500) at the trader "Weapons (Denis [#STR_EXPANSION_MARKET_TRADER_WEAPONS])" in market zone "Trader Zone" (pos=<6675.160645, 104.603935, 6114.155762>) and got 0.
22:32:15.296 [Market] Player "tRust" (id=Rcr_R57uemt0Ut_kqH0yInDUYqoNN0-GeOyUjyJHuSY=) has sold ammo_762x39 x1 (9b60a500) at the trader "Weapons (Denis [#STR_EXPANSION_MARKET_TRADER_WEAPONS])" in market zone "Trader Zone" (pos=<6675.160645, 104.603935, 6114.155762>) and got 0.
22:32:15.515 [Market] Player "tRust" (id=Rcr_R57uemt0Ut_kqH0yInDUYqoNN0-GeOyUjyJHuSY=) has sold ammo_762x39 x1 (9b60a500) at the trader "Weapons (Denis [#STR_EXPANSION_MARKET_TRADER_WEAPONS])" in market zone "Trader Zone" (pos=<6675.160645, 104.603935, 6114.155762>) and got 0.
22:32:16.914 [Market] Player "tRust" (id=Rcr_R57uemt0Ut_kqH0yInDUYqoNN0-GeOyUjyJHuSY=) has sold ammo_12gaslug x1 (9b1f6ee0) at the trader "Weapons (Denis [#STR_EXPANSION_MARKET_TRADER_WEAPONS])" in market zone "Trader Zone" (pos=<6675.160645, 104.603935, 6114.155762>) and got 2.
22:32:17.078 [Market] Player "tRust" (id=Rcr_R57uemt0Ut_kqH0yInDUYqoNN0-GeOyUjyJHuSY=) has sold ammo_12gaslug x1 (9b1f6ee0) at the trader "Weapons (Denis [#STR_EXPANSION_MARKET_TRADER_WEAPONS])" in market zone "Trader Zone" (pos=<6675.160645, 104.603935, 6114.155762>) and got 2.
22:32:17.593 [Market] Player "tRust" (id=Rcr_R57uemt0Ut_kqH0yInDUYqoNN0-GeOyUjyJHuSY=) has sold ammo_12gaslug x1 (9b1f6ee0) at the trader "Weapons (Denis [#STR_EXPANSION_MARKET_TRADER_WEAPONS])" in market zone "Trader Zone" (pos=<6675.160645, 104.603935, 6114.155762>) and got 2.
22:32:17.804 [Market] Player "tRust" (id=Rcr_R57uemt0Ut_kqH0yInDUYqoNN0-GeOyUjyJHuSY=) has sold ammo_12gaslug x1 (9b1f6ee0) at the trader "Weapons (Denis [#STR_EXPANSION_MARKET_TRADER_WEAPONS])" in market zone "Trader Zone" (pos=<6675.160645, 104.603935, 6114.155762>) and got 2.
22:32:18.046 [Market] Player "tRust" (id=Rcr_R57uemt0Ut_kqH0yInDUYqoNN0-GeOyUjyJHuSY=) has sold ammo_12gaslug x1 (9b1f6ee0) at the trader "Weapons (Denis [#STR_EXPANSION_MARKET_TRADER_WEAPONS])" in market zone "Trader Zone" (pos=<6675.160645, 104.603935, 6114.155762>) and got 2.
22:32:18.234 [Market] Player "tRust" (id=Rcr_R57uemt0Ut_kqH0yInDUYqoNN0-GeOyUjyJHuSY=) has sold ammo_12gaslug x1 (9b1f6ee0) at the trader "Weapons (Denis [#STR_EXPANSION_MARKET_TRADER_WEAPONS])" in market zone "Trader Zone" (pos=<6675.160645, 104.603935, 6114.155762>) and got 2.
22:32:18.695 [Market] Player "tRust" (id=Rcr_R57uemt0Ut_kqH0yInDUYqoNN0-GeOyUjyJHuSY=) has sold ammo_12gaslug x1 (9b1f6ee0) at the trader "Weapons (Denis [#STR_EXPANSION_MARKET_TRADER_WEAPONS])" in market zone "Trader Zone" (pos=<6675.160645, 104.603935, 6114.155762>) and got 2.
22:32:18.906 [Market] Player "tRust" (id=Rcr_R57uemt0Ut_kqH0yInDUYqoNN0-GeOyUjyJHuSY=) has sold ammo_12gaslug x1 (9b1f6ee0) at the trader "Weapons (Denis [#STR_EXPANSION_MARKET_TRADER_WEAPONS])" in market zone "Trader Zone" (pos=<6675.160645, 104.603935, 6114.155762>) and got 2.
22:32:20.820 [Market] Player "tRust" (id=Rcr_R57uemt0Ut_kqH0yInDUYqoNN0-GeOyUjyJHuSY=) has sold ammo_308win x1 (92061300) at the trader "Weapons (Denis [#STR_EXPANSION_MARKET_TRADER_WEAPONS])" in market zone "Trader Zone" (pos=<6675.160645, 104.603935, 6114.155762>) and got 1.
22:32:21.007 [Market] Player "tRust" (id=Rcr_R57uemt0Ut_kqH0yInDUYqoNN0-GeOyUjyJHuSY=) has sold ammo_308win x1 (92061300) at the trader "Weapons (Denis [#STR_EXPANSION_MARKET_TRADER_WEAPONS])" in market zone "Trader Zone" (pos=<6675.160645, 104.603935, 6114.155762>) and got 1.
22:32:21.210 [Market] Player "tRust" (id=Rcr_R57uemt0Ut_kqH0yInDUYqoNN0-GeOyUjyJHuSY=) has sold ammo_308win x1 (92061300) at the trader "Weapons (Denis [#STR_EXPANSION_MARKET_TRADER_WEAPONS])" in market zone "Trader Zone" (pos=<6675.160645, 104.603935, 6114.155762>) and got 1.
22:32:21.359 [Market] Player "tRust" (id=Rcr_R57uemt0Ut_kqH0yInDUYqoNN0-GeOyUjyJHuSY=) has sold ammo_308win x1 (92061300) at the trader "Weapons (Denis [#STR_EXPANSION_MARKET_TRADER_WEAPONS])" in market zone "Trader Zone" (pos=<6675.160645, 104.603935, 6114.155762>) and got 1.
22:32:21.898 [Market] Player "tRust" (id=Rcr_R57uemt0Ut_kqH0yInDUYqoNN0-GeOyUjyJHuSY=) has sold ammo_308win x1 (92061300) at the trader "Weapons (Denis [#STR_EXPANSION_MARKET_TRADER_WEAPONS])" in market zone "Trader Zone" (pos=<6675.160645, 104.603935, 6114.155762>) and got 1.
22:32:49.781 [Market] Player "tRust" (id=Rcr_R57uemt0Ut_kqH0yInDUYqoNN0-GeOyUjyJHuSY=) has bought expansion_m16 x1 (eb9f5320, Mag_STANAG_30Rnd<98e352b0>, ammo_556x45 x30) from the trader "Weapons (Denis [#STR_EXPANSION_MARKET_TRADER_WEAPONS])" in market zone "Trader Zone" (pos=<6675.160645, 104.603935, 6114.155762>) for a price of 440.
22:33:26.578 [Market] Player "tRust" (id=Rcr_R57uemt0Ut_kqH0yInDUYqoNN0-GeOyUjyJHuSY=) has bought mag_stanagcoupled_30rnd x1 (9ed7f340, ammo_556x45 x60) from the trader "Attachments (Jose [#STR_EXPANSION_MARKET_TRADER_ATTACHMENTS])" in market zone "Trader Zone" (pos=<6675.160645, 104.603935, 6114.155762>) for a price of 340.
22:33:28.398 [Market] Player "tRust" (id=Rcr_R57uemt0Ut_kqH0yInDUYqoNN0-GeOyUjyJHuSY=) has bought mag_stanagcoupled_30rnd x1 (9f8e4890, ammo_556x45 x60) from the trader "Attachments (Jose [#STR_EXPANSION_MARKET_TRADER_ATTACHMENTS])" in market zone "Trader Zone" (pos=<6675.160645, 104.603935, 6114.155762>) for a price of 340.
22:33:30.140 [Market] Player "tRust" (id=Rcr_R57uemt0Ut_kqH0yInDUYqoNN0-GeOyUjyJHuSY=) has bought mag_stanagcoupled_30rnd x1 (9f8dec10, ammo_556x45 x60) from the trader "Attachments (Jose [#STR_EXPANSION_MARKET_TRADER_ATTACHMENTS])" in market zone "Trader Zone" (pos=<6675.160645, 104.603935, 6114.155762>) for a price of 340.
22:33:35.570 [Market] Player "tRust" (id=Rcr_R57uemt0Ut_kqH0yInDUYqoNN0-GeOyUjyJHuSY=) has bought m4_suppressor x1 (9f8df7a0) from the trader "Attachments (Jose [#STR_EXPANSION_MARKET_TRADER_ATTACHMENTS])" in market zone "Trader Zone" (pos=<6675.160645, 104.603935, 6114.155762>) for a price of 25.
22:33:37.265 [Market] Player "tRust" (id=Rcr_R57uemt0Ut_kqH0yInDUYqoNN0-GeOyUjyJHuSY=) has bought m4_suppressor x1 (8c2d2460) from the trader "Attachments (Jose [#STR_EXPANSION_MARKET_TRADER_ATTACHMENTS])" in market zone "Trader Zone" (pos=<6675.160645, 104.603935, 6114.155762>) for a price of 25.
22:33:38.804 [Market] Player "tRust" (id=Rcr_R57uemt0Ut_kqH0yInDUYqoNN0-GeOyUjyJHuSY=) has bought m4_suppressor x1 (9cb90290) from the trader "Attachments (Jose [#STR_EXPANSION_MARKET_TRADER_ATTACHMENTS])" in market zone "Trader Zone" (pos=<6675.160645, 104.603935, 6114.155762>) for a price of 25.
22:33:43.406 [Market] Player "tRust" (id=Rcr_R57uemt0Ut_kqH0yInDUYqoNN0-GeOyUjyJHuSY=) has bought acogoptic_6x x1 (9ebce610) from the trader "Attachments (Jose [#STR_EXPANSION_MARKET_TRADER_ATTACHMENTS])" in market zone "Trader Zone" (pos=<6675.160645, 104.603935, 6114.155762>) for a price of 1200.
22:35:41.898 [Market] Player "tRust" (id=Rcr_R57uemt0Ut_kqH0yInDUYqoNN0-GeOyUjyJHuSY=) has bought camonet x1 (a0dda980) from the trader "Components (Cyril [#STR_EXPANSION_MARKET_TRADER_COMPONENTS])" in market zone "Trader Zone" (pos=<6675.160645, 104.603935, 6114.155762>) for a price of 600.
22:35:52.125 [Market] Player "tRust" (id=Rcr_R57uemt0Ut_kqH0yInDUYqoNN0-GeOyUjyJHuSY=) has bought ducttape x1 (92433460) from the trader "Components (Cyril [#STR_EXPANSION_MARKET_TRADER_COMPONENTS])" in market zone "Trader Zone" (pos=<6675.160645, 104.603935, 6114.155762>) for a price of 20.
22:35:53.710 [Market] Player "tRust" (id=Rcr_R57uemt0Ut_kqH0yInDUYqoNN0-GeOyUjyJHuSY=) has bought epoxyputty x1 (9243ed60) from the trader "Components (Cyril [#STR_EXPANSION_MARKET_TRADER_COMPONENTS])" in market zone "Trader Zone" (pos=<6675.160645, 104.603935, 6114.155762>) for a price of 15.
22:36:03.335 [Market] Player "tRust" (id=Rcr_R57uemt0Ut_kqH0yInDUYqoNN0-GeOyUjyJHuSY=) has bought largegascanister x1 (9975f310) from the trader "Components (Cyril [#STR_EXPANSION_MARKET_TRADER_COMPONENTS])" in market zone "Trader Zone" (pos=<6675.160645, 104.603935, 6114.155762>) for a price of 200.
22:36:38.750 [Market] Player "tRust" (id=Rcr_R57uemt0Ut_kqH0yInDUYqoNN0-GeOyUjyJHuSY=) has bought combatknife x1 (974782c0) from the trader "Weapons (Denis [#STR_EXPANSION_MARKET_TRADER_WEAPONS])" in market zone "Trader Zone" (pos=<6675.160645, 104.603935, 6114.155762>) for a price of 10.
22:37:40.890 [Market] Player "tRust" (id=Rcr_R57uemt0Ut_kqH0yInDUYqoNN0-GeOyUjyJHuSY=) has bought ducttape x1 (a04aeeb0) from the trader "Components (Cyril [#STR_EXPANSION_MARKET_TRADER_COMPONENTS])" in market zone "Trader Zone" (pos=<6675.160645, 104.603935, 6114.155762>) for a price of 20.
22:37:41.453 [Market] Player "tRust" (id=Rcr_R57uemt0Ut_kqH0yInDUYqoNN0-GeOyUjyJHuSY=) has bought ducttape x1 (9cd6a7e0) from the trader "Components (Cyril [#STR_EXPANSION_MARKET_TRADER_COMPONENTS])" in market zone "Trader Zone" (pos=<6675.160645, 104.603935, 6114.155762>) for a price of 20.
22:39:12.757 [Market] Player "tRust" (id=Rcr_R57uemt0Ut_kqH0yInDUYqoNN0-GeOyUjyJHuSY=) has bought pot x1 (9d07c270) from the trader "Components (Cyril [#STR_EXPANSION_MARKET_TRADER_COMPONENTS])" in market zone "Trader Zone" (pos=<6675.160645, 104.603935, 6114.155762>) for a price of 25.
22:39:32.539 [Market] Player "tRust" (id=Rcr_R57uemt0Ut_kqH0yInDUYqoNN0-GeOyUjyJHuSY=) has bought portablegasstove x1 (9d08e3f0, MediumGasCanister<9cd54d00>) from the trader "Components (Cyril [#STR_EXPANSION_MARKET_TRADER_COMPONENTS])" in market zone "Trader Zone" (pos=<6675.160645, 104.603935, 6114.155762>) for a price of 130.
22:40:18.960 [Market] Player "tRust" (id=Rcr_R57uemt0Ut_kqH0yInDUYqoNN0-GeOyUjyJHuSY=) has bought weaponcleaningkit x1 (9d5117c0) from the trader "Components (Cyril [#STR_EXPANSION_MARKET_TRADER_COMPONENTS])" in market zone "Trader Zone" (pos=<6675.160645, 104.603935, 6114.155762>) for a price of 8.
22:40:19.851 [Market] Player "tRust" (id=Rcr_R57uemt0Ut_kqH0yInDUYqoNN0-GeOyUjyJHuSY=) has bought weaponcleaningkit x1 (9914a610) from the trader "Components (Cyril [#STR_EXPANSION_MARKET_TRADER_COMPONENTS])" in market zone "Trader Zone" (pos=<6675.160645, 104.603935, 6114.155762>) for a price of 8.
22:40:21.343 [Market] Player "tRust" (id=Rcr_R57uemt0Ut_kqH0yInDUYqoNN0-GeOyUjyJHuSY=) has bought leathersewingkit x1 (8c2acb20) from the trader "Components (Cyril [#STR_EXPANSION_MARKET_TRADER_COMPONENTS])" in market zone "Trader Zone" (pos=<6675.160645, 104.603935, 6114.155762>) for a price of 5.
22:40:23.125 [Market] Player "tRust" (id=Rcr_R57uemt0Ut_kqH0yInDUYqoNN0-GeOyUjyJHuSY=) has bought sewingkit x1 (953e4400) from the trader "Components (Cyril [#STR_EXPANSION_MARKET_TRADER_COMPONENTS])" in market zone "Trader Zone" (pos=<6675.160645, 104.603935, 6114.155762>) for a price of 4.
22:40:24.445 [Market] Player "tRust" (id=Rcr_R57uemt0Ut_kqH0yInDUYqoNN0-GeOyUjyJHuSY=) has bought sewingkit x1 (8c2d69c0) from the trader "Components (Cyril [#STR_EXPANSION_MARKET_TRADER_COMPONENTS])" in market zone "Trader Zone" (pos=<6675.160645, 104.603935, 6114.155762>) for a price of 4.
22:40:25.679 [Market] Player "tRust" (id=Rcr_R57uemt0Ut_kqH0yInDUYqoNN0-GeOyUjyJHuSY=) has bought sewingkit x1 (9d5359e0) from the trader "Components (Cyril [#STR_EXPANSION_MARKET_TRADER_COMPONENTS])" in market zone "Trader Zone" (pos=<6675.160645, 104.603935, 6114.155762>) for a price of 4.
22:40:28.164 [Market] Player "tRust" (id=Rcr_R57uemt0Ut_kqH0yInDUYqoNN0-GeOyUjyJHuSY=) has bought sewingkit x1 (9540f9c0) from the trader "Components (Cyril [#STR_EXPANSION_MARKET_TRADER_COMPONENTS])" in market zone "Trader Zone" (pos=<6675.160645, 104.603935, 6114.155762>) for a price of 4.
22:40:47.984 [Market] Player "tRust" (id=Rcr_R57uemt0Ut_kqH0yInDUYqoNN0-GeOyUjyJHuSY=) has bought ammobox x1 (9ec8f8d0) from the trader "Components (Cyril [#STR_EXPANSION_MARKET_TRADER_COMPONENTS])" in market zone "Trader Zone" (pos=<6675.160645, 104.603935, 6114.155762>) for a price of 80.
22:40:56.507 [Market] Player "tRust" (id=Rcr_R57uemt0Ut_kqH0yInDUYqoNN0-GeOyUjyJHuSY=) has bought battery9v x1 (99a7b460) from the trader "Components (Cyril [#STR_EXPANSION_MARKET_TRADER_COMPONENTS])" in market zone "Trader Zone" (pos=<6675.160645, 104.603935, 6114.155762>) for a price of 10.
22:40:57.343 [Market] Player "tRust" (id=Rcr_R57uemt0Ut_kqH0yInDUYqoNN0-GeOyUjyJHuSY=) has bought battery9v x1 (9205b680) from the trader "Components (Cyril [#STR_EXPANSION_MARKET_TRADER_COMPONENTS])" in market zone "Trader Zone" (pos=<6675.160645, 104.603935, 6114.155762>) for a price of 10.
22:42:12.234 [Market] Player "tRust" (id=Rcr_R57uemt0Ut_kqH0yInDUYqoNN0-GeOyUjyJHuSY=) has bought headtorch_black x1 (9cd69c50, Battery9V<9cd63fd0>) from the trader "Components (Cyril [#STR_EXPANSION_MARKET_TRADER_COMPONENTS])" in market zone "Trader Zone" (pos=<6675.160645, 104.603935, 6114.155762>) for a price of 50.
22:42:38.085 [Market] Player "tRust" (id=Rcr_R57uemt0Ut_kqH0yInDUYqoNN0-GeOyUjyJHuSY=) has bought universallight x1 (9242d7e0) from the trader "Attachments (Jose [#STR_EXPANSION_MARKET_TRADER_ATTACHMENTS])" in market zone "Trader Zone" (pos=<6675.160645, 104.603935, 6114.155762>) for a price of 120.
22:42:51.335 [Market] Player "tRust" (id=Rcr_R57uemt0Ut_kqH0yInDUYqoNN0-GeOyUjyJHuSY=) has bought ghillieatt_tan x1 (9f194020) from the trader "Attachments (Jose [#STR_EXPANSION_MARKET_TRADER_ATTACHMENTS])" in market zone "Trader Zone" (pos=<6675.160645, 104.603935, 6114.155762>) for a price of 220.
22:44:07.359 [Market] Player "tRust" (id=Rcr_R57uemt0Ut_kqH0yInDUYqoNN0-GeOyUjyJHuSY=) has bought ammobox_556x45_20rnd x20 (92426440) from the trader "Weapons (Denis [#STR_EXPANSION_MARKET_TRADER_WEAPONS])" in market zone "Trader Zone" (pos=<6675.160645, 104.603935, 6114.155762>) for a price of 640.
22:44:45.617 [Market] Player "tRust" (id=Rcr_R57uemt0Ut_kqH0yInDUYqoNN0-GeOyUjyJHuSY=) has bought leathersewingkit x1 (928cb390) from the trader "Components (Cyril [#STR_EXPANSION_MARKET_TRADER_COMPONENTS])" in market zone "Trader Zone" (pos=<6675.160645, 104.603935, 6114.155762>) for a price of 5.
22:46:34.093 [ATM] Player "tRust" (id=Rcr_R57uemt0Ut_kqH0yInDUYqoNN0-GeOyUjyJHuSY=) has deposited 4906 on his ATM account.
22:47:09.085 [Safezone] Player "Eric" (id=DT1QFut1v8UN48skN3UnroicVIl_5hTizZZZSwLRxk8= pos=<6673.18, 120.05, 6016.88>) entered the safezone
22:47:48.687 [Safezone] Player "MrWowaWowa" (id=wBwiybhmqSv3IfINgIr99PhPwxKwXc4RCt6SZurIBXQ= pos=<6671.29, 120.44, 6017.21>) entered the safezone
22:48:35.625 [ATM] Player "Eric" (id=DT1QFut1v8UN48skN3UnroicVIl_5hTizZZZSwLRxk8=) has withdrawn 2000 from his ATM account.
22:49:14.898 [Safezone] Player "{1:name}" (id={1:id} pos={1:position}) left the safezone
22:49:25.937 [Market] Player "MrWowaWowa" (id=wBwiybhmqSv3IfINgIr99PhPwxKwXc4RCt6SZurIBXQ=) has sold ammo_12gaslug x1 (9b1f1260) at the trader "Weapons (Denis [#STR_EXPANSION_MARKET_TRADER_WEAPONS])" in market zone "Trader Zone" (pos=<6675.160645, 104.603935, 6114.155762>) and got 3.
22:49:26.726 [Market] Player "MrWowaWowa" (id=wBwiybhmqSv3IfINgIr99PhPwxKwXc4RCt6SZurIBXQ=) has sold ammo_12gaslug x1 (9b1f1260) at the trader "Weapons (Denis [#STR_EXPANSION_MARKET_TRADER_WEAPONS])" in market zone "Trader Zone" (pos=<6675.160645, 104.603935, 6114.155762>) and got 3.
22:49:27.242 [Market] Player "MrWowaWowa" (id=wBwiybhmqSv3IfINgIr99PhPwxKwXc4RCt6SZurIBXQ=) has sold ammo_12gaslug x1 (8c2c1a70) at the trader "Weapons (Denis [#STR_EXPANSION_MARKET_TRADER_WEAPONS])" in market zone "Trader Zone" (pos=<6675.160645, 104.603935, 6114.155762>) and got 3.
22:49:27.437 [Market] Player "MrWowaWowa" (id=wBwiybhmqSv3IfINgIr99PhPwxKwXc4RCt6SZurIBXQ=) has sold ammo_12gaslug x1 (8c2c1a70) at the trader "Weapons (Denis [#STR_EXPANSION_MARKET_TRADER_WEAPONS])" in market zone "Trader Zone" (pos=<6675.160645, 104.603935, 6114.155762>) and got 3.
22:49:27.625 [Market] Player "MrWowaWowa" (id=wBwiybhmqSv3IfINgIr99PhPwxKwXc4RCt6SZurIBXQ=) has sold ammo_12gaslug x1 (8c2c1a70) at the trader "Weapons (Denis [#STR_EXPANSION_MARKET_TRADER_WEAPONS])" in market zone "Trader Zone" (pos=<6675.160645, 104.603935, 6114.155762>) and got 3.
22:49:27.812 [Market] Player "MrWowaWowa" (id=wBwiybhmqSv3IfINgIr99PhPwxKwXc4RCt6SZurIBXQ=) has sold ammo_12gaslug x1 (8c2c1a70) at the trader "Weapons (Denis [#STR_EXPANSION_MARKET_TRADER_WEAPONS])" in market zone "Trader Zone" (pos=<6675.160645, 104.603935, 6114.155762>) and got 3.
22:49:28.140 [Market] Player "MrWowaWowa" (id=wBwiybhmqSv3IfINgIr99PhPwxKwXc4RCt6SZurIBXQ=) has sold ammo_12gaslug x1 (8c2c1a70) at the trader "Weapons (Denis [#STR_EXPANSION_MARKET_TRADER_WEAPONS])" in market zone "Trader Zone" (pos=<6675.160645, 104.603935, 6114.155762>) and got 3.
22:49:28.359 [Market] Player "MrWowaWowa" (id=wBwiybhmqSv3IfINgIr99PhPwxKwXc4RCt6SZurIBXQ=) has sold ammo_12gaslug x1 (8c2c1a70) at the trader "Weapons (Denis [#STR_EXPANSION_MARKET_TRADER_WEAPONS])" in market zone "Trader Zone" (pos=<6675.160645, 104.603935, 6114.155762>) and got 3.
22:49:28.625 [Market] Player "MrWowaWowa" (id=wBwiybhmqSv3IfINgIr99PhPwxKwXc4RCt6SZurIBXQ=) has sold ammo_12gaslug x1 (8c2c1a70) at the trader "Weapons (Denis [#STR_EXPANSION_MARKET_TRADER_WEAPONS])" in market zone "Trader Zone" (pos=<6675.160645, 104.603935, 6114.155762>) and got 3.
22:49:28.906 [Market] Player "MrWowaWowa" (id=wBwiybhmqSv3IfINgIr99PhPwxKwXc4RCt6SZurIBXQ=) has sold ammo_12gaslug x1 (8c2c1a70) at the trader "Weapons (Denis [#STR_EXPANSION_MARKET_TRADER_WEAPONS])" in market zone "Trader Zone" (pos=<6675.160645, 104.603935, 6114.155762>) and got 3.
22:49:29.437 [Market] Player "MrWowaWowa" (id=wBwiybhmqSv3IfINgIr99PhPwxKwXc4RCt6SZurIBXQ=) has sold ammo_12gaslug x1 (a054a0b0) at the trader "Weapons (Denis [#STR_EXPANSION_MARKET_TRADER_WEAPONS])" in market zone "Trader Zone" (pos=<6675.160645, 104.603935, 6114.155762>) and got 2.
22:49:30.453 [Market] Player "MrWowaWowa" (id=wBwiybhmqSv3IfINgIr99PhPwxKwXc4RCt6SZurIBXQ=) has sold ammo_12gaslug x1 (a054a0b0) at the trader "Weapons (Denis [#STR_EXPANSION_MARKET_TRADER_WEAPONS])" in market zone "Trader Zone" (pos=<6675.160645, 104.603935, 6114.155762>) and got 2.
22:49:35.125 [Market] Player "MrWowaWowa" (id=wBwiybhmqSv3IfINgIr99PhPwxKwXc4RCt6SZurIBXQ=) has sold ammo_45acp x1 (9b1eefb0) at the trader "Weapons (Denis [#STR_EXPANSION_MARKET_TRADER_WEAPONS])" in market zone "Trader Zone" (pos=<6675.160645, 104.603935, 6114.155762>) and got 1.
22:49:35.281 [Market] Player "MrWowaWowa" (id=wBwiybhmqSv3IfINgIr99PhPwxKwXc4RCt6SZurIBXQ=) has sold ammo_45acp x1 (9b1eefb0) at the trader "Weapons (Denis [#STR_EXPANSION_MARKET_TRADER_WEAPONS])" in market zone "Trader Zone" (pos=<6675.160645, 104.603935, 6114.155762>) and got 1.
22:49:35.468 [Market] Player "MrWowaWowa" (id=wBwiybhmqSv3IfINgIr99PhPwxKwXc4RCt6SZurIBXQ=) has sold ammo_45acp x1 (9b1eefb0) at the trader "Weapons (Denis [#STR_EXPANSION_MARKET_TRADER_WEAPONS])" in market zone "Trader Zone" (pos=<6675.160645, 104.603935, 6114.155762>) and got 1.
22:49:35.609 [Market] Player "MrWowaWowa" (id=wBwiybhmqSv3IfINgIr99PhPwxKwXc4RCt6SZurIBXQ=) has sold ammo_45acp x1 (9b1eefb0) at the trader "Weapons (Denis [#STR_EXPANSION_MARKET_TRADER_WEAPONS])" in market zone "Trader Zone" (pos=<6675.160645, 104.603935, 6114.155762>) and got 1.
22:49:35.773 [Market] Player "MrWowaWowa" (id=wBwiybhmqSv3IfINgIr99PhPwxKwXc4RCt6SZurIBXQ=) has sold ammo_45acp x1 (9b1eefb0) at the trader "Weapons (Denis [#STR_EXPANSION_MARKET_TRADER_WEAPONS])" in market zone "Trader Zone" (pos=<6675.160645, 104.603935, 6114.155762>) and got 1.
22:49:35.953 [Market] Player "MrWowaWowa" (id=wBwiybhmqSv3IfINgIr99PhPwxKwXc4RCt6SZurIBXQ=) has sold ammo_45acp x1 (9b1eefb0) at the trader "Weapons (Denis [#STR_EXPANSION_MARKET_TRADER_WEAPONS])" in market zone "Trader Zone" (pos=<6675.160645, 104.603935, 6114.155762>) and got 1.
22:49:36.109 [Market] Player "MrWowaWowa" (id=wBwiybhmqSv3IfINgIr99PhPwxKwXc4RCt6SZurIBXQ=) has sold ammo_45acp x1 (9b1eefb0) at the trader "Weapons (Denis [#STR_EXPANSION_MARKET_TRADER_WEAPONS])" in market zone "Trader Zone" (pos=<6675.160645, 104.603935, 6114.155762>) and got 1.
22:49:36.273 [Market] Player "MrWowaWowa" (id=wBwiybhmqSv3IfINgIr99PhPwxKwXc4RCt6SZurIBXQ=) has sold ammo_45acp x1 (9b1eefb0) at the trader "Weapons (Denis [#STR_EXPANSION_MARKET_TRADER_WEAPONS])" in market zone "Trader Zone" (pos=<6675.160645, 104.603935, 6114.155762>) and got 1.
22:49:36.445 [Market] Player "MrWowaWowa" (id=wBwiybhmqSv3IfINgIr99PhPwxKwXc4RCt6SZurIBXQ=) has sold ammo_45acp x1 (9b1eefb0) at the trader "Weapons (Denis [#STR_EXPANSION_MARKET_TRADER_WEAPONS])" in market zone "Trader Zone" (pos=<6675.160645, 104.603935, 6114.155762>) and got 1.
22:49:36.609 [Market] Player "MrWowaWowa" (id=wBwiybhmqSv3IfINgIr99PhPwxKwXc4RCt6SZurIBXQ=) has sold ammo_45acp x1 (9b1eefb0) at the trader "Weapons (Denis [#STR_EXPANSION_MARKET_TRADER_WEAPONS])" in market zone "Trader Zone" (pos=<6675.160645, 104.603935, 6114.155762>) and got 1.
22:49:36.796 [Market] Player "MrWowaWowa" (id=wBwiybhmqSv3IfINgIr99PhPwxKwXc4RCt6SZurIBXQ=) has sold ammo_45acp x1 (9b1eefb0) at the trader "Weapons (Denis [#STR_EXPANSION_MARKET_TRADER_WEAPONS])" in market zone "Trader Zone" (pos=<6675.160645, 104.603935, 6114.155762>) and got 1.
22:49:37.015 [Market] Player "MrWowaWowa" (id=wBwiybhmqSv3IfINgIr99PhPwxKwXc4RCt6SZurIBXQ=) has sold ammo_45acp x1 (9b1eefb0) at the trader "Weapons (Denis [#STR_EXPANSION_MARKET_TRADER_WEAPONS])" in market zone "Trader Zone" (pos=<6675.160645, 104.603935, 6114.155762>) and got 1.
22:49:37.226 [Market] Player "MrWowaWowa" (id=wBwiybhmqSv3IfINgIr99PhPwxKwXc4RCt6SZurIBXQ=) has sold ammo_45acp x1 (9b1eefb0) at the trader "Weapons (Denis [#STR_EXPANSION_MARKET_TRADER_WEAPONS])" in market zone "Trader Zone" (pos=<6675.160645, 104.603935, 6114.155762>) and got 1.
22:49:37.875 [Market] Player "MrWowaWowa" (id=wBwiybhmqSv3IfINgIr99PhPwxKwXc4RCt6SZurIBXQ=) has sold ammo_545x39 x1 (a0dc7ce0) at the trader "Weapons (Denis [#STR_EXPANSION_MARKET_TRADER_WEAPONS])" in market zone "Trader Zone" (pos=<6675.160645, 104.603935, 6114.155762>) and got 0.
22:49:46.468 [Market] Player "MrWowaWowa" (id=wBwiybhmqSv3IfINgIr99PhPwxKwXc4RCt6SZurIBXQ=) has sold ammobox_12gaslug_10rnd x1 (a0531790) at the trader "Weapons (Denis [#STR_EXPANSION_MARKET_TRADER_WEAPONS])" in market zone "Trader Zone" (pos=<6675.160645, 104.603935, 6114.155762>) and got 7.
22:49:48.492 [Market] Player "MrWowaWowa" (id=wBwiybhmqSv3IfINgIr99PhPwxKwXc4RCt6SZurIBXQ=) has sold ammobox_556x45_20rnd x1 (9cd56fb0) at the trader "Weapons (Denis [#STR_EXPANSION_MARKET_TRADER_WEAPONS])" in market zone "Trader Zone" (pos=<6675.160645, 104.603935, 6114.155762>) and got 24.
22:49:51.039 [Market] Player "MrWowaWowa" (id=wBwiybhmqSv3IfINgIr99PhPwxKwXc4RCt6SZurIBXQ=) has sold ammobox_545x39_20rnd x1 (a04e8bb0) at the trader "Weapons (Denis [#STR_EXPANSION_MARKET_TRADER_WEAPONS])" in market zone "Trader Zone" (pos=<6675.160645, 104.603935, 6114.155762>) and got 6.
22:49:53.070 [Market] Player "MrWowaWowa" (id=wBwiybhmqSv3IfINgIr99PhPwxKwXc4RCt6SZurIBXQ=) has sold ammobox_545x39_20rnd x1 (9d7c1d30) at the trader "Weapons (Denis [#STR_EXPANSION_MARKET_TRADER_WEAPONS])" in market zone "Trader Zone" (pos=<6675.160645, 104.603935, 6114.155762>) and got 24.
22:49:54.906 [Market] Player "MrWowaWowa" (id=wBwiybhmqSv3IfINgIr99PhPwxKwXc4RCt6SZurIBXQ=) has sold ammobox_762x39_20rnd x1 (9ea25ec0) at the trader "Weapons (Denis [#STR_EXPANSION_MARKET_TRADER_WEAPONS])" in market zone "Trader Zone" (pos=<6675.160645, 104.603935, 6114.155762>) and got 12.
22:49:56.507 [Market] Player "MrWowaWowa" (id=wBwiybhmqSv3IfINgIr99PhPwxKwXc4RCt6SZurIBXQ=) has sold ammobox_762x54_20rnd x1 (a0dcab20) at the trader "Weapons (Denis [#STR_EXPANSION_MARKET_TRADER_WEAPONS])" in market zone "Trader Zone" (pos=<6675.160645, 104.603935, 6114.155762>) and got 24.
22:49:58.843 [Market] Player "MrWowaWowa" (id=wBwiybhmqSv3IfINgIr99PhPwxKwXc4RCt6SZurIBXQ=) has sold ammobox_308win_20rnd x1 (9cd51ec0) at the trader "Weapons (Denis [#STR_EXPANSION_MARKET_TRADER_WEAPONS])" in market zone "Trader Zone" (pos=<6675.160645, 104.603935, 6114.155762>) and got 6.
22:50:31.765 [Market] Player "MrWowaWowa" (id=wBwiybhmqSv3IfINgIr99PhPwxKwXc4RCt6SZurIBXQ=) has sold universallight x1 (a056f9f0) at the trader "Attachments (Jose [#STR_EXPANSION_MARKET_TRADER_ATTACHMENTS])" in market zone "Trader Zone" (pos=<6675.160645, 104.603935, 6114.155762>) and got 45.
22:50:54.343 [Market] Player "Eric" (id=DT1QFut1v8UN48skN3UnroicVIl_5hTizZZZSwLRxk8=) has sold constructionhelmet_blue x1 (9d195160) at the trader "Clothing (Naomi [#STR_EXPANSION_MARKET_TRADER_CLOTHING])" in market zone "Trader Zone" (pos=<6675.160645, 104.603935, 6114.155762>) and got 22.
22:50:57.843 [Market] Player "MrWowaWowa" (id=wBwiybhmqSv3IfINgIr99PhPwxKwXc4RCt6SZurIBXQ=) has sold mag_p1_8rnd x1 (9d1cd740, ammo_9x19 x4) at the trader "Attachments (Jose [#STR_EXPANSION_MARKET_TRADER_ATTACHMENTS])" in market zone "Trader Zone" (pos=<6675.160645, 104.603935, 6114.155762>) and got 29.
22:50:58.226 [Market] Player "Eric" (id=DT1QFut1v8UN48skN3UnroicVIl_5hTizZZZSwLRxk8=) has sold platecarrierpouches x1 (975a4dd0) at the trader "Clothing (Naomi [#STR_EXPANSION_MARKET_TRADER_CLOTHING])" in market zone "Trader Zone" (pos=<6675.160645, 104.603935, 6114.155762>) and got 56.
22:51:00.828 [Market] Player "MrWowaWowa" (id=wBwiybhmqSv3IfINgIr99PhPwxKwXc4RCt6SZurIBXQ=) has sold mag_1911_7rnd x1 (9d1ac360, ammo_45acp x7) at the trader "Attachments (Jose [#STR_EXPANSION_MARKET_TRADER_ATTACHMENTS])" in market zone "Trader Zone" (pos=<6675.160645, 104.603935, 6114.155762>) and got 37.
22:51:02.609 [Market] Player "MrWowaWowa" (id=wBwiybhmqSv3IfINgIr99PhPwxKwXc4RCt6SZurIBXQ=) has sold mag_saiga_5rnd x1 (a056c020, ammo_12gapellets x1) at the trader "Attachments (Jose [#STR_EXPANSION_MARKET_TRADER_ATTACHMENTS])" in market zone "Trader Zone" (pos=<6675.160645, 104.603935, 6114.155762>) and got 21.
22:51:21.109 [Market] Player "MrWowaWowa" (id=wBwiybhmqSv3IfINgIr99PhPwxKwXc4RCt6SZurIBXQ=) has sold mag_ump_25rnd x1 (a0c7fb90, ammo_45acp x11) at the trader "Attachments (Jose [#STR_EXPANSION_MARKET_TRADER_ATTACHMENTS])" in market zone "Trader Zone" (pos=<6675.160645, 104.603935, 6114.155762>) and got 39.
22:52:34.539 [Market] Player "Eric" (id=DT1QFut1v8UN48skN3UnroicVIl_5hTizZZZSwLRxk8=) has bought weaponcleaningkit x1 (9ae4a5c0) from the trader "Components (Cyril [#STR_EXPANSION_MARKET_TRADER_COMPONENTS])" in market zone "Trader Zone" (pos=<6675.160645, 104.603935, 6114.155762>) for a price of 8.
22:52:39.492 [Market] Player "MrWowaWowa" (id=wBwiybhmqSv3IfINgIr99PhPwxKwXc4RCt6SZurIBXQ=) has sold cz61 x1 (eb9eb660) at the trader "Weapons (Denis [#STR_EXPANSION_MARKET_TRADER_WEAPONS])" in market zone "Trader Zone" (pos=<6675.160645, 104.603935, 6114.155762>) and got 131.
22:53:21.671 [Market] Player "MrWowaWowa" (id=wBwiybhmqSv3IfINgIr99PhPwxKwXc4RCt6SZurIBXQ=) has sold mag_mp5_15rnd x1 (a0c74e20, ammo_9x19 x5) at the trader "Attachments (Jose [#STR_EXPANSION_MARKET_TRADER_ATTACHMENTS])" in market zone "Trader Zone" (pos=<6675.160645, 104.603935, 6114.155762>) and got 117.
22:53:36.679 [Market] Player "MrWowaWowa" (id=wBwiybhmqSv3IfINgIr99PhPwxKwXc4RCt6SZurIBXQ=) has sold mag_scout_5rnd x1 (8c2cf620, ammo_556x45 x2) at the trader "Attachments (Jose [#STR_EXPANSION_MARKET_TRADER_ATTACHMENTS])" in market zone "Trader Zone" (pos=<6675.160645, 104.603935, 6114.155762>) and got 189.
22:53:44.195 [Market] Player "Eric" (id=DT1QFut1v8UN48skN3UnroicVIl_5hTizZZZSwLRxk8=) has sold cz61 x1 (90578420) at the trader "Weapons (Denis [#STR_EXPANSION_MARKET_TRADER_WEAPONS])" in market zone "Trader Zone" (pos=<6675.160645, 104.603935, 6114.155762>) and got 525.
22:54:00.398 [Market] Player "MrWowaWowa" (id=wBwiybhmqSv3IfINgIr99PhPwxKwXc4RCt6SZurIBXQ=) has sold mag_scout_5rnd x1 (9f382c70, ammo_556x45 x1) at the trader "Attachments (Jose [#STR_EXPANSION_MARKET_TRADER_ATTACHMENTS])" in market zone "Trader Zone" (pos=<6675.160645, 104.603935, 6114.155762>) and got 188.
22:54:12.351 [Market] Player "Eric" (id=DT1QFut1v8UN48skN3UnroicVIl_5hTizZZZSwLRxk8=) has sold repeater x1 (90570e90) at the trader "Weapons (Denis [#STR_EXPANSION_MARKET_TRADER_WEAPONS])" in market zone "Trader Zone" (pos=<6675.160645, 104.603935, 6114.155762>) and got 262.
22:55:08.187 [Market] Player "Eric" (id=DT1QFut1v8UN48skN3UnroicVIl_5hTizZZZSwLRxk8=) has sold mag_fnx45_15rnd x1 (98e0e250, ammo_45acp x14) at the trader "Attachments (Jose [#STR_EXPANSION_MARKET_TRADER_ATTACHMENTS])" in market zone "Trader Zone" (pos=<6675.160645, 104.603935, 6114.155762>) and got 36.
22:55:09.054 [Market] Player "Eric" (id=DT1QFut1v8UN48skN3UnroicVIl_5hTizZZZSwLRxk8=) has sold mag_cz61_20rnd x1 (9ed987f0, ammo_380 x5) at the trader "Attachments (Jose [#STR_EXPANSION_MARKET_TRADER_ATTACHMENTS])" in market zone "Trader Zone" (pos=<6675.160645, 104.603935, 6114.155762>) and got 23.
22:55:17.742 [Market] Player "MrWowaWowa" (id=wBwiybhmqSv3IfINgIr99PhPwxKwXc4RCt6SZurIBXQ=) has sold ammo_762x54 x1 (a0c71fe0) at the trader "Weapons (Denis [#STR_EXPANSION_MARKET_TRADER_WEAPONS])" in market zone "Trader Zone" (pos=<6675.160645, 104.603935, 6114.155762>) and got 1.
22:55:18.390 [Market] Player "MrWowaWowa" (id=wBwiybhmqSv3IfINgIr99PhPwxKwXc4RCt6SZurIBXQ=) has sold ammo_762x54 x1 (a0c71fe0) at the trader "Weapons (Denis [#STR_EXPANSION_MARKET_TRADER_WEAPONS])" in market zone "Trader Zone" (pos=<6675.160645, 104.603935, 6114.155762>) and got 1.
22:55:22.101 [Market] Player "MrWowaWowa" (id=wBwiybhmqSv3IfINgIr99PhPwxKwXc4RCt6SZurIBXQ=) has sold ammo_762x39 x1 (9b1ed890) at the trader "Weapons (Denis [#STR_EXPANSION_MARKET_TRADER_WEAPONS])" in market zone "Trader Zone" (pos=<6675.160645, 104.603935, 6114.155762>) and got 0.
22:55:22.531 [Market] Player "MrWowaWowa" (id=wBwiybhmqSv3IfINgIr99PhPwxKwXc4RCt6SZurIBXQ=) has sold ammo_762x39 x1 (9b1ed890) at the trader "Weapons (Denis [#STR_EXPANSION_MARKET_TRADER_WEAPONS])" in market zone "Trader Zone" (pos=<6675.160645, 104.603935, 6114.155762>) and got 0.
22:55:22.882 [Market] Player "MrWowaWowa" (id=wBwiybhmqSv3IfINgIr99PhPwxKwXc4RCt6SZurIBXQ=) has sold ammo_762x39 x1 (9b1ed890) at the trader "Weapons (Denis [#STR_EXPANSION_MARKET_TRADER_WEAPONS])" in market zone "Trader Zone" (pos=<6675.160645, 104.603935, 6114.155762>) and got 0.
22:55:23.812 [Market] Player "MrWowaWowa" (id=wBwiybhmqSv3IfINgIr99PhPwxKwXc4RCt6SZurIBXQ=) has sold ammo_545x39 x1 (a0dc7ce0) at the trader "Weapons (Denis [#STR_EXPANSION_MARKET_TRADER_WEAPONS])" in market zone "Trader Zone" (pos=<6675.160645, 104.603935, 6114.155762>) and got 0.
22:55:23.945 [Market] Player "MrWowaWowa" (id=wBwiybhmqSv3IfINgIr99PhPwxKwXc4RCt6SZurIBXQ=) has sold ammo_545x39 x1 (a0dc7ce0) at the trader "Weapons (Denis [#STR_EXPANSION_MARKET_TRADER_WEAPONS])" in market zone "Trader Zone" (pos=<6675.160645, 104.603935, 6114.155762>) and got 0.
22:55:24.078 [Market] Player "MrWowaWowa" (id=wBwiybhmqSv3IfINgIr99PhPwxKwXc4RCt6SZurIBXQ=) has sold ammo_545x39 x1 (a0dc7ce0) at the trader "Weapons (Denis [#STR_EXPANSION_MARKET_TRADER_WEAPONS])" in market zone "Trader Zone" (pos=<6675.160645, 104.603935, 6114.155762>) and got 0.
22:55:24.250 [Market] Player "MrWowaWowa" (id=wBwiybhmqSv3IfINgIr99PhPwxKwXc4RCt6SZurIBXQ=) has sold ammo_545x39 x1 (a0dc7ce0) at the trader "Weapons (Denis [#STR_EXPANSION_MARKET_TRADER_WEAPONS])" in market zone "Trader Zone" (pos=<6675.160645, 104.603935, 6114.155762>) and got 0.
22:55:24.398 [Market] Player "MrWowaWowa" (id=wBwiybhmqSv3IfINgIr99PhPwxKwXc4RCt6SZurIBXQ=) has sold ammo_545x39 x1 (a0dc7ce0) at the trader "Weapons (Denis [#STR_EXPANSION_MARKET_TRADER_WEAPONS])" in market zone "Trader Zone" (pos=<6675.160645, 104.603935, 6114.155762>) and got 0.
22:55:24.531 [Market] Player "MrWowaWowa" (id=wBwiybhmqSv3IfINgIr99PhPwxKwXc4RCt6SZurIBXQ=) has sold ammo_545x39 x1 (a0dc7ce0) at the trader "Weapons (Denis [#STR_EXPANSION_MARKET_TRADER_WEAPONS])" in market zone "Trader Zone" (pos=<6675.160645, 104.603935, 6114.155762>) and got 0.
22:55:24.710 [Market] Player "MrWowaWowa" (id=wBwiybhmqSv3IfINgIr99PhPwxKwXc4RCt6SZurIBXQ=) has sold ammo_545x39 x1 (a04d5f10) at the trader "Weapons (Denis [#STR_EXPANSION_MARKET_TRADER_WEAPONS])" in market zone "Trader Zone" (pos=<6675.160645, 104.603935, 6114.155762>) and got 0.
22:55:24.843 [Market] Player "MrWowaWowa" (id=wBwiybhmqSv3IfINgIr99PhPwxKwXc4RCt6SZurIBXQ=) has sold ammo_545x39 x1 (a04d5f10) at the trader "Weapons (Denis [#STR_EXPANSION_MARKET_TRADER_WEAPONS])" in market zone "Trader Zone" (pos=<6675.160645, 104.603935, 6114.155762>) and got 1.
22:55:25.000 [Market] Player "MrWowaWowa" (id=wBwiybhmqSv3IfINgIr99PhPwxKwXc4RCt6SZurIBXQ=) has sold ammo_545x39 x1 (a04d5f10) at the trader "Weapons (Denis [#STR_EXPANSION_MARKET_TRADER_WEAPONS])" in market zone "Trader Zone" (pos=<6675.160645, 104.603935, 6114.155762>) and got 1.
22:55:25.132 [Market] Player "MrWowaWowa" (id=wBwiybhmqSv3IfINgIr99PhPwxKwXc4RCt6SZurIBXQ=) has sold ammo_545x39 x1 (a04d5f10) at the trader "Weapons (Denis [#STR_EXPANSION_MARKET_TRADER_WEAPONS])" in market zone "Trader Zone" (pos=<6675.160645, 104.603935, 6114.155762>) and got 1.
22:55:25.937 [Market] Player "MrWowaWowa" (id=wBwiybhmqSv3IfINgIr99PhPwxKwXc4RCt6SZurIBXQ=) has sold ammo_545x39 x1 (a04d5f10) at the trader "Weapons (Denis [#STR_EXPANSION_MARKET_TRADER_WEAPONS])" in market zone "Trader Zone" (pos=<6675.160645, 104.603935, 6114.155762>) and got 1.
22:55:26.281 [Market] Player "MrWowaWowa" (id=wBwiybhmqSv3IfINgIr99PhPwxKwXc4RCt6SZurIBXQ=) has sold ammo_545x39 x1 (a04d5f10) at the trader "Weapons (Denis [#STR_EXPANSION_MARKET_TRADER_WEAPONS])" in market zone "Trader Zone" (pos=<6675.160645, 104.603935, 6114.155762>) and got 1.
22:55:27.062 [Market] Player "MrWowaWowa" (id=wBwiybhmqSv3IfINgIr99PhPwxKwXc4RCt6SZurIBXQ=) has sold ammo_545x39 x1 (a04d5f10) at the trader "Weapons (Denis [#STR_EXPANSION_MARKET_TRADER_WEAPONS])" in market zone "Trader Zone" (pos=<6675.160645, 104.603935, 6114.155762>) and got 1.
22:56:06.671 [Market] Player "Eric" (id=DT1QFut1v8UN48skN3UnroicVIl_5hTizZZZSwLRxk8=) has bought glock19 x1 (992dd4b0, Mag_Glock_15Rnd<9b40e0e0>, ammo_9x19 x15) from the trader "Weapons (Denis [#STR_EXPANSION_MARKET_TRADER_WEAPONS])" in market zone "Trader Zone" (pos=<6675.160645, 104.603935, 6114.155762>) for a price of 370.
22:57:55.031 [Market] Player "MrWowaWowa" (id=wBwiybhmqSv3IfINgIr99PhPwxKwXc4RCt6SZurIBXQ=) has sold chemlight_white x1 (9f4d6eb0) at the trader "Components (Cyril [#STR_EXPANSION_MARKET_TRADER_COMPONENTS])" in market zone "Trader Zone" (pos=<6675.160645, 104.603935, 6114.155762>) and got 1.
22:57:58.109 [Market] Player "MrWowaWowa" (id=wBwiybhmqSv3IfINgIr99PhPwxKwXc4RCt6SZurIBXQ=) has sold roadflare x1 (a0cb5890) at the trader "Components (Cyril [#STR_EXPANSION_MARKET_TRADER_COMPONENTS])" in market zone "Trader Zone" (pos=<6675.160645, 104.603935, 6114.155762>) and got 3.
22:58:03.265 [Market] Player "Eric" (id=DT1QFut1v8UN48skN3UnroicVIl_5hTizZZZSwLRxk8=) has bought mag_scout_5rnd x1 (94d30610, ammo_556x45 x5) from the trader "Attachments (Jose [#STR_EXPANSION_MARKET_TRADER_ATTACHMENTS])" in market zone "Trader Zone" (pos=<6675.160645, 104.603935, 6114.155762>) for a price of 260.
22:58:10.804 [Market] Player "MrWowaWowa" (id=wBwiybhmqSv3IfINgIr99PhPwxKwXc4RCt6SZurIBXQ=) has sold mediumgascanister x1 (9f4dcb30) at the trader "Components (Cyril [#STR_EXPANSION_MARKET_TRADER_COMPONENTS])" in market zone "Trader Zone" (pos=<6675.160645, 104.603935, 6114.155762>) and got 37.
22:58:11.984 [Market] Player "MrWowaWowa" (id=wBwiybhmqSv3IfINgIr99PhPwxKwXc4RCt6SZurIBXQ=) has sold paper x1 (9f6abc80) at the trader "Components (Cyril [#STR_EXPANSION_MARKET_TRADER_COMPONENTS])" in market zone "Trader Zone" (pos=<6675.160645, 104.603935, 6114.155762>) and got 1.
22:58:29.718 [Market] Player "MrWowaWowa" (id=wBwiybhmqSv3IfINgIr99PhPwxKwXc4RCt6SZurIBXQ=) has sold epoxyputty x1 (9f350ea0) at the trader "Components (Cyril [#STR_EXPANSION_MARKET_TRADER_COMPONENTS])" in market zone "Trader Zone" (pos=<6675.160645, 104.603935, 6114.155762>) and got 8.
22:58:35.804 [Market] Player "MrWowaWowa" (id=wBwiybhmqSv3IfINgIr99PhPwxKwXc4RCt6SZurIBXQ=) has sold ducttape x1 (9f4d4070) at the trader "Components (Cyril [#STR_EXPANSION_MARKET_TRADER_COMPONENTS])" in market zone "Trader Zone" (pos=<6675.160645, 104.603935, 6114.155762>) and got 7.
22:58:40.234 [Market] Player "Eric" (id=DT1QFut1v8UN48skN3UnroicVIl_5hTizZZZSwLRxk8=) has bought pistolsuppressor x1 (94d15a40) from the trader "Attachments (Jose [#STR_EXPANSION_MARKET_TRADER_ATTACHMENTS])" in market zone "Trader Zone" (pos=<6675.160645, 104.603935, 6114.155762>) for a price of 15.
22:58:49.828 [Market] Player "Eric" (id=DT1QFut1v8UN48skN3UnroicVIl_5hTizZZZSwLRxk8=) has bought expansiondeltapointoptic x1 (96cce140) from the trader "Attachments (Jose [#STR_EXPANSION_MARKET_TRADER_ATTACHMENTS])" in market zone "Trader Zone" (pos=<6675.160645, 104.603935, 6114.155762>) for a price of 150.
22:59:34.804 [Market] Player "Eric" (id=DT1QFut1v8UN48skN3UnroicVIl_5hTizZZZSwLRxk8=) has bought ammobox_380_35rnd x1 (94999ed0) from the trader "Weapons (Denis [#STR_EXPANSION_MARKET_TRADER_WEAPONS])" in market zone "Trader Zone" (pos=<6675.160645, 104.603935, 6114.155762>) for a price of 56.
22:59:36.750 [Market] Player "Eric" (id=DT1QFut1v8UN48skN3UnroicVIl_5hTizZZZSwLRxk8=) has bought ammobox_380_35rnd x1 (9ae64600) from the trader "Weapons (Denis [#STR_EXPANSION_MARKET_TRADER_WEAPONS])" in market zone "Trader Zone" (pos=<6675.160645, 104.603935, 6114.155762>) for a price of 56.
22:59:37.882 [Market] Player "Eric" (id=DT1QFut1v8UN48skN3UnroicVIl_5hTizZZZSwLRxk8=) has bought ammobox_556x45_20rnd x1 (9f6abc80) from the trader "Weapons (Denis [#STR_EXPANSION_MARKET_TRADER_WEAPONS])" in market zone "Trader Zone" (pos=<6675.160645, 104.603935, 6114.155762>) for a price of 32.
22:59:40.812 [Market] Player "Eric" (id=DT1QFut1v8UN48skN3UnroicVIl_5hTizZZZSwLRxk8=) has bought ammobox_9x19_25rnd x1 (9ec80600) from the trader "Weapons (Denis [#STR_EXPANSION_MARKET_TRADER_WEAPONS])" in market zone "Trader Zone" (pos=<6675.160645, 104.603935, 6114.155762>) for a price of 40.
22:59:41.703 [Market] Player "Eric" (id=DT1QFut1v8UN48skN3UnroicVIl_5hTizZZZSwLRxk8=) has bought ammobox_9x19_25rnd x1 (9719eeb0) from the trader "Weapons (Denis [#STR_EXPANSION_MARKET_TRADER_WEAPONS])" in market zone "Trader Zone" (pos=<6675.160645, 104.603935, 6114.155762>) for a price of 40.
22:59:42.828 [Market] Player "Eric" (id=DT1QFut1v8UN48skN3UnroicVIl_5hTizZZZSwLRxk8=) has bought ammobox_380_35rnd x1 (9d7a65d0) from the trader "Weapons (Denis [#STR_EXPANSION_MARKET_TRADER_WEAPONS])" in market zone "Trader Zone" (pos=<6675.160645, 104.603935, 6114.155762>) for a price of 56.
23:00:59.312 [Market] Player "Eric" (id=DT1QFut1v8UN48skN3UnroicVIl_5hTizZZZSwLRxk8=) has bought weaponcleaningkit x1 (a0b39b50) from the trader "Components (Cyril [#STR_EXPANSION_MARKET_TRADER_COMPONENTS])" in market zone "Trader Zone" (pos=<6675.160645, 104.603935, 6114.155762>) for a price of 8.
23:01:34.328 [Market] Player "Eric" (id=DT1QFut1v8UN48skN3UnroicVIl_5hTizZZZSwLRxk8=) has sold weaponcleaningkit x1 (a0b39b50) at the trader "Components (Cyril [#STR_EXPANSION_MARKET_TRADER_COMPONENTS])" in market zone "Trader Zone" (pos=<6675.160645, 104.603935, 6114.155762>) and got 6.
23:01:37.234 [Market] Player "MrWowaWowa" (id=wBwiybhmqSv3IfINgIr99PhPwxKwXc4RCt6SZurIBXQ=) has bought sewingkit x1 (94ab68c0) from the trader "Components (Cyril [#STR_EXPANSION_MARKET_TRADER_COMPONENTS])" in market zone "Trader Zone" (pos=<6675.160645, 104.603935, 6114.155762>) for a price of 4.
23:02:13.757 [Market] Player "Eric" (id=DT1QFut1v8UN48skN3UnroicVIl_5hTizZZZSwLRxk8=) has bought electronicrepairkit x1 (99133410) from the trader "Components (Cyril [#STR_EXPANSION_MARKET_TRADER_COMPONENTS])" in market zone "Trader Zone" (pos=<6675.160645, 104.603935, 6114.155762>) for a price of 35.
23:02:33.968 [Market] Player "MrWowaWowa" (id=wBwiybhmqSv3IfINgIr99PhPwxKwXc4RCt6SZurIBXQ=) has bought sewingkit x1 (929faf60) from the trader "Components (Cyril [#STR_EXPANSION_MARKET_TRADER_COMPONENTS])" in market zone "Trader Zone" (pos=<6675.160645, 104.603935, 6114.155762>) for a price of 4.
23:02:35.273 [Market] Player "MrWowaWowa" (id=wBwiybhmqSv3IfINgIr99PhPwxKwXc4RCt6SZurIBXQ=) has bought weaponcleaningkit x1 (92a05cd0) from the trader "Components (Cyril [#STR_EXPANSION_MARKET_TRADER_COMPONENTS])" in market zone "Trader Zone" (pos=<6675.160645, 104.603935, 6114.155762>) for a price of 8.
23:02:37.085 [Market] Player "MrWowaWowa" (id=wBwiybhmqSv3IfINgIr99PhPwxKwXc4RCt6SZurIBXQ=) has bought leathersewingkit x1 (92a0a230) from the trader "Components (Cyril [#STR_EXPANSION_MARKET_TRADER_COMPONENTS])" in market zone "Trader Zone" (pos=<6675.160645, 104.603935, 6114.155762>) for a price of 5.
23:03:44.781 [Market] Player "Eric" (id=DT1QFut1v8UN48skN3UnroicVIl_5hTizZZZSwLRxk8=) has sold electronicrepairkit x1 (99133410) at the trader "Components (Cyril [#STR_EXPANSION_MARKET_TRADER_COMPONENTS])" in market zone "Trader Zone" (pos=<6675.160645, 104.603935, 6114.155762>) and got 6.
23:03:51.179 [Market] Player "Eric" (id=DT1QFut1v8UN48skN3UnroicVIl_5hTizZZZSwLRxk8=) has bought sewingkit x1 (8fb6fc70) from the trader "Components (Cyril [#STR_EXPANSION_MARKET_TRADER_COMPONENTS])" in market zone "Trader Zone" (pos=<6675.160645, 104.603935, 6114.155762>) for a price of 4.
23:04:32.453 [Market] Player "Eric" (id=DT1QFut1v8UN48skN3UnroicVIl_5hTizZZZSwLRxk8=) has bought leathersewingkit x1 (9b3f7a70) from the trader "Components (Cyril [#STR_EXPANSION_MARKET_TRADER_COMPONENTS])" in market zone "Trader Zone" (pos=<6675.160645, 104.603935, 6114.155762>) for a price of 5.
23:06:37.125 [Market] Player "MrWowaWowa" (id=wBwiybhmqSv3IfINgIr99PhPwxKwXc4RCt6SZurIBXQ=) has sold leathersewingkit x1 (92a0a230) at the trader "Components (Cyril [#STR_EXPANSION_MARKET_TRADER_COMPONENTS])" in market zone "Trader Zone" (pos=<6675.160645, 104.603935, 6114.155762>) and got 1.
23:06:37.906 [Market] Player "MrWowaWowa" (id=wBwiybhmqSv3IfINgIr99PhPwxKwXc4RCt6SZurIBXQ=) has sold weaponcleaningkit x1 (92a05cd0) at the trader "Components (Cyril [#STR_EXPANSION_MARKET_TRADER_COMPONENTS])" in market zone "Trader Zone" (pos=<6675.160645, 104.603935, 6114.155762>) and got 3.
23:08:02.156 [Market] Player "MrWowaWowa" (id=wBwiybhmqSv3IfINgIr99PhPwxKwXc4RCt6SZurIBXQ=) has bought ammobox_545x39_20rnd x1 (a0c596c0) from the trader "Weapons (Denis [#STR_EXPANSION_MARKET_TRADER_WEAPONS])" in market zone "Trader Zone" (pos=<6675.160645, 104.603935, 6114.155762>) for a price of 32.
23:08:02.859 [Market] Player "MrWowaWowa" (id=wBwiybhmqSv3IfINgIr99PhPwxKwXc4RCt6SZurIBXQ=) has bought ammobox_545x39_20rnd x1 (a0c6f1a0) from the trader "Weapons (Denis [#STR_EXPANSION_MARKET_TRADER_WEAPONS])" in market zone "Trader Zone" (pos=<6675.160645, 104.603935, 6114.155762>) for a price of 32.
23:08:03.539 [Market] Player "MrWowaWowa" (id=wBwiybhmqSv3IfINgIr99PhPwxKwXc4RCt6SZurIBXQ=) has bought ammobox_545x39_20rnd x1 (a0c72b70) from the trader "Weapons (Denis [#STR_EXPANSION_MARKET_TRADER_WEAPONS])" in market zone "Trader Zone" (pos=<6675.160645, 104.603935, 6114.155762>) for a price of 32.
23:08:04.968 [Market] Player "MrWowaWowa" (id=wBwiybhmqSv3IfINgIr99PhPwxKwXc4RCt6SZurIBXQ=) has bought ammobox_545x39_20rnd x1 (a0c6fd30) from the trader "Weapons (Denis [#STR_EXPANSION_MARKET_TRADER_WEAPONS])" in market zone "Trader Zone" (pos=<6675.160645, 104.603935, 6114.155762>) for a price of 32.
23:08:19.523 [Market] Player "MrWowaWowa" (id=wBwiybhmqSv3IfINgIr99PhPwxKwXc4RCt6SZurIBXQ=) has sold paper x1 (99a7e2a0) at the trader "Components (Cyril [#STR_EXPANSION_MARKET_TRADER_COMPONENTS])" in market zone "Trader Zone" (pos=<6675.160645, 104.603935, 6114.155762>) and got 1.
23:08:20.132 [Market] Player "MrWowaWowa" (id=wBwiybhmqSv3IfINgIr99PhPwxKwXc4RCt6SZurIBXQ=) has sold paper x1 (9c9f57c0) at the trader "Components (Cyril [#STR_EXPANSION_MARKET_TRADER_COMPONENTS])" in market zone "Trader Zone" (pos=<6675.160645, 104.603935, 6114.155762>) and got 1.
23:08:20.445 [Market] Player "MrWowaWowa" (id=wBwiybhmqSv3IfINgIr99PhPwxKwXc4RCt6SZurIBXQ=) has sold paper x1 (9c9fd6f0) at the trader "Components (Cyril [#STR_EXPANSION_MARKET_TRADER_COMPONENTS])" in market zone "Trader Zone" (pos=<6675.160645, 104.603935, 6114.155762>) and got 1.
23:08:47.484 [Market] Player "Eric" (id=DT1QFut1v8UN48skN3UnroicVIl_5hTizZZZSwLRxk8=) has bought orientalmachete x1 (99c58790) from the trader "Weapons (Denis [#STR_EXPANSION_MARKET_TRADER_WEAPONS])" in market zone "Trader Zone" (pos=<6675.160645, 104.603935, 6114.155762>) for a price of 12.
23:10:03.281 [Market] Player "Eric" (id=DT1QFut1v8UN48skN3UnroicVIl_5hTizZZZSwLRxk8=) has bought armband_pink x1 (9f6a2630) from the trader "Clothing (Naomi [#STR_EXPANSION_MARKET_TRADER_CLOTHING])" in market zone "Trader Zone" (pos=<6675.160645, 104.603935, 6114.155762>) for a price of 15.
23:10:04.273 [Market] Player "Eric" (id=DT1QFut1v8UN48skN3UnroicVIl_5hTizZZZSwLRxk8=) has bought armband_pink x1 (a0f16880) from the trader "Clothing (Naomi [#STR_EXPANSION_MARKET_TRADER_CLOTHING])" in market zone "Trader Zone" (pos=<6675.160645, 104.603935, 6114.155762>) for a price of 15.
23:10:21.250 [Market] Player "Eric" (id=DT1QFut1v8UN48skN3UnroicVIl_5hTizZZZSwLRxk8=) has bought porkcan x1 (a06834d0) from the trader "Consumables (Linda [#STR_EXPANSION_MARKET_TRADER_CONSUMABLES])" in market zone "Trader Zone" (pos=<6675.160645, 104.603935, 6114.155762>) for a price of 15.
23:10:21.703 [Market] Player "Eric" (id=DT1QFut1v8UN48skN3UnroicVIl_5hTizZZZSwLRxk8=) has bought porkcan x1 (a069c2e0) from the trader "Consumables (Linda [#STR_EXPANSION_MARKET_TRADER_CONSUMABLES])" in market zone "Trader Zone" (pos=<6675.160645, 104.603935, 6114.155762>) for a price of 15.
23:10:22.257 [Market] Player "Eric" (id=DT1QFut1v8UN48skN3UnroicVIl_5hTizZZZSwLRxk8=) has bought porkcan x1 (a0695650) from the trader "Consumables (Linda [#STR_EXPANSION_MARKET_TRADER_CONSUMABLES])" in market zone "Trader Zone" (pos=<6675.160645, 104.603935, 6114.155762>) for a price of 15.
23:10:27.023 [Market] Player "Eric" (id=DT1QFut1v8UN48skN3UnroicVIl_5hTizZZZSwLRxk8=) has bought canteen x1 (a06aa810) from the trader "Consumables (Linda [#STR_EXPANSION_MARKET_TRADER_CONSUMABLES])" in market zone "Trader Zone" (pos=<6675.160645, 104.603935, 6114.155762>) for a price of 18.
23:10:29.242 [Market] Player "Eric" (id=DT1QFut1v8UN48skN3UnroicVIl_5hTizZZZSwLRxk8=) has bought canteen x1 (9b8c4d00) from the trader "Consumables (Linda [#STR_EXPANSION_MARKET_TRADER_CONSUMABLES])" in market zone "Trader Zone" (pos=<6675.160645, 104.603935, 6114.155762>) for a price of 18.
23:10:33.695 [Market] Player "Eric" (id=DT1QFut1v8UN48skN3UnroicVIl_5hTizZZZSwLRxk8=) has bought sodacan_cola x1 (9b8d0e00) from the trader "Consumables (Linda [#STR_EXPANSION_MARKET_TRADER_CONSUMABLES])" in market zone "Trader Zone" (pos=<6675.160645, 104.603935, 6114.155762>) for a price of 10.
23:10:55.773 [Market] Player "MrWowaWowa" (id=wBwiybhmqSv3IfINgIr99PhPwxKwXc4RCt6SZurIBXQ=) has bought ak_suppressor x1 (9ed72eb0) from the trader "Attachments (Jose [#STR_EXPANSION_MARKET_TRADER_ATTACHMENTS])" in market zone "Trader Zone" (pos=<6675.160645, 104.603935, 6114.155762>) for a price of 25.
23:11:01.367 [Market] Player "Eric" (id=DT1QFut1v8UN48skN3UnroicVIl_5hTizZZZSwLRxk8=) has bought vitaminbottle x1 (b2efbc50) from the trader "Medicals (Mirek [#STR_EXPANSION_MARKET_TRADER_MEDICALS])" in market zone "Trader Zone" (pos=<6675.160645, 104.603935, 6114.155762>) for a price of 6.
23:11:39.781 [Market] Player "MrWowaWowa" (id=wBwiybhmqSv3IfINgIr99PhPwxKwXc4RCt6SZurIBXQ=) has bought mag_ak74_30rnd x1 (99a5fd00, ammo_545x39 x30) from the trader "Attachments (Jose [#STR_EXPANSION_MARKET_TRADER_ATTACHMENTS])" in market zone "Trader Zone" (pos=<6675.160645, 104.603935, 6114.155762>) for a price of 280.
23:12:19.906 [Market] Player "Eric" (id=DT1QFut1v8UN48skN3UnroicVIl_5hTizZZZSwLRxk8=) has bought battery9v x1 (926f4450) from the trader "Components (Cyril [#STR_EXPANSION_MARKET_TRADER_COMPONENTS])" in market zone "Trader Zone" (pos=<6675.160645, 104.603935, 6114.155762>) for a price of 10.
23:12:20.984 [Market] Player "Eric" (id=DT1QFut1v8UN48skN3UnroicVIl_5hTizZZZSwLRxk8=) has bought battery9v x1 (953e4400) from the trader "Components (Cyril [#STR_EXPANSION_MARKET_TRADER_COMPONENTS])" in market zone "Trader Zone" (pos=<6675.160645, 104.603935, 6114.155762>) for a price of 10.
23:12:36.578 [Market] Player "MrWowaWowa" (id=wBwiybhmqSv3IfINgIr99PhPwxKwXc4RCt6SZurIBXQ=) has bought mag_glock_15rnd x1 (96cebb40, ammo_9x19 x15) from the trader "Attachments (Jose [#STR_EXPANSION_MARKET_TRADER_ATTACHMENTS])" in market zone "Trader Zone" (pos=<6675.160645, 104.603935, 6114.155762>) for a price of 70.
23:12:37.226 [Market] Player "MrWowaWowa" (id=wBwiybhmqSv3IfINgIr99PhPwxKwXc4RCt6SZurIBXQ=) has bought mag_glock_15rnd x1 (929f7590, ammo_9x19 x15) from the trader "Attachments (Jose [#STR_EXPANSION_MARKET_TRADER_ATTACHMENTS])" in market zone "Trader Zone" (pos=<6675.160645, 104.603935, 6114.155762>) for a price of 70.
23:13:34.484 [ATM] Player "Eric" (id=DT1QFut1v8UN48skN3UnroicVIl_5hTizZZZSwLRxk8=) has deposited 1642 on his ATM account.
23:13:48.093 [Market] Player "MrWowaWowa" (id=wBwiybhmqSv3IfINgIr99PhPwxKwXc4RCt6SZurIBXQ=) has bought ammobox_00buck_10rnd x1 (a08dc0f0) from the trader "Weapons (Denis [#STR_EXPANSION_MARKET_TRADER_WEAPONS])" in market zone "Trader Zone" (pos=<6675.160645, 104.603935, 6114.155762>) for a price of 40.
23:13:48.671 [Market] Player "MrWowaWowa" (id=wBwiybhmqSv3IfINgIr99PhPwxKwXc4RCt6SZurIBXQ=) has bought ammobox_00buck_10rnd x1 (a08e11e0) from the trader "Weapons (Denis [#STR_EXPANSION_MARKET_TRADER_WEAPONS])" in market zone "Trader Zone" (pos=<6675.160645, 104.603935, 6114.155762>) for a price of 40.
23:13:58.242 [Market] Player "MrWowaWowa" (id=wBwiybhmqSv3IfINgIr99PhPwxKwXc4RCt6SZurIBXQ=) has bought ammobox_9x19_25rnd x1 (a08b7340) from the trader "Weapons (Denis [#STR_EXPANSION_MARKET_TRADER_WEAPONS])" in market zone "Trader Zone" (pos=<6675.160645, 104.603935, 6114.155762>) for a price of 40.
23:13:58.742 [Market] Player "MrWowaWowa" (id=wBwiybhmqSv3IfINgIr99PhPwxKwXc4RCt6SZurIBXQ=) has bought ammobox_9x19_25rnd x1 (9d347700) from the trader "Weapons (Denis [#STR_EXPANSION_MARKET_TRADER_WEAPONS])" in market zone "Trader Zone" (pos=<6675.160645, 104.603935, 6114.155762>) for a price of 40.
23:19:19.203 [Market] Player "MrWowaWowa" (id=wBwiybhmqSv3IfINgIr99PhPwxKwXc4RCt6SZurIBXQ=) has sold canteen x1 (a06aa810) at the trader "Consumables (Linda [#STR_EXPANSION_MARKET_TRADER_CONSUMABLES])" in market zone "Trader Zone" (pos=<6675.160645, 104.603935, 6114.155762>) and got 3.
23:19:25.882 [Market] Player "MrWowaWowa" (id=wBwiybhmqSv3IfINgIr99PhPwxKwXc4RCt6SZurIBXQ=) has bought canteen x1 (9d07b660) from the trader "Consumables (Linda [#STR_EXPANSION_MARKET_TRADER_CONSUMABLES])" in market zone "Trader Zone" (pos=<6675.160645, 104.603935, 6114.155762>) for a price of 18.
23:19:26.734 [Market] Player "MrWowaWowa" (id=wBwiybhmqSv3IfINgIr99PhPwxKwXc4RCt6SZurIBXQ=) has bought canteen x1 (9d0725a0) from the trader "Consumables (Linda [#STR_EXPANSION_MARKET_TRADER_CONSUMABLES])" in market zone "Trader Zone" (pos=<6675.160645, 104.603935, 6114.155762>) for a price of 18.
23:20:20.000 [Market] Player "MrWowaWowa" (id=wBwiybhmqSv3IfINgIr99PhPwxKwXc4RCt6SZurIBXQ=) has sold tetracyclineantibiotics x1 (91b80720) at the trader "Medicals (Mirek [#STR_EXPANSION_MARKET_TRADER_MEDICALS])" in market zone "Trader Zone" (pos=<6675.160645, 104.603935, 6114.155762>) and got 4.
23:20:37.468 [Market] Player "MrWowaWowa" (id=wBwiybhmqSv3IfINgIr99PhPwxKwXc4RCt6SZurIBXQ=) has bought bloodtestkit x1 (a05559b0) from the trader "Medicals (Mirek [#STR_EXPANSION_MARKET_TRADER_MEDICALS])" in market zone "Trader Zone" (pos=<6675.160645, 104.603935, 6114.155762>) for a price of 5.
23:20:48.765 [Market] Player "MrWowaWowa" (id=wBwiybhmqSv3IfINgIr99PhPwxKwXc4RCt6SZurIBXQ=) has bought tetracyclineantibiotics x1 (94ca5d30) from the trader "Medicals (Mirek [#STR_EXPANSION_MARKET_TRADER_MEDICALS])" in market zone "Trader Zone" (pos=<6675.160645, 104.603935, 6114.155762>) for a price of 8.
23:21:08.218 [Market] Player "MrWowaWowa" (id=wBwiybhmqSv3IfINgIr99PhPwxKwXc4RCt6SZurIBXQ=) has bought vitaminbottle x1 (94cb6690) from the trader "Medicals (Mirek [#STR_EXPANSION_MARKET_TRADER_MEDICALS])" in market zone "Trader Zone" (pos=<6675.160645, 104.603935, 6114.155762>) for a price of 6.
23:21:27.945 [Market] Player "MrWowaWowa" (id=wBwiybhmqSv3IfINgIr99PhPwxKwXc4RCt6SZurIBXQ=) has bought bloodtestkit x1 (a07375e0) from the trader "Medicals (Mirek [#STR_EXPANSION_MARKET_TRADER_MEDICALS])" in market zone "Trader Zone" (pos=<6675.160645, 104.603935, 6114.155762>) for a price of 5.
23:22:37.640 [Market] Player "MrWowaWowa" (id=wBwiybhmqSv3IfINgIr99PhPwxKwXc4RCt6SZurIBXQ=) has bought porkcan x1 (9cbb9550) from the trader "Consumables (Linda [#STR_EXPANSION_MARKET_TRADER_CONSUMABLES])" in market zone "Trader Zone" (pos=<6675.160645, 104.603935, 6114.155762>) for a price of 15.
23:22:37.976 [Market] Player "MrWowaWowa" (id=wBwiybhmqSv3IfINgIr99PhPwxKwXc4RCt6SZurIBXQ=) has bought porkcan x1 (9cbcf320) from the trader "Consumables (Linda [#STR_EXPANSION_MARKET_TRADER_CONSUMABLES])" in market zone "Trader Zone" (pos=<6675.160645, 104.603935, 6114.155762>) for a price of 15.
23:22:38.406 [Market] Player "MrWowaWowa" (id=wBwiybhmqSv3IfINgIr99PhPwxKwXc4RCt6SZurIBXQ=) has bought porkcan x1 (9cbba160) from the trader "Consumables (Linda [#STR_EXPANSION_MARKET_TRADER_CONSUMABLES])" in market zone "Trader Zone" (pos=<6675.160645, 104.603935, 6114.155762>) for a price of 15.
23:22:39.054 [Market] Player "MrWowaWowa" (id=wBwiybhmqSv3IfINgIr99PhPwxKwXc4RCt6SZurIBXQ=) has bought porkcan x1 (9b8c04a0) from the trader "Consumables (Linda [#STR_EXPANSION_MARKET_TRADER_CONSUMABLES])" in market zone "Trader Zone" (pos=<6675.160645, 104.603935, 6114.155762>) for a price of 15.
23:22:39.875 [Market] Player "MrWowaWowa" (id=wBwiybhmqSv3IfINgIr99PhPwxKwXc4RCt6SZurIBXQ=) has bought porkcan x1 (9b8f7530) from the trader "Consumables (Linda [#STR_EXPANSION_MARKET_TRADER_CONSUMABLES])" in market zone "Trader Zone" (pos=<6675.160645, 104.603935, 6114.155762>) for a price of 15.
23:25:11.484 [Market] Player "MrWowaWowa" (id=wBwiybhmqSv3IfINgIr99PhPwxKwXc4RCt6SZurIBXQ=) has bought headtorch_black x1 (91dfc530, Battery9V<a0f24430>) from the trader "Components (Cyril [#STR_EXPANSION_MARKET_TRADER_COMPONENTS])" in market zone "Trader Zone" (pos=<6675.160645, 104.603935, 6114.155762>) for a price of 50.
23:25:14.304 [Market] Player "MrWowaWowa" (id=wBwiybhmqSv3IfINgIr99PhPwxKwXc4RCt6SZurIBXQ=) has bought battery9v x1 (99c5b5d0) from the trader "Components (Cyril [#STR_EXPANSION_MARKET_TRADER_COMPONENTS])" in market zone "Trader Zone" (pos=<6675.160645, 104.603935, 6114.155762>) for a price of 10.
23:25:14.789 [Market] Player "MrWowaWowa" (id=wBwiybhmqSv3IfINgIr99PhPwxKwXc4RCt6SZurIBXQ=) has bought battery9v x1 (971c47f0) from the trader "Components (Cyril [#STR_EXPANSION_MARKET_TRADER_COMPONENTS])" in market zone "Trader Zone" (pos=<6675.160645, 104.603935, 6114.155762>) for a price of 10.
23:25:49.140 [Market] Player "MrWowaWowa" (id=wBwiybhmqSv3IfINgIr99PhPwxKwXc4RCt6SZurIBXQ=) has sold battery9v x1 (9f693360) at the trader "Components (Cyril [#STR_EXPANSION_MARKET_TRADER_COMPONENTS])" in market zone "Trader Zone" (pos=<6675.160645, 104.603935, 6114.155762>) and got 4.
23:25:49.867 [Market] Player "MrWowaWowa" (id=wBwiybhmqSv3IfINgIr99PhPwxKwXc4RCt6SZurIBXQ=) has sold battery9v x1 (9cb9f560) at the trader "Components (Cyril [#STR_EXPANSION_MARKET_TRADER_COMPONENTS])" in market zone "Trader Zone" (pos=<6675.160645, 104.603935, 6114.155762>) and got 1.
23:26:38.367 [Market] Player "MrWowaWowa" (id=wBwiybhmqSv3IfINgIr99PhPwxKwXc4RCt6SZurIBXQ=) has bought platecarrierholster x1 (9f6a3d50) from the trader "Clothing (Naomi [#STR_EXPANSION_MARKET_TRADER_CLOTHING])" in market zone "Trader Zone" (pos=<6675.160645, 104.603935, 6114.155762>) for a price of 60.
23:27:34.000 [ATM] Player "MrWowaWowa" (id=wBwiybhmqSv3IfINgIr99PhPwxKwXc4RCt6SZurIBXQ=) has withdrawn 200 from his ATM account.
23:28:00.320 [Market] Player "MrWowaWowa" (id=wBwiybhmqSv3IfINgIr99PhPwxKwXc4RCt6SZurIBXQ=) has bought platecarrierpouches x1 (9f162de0) from the trader "Clothing (Naomi [#STR_EXPANSION_MARKET_TRADER_CLOTHING])" in market zone "Trader Zone" (pos=<6675.160645, 104.603935, 6114.155762>) for a price of 100.
23:28:35.429 [ATM] Player "MrWowaWowa" (id=wBwiybhmqSv3IfINgIr99PhPwxKwXc4RCt6SZurIBXQ=) has deposited 111 on his ATM account.
23:29:07.468 [Safezone] Player "{1:name}" (id={1:id} pos={1:position}) left the safezone
23:29:10.828 [Safezone] Player "{1:name}" (id={1:id} pos={1:position}) left the safezone
00:40:27.500 [Safezone] Player "DUSTY PINKY" (id=s8r0CBUvA4m0dDsoAZ-_G4y6F5w2f9qLRLI59dyQZnI= pos=<6682.87, 102.5, 6147.22>) entered the safezone
00:42:17.289 [Market] Player "DUSTY PINKY" (id=s8r0CBUvA4m0dDsoAZ-_G4y6F5w2f9qLRLI59dyQZnI=) has bought fishingrod x1 (9976b7a0) from the trader "Fishing (Baty [#STR_EXPANSION_MARKET_TRADER_FISHING])" in market zone "Trader Zone" (pos=<6675.160645, 104.603935, 6114.155762>) for a price of 60.
00:46:41.875 [Market] Player "DUSTY PINKY" (id=s8r0CBUvA4m0dDsoAZ-_G4y6F5w2f9qLRLI59dyQZnI=) has bought machete x1 (9ed82180) from the trader "Weapons (Denis [#STR_EXPANSION_MARKET_TRADER_WEAPONS])" in market zone "Trader Zone" (pos=<6675.160645, 104.603935, 6114.155762>) for a price of 12.
00:46:49.171 [Market] Player "DUSTY PINKY" (id=s8r0CBUvA4m0dDsoAZ-_G4y6F5w2f9qLRLI59dyQZnI=) has bought combatknife x1 (eb971720) from the trader "Weapons (Denis [#STR_EXPANSION_MARKET_TRADER_WEAPONS])" in market zone "Trader Zone" (pos=<6675.160645, 104.603935, 6114.155762>) for a price of 10.
00:48:04.898 [Market] Player "DUSTY PINKY" (id=s8r0CBUvA4m0dDsoAZ-_G4y6F5w2f9qLRLI59dyQZnI=) has bought expansioncodelock x1 (9c9f1260) from the trader "Components (Cyril [#STR_EXPANSION_MARKET_TRADER_COMPONENTS])" in market zone "Trader Zone" (pos=<6675.160645, 104.603935, 6114.155762>) for a price of 1500.
00:48:06.601 [Market] Player "DUSTY PINKY" (id=s8r0CBUvA4m0dDsoAZ-_G4y6F5w2f9qLRLI59dyQZnI=) has bought expansioncodelock x1 (a0df8390) from the trader "Components (Cyril [#STR_EXPANSION_MARKET_TRADER_COMPONENTS])" in market zone "Trader Zone" (pos=<6675.160645, 104.603935, 6114.155762>) for a price of 1500.
00:48:49.773 [Market] Player "DUSTY PINKY" (id=s8r0CBUvA4m0dDsoAZ-_G4y6F5w2f9qLRLI59dyQZnI=) has bought leathersewingkit x1 (a0f25b50) from the trader "Components (Cyril [#STR_EXPANSION_MARKET_TRADER_COMPONENTS])" in market zone "Trader Zone" (pos=<6675.160645, 104.603935, 6114.155762>) for a price of 5.
00:48:51.734 [Market] Player "DUSTY PINKY" (id=s8r0CBUvA4m0dDsoAZ-_G4y6F5w2f9qLRLI59dyQZnI=) has bought sewingkit x1 (9b772c00) from the trader "Components (Cyril [#STR_EXPANSION_MARKET_TRADER_COMPONENTS])" in market zone "Trader Zone" (pos=<6675.160645, 104.603935, 6114.155762>) for a price of 4.
00:52:18.101 [Market] Player "DUSTY PINKY" (id=s8r0CBUvA4m0dDsoAZ-_G4y6F5w2f9qLRLI59dyQZnI=) has bought hook x1 (9912cc00) from the trader "Fishing (Baty [#STR_EXPANSION_MARKET_TRADER_FISHING])" in market zone "Trader Zone" (pos=<6675.160645, 104.603935, 6114.155762>) for a price of 7.
00:52:55.414 [Market] Player "DUSTY PINKY" (id=s8r0CBUvA4m0dDsoAZ-_G4y6F5w2f9qLRLI59dyQZnI=) has bought carp x1 (9abfb980) from the trader "Fishing (Baty [#STR_EXPANSION_MARKET_TRADER_FISHING])" in market zone "Trader Zone" (pos=<6675.160645, 104.603935, 6114.155762>) for a price of 20.
00:52:56.312 [Market] Player "DUSTY PINKY" (id=s8r0CBUvA4m0dDsoAZ-_G4y6F5w2f9qLRLI59dyQZnI=) has bought carp x1 (9ac01a00) from the trader "Fishing (Baty [#STR_EXPANSION_MARKET_TRADER_FISHING])" in market zone "Trader Zone" (pos=<6675.160645, 104.603935, 6114.155762>) for a price of 20.
00:52:56.953 [Market] Player "DUSTY PINKY" (id=s8r0CBUvA4m0dDsoAZ-_G4y6F5w2f9qLRLI59dyQZnI=) has bought carp x1 (94cb4e70) from the trader "Fishing (Baty [#STR_EXPANSION_MARKET_TRADER_FISHING])" in market zone "Trader Zone" (pos=<6675.160645, 104.603935, 6114.155762>) for a price of 20.
01:13:04.929 [Safezone] Player "MrWowaWowa" (id=wBwiybhmqSv3IfINgIr99PhPwxKwXc4RCt6SZurIBXQ= pos=<6633.05, 104.08, 6204.04>) entered the safezone
01:13:05.593 [Safezone] Player "Eric" (id=DT1QFut1v8UN48skN3UnroicVIl_5hTizZZZSwLRxk8= pos=<6631.66, 105.43, 6199.96>) entered the safezone
01:13:56.039 [Market] Player "Eric" (id=DT1QFut1v8UN48skN3UnroicVIl_5hTizZZZSwLRxk8=) has sold barbedwire x1 (a0c73700) at the trader "Components (Cyril [#STR_EXPANSION_MARKET_TRADER_COMPONENTS])" in market zone "Trader Zone" (pos=<6675.160645, 104.603935, 6114.155762>) and got 337.
01:15:56.789 [Market] Player "MrWowaWowa" (id=wBwiybhmqSv3IfINgIr99PhPwxKwXc4RCt6SZurIBXQ=) has sold ducttape x1 (9b3fee10) at the trader "Components (Cyril [#STR_EXPANSION_MARKET_TRADER_COMPONENTS])" in market zone "Trader Zone" (pos=<6675.160645, 104.603935, 6114.155762>) and got 11.
01:16:20.335 [Market] Player "Eric" (id=DT1QFut1v8UN48skN3UnroicVIl_5hTizZZZSwLRxk8=) has sold fnx45 x1 (eb9e19a0) at the trader "Weapons (Denis [#STR_EXPANSION_MARKET_TRADER_WEAPONS])" in market zone "Trader Zone" (pos=<6675.160645, 104.603935, 6114.155762>) and got 65.
01:16:28.281 [Market] Player "Eric" (id=DT1QFut1v8UN48skN3UnroicVIl_5hTizZZZSwLRxk8=) has sold ammobox_545x39_20rnd x1 (96a08600) at the trader "Weapons (Denis [#STR_EXPANSION_MARKET_TRADER_WEAPONS])" in market zone "Trader Zone" (pos=<6675.160645, 104.603935, 6114.155762>) and got 6.
01:16:29.289 [Market] Player "Eric" (id=DT1QFut1v8UN48skN3UnroicVIl_5hTizZZZSwLRxk8=) has sold ammobox_545x39_20rnd x1 (a0743a70) at the trader "Weapons (Denis [#STR_EXPANSION_MARKET_TRADER_WEAPONS])" in market zone "Trader Zone" (pos=<6675.160645, 104.603935, 6114.155762>) and got 6.
01:16:31.539 [Market] Player "Eric" (id=DT1QFut1v8UN48skN3UnroicVIl_5hTizZZZSwLRxk8=) has sold ammobox_762x39_20rnd x1 (a055d8e0) at the trader "Weapons (Denis [#STR_EXPANSION_MARKET_TRADER_WEAPONS])" in market zone "Trader Zone" (pos=<6675.160645, 104.603935, 6114.155762>) and got 12.
01:16:32.500 [Market] Player "Eric" (id=DT1QFut1v8UN48skN3UnroicVIl_5hTizZZZSwLRxk8=) has sold ammobox_762x39_20rnd x1 (98e2b0d0) at the trader "Weapons (Denis [#STR_EXPANSION_MARKET_TRADER_WEAPONS])" in market zone "Trader Zone" (pos=<6675.160645, 104.603935, 6114.155762>) and got 6.
01:16:44.867 [Market] Player "Eric" (id=DT1QFut1v8UN48skN3UnroicVIl_5hTizZZZSwLRxk8=) has sold ammobox_12gaslug_10rnd x1 (9cb9f560) at the trader "Weapons (Denis [#STR_EXPANSION_MARKET_TRADER_WEAPONS])" in market zone "Trader Zone" (pos=<6675.160645, 104.603935, 6114.155762>) and got 7.
01:16:45.789 [Market] Player "Eric" (id=DT1QFut1v8UN48skN3UnroicVIl_5hTizZZZSwLRxk8=) has sold ammobox_556x45_20rnd x1 (9b0216c0) at the trader "Weapons (Denis [#STR_EXPANSION_MARKET_TRADER_WEAPONS])" in market zone "Trader Zone" (pos=<6675.160645, 104.603935, 6114.155762>) and got 6.
01:17:20.984 [Market] Player "MrWowaWowa" (id=wBwiybhmqSv3IfINgIr99PhPwxKwXc4RCt6SZurIBXQ=) has sold mag_pp19_64rnd x1 (97454c30, ammo_380 x29) at the trader "Attachments (Jose [#STR_EXPANSION_MARKET_TRADER_ATTACHMENTS])" in market zone "Trader Zone" (pos=<6675.160645, 104.603935, 6114.155762>) and got 47.
01:17:32.078 [Market] Player "Eric" (id=DT1QFut1v8UN48skN3UnroicVIl_5hTizZZZSwLRxk8=) has sold platecarriervest x1 (9ac6cbb0) at the trader "Clothing (Naomi [#STR_EXPANSION_MARKET_TRADER_CLOTHING])" in market zone "Trader Zone" (pos=<6675.160645, 104.603935, 6114.155762>) and got 140.
01:17:46.156 [Market] Player "Eric" (id=DT1QFut1v8UN48skN3UnroicVIl_5hTizZZZSwLRxk8=) has sold gasmask x1 (9b0295f0) at the trader "Clothing (Naomi [#STR_EXPANSION_MARKET_TRADER_CLOTHING])" in market zone "Trader Zone" (pos=<6675.160645, 104.603935, 6114.155762>) and got 85.
01:18:01.570 [Market] Player "Eric" (id=DT1QFut1v8UN48skN3UnroicVIl_5hTizZZZSwLRxk8=) has sold darkmotohelmet_yellow x1 (92079090) at the trader "Clothing (Naomi [#STR_EXPANSION_MARKET_TRADER_CLOTHING])" in market zone "Trader Zone" (pos=<6675.160645, 104.603935, 6114.155762>) and got 67.
01:18:20.156 [Market] Player "Eric" (id=DT1QFut1v8UN48skN3UnroicVIl_5hTizZZZSwLRxk8=) has sold tacticalgloves_black x1 (91ae86b0) at the trader "Clothing (Naomi [#STR_EXPANSION_MARKET_TRADER_CLOTHING])" in market zone "Trader Zone" (pos=<6675.160645, 104.603935, 6114.155762>) and got 19.
01:18:27.125 [Market] Player "MrWowaWowa" (id=wBwiybhmqSv3IfINgIr99PhPwxKwXc4RCt6SZurIBXQ=) has sold sks x1 (992c32b0, PUScopeOptic<96cced50>) at the trader "Weapons (Denis [#STR_EXPANSION_MARKET_TRADER_WEAPONS])" in market zone "Trader Zone" (pos=<6675.160645, 104.603935, 6114.155762>) and got 928.
01:18:46.226 [Market] Player "MrWowaWowa" (id=wBwiybhmqSv3IfINgIr99PhPwxKwXc4RCt6SZurIBXQ=) has sold ammobox_12gaslug_10rnd x1 (96a26ba0) at the trader "Weapons (Denis [#STR_EXPANSION_MARKET_TRADER_WEAPONS])" in market zone "Trader Zone" (pos=<6675.160645, 104.603935, 6114.155762>) and got 15.
01:19:35.867 [Market] Player "Eric" (id=DT1QFut1v8UN48skN3UnroicVIl_5hTizZZZSwLRxk8=) has bought weaponcleaningkit x1 (9915a470) from the trader "Components (Cyril [#STR_EXPANSION_MARKET_TRADER_COMPONENTS])" in market zone "Trader Zone" (pos=<6675.160645, 104.603935, 6114.155762>) for a price of 8.
01:21:10.226 [Market] Player "Eric" (id=DT1QFut1v8UN48skN3UnroicVIl_5hTizZZZSwLRxk8=) has bought electronicrepairkit x1 (a0dde350) from the trader "Components (Cyril [#STR_EXPANSION_MARKET_TRADER_COMPONENTS])" in market zone "Trader Zone" (pos=<6675.160645, 104.603935, 6114.155762>) for a price of 35.
01:21:14.265 [Market] Player "Eric" (id=DT1QFut1v8UN48skN3UnroicVIl_5hTizZZZSwLRxk8=) has bought sewingkit x1 (9b92c250) from the trader "Components (Cyril [#STR_EXPANSION_MARKET_TRADER_COMPONENTS])" in market zone "Trader Zone" (pos=<6675.160645, 104.603935, 6114.155762>) for a price of 4.
01:21:37.484 [Market] Player "Eric" (id=DT1QFut1v8UN48skN3UnroicVIl_5hTizZZZSwLRxk8=) has bought leathersewingkit x1 (8c2d52a0) from the trader "Components (Cyril [#STR_EXPANSION_MARKET_TRADER_COMPONENTS])" in market zone "Trader Zone" (pos=<6675.160645, 104.603935, 6114.155762>) for a price of 5.
01:21:47.210 [Market] Player "Eric" (id=DT1QFut1v8UN48skN3UnroicVIl_5hTizZZZSwLRxk8=) has sold camonet x1 (9d50e980) at the trader "Components (Cyril [#STR_EXPANSION_MARKET_TRADER_COMPONENTS])" in market zone "Trader Zone" (pos=<6675.160645, 104.603935, 6114.155762>) and got 225.
01:22:31.281 [Market] Player "MrWowaWowa" (id=wBwiybhmqSv3IfINgIr99PhPwxKwXc4RCt6SZurIBXQ=) has bought handcuffkeys x1 (92079c20) from the trader "Components (Cyril [#STR_EXPANSION_MARKET_TRADER_COMPONENTS])" in market zone "Trader Zone" (pos=<6675.160645, 104.603935, 6114.155762>) for a price of 35.
01:22:56.585 [Market] Player "MrWowaWowa" (id=wBwiybhmqSv3IfINgIr99PhPwxKwXc4RCt6SZurIBXQ=) has bought weaponcleaningkit x1 (98e22610) from the trader "Components (Cyril [#STR_EXPANSION_MARKET_TRADER_COMPONENTS])" in market zone "Trader Zone" (pos=<6675.160645, 104.603935, 6114.155762>) for a price of 8.
01:24:07.718 [Market] Player "MrWowaWowa" (id=wBwiybhmqSv3IfINgIr99PhPwxKwXc4RCt6SZurIBXQ=) has sold weaponcleaningkit x1 (98e22610) at the trader "Components (Cyril [#STR_EXPANSION_MARKET_TRADER_COMPONENTS])" in market zone "Trader Zone" (pos=<6675.160645, 104.603935, 6114.155762>) and got 4.
01:25:09.179 [Market] Player "Eric" (id=DT1QFut1v8UN48skN3UnroicVIl_5hTizZZZSwLRxk8=) has sold leathersewingkit x1 (8c2d52a0) at the trader "Components (Cyril [#STR_EXPANSION_MARKET_TRADER_COMPONENTS])" in market zone "Trader Zone" (pos=<6675.160645, 104.603935, 6114.155762>) and got 1.
01:25:10.179 [Market] Player "Eric" (id=DT1QFut1v8UN48skN3UnroicVIl_5hTizZZZSwLRxk8=) has sold sewingkit x1 (9b92c250) at the trader "Components (Cyril [#STR_EXPANSION_MARKET_TRADER_COMPONENTS])" in market zone "Trader Zone" (pos=<6675.160645, 104.603935, 6114.155762>) and got 2.
01:25:13.757 [Market] Player "Eric" (id=DT1QFut1v8UN48skN3UnroicVIl_5hTizZZZSwLRxk8=) has bought weaponcleaningkit x1 (9d5024f0) from the trader "Components (Cyril [#STR_EXPANSION_MARKET_TRADER_COMPONENTS])" in market zone "Trader Zone" (pos=<6675.160645, 104.603935, 6114.155762>) for a price of 8.
01:25:15.757 [Market] Player "Eric" (id=DT1QFut1v8UN48skN3UnroicVIl_5hTizZZZSwLRxk8=) has bought weaponcleaningkit x1 (a0569d70) from the trader "Components (Cyril [#STR_EXPANSION_MARKET_TRADER_COMPONENTS])" in market zone "Trader Zone" (pos=<6675.160645, 104.603935, 6114.155762>) for a price of 8.
01:25:16.656 [Market] Player "Eric" (id=DT1QFut1v8UN48skN3UnroicVIl_5hTizZZZSwLRxk8=) has bought weaponcleaningkit x1 (9f6ab0f0) from the trader "Components (Cyril [#STR_EXPANSION_MARKET_TRADER_COMPONENTS])" in market zone "Trader Zone" (pos=<6675.160645, 104.603935, 6114.155762>) for a price of 8.
01:25:34.210 [Market] Player "MrWowaWowa" (id=wBwiybhmqSv3IfINgIr99PhPwxKwXc4RCt6SZurIBXQ=) has bought ak74_woodbttstck x1 (953f36d0) from the trader "Attachments (Jose [#STR_EXPANSION_MARKET_TRADER_ATTACHMENTS])" in market zone "Trader Zone" (pos=<6675.160645, 104.603935, 6114.155762>) for a price of 150.
01:26:12.585 [Market] Player "MrWowaWowa" (id=wBwiybhmqSv3IfINgIr99PhPwxKwXc4RCt6SZurIBXQ=) has sold netting x1 (a0b2ede0) at the trader "Components (Cyril [#STR_EXPANSION_MARKET_TRADER_COMPONENTS])" in market zone "Trader Zone" (pos=<6675.160645, 104.603935, 6114.155762>) and got 28.
01:26:13.734 [Market] Player "MrWowaWowa" (id=wBwiybhmqSv3IfINgIr99PhPwxKwXc4RCt6SZurIBXQ=) has sold rope x1 (9d008c30) at the trader "Components (Cyril [#STR_EXPANSION_MARKET_TRADER_COMPONENTS])" in market zone "Trader Zone" (pos=<6675.160645, 104.603935, 6114.155762>) and got 0.
01:26:44.976 [Market] Player "MrWowaWowa" (id=wBwiybhmqSv3IfINgIr99PhPwxKwXc4RCt6SZurIBXQ=) has bought weaponcleaningkit x1 (998ccb80) from the trader "Components (Cyril [#STR_EXPANSION_MARKET_TRADER_COMPONENTS])" in market zone "Trader Zone" (pos=<6675.160645, 104.603935, 6114.155762>) for a price of 8.
01:29:08.851 [Market] Player "MrWowaWowa" (id=wBwiybhmqSv3IfINgIr99PhPwxKwXc4RCt6SZurIBXQ=) has bought electronicrepairkit x1 (9270f020) from the trader "Components (Cyril [#STR_EXPANSION_MARKET_TRADER_COMPONENTS])" in market zone "Trader Zone" (pos=<6675.160645, 104.603935, 6114.155762>) for a price of 35.
01:29:16.703 [Market] Player "Eric" (id=DT1QFut1v8UN48skN3UnroicVIl_5hTizZZZSwLRxk8=) has sold m68optic x1 (99967f80) at the trader "Attachments (Jose [#STR_EXPANSION_MARKET_TRADER_ATTACHMENTS])" in market zone "Trader Zone" (pos=<6675.160645, 104.603935, 6114.155762>) and got 375.
01:30:08.250 [Market] Player "MrWowaWowa" (id=wBwiybhmqSv3IfINgIr99PhPwxKwXc4RCt6SZurIBXQ=) has sold weaponcleaningkit x1 (998ccb80) at the trader "Components (Cyril [#STR_EXPANSION_MARKET_TRADER_COMPONENTS])" in market zone "Trader Zone" (pos=<6675.160645, 104.603935, 6114.155762>) and got 1.
01:30:10.421 [Market] Player "MrWowaWowa" (id=wBwiybhmqSv3IfINgIr99PhPwxKwXc4RCt6SZurIBXQ=) has sold electronicrepairkit x1 (9270f020) at the trader "Components (Cyril [#STR_EXPANSION_MARKET_TRADER_COMPONENTS])" in market zone "Trader Zone" (pos=<6675.160645, 104.603935, 6114.155762>) and got 6.
01:30:41.539 [Market] Player "Eric" (id=DT1QFut1v8UN48skN3UnroicVIl_5hTizZZZSwLRxk8=) has sold mag_deagle_9rnd x1 (9ec88530, ammo_357 x2) at the trader "Attachments (Jose [#STR_EXPANSION_MARKET_TRADER_ATTACHMENTS])" in market zone "Trader Zone" (pos=<6675.160645, 104.603935, 6114.155762>) and got 35.
01:30:44.179 [Market] Player "Eric" (id=DT1QFut1v8UN48skN3UnroicVIl_5hTizZZZSwLRxk8=) has sold mag_ump_25rnd x1 (9f6a7720, ammo_45acp x9) at the trader "Attachments (Jose [#STR_EXPANSION_MARKET_TRADER_ATTACHMENTS])" in market zone "Trader Zone" (pos=<6675.160645, 104.603935, 6114.155762>) and got 93.
01:30:55.859 [Market] Player "Eric" (id=DT1QFut1v8UN48skN3UnroicVIl_5hTizZZZSwLRxk8=) has sold mag_mp5_15rnd x1 (9978cb80, ammo_9x19 x6) at the trader "Attachments (Jose [#STR_EXPANSION_MARKET_TRADER_ATTACHMENTS])" in market zone "Trader Zone" (pos=<6675.160645, 104.603935, 6114.155762>) and got 118.
01:30:57.757 [Market] Player "Eric" (id=DT1QFut1v8UN48skN3UnroicVIl_5hTizZZZSwLRxk8=) has sold mag_fnx45_15rnd x1 (9ca08ff0, ammo_45acp x7) at the trader "Attachments (Jose [#STR_EXPANSION_MARKET_TRADER_ATTACHMENTS])" in market zone "Trader Zone" (pos=<6675.160645, 104.603935, 6114.155762>) and got 37.
01:31:16.000 [Market] Player "Eric" (id=DT1QFut1v8UN48skN3UnroicVIl_5hTizZZZSwLRxk8=) has sold reflexoptic x1 (9950cd70, Battery9V<926f4450>) at the trader "Attachments (Jose [#STR_EXPANSION_MARKET_TRADER_ATTACHMENTS])" in market zone "Trader Zone" (pos=<6675.160645, 104.603935, 6114.155762>) and got 119.
01:31:40.242 [Market] Player "Eric" (id=DT1QFut1v8UN48skN3UnroicVIl_5hTizZZZSwLRxk8=) has sold ak_railhndgrd x1 (f8fab510) at the trader "Attachments (Jose [#STR_EXPANSION_MARKET_TRADER_ATTACHMENTS])" in market zone "Trader Zone" (pos=<6675.160645, 104.603935, 6114.155762>) and got 112.
01:31:57.882 [Market] Player "Eric" (id=DT1QFut1v8UN48skN3UnroicVIl_5hTizZZZSwLRxk8=) has sold ak_plasticbttstck x1 (9f4e1c20) at the trader "Attachments (Jose [#STR_EXPANSION_MARKET_TRADER_ATTACHMENTS])" in market zone "Trader Zone" (pos=<6675.160645, 104.603935, 6114.155762>) and got 18.
01:32:01.882 [Market] Player "MrWowaWowa" (id=wBwiybhmqSv3IfINgIr99PhPwxKwXc4RCt6SZurIBXQ=) has bought ammobox_9x19_25rnd x1 (a0c73700) from the trader "Weapons (Denis [#STR_EXPANSION_MARKET_TRADER_WEAPONS])" in market zone "Trader Zone" (pos=<6675.160645, 104.603935, 6114.155762>) for a price of 40.
01:32:02.609 [Market] Player "MrWowaWowa" (id=wBwiybhmqSv3IfINgIr99PhPwxKwXc4RCt6SZurIBXQ=) has bought ammobox_9x19_25rnd x1 (a0c759b0) from the trader "Weapons (Denis [#STR_EXPANSION_MARKET_TRADER_WEAPONS])" in market zone "Trader Zone" (pos=<6675.160645, 104.603935, 6114.155762>) for a price of 40.
01:32:03.312 [Market] Player "MrWowaWowa" (id=wBwiybhmqSv3IfINgIr99PhPwxKwXc4RCt6SZurIBXQ=) has bought ammobox_9x19_25rnd x1 (a0c74e20) from the trader "Weapons (Denis [#STR_EXPANSION_MARKET_TRADER_WEAPONS])" in market zone "Trader Zone" (pos=<6675.160645, 104.603935, 6114.155762>) for a price of 40.
01:32:34.390 [Market] Player "Eric" (id=DT1QFut1v8UN48skN3UnroicVIl_5hTizZZZSwLRxk8=) has bought pistolsuppressor x1 (99c86000) from the trader "Attachments (Jose [#STR_EXPANSION_MARKET_TRADER_ATTACHMENTS])" in market zone "Trader Zone" (pos=<6675.160645, 104.603935, 6114.155762>) for a price of 15.
01:32:51.859 [Market] Player "Eric" (id=DT1QFut1v8UN48skN3UnroicVIl_5hTizZZZSwLRxk8=) has bought reflexoptic x1 (9d09b100, Battery9V<9ca061b0>) from the trader "Attachments (Jose [#STR_EXPANSION_MARKET_TRADER_ATTACHMENTS])" in market zone "Trader Zone" (pos=<6675.160645, 104.603935, 6114.155762>) for a price of 160.
01:33:31.351 [Market] Player "Eric" (id=DT1QFut1v8UN48skN3UnroicVIl_5hTizZZZSwLRxk8=) has bought electronicrepairkit x1 (97469b80) from the trader "Components (Cyril [#STR_EXPANSION_MARKET_TRADER_COMPONENTS])" in market zone "Trader Zone" (pos=<6675.160645, 104.603935, 6114.155762>) for a price of 35.
01:34:37.179 [Market] Player "Eric" (id=DT1QFut1v8UN48skN3UnroicVIl_5hTizZZZSwLRxk8=) has sold mp5k_stockbttstck x1 (9d5272a0) at the trader "Attachments (Jose [#STR_EXPANSION_MARKET_TRADER_ATTACHMENTS])" in market zone "Trader Zone" (pos=<6675.160645, 104.603935, 6114.155762>) and got 37.
01:34:44.546 [Market] Player "Eric" (id=DT1QFut1v8UN48skN3UnroicVIl_5hTizZZZSwLRxk8=) has sold mp5_plastichndgrd x1 (9d4fbce0) at the trader "Attachments (Jose [#STR_EXPANSION_MARKET_TRADER_ATTACHMENTS])" in market zone "Trader Zone" (pos=<6675.160645, 104.603935, 6114.155762>) and got 37.
01:34:56.492 [Market] Player "Eric" (id=DT1QFut1v8UN48skN3UnroicVIl_5hTizZZZSwLRxk8=) has bought mp5_plastichndgrd x1 (9d3569d0) from the trader "Attachments (Jose [#STR_EXPANSION_MARKET_TRADER_ATTACHMENTS])" in market zone "Trader Zone" (pos=<6675.160645, 104.603935, 6114.155762>) for a price of 100.
01:34:58.742 [Market] Player "Eric" (id=DT1QFut1v8UN48skN3UnroicVIl_5hTizZZZSwLRxk8=) has bought mp5k_stockbttstck x1 (926fc380) from the trader "Attachments (Jose [#STR_EXPANSION_MARKET_TRADER_ATTACHMENTS])" in market zone "Trader Zone" (pos=<6675.160645, 104.603935, 6114.155762>) for a price of 100.
01:35:34.929 [Market] Player "Eric" (id=DT1QFut1v8UN48skN3UnroicVIl_5hTizZZZSwLRxk8=) has bought mag_mp5_30rnd x1 (a054da80, ammo_9x19 x30) from the trader "Attachments (Jose [#STR_EXPANSION_MARKET_TRADER_ATTACHMENTS])" in market zone "Trader Zone" (pos=<6675.160645, 104.603935, 6114.155762>) for a price of 260.
01:35:36.328 [Market] Player "Eric" (id=DT1QFut1v8UN48skN3UnroicVIl_5hTizZZZSwLRxk8=) has bought mag_mp5_30rnd x1 (97451df0, ammo_9x19 x30) from the trader "Attachments (Jose [#STR_EXPANSION_MARKET_TRADER_ATTACHMENTS])" in market zone "Trader Zone" (pos=<6675.160645, 104.603935, 6114.155762>) for a price of 260.
01:37:27.257 [Market] Player "Eric" (id=DT1QFut1v8UN48skN3UnroicVIl_5hTizZZZSwLRxk8=) has sold aks74u x1 (90576a00, AK74_WoodBttstck<98e369d0>) at the trader "Weapons (Denis [#STR_EXPANSION_MARKET_TRADER_WEAPONS])" in market zone "Trader Zone" (pos=<6675.160645, 104.603935, 6114.155762>) and got 853.
01:41:23.625 [Market] Player "MrWowaWowa" (id=wBwiybhmqSv3IfINgIr99PhPwxKwXc4RCt6SZurIBXQ=) has sold mag_ak74_30rnd x1 (98e37560, ammo_545x39 x30) at the trader "Attachments (Jose [#STR_EXPANSION_MARKET_TRADER_ATTACHMENTS])" in market zone "Trader Zone" (pos=<6675.160645, 104.603935, 6114.155762>) and got 195.
01:41:24.460 [Market] Player "MrWowaWowa" (id=wBwiybhmqSv3IfINgIr99PhPwxKwXc4RCt6SZurIBXQ=) has sold mag_ak74_30rnd x1 (9f4eb270, ammo_545x39 x30) at the trader "Attachments (Jose [#STR_EXPANSION_MARKET_TRADER_ATTACHMENTS])" in market zone "Trader Zone" (pos=<6675.160645, 104.603935, 6114.155762>) and got 195.
01:41:25.281 [Market] Player "MrWowaWowa" (id=wBwiybhmqSv3IfINgIr99PhPwxKwXc4RCt6SZurIBXQ=) has sold mag_ak74_30rnd x1 (99a5fd00, ammo_545x39 x30) at the trader "Attachments (Jose [#STR_EXPANSION_MARKET_TRADER_ATTACHMENTS])" in market zone "Trader Zone" (pos=<6675.160645, 104.603935, 6114.155762>) and got 195.
01:41:26.765 [Market] Player "MrWowaWowa" (id=wBwiybhmqSv3IfINgIr99PhPwxKwXc4RCt6SZurIBXQ=) has bought mag_ak74_45rnd x1 (975c27e0, ammo_545x39 x45) from the trader "Attachments (Jose [#STR_EXPANSION_MARKET_TRADER_ATTACHMENTS])" in market zone "Trader Zone" (pos=<6675.160645, 104.603935, 6114.155762>) for a price of 390.
01:41:27.515 [Market] Player "MrWowaWowa" (id=wBwiybhmqSv3IfINgIr99PhPwxKwXc4RCt6SZurIBXQ=) has bought mag_ak74_45rnd x1 (975cd550, ammo_545x39 x45) from the trader "Attachments (Jose [#STR_EXPANSION_MARKET_TRADER_ATTACHMENTS])" in market zone "Trader Zone" (pos=<6675.160645, 104.603935, 6114.155762>) for a price of 390.
01:41:30.562 [Market] Player "Eric" (id=DT1QFut1v8UN48skN3UnroicVIl_5hTizZZZSwLRxk8=) has sold wellies_green x1 (975c8460) at the trader "Clothing (Naomi [#STR_EXPANSION_MARKET_TRADER_CLOTHING])" in market zone "Trader Zone" (pos=<6675.160645, 104.603935, 6114.155762>) and got 67.
01:41:40.343 [Market] Player "Eric" (id=DT1QFut1v8UN48skN3UnroicVIl_5hTizZZZSwLRxk8=) has sold metalwire x1 (8c2c3d20) at the trader "BuildingSupplies (Boris [#STR_EXPANSION_MARKET_TRADER_BUILDING_SUPPLIES])" in market zone "Trader Zone" (pos=<6675.160645, 104.603935, 6114.155762>) and got 2.
01:42:20.960 [Market] Player "MrWowaWowa" (id=wBwiybhmqSv3IfINgIr99PhPwxKwXc4RCt6SZurIBXQ=) has bought ammobox_545x39_20rnd x1 (a0de6280) from the trader "Weapons (Denis [#STR_EXPANSION_MARKET_TRADER_WEAPONS])" in market zone "Trader Zone" (pos=<6675.160645, 104.603935, 6114.155762>) for a price of 32.
01:42:21.578 [Market] Player "MrWowaWowa" (id=wBwiybhmqSv3IfINgIr99PhPwxKwXc4RCt6SZurIBXQ=) has bought ammobox_545x39_20rnd x1 (9d7c0610) from the trader "Weapons (Denis [#STR_EXPANSION_MARKET_TRADER_WEAPONS])" in market zone "Trader Zone" (pos=<6675.160645, 104.603935, 6114.155762>) for a price of 32.
01:42:22.179 [Market] Player "MrWowaWowa" (id=wBwiybhmqSv3IfINgIr99PhPwxKwXc4RCt6SZurIBXQ=) has bought ammobox_545x39_20rnd x1 (9560c0b0) from the trader "Weapons (Denis [#STR_EXPANSION_MARKET_TRADER_WEAPONS])" in market zone "Trader Zone" (pos=<6675.160645, 104.603935, 6114.155762>) for a price of 32.
01:42:25.257 [Market] Player "Eric" (id=DT1QFut1v8UN48skN3UnroicVIl_5hTizZZZSwLRxk8=) has sold electronicrepairkit x1 (97469b80) at the trader "Components (Cyril [#STR_EXPANSION_MARKET_TRADER_COMPONENTS])" in market zone "Trader Zone" (pos=<6675.160645, 104.603935, 6114.155762>) and got 26.
01:43:04.937 [Market] Player "MrWowaWowa" (id=wBwiybhmqSv3IfINgIr99PhPwxKwXc4RCt6SZurIBXQ=) has bought mag_ak74_45rnd x1 (96a21ab0, ammo_545x39 x45) from the trader "Attachments (Jose [#STR_EXPANSION_MARKET_TRADER_ATTACHMENTS])" in market zone "Trader Zone" (pos=<6675.160645, 104.603935, 6114.155762>) for a price of 390.
01:44:17.820 [Market] Player "Eric" (id=DT1QFut1v8UN48skN3UnroicVIl_5hTizZZZSwLRxk8=) has bought ammobox_9x19_25rnd x1 (9b7a83a0) from the trader "Weapons (Denis [#STR_EXPANSION_MARKET_TRADER_WEAPONS])" in market zone "Trader Zone" (pos=<6675.160645, 104.603935, 6114.155762>) for a price of 40.
01:44:18.421 [Market] Player "Eric" (id=DT1QFut1v8UN48skN3UnroicVIl_5hTizZZZSwLRxk8=) has bought ammobox_9x19_25rnd x1 (9b7a8f30) from the trader "Weapons (Denis [#STR_EXPANSION_MARKET_TRADER_WEAPONS])" in market zone "Trader Zone" (pos=<6675.160645, 104.603935, 6114.155762>) for a price of 40.
01:44:19.007 [Market] Player "Eric" (id=DT1QFut1v8UN48skN3UnroicVIl_5hTizZZZSwLRxk8=) has bought ammobox_9x19_25rnd x1 (9b7aa650) from the trader "Weapons (Denis [#STR_EXPANSION_MARKET_TRADER_WEAPONS])" in market zone "Trader Zone" (pos=<6675.160645, 104.603935, 6114.155762>) for a price of 40.
01:44:19.546 [Market] Player "Eric" (id=DT1QFut1v8UN48skN3UnroicVIl_5hTizZZZSwLRxk8=) has bought ammobox_9x19_25rnd x1 (9b7ab1e0) from the trader "Weapons (Denis [#STR_EXPANSION_MARKET_TRADER_WEAPONS])" in market zone "Trader Zone" (pos=<6675.160645, 104.603935, 6114.155762>) for a price of 40.
01:44:51.054 [ATM] Player "Eric" (id=DT1QFut1v8UN48skN3UnroicVIl_5hTizZZZSwLRxk8=) has deposited 1747 on his ATM account.
01:44:53.210 [ATM] Player "MrWowaWowa" (id=wBwiybhmqSv3IfINgIr99PhPwxKwXc4RCt6SZurIBXQ=) has withdrawn 300 from his ATM account.
01:45:19.726 [Market] Player "MrWowaWowa" (id=wBwiybhmqSv3IfINgIr99PhPwxKwXc4RCt6SZurIBXQ=) has bought mag_glock_15rnd x1 (9975e780, ammo_9x19 x15) from the trader "Attachments (Jose [#STR_EXPANSION_MARKET_TRADER_ATTACHMENTS])" in market zone "Trader Zone" (pos=<6675.160645, 104.603935, 6114.155762>) for a price of 70.
01:46:01.148 [Market] Player "Eric" (id=DT1QFut1v8UN48skN3UnroicVIl_5hTizZZZSwLRxk8=) has sold gp5gasmask x1 (97442b20) at the trader "Clothing (Naomi [#STR_EXPANSION_MARKET_TRADER_CLOTHING])" in market zone "Trader Zone" (pos=<6675.160645, 104.603935, 6114.155762>) and got 90.
01:46:26.203 [Market] Player "Eric" (id=DT1QFut1v8UN48skN3UnroicVIl_5hTizZZZSwLRxk8=) has bought sodacan_kvass x1 (9f6dd360) from the trader "Consumables (Linda [#STR_EXPANSION_MARKET_TRADER_CONSUMABLES])" in market zone "Trader Zone" (pos=<6675.160645, 104.603935, 6114.155762>) for a price of 10.
01:46:26.835 [Market] Player "Eric" (id=DT1QFut1v8UN48skN3UnroicVIl_5hTizZZZSwLRxk8=) has bought sodacan_kvass x1 (9f6d7ef0) from the trader "Consumables (Linda [#STR_EXPANSION_MARKET_TRADER_CONSUMABLES])" in market zone "Trader Zone" (pos=<6675.160645, 104.603935, 6114.155762>) for a price of 10.
01:46:27.195 [Market] Player "MrWowaWowa" (id=wBwiybhmqSv3IfINgIr99PhPwxKwXc4RCt6SZurIBXQ=) has sold canteen x1 (9d0725a0) at the trader "Consumables (Linda [#STR_EXPANSION_MARKET_TRADER_CONSUMABLES])" in market zone "Trader Zone" (pos=<6675.160645, 104.603935, 6114.155762>) and got 3.
01:46:27.671 [Market] Player "Eric" (id=DT1QFut1v8UN48skN3UnroicVIl_5hTizZZZSwLRxk8=) has bought sodacan_kvass x1 (a068c590) from the trader "Consumables (Linda [#STR_EXPANSION_MARKET_TRADER_CONSUMABLES])" in market zone "Trader Zone" (pos=<6675.160645, 104.603935, 6114.155762>) for a price of 10.
01:46:28.234 [Market] Player "MrWowaWowa" (id=wBwiybhmqSv3IfINgIr99PhPwxKwXc4RCt6SZurIBXQ=) has bought canteen x1 (a0696e70) from the trader "Consumables (Linda [#STR_EXPANSION_MARKET_TRADER_CONSUMABLES])" in market zone "Trader Zone" (pos=<6675.160645, 104.603935, 6114.155762>) for a price of 18.
01:46:29.164 [Market] Player "MrWowaWowa" (id=wBwiybhmqSv3IfINgIr99PhPwxKwXc4RCt6SZurIBXQ=) has bought canteen x1 (a06a83e0) from the trader "Consumables (Linda [#STR_EXPANSION_MARKET_TRADER_CONSUMABLES])" in market zone "Trader Zone" (pos=<6675.160645, 104.603935, 6114.155762>) for a price of 18.
01:46:31.570 [Market] Player "MrWowaWowa" (id=wBwiybhmqSv3IfINgIr99PhPwxKwXc4RCt6SZurIBXQ=) has bought canteen x1 (a06b8130) from the trader "Consumables (Linda [#STR_EXPANSION_MARKET_TRADER_CONSUMABLES])" in market zone "Trader Zone" (pos=<6675.160645, 104.603935, 6114.155762>) for a price of 18.
01:46:35.046 [Market] Player "Eric" (id=DT1QFut1v8UN48skN3UnroicVIl_5hTizZZZSwLRxk8=) has bought porkcan x1 (9ee8a5a0) from the trader "Consumables (Linda [#STR_EXPANSION_MARKET_TRADER_CONSUMABLES])" in market zone "Trader Zone" (pos=<6675.160645, 104.603935, 6114.155762>) for a price of 15.
01:46:35.296 [Market] Player "Eric" (id=DT1QFut1v8UN48skN3UnroicVIl_5hTizZZZSwLRxk8=) has bought porkcan x1 (9eeaf4b0) from the trader "Consumables (Linda [#STR_EXPANSION_MARKET_TRADER_CONSUMABLES])" in market zone "Trader Zone" (pos=<6675.160645, 104.603935, 6114.155762>) for a price of 15.
01:46:35.500 [Market] Player "Eric" (id=DT1QFut1v8UN48skN3UnroicVIl_5hTizZZZSwLRxk8=) has bought porkcan x1 (8c60e510) from the trader "Consumables (Linda [#STR_EXPANSION_MARKET_TRADER_CONSUMABLES])" in market zone "Trader Zone" (pos=<6675.160645, 104.603935, 6114.155762>) for a price of 15.
01:46:35.695 [Market] Player "Eric" (id=DT1QFut1v8UN48skN3UnroicVIl_5hTizZZZSwLRxk8=) has bought porkcan x1 (995109c0) from the trader "Consumables (Linda [#STR_EXPANSION_MARKET_TRADER_CONSUMABLES])" in market zone "Trader Zone" (pos=<6675.160645, 104.603935, 6114.155762>) for a price of 15.
01:49:01.703 [Market] Player "MrWowaWowa" (id=wBwiybhmqSv3IfINgIr99PhPwxKwXc4RCt6SZurIBXQ=) has bought charcoaltablets x1 (a0978ff0) from the trader "Medicals (Mirek [#STR_EXPANSION_MARKET_TRADER_MEDICALS])" in market zone "Trader Zone" (pos=<6675.160645, 104.603935, 6114.155762>) for a price of 2.
01:49:22.406 [Market] Player "MrWowaWowa" (id=wBwiybhmqSv3IfINgIr99PhPwxKwXc4RCt6SZurIBXQ=) has sold painkillertablets x1 (9f6f2520) at the trader "Medicals (Mirek [#STR_EXPANSION_MARKET_TRADER_MEDICALS])" in market zone "Trader Zone" (pos=<6675.160645, 104.603935, 6114.155762>) and got 2.
01:49:23.148 [Market] Player "MrWowaWowa" (id=wBwiybhmqSv3IfINgIr99PhPwxKwXc4RCt6SZurIBXQ=) has bought painkillertablets x1 (926750f0) from the trader "Medicals (Mirek [#STR_EXPANSION_MARKET_TRADER_MEDICALS])" in market zone "Trader Zone" (pos=<6675.160645, 104.603935, 6114.155762>) for a price of 10.
01:49:51.921 [Market] Player "MrWowaWowa" (id=wBwiybhmqSv3IfINgIr99PhPwxKwXc4RCt6SZurIBXQ=) has bought porkcan x1 (96cc68a0) from the trader "Consumables (Linda [#STR_EXPANSION_MARKET_TRADER_CONSUMABLES])" in market zone "Trader Zone" (pos=<6675.160645, 104.603935, 6114.155762>) for a price of 15.
01:49:52.703 [Market] Player "MrWowaWowa" (id=wBwiybhmqSv3IfINgIr99PhPwxKwXc4RCt6SZurIBXQ=) has bought porkcan x1 (96c94c80) from the trader "Consumables (Linda [#STR_EXPANSION_MARKET_TRADER_CONSUMABLES])" in market zone "Trader Zone" (pos=<6675.160645, 104.603935, 6114.155762>) for a price of 15.
01:50:15.710 [Party] Player "Eric" (id=DT1QFut1v8UN48skN3UnroicVIl_5hTizZZZSwLRxk8=) left the party "Hawk Fearless" (id=5 ownerUID=wBwiybhmqSv3IfINgIr99PhPwxKwXc4RCt6SZurIBXQ= ownerName=MrWowaWowa)
01:50:28.390 [ATM] Player "MrWowaWowa" (id=wBwiybhmqSv3IfINgIr99PhPwxKwXc4RCt6SZurIBXQ=) has deposited 142 on his ATM account.
02:14:23.039 [Safezone] Player "{1:name}" (id={1:id} pos={1:position}) left the safezone
03:00:01.312 [Party] Player "MrWowaWowa" (id=wBwiybhmqSv3IfINgIr99PhPwxKwXc4RCt6SZurIBXQ=) left the party "Hawk Fearless" (id=5 ownerUID=wBwiybhmqSv3IfINgIr99PhPwxKwXc4RCt6SZurIBXQ= ownerName=MrWowaWowa)
