11:01:33.585 [Party] Player "Triforce" (id=XUIp7H7YpSzw2cOw-B5UJCdQOiBvpfbAWYMM274DKUE=) joinded the party "Pirate" (id=10 ownerUID=JiINkm_yiXggXmjzWKLDZ3qrwLEDopmYuEIYCwBunxQ= ownerName=fabkobparis)
11:01:41.875 [Party] Player "LEZIENTE" (id=ps47fp3xeoA9NP4omdc75NKxQkScsxXydelOk12yuJU=) joinded the party "Pirate" (id=10 ownerUID=JiINkm_yiXggXmjzWKLDZ3qrwLEDopmYuEIYCwBunxQ= ownerName=fabkobparis)
11:02:11.312 [Party] Player "PatMax" (id=jiSboo32SQZAMp7VxNNFwsMUk2-s3fPPrck_5xKkgu0=) joinded the party "Nasse" (id=18 ownerUID=jiSboo32SQZAMp7VxNNFwsMUk2-s3fPPrck_5xKkgu0= ownerName=PatMax)
11:06:21.777 [Party] Player "PatMax" (id=jiSboo32SQZAMp7VxNNFwsMUk2-s3fPPrck_5xKkgu0=) left the party "Nasse" (id=18 ownerUID=jiSboo32SQZAMp7VxNNFwsMUk2-s3fPPrck_5xKkgu0= ownerName=PatMax)
11:10:11.699 [Party] Player "PatMax" (id=jiSboo32SQZAMp7VxNNFwsMUk2-s3fPPrck_5xKkgu0=) joinded the party "Nasse" (id=18 ownerUID=jiSboo32SQZAMp7VxNNFwsMUk2-s3fPPrck_5xKkgu0= ownerName=PatMax)
11:35:34.902 [Party] Player "PatMax" (id=jiSboo32SQZAMp7VxNNFwsMUk2-s3fPPrck_5xKkgu0=) left the party "Nasse" (id=18 ownerUID=jiSboo32SQZAMp7VxNNFwsMUk2-s3fPPrck_5xKkgu0= ownerName=PatMax)
11:43:45.410 [Party] Player "PatMax" (id=jiSboo32SQZAMp7VxNNFwsMUk2-s3fPPrck_5xKkgu0=) joinded the party "Nasse" (id=18 ownerUID=jiSboo32SQZAMp7VxNNFwsMUk2-s3fPPrck_5xKkgu0= ownerName=PatMax)
12:01:26.324 [Party] Player "PatMax" (id=jiSboo32SQZAMp7VxNNFwsMUk2-s3fPPrck_5xKkgu0=) left the party "Nasse" (id=18 ownerUID=jiSboo32SQZAMp7VxNNFwsMUk2-s3fPPrck_5xKkgu0= ownerName=PatMax)
12:24:44.972 [Safezone] Player "Triforce" (id=XUIp7H7YpSzw2cOw-B5UJCdQOiBvpfbAWYMM274DKUE= pos=<6625.1, 135.39, 6031.02>) entered the safezone
12:24:56.937 [Safezone] Player "LEZIENTE" (id=ps47fp3xeoA9NP4omdc75NKxQkScsxXydelOk12yuJU= pos=<6627.07, 134.85, 6028.52>) entered the safezone
12:27:14.332 [Market] Player "Triforce" (id=XUIp7H7YpSzw2cOw-B5UJCdQOiBvpfbAWYMM274DKUE=) has sold ghillieatt_tan x1 (8f798d70) at the trader "Attachments (Jose [#STR_EXPANSION_MARKET_TRADER_ATTACHMENTS])" in market zone "Trader Zone" (pos=<6675.160645, 104.603935, 6114.155762>) and got 82.
12:27:15.214 [Market] Player "Triforce" (id=XUIp7H7YpSzw2cOw-B5UJCdQOiBvpfbAWYMM274DKUE=) has sold ghillieatt_tan x1 (8f789aa0) at the trader "Attachments (Jose [#STR_EXPANSION_MARKET_TRADER_ATTACHMENTS])" in market zone "Trader Zone" (pos=<6675.160645, 104.603935, 6114.155762>) and got 82.
12:27:25.253 [Market] Player "LEZIENTE" (id=ps47fp3xeoA9NP4omdc75NKxQkScsxXydelOk12yuJU=) has sold mag_ak74_30rnd x1 (b2ea7e40, ammo_545x39 x5) at the trader "Attachments (Jose [#STR_EXPANSION_MARKET_TRADER_ATTACHMENTS])" in market zone "Trader Zone" (pos=<6675.160645, 104.603935, 6114.155762>) and got 170.
12:27:35.417 [Market] Player "LEZIENTE" (id=ps47fp3xeoA9NP4omdc75NKxQkScsxXydelOk12yuJU=) has sold ghillieatt_woodland x1 (b2ec35a0) at the trader "Attachments (Jose [#STR_EXPANSION_MARKET_TRADER_ATTACHMENTS])" in market zone "Trader Zone" (pos=<6675.160645, 104.603935, 6114.155762>) and got 165.
12:27:46.156 [Market] Player "LEZIENTE" (id=ps47fp3xeoA9NP4omdc75NKxQkScsxXydelOk12yuJU=) has sold expansionexps3holooptic x1 (b0f602e0, Battery9V<b2eb3740>) at the trader "Attachments (Jose [#STR_EXPANSION_MARKET_TRADER_ATTACHMENTS])" in market zone "Trader Zone" (pos=<6675.160645, 104.603935, 6114.155762>) and got 38.
12:27:50.574 [Market] Player "LEZIENTE" (id=ps47fp3xeoA9NP4omdc75NKxQkScsxXydelOk12yuJU=) has sold reflexoptic x1 (b0f63320) at the trader "Attachments (Jose [#STR_EXPANSION_MARKET_TRADER_ATTACHMENTS])" in market zone "Trader Zone" (pos=<6675.160645, 104.603935, 6114.155762>) and got 112.
12:28:01.656 [Market] Player "LEZIENTE" (id=ps47fp3xeoA9NP4omdc75NKxQkScsxXydelOk12yuJU=) has sold pistolsuppressor x1 (b2ea1630) at the trader "Attachments (Jose [#STR_EXPANSION_MARKET_TRADER_ATTACHMENTS])" in market zone "Trader Zone" (pos=<6675.160645, 104.603935, 6114.155762>) and got 8.
12:28:18.675 [Market] Player "LEZIENTE" (id=ps47fp3xeoA9NP4omdc75NKxQkScsxXydelOk12yuJU=) has sold ammo_9x39 x1 (b2ebd920) at the trader "Weapons (Denis [#STR_EXPANSION_MARKET_TRADER_WEAPONS])" in market zone "Trader Zone" (pos=<6675.160645, 104.603935, 6114.155762>) and got 1.
12:28:20.523 [Market] Player "LEZIENTE" (id=ps47fp3xeoA9NP4omdc75NKxQkScsxXydelOk12yuJU=) has sold ammo_9x39 x1 (b2ebd920) at the trader "Weapons (Denis [#STR_EXPANSION_MARKET_TRADER_WEAPONS])" in market zone "Trader Zone" (pos=<6675.160645, 104.603935, 6114.155762>) and got 1.
12:28:20.781 [Market] Player "LEZIENTE" (id=ps47fp3xeoA9NP4omdc75NKxQkScsxXydelOk12yuJU=) has sold ammo_9x39 x1 (b2ebd920) at the trader "Weapons (Denis [#STR_EXPANSION_MARKET_TRADER_WEAPONS])" in market zone "Trader Zone" (pos=<6675.160645, 104.603935, 6114.155762>) and got 1.
12:28:21.093 [Market] Player "LEZIENTE" (id=ps47fp3xeoA9NP4omdc75NKxQkScsxXydelOk12yuJU=) has sold ammo_9x39 x1 (b2ebd920) at the trader "Weapons (Denis [#STR_EXPANSION_MARKET_TRADER_WEAPONS])" in market zone "Trader Zone" (pos=<6675.160645, 104.603935, 6114.155762>) and got 1.
12:28:21.304 [Market] Player "LEZIENTE" (id=ps47fp3xeoA9NP4omdc75NKxQkScsxXydelOk12yuJU=) has sold ammo_9x39 x1 (b2ebd920) at the trader "Weapons (Denis [#STR_EXPANSION_MARKET_TRADER_WEAPONS])" in market zone "Trader Zone" (pos=<6675.160645, 104.603935, 6114.155762>) and got 1.
12:28:21.949 [Market] Player "LEZIENTE" (id=ps47fp3xeoA9NP4omdc75NKxQkScsxXydelOk12yuJU=) has sold ammo_556x45tracer x1 (b2ebaae0) at the trader "Weapons (Denis [#STR_EXPANSION_MARKET_TRADER_WEAPONS])" in market zone "Trader Zone" (pos=<6675.160645, 104.603935, 6114.155762>) and got 3.
12:28:22.160 [Market] Player "LEZIENTE" (id=ps47fp3xeoA9NP4omdc75NKxQkScsxXydelOk12yuJU=) has sold ammo_556x45tracer x1 (b2ebaae0) at the trader "Weapons (Denis [#STR_EXPANSION_MARKET_TRADER_WEAPONS])" in market zone "Trader Zone" (pos=<6675.160645, 104.603935, 6114.155762>) and got 3.
12:28:32.515 [Market] Player "LEZIENTE" (id=ps47fp3xeoA9NP4omdc75NKxQkScsxXydelOk12yuJU=) has sold repeater x1 (b8bd29e0) at the trader "Weapons (Denis [#STR_EXPANSION_MARKET_TRADER_WEAPONS])" in market zone "Trader Zone" (pos=<6675.160645, 104.603935, 6114.155762>) and got 196.
12:29:14.625 [Market] Player "Triforce" (id=XUIp7H7YpSzw2cOw-B5UJCdQOiBvpfbAWYMM274DKUE=) has sold crossbow_wood x1 (a24f4740) at the trader "Weapons (Denis [#STR_EXPANSION_MARKET_TRADER_WEAPONS])" in market zone "Trader Zone" (pos=<6675.160645, 104.603935, 6114.155762>) and got 600.
12:29:18.585 [Market] Player "LEZIENTE" (id=ps47fp3xeoA9NP4omdc75NKxQkScsxXydelOk12yuJU=) has sold binoculars x1 (b0f61b00) at the trader "Components (Cyril [#STR_EXPANSION_MARKET_TRADER_COMPONENTS])" in market zone "Trader Zone" (pos=<6675.160645, 104.603935, 6114.155762>) and got 5.
12:29:47.656 [Market] Player "Triforce" (id=XUIp7H7YpSzw2cOw-B5UJCdQOiBvpfbAWYMM274DKUE=) has sold fishingrod x1 (8d243e80) at the trader "Fishing (Baty [#STR_EXPANSION_MARKET_TRADER_FISHING])" in market zone "Trader Zone" (pos=<6675.160645, 104.603935, 6114.155762>) and got 33.
12:30:40.765 [ATM] Player "LEZIENTE" (id=ps47fp3xeoA9NP4omdc75NKxQkScsxXydelOk12yuJU=) has withdrawn 10000 from his ATM account.
12:30:44.117 [Market] Player "Triforce" (id=XUIp7H7YpSzw2cOw-B5UJCdQOiBvpfbAWYMM274DKUE=) has sold augshort x1 (946ee900) at the trader "Weapons (Denis [#STR_EXPANSION_MARKET_TRADER_WEAPONS])" in market zone "Trader Zone" (pos=<6675.160645, 104.603935, 6114.155762>) and got 1125.
12:31:00.351 [Market] Player "Triforce" (id=XUIp7H7YpSzw2cOw-B5UJCdQOiBvpfbAWYMM274DKUE=) has sold mag_vss_10rnd x1 (b2ebb670, ammo_9x39 x1) at the trader "Attachments (Jose [#STR_EXPANSION_MARKET_TRADER_ATTACHMENTS])" in market zone "Trader Zone" (pos=<6675.160645, 104.603935, 6114.155762>) and got 166.
12:31:04.531 [Market] Player "Triforce" (id=XUIp7H7YpSzw2cOw-B5UJCdQOiBvpfbAWYMM274DKUE=) has sold mag_aug_30rnd x1 (98506ea0) at the trader "Attachments (Jose [#STR_EXPANSION_MARKET_TRADER_ATTACHMENTS])" in market zone "Trader Zone" (pos=<6675.160645, 104.603935, 6114.155762>) and got 165.
12:33:44.726 [Market] Player "Triforce" (id=XUIp7H7YpSzw2cOw-B5UJCdQOiBvpfbAWYMM274DKUE=) has bought m14 x1 (946eb4c0, Mag_M14_20Rnd<9217c780>, ammo_308win x20) from the trader "Weapons (Denis [#STR_EXPANSION_MARKET_TRADER_WEAPONS])" in market zone "Trader Zone" (pos=<6675.160645, 104.603935, 6114.155762>) for a price of 1740.
12:34:03.171 [Market] Player "Triforce" (id=XUIp7H7YpSzw2cOw-B5UJCdQOiBvpfbAWYMM274DKUE=) has bought mag_expansion_m14_20rnd x1 (9d189ea0, ammo_308win x20) from the trader "Attachments (Jose [#STR_EXPANSION_MARKET_TRADER_ATTACHMENTS])" in market zone "Trader Zone" (pos=<6675.160645, 104.603935, 6114.155762>) for a price of 300.
12:34:37.000 [Market] Player "Triforce" (id=XUIp7H7YpSzw2cOw-B5UJCdQOiBvpfbAWYMM274DKUE=) has bought ammo_308win x60 (9a5c7490) from the trader "Weapons (Denis [#STR_EXPANSION_MARKET_TRADER_WEAPONS])" in market zone "Trader Zone" (pos=<6675.160645, 104.603935, 6114.155762>) for a price of 120.
12:35:23.953 [Market] Player "LEZIENTE" (id=ps47fp3xeoA9NP4omdc75NKxQkScsxXydelOk12yuJU=) has sold cz527 x1 (b49d0bf0, Mag_CZ527_5rnd<9e5a5c20>, ammo_762x39 x2) at the trader "Weapons (Denis [#STR_EXPANSION_MARKET_TRADER_WEAPONS])" in market zone "Trader Zone" (pos=<6675.160645, 104.603935, 6114.155762>) and got 140.
12:35:44.550 [Killfeed] Wayne Granch starved to death.
12:36:41.453 [ATM] Player "Triforce" (id=XUIp7H7YpSzw2cOw-B5UJCdQOiBvpfbAWYMM274DKUE=) has withdrawn 10000 from his ATM account.
12:37:02.523 [Market] Player "LEZIENTE" (id=ps47fp3xeoA9NP4omdc75NKxQkScsxXydelOk12yuJU=) has sold sks x1 (a24fafc0, SKS_Bayonet<b2ec12f0>) at the trader "Weapons (Denis [#STR_EXPANSION_MARKET_TRADER_WEAPONS])" in market zone "Trader Zone" (pos=<6675.160645, 104.603935, 6114.155762>) and got 290.
12:37:05.062 [Market] Player "LEZIENTE" (id=ps47fp3xeoA9NP4omdc75NKxQkScsxXydelOk12yuJU=) has sold augshort x1 (a24f7b80, Mag_Aug_30Rnd<b2ec4130>, ammo_556x45 x25, ammo_556x45tracer x5) at the trader "Weapons (Denis [#STR_EXPANSION_MARKET_TRADER_WEAPONS])" in market zone "Trader Zone" (pos=<6675.160645, 104.603935, 6114.155762>) and got 1330.
12:37:07.527 [Market] Player "Triforce" (id=XUIp7H7YpSzw2cOw-B5UJCdQOiBvpfbAWYMM274DKUE=) has bought m4a1 x1 (946f1d40, M4_PlasticHndgrd<96e49980>, M4_OEBttstck<96e4d350>, Mag_STANAG_30Rnd<b2e99700>, ammo_556x45 x30, M4_CarryHandleOptic<da7dd0>) from the trader "Weapons (Denis [#STR_EXPANSION_MARKET_TRADER_WEAPONS])" in market zone "Trader Zone" (pos=<6675.160645, 104.603935, 6114.155762>) for a price of 2330.
12:37:34.015 [Market] Player "LEZIENTE" (id=ps47fp3xeoA9NP4omdc75NKxQkScsxXydelOk12yuJU=) has bought m14 x1 (946edbf0, Mag_M14_20Rnd<9a23c870>, ammo_308win x20) from the trader "Weapons (Denis [#STR_EXPANSION_MARKET_TRADER_WEAPONS])" in market zone "Trader Zone" (pos=<6675.160645, 104.603935, 6114.155762>) for a price of 1740.
12:37:35.390 [Market] Player "LEZIENTE" (id=ps47fp3xeoA9NP4omdc75NKxQkScsxXydelOk12yuJU=) has bought aug x1 (946f78b0, Mag_Aug_30Rnd<9a8e1b80>, ammo_556x45 x30) from the trader "Weapons (Denis [#STR_EXPANSION_MARKET_TRADER_WEAPONS])" in market zone "Trader Zone" (pos=<6675.160645, 104.603935, 6114.155762>) for a price of 1880.
12:37:43.960 [Market] Player "Triforce" (id=XUIp7H7YpSzw2cOw-B5UJCdQOiBvpfbAWYMM274DKUE=) has sold mag_cz75_15rnd x1 (e8758ae0, ammo_9x19 x12) at the trader "Attachments (Jose [#STR_EXPANSION_MARKET_TRADER_ATTACHMENTS])" in market zone "Trader Zone" (pos=<6675.160645, 104.603935, 6114.155762>) and got 34.
12:38:50.222 [Market] Player "LEZIENTE" (id=ps47fp3xeoA9NP4omdc75NKxQkScsxXydelOk12yuJU=) has sold huntingoptic x1 (990940f0) at the trader "Attachments (Jose [#STR_EXPANSION_MARKET_TRADER_ATTACHMENTS])" in market zone "Trader Zone" (pos=<6675.160645, 104.603935, 6114.155762>) and got 375.
12:38:52.121 [Market] Player "Triforce" (id=XUIp7H7YpSzw2cOw-B5UJCdQOiBvpfbAWYMM274DKUE=) has bought expansionhamroptic x1 (9edffe00, ExpansionDeltapointOptic<9ee0b2f0>, Battery9V<9ed40b90>) from the trader "Attachments (Jose [#STR_EXPANSION_MARKET_TRADER_ATTACHMENTS])" in market zone "Trader Zone" (pos=<6675.160645, 104.603935, 6114.155762>) for a price of 560.
12:39:24.515 [Market] Player "LEZIENTE" (id=ps47fp3xeoA9NP4omdc75NKxQkScsxXydelOk12yuJU=) has bought expansion_pmii25optic x1 (990a9ec0) from the trader "Attachments (Jose [#STR_EXPANSION_MARKET_TRADER_ATTACHMENTS])" in market zone "Trader Zone" (pos=<6675.160645, 104.603935, 6114.155762>) for a price of 1100.
12:39:37.359 [Market] Player "Triforce" (id=XUIp7H7YpSzw2cOw-B5UJCdQOiBvpfbAWYMM274DKUE=) has bought expansionhamroptic x1 (990c7530, ExpansionDeltapointOptic<990c14b0>, Battery9V<962ab8a0>) from the trader "Attachments (Jose [#STR_EXPANSION_MARKET_TRADER_ATTACHMENTS])" in market zone "Trader Zone" (pos=<6675.160645, 104.603935, 6114.155762>) for a price of 560.
12:39:42.425 [Market] Player "LEZIENTE" (id=ps47fp3xeoA9NP4omdc75NKxQkScsxXydelOk12yuJU=) has sold expansion_pmii25optic x1 (990a9ec0) at the trader "Attachments (Jose [#STR_EXPANSION_MARKET_TRADER_ATTACHMENTS])" in market zone "Trader Zone" (pos=<6675.160645, 104.603935, 6114.155762>) and got 825.
12:39:47.261 [Market] Player "LEZIENTE" (id=ps47fp3xeoA9NP4omdc75NKxQkScsxXydelOk12yuJU=) has bought expansionhamroptic x1 (990a9ec0, ExpansionDeltapointOptic<97047990>, Battery9V<962c8720>) from the trader "Attachments (Jose [#STR_EXPANSION_MARKET_TRADER_ATTACHMENTS])" in market zone "Trader Zone" (pos=<6675.160645, 104.603935, 6114.155762>) for a price of 560.
12:40:36.093 [Market] Player "LEZIENTE" (id=ps47fp3xeoA9NP4omdc75NKxQkScsxXydelOk12yuJU=) has sold lugwrench x1 (917a0fa0) at the trader "Components (Cyril [#STR_EXPANSION_MARKET_TRADER_COMPONENTS])" in market zone "Trader Zone" (pos=<6675.160645, 104.603935, 6114.155762>) and got 3.
12:40:42.453 [Market] Player "LEZIENTE" (id=ps47fp3xeoA9NP4omdc75NKxQkScsxXydelOk12yuJU=) has sold compass x1 (b2ebe4b0) at the trader "Components (Cyril [#STR_EXPANSION_MARKET_TRADER_COMPONENTS])" in market zone "Trader Zone" (pos=<6675.160645, 104.603935, 6114.155762>) and got 5.
12:40:53.070 [Market] Player "Triforce" (id=XUIp7H7YpSzw2cOw-B5UJCdQOiBvpfbAWYMM274DKUE=) has bought m4_suppressor x1 (9cb1c080) from the trader "Attachments (Jose [#STR_EXPANSION_MARKET_TRADER_ATTACHMENTS])" in market zone "Trader Zone" (pos=<6675.160645, 104.603935, 6114.155762>) for a price of 25.
12:40:56.019 [Market] Player "Triforce" (id=XUIp7H7YpSzw2cOw-B5UJCdQOiBvpfbAWYMM274DKUE=) has bought m4_suppressor x1 (917a0fa0) from the trader "Attachments (Jose [#STR_EXPANSION_MARKET_TRADER_ATTACHMENTS])" in market zone "Trader Zone" (pos=<6675.160645, 104.603935, 6114.155762>) for a price of 25.
12:41:11.613 [Market] Player "LEZIENTE" (id=ps47fp3xeoA9NP4omdc75NKxQkScsxXydelOk12yuJU=) has bought headtorch_black x1 (8909f6f0, Battery9V<890a6a90>) from the trader "Components (Cyril [#STR_EXPANSION_MARKET_TRADER_COMPONENTS])" in market zone "Trader Zone" (pos=<6675.160645, 104.603935, 6114.155762>) for a price of 50.
12:41:13.375 [Market] Player "Triforce" (id=XUIp7H7YpSzw2cOw-B5UJCdQOiBvpfbAWYMM274DKUE=) has bought m4_rishndgrd x1 (890b8ba0) from the trader "Attachments (Jose [#STR_EXPANSION_MARKET_TRADER_ATTACHMENTS])" in market zone "Trader Zone" (pos=<6675.160645, 104.603935, 6114.155762>) for a price of 200.
12:41:46.195 [Market] Player "LEZIENTE" (id=ps47fp3xeoA9NP4omdc75NKxQkScsxXydelOk12yuJU=) has bought battery9v x1 (9e90b7e0) from the trader "Components (Cyril [#STR_EXPANSION_MARKET_TRADER_COMPONENTS])" in market zone "Trader Zone" (pos=<6675.160645, 104.603935, 6114.155762>) for a price of 10.
12:41:46.812 [Market] Player "LEZIENTE" (id=ps47fp3xeoA9NP4omdc75NKxQkScsxXydelOk12yuJU=) has bought battery9v x1 (9e91fba0) from the trader "Components (Cyril [#STR_EXPANSION_MARKET_TRADER_COMPONENTS])" in market zone "Trader Zone" (pos=<6675.160645, 104.603935, 6114.155762>) for a price of 10.
12:41:47.625 [Market] Player "LEZIENTE" (id=ps47fp3xeoA9NP4omdc75NKxQkScsxXydelOk12yuJU=) has bought battery9v x1 (8f781b70) from the trader "Components (Cyril [#STR_EXPANSION_MARKET_TRADER_COMPONENTS])" in market zone "Trader Zone" (pos=<6675.160645, 104.603935, 6114.155762>) for a price of 10.
12:42:07.410 [Market] Player "Triforce" (id=XUIp7H7YpSzw2cOw-B5UJCdQOiBvpfbAWYMM274DKUE=) has bought ammobox_308win_20rnd x1 (98dfe9c0) from the trader "Weapons (Denis [#STR_EXPANSION_MARKET_TRADER_WEAPONS])" in market zone "Trader Zone" (pos=<6675.160645, 104.603935, 6114.155762>) for a price of 32.
12:42:08.949 [Market] Player "Triforce" (id=XUIp7H7YpSzw2cOw-B5UJCdQOiBvpfbAWYMM274DKUE=) has bought ammobox_308win_20rnd x1 (98e09730) from the trader "Weapons (Denis [#STR_EXPANSION_MARKET_TRADER_WEAPONS])" in market zone "Trader Zone" (pos=<6675.160645, 104.603935, 6114.155762>) for a price of 32.
12:42:19.554 [Market] Player "Triforce" (id=XUIp7H7YpSzw2cOw-B5UJCdQOiBvpfbAWYMM274DKUE=) has bought ammobox_556x45_20rnd x10 (98dcd780) from the trader "Weapons (Denis [#STR_EXPANSION_MARKET_TRADER_WEAPONS])" in market zone "Trader Zone" (pos=<6675.160645, 104.603935, 6114.155762>) for a price of 320.
12:42:39.187 [Market] Player "LEZIENTE" (id=ps47fp3xeoA9NP4omdc75NKxQkScsxXydelOk12yuJU=) has bought m4_suppressor x1 (96fe9c70) from the trader "Attachments (Jose [#STR_EXPANSION_MARKET_TRADER_ATTACHMENTS])" in market zone "Trader Zone" (pos=<6675.160645, 104.603935, 6114.155762>) for a price of 25.
12:42:39.878 [Market] Player "LEZIENTE" (id=ps47fp3xeoA9NP4omdc75NKxQkScsxXydelOk12yuJU=) has bought m4_suppressor x1 (93f9d1f0) from the trader "Attachments (Jose [#STR_EXPANSION_MARKET_TRADER_ATTACHMENTS])" in market zone "Trader Zone" (pos=<6675.160645, 104.603935, 6114.155762>) for a price of 25.
12:44:18.765 [Market] Player "LEZIENTE" (id=ps47fp3xeoA9NP4omdc75NKxQkScsxXydelOk12yuJU=) has sold ammo_762x39 x1 (b2eb7110) at the trader "Weapons (Denis [#STR_EXPANSION_MARKET_TRADER_WEAPONS])" in market zone "Trader Zone" (pos=<6675.160645, 104.603935, 6114.155762>) and got 1.
12:44:19.656 [Market] Player "LEZIENTE" (id=ps47fp3xeoA9NP4omdc75NKxQkScsxXydelOk12yuJU=) has sold ammo_762x39 x1 (b2eb7110) at the trader "Weapons (Denis [#STR_EXPANSION_MARKET_TRADER_WEAPONS])" in market zone "Trader Zone" (pos=<6675.160645, 104.603935, 6114.155762>) and got 1.
12:44:19.820 [Market] Player "LEZIENTE" (id=ps47fp3xeoA9NP4omdc75NKxQkScsxXydelOk12yuJU=) has sold ammo_762x39 x1 (b2eb7110) at the trader "Weapons (Denis [#STR_EXPANSION_MARKET_TRADER_WEAPONS])" in market zone "Trader Zone" (pos=<6675.160645, 104.603935, 6114.155762>) and got 1.
12:44:20.191 [Market] Player "LEZIENTE" (id=ps47fp3xeoA9NP4omdc75NKxQkScsxXydelOk12yuJU=) has sold ammo_762x39 x1 (b2eb7110) at the trader "Weapons (Denis [#STR_EXPANSION_MARKET_TRADER_WEAPONS])" in market zone "Trader Zone" (pos=<6675.160645, 104.603935, 6114.155762>) and got 1.
12:44:20.351 [Market] Player "LEZIENTE" (id=ps47fp3xeoA9NP4omdc75NKxQkScsxXydelOk12yuJU=) has sold ammo_762x39 x1 (b2eb7110) at the trader "Weapons (Denis [#STR_EXPANSION_MARKET_TRADER_WEAPONS])" in market zone "Trader Zone" (pos=<6675.160645, 104.603935, 6114.155762>) and got 1.
12:44:20.523 [Market] Player "LEZIENTE" (id=ps47fp3xeoA9NP4omdc75NKxQkScsxXydelOk12yuJU=) has sold ammo_762x39 x1 (b2eb7110) at the trader "Weapons (Denis [#STR_EXPANSION_MARKET_TRADER_WEAPONS])" in market zone "Trader Zone" (pos=<6675.160645, 104.603935, 6114.155762>) and got 1.
12:44:20.660 [Market] Player "LEZIENTE" (id=ps47fp3xeoA9NP4omdc75NKxQkScsxXydelOk12yuJU=) has sold ammo_762x39 x1 (b2eb7110) at the trader "Weapons (Denis [#STR_EXPANSION_MARKET_TRADER_WEAPONS])" in market zone "Trader Zone" (pos=<6675.160645, 104.603935, 6114.155762>) and got 1.
12:44:20.851 [Market] Player "LEZIENTE" (id=ps47fp3xeoA9NP4omdc75NKxQkScsxXydelOk12yuJU=) has sold ammo_762x39 x1 (b2eb7110) at the trader "Weapons (Denis [#STR_EXPANSION_MARKET_TRADER_WEAPONS])" in market zone "Trader Zone" (pos=<6675.160645, 104.603935, 6114.155762>) and got 1.
12:44:21.132 [Market] Player "LEZIENTE" (id=ps47fp3xeoA9NP4omdc75NKxQkScsxXydelOk12yuJU=) has sold ammo_762x39 x1 (b2eb7110) at the trader "Weapons (Denis [#STR_EXPANSION_MARKET_TRADER_WEAPONS])" in market zone "Trader Zone" (pos=<6675.160645, 104.603935, 6114.155762>) and got 1.
12:44:21.359 [Market] Player "LEZIENTE" (id=ps47fp3xeoA9NP4omdc75NKxQkScsxXydelOk12yuJU=) has sold ammo_762x39 x1 (b2eb7110) at the trader "Weapons (Denis [#STR_EXPANSION_MARKET_TRADER_WEAPONS])" in market zone "Trader Zone" (pos=<6675.160645, 104.603935, 6114.155762>) and got 1.
12:44:21.898 [Market] Player "LEZIENTE" (id=ps47fp3xeoA9NP4omdc75NKxQkScsxXydelOk12yuJU=) has sold ammo_762x39 x1 (b2eb7110) at the trader "Weapons (Denis [#STR_EXPANSION_MARKET_TRADER_WEAPONS])" in market zone "Trader Zone" (pos=<6675.160645, 104.603935, 6114.155762>) and got 1.
12:44:22.062 [Market] Player "LEZIENTE" (id=ps47fp3xeoA9NP4omdc75NKxQkScsxXydelOk12yuJU=) has sold ammo_762x39 x1 (b2eb7110) at the trader "Weapons (Denis [#STR_EXPANSION_MARKET_TRADER_WEAPONS])" in market zone "Trader Zone" (pos=<6675.160645, 104.603935, 6114.155762>) and got 1.
12:44:22.277 [Market] Player "LEZIENTE" (id=ps47fp3xeoA9NP4omdc75NKxQkScsxXydelOk12yuJU=) has sold ammo_762x39 x1 (b2eb7110) at the trader "Weapons (Denis [#STR_EXPANSION_MARKET_TRADER_WEAPONS])" in market zone "Trader Zone" (pos=<6675.160645, 104.603935, 6114.155762>) and got 1.
12:44:22.429 [Market] Player "LEZIENTE" (id=ps47fp3xeoA9NP4omdc75NKxQkScsxXydelOk12yuJU=) has sold ammo_762x39 x1 (b2eb7110) at the trader "Weapons (Denis [#STR_EXPANSION_MARKET_TRADER_WEAPONS])" in market zone "Trader Zone" (pos=<6675.160645, 104.603935, 6114.155762>) and got 1.
12:44:22.660 [Market] Player "LEZIENTE" (id=ps47fp3xeoA9NP4omdc75NKxQkScsxXydelOk12yuJU=) has sold ammo_762x39 x1 (b2eb7110) at the trader "Weapons (Denis [#STR_EXPANSION_MARKET_TRADER_WEAPONS])" in market zone "Trader Zone" (pos=<6675.160645, 104.603935, 6114.155762>) and got 1.
12:44:22.964 [Market] Player "LEZIENTE" (id=ps47fp3xeoA9NP4omdc75NKxQkScsxXydelOk12yuJU=) has sold ammo_762x39 x1 (b2eb7110) at the trader "Weapons (Denis [#STR_EXPANSION_MARKET_TRADER_WEAPONS])" in market zone "Trader Zone" (pos=<6675.160645, 104.603935, 6114.155762>) and got 1.
12:44:23.226 [Market] Player "LEZIENTE" (id=ps47fp3xeoA9NP4omdc75NKxQkScsxXydelOk12yuJU=) has sold ammo_762x39 x1 (b2eb7110) at the trader "Weapons (Denis [#STR_EXPANSION_MARKET_TRADER_WEAPONS])" in market zone "Trader Zone" (pos=<6675.160645, 104.603935, 6114.155762>) and got 1.
12:44:23.441 [Market] Player "LEZIENTE" (id=ps47fp3xeoA9NP4omdc75NKxQkScsxXydelOk12yuJU=) has sold ammo_762x39 x1 (b2eb7110) at the trader "Weapons (Denis [#STR_EXPANSION_MARKET_TRADER_WEAPONS])" in market zone "Trader Zone" (pos=<6675.160645, 104.603935, 6114.155762>) and got 1.
12:44:23.898 [Market] Player "LEZIENTE" (id=ps47fp3xeoA9NP4omdc75NKxQkScsxXydelOk12yuJU=) has sold ammo_762x39 x1 (b2eb7110) at the trader "Weapons (Denis [#STR_EXPANSION_MARKET_TRADER_WEAPONS])" in market zone "Trader Zone" (pos=<6675.160645, 104.603935, 6114.155762>) and got 1.
12:44:24.082 [Market] Player "LEZIENTE" (id=ps47fp3xeoA9NP4omdc75NKxQkScsxXydelOk12yuJU=) has sold ammo_762x39 x1 (b2eb7110) at the trader "Weapons (Denis [#STR_EXPANSION_MARKET_TRADER_WEAPONS])" in market zone "Trader Zone" (pos=<6675.160645, 104.603935, 6114.155762>) and got 1.
12:44:24.214 [Market] Player "LEZIENTE" (id=ps47fp3xeoA9NP4omdc75NKxQkScsxXydelOk12yuJU=) has sold ammo_762x39 x1 (b2eb59f0) at the trader "Weapons (Denis [#STR_EXPANSION_MARKET_TRADER_WEAPONS])" in market zone "Trader Zone" (pos=<6675.160645, 104.603935, 6114.155762>) and got 1.
12:44:24.617 [Market] Player "LEZIENTE" (id=ps47fp3xeoA9NP4omdc75NKxQkScsxXydelOk12yuJU=) has sold ammo_762x54 x1 (b2eb6580) at the trader "Weapons (Denis [#STR_EXPANSION_MARKET_TRADER_WEAPONS])" in market zone "Trader Zone" (pos=<6675.160645, 104.603935, 6114.155762>) and got 0.
12:44:25.726 [Market] Player "LEZIENTE" (id=ps47fp3xeoA9NP4omdc75NKxQkScsxXydelOk12yuJU=) has sold ammo_762x54 x1 (b2eb6580) at the trader "Weapons (Denis [#STR_EXPANSION_MARKET_TRADER_WEAPONS])" in market zone "Trader Zone" (pos=<6675.160645, 104.603935, 6114.155762>) and got 0.
12:44:25.941 [Market] Player "LEZIENTE" (id=ps47fp3xeoA9NP4omdc75NKxQkScsxXydelOk12yuJU=) has sold ammo_762x54 x1 (b2eb6580) at the trader "Weapons (Denis [#STR_EXPANSION_MARKET_TRADER_WEAPONS])" in market zone "Trader Zone" (pos=<6675.160645, 104.603935, 6114.155762>) and got 0.
12:44:26.105 [Market] Player "LEZIENTE" (id=ps47fp3xeoA9NP4omdc75NKxQkScsxXydelOk12yuJU=) has sold ammo_762x54 x1 (b2eb6580) at the trader "Weapons (Denis [#STR_EXPANSION_MARKET_TRADER_WEAPONS])" in market zone "Trader Zone" (pos=<6675.160645, 104.603935, 6114.155762>) and got 0.
12:44:26.316 [Market] Player "LEZIENTE" (id=ps47fp3xeoA9NP4omdc75NKxQkScsxXydelOk12yuJU=) has sold ammo_762x54 x1 (b2eb6580) at the trader "Weapons (Denis [#STR_EXPANSION_MARKET_TRADER_WEAPONS])" in market zone "Trader Zone" (pos=<6675.160645, 104.603935, 6114.155762>) and got 0.
12:44:26.457 [Market] Player "LEZIENTE" (id=ps47fp3xeoA9NP4omdc75NKxQkScsxXydelOk12yuJU=) has sold ammo_762x54 x1 (b2eb6580) at the trader "Weapons (Denis [#STR_EXPANSION_MARKET_TRADER_WEAPONS])" in market zone "Trader Zone" (pos=<6675.160645, 104.603935, 6114.155762>) and got 0.
12:44:26.667 [Market] Player "LEZIENTE" (id=ps47fp3xeoA9NP4omdc75NKxQkScsxXydelOk12yuJU=) has sold ammo_762x54 x1 (b2eb6580) at the trader "Weapons (Denis [#STR_EXPANSION_MARKET_TRADER_WEAPONS])" in market zone "Trader Zone" (pos=<6675.160645, 104.603935, 6114.155762>) and got 0.
12:44:26.894 [Market] Player "LEZIENTE" (id=ps47fp3xeoA9NP4omdc75NKxQkScsxXydelOk12yuJU=) has sold ammo_762x54 x1 (b2eb6580) at the trader "Weapons (Denis [#STR_EXPANSION_MARKET_TRADER_WEAPONS])" in market zone "Trader Zone" (pos=<6675.160645, 104.603935, 6114.155762>) and got 0.
12:44:27.085 [Market] Player "LEZIENTE" (id=ps47fp3xeoA9NP4omdc75NKxQkScsxXydelOk12yuJU=) has sold ammo_762x54 x1 (b2eb6580) at the trader "Weapons (Denis [#STR_EXPANSION_MARKET_TRADER_WEAPONS])" in market zone "Trader Zone" (pos=<6675.160645, 104.603935, 6114.155762>) and got 0.
12:44:27.269 [Market] Player "LEZIENTE" (id=ps47fp3xeoA9NP4omdc75NKxQkScsxXydelOk12yuJU=) has sold ammo_762x54 x1 (b2eb6580) at the trader "Weapons (Denis [#STR_EXPANSION_MARKET_TRADER_WEAPONS])" in market zone "Trader Zone" (pos=<6675.160645, 104.603935, 6114.155762>) and got 0.
12:44:35.203 [Market] Player "LEZIENTE" (id=ps47fp3xeoA9NP4omdc75NKxQkScsxXydelOk12yuJU=) has bought ammobox_308win_20rnd x1 (94ddf340) from the trader "Weapons (Denis [#STR_EXPANSION_MARKET_TRADER_WEAPONS])" in market zone "Trader Zone" (pos=<6675.160645, 104.603935, 6114.155762>) for a price of 32.
12:44:35.515 [Market] Player "LEZIENTE" (id=ps47fp3xeoA9NP4omdc75NKxQkScsxXydelOk12yuJU=) has bought ammobox_308win_20rnd x1 (94deda80) from the trader "Weapons (Denis [#STR_EXPANSION_MARKET_TRADER_WEAPONS])" in market zone "Trader Zone" (pos=<6675.160645, 104.603935, 6114.155762>) for a price of 32.
12:44:35.812 [Market] Player "LEZIENTE" (id=ps47fp3xeoA9NP4omdc75NKxQkScsxXydelOk12yuJU=) has bought ammobox_308win_20rnd x1 (94de7270) from the trader "Weapons (Denis [#STR_EXPANSION_MARKET_TRADER_WEAPONS])" in market zone "Trader Zone" (pos=<6675.160645, 104.603935, 6114.155762>) for a price of 32.
12:44:36.785 [Market] Player "LEZIENTE" (id=ps47fp3xeoA9NP4omdc75NKxQkScsxXydelOk12yuJU=) has bought ammobox_556x45_20rnd x1 (94de8990) from the trader "Weapons (Denis [#STR_EXPANSION_MARKET_TRADER_WEAPONS])" in market zone "Trader Zone" (pos=<6675.160645, 104.603935, 6114.155762>) for a price of 32.
12:44:36.968 [Market] Player "LEZIENTE" (id=ps47fp3xeoA9NP4omdc75NKxQkScsxXydelOk12yuJU=) has bought ammobox_556x45_20rnd x1 (94dea0b0) from the trader "Weapons (Denis [#STR_EXPANSION_MARKET_TRADER_WEAPONS])" in market zone "Trader Zone" (pos=<6675.160645, 104.603935, 6114.155762>) for a price of 32.
12:44:37.214 [Market] Player "LEZIENTE" (id=ps47fp3xeoA9NP4omdc75NKxQkScsxXydelOk12yuJU=) has bought ammobox_556x45_20rnd x1 (94df4290) from the trader "Weapons (Denis [#STR_EXPANSION_MARKET_TRADER_WEAPONS])" in market zone "Trader Zone" (pos=<6675.160645, 104.603935, 6114.155762>) for a price of 32.
12:44:37.437 [Market] Player "LEZIENTE" (id=ps47fp3xeoA9NP4omdc75NKxQkScsxXydelOk12yuJU=) has bought ammobox_556x45_20rnd x1 (94df2b70) from the trader "Weapons (Denis [#STR_EXPANSION_MARKET_TRADER_WEAPONS])" in market zone "Trader Zone" (pos=<6675.160645, 104.603935, 6114.155762>) for a price of 32.
12:44:38.699 [Market] Player "LEZIENTE" (id=ps47fp3xeoA9NP4omdc75NKxQkScsxXydelOk12yuJU=) has sold ammobox_762x39_20rnd x1 (98b10eb0) at the trader "Weapons (Denis [#STR_EXPANSION_MARKET_TRADER_WEAPONS])" in market zone "Trader Zone" (pos=<6675.160645, 104.603935, 6114.155762>) and got 18.
12:44:38.937 [Market] Player "LEZIENTE" (id=ps47fp3xeoA9NP4omdc75NKxQkScsxXydelOk12yuJU=) has sold ammobox_762x39_20rnd x1 (8d21f0d0) at the trader "Weapons (Denis [#STR_EXPANSION_MARKET_TRADER_WEAPONS])" in market zone "Trader Zone" (pos=<6675.160645, 104.603935, 6114.155762>) and got 24.
12:44:39.140 [Market] Player "LEZIENTE" (id=ps47fp3xeoA9NP4omdc75NKxQkScsxXydelOk12yuJU=) has sold ammobox_762x39_20rnd x1 (8909d440) at the trader "Weapons (Denis [#STR_EXPANSION_MARKET_TRADER_WEAPONS])" in market zone "Trader Zone" (pos=<6675.160645, 104.603935, 6114.155762>) and got 24.
12:44:39.769 [Market] Player "LEZIENTE" (id=ps47fp3xeoA9NP4omdc75NKxQkScsxXydelOk12yuJU=) has sold ammobox_762x54_20rnd x1 (b2e9c540) at the trader "Weapons (Denis [#STR_EXPANSION_MARKET_TRADER_WEAPONS])" in market zone "Trader Zone" (pos=<6675.160645, 104.603935, 6114.155762>) and got 12.
12:44:40.382 [Market] Player "LEZIENTE" (id=ps47fp3xeoA9NP4omdc75NKxQkScsxXydelOk12yuJU=) has sold ammobox_762x54_20rnd x1 (b2eb4e60) at the trader "Weapons (Denis [#STR_EXPANSION_MARKET_TRADER_WEAPONS])" in market zone "Trader Zone" (pos=<6675.160645, 104.603935, 6114.155762>) and got 24.
12:44:40.558 [Market] Player "LEZIENTE" (id=ps47fp3xeoA9NP4omdc75NKxQkScsxXydelOk12yuJU=) has sold ammobox_762x54_20rnd x1 (b2eafd70) at the trader "Weapons (Denis [#STR_EXPANSION_MARKET_TRADER_WEAPONS])" in market zone "Trader Zone" (pos=<6675.160645, 104.603935, 6114.155762>) and got 6.
12:46:04.503 [Market] Player "Triforce" (id=XUIp7H7YpSzw2cOw-B5UJCdQOiBvpfbAWYMM274DKUE=) has bought headtorch_black x1 (944c4e50, Battery9V<944ac530>) from the trader "Components (Cyril [#STR_EXPANSION_MARKET_TRADER_COMPONENTS])" in market zone "Trader Zone" (pos=<6675.160645, 104.603935, 6114.155762>) for a price of 50.
12:46:11.683 [Market] Player "Triforce" (id=XUIp7H7YpSzw2cOw-B5UJCdQOiBvpfbAWYMM274DKUE=) has bought weaponcleaningkit x1 (890bae50) from the trader "Components (Cyril [#STR_EXPANSION_MARKET_TRADER_COMPONENTS])" in market zone "Trader Zone" (pos=<6675.160645, 104.603935, 6114.155762>) for a price of 8.
12:46:13.871 [Market] Player "Triforce" (id=XUIp7H7YpSzw2cOw-B5UJCdQOiBvpfbAWYMM274DKUE=) has bought sewingkit x1 (9a8b4310) from the trader "Components (Cyril [#STR_EXPANSION_MARKET_TRADER_COMPONENTS])" in market zone "Trader Zone" (pos=<6675.160645, 104.603935, 6114.155762>) for a price of 4.
12:46:15.742 [Market] Player "Triforce" (id=XUIp7H7YpSzw2cOw-B5UJCdQOiBvpfbAWYMM274DKUE=) has bought leathersewingkit x1 (88bd6c70) from the trader "Components (Cyril [#STR_EXPANSION_MARKET_TRADER_COMPONENTS])" in market zone "Trader Zone" (pos=<6675.160645, 104.603935, 6114.155762>) for a price of 5.
12:46:27.691 [Market] Player "LEZIENTE" (id=ps47fp3xeoA9NP4omdc75NKxQkScsxXydelOk12yuJU=) has bought ammobox x1 (88bd5550) from the trader "Components (Cyril [#STR_EXPANSION_MARKET_TRADER_COMPONENTS])" in market zone "Trader Zone" (pos=<6675.160645, 104.603935, 6114.155762>) for a price of 80.
12:47:37.585 [Market] Player "LEZIENTE" (id=ps47fp3xeoA9NP4omdc75NKxQkScsxXydelOk12yuJU=) has bought leathersewingkit x1 (91f1d240) from the trader "Components (Cyril [#STR_EXPANSION_MARKET_TRADER_COMPONENTS])" in market zone "Trader Zone" (pos=<6675.160645, 104.603935, 6114.155762>) for a price of 5.
12:47:38.390 [Market] Player "LEZIENTE" (id=ps47fp3xeoA9NP4omdc75NKxQkScsxXydelOk12yuJU=) has bought leathersewingkit x1 (91f459c0) from the trader "Components (Cyril [#STR_EXPANSION_MARKET_TRADER_COMPONENTS])" in market zone "Trader Zone" (pos=<6675.160645, 104.603935, 6114.155762>) for a price of 5.
12:47:40.253 [Market] Player "LEZIENTE" (id=ps47fp3xeoA9NP4omdc75NKxQkScsxXydelOk12yuJU=) has bought sewingkit x1 (91f4cd60) from the trader "Components (Cyril [#STR_EXPANSION_MARKET_TRADER_COMPONENTS])" in market zone "Trader Zone" (pos=<6675.160645, 104.603935, 6114.155762>) for a price of 4.
12:48:46.835 [Market] Player "LEZIENTE" (id=ps47fp3xeoA9NP4omdc75NKxQkScsxXydelOk12yuJU=) has bought weaponcleaningkit x1 (944aae10) from the trader "Components (Cyril [#STR_EXPANSION_MARKET_TRADER_COMPONENTS])" in market zone "Trader Zone" (pos=<6675.160645, 104.603935, 6114.155762>) for a price of 8.
12:50:20.578 [Market] Player "LEZIENTE" (id=ps47fp3xeoA9NP4omdc75NKxQkScsxXydelOk12yuJU=) has bought ducttape x1 (98fb30c0) from the trader "Components (Cyril [#STR_EXPANSION_MARKET_TRADER_COMPONENTS])" in market zone "Trader Zone" (pos=<6675.160645, 104.603935, 6114.155762>) for a price of 20.
12:51:23.718 [Market] Player "Triforce" (id=XUIp7H7YpSzw2cOw-B5UJCdQOiBvpfbAWYMM274DKUE=) has bought weaponcleaningkit x1 (96a88440) from the trader "Components (Cyril [#STR_EXPANSION_MARKET_TRADER_COMPONENTS])" in market zone "Trader Zone" (pos=<6675.160645, 104.603935, 6114.155762>) for a price of 8.
12:51:25.839 [Market] Player "Triforce" (id=XUIp7H7YpSzw2cOw-B5UJCdQOiBvpfbAWYMM274DKUE=) has bought sewingkit x1 (9491f410) from the trader "Components (Cyril [#STR_EXPANSION_MARKET_TRADER_COMPONENTS])" in market zone "Trader Zone" (pos=<6675.160645, 104.603935, 6114.155762>) for a price of 4.
12:51:27.531 [Market] Player "Triforce" (id=XUIp7H7YpSzw2cOw-B5UJCdQOiBvpfbAWYMM274DKUE=) has bought leathersewingkit x1 (88baf080) from the trader "Components (Cyril [#STR_EXPANSION_MARKET_TRADER_COMPONENTS])" in market zone "Trader Zone" (pos=<6675.160645, 104.603935, 6114.155762>) for a price of 5.
12:52:06.378 [Market] Player "LEZIENTE" (id=ps47fp3xeoA9NP4omdc75NKxQkScsxXydelOk12yuJU=) has bought pot x1 (8f73a6d0) from the trader "Components (Cyril [#STR_EXPANSION_MARKET_TRADER_COMPONENTS])" in market zone "Trader Zone" (pos=<6675.160645, 104.603935, 6114.155762>) for a price of 25.
12:52:38.753 [Market] Player "Triforce" (id=XUIp7H7YpSzw2cOw-B5UJCdQOiBvpfbAWYMM274DKUE=) has bought ducttape x1 (9e6ccfd0) from the trader "Components (Cyril [#STR_EXPANSION_MARKET_TRADER_COMPONENTS])" in market zone "Trader Zone" (pos=<6675.160645, 104.603935, 6114.155762>) for a price of 20.
12:52:39.933 [Market] Player "Triforce" (id=XUIp7H7YpSzw2cOw-B5UJCdQOiBvpfbAWYMM274DKUE=) has bought ducttape x1 (9e6c9600) from the trader "Components (Cyril [#STR_EXPANSION_MARKET_TRADER_COMPONENTS])" in market zone "Trader Zone" (pos=<6675.160645, 104.603935, 6114.155762>) for a price of 20.
12:52:42.605 [Market] Player "LEZIENTE" (id=ps47fp3xeoA9NP4omdc75NKxQkScsxXydelOk12yuJU=) has bought epoxyputty x1 (9e6c7350) from the trader "Components (Cyril [#STR_EXPANSION_MARKET_TRADER_COMPONENTS])" in market zone "Trader Zone" (pos=<6675.160645, 104.603935, 6114.155762>) for a price of 15.
12:54:09.882 [Market] Player "Triforce" (id=XUIp7H7YpSzw2cOw-B5UJCdQOiBvpfbAWYMM274DKUE=) has bought leathersewingkit x1 (9d1c5e50) from the trader "Components (Cyril [#STR_EXPANSION_MARKET_TRADER_COMPONENTS])" in market zone "Trader Zone" (pos=<6675.160645, 104.603935, 6114.155762>) for a price of 5.
12:54:12.316 [Market] Player "Triforce" (id=XUIp7H7YpSzw2cOw-B5UJCdQOiBvpfbAWYMM274DKUE=) has bought leathersewingkit x1 (96a7d6d0) from the trader "Components (Cyril [#STR_EXPANSION_MARKET_TRADER_COMPONENTS])" in market zone "Trader Zone" (pos=<6675.160645, 104.603935, 6114.155762>) for a price of 5.
12:54:14.125 [Market] Player "Triforce" (id=XUIp7H7YpSzw2cOw-B5UJCdQOiBvpfbAWYMM274DKUE=) has bought sewingkit x1 (ba613b50) from the trader "Components (Cyril [#STR_EXPANSION_MARKET_TRADER_COMPONENTS])" in market zone "Trader Zone" (pos=<6675.160645, 104.603935, 6114.155762>) for a price of 4.
12:54:16.304 [Market] Player "Triforce" (id=XUIp7H7YpSzw2cOw-B5UJCdQOiBvpfbAWYMM274DKUE=) has bought sewingkit x1 (9fe69ab0) from the trader "Components (Cyril [#STR_EXPANSION_MARKET_TRADER_COMPONENTS])" in market zone "Trader Zone" (pos=<6675.160645, 104.603935, 6114.155762>) for a price of 4.
12:54:18.761 [Market] Player "Triforce" (id=XUIp7H7YpSzw2cOw-B5UJCdQOiBvpfbAWYMM274DKUE=) has bought weaponcleaningkit x1 (91b2dfc0) from the trader "Components (Cyril [#STR_EXPANSION_MARKET_TRADER_COMPONENTS])" in market zone "Trader Zone" (pos=<6675.160645, 104.603935, 6114.155762>) for a price of 8.
12:54:21.101 [Market] Player "Triforce" (id=XUIp7H7YpSzw2cOw-B5UJCdQOiBvpfbAWYMM274DKUE=) has bought weaponcleaningkit x1 (9424db80) from the trader "Components (Cyril [#STR_EXPANSION_MARKET_TRADER_COMPONENTS])" in market zone "Trader Zone" (pos=<6675.160645, 104.603935, 6114.155762>) for a price of 8.
12:55:25.007 [Market] Player "Triforce" (id=XUIp7H7YpSzw2cOw-B5UJCdQOiBvpfbAWYMM274DKUE=) has sold weaponcleaningkit x1 (96a88440) at the trader "Components (Cyril [#STR_EXPANSION_MARKET_TRADER_COMPONENTS])" in market zone "Trader Zone" (pos=<6675.160645, 104.603935, 6114.155762>) and got 3.
12:55:28.699 [Market] Player "LEZIENTE" (id=ps47fp3xeoA9NP4omdc75NKxQkScsxXydelOk12yuJU=) has bought mag_m14_20rnd x1 (9b004dd0, ammo_308win x20) from the trader "Attachments (Jose [#STR_EXPANSION_MARKET_TRADER_ATTACHMENTS])" in market zone "Trader Zone" (pos=<6675.160645, 104.603935, 6114.155762>) for a price of 240.
12:55:33.906 [Market] Player "LEZIENTE" (id=ps47fp3xeoA9NP4omdc75NKxQkScsxXydelOk12yuJU=) has bought mag_stanagcoupled_30rnd x1 (96b14890, ammo_556x45 x60) from the trader "Attachments (Jose [#STR_EXPANSION_MARKET_TRADER_ATTACHMENTS])" in market zone "Trader Zone" (pos=<6675.160645, 104.603935, 6114.155762>) for a price of 340.
12:57:15.437 [Market] Player "LEZIENTE" (id=ps47fp3xeoA9NP4omdc75NKxQkScsxXydelOk12yuJU=) has bought tlrlight x1 (88ba5a30) from the trader "Attachments (Jose [#STR_EXPANSION_MARKET_TRADER_ATTACHMENTS])" in market zone "Trader Zone" (pos=<6675.160645, 104.603935, 6114.155762>) for a price of 120.
12:57:19.640 [Market] Player "LEZIENTE" (id=ps47fp3xeoA9NP4omdc75NKxQkScsxXydelOk12yuJU=) has sold universallight x1 (b2eb93c0, Battery9V<b2ebcd90>) at the trader "Attachments (Jose [#STR_EXPANSION_MARKET_TRADER_ATTACHMENTS])" in market zone "Trader Zone" (pos=<6675.160645, 104.603935, 6114.155762>) and got 46.
12:57:19.960 [Market] Player "Triforce" (id=XUIp7H7YpSzw2cOw-B5UJCdQOiBvpfbAWYMM274DKUE=) has bought mag_stanagcoupled_30rnd x1 (b2ebcd90, ammo_556x45 x60) from the trader "Attachments (Jose [#STR_EXPANSION_MARKET_TRADER_ATTACHMENTS])" in market zone "Trader Zone" (pos=<6675.160645, 104.603935, 6114.155762>) for a price of 340.
12:57:38.179 [Market] Player "Triforce" (id=XUIp7H7YpSzw2cOw-B5UJCdQOiBvpfbAWYMM274DKUE=) has bought mag_stanagcoupled_30rnd x1 (b2e8afc0, ammo_556x45 x60) from the trader "Attachments (Jose [#STR_EXPANSION_MARKET_TRADER_ATTACHMENTS])" in market zone "Trader Zone" (pos=<6675.160645, 104.603935, 6114.155762>) for a price of 340.
12:58:01.468 [Market] Player "LEZIENTE" (id=ps47fp3xeoA9NP4omdc75NKxQkScsxXydelOk12yuJU=) has sold ammobox_762x54_20rnd x1 (98b42c80) at the trader "Weapons (Denis [#STR_EXPANSION_MARKET_TRADER_WEAPONS])" in market zone "Trader Zone" (pos=<6675.160645, 104.603935, 6114.155762>) and got 18.
12:58:05.417 [Market] Player "LEZIENTE" (id=ps47fp3xeoA9NP4omdc75NKxQkScsxXydelOk12yuJU=) has sold ammo_380 x1 (8fc25fc0) at the trader "Weapons (Denis [#STR_EXPANSION_MARKET_TRADER_WEAPONS])" in market zone "Trader Zone" (pos=<6675.160645, 104.603935, 6114.155762>) and got 0.
12:58:05.718 [Market] Player "LEZIENTE" (id=ps47fp3xeoA9NP4omdc75NKxQkScsxXydelOk12yuJU=) has sold ammo_380 x1 (8fc25fc0) at the trader "Weapons (Denis [#STR_EXPANSION_MARKET_TRADER_WEAPONS])" in market zone "Trader Zone" (pos=<6675.160645, 104.603935, 6114.155762>) and got 0.
12:58:05.894 [Market] Player "LEZIENTE" (id=ps47fp3xeoA9NP4omdc75NKxQkScsxXydelOk12yuJU=) has sold ammo_380 x1 (8fc25fc0) at the trader "Weapons (Denis [#STR_EXPANSION_MARKET_TRADER_WEAPONS])" in market zone "Trader Zone" (pos=<6675.160645, 104.603935, 6114.155762>) and got 0.
12:58:06.808 [Market] Player "LEZIENTE" (id=ps47fp3xeoA9NP4omdc75NKxQkScsxXydelOk12yuJU=) has sold ammo_380 x1 (8fc25fc0) at the trader "Weapons (Denis [#STR_EXPANSION_MARKET_TRADER_WEAPONS])" in market zone "Trader Zone" (pos=<6675.160645, 104.603935, 6114.155762>) and got 0.
12:58:08.527 [Market] Player "LEZIENTE" (id=ps47fp3xeoA9NP4omdc75NKxQkScsxXydelOk12yuJU=) has sold ammo_380 x1 (8fc25fc0) at the trader "Weapons (Denis [#STR_EXPANSION_MARKET_TRADER_WEAPONS])" in market zone "Trader Zone" (pos=<6675.160645, 104.603935, 6114.155762>) and got 0.
12:58:09.003 [Market] Player "Triforce" (id=XUIp7H7YpSzw2cOw-B5UJCdQOiBvpfbAWYMM274DKUE=) has sold mag_stanag_30rnd x1 (b2e99700) at the trader "Attachments (Jose [#STR_EXPANSION_MARKET_TRADER_ATTACHMENTS])" in market zone "Trader Zone" (pos=<6675.160645, 104.603935, 6114.155762>) and got 165.
12:58:09.804 [Market] Player "LEZIENTE" (id=ps47fp3xeoA9NP4omdc75NKxQkScsxXydelOk12yuJU=) has sold ammo_380 x1 (8fc25fc0) at the trader "Weapons (Denis [#STR_EXPANSION_MARKET_TRADER_WEAPONS])" in market zone "Trader Zone" (pos=<6675.160645, 104.603935, 6114.155762>) and got 0.
12:58:11.542 [Market] Player "LEZIENTE" (id=ps47fp3xeoA9NP4omdc75NKxQkScsxXydelOk12yuJU=) has sold ammo_545x39 x1 (93f81a90) at the trader "Weapons (Denis [#STR_EXPANSION_MARKET_TRADER_WEAPONS])" in market zone "Trader Zone" (pos=<6675.160645, 104.603935, 6114.155762>) and got 0.
12:58:11.839 [Market] Player "LEZIENTE" (id=ps47fp3xeoA9NP4omdc75NKxQkScsxXydelOk12yuJU=) has sold ammo_545x39 x1 (93f81a90) at the trader "Weapons (Denis [#STR_EXPANSION_MARKET_TRADER_WEAPONS])" in market zone "Trader Zone" (pos=<6675.160645, 104.603935, 6114.155762>) and got 0.
12:58:12.070 [Market] Player "LEZIENTE" (id=ps47fp3xeoA9NP4omdc75NKxQkScsxXydelOk12yuJU=) has sold ammo_545x39 x1 (93f81a90) at the trader "Weapons (Denis [#STR_EXPANSION_MARKET_TRADER_WEAPONS])" in market zone "Trader Zone" (pos=<6675.160645, 104.603935, 6114.155762>) and got 0.
12:58:12.742 [Market] Player "LEZIENTE" (id=ps47fp3xeoA9NP4omdc75NKxQkScsxXydelOk12yuJU=) has sold ammo_545x39 x1 (93f81a90) at the trader "Weapons (Denis [#STR_EXPANSION_MARKET_TRADER_WEAPONS])" in market zone "Trader Zone" (pos=<6675.160645, 104.603935, 6114.155762>) and got 0.
12:58:13.742 [Market] Player "LEZIENTE" (id=ps47fp3xeoA9NP4omdc75NKxQkScsxXydelOk12yuJU=) has sold ammo_545x39 x1 (93f81a90) at the trader "Weapons (Denis [#STR_EXPANSION_MARKET_TRADER_WEAPONS])" in market zone "Trader Zone" (pos=<6675.160645, 104.603935, 6114.155762>) and got 0.
12:58:15.667 [Market] Player "LEZIENTE" (id=ps47fp3xeoA9NP4omdc75NKxQkScsxXydelOk12yuJU=) has sold ammo_380 x1 (8fc25fc0) at the trader "Weapons (Denis [#STR_EXPANSION_MARKET_TRADER_WEAPONS])" in market zone "Trader Zone" (pos=<6675.160645, 104.603935, 6114.155762>) and got 0.
12:58:16.125 [Market] Player "LEZIENTE" (id=ps47fp3xeoA9NP4omdc75NKxQkScsxXydelOk12yuJU=) has sold ammo_380 x1 (8fc25fc0) at the trader "Weapons (Denis [#STR_EXPANSION_MARKET_TRADER_WEAPONS])" in market zone "Trader Zone" (pos=<6675.160645, 104.603935, 6114.155762>) and got 0.
12:58:16.312 [Market] Player "LEZIENTE" (id=ps47fp3xeoA9NP4omdc75NKxQkScsxXydelOk12yuJU=) has sold ammo_380 x1 (8fc25fc0) at the trader "Weapons (Denis [#STR_EXPANSION_MARKET_TRADER_WEAPONS])" in market zone "Trader Zone" (pos=<6675.160645, 104.603935, 6114.155762>) and got 0.
12:58:16.578 [Market] Player "LEZIENTE" (id=ps47fp3xeoA9NP4omdc75NKxQkScsxXydelOk12yuJU=) has sold ammo_380 x1 (8fc25fc0) at the trader "Weapons (Denis [#STR_EXPANSION_MARKET_TRADER_WEAPONS])" in market zone "Trader Zone" (pos=<6675.160645, 104.603935, 6114.155762>) and got 0.
12:58:16.785 [Market] Player "LEZIENTE" (id=ps47fp3xeoA9NP4omdc75NKxQkScsxXydelOk12yuJU=) has sold ammo_380 x1 (8fc25fc0) at the trader "Weapons (Denis [#STR_EXPANSION_MARKET_TRADER_WEAPONS])" in market zone "Trader Zone" (pos=<6675.160645, 104.603935, 6114.155762>) and got 0.
12:58:17.511 [Market] Player "LEZIENTE" (id=ps47fp3xeoA9NP4omdc75NKxQkScsxXydelOk12yuJU=) has sold ammo_380 x1 (8fc25fc0) at the trader "Weapons (Denis [#STR_EXPANSION_MARKET_TRADER_WEAPONS])" in market zone "Trader Zone" (pos=<6675.160645, 104.603935, 6114.155762>) and got 0.
12:58:54.531 [Market] Player "Triforce" (id=XUIp7H7YpSzw2cOw-B5UJCdQOiBvpfbAWYMM274DKUE=) has sold ammobox_9x39_20rnd x1 (eadd0550) at the trader "Weapons (Denis [#STR_EXPANSION_MARKET_TRADER_WEAPONS])" in market zone "Trader Zone" (pos=<6675.160645, 104.603935, 6114.155762>) and got 6.
12:58:56.839 [Market] Player "Triforce" (id=XUIp7H7YpSzw2cOw-B5UJCdQOiBvpfbAWYMM274DKUE=) has sold ammobox_00buck_10rnd x1 (8d253150) at the trader "Weapons (Denis [#STR_EXPANSION_MARKET_TRADER_WEAPONS])" in market zone "Trader Zone" (pos=<6675.160645, 104.603935, 6114.155762>) and got 15.
12:58:59.855 [Market] Player "Triforce" (id=XUIp7H7YpSzw2cOw-B5UJCdQOiBvpfbAWYMM274DKUE=) has sold ammobox_762x54_20rnd x1 (88bc0600) at the trader "Weapons (Denis [#STR_EXPANSION_MARKET_TRADER_WEAPONS])" in market zone "Trader Zone" (pos=<6675.160645, 104.603935, 6114.155762>) and got 24.
12:59:01.937 [Market] Player "Triforce" (id=XUIp7H7YpSzw2cOw-B5UJCdQOiBvpfbAWYMM274DKUE=) has sold ammobox_545x39_20rnd x1 (8d24ebf0) at the trader "Weapons (Denis [#STR_EXPANSION_MARKET_TRADER_WEAPONS])" in market zone "Trader Zone" (pos=<6675.160645, 104.603935, 6114.155762>) and got 6.
12:59:04.050 [Market] Player "Triforce" (id=XUIp7H7YpSzw2cOw-B5UJCdQOiBvpfbAWYMM274DKUE=) has sold ammobox_545x39_20rnd x1 (91b42f10) at the trader "Weapons (Denis [#STR_EXPANSION_MARKET_TRADER_WEAPONS])" in market zone "Trader Zone" (pos=<6675.160645, 104.603935, 6114.155762>) and got 6.
12:59:28.738 [Market] Player "LEZIENTE" (id=ps47fp3xeoA9NP4omdc75NKxQkScsxXydelOk12yuJU=) has bought battery9v x1 (94955740) from the trader "Components (Cyril [#STR_EXPANSION_MARKET_TRADER_COMPONENTS])" in market zone "Trader Zone" (pos=<6675.160645, 104.603935, 6114.155762>) for a price of 10.
12:59:29.195 [Market] Player "LEZIENTE" (id=ps47fp3xeoA9NP4omdc75NKxQkScsxXydelOk12yuJU=) has bought battery9v x1 (94939450) from the trader "Components (Cyril [#STR_EXPANSION_MARKET_TRADER_COMPONENTS])" in market zone "Trader Zone" (pos=<6675.160645, 104.603935, 6114.155762>) for a price of 10.
12:59:30.066 [Market] Player "LEZIENTE" (id=ps47fp3xeoA9NP4omdc75NKxQkScsxXydelOk12yuJU=) has bought battery9v x1 (9493b700) from the trader "Components (Cyril [#STR_EXPANSION_MARKET_TRADER_COMPONENTS])" in market zone "Trader Zone" (pos=<6675.160645, 104.603935, 6114.155762>) for a price of 10.
12:59:59.140 [Market] Player "LEZIENTE" (id=ps47fp3xeoA9NP4omdc75NKxQkScsxXydelOk12yuJU=) has sold ammobox_762x39_20rnd x1 (b966b780) at the trader "Weapons (Denis [#STR_EXPANSION_MARKET_TRADER_WEAPONS])" in market zone "Trader Zone" (pos=<6675.160645, 104.603935, 6114.155762>) and got 24.
13:00:06.863 [Market] Player "Triforce" (id=XUIp7H7YpSzw2cOw-B5UJCdQOiBvpfbAWYMM274DKUE=) has bought portablegasstove x1 (98db43f0, MediumGasCanister<9915ea90>) from the trader "Components (Cyril [#STR_EXPANSION_MARKET_TRADER_COMPONENTS])" in market zone "Trader Zone" (pos=<6675.160645, 104.603935, 6114.155762>) for a price of 130.
13:00:12.878 [Market] Player "Triforce" (id=XUIp7H7YpSzw2cOw-B5UJCdQOiBvpfbAWYMM274DKUE=) has bought petrollighter x1 (99165e30) from the trader "Components (Cyril [#STR_EXPANSION_MARKET_TRADER_COMPONENTS])" in market zone "Trader Zone" (pos=<6675.160645, 104.603935, 6114.155762>) for a price of 8.
13:00:20.304 [Market] Player "Triforce" (id=XUIp7H7YpSzw2cOw-B5UJCdQOiBvpfbAWYMM274DKUE=) has bought pot x1 (98dae370) from the trader "Components (Cyril [#STR_EXPANSION_MARKET_TRADER_COMPONENTS])" in market zone "Trader Zone" (pos=<6675.160645, 104.603935, 6114.155762>) for a price of 25.
13:00:22.210 [ATM] Player "LEZIENTE" (id=ps47fp3xeoA9NP4omdc75NKxQkScsxXydelOk12yuJU=) has deposited 7364 on his ATM account.
13:01:01.832 [Market] Player "Triforce" (id=XUIp7H7YpSzw2cOw-B5UJCdQOiBvpfbAWYMM274DKUE=) has bought epoxyputty x1 (132ff50) from the trader "Components (Cyril [#STR_EXPANSION_MARKET_TRADER_COMPONENTS])" in market zone "Trader Zone" (pos=<6675.160645, 104.603935, 6114.155762>) for a price of 15.
13:01:03.156 [Market] Player "Triforce" (id=XUIp7H7YpSzw2cOw-B5UJCdQOiBvpfbAWYMM274DKUE=) has bought epoxyputty x1 (132a2d0) from the trader "Components (Cyril [#STR_EXPANSION_MARKET_TRADER_COMPONENTS])" in market zone "Trader Zone" (pos=<6675.160645, 104.603935, 6114.155762>) for a price of 15.
13:01:07.093 [Market] Player "Triforce" (id=XUIp7H7YpSzw2cOw-B5UJCdQOiBvpfbAWYMM274DKUE=) has bought largegascanister x1 (1331670) from the trader "Components (Cyril [#STR_EXPANSION_MARKET_TRADER_COMPONENTS])" in market zone "Trader Zone" (pos=<6675.160645, 104.603935, 6114.155762>) for a price of 200.
13:01:57.949 [Market] Player "Triforce" (id=XUIp7H7YpSzw2cOw-B5UJCdQOiBvpfbAWYMM274DKUE=) has bought ammobox x1 (1348870) from the trader "Components (Cyril [#STR_EXPANSION_MARKET_TRADER_COMPONENTS])" in market zone "Trader Zone" (pos=<6675.160645, 104.603935, 6114.155762>) for a price of 80.
13:02:24.433 [Market] Player "Triforce" (id=XUIp7H7YpSzw2cOw-B5UJCdQOiBvpfbAWYMM274DKUE=) has bought whetstone x1 (134fc10) from the trader "Components (Cyril [#STR_EXPANSION_MARKET_TRADER_COMPONENTS])" in market zone "Trader Zone" (pos=<6675.160645, 104.603935, 6114.155762>) for a price of 5.
13:02:44.957 [Market] Player "Triforce" (id=XUIp7H7YpSzw2cOw-B5UJCdQOiBvpfbAWYMM274DKUE=) has bought lockpick x1 (135eee0) from the trader "Components (Cyril [#STR_EXPANSION_MARKET_TRADER_COMPONENTS])" in market zone "Trader Zone" (pos=<6675.160645, 104.603935, 6114.155762>) for a price of 20.
13:02:55.355 [Market] Player "Triforce" (id=XUIp7H7YpSzw2cOw-B5UJCdQOiBvpfbAWYMM274DKUE=) has bought battery9v x1 (135fa70) from the trader "Components (Cyril [#STR_EXPANSION_MARKET_TRADER_COMPONENTS])" in market zone "Trader Zone" (pos=<6675.160645, 104.603935, 6114.155762>) for a price of 10.
13:02:56.691 [Market] Player "Triforce" (id=XUIp7H7YpSzw2cOw-B5UJCdQOiBvpfbAWYMM274DKUE=) has bought battery9v x1 (1359df0) from the trader "Components (Cyril [#STR_EXPANSION_MARKET_TRADER_COMPONENTS])" in market zone "Trader Zone" (pos=<6675.160645, 104.603935, 6114.155762>) for a price of 10.
13:04:24.105 [Market] Player "LEZIENTE" (id=ps47fp3xeoA9NP4omdc75NKxQkScsxXydelOk12yuJU=) has sold ammo_762x54tracer x1 (9cd7bbf0) at the trader "Weapons (Denis [#STR_EXPANSION_MARKET_TRADER_WEAPONS])" in market zone "Trader Zone" (pos=<6675.160645, 104.603935, 6114.155762>) and got 0.
13:04:24.312 [Market] Player "LEZIENTE" (id=ps47fp3xeoA9NP4omdc75NKxQkScsxXydelOk12yuJU=) has sold ammo_762x54tracer x1 (9cd7bbf0) at the trader "Weapons (Denis [#STR_EXPANSION_MARKET_TRADER_WEAPONS])" in market zone "Trader Zone" (pos=<6675.160645, 104.603935, 6114.155762>) and got 0.
13:04:24.574 [Market] Player "LEZIENTE" (id=ps47fp3xeoA9NP4omdc75NKxQkScsxXydelOk12yuJU=) has sold ammo_762x54tracer x1 (9cd7bbf0) at the trader "Weapons (Denis [#STR_EXPANSION_MARKET_TRADER_WEAPONS])" in market zone "Trader Zone" (pos=<6675.160645, 104.603935, 6114.155762>) and got 0.
13:04:24.921 [Market] Player "LEZIENTE" (id=ps47fp3xeoA9NP4omdc75NKxQkScsxXydelOk12yuJU=) has sold ammo_762x54tracer x1 (9cd7bbf0) at the trader "Weapons (Denis [#STR_EXPANSION_MARKET_TRADER_WEAPONS])" in market zone "Trader Zone" (pos=<6675.160645, 104.603935, 6114.155762>) and got 0.
13:04:25.746 [Market] Player "LEZIENTE" (id=ps47fp3xeoA9NP4omdc75NKxQkScsxXydelOk12yuJU=) has sold ammo_762x54tracer x1 (9cd7bbf0) at the trader "Weapons (Denis [#STR_EXPANSION_MARKET_TRADER_WEAPONS])" in market zone "Trader Zone" (pos=<6675.160645, 104.603935, 6114.155762>) and got 0.
13:04:25.968 [Market] Player "LEZIENTE" (id=ps47fp3xeoA9NP4omdc75NKxQkScsxXydelOk12yuJU=) has sold ammo_762x54tracer x1 (9cd7bbf0) at the trader "Weapons (Denis [#STR_EXPANSION_MARKET_TRADER_WEAPONS])" in market zone "Trader Zone" (pos=<6675.160645, 104.603935, 6114.155762>) and got 0.
13:04:26.230 [Market] Player "LEZIENTE" (id=ps47fp3xeoA9NP4omdc75NKxQkScsxXydelOk12yuJU=) has sold ammo_762x54tracer x1 (9cd7bbf0) at the trader "Weapons (Denis [#STR_EXPANSION_MARKET_TRADER_WEAPONS])" in market zone "Trader Zone" (pos=<6675.160645, 104.603935, 6114.155762>) and got 0.
13:04:27.750 [Market] Player "LEZIENTE" (id=ps47fp3xeoA9NP4omdc75NKxQkScsxXydelOk12yuJU=) has sold ammo_762x54tracer x1 (9cd7bbf0) at the trader "Weapons (Denis [#STR_EXPANSION_MARKET_TRADER_WEAPONS])" in market zone "Trader Zone" (pos=<6675.160645, 104.603935, 6114.155762>) and got 0.
13:04:30.339 [Market] Player "LEZIENTE" (id=ps47fp3xeoA9NP4omdc75NKxQkScsxXydelOk12yuJU=) has sold ammo_12gapellets x1 (88bb4d00) at the trader "Weapons (Denis [#STR_EXPANSION_MARKET_TRADER_WEAPONS])" in market zone "Trader Zone" (pos=<6675.160645, 104.603935, 6114.155762>) and got 1.
13:04:31.417 [Market] Player "LEZIENTE" (id=ps47fp3xeoA9NP4omdc75NKxQkScsxXydelOk12yuJU=) has sold ammo_12gapellets x1 (88bb4d00) at the trader "Weapons (Denis [#STR_EXPANSION_MARKET_TRADER_WEAPONS])" in market zone "Trader Zone" (pos=<6675.160645, 104.603935, 6114.155762>) and got 1.
13:04:32.343 [Market] Player "LEZIENTE" (id=ps47fp3xeoA9NP4omdc75NKxQkScsxXydelOk12yuJU=) has sold ammo_12gapellets x1 (88bb4d00) at the trader "Weapons (Denis [#STR_EXPANSION_MARKET_TRADER_WEAPONS])" in market zone "Trader Zone" (pos=<6675.160645, 104.603935, 6114.155762>) and got 1.
13:04:33.359 [Market] Player "LEZIENTE" (id=ps47fp3xeoA9NP4omdc75NKxQkScsxXydelOk12yuJU=) has sold ammo_9x39 x1 (983b87a0) at the trader "Weapons (Denis [#STR_EXPANSION_MARKET_TRADER_WEAPONS])" in market zone "Trader Zone" (pos=<6675.160645, 104.603935, 6114.155762>) and got 1.
13:04:33.734 [Market] Player "LEZIENTE" (id=ps47fp3xeoA9NP4omdc75NKxQkScsxXydelOk12yuJU=) has sold ammo_9x39 x1 (983b87a0) at the trader "Weapons (Denis [#STR_EXPANSION_MARKET_TRADER_WEAPONS])" in market zone "Trader Zone" (pos=<6675.160645, 104.603935, 6114.155762>) and got 1.
13:04:33.910 [Market] Player "LEZIENTE" (id=ps47fp3xeoA9NP4omdc75NKxQkScsxXydelOk12yuJU=) has sold ammo_9x39 x1 (983b87a0) at the trader "Weapons (Denis [#STR_EXPANSION_MARKET_TRADER_WEAPONS])" in market zone "Trader Zone" (pos=<6675.160645, 104.603935, 6114.155762>) and got 1.
13:04:34.085 [Market] Player "LEZIENTE" (id=ps47fp3xeoA9NP4omdc75NKxQkScsxXydelOk12yuJU=) has sold ammo_9x39 x1 (983b87a0) at the trader "Weapons (Denis [#STR_EXPANSION_MARKET_TRADER_WEAPONS])" in market zone "Trader Zone" (pos=<6675.160645, 104.603935, 6114.155762>) and got 1.
13:04:34.308 [Market] Player "LEZIENTE" (id=ps47fp3xeoA9NP4omdc75NKxQkScsxXydelOk12yuJU=) has sold ammo_9x39 x1 (983b87a0) at the trader "Weapons (Denis [#STR_EXPANSION_MARKET_TRADER_WEAPONS])" in market zone "Trader Zone" (pos=<6675.160645, 104.603935, 6114.155762>) and got 1.
13:04:34.507 [Market] Player "LEZIENTE" (id=ps47fp3xeoA9NP4omdc75NKxQkScsxXydelOk12yuJU=) has sold ammo_9x39 x1 (983b87a0) at the trader "Weapons (Denis [#STR_EXPANSION_MARKET_TRADER_WEAPONS])" in market zone "Trader Zone" (pos=<6675.160645, 104.603935, 6114.155762>) and got 1.
13:04:34.675 [Market] Player "LEZIENTE" (id=ps47fp3xeoA9NP4omdc75NKxQkScsxXydelOk12yuJU=) has sold ammo_9x39 x1 (983b87a0) at the trader "Weapons (Denis [#STR_EXPANSION_MARKET_TRADER_WEAPONS])" in market zone "Trader Zone" (pos=<6675.160645, 104.603935, 6114.155762>) and got 1.
13:04:34.847 [Market] Player "LEZIENTE" (id=ps47fp3xeoA9NP4omdc75NKxQkScsxXydelOk12yuJU=) has sold ammo_9x39 x1 (983b87a0) at the trader "Weapons (Denis [#STR_EXPANSION_MARKET_TRADER_WEAPONS])" in market zone "Trader Zone" (pos=<6675.160645, 104.603935, 6114.155762>) and got 1.
13:04:35.015 [Market] Player "LEZIENTE" (id=ps47fp3xeoA9NP4omdc75NKxQkScsxXydelOk12yuJU=) has sold ammo_9x39 x1 (983b87a0) at the trader "Weapons (Denis [#STR_EXPANSION_MARKET_TRADER_WEAPONS])" in market zone "Trader Zone" (pos=<6675.160645, 104.603935, 6114.155762>) and got 1.
13:04:35.191 [Market] Player "LEZIENTE" (id=ps47fp3xeoA9NP4omdc75NKxQkScsxXydelOk12yuJU=) has sold ammo_9x39 x1 (983b87a0) at the trader "Weapons (Denis [#STR_EXPANSION_MARKET_TRADER_WEAPONS])" in market zone "Trader Zone" (pos=<6675.160645, 104.603935, 6114.155762>) and got 1.
13:04:35.386 [Market] Player "LEZIENTE" (id=ps47fp3xeoA9NP4omdc75NKxQkScsxXydelOk12yuJU=) has sold ammo_9x39 x1 (983b87a0) at the trader "Weapons (Denis [#STR_EXPANSION_MARKET_TRADER_WEAPONS])" in market zone "Trader Zone" (pos=<6675.160645, 104.603935, 6114.155762>) and got 1.
13:04:35.578 [Market] Player "LEZIENTE" (id=ps47fp3xeoA9NP4omdc75NKxQkScsxXydelOk12yuJU=) has sold ammo_9x39 x1 (983b87a0) at the trader "Weapons (Denis [#STR_EXPANSION_MARKET_TRADER_WEAPONS])" in market zone "Trader Zone" (pos=<6675.160645, 104.603935, 6114.155762>) and got 1.
13:04:35.757 [Market] Player "LEZIENTE" (id=ps47fp3xeoA9NP4omdc75NKxQkScsxXydelOk12yuJU=) has sold ammo_9x39 x1 (983b87a0) at the trader "Weapons (Denis [#STR_EXPANSION_MARKET_TRADER_WEAPONS])" in market zone "Trader Zone" (pos=<6675.160645, 104.603935, 6114.155762>) and got 1.
13:04:35.941 [Market] Player "LEZIENTE" (id=ps47fp3xeoA9NP4omdc75NKxQkScsxXydelOk12yuJU=) has sold ammo_9x39 x1 (983b87a0) at the trader "Weapons (Denis [#STR_EXPANSION_MARKET_TRADER_WEAPONS])" in market zone "Trader Zone" (pos=<6675.160645, 104.603935, 6114.155762>) and got 1.
13:04:36.148 [Market] Player "LEZIENTE" (id=ps47fp3xeoA9NP4omdc75NKxQkScsxXydelOk12yuJU=) has sold ammo_9x39 x1 (983b87a0) at the trader "Weapons (Denis [#STR_EXPANSION_MARKET_TRADER_WEAPONS])" in market zone "Trader Zone" (pos=<6675.160645, 104.603935, 6114.155762>) and got 1.
13:04:36.332 [Market] Player "LEZIENTE" (id=ps47fp3xeoA9NP4omdc75NKxQkScsxXydelOk12yuJU=) has sold ammo_9x39 x1 (983b87a0) at the trader "Weapons (Denis [#STR_EXPANSION_MARKET_TRADER_WEAPONS])" in market zone "Trader Zone" (pos=<6675.160645, 104.603935, 6114.155762>) and got 1.
13:04:36.562 [Market] Player "LEZIENTE" (id=ps47fp3xeoA9NP4omdc75NKxQkScsxXydelOk12yuJU=) has sold ammo_9x39 x1 (983b87a0) at the trader "Weapons (Denis [#STR_EXPANSION_MARKET_TRADER_WEAPONS])" in market zone "Trader Zone" (pos=<6675.160645, 104.603935, 6114.155762>) and got 1.
13:04:36.726 [Market] Player "LEZIENTE" (id=ps47fp3xeoA9NP4omdc75NKxQkScsxXydelOk12yuJU=) has sold ammo_9x39 x1 (983b87a0) at the trader "Weapons (Denis [#STR_EXPANSION_MARKET_TRADER_WEAPONS])" in market zone "Trader Zone" (pos=<6675.160645, 104.603935, 6114.155762>) and got 1.
13:04:37.015 [Market] Player "LEZIENTE" (id=ps47fp3xeoA9NP4omdc75NKxQkScsxXydelOk12yuJU=) has sold ammo_9x39 x1 (983b87a0) at the trader "Weapons (Denis [#STR_EXPANSION_MARKET_TRADER_WEAPONS])" in market zone "Trader Zone" (pos=<6675.160645, 104.603935, 6114.155762>) and got 1.
13:04:37.253 [Market] Player "LEZIENTE" (id=ps47fp3xeoA9NP4omdc75NKxQkScsxXydelOk12yuJU=) has sold ammo_9x39 x1 (983b87a0) at the trader "Weapons (Denis [#STR_EXPANSION_MARKET_TRADER_WEAPONS])" in market zone "Trader Zone" (pos=<6675.160645, 104.603935, 6114.155762>) and got 1.
13:05:33.796 [ATM] Player "LEZIENTE" (id=ps47fp3xeoA9NP4omdc75NKxQkScsxXydelOk12yuJU=) has withdrawn 7364 from his ATM account.
13:05:51.125 [Market] Player "LEZIENTE" (id=ps47fp3xeoA9NP4omdc75NKxQkScsxXydelOk12yuJU=) has bought ammo_40mm_explosive x1 (9fe6b1d0) from the trader "Weapons (Denis [#STR_EXPANSION_MARKET_TRADER_WEAPONS])" in market zone "Trader Zone" (pos=<6675.160645, 104.603935, 6114.155762>) for a price of 500.
13:05:53.230 [Market] Player "LEZIENTE" (id=ps47fp3xeoA9NP4omdc75NKxQkScsxXydelOk12yuJU=) has bought ammo_40mm_explosive x1 (9fe45890) from the trader "Weapons (Denis [#STR_EXPANSION_MARKET_TRADER_WEAPONS])" in market zone "Trader Zone" (pos=<6675.160645, 104.603935, 6114.155762>) for a price of 500.
13:05:53.816 [Market] Player "LEZIENTE" (id=ps47fp3xeoA9NP4omdc75NKxQkScsxXydelOk12yuJU=) has bought ammo_40mm_explosive x1 (b2eb7ca0) from the trader "Weapons (Denis [#STR_EXPANSION_MARKET_TRADER_WEAPONS])" in market zone "Trader Zone" (pos=<6675.160645, 104.603935, 6114.155762>) for a price of 500.
13:05:55.468 [Market] Player "LEZIENTE" (id=ps47fp3xeoA9NP4omdc75NKxQkScsxXydelOk12yuJU=) has bought ammo_40mm_explosive x1 (9fe35a30) from the trader "Weapons (Denis [#STR_EXPANSION_MARKET_TRADER_WEAPONS])" in market zone "Trader Zone" (pos=<6675.160645, 104.603935, 6114.155762>) for a price of 500.
13:06:56.300 [Market] Player "Triforce" (id=XUIp7H7YpSzw2cOw-B5UJCdQOiBvpfbAWYMM274DKUE=) has bought gpsreceiver x1 (96e40ec0, Battery9V<96e53b60>) from the trader "Components (Cyril [#STR_EXPANSION_MARKET_TRADER_COMPONENTS])" in market zone "Trader Zone" (pos=<6675.160645, 104.603935, 6114.155762>) for a price of 310.
13:08:37.636 [Market] Player "Triforce" (id=XUIp7H7YpSzw2cOw-B5UJCdQOiBvpfbAWYMM274DKUE=) has bought ammobox_556x45_20rnd x5 (9cfffaa0) from the trader "Weapons (Denis [#STR_EXPANSION_MARKET_TRADER_WEAPONS])" in market zone "Trader Zone" (pos=<6675.160645, 104.603935, 6114.155762>) for a price of 160.
13:09:56.550 [Market] Player "Triforce" (id=XUIp7H7YpSzw2cOw-B5UJCdQOiBvpfbAWYMM274DKUE=) has bought carp x2 (986a55b0) from the trader "Fishing (Baty [#STR_EXPANSION_MARKET_TRADER_FISHING])" in market zone "Trader Zone" (pos=<6675.160645, 104.603935, 6114.155762>) for a price of 40.
13:10:55.921 [Market] Player "Triforce" (id=XUIp7H7YpSzw2cOw-B5UJCdQOiBvpfbAWYMM274DKUE=) has bought carp x1 (97033ff0) from the trader "Fishing (Baty [#STR_EXPANSION_MARKET_TRADER_FISHING])" in market zone "Trader Zone" (pos=<6675.160645, 104.603935, 6114.155762>) for a price of 20.
13:10:57.203 [Market] Player "Triforce" (id=XUIp7H7YpSzw2cOw-B5UJCdQOiBvpfbAWYMM274DKUE=) has bought carp x1 (9702f790) from the trader "Fishing (Baty [#STR_EXPANSION_MARKET_TRADER_FISHING])" in market zone "Trader Zone" (pos=<6675.160645, 104.603935, 6114.155762>) for a price of 20.
13:14:39.414 [Market] Player "LEZIENTE" (id=ps47fp3xeoA9NP4omdc75NKxQkScsxXydelOk12yuJU=) has sold shovel x1 (96e32780) at the trader "Components (Cyril [#STR_EXPANSION_MARKET_TRADER_COMPONENTS])" in market zone "Trader Zone" (pos=<6675.160645, 104.603935, 6114.155762>) and got 3.
13:15:03.054 [Market] Player "LEZIENTE" (id=ps47fp3xeoA9NP4omdc75NKxQkScsxXydelOk12yuJU=) has sold mediumgascanister x1 (9915ea90) at the trader "Components (Cyril [#STR_EXPANSION_MARKET_TRADER_COMPONENTS])" in market zone "Trader Zone" (pos=<6675.160645, 104.603935, 6114.155762>) and got 75.
13:15:29.902 [ATM] Player "LEZIENTE" (id=ps47fp3xeoA9NP4omdc75NKxQkScsxXydelOk12yuJU=) has deposited 5465 on his ATM account.
13:15:31.941 [ATM] Player "Triforce" (id=XUIp7H7YpSzw2cOw-B5UJCdQOiBvpfbAWYMM274DKUE=) has deposited 4362 on his ATM account.
13:17:23.726 [ATM] Player "LEZIENTE" (id=ps47fp3xeoA9NP4omdc75NKxQkScsxXydelOk12yuJU=) has withdrawn 5465 from his ATM account.
13:17:33.343 [ATM] Player "Triforce" (id=XUIp7H7YpSzw2cOw-B5UJCdQOiBvpfbAWYMM274DKUE=) has withdrawn 4362 from his ATM account.
13:18:02.320 [Market] Player "LEZIENTE" (id=ps47fp3xeoA9NP4omdc75NKxQkScsxXydelOk12yuJU=) has bought platecarrierpouches x1 (9ed23d10) from the trader "Clothing (Naomi [#STR_EXPANSION_MARKET_TRADER_CLOTHING])" in market zone "Trader Zone" (pos=<6675.160645, 104.603935, 6114.155762>) for a price of 100.
13:18:13.218 [Market] Player "Triforce" (id=XUIp7H7YpSzw2cOw-B5UJCdQOiBvpfbAWYMM274DKUE=) has bought militaryboots_redpunk x1 (9ed2d360) from the trader "Clothing (Naomi [#STR_EXPANSION_MARKET_TRADER_CLOTHING])" in market zone "Trader Zone" (pos=<6675.160645, 104.603935, 6114.155762>) for a price of 100.
13:18:32.132 [Market] Player "LEZIENTE" (id=ps47fp3xeoA9NP4omdc75NKxQkScsxXydelOk12yuJU=) has bought militaryboots_redpunk x1 (9cd92df0) from the trader "Clothing (Naomi [#STR_EXPANSION_MARKET_TRADER_CLOTHING])" in market zone "Trader Zone" (pos=<6675.160645, 104.603935, 6114.155762>) for a price of 100.
13:18:55.808 [Market] Player "LEZIENTE" (id=ps47fp3xeoA9NP4omdc75NKxQkScsxXydelOk12yuJU=) has sold workingboots_brown x1 (b2ea5000) at the trader "Clothing (Naomi [#STR_EXPANSION_MARKET_TRADER_CLOTHING])" in market zone "Trader Zone" (pos=<6675.160645, 104.603935, 6114.155762>) and got 45.
13:19:12.281 [Market] Player "Triforce" (id=XUIp7H7YpSzw2cOw-B5UJCdQOiBvpfbAWYMM274DKUE=) has sold jungleboots_olive x1 (9abc1990) at the trader "Clothing (Naomi [#STR_EXPANSION_MARKET_TRADER_CLOTHING])" in market zone "Trader Zone" (pos=<6675.160645, 104.603935, 6114.155762>) and got 63.
13:19:50.660 [Market] Player "LEZIENTE" (id=ps47fp3xeoA9NP4omdc75NKxQkScsxXydelOk12yuJU=) has bought armband_chedaki x1 (91d3dff0) from the trader "Clothing (Naomi [#STR_EXPANSION_MARKET_TRADER_CLOTHING])" in market zone "Trader Zone" (pos=<6675.160645, 104.603935, 6114.155762>) for a price of 15.
13:19:52.277 [Market] Player "LEZIENTE" (id=ps47fp3xeoA9NP4omdc75NKxQkScsxXydelOk12yuJU=) has bought armband_chedaki x1 (8d2188c0) from the trader "Clothing (Naomi [#STR_EXPANSION_MARKET_TRADER_CLOTHING])" in market zone "Trader Zone" (pos=<6675.160645, 104.603935, 6114.155762>) for a price of 15.
13:20:09.601 [Market] Player "Triforce" (id=XUIp7H7YpSzw2cOw-B5UJCdQOiBvpfbAWYMM274DKUE=) has bought gorkahelmet x1 (9abc6a80, GorkaHelmetVisor<9abcde20>) from the trader "Clothing (Naomi [#STR_EXPANSION_MARKET_TRADER_CLOTHING])" in market zone "Trader Zone" (pos=<6675.160645, 104.603935, 6114.155762>) for a price of 290.
13:20:55.988 [Market] Player "LEZIENTE" (id=ps47fp3xeoA9NP4omdc75NKxQkScsxXydelOk12yuJU=) has sold gorkahelmet x1 (b2ea2d50, GorkaHelmetVisor<b2ea21c0>) at the trader "Clothing (Naomi [#STR_EXPANSION_MARKET_TRADER_CLOTHING])" in market zone "Trader Zone" (pos=<6675.160645, 104.603935, 6114.155762>) and got 189.
13:20:59.007 [Market] Player "LEZIENTE" (id=ps47fp3xeoA9NP4omdc75NKxQkScsxXydelOk12yuJU=) has bought mich2001helmet x1 (98de77c0) from the trader "Clothing (Naomi [#STR_EXPANSION_MARKET_TRADER_CLOTHING])" in market zone "Trader Zone" (pos=<6675.160645, 104.603935, 6114.155762>) for a price of 150.
13:21:01.847 [Market] Player "Triforce" (id=XUIp7H7YpSzw2cOw-B5UJCdQOiBvpfbAWYMM274DKUE=) has bought omnogloves_gray x1 (9e0445d0) from the trader "Clothing (Naomi [#STR_EXPANSION_MARKET_TRADER_CLOTHING])" in market zone "Trader Zone" (pos=<6675.160645, 104.603935, 6114.155762>) for a price of 40.
13:21:10.656 [Market] Player "Triforce" (id=XUIp7H7YpSzw2cOw-B5UJCdQOiBvpfbAWYMM274DKUE=) has bought ghilliebushrag_tan x1 (9abd2380) from the trader "Clothing (Naomi [#STR_EXPANSION_MARKET_TRADER_CLOTHING])" in market zone "Trader Zone" (pos=<6675.160645, 104.603935, 6114.155762>) for a price of 400.
13:21:20.531 [Market] Player "LEZIENTE" (id=ps47fp3xeoA9NP4omdc75NKxQkScsxXydelOk12yuJU=) has bought vitaminbottle x1 (9afb4990) from the trader "Medicals (Mirek [#STR_EXPANSION_MARKET_TRADER_MEDICALS])" in market zone "Trader Zone" (pos=<6675.160645, 104.603935, 6114.155762>) for a price of 6.
13:21:29.468 [Market] Player "LEZIENTE" (id=ps47fp3xeoA9NP4omdc75NKxQkScsxXydelOk12yuJU=) has bought tetracyclineantibiotics x1 (fd167e00) from the trader "Medicals (Mirek [#STR_EXPANSION_MARKET_TRADER_MEDICALS])" in market zone "Trader Zone" (pos=<6675.160645, 104.603935, 6114.155762>) for a price of 8.
13:21:34.855 [Market] Player "LEZIENTE" (id=ps47fp3xeoA9NP4omdc75NKxQkScsxXydelOk12yuJU=) has bought anticheminjector x1 (944aa280) from the trader "Medicals (Mirek [#STR_EXPANSION_MARKET_TRADER_MEDICALS])" in market zone "Trader Zone" (pos=<6675.160645, 104.603935, 6114.155762>) for a price of 100.
13:22:08.074 [Market] Player "Triforce" (id=XUIp7H7YpSzw2cOw-B5UJCdQOiBvpfbAWYMM274DKUE=) has bought platecarriervest x1 (944c1480) from the trader "Clothing (Naomi [#STR_EXPANSION_MARKET_TRADER_CLOTHING])" in market zone "Trader Zone" (pos=<6675.160645, 104.603935, 6114.155762>) for a price of 250.
13:22:09.812 [Market] Player "LEZIENTE" (id=ps47fp3xeoA9NP4omdc75NKxQkScsxXydelOk12yuJU=) has bought charcoaltablets x1 (2eb1500) from the trader "Medicals (Mirek [#STR_EXPANSION_MARKET_TRADER_MEDICALS])" in market zone "Trader Zone" (pos=<6675.160645, 104.603935, 6114.155762>) for a price of 2.
13:22:10.398 [Market] Player "LEZIENTE" (id=ps47fp3xeoA9NP4omdc75NKxQkScsxXydelOk12yuJU=) has bought charcoaltablets x1 (2eb2110) from the trader "Medicals (Mirek [#STR_EXPANSION_MARKET_TRADER_MEDICALS])" in market zone "Trader Zone" (pos=<6675.160645, 104.603935, 6114.155762>) for a price of 2.
13:22:11.582 [Market] Player "LEZIENTE" (id=ps47fp3xeoA9NP4omdc75NKxQkScsxXydelOk12yuJU=) has bought charcoaltablets x1 (2eaf0d0) from the trader "Medicals (Mirek [#STR_EXPANSION_MARKET_TRADER_MEDICALS])" in market zone "Trader Zone" (pos=<6675.160645, 104.603935, 6114.155762>) for a price of 2.
13:22:45.750 [Market] Player "Triforce" (id=XUIp7H7YpSzw2cOw-B5UJCdQOiBvpfbAWYMM274DKUE=) has bought platecarrierpouches x1 (967a7c20) from the trader "Clothing (Naomi [#STR_EXPANSION_MARKET_TRADER_CLOTHING])" in market zone "Trader Zone" (pos=<6675.160645, 104.603935, 6114.155762>) for a price of 100.
13:22:47.476 [Market] Player "Triforce" (id=XUIp7H7YpSzw2cOw-B5UJCdQOiBvpfbAWYMM274DKUE=) has bought platecarrierholster x1 (967a2b30) from the trader "Clothing (Naomi [#STR_EXPANSION_MARKET_TRADER_CLOTHING])" in market zone "Trader Zone" (pos=<6675.160645, 104.603935, 6114.155762>) for a price of 60.
13:22:54.597 [Market] Player "Triforce" (id=XUIp7H7YpSzw2cOw-B5UJCdQOiBvpfbAWYMM274DKUE=) has bought nylonknifesheath x1 (9fe63e30) from the trader "Clothing (Naomi [#STR_EXPANSION_MARKET_TRADER_CLOTHING])" in market zone "Trader Zone" (pos=<6675.160645, 104.603935, 6114.155762>) for a price of 30.
13:23:06.523 [Market] Player "LEZIENTE" (id=ps47fp3xeoA9NP4omdc75NKxQkScsxXydelOk12yuJU=) has sold headtorch_black x1 (8909f6f0) at the trader "Components (Cyril [#STR_EXPANSION_MARKET_TRADER_COMPONENTS])" in market zone "Trader Zone" (pos=<6675.160645, 104.603935, 6114.155762>) and got 30.
13:23:34.671 [Market] Player "LEZIENTE" (id=ps47fp3xeoA9NP4omdc75NKxQkScsxXydelOk12yuJU=) has bought universallight x1 (98b32e20) from the trader "Attachments (Jose [#STR_EXPANSION_MARKET_TRADER_ATTACHMENTS])" in market zone "Trader Zone" (pos=<6675.160645, 104.603935, 6114.155762>) for a price of 120.
13:23:34.890 [Market] Player "Triforce" (id=XUIp7H7YpSzw2cOw-B5UJCdQOiBvpfbAWYMM274DKUE=) has bought platecarrierpouches x1 (98b38aa0) from the trader "Clothing (Naomi [#STR_EXPANSION_MARKET_TRADER_CLOTHING])" in market zone "Trader Zone" (pos=<6675.160645, 104.603935, 6114.155762>) for a price of 100.
13:24:26.445 [Market] Player "Triforce" (id=XUIp7H7YpSzw2cOw-B5UJCdQOiBvpfbAWYMM274DKUE=) has bought hunterpants_winter x1 (969399f0) from the trader "Clothing (Naomi [#STR_EXPANSION_MARKET_TRADER_CLOTHING])" in market zone "Trader Zone" (pos=<6675.160645, 104.603935, 6114.155762>) for a price of 90.
13:24:40.937 [Market] Player "Triforce" (id=XUIp7H7YpSzw2cOw-B5UJCdQOiBvpfbAWYMM274DKUE=) has bought gasmask_filter x1 (967b2990) from the trader "Clothing (Naomi [#STR_EXPANSION_MARKET_TRADER_CLOTHING])" in market zone "Trader Zone" (pos=<6675.160645, 104.603935, 6114.155762>) for a price of 1000.
13:24:43.109 [Market] Player "Triforce" (id=XUIp7H7YpSzw2cOw-B5UJCdQOiBvpfbAWYMM274DKUE=) has bought gasmask_filter x1 (991722c0) from the trader "Clothing (Naomi [#STR_EXPANSION_MARKET_TRADER_CLOTHING])" in market zone "Trader Zone" (pos=<6675.160645, 104.603935, 6114.155762>) for a price of 1000.
13:24:57.109 [Market] Player "Triforce" (id=XUIp7H7YpSzw2cOw-B5UJCdQOiBvpfbAWYMM274DKUE=) has bought huntingjacket_autumn x1 (8f4b8db0) from the trader "Clothing (Naomi [#STR_EXPANSION_MARKET_TRADER_CLOTHING])" in market zone "Trader Zone" (pos=<6675.160645, 104.603935, 6114.155762>) for a price of 120.
13:25:27.281 [Market] Player "LEZIENTE" (id=ps47fp3xeoA9NP4omdc75NKxQkScsxXydelOk12yuJU=) has bought gasmask_filter x1 (91f470e0) from the trader "Clothing (Naomi [#STR_EXPANSION_MARKET_TRADER_CLOTHING])" in market zone "Trader Zone" (pos=<6675.160645, 104.603935, 6114.155762>) for a price of 1000.
13:26:52.660 [Market] Player "Triforce" (id=XUIp7H7YpSzw2cOw-B5UJCdQOiBvpfbAWYMM274DKUE=) has bought nvgheadstrap x1 (9c390500) from the trader "Clothing (Naomi [#STR_EXPANSION_MARKET_TRADER_CLOTHING])" in market zone "Trader Zone" (pos=<6675.160645, 104.603935, 6114.155762>) for a price of 200.
13:26:55.035 [Market] Player "Triforce" (id=XUIp7H7YpSzw2cOw-B5UJCdQOiBvpfbAWYMM274DKUE=) has bought nvgheadstrap x1 (91f25d00) from the trader "Clothing (Naomi [#STR_EXPANSION_MARKET_TRADER_CLOTHING])" in market zone "Trader Zone" (pos=<6675.160645, 104.603935, 6114.155762>) for a price of 200.
13:27:23.609 [Market] Player "Triforce" (id=XUIp7H7YpSzw2cOw-B5UJCdQOiBvpfbAWYMM274DKUE=) has sold nvgheadstrap x1 (9c390500) at the trader "Clothing (Naomi [#STR_EXPANSION_MARKET_TRADER_CLOTHING])" in market zone "Trader Zone" (pos=<6675.160645, 104.603935, 6114.155762>) and got 150.
13:28:39.492 [Market] Player "Triforce" (id=XUIp7H7YpSzw2cOw-B5UJCdQOiBvpfbAWYMM274DKUE=) has bought charcoaltablets x4 (9703f4e0) from the trader "Medicals (Mirek [#STR_EXPANSION_MARKET_TRADER_MEDICALS])" in market zone "Trader Zone" (pos=<6675.160645, 104.603935, 6114.155762>) for a price of 8.
13:28:49.988 [Market] Player "LEZIENTE" (id=ps47fp3xeoA9NP4omdc75NKxQkScsxXydelOk12yuJU=) has sold cargopants_blue x1 (9b0087a0) at the trader "Clothing (Naomi [#STR_EXPANSION_MARKET_TRADER_CLOTHING])" in market zone "Trader Zone" (pos=<6675.160645, 104.603935, 6114.155762>) and got 19.
13:28:54.433 [Market] Player "Triforce" (id=XUIp7H7YpSzw2cOw-B5UJCdQOiBvpfbAWYMM274DKUE=) has bought tetracyclineantibiotics x2 (8cc19fc0) from the trader "Medicals (Mirek [#STR_EXPANSION_MARKET_TRADER_MEDICALS])" in market zone "Trader Zone" (pos=<6675.160645, 104.603935, 6114.155762>) for a price of 16.
13:28:55.257 [Market] Player "LEZIENTE" (id=ps47fp3xeoA9NP4omdc75NKxQkScsxXydelOk12yuJU=) has sold bdujacket x1 (a201bec0) at the trader "Clothing (Naomi [#STR_EXPANSION_MARKET_TRADER_CLOTHING])" in market zone "Trader Zone" (pos=<6675.160645, 104.603935, 6114.155762>) and got 75.
13:28:57.281 [Market] Player "Triforce" (id=XUIp7H7YpSzw2cOw-B5UJCdQOiBvpfbAWYMM274DKUE=) has bought vitaminbottle x2 (8cc309a0) from the trader "Medicals (Mirek [#STR_EXPANSION_MARKET_TRADER_MEDICALS])" in market zone "Trader Zone" (pos=<6675.160645, 104.603935, 6114.155762>) for a price of 12.
13:29:07.601 [Market] Player "Triforce" (id=XUIp7H7YpSzw2cOw-B5UJCdQOiBvpfbAWYMM274DKUE=) has bought anticheminjector x1 (9e6c2df0) from the trader "Medicals (Mirek [#STR_EXPANSION_MARKET_TRADER_MEDICALS])" in market zone "Trader Zone" (pos=<6675.160645, 104.603935, 6114.155762>) for a price of 100.
13:29:53.460 [ATM] Player "LEZIENTE" (id=ps47fp3xeoA9NP4omdc75NKxQkScsxXydelOk12yuJU=) has deposited 4203 on his ATM account.
13:30:04.003 [Market] Player "Triforce" (id=XUIp7H7YpSzw2cOw-B5UJCdQOiBvpfbAWYMM274DKUE=) has bought canteen x1 (9af9ebc0) from the trader "Consumables (Linda [#STR_EXPANSION_MARKET_TRADER_CONSUMABLES])" in market zone "Trader Zone" (pos=<6675.160645, 104.603935, 6114.155762>) for a price of 18.
13:30:26.792 [Market] Player "Triforce" (id=XUIp7H7YpSzw2cOw-B5UJCdQOiBvpfbAWYMM274DKUE=) has bought canteen x1 (9afb55a0) from the trader "Consumables (Linda [#STR_EXPANSION_MARKET_TRADER_CONSUMABLES])" in market zone "Trader Zone" (pos=<6675.160645, 104.603935, 6114.155762>) for a price of 18.
13:30:46.882 [Safezone] Player "{1:name}" (id={1:id} pos={1:position}) left the safezone
13:30:55.320 [Market] Player "Triforce" (id=XUIp7H7YpSzw2cOw-B5UJCdQOiBvpfbAWYMM274DKUE=) has bought purificationtablets x1 (9909d1b0) from the trader "Medicals (Mirek [#STR_EXPANSION_MARKET_TRADER_MEDICALS])" in market zone "Trader Zone" (pos=<6675.160645, 104.603935, 6114.155762>) for a price of 5.
13:31:09.523 [Market] Player "Triforce" (id=XUIp7H7YpSzw2cOw-B5UJCdQOiBvpfbAWYMM274DKUE=) has bought waterbottle x1 (99098950) from the trader "Consumables (Linda [#STR_EXPANSION_MARKET_TRADER_CONSUMABLES])" in market zone "Trader Zone" (pos=<6675.160645, 104.603935, 6114.155762>) for a price of 15.
13:31:10.503 [Market] Player "Triforce" (id=XUIp7H7YpSzw2cOw-B5UJCdQOiBvpfbAWYMM274DKUE=) has bought waterbottle x1 (990b47a0) from the trader "Consumables (Linda [#STR_EXPANSION_MARKET_TRADER_CONSUMABLES])" in market zone "Trader Zone" (pos=<6675.160645, 104.603935, 6114.155762>) for a price of 15.
13:31:19.406 [Market] Player "Triforce" (id=XUIp7H7YpSzw2cOw-B5UJCdQOiBvpfbAWYMM274DKUE=) has bought sodacan_pipsi x1 (990ae720) from the trader "Consumables (Linda [#STR_EXPANSION_MARKET_TRADER_CONSUMABLES])" in market zone "Trader Zone" (pos=<6675.160645, 104.603935, 6114.155762>) for a price of 10.
13:32:21.242 [Safezone] Player "LEZIENTE" (id=ps47fp3xeoA9NP4omdc75NKxQkScsxXydelOk12yuJU= pos=<6762.87, 102.81, 6066.33>) entered the safezone
13:33:31.199 [ATM] Player "Triforce" (id=XUIp7H7YpSzw2cOw-B5UJCdQOiBvpfbAWYMM274DKUE=) has deposited 378 on his ATM account.
13:34:02.664 [Market] Player "LEZIENTE" (id=ps47fp3xeoA9NP4omdc75NKxQkScsxXydelOk12yuJU=) has sold barrel_blue x1 (9cfece00) at the trader "Components (Cyril [#STR_EXPANSION_MARKET_TRADER_COMPONENTS])" in market zone "Trader Zone" (pos=<6675.160645, 104.603935, 6114.155762>) and got 281.
13:34:19.550 [ATM] Player "LEZIENTE" (id=ps47fp3xeoA9NP4omdc75NKxQkScsxXydelOk12yuJU=) has deposited 281 on his ATM account.
13:35:49.238 [Safezone] Player "{1:name}" (id={1:id} pos={1:position}) left the safezone
13:35:49.781 [Safezone] Player "{1:name}" (id={1:id} pos={1:position}) left the safezone
13:38:45.968 [Killfeed] Wayne Granch commited suicide with Bone Knife.
14:25:00.824 [Party] Player "LEZIENTE" (id=ps47fp3xeoA9NP4omdc75NKxQkScsxXydelOk12yuJU=) left the party "Pirate" (id=10 ownerUID=JiINkm_yiXggXmjzWKLDZ3qrwLEDopmYuEIYCwBunxQ= ownerName=fabkobparis)
14:25:08.750 [Party] Player "Triforce" (id=XUIp7H7YpSzw2cOw-B5UJCdQOiBvpfbAWYMM274DKUE=) left the party "Pirate" (id=10 ownerUID=JiINkm_yiXggXmjzWKLDZ3qrwLEDopmYuEIYCwBunxQ= ownerName=fabkobparis)
14:25:26.839 [Party] Player "AlexTheGreater" (id=XKW3NSAmVY_49hb77ALecHmmYM5N-Lny6mbSfsjgElY=) joinded the party "GREATEST" (id=25 ownerUID= ownerName=)
14:25:26.843 [Party] Player "AlexTheGreater" (id=XKW3NSAmVY_49hb77ALecHmmYM5N-Lny6mbSfsjgElY=) created a party named GREATEST (GREAT)
14:27:21.886 [Party] Player "QueenBritni" (id=-NnesdkAmmBFCDUojeK6CJNH_jx9Ip2YYynNh2IL-So=) joinded the party "GREAT" (id=26 ownerUID= ownerName=)
14:27:21.890 [Party] Player "QueenBritni" (id=-NnesdkAmmBFCDUojeK6CJNH_jx9Ip2YYynNh2IL-So=) created a party named GREAT (GREAT)
14:27:24.343 [Party] Player "PatMax" (id=jiSboo32SQZAMp7VxNNFwsMUk2-s3fPPrck_5xKkgu0=) joinded the party "Nasse" (id=18 ownerUID=jiSboo32SQZAMp7VxNNFwsMUk2-s3fPPrck_5xKkgu0= ownerName=PatMax)
14:35:07.539 [Party] Player "QueenBritni" (id=-NnesdkAmmBFCDUojeK6CJNH_jx9Ip2YYynNh2IL-So=) left the party "GREAT" (id=26 ownerUID=-NnesdkAmmBFCDUojeK6CJNH_jx9Ip2YYynNh2IL-So= ownerName=QueenBritni)
14:37:38.484 [Party] Player "QueenBritni" (id=-NnesdkAmmBFCDUojeK6CJNH_jx9Ip2YYynNh2IL-So=) joinded the party "GREAT" (id=26 ownerUID=-NnesdkAmmBFCDUojeK6CJNH_jx9Ip2YYynNh2IL-So= ownerName=QueenBritni)
14:39:23.015 [Party] Player "AlexTheGreater" (id=XKW3NSAmVY_49hb77ALecHmmYM5N-Lny6mbSfsjgElY=) left the party "GREATEST" (id=25 ownerUID=XKW3NSAmVY_49hb77ALecHmmYM5N-Lny6mbSfsjgElY= ownerName=AlexTheGreater)
14:40:16.304 [Party] Player "QueenBritni" (id=-NnesdkAmmBFCDUojeK6CJNH_jx9Ip2YYynNh2IL-So=) left the party "GREAT" (id=26 ownerUID=-NnesdkAmmBFCDUojeK6CJNH_jx9Ip2YYynNh2IL-So= ownerName=QueenBritni)
14:52:53.152 [Party] Player "AlexTheGreater" (id=XKW3NSAmVY_49hb77ALecHmmYM5N-Lny6mbSfsjgElY=) joinded the party "GREATEST" (id=25 ownerUID=XKW3NSAmVY_49hb77ALecHmmYM5N-Lny6mbSfsjgElY= ownerName=AlexTheGreater)
14:53:07.218 [Party] Player "QueenBritni" (id=-NnesdkAmmBFCDUojeK6CJNH_jx9Ip2YYynNh2IL-So=) joinded the party "GREAT" (id=26 ownerUID=-NnesdkAmmBFCDUojeK6CJNH_jx9Ip2YYynNh2IL-So= ownerName=QueenBritni)
14:53:31.308 [Party] Player "Psycho" (id=PdnDpmQpqsoC-GAwb_0iaAddYnNQVZJy0-LGUsHYeuE=) joinded the party "Great" (id=27 ownerUID= ownerName=)
14:53:31.308 [Party] Player "Psycho" (id=PdnDpmQpqsoC-GAwb_0iaAddYnNQVZJy0-LGUsHYeuE=) created a party named Great (Great)
14:53:32.398 [Killfeed] [GREAT] AlexTheGreater commited suicide with Bone Knife.
14:53:46.515 [Party] Player "AlexTheGreater" (id=XKW3NSAmVY_49hb77ALecHmmYM5N-Lny6mbSfsjgElY=) joinded the party "GREATEST" (id=25 ownerUID=XKW3NSAmVY_49hb77ALecHmmYM5N-Lny6mbSfsjgElY= ownerName=AlexTheGreater)
14:54:14.449 [Party] Player "Psycho" (id=PdnDpmQpqsoC-GAwb_0iaAddYnNQVZJy0-LGUsHYeuE=) left the party "Great" (id=27 ownerUID=PdnDpmQpqsoC-GAwb_0iaAddYnNQVZJy0-LGUsHYeuE= ownerName=Psycho)
14:59:18.070 [Party] Player "QueenBritni" (id=-NnesdkAmmBFCDUojeK6CJNH_jx9Ip2YYynNh2IL-So=) left the party "GREAT" (id=26 ownerUID=-NnesdkAmmBFCDUojeK6CJNH_jx9Ip2YYynNh2IL-So= ownerName=QueenBritni)
14:59:43.863 [Party] Player "PatMax" (id=jiSboo32SQZAMp7VxNNFwsMUk2-s3fPPrck_5xKkgu0=) left the party "Nasse" (id=18 ownerUID=jiSboo32SQZAMp7VxNNFwsMUk2-s3fPPrck_5xKkgu0= ownerName=PatMax)
15:00:01.863 [Party] Player "AlexTheGreater" (id=XKW3NSAmVY_49hb77ALecHmmYM5N-Lny6mbSfsjgElY=) left the party "GREATEST" (id=25 ownerUID=XKW3NSAmVY_49hb77ALecHmmYM5N-Lny6mbSfsjgElY= ownerName=AlexTheGreater)
