15:04:33.894 [Safezone] Player "tRust" (id=Rcr_R57uemt0Ut_kqH0yInDUYqoNN0-GeOyUjyJHuSY= pos=<6670.18, 102.5, 6109.3>) entered the safezone
15:05:37.800 [Safezone] Player "tRust" (id=Rcr_R57uemt0Ut_kqH0yInDUYqoNN0-GeOyUjyJHuSY= pos=<6673.42, 102.52, 6111.16>) entered the safezone
15:08:07.851 [Safezone] Player "tRust" (id=Rcr_R57uemt0Ut_kqH0yInDUYqoNN0-GeOyUjyJHuSY= pos=<6669.9, 102.5, 6109.39>) entered the safezone
15:10:23.589 [Market] Player "tRust" (id=Rcr_R57uemt0Ut_kqH0yInDUYqoNN0-GeOyUjyJHuSY=) has bought combatknife x1 (37115a40) from the trader "Weapons (Denis [#STR_EXPANSION_MARKET_TRADER_WEAPONS])" in market zone "Trader Zone" (pos=<6675.160645, 104.603935, 6114.155762>) for a price of 10.
15:10:36.074 [Market] Player "tRust" (id=Rcr_R57uemt0Ut_kqH0yInDUYqoNN0-GeOyUjyJHuSY=) has bought ammobox_556x45_20rnd x1 (11edb460) from the trader "Weapons (Denis [#STR_EXPANSION_MARKET_TRADER_WEAPONS])" in market zone "Trader Zone" (pos=<6675.160645, 104.603935, 6114.155762>) for a price of 32.
15:10:37.511 [Market] Player "tRust" (id=Rcr_R57uemt0Ut_kqH0yInDUYqoNN0-GeOyUjyJHuSY=) has bought ammobox_556x45_20rnd x1 (1f49f0b0) from the trader "Weapons (Denis [#STR_EXPANSION_MARKET_TRADER_WEAPONS])" in market zone "Trader Zone" (pos=<6675.160645, 104.603935, 6114.155762>) for a price of 32.
15:16:47.472 [Market] Player "tRust" (id=Rcr_R57uemt0Ut_kqH0yInDUYqoNN0-GeOyUjyJHuSY=) has bought mackerel x1 (1ec07160) from the trader "Fishing (Baty [#STR_EXPANSION_MARKET_TRADER_FISHING])" in market zone "Trader Zone" (pos=<6675.160645, 104.603935, 6114.155762>) for a price of 20.
15:16:48.625 [Market] Player "tRust" (id=Rcr_R57uemt0Ut_kqH0yInDUYqoNN0-GeOyUjyJHuSY=) has bought mackerel x1 (1ebe2250) from the trader "Fishing (Baty [#STR_EXPANSION_MARKET_TRADER_FISHING])" in market zone "Trader Zone" (pos=<6675.160645, 104.603935, 6114.155762>) for a price of 20.
15:16:51.179 [Market] Player "tRust" (id=Rcr_R57uemt0Ut_kqH0yInDUYqoNN0-GeOyUjyJHuSY=) has bought mackerel x1 (1ebe2e60) from the trader "Fishing (Baty [#STR_EXPANSION_MARKET_TRADER_FISHING])" in market zone "Trader Zone" (pos=<6675.160645, 104.603935, 6114.155762>) for a price of 20.
15:17:36.664 [Market] Player "tRust" (id=Rcr_R57uemt0Ut_kqH0yInDUYqoNN0-GeOyUjyJHuSY=) has bought petrollighter x1 (17a13900) from the trader "Components (Cyril [#STR_EXPANSION_MARKET_TRADER_COMPONENTS])" in market zone "Trader Zone" (pos=<6675.160645, 104.603935, 6114.155762>) for a price of 8.
15:17:39.800 [Market] Player "tRust" (id=Rcr_R57uemt0Ut_kqH0yInDUYqoNN0-GeOyUjyJHuSY=) has bought sewingkit x1 (17a0f3a0) from the trader "Components (Cyril [#STR_EXPANSION_MARKET_TRADER_COMPONENTS])" in market zone "Trader Zone" (pos=<6675.160645, 104.603935, 6114.155762>) for a price of 4.
15:24:14.550 [Safezone] Player "{1:name}" (id={1:id} pos={1:position}) left the safezone
18:49:03.664 [Safezone] Player "Eric" (id=DT1QFut1v8UN48skN3UnroicVIl_5hTizZZZSwLRxk8= pos=<6679.23, 105.88, 6106.94>) entered the safezone
18:49:31.390 [Market] Player "Eric" (id=DT1QFut1v8UN48skN3UnroicVIl_5hTizZZZSwLRxk8=) has sold shovel x1 (1ba5bb40) at the trader "BuildingSupplies (Boris [#STR_EXPANSION_MARKET_TRADER_BUILDING_SUPPLIES])" in market zone "Trader Zone" (pos=<6675.160645, 104.603935, 6114.155762>) and got 1.
18:50:25.867 [Market] Player "Eric" (id=DT1QFut1v8UN48skN3UnroicVIl_5hTizZZZSwLRxk8=) has sold jumpsuitpants_green x1 (20ca5400) at the trader "Clothing (Naomi [#STR_EXPANSION_MARKET_TRADER_CLOTHING])" in market zone "Trader Zone" (pos=<6675.160645, 104.603935, 6114.155762>) and got 21.
18:50:35.421 [Market] Player "Eric" (id=DT1QFut1v8UN48skN3UnroicVIl_5hTizZZZSwLRxk8=) has sold waterbottle x1 (195b51f0) at the trader "Consumables (Linda [#STR_EXPANSION_MARKET_TRADER_CONSUMABLES])" in market zone "Trader Zone" (pos=<6675.160645, 104.603935, 6114.155762>) and got 2.
18:53:40.718 [Market] Player "Eric" (id=DT1QFut1v8UN48skN3UnroicVIl_5hTizZZZSwLRxk8=) has sold workingboots_grey x1 (1700f310) at the trader "Clothing (Naomi [#STR_EXPANSION_MARKET_TRADER_CLOTHING])" in market zone "Trader Zone" (pos=<6675.160645, 104.603935, 6114.155762>) and got 11.
18:53:44.648 [Market] Player "Eric" (id=DT1QFut1v8UN48skN3UnroicVIl_5hTizZZZSwLRxk8=) has sold jumpsuitjacket_gray x1 (6c2f2350) at the trader "Clothing (Naomi [#STR_EXPANSION_MARKET_TRADER_CLOTHING])" in market zone "Trader Zone" (pos=<6675.160645, 104.603935, 6114.155762>) and got 19.
18:53:48.226 [Market] Player "Eric" (id=DT1QFut1v8UN48skN3UnroicVIl_5hTizZZZSwLRxk8=) has sold beaniehat_black x1 (1fae2f10) at the trader "Clothing (Naomi [#STR_EXPANSION_MARKET_TRADER_CLOTHING])" in market zone "Trader Zone" (pos=<6675.160645, 104.603935, 6114.155762>) and got 17.
18:53:55.132 [Market] Player "Eric" (id=DT1QFut1v8UN48skN3UnroicVIl_5hTizZZZSwLRxk8=) has sold workinggloves_black x1 (1c041520) at the trader "Clothing (Naomi [#STR_EXPANSION_MARKET_TRADER_CLOTHING])" in market zone "Trader Zone" (pos=<6675.160645, 104.603935, 6114.155762>) and got 5.
18:55:32.218 [Market] Player "Eric" (id=DT1QFut1v8UN48skN3UnroicVIl_5hTizZZZSwLRxk8=) has sold cz527 x1 (16f1c500, Mag_CZ527_5rnd<fa305d0>, ammo_762x39 x2) at the trader "Weapons (Denis [#STR_EXPANSION_MARKET_TRADER_WEAPONS])" in market zone "Trader Zone" (pos=<6675.160645, 104.603935, 6114.155762>) and got 294.
18:56:05.312 [Market] Player "Eric" (id=DT1QFut1v8UN48skN3UnroicVIl_5hTizZZZSwLRxk8=) has bought weaponcleaningkit x1 (197cd0e0) from the trader "Components (Cyril [#STR_EXPANSION_MARKET_TRADER_COMPONENTS])" in market zone "Trader Zone" (pos=<6675.160645, 104.603935, 6114.155762>) for a price of 8.
18:56:05.906 [Market] Player "Eric" (id=DT1QFut1v8UN48skN3UnroicVIl_5hTizZZZSwLRxk8=) has bought weaponcleaningkit x1 (34a66730) from the trader "Components (Cyril [#STR_EXPANSION_MARKET_TRADER_COMPONENTS])" in market zone "Trader Zone" (pos=<6675.160645, 104.603935, 6114.155762>) for a price of 8.
18:56:41.609 [Market] Player "Eric" (id=DT1QFut1v8UN48skN3UnroicVIl_5hTizZZZSwLRxk8=) has sold repeater x1 (6a6b7130) at the trader "Weapons (Denis [#STR_EXPANSION_MARKET_TRADER_WEAPONS])" in market zone "Trader Zone" (pos=<6675.160645, 104.603935, 6114.155762>) and got 262.
18:57:20.546 [Market] Player "Eric" (id=DT1QFut1v8UN48skN3UnroicVIl_5hTizZZZSwLRxk8=) has sold winchester70 x1 (1f30cc90) at the trader "Weapons (Denis [#STR_EXPANSION_MARKET_TRADER_WEAPONS])" in market zone "Trader Zone" (pos=<6675.160645, 104.603935, 6114.155762>) and got 375.
18:57:39.554 [Market] Player "Eric" (id=DT1QFut1v8UN48skN3UnroicVIl_5hTizZZZSwLRxk8=) has sold repeater x1 (1b4e8070) at the trader "Weapons (Denis [#STR_EXPANSION_MARKET_TRADER_WEAPONS])" in market zone "Trader Zone" (pos=<6675.160645, 104.603935, 6114.155762>) and got 262.
18:58:26.656 [Market] Player "Eric" (id=DT1QFut1v8UN48skN3UnroicVIl_5hTizZZZSwLRxk8=) has sold flashlight x1 (17b5f3a0) at the trader "Components (Cyril [#STR_EXPANSION_MARKET_TRADER_COMPONENTS])" in market zone "Trader Zone" (pos=<6675.160645, 104.603935, 6114.155762>) and got 11.
18:58:28.476 [Market] Player "Eric" (id=DT1QFut1v8UN48skN3UnroicVIl_5hTizZZZSwLRxk8=) has sold matchbox x1 (34a5dc70) at the trader "Components (Cyril [#STR_EXPANSION_MARKET_TRADER_COMPONENTS])" in market zone "Trader Zone" (pos=<6675.160645, 104.603935, 6114.155762>) and got 0.
18:58:38.937 [Market] Player "Eric" (id=DT1QFut1v8UN48skN3UnroicVIl_5hTizZZZSwLRxk8=) has sold blowtorch x1 (174f7180) at the trader "Components (Cyril [#STR_EXPANSION_MARKET_TRADER_COMPONENTS])" in market zone "Trader Zone" (pos=<6675.160645, 104.603935, 6114.155762>) and got 93.
