15:02:15.149 [Party] Player "ElBizzy" (id=zazFLAJ4lPF6TvVQMMREjst1jC8o_Id9oh_TjGBwaP8=) joinded the party "Viper Ethereal" (id=33 ownerUID=zazFLAJ4lPF6TvVQMMREjst1jC8o_Id9oh_TjGBwaP8= ownerName=ElBizzy)
15:02:26.760 [Party] Player "Eric" (id=DT1QFut1v8UN48skN3UnroicVIl_5hTizZZZSwLRxk8=) joinded the party "Die dreisten Drei" (id=46 ownerUID=DT1QFut1v8UN48skN3UnroicVIl_5hTizZZZSwLRxk8= ownerName=Eric)
15:06:24.946 [MissionAirdrop] An airdrop is heading towards "Brickworks" (pos=<8906.998047, 0.000000, 4500.351074> type=Random_Brickworks) with a ExpansionAirdropContainer
15:15:25.592 [VehicleEnter] Player "Gun" (id=dQV0MWQE63QrNRXqd-4btd7ZbIxSfqWMKo6FakQaWEs=) entered vehicle Bicycle (id=B934224D3D42DB78504DA9AFA20011F6 pos=<6008.83, 238.3, 3880.11>) as driver
15:16:13.772 [VehicleLeave] Player "Gun" (id=dQV0MWQE63QrNRXqd-4btd7ZbIxSfqWMKo6FakQaWEs=) left vehicle Bicycle (id=B934224D3D42DB78504DA9AFA20011F6 pos=<5888.62, 263.39, 4067.15>)
15:16:24.672 [VehicleDeleted] Old_Bike (id=B934224D3D42DB78504DA9AFA20011F6 pos=<5888.62, 263.39, 4067.15>)
15:16:34.204 [VehicleEnter] Player "Gun" (id=dQV0MWQE63QrNRXqd-4btd7ZbIxSfqWMKo6FakQaWEs=) entered vehicle Bicycle (id=D08893ED6F449616DB9617A402B52DA9 pos=<5884.41, 263.41, 4069.37>) as driver
15:18:00.219 [VehicleLeave] Player "Gun" (id=dQV0MWQE63QrNRXqd-4btd7ZbIxSfqWMKo6FakQaWEs=) left vehicle Bicycle (id=D08893ED6F449616DB9617A402B52DA9 pos=<5745.12, 294.37, 3984.19>)
15:19:13.089 [VehicleEnter] Player "Gun" (id=dQV0MWQE63QrNRXqd-4btd7ZbIxSfqWMKo6FakQaWEs=) entered vehicle Bicycle (id=D08893ED6F449616DB9617A402B52DA9 pos=<5745.12, 294.37, 3984.19>) as driver
15:20:17.096 [VehicleEnter] Player "Eric" (id=DT1QFut1v8UN48skN3UnroicVIl_5hTizZZZSwLRxk8=) entered vehicle Bicycle (id=641D0BDD18456D106287499CF899BEC8 pos=<4860.12, 338.54, 4476.66>) as driver
15:20:45.799 [VehicleLeave] Player "Gun" (id=dQV0MWQE63QrNRXqd-4btd7ZbIxSfqWMKo6FakQaWEs=) left vehicle Bicycle (id=D08893ED6F449616DB9617A402B52DA9 pos=<5548.09, 329.95, 3601.8>)
15:23:24.273 [VehicleEnter] Player "Gun" (id=dQV0MWQE63QrNRXqd-4btd7ZbIxSfqWMKo6FakQaWEs=) entered vehicle Bicycle (id=D08893ED6F449616DB9617A402B52DA9 pos=<5548.09, 329.95, 3601.8>) as driver
15:23:32.357 [VehicleLeave] Player "Gun" (id=dQV0MWQE63QrNRXqd-4btd7ZbIxSfqWMKo6FakQaWEs=) left vehicle Bicycle (id=D08893ED6F449616DB9617A402B52DA9 pos=<5543.99, 329.87, 3598.4>)
15:24:39.162 [VehicleLeave] Player "Eric" (id=DT1QFut1v8UN48skN3UnroicVIl_5hTizZZZSwLRxk8=) left vehicle Bicycle (id=641D0BDD18456D106287499CF899BEC8 pos=<6341.54, 202.36, 4557.22>)
15:25:17.081 [VehicleEnter] Player "Eric" (id=DT1QFut1v8UN48skN3UnroicVIl_5hTizZZZSwLRxk8=) entered vehicle Bicycle (id=641D0BDD18456D106287499CF899BEC8 pos=<6341.54, 202.36, 4557.22>) as driver
15:25:32.115 [VehicleLeave] Player "Eric" (id=DT1QFut1v8UN48skN3UnroicVIl_5hTizZZZSwLRxk8=) left vehicle Bicycle (id=641D0BDD18456D106287499CF899BEC8 pos=<6390.56, 202.74, 4557.13>)
15:25:37.115 [VehicleDeleted] Lady_Bicycle_Purple (id=641D0BDD18456D106287499CF899BEC8 pos=<6390.56, 202.73, 4557.14>)
15:25:54.146 [VehicleEnter] Player "Eric" (id=DT1QFut1v8UN48skN3UnroicVIl_5hTizZZZSwLRxk8=) entered vehicle Bicycle (id=CB92D7661D43999E41B603BC2263F23F pos=<6393.79, 203.1, 4555.62>) as driver
15:32:33.860 [VehicleLeave] Player "Eric" (id=DT1QFut1v8UN48skN3UnroicVIl_5hTizZZZSwLRxk8=) left vehicle Bicycle (id=CB92D7661D43999E41B603BC2263F23F pos=<8780.18, 119.39, 4379.13>)
15:34:20.268 [VehicleDeleted] Lady_Bicycle_Purple (id=CB92D7661D43999E41B603BC2263F23F pos=<8780.18, 119.39, 4379.13>)
15:34:33.064 [VehicleEnter] Player "Eric" (id=DT1QFut1v8UN48skN3UnroicVIl_5hTizZZZSwLRxk8=) entered vehicle Bicycle (id=25429859D641B43FAE3B5991AC39C18D pos=<8777.26, 119.4, 4378.55>) as driver
15:36:41.001 [VehicleLeave] Player "Eric" (id=DT1QFut1v8UN48skN3UnroicVIl_5hTizZZZSwLRxk8=) left vehicle Bicycle (id=25429859D641B43FAE3B5991AC39C18D pos=<8074.88, 180.52, 4331.45>)
15:46:01.173 [VehicleEnter] Player "Gun" (id=dQV0MWQE63QrNRXqd-4btd7ZbIxSfqWMKo6FakQaWEs=) entered vehicle Bicycle (id=D08893ED6F449616DB9617A402B52DA9 pos=<5543.99, 329.87, 3598.4>) as driver
15:46:13.340 [VehicleDeleted] Lady_Bicycle_Purple (id=25429859D641B43FAE3B5991AC39C18D pos=<8074.88, 180.52, 4331.45>)
15:46:35.742 [VehicleEnter] Player "Eric" (id=DT1QFut1v8UN48skN3UnroicVIl_5hTizZZZSwLRxk8=) entered vehicle Bicycle (id=1C87C232FD47250D222817BA873D49B8 pos=<8067.88, 180.52, 4331.4>) as driver
15:47:26.034 [VehicleLeave] Player "Gun" (id=dQV0MWQE63QrNRXqd-4btd7ZbIxSfqWMKo6FakQaWEs=) left vehicle Bicycle (id=D08893ED6F449616DB9617A402B52DA9 pos=<5554.8, 351.27, 3881.94>)
15:51:18.786 [Safezone] Player "Eric" (id=DT1QFut1v8UN48skN3UnroicVIl_5hTizZZZSwLRxk8= pos=<6746.11, 107.89, 6043.79>) entered the safezone
15:51:39.923 [VehicleLeave] Player "Eric" (id=DT1QFut1v8UN48skN3UnroicVIl_5hTizZZZSwLRxk8=) left vehicle Bicycle (id=1C87C232FD47250D222817BA873D49B8 pos=<6701.27, 102.77, 6073.18>)
15:53:19.084 [Market] Player "Eric" (id=DT1QFut1v8UN48skN3UnroicVIl_5hTizZZZSwLRxk8=) has sold cz527 x1 (30812d0, HuntingOptic<d17532b0>) at the trader "Weapons (Denis [#STR_EXPANSION_MARKET_TRADER_WEAPONS])" in market zone "Trader Zone" (pos=<6675.160645, 104.603935, 6114.155762>) and got 1125.
15:53:28.798 [Market] Player "Eric" (id=DT1QFut1v8UN48skN3UnroicVIl_5hTizZZZSwLRxk8=) has bought weaponcleaningkit x1 (ce7a1810) from the trader "Components (Cyril [#STR_EXPANSION_MARKET_TRADER_COMPONENTS])" in market zone "Trader Zone" (pos=<6675.160645, 104.603935, 6114.155762>) for a price of 8.
15:53:32.503 [Market] Player "Eric" (id=DT1QFut1v8UN48skN3UnroicVIl_5hTizZZZSwLRxk8=) has bought weaponcleaningkit x1 (ce7aa2d0) from the trader "Components (Cyril [#STR_EXPANSION_MARKET_TRADER_COMPONENTS])" in market zone "Trader Zone" (pos=<6675.160645, 104.603935, 6114.155762>) for a price of 8.
15:53:33.075 [Market] Player "Eric" (id=DT1QFut1v8UN48skN3UnroicVIl_5hTizZZZSwLRxk8=) has bought weaponcleaningkit x1 (ce7a9740) from the trader "Components (Cyril [#STR_EXPANSION_MARKET_TRADER_COMPONENTS])" in market zone "Trader Zone" (pos=<6675.160645, 104.603935, 6114.155762>) for a price of 8.
15:55:44.580 [Market] Player "Eric" (id=DT1QFut1v8UN48skN3UnroicVIl_5hTizZZZSwLRxk8=) has sold m16a2 x1 (be8912c0, Mag_CMAG_10Rnd<bfcbd080>, ammo_556x45 x6) at the trader "Weapons (Denis [#STR_EXPANSION_MARKET_TRADER_WEAPONS])" in market zone "Trader Zone" (pos=<6675.160645, 104.603935, 6114.155762>) and got 1176.
15:55:47.541 [Market] Player "Eric" (id=DT1QFut1v8UN48skN3UnroicVIl_5hTizZZZSwLRxk8=) has sold mp133shotgun x1 (ce2c1550, FNP45_MRDSOptic<cea116f0>) at the trader "Weapons (Denis [#STR_EXPANSION_MARKET_TRADER_WEAPONS])" in market zone "Trader Zone" (pos=<6675.160645, 104.603935, 6114.155762>) and got 515.
15:55:51.932 [Market] Player "Eric" (id=DT1QFut1v8UN48skN3UnroicVIl_5hTizZZZSwLRxk8=) has sold vss x1 (dd5b3ca0, PSO11Optic<f103f3b0>) at the trader "Weapons (Denis [#STR_EXPANSION_MARKET_TRADER_WEAPONS])" in market zone "Trader Zone" (pos=<6675.160645, 104.603935, 6114.155762>) and got 2250.
15:55:55.810 [Market] Player "Eric" (id=DT1QFut1v8UN48skN3UnroicVIl_5hTizZZZSwLRxk8=) has sold fnx45 x1 (dd5b1570, PistolSuppressor<e5ad3a80>) at the trader "Weapons (Denis [#STR_EXPANSION_MARKET_TRADER_WEAPONS])" in market zone "Trader Zone" (pos=<6675.160645, 104.603935, 6114.155762>) and got 76.
15:56:00.573 [Market] Player "Eric" (id=DT1QFut1v8UN48skN3UnroicVIl_5hTizZZZSwLRxk8=) has sold ammobox_45acp_25rnd x1 (e5adc540) at the trader "Weapons (Denis [#STR_EXPANSION_MARKET_TRADER_WEAPONS])" in market zone "Trader Zone" (pos=<6675.160645, 104.603935, 6114.155762>) and got 22.
15:56:17.446 [Market] Player "Eric" (id=DT1QFut1v8UN48skN3UnroicVIl_5hTizZZZSwLRxk8=) has sold cz61 x1 (d1491090, Mag_CZ61_20Rnd<d5501d40>, ammo_380 x6) at the trader "Weapons (Denis [#STR_EXPANSION_MARKET_TRADER_WEAPONS])" in market zone "Trader Zone" (pos=<6675.160645, 104.603935, 6114.155762>) and got 587.
15:56:21.277 [Market] Player "Eric" (id=DT1QFut1v8UN48skN3UnroicVIl_5hTizZZZSwLRxk8=) has sold mp5k x1 (d1490380, MP5_PlasticHndgrd<d54fef00>, MP5k_StockBttstck<d5500620>) at the trader "Weapons (Denis [#STR_EXPANSION_MARKET_TRADER_WEAPONS])" in market zone "Trader Zone" (pos=<6675.160645, 104.603935, 6114.155762>) and got 824.
15:56:23.739 [Market] Player "Eric" (id=DT1QFut1v8UN48skN3UnroicVIl_5hTizZZZSwLRxk8=) has sold ssg82 x1 (ce2d0d80) at the trader "Weapons (Denis [#STR_EXPANSION_MARKET_TRADER_WEAPONS])" in market zone "Trader Zone" (pos=<6675.160645, 104.603935, 6114.155762>) and got 337.
15:56:29.587 [VehicleEnter] Player "Gun" (id=dQV0MWQE63QrNRXqd-4btd7ZbIxSfqWMKo6FakQaWEs=) entered vehicle Bicycle (id=D08893ED6F449616DB9617A402B52DA9 pos=<5554.8, 351.27, 3881.94>) as driver
15:57:31.470 [VehicleLeave] Player "Gun" (id=dQV0MWQE63QrNRXqd-4btd7ZbIxSfqWMKo6FakQaWEs=) left vehicle Bicycle (id=D08893ED6F449616DB9617A402B52DA9 pos=<5520.57, 348.45, 4266.54>)
15:58:28.505 [Market] Player "Eric" (id=DT1QFut1v8UN48skN3UnroicVIl_5hTizZZZSwLRxk8=) has sold buisoptic x1 (c23ba9a0) at the trader "Attachments (Jose [#STR_EXPANSION_MARKET_TRADER_ATTACHMENTS])" in market zone "Trader Zone" (pos=<6675.160645, 104.603935, 6114.155762>) and got 112.
15:58:29.423 [Market] Player "Eric" (id=DT1QFut1v8UN48skN3UnroicVIl_5hTizZZZSwLRxk8=) has sold pistoloptic x1 (b9e12bd0) at the trader "Attachments (Jose [#STR_EXPANSION_MARKET_TRADER_ATTACHMENTS])" in market zone "Trader Zone" (pos=<6675.160645, 104.603935, 6114.155762>) and got 37.
15:58:41.872 [Market] Player "Eric" (id=DT1QFut1v8UN48skN3UnroicVIl_5hTizZZZSwLRxk8=) has bought m4_suppressor x1 (d18c2de0) from the trader "Attachments (Jose [#STR_EXPANSION_MARKET_TRADER_ATTACHMENTS])" in market zone "Trader Zone" (pos=<6675.160645, 104.603935, 6114.155762>) for a price of 25.
15:58:42.225 [Market] Player "Eric" (id=DT1QFut1v8UN48skN3UnroicVIl_5hTizZZZSwLRxk8=) has bought m4_suppressor x1 (d18d7d30) from the trader "Attachments (Jose [#STR_EXPANSION_MARKET_TRADER_ATTACHMENTS])" in market zone "Trader Zone" (pos=<6675.160645, 104.603935, 6114.155762>) for a price of 25.
15:58:42.672 [Market] Player "Eric" (id=DT1QFut1v8UN48skN3UnroicVIl_5hTizZZZSwLRxk8=) has bought m4_suppressor x1 (d18dce20) from the trader "Attachments (Jose [#STR_EXPANSION_MARKET_TRADER_ATTACHMENTS])" in market zone "Trader Zone" (pos=<6675.160645, 104.603935, 6114.155762>) for a price of 25.
15:59:02.735 [VehicleEnter] Player "Gun" (id=dQV0MWQE63QrNRXqd-4btd7ZbIxSfqWMKo6FakQaWEs=) entered vehicle Bicycle (id=D08893ED6F449616DB9617A402B52DA9 pos=<5520.57, 348.45, 4266.54>) as driver
15:59:17.993 [Market] Player "Eric" (id=DT1QFut1v8UN48skN3UnroicVIl_5hTizZZZSwLRxk8=) has sold mag_ak74_30rnd x1 (e5ad00b0, ammo_545x39 x6) at the trader "Attachments (Jose [#STR_EXPANSION_MARKET_TRADER_ATTACHMENTS])" in market zone "Trader Zone" (pos=<6675.160645, 104.603935, 6114.155762>) and got 88.
15:59:21.272 [Market] Player "Eric" (id=DT1QFut1v8UN48skN3UnroicVIl_5hTizZZZSwLRxk8=) has sold mag_fnx45_15rnd x1 (263f89b0, ammo_45acp x15) at the trader "Attachments (Jose [#STR_EXPANSION_MARKET_TRADER_ATTACHMENTS])" in market zone "Trader Zone" (pos=<6675.160645, 104.603935, 6114.155762>) and got 45.
15:59:22.158 [Market] Player "Eric" (id=DT1QFut1v8UN48skN3UnroicVIl_5hTizZZZSwLRxk8=) has sold mag_cmag_10rnd x1 (e5ac5340, ammo_556x45 x8) at the trader "Attachments (Jose [#STR_EXPANSION_MARKET_TRADER_ATTACHMENTS])" in market zone "Trader Zone" (pos=<6675.160645, 104.603935, 6114.155762>) and got 75.
15:59:35.732 [Market] Player "Eric" (id=DT1QFut1v8UN48skN3UnroicVIl_5hTizZZZSwLRxk8=) has sold tlrlight x1 (cfb1b270) at the trader "Attachments (Jose [#STR_EXPANSION_MARKET_TRADER_ATTACHMENTS])" in market zone "Trader Zone" (pos=<6675.160645, 104.603935, 6114.155762>) and got 45.
15:59:41.588 [Market] Player "Eric" (id=DT1QFut1v8UN48skN3UnroicVIl_5hTizZZZSwLRxk8=) has sold ak_bayonet x1 (e5adb9b0) at the trader "Attachments (Jose [#STR_EXPANSION_MARKET_TRADER_ATTACHMENTS])" in market zone "Trader Zone" (pos=<6675.160645, 104.603935, 6114.155762>) and got 84.
15:59:42.391 [Market] Player "Eric" (id=DT1QFut1v8UN48skN3UnroicVIl_5hTizZZZSwLRxk8=) has sold sks_bayonet x1 (e5adae20) at the trader "Attachments (Jose [#STR_EXPANSION_MARKET_TRADER_ATTACHMENTS])" in market zone "Trader Zone" (pos=<6675.160645, 104.603935, 6114.155762>) and got 37.
16:00:15.119 [VehicleLeave] Player "Gun" (id=dQV0MWQE63QrNRXqd-4btd7ZbIxSfqWMKo6FakQaWEs=) left vehicle Bicycle (id=D08893ED6F449616DB9617A402B52DA9 pos=<5709.8, 294.35, 4334.26>)
16:00:34.622 [VehicleEnter] Player "Gun" (id=dQV0MWQE63QrNRXqd-4btd7ZbIxSfqWMKo6FakQaWEs=) entered vehicle Bicycle (id=D08893ED6F449616DB9617A402B52DA9 pos=<5709.8, 294.35, 4334.26>) as driver
16:00:45.116 [ATM] Player "Eric" (id=DT1QFut1v8UN48skN3UnroicVIl_5hTizZZZSwLRxk8=) has deposited 7336 on his ATM account.
16:00:49.712 [ATM] Player "Eric" (id=DT1QFut1v8UN48skN3UnroicVIl_5hTizZZZSwLRxk8=) has withdrawn 8000 from his ATM account.
16:01:18.766 [VehicleLeave] Player "Gun" (id=dQV0MWQE63QrNRXqd-4btd7ZbIxSfqWMKo6FakQaWEs=) left vehicle Bicycle (id=D08893ED6F449616DB9617A402B52DA9 pos=<5928.74, 274.17, 4328.7>)
16:01:40.565 [VehicleEnter] Player "Gun" (id=dQV0MWQE63QrNRXqd-4btd7ZbIxSfqWMKo6FakQaWEs=) entered vehicle Bicycle (id=D08893ED6F449616DB9617A402B52DA9 pos=<5928.74, 274.17, 4328.7>) as driver
16:01:52.526 [Market] Player "Eric" (id=DT1QFut1v8UN48skN3UnroicVIl_5hTizZZZSwLRxk8=) has bought expansionsafelarge x1 (eba709c0) from the trader "Components (Cyril [#STR_EXPANSION_MARKET_TRADER_COMPONENTS])" in market zone "Trader Zone" (pos=<6675.160645, 104.603935, 6114.155762>) for a price of 8000.
16:03:18.345 [VehicleDeleted] Lady_Bicycle_Purple (id=1C87C232FD47250D222817BA873D49B8 pos=<6701.27, 102.77, 6073.18>)
16:03:33.137 [VehicleEnter] Player "Eric" (id=DT1QFut1v8UN48skN3UnroicVIl_5hTizZZZSwLRxk8=) entered vehicle Bicycle (id=3924FD4A5645E26E697F0E9F63398ABA pos=<6699.97, 103.04, 6068.99>) as driver
16:03:34.531 [Safezone] Player "ElBizzy" (id=zazFLAJ4lPF6TvVQMMREjst1jC8o_Id9oh_TjGBwaP8= pos=<6763.07, 102.61, 6070.26>) entered the safezone
16:03:38.078 [VehicleLeave] Player "Gun" (id=dQV0MWQE63QrNRXqd-4btd7ZbIxSfqWMKo6FakQaWEs=) left vehicle Bicycle (id=D08893ED6F449616DB9617A402B52DA9 pos=<5384.41, 348.14, 4712.16>)
16:03:58.183 [Safezone] Player "{1:name}" (id={1:id} pos={1:position}) left the safezone
16:04:58.641 [ATM] Player "ElBizzy" (id=zazFLAJ4lPF6TvVQMMREjst1jC8o_Id9oh_TjGBwaP8=) has withdrawn 5000 from his ATM account.
16:05:22.932 [Market] Player "ElBizzy" (id=zazFLAJ4lPF6TvVQMMREjst1jC8o_Id9oh_TjGBwaP8=) has bought sodacan_fronta x1 (baab70a0) from the trader "Consumables (Linda [#STR_EXPANSION_MARKET_TRADER_CONSUMABLES])" in market zone "Trader Zone" (pos=<6675.160645, 104.603935, 6114.155762>) for a price of 10.
16:05:23.382 [Market] Player "ElBizzy" (id=zazFLAJ4lPF6TvVQMMREjst1jC8o_Id9oh_TjGBwaP8=) has bought sodacan_fronta x1 (baab5880) from the trader "Consumables (Linda [#STR_EXPANSION_MARKET_TRADER_CONSUMABLES])" in market zone "Trader Zone" (pos=<6675.160645, 104.603935, 6114.155762>) for a price of 10.
16:05:51.863 [Market] Player "ElBizzy" (id=zazFLAJ4lPF6TvVQMMREjst1jC8o_Id9oh_TjGBwaP8=) has sold canteen x1 (f102f660) at the trader "Consumables (Linda [#STR_EXPANSION_MARKET_TRADER_CONSUMABLES])" in market zone "Trader Zone" (pos=<6675.160645, 104.603935, 6114.155762>) and got 3.
16:05:52.450 [Market] Player "ElBizzy" (id=zazFLAJ4lPF6TvVQMMREjst1jC8o_Id9oh_TjGBwaP8=) has sold canteen x1 (f10295e0) at the trader "Consumables (Linda [#STR_EXPANSION_MARKET_TRADER_CONSUMABLES])" in market zone "Trader Zone" (pos=<6675.160645, 104.603935, 6114.155762>) and got 2.
16:05:56.604 [Market] Player "ElBizzy" (id=zazFLAJ4lPF6TvVQMMREjst1jC8o_Id9oh_TjGBwaP8=) has bought canteen x1 (bdab9900) from the trader "Consumables (Linda [#STR_EXPANSION_MARKET_TRADER_CONSUMABLES])" in market zone "Trader Zone" (pos=<6675.160645, 104.603935, 6114.155762>) for a price of 18.
16:05:57.048 [Market] Player "ElBizzy" (id=zazFLAJ4lPF6TvVQMMREjst1jC8o_Id9oh_TjGBwaP8=) has bought canteen x1 (9b066980) from the trader "Consumables (Linda [#STR_EXPANSION_MARKET_TRADER_CONSUMABLES])" in market zone "Trader Zone" (pos=<6675.160645, 104.603935, 6114.155762>) for a price of 18.
16:06:59.497 [BaseRaiding] ExpansionWall6x3 (<5986.073730, 121.031456, 2582.971436>) Code set by "player "Kyma" (ID = "fVpKi1QM3XWUFD-MRt7Z2tIj9G_sYf21_LAnW2Kmnqg=" at <5987.115723, 121.083900, 2582.499023>)" and the code is 1756
16:07:08.274 [Market] Player "ElBizzy" (id=zazFLAJ4lPF6TvVQMMREjst1jC8o_Id9oh_TjGBwaP8=) has bought hammer x1 (bdc6fa60) from the trader "BuildingSupplies (Boris [#STR_EXPANSION_MARKET_TRADER_BUILDING_SUPPLIES])" in market zone "Trader Zone" (pos=<6675.160645, 104.603935, 6114.155762>) for a price of 7.
16:07:15.292 [Market] Player "ElBizzy" (id=zazFLAJ4lPF6TvVQMMREjst1jC8o_Id9oh_TjGBwaP8=) has bought hacksaw x1 (d02515c0) from the trader "BuildingSupplies (Boris [#STR_EXPANSION_MARKET_TRADER_BUILDING_SUPPLIES])" in market zone "Trader Zone" (pos=<6675.160645, 104.603935, 6114.155762>) for a price of 7.
16:07:16.787 [Market] Player "ElBizzy" (id=zazFLAJ4lPF6TvVQMMREjst1jC8o_Id9oh_TjGBwaP8=) has bought hatchet x1 (d0255b20) from the trader "BuildingSupplies (Boris [#STR_EXPANSION_MARKET_TRADER_BUILDING_SUPPLIES])" in market zone "Trader Zone" (pos=<6675.160645, 104.603935, 6114.155762>) for a price of 10.
16:08:10.740 [Market] Player "ElBizzy" (id=zazFLAJ4lPF6TvVQMMREjst1jC8o_Id9oh_TjGBwaP8=) has bought expansiongunrack x1 (b75ed780) from the trader "BuildingSupplies (Boris [#STR_EXPANSION_MARKET_TRADER_BUILDING_SUPPLIES])" in market zone "Trader Zone" (pos=<6675.160645, 104.603935, 6114.155762>) for a price of 3500.
16:09:33.888 [VehicleLeave] Player "Eric" (id=DT1QFut1v8UN48skN3UnroicVIl_5hTizZZZSwLRxk8=) left vehicle Bicycle (id=3924FD4A5645E26E697F0E9F63398ABA pos=<4285.38, 174.85, 6568.08>)
16:10:39.386 [VehicleDeleted] Lady_Bicycle_Purple (id=3924FD4A5645E26E697F0E9F63398ABA pos=<4285.38, 174.85, 6568.08>)
16:11:28.399 [BaseRaiding] ExpansionSafeLarge (<4267.746582, 175.020508, 6606.382813>) Code set by "player "Eric" (ID = "DT1QFut1v8UN48skN3UnroicVIl_5hTizZZZSwLRxk8=" at <4268.522949, 175.165253, 6607.026855>)" and the code is 0815
16:12:38.632 [ATM] Player "ElBizzy" (id=zazFLAJ4lPF6TvVQMMREjst1jC8o_Id9oh_TjGBwaP8=) has deposited 1425 on his ATM account.
16:13:22.036 [Safezone] Player "{1:name}" (id={1:id} pos={1:position}) left the safezone
16:22:25.452 [VehicleEnter] Player "Gun" (id=dQV0MWQE63QrNRXqd-4btd7ZbIxSfqWMKo6FakQaWEs=) entered vehicle Bicycle (id=D08893ED6F449616DB9617A402B52DA9 pos=<5384.41, 348.14, 4712.16>) as driver
16:23:05.992 [Party] Player "Eric" (id=DT1QFut1v8UN48skN3UnroicVIl_5hTizZZZSwLRxk8=) left the party "Die dreisten Drei" (id=46 ownerUID=DT1QFut1v8UN48skN3UnroicVIl_5hTizZZZSwLRxk8= ownerName=Eric)
16:23:30.231 [VehicleLeave] Player "Gun" (id=dQV0MWQE63QrNRXqd-4btd7ZbIxSfqWMKo6FakQaWEs=) left vehicle Bicycle (id=D08893ED6F449616DB9617A402B52DA9 pos=<5767.08, 254.75, 4812.1>)
16:23:56.375 [VehicleEnter] Player "Gun" (id=dQV0MWQE63QrNRXqd-4btd7ZbIxSfqWMKo6FakQaWEs=) entered vehicle Bicycle (id=D08893ED6F449616DB9617A402B52DA9 pos=<5767.08, 254.75, 4812.1>) as driver
16:26:52.756 [VehicleLeave] Player "Gun" (id=dQV0MWQE63QrNRXqd-4btd7ZbIxSfqWMKo6FakQaWEs=) left vehicle Bicycle (id=D08893ED6F449616DB9617A402B52DA9 pos=<5017.79, 357.55, 5245.98>)
16:30:17.866 [VehicleDeleted] Old_Bike (id=D08893ED6F449616DB9617A402B52DA9 pos=<5017.73, 357.54, 5246.09>)
16:30:47.362 [VehicleEnter] Player "Gun" (id=dQV0MWQE63QrNRXqd-4btd7ZbIxSfqWMKo6FakQaWEs=) entered vehicle Bicycle (id=5B6FD87D8F4A8D34DAFAF384482F8B9B pos=<5018.53, 357.5, 5246.82>) as driver
16:32:47.597 [VehicleLeave] Player "Gun" (id=dQV0MWQE63QrNRXqd-4btd7ZbIxSfqWMKo6FakQaWEs=) left vehicle Bicycle (id=5B6FD87D8F4A8D34DAFAF384482F8B9B pos=<4540.16, 381.95, 5345.29>)
16:33:42.170 [VehicleEnter] Player "Gun" (id=dQV0MWQE63QrNRXqd-4btd7ZbIxSfqWMKo6FakQaWEs=) entered vehicle Bicycle (id=5B6FD87D8F4A8D34DAFAF384482F8B9B pos=<4540.16, 381.95, 5345.29>) as driver
16:35:34.009 [VehicleLeave] Player "Gun" (id=dQV0MWQE63QrNRXqd-4btd7ZbIxSfqWMKo6FakQaWEs=) left vehicle Bicycle (id=5B6FD87D8F4A8D34DAFAF384482F8B9B pos=<4139.85, 366.75, 5210.59>)
16:37:16.640 [VehicleEnter] Player "Gun" (id=dQV0MWQE63QrNRXqd-4btd7ZbIxSfqWMKo6FakQaWEs=) entered vehicle Bicycle (id=5B6FD87D8F4A8D34DAFAF384482F8B9B pos=<4139.85, 366.75, 5210.59>) as driver
16:38:55.526 [VehicleLeave] Player "Gun" (id=dQV0MWQE63QrNRXqd-4btd7ZbIxSfqWMKo6FakQaWEs=) left vehicle Bicycle (id=5B6FD87D8F4A8D34DAFAF384482F8B9B pos=<4011.94, 236.94, 5558.82>)
16:39:01.566 [VehicleDeleted] Old_Bike (id=5B6FD87D8F4A8D34DAFAF384482F8B9B pos=<4011.94, 236.94, 5558.82>)
16:39:08.000 [Party] Player "ElBizzy" (id=zazFLAJ4lPF6TvVQMMREjst1jC8o_Id9oh_TjGBwaP8=) left the party "Viper Ethereal" (id=33 ownerUID=zazFLAJ4lPF6TvVQMMREjst1jC8o_Id9oh_TjGBwaP8= ownerName=ElBizzy)
16:39:13.331 [VehicleEnter] Player "Gun" (id=dQV0MWQE63QrNRXqd-4btd7ZbIxSfqWMKo6FakQaWEs=) entered vehicle Bicycle (id=01F0813633483E26ED945381B4E88177 pos=<4012.75, 235.65, 5561.31>) as driver
16:40:28.103 [MissionAirdrop] An airdrop is heading towards "Brickworks" (pos=<8906.998047, 0.000000, 4500.351074> type=Random_Brickworks) with a ExpansionAirdropContainer
16:40:40.313 [VehicleLeave] Player "Gun" (id=dQV0MWQE63QrNRXqd-4btd7ZbIxSfqWMKo6FakQaWEs=) left vehicle Bicycle (id=01F0813633483E26ED945381B4E88177 pos=<3945.25, 194.94, 5644.99>)
16:43:48.428 [VehicleDeleted] Old_Bike (id=01F0813633483E26ED945381B4E88177 pos=<3945.25, 194.94, 5644.99>)
16:53:55.434 [Party] Player "Eric" (id=DT1QFut1v8UN48skN3UnroicVIl_5hTizZZZSwLRxk8=) joinded the party "Die dreisten Drei" (id=46 ownerUID=DT1QFut1v8UN48skN3UnroicVIl_5hTizZZZSwLRxk8= ownerName=Eric)
17:03:48.059 [VehicleDeleted] Lady_Bicycle_Purple (id=1F5C0F5EFA4AC004E0313090A1D85D8C pos=<4273.77, 174.85, 6568.47>)
17:04:05.662 [VehicleEnter] Player "Eric" (id=DT1QFut1v8UN48skN3UnroicVIl_5hTizZZZSwLRxk8=) entered vehicle Bicycle (id=BF49482A4A4CFF0B0E83049EAE09C7BB pos=<4285.21, 174.85, 6569.11>) as driver
17:04:44.679 [VehicleLeave] Player "Eric" (id=DT1QFut1v8UN48skN3UnroicVIl_5hTizZZZSwLRxk8=) left vehicle Bicycle (id=BF49482A4A4CFF0B0E83049EAE09C7BB pos=<4523.91, 183.63, 6571.57>)
17:07:45.281 [VehicleEnter] Player "Eric" (id=DT1QFut1v8UN48skN3UnroicVIl_5hTizZZZSwLRxk8=) entered vehicle Bicycle (id=BF49482A4A4CFF0B0E83049EAE09C7BB pos=<4523.91, 183.63, 6571.57>) as driver
17:08:21.878 [VehicleLeave] Player "Eric" (id=DT1QFut1v8UN48skN3UnroicVIl_5hTizZZZSwLRxk8=) left vehicle Bicycle (id=BF49482A4A4CFF0B0E83049EAE09C7BB pos=<4680.47, 183.28, 6655.93>)
17:08:49.030 [VehicleEnter] Player "Eric" (id=DT1QFut1v8UN48skN3UnroicVIl_5hTizZZZSwLRxk8=) entered vehicle Bicycle (id=BF49482A4A4CFF0B0E83049EAE09C7BB pos=<4680.47, 183.28, 6655.93>) as driver
17:08:52.897 [VehicleDeleted] Old_Bike_Green (id=109D230DB241FE418E9B848FA4F939BA pos=<8691.25, 119.37, 4306.25>)
17:09:15.589 [VehicleEnter] Player "Jenkins" (id=Ru44Z5FBE4rlFQwLSdWAp1tKEAt4WLqMwiQwC6ilQzY=) entered vehicle Bicycle (id=9158CC3551438D9D286B2C96F8486697 pos=<8691.61, 119.37, 4305.95>) as driver
17:09:18.065 [VehicleLeave] Player "Eric" (id=DT1QFut1v8UN48skN3UnroicVIl_5hTizZZZSwLRxk8=) left vehicle Bicycle (id=BF49482A4A4CFF0B0E83049EAE09C7BB pos=<4843.96, 177.3, 6594.45>)
17:10:19.674 [VehicleLeave] Player "Jenkins" (id=Ru44Z5FBE4rlFQwLSdWAp1tKEAt4WLqMwiQwC6ilQzY=) left vehicle Bicycle (id=9158CC3551438D9D286B2C96F8486697 pos=<8535.84, 128.41, 4140.2>)
17:21:35.425 [VehicleEnter] Player "Eric" (id=DT1QFut1v8UN48skN3UnroicVIl_5hTizZZZSwLRxk8=) entered vehicle Bicycle (id=BF49482A4A4CFF0B0E83049EAE09C7BB pos=<4843.96, 177.3, 6594.45>) as driver
17:26:41.041 [Safezone] Player "Eric" (id=DT1QFut1v8UN48skN3UnroicVIl_5hTizZZZSwLRxk8= pos=<6673.75, 120.71, 6017.55>) entered the safezone
17:26:59.444 [VehicleLeave] Player "Eric" (id=DT1QFut1v8UN48skN3UnroicVIl_5hTizZZZSwLRxk8=) left vehicle Bicycle (id=BF49482A4A4CFF0B0E83049EAE09C7BB pos=<6706.86, 102.81, 6074.06>)
17:27:18.908 [ATM] Player "Eric" (id=DT1QFut1v8UN48skN3UnroicVIl_5hTizZZZSwLRxk8=) has withdrawn 8000 from his ATM account.
17:27:39.064 [Market] Player "Eric" (id=DT1QFut1v8UN48skN3UnroicVIl_5hTizZZZSwLRxk8=) has bought weaponcleaningkit x1 (c6dcaa60) from the trader "Components (Cyril [#STR_EXPANSION_MARKET_TRADER_COMPONENTS])" in market zone "Trader Zone" (pos=<6675.160645, 104.603935, 6114.155762>) for a price of 8.
17:29:01.138 [Market] Player "Eric" (id=DT1QFut1v8UN48skN3UnroicVIl_5hTizZZZSwLRxk8=) has sold mag_pp19_64rnd x1 (efe7a0, ammo_380 x14) at the trader "Attachments (Jose [#STR_EXPANSION_MARKET_TRADER_ATTACHMENTS])" in market zone "Trader Zone" (pos=<6675.160645, 104.603935, 6114.155762>) and got 70.
17:29:12.615 [Market] Player "Eric" (id=DT1QFut1v8UN48skN3UnroicVIl_5hTizZZZSwLRxk8=) has sold mp5_railhndgrd x1 (bdef17e0) at the trader "Attachments (Jose [#STR_EXPANSION_MARKET_TRADER_ATTACHMENTS])" in market zone "Trader Zone" (pos=<6675.160645, 104.603935, 6114.155762>) and got 84.
17:29:20.002 [Market] Player "Eric" (id=DT1QFut1v8UN48skN3UnroicVIl_5hTizZZZSwLRxk8=) has sold pp19 x1 (c1ecbeb0, PistolSuppressor<c31245c0>, PP19_Bttstck<c3123a30>, Mag_PP19_64Rnd<c3121780>, ammo_380 x12) at the trader "Weapons (Denis [#STR_EXPANSION_MARKET_TRADER_WEAPONS])" in market zone "Trader Zone" (pos=<6675.160645, 104.603935, 6114.155762>) and got 947.
17:29:20.865 [Market] Player "Eric" (id=DT1QFut1v8UN48skN3UnroicVIl_5hTizZZZSwLRxk8=) has sold ump45 x1 (ba278fe0) at the trader "Weapons (Denis [#STR_EXPANSION_MARKET_TRADER_WEAPONS])" in market zone "Trader Zone" (pos=<6675.160645, 104.603935, 6114.155762>) and got 600.
17:29:25.696 [Market] Player "Eric" (id=DT1QFut1v8UN48skN3UnroicVIl_5hTizZZZSwLRxk8=) has sold ammobox_45acp_25rnd x1 (c35a4160) at the trader "Weapons (Denis [#STR_EXPANSION_MARKET_TRADER_WEAPONS])" in market zone "Trader Zone" (pos=<6675.160645, 104.603935, 6114.155762>) and got 30.
17:29:29.283 [Market] Player "Eric" (id=DT1QFut1v8UN48skN3UnroicVIl_5hTizZZZSwLRxk8=) has bought ammobox_556x45_20rnd x1 (cd24c240) from the trader "Weapons (Denis [#STR_EXPANSION_MARKET_TRADER_WEAPONS])" in market zone "Trader Zone" (pos=<6675.160645, 104.603935, 6114.155762>) for a price of 32.
17:29:29.615 [Market] Player "Eric" (id=DT1QFut1v8UN48skN3UnroicVIl_5hTizZZZSwLRxk8=) has bought ammobox_556x45_20rnd x1 (cd24fc10) from the trader "Weapons (Denis [#STR_EXPANSION_MARKET_TRADER_WEAPONS])" in market zone "Trader Zone" (pos=<6675.160645, 104.603935, 6114.155762>) for a price of 32.
17:29:29.965 [Market] Player "Eric" (id=DT1QFut1v8UN48skN3UnroicVIl_5hTizZZZSwLRxk8=) has bought ammobox_556x45_20rnd x1 (cd254d00) from the trader "Weapons (Denis [#STR_EXPANSION_MARKET_TRADER_WEAPONS])" in market zone "Trader Zone" (pos=<6675.160645, 104.603935, 6114.155762>) for a price of 32.
17:29:30.363 [Market] Player "Eric" (id=DT1QFut1v8UN48skN3UnroicVIl_5hTizZZZSwLRxk8=) has bought ammobox_556x45_20rnd x1 (cd24e4f0) from the trader "Weapons (Denis [#STR_EXPANSION_MARKET_TRADER_WEAPONS])" in market zone "Trader Zone" (pos=<6675.160645, 104.603935, 6114.155762>) for a price of 32.
17:29:30.762 [Market] Player "Eric" (id=DT1QFut1v8UN48skN3UnroicVIl_5hTizZZZSwLRxk8=) has bought ammobox_556x45_20rnd x1 (cd255890) from the trader "Weapons (Denis [#STR_EXPANSION_MARKET_TRADER_WEAPONS])" in market zone "Trader Zone" (pos=<6675.160645, 104.603935, 6114.155762>) for a price of 32.
17:29:31.215 [Market] Player "Eric" (id=DT1QFut1v8UN48skN3UnroicVIl_5hTizZZZSwLRxk8=) has bought ammobox_556x45_20rnd x1 (cd256420) from the trader "Weapons (Denis [#STR_EXPANSION_MARKET_TRADER_WEAPONS])" in market zone "Trader Zone" (pos=<6675.160645, 104.603935, 6114.155762>) for a price of 32.
17:29:31.662 [Market] Player "Eric" (id=DT1QFut1v8UN48skN3UnroicVIl_5hTizZZZSwLRxk8=) has bought ammobox_556x45_20rnd x1 (cd263440) from the trader "Weapons (Denis [#STR_EXPANSION_MARKET_TRADER_WEAPONS])" in market zone "Trader Zone" (pos=<6675.160645, 104.603935, 6114.155762>) for a price of 32.
17:29:32.024 [Market] Player "Eric" (id=DT1QFut1v8UN48skN3UnroicVIl_5hTizZZZSwLRxk8=) has bought ammobox_556x45_20rnd x1 (cd278f20) from the trader "Weapons (Denis [#STR_EXPANSION_MARKET_TRADER_WEAPONS])" in market zone "Trader Zone" (pos=<6675.160645, 104.603935, 6114.155762>) for a price of 32.
17:29:32.390 [Market] Player "Eric" (id=DT1QFut1v8UN48skN3UnroicVIl_5hTizZZZSwLRxk8=) has bought ammobox_556x45_20rnd x1 (cd280e50) from the trader "Weapons (Denis [#STR_EXPANSION_MARKET_TRADER_WEAPONS])" in market zone "Trader Zone" (pos=<6675.160645, 104.603935, 6114.155762>) for a price of 32.
17:29:32.773 [Market] Player "Eric" (id=DT1QFut1v8UN48skN3UnroicVIl_5hTizZZZSwLRxk8=) has bought ammobox_556x45_20rnd x1 (cd2802c0) from the trader "Weapons (Denis [#STR_EXPANSION_MARKET_TRADER_WEAPONS])" in market zone "Trader Zone" (pos=<6675.160645, 104.603935, 6114.155762>) for a price of 32.
17:29:35.948 [Market] Player "Eric" (id=DT1QFut1v8UN48skN3UnroicVIl_5hTizZZZSwLRxk8=) has bought ammobox_9x19_25rnd x1 (cd2819e0) from the trader "Weapons (Denis [#STR_EXPANSION_MARKET_TRADER_WEAPONS])" in market zone "Trader Zone" (pos=<6675.160645, 104.603935, 6114.155762>) for a price of 40.
17:29:36.305 [Market] Player "Eric" (id=DT1QFut1v8UN48skN3UnroicVIl_5hTizZZZSwLRxk8=) has bought ammobox_9x19_25rnd x1 (cd27b1d0) from the trader "Weapons (Denis [#STR_EXPANSION_MARKET_TRADER_WEAPONS])" in market zone "Trader Zone" (pos=<6675.160645, 104.603935, 6114.155762>) for a price of 40.
17:29:36.615 [Market] Player "Eric" (id=DT1QFut1v8UN48skN3UnroicVIl_5hTizZZZSwLRxk8=) has bought ammobox_9x19_25rnd x1 (2823d7b0) from the trader "Weapons (Denis [#STR_EXPANSION_MARKET_TRADER_WEAPONS])" in market zone "Trader Zone" (pos=<6675.160645, 104.603935, 6114.155762>) for a price of 40.
17:29:36.963 [Market] Player "Eric" (id=DT1QFut1v8UN48skN3UnroicVIl_5hTizZZZSwLRxk8=) has bought ammobox_9x19_25rnd x1 (282456e0) from the trader "Weapons (Denis [#STR_EXPANSION_MARKET_TRADER_WEAPONS])" in market zone "Trader Zone" (pos=<6675.160645, 104.603935, 6114.155762>) for a price of 40.
17:29:37.531 [Market] Player "Eric" (id=DT1QFut1v8UN48skN3UnroicVIl_5hTizZZZSwLRxk8=) has bought ammobox_9x19_25rnd x1 (28243430) from the trader "Weapons (Denis [#STR_EXPANSION_MARKET_TRADER_WEAPONS])" in market zone "Trader Zone" (pos=<6675.160645, 104.603935, 6114.155762>) for a price of 40.
17:29:42.034 [Market] Player "Eric" (id=DT1QFut1v8UN48skN3UnroicVIl_5hTizZZZSwLRxk8=) has sold colt1911 x1 (be8912c0, PistolSuppressor<be320ef0>, Mag_1911_7Rnd<be328290>, ammo_45acp x3) at the trader "Weapons (Denis [#STR_EXPANSION_MARKET_TRADER_WEAPONS])" in market zone "Trader Zone" (pos=<6675.160645, 104.603935, 6114.155762>) and got 284.
17:29:56.723 [Market] Player "Eric" (id=DT1QFut1v8UN48skN3UnroicVIl_5hTizZZZSwLRxk8=) has bought expansionsafelarge x1 (28262560) from the trader "Components (Cyril [#STR_EXPANSION_MARKET_TRADER_COMPONENTS])" in market zone "Trader Zone" (pos=<6675.160645, 104.603935, 6114.155762>) for a price of 8000.
17:30:23.863 [Market] Player "Eric" (id=DT1QFut1v8UN48skN3UnroicVIl_5hTizZZZSwLRxk8=) has bought m4_t3nrdsoptic x1 (d038e4d0, Battery9V<fe4530f0>) from the trader "Attachments (Jose [#STR_EXPANSION_MARKET_TRADER_ATTACHMENTS])" in market zone "Trader Zone" (pos=<6675.160645, 104.603935, 6114.155762>) for a price of 510.
17:30:25.980 [Market] Player "Eric" (id=DT1QFut1v8UN48skN3UnroicVIl_5hTizZZZSwLRxk8=) has bought m4_t3nrdsoptic x1 (b4fba200, Battery9V<fe437990>) from the trader "Attachments (Jose [#STR_EXPANSION_MARKET_TRADER_ATTACHMENTS])" in market zone "Trader Zone" (pos=<6675.160645, 104.603935, 6114.155762>) for a price of 510.
17:32:27.187 [Market] Player "Eric" (id=DT1QFut1v8UN48skN3UnroicVIl_5hTizZZZSwLRxk8=) has sold gp5gasmask x1 (2886cd20) at the trader "Clothing (Naomi [#STR_EXPANSION_MARKET_TRADER_CLOTHING])" in market zone "Trader Zone" (pos=<6675.160645, 104.603935, 6114.155762>) and got 90.
17:32:40.065 [Market] Player "Eric" (id=DT1QFut1v8UN48skN3UnroicVIl_5hTizZZZSwLRxk8=) has sold gorkahelmet x1 (ba902870, GorkaHelmetVisor<c080d190>) at the trader "Clothing (Naomi [#STR_EXPANSION_MARKET_TRADER_CLOTHING])" in market zone "Trader Zone" (pos=<6675.160645, 104.603935, 6114.155762>) and got 208.
17:33:05.517 [Market] Player "Eric" (id=DT1QFut1v8UN48skN3UnroicVIl_5hTizZZZSwLRxk8=) has bought sodacan_pipsi x1 (b45b0780) from the trader "Consumables (Linda [#STR_EXPANSION_MARKET_TRADER_CONSUMABLES])" in market zone "Trader Zone" (pos=<6675.160645, 104.603935, 6114.155762>) for a price of 10.
17:33:05.750 [Market] Player "Eric" (id=DT1QFut1v8UN48skN3UnroicVIl_5hTizZZZSwLRxk8=) has bought sodacan_pipsi x1 (b45a9af0) from the trader "Consumables (Linda [#STR_EXPANSION_MARKET_TRADER_CONSUMABLES])" in market zone "Trader Zone" (pos=<6675.160645, 104.603935, 6114.155762>) for a price of 10.
17:33:05.918 [Market] Player "Eric" (id=DT1QFut1v8UN48skN3UnroicVIl_5hTizZZZSwLRxk8=) has bought sodacan_pipsi x1 (d14bd2a0) from the trader "Consumables (Linda [#STR_EXPANSION_MARKET_TRADER_CONSUMABLES])" in market zone "Trader Zone" (pos=<6675.160645, 104.603935, 6114.155762>) for a price of 10.
17:33:06.085 [Market] Player "Eric" (id=DT1QFut1v8UN48skN3UnroicVIl_5hTizZZZSwLRxk8=) has bought sodacan_pipsi x1 (d14beac0) from the trader "Consumables (Linda [#STR_EXPANSION_MARKET_TRADER_CONSUMABLES])" in market zone "Trader Zone" (pos=<6675.160645, 104.603935, 6114.155762>) for a price of 10.
17:33:06.235 [Market] Player "Eric" (id=DT1QFut1v8UN48skN3UnroicVIl_5hTizZZZSwLRxk8=) has bought sodacan_pipsi x1 (d14cf420) from the trader "Consumables (Linda [#STR_EXPANSION_MARKET_TRADER_CONSUMABLES])" in market zone "Trader Zone" (pos=<6675.160645, 104.603935, 6114.155762>) for a price of 10.
17:33:06.403 [Market] Player "Eric" (id=DT1QFut1v8UN48skN3UnroicVIl_5hTizZZZSwLRxk8=) has bought sodacan_pipsi x1 (d14d0c40) from the trader "Consumables (Linda [#STR_EXPANSION_MARKET_TRADER_CONSUMABLES])" in market zone "Trader Zone" (pos=<6675.160645, 104.603935, 6114.155762>) for a price of 10.
17:33:06.601 [Market] Player "Eric" (id=DT1QFut1v8UN48skN3UnroicVIl_5hTizZZZSwLRxk8=) has bought sodacan_pipsi x1 (c18dce50) from the trader "Consumables (Linda [#STR_EXPANSION_MARKET_TRADER_CONSUMABLES])" in market zone "Trader Zone" (pos=<6675.160645, 104.603935, 6114.155762>) for a price of 10.
17:33:06.752 [Market] Player "Eric" (id=DT1QFut1v8UN48skN3UnroicVIl_5hTizZZZSwLRxk8=) has bought sodacan_pipsi x1 (c38b7490) from the trader "Consumables (Linda [#STR_EXPANSION_MARKET_TRADER_CONSUMABLES])" in market zone "Trader Zone" (pos=<6675.160645, 104.603935, 6114.155762>) for a price of 10.
17:33:06.904 [Market] Player "Eric" (id=DT1QFut1v8UN48skN3UnroicVIl_5hTizZZZSwLRxk8=) has bought sodacan_pipsi x1 (cb6d4ad0) from the trader "Consumables (Linda [#STR_EXPANSION_MARKET_TRADER_CONSUMABLES])" in market zone "Trader Zone" (pos=<6675.160645, 104.603935, 6114.155762>) for a price of 10.
17:33:07.092 [Market] Player "Eric" (id=DT1QFut1v8UN48skN3UnroicVIl_5hTizZZZSwLRxk8=) has bought sodacan_pipsi x1 (d06923b0) from the trader "Consumables (Linda [#STR_EXPANSION_MARKET_TRADER_CONSUMABLES])" in market zone "Trader Zone" (pos=<6675.160645, 104.603935, 6114.155762>) for a price of 10.
17:33:07.265 [Market] Player "Eric" (id=DT1QFut1v8UN48skN3UnroicVIl_5hTizZZZSwLRxk8=) has bought sodacan_pipsi x1 (caca0e80) from the trader "Consumables (Linda [#STR_EXPANSION_MARKET_TRADER_CONSUMABLES])" in market zone "Trader Zone" (pos=<6675.160645, 104.603935, 6114.155762>) for a price of 10.
17:33:07.403 [Market] Player "Eric" (id=DT1QFut1v8UN48skN3UnroicVIl_5hTizZZZSwLRxk8=) has bought sodacan_pipsi x1 (b45cd1e0) from the trader "Consumables (Linda [#STR_EXPANSION_MARKET_TRADER_CONSUMABLES])" in market zone "Trader Zone" (pos=<6675.160645, 104.603935, 6114.155762>) for a price of 10.
17:33:07.550 [Market] Player "Eric" (id=DT1QFut1v8UN48skN3UnroicVIl_5hTizZZZSwLRxk8=) has bought sodacan_pipsi x1 (caca3ec0) from the trader "Consumables (Linda [#STR_EXPANSION_MARKET_TRADER_CONSUMABLES])" in market zone "Trader Zone" (pos=<6675.160645, 104.603935, 6114.155762>) for a price of 10.
17:33:07.717 [Market] Player "Eric" (id=DT1QFut1v8UN48skN3UnroicVIl_5hTizZZZSwLRxk8=) has bought sodacan_pipsi x1 (b72ef660) from the trader "Consumables (Linda [#STR_EXPANSION_MARKET_TRADER_CONSUMABLES])" in market zone "Trader Zone" (pos=<6675.160645, 104.603935, 6114.155762>) for a price of 10.
17:33:07.872 [Market] Player "Eric" (id=DT1QFut1v8UN48skN3UnroicVIl_5hTizZZZSwLRxk8=) has bought sodacan_pipsi x1 (d0672910) from the trader "Consumables (Linda [#STR_EXPANSION_MARKET_TRADER_CONSUMABLES])" in market zone "Trader Zone" (pos=<6675.160645, 104.603935, 6114.155762>) for a price of 10.
17:33:08.054 [Market] Player "Eric" (id=DT1QFut1v8UN48skN3UnroicVIl_5hTizZZZSwLRxk8=) has bought sodacan_pipsi x1 (c72e3850) from the trader "Consumables (Linda [#STR_EXPANSION_MARKET_TRADER_CONSUMABLES])" in market zone "Trader Zone" (pos=<6675.160645, 104.603935, 6114.155762>) for a price of 10.
17:33:08.218 [Market] Player "Eric" (id=DT1QFut1v8UN48skN3UnroicVIl_5hTizZZZSwLRxk8=) has bought sodacan_pipsi x1 (c3e37cb0) from the trader "Consumables (Linda [#STR_EXPANSION_MARKET_TRADER_CONSUMABLES])" in market zone "Trader Zone" (pos=<6675.160645, 104.603935, 6114.155762>) for a price of 10.
17:33:09.316 [Market] Player "Eric" (id=DT1QFut1v8UN48skN3UnroicVIl_5hTizZZZSwLRxk8=) has bought sodacan_pipsi x1 (c6ea09a0) from the trader "Consumables (Linda [#STR_EXPANSION_MARKET_TRADER_CONSUMABLES])" in market zone "Trader Zone" (pos=<6675.160645, 104.603935, 6114.155762>) for a price of 10.
17:33:09.838 [Market] Player "Eric" (id=DT1QFut1v8UN48skN3UnroicVIl_5hTizZZZSwLRxk8=) has bought sodacan_pipsi x1 (5555750) from the trader "Consumables (Linda [#STR_EXPANSION_MARKET_TRADER_CONSUMABLES])" in market zone "Trader Zone" (pos=<6675.160645, 104.603935, 6114.155762>) for a price of 10.
17:33:10.551 [Market] Player "Eric" (id=DT1QFut1v8UN48skN3UnroicVIl_5hTizZZZSwLRxk8=) has bought sodacan_pipsi x1 (b7d122b0) from the trader "Consumables (Linda [#STR_EXPANSION_MARKET_TRADER_CONSUMABLES])" in market zone "Trader Zone" (pos=<6675.160645, 104.603935, 6114.155762>) for a price of 10.
17:33:56.445 [ATM] Player "Eric" (id=DT1QFut1v8UN48skN3UnroicVIl_5hTizZZZSwLRxk8=) has withdrawn 3000 from his ATM account.
17:34:59.257 [Market] Player "Eric" (id=DT1QFut1v8UN48skN3UnroicVIl_5hTizZZZSwLRxk8=) has sold cz527 x1 (30a0330, Mag_CZ527_5rnd<1bfc42b0>, ammo_762x39 x1) at the trader "Weapons (Denis [#STR_EXPANSION_MARKET_TRADER_WEAPONS])" in market zone "Trader Zone" (pos=<6675.160645, 104.603935, 6114.155762>) and got 421.
17:35:06.183 [Market] Player "Eric" (id=DT1QFut1v8UN48skN3UnroicVIl_5hTizZZZSwLRxk8=) has bought machete x1 (d1c37d60) from the trader "Weapons (Denis [#STR_EXPANSION_MARKET_TRADER_WEAPONS])" in market zone "Trader Zone" (pos=<6675.160645, 104.603935, 6114.155762>) for a price of 12.
17:35:07.315 [Market] Player "Eric" (id=DT1QFut1v8UN48skN3UnroicVIl_5hTizZZZSwLRxk8=) has sold machete x1 (cfb0b410) at the trader "Weapons (Denis [#STR_EXPANSION_MARKET_TRADER_WEAPONS])" in market zone "Trader Zone" (pos=<6675.160645, 104.603935, 6114.155762>) and got 6.
17:35:47.707 [Market] Player "Eric" (id=DT1QFut1v8UN48skN3UnroicVIl_5hTizZZZSwLRxk8=) has bought expansionstove x1 (b9e2a1c0) from the trader "BuildingSupplies (Boris [#STR_EXPANSION_MARKET_TRADER_BUILDING_SUPPLIES])" in market zone "Trader Zone" (pos=<6675.160645, 104.603935, 6114.155762>) for a price of 1500.
17:36:07.852 [Market] Player "Eric" (id=DT1QFut1v8UN48skN3UnroicVIl_5hTizZZZSwLRxk8=) has sold expansionstove x1 (b9e2a1c0) at the trader "BuildingSupplies (Boris [#STR_EXPANSION_MARKET_TRADER_BUILDING_SUPPLIES])" in market zone "Trader Zone" (pos=<6675.160645, 104.603935, 6114.155762>) and got 1125.
17:36:19.847 [ATM] Player "Eric" (id=DT1QFut1v8UN48skN3UnroicVIl_5hTizZZZSwLRxk8=) has deposited 3605 on his ATM account.
17:36:36.713 [VehicleEnter] Player "Eric" (id=DT1QFut1v8UN48skN3UnroicVIl_5hTizZZZSwLRxk8=) entered vehicle Bicycle (id=BF49482A4A4CFF0B0E83049EAE09C7BB pos=<6706.9, 102.81, 6074.08>) as driver
17:37:07.051 [Safezone] Player "{1:name}" (id={1:id} pos={1:position}) left the safezone
17:39:21.526 [VehicleLeave] Player "Eric" (id=DT1QFut1v8UN48skN3UnroicVIl_5hTizZZZSwLRxk8=) left vehicle Bicycle (id=BF49482A4A4CFF0B0E83049EAE09C7BB pos=<5792.42, 166.82, 6283.01>)
17:39:34.728 [VehicleEnter] Player "Eric" (id=DT1QFut1v8UN48skN3UnroicVIl_5hTizZZZSwLRxk8=) entered vehicle Bicycle (id=BF49482A4A4CFF0B0E83049EAE09C7BB pos=<5787.57, 166.58, 6285.86>) as driver
17:39:51.732 [VehicleLeave] Player "Eric" (id=DT1QFut1v8UN48skN3UnroicVIl_5hTizZZZSwLRxk8=) left vehicle Bicycle (id=BF49482A4A4CFF0B0E83049EAE09C7BB pos=<5708.37, 165.2, 6327.24>)
17:39:59.955 [VehicleEnter] Player "Eric" (id=DT1QFut1v8UN48skN3UnroicVIl_5hTizZZZSwLRxk8=) entered vehicle Bicycle (id=BF49482A4A4CFF0B0E83049EAE09C7BB pos=<5708.37, 165.2, 6327.24>) as driver
17:43:24.431 [VehicleLeave] Player "Eric" (id=DT1QFut1v8UN48skN3UnroicVIl_5hTizZZZSwLRxk8=) left vehicle Bicycle (id=BF49482A4A4CFF0B0E83049EAE09C7BB pos=<4283.78, 174.85, 6569.88>)
17:43:30.854 [VehicleDeleted] Lady_Bicycle_Purple (id=BF49482A4A4CFF0B0E83049EAE09C7BB pos=<4283.78, 174.85, 6569.88>)
17:52:03.238 [Party] Player "Eric" (id=DT1QFut1v8UN48skN3UnroicVIl_5hTizZZZSwLRxk8=) left the party "Die dreisten Drei" (id=46 ownerUID=DT1QFut1v8UN48skN3UnroicVIl_5hTizZZZSwLRxk8= ownerName=Eric)
18:09:12.198 [VehicleEnter] Player "whodaddy001" (id=ullThsEYW0vuVRILSHGlHrrALF6mV4AGYQSePKajUc4=) entered vehicle Bicycle (id=CB1034FBE3440ABB7A35E5A1920DAA2C pos=<7134.38, 147.69, 8584.06>) as driver
18:10:01.571 [Safezone] Player "Kyma" (id=fVpKi1QM3XWUFD-MRt7Z2tIj9G_sYf21_LAnW2Kmnqg= pos=<6682.29, 117.64, 6015.82>) entered the safezone
18:11:00.682 [Market] Player "Kyma" (id=fVpKi1QM3XWUFD-MRt7Z2tIj9G_sYf21_LAnW2Kmnqg=) has bought nailbox x1 (c5abdb20) from the trader "Components (Cyril [#STR_EXPANSION_MARKET_TRADER_COMPONENTS])" in market zone "Trader Zone" (pos=<6675.160645, 104.603935, 6114.155762>) for a price of 300.
18:11:01.502 [Market] Player "Kyma" (id=fVpKi1QM3XWUFD-MRt7Z2tIj9G_sYf21_LAnW2Kmnqg=) has bought nailbox x1 (c5ac4ec0) from the trader "Components (Cyril [#STR_EXPANSION_MARKET_TRADER_COMPONENTS])" in market zone "Trader Zone" (pos=<6675.160645, 104.603935, 6114.155762>) for a price of 300.
18:11:02.284 [Market] Player "Kyma" (id=fVpKi1QM3XWUFD-MRt7Z2tIj9G_sYf21_LAnW2Kmnqg=) has bought nailbox x1 (c5abe6b0) from the trader "Components (Cyril [#STR_EXPANSION_MARKET_TRADER_COMPONENTS])" in market zone "Trader Zone" (pos=<6675.160645, 104.603935, 6114.155762>) for a price of 300.
18:11:03.247 [Market] Player "Kyma" (id=fVpKi1QM3XWUFD-MRt7Z2tIj9G_sYf21_LAnW2Kmnqg=) has bought rope x1 (c5ac65e0) from the trader "Components (Cyril [#STR_EXPANSION_MARKET_TRADER_COMPONENTS])" in market zone "Trader Zone" (pos=<6675.160645, 104.603935, 6114.155762>) for a price of 4.
18:11:04.032 [Market] Player "Kyma" (id=fVpKi1QM3XWUFD-MRt7Z2tIj9G_sYf21_LAnW2Kmnqg=) has bought rope x1 (c5acb6d0) from the trader "Components (Cyril [#STR_EXPANSION_MARKET_TRADER_COMPONENTS])" in market zone "Trader Zone" (pos=<6675.160645, 104.603935, 6114.155762>) for a price of 4.
18:11:05.732 [Market] Player "Kyma" (id=fVpKi1QM3XWUFD-MRt7Z2tIj9G_sYf21_LAnW2Kmnqg=) has bought nailbox x1 (c5ac9420) from the trader "Components (Cyril [#STR_EXPANSION_MARKET_TRADER_COMPONENTS])" in market zone "Trader Zone" (pos=<6675.160645, 104.603935, 6114.155762>) for a price of 300.
18:11:08.499 [Market] Player "Kyma" (id=fVpKi1QM3XWUFD-MRt7Z2tIj9G_sYf21_LAnW2Kmnqg=) has bought nailbox x1 (c5ac5a50) from the trader "Components (Cyril [#STR_EXPANSION_MARKET_TRADER_COMPONENTS])" in market zone "Trader Zone" (pos=<6675.160645, 104.603935, 6114.155762>) for a price of 300.
18:11:19.980 [Market] Player "Kyma" (id=fVpKi1QM3XWUFD-MRt7Z2tIj9G_sYf21_LAnW2Kmnqg=) has bought hatchet x1 (c5ace510) from the trader "Components (Cyril [#STR_EXPANSION_MARKET_TRADER_COMPONENTS])" in market zone "Trader Zone" (pos=<6675.160645, 104.603935, 6114.155762>) for a price of 10.
18:11:23.440 [VehicleLeave] Player "whodaddy001" (id=ullThsEYW0vuVRILSHGlHrrALF6mV4AGYQSePKajUc4=) left vehicle Bicycle (id=CB1034FBE3440ABB7A35E5A1920DAA2C pos=<6379.1, 113.31, 8398.16>)
18:11:41.738 [Market] Player "Kyma" (id=fVpKi1QM3XWUFD-MRt7Z2tIj9G_sYf21_LAnW2Kmnqg=) has sold mag_cz527_5rnd x1 (20bb8c30, ammo_762x39 x5) at the trader "Attachments (Jose [#STR_EXPANSION_MARKET_TRADER_ATTACHMENTS])" in market zone "Trader Zone" (pos=<6675.160645, 104.603935, 6114.155762>) and got 50.
18:11:50.131 [Market] Player "Kyma" (id=fVpKi1QM3XWUFD-MRt7Z2tIj9G_sYf21_LAnW2Kmnqg=) has bought combatknife x1 (cfd6b1a0) from the trader "Weapons (Denis [#STR_EXPANSION_MARKET_TRADER_WEAPONS])" in market zone "Trader Zone" (pos=<6675.160645, 104.603935, 6114.155762>) for a price of 10.
18:11:51.615 [Market] Player "Kyma" (id=fVpKi1QM3XWUFD-MRt7Z2tIj9G_sYf21_LAnW2Kmnqg=) has sold sword x1 (b725ed40) at the trader "Weapons (Denis [#STR_EXPANSION_MARKET_TRADER_WEAPONS])" in market zone "Trader Zone" (pos=<6675.160645, 104.603935, 6114.155762>) and got 15.
18:11:54.306 [Market] Player "Kyma" (id=fVpKi1QM3XWUFD-MRt7Z2tIj9G_sYf21_LAnW2Kmnqg=) has sold steakknife x1 (20bdce50) at the trader "Weapons (Denis [#STR_EXPANSION_MARKET_TRADER_WEAPONS])" in market zone "Trader Zone" (pos=<6675.160645, 104.603935, 6114.155762>) and got 5.
18:11:55.671 [Market] Player "Kyma" (id=fVpKi1QM3XWUFD-MRt7Z2tIj9G_sYf21_LAnW2Kmnqg=) has bought combatknife x1 (c6b22e10) from the trader "Weapons (Denis [#STR_EXPANSION_MARKET_TRADER_WEAPONS])" in market zone "Trader Zone" (pos=<6675.160645, 104.603935, 6114.155762>) for a price of 10.
18:12:06.549 [Market] Player "Kyma" (id=fVpKi1QM3XWUFD-MRt7Z2tIj9G_sYf21_LAnW2Kmnqg=) has sold ammo_12gapellets x4 (c52a4c60) at the trader "Weapons (Denis [#STR_EXPANSION_MARKET_TRADER_WEAPONS])" in market zone "Trader Zone" (pos=<6675.160645, 104.603935, 6114.155762>) and got 8.
18:12:50.125 [MissionAirdrop] An airdrop is heading towards "Seneca" (pos=<7648.691895, 0.000000, 1011.718018> type=Random_Seneca) with a ExpansionAirdropContainer_Basebuilding
18:13:24.683 [VehicleDeleted] Lady_Bicycle (id=CB1034FBE3440ABB7A35E5A1920DAA2C pos=<6379.1, 113.31, 8398.16>)
18:13:51.341 [Market] Player "Kyma" (id=fVpKi1QM3XWUFD-MRt7Z2tIj9G_sYf21_LAnW2Kmnqg=) has bought leathersewingkit x1 (eafcc6c0) from the trader "Components (Cyril [#STR_EXPANSION_MARKET_TRADER_COMPONENTS])" in market zone "Trader Zone" (pos=<6675.160645, 104.603935, 6114.155762>) for a price of 5.
18:13:52.755 [Market] Player "Kyma" (id=fVpKi1QM3XWUFD-MRt7Z2tIj9G_sYf21_LAnW2Kmnqg=) has bought sewingkit x1 (eafc3c00) from the trader "Components (Cyril [#STR_EXPANSION_MARKET_TRADER_COMPONENTS])" in market zone "Trader Zone" (pos=<6675.160645, 104.603935, 6114.155762>) for a price of 4.
18:13:53.968 [Market] Player "Kyma" (id=fVpKi1QM3XWUFD-MRt7Z2tIj9G_sYf21_LAnW2Kmnqg=) has bought sewingkit x1 (eafcd250) from the trader "Components (Cyril [#STR_EXPANSION_MARKET_TRADER_COMPONENTS])" in market zone "Trader Zone" (pos=<6675.160645, 104.603935, 6114.155762>) for a price of 4.
18:13:56.189 [Market] Player "Kyma" (id=fVpKi1QM3XWUFD-MRt7Z2tIj9G_sYf21_LAnW2Kmnqg=) has bought nailbox x1 (eafd0c20) from the trader "Components (Cyril [#STR_EXPANSION_MARKET_TRADER_COMPONENTS])" in market zone "Trader Zone" (pos=<6675.160645, 104.603935, 6114.155762>) for a price of 300.
18:14:03.742 [Market] Player "Kyma" (id=fVpKi1QM3XWUFD-MRt7Z2tIj9G_sYf21_LAnW2Kmnqg=) has bought petrollighter x1 (eafce970) from the trader "Components (Cyril [#STR_EXPANSION_MARKET_TRADER_COMPONENTS])" in market zone "Trader Zone" (pos=<6675.160645, 104.603935, 6114.155762>) for a price of 8.
18:14:13.492 [Market] Player "Kyma" (id=fVpKi1QM3XWUFD-MRt7Z2tIj9G_sYf21_LAnW2Kmnqg=) has bought hacksaw x1 (ce7aae60) from the trader "Components (Cyril [#STR_EXPANSION_MARKET_TRADER_COMPONENTS])" in market zone "Trader Zone" (pos=<6675.160645, 104.603935, 6114.155762>) for a price of 7.
18:14:40.389 [VehicleEnter] Player "whodaddy001" (id=ullThsEYW0vuVRILSHGlHrrALF6mV4AGYQSePKajUc4=) entered vehicle Bicycle (id=0BAB41EE904E35E12287288F63C4EC39 pos=<6375.95, 113.04, 8394.19>) as driver
18:15:12.583 [VehicleLeave] Player "whodaddy001" (id=ullThsEYW0vuVRILSHGlHrrALF6mV4AGYQSePKajUc4=) left vehicle Bicycle (id=0BAB41EE904E35E12287288F63C4EC39 pos=<6300.42, 112.06, 8240.44>)
18:15:35.303 [VehicleEnter] Player "whodaddy001" (id=ullThsEYW0vuVRILSHGlHrrALF6mV4AGYQSePKajUc4=) entered vehicle Bicycle (id=0BAB41EE904E35E12287288F63C4EC39 pos=<6300.42, 112.06, 8240.44>) as driver
18:16:11.255 [Market] Player "Kyma" (id=fVpKi1QM3XWUFD-MRt7Z2tIj9G_sYf21_LAnW2Kmnqg=) has sold civilianbelt x1 (20ba1a30) at the trader "Clothing (Naomi [#STR_EXPANSION_MARKET_TRADER_CLOTHING])" in market zone "Trader Zone" (pos=<6675.160645, 104.603935, 6114.155762>) and got 75.
18:16:23.005 [Market] Player "Kyma" (id=fVpKi1QM3XWUFD-MRt7Z2tIj9G_sYf21_LAnW2Kmnqg=) has bought mich2001helmet x1 (d04eb310) from the trader "Clothing (Naomi [#STR_EXPANSION_MARKET_TRADER_CLOTHING])" in market zone "Trader Zone" (pos=<6675.160645, 104.603935, 6114.155762>) for a price of 150.
18:16:42.907 [Market] Player "Kyma" (id=fVpKi1QM3XWUFD-MRt7Z2tIj9G_sYf21_LAnW2Kmnqg=) has sold ssh68helmet x1 (20bd88f0) at the trader "Clothing (Naomi [#STR_EXPANSION_MARKET_TRADER_CLOTHING])" in market zone "Trader Zone" (pos=<6675.160645, 104.603935, 6114.155762>) and got 187.
18:17:20.258 [Market] Player "Kyma" (id=fVpKi1QM3XWUFD-MRt7Z2tIj9G_sYf21_LAnW2Kmnqg=) has bought charcoaltablets x1 (c8915b90) from the trader "Medicals (Mirek [#STR_EXPANSION_MARKET_TRADER_MEDICALS])" in market zone "Trader Zone" (pos=<6675.160645, 104.603935, 6114.155762>) for a price of 2.
18:17:21.106 [Market] Player "Kyma" (id=fVpKi1QM3XWUFD-MRt7Z2tIj9G_sYf21_LAnW2Kmnqg=) has bought charcoaltablets x1 (baac31a0) from the trader "Medicals (Mirek [#STR_EXPANSION_MARKET_TRADER_MEDICALS])" in market zone "Trader Zone" (pos=<6675.160645, 104.603935, 6114.155762>) for a price of 2.
18:17:22.389 [Market] Player "Kyma" (id=fVpKi1QM3XWUFD-MRt7Z2tIj9G_sYf21_LAnW2Kmnqg=) has bought charcoaltablets x1 (baae2030) from the trader "Medicals (Mirek [#STR_EXPANSION_MARKET_TRADER_MEDICALS])" in market zone "Trader Zone" (pos=<6675.160645, 104.603935, 6114.155762>) for a price of 2.
18:17:38.895 [VehicleLeave] Player "whodaddy001" (id=ullThsEYW0vuVRILSHGlHrrALF6mV4AGYQSePKajUc4=) left vehicle Bicycle (id=0BAB41EE904E35E12287288F63C4EC39 pos=<6189.06, 123.99, 8213.11>)
18:21:08.726 [VehicleDeleted] Lady_Bicycle (id=7A8EE8680C4272086180A99298E03E39 pos=<6664.24, 102.92, 6059.04>)
18:21:54.557 [Safezone] Player "{1:name}" (id={1:id} pos={1:position}) left the safezone
18:22:32.704 [VehicleEnter] Player "Kyma" (id=fVpKi1QM3XWUFD-MRt7Z2tIj9G_sYf21_LAnW2Kmnqg=) entered vehicle Bicycle (id=95117B7763419DD2AA465C88BF00C4AE pos=<6625.21, 134.73, 5974.47>) as driver
18:27:50.730 [VehicleLeave] Player "Kyma" (id=fVpKi1QM3XWUFD-MRt7Z2tIj9G_sYf21_LAnW2Kmnqg=) left vehicle Bicycle (id=95117B7763419DD2AA465C88BF00C4AE pos=<5800.02, 206.81, 5884.55>)
18:31:07.732 [VehicleEnter] Player "Kyma" (id=fVpKi1QM3XWUFD-MRt7Z2tIj9G_sYf21_LAnW2Kmnqg=) entered vehicle Bicycle (id=95117B7763419DD2AA465C88BF00C4AE pos=<5800.02, 206.81, 5884.55>) as driver
18:31:23.771 [VehicleLeave] Player "Kyma" (id=fVpKi1QM3XWUFD-MRt7Z2tIj9G_sYf21_LAnW2Kmnqg=) left vehicle Bicycle (id=95117B7763419DD2AA465C88BF00C4AE pos=<5795.97, 207.9, 5875.22>)
18:31:28.131 [VehicleDeleted] Lady_Bicycle (id=95117B7763419DD2AA465C88BF00C4AE pos=<5795.97, 207.9, 5875.22>)
18:31:41.811 [VehicleEnter] Player "Kyma" (id=fVpKi1QM3XWUFD-MRt7Z2tIj9G_sYf21_LAnW2Kmnqg=) entered vehicle Bicycle (id=30E192DDB84CE2E2E982F08C19588724 pos=<5797.73, 208.18, 5872.11>) as driver
18:36:59.203 [Party] Player "Eric" (id=DT1QFut1v8UN48skN3UnroicVIl_5hTizZZZSwLRxk8=) joinded the party "Die dreisten Drei" (id=46 ownerUID=DT1QFut1v8UN48skN3UnroicVIl_5hTizZZZSwLRxk8= ownerName=Eric)
18:37:51.122 [VehicleEnter] Player "whodaddy001" (id=ullThsEYW0vuVRILSHGlHrrALF6mV4AGYQSePKajUc4=) entered vehicle Bicycle (id=0BAB41EE904E35E12287288F63C4EC39 pos=<6189.06, 123.99, 8213.11>) as driver
18:38:11.377 [VehicleLeave] Player "Kyma" (id=fVpKi1QM3XWUFD-MRt7Z2tIj9G_sYf21_LAnW2Kmnqg=) left vehicle Bicycle (id=30E192DDB84CE2E2E982F08C19588724 pos=<5948.33, 101.46, 2909.25>)
18:38:17.374 [VehicleDeleted] Lady_Bicycle (id=30E192DDB84CE2E2E982F08C19588724 pos=<5948.33, 101.46, 2909.25>)
18:39:25.678 [VehicleDeleted] Lady_Bicycle_Purple (id=655BF291FD41A7E84C9440AAD9FC2BB7 pos=<4275.78, 174.85, 6568.94>)
18:39:40.154 [VehicleEnter] Player "Eric" (id=DT1QFut1v8UN48skN3UnroicVIl_5hTizZZZSwLRxk8=) entered vehicle Bicycle (id=BF77D1EDBE4FD82EC33755AA698C09FB pos=<4286.35, 174.85, 6568.27>) as driver
18:40:38.502 [VehicleLeave] Player "Eric" (id=DT1QFut1v8UN48skN3UnroicVIl_5hTizZZZSwLRxk8=) left vehicle Bicycle (id=BF77D1EDBE4FD82EC33755AA698C09FB pos=<4273.85, 174.87, 6298.15>)
18:40:41.341 [VehicleDeleted] Lady_Bicycle_Purple (id=BF77D1EDBE4FD82EC33755AA698C09FB pos=<4273.85, 174.87, 6298.15>)
18:40:49.374 [VehicleEnter] Player "Eric" (id=DT1QFut1v8UN48skN3UnroicVIl_5hTizZZZSwLRxk8=) entered vehicle Bicycle (id=0D2AA5E542416DB693D603A2EB97E2CA pos=<4274.67, 174.85, 6295.09>) as driver
18:43:23.355 [VehicleLeave] Player "whodaddy001" (id=ullThsEYW0vuVRILSHGlHrrALF6mV4AGYQSePKajUc4=) left vehicle Bicycle (id=0BAB41EE904E35E12287288F63C4EC39 pos=<6556.26, 102.05, 6325.83>)
18:44:06.653 [VehicleLeave] Player "Eric" (id=DT1QFut1v8UN48skN3UnroicVIl_5hTizZZZSwLRxk8=) left vehicle Bicycle (id=0D2AA5E542416DB693D603A2EB97E2CA pos=<4726.83, 364.06, 5311.38>)
18:44:12.688 [VehicleDeleted] Lady_Bicycle_Purple (id=0D2AA5E542416DB693D603A2EB97E2CA pos=<4726.83, 364.06, 5311.38>)
18:44:21.587 [VehicleEnter] Player "Eric" (id=DT1QFut1v8UN48skN3UnroicVIl_5hTizZZZSwLRxk8=) entered vehicle Bicycle (id=AA453DC3DD4D125279BC43950DD097F3 pos=<4726.57, 364.03, 5309.53>) as driver
18:44:31.246 [Safezone] Player "whodaddy001" (id=ullThsEYW0vuVRILSHGlHrrALF6mV4AGYQSePKajUc4= pos=<6627.32, 106.73, 6200.2>) entered the safezone
18:46:45.685 [VehicleLeave] Player "Eric" (id=DT1QFut1v8UN48skN3UnroicVIl_5hTizZZZSwLRxk8=) left vehicle Bicycle (id=AA453DC3DD4D125279BC43950DD097F3 pos=<4851.7, 338.7, 4475.54>)
18:46:47.154 [VehicleDeleted] Lady_Bicycle_Purple (id=AA453DC3DD4D125279BC43950DD097F3 pos=<4851.7, 338.7, 4475.54>)
18:49:33.359 [ATM] Player "whodaddy001" (id=ullThsEYW0vuVRILSHGlHrrALF6mV4AGYQSePKajUc4=) has withdrawn 100000 from his ATM account.
18:50:51.933 [Market] Player "whodaddy001" (id=ullThsEYW0vuVRILSHGlHrrALF6mV4AGYQSePKajUc4=) has sold ammo_12gapellets x1 (c50acce0) at the trader "Weapons (Denis [#STR_EXPANSION_MARKET_TRADER_WEAPONS])" in market zone "Trader Zone" (pos=<6675.160645, 104.603935, 6114.155762>) and got 2.
18:51:00.311 [Market] Player "whodaddy001" (id=ullThsEYW0vuVRILSHGlHrrALF6mV4AGYQSePKajUc4=) has sold ammo_12gapellets x1 (c50acce0) at the trader "Weapons (Denis [#STR_EXPANSION_MARKET_TRADER_WEAPONS])" in market zone "Trader Zone" (pos=<6675.160645, 104.603935, 6114.155762>) and got 2.
18:51:01.296 [Market] Player "whodaddy001" (id=ullThsEYW0vuVRILSHGlHrrALF6mV4AGYQSePKajUc4=) has sold ammo_12gapellets x1 (c50acce0) at the trader "Weapons (Denis [#STR_EXPANSION_MARKET_TRADER_WEAPONS])" in market zone "Trader Zone" (pos=<6675.160645, 104.603935, 6114.155762>) and got 2.
18:51:05.050 [Market] Player "whodaddy001" (id=ullThsEYW0vuVRILSHGlHrrALF6mV4AGYQSePKajUc4=) has sold ammo_12gapellets x1 (c50acce0) at the trader "Weapons (Denis [#STR_EXPANSION_MARKET_TRADER_WEAPONS])" in market zone "Trader Zone" (pos=<6675.160645, 104.603935, 6114.155762>) and got 2.
18:51:05.672 [Market] Player "whodaddy001" (id=ullThsEYW0vuVRILSHGlHrrALF6mV4AGYQSePKajUc4=) has sold ammo_762x39 x1 (9b8bfb70) at the trader "Weapons (Denis [#STR_EXPANSION_MARKET_TRADER_WEAPONS])" in market zone "Trader Zone" (pos=<6675.160645, 104.603935, 6114.155762>) and got 1.
18:52:22.157 [Market] Player "whodaddy001" (id=ullThsEYW0vuVRILSHGlHrrALF6mV4AGYQSePKajUc4=) has bought cz75 x1 (ce2c4990, Mag_CZ75_15Rnd<c7186e20>, ammo_9x19 x15) from the trader "Weapons (Denis [#STR_EXPANSION_MARKET_TRADER_WEAPONS])" in market zone "Trader Zone" (pos=<6675.160645, 104.603935, 6114.155762>) for a price of 205.
18:57:03.276 [Market] Player "whodaddy001" (id=ullThsEYW0vuVRILSHGlHrrALF6mV4AGYQSePKajUc4=) has sold mag_mkii_10rnd x1 (1bf96a40, ammo_22 x5) at the trader "Attachments (Jose [#STR_EXPANSION_MARKET_TRADER_ATTACHMENTS])" in market zone "Trader Zone" (pos=<6675.160645, 104.603935, 6114.155762>) and got 20.
18:57:09.315 [Market] Player "whodaddy001" (id=ullThsEYW0vuVRILSHGlHrrALF6mV4AGYQSePKajUc4=) has bought mag_cz75_15rnd x1 (2afda8b0, ammo_9x19 x15) from the trader "Attachments (Jose [#STR_EXPANSION_MARKET_TRADER_ATTACHMENTS])" in market zone "Trader Zone" (pos=<6675.160645, 104.603935, 6114.155762>) for a price of 70.
18:57:10.777 [Market] Player "whodaddy001" (id=ullThsEYW0vuVRILSHGlHrrALF6mV4AGYQSePKajUc4=) has bought mag_cz75_15rnd x1 (2afe0530, ammo_9x19 x15) from the trader "Attachments (Jose [#STR_EXPANSION_MARKET_TRADER_ATTACHMENTS])" in market zone "Trader Zone" (pos=<6675.160645, 104.603935, 6114.155762>) for a price of 70.
19:00:01.662 [Party] Player "Eric" (id=DT1QFut1v8UN48skN3UnroicVIl_5hTizZZZSwLRxk8=) left the party "Die dreisten Drei" (id=46 ownerUID=DT1QFut1v8UN48skN3UnroicVIl_5hTizZZZSwLRxk8= ownerName=Eric)
