03:15:11.070 [MissionAirdrop] An airdrop is heading towards "Huron" (pos=<5645.566895, 0.000000, 8244.150391> type=Random_Huron) with a ExpansionAirdropContainer_Military
03:15:11.593 [Safezone] Player "Happiness" (id=kOLgOs9yYBFVRQG3lqoHveYdP5X8y3SO69cq5MiR4us= pos=<6668.64, 102.5, 6110.03>) entered the safezone
03:15:11.593 [Party] Player "Happiness" (id=kOLgOs9yYBFVRQG3lqoHveYdP5X8y3SO69cq5MiR4us=) joinded the party "AURRRRRRORA" (id=1 ownerUID=m_TD03B4NXDQrU5koHpLq3WyQf1hXTvQSdETJOTM8ss= ownerName=F11 Simulator)
03:17:06.997 [Party] Player "Happiness" (id=kOLgOs9yYBFVRQG3lqoHveYdP5X8y3SO69cq5MiR4us=) left the party "AURRRRRRORA" (id=1 ownerUID=m_TD03B4NXDQrU5koHpLq3WyQf1hXTvQSdETJOTM8ss= ownerName=F11 Simulator)
03:18:48.043 [Safezone] Player "Left Middle Finger" (id=kOLgOs9yYBFVRQG3lqoHveYdP5X8y3SO69cq5MiR4us= pos=<6687.61, 105.99, 6119.38>) entered the safezone
03:18:48.043 [Party] Player "Left Middle Finger" (id=kOLgOs9yYBFVRQG3lqoHveYdP5X8y3SO69cq5MiR4us=) joinded the party "AURRRRRRORA" (id=1 ownerUID=m_TD03B4NXDQrU5koHpLq3WyQf1hXTvQSdETJOTM8ss= ownerName=F11 Simulator)
03:19:14.681 [Safezone] Player "Right Middle Finger" (id=m_TD03B4NXDQrU5koHpLq3WyQf1hXTvQSdETJOTM8ss= pos=<6680.28, 102.5, 6110.55>) entered the safezone
03:19:14.682 [Party] Player "Right Middle Finger" (id=m_TD03B4NXDQrU5koHpLq3WyQf1hXTvQSdETJOTM8ss=) joinded the party "AURRRRRRORA" (id=1 ownerUID=m_TD03B4NXDQrU5koHpLq3WyQf1hXTvQSdETJOTM8ss= ownerName=F11 Simulator)
03:19:35.371 [ATM] Player "Right Middle Finger" (id=m_TD03B4NXDQrU5koHpLq3WyQf1hXTvQSdETJOTM8ss=) has deposited 5499 on his ATM account.
03:19:56.236 [Market] Player "Right Middle Finger" (id=m_TD03B4NXDQrU5koHpLq3WyQf1hXTvQSdETJOTM8ss=) has sold punchedcard x5 (5ca8b20, 5ca3a30, 5cb2170, 5cb15e0, 5cadc10) at the trader "Components (Cyril [#STR_EXPANSION_MARKET_TRADER_COMPONENTS])" in market zone "Trader Zone" (pos=<6675.160645, 104.603935, 6114.155762>) and got 562.
03:21:29.447 [Safezone] Player "{1:name}" (id={1:id} pos={1:position}) left the safezone
03:21:34.708 [Safezone] Player "{1:name}" (id={1:id} pos={1:position}) left the safezone
03:31:27.352 [Killfeed] kowalski got killed by [uwu] Right Middle Finger with CheyTacM300 from a distance of 576 m.
04:41:04.086 [MissionAirdrop] An airdrop is heading towards "Mohawk" (pos=<7978.891113, 0.000000, 7093.604004> type=Random_Mohawk) with a ExpansionAirdropContainer_Military
04:50:55.420 [Party] Player "Left Middle Finger" (id=kOLgOs9yYBFVRQG3lqoHveYdP5X8y3SO69cq5MiR4us=) left the party "AURRRRRRORA" (id=1 ownerUID=m_TD03B4NXDQrU5koHpLq3WyQf1hXTvQSdETJOTM8ss= ownerName=F11 Simulator)
04:51:49.981 [Party] Player "Left Middle Finger" (id=kOLgOs9yYBFVRQG3lqoHveYdP5X8y3SO69cq5MiR4us=) joinded the party "AURRRRRRORA" (id=1 ownerUID=m_TD03B4NXDQrU5koHpLq3WyQf1hXTvQSdETJOTM8ss= ownerName=F11 Simulator)
05:06:43.866 [Safezone] Player "Right Middle Finger" (id=m_TD03B4NXDQrU5koHpLq3WyQf1hXTvQSdETJOTM8ss= pos=<6700.37, 102.84, 6071.17>) entered the safezone
05:06:45.189 [Safezone] Player "Left Middle Finger" (id=kOLgOs9yYBFVRQG3lqoHveYdP5X8y3SO69cq5MiR4us= pos=<6698.31, 102.78, 6073.23>) entered the safezone
05:07:14.998 [Safezone] Player "{1:name}" (id={1:id} pos={1:position}) left the safezone
05:07:17.300 [Safezone] Player "{1:name}" (id={1:id} pos={1:position}) left the safezone
05:09:39.939 [Safezone] Player "Left Middle Finger" (id=kOLgOs9yYBFVRQG3lqoHveYdP5X8y3SO69cq5MiR4us= pos=<6679.32, 118.35, 6017.29>) entered the safezone
05:09:52.205 [Safezone] Player "Right Middle Finger" (id=m_TD03B4NXDQrU5koHpLq3WyQf1hXTvQSdETJOTM8ss= pos=<6731.63, 109.69, 6035.53>) entered the safezone
05:10:07.060 [Market] Player "Left Middle Finger" (id=kOLgOs9yYBFVRQG3lqoHveYdP5X8y3SO69cq5MiR4us=) has sold deadfall_creatures_spiderskull_egg_queen x1 (b77fea70) at the trader "Components (Cyril [#STR_EXPANSION_MARKET_TRADER_COMPONENTS])" in market zone "Trader Zone" (pos=<6675.160645, 104.603935, 6114.155762>) and got 0.
05:10:23.971 [Market] Player "Right Middle Finger" (id=m_TD03B4NXDQrU5koHpLq3WyQf1hXTvQSdETJOTM8ss=) has sold makr x1 (7e39bd40) at the trader "Weapons (Denis [#STR_EXPANSION_MARKET_TRADER_WEAPONS])" in market zone "Trader Zone" (pos=<6675.160645, 104.603935, 6114.155762>) and got 16000.
05:11:10.571 [Market] Player "Left Middle Finger" (id=kOLgOs9yYBFVRQG3lqoHveYdP5X8y3SO69cq5MiR4us=) has sold pnc_w_scarh x1 (cc94ca30, PNC_MoreMag_FAL_50Rnd<d1f4de40>, ammo_308win x49, StarlightOptic<2700f1b0>) at the trader "Weapons (Denis [#STR_EXPANSION_MARKET_TRADER_WEAPONS])" in market zone "Trader Zone" (pos=<6675.160645, 104.603935, 6114.155762>) and got 4830.
05:11:31.904 [Market] Player "Left Middle Finger" (id=kOLgOs9yYBFVRQG3lqoHveYdP5X8y3SO69cq5MiR4us=) has sold pnc_w_honeybadger x1 (cc976460, PNC_Mag_HoneyBadger_Coupled_60Rnd<e905bae0>, ammo_300aac x60, M4_OEBttstck<e9065130>, UniversalLight<e9065cc0>, ACOGOptic_6x<b9ebc890>) at the trader "Weapons (Denis [#STR_EXPANSION_MARKET_TRADER_WEAPONS])" in market zone "Trader Zone" (pos=<6675.160645, 104.603935, 6114.155762>) and got 4262.
05:11:39.044 [Market] Player "Left Middle Finger" (id=kOLgOs9yYBFVRQG3lqoHveYdP5X8y3SO69cq5MiR4us=) has sold pnc_w_ax50 x1 (cc942d70, PNC_Mag_AX50_7rnd<8e77ac0>, ammo_50bmg x7, HuntingOptic<be5a6690>) at the trader "Weapons (Denis [#STR_EXPANSION_MARKET_TRADER_WEAPONS])" in market zone "Trader Zone" (pos=<6675.160645, 104.603935, 6114.155762>) and got 5350.
05:11:59.236 [Market] Player "Left Middle Finger" (id=kOLgOs9yYBFVRQG3lqoHveYdP5X8y3SO69cq5MiR4us=) has sold pnc_m200_mag x1 (8e7e2d0, ammo_408cheytac x7) at the trader "Attachments (Jose [#STR_EXPANSION_MARKET_TRADER_ATTACHMENTS])" in market zone "Trader Zone" (pos=<6675.160645, 104.603935, 6114.155762>) and got 344.
05:12:00.360 [Market] Player "Left Middle Finger" (id=kOLgOs9yYBFVRQG3lqoHveYdP5X8y3SO69cq5MiR4us=) has sold pnc_mag_kivaari_10rnd x1 (8e54fc0, ammo_338lapuamagnum x10) at the trader "Attachments (Jose [#STR_EXPANSION_MARKET_TRADER_ATTACHMENTS])" in market zone "Trader Zone" (pos=<6675.160645, 104.603935, 6114.155762>) and got 347.
05:13:27.215 [Market] Player "Left Middle Finger" (id=kOLgOs9yYBFVRQG3lqoHveYdP5X8y3SO69cq5MiR4us=) has bought epoxyputty x1 (c2407eb0) from the trader "Components (Cyril [#STR_EXPANSION_MARKET_TRADER_COMPONENTS])" in market zone "Trader Zone" (pos=<6675.160645, 104.603935, 6114.155762>) for a price of 15.
05:14:11.146 [Market] Player "Left Middle Finger" (id=kOLgOs9yYBFVRQG3lqoHveYdP5X8y3SO69cq5MiR4us=) has sold skigoggles_whitedark x1 (d1f40290) at the trader "Clothing (Naomi [#STR_EXPANSION_MARKET_TRADER_CLOTHING])" in market zone "Trader Zone" (pos=<6675.160645, 104.603935, 6114.155762>) and got 30.
05:14:22.311 [Market] Player "Left Middle Finger" (id=kOLgOs9yYBFVRQG3lqoHveYdP5X8y3SO69cq5MiR4us=) has bought balaclavamask_black x1 (d1abe640) from the trader "Clothing (Naomi [#STR_EXPANSION_MARKET_TRADER_CLOTHING])" in market zone "Trader Zone" (pos=<6675.160645, 104.603935, 6114.155762>) for a price of 55.
05:14:30.900 [Market] Player "Left Middle Finger" (id=kOLgOs9yYBFVRQG3lqoHveYdP5X8y3SO69cq5MiR4us=) has bought skigoggles_whitedark x1 (d1ac3730) from the trader "Clothing (Naomi [#STR_EXPANSION_MARKET_TRADER_CLOTHING])" in market zone "Trader Zone" (pos=<6675.160645, 104.603935, 6114.155762>) for a price of 80.
