20:14:24.640 [Party] Player "T1MM3L" (id=d3a5ilTQK7RxQPJl5dQJWfIg3xMH4j_OQ3H-s0IlpgM=) joinded the party "TWEAKERS" (id=15 ownerUID= ownerName=)
20:14:24.640 [Party] Player "T1MM3L" (id=d3a5ilTQK7RxQPJl5dQJWfIg3xMH4j_OQ3H-s0IlpgM=) created a party named TWEAKERS (TWEAK)
20:34:16.632 [Safezone] Player "T1MM3L" (id=d3a5ilTQK7RxQPJl5dQJWfIg3xMH4j_OQ3H-s0IlpgM= pos=<6745.81, 106.74, 6044.99>) entered the safezone
20:35:49.414 [ATM] Player "T1MM3L" (id=d3a5ilTQK7RxQPJl5dQJWfIg3xMH4j_OQ3H-s0IlpgM=) has withdrawn 100000 from his ATM account.
20:37:38.367 [Market] Player "T1MM3L" (id=d3a5ilTQK7RxQPJl5dQJWfIg3xMH4j_OQ3H-s0IlpgM=) has bought bloodtestkit x1 (207c8630) from the trader "Medicals (Mirek [#STR_EXPANSION_MARKET_TRADER_MEDICALS])" in market zone "Trader Zone" (pos=<6675.160645, 104.603935, 6114.155762>) for a price of 5.
20:38:23.234 [Safezone] Player "Cleric" (id=v_ZgbeGBXCmhZwvfV3WQH2-dVh0Ad1Ot8bPVKM5sSvw= pos=<6638.16, 101.92, 6206.74>) entered the safezone
20:39:40.710 [Party] Player "T1MM3L" (id=d3a5ilTQK7RxQPJl5dQJWfIg3xMH4j_OQ3H-s0IlpgM=) invited the player "Cleric" (id=v_ZgbeGBXCmhZwvfV3WQH2-dVh0Ad1Ot8bPVKM5sSvw=)to the party named TWEAKERS
20:40:04.304 [Safezone] Player "SnesleyWipes" (id=1gfegac6WuHZ31O0AT7nmiIX-2b69pZPhjIpLeIkw4Q= pos=<6716.82, 111.69, 6027.52>) entered the safezone
20:40:04.648 [Party] Player "Cleric" (id=v_ZgbeGBXCmhZwvfV3WQH2-dVh0Ad1Ot8bPVKM5sSvw=) joinded the party "TWEAKERS" (id=15 ownerUID=d3a5ilTQK7RxQPJl5dQJWfIg3xMH4j_OQ3H-s0IlpgM= ownerName=T1MM3L)
20:40:27.406 [ATM] Player "Cleric" (id=v_ZgbeGBXCmhZwvfV3WQH2-dVh0Ad1Ot8bPVKM5sSvw=) has withdrawn 100000 from his ATM account.
20:40:42.367 [Market] Player "T1MM3L" (id=d3a5ilTQK7RxQPJl5dQJWfIg3xMH4j_OQ3H-s0IlpgM=) has bought expansion_m16 x1 (14457b90, Mag_STANAG_30Rnd<205bb640>, ammo_556x45 x30) from the trader "Weapons (Denis [#STR_EXPANSION_MARKET_TRADER_WEAPONS])" in market zone "Trader Zone" (pos=<6675.160645, 104.603935, 6114.155762>) for a price of 440.
20:40:53.320 [Market] Player "T1MM3L" (id=d3a5ilTQK7RxQPJl5dQJWfIg3xMH4j_OQ3H-s0IlpgM=) has sold izh18 x1 (211111b0) at the trader "Weapons (Denis [#STR_EXPANSION_MARKET_TRADER_WEAPONS])" in market zone "Trader Zone" (pos=<6675.160645, 104.603935, 6114.155762>) and got 262.
20:43:51.453 [Market] Player "Cleric" (id=v_ZgbeGBXCmhZwvfV3WQH2-dVh0Ad1Ot8bPVKM5sSvw=) has bought expansion_m16 x1 (19a2f4b0, Mag_STANAG_30Rnd<1715a530>, ammo_556x45 x30) from the trader "Weapons (Denis [#STR_EXPANSION_MARKET_TRADER_WEAPONS])" in market zone "Trader Zone" (pos=<6675.160645, 104.603935, 6114.155762>) for a price of 440.
20:44:12.335 [Market] Player "Cleric" (id=v_ZgbeGBXCmhZwvfV3WQH2-dVh0Ad1Ot8bPVKM5sSvw=) has bought acogoptic_6x x1 (1b65c990) from the trader "Attachments (Jose [#STR_EXPANSION_MARKET_TRADER_ATTACHMENTS])" in market zone "Trader Zone" (pos=<6675.160645, 104.603935, 6114.155762>) for a price of 1200.
20:44:53.421 [Market] Player "SnesleyWipes" (id=1gfegac6WuHZ31O0AT7nmiIX-2b69pZPhjIpLeIkw4Q=) has sold cz61 x1 (7137d1f0, PistolSuppressor<714d8ce0>, Mag_CZ61_20Rnd<20884bf0>, ammo_380 x20) at the trader "Weapons (Denis [#STR_EXPANSION_MARKET_TRADER_WEAPONS])" in market zone "Trader Zone" (pos=<6675.160645, 104.603935, 6114.155762>) and got 215.
20:44:55.750 [Market] Player "Cleric" (id=v_ZgbeGBXCmhZwvfV3WQH2-dVh0Ad1Ot8bPVKM5sSvw=) has bought mag_stanagcoupled_30rnd x1 (1f528720, ammo_556x45 x60) from the trader "Attachments (Jose [#STR_EXPANSION_MARKET_TRADER_ATTACHMENTS])" in market zone "Trader Zone" (pos=<6675.160645, 104.603935, 6114.155762>) for a price of 340.
20:44:56.718 [Market] Player "Cleric" (id=v_ZgbeGBXCmhZwvfV3WQH2-dVh0Ad1Ot8bPVKM5sSvw=) has bought mag_stanagcoupled_30rnd x1 (20884bf0, ammo_556x45 x60) from the trader "Attachments (Jose [#STR_EXPANSION_MARKET_TRADER_ATTACHMENTS])" in market zone "Trader Zone" (pos=<6675.160645, 104.603935, 6114.155762>) for a price of 340.
20:45:16.296 [Market] Player "Cleric" (id=v_ZgbeGBXCmhZwvfV3WQH2-dVh0Ad1Ot8bPVKM5sSvw=) has bought mag_stanagcoupled_30rnd x1 (825cf0b0, ammo_556x45 x60) from the trader "Attachments (Jose [#STR_EXPANSION_MARKET_TRADER_ATTACHMENTS])" in market zone "Trader Zone" (pos=<6675.160645, 104.603935, 6114.155762>) for a price of 340.
20:46:04.187 [Market] Player "Cleric" (id=v_ZgbeGBXCmhZwvfV3WQH2-dVh0Ad1Ot8bPVKM5sSvw=) has bought weaponcleaningkit x1 (825eb3a0) from the trader "Components (Cyril [#STR_EXPANSION_MARKET_TRADER_COMPONENTS])" in market zone "Trader Zone" (pos=<6675.160645, 104.603935, 6114.155762>) for a price of 8.
20:46:07.914 [Market] Player "Cleric" (id=v_ZgbeGBXCmhZwvfV3WQH2-dVh0Ad1Ot8bPVKM5sSvw=) has bought petrollighter x1 (825ef900) from the trader "Components (Cyril [#STR_EXPANSION_MARKET_TRADER_COMPONENTS])" in market zone "Trader Zone" (pos=<6675.160645, 104.603935, 6114.155762>) for a price of 8.
20:46:27.398 [Market] Player "Cleric" (id=v_ZgbeGBXCmhZwvfV3WQH2-dVh0Ad1Ot8bPVKM5sSvw=) has sold makarovij70 x1 (19a52660, Mag_IJ70_8Rnd<1badd740>, ammo_380 x2) at the trader "Weapons (Denis [#STR_EXPANSION_MARKET_TRADER_WEAPONS])" in market zone "Trader Zone" (pos=<6675.160645, 104.603935, 6114.155762>) and got 61.
20:46:33.859 [Market] Player "Cleric" (id=v_ZgbeGBXCmhZwvfV3WQH2-dVh0Ad1Ot8bPVKM5sSvw=) has sold ammobox_00buck_10rnd x1 (1ea81620) at the trader "Weapons (Denis [#STR_EXPANSION_MARKET_TRADER_WEAPONS])" in market zone "Trader Zone" (pos=<6675.160645, 104.603935, 6114.155762>) and got 30.
20:46:44.648 [Party] Player "Cleric" (id=v_ZgbeGBXCmhZwvfV3WQH2-dVh0Ad1Ot8bPVKM5sSvw=) left the party "TWEAKERS" (id=15 ownerUID=d3a5ilTQK7RxQPJl5dQJWfIg3xMH4j_OQ3H-s0IlpgM= ownerName=T1MM3L)
20:46:44.648 [Party] Player "T1MM3L" (id=d3a5ilTQK7RxQPJl5dQJWfIg3xMH4j_OQ3H-s0IlpgM=) left the party "TWEAKERS" (id=15 ownerUID=d3a5ilTQK7RxQPJl5dQJWfIg3xMH4j_OQ3H-s0IlpgM= ownerName=T1MM3L)
20:46:54.257 [Market] Player "SnesleyWipes" (id=1gfegac6WuHZ31O0AT7nmiIX-2b69pZPhjIpLeIkw4Q=) has bought weaponcleaningkit x1 (826025a0) from the trader "Components (Cyril [#STR_EXPANSION_MARKET_TRADER_COMPONENTS])" in market zone "Trader Zone" (pos=<6675.160645, 104.603935, 6114.155762>) for a price of 8.
20:46:56.695 [Market] Player "T1MM3L" (id=d3a5ilTQK7RxQPJl5dQJWfIg3xMH4j_OQ3H-s0IlpgM=) has bought mag_stanagcoupled_30rnd x1 (82603cc0, ammo_556x45 x60) from the trader "Attachments (Jose [#STR_EXPANSION_MARKET_TRADER_ATTACHMENTS])" in market zone "Trader Zone" (pos=<6675.160645, 104.603935, 6114.155762>) for a price of 340.
20:46:59.156 [Market] Player "T1MM3L" (id=d3a5ilTQK7RxQPJl5dQJWfIg3xMH4j_OQ3H-s0IlpgM=) has bought mag_stanagcoupled_30rnd x1 (82604850, ammo_556x45 x60) from the trader "Attachments (Jose [#STR_EXPANSION_MARKET_TRADER_ATTACHMENTS])" in market zone "Trader Zone" (pos=<6675.160645, 104.603935, 6114.155762>) for a price of 340.
20:47:37.531 [Market] Player "SnesleyWipes" (id=1gfegac6WuHZ31O0AT7nmiIX-2b69pZPhjIpLeIkw4Q=) has bought universallight x1 (1ecdfd30) from the trader "Attachments (Jose [#STR_EXPANSION_MARKET_TRADER_ATTACHMENTS])" in market zone "Trader Zone" (pos=<6675.160645, 104.603935, 6114.155762>) for a price of 120.
20:48:12.531 [Market] Player "T1MM3L" (id=d3a5ilTQK7RxQPJl5dQJWfIg3xMH4j_OQ3H-s0IlpgM=) has bought m4_suppressor x1 (1ecfc020) from the trader "Attachments (Jose [#STR_EXPANSION_MARKET_TRADER_ATTACHMENTS])" in market zone "Trader Zone" (pos=<6675.160645, 104.603935, 6114.155762>) for a price of 25.
20:48:13.046 [Market] Player "T1MM3L" (id=d3a5ilTQK7RxQPJl5dQJWfIg3xMH4j_OQ3H-s0IlpgM=) has bought m4_suppressor x1 (487f7150) from the trader "Attachments (Jose [#STR_EXPANSION_MARKET_TRADER_ATTACHMENTS])" in market zone "Trader Zone" (pos=<6675.160645, 104.603935, 6114.155762>) for a price of 25.
20:48:21.281 [Market] Player "T1MM3L" (id=d3a5ilTQK7RxQPJl5dQJWfIg3xMH4j_OQ3H-s0IlpgM=) has bought universallight x1 (205bc1d0) from the trader "Attachments (Jose [#STR_EXPANSION_MARKET_TRADER_ATTACHMENTS])" in market zone "Trader Zone" (pos=<6675.160645, 104.603935, 6114.155762>) for a price of 120.
20:48:21.304 [Market] Player "Cleric" (id=v_ZgbeGBXCmhZwvfV3WQH2-dVh0Ad1Ot8bPVKM5sSvw=) has bought platecarriervest x1 (1f6eaba0) from the trader "Clothing (Naomi [#STR_EXPANSION_MARKET_TRADER_CLOTHING])" in market zone "Trader Zone" (pos=<6675.160645, 104.603935, 6114.155762>) for a price of 250.
20:48:25.914 [Market] Player "Cleric" (id=v_ZgbeGBXCmhZwvfV3WQH2-dVh0Ad1Ot8bPVKM5sSvw=) has bought platecarrierholster x1 (1f6c0170) from the trader "Clothing (Naomi [#STR_EXPANSION_MARKET_TRADER_CLOTHING])" in market zone "Trader Zone" (pos=<6675.160645, 104.603935, 6114.155762>) for a price of 60.
20:48:26.648 [Market] Player "Cleric" (id=v_ZgbeGBXCmhZwvfV3WQH2-dVh0Ad1Ot8bPVKM5sSvw=) has bought platecarrierpouches x1 (1f6c5260) from the trader "Clothing (Naomi [#STR_EXPANSION_MARKET_TRADER_CLOTHING])" in market zone "Trader Zone" (pos=<6675.160645, 104.603935, 6114.155762>) for a price of 100.
20:48:27.335 [Market] Player "Cleric" (id=v_ZgbeGBXCmhZwvfV3WQH2-dVh0Ad1Ot8bPVKM5sSvw=) has bought nylonknifesheath x1 (1f6d67e0) from the trader "Clothing (Naomi [#STR_EXPANSION_MARKET_TRADER_CLOTHING])" in market zone "Trader Zone" (pos=<6675.160645, 104.603935, 6114.155762>) for a price of 30.
20:48:36.195 [Market] Player "T1MM3L" (id=d3a5ilTQK7RxQPJl5dQJWfIg3xMH4j_OQ3H-s0IlpgM=) has bought acogoptic_6x x1 (18f38130) from the trader "Attachments (Jose [#STR_EXPANSION_MARKET_TRADER_ATTACHMENTS])" in market zone "Trader Zone" (pos=<6675.160645, 104.603935, 6114.155762>) for a price of 1200.
20:48:42.796 [Market] Player "Cleric" (id=v_ZgbeGBXCmhZwvfV3WQH2-dVh0Ad1Ot8bPVKM5sSvw=) has bought militarybelt x1 (1baaf340) from the trader "Clothing (Naomi [#STR_EXPANSION_MARKET_TRADER_CLOTHING])" in market zone "Trader Zone" (pos=<6675.160645, 104.603935, 6114.155762>) for a price of 100.
20:49:05.648 [Market] Player "SnesleyWipes" (id=1gfegac6WuHZ31O0AT7nmiIX-2b69pZPhjIpLeIkw4Q=) has sold sickle x1 (1ebc6bf0) at the trader "Components (Cyril [#STR_EXPANSION_MARKET_TRADER_COMPONENTS])" in market zone "Trader Zone" (pos=<6675.160645, 104.603935, 6114.155762>) and got 3.
20:49:17.546 [ATM] Player "T1MM3L" (id=d3a5ilTQK7RxQPJl5dQJWfIg3xMH4j_OQ3H-s0IlpgM=) has deposited 97767 on his ATM account.
20:49:47.664 [Safezone] Player "{1:name}" (id={1:id} pos={1:position}) left the safezone
20:50:35.156 [Market] Player "Cleric" (id=v_ZgbeGBXCmhZwvfV3WQH2-dVh0Ad1Ot8bPVKM5sSvw=) has bought cargopants_beige x1 (1d132d10) from the trader "Clothing (Naomi [#STR_EXPANSION_MARKET_TRADER_CLOTHING])" in market zone "Trader Zone" (pos=<6675.160645, 104.603935, 6114.155762>) for a price of 35.
20:51:12.742 [Market] Player "Cleric" (id=v_ZgbeGBXCmhZwvfV3WQH2-dVh0Ad1Ot8bPVKM5sSvw=) has bought huntingjacket_autumn x1 (16dbc710) from the trader "Clothing (Naomi [#STR_EXPANSION_MARKET_TRADER_CLOTHING])" in market zone "Trader Zone" (pos=<6675.160645, 104.603935, 6114.155762>) for a price of 120.
20:51:33.828 [Market] Player "Cleric" (id=v_ZgbeGBXCmhZwvfV3WQH2-dVh0Ad1Ot8bPVKM5sSvw=) has sold huntingjacket_spring x1 (21007990) at the trader "Clothing (Naomi [#STR_EXPANSION_MARKET_TRADER_CLOTHING])" in market zone "Trader Zone" (pos=<6675.160645, 104.603935, 6114.155762>) and got 67.
20:51:42.070 [Market] Player "Cleric" (id=v_ZgbeGBXCmhZwvfV3WQH2-dVh0Ad1Ot8bPVKM5sSvw=) has sold hockeyhelmet_black x1 (1b6d4fe0) at the trader "Clothing (Naomi [#STR_EXPANSION_MARKET_TRADER_CLOTHING])" in market zone "Trader Zone" (pos=<6675.160645, 104.603935, 6114.155762>) and got 41.
20:52:01.765 [Market] Player "Cleric" (id=v_ZgbeGBXCmhZwvfV3WQH2-dVh0Ad1Ot8bPVKM5sSvw=) has bought tankerhelmet x1 (207ce2b0) from the trader "Clothing (Naomi [#STR_EXPANSION_MARKET_TRADER_CLOTHING])" in market zone "Trader Zone" (pos=<6675.160645, 104.603935, 6114.155762>) for a price of 100.
20:52:26.820 [Market] Player "Cleric" (id=v_ZgbeGBXCmhZwvfV3WQH2-dVh0Ad1Ot8bPVKM5sSvw=) has bought balaclava3holes_beige x1 (2117a630) from the trader "Clothing (Naomi [#STR_EXPANSION_MARKET_TRADER_CLOTHING])" in market zone "Trader Zone" (pos=<6675.160645, 104.603935, 6114.155762>) for a price of 50.
20:52:50.312 [Market] Player "Cleric" (id=v_ZgbeGBXCmhZwvfV3WQH2-dVh0Ad1Ot8bPVKM5sSvw=) has bought omnogloves_gray x1 (14547640) from the trader "Clothing (Naomi [#STR_EXPANSION_MARKET_TRADER_CLOTHING])" in market zone "Trader Zone" (pos=<6675.160645, 104.603935, 6114.155762>) for a price of 40.
20:52:51.390 [Market] Player "SnesleyWipes" (id=1gfegac6WuHZ31O0AT7nmiIX-2b69pZPhjIpLeIkw4Q=) has sold pistolsuppressor x1 (1716d1d0) at the trader "Attachments (Jose [#STR_EXPANSION_MARKET_TRADER_ATTACHMENTS])" in market zone "Trader Zone" (pos=<6675.160645, 104.603935, 6114.155762>) and got 8.
20:53:12.492 [Market] Player "SnesleyWipes" (id=1gfegac6WuHZ31O0AT7nmiIX-2b69pZPhjIpLeIkw4Q=) has sold m4_t3nrdsoptic x1 (14e06790) at the trader "Attachments (Jose [#STR_EXPANSION_MARKET_TRADER_ATTACHMENTS])" in market zone "Trader Zone" (pos=<6675.160645, 104.603935, 6114.155762>) and got 375.
20:53:27.164 [Market] Player "Cleric" (id=v_ZgbeGBXCmhZwvfV3WQH2-dVh0Ad1Ot8bPVKM5sSvw=) has bought hikingboots_brown x1 (1cf5c170) from the trader "Clothing (Naomi [#STR_EXPANSION_MARKET_TRADER_CLOTHING])" in market zone "Trader Zone" (pos=<6675.160645, 104.603935, 6114.155762>) for a price of 75.
20:53:34.406 [Market] Player "SnesleyWipes" (id=1gfegac6WuHZ31O0AT7nmiIX-2b69pZPhjIpLeIkw4Q=) has sold expansion_m1a_railatt x1 (1ebc6060) at the trader "Attachments (Jose [#STR_EXPANSION_MARKET_TRADER_ATTACHMENTS])" in market zone "Trader Zone" (pos=<6675.160645, 104.603935, 6114.155762>) and got 84.
20:54:02.312 [Market] Player "Cleric" (id=v_ZgbeGBXCmhZwvfV3WQH2-dVh0Ad1Ot8bPVKM5sSvw=) has bought canteen x1 (118f5080) from the trader "Consumables (Linda [#STR_EXPANSION_MARKET_TRADER_CONSUMABLES])" in market zone "Trader Zone" (pos=<6675.160645, 104.603935, 6114.155762>) for a price of 18.
20:54:21.468 [Market] Player "Cleric" (id=v_ZgbeGBXCmhZwvfV3WQH2-dVh0Ad1Ot8bPVKM5sSvw=) has bought porkcan x1 (205d7e00) from the trader "Consumables (Linda [#STR_EXPANSION_MARKET_TRADER_CONSUMABLES])" in market zone "Trader Zone" (pos=<6675.160645, 104.603935, 6114.155762>) for a price of 15.
20:54:21.937 [Market] Player "Cleric" (id=v_ZgbeGBXCmhZwvfV3WQH2-dVh0Ad1Ot8bPVKM5sSvw=) has bought porkcan x1 (1954ed40) from the trader "Consumables (Linda [#STR_EXPANSION_MARKET_TRADER_CONSUMABLES])" in market zone "Trader Zone" (pos=<6675.160645, 104.603935, 6114.155762>) for a price of 15.
20:54:22.453 [Market] Player "Cleric" (id=v_ZgbeGBXCmhZwvfV3WQH2-dVh0Ad1Ot8bPVKM5sSvw=) has bought porkcan x1 (19582d90) from the trader "Consumables (Linda [#STR_EXPANSION_MARKET_TRADER_CONSUMABLES])" in market zone "Trader Zone" (pos=<6675.160645, 104.603935, 6114.155762>) for a price of 15.
20:54:22.882 [Market] Player "Cleric" (id=v_ZgbeGBXCmhZwvfV3WQH2-dVh0Ad1Ot8bPVKM5sSvw=) has bought porkcan x1 (14e01f30) from the trader "Consumables (Linda [#STR_EXPANSION_MARKET_TRADER_CONSUMABLES])" in market zone "Trader Zone" (pos=<6675.160645, 104.603935, 6114.155762>) for a price of 15.
20:54:23.046 [Market] Player "Cleric" (id=v_ZgbeGBXCmhZwvfV3WQH2-dVh0Ad1Ot8bPVKM5sSvw=) has bought porkcan x1 (1b65edc0) from the trader "Consumables (Linda [#STR_EXPANSION_MARKET_TRADER_CONSUMABLES])" in market zone "Trader Zone" (pos=<6675.160645, 104.603935, 6114.155762>) for a price of 15.
20:54:23.195 [Market] Player "Cleric" (id=v_ZgbeGBXCmhZwvfV3WQH2-dVh0Ad1Ot8bPVKM5sSvw=) has bought porkcan x1 (205d71f0) from the trader "Consumables (Linda [#STR_EXPANSION_MARKET_TRADER_CONSUMABLES])" in market zone "Trader Zone" (pos=<6675.160645, 104.603935, 6114.155762>) for a price of 15.
20:54:23.351 [Market] Player "Cleric" (id=v_ZgbeGBXCmhZwvfV3WQH2-dVh0Ad1Ot8bPVKM5sSvw=) has bought porkcan x1 (1d430170) from the trader "Consumables (Linda [#STR_EXPANSION_MARKET_TRADER_CONSUMABLES])" in market zone "Trader Zone" (pos=<6675.160645, 104.603935, 6114.155762>) for a price of 15.
20:54:23.515 [Market] Player "Cleric" (id=v_ZgbeGBXCmhZwvfV3WQH2-dVh0Ad1Ot8bPVKM5sSvw=) has bought porkcan x1 (31b67990) from the trader "Consumables (Linda [#STR_EXPANSION_MARKET_TRADER_CONSUMABLES])" in market zone "Trader Zone" (pos=<6675.160645, 104.603935, 6114.155762>) for a price of 15.
20:54:43.039 [Safezone] Player "TheGlove" (id=7PxHwaA44AObOrysPoddNaMKni2KxoLeoUe4QCxvqNo= pos=<6638.71, 131.23, 6021.26>) entered the safezone
20:55:17.187 [ATM] Player "TheGlove" (id=7PxHwaA44AObOrysPoddNaMKni2KxoLeoUe4QCxvqNo=) has withdrawn 100000 from his ATM account.
20:55:57.406 [ATM] Player "SnesleyWipes" (id=1gfegac6WuHZ31O0AT7nmiIX-2b69pZPhjIpLeIkw4Q=) has withdrawn 5000 from his ATM account.
20:56:03.234 [Party] Player "Cleric" (id=v_ZgbeGBXCmhZwvfV3WQH2-dVh0Ad1Ot8bPVKM5sSvw=) joinded the party "Maverick Ruthless" (id=16 ownerUID= ownerName=)
20:56:03.234 [Party] Player "Cleric" (id=v_ZgbeGBXCmhZwvfV3WQH2-dVh0Ad1Ot8bPVKM5sSvw=) created a party named Maverick Ruthless (Maver)
20:56:03.234 [Party] Player "Cleric" (id=v_ZgbeGBXCmhZwvfV3WQH2-dVh0Ad1Ot8bPVKM5sSvw=) invited the player "TheGlove" (id=7PxHwaA44AObOrysPoddNaMKni2KxoLeoUe4QCxvqNo=)to the party named Maverick Ruthless
20:56:35.335 [Market] Player "SnesleyWipes" (id=1gfegac6WuHZ31O0AT7nmiIX-2b69pZPhjIpLeIkw4Q=) has bought m14 x1 (1db8bc40, Mag_M14_20Rnd<1f6e4f20>, ammo_308win x20) from the trader "Weapons (Denis [#STR_EXPANSION_MARKET_TRADER_WEAPONS])" in market zone "Trader Zone" (pos=<6675.160645, 104.603935, 6114.155762>) for a price of 1740.
20:56:52.000 [Market] Player "Cleric" (id=v_ZgbeGBXCmhZwvfV3WQH2-dVh0Ad1Ot8bPVKM5sSvw=) has sold winchester70 x1 (7136d9c0) at the trader "Weapons (Denis [#STR_EXPANSION_MARKET_TRADER_WEAPONS])" in market zone "Trader Zone" (pos=<6675.160645, 104.603935, 6114.155762>) and got 93.
20:57:08.117 [Market] Player "SnesleyWipes" (id=1gfegac6WuHZ31O0AT7nmiIX-2b69pZPhjIpLeIkw4Q=) has sold puscopeoptic x1 (16af53b0) at the trader "Attachments (Jose [#STR_EXPANSION_MARKET_TRADER_ATTACHMENTS])" in market zone "Trader Zone" (pos=<6675.160645, 104.603935, 6114.155762>) and got 675.
20:57:17.523 [Market] Player "TheGlove" (id=7PxHwaA44AObOrysPoddNaMKni2KxoLeoUe4QCxvqNo=) has bought porkcan x1 (82d28990) from the trader "Consumables (Linda [#STR_EXPANSION_MARKET_TRADER_CONSUMABLES])" in market zone "Trader Zone" (pos=<6675.160645, 104.603935, 6114.155762>) for a price of 15.
20:57:18.093 [Market] Player "TheGlove" (id=7PxHwaA44AObOrysPoddNaMKni2KxoLeoUe4QCxvqNo=) has bought porkcan x1 (82d295a0) from the trader "Consumables (Linda [#STR_EXPANSION_MARKET_TRADER_CONSUMABLES])" in market zone "Trader Zone" (pos=<6675.160645, 104.603935, 6114.155762>) for a price of 15.
20:57:18.718 [Market] Player "TheGlove" (id=7PxHwaA44AObOrysPoddNaMKni2KxoLeoUe4QCxvqNo=) has bought porkcan x1 (82d2a1b0) from the trader "Consumables (Linda [#STR_EXPANSION_MARKET_TRADER_CONSUMABLES])" in market zone "Trader Zone" (pos=<6675.160645, 104.603935, 6114.155762>) for a price of 15.
20:57:57.609 [Market] Player "SnesleyWipes" (id=1gfegac6WuHZ31O0AT7nmiIX-2b69pZPhjIpLeIkw4Q=) has sold sks x1 (14462560) at the trader "Weapons (Denis [#STR_EXPANSION_MARKET_TRADER_WEAPONS])" in market zone "Trader Zone" (pos=<6675.160645, 104.603935, 6114.155762>) and got 168.
20:58:06.210 [Market] Player "SnesleyWipes" (id=1gfegac6WuHZ31O0AT7nmiIX-2b69pZPhjIpLeIkw4Q=) has bought akm x1 (1db95900, Mag_AKM_30Rnd<20e529a0>, ammo_762x39 x30, AK_WoodHndgrd<20e51e10>, AK_WoodBttstck<20e5d710>) from the trader "Weapons (Denis [#STR_EXPANSION_MARKET_TRADER_WEAPONS])" in market zone "Trader Zone" (pos=<6675.160645, 104.603935, 6114.155762>) for a price of 2130.
20:58:14.468 [Market] Player "TheGlove" (id=7PxHwaA44AObOrysPoddNaMKni2KxoLeoUe4QCxvqNo=) has bought waterbottle x1 (1b689140) from the trader "Consumables (Linda [#STR_EXPANSION_MARKET_TRADER_CONSUMABLES])" in market zone "Trader Zone" (pos=<6675.160645, 104.603935, 6114.155762>) for a price of 15.
20:58:14.992 [Market] Player "TheGlove" (id=7PxHwaA44AObOrysPoddNaMKni2KxoLeoUe4QCxvqNo=) has bought waterbottle x1 (ca541b0) from the trader "Consumables (Linda [#STR_EXPANSION_MARKET_TRADER_CONSUMABLES])" in market zone "Trader Zone" (pos=<6675.160645, 104.603935, 6114.155762>) for a price of 15.
20:58:15.851 [Market] Player "TheGlove" (id=7PxHwaA44AObOrysPoddNaMKni2KxoLeoUe4QCxvqNo=) has bought waterbottle x1 (ca255d0) from the trader "Consumables (Linda [#STR_EXPANSION_MARKET_TRADER_CONSUMABLES])" in market zone "Trader Zone" (pos=<6675.160645, 104.603935, 6114.155762>) for a price of 15.
20:58:24.710 [Market] Player "SnesleyWipes" (id=1gfegac6WuHZ31O0AT7nmiIX-2b69pZPhjIpLeIkw4Q=) has bought ammo_762x39 x1 (1baac500) from the trader "Weapons (Denis [#STR_EXPANSION_MARKET_TRADER_WEAPONS])" in market zone "Trader Zone" (pos=<6675.160645, 104.603935, 6114.155762>) for a price of 2.
20:58:33.562 [Market] Player "SnesleyWipes" (id=1gfegac6WuHZ31O0AT7nmiIX-2b69pZPhjIpLeIkw4Q=) has bought ammo_308win x1 (198b3410) from the trader "Weapons (Denis [#STR_EXPANSION_MARKET_TRADER_WEAPONS])" in market zone "Trader Zone" (pos=<6675.160645, 104.603935, 6114.155762>) for a price of 2.
20:58:40.437 [Market] Player "SnesleyWipes" (id=1gfegac6WuHZ31O0AT7nmiIX-2b69pZPhjIpLeIkw4Q=) has bought ammo_308win x1 (1cf55960) from the trader "Weapons (Denis [#STR_EXPANSION_MARKET_TRADER_WEAPONS])" in market zone "Trader Zone" (pos=<6675.160645, 104.603935, 6114.155762>) for a price of 2.
20:58:40.640 [Market] Player "SnesleyWipes" (id=1gfegac6WuHZ31O0AT7nmiIX-2b69pZPhjIpLeIkw4Q=) has bought ammo_308win x1 (11b16b90) from the trader "Weapons (Denis [#STR_EXPANSION_MARKET_TRADER_WEAPONS])" in market zone "Trader Zone" (pos=<6675.160645, 104.603935, 6114.155762>) for a price of 2.
20:58:40.812 [Market] Player "SnesleyWipes" (id=1gfegac6WuHZ31O0AT7nmiIX-2b69pZPhjIpLeIkw4Q=) has bought ammo_308win x1 (2079d070) from the trader "Weapons (Denis [#STR_EXPANSION_MARKET_TRADER_WEAPONS])" in market zone "Trader Zone" (pos=<6675.160645, 104.603935, 6114.155762>) for a price of 2.
20:58:40.945 [Market] Player "SnesleyWipes" (id=1gfegac6WuHZ31O0AT7nmiIX-2b69pZPhjIpLeIkw4Q=) has bought ammo_308win x1 (1f8f3d30) from the trader "Weapons (Denis [#STR_EXPANSION_MARKET_TRADER_WEAPONS])" in market zone "Trader Zone" (pos=<6675.160645, 104.603935, 6114.155762>) for a price of 2.
20:58:41.078 [Market] Player "SnesleyWipes" (id=1gfegac6WuHZ31O0AT7nmiIX-2b69pZPhjIpLeIkw4Q=) has bought ammo_308win x1 (1d9fd900) from the trader "Weapons (Denis [#STR_EXPANSION_MARKET_TRADER_WEAPONS])" in market zone "Trader Zone" (pos=<6675.160645, 104.603935, 6114.155762>) for a price of 2.
20:58:41.320 [Market] Player "SnesleyWipes" (id=1gfegac6WuHZ31O0AT7nmiIX-2b69pZPhjIpLeIkw4Q=) has bought ammo_308win x1 (1ea872a0) from the trader "Weapons (Denis [#STR_EXPANSION_MARKET_TRADER_WEAPONS])" in market zone "Trader Zone" (pos=<6675.160645, 104.603935, 6114.155762>) for a price of 2.
20:58:41.476 [Market] Player "SnesleyWipes" (id=1gfegac6WuHZ31O0AT7nmiIX-2b69pZPhjIpLeIkw4Q=) has bought ammo_308win x1 (17148fb0) from the trader "Weapons (Denis [#STR_EXPANSION_MARKET_TRADER_WEAPONS])" in market zone "Trader Zone" (pos=<6675.160645, 104.603935, 6114.155762>) for a price of 2.
20:58:41.648 [Market] Player "SnesleyWipes" (id=1gfegac6WuHZ31O0AT7nmiIX-2b69pZPhjIpLeIkw4Q=) has bought ammo_308win x1 (20897890) from the trader "Weapons (Denis [#STR_EXPANSION_MARKET_TRADER_WEAPONS])" in market zone "Trader Zone" (pos=<6675.160645, 104.603935, 6114.155762>) for a price of 2.
20:58:41.898 [Market] Player "SnesleyWipes" (id=1gfegac6WuHZ31O0AT7nmiIX-2b69pZPhjIpLeIkw4Q=) has bought ammo_308win x1 (192325c0) from the trader "Weapons (Denis [#STR_EXPANSION_MARKET_TRADER_WEAPONS])" in market zone "Trader Zone" (pos=<6675.160645, 104.603935, 6114.155762>) for a price of 2.
20:58:42.015 [Market] Player "SnesleyWipes" (id=1gfegac6WuHZ31O0AT7nmiIX-2b69pZPhjIpLeIkw4Q=) has bought ammo_308win x1 (1ececd50) from the trader "Weapons (Denis [#STR_EXPANSION_MARKET_TRADER_WEAPONS])" in market zone "Trader Zone" (pos=<6675.160645, 104.603935, 6114.155762>) for a price of 2.
20:58:42.218 [Market] Player "SnesleyWipes" (id=1gfegac6WuHZ31O0AT7nmiIX-2b69pZPhjIpLeIkw4Q=) has bought ammo_308win x1 (16a15b90) from the trader "Weapons (Denis [#STR_EXPANSION_MARKET_TRADER_WEAPONS])" in market zone "Trader Zone" (pos=<6675.160645, 104.603935, 6114.155762>) for a price of 2.
20:58:42.492 [Market] Player "SnesleyWipes" (id=1gfegac6WuHZ31O0AT7nmiIX-2b69pZPhjIpLeIkw4Q=) has bought ammo_308win x1 (16fe19f0) from the trader "Weapons (Denis [#STR_EXPANSION_MARKET_TRADER_WEAPONS])" in market zone "Trader Zone" (pos=<6675.160645, 104.603935, 6114.155762>) for a price of 2.
20:58:42.601 [Market] Player "SnesleyWipes" (id=1gfegac6WuHZ31O0AT7nmiIX-2b69pZPhjIpLeIkw4Q=) has bought ammo_308win x1 (17158e10) from the trader "Weapons (Denis [#STR_EXPANSION_MARKET_TRADER_WEAPONS])" in market zone "Trader Zone" (pos=<6675.160645, 104.603935, 6114.155762>) for a price of 2.
20:58:42.742 [Market] Player "SnesleyWipes" (id=1gfegac6WuHZ31O0AT7nmiIX-2b69pZPhjIpLeIkw4Q=) has bought ammo_308win x1 (19241890) from the trader "Weapons (Denis [#STR_EXPANSION_MARKET_TRADER_WEAPONS])" in market zone "Trader Zone" (pos=<6675.160645, 104.603935, 6114.155762>) for a price of 2.
20:58:42.851 [Market] Player "SnesleyWipes" (id=1gfegac6WuHZ31O0AT7nmiIX-2b69pZPhjIpLeIkw4Q=) has bought ammo_308win x1 (714daf90) from the trader "Weapons (Denis [#STR_EXPANSION_MARKET_TRADER_WEAPONS])" in market zone "Trader Zone" (pos=<6675.160645, 104.603935, 6114.155762>) for a price of 2.
20:58:42.984 [Market] Player "SnesleyWipes" (id=1gfegac6WuHZ31O0AT7nmiIX-2b69pZPhjIpLeIkw4Q=) has bought ammo_308win x1 (1971cd00) from the trader "Weapons (Denis [#STR_EXPANSION_MARKET_TRADER_WEAPONS])" in market zone "Trader Zone" (pos=<6675.160645, 104.603935, 6114.155762>) for a price of 2.
20:58:43.101 [Market] Player "SnesleyWipes" (id=1gfegac6WuHZ31O0AT7nmiIX-2b69pZPhjIpLeIkw4Q=) has bought ammo_308win x1 (207be450) from the trader "Weapons (Denis [#STR_EXPANSION_MARKET_TRADER_WEAPONS])" in market zone "Trader Zone" (pos=<6675.160645, 104.603935, 6114.155762>) for a price of 2.
20:58:43.257 [Market] Player "SnesleyWipes" (id=1gfegac6WuHZ31O0AT7nmiIX-2b69pZPhjIpLeIkw4Q=) has bought ammo_308win x1 (213553f0) from the trader "Weapons (Denis [#STR_EXPANSION_MARKET_TRADER_WEAPONS])" in market zone "Trader Zone" (pos=<6675.160645, 104.603935, 6114.155762>) for a price of 2.
20:58:43.734 [Market] Player "SnesleyWipes" (id=1gfegac6WuHZ31O0AT7nmiIX-2b69pZPhjIpLeIkw4Q=) has bought ammo_308win x1 (1f4f9790) from the trader "Weapons (Denis [#STR_EXPANSION_MARKET_TRADER_WEAPONS])" in market zone "Trader Zone" (pos=<6675.160645, 104.603935, 6114.155762>) for a price of 2.
20:58:46.648 [Market] Player "SnesleyWipes" (id=1gfegac6WuHZ31O0AT7nmiIX-2b69pZPhjIpLeIkw4Q=) has bought ammo_762x39 x1 (1f2dd260) from the trader "Weapons (Denis [#STR_EXPANSION_MARKET_TRADER_WEAPONS])" in market zone "Trader Zone" (pos=<6675.160645, 104.603935, 6114.155762>) for a price of 2.
20:58:46.773 [Market] Player "SnesleyWipes" (id=1gfegac6WuHZ31O0AT7nmiIX-2b69pZPhjIpLeIkw4Q=) has bought ammo_762x39 x1 (714e7420) from the trader "Weapons (Denis [#STR_EXPANSION_MARKET_TRADER_WEAPONS])" in market zone "Trader Zone" (pos=<6675.160645, 104.603935, 6114.155762>) for a price of 2.
20:58:46.906 [Market] Player "SnesleyWipes" (id=1gfegac6WuHZ31O0AT7nmiIX-2b69pZPhjIpLeIkw4Q=) has bought ammo_762x39 x1 (16fa65d0) from the trader "Weapons (Denis [#STR_EXPANSION_MARKET_TRADER_WEAPONS])" in market zone "Trader Zone" (pos=<6675.160645, 104.603935, 6114.155762>) for a price of 2.
20:58:47.000 [Market] Player "SnesleyWipes" (id=1gfegac6WuHZ31O0AT7nmiIX-2b69pZPhjIpLeIkw4Q=) has bought ammo_762x39 x1 (19591dd0) from the trader "Weapons (Denis [#STR_EXPANSION_MARKET_TRADER_WEAPONS])" in market zone "Trader Zone" (pos=<6675.160645, 104.603935, 6114.155762>) for a price of 2.
20:58:47.226 [Market] Player "SnesleyWipes" (id=1gfegac6WuHZ31O0AT7nmiIX-2b69pZPhjIpLeIkw4Q=) has bought ammo_762x39 x1 (c570000) from the trader "Weapons (Denis [#STR_EXPANSION_MARKET_TRADER_WEAPONS])" in market zone "Trader Zone" (pos=<6675.160645, 104.603935, 6114.155762>) for a price of 2.
20:58:47.382 [Market] Player "SnesleyWipes" (id=1gfegac6WuHZ31O0AT7nmiIX-2b69pZPhjIpLeIkw4Q=) has bought ammo_762x39 x1 (1ebdc6d0) from the trader "Weapons (Denis [#STR_EXPANSION_MARKET_TRADER_WEAPONS])" in market zone "Trader Zone" (pos=<6675.160645, 104.603935, 6114.155762>) for a price of 2.
20:58:47.906 [Market] Player "SnesleyWipes" (id=1gfegac6WuHZ31O0AT7nmiIX-2b69pZPhjIpLeIkw4Q=) has bought ammo_762x39 x1 (1b44cee0) from the trader "Weapons (Denis [#STR_EXPANSION_MARKET_TRADER_WEAPONS])" in market zone "Trader Zone" (pos=<6675.160645, 104.603935, 6114.155762>) for a price of 2.
20:58:48.062 [Market] Player "SnesleyWipes" (id=1gfegac6WuHZ31O0AT7nmiIX-2b69pZPhjIpLeIkw4Q=) has bought ammo_762x39 x1 (169f5ed0) from the trader "Weapons (Denis [#STR_EXPANSION_MARKET_TRADER_WEAPONS])" in market zone "Trader Zone" (pos=<6675.160645, 104.603935, 6114.155762>) for a price of 2.
20:58:48.312 [Market] Player "SnesleyWipes" (id=1gfegac6WuHZ31O0AT7nmiIX-2b69pZPhjIpLeIkw4Q=) has bought ammo_762x39 x1 (205a7e10) from the trader "Weapons (Denis [#STR_EXPANSION_MARKET_TRADER_WEAPONS])" in market zone "Trader Zone" (pos=<6675.160645, 104.603935, 6114.155762>) for a price of 2.
20:58:48.453 [Market] Player "SnesleyWipes" (id=1gfegac6WuHZ31O0AT7nmiIX-2b69pZPhjIpLeIkw4Q=) has bought ammo_762x39 x1 (84173900) from the trader "Weapons (Denis [#STR_EXPANSION_MARKET_TRADER_WEAPONS])" in market zone "Trader Zone" (pos=<6675.160645, 104.603935, 6114.155762>) for a price of 2.
20:58:48.585 [Market] Player "SnesleyWipes" (id=1gfegac6WuHZ31O0AT7nmiIX-2b69pZPhjIpLeIkw4Q=) has bought ammo_762x39 x1 (84139070) from the trader "Weapons (Denis [#STR_EXPANSION_MARKET_TRADER_WEAPONS])" in market zone "Trader Zone" (pos=<6675.160645, 104.603935, 6114.155762>) for a price of 2.
20:58:48.687 [Market] Player "SnesleyWipes" (id=1gfegac6WuHZ31O0AT7nmiIX-2b69pZPhjIpLeIkw4Q=) has bought ammo_762x39 x1 (841426c0) from the trader "Weapons (Denis [#STR_EXPANSION_MARKET_TRADER_WEAPONS])" in market zone "Trader Zone" (pos=<6675.160645, 104.603935, 6114.155762>) for a price of 2.
20:59:28.632 [Market] Player "TheGlove" (id=7PxHwaA44AObOrysPoddNaMKni2KxoLeoUe4QCxvqNo=) has bought purificationtablets x1 (1f040690) from the trader "Medicals (Mirek [#STR_EXPANSION_MARKET_TRADER_MEDICALS])" in market zone "Trader Zone" (pos=<6675.160645, 104.603935, 6114.155762>) for a price of 5.
20:59:32.812 [Market] Player "TheGlove" (id=7PxHwaA44AObOrysPoddNaMKni2KxoLeoUe4QCxvqNo=) has bought purificationtablets x1 (1f058890) from the trader "Medicals (Mirek [#STR_EXPANSION_MARKET_TRADER_MEDICALS])" in market zone "Trader Zone" (pos=<6675.160645, 104.603935, 6114.155762>) for a price of 5.
21:00:03.242 [Market] Player "Cleric" (id=v_ZgbeGBXCmhZwvfV3WQH2-dVh0Ad1Ot8bPVKM5sSvw=) has bought mag_1911_7rnd x1 (84171650, ammo_45acp x7) from the trader "Attachments (Jose [#STR_EXPANSION_MARKET_TRADER_ATTACHMENTS])" in market zone "Trader Zone" (pos=<6675.160645, 104.603935, 6114.155762>) for a price of 54.
21:00:41.835 [Market] Player "Cleric" (id=v_ZgbeGBXCmhZwvfV3WQH2-dVh0Ad1Ot8bPVKM5sSvw=) has bought ammo_45acp x30 (147dfb50) from the trader "Weapons (Denis [#STR_EXPANSION_MARKET_TRADER_WEAPONS])" in market zone "Trader Zone" (pos=<6675.160645, 104.603935, 6114.155762>) for a price of 60.
21:00:44.531 [Market] Player "TheGlove" (id=7PxHwaA44AObOrysPoddNaMKni2KxoLeoUe4QCxvqNo=) has bought hunterpants_winter x1 (115e3fd0) from the trader "Clothing (Naomi [#STR_EXPANSION_MARKET_TRADER_CLOTHING])" in market zone "Trader Zone" (pos=<6675.160645, 104.603935, 6114.155762>) for a price of 90.
21:00:58.718 [Market] Player "SnesleyWipes" (id=1gfegac6WuHZ31O0AT7nmiIX-2b69pZPhjIpLeIkw4Q=) has bought mag_akm_palm30rnd x1 (19242420, ammo_762x39 x30) from the trader "Attachments (Jose [#STR_EXPANSION_MARKET_TRADER_ATTACHMENTS])" in market zone "Trader Zone" (pos=<6675.160645, 104.603935, 6114.155762>) for a price of 280.
21:01:13.445 [Market] Player "SnesleyWipes" (id=1gfegac6WuHZ31O0AT7nmiIX-2b69pZPhjIpLeIkw4Q=) has sold mag_cz61_20rnd x1 (20886ea0, ammo_380 x7) at the trader "Attachments (Jose [#STR_EXPANSION_MARKET_TRADER_ATTACHMENTS])" in market zone "Trader Zone" (pos=<6675.160645, 104.603935, 6114.155762>) and got 82.
21:01:24.953 [Market] Player "SnesleyWipes" (id=1gfegac6WuHZ31O0AT7nmiIX-2b69pZPhjIpLeIkw4Q=) has sold mag_ak74_30rnd x1 (1758c2a0, ammo_545x39 x6) at the trader "Attachments (Jose [#STR_EXPANSION_MARKET_TRADER_ATTACHMENTS])" in market zone "Trader Zone" (pos=<6675.160645, 104.603935, 6114.155762>) and got 129.
21:01:43.234 [ATM] Player "Cleric" (id=v_ZgbeGBXCmhZwvfV3WQH2-dVh0Ad1Ot8bPVKM5sSvw=) has deposited 96404 on his ATM account.
21:02:14.703 [Market] Player "SnesleyWipes" (id=1gfegac6WuHZ31O0AT7nmiIX-2b69pZPhjIpLeIkw4Q=) has bought expansion_m1a_railatt x1 (1b137a70) from the trader "Attachments (Jose [#STR_EXPANSION_MARKET_TRADER_ATTACHMENTS])" in market zone "Trader Zone" (pos=<6675.160645, 104.603935, 6114.155762>) for a price of 150.
21:02:17.992 [Market] Player "TheGlove" (id=7PxHwaA44AObOrysPoddNaMKni2KxoLeoUe4QCxvqNo=) has bought m65jacket_black x1 (1b143370) from the trader "Clothing (Naomi [#STR_EXPANSION_MARKET_TRADER_CLOTHING])" in market zone "Trader Zone" (pos=<6675.160645, 104.603935, 6114.155762>) for a price of 130.
21:02:49.000 [Market] Player "SnesleyWipes" (id=1gfegac6WuHZ31O0AT7nmiIX-2b69pZPhjIpLeIkw4Q=) has bought acogoptic x1 (18f3c990) from the trader "Attachments (Jose [#STR_EXPANSION_MARKET_TRADER_ATTACHMENTS])" in market zone "Trader Zone" (pos=<6675.160645, 104.603935, 6114.155762>) for a price of 300.
21:02:50.820 [Market] Player "TheGlove" (id=7PxHwaA44AObOrysPoddNaMKni2KxoLeoUe4QCxvqNo=) has bought coyotebag_brown x1 (198d7630) from the trader "Clothing (Naomi [#STR_EXPANSION_MARKET_TRADER_CLOTHING])" in market zone "Trader Zone" (pos=<6675.160645, 104.603935, 6114.155762>) for a price of 180.
21:02:51.445 [Killfeed] mormonrice got killed by an Infected.
21:02:57.914 [Market] Player "TheGlove" (id=7PxHwaA44AObOrysPoddNaMKni2KxoLeoUe4QCxvqNo=) has bought smershbag x1 (198dde40) from the trader "Clothing (Naomi [#STR_EXPANSION_MARKET_TRADER_CLOTHING])" in market zone "Trader Zone" (pos=<6675.160645, 104.603935, 6114.155762>) for a price of 1.
21:03:09.312 [Market] Player "TheGlove" (id=7PxHwaA44AObOrysPoddNaMKni2KxoLeoUe4QCxvqNo=) has bought militarybelt x1 (2118e9f0) from the trader "Clothing (Naomi [#STR_EXPANSION_MARKET_TRADER_CLOTHING])" in market zone "Trader Zone" (pos=<6675.160645, 104.603935, 6114.155762>) for a price of 100.
21:03:21.281 [Market] Player "TheGlove" (id=7PxHwaA44AObOrysPoddNaMKni2KxoLeoUe4QCxvqNo=) has bought hikingboots_brown x1 (c562fe0) from the trader "Clothing (Naomi [#STR_EXPANSION_MARKET_TRADER_CLOTHING])" in market zone "Trader Zone" (pos=<6675.160645, 104.603935, 6114.155762>) for a price of 75.
21:03:36.007 [Market] Player "SnesleyWipes" (id=1gfegac6WuHZ31O0AT7nmiIX-2b69pZPhjIpLeIkw4Q=) has sold ammo_380 x1 (bfb6440) at the trader "Weapons (Denis [#STR_EXPANSION_MARKET_TRADER_WEAPONS])" in market zone "Trader Zone" (pos=<6675.160645, 104.603935, 6114.155762>) and got 1.
21:03:40.281 [Market] Player "SnesleyWipes" (id=1gfegac6WuHZ31O0AT7nmiIX-2b69pZPhjIpLeIkw4Q=) has sold ammo_380 x1 (bfb6440) at the trader "Weapons (Denis [#STR_EXPANSION_MARKET_TRADER_WEAPONS])" in market zone "Trader Zone" (pos=<6675.160645, 104.603935, 6114.155762>) and got 1.
21:03:44.039 [Market] Player "TheGlove" (id=7PxHwaA44AObOrysPoddNaMKni2KxoLeoUe4QCxvqNo=) has bought woolgloves_green x1 (197257c0) from the trader "Clothing (Naomi [#STR_EXPANSION_MARKET_TRADER_CLOTHING])" in market zone "Trader Zone" (pos=<6675.160645, 104.603935, 6114.155762>) for a price of 35.
21:03:44.765 [Market] Player "SnesleyWipes" (id=1gfegac6WuHZ31O0AT7nmiIX-2b69pZPhjIpLeIkw4Q=) has sold ammo_380 x1 (bfb6440) at the trader "Weapons (Denis [#STR_EXPANSION_MARKET_TRADER_WEAPONS])" in market zone "Trader Zone" (pos=<6675.160645, 104.603935, 6114.155762>) and got 1.
21:03:53.734 [Safezone] Player "{1:name}" (id={1:id} pos={1:position}) left the safezone
21:03:55.921 [Market] Player "SnesleyWipes" (id=1gfegac6WuHZ31O0AT7nmiIX-2b69pZPhjIpLeIkw4Q=) has sold ammo_380 x31 (bfb6440) at the trader "Weapons (Denis [#STR_EXPANSION_MARKET_TRADER_WEAPONS])" in market zone "Trader Zone" (pos=<6675.160645, 104.603935, 6114.155762>) and got 31.
21:03:57.492 [Market] Player "SnesleyWipes" (id=1gfegac6WuHZ31O0AT7nmiIX-2b69pZPhjIpLeIkw4Q=) has sold ammo_380 x1 (bfb6440) at the trader "Weapons (Denis [#STR_EXPANSION_MARKET_TRADER_WEAPONS])" in market zone "Trader Zone" (pos=<6675.160645, 104.603935, 6114.155762>) and got 1.
21:03:58.609 [Market] Player "TheGlove" (id=7PxHwaA44AObOrysPoddNaMKni2KxoLeoUe4QCxvqNo=) has bought balaclava3holes_beige x1 (20c47390) from the trader "Clothing (Naomi [#STR_EXPANSION_MARKET_TRADER_CLOTHING])" in market zone "Trader Zone" (pos=<6675.160645, 104.603935, 6114.155762>) for a price of 50.
21:04:07.289 [Market] Player "TheGlove" (id=7PxHwaA44AObOrysPoddNaMKni2KxoLeoUe4QCxvqNo=) has bought airbornemask x1 (1ecd2180) from the trader "Clothing (Naomi [#STR_EXPANSION_MARKET_TRADER_CLOTHING])" in market zone "Trader Zone" (pos=<6675.160645, 104.603935, 6114.155762>) for a price of 200.
21:04:08.601 [Market] Player "TheGlove" (id=7PxHwaA44AObOrysPoddNaMKni2KxoLeoUe4QCxvqNo=) has bought gasmask_filter x1 (1ecda0b0) from the trader "Clothing (Naomi [#STR_EXPANSION_MARKET_TRADER_CLOTHING])" in market zone "Trader Zone" (pos=<6675.160645, 104.603935, 6114.155762>) for a price of 1000.
21:04:09.039 [Market] Player "TheGlove" (id=7PxHwaA44AObOrysPoddNaMKni2KxoLeoUe4QCxvqNo=) has bought gasmask_filter x1 (1aff6f30) from the trader "Clothing (Naomi [#STR_EXPANSION_MARKET_TRADER_CLOTHING])" in market zone "Trader Zone" (pos=<6675.160645, 104.603935, 6114.155762>) for a price of 1000.
21:04:09.375 [Market] Player "TheGlove" (id=7PxHwaA44AObOrysPoddNaMKni2KxoLeoUe4QCxvqNo=) has bought gasmask_filter x1 (1eccd090) from the trader "Clothing (Naomi [#STR_EXPANSION_MARKET_TRADER_CLOTHING])" in market zone "Trader Zone" (pos=<6675.160645, 104.603935, 6114.155762>) for a price of 1000.
21:04:11.140 [Market] Player "SnesleyWipes" (id=1gfegac6WuHZ31O0AT7nmiIX-2b69pZPhjIpLeIkw4Q=) has bought ammo_762x39 x20 (1ece87f0) from the trader "Weapons (Denis [#STR_EXPANSION_MARKET_TRADER_WEAPONS])" in market zone "Trader Zone" (pos=<6675.160645, 104.603935, 6114.155762>) for a price of 40.
21:04:11.359 [Market] Player "TheGlove" (id=7PxHwaA44AObOrysPoddNaMKni2KxoLeoUe4QCxvqNo=) has bought gasmask_filter x1 (169e8320) from the trader "Clothing (Naomi [#STR_EXPANSION_MARKET_TRADER_CLOTHING])" in market zone "Trader Zone" (pos=<6675.160645, 104.603935, 6114.155762>) for a price of 1000.
21:04:18.078 [Market] Player "SnesleyWipes" (id=1gfegac6WuHZ31O0AT7nmiIX-2b69pZPhjIpLeIkw4Q=) has sold ammo_762x54 x1 (2097d880) at the trader "Weapons (Denis [#STR_EXPANSION_MARKET_TRADER_WEAPONS])" in market zone "Trader Zone" (pos=<6675.160645, 104.603935, 6114.155762>) and got 0.
21:04:21.718 [Market] Player "SnesleyWipes" (id=1gfegac6WuHZ31O0AT7nmiIX-2b69pZPhjIpLeIkw4Q=) has sold ammo_762x54 x1 (2097d880) at the trader "Weapons (Denis [#STR_EXPANSION_MARKET_TRADER_WEAPONS])" in market zone "Trader Zone" (pos=<6675.160645, 104.603935, 6114.155762>) and got 0.
21:04:25.085 [Market] Player "SnesleyWipes" (id=1gfegac6WuHZ31O0AT7nmiIX-2b69pZPhjIpLeIkw4Q=) has sold ammo_12gaslug x1 (1970b780) at the trader "Weapons (Denis [#STR_EXPANSION_MARKET_TRADER_WEAPONS])" in market zone "Trader Zone" (pos=<6675.160645, 104.603935, 6114.155762>) and got 3.
21:04:31.906 [Market] Player "SnesleyWipes" (id=1gfegac6WuHZ31O0AT7nmiIX-2b69pZPhjIpLeIkw4Q=) has sold ammo_12gaslug x9 (1970b780) at the trader "Weapons (Denis [#STR_EXPANSION_MARKET_TRADER_WEAPONS])" in market zone "Trader Zone" (pos=<6675.160645, 104.603935, 6114.155762>) and got 27.
21:04:40.148 [Market] Player "SnesleyWipes" (id=1gfegac6WuHZ31O0AT7nmiIX-2b69pZPhjIpLeIkw4Q=) has sold ammo_12gapellets x8 (1b466390) at the trader "Weapons (Denis [#STR_EXPANSION_MARKET_TRADER_WEAPONS])" in market zone "Trader Zone" (pos=<6675.160645, 104.603935, 6114.155762>) and got 24.
21:04:40.812 [Market] Player "TheGlove" (id=7PxHwaA44AObOrysPoddNaMKni2KxoLeoUe4QCxvqNo=) has bought highcapacityvest_black x1 (1f4f9790) from the trader "Clothing (Naomi [#STR_EXPANSION_MARKET_TRADER_CLOTHING])" in market zone "Trader Zone" (pos=<6675.160645, 104.603935, 6114.155762>) for a price of 200.
21:04:46.789 [Market] Player "SnesleyWipes" (id=1gfegac6WuHZ31O0AT7nmiIX-2b69pZPhjIpLeIkw4Q=) has sold ammo_545x39 x9 (11af1250) at the trader "Weapons (Denis [#STR_EXPANSION_MARKET_TRADER_WEAPONS])" in market zone "Trader Zone" (pos=<6675.160645, 104.603935, 6114.155762>) and got 9.
21:04:54.281 [Market] Player "SnesleyWipes" (id=1gfegac6WuHZ31O0AT7nmiIX-2b69pZPhjIpLeIkw4Q=) has sold ammo_9x39 x9 (115d4d00) at the trader "Weapons (Denis [#STR_EXPANSION_MARKET_TRADER_WEAPONS])" in market zone "Trader Zone" (pos=<6675.160645, 104.603935, 6114.155762>) and got 0.
21:07:38.734 [Market] Player "TheGlove" (id=7PxHwaA44AObOrysPoddNaMKni2KxoLeoUe4QCxvqNo=) has bought ukassvest_black x1 (7e7956f0) from the trader "Clothing (Naomi [#STR_EXPANSION_MARKET_TRADER_CLOTHING])" in market zone "Trader Zone" (pos=<6675.160645, 104.603935, 6114.155762>) for a price of 90.
21:07:51.875 [ATM] Player "SnesleyWipes" (id=1gfegac6WuHZ31O0AT7nmiIX-2b69pZPhjIpLeIkw4Q=) has deposited 2003 on his ATM account.
21:09:32.554 [Market] Player "TheGlove" (id=7PxHwaA44AObOrysPoddNaMKni2KxoLeoUe4QCxvqNo=) has bought hippack_black x1 (16fa2070) from the trader "Clothing (Naomi [#STR_EXPANSION_MARKET_TRADER_CLOTHING])" in market zone "Trader Zone" (pos=<6675.160645, 104.603935, 6114.155762>) for a price of 100.
21:10:34.351 [Safezone] Player "SnesleyWipes" (id=1gfegac6WuHZ31O0AT7nmiIX-2b69pZPhjIpLeIkw4Q= pos=<6734.24, 109.3, 6036.75>) entered the safezone
21:11:36.250 [Market] Player "TheGlove" (id=7PxHwaA44AObOrysPoddNaMKni2KxoLeoUe4QCxvqNo=) has bought platecarrierholster x1 (7e785890) from the trader "Clothing (Naomi [#STR_EXPANSION_MARKET_TRADER_CLOTHING])" in market zone "Trader Zone" (pos=<6675.160645, 104.603935, 6114.155762>) for a price of 60.
21:11:49.507 [Market] Player "TheGlove" (id=7PxHwaA44AObOrysPoddNaMKni2KxoLeoUe4QCxvqNo=) has sold smershbag x1 (198dde40) at the trader "Clothing (Naomi [#STR_EXPANSION_MARKET_TRADER_CLOTHING])" in market zone "Trader Zone" (pos=<6675.160645, 104.603935, 6114.155762>) and got 0.
21:13:08.601 [Market] Player "TheGlove" (id=7PxHwaA44AObOrysPoddNaMKni2KxoLeoUe4QCxvqNo=) has bought nylonknifesheath x1 (1b6e08e0) from the trader "Clothing (Naomi [#STR_EXPANSION_MARKET_TRADER_CLOTHING])" in market zone "Trader Zone" (pos=<6675.160645, 104.603935, 6114.155762>) for a price of 30.
21:13:38.023 [Market] Player "TheGlove" (id=7PxHwaA44AObOrysPoddNaMKni2KxoLeoUe4QCxvqNo=) has bought canteen x1 (1d45b100) from the trader "Consumables (Linda [#STR_EXPANSION_MARKET_TRADER_CONSUMABLES])" in market zone "Trader Zone" (pos=<6675.160645, 104.603935, 6114.155762>) for a price of 18.
21:17:08.765 [Market] Player "TheGlove" (id=7PxHwaA44AObOrysPoddNaMKni2KxoLeoUe4QCxvqNo=) has bought fnx45 x1 (71382050, Mag_FNX45_15Rnd<1109c0f0>, ammo_45acp x15) from the trader "Weapons (Denis [#STR_EXPANSION_MARKET_TRADER_WEAPONS])" in market zone "Trader Zone" (pos=<6675.160645, 104.603935, 6114.155762>) for a price of 245.
21:18:44.734 [Market] Player "TheGlove" (id=7PxHwaA44AObOrysPoddNaMKni2KxoLeoUe4QCxvqNo=) has bought expansion_m14 x1 (1445bce0, Mag_Expansion_M14_10Rnd<16a189d0>, ammo_308win x10) from the trader "Weapons (Denis [#STR_EXPANSION_MARKET_TRADER_WEAPONS])" in market zone "Trader Zone" (pos=<6675.160645, 104.603935, 6114.155762>) for a price of 720.
21:20:09.859 [Market] Player "TheGlove" (id=7PxHwaA44AObOrysPoddNaMKni2KxoLeoUe4QCxvqNo=) has bought m4_plastichndgrd x1 (1cf4abf0) from the trader "Attachments (Jose [#STR_EXPANSION_MARKET_TRADER_ATTACHMENTS])" in market zone "Trader Zone" (pos=<6675.160645, 104.603935, 6114.155762>) for a price of 150.
21:20:23.187 [Market] Player "TheGlove" (id=7PxHwaA44AObOrysPoddNaMKni2KxoLeoUe4QCxvqNo=) has bought universallight x1 (168a9ed0) from the trader "Attachments (Jose [#STR_EXPANSION_MARKET_TRADER_ATTACHMENTS])" in market zone "Trader Zone" (pos=<6675.160645, 104.603935, 6114.155762>) for a price of 120.
21:20:33.406 [Market] Player "TheGlove" (id=7PxHwaA44AObOrysPoddNaMKni2KxoLeoUe4QCxvqNo=) has bought universallight x1 (208792f0) from the trader "Attachments (Jose [#STR_EXPANSION_MARKET_TRADER_ATTACHMENTS])" in market zone "Trader Zone" (pos=<6675.160645, 104.603935, 6114.155762>) for a price of 120.
21:21:22.359 [Market] Player "TheGlove" (id=7PxHwaA44AObOrysPoddNaMKni2KxoLeoUe4QCxvqNo=) has bought mag_expansion_m14_20rnd x1 (1b6c45f0, ammo_308win x20) from the trader "Attachments (Jose [#STR_EXPANSION_MARKET_TRADER_ATTACHMENTS])" in market zone "Trader Zone" (pos=<6675.160645, 104.603935, 6114.155762>) for a price of 300.
21:21:23.007 [Market] Player "TheGlove" (id=7PxHwaA44AObOrysPoddNaMKni2KxoLeoUe4QCxvqNo=) has bought mag_expansion_m14_20rnd x1 (20c3af00, ammo_308win x20) from the trader "Attachments (Jose [#STR_EXPANSION_MARKET_TRADER_ATTACHMENTS])" in market zone "Trader Zone" (pos=<6675.160645, 104.603935, 6114.155762>) for a price of 300.
21:21:23.578 [Market] Player "TheGlove" (id=7PxHwaA44AObOrysPoddNaMKni2KxoLeoUe4QCxvqNo=) has bought mag_expansion_m14_20rnd x1 (c542790, ammo_308win x20) from the trader "Attachments (Jose [#STR_EXPANSION_MARKET_TRADER_ATTACHMENTS])" in market zone "Trader Zone" (pos=<6675.160645, 104.603935, 6114.155762>) for a price of 300.
21:21:25.906 [Market] Player "TheGlove" (id=7PxHwaA44AObOrysPoddNaMKni2KxoLeoUe4QCxvqNo=) has bought mag_expansion_m14_20rnd x1 (11b0c9b0, ammo_308win x20) from the trader "Attachments (Jose [#STR_EXPANSION_MARKET_TRADER_ATTACHMENTS])" in market zone "Trader Zone" (pos=<6675.160645, 104.603935, 6114.155762>) for a price of 300.
21:21:53.375 [Market] Player "TheGlove" (id=7PxHwaA44AObOrysPoddNaMKni2KxoLeoUe4QCxvqNo=) has bought mag_fnx45_15rnd x1 (841426c0, ammo_45acp x15) from the trader "Attachments (Jose [#STR_EXPANSION_MARKET_TRADER_ATTACHMENTS])" in market zone "Trader Zone" (pos=<6675.160645, 104.603935, 6114.155762>) for a price of 70.
21:21:53.835 [Market] Player "TheGlove" (id=7PxHwaA44AObOrysPoddNaMKni2KxoLeoUe4QCxvqNo=) has bought mag_fnx45_15rnd x1 (8414c8a0, ammo_45acp x15) from the trader "Attachments (Jose [#STR_EXPANSION_MARKET_TRADER_ATTACHMENTS])" in market zone "Trader Zone" (pos=<6675.160645, 104.603935, 6114.155762>) for a price of 70.
21:21:54.265 [Market] Player "TheGlove" (id=7PxHwaA44AObOrysPoddNaMKni2KxoLeoUe4QCxvqNo=) has bought mag_fnx45_15rnd x1 (841477b0, ammo_45acp x15) from the trader "Attachments (Jose [#STR_EXPANSION_MARKET_TRADER_ATTACHMENTS])" in market zone "Trader Zone" (pos=<6675.160645, 104.603935, 6114.155762>) for a price of 70.
21:21:54.875 [Market] Player "TheGlove" (id=7PxHwaA44AObOrysPoddNaMKni2KxoLeoUe4QCxvqNo=) has bought mag_fnx45_15rnd x1 (84149a60, ammo_45acp x15) from the trader "Attachments (Jose [#STR_EXPANSION_MARKET_TRADER_ATTACHMENTS])" in market zone "Trader Zone" (pos=<6675.160645, 104.603935, 6114.155762>) for a price of 70.
21:23:13.695 [Market] Player "TheGlove" (id=7PxHwaA44AObOrysPoddNaMKni2KxoLeoUe4QCxvqNo=) has bought mich2001helmet x1 (45efad50) from the trader "Clothing (Naomi [#STR_EXPANSION_MARKET_TRADER_CLOTHING])" in market zone "Trader Zone" (pos=<6675.160645, 104.603935, 6114.155762>) for a price of 150.
21:24:35.656 [Market] Player "TheGlove" (id=7PxHwaA44AObOrysPoddNaMKni2KxoLeoUe4QCxvqNo=) has bought whetstone x1 (1f2cc870) from the trader "Components (Cyril [#STR_EXPANSION_MARKET_TRADER_COMPONENTS])" in market zone "Trader Zone" (pos=<6675.160645, 104.603935, 6114.155762>) for a price of 5.
21:24:39.523 [Market] Player "TheGlove" (id=7PxHwaA44AObOrysPoddNaMKni2KxoLeoUe4QCxvqNo=) has bought lockpick x1 (1d2fd260) from the trader "Components (Cyril [#STR_EXPANSION_MARKET_TRADER_COMPONENTS])" in market zone "Trader Zone" (pos=<6675.160645, 104.603935, 6114.155762>) for a price of 20.
21:25:17.726 [Killfeed] Hossi commited suicide with BK-133.
21:25:28.093 [Market] Player "TheGlove" (id=7PxHwaA44AObOrysPoddNaMKni2KxoLeoUe4QCxvqNo=) has bought battery9v x1 (1f2cf6b0) from the trader "Components (Cyril [#STR_EXPANSION_MARKET_TRADER_COMPONENTS])" in market zone "Trader Zone" (pos=<6675.160645, 104.603935, 6114.155762>) for a price of 10.
21:25:28.914 [Market] Player "TheGlove" (id=7PxHwaA44AObOrysPoddNaMKni2KxoLeoUe4QCxvqNo=) has bought battery9v x1 (1d9fe490) from the trader "Components (Cyril [#STR_EXPANSION_MARKET_TRADER_COMPONENTS])" in market zone "Trader Zone" (pos=<6675.160645, 104.603935, 6114.155762>) for a price of 10.
21:25:29.539 [Market] Player "TheGlove" (id=7PxHwaA44AObOrysPoddNaMKni2KxoLeoUe4QCxvqNo=) has bought battery9v x1 (1959bfb0) from the trader "Components (Cyril [#STR_EXPANSION_MARKET_TRADER_COMPONENTS])" in market zone "Trader Zone" (pos=<6675.160645, 104.603935, 6114.155762>) for a price of 10.
21:25:30.273 [Market] Player "TheGlove" (id=7PxHwaA44AObOrysPoddNaMKni2KxoLeoUe4QCxvqNo=) has bought battery9v x1 (1d40f8d0) from the trader "Components (Cyril [#STR_EXPANSION_MARKET_TRADER_COMPONENTS])" in market zone "Trader Zone" (pos=<6675.160645, 104.603935, 6114.155762>) for a price of 10.
21:25:46.054 [Killfeed] Hossi commited suicide with Bone Knife.
21:26:13.296 [Killfeed] Hossi commited suicide with Bone Knife.
21:26:37.546 [Market] Player "TheGlove" (id=7PxHwaA44AObOrysPoddNaMKni2KxoLeoUe4QCxvqNo=) has bought hatchet x1 (1757ad20) from the trader "Components (Cyril [#STR_EXPANSION_MARKET_TRADER_COMPONENTS])" in market zone "Trader Zone" (pos=<6675.160645, 104.603935, 6114.155762>) for a price of 10.
21:26:40.335 [Killfeed] Hossi commited suicide with Bone Knife.
21:27:37.429 [Market] Player "TheGlove" (id=7PxHwaA44AObOrysPoddNaMKni2KxoLeoUe4QCxvqNo=) has bought expansiondeltapointoptic x1 (11008590) from the trader "Attachments (Jose [#STR_EXPANSION_MARKET_TRADER_ATTACHMENTS])" in market zone "Trader Zone" (pos=<6675.160645, 104.603935, 6114.155762>) for a price of 150.
21:28:04.132 [Killfeed] Hossi commited suicide with Bone Knife.
21:28:19.414 [Market] Player "TheGlove" (id=7PxHwaA44AObOrysPoddNaMKni2KxoLeoUe4QCxvqNo=) has bought acogoptic_6x x1 (1b659950) from the trader "Attachments (Jose [#STR_EXPANSION_MARKET_TRADER_ATTACHMENTS])" in market zone "Trader Zone" (pos=<6675.160645, 104.603935, 6114.155762>) for a price of 1200.
21:28:27.500 [Killfeed] Hossi commited suicide with Bone Knife.
21:28:40.101 [Market] Player "TheGlove" (id=7PxHwaA44AObOrysPoddNaMKni2KxoLeoUe4QCxvqNo=) has bought m4_suppressor x1 (19710870) from the trader "Attachments (Jose [#STR_EXPANSION_MARKET_TRADER_ATTACHMENTS])" in market zone "Trader Zone" (pos=<6675.160645, 104.603935, 6114.155762>) for a price of 25.
21:28:42.500 [Market] Player "TheGlove" (id=7PxHwaA44AObOrysPoddNaMKni2KxoLeoUe4QCxvqNo=) has bought pistolsuppressor x1 (1970da30) from the trader "Attachments (Jose [#STR_EXPANSION_MARKET_TRADER_ATTACHMENTS])" in market zone "Trader Zone" (pos=<6675.160645, 104.603935, 6114.155762>) for a price of 15.
21:30:36.679 [Safezone] Player "PatMax" (id=jiSboo32SQZAMp7VxNNFwsMUk2-s3fPPrck_5xKkgu0= pos=<6760.88, 102.73, 6068.01>) entered the safezone
21:32:17.453 [Market] Player "TheGlove" (id=7PxHwaA44AObOrysPoddNaMKni2KxoLeoUe4QCxvqNo=) has bought expansion_m1a_railatt x1 (1f6e88f0) from the trader "Attachments (Jose [#STR_EXPANSION_MARKET_TRADER_ATTACHMENTS])" in market zone "Trader Zone" (pos=<6675.160645, 104.603935, 6114.155762>) for a price of 150.
21:33:33.468 [Market] Player "PatMax" (id=jiSboo32SQZAMp7VxNNFwsMUk2-s3fPPrck_5xKkgu0=) has sold repeater x1 (1dba5e40) at the trader "Weapons (Denis [#STR_EXPANSION_MARKET_TRADER_WEAPONS])" in market zone "Trader Zone" (pos=<6675.160645, 104.603935, 6114.155762>) and got 196.
21:35:29.750 [Market] Player "PatMax" (id=jiSboo32SQZAMp7VxNNFwsMUk2-s3fPPrck_5xKkgu0=) has sold longhorn x1 (71375c60, PistolOptic<1d197a10>) at the trader "Weapons (Denis [#STR_EXPANSION_MARKET_TRADER_WEAPONS])" in market zone "Trader Zone" (pos=<6675.160645, 104.603935, 6114.155762>) and got 187.
21:35:32.796 [Market] Player "PatMax" (id=jiSboo32SQZAMp7VxNNFwsMUk2-s3fPPrck_5xKkgu0=) has sold ammo_308win x1 (1154ee10) at the trader "Weapons (Denis [#STR_EXPANSION_MARKET_TRADER_WEAPONS])" in market zone "Trader Zone" (pos=<6675.160645, 104.603935, 6114.155762>) and got 1.
21:35:33.812 [Market] Player "PatMax" (id=jiSboo32SQZAMp7VxNNFwsMUk2-s3fPPrck_5xKkgu0=) has sold ammo_308win x1 (1154ee10) at the trader "Weapons (Denis [#STR_EXPANSION_MARKET_TRADER_WEAPONS])" in market zone "Trader Zone" (pos=<6675.160645, 104.603935, 6114.155762>) and got 1.
21:35:34.414 [Market] Player "PatMax" (id=jiSboo32SQZAMp7VxNNFwsMUk2-s3fPPrck_5xKkgu0=) has sold ammo_308win x1 (1154ee10) at the trader "Weapons (Denis [#STR_EXPANSION_MARKET_TRADER_WEAPONS])" in market zone "Trader Zone" (pos=<6675.160645, 104.603935, 6114.155762>) and got 1.
21:35:34.953 [Market] Player "PatMax" (id=jiSboo32SQZAMp7VxNNFwsMUk2-s3fPPrck_5xKkgu0=) has sold ammo_762x54 x1 (1f0f6880) at the trader "Weapons (Denis [#STR_EXPANSION_MARKET_TRADER_WEAPONS])" in market zone "Trader Zone" (pos=<6675.160645, 104.603935, 6114.155762>) and got 0.
21:35:35.664 [Market] Player "PatMax" (id=jiSboo32SQZAMp7VxNNFwsMUk2-s3fPPrck_5xKkgu0=) has sold ammo_762x54 x1 (1f0f6880) at the trader "Weapons (Denis [#STR_EXPANSION_MARKET_TRADER_WEAPONS])" in market zone "Trader Zone" (pos=<6675.160645, 104.603935, 6114.155762>) and got 0.
21:36:17.062 [Market] Player "TheGlove" (id=7PxHwaA44AObOrysPoddNaMKni2KxoLeoUe4QCxvqNo=) has bought ammo_308win x1 (14156ee0) from the trader "Weapons (Denis [#STR_EXPANSION_MARKET_TRADER_WEAPONS])" in market zone "Trader Zone" (pos=<6675.160645, 104.603935, 6114.155762>) for a price of 2.
21:36:29.765 [Market] Player "TheGlove" (id=7PxHwaA44AObOrysPoddNaMKni2KxoLeoUe4QCxvqNo=) has bought ammo_308win x100 (14173d60) from the trader "Weapons (Denis [#STR_EXPANSION_MARKET_TRADER_WEAPONS])" in market zone "Trader Zone" (pos=<6675.160645, 104.603935, 6114.155762>) for a price of 200.
21:36:32.960 [Market] Player "TheGlove" (id=7PxHwaA44AObOrysPoddNaMKni2KxoLeoUe4QCxvqNo=) has bought ammo_45acp x1 (c85a250) from the trader "Weapons (Denis [#STR_EXPANSION_MARKET_TRADER_WEAPONS])" in market zone "Trader Zone" (pos=<6675.160645, 104.603935, 6114.155762>) for a price of 2.
21:36:45.671 [Market] Player "TheGlove" (id=7PxHwaA44AObOrysPoddNaMKni2KxoLeoUe4QCxvqNo=) has bought ammo_45acp x99 (1d151e40) from the trader "Weapons (Denis [#STR_EXPANSION_MARKET_TRADER_WEAPONS])" in market zone "Trader Zone" (pos=<6675.160645, 104.603935, 6114.155762>) for a price of 198.
21:37:11.437 [Market] Player "PatMax" (id=jiSboo32SQZAMp7VxNNFwsMUk2-s3fPPrck_5xKkgu0=) has bought charcoaltablets x1 (19572430) from the trader "Medicals (Mirek [#STR_EXPANSION_MARKET_TRADER_MEDICALS])" in market zone "Trader Zone" (pos=<6675.160645, 104.603935, 6114.155762>) for a price of 2.
21:38:10.921 [ATM] Player "PatMax" (id=jiSboo32SQZAMp7VxNNFwsMUk2-s3fPPrck_5xKkgu0=) has withdrawn 2000 from his ATM account.
21:38:41.507 [Market] Player "TheGlove" (id=7PxHwaA44AObOrysPoddNaMKni2KxoLeoUe4QCxvqNo=) has bought bandagedressing x1 (14c1dfd0) from the trader "Medicals (Mirek [#STR_EXPANSION_MARKET_TRADER_MEDICALS])" in market zone "Trader Zone" (pos=<6675.160645, 104.603935, 6114.155762>) for a price of 3.
21:38:53.054 [Market] Player "TheGlove" (id=7PxHwaA44AObOrysPoddNaMKni2KxoLeoUe4QCxvqNo=) has bought tetracyclineantibiotics x1 (936a1330) from the trader "Medicals (Mirek [#STR_EXPANSION_MARKET_TRADER_MEDICALS])" in market zone "Trader Zone" (pos=<6675.160645, 104.603935, 6114.155762>) for a price of 8.
21:39:44.335 [Market] Player "TheGlove" (id=7PxHwaA44AObOrysPoddNaMKni2KxoLeoUe4QCxvqNo=) has bought porkcan x1 (936b7100) from the trader "Consumables (Linda [#STR_EXPANSION_MARKET_TRADER_CONSUMABLES])" in market zone "Trader Zone" (pos=<6675.160645, 104.603935, 6114.155762>) for a price of 15.
21:39:44.765 [Market] Player "TheGlove" (id=7PxHwaA44AObOrysPoddNaMKni2KxoLeoUe4QCxvqNo=) has bought porkcan x1 (936b8920) from the trader "Consumables (Linda [#STR_EXPANSION_MARKET_TRADER_CONSUMABLES])" in market zone "Trader Zone" (pos=<6675.160645, 104.603935, 6114.155762>) for a price of 15.
21:39:45.031 [Market] Player "TheGlove" (id=7PxHwaA44AObOrysPoddNaMKni2KxoLeoUe4QCxvqNo=) has bought porkcan x1 (936bd180) from the trader "Consumables (Linda [#STR_EXPANSION_MARKET_TRADER_CONSUMABLES])" in market zone "Trader Zone" (pos=<6675.160645, 104.603935, 6114.155762>) for a price of 15.
21:39:45.359 [Market] Player "TheGlove" (id=7PxHwaA44AObOrysPoddNaMKni2KxoLeoUe4QCxvqNo=) has bought porkcan x1 (936b7d10) from the trader "Consumables (Linda [#STR_EXPANSION_MARKET_TRADER_CONSUMABLES])" in market zone "Trader Zone" (pos=<6675.160645, 104.603935, 6114.155762>) for a price of 15.
21:39:45.984 [Market] Player "TheGlove" (id=7PxHwaA44AObOrysPoddNaMKni2KxoLeoUe4QCxvqNo=) has bought porkcan x1 (936b34b0) from the trader "Consumables (Linda [#STR_EXPANSION_MARKET_TRADER_CONSUMABLES])" in market zone "Trader Zone" (pos=<6675.160645, 104.603935, 6114.155762>) for a price of 15.
21:39:46.453 [Market] Player "TheGlove" (id=7PxHwaA44AObOrysPoddNaMKni2KxoLeoUe4QCxvqNo=) has bought porkcan x1 (936ba140) from the trader "Consumables (Linda [#STR_EXPANSION_MARKET_TRADER_CONSUMABLES])" in market zone "Trader Zone" (pos=<6675.160645, 104.603935, 6114.155762>) for a price of 15.
21:40:44.773 [Market] Player "PatMax" (id=jiSboo32SQZAMp7VxNNFwsMUk2-s3fPPrck_5xKkgu0=) has bought tacticalgoggles x1 (286b0270) from the trader "Clothing (Naomi [#STR_EXPANSION_MARKET_TRADER_CLOTHING])" in market zone "Trader Zone" (pos=<6675.160645, 104.603935, 6114.155762>) for a price of 60.
21:41:16.445 [Market] Player "PatMax" (id=jiSboo32SQZAMp7VxNNFwsMUk2-s3fPPrck_5xKkgu0=) has bought gorkahelmet x1 (14bffa30, GorkaHelmetVisor<1f1263a0>) from the trader "Clothing (Naomi [#STR_EXPANSION_MARKET_TRADER_CLOTHING])" in market zone "Trader Zone" (pos=<6675.160645, 104.603935, 6114.155762>) for a price of 290.
21:41:43.523 [Market] Player "PatMax" (id=jiSboo32SQZAMp7VxNNFwsMUk2-s3fPPrck_5xKkgu0=) has bought ushanka_blue x1 (45ee3b50) from the trader "Clothing (Naomi [#STR_EXPANSION_MARKET_TRADER_CLOTHING])" in market zone "Trader Zone" (pos=<6675.160645, 104.603935, 6114.155762>) for a price of 50.
21:41:44.921 [Market] Player "PatMax" (id=jiSboo32SQZAMp7VxNNFwsMUk2-s3fPPrck_5xKkgu0=) has sold ushanka_blue x1 (1f6bbc10) at the trader "Clothing (Naomi [#STR_EXPANSION_MARKET_TRADER_CLOTHING])" in market zone "Trader Zone" (pos=<6675.160645, 104.603935, 6114.155762>) and got 9.
21:41:53.726 [Market] Player "PatMax" (id=jiSboo32SQZAMp7VxNNFwsMUk2-s3fPPrck_5xKkgu0=) has sold ushanka_blue x1 (45ee3b50) at the trader "Clothing (Naomi [#STR_EXPANSION_MARKET_TRADER_CLOTHING])" in market zone "Trader Zone" (pos=<6675.160645, 104.603935, 6114.155762>) and got 37.
21:42:06.765 [Market] Player "PatMax" (id=jiSboo32SQZAMp7VxNNFwsMUk2-s3fPPrck_5xKkgu0=) has sold morphine x1 (1f119380) at the trader "Medicals (Mirek [#STR_EXPANSION_MARKET_TRADER_MEDICALS])" in market zone "Trader Zone" (pos=<6675.160645, 104.603935, 6114.155762>) and got 14.
21:42:07.484 [Market] Player "PatMax" (id=jiSboo32SQZAMp7VxNNFwsMUk2-s3fPPrck_5xKkgu0=) has sold epinephrine x1 (1b6c96e0) at the trader "Medicals (Mirek [#STR_EXPANSION_MARKET_TRADER_MEDICALS])" in market zone "Trader Zone" (pos=<6675.160645, 104.603935, 6114.155762>) and got 3.
21:42:31.812 [Market] Player "PatMax" (id=jiSboo32SQZAMp7VxNNFwsMUk2-s3fPPrck_5xKkgu0=) has sold woolglovesfingerless_black x1 (195a0510) at the trader "Clothing (Naomi [#STR_EXPANSION_MARKET_TRADER_CLOTHING])" in market zone "Trader Zone" (pos=<6675.160645, 104.603935, 6114.155762>) and got 19.
21:42:34.960 [Market] Player "PatMax" (id=jiSboo32SQZAMp7VxNNFwsMUk2-s3fPPrck_5xKkgu0=) has bought omnogloves_gray x1 (2099ec60) from the trader "Clothing (Naomi [#STR_EXPANSION_MARKET_TRADER_CLOTHING])" in market zone "Trader Zone" (pos=<6675.160645, 104.603935, 6114.155762>) for a price of 40.
21:43:09.640 [Safezone] Player "{1:name}" (id={1:id} pos={1:position}) left the safezone
21:43:10.625 [Market] Player "PatMax" (id=jiSboo32SQZAMp7VxNNFwsMUk2-s3fPPrck_5xKkgu0=) has bought m65jacket_black x1 (1ef55520) from the trader "Clothing (Naomi [#STR_EXPANSION_MARKET_TRADER_CLOTHING])" in market zone "Trader Zone" (pos=<6675.160645, 104.603935, 6114.155762>) for a price of 130.
21:43:33.718 [Market] Player "PatMax" (id=jiSboo32SQZAMp7VxNNFwsMUk2-s3fPPrck_5xKkgu0=) has sold bomberjacket_maroon x1 (1bad40f0) at the trader "Clothing (Naomi [#STR_EXPANSION_MARKET_TRADER_CLOTHING])" in market zone "Trader Zone" (pos=<6675.160645, 104.603935, 6114.155762>) and got 19.
21:43:52.609 [Market] Player "PatMax" (id=jiSboo32SQZAMp7VxNNFwsMUk2-s3fPPrck_5xKkgu0=) has sold reflexvest x1 (20c16ce0) at the trader "Clothing (Naomi [#STR_EXPANSION_MARKET_TRADER_CLOTHING])" in market zone "Trader Zone" (pos=<6675.160645, 104.603935, 6114.155762>) and got 0.
21:43:53.531 [Market] Player "PatMax" (id=jiSboo32SQZAMp7VxNNFwsMUk2-s3fPPrck_5xKkgu0=) has sold reflexvest x1 (19d09ec0) at the trader "Clothing (Naomi [#STR_EXPANSION_MARKET_TRADER_CLOTHING])" in market zone "Trader Zone" (pos=<6675.160645, 104.603935, 6114.155762>) and got 3.
21:44:08.296 [Market] Player "PatMax" (id=jiSboo32SQZAMp7VxNNFwsMUk2-s3fPPrck_5xKkgu0=) has sold balaclavamask_pink x1 (195a6d20) at the trader "Clothing (Naomi [#STR_EXPANSION_MARKET_TRADER_CLOTHING])" in market zone "Trader Zone" (pos=<6675.160645, 104.603935, 6114.155762>) and got 28.
21:44:16.773 [Safezone] Player "TheGlove" (id=7PxHwaA44AObOrysPoddNaMKni2KxoLeoUe4QCxvqNo= pos=<6632.34, 133.22, 6025.92>) entered the safezone
21:44:34.796 [Market] Player "PatMax" (id=jiSboo32SQZAMp7VxNNFwsMUk2-s3fPPrck_5xKkgu0=) has bought balaclavamask_black x1 (19d2f800) from the trader "Clothing (Naomi [#STR_EXPANSION_MARKET_TRADER_CLOTHING])" in market zone "Trader Zone" (pos=<6675.160645, 104.603935, 6114.155762>) for a price of 55.
21:44:41.710 [ATM] Player "TheGlove" (id=7PxHwaA44AObOrysPoddNaMKni2KxoLeoUe4QCxvqNo=) has deposited 89438 on his ATM account.
21:44:50.601 [Party] Player "Cleric" (id=v_ZgbeGBXCmhZwvfV3WQH2-dVh0Ad1Ot8bPVKM5sSvw=) left the party "Maverick Ruthless" (id=16 ownerUID=v_ZgbeGBXCmhZwvfV3WQH2-dVh0Ad1Ot8bPVKM5sSvw= ownerName=Cleric)
21:45:55.687 [Market] Player "PatMax" (id=jiSboo32SQZAMp7VxNNFwsMUk2-s3fPPrck_5xKkgu0=) has bought hunterpants_summer x1 (173eeb50) from the trader "Clothing (Naomi [#STR_EXPANSION_MARKET_TRADER_CLOTHING])" in market zone "Trader Zone" (pos=<6675.160645, 104.603935, 6114.155762>) for a price of 100.
21:46:13.523 [Market] Player "PatMax" (id=jiSboo32SQZAMp7VxNNFwsMUk2-s3fPPrck_5xKkgu0=) has sold canvaspantsmidi_grey x1 (11537c10) at the trader "Clothing (Naomi [#STR_EXPANSION_MARKET_TRADER_CLOTHING])" in market zone "Trader Zone" (pos=<6675.160645, 104.603935, 6114.155762>) and got 4.
21:46:27.476 [Market] Player "PatMax" (id=jiSboo32SQZAMp7VxNNFwsMUk2-s3fPPrck_5xKkgu0=) has sold gorkahelmetvisor x1 (1f1263a0) at the trader "Clothing (Naomi [#STR_EXPANSION_MARKET_TRADER_CLOTHING])" in market zone "Trader Zone" (pos=<6675.160645, 104.603935, 6114.155762>) and got 37.
21:46:40.937 [Market] Player "PatMax" (id=jiSboo32SQZAMp7VxNNFwsMUk2-s3fPPrck_5xKkgu0=) has bought gorkahelmet_black x1 (1db1dd40, GorkaHelmetVisor<1db1e8d0>) from the trader "Clothing (Naomi [#STR_EXPANSION_MARKET_TRADER_CLOTHING])" in market zone "Trader Zone" (pos=<6675.160645, 104.603935, 6114.155762>) for a price of 290.
21:46:49.507 [Market] Player "PatMax" (id=jiSboo32SQZAMp7VxNNFwsMUk2-s3fPPrck_5xKkgu0=) has sold gorkahelmet x1 (14bffa30) at the trader "Clothing (Naomi [#STR_EXPANSION_MARKET_TRADER_CLOTHING])" in market zone "Trader Zone" (pos=<6675.160645, 104.603935, 6114.155762>) and got 180.
21:46:51.437 [Market] Player "PatMax" (id=jiSboo32SQZAMp7VxNNFwsMUk2-s3fPPrck_5xKkgu0=) has sold gorkahelmetvisor x1 (1db1e8d0) at the trader "Clothing (Naomi [#STR_EXPANSION_MARKET_TRADER_CLOTHING])" in market zone "Trader Zone" (pos=<6675.160645, 104.603935, 6114.155762>) and got 37.
21:47:13.835 [Market] Player "PatMax" (id=jiSboo32SQZAMp7VxNNFwsMUk2-s3fPPrck_5xKkgu0=) has sold militaryboots_bluerock x1 (1db24550) at the trader "Clothing (Naomi [#STR_EXPANSION_MARKET_TRADER_CLOTHING])" in market zone "Trader Zone" (pos=<6675.160645, 104.603935, 6114.155762>) and got 59.
21:47:25.046 [Market] Player "PatMax" (id=jiSboo32SQZAMp7VxNNFwsMUk2-s3fPPrck_5xKkgu0=) has bought militaryboots_black x1 (195ae0c0) from the trader "Clothing (Naomi [#STR_EXPANSION_MARKET_TRADER_CLOTHING])" in market zone "Trader Zone" (pos=<6675.160645, 104.603935, 6114.155762>) for a price of 110.
21:50:34.890 [Safezone] Player "{1:name}" (id={1:id} pos={1:position}) left the safezone
21:56:32.109 [Party] Player "nasse" (id=dmbJP8NvI3U2uK2x7fvjt3rBpBYGO5-qdmz57jOe_To=) joinded the party "Hampuusit" (id=17 ownerUID= ownerName=)
21:56:32.117 [Party] Player "nasse" (id=dmbJP8NvI3U2uK2x7fvjt3rBpBYGO5-qdmz57jOe_To=) created a party named Hampuusit (Hampu)
21:59:07.062 [Party] Player "PatMax" (id=jiSboo32SQZAMp7VxNNFwsMUk2-s3fPPrck_5xKkgu0=) joinded the party "Nasse" (id=18 ownerUID= ownerName=)
21:59:07.062 [Party] Player "PatMax" (id=jiSboo32SQZAMp7VxNNFwsMUk2-s3fPPrck_5xKkgu0=) created a party named Nasse (PALLI)
21:59:24.867 [Party] Player "nasse" (id=dmbJP8NvI3U2uK2x7fvjt3rBpBYGO5-qdmz57jOe_To=) left the party "Hampuusit" (id=17 ownerUID=dmbJP8NvI3U2uK2x7fvjt3rBpBYGO5-qdmz57jOe_To= ownerName=nasse)
22:00:02.312 [Party] Player "PatMax" (id=jiSboo32SQZAMp7VxNNFwsMUk2-s3fPPrck_5xKkgu0=) left the party "Nasse" (id=18 ownerUID=jiSboo32SQZAMp7VxNNFwsMUk2-s3fPPrck_5xKkgu0= ownerName=PatMax)
