15:31:06.574 [Safezone] Player "SnesleyWipes" (id=1gfegac6WuHZ31O0AT7nmiIX-2b69pZPhjIpLeIkw4Q= pos=<6655.85, 102.5, 6065.75>) entered the safezone
15:35:41.832 [ATM] Player "SnesleyWipes" (id=1gfegac6WuHZ31O0AT7nmiIX-2b69pZPhjIpLeIkw4Q=) has withdrawn 5000 from his ATM account.
15:36:31.089 [Market] Player "SnesleyWipes" (id=1gfegac6WuHZ31O0AT7nmiIX-2b69pZPhjIpLeIkw4Q=) has bought platecarriervest x1 (f1c99c0) from the trader "Clothing (Naomi [#STR_EXPANSION_MARKET_TRADER_CLOTHING])" in market zone "Trader Zone" (pos=<6675.160645, 104.603935, 6114.155762>) for a price of 250.
15:37:37.644 [Market] Player "SnesleyWipes" (id=1gfegac6WuHZ31O0AT7nmiIX-2b69pZPhjIpLeIkw4Q=) has sold pressvest_blue x1 (1d8f3b20) at the trader "Clothing (Naomi [#STR_EXPANSION_MARKET_TRADER_CLOTHING])" in market zone "Trader Zone" (pos=<6675.160645, 104.603935, 6114.155762>) and got 47.
15:37:44.636 [Market] Player "SnesleyWipes" (id=1gfegac6WuHZ31O0AT7nmiIX-2b69pZPhjIpLeIkw4Q=) has bought gasmask_filter x1 (46ec0bc0) from the trader "Clothing (Naomi [#STR_EXPANSION_MARKET_TRADER_CLOTHING])" in market zone "Trader Zone" (pos=<6675.160645, 104.603935, 6114.155762>) for a price of 1000.
15:38:17.093 [Market] Player "SnesleyWipes" (id=1gfegac6WuHZ31O0AT7nmiIX-2b69pZPhjIpLeIkw4Q=) has bought platecarrierholster x1 (1a8093a0) from the trader "Clothing (Naomi [#STR_EXPANSION_MARKET_TRADER_CLOTHING])" in market zone "Trader Zone" (pos=<6675.160645, 104.603935, 6114.155762>) for a price of 60.
15:39:37.027 [Market] Player "SnesleyWipes" (id=1gfegac6WuHZ31O0AT7nmiIX-2b69pZPhjIpLeIkw4Q=) has bought charcoaltablets x1 (1dfab950) from the trader "Medicals (Mirek [#STR_EXPANSION_MARKET_TRADER_MEDICALS])" in market zone "Trader Zone" (pos=<6675.160645, 104.603935, 6114.155762>) for a price of 2.
15:39:38.937 [Market] Player "SnesleyWipes" (id=1gfegac6WuHZ31O0AT7nmiIX-2b69pZPhjIpLeIkw4Q=) has bought charcoaltablets x1 (1dfad170) from the trader "Medicals (Mirek [#STR_EXPANSION_MARKET_TRADER_MEDICALS])" in market zone "Trader Zone" (pos=<6675.160645, 104.603935, 6114.155762>) for a price of 2.
15:39:48.937 [Market] Player "SnesleyWipes" (id=1gfegac6WuHZ31O0AT7nmiIX-2b69pZPhjIpLeIkw4Q=) has bought charcoaltablets x9 (f2b54f0) from the trader "Medicals (Mirek [#STR_EXPANSION_MARKET_TRADER_MEDICALS])" in market zone "Trader Zone" (pos=<6675.160645, 104.603935, 6114.155762>) for a price of 18.
15:39:53.101 [Market] Player "SnesleyWipes" (id=1gfegac6WuHZ31O0AT7nmiIX-2b69pZPhjIpLeIkw4Q=) has bought charcoaltablets x9 (1b821d40) from the trader "Medicals (Mirek [#STR_EXPANSION_MARKET_TRADER_MEDICALS])" in market zone "Trader Zone" (pos=<6675.160645, 104.603935, 6114.155762>) for a price of 18.
15:39:56.054 [Market] Player "SnesleyWipes" (id=1gfegac6WuHZ31O0AT7nmiIX-2b69pZPhjIpLeIkw4Q=) has bought startkitiv x1 (65ce5e00) from the trader "Medicals (Mirek [#STR_EXPANSION_MARKET_TRADER_MEDICALS])" in market zone "Trader Zone" (pos=<6675.160645, 104.603935, 6114.155762>) for a price of 10.
15:39:58.617 [Market] Player "SnesleyWipes" (id=1gfegac6WuHZ31O0AT7nmiIX-2b69pZPhjIpLeIkw4Q=) has bought anticheminjector x1 (65ce5270) from the trader "Medicals (Mirek [#STR_EXPANSION_MARKET_TRADER_MEDICALS])" in market zone "Trader Zone" (pos=<6675.160645, 104.603935, 6114.155762>) for a price of 100.
15:40:03.140 [Market] Player "SnesleyWipes" (id=1gfegac6WuHZ31O0AT7nmiIX-2b69pZPhjIpLeIkw4Q=) has bought bandagedressing x1 (65ce6990) from the trader "Medicals (Mirek [#STR_EXPANSION_MARKET_TRADER_MEDICALS])" in market zone "Trader Zone" (pos=<6675.160645, 104.603935, 6114.155762>) for a price of 3.
15:40:34.761 [Market] Player "SnesleyWipes" (id=1gfegac6WuHZ31O0AT7nmiIX-2b69pZPhjIpLeIkw4Q=) has sold charcoaltablets x9 (1dfab950, 1dfad170, f2b54f0, f29c6e0, f29eb10, 1a242330, 1ac8b5a0, 1ac9cb10, 1b821130) at the trader "Medicals (Mirek [#STR_EXPANSION_MARKET_TRADER_MEDICALS])" in market zone "Trader Zone" (pos=<6675.160645, 104.603935, 6114.155762>) and got 9.
15:40:41.351 [Market] Player "SnesleyWipes" (id=1gfegac6WuHZ31O0AT7nmiIX-2b69pZPhjIpLeIkw4Q=) has sold charcoaltablets x1 (1b830270) at the trader "Medicals (Mirek [#STR_EXPANSION_MARKET_TRADER_MEDICALS])" in market zone "Trader Zone" (pos=<6675.160645, 104.603935, 6114.155762>) and got 1.
15:40:46.414 [Market] Player "SnesleyWipes" (id=1gfegac6WuHZ31O0AT7nmiIX-2b69pZPhjIpLeIkw4Q=) has bought purificationtablets x1 (1bf4cc80) from the trader "Medicals (Mirek [#STR_EXPANSION_MARKET_TRADER_MEDICALS])" in market zone "Trader Zone" (pos=<6675.160645, 104.603935, 6114.155762>) for a price of 5.
15:43:25.734 [Market] Player "SnesleyWipes" (id=1gfegac6WuHZ31O0AT7nmiIX-2b69pZPhjIpLeIkw4Q=) has bought waterbottle x1 (181ac130) from the trader "Consumables (Linda [#STR_EXPANSION_MARKET_TRADER_CONSUMABLES])" in market zone "Trader Zone" (pos=<6675.160645, 104.603935, 6114.155762>) for a price of 15.
15:44:15.992 [Market] Player "SnesleyWipes" (id=1gfegac6WuHZ31O0AT7nmiIX-2b69pZPhjIpLeIkw4Q=) has bought battery9v x1 (1a166330) from the trader "Components (Cyril [#STR_EXPANSION_MARKET_TRADER_COMPONENTS])" in market zone "Trader Zone" (pos=<6675.160645, 104.603935, 6114.155762>) for a price of 10.
15:45:33.335 [Market] Player "SnesleyWipes" (id=1gfegac6WuHZ31O0AT7nmiIX-2b69pZPhjIpLeIkw4Q=) has bought gasmask_filter x1 (1a383280) from the trader "Clothing (Naomi [#STR_EXPANSION_MARKET_TRADER_CLOTHING])" in market zone "Trader Zone" (pos=<6675.160645, 104.603935, 6114.155762>) for a price of 1000.
15:46:35.144 [Market] Player "SnesleyWipes" (id=1gfegac6WuHZ31O0AT7nmiIX-2b69pZPhjIpLeIkw4Q=) has bought worm x5 (1e3b6690) from the trader "Fishing (Baty [#STR_EXPANSION_MARKET_TRADER_FISHING])" in market zone "Trader Zone" (pos=<6675.160645, 104.603935, 6114.155762>) for a price of 10.
15:46:37.460 [Market] Player "SnesleyWipes" (id=1gfegac6WuHZ31O0AT7nmiIX-2b69pZPhjIpLeIkw4Q=) has bought hook x1 (1ad75e50) from the trader "Fishing (Baty [#STR_EXPANSION_MARKET_TRADER_FISHING])" in market zone "Trader Zone" (pos=<6675.160645, 104.603935, 6114.155762>) for a price of 7.
15:46:38.433 [Market] Player "SnesleyWipes" (id=1gfegac6WuHZ31O0AT7nmiIX-2b69pZPhjIpLeIkw4Q=) has bought fishingrod x1 (1ad769e0) from the trader "Fishing (Baty [#STR_EXPANSION_MARKET_TRADER_FISHING])" in market zone "Trader Zone" (pos=<6675.160645, 104.603935, 6114.155762>) for a price of 60.
15:48:29.750 [Safezone] Player "{1:name}" (id={1:id} pos={1:position}) left the safezone
