15:01:25.433 [Party] Player "Camerxn" (id=DGRx7r__dc7PoxDoAPTU3FCEMavIKUCFhn3mk7Oqcyw=) joinded the party "Bruh" (id=2 ownerUID=DGRx7r__dc7PoxDoAPTU3FCEMavIKUCFhn3mk7Oqcyw= ownerName=Camerxn)
15:27:04.750 [Party] Player "Camerxn" (id=DGRx7r__dc7PoxDoAPTU3FCEMavIKUCFhn3mk7Oqcyw=) left the party "Bruh" (id=2 ownerUID=DGRx7r__dc7PoxDoAPTU3FCEMavIKUCFhn3mk7Oqcyw= ownerName=Camerxn)
16:38:30.957 [Party] Player "Camerxn" (id=DGRx7r__dc7PoxDoAPTU3FCEMavIKUCFhn3mk7Oqcyw=) joinded the party "Bruh" (id=2 ownerUID=DGRx7r__dc7PoxDoAPTU3FCEMavIKUCFhn3mk7Oqcyw= ownerName=Camerxn)
17:10:25.164 [Party] Player "Camerxn" (id=DGRx7r__dc7PoxDoAPTU3FCEMavIKUCFhn3mk7Oqcyw=) left the party "Bruh" (id=2 ownerUID=DGRx7r__dc7PoxDoAPTU3FCEMavIKUCFhn3mk7Oqcyw= ownerName=Camerxn)
17:19:26.429 [Party] Player "SMOKE" (id=2BQZNjXwEob6ybH6jbNnUL335Z9Ch2nxxqmWpL8xbnk=) joinded the party "Team Trump" (id=3 ownerUID= ownerName=)
17:19:26.429 [Party] Player "SMOKE" (id=2BQZNjXwEob6ybH6jbNnUL335Z9Ch2nxxqmWpL8xbnk=) created a party named Team Trump (TTR)
17:32:42.832 [Killfeed] Jakyll got killed.
17:53:39.136 [Safezone] Player "SMOKE" (id=2BQZNjXwEob6ybH6jbNnUL335Z9Ch2nxxqmWpL8xbnk= pos=<6766.57, 102.47, 6076.64>) entered the safezone
17:54:27.695 [ATM] Player "SMOKE" (id=2BQZNjXwEob6ybH6jbNnUL335Z9Ch2nxxqmWpL8xbnk=) has withdrawn 10000 from his ATM account.
18:05:07.675 [Market] Player "SMOKE" (id=2BQZNjXwEob6ybH6jbNnUL335Z9Ch2nxxqmWpL8xbnk=) has bought ammobox_762x54_20rnd x1 (8eba2880) from the trader "Weapons (Denis [#STR_EXPANSION_MARKET_TRADER_WEAPONS])" in market zone "Trader Zone" (pos=<6675.160645, 104.603935, 6114.155762>) for a price of 32.
18:05:09.074 [Market] Player "SMOKE" (id=2BQZNjXwEob6ybH6jbNnUL335Z9Ch2nxxqmWpL8xbnk=) has bought ammobox_762x54_20rnd x1 (8ebdae60) from the trader "Weapons (Denis [#STR_EXPANSION_MARKET_TRADER_WEAPONS])" in market zone "Trader Zone" (pos=<6675.160645, 104.603935, 6114.155762>) for a price of 32.
18:05:10.718 [Market] Player "SMOKE" (id=2BQZNjXwEob6ybH6jbNnUL335Z9Ch2nxxqmWpL8xbnk=) has bought ammobox_762x54_20rnd x1 (9f56da80) from the trader "Weapons (Denis [#STR_EXPANSION_MARKET_TRADER_WEAPONS])" in market zone "Trader Zone" (pos=<6675.160645, 104.603935, 6114.155762>) for a price of 32.
18:05:14.093 [Market] Player "SMOKE" (id=2BQZNjXwEob6ybH6jbNnUL335Z9Ch2nxxqmWpL8xbnk=) has bought ammobox_762x54_20rnd x1 (99f2ffd0) from the trader "Weapons (Denis [#STR_EXPANSION_MARKET_TRADER_WEAPONS])" in market zone "Trader Zone" (pos=<6675.160645, 104.603935, 6114.155762>) for a price of 32.
18:05:24.015 [Market] Player "SMOKE" (id=2BQZNjXwEob6ybH6jbNnUL335Z9Ch2nxxqmWpL8xbnk=) has bought ammobox_380_35rnd x1 (756ffd00) from the trader "Weapons (Denis [#STR_EXPANSION_MARKET_TRADER_WEAPONS])" in market zone "Trader Zone" (pos=<6675.160645, 104.603935, 6114.155762>) for a price of 56.
18:05:25.296 [Market] Player "SMOKE" (id=2BQZNjXwEob6ybH6jbNnUL335Z9Ch2nxxqmWpL8xbnk=) has bought ammobox_380_35rnd x1 (c3c28d70) from the trader "Weapons (Denis [#STR_EXPANSION_MARKET_TRADER_WEAPONS])" in market zone "Trader Zone" (pos=<6675.160645, 104.603935, 6114.155762>) for a price of 56.
18:05:26.484 [Market] Player "SMOKE" (id=2BQZNjXwEob6ybH6jbNnUL335Z9Ch2nxxqmWpL8xbnk=) has bought ammobox_380_35rnd x1 (978f6bf0) from the trader "Weapons (Denis [#STR_EXPANSION_MARKET_TRADER_WEAPONS])" in market zone "Trader Zone" (pos=<6675.160645, 104.603935, 6114.155762>) for a price of 56.
18:05:27.562 [Market] Player "SMOKE" (id=2BQZNjXwEob6ybH6jbNnUL335Z9Ch2nxxqmWpL8xbnk=) has bought ammobox_380_35rnd x1 (9a153e30) from the trader "Weapons (Denis [#STR_EXPANSION_MARKET_TRADER_WEAPONS])" in market zone "Trader Zone" (pos=<6675.160645, 104.603935, 6114.155762>) for a price of 56.
18:05:32.015 [Market] Player "SMOKE" (id=2BQZNjXwEob6ybH6jbNnUL335Z9Ch2nxxqmWpL8xbnk=) has bought ammobox_380_35rnd x1 (954a79e0) from the trader "Weapons (Denis [#STR_EXPANSION_MARKET_TRADER_WEAPONS])" in market zone "Trader Zone" (pos=<6675.160645, 104.603935, 6114.155762>) for a price of 56.
18:06:12.875 [Market] Player "SMOKE" (id=2BQZNjXwEob6ybH6jbNnUL335Z9Ch2nxxqmWpL8xbnk=) has bought ammobox_12gaslug_10rnd x1 (9dd849f0) from the trader "Weapons (Denis [#STR_EXPANSION_MARKET_TRADER_WEAPONS])" in market zone "Trader Zone" (pos=<6675.160645, 104.603935, 6114.155762>) for a price of 40.
18:06:14.011 [Market] Player "SMOKE" (id=2BQZNjXwEob6ybH6jbNnUL335Z9Ch2nxxqmWpL8xbnk=) has bought ammobox_12gaslug_10rnd x1 (9773b6b0) from the trader "Weapons (Denis [#STR_EXPANSION_MARKET_TRADER_WEAPONS])" in market zone "Trader Zone" (pos=<6675.160645, 104.603935, 6114.155762>) for a price of 40.
18:06:19.589 [Market] Player "SMOKE" (id=2BQZNjXwEob6ybH6jbNnUL335Z9Ch2nxxqmWpL8xbnk=) has bought ammobox_00buck_10rnd x1 (99f42c70) from the trader "Weapons (Denis [#STR_EXPANSION_MARKET_TRADER_WEAPONS])" in market zone "Trader Zone" (pos=<6675.160645, 104.603935, 6114.155762>) for a price of 40.
18:06:20.121 [Market] Player "SMOKE" (id=2BQZNjXwEob6ybH6jbNnUL335Z9Ch2nxxqmWpL8xbnk=) has bought ammobox_00buck_10rnd x1 (901f1480) from the trader "Weapons (Denis [#STR_EXPANSION_MARKET_TRADER_WEAPONS])" in market zone "Trader Zone" (pos=<6675.160645, 104.603935, 6114.155762>) for a price of 40.
18:07:40.070 [Market] Player "SMOKE" (id=2BQZNjXwEob6ybH6jbNnUL335Z9Ch2nxxqmWpL8xbnk=) has bought whetstone x1 (757036d0) from the trader "Components (Cyril [#STR_EXPANSION_MARKET_TRADER_COMPONENTS])" in market zone "Trader Zone" (pos=<6675.160645, 104.603935, 6114.155762>) for a price of 5.
18:07:42.265 [Market] Player "SMOKE" (id=2BQZNjXwEob6ybH6jbNnUL335Z9Ch2nxxqmWpL8xbnk=) has bought whetstone x1 (9d41cc80) from the trader "Components (Cyril [#STR_EXPANSION_MARKET_TRADER_COMPONENTS])" in market zone "Trader Zone" (pos=<6675.160645, 104.603935, 6114.155762>) for a price of 5.
18:08:03.835 [Market] Player "SMOKE" (id=2BQZNjXwEob6ybH6jbNnUL335Z9Ch2nxxqmWpL8xbnk=) has bought weaponcleaningkit x1 (9f56ac40) from the trader "Components (Cyril [#STR_EXPANSION_MARKET_TRADER_COMPONENTS])" in market zone "Trader Zone" (pos=<6675.160645, 104.603935, 6114.155762>) for a price of 8.
18:10:54.128 [Market] Player "SMOKE" (id=2BQZNjXwEob6ybH6jbNnUL335Z9Ch2nxxqmWpL8xbnk=) has sold epoxyputty x1 (9c2000a0) at the trader "Components (Cyril [#STR_EXPANSION_MARKET_TRADER_COMPONENTS])" in market zone "Trader Zone" (pos=<6675.160645, 104.603935, 6114.155762>) and got 8.
18:11:15.906 [Market] Player "SMOKE" (id=2BQZNjXwEob6ybH6jbNnUL335Z9Ch2nxxqmWpL8xbnk=) has sold mag_cz75_15rnd x1 (9dbea9b0, ammo_9x19 x8) at the trader "Attachments (Jose [#STR_EXPANSION_MARKET_TRADER_ATTACHMENTS])" in market zone "Trader Zone" (pos=<6675.160645, 104.603935, 6114.155762>) and got 30.
18:11:19.031 [Market] Player "SMOKE" (id=2BQZNjXwEob6ybH6jbNnUL335Z9Ch2nxxqmWpL8xbnk=) has sold mag_cmag_20rnd x1 (9bda95f0, ammo_556x45 x9) at the trader "Attachments (Jose [#STR_EXPANSION_MARKET_TRADER_ATTACHMENTS])" in market zone "Trader Zone" (pos=<6675.160645, 104.603935, 6114.155762>) and got 76.
18:11:20.195 [Market] Player "SMOKE" (id=2BQZNjXwEob6ybH6jbNnUL335Z9Ch2nxxqmWpL8xbnk=) has sold mag_ak74_30rnd x1 (95d14290, ammo_545x39 x5) at the trader "Attachments (Jose [#STR_EXPANSION_MARKET_TRADER_ATTACHMENTS])" in market zone "Trader Zone" (pos=<6675.160645, 104.603935, 6114.155762>) and got 170.
18:12:07.906 [Market] Player "SMOKE" (id=2BQZNjXwEob6ybH6jbNnUL335Z9Ch2nxxqmWpL8xbnk=) has bought ak_suppressor x1 (9bcea470) from the trader "Attachments (Jose [#STR_EXPANSION_MARKET_TRADER_ATTACHMENTS])" in market zone "Trader Zone" (pos=<6675.160645, 104.603935, 6114.155762>) for a price of 25.
18:12:32.171 [Market] Player "SMOKE" (id=2BQZNjXwEob6ybH6jbNnUL335Z9Ch2nxxqmWpL8xbnk=) has bought m4_suppressor x1 (9f569520) from the trader "Attachments (Jose [#STR_EXPANSION_MARKET_TRADER_ATTACHMENTS])" in market zone "Trader Zone" (pos=<6675.160645, 104.603935, 6114.155762>) for a price of 25.
18:12:55.210 [Market] Player "SMOKE" (id=2BQZNjXwEob6ybH6jbNnUL335Z9Ch2nxxqmWpL8xbnk=) has bought mosin_compensator x1 (9bcd6c40) from the trader "Attachments (Jose [#STR_EXPANSION_MARKET_TRADER_ATTACHMENTS])" in market zone "Trader Zone" (pos=<6675.160645, 104.603935, 6114.155762>) for a price of 150.
18:14:11.078 [Market] Player "SMOKE" (id=2BQZNjXwEob6ybH6jbNnUL335Z9Ch2nxxqmWpL8xbnk=) has sold ak_suppressor x1 (9bcea470) at the trader "Attachments (Jose [#STR_EXPANSION_MARKET_TRADER_ATTACHMENTS])" in market zone "Trader Zone" (pos=<6675.160645, 104.603935, 6114.155762>) and got 18.
18:14:12.593 [Market] Player "SMOKE" (id=2BQZNjXwEob6ybH6jbNnUL335Z9Ch2nxxqmWpL8xbnk=) has sold m4_suppressor x1 (9f569520) at the trader "Attachments (Jose [#STR_EXPANSION_MARKET_TRADER_ATTACHMENTS])" in market zone "Trader Zone" (pos=<6675.160645, 104.603935, 6114.155762>) and got 18.
18:14:44.945 [Killfeed] Jakyll commited suicide with SK 59/66 Bayonet.
18:14:56.843 [Market] Player "SMOKE" (id=2BQZNjXwEob6ybH6jbNnUL335Z9Ch2nxxqmWpL8xbnk=) has bought mag_cz61_20rnd x1 (9e21f180, ammo_380 x20) from the trader "Attachments (Jose [#STR_EXPANSION_MARKET_TRADER_ATTACHMENTS])" in market zone "Trader Zone" (pos=<6675.160645, 104.603935, 6114.155762>) for a price of 140.
18:15:02.015 [Market] Player "SMOKE" (id=2BQZNjXwEob6ybH6jbNnUL335Z9Ch2nxxqmWpL8xbnk=) has bought mag_cz61_20rnd x1 (9a136420, ammo_380 x20) from the trader "Attachments (Jose [#STR_EXPANSION_MARKET_TRADER_ATTACHMENTS])" in market zone "Trader Zone" (pos=<6675.160645, 104.603935, 6114.155762>) for a price of 140.
18:16:03.023 [Market] Player "SMOKE" (id=2BQZNjXwEob6ybH6jbNnUL335Z9Ch2nxxqmWpL8xbnk=) has bought mkii x1 (98369120, Mag_MKII_10Rnd<905190d0>, ammo_22 x10) from the trader "Weapons (Denis [#STR_EXPANSION_MARKET_TRADER_WEAPONS])" in market zone "Trader Zone" (pos=<6675.160645, 104.603935, 6114.155762>) for a price of 380.
18:17:06.000 [Market] Player "SMOKE" (id=2BQZNjXwEob6ybH6jbNnUL335Z9Ch2nxxqmWpL8xbnk=) has sold ammo_308win x1 (99d6ab70) at the trader "Weapons (Denis [#STR_EXPANSION_MARKET_TRADER_WEAPONS])" in market zone "Trader Zone" (pos=<6675.160645, 104.603935, 6114.155762>) and got 1.
18:17:07.570 [Market] Player "SMOKE" (id=2BQZNjXwEob6ybH6jbNnUL335Z9Ch2nxxqmWpL8xbnk=) has sold ammo_308win x1 (99d6ab70) at the trader "Weapons (Denis [#STR_EXPANSION_MARKET_TRADER_WEAPONS])" in market zone "Trader Zone" (pos=<6675.160645, 104.603935, 6114.155762>) and got 1.
18:17:18.539 [Market] Player "SMOKE" (id=2BQZNjXwEob6ybH6jbNnUL335Z9Ch2nxxqmWpL8xbnk=) has sold ammo_308win x26 (99d6ab70, 95d2c020) at the trader "Weapons (Denis [#STR_EXPANSION_MARKET_TRADER_WEAPONS])" in market zone "Trader Zone" (pos=<6675.160645, 104.603935, 6114.155762>) and got 26.
18:17:23.687 [Market] Player "SMOKE" (id=2BQZNjXwEob6ybH6jbNnUL335Z9Ch2nxxqmWpL8xbnk=) has sold ammo_762x39 x1 (9d40d9b0) at the trader "Weapons (Denis [#STR_EXPANSION_MARKET_TRADER_WEAPONS])" in market zone "Trader Zone" (pos=<6675.160645, 104.603935, 6114.155762>) and got 1.
18:17:24.507 [Market] Player "SMOKE" (id=2BQZNjXwEob6ybH6jbNnUL335Z9Ch2nxxqmWpL8xbnk=) has sold ammo_762x39 x1 (9d40d9b0) at the trader "Weapons (Denis [#STR_EXPANSION_MARKET_TRADER_WEAPONS])" in market zone "Trader Zone" (pos=<6675.160645, 104.603935, 6114.155762>) and got 1.
18:17:27.828 [Market] Player "SMOKE" (id=2BQZNjXwEob6ybH6jbNnUL335Z9Ch2nxxqmWpL8xbnk=) has sold ammo_9x19 x1 (95923320) at the trader "Weapons (Denis [#STR_EXPANSION_MARKET_TRADER_WEAPONS])" in market zone "Trader Zone" (pos=<6675.160645, 104.603935, 6114.155762>) and got 0.
18:17:28.687 [Market] Player "SMOKE" (id=2BQZNjXwEob6ybH6jbNnUL335Z9Ch2nxxqmWpL8xbnk=) has sold ammo_9x19 x1 (95923320) at the trader "Weapons (Denis [#STR_EXPANSION_MARKET_TRADER_WEAPONS])" in market zone "Trader Zone" (pos=<6675.160645, 104.603935, 6114.155762>) and got 0.
18:17:30.085 [Market] Player "SMOKE" (id=2BQZNjXwEob6ybH6jbNnUL335Z9Ch2nxxqmWpL8xbnk=) has sold ammo_9x19 x1 (95923320) at the trader "Weapons (Denis [#STR_EXPANSION_MARKET_TRADER_WEAPONS])" in market zone "Trader Zone" (pos=<6675.160645, 104.603935, 6114.155762>) and got 0.
18:17:40.843 [Market] Player "SMOKE" (id=2BQZNjXwEob6ybH6jbNnUL335Z9Ch2nxxqmWpL8xbnk=) has sold ammobox_545x39_20rnd x1 (93bc69b0) at the trader "Weapons (Denis [#STR_EXPANSION_MARKET_TRADER_WEAPONS])" in market zone "Trader Zone" (pos=<6675.160645, 104.603935, 6114.155762>) and got 24.
18:17:50.804 [Market] Player "SMOKE" (id=2BQZNjXwEob6ybH6jbNnUL335Z9Ch2nxxqmWpL8xbnk=) has sold ammobox_762x39_20rnd x1 (99f3ad40) at the trader "Weapons (Denis [#STR_EXPANSION_MARKET_TRADER_WEAPONS])" in market zone "Trader Zone" (pos=<6675.160645, 104.603935, 6114.155762>) and got 6.
18:17:54.054 [Market] Player "SMOKE" (id=2BQZNjXwEob6ybH6jbNnUL335Z9Ch2nxxqmWpL8xbnk=) has sold ammobox_9x19_25rnd x1 (9d54c650) at the trader "Weapons (Denis [#STR_EXPANSION_MARKET_TRADER_WEAPONS])" in market zone "Trader Zone" (pos=<6675.160645, 104.603935, 6114.155762>) and got 15.
18:18:34.031 [Market] Player "SMOKE" (id=2BQZNjXwEob6ybH6jbNnUL335Z9Ch2nxxqmWpL8xbnk=) has bought weaponcleaningkit x1 (99d64ef0) from the trader "Components (Cyril [#STR_EXPANSION_MARKET_TRADER_COMPONENTS])" in market zone "Trader Zone" (pos=<6675.160645, 104.603935, 6114.155762>) for a price of 8.
18:19:25.968 [Market] Player "SMOKE" (id=2BQZNjXwEob6ybH6jbNnUL335Z9Ch2nxxqmWpL8xbnk=) has bought ammobox x1 (9bdae6e0) from the trader "Components (Cyril [#STR_EXPANSION_MARKET_TRADER_COMPONENTS])" in market zone "Trader Zone" (pos=<6675.160645, 104.603935, 6114.155762>) for a price of 80.
18:21:58.445 [Market] Player "SMOKE" (id=2BQZNjXwEob6ybH6jbNnUL335Z9Ch2nxxqmWpL8xbnk=) has bought sewingkit x1 (9bfdd190) from the trader "Components (Cyril [#STR_EXPANSION_MARKET_TRADER_COMPONENTS])" in market zone "Trader Zone" (pos=<6675.160645, 104.603935, 6114.155762>) for a price of 4.
18:23:52.515 [Market] Player "SMOKE" (id=2BQZNjXwEob6ybH6jbNnUL335Z9Ch2nxxqmWpL8xbnk=) has bought mag_mkii_10rnd x1 (9051e1c0, ammo_22 x10) from the trader "Attachments (Jose [#STR_EXPANSION_MARKET_TRADER_ATTACHMENTS])" in market zone "Trader Zone" (pos=<6675.160645, 104.603935, 6114.155762>) for a price of 60.
18:24:01.375 [Market] Player "SMOKE" (id=2BQZNjXwEob6ybH6jbNnUL335Z9Ch2nxxqmWpL8xbnk=) has bought mag_cz61_20rnd x1 (90530e60, ammo_380 x20) from the trader "Attachments (Jose [#STR_EXPANSION_MARKET_TRADER_ATTACHMENTS])" in market zone "Trader Zone" (pos=<6675.160645, 104.603935, 6114.155762>) for a price of 140.
18:25:18.390 [Market] Player "SMOKE" (id=2BQZNjXwEob6ybH6jbNnUL335Z9Ch2nxxqmWpL8xbnk=) has bought platecarrierpouches x1 (9d8510d0) from the trader "Clothing (Naomi [#STR_EXPANSION_MARKET_TRADER_CLOTHING])" in market zone "Trader Zone" (pos=<6675.160645, 104.603935, 6114.155762>) for a price of 100.
18:28:55.234 [Market] Player "SMOKE" (id=2BQZNjXwEob6ybH6jbNnUL335Z9Ch2nxxqmWpL8xbnk=) has bought tetracyclineantibiotics x1 (97a90170) from the trader "Medicals (Mirek [#STR_EXPANSION_MARKET_TRADER_MEDICALS])" in market zone "Trader Zone" (pos=<6675.160645, 104.603935, 6114.155762>) for a price of 8.
18:29:04.460 [Market] Player "SMOKE" (id=2BQZNjXwEob6ybH6jbNnUL335Z9Ch2nxxqmWpL8xbnk=) has bought tetracyclineantibiotics x1 (910a8650) from the trader "Medicals (Mirek [#STR_EXPANSION_MARKET_TRADER_MEDICALS])" in market zone "Trader Zone" (pos=<6675.160645, 104.603935, 6114.155762>) for a price of 8.
18:29:19.468 [Market] Player "SMOKE" (id=2BQZNjXwEob6ybH6jbNnUL335Z9Ch2nxxqmWpL8xbnk=) has bought purificationtablets x1 (90ae0cc0) from the trader "Medicals (Mirek [#STR_EXPANSION_MARKET_TRADER_MEDICALS])" in market zone "Trader Zone" (pos=<6675.160645, 104.603935, 6114.155762>) for a price of 5.
18:30:19.523 [Market] Player "SMOKE" (id=2BQZNjXwEob6ybH6jbNnUL335Z9Ch2nxxqmWpL8xbnk=) has bought platecarrierholster x1 (95481510) from the trader "Clothing (Naomi [#STR_EXPANSION_MARKET_TRADER_CLOTHING])" in market zone "Trader Zone" (pos=<6675.160645, 104.603935, 6114.155762>) for a price of 60.
18:30:21.343 [Market] Player "SMOKE" (id=2BQZNjXwEob6ybH6jbNnUL335Z9Ch2nxxqmWpL8xbnk=) has bought nylonknifesheath x1 (8eed8360) from the trader "Clothing (Naomi [#STR_EXPANSION_MARKET_TRADER_CLOTHING])" in market zone "Trader Zone" (pos=<6675.160645, 104.603935, 6114.155762>) for a price of 30.
18:31:21.632 [Market] Player "SMOKE" (id=2BQZNjXwEob6ybH6jbNnUL335Z9Ch2nxxqmWpL8xbnk=) has bought gorkahelmet x1 (95741730, GorkaHelmetVisor<8ebd8bb0>) from the trader "Clothing (Naomi [#STR_EXPANSION_MARKET_TRADER_CLOTHING])" in market zone "Trader Zone" (pos=<6675.160645, 104.603935, 6114.155762>) for a price of 290.
18:34:55.062 [Killfeed] Jakyll got killed.
18:35:46.804 [Market] Player "SMOKE" (id=2BQZNjXwEob6ybH6jbNnUL335Z9Ch2nxxqmWpL8xbnk=) has bought mosin_bayonet x1 (9bcc7970) from the trader "Attachments (Jose [#STR_EXPANSION_MARKET_TRADER_ATTACHMENTS])" in market zone "Trader Zone" (pos=<6675.160645, 104.603935, 6114.155762>) for a price of 100.
18:36:05.679 [Market] Player "SMOKE" (id=2BQZNjXwEob6ybH6jbNnUL335Z9Ch2nxxqmWpL8xbnk=) has bought ghillieatt_tan x1 (9b6e5620) from the trader "Attachments (Jose [#STR_EXPANSION_MARKET_TRADER_ATTACHMENTS])" in market zone "Trader Zone" (pos=<6675.160645, 104.603935, 6114.155762>) for a price of 220.
18:36:30.812 [Market] Player "SMOKE" (id=2BQZNjXwEob6ybH6jbNnUL335Z9Ch2nxxqmWpL8xbnk=) has bought m4a1 x1 (67bcc4d0, M4_PlasticHndgrd<995beb20>, M4_OEBttstck<995f08f0>, Mag_STANAG_30Rnd<995f4e50>, ammo_556x45 x30, M4_CarryHandleOptic<f11a6100>) from the trader "Weapons (Denis [#STR_EXPANSION_MARKET_TRADER_WEAPONS])" in market zone "Trader Zone" (pos=<6675.160645, 104.603935, 6114.155762>) for a price of 2330.
18:37:14.945 [Market] Player "SMOKE" (id=2BQZNjXwEob6ybH6jbNnUL335Z9Ch2nxxqmWpL8xbnk=) has bought mag_stanag_60rnd x1 (980ee9e0, ammo_556x45 x60) from the trader "Attachments (Jose [#STR_EXPANSION_MARKET_TRADER_ATTACHMENTS])" in market zone "Trader Zone" (pos=<6675.160645, 104.603935, 6114.155762>) for a price of 600.
18:37:19.273 [Market] Player "SMOKE" (id=2BQZNjXwEob6ybH6jbNnUL335Z9Ch2nxxqmWpL8xbnk=) has bought mag_stanag_60rnd x1 (98595a60, ammo_556x45 x60) from the trader "Attachments (Jose [#STR_EXPANSION_MARKET_TRADER_ATTACHMENTS])" in market zone "Trader Zone" (pos=<6675.160645, 104.603935, 6114.155762>) for a price of 600.
18:37:25.960 [Market] Player "SMOKE" (id=2BQZNjXwEob6ybH6jbNnUL335Z9Ch2nxxqmWpL8xbnk=) has bought mag_stanag_60rnd x1 (9b9596f0, ammo_556x45 x60) from the trader "Attachments (Jose [#STR_EXPANSION_MARKET_TRADER_ATTACHMENTS])" in market zone "Trader Zone" (pos=<6675.160645, 104.603935, 6114.155762>) for a price of 600.
18:38:30.687 [Market] Player "SMOKE" (id=2BQZNjXwEob6ybH6jbNnUL335Z9Ch2nxxqmWpL8xbnk=) has bought acogoptic_6x x1 (97a9c270) from the trader "Attachments (Jose [#STR_EXPANSION_MARKET_TRADER_ATTACHMENTS])" in market zone "Trader Zone" (pos=<6675.160645, 104.603935, 6114.155762>) for a price of 1200.
18:39:12.843 [Market] Player "SMOKE" (id=2BQZNjXwEob6ybH6jbNnUL335Z9Ch2nxxqmWpL8xbnk=) has bought ak_suppressor x1 (9bff09c0) from the trader "Attachments (Jose [#STR_EXPANSION_MARKET_TRADER_ATTACHMENTS])" in market zone "Trader Zone" (pos=<6675.160645, 104.603935, 6114.155762>) for a price of 25.
18:39:24.546 [Market] Player "SMOKE" (id=2BQZNjXwEob6ybH6jbNnUL335Z9Ch2nxxqmWpL8xbnk=) has bought m4_suppressor x1 (93e2f810) from the trader "Attachments (Jose [#STR_EXPANSION_MARKET_TRADER_ATTACHMENTS])" in market zone "Trader Zone" (pos=<6675.160645, 104.603935, 6114.155762>) for a price of 25.
18:40:02.875 [Market] Player "SMOKE" (id=2BQZNjXwEob6ybH6jbNnUL335Z9Ch2nxxqmWpL8xbnk=) has sold ak_suppressor x1 (9bff09c0) at the trader "Attachments (Jose [#STR_EXPANSION_MARKET_TRADER_ATTACHMENTS])" in market zone "Trader Zone" (pos=<6675.160645, 104.603935, 6114.155762>) and got 18.
18:40:16.562 [Market] Player "SMOKE" (id=2BQZNjXwEob6ybH6jbNnUL335Z9Ch2nxxqmWpL8xbnk=) has sold m4_carryhandleoptic x1 (f11a6100) at the trader "Attachments (Jose [#STR_EXPANSION_MARKET_TRADER_ATTACHMENTS])" in market zone "Trader Zone" (pos=<6675.160645, 104.603935, 6114.155762>) and got 112.
18:40:26.179 [Market] Player "SMOKE" (id=2BQZNjXwEob6ybH6jbNnUL335Z9Ch2nxxqmWpL8xbnk=) has sold mosin_bayonet x1 (9bcc7970) at the trader "Attachments (Jose [#STR_EXPANSION_MARKET_TRADER_ATTACHMENTS])" in market zone "Trader Zone" (pos=<6675.160645, 104.603935, 6114.155762>) and got 75.
18:40:55.429 [Market] Player "SMOKE" (id=2BQZNjXwEob6ybH6jbNnUL335Z9Ch2nxxqmWpL8xbnk=) has bought ammobox_556x45_20rnd x1 (95ad9290) from the trader "Weapons (Denis [#STR_EXPANSION_MARKET_TRADER_WEAPONS])" in market zone "Trader Zone" (pos=<6675.160645, 104.603935, 6114.155762>) for a price of 32.
18:40:56.265 [Market] Player "SMOKE" (id=2BQZNjXwEob6ybH6jbNnUL335Z9Ch2nxxqmWpL8xbnk=) has bought ammobox_556x45_20rnd x1 (95ad4d30) from the trader "Weapons (Denis [#STR_EXPANSION_MARKET_TRADER_WEAPONS])" in market zone "Trader Zone" (pos=<6675.160645, 104.603935, 6114.155762>) for a price of 32.
18:40:57.109 [Market] Player "SMOKE" (id=2BQZNjXwEob6ybH6jbNnUL335Z9Ch2nxxqmWpL8xbnk=) has bought ammobox_556x45_20rnd x1 (95aecac0) from the trader "Weapons (Denis [#STR_EXPANSION_MARKET_TRADER_WEAPONS])" in market zone "Trader Zone" (pos=<6675.160645, 104.603935, 6114.155762>) for a price of 32.
18:40:57.960 [Market] Player "SMOKE" (id=2BQZNjXwEob6ybH6jbNnUL335Z9Ch2nxxqmWpL8xbnk=) has bought ammobox_556x45_20rnd x1 (9d6d2ba0) from the trader "Weapons (Denis [#STR_EXPANSION_MARKET_TRADER_WEAPONS])" in market zone "Trader Zone" (pos=<6675.160645, 104.603935, 6114.155762>) for a price of 32.
18:40:59.164 [Market] Player "SMOKE" (id=2BQZNjXwEob6ybH6jbNnUL335Z9Ch2nxxqmWpL8xbnk=) has bought ammobox_556x45_20rnd x1 (9d6d59e0) from the trader "Weapons (Denis [#STR_EXPANSION_MARKET_TRADER_WEAPONS])" in market zone "Trader Zone" (pos=<6675.160645, 104.603935, 6114.155762>) for a price of 32.
18:41:37.796 [ATM] Player "SMOKE" (id=2BQZNjXwEob6ybH6jbNnUL335Z9Ch2nxxqmWpL8xbnk=) has deposited 2501 on his ATM account.
18:43:12.890 [Safezone] Player "{1:name}" (id={1:id} pos={1:position}) left the safezone
18:46:23.812 [Safezone] Player "SMOKE" (id=2BQZNjXwEob6ybH6jbNnUL335Z9Ch2nxxqmWpL8xbnk= pos=<6729.81, 110.32, 6031.85>) entered the safezone
18:46:39.570 [ATM] Player "SMOKE" (id=2BQZNjXwEob6ybH6jbNnUL335Z9Ch2nxxqmWpL8xbnk=) has withdrawn 2501 from his ATM account.
18:48:03.289 [Market] Player "SMOKE" (id=2BQZNjXwEob6ybH6jbNnUL335Z9Ch2nxxqmWpL8xbnk=) has bought drysackbag_green x1 (9df081a0) from the trader "Clothing (Naomi [#STR_EXPANSION_MARKET_TRADER_CLOTHING])" in market zone "Trader Zone" (pos=<6675.160645, 104.603935, 6114.155762>) for a price of 120.
18:48:37.898 [Market] Player "SMOKE" (id=2BQZNjXwEob6ybH6jbNnUL335Z9Ch2nxxqmWpL8xbnk=) has bought alicebag_green x1 (9d6be7e0) from the trader "Clothing (Naomi [#STR_EXPANSION_MARKET_TRADER_CLOTHING])" in market zone "Trader Zone" (pos=<6675.160645, 104.603935, 6114.155762>) for a price of 400.
18:49:17.234 [Market] Player "SMOKE" (id=2BQZNjXwEob6ybH6jbNnUL335Z9Ch2nxxqmWpL8xbnk=) has sold drysackbag_green x1 (9df081a0) at the trader "Clothing (Naomi [#STR_EXPANSION_MARKET_TRADER_CLOTHING])" in market zone "Trader Zone" (pos=<6675.160645, 104.603935, 6114.155762>) and got 90.
18:50:20.320 [Safezone] Player "{1:name}" (id={1:id} pos={1:position}) left the safezone
18:57:34.328 [Party] Player "SMOKE" (id=2BQZNjXwEob6ybH6jbNnUL335Z9Ch2nxxqmWpL8xbnk=) left the party "Team Trump" (id=3 ownerUID=2BQZNjXwEob6ybH6jbNnUL335Z9Ch2nxxqmWpL8xbnk= ownerName=SMOKE)
