00:05:42.250 [Safezone] Player "DUSTY PINKY" (id=s8r0CBUvA4m0dDsoAZ-_G4y6F5w2f9qLRLI59dyQZnI= pos=<6628, 106.5, 6200.63>) entered the safezone
02:26:54.187 [Safezone] Player "tRust" (id=Rcr_R57uemt0Ut_kqH0yInDUYqoNN0-GeOyUjyJHuSY= pos=<6635.24, 103.04, 6204.84>) entered the safezone
02:28:03.718 [Market] Player "tRust" (id=Rcr_R57uemt0Ut_kqH0yInDUYqoNN0-GeOyUjyJHuSY=) has sold hook x1 (a07638a0) at the trader "Fishing (Baty [#STR_EXPANSION_MARKET_TRADER_FISHING])" in market zone "Trader Zone" (pos=<6675.160645, 104.603935, 6114.155762>) and got 1.
02:28:48.710 [Market] Player "tRust" (id=Rcr_R57uemt0Ut_kqH0yInDUYqoNN0-GeOyUjyJHuSY=) has sold m4_rishndgrd x1 (9eee0ed0) at the trader "Attachments (Jose [#STR_EXPANSION_MARKET_TRADER_ATTACHMENTS])" in market zone "Trader Zone" (pos=<6675.160645, 104.603935, 6114.155762>) and got 150.
02:28:51.343 [Market] Player "tRust" (id=Rcr_R57uemt0Ut_kqH0yInDUYqoNN0-GeOyUjyJHuSY=) has sold mag_mp5_15rnd x1 (96a37b20, ammo_9x19 x2) at the trader "Attachments (Jose [#STR_EXPANSION_MARKET_TRADER_ATTACHMENTS])" in market zone "Trader Zone" (pos=<6675.160645, 104.603935, 6114.155762>) and got 114.
02:28:57.742 [Market] Player "tRust" (id=Rcr_R57uemt0Ut_kqH0yInDUYqoNN0-GeOyUjyJHuSY=) has sold battery9v x1 (f4f331d0) at the trader "Components (Cyril [#STR_EXPANSION_MARKET_TRADER_COMPONENTS])" in market zone "Trader Zone" (pos=<6675.160645, 104.603935, 6114.155762>) and got 1.
02:29:00.796 [Market] Player "tRust" (id=Rcr_R57uemt0Ut_kqH0yInDUYqoNN0-GeOyUjyJHuSY=) has sold smallprotectorcase x1 (9b856de0) at the trader "Components (Cyril [#STR_EXPANSION_MARKET_TRADER_COMPONENTS])" in market zone "Trader Zone" (pos=<6675.160645, 104.603935, 6114.155762>) and got 26.
02:29:03.210 [Market] Player "tRust" (id=Rcr_R57uemt0Ut_kqH0yInDUYqoNN0-GeOyUjyJHuSY=) has sold personalradio x1 (f4f35480) at the trader "Components (Cyril [#STR_EXPANSION_MARKET_TRADER_COMPONENTS])" in market zone "Trader Zone" (pos=<6675.160645, 104.603935, 6114.155762>) and got 1.
02:29:07.007 [Market] Player "tRust" (id=Rcr_R57uemt0Ut_kqH0yInDUYqoNN0-GeOyUjyJHuSY=) has sold blowtorch x1 (9962f540) at the trader "Components (Cyril [#STR_EXPANSION_MARKET_TRADER_COMPONENTS])" in market zone "Trader Zone" (pos=<6675.160645, 104.603935, 6114.155762>) and got 140.
02:29:38.507 [Market] Player "tRust" (id=Rcr_R57uemt0Ut_kqH0yInDUYqoNN0-GeOyUjyJHuSY=) has sold makarovij70 x1 (e2e298a0, Mag_IJ70_8Rnd<93d98340>, ammo_380 x7) at the trader "Weapons (Denis [#STR_EXPANSION_MARKET_TRADER_WEAPONS])" in market zone "Trader Zone" (pos=<6675.160645, 104.603935, 6114.155762>) and got 47.
02:29:44.070 [Market] Player "tRust" (id=Rcr_R57uemt0Ut_kqH0yInDUYqoNN0-GeOyUjyJHuSY=) has sold crossbow_wood x1 (e2e30e30) at the trader "Weapons (Denis [#STR_EXPANSION_MARKET_TRADER_WEAPONS])" in market zone "Trader Zone" (pos=<6675.160645, 104.603935, 6114.155762>) and got 600.
02:29:48.289 [Market] Player "tRust" (id=Rcr_R57uemt0Ut_kqH0yInDUYqoNN0-GeOyUjyJHuSY=) has sold ammo_762x39 x1 (9aff79f0) at the trader "Weapons (Denis [#STR_EXPANSION_MARKET_TRADER_WEAPONS])" in market zone "Trader Zone" (pos=<6675.160645, 104.603935, 6114.155762>) and got 1.
02:29:48.515 [Market] Player "tRust" (id=Rcr_R57uemt0Ut_kqH0yInDUYqoNN0-GeOyUjyJHuSY=) has sold ammo_762x39 x1 (9aff79f0) at the trader "Weapons (Denis [#STR_EXPANSION_MARKET_TRADER_WEAPONS])" in market zone "Trader Zone" (pos=<6675.160645, 104.603935, 6114.155762>) and got 1.
02:29:48.710 [Market] Player "tRust" (id=Rcr_R57uemt0Ut_kqH0yInDUYqoNN0-GeOyUjyJHuSY=) has sold ammo_762x39 x1 (9aff79f0) at the trader "Weapons (Denis [#STR_EXPANSION_MARKET_TRADER_WEAPONS])" in market zone "Trader Zone" (pos=<6675.160645, 104.603935, 6114.155762>) and got 1.
02:29:48.882 [Market] Player "tRust" (id=Rcr_R57uemt0Ut_kqH0yInDUYqoNN0-GeOyUjyJHuSY=) has sold ammo_762x39 x1 (9aff79f0) at the trader "Weapons (Denis [#STR_EXPANSION_MARKET_TRADER_WEAPONS])" in market zone "Trader Zone" (pos=<6675.160645, 104.603935, 6114.155762>) and got 1.
02:29:49.078 [Market] Player "tRust" (id=Rcr_R57uemt0Ut_kqH0yInDUYqoNN0-GeOyUjyJHuSY=) has sold ammo_762x39 x1 (9aff79f0) at the trader "Weapons (Denis [#STR_EXPANSION_MARKET_TRADER_WEAPONS])" in market zone "Trader Zone" (pos=<6675.160645, 104.603935, 6114.155762>) and got 1.
02:29:49.296 [Market] Player "tRust" (id=Rcr_R57uemt0Ut_kqH0yInDUYqoNN0-GeOyUjyJHuSY=) has sold ammo_762x39 x1 (9aff79f0) at the trader "Weapons (Denis [#STR_EXPANSION_MARKET_TRADER_WEAPONS])" in market zone "Trader Zone" (pos=<6675.160645, 104.603935, 6114.155762>) and got 1.
02:29:49.492 [Market] Player "tRust" (id=Rcr_R57uemt0Ut_kqH0yInDUYqoNN0-GeOyUjyJHuSY=) has sold ammo_762x39 x1 (9aff79f0) at the trader "Weapons (Denis [#STR_EXPANSION_MARKET_TRADER_WEAPONS])" in market zone "Trader Zone" (pos=<6675.160645, 104.603935, 6114.155762>) and got 1.
02:29:49.679 [Market] Player "tRust" (id=Rcr_R57uemt0Ut_kqH0yInDUYqoNN0-GeOyUjyJHuSY=) has sold ammo_762x39 x1 (9aff79f0) at the trader "Weapons (Denis [#STR_EXPANSION_MARKET_TRADER_WEAPONS])" in market zone "Trader Zone" (pos=<6675.160645, 104.603935, 6114.155762>) and got 1.
02:29:49.875 [Market] Player "tRust" (id=Rcr_R57uemt0Ut_kqH0yInDUYqoNN0-GeOyUjyJHuSY=) has sold ammo_762x39 x1 (9aff79f0) at the trader "Weapons (Denis [#STR_EXPANSION_MARKET_TRADER_WEAPONS])" in market zone "Trader Zone" (pos=<6675.160645, 104.603935, 6114.155762>) and got 1.
02:29:50.085 [Market] Player "tRust" (id=Rcr_R57uemt0Ut_kqH0yInDUYqoNN0-GeOyUjyJHuSY=) has sold ammo_762x39 x1 (9aff79f0) at the trader "Weapons (Denis [#STR_EXPANSION_MARKET_TRADER_WEAPONS])" in market zone "Trader Zone" (pos=<6675.160645, 104.603935, 6114.155762>) and got 1.
02:29:50.281 [Market] Player "tRust" (id=Rcr_R57uemt0Ut_kqH0yInDUYqoNN0-GeOyUjyJHuSY=) has sold ammo_762x39 x1 (9aff79f0) at the trader "Weapons (Denis [#STR_EXPANSION_MARKET_TRADER_WEAPONS])" in market zone "Trader Zone" (pos=<6675.160645, 104.603935, 6114.155762>) and got 1.
02:29:50.484 [Market] Player "tRust" (id=Rcr_R57uemt0Ut_kqH0yInDUYqoNN0-GeOyUjyJHuSY=) has sold ammo_762x39 x1 (9aff79f0) at the trader "Weapons (Denis [#STR_EXPANSION_MARKET_TRADER_WEAPONS])" in market zone "Trader Zone" (pos=<6675.160645, 104.603935, 6114.155762>) and got 1.
02:29:50.679 [Market] Player "tRust" (id=Rcr_R57uemt0Ut_kqH0yInDUYqoNN0-GeOyUjyJHuSY=) has sold ammo_762x39 x1 (9aff79f0) at the trader "Weapons (Denis [#STR_EXPANSION_MARKET_TRADER_WEAPONS])" in market zone "Trader Zone" (pos=<6675.160645, 104.603935, 6114.155762>) and got 1.
02:29:50.875 [Market] Player "tRust" (id=Rcr_R57uemt0Ut_kqH0yInDUYqoNN0-GeOyUjyJHuSY=) has sold ammo_762x39 x1 (9aff79f0) at the trader "Weapons (Denis [#STR_EXPANSION_MARKET_TRADER_WEAPONS])" in market zone "Trader Zone" (pos=<6675.160645, 104.603935, 6114.155762>) and got 1.
02:29:51.523 [Market] Player "tRust" (id=Rcr_R57uemt0Ut_kqH0yInDUYqoNN0-GeOyUjyJHuSY=) has sold ammo_huntingbolt x1 (9e676d10) at the trader "Weapons (Denis [#STR_EXPANSION_MARKET_TRADER_WEAPONS])" in market zone "Trader Zone" (pos=<6675.160645, 104.603935, 6114.155762>) and got 2.
02:29:51.710 [Market] Player "tRust" (id=Rcr_R57uemt0Ut_kqH0yInDUYqoNN0-GeOyUjyJHuSY=) has sold ammo_huntingbolt x1 (9e676d10) at the trader "Weapons (Denis [#STR_EXPANSION_MARKET_TRADER_WEAPONS])" in market zone "Trader Zone" (pos=<6675.160645, 104.603935, 6114.155762>) and got 2.
02:29:51.929 [Market] Player "tRust" (id=Rcr_R57uemt0Ut_kqH0yInDUYqoNN0-GeOyUjyJHuSY=) has sold ammo_huntingbolt x1 (9e676d10) at the trader "Weapons (Denis [#STR_EXPANSION_MARKET_TRADER_WEAPONS])" in market zone "Trader Zone" (pos=<6675.160645, 104.603935, 6114.155762>) and got 2.
02:29:52.117 [Market] Player "tRust" (id=Rcr_R57uemt0Ut_kqH0yInDUYqoNN0-GeOyUjyJHuSY=) has sold ammo_huntingbolt x1 (9e676d10) at the trader "Weapons (Denis [#STR_EXPANSION_MARKET_TRADER_WEAPONS])" in market zone "Trader Zone" (pos=<6675.160645, 104.603935, 6114.155762>) and got 2.
02:29:52.320 [Market] Player "tRust" (id=Rcr_R57uemt0Ut_kqH0yInDUYqoNN0-GeOyUjyJHuSY=) has sold ammo_huntingbolt x1 (9e676d10) at the trader "Weapons (Denis [#STR_EXPANSION_MARKET_TRADER_WEAPONS])" in market zone "Trader Zone" (pos=<6675.160645, 104.603935, 6114.155762>) and got 2.
02:29:52.953 [Market] Player "tRust" (id=Rcr_R57uemt0Ut_kqH0yInDUYqoNN0-GeOyUjyJHuSY=) has sold kitchenknife x1 (9b86d450) at the trader "Weapons (Denis [#STR_EXPANSION_MARKET_TRADER_WEAPONS])" in market zone "Trader Zone" (pos=<6675.160645, 104.603935, 6114.155762>) and got 4.
02:31:25.750 [Market] Player "tRust" (id=Rcr_R57uemt0Ut_kqH0yInDUYqoNN0-GeOyUjyJHuSY=) has bought expansion_m16 x1 (e2dfb010, Mag_STANAG_30Rnd<9cde5e40>, ammo_556x45 x30) from the trader "Weapons (Denis [#STR_EXPANSION_MARKET_TRADER_WEAPONS])" in market zone "Trader Zone" (pos=<6675.160645, 104.603935, 6114.155762>) for a price of 440.
02:32:05.023 [Market] Player "tRust" (id=Rcr_R57uemt0Ut_kqH0yInDUYqoNN0-GeOyUjyJHuSY=) has bought ammo_556x45 x120 (9e9f8880) from the trader "Weapons (Denis [#STR_EXPANSION_MARKET_TRADER_WEAPONS])" in market zone "Trader Zone" (pos=<6675.160645, 104.603935, 6114.155762>) for a price of 240.
02:32:22.679 [Market] Player "tRust" (id=Rcr_R57uemt0Ut_kqH0yInDUYqoNN0-GeOyUjyJHuSY=) has bought m4_suppressor x1 (9962c700) from the trader "Attachments (Jose [#STR_EXPANSION_MARKET_TRADER_ATTACHMENTS])" in market zone "Trader Zone" (pos=<6675.160645, 104.603935, 6114.155762>) for a price of 25.
02:32:31.257 [Market] Player "tRust" (id=Rcr_R57uemt0Ut_kqH0yInDUYqoNN0-GeOyUjyJHuSY=) has bought m4_suppressor x1 (99630c60) from the trader "Attachments (Jose [#STR_EXPANSION_MARKET_TRADER_ATTACHMENTS])" in market zone "Trader Zone" (pos=<6675.160645, 104.603935, 6114.155762>) for a price of 25.
02:32:31.781 [Market] Player "tRust" (id=Rcr_R57uemt0Ut_kqH0yInDUYqoNN0-GeOyUjyJHuSY=) has bought m4_suppressor x1 (9962f540) from the trader "Attachments (Jose [#STR_EXPANSION_MARKET_TRADER_ATTACHMENTS])" in market zone "Trader Zone" (pos=<6675.160645, 104.603935, 6114.155762>) for a price of 25.
02:33:40.828 [Market] Player "tRust" (id=Rcr_R57uemt0Ut_kqH0yInDUYqoNN0-GeOyUjyJHuSY=) has bought mag_stanagcoupled_30rnd x1 (93bfcfa0, ammo_556x45 x60) from the trader "Attachments (Jose [#STR_EXPANSION_MARKET_TRADER_ATTACHMENTS])" in market zone "Trader Zone" (pos=<6675.160645, 104.603935, 6114.155762>) for a price of 340.
02:39:19.671 [Market] Player "tRust" (id=Rcr_R57uemt0Ut_kqH0yInDUYqoNN0-GeOyUjyJHuSY=) has sold puscopeoptic x1 (9b078270) at the trader "Attachments (Jose [#STR_EXPANSION_MARKET_TRADER_ATTACHMENTS])" in market zone "Trader Zone" (pos=<6675.160645, 104.603935, 6114.155762>) and got 168.
02:40:03.453 [ATM] Player "tRust" (id=Rcr_R57uemt0Ut_kqH0yInDUYqoNN0-GeOyUjyJHuSY=) has withdrawn 500 from his ATM account.
02:41:09.671 [Market] Player "tRust" (id=Rcr_R57uemt0Ut_kqH0yInDUYqoNN0-GeOyUjyJHuSY=) has bought expansionhamroptic x1 (9d8c36d0, ExpansionDeltapointOptic<9d8cd3a0>, Battery9V<9e6778a0>) from the trader "Attachments (Jose [#STR_EXPANSION_MARKET_TRADER_ATTACHMENTS])" in market zone "Trader Zone" (pos=<6675.160645, 104.603935, 6114.155762>) for a price of 560.
02:42:48.468 [Safezone] Player "{1:name}" (id={1:id} pos={1:position}) left the safezone
