19:01:43.378 [Party] Player "Stivi the Kid" (id=W44v5r64t_fNpgzRQNLTal2wQQBqWJ8o-Qcc6Jd5hw8=) joinded the party "Viper Ethereal" (id=33 ownerUID=zazFLAJ4lPF6TvVQMMREjst1jC8o_Id9oh_TjGBwaP8= ownerName=ElBizzy)
19:01:45.065 [Party] Player "Mard" (id=OAEsqfVu9Ya3qx3X2Q_PgbpxSoSDXOIUHhH8VWVuumk=) joinded the party "Viper Ethereal" (id=33 ownerUID=zazFLAJ4lPF6TvVQMMREjst1jC8o_Id9oh_TjGBwaP8= ownerName=ElBizzy)
19:06:22.608 [MissionAirdrop] An airdrop is heading towards "Wind Farm" (pos=<6469.119629, 0.000000, 6864.399902> type=Random_WindFarm) with a ExpansionAirdropContainer_Medical
20:32:37.998 [MissionAirdrop] An airdrop is heading towards "Mohawk" (pos=<7978.891113, 0.000000, 7093.604004> type=Random_Mohawk) with a ExpansionAirdropContainer_Military
20:32:47.608 [Party] Player "London" (id=kOLgOs9yYBFVRQG3lqoHveYdP5X8y3SO69cq5MiR4us=) joinded the party "SLAVES" (id=1 ownerUID=m_TD03B4NXDQrU5koHpLq3WyQf1hXTvQSdETJOTM8ss= ownerName=F11 Simulator)
20:33:03.577 [Party] Player "F11 Simulator" (id=m_TD03B4NXDQrU5koHpLq3WyQf1hXTvQSdETJOTM8ss=) joinded the party "SLAVES" (id=1 ownerUID=m_TD03B4NXDQrU5koHpLq3WyQf1hXTvQSdETJOTM8ss= ownerName=F11 Simulator)
20:36:45.172 [Party] Player "F11 Simulator" (id=m_TD03B4NXDQrU5koHpLq3WyQf1hXTvQSdETJOTM8ss=) left the party "SLAVES" (id=1 ownerUID=m_TD03B4NXDQrU5koHpLq3WyQf1hXTvQSdETJOTM8ss= ownerName=F11 Simulator)
20:37:04.548 [Party] Player "London" (id=kOLgOs9yYBFVRQG3lqoHveYdP5X8y3SO69cq5MiR4us=) left the party "SLAVES" (id=1 ownerUID=m_TD03B4NXDQrU5koHpLq3WyQf1hXTvQSdETJOTM8ss= ownerName=F11 Simulator)
20:37:21.669 [VehicleEnter] Player "Stivi the Kid" (id=W44v5r64t_fNpgzRQNLTal2wQQBqWJ8o-Qcc6Jd5hw8=) entered vehicle Bicycle (id=16FF35C1754FD0F7EE97A595FF169A63 pos=<6556.04, 101.96, 6326.5>) as driver
20:37:27.702 [VehicleLeave] Player "Stivi the Kid" (id=W44v5r64t_fNpgzRQNLTal2wQQBqWJ8o-Qcc6Jd5hw8=) left vehicle Bicycle (id=16FF35C1754FD0F7EE97A595FF169A63 pos=<6556.04, 101.96, 6326.5>)
20:37:31.504 [VehicleDeleted] Old_Bike_Green (id=16FF35C1754FD0F7EE97A595FF169A63 pos=<6556.04, 101.96, 6326.5>)
20:37:37.036 [Safezone] Player "Mard" (id=OAEsqfVu9Ya3qx3X2Q_PgbpxSoSDXOIUHhH8VWVuumk= pos=<6627.56, 106.69, 6199.45>) entered the safezone
20:37:45.739 [VehicleDeleted] Old_Bike_Green (id=96DF66FDCD4DF07B4211B486480F84FD pos=<6561.69, 102.4, 6318.49>)
20:38:07.742 [VehicleEnter] Player "Stivi the Kid" (id=W44v5r64t_fNpgzRQNLTal2wQQBqWJ8o-Qcc6Jd5hw8=) entered vehicle Bicycle (id=1CBB84B073431357244E5E810528900E pos=<6569.32, 102.39, 6307.48>) as driver
20:38:28.821 [Safezone] Player "Stivi the Kid" (id=W44v5r64t_fNpgzRQNLTal2wQQBqWJ8o-Qcc6Jd5hw8= pos=<6628.47, 107.45, 6199.14>) entered the safezone
20:38:38.226 [Market] Player "Mard" (id=OAEsqfVu9Ya3qx3X2Q_PgbpxSoSDXOIUHhH8VWVuumk=) has sold scout x1 (45183600, Mag_Scout_5Rnd<4529aa50>, ammo_556x45 x2) at the trader "Weapons (Denis [#STR_EXPANSION_MARKET_TRADER_WEAPONS])" in market zone "Trader Zone" (pos=<6675.160645, 104.603935, 6114.155762>) and got 1717.
20:38:52.450 [VehicleLeave] Player "Stivi the Kid" (id=W44v5r64t_fNpgzRQNLTal2wQQBqWJ8o-Qcc6Jd5hw8=) left vehicle Bicycle (id=1CBB84B073431357244E5E810528900E pos=<6690.61, 102.62, 6074.87>)
20:39:24.655 [Market] Player "Stivi the Kid" (id=W44v5r64t_fNpgzRQNLTal2wQQBqWJ8o-Qcc6Jd5hw8=) has sold mp5k x1 (45190700, MP5_PlasticHndgrd<4627f9a0>, MP5k_StockBttstck<46280530>, Mag_MP5_30Rnd<76922760>, ammo_9x19 x6) at the trader "Weapons (Denis [#STR_EXPANSION_MARKET_TRADER_WEAPONS])" in market zone "Trader Zone" (pos=<6675.160645, 104.603935, 6114.155762>) and got 754.
20:39:25.621 [Market] Player "Mard" (id=OAEsqfVu9Ya3qx3X2Q_PgbpxSoSDXOIUHhH8VWVuumk=) has sold ssg82 x1 (4517c070) at the trader "Weapons (Denis [#STR_EXPANSION_MARKET_TRADER_WEAPONS])" in market zone "Trader Zone" (pos=<6675.160645, 104.603935, 6114.155762>) and got 337.
20:39:32.384 [Market] Player "Stivi the Kid" (id=W44v5r64t_fNpgzRQNLTal2wQQBqWJ8o-Qcc6Jd5hw8=) has sold ammo_45acp x1 (73e3cc70) at the trader "Weapons (Denis [#STR_EXPANSION_MARKET_TRADER_WEAPONS])" in market zone "Trader Zone" (pos=<6675.160645, 104.603935, 6114.155762>) and got 1.
20:39:33.617 [Market] Player "Stivi the Kid" (id=W44v5r64t_fNpgzRQNLTal2wQQBqWJ8o-Qcc6Jd5hw8=) has sold ammo_45acp x1 (73e3cc70) at the trader "Weapons (Denis [#STR_EXPANSION_MARKET_TRADER_WEAPONS])" in market zone "Trader Zone" (pos=<6675.160645, 104.603935, 6114.155762>) and got 1.
20:39:33.806 [Market] Player "Stivi the Kid" (id=W44v5r64t_fNpgzRQNLTal2wQQBqWJ8o-Qcc6Jd5hw8=) has sold ammo_45acp x1 (73e3cc70) at the trader "Weapons (Denis [#STR_EXPANSION_MARKET_TRADER_WEAPONS])" in market zone "Trader Zone" (pos=<6675.160645, 104.603935, 6114.155762>) and got 1.
20:39:33.999 [Market] Player "Stivi the Kid" (id=W44v5r64t_fNpgzRQNLTal2wQQBqWJ8o-Qcc6Jd5hw8=) has sold ammo_45acp x1 (73e3cc70) at the trader "Weapons (Denis [#STR_EXPANSION_MARKET_TRADER_WEAPONS])" in market zone "Trader Zone" (pos=<6675.160645, 104.603935, 6114.155762>) and got 1.
20:39:34.154 [Market] Player "Stivi the Kid" (id=W44v5r64t_fNpgzRQNLTal2wQQBqWJ8o-Qcc6Jd5hw8=) has sold ammo_45acp x1 (73e3cc70) at the trader "Weapons (Denis [#STR_EXPANSION_MARKET_TRADER_WEAPONS])" in market zone "Trader Zone" (pos=<6675.160645, 104.603935, 6114.155762>) and got 1.
20:39:34.306 [Market] Player "Stivi the Kid" (id=W44v5r64t_fNpgzRQNLTal2wQQBqWJ8o-Qcc6Jd5hw8=) has sold ammo_45acp x1 (73e3cc70) at the trader "Weapons (Denis [#STR_EXPANSION_MARKET_TRADER_WEAPONS])" in market zone "Trader Zone" (pos=<6675.160645, 104.603935, 6114.155762>) and got 1.
20:39:34.504 [Market] Player "Stivi the Kid" (id=W44v5r64t_fNpgzRQNLTal2wQQBqWJ8o-Qcc6Jd5hw8=) has sold ammo_45acp x1 (73e3cc70) at the trader "Weapons (Denis [#STR_EXPANSION_MARKET_TRADER_WEAPONS])" in market zone "Trader Zone" (pos=<6675.160645, 104.603935, 6114.155762>) and got 1.
20:39:34.658 [Market] Player "Stivi the Kid" (id=W44v5r64t_fNpgzRQNLTal2wQQBqWJ8o-Qcc6Jd5hw8=) has sold ammo_45acp x1 (73e3cc70) at the trader "Weapons (Denis [#STR_EXPANSION_MARKET_TRADER_WEAPONS])" in market zone "Trader Zone" (pos=<6675.160645, 104.603935, 6114.155762>) and got 1.
20:39:34.819 [Market] Player "Stivi the Kid" (id=W44v5r64t_fNpgzRQNLTal2wQQBqWJ8o-Qcc6Jd5hw8=) has sold ammo_45acp x1 (73e3cc70) at the trader "Weapons (Denis [#STR_EXPANSION_MARKET_TRADER_WEAPONS])" in market zone "Trader Zone" (pos=<6675.160645, 104.603935, 6114.155762>) and got 1.
20:39:34.967 [Market] Player "Stivi the Kid" (id=W44v5r64t_fNpgzRQNLTal2wQQBqWJ8o-Qcc6Jd5hw8=) has sold ammo_45acp x1 (482d9f90) at the trader "Weapons (Denis [#STR_EXPANSION_MARKET_TRADER_WEAPONS])" in market zone "Trader Zone" (pos=<6675.160645, 104.603935, 6114.155762>) and got 1.
20:39:35.131 [Market] Player "Stivi the Kid" (id=W44v5r64t_fNpgzRQNLTal2wQQBqWJ8o-Qcc6Jd5hw8=) has sold ammo_45acp x1 (482d9f90) at the trader "Weapons (Denis [#STR_EXPANSION_MARKET_TRADER_WEAPONS])" in market zone "Trader Zone" (pos=<6675.160645, 104.603935, 6114.155762>) and got 1.
20:39:35.321 [Market] Player "Stivi the Kid" (id=W44v5r64t_fNpgzRQNLTal2wQQBqWJ8o-Qcc6Jd5hw8=) has sold ammo_45acp x1 (482d9f90) at the trader "Weapons (Denis [#STR_EXPANSION_MARKET_TRADER_WEAPONS])" in market zone "Trader Zone" (pos=<6675.160645, 104.603935, 6114.155762>) and got 1.
20:39:35.471 [Market] Player "Stivi the Kid" (id=W44v5r64t_fNpgzRQNLTal2wQQBqWJ8o-Qcc6Jd5hw8=) has sold ammo_45acp x1 (482d9f90) at the trader "Weapons (Denis [#STR_EXPANSION_MARKET_TRADER_WEAPONS])" in market zone "Trader Zone" (pos=<6675.160645, 104.603935, 6114.155762>) and got 1.
20:39:35.662 [Market] Player "Stivi the Kid" (id=W44v5r64t_fNpgzRQNLTal2wQQBqWJ8o-Qcc6Jd5hw8=) has sold ammo_45acp x1 (482d9f90) at the trader "Weapons (Denis [#STR_EXPANSION_MARKET_TRADER_WEAPONS])" in market zone "Trader Zone" (pos=<6675.160645, 104.603935, 6114.155762>) and got 1.
20:39:36.309 [Market] Player "Stivi the Kid" (id=W44v5r64t_fNpgzRQNLTal2wQQBqWJ8o-Qcc6Jd5hw8=) has sold ammo_45acp x1 (482d9f90) at the trader "Weapons (Denis [#STR_EXPANSION_MARKET_TRADER_WEAPONS])" in market zone "Trader Zone" (pos=<6675.160645, 104.603935, 6114.155762>) and got 1.
20:39:36.809 [Market] Player "Stivi the Kid" (id=W44v5r64t_fNpgzRQNLTal2wQQBqWJ8o-Qcc6Jd5hw8=) has sold ammo_45acp x1 (482d9f90) at the trader "Weapons (Denis [#STR_EXPANSION_MARKET_TRADER_WEAPONS])" in market zone "Trader Zone" (pos=<6675.160645, 104.603935, 6114.155762>) and got 1.
20:39:37.368 [Market] Player "Stivi the Kid" (id=W44v5r64t_fNpgzRQNLTal2wQQBqWJ8o-Qcc6Jd5hw8=) has sold ammo_45acp x1 (482d9f90) at the trader "Weapons (Denis [#STR_EXPANSION_MARKET_TRADER_WEAPONS])" in market zone "Trader Zone" (pos=<6675.160645, 104.603935, 6114.155762>) and got 1.
20:39:40.354 [Market] Player "Stivi the Kid" (id=W44v5r64t_fNpgzRQNLTal2wQQBqWJ8o-Qcc6Jd5hw8=) has sold ammo_762x39 x1 (517cad30) at the trader "Weapons (Denis [#STR_EXPANSION_MARKET_TRADER_WEAPONS])" in market zone "Trader Zone" (pos=<6675.160645, 104.603935, 6114.155762>) and got 0.
20:39:49.597 [Market] Player "Stivi the Kid" (id=W44v5r64t_fNpgzRQNLTal2wQQBqWJ8o-Qcc6Jd5hw8=) has sold ammo_762x39 x7 (517cad30, 517dc2b0) at the trader "Weapons (Denis [#STR_EXPANSION_MARKET_TRADER_WEAPONS])" in market zone "Trader Zone" (pos=<6675.160645, 104.603935, 6114.155762>) and got 0.
20:39:51.818 [Market] Player "Stivi the Kid" (id=W44v5r64t_fNpgzRQNLTal2wQQBqWJ8o-Qcc6Jd5hw8=) has sold ammo_flareblue x1 (3fc09730) at the trader "Weapons (Denis [#STR_EXPANSION_MARKET_TRADER_WEAPONS])" in market zone "Trader Zone" (pos=<6675.160645, 104.603935, 6114.155762>) and got 5.
20:40:07.898 [Market] Player "Stivi the Kid" (id=W44v5r64t_fNpgzRQNLTal2wQQBqWJ8o-Qcc6Jd5hw8=) has sold ammobox_308win_20rnd x1 (d2918a10) at the trader "Weapons (Denis [#STR_EXPANSION_MARKET_TRADER_WEAPONS])" in market zone "Trader Zone" (pos=<6675.160645, 104.603935, 6114.155762>) and got 6.
20:40:08.795 [Market] Player "Stivi the Kid" (id=W44v5r64t_fNpgzRQNLTal2wQQBqWJ8o-Qcc6Jd5hw8=) has sold ammobox_12garubberslug_10rnd x1 (4528f150) at the trader "Weapons (Denis [#STR_EXPANSION_MARKET_TRADER_WEAPONS])" in market zone "Trader Zone" (pos=<6675.160645, 104.603935, 6114.155762>) and got 6.
20:40:11.392 [Market] Player "Stivi the Kid" (id=W44v5r64t_fNpgzRQNLTal2wQQBqWJ8o-Qcc6Jd5hw8=) has sold fnx45 x1 (340f76a0, PistolSuppressor<856dff10>) at the trader "Weapons (Denis [#STR_EXPANSION_MARKET_TRADER_WEAPONS])" in market zone "Trader Zone" (pos=<6675.160645, 104.603935, 6114.155762>) and got 142.
20:42:04.203 [Market] Player "Mard" (id=OAEsqfVu9Ya3qx3X2Q_PgbpxSoSDXOIUHhH8VWVuumk=) has bought weaponcleaningkit x1 (376b4b70) from the trader "Components (Cyril [#STR_EXPANSION_MARKET_TRADER_COMPONENTS])" in market zone "Trader Zone" (pos=<6675.160645, 104.603935, 6114.155762>) for a price of 8.
20:42:07.926 [Market] Player "Mard" (id=OAEsqfVu9Ya3qx3X2Q_PgbpxSoSDXOIUHhH8VWVuumk=) has bought electronicrepairkit x1 (376bb380) from the trader "Components (Cyril [#STR_EXPANSION_MARKET_TRADER_COMPONENTS])" in market zone "Trader Zone" (pos=<6675.160645, 104.603935, 6114.155762>) for a price of 35.
20:42:19.804 [Market] Player "Stivi the Kid" (id=W44v5r64t_fNpgzRQNLTal2wQQBqWJ8o-Qcc6Jd5hw8=) has sold scout x1 (45197c90, Mag_Scout_5Rnd<464af510>, ammo_556x45 x1) at the trader "Weapons (Denis [#STR_EXPANSION_MARKET_TRADER_WEAPONS])" in market zone "Trader Zone" (pos=<6675.160645, 104.603935, 6114.155762>) and got 1763.
20:42:55.427 [Market] Player "Stivi the Kid" (id=W44v5r64t_fNpgzRQNLTal2wQQBqWJ8o-Qcc6Jd5hw8=) has sold augshort x1 (4363a900, Mag_Aug_30Rnd<4491cdd0>, ammo_556x45 x9) at the trader "Weapons (Denis [#STR_EXPANSION_MARKET_TRADER_WEAPONS])" in market zone "Trader Zone" (pos=<6675.160645, 104.603935, 6114.155762>) and got 1175.
20:43:05.241 [Market] Player "Stivi the Kid" (id=W44v5r64t_fNpgzRQNLTal2wQQBqWJ8o-Qcc6Jd5hw8=) has sold mosin_bayonet x1 (4606df90) at the trader "Attachments (Jose [#STR_EXPANSION_MARKET_TRADER_ATTACHMENTS])" in market zone "Trader Zone" (pos=<6675.160645, 104.603935, 6114.155762>) and got 18.
20:43:08.802 [Market] Player "Stivi the Kid" (id=W44v5r64t_fNpgzRQNLTal2wQQBqWJ8o-Qcc6Jd5hw8=) has sold tlrlight x1 (464aafb0) at the trader "Attachments (Jose [#STR_EXPANSION_MARKET_TRADER_ATTACHMENTS])" in market zone "Trader Zone" (pos=<6675.160645, 104.603935, 6114.155762>) and got 22.
20:43:28.136 [Market] Player "Stivi the Kid" (id=W44v5r64t_fNpgzRQNLTal2wQQBqWJ8o-Qcc6Jd5hw8=) has sold mag_cz75_15rnd x1 (73e358d0, ammo_9x19 x13) at the trader "Attachments (Jose [#STR_EXPANSION_MARKET_TRADER_ATTACHMENTS])" in market zone "Trader Zone" (pos=<6675.160645, 104.603935, 6114.155762>) and got 28.
20:43:29.667 [Market] Player "Stivi the Kid" (id=W44v5r64t_fNpgzRQNLTal2wQQBqWJ8o-Qcc6Jd5hw8=) has sold mag_ump_25rnd x1 (464d08f0, ammo_45acp x10) at the trader "Attachments (Jose [#STR_EXPANSION_MARKET_TRADER_ATTACHMENTS])" in market zone "Trader Zone" (pos=<6675.160645, 104.603935, 6114.155762>) and got 38.
20:43:30.746 [Market] Player "Stivi the Kid" (id=W44v5r64t_fNpgzRQNLTal2wQQBqWJ8o-Qcc6Jd5hw8=) has sold mag_pp19_64rnd x1 (40c8c430, ammo_380 x28) at the trader "Attachments (Jose [#STR_EXPANSION_MARKET_TRADER_ATTACHMENTS])" in market zone "Trader Zone" (pos=<6675.160645, 104.603935, 6114.155762>) and got 65.
20:43:43.281 [Market] Player "Stivi the Kid" (id=W44v5r64t_fNpgzRQNLTal2wQQBqWJ8o-Qcc6Jd5hw8=) has sold acogoptic x1 (3797a710) at the trader "Attachments (Jose [#STR_EXPANSION_MARKET_TRADER_ATTACHMENTS])" in market zone "Trader Zone" (pos=<6675.160645, 104.603935, 6114.155762>) and got 168.
20:43:53.192 [Market] Player "Mard" (id=OAEsqfVu9Ya3qx3X2Q_PgbpxSoSDXOIUHhH8VWVuumk=) has sold sks x1 (43641180) at the trader "Weapons (Denis [#STR_EXPANSION_MARKET_TRADER_WEAPONS])" in market zone "Trader Zone" (pos=<6675.160645, 104.603935, 6114.155762>) and got 84.
20:43:58.156 [Market] Player "Mard" (id=OAEsqfVu9Ya3qx3X2Q_PgbpxSoSDXOIUHhH8VWVuumk=) has sold colt1911 x1 (340ebfc0, PistolSuppressor<34695c10>, Mag_1911_7Rnd<34697ec0>, ammo_45acp x2) at the trader "Weapons (Denis [#STR_EXPANSION_MARKET_TRADER_WEAPONS])" in market zone "Trader Zone" (pos=<6675.160645, 104.603935, 6114.155762>) and got 295.
20:44:05.671 [Market] Player "Mard" (id=OAEsqfVu9Ya3qx3X2Q_PgbpxSoSDXOIUHhH8VWVuumk=) has sold saiga x1 (3d84a070, Saiga_Bttstck<3fbe6c30>, Mag_Saiga_5Rnd<73dae9b0>, ammo_12gapellets x1) at the trader "Weapons (Denis [#STR_EXPANSION_MARKET_TRADER_WEAPONS])" in market zone "Trader Zone" (pos=<6675.160645, 104.603935, 6114.155762>) and got 1315.
20:44:06.992 [Market] Player "Mard" (id=OAEsqfVu9Ya3qx3X2Q_PgbpxSoSDXOIUHhH8VWVuumk=) has sold saiga x1 (3d85cce0, Saiga_Bttstck<40c71860>) at the trader "Weapons (Denis [#STR_EXPANSION_MARKET_TRADER_WEAPONS])" in market zone "Trader Zone" (pos=<6675.160645, 104.603935, 6114.155762>) and got 1237.
20:44:07.739 [Market] Player "Stivi the Kid" (id=W44v5r64t_fNpgzRQNLTal2wQQBqWJ8o-Qcc6Jd5hw8=) has sold camonet x1 (3cfccc10) at the trader "Components (Cyril [#STR_EXPANSION_MARKET_TRADER_COMPONENTS])" in market zone "Trader Zone" (pos=<6675.160645, 104.603935, 6114.155762>) and got 112.
20:44:09.970 [Market] Player "Mard" (id=OAEsqfVu9Ya3qx3X2Q_PgbpxSoSDXOIUHhH8VWVuumk=) has sold saiga x1 (8441d1d0, Saiga_Bttstck<85702a10>, Mag_Saiga_8Rnd<40c73b10>, ammo_12gapellets x1) at the trader "Weapons (Denis [#STR_EXPANSION_MARKET_TRADER_WEAPONS])" in market zone "Trader Zone" (pos=<6675.160645, 104.603935, 6114.155762>) and got 1307.
20:44:12.407 [Market] Player "Mard" (id=OAEsqfVu9Ya3qx3X2Q_PgbpxSoSDXOIUHhH8VWVuumk=) has sold saiga x1 (3d8403b0, Saiga_Bttstck<3cf95d50>) at the trader "Weapons (Denis [#STR_EXPANSION_MARKET_TRADER_WEAPONS])" in market zone "Trader Zone" (pos=<6675.160645, 104.603935, 6114.155762>) and got 1237.
20:44:17.127 [Market] Player "Mard" (id=OAEsqfVu9Ya3qx3X2Q_PgbpxSoSDXOIUHhH8VWVuumk=) has sold ump45 x1 (3d837400, Mag_UMP_25Rnd<3f4675e0>, ammo_45acp x8) at the trader "Weapons (Denis [#STR_EXPANSION_MARKET_TRADER_WEAPONS])" in market zone "Trader Zone" (pos=<6675.160645, 104.603935, 6114.155762>) and got 636.
20:44:17.994 [Market] Player "Mard" (id=OAEsqfVu9Ya3qx3X2Q_PgbpxSoSDXOIUHhH8VWVuumk=) has sold ump45 x1 (3d83c260) at the trader "Weapons (Denis [#STR_EXPANSION_MARKET_TRADER_WEAPONS])" in market zone "Trader Zone" (pos=<6675.160645, 104.603935, 6114.155762>) and got 600.
20:44:19.692 [Market] Player "Stivi the Kid" (id=W44v5r64t_fNpgzRQNLTal2wQQBqWJ8o-Qcc6Jd5hw8=) has sold lugwrench x1 (46274c30) at the trader "Components (Cyril [#STR_EXPANSION_MARKET_TRADER_COMPONENTS])" in market zone "Trader Zone" (pos=<6675.160645, 104.603935, 6114.155762>) and got 3.
20:44:19.807 [Market] Player "Mard" (id=OAEsqfVu9Ya3qx3X2Q_PgbpxSoSDXOIUHhH8VWVuumk=) has sold mp5k x1 (48096450, MP5_PlasticHndgrd<9f5f8340>, MP5k_StockBttstck<9f5f4970>) at the trader "Weapons (Denis [#STR_EXPANSION_MARKET_TRADER_WEAPONS])" in market zone "Trader Zone" (pos=<6675.160645, 104.603935, 6114.155762>) and got 881.
20:44:20.513 [Market] Player "Mard" (id=OAEsqfVu9Ya3qx3X2Q_PgbpxSoSDXOIUHhH8VWVuumk=) has sold mp5k x1 (8443e960, MP5_PlasticHndgrd<7691d670>, MP5k_StockBttstck<7691f920>, Mag_MP5_15Rnd<78ac1520>, ammo_9x19 x3) at the trader "Weapons (Denis [#STR_EXPANSION_MARKET_TRADER_WEAPONS])" in market zone "Trader Zone" (pos=<6675.160645, 104.603935, 6114.155762>) and got 874.
20:44:21.243 [Market] Player "Mard" (id=OAEsqfVu9Ya3qx3X2Q_PgbpxSoSDXOIUHhH8VWVuumk=) has sold mp5k x1 (650c6140, MP5_PlasticHndgrd<a2009f80>, MP5k_StockBttstck<a2016fa0>) at the trader "Weapons (Denis [#STR_EXPANSION_MARKET_TRADER_WEAPONS])" in market zone "Trader Zone" (pos=<6675.160645, 104.603935, 6114.155762>) and got 862.
20:44:29.161 [Market] Player "Stivi the Kid" (id=W44v5r64t_fNpgzRQNLTal2wQQBqWJ8o-Qcc6Jd5hw8=) has sold matchbox x1 (73e49100) at the trader "Components (Cyril [#STR_EXPANSION_MARKET_TRADER_COMPONENTS])" in market zone "Trader Zone" (pos=<6675.160645, 104.603935, 6114.155762>) and got 1.
20:44:35.087 [Market] Player "Mard" (id=OAEsqfVu9Ya3qx3X2Q_PgbpxSoSDXOIUHhH8VWVuumk=) has sold ak_bayonet x1 (9edc8fd0) at the trader "Attachments (Jose [#STR_EXPANSION_MARKET_TRADER_ATTACHMENTS])" in market zone "Trader Zone" (pos=<6675.160645, 104.603935, 6114.155762>) and got 84.
20:44:35.962 [Market] Player "Mard" (id=OAEsqfVu9Ya3qx3X2Q_PgbpxSoSDXOIUHhH8VWVuumk=) has sold sks_bayonet x1 (3fbd05c0) at the trader "Attachments (Jose [#STR_EXPANSION_MARKET_TRADER_ATTACHMENTS])" in market zone "Trader Zone" (pos=<6675.160645, 104.603935, 6114.155762>) and got 56.
20:44:40.561 [Market] Player "Mard" (id=OAEsqfVu9Ya3qx3X2Q_PgbpxSoSDXOIUHhH8VWVuumk=) has sold mag_fnx45_15rnd x1 (46082ee0, ammo_45acp x8) at the trader "Attachments (Jose [#STR_EXPANSION_MARKET_TRADER_ATTACHMENTS])" in market zone "Trader Zone" (pos=<6675.160645, 104.603935, 6114.155762>) and got 23.
20:44:41.436 [Market] Player "Mard" (id=OAEsqfVu9Ya3qx3X2Q_PgbpxSoSDXOIUHhH8VWVuumk=) has sold mag_fnx45_15rnd x1 (76902aa0, ammo_45acp x14) at the trader "Attachments (Jose [#STR_EXPANSION_MARKET_TRADER_ATTACHMENTS])" in market zone "Trader Zone" (pos=<6675.160645, 104.603935, 6114.155762>) and got 21.
20:44:43.338 [Market] Player "Mard" (id=OAEsqfVu9Ya3qx3X2Q_PgbpxSoSDXOIUHhH8VWVuumk=) has sold mag_ssg82_5rnd x1 (abbedb40, ammo_545x39 x3) at the trader "Attachments (Jose [#STR_EXPANSION_MARKET_TRADER_ATTACHMENTS])" in market zone "Trader Zone" (pos=<6675.160645, 104.603935, 6114.155762>) and got 138.
20:44:46.175 [Market] Player "Mard" (id=OAEsqfVu9Ya3qx3X2Q_PgbpxSoSDXOIUHhH8VWVuumk=) has sold mag_cmag_20rnd x1 (769255a0, ammo_556x45 x7) at the trader "Attachments (Jose [#STR_EXPANSION_MARKET_TRADER_ATTACHMENTS])" in market zone "Trader Zone" (pos=<6675.160645, 104.603935, 6114.155762>) and got 74.
20:44:49.935 [Market] Player "Mard" (id=OAEsqfVu9Ya3qx3X2Q_PgbpxSoSDXOIUHhH8VWVuumk=) has sold m4_oebttstck x1 (73dabb70) at the trader "Attachments (Jose [#STR_EXPANSION_MARKET_TRADER_ATTACHMENTS])" in market zone "Trader Zone" (pos=<6675.160645, 104.603935, 6114.155762>) and got 112.
20:44:56.941 [Market] Player "Mard" (id=OAEsqfVu9Ya3qx3X2Q_PgbpxSoSDXOIUHhH8VWVuumk=) has sold fnp45_mrdsoptic x1 (454ab040) at the trader "Attachments (Jose [#STR_EXPANSION_MARKET_TRADER_ATTACHMENTS])" in market zone "Trader Zone" (pos=<6675.160645, 104.603935, 6114.155762>) and got 93.
20:45:00.939 [Market] Player "Mard" (id=OAEsqfVu9Ya3qx3X2Q_PgbpxSoSDXOIUHhH8VWVuumk=) has sold buisoptic x1 (3fe10230) at the trader "Attachments (Jose [#STR_EXPANSION_MARKET_TRADER_ATTACHMENTS])" in market zone "Trader Zone" (pos=<6675.160645, 104.603935, 6114.155762>) and got 28.
20:45:06.700 [Market] Player "Mard" (id=OAEsqfVu9Ya3qx3X2Q_PgbpxSoSDXOIUHhH8VWVuumk=) has sold m4_t3nrdsoptic x1 (65064b10, Battery9V<73db17f0>) at the trader "Attachments (Jose [#STR_EXPANSION_MARKET_TRADER_ATTACHMENTS])" in market zone "Trader Zone" (pos=<6675.160645, 104.603935, 6114.155762>) and got 382.
20:45:07.739 [Market] Player "Stivi the Kid" (id=W44v5r64t_fNpgzRQNLTal2wQQBqWJ8o-Qcc6Jd5hw8=) has sold kitchentimer x1 (4648a4f0) at the trader "Components (Cyril [#STR_EXPANSION_MARKET_TRADER_COMPONENTS])" in market zone "Trader Zone" (pos=<6675.160645, 104.603935, 6114.155762>) and got 16.
20:45:08.323 [Market] Player "Mard" (id=OAEsqfVu9Ya3qx3X2Q_PgbpxSoSDXOIUHhH8VWVuumk=) has sold m68optic x1 (3f3aa1a0) at the trader "Attachments (Jose [#STR_EXPANSION_MARKET_TRADER_ATTACHMENTS])" in market zone "Trader Zone" (pos=<6675.160645, 104.603935, 6114.155762>) and got 375.
20:45:29.015 [Market] Player "Mard" (id=OAEsqfVu9Ya3qx3X2Q_PgbpxSoSDXOIUHhH8VWVuumk=) has sold weaponcleaningkit x1 (376b4b70) at the trader "Components (Cyril [#STR_EXPANSION_MARKET_TRADER_COMPONENTS])" in market zone "Trader Zone" (pos=<6675.160645, 104.603935, 6114.155762>) and got 1.
20:45:38.795 [Market] Player "Mard" (id=OAEsqfVu9Ya3qx3X2Q_PgbpxSoSDXOIUHhH8VWVuumk=) has sold camonet x1 (4666ae50) at the trader "Components (Cyril [#STR_EXPANSION_MARKET_TRADER_COMPONENTS])" in market zone "Trader Zone" (pos=<6675.160645, 104.603935, 6114.155762>) and got 337.
20:45:55.739 [Market] Player "Stivi the Kid" (id=W44v5r64t_fNpgzRQNLTal2wQQBqWJ8o-Qcc6Jd5hw8=) has sold woolgloves_white x1 (3f1f6530) at the trader "Clothing (Naomi [#STR_EXPANSION_MARKET_TRADER_CLOTHING])" in market zone "Trader Zone" (pos=<6675.160645, 104.603935, 6114.155762>) and got 19.
20:46:05.249 [Market] Player "Stivi the Kid" (id=W44v5r64t_fNpgzRQNLTal2wQQBqWJ8o-Qcc6Jd5hw8=) has sold gp5gasmask x1 (4529b5e0) at the trader "Clothing (Naomi [#STR_EXPANSION_MARKET_TRADER_CLOTHING])" in market zone "Trader Zone" (pos=<6675.160645, 104.603935, 6114.155762>) and got 90.
20:46:06.302 [Market] Player "Stivi the Kid" (id=W44v5r64t_fNpgzRQNLTal2wQQBqWJ8o-Qcc6Jd5hw8=) has sold gp5gasmask x1 (4529d890) at the trader "Clothing (Naomi [#STR_EXPANSION_MARKET_TRADER_CLOTHING])" in market zone "Trader Zone" (pos=<6675.160645, 104.603935, 6114.155762>) and got 90.
20:46:15.088 [Market] Player "Mard" (id=OAEsqfVu9Ya3qx3X2Q_PgbpxSoSDXOIUHhH8VWVuumk=) has sold gp5gasmask x1 (517df0f0) at the trader "Clothing (Naomi [#STR_EXPANSION_MARKET_TRADER_CLOTHING])" in market zone "Trader Zone" (pos=<6675.160645, 104.603935, 6114.155762>) and got 90.
20:46:16.410 [Market] Player "Mard" (id=OAEsqfVu9Ya3qx3X2Q_PgbpxSoSDXOIUHhH8VWVuumk=) has sold gp5gasmask x1 (d29000f0) at the trader "Clothing (Naomi [#STR_EXPANSION_MARKET_TRADER_CLOTHING])" in market zone "Trader Zone" (pos=<6675.160645, 104.603935, 6114.155762>) and got 90.
20:46:17.540 [Market] Player "Mard" (id=OAEsqfVu9Ya3qx3X2Q_PgbpxSoSDXOIUHhH8VWVuumk=) has sold gp5gasmask x1 (47e3bd30) at the trader "Clothing (Naomi [#STR_EXPANSION_MARKET_TRADER_CLOTHING])" in market zone "Trader Zone" (pos=<6675.160645, 104.603935, 6114.155762>) and got 90.
20:46:22.791 [Market] Player "Stivi the Kid" (id=W44v5r64t_fNpgzRQNLTal2wQQBqWJ8o-Qcc6Jd5hw8=) has sold gp5gasmask x1 (3f1e66d0) at the trader "Clothing (Naomi [#STR_EXPANSION_MARKET_TRADER_CLOTHING])" in market zone "Trader Zone" (pos=<6675.160645, 104.603935, 6114.155762>) and got 90.
20:46:24.542 [Market] Player "Mard" (id=OAEsqfVu9Ya3qx3X2Q_PgbpxSoSDXOIUHhH8VWVuumk=) has sold mich2001helmet x1 (73da0270) at the trader "Clothing (Naomi [#STR_EXPANSION_MARKET_TRADER_CLOTHING])" in market zone "Trader Zone" (pos=<6675.160645, 104.603935, 6114.155762>) and got 112.
20:46:48.326 [Market] Player "Stivi the Kid" (id=W44v5r64t_fNpgzRQNLTal2wQQBqWJ8o-Qcc6Jd5hw8=) has sold bandagedressing x1 (73e15c10) at the trader "Medicals (Mirek [#STR_EXPANSION_MARKET_TRADER_MEDICALS])" in market zone "Trader Zone" (pos=<6675.160645, 104.603935, 6114.155762>) and got 0.
20:46:48.515 [Market] Player "Stivi the Kid" (id=W44v5r64t_fNpgzRQNLTal2wQQBqWJ8o-Qcc6Jd5hw8=) has sold bandagedressing x1 (40c80b30) at the trader "Medicals (Mirek [#STR_EXPANSION_MARKET_TRADER_MEDICALS])" in market zone "Trader Zone" (pos=<6675.160645, 104.603935, 6114.155762>) and got 2.
20:46:48.682 [Market] Player "Stivi the Kid" (id=W44v5r64t_fNpgzRQNLTal2wQQBqWJ8o-Qcc6Jd5hw8=) has sold bandagedressing x1 (3f48e640) at the trader "Medicals (Mirek [#STR_EXPANSION_MARKET_TRADER_MEDICALS])" in market zone "Trader Zone" (pos=<6675.160645, 104.603935, 6114.155762>) and got 2.
20:46:48.838 [Market] Player "Stivi the Kid" (id=W44v5r64t_fNpgzRQNLTal2wQQBqWJ8o-Qcc6Jd5hw8=) has sold bandagedressing x1 (3fbd1ce0) at the trader "Medicals (Mirek [#STR_EXPANSION_MARKET_TRADER_MEDICALS])" in market zone "Trader Zone" (pos=<6675.160645, 104.603935, 6114.155762>) and got 2.
20:46:49.672 [Market] Player "Stivi the Kid" (id=W44v5r64t_fNpgzRQNLTal2wQQBqWJ8o-Qcc6Jd5hw8=) has sold bandagedressing x1 (3f1d0060) at the trader "Medicals (Mirek [#STR_EXPANSION_MARKET_TRADER_MEDICALS])" in market zone "Trader Zone" (pos=<6675.160645, 104.603935, 6114.155762>) and got 2.
20:46:49.832 [Market] Player "Stivi the Kid" (id=W44v5r64t_fNpgzRQNLTal2wQQBqWJ8o-Qcc6Jd5hw8=) has sold bandagedressing x1 (40c8fe00) at the trader "Medicals (Mirek [#STR_EXPANSION_MARKET_TRADER_MEDICALS])" in market zone "Trader Zone" (pos=<6675.160645, 104.603935, 6114.155762>) and got 2.
20:46:51.487 [Market] Player "Stivi the Kid" (id=W44v5r64t_fNpgzRQNLTal2wQQBqWJ8o-Qcc6Jd5hw8=) has sold bandagedressing x1 (73e44ba0) at the trader "Medicals (Mirek [#STR_EXPANSION_MARKET_TRADER_MEDICALS])" in market zone "Trader Zone" (pos=<6675.160645, 104.603935, 6114.155762>) and got 1.
20:46:51.613 [Market] Player "Stivi the Kid" (id=W44v5r64t_fNpgzRQNLTal2wQQBqWJ8o-Qcc6Jd5hw8=) has sold bandagedressing x1 (73e24ee0) at the trader "Medicals (Mirek [#STR_EXPANSION_MARKET_TRADER_MEDICALS])" in market zone "Trader Zone" (pos=<6675.160645, 104.603935, 6114.155762>) and got 1.
20:46:52.685 [Market] Player "Mard" (id=OAEsqfVu9Ya3qx3X2Q_PgbpxSoSDXOIUHhH8VWVuumk=) has sold tunacan x1 (a94656d0) at the trader "Consumables (Linda [#STR_EXPANSION_MARKET_TRADER_CONSUMABLES])" in market zone "Trader Zone" (pos=<6675.160645, 104.603935, 6114.155762>) and got 11.
20:47:09.904 [Market] Player "Mard" (id=OAEsqfVu9Ya3qx3X2Q_PgbpxSoSDXOIUHhH8VWVuumk=) has bought rice x1 (52c2b320) from the trader "Consumables (Linda [#STR_EXPANSION_MARKET_TRADER_CONSUMABLES])" in market zone "Trader Zone" (pos=<6675.160645, 104.603935, 6114.155762>) for a price of 13.
20:47:16.638 [Market] Player "Mard" (id=OAEsqfVu9Ya3qx3X2Q_PgbpxSoSDXOIUHhH8VWVuumk=) has bought honey x1 (52c343e0) from the trader "Consumables (Linda [#STR_EXPANSION_MARKET_TRADER_CONSUMABLES])" in market zone "Trader Zone" (pos=<6675.160645, 104.603935, 6114.155762>) for a price of 13.
20:47:26.260 [Market] Player "Mard" (id=OAEsqfVu9Ya3qx3X2Q_PgbpxSoSDXOIUHhH8VWVuumk=) has bought boxcerealcrunchin x1 (46469e40) from the trader "Consumables (Linda [#STR_EXPANSION_MARKET_TRADER_CONSUMABLES])" in market zone "Trader Zone" (pos=<6675.160645, 104.603935, 6114.155762>) for a price of 12.
20:47:31.951 [Market] Player "Mard" (id=OAEsqfVu9Ya3qx3X2Q_PgbpxSoSDXOIUHhH8VWVuumk=) has bought sodacan_fronta x1 (4647e3f0) from the trader "Consumables (Linda [#STR_EXPANSION_MARKET_TRADER_CONSUMABLES])" in market zone "Trader Zone" (pos=<6675.160645, 104.603935, 6114.155762>) for a price of 10.
20:47:36.087 [Market] Player "Mard" (id=OAEsqfVu9Ya3qx3X2Q_PgbpxSoSDXOIUHhH8VWVuumk=) has bought sodacan_fronta x1 (346dc1f0) from the trader "Consumables (Linda [#STR_EXPANSION_MARKET_TRADER_CONSUMABLES])" in market zone "Trader Zone" (pos=<6675.160645, 104.603935, 6114.155762>) for a price of 10.
20:47:41.523 [Market] Player "Stivi the Kid" (id=W44v5r64t_fNpgzRQNLTal2wQQBqWJ8o-Qcc6Jd5hw8=) has sold startkitiv x1 (3fbceea0) at the trader "Medicals (Mirek [#STR_EXPANSION_MARKET_TRADER_MEDICALS])" in market zone "Trader Zone" (pos=<6675.160645, 104.603935, 6114.155762>) and got 1.
20:47:42.390 [Market] Player "Stivi the Kid" (id=W44v5r64t_fNpgzRQNLTal2wQQBqWJ8o-Qcc6Jd5hw8=) has sold bloodbagempty x1 (40f38bf0) at the trader "Medicals (Mirek [#STR_EXPANSION_MARKET_TRADER_MEDICALS])" in market zone "Trader Zone" (pos=<6675.160645, 104.603935, 6114.155762>) and got 13.
20:48:22.584 [Market] Player "Mard" (id=OAEsqfVu9Ya3qx3X2Q_PgbpxSoSDXOIUHhH8VWVuumk=) has bought weaponcleaningkit x1 (4e397990) from the trader "Components (Cyril [#STR_EXPANSION_MARKET_TRADER_COMPONENTS])" in market zone "Trader Zone" (pos=<6675.160645, 104.603935, 6114.155762>) for a price of 8.
20:49:29.148 [Market] Player "Mard" (id=OAEsqfVu9Ya3qx3X2Q_PgbpxSoSDXOIUHhH8VWVuumk=) has sold cz550 x1 (650c9580, Mag_CZ550_10rnd<46636240>, ammo_308win x3) at the trader "Weapons (Denis [#STR_EXPANSION_MARKET_TRADER_WEAPONS])" in market zone "Trader Zone" (pos=<6675.160645, 104.603935, 6114.155762>) and got 535.
20:51:28.027 [Market] Player "Stivi the Kid" (id=W44v5r64t_fNpgzRQNLTal2wQQBqWJ8o-Qcc6Jd5hw8=) has sold honey x1 (6506e7e0) at the trader "Consumables (Linda [#STR_EXPANSION_MARKET_TRADER_CONSUMABLES])" in market zone "Trader Zone" (pos=<6675.160645, 104.603935, 6114.155762>) and got 9.
20:51:31.824 [Market] Player "Stivi the Kid" (id=W44v5r64t_fNpgzRQNLTal2wQQBqWJ8o-Qcc6Jd5hw8=) has sold canteen x1 (58fad490) at the trader "Consumables (Linda [#STR_EXPANSION_MARKET_TRADER_CONSUMABLES])" in market zone "Trader Zone" (pos=<6675.160645, 104.603935, 6114.155762>) and got 3.
20:51:32.568 [Market] Player "Stivi the Kid" (id=W44v5r64t_fNpgzRQNLTal2wQQBqWJ8o-Qcc6Jd5hw8=) has sold canteen x1 (46469230) at the trader "Consumables (Linda [#STR_EXPANSION_MARKET_TRADER_CONSUMABLES])" in market zone "Trader Zone" (pos=<6675.160645, 104.603935, 6114.155762>) and got 3.
20:51:33.392 [Market] Player "Stivi the Kid" (id=W44v5r64t_fNpgzRQNLTal2wQQBqWJ8o-Qcc6Jd5hw8=) has sold canteen x1 (58fa5bf0) at the trader "Consumables (Linda [#STR_EXPANSION_MARKET_TRADER_CONSUMABLES])" in market zone "Trader Zone" (pos=<6675.160645, 104.603935, 6114.155762>) and got 13.
20:51:39.869 [Market] Player "Stivi the Kid" (id=W44v5r64t_fNpgzRQNLTal2wQQBqWJ8o-Qcc6Jd5hw8=) has bought rice x1 (513f33b0) from the trader "Consumables (Linda [#STR_EXPANSION_MARKET_TRADER_CONSUMABLES])" in market zone "Trader Zone" (pos=<6675.160645, 104.603935, 6114.155762>) for a price of 13.
20:51:40.031 [Market] Player "Stivi the Kid" (id=W44v5r64t_fNpgzRQNLTal2wQQBqWJ8o-Qcc6Jd5hw8=) has bought rice x1 (454b9570) from the trader "Consumables (Linda [#STR_EXPANSION_MARKET_TRADER_CONSUMABLES])" in market zone "Trader Zone" (pos=<6675.160645, 104.603935, 6114.155762>) for a price of 13.
20:51:40.195 [Market] Player "Stivi the Kid" (id=W44v5r64t_fNpgzRQNLTal2wQQBqWJ8o-Qcc6Jd5hw8=) has bought rice x1 (52c0ac70) from the trader "Consumables (Linda [#STR_EXPANSION_MARKET_TRADER_CONSUMABLES])" in market zone "Trader Zone" (pos=<6675.160645, 104.603935, 6114.155762>) for a price of 13.
20:51:40.373 [Market] Player "Stivi the Kid" (id=W44v5r64t_fNpgzRQNLTal2wQQBqWJ8o-Qcc6Jd5hw8=) has bought rice x1 (52c2a710) from the trader "Consumables (Linda [#STR_EXPANSION_MARKET_TRADER_CONSUMABLES])" in market zone "Trader Zone" (pos=<6675.160645, 104.603935, 6114.155762>) for a price of 13.
20:51:47.371 [Market] Player "Stivi the Kid" (id=W44v5r64t_fNpgzRQNLTal2wQQBqWJ8o-Qcc6Jd5hw8=) has bought canteen x1 (52c1e610) from the trader "Consumables (Linda [#STR_EXPANSION_MARKET_TRADER_CONSUMABLES])" in market zone "Trader Zone" (pos=<6675.160645, 104.603935, 6114.155762>) for a price of 18.
20:51:47.839 [Market] Player "Stivi the Kid" (id=W44v5r64t_fNpgzRQNLTal2wQQBqWJ8o-Qcc6Jd5hw8=) has bought canteen x1 (52c337d0) from the trader "Consumables (Linda [#STR_EXPANSION_MARKET_TRADER_CONSUMABLES])" in market zone "Trader Zone" (pos=<6675.160645, 104.603935, 6114.155762>) for a price of 18.
20:54:17.790 [Market] Player "Stivi the Kid" (id=W44v5r64t_fNpgzRQNLTal2wQQBqWJ8o-Qcc6Jd5hw8=) has bought woodenplank x1 (3c1c7810) from the trader "BuildingSupplies (Boris [#STR_EXPANSION_MARKET_TRADER_BUILDING_SUPPLIES])" in market zone "Trader Zone" (pos=<6675.160645, 104.603935, 6114.155762>) for a price of 50.
20:54:37.306 [Market] Player "Stivi the Kid" (id=W44v5r64t_fNpgzRQNLTal2wQQBqWJ8o-Qcc6Jd5hw8=) has bought woodenplank x1 (3c1bd630) from the trader "BuildingSupplies (Boris [#STR_EXPANSION_MARKET_TRADER_BUILDING_SUPPLIES])" in market zone "Trader Zone" (pos=<6675.160645, 104.603935, 6114.155762>) for a price of 50.
20:54:37.529 [Market] Player "Stivi the Kid" (id=W44v5r64t_fNpgzRQNLTal2wQQBqWJ8o-Qcc6Jd5hw8=) has bought woodenplank x1 (3c1c1b90) from the trader "BuildingSupplies (Boris [#STR_EXPANSION_MARKET_TRADER_BUILDING_SUPPLIES])" in market zone "Trader Zone" (pos=<6675.160645, 104.603935, 6114.155762>) for a price of 50.
20:54:37.800 [Market] Player "Stivi the Kid" (id=W44v5r64t_fNpgzRQNLTal2wQQBqWJ8o-Qcc6Jd5hw8=) has bought woodenplank x1 (3c1c83a0) from the trader "BuildingSupplies (Boris [#STR_EXPANSION_MARKET_TRADER_BUILDING_SUPPLIES])" in market zone "Trader Zone" (pos=<6675.160645, 104.603935, 6114.155762>) for a price of 50.
20:54:38.021 [Market] Player "Stivi the Kid" (id=W44v5r64t_fNpgzRQNLTal2wQQBqWJ8o-Qcc6Jd5hw8=) has bought woodenplank x1 (3c1c32b0) from the trader "BuildingSupplies (Boris [#STR_EXPANSION_MARKET_TRADER_BUILDING_SUPPLIES])" in market zone "Trader Zone" (pos=<6675.160645, 104.603935, 6114.155762>) for a price of 50.
20:54:38.220 [Market] Player "Stivi the Kid" (id=W44v5r64t_fNpgzRQNLTal2wQQBqWJ8o-Qcc6Jd5hw8=) has bought woodenplank x1 (3c1d0e60) from the trader "BuildingSupplies (Boris [#STR_EXPANSION_MARKET_TRADER_BUILDING_SUPPLIES])" in market zone "Trader Zone" (pos=<6675.160645, 104.603935, 6114.155762>) for a price of 50.
20:54:38.466 [Market] Player "Stivi the Kid" (id=W44v5r64t_fNpgzRQNLTal2wQQBqWJ8o-Qcc6Jd5hw8=) has bought woodenplank x1 (517be8a0) from the trader "BuildingSupplies (Boris [#STR_EXPANSION_MARKET_TRADER_BUILDING_SUPPLIES])" in market zone "Trader Zone" (pos=<6675.160645, 104.603935, 6114.155762>) for a price of 50.
20:54:38.691 [Market] Player "Stivi the Kid" (id=W44v5r64t_fNpgzRQNLTal2wQQBqWJ8o-Qcc6Jd5hw8=) has bought woodenplank x1 (41abfa60) from the trader "BuildingSupplies (Boris [#STR_EXPANSION_MARKET_TRADER_BUILDING_SUPPLIES])" in market zone "Trader Zone" (pos=<6675.160645, 104.603935, 6114.155762>) for a price of 50.
20:54:38.932 [Market] Player "Stivi the Kid" (id=W44v5r64t_fNpgzRQNLTal2wQQBqWJ8o-Qcc6Jd5hw8=) has bought woodenplank x1 (464a1960) from the trader "BuildingSupplies (Boris [#STR_EXPANSION_MARKET_TRADER_BUILDING_SUPPLIES])" in market zone "Trader Zone" (pos=<6675.160645, 104.603935, 6114.155762>) for a price of 50.
20:54:39.123 [Market] Player "Stivi the Kid" (id=W44v5r64t_fNpgzRQNLTal2wQQBqWJ8o-Qcc6Jd5hw8=) has bought woodenplank x1 (41ac3430) from the trader "BuildingSupplies (Boris [#STR_EXPANSION_MARKET_TRADER_BUILDING_SUPPLIES])" in market zone "Trader Zone" (pos=<6675.160645, 104.603935, 6114.155762>) for a price of 50.
20:54:40.535 [Market] Player "Stivi the Kid" (id=W44v5r64t_fNpgzRQNLTal2wQQBqWJ8o-Qcc6Jd5hw8=) has bought woodenplank x1 (49f565b0) from the trader "BuildingSupplies (Boris [#STR_EXPANSION_MARKET_TRADER_BUILDING_SUPPLIES])" in market zone "Trader Zone" (pos=<6675.160645, 104.603935, 6114.155762>) for a price of 50.
20:55:12.749 [Market] Player "Mard" (id=OAEsqfVu9Ya3qx3X2Q_PgbpxSoSDXOIUHhH8VWVuumk=) has bought expansionlumber3 x40 (41ac56e0) from the trader "BuildingSupplies (Boris [#STR_EXPANSION_MARKET_TRADER_BUILDING_SUPPLIES])" in market zone "Trader Zone" (pos=<6675.160645, 104.603935, 6114.155762>) for a price of 2000.
20:55:16.566 [Market] Player "Stivi the Kid" (id=W44v5r64t_fNpgzRQNLTal2wQQBqWJ8o-Qcc6Jd5hw8=) has bought woodenplank x9 (41acf8c0) from the trader "BuildingSupplies (Boris [#STR_EXPANSION_MARKET_TRADER_BUILDING_SUPPLIES])" in market zone "Trader Zone" (pos=<6675.160645, 104.603935, 6114.155762>) for a price of 450.
20:55:35.535 [Market] Player "Stivi the Kid" (id=W44v5r64t_fNpgzRQNLTal2wQQBqWJ8o-Qcc6Jd5hw8=) has bought woodenplank x10 (41acf8c0) from the trader "BuildingSupplies (Boris [#STR_EXPANSION_MARKET_TRADER_BUILDING_SUPPLIES])" in market zone "Trader Zone" (pos=<6675.160645, 104.603935, 6114.155762>) for a price of 500.
20:55:45.627 [Market] Player "Mard" (id=OAEsqfVu9Ya3qx3X2Q_PgbpxSoSDXOIUHhH8VWVuumk=) has bought hammer x1 (517ba340) from the trader "BuildingSupplies (Boris [#STR_EXPANSION_MARKET_TRADER_BUILDING_SUPPLIES])" in market zone "Trader Zone" (pos=<6675.160645, 104.603935, 6114.155762>) for a price of 7.
20:55:46.335 [Market] Player "Mard" (id=OAEsqfVu9Ya3qx3X2Q_PgbpxSoSDXOIUHhH8VWVuumk=) has bought hammer x1 (517c4520) from the trader "BuildingSupplies (Boris [#STR_EXPANSION_MARKET_TRADER_BUILDING_SUPPLIES])" in market zone "Trader Zone" (pos=<6675.160645, 104.603935, 6114.155762>) for a price of 7.
20:55:47.064 [Market] Player "Mard" (id=OAEsqfVu9Ya3qx3X2Q_PgbpxSoSDXOIUHhH8VWVuumk=) has bought hammer x1 (517c7ef0) from the trader "BuildingSupplies (Boris [#STR_EXPANSION_MARKET_TRADER_BUILDING_SUPPLIES])" in market zone "Trader Zone" (pos=<6675.160645, 104.603935, 6114.155762>) for a price of 7.
20:55:54.848 [Market] Player "Stivi the Kid" (id=W44v5r64t_fNpgzRQNLTal2wQQBqWJ8o-Qcc6Jd5hw8=) has bought expansionlumber1 x10 (517c8a80) from the trader "BuildingSupplies (Boris [#STR_EXPANSION_MARKET_TRADER_BUILDING_SUPPLIES])" in market zone "Trader Zone" (pos=<6675.160645, 104.603935, 6114.155762>) for a price of 500.
20:55:56.351 [Market] Player "Stivi the Kid" (id=W44v5r64t_fNpgzRQNLTal2wQQBqWJ8o-Qcc6Jd5hw8=) has bought expansionlumber1 x10 (517c2270) from the trader "BuildingSupplies (Boris [#STR_EXPANSION_MARKET_TRADER_BUILDING_SUPPLIES])" in market zone "Trader Zone" (pos=<6675.160645, 104.603935, 6114.155762>) for a price of 500.
20:56:06.976 [Market] Player "Stivi the Kid" (id=W44v5r64t_fNpgzRQNLTal2wQQBqWJ8o-Qcc6Jd5hw8=) has sold expansionlumber1 x1 (517c8a80) at the trader "BuildingSupplies (Boris [#STR_EXPANSION_MARKET_TRADER_BUILDING_SUPPLIES])" in market zone "Trader Zone" (pos=<6675.160645, 104.603935, 6114.155762>) and got 37.
20:56:07.789 [Market] Player "Stivi the Kid" (id=W44v5r64t_fNpgzRQNLTal2wQQBqWJ8o-Qcc6Jd5hw8=) has sold expansionlumber1 x1 (517c8a80) at the trader "BuildingSupplies (Boris [#STR_EXPANSION_MARKET_TRADER_BUILDING_SUPPLIES])" in market zone "Trader Zone" (pos=<6675.160645, 104.603935, 6114.155762>) and got 37.
20:56:08.774 [Market] Player "Stivi the Kid" (id=W44v5r64t_fNpgzRQNLTal2wQQBqWJ8o-Qcc6Jd5hw8=) has sold expansionlumber1 x1 (517c8a80) at the trader "BuildingSupplies (Boris [#STR_EXPANSION_MARKET_TRADER_BUILDING_SUPPLIES])" in market zone "Trader Zone" (pos=<6675.160645, 104.603935, 6114.155762>) and got 37.
20:56:08.919 [Market] Player "Stivi the Kid" (id=W44v5r64t_fNpgzRQNLTal2wQQBqWJ8o-Qcc6Jd5hw8=) has sold expansionlumber1 x1 (517c8a80) at the trader "BuildingSupplies (Boris [#STR_EXPANSION_MARKET_TRADER_BUILDING_SUPPLIES])" in market zone "Trader Zone" (pos=<6675.160645, 104.603935, 6114.155762>) and got 37.
20:56:09.056 [Market] Player "Mard" (id=OAEsqfVu9Ya3qx3X2Q_PgbpxSoSDXOIUHhH8VWVuumk=) has bought nailbox x1 (4c3aad20) from the trader "BuildingSupplies (Boris [#STR_EXPANSION_MARKET_TRADER_BUILDING_SUPPLIES])" in market zone "Trader Zone" (pos=<6675.160645, 104.603935, 6114.155762>) for a price of 300.
20:56:09.065 [Market] Player "Stivi the Kid" (id=W44v5r64t_fNpgzRQNLTal2wQQBqWJ8o-Qcc6Jd5hw8=) has sold expansionlumber1 x1 (517c8a80) at the trader "BuildingSupplies (Boris [#STR_EXPANSION_MARKET_TRADER_BUILDING_SUPPLIES])" in market zone "Trader Zone" (pos=<6675.160645, 104.603935, 6114.155762>) and got 37.
20:56:09.222 [Market] Player "Stivi the Kid" (id=W44v5r64t_fNpgzRQNLTal2wQQBqWJ8o-Qcc6Jd5hw8=) has sold expansionlumber1 x1 (517c8a80) at the trader "BuildingSupplies (Boris [#STR_EXPANSION_MARKET_TRADER_BUILDING_SUPPLIES])" in market zone "Trader Zone" (pos=<6675.160645, 104.603935, 6114.155762>) and got 37.
20:56:09.378 [Market] Player "Stivi the Kid" (id=W44v5r64t_fNpgzRQNLTal2wQQBqWJ8o-Qcc6Jd5hw8=) has sold expansionlumber1 x1 (517c8a80) at the trader "BuildingSupplies (Boris [#STR_EXPANSION_MARKET_TRADER_BUILDING_SUPPLIES])" in market zone "Trader Zone" (pos=<6675.160645, 104.603935, 6114.155762>) and got 37.
20:56:09.514 [Market] Player "Stivi the Kid" (id=W44v5r64t_fNpgzRQNLTal2wQQBqWJ8o-Qcc6Jd5hw8=) has sold expansionlumber1 x1 (517c8a80) at the trader "BuildingSupplies (Boris [#STR_EXPANSION_MARKET_TRADER_BUILDING_SUPPLIES])" in market zone "Trader Zone" (pos=<6675.160645, 104.603935, 6114.155762>) and got 37.
20:56:09.620 [Market] Player "Mard" (id=OAEsqfVu9Ya3qx3X2Q_PgbpxSoSDXOIUHhH8VWVuumk=) has bought nailbox x1 (4c3bab80) from the trader "BuildingSupplies (Boris [#STR_EXPANSION_MARKET_TRADER_BUILDING_SUPPLIES])" in market zone "Trader Zone" (pos=<6675.160645, 104.603935, 6114.155762>) for a price of 300.
20:56:09.661 [Market] Player "Stivi the Kid" (id=W44v5r64t_fNpgzRQNLTal2wQQBqWJ8o-Qcc6Jd5hw8=) has sold expansionlumber1 x1 (517c8a80) at the trader "BuildingSupplies (Boris [#STR_EXPANSION_MARKET_TRADER_BUILDING_SUPPLIES])" in market zone "Trader Zone" (pos=<6675.160645, 104.603935, 6114.155762>) and got 37.
20:56:09.822 [Market] Player "Stivi the Kid" (id=W44v5r64t_fNpgzRQNLTal2wQQBqWJ8o-Qcc6Jd5hw8=) has sold expansionlumber1 x1 (517c8a80) at the trader "BuildingSupplies (Boris [#STR_EXPANSION_MARKET_TRADER_BUILDING_SUPPLIES])" in market zone "Trader Zone" (pos=<6675.160645, 104.603935, 6114.155762>) and got 37.
20:56:09.972 [Market] Player "Stivi the Kid" (id=W44v5r64t_fNpgzRQNLTal2wQQBqWJ8o-Qcc6Jd5hw8=) has sold expansionlumber1 x1 (517c2270) at the trader "BuildingSupplies (Boris [#STR_EXPANSION_MARKET_TRADER_BUILDING_SUPPLIES])" in market zone "Trader Zone" (pos=<6675.160645, 104.603935, 6114.155762>) and got 37.
20:56:10.127 [Market] Player "Stivi the Kid" (id=W44v5r64t_fNpgzRQNLTal2wQQBqWJ8o-Qcc6Jd5hw8=) has sold expansionlumber1 x1 (517c2270) at the trader "BuildingSupplies (Boris [#STR_EXPANSION_MARKET_TRADER_BUILDING_SUPPLIES])" in market zone "Trader Zone" (pos=<6675.160645, 104.603935, 6114.155762>) and got 37.
20:56:10.286 [Market] Player "Stivi the Kid" (id=W44v5r64t_fNpgzRQNLTal2wQQBqWJ8o-Qcc6Jd5hw8=) has sold expansionlumber1 x1 (517c2270) at the trader "BuildingSupplies (Boris [#STR_EXPANSION_MARKET_TRADER_BUILDING_SUPPLIES])" in market zone "Trader Zone" (pos=<6675.160645, 104.603935, 6114.155762>) and got 37.
20:56:10.430 [Market] Player "Stivi the Kid" (id=W44v5r64t_fNpgzRQNLTal2wQQBqWJ8o-Qcc6Jd5hw8=) has sold expansionlumber1 x1 (517c2270) at the trader "BuildingSupplies (Boris [#STR_EXPANSION_MARKET_TRADER_BUILDING_SUPPLIES])" in market zone "Trader Zone" (pos=<6675.160645, 104.603935, 6114.155762>) and got 37.
20:56:10.614 [Market] Player "Stivi the Kid" (id=W44v5r64t_fNpgzRQNLTal2wQQBqWJ8o-Qcc6Jd5hw8=) has sold expansionlumber1 x1 (517c2270) at the trader "BuildingSupplies (Boris [#STR_EXPANSION_MARKET_TRADER_BUILDING_SUPPLIES])" in market zone "Trader Zone" (pos=<6675.160645, 104.603935, 6114.155762>) and got 37.
20:56:10.636 [Market] Player "Mard" (id=OAEsqfVu9Ya3qx3X2Q_PgbpxSoSDXOIUHhH8VWVuumk=) has bought nailbox x1 (4c3c7ba0) from the trader "BuildingSupplies (Boris [#STR_EXPANSION_MARKET_TRADER_BUILDING_SUPPLIES])" in market zone "Trader Zone" (pos=<6675.160645, 104.603935, 6114.155762>) for a price of 300.
20:56:10.735 [Market] Player "Stivi the Kid" (id=W44v5r64t_fNpgzRQNLTal2wQQBqWJ8o-Qcc6Jd5hw8=) has sold expansionlumber1 x1 (517c2270) at the trader "BuildingSupplies (Boris [#STR_EXPANSION_MARKET_TRADER_BUILDING_SUPPLIES])" in market zone "Trader Zone" (pos=<6675.160645, 104.603935, 6114.155762>) and got 37.
20:56:10.919 [Market] Player "Stivi the Kid" (id=W44v5r64t_fNpgzRQNLTal2wQQBqWJ8o-Qcc6Jd5hw8=) has sold expansionlumber1 x1 (517c2270) at the trader "BuildingSupplies (Boris [#STR_EXPANSION_MARKET_TRADER_BUILDING_SUPPLIES])" in market zone "Trader Zone" (pos=<6675.160645, 104.603935, 6114.155762>) and got 37.
20:56:11.075 [Market] Player "Stivi the Kid" (id=W44v5r64t_fNpgzRQNLTal2wQQBqWJ8o-Qcc6Jd5hw8=) has sold expansionlumber1 x1 (517c2270) at the trader "BuildingSupplies (Boris [#STR_EXPANSION_MARKET_TRADER_BUILDING_SUPPLIES])" in market zone "Trader Zone" (pos=<6675.160645, 104.603935, 6114.155762>) and got 37.
20:56:11.123 [Market] Player "Mard" (id=OAEsqfVu9Ya3qx3X2Q_PgbpxSoSDXOIUHhH8VWVuumk=) has bought nailbox x1 (4c3c1f20) from the trader "BuildingSupplies (Boris [#STR_EXPANSION_MARKET_TRADER_BUILDING_SUPPLIES])" in market zone "Trader Zone" (pos=<6675.160645, 104.603935, 6114.155762>) for a price of 300.
20:56:11.214 [Market] Player "Stivi the Kid" (id=W44v5r64t_fNpgzRQNLTal2wQQBqWJ8o-Qcc6Jd5hw8=) has sold expansionlumber1 x1 (517c2270) at the trader "BuildingSupplies (Boris [#STR_EXPANSION_MARKET_TRADER_BUILDING_SUPPLIES])" in market zone "Trader Zone" (pos=<6675.160645, 104.603935, 6114.155762>) and got 37.
20:56:11.362 [Market] Player "Stivi the Kid" (id=W44v5r64t_fNpgzRQNLTal2wQQBqWJ8o-Qcc6Jd5hw8=) has sold expansionlumber1 x1 (517c2270) at the trader "BuildingSupplies (Boris [#STR_EXPANSION_MARKET_TRADER_BUILDING_SUPPLIES])" in market zone "Trader Zone" (pos=<6675.160645, 104.603935, 6114.155762>) and got 37.
20:56:12.467 [Market] Player "Mard" (id=OAEsqfVu9Ya3qx3X2Q_PgbpxSoSDXOIUHhH8VWVuumk=) has bought nailbox x1 (4c3c92c0) from the trader "BuildingSupplies (Boris [#STR_EXPANSION_MARKET_TRADER_BUILDING_SUPPLIES])" in market zone "Trader Zone" (pos=<6675.160645, 104.603935, 6114.155762>) for a price of 300.
20:56:12.942 [Market] Player "Mard" (id=OAEsqfVu9Ya3qx3X2Q_PgbpxSoSDXOIUHhH8VWVuumk=) has bought nailbox x1 (4c3c2ab0) from the trader "BuildingSupplies (Boris [#STR_EXPANSION_MARKET_TRADER_BUILDING_SUPPLIES])" in market zone "Trader Zone" (pos=<6675.160645, 104.603935, 6114.155762>) for a price of 300.
20:56:24.086 [Market] Player "Stivi the Kid" (id=W44v5r64t_fNpgzRQNLTal2wQQBqWJ8o-Qcc6Jd5hw8=) has bought woodenplank x10 (4c3c9e50) from the trader "BuildingSupplies (Boris [#STR_EXPANSION_MARKET_TRADER_BUILDING_SUPPLIES])" in market zone "Trader Zone" (pos=<6675.160645, 104.603935, 6114.155762>) for a price of 500.
20:56:34.118 [Market] Player "Mard" (id=OAEsqfVu9Ya3qx3X2Q_PgbpxSoSDXOIUHhH8VWVuumk=) has bought woodenplank x30 (3739e900) from the trader "BuildingSupplies (Boris [#STR_EXPANSION_MARKET_TRADER_BUILDING_SUPPLIES])" in market zone "Trader Zone" (pos=<6675.160645, 104.603935, 6114.155762>) for a price of 1500.
20:56:34.394 [Market] Player "Stivi the Kid" (id=W44v5r64t_fNpgzRQNLTal2wQQBqWJ8o-Qcc6Jd5hw8=) has bought woodenplank x1 (52cb8060) from the trader "BuildingSupplies (Boris [#STR_EXPANSION_MARKET_TRADER_BUILDING_SUPPLIES])" in market zone "Trader Zone" (pos=<6675.160645, 104.603935, 6114.155762>) for a price of 50.
20:56:43.169 [Market] Player "Stivi the Kid" (id=W44v5r64t_fNpgzRQNLTal2wQQBqWJ8o-Qcc6Jd5hw8=) has bought woodenplank x9 (52cbff90) from the trader "BuildingSupplies (Boris [#STR_EXPANSION_MARKET_TRADER_BUILDING_SUPPLIES])" in market zone "Trader Zone" (pos=<6675.160645, 104.603935, 6114.155762>) for a price of 450.
20:56:57.075 [Market] Player "Stivi the Kid" (id=W44v5r64t_fNpgzRQNLTal2wQQBqWJ8o-Qcc6Jd5hw8=) has bought woodenplank x10 (52cc16b0) from the trader "BuildingSupplies (Boris [#STR_EXPANSION_MARKET_TRADER_BUILDING_SUPPLIES])" in market zone "Trader Zone" (pos=<6675.160645, 104.603935, 6114.155762>) for a price of 500.
20:57:00.842 [ATM] Player "Mard" (id=OAEsqfVu9Ya3qx3X2Q_PgbpxSoSDXOIUHhH8VWVuumk=) has deposited 8604 on his ATM account.
20:57:03.263 [Market] Player "Stivi the Kid" (id=W44v5r64t_fNpgzRQNLTal2wQQBqWJ8o-Qcc6Jd5hw8=) has bought woodenplank x10 (52cd2c30) from the trader "BuildingSupplies (Boris [#STR_EXPANSION_MARKET_TRADER_BUILDING_SUPPLIES])" in market zone "Trader Zone" (pos=<6675.160645, 104.603935, 6114.155762>) for a price of 500.
20:57:10.060 [Market] Player "Stivi the Kid" (id=W44v5r64t_fNpgzRQNLTal2wQQBqWJ8o-Qcc6Jd5hw8=) has bought woodenplank x1 (52cd7d20) from the trader "BuildingSupplies (Boris [#STR_EXPANSION_MARKET_TRADER_BUILDING_SUPPLIES])" in market zone "Trader Zone" (pos=<6675.160645, 104.603935, 6114.155762>) for a price of 50.
20:57:11.767 [Market] Player "Stivi the Kid" (id=W44v5r64t_fNpgzRQNLTal2wQQBqWJ8o-Qcc6Jd5hw8=) has bought woodenplank x1 (464d08f0) from the trader "BuildingSupplies (Boris [#STR_EXPANSION_MARKET_TRADER_BUILDING_SUPPLIES])" in market zone "Trader Zone" (pos=<6675.160645, 104.603935, 6114.155762>) for a price of 50.
20:57:11.917 [Market] Player "Stivi the Kid" (id=W44v5r64t_fNpgzRQNLTal2wQQBqWJ8o-Qcc6Jd5hw8=) has bought woodenplank x1 (46082ee0) from the trader "BuildingSupplies (Boris [#STR_EXPANSION_MARKET_TRADER_BUILDING_SUPPLIES])" in market zone "Trader Zone" (pos=<6675.160645, 104.603935, 6114.155762>) for a price of 50.
20:57:12.071 [Market] Player "Stivi the Kid" (id=W44v5r64t_fNpgzRQNLTal2wQQBqWJ8o-Qcc6Jd5hw8=) has bought woodenplank x1 (3468f400) from the trader "BuildingSupplies (Boris [#STR_EXPANSION_MARKET_TRADER_BUILDING_SUPPLIES])" in market zone "Trader Zone" (pos=<6675.160645, 104.603935, 6114.155762>) for a price of 50.
20:57:12.260 [Market] Player "Stivi the Kid" (id=W44v5r64t_fNpgzRQNLTal2wQQBqWJ8o-Qcc6Jd5hw8=) has bought woodenplank x1 (6f5c6b50) from the trader "BuildingSupplies (Boris [#STR_EXPANSION_MARKET_TRADER_BUILDING_SUPPLIES])" in market zone "Trader Zone" (pos=<6675.160645, 104.603935, 6114.155762>) for a price of 50.
20:57:12.377 [Market] Player "Stivi the Kid" (id=W44v5r64t_fNpgzRQNLTal2wQQBqWJ8o-Qcc6Jd5hw8=) has bought woodenplank x1 (3468dce0) from the trader "BuildingSupplies (Boris [#STR_EXPANSION_MARKET_TRADER_BUILDING_SUPPLIES])" in market zone "Trader Zone" (pos=<6675.160645, 104.603935, 6114.155762>) for a price of 50.
20:57:12.564 [Market] Player "Stivi the Kid" (id=W44v5r64t_fNpgzRQNLTal2wQQBqWJ8o-Qcc6Jd5hw8=) has bought woodenplank x1 (47e2ed10) from the trader "BuildingSupplies (Boris [#STR_EXPANSION_MARKET_TRADER_BUILDING_SUPPLIES])" in market zone "Trader Zone" (pos=<6675.160645, 104.603935, 6114.155762>) for a price of 50.
20:57:12.720 [Market] Player "Stivi the Kid" (id=W44v5r64t_fNpgzRQNLTal2wQQBqWJ8o-Qcc6Jd5hw8=) has bought woodenplank x1 (a1eab890) from the trader "BuildingSupplies (Boris [#STR_EXPANSION_MARKET_TRADER_BUILDING_SUPPLIES])" in market zone "Trader Zone" (pos=<6675.160645, 104.603935, 6114.155762>) for a price of 50.
20:57:12.906 [Market] Player "Stivi the Kid" (id=W44v5r64t_fNpgzRQNLTal2wQQBqWJ8o-Qcc6Jd5hw8=) has bought woodenplank x1 (464b4600) from the trader "BuildingSupplies (Boris [#STR_EXPANSION_MARKET_TRADER_BUILDING_SUPPLIES])" in market zone "Trader Zone" (pos=<6675.160645, 104.603935, 6114.155762>) for a price of 50.
20:57:29.180 [Market] Player "Stivi the Kid" (id=W44v5r64t_fNpgzRQNLTal2wQQBqWJ8o-Qcc6Jd5hw8=) has sold woodenplank x1 (3c1bd630) at the trader "BuildingSupplies (Boris [#STR_EXPANSION_MARKET_TRADER_BUILDING_SUPPLIES])" in market zone "Trader Zone" (pos=<6675.160645, 104.603935, 6114.155762>) and got 37.
20:57:34.634 [Market] Player "Stivi the Kid" (id=W44v5r64t_fNpgzRQNLTal2wQQBqWJ8o-Qcc6Jd5hw8=) has bought woodenplank x1 (4607bb40) from the trader "BuildingSupplies (Boris [#STR_EXPANSION_MARKET_TRADER_BUILDING_SUPPLIES])" in market zone "Trader Zone" (pos=<6675.160645, 104.603935, 6114.155762>) for a price of 50.
20:57:34.825 [Market] Player "Stivi the Kid" (id=W44v5r64t_fNpgzRQNLTal2wQQBqWJ8o-Qcc6Jd5hw8=) has bought woodenplank x1 (3468dce0) from the trader "BuildingSupplies (Boris [#STR_EXPANSION_MARKET_TRADER_BUILDING_SUPPLIES])" in market zone "Trader Zone" (pos=<6675.160645, 104.603935, 6114.155762>) for a price of 50.
20:59:01.579 [Safezone] Player "{1:name}" (id={1:id} pos={1:position}) left the safezone
20:59:05.909 [Safezone] Player "{1:name}" (id={1:id} pos={1:position}) left the safezone
21:01:45.128 [BaseBuildingRaiding] ------------------------- Expansion Base Raiding Damage Report -------------------------
21:01:45.128 [BaseBuildingRaiding] Player "Mard" (id=OAEsqfVu9Ya3qx3X2Q_PgbpxSoSDXOIUHhH8VWVuumk= pos=<7115.88, 162.66, 5116.5>) damaged ExpansionWall6x3 at <7124.61, 162.88, 5096.18>
21:01:45.128 [BaseBuildingRaiding] They dealt 17.144 * 1 = 17.144 damage with Bullet_300AAC from PNC_W_HoneyBadger_kitty
21:01:45.128 [BaseBuildingRaiding] GlobalHealth hitpoints decreased from 30000 to 29982.9
21:01:45.129 [BaseBuildingRaiding] ----------------------------------------------------------------------------------------
21:09:36.536 [Party] Player "Stivi the Kid" (id=W44v5r64t_fNpgzRQNLTal2wQQBqWJ8o-Qcc6Jd5hw8=) left the party "Viper Ethereal" (id=33 ownerUID=zazFLAJ4lPF6TvVQMMREjst1jC8o_Id9oh_TjGBwaP8= ownerName=ElBizzy)
21:58:53.099 [MissionAirdrop] An airdrop is heading towards "Huron" (pos=<5645.566895, 0.000000, 8244.150391> type=Random_Huron) with a ExpansionAirdropContainer_Military
22:00:01.508 [Party] Player "Mard" (id=OAEsqfVu9Ya3qx3X2Q_PgbpxSoSDXOIUHhH8VWVuumk=) left the party "Viper Ethereal" (id=33 ownerUID=zazFLAJ4lPF6TvVQMMREjst1jC8o_Id9oh_TjGBwaP8= ownerName=ElBizzy)
