15:01:42.890 [Party] Player "Mard" (id=OAEsqfVu9Ya3qx3X2Q_PgbpxSoSDXOIUHhH8VWVuumk=) joinded the party "Viper Ethereal" (id=33 ownerUID=zazFLAJ4lPF6TvVQMMREjst1jC8o_Id9oh_TjGBwaP8= ownerName=ElBizzy)
15:03:26.691 [Party] Player "Mido" (id=dtBrTODogZ8rHAVNFTJ9C_NvpkyA9gRQu7bfAps_vPI=) joinded the party "Viper Ethereal" (id=33 ownerUID=zazFLAJ4lPF6TvVQMMREjst1jC8o_Id9oh_TjGBwaP8= ownerName=ElBizzy)
15:04:10.250 [Party] Player "Stivi the Kid" (id=W44v5r64t_fNpgzRQNLTal2wQQBqWJ8o-Qcc6Jd5hw8=) joinded the party "Viper Ethereal" (id=33 ownerUID=zazFLAJ4lPF6TvVQMMREjst1jC8o_Id9oh_TjGBwaP8= ownerName=ElBizzy)
15:06:23.632 [MissionAirdrop] An airdrop is heading towards "Ontario" (pos=<6884.233398, 0.000000, 2921.709961> type=Random_Ontario) with a ExpansionAirdropContainer_Medical
15:07:16.625 [Safezone] Player "Brewce" (id=XL1GT1pp_f-jQGOrP6YuCPttwyD--b5ziLbGiXICjFs= pos=<6668.03, 102.5, 6109.4>) entered the safezone
15:09:02.679 [Party] Player "Eric" (id=DT1QFut1v8UN48skN3UnroicVIl_5hTizZZZSwLRxk8=) joinded the party "Die dreisten Drei" (id=46 ownerUID=DT1QFut1v8UN48skN3UnroicVIl_5hTizZZZSwLRxk8= ownerName=Eric)
15:09:36.640 [Safezone] Player "Brewce" (id=XL1GT1pp_f-jQGOrP6YuCPttwyD--b5ziLbGiXICjFs= pos=<6666.94, 102.5, 6109.7>) entered the safezone
15:10:45.285 [Market] Player "Brewce" (id=XL1GT1pp_f-jQGOrP6YuCPttwyD--b5ziLbGiXICjFs=) has bought tacticalbaconcan x1 (bf92be70) from the trader "Consumables (Linda [#STR_EXPANSION_MARKET_TRADER_CONSUMABLES])" in market zone "Trader Zone" (pos=<6675.160645, 104.603935, 6114.155762>) for a price of 20.
15:10:45.976 [Market] Player "Brewce" (id=XL1GT1pp_f-jQGOrP6YuCPttwyD--b5ziLbGiXICjFs=) has bought tacticalbaconcan x1 (bf921590) from the trader "Consumables (Linda [#STR_EXPANSION_MARKET_TRADER_CONSUMABLES])" in market zone "Trader Zone" (pos=<6675.160645, 104.603935, 6114.155762>) for a price of 20.
15:11:06.832 [Market] Player "Brewce" (id=XL1GT1pp_f-jQGOrP6YuCPttwyD--b5ziLbGiXICjFs=) has bought tacticalbaconcan x1 (c35f00a0) from the trader "Consumables (Linda [#STR_EXPANSION_MARKET_TRADER_CONSUMABLES])" in market zone "Trader Zone" (pos=<6675.160645, 104.603935, 6114.155762>) for a price of 20.
15:11:07.328 [Market] Player "Brewce" (id=XL1GT1pp_f-jQGOrP6YuCPttwyD--b5ziLbGiXICjFs=) has bought tacticalbaconcan x1 (c360a6d0) from the trader "Consumables (Linda [#STR_EXPANSION_MARKET_TRADER_CONSUMABLES])" in market zone "Trader Zone" (pos=<6675.160645, 104.603935, 6114.155762>) for a price of 20.
15:11:07.812 [Market] Player "Brewce" (id=XL1GT1pp_f-jQGOrP6YuCPttwyD--b5ziLbGiXICjFs=) has bought tacticalbaconcan x1 (c3628950) from the trader "Consumables (Linda [#STR_EXPANSION_MARKET_TRADER_CONSUMABLES])" in market zone "Trader Zone" (pos=<6675.160645, 104.603935, 6114.155762>) for a price of 20.
15:11:08.312 [Market] Player "Brewce" (id=XL1GT1pp_f-jQGOrP6YuCPttwyD--b5ziLbGiXICjFs=) has bought tacticalbaconcan x1 (c360bef0) from the trader "Consumables (Linda [#STR_EXPANSION_MARKET_TRADER_CONSUMABLES])" in market zone "Trader Zone" (pos=<6675.160645, 104.603935, 6114.155762>) for a price of 20.
15:11:27.285 [Safezone] Player "Rage" (id=m_TD03B4NXDQrU5koHpLq3WyQf1hXTvQSdETJOTM8ss= pos=<6680.64, 102.57, 6077.2>) entered the safezone
15:11:27.285 [Party] Player "Rage" (id=m_TD03B4NXDQrU5koHpLq3WyQf1hXTvQSdETJOTM8ss=) joinded the party "SLAVES" (id=1 ownerUID=m_TD03B4NXDQrU5koHpLq3WyQf1hXTvQSdETJOTM8ss= ownerName=F11 Simulator)
15:11:58.019 [ATM] Player "Brewce" (id=XL1GT1pp_f-jQGOrP6YuCPttwyD--b5ziLbGiXICjFs=) has deposited 689 on his ATM account.
15:13:20.398 [Safezone] Player "{1:name}" (id={1:id} pos={1:position}) left the safezone
15:14:20.675 [Safezone] Player "{1:name}" (id={1:id} pos={1:position}) left the safezone
15:14:45.687 [Party] Player "Druss" (id=mvB_p65s26M1iDgS3KgKpm-UzbAyYM5rER5IINF2xI0=) joinded the party "SLAVES" (id=1 ownerUID=m_TD03B4NXDQrU5koHpLq3WyQf1hXTvQSdETJOTM8ss= ownerName=F11 Simulator)
15:14:49.183 [Safezone] Player "Mido" (id=dtBrTODogZ8rHAVNFTJ9C_NvpkyA9gRQu7bfAps_vPI= pos=<6626.74, 135.02, 6028.29>) entered the safezone
15:14:50.121 [Safezone] Player "Mard" (id=OAEsqfVu9Ya3qx3X2Q_PgbpxSoSDXOIUHhH8VWVuumk= pos=<6624.32, 135.76, 6029.07>) entered the safezone
15:15:04.507 [Safezone] Player "Rage" (id=m_TD03B4NXDQrU5koHpLq3WyQf1hXTvQSdETJOTM8ss= pos=<6703.52, 102.81, 6074.28>) entered the safezone
15:16:17.484 [ATM] Player "Mido" (id=dtBrTODogZ8rHAVNFTJ9C_NvpkyA9gRQu7bfAps_vPI=) has withdrawn 10000 from his ATM account.
15:16:25.308 [ATM] Player "Mard" (id=OAEsqfVu9Ya3qx3X2Q_PgbpxSoSDXOIUHhH8VWVuumk=) has withdrawn 1923 from his ATM account.
15:18:09.921 [Safezone] Player "Druss" (id=mvB_p65s26M1iDgS3KgKpm-UzbAyYM5rER5IINF2xI0= pos=<6758.37, 102.73, 6068.45>) entered the safezone
15:18:51.960 [Market] Player "Mard" (id=OAEsqfVu9Ya3qx3X2Q_PgbpxSoSDXOIUHhH8VWVuumk=) has sold greathelm x1 (d8fc45e0) at the trader "Clothing (Naomi [#STR_EXPANSION_MARKET_TRADER_CLOTHING])" in market zone "Trader Zone" (pos=<6675.160645, 104.603935, 6114.155762>) and got 180.
15:18:54.726 [Market] Player "Mido" (id=dtBrTODogZ8rHAVNFTJ9C_NvpkyA9gRQu7bfAps_vPI=) has bought mich2001helmet x1 (e780d2b0) from the trader "Clothing (Naomi [#STR_EXPANSION_MARKET_TRADER_CLOTHING])" in market zone "Trader Zone" (pos=<6675.160645, 104.603935, 6114.155762>) for a price of 150.
15:19:34.820 [Market] Player "Mard" (id=OAEsqfVu9Ya3qx3X2Q_PgbpxSoSDXOIUHhH8VWVuumk=) has sold chainmail x1 (d8fcdc30) at the trader "Clothing (Naomi [#STR_EXPANSION_MARKET_TRADER_CLOTHING])" in market zone "Trader Zone" (pos=<6675.160645, 104.603935, 6114.155762>) and got 281.
15:19:43.105 [Market] Player "Mido" (id=dtBrTODogZ8rHAVNFTJ9C_NvpkyA9gRQu7bfAps_vPI=) has bought woolgloves_green x1 (e781ff50) from the trader "Clothing (Naomi [#STR_EXPANSION_MARKET_TRADER_CLOTHING])" in market zone "Trader Zone" (pos=<6675.160645, 104.603935, 6114.155762>) for a price of 35.
15:20:02.992 [Market] Player "Mido" (id=dtBrTODogZ8rHAVNFTJ9C_NvpkyA9gRQu7bfAps_vPI=) has bought m65jacket_black x1 (e7834ea0) from the trader "Clothing (Naomi [#STR_EXPANSION_MARKET_TRADER_CLOTHING])" in market zone "Trader Zone" (pos=<6675.160645, 104.603935, 6114.155762>) for a price of 130.
15:20:24.246 [Safezone] Player "{1:name}" (id={1:id} pos={1:position}) left the safezone
15:21:10.859 [Market] Player "Mido" (id=dtBrTODogZ8rHAVNFTJ9C_NvpkyA9gRQu7bfAps_vPI=) has bought militaryboots_black x1 (1628a340) from the trader "Clothing (Naomi [#STR_EXPANSION_MARKET_TRADER_CLOTHING])" in market zone "Trader Zone" (pos=<6675.160645, 104.603935, 6114.155762>) for a price of 110.
15:22:07.285 [Market] Player "Mard" (id=OAEsqfVu9Ya3qx3X2Q_PgbpxSoSDXOIUHhH8VWVuumk=) has sold chainmail_leggings x1 (d8fd1600) at the trader "Clothing (Naomi [#STR_EXPANSION_MARKET_TRADER_CLOTHING])" in market zone "Trader Zone" (pos=<6675.160645, 104.603935, 6114.155762>) and got 262.
15:22:08.402 [Market] Player "Mard" (id=OAEsqfVu9Ya3qx3X2Q_PgbpxSoSDXOIUHhH8VWVuumk=) has sold chainmail_leggings x1 (d8fcc510) at the trader "Clothing (Naomi [#STR_EXPANSION_MARKET_TRADER_CLOTHING])" in market zone "Trader Zone" (pos=<6675.160645, 104.603935, 6114.155762>) and got 196.
15:22:15.449 [Market] Player "Mard" (id=OAEsqfVu9Ya3qx3X2Q_PgbpxSoSDXOIUHhH8VWVuumk=) has sold medievalboots x1 (d8fd2190) at the trader "Clothing (Naomi [#STR_EXPANSION_MARKET_TRADER_CLOTHING])" in market zone "Trader Zone" (pos=<6675.160645, 104.603935, 6114.155762>) and got 56.
15:22:17.335 [Market] Player "Mido" (id=dtBrTODogZ8rHAVNFTJ9C_NvpkyA9gRQu7bfAps_vPI=) has bought firefighterspants_black x1 (162b8740) from the trader "Clothing (Naomi [#STR_EXPANSION_MARKET_TRADER_CLOTHING])" in market zone "Trader Zone" (pos=<6675.160645, 104.603935, 6114.155762>) for a price of 35.
15:22:18.617 [Market] Player "Mard" (id=OAEsqfVu9Ya3qx3X2Q_PgbpxSoSDXOIUHhH8VWVuumk=) has sold chestplate x1 (d8fc7420) at the trader "Clothing (Naomi [#STR_EXPANSION_MARKET_TRADER_CLOTHING])" in market zone "Trader Zone" (pos=<6675.160645, 104.603935, 6114.155762>) and got 56.
15:22:35.265 [Market] Player "Mido" (id=dtBrTODogZ8rHAVNFTJ9C_NvpkyA9gRQu7bfAps_vPI=) has bought gasmask_filter x1 (fc0fe400) from the trader "Clothing (Naomi [#STR_EXPANSION_MARKET_TRADER_CLOTHING])" in market zone "Trader Zone" (pos=<6675.160645, 104.603935, 6114.155762>) for a price of 1000.
15:23:35.007 [Market] Player "Mido" (id=dtBrTODogZ8rHAVNFTJ9C_NvpkyA9gRQu7bfAps_vPI=) has bought platecarriervest x1 (fc121a90) from the trader "Clothing (Naomi [#STR_EXPANSION_MARKET_TRADER_CLOTHING])" in market zone "Trader Zone" (pos=<6675.160645, 104.603935, 6114.155762>) for a price of 250.
15:24:35.410 [Market] Player "Mido" (id=dtBrTODogZ8rHAVNFTJ9C_NvpkyA9gRQu7bfAps_vPI=) has sold omnogloves_brown x1 (f0f6e530) at the trader "Clothing (Naomi [#STR_EXPANSION_MARKET_TRADER_CLOTHING])" in market zone "Trader Zone" (pos=<6675.160645, 104.603935, 6114.155762>) and got 15.
15:24:38.277 [Market] Player "Mido" (id=dtBrTODogZ8rHAVNFTJ9C_NvpkyA9gRQu7bfAps_vPI=) has sold ssh68helmet x1 (f0f688b0) at the trader "Clothing (Naomi [#STR_EXPANSION_MARKET_TRADER_CLOTHING])" in market zone "Trader Zone" (pos=<6675.160645, 104.603935, 6114.155762>) and got 46.
15:24:40.816 [Market] Player "Mido" (id=dtBrTODogZ8rHAVNFTJ9C_NvpkyA9gRQu7bfAps_vPI=) has sold jungleboots_black x1 (f0f879e0) at the trader "Clothing (Naomi [#STR_EXPANSION_MARKET_TRADER_CLOTHING])" in market zone "Trader Zone" (pos=<6675.160645, 104.603935, 6114.155762>) and got 63.
15:24:42.593 [Market] Player "Mido" (id=dtBrTODogZ8rHAVNFTJ9C_NvpkyA9gRQu7bfAps_vPI=) has sold policevest x1 (f0f84010) at the trader "Clothing (Naomi [#STR_EXPANSION_MARKET_TRADER_CLOTHING])" in market zone "Trader Zone" (pos=<6675.160645, 104.603935, 6114.155762>) and got 26.
15:26:05.585 [Safezone] Player "{1:name}" (id={1:id} pos={1:position}) left the safezone
15:27:36.558 [Safezone] Player "Stivi the Kid" (id=W44v5r64t_fNpgzRQNLTal2wQQBqWJ8o-Qcc6Jd5hw8= pos=<6682.06, 117.89, 6015.19>) entered the safezone
15:27:49.367 [Market] Player "Mard" (id=OAEsqfVu9Ya3qx3X2Q_PgbpxSoSDXOIUHhH8VWVuumk=) has bought tacticalgoggles x1 (cea7c380) from the trader "Clothing (Naomi [#STR_EXPANSION_MARKET_TRADER_CLOTHING])" in market zone "Trader Zone" (pos=<6675.160645, 104.603935, 6114.155762>) for a price of 60.
15:28:07.078 [Market] Player "Stivi the Kid" (id=W44v5r64t_fNpgzRQNLTal2wQQBqWJ8o-Qcc6Jd5hw8=) has sold ssg82 x1 (ce96ebd0) at the trader "Weapons (Denis [#STR_EXPANSION_MARKET_TRADER_WEAPONS])" in market zone "Trader Zone" (pos=<6675.160645, 104.603935, 6114.155762>) and got 337.
15:28:51.023 [Market] Player "Stivi the Kid" (id=W44v5r64t_fNpgzRQNLTal2wQQBqWJ8o-Qcc6Jd5hw8=) has sold ammo_545x39 x1 (ee06c530) at the trader "Weapons (Denis [#STR_EXPANSION_MARKET_TRADER_WEAPONS])" in market zone "Trader Zone" (pos=<6675.160645, 104.603935, 6114.155762>) and got 0.
15:28:51.222 [Market] Player "Stivi the Kid" (id=W44v5r64t_fNpgzRQNLTal2wQQBqWJ8o-Qcc6Jd5hw8=) has sold ammo_545x39 x1 (ee06c530) at the trader "Weapons (Denis [#STR_EXPANSION_MARKET_TRADER_WEAPONS])" in market zone "Trader Zone" (pos=<6675.160645, 104.603935, 6114.155762>) and got 0.
15:28:51.453 [Market] Player "Stivi the Kid" (id=W44v5r64t_fNpgzRQNLTal2wQQBqWJ8o-Qcc6Jd5hw8=) has sold ammo_545x39 x1 (ee06c530) at the trader "Weapons (Denis [#STR_EXPANSION_MARKET_TRADER_WEAPONS])" in market zone "Trader Zone" (pos=<6675.160645, 104.603935, 6114.155762>) and got 0.
15:28:51.917 [Market] Player "Stivi the Kid" (id=W44v5r64t_fNpgzRQNLTal2wQQBqWJ8o-Qcc6Jd5hw8=) has sold ammo_545x39 x1 (ee06c530) at the trader "Weapons (Denis [#STR_EXPANSION_MARKET_TRADER_WEAPONS])" in market zone "Trader Zone" (pos=<6675.160645, 104.603935, 6114.155762>) and got 0.
15:28:53.222 [Market] Player "Stivi the Kid" (id=W44v5r64t_fNpgzRQNLTal2wQQBqWJ8o-Qcc6Jd5hw8=) has sold ammo_545x39 x1 (ee06c530) at the trader "Weapons (Denis [#STR_EXPANSION_MARKET_TRADER_WEAPONS])" in market zone "Trader Zone" (pos=<6675.160645, 104.603935, 6114.155762>) and got 0.
15:29:11.851 [Market] Player "Stivi the Kid" (id=W44v5r64t_fNpgzRQNLTal2wQQBqWJ8o-Qcc6Jd5hw8=) has sold ammo_545x39 x85 (ee06c530, ee072d40, ee0738d0, ee0721b0, 4e78c00) at the trader "Weapons (Denis [#STR_EXPANSION_MARKET_TRADER_WEAPONS])" in market zone "Trader Zone" (pos=<6675.160645, 104.603935, 6114.155762>) and got 0.
15:29:38.652 [Safezone] Player "Rage" (id=m_TD03B4NXDQrU5koHpLq3WyQf1hXTvQSdETJOTM8ss= pos=<6687.31, 108.46, 6102.94>) entered the safezone
15:29:55.820 [Market] Player "Stivi the Kid" (id=W44v5r64t_fNpgzRQNLTal2wQQBqWJ8o-Qcc6Jd5hw8=) has sold mag_glock_15rnd x1 (cf91d9b0, ammo_9x19 x11) at the trader "Attachments (Jose [#STR_EXPANSION_MARKET_TRADER_ATTACHMENTS])" in market zone "Trader Zone" (pos=<6675.160645, 104.603935, 6114.155762>) and got 41.
15:29:56.093 [Market] Player "Mard" (id=OAEsqfVu9Ya3qx3X2Q_PgbpxSoSDXOIUHhH8VWVuumk=) has sold mag_fnx45_15rnd x1 (d8fdf1b0, ammo_45acp x14) at the trader "Attachments (Jose [#STR_EXPANSION_MARKET_TRADER_ATTACHMENTS])" in market zone "Trader Zone" (pos=<6675.160645, 104.603935, 6114.155762>) and got 44.
15:30:05.343 [Market] Player "Stivi the Kid" (id=W44v5r64t_fNpgzRQNLTal2wQQBqWJ8o-Qcc6Jd5hw8=) has sold m4_oebttstck x1 (ee0696f0) at the trader "Attachments (Jose [#STR_EXPANSION_MARKET_TRADER_ATTACHMENTS])" in market zone "Trader Zone" (pos=<6675.160645, 104.603935, 6114.155762>) and got 28.
15:30:05.640 [Market] Player "Mard" (id=OAEsqfVu9Ya3qx3X2Q_PgbpxSoSDXOIUHhH8VWVuumk=) has sold huntingoptic x1 (f1554060) at the trader "Attachments (Jose [#STR_EXPANSION_MARKET_TRADER_ATTACHMENTS])" in market zone "Trader Zone" (pos=<6675.160645, 104.603935, 6114.155762>) and got 375.
15:30:06.968 [VehicleDeleted] Lady_Bicycle (id=7ABF4649D84D91C1B7FFAA9D34540C89 pos=<6864.41, 166.08, 3794.48>)
15:30:09.890 [Market] Player "Stivi the Kid" (id=W44v5r64t_fNpgzRQNLTal2wQQBqWJ8o-Qcc6Jd5hw8=) has sold huntingoptic x1 (c3090dd0) at the trader "Attachments (Jose [#STR_EXPANSION_MARKET_TRADER_ATTACHMENTS])" in market zone "Trader Zone" (pos=<6675.160645, 104.603935, 6114.155762>) and got 750.
15:30:12.578 [Market] Player "Stivi the Kid" (id=W44v5r64t_fNpgzRQNLTal2wQQBqWJ8o-Qcc6Jd5hw8=) has sold huntingoptic x1 (d01ad330) at the trader "Attachments (Jose [#STR_EXPANSION_MARKET_TRADER_ATTACHMENTS])" in market zone "Trader Zone" (pos=<6675.160645, 104.603935, 6114.155762>) and got 375.
15:30:14.781 [Market] Player "Stivi the Kid" (id=W44v5r64t_fNpgzRQNLTal2wQQBqWJ8o-Qcc6Jd5hw8=) has sold m4_t3nrdsoptic x1 (d0199990) at the trader "Attachments (Jose [#STR_EXPANSION_MARKET_TRADER_ATTACHMENTS])" in market zone "Trader Zone" (pos=<6675.160645, 104.603935, 6114.155762>) and got 93.
15:30:26.207 [Market] Player "Mard" (id=OAEsqfVu9Ya3qx3X2Q_PgbpxSoSDXOIUHhH8VWVuumk=) has sold huntingoptic x1 (bdace460) at the trader "Attachments (Jose [#STR_EXPANSION_MARKET_TRADER_ATTACHMENTS])" in market zone "Trader Zone" (pos=<6675.160645, 104.603935, 6114.155762>) and got 562.
15:30:28.050 [Market] Player "Mard" (id=OAEsqfVu9Ya3qx3X2Q_PgbpxSoSDXOIUHhH8VWVuumk=) has sold kobraoptic x1 (f1557cb0) at the trader "Attachments (Jose [#STR_EXPANSION_MARKET_TRADER_ATTACHMENTS])" in market zone "Trader Zone" (pos=<6675.160645, 104.603935, 6114.155762>) and got 112.
15:30:28.875 [Market] Player "Mard" (id=OAEsqfVu9Ya3qx3X2Q_PgbpxSoSDXOIUHhH8VWVuumk=) has sold pso11optic x1 (f155f550) at the trader "Attachments (Jose [#STR_EXPANSION_MARKET_TRADER_ATTACHMENTS])" in market zone "Trader Zone" (pos=<6675.160645, 104.603935, 6114.155762>) and got 262.
15:30:39.113 [Market] Player "Mard" (id=OAEsqfVu9Ya3qx3X2Q_PgbpxSoSDXOIUHhH8VWVuumk=) has bought universallight x1 (2780d3e0) from the trader "Attachments (Jose [#STR_EXPANSION_MARKET_TRADER_ATTACHMENTS])" in market zone "Trader Zone" (pos=<6675.160645, 104.603935, 6114.155762>) for a price of 120.
15:30:58.601 [VehicleDeleted] Lady_Bicycle (id=6436F793E34BDE1ECB3F12A6FF93B939 pos=<6865.24, 166.08, 3796.74>)
15:31:25.484 [Market] Player "Mard" (id=OAEsqfVu9Ya3qx3X2Q_PgbpxSoSDXOIUHhH8VWVuumk=) has sold mace x1 (d8fd0a70) at the trader "Weapons (Denis [#STR_EXPANSION_MARKET_TRADER_WEAPONS])" in market zone "Trader Zone" (pos=<6675.160645, 104.603935, 6114.155762>) and got 37.
15:31:28.234 [Market] Player "Mard" (id=OAEsqfVu9Ya3qx3X2Q_PgbpxSoSDXOIUHhH8VWVuumk=) has sold p1 x1 (d261c2f0, Mag_P1_8Rnd<d8fcfee0>, ammo_9x19 x2) at the trader "Weapons (Denis [#STR_EXPANSION_MARKET_TRADER_WEAPONS])" in market zone "Trader Zone" (pos=<6675.160645, 104.603935, 6114.155762>) and got 222.
15:31:29.464 [VehicleDeleted] Lady_Bicycle (id=920A31934948F5CD09177BA11380264D pos=<6867.13, 166.08, 3803.99>)
15:31:36.640 [Market] Player "Stivi the Kid" (id=W44v5r64t_fNpgzRQNLTal2wQQBqWJ8o-Qcc6Jd5hw8=) has bought rice x1 (c12984e0) from the trader "Consumables (Linda [#STR_EXPANSION_MARKET_TRADER_CONSUMABLES])" in market zone "Trader Zone" (pos=<6675.160645, 104.603935, 6114.155762>) for a price of 13.
15:31:37.136 [Market] Player "Stivi the Kid" (id=W44v5r64t_fNpgzRQNLTal2wQQBqWJ8o-Qcc6Jd5hw8=) has bought rice x1 (c12a6a10) from the trader "Consumables (Linda [#STR_EXPANSION_MARKET_TRADER_CONSUMABLES])" in market zone "Trader Zone" (pos=<6675.160645, 104.603935, 6114.155762>) for a price of 13.
15:31:38.613 [Market] Player "Stivi the Kid" (id=W44v5r64t_fNpgzRQNLTal2wQQBqWJ8o-Qcc6Jd5hw8=) has bought rice x1 (b3646c90) from the trader "Consumables (Linda [#STR_EXPANSION_MARKET_TRADER_CONSUMABLES])" in market zone "Trader Zone" (pos=<6675.160645, 104.603935, 6114.155762>) for a price of 13.
15:31:40.683 [VehicleEnter] Player "Eric" (id=DT1QFut1v8UN48skN3UnroicVIl_5hTizZZZSwLRxk8=) entered vehicle Bicycle (id=7610A6A09744128C75AF7F805F083740 pos=<6868.07, 166.08, 3805.14>) as driver
15:31:41.093 [Market] Player "Mard" (id=OAEsqfVu9Ya3qx3X2Q_PgbpxSoSDXOIUHhH8VWVuumk=) has sold carbattery x1 (d8fcb980) at the trader "Components (Cyril [#STR_EXPANSION_MARKET_TRADER_COMPONENTS])" in market zone "Trader Zone" (pos=<6675.160645, 104.603935, 6114.155762>) and got 15.
15:31:42.292 [Market] Player "Mard" (id=OAEsqfVu9Ya3qx3X2Q_PgbpxSoSDXOIUHhH8VWVuumk=) has bought battery9v x1 (2b6a28b0) from the trader "Components (Cyril [#STR_EXPANSION_MARKET_TRADER_COMPONENTS])" in market zone "Trader Zone" (pos=<6675.160645, 104.603935, 6114.155762>) for a price of 10.
15:32:25.617 [VehicleLeave] Player "Eric" (id=DT1QFut1v8UN48skN3UnroicVIl_5hTizZZZSwLRxk8=) left vehicle Bicycle (id=7610A6A09744128C75AF7F805F083740 pos=<6955.4, 188.48, 4041.6>)
15:33:13.187 [Market] Player "Stivi the Kid" (id=W44v5r64t_fNpgzRQNLTal2wQQBqWJ8o-Qcc6Jd5hw8=) has bought rice x1 (ccecb170) from the trader "Consumables (Linda [#STR_EXPANSION_MARKET_TRADER_CONSUMABLES])" in market zone "Trader Zone" (pos=<6675.160645, 104.603935, 6114.155762>) for a price of 13.
15:33:17.039 [VehicleEnter] Player "Eric" (id=DT1QFut1v8UN48skN3UnroicVIl_5hTizZZZSwLRxk8=) entered vehicle Bicycle (id=7610A6A09744128C75AF7F805F083740 pos=<6955.4, 188.48, 4041.6>) as driver
15:34:22.800 [VehicleLeave] Player "Eric" (id=DT1QFut1v8UN48skN3UnroicVIl_5hTizZZZSwLRxk8=) left vehicle Bicycle (id=7610A6A09744128C75AF7F805F083740 pos=<7301.09, 181.84, 4258.8>)
15:34:31.921 [Market] Player "Stivi the Kid" (id=W44v5r64t_fNpgzRQNLTal2wQQBqWJ8o-Qcc6Jd5hw8=) has bought militarybelt x1 (bee535c0) from the trader "Clothing (Naomi [#STR_EXPANSION_MARKET_TRADER_CLOTHING])" in market zone "Trader Zone" (pos=<6675.160645, 104.603935, 6114.155762>) for a price of 100.
15:34:34.253 [Market] Player "Stivi the Kid" (id=W44v5r64t_fNpgzRQNLTal2wQQBqWJ8o-Qcc6Jd5hw8=) has bought militarybelt x1 (c384ca30) from the trader "Clothing (Naomi [#STR_EXPANSION_MARKET_TRADER_CLOTHING])" in market zone "Trader Zone" (pos=<6675.160645, 104.603935, 6114.155762>) for a price of 100.
15:34:54.191 [Market] Player "Stivi the Kid" (id=W44v5r64t_fNpgzRQNLTal2wQQBqWJ8o-Qcc6Jd5hw8=) has sold combatboots_beige x1 (ee07cf20) at the trader "Clothing (Naomi [#STR_EXPANSION_MARKET_TRADER_CLOTHING])" in market zone "Trader Zone" (pos=<6675.160645, 104.603935, 6114.155762>) and got 30.
15:34:55.316 [Market] Player "Stivi the Kid" (id=W44v5r64t_fNpgzRQNLTal2wQQBqWJ8o-Qcc6Jd5hw8=) has bought combatboots_beige x1 (c386de10) from the trader "Clothing (Naomi [#STR_EXPANSION_MARKET_TRADER_CLOTHING])" in market zone "Trader Zone" (pos=<6675.160645, 104.603935, 6114.155762>) for a price of 80.
15:35:26.609 [Market] Player "Mido" (id=dtBrTODogZ8rHAVNFTJ9C_NvpkyA9gRQu7bfAps_vPI=) has sold brassknuckles_shiny x1 (f0f81d60) at the trader "Weapons (Denis [#STR_EXPANSION_MARKET_TRADER_WEAPONS])" in market zone "Trader Zone" (pos=<6675.160645, 104.603935, 6114.155762>) and got 8.
15:35:30.531 [VehicleEnter] Player "Eric" (id=DT1QFut1v8UN48skN3UnroicVIl_5hTizZZZSwLRxk8=) entered vehicle Bicycle (id=7610A6A09744128C75AF7F805F083740 pos=<7301.09, 181.84, 4258.8>) as driver
15:35:34.761 [Market] Player "Mido" (id=dtBrTODogZ8rHAVNFTJ9C_NvpkyA9gRQu7bfAps_vPI=) has sold cz527 x1 (e223ae20, Mag_CZ527_5rnd<f0f73620>, ammo_762x39 x2) at the trader "Weapons (Denis [#STR_EXPANSION_MARKET_TRADER_WEAPONS])" in market zone "Trader Zone" (pos=<6675.160645, 104.603935, 6114.155762>) and got 410.
15:35:42.851 [Market] Player "Mido" (id=dtBrTODogZ8rHAVNFTJ9C_NvpkyA9gRQu7bfAps_vPI=) has sold ammobox_762x39_20rnd x1 (f0f6f0c0) at the trader "Weapons (Denis [#STR_EXPANSION_MARKET_TRADER_WEAPONS])" in market zone "Trader Zone" (pos=<6675.160645, 104.603935, 6114.155762>) and got 24.
15:35:44.750 [Market] Player "Mido" (id=dtBrTODogZ8rHAVNFTJ9C_NvpkyA9gRQu7bfAps_vPI=) has sold ammobox_762x39_20rnd x1 (f0f707e0) at the trader "Weapons (Denis [#STR_EXPANSION_MARKET_TRADER_WEAPONS])" in market zone "Trader Zone" (pos=<6675.160645, 104.603935, 6114.155762>) and got 24.
15:35:49.976 [Party] Player "Druss" (id=mvB_p65s26M1iDgS3KgKpm-UzbAyYM5rER5IINF2xI0=) left the party "SLAVES" (id=1 ownerUID=m_TD03B4NXDQrU5koHpLq3WyQf1hXTvQSdETJOTM8ss= ownerName=F11 Simulator)
15:36:14.902 [Market] Player "Stivi the Kid" (id=W44v5r64t_fNpgzRQNLTal2wQQBqWJ8o-Qcc6Jd5hw8=) has bought woolgloves_green x1 (3a2c510) from the trader "Clothing (Naomi [#STR_EXPANSION_MARKET_TRADER_CLOTHING])" in market zone "Trader Zone" (pos=<6675.160645, 104.603935, 6114.155762>) for a price of 35.
15:36:24.238 [Safezone] Player "{1:name}" (id={1:id} pos={1:position}) left the safezone
15:37:00.894 [Market] Player "Stivi the Kid" (id=W44v5r64t_fNpgzRQNLTal2wQQBqWJ8o-Qcc6Jd5hw8=) has bought firefighterspants_black x1 (3a4d8f0) from the trader "Clothing (Naomi [#STR_EXPANSION_MARKET_TRADER_CLOTHING])" in market zone "Trader Zone" (pos=<6675.160645, 104.603935, 6114.155762>) for a price of 35.
15:37:14.902 [VehicleLeave] Player "Eric" (id=DT1QFut1v8UN48skN3UnroicVIl_5hTizZZZSwLRxk8=) left vehicle Bicycle (id=7610A6A09744128C75AF7F805F083740 pos=<7474, 175.98, 4660.44>)
15:38:27.925 [Market] Player "Mido" (id=dtBrTODogZ8rHAVNFTJ9C_NvpkyA9gRQu7bfAps_vPI=) has sold ammo_huntingbolt x1 (c6ed0ec0) at the trader "Weapons (Denis [#STR_EXPANSION_MARKET_TRADER_WEAPONS])" in market zone "Trader Zone" (pos=<6675.160645, 104.603935, 6114.155762>) and got 1.
15:38:30.480 [Market] Player "Mido" (id=dtBrTODogZ8rHAVNFTJ9C_NvpkyA9gRQu7bfAps_vPI=) has sold cz61 x1 (e223a110, PistolSuppressor<f0f6d9a0>, Mag_CZ61_20Rnd<f0f758d0>, ammo_380 x20) at the trader "Weapons (Denis [#STR_EXPANSION_MARKET_TRADER_WEAPONS])" in market zone "Trader Zone" (pos=<6675.160645, 104.603935, 6114.155762>) and got 609.
15:38:31.625 [Market] Player "Mido" (id=dtBrTODogZ8rHAVNFTJ9C_NvpkyA9gRQu7bfAps_vPI=) has sold crossbow_black x1 (e22386f0) at the trader "Weapons (Denis [#STR_EXPANSION_MARKET_TRADER_WEAPONS])" in market zone "Trader Zone" (pos=<6675.160645, 104.603935, 6114.155762>) and got 450.
15:38:42.535 [VehicleEnter] Player "Eric" (id=DT1QFut1v8UN48skN3UnroicVIl_5hTizZZZSwLRxk8=) entered vehicle Bicycle (id=7610A6A09744128C75AF7F805F083740 pos=<7474, 175.98, 4660.44>) as driver
15:38:54.777 [Market] Player "Stivi the Kid" (id=W44v5r64t_fNpgzRQNLTal2wQQBqWJ8o-Qcc6Jd5hw8=) has sold tacticalgoggles x1 (ee062ee0) at the trader "Clothing (Naomi [#STR_EXPANSION_MARKET_TRADER_CLOTHING])" in market zone "Trader Zone" (pos=<6675.160645, 104.603935, 6114.155762>) and got 22.
15:38:55.640 [Market] Player "Stivi the Kid" (id=W44v5r64t_fNpgzRQNLTal2wQQBqWJ8o-Qcc6Jd5hw8=) has bought tacticalgoggles x1 (c31af430) from the trader "Clothing (Naomi [#STR_EXPANSION_MARKET_TRADER_CLOTHING])" in market zone "Trader Zone" (pos=<6675.160645, 104.603935, 6114.155762>) for a price of 60.
15:39:13.710 [Market] Player "Mido" (id=dtBrTODogZ8rHAVNFTJ9C_NvpkyA9gRQu7bfAps_vPI=) has bought combatknife x1 (ce0205d0) from the trader "Weapons (Denis [#STR_EXPANSION_MARKET_TRADER_WEAPONS])" in market zone "Trader Zone" (pos=<6675.160645, 104.603935, 6114.155762>) for a price of 10.
15:39:15.527 [Market] Player "Mard" (id=OAEsqfVu9Ya3qx3X2Q_PgbpxSoSDXOIUHhH8VWVuumk=) has sold combatknife x1 (d8fdc370) at the trader "Weapons (Denis [#STR_EXPANSION_MARKET_TRADER_WEAPONS])" in market zone "Trader Zone" (pos=<6675.160645, 104.603935, 6114.155762>) and got 5.
15:39:16.757 [Market] Player "Mard" (id=OAEsqfVu9Ya3qx3X2Q_PgbpxSoSDXOIUHhH8VWVuumk=) has bought combatknife x1 (ce027970) from the trader "Weapons (Denis [#STR_EXPANSION_MARKET_TRADER_WEAPONS])" in market zone "Trader Zone" (pos=<6675.160645, 104.603935, 6114.155762>) for a price of 10.
15:39:34.976 [Safezone] Player "Rage" (id=m_TD03B4NXDQrU5koHpLq3WyQf1hXTvQSdETJOTM8ss= pos=<6676.79, 102.53, 6093.28>) entered the safezone
15:39:45.574 [Market] Player "Stivi the Kid" (id=W44v5r64t_fNpgzRQNLTal2wQQBqWJ8o-Qcc6Jd5hw8=) has sold bloodtestkit x1 (ee074ff0) at the trader "Medicals (Mirek [#STR_EXPANSION_MARKET_TRADER_MEDICALS])" in market zone "Trader Zone" (pos=<6675.160645, 104.603935, 6114.155762>) and got 2.
15:39:46.585 [Market] Player "Stivi the Kid" (id=W44v5r64t_fNpgzRQNLTal2wQQBqWJ8o-Qcc6Jd5hw8=) has sold painkillertablets x1 (bd3e20b0) at the trader "Medicals (Mirek [#STR_EXPANSION_MARKET_TRADER_MEDICALS])" in market zone "Trader Zone" (pos=<6675.160645, 104.603935, 6114.155762>) and got 0.
15:40:34.433 [Market] Player "Stivi the Kid" (id=W44v5r64t_fNpgzRQNLTal2wQQBqWJ8o-Qcc6Jd5hw8=) has sold battery9v x1 (ee06dc50) at the trader "Components (Cyril [#STR_EXPANSION_MARKET_TRADER_COMPONENTS])" in market zone "Trader Zone" (pos=<6675.160645, 104.603935, 6114.155762>) and got 4.
15:40:34.644 [Market] Player "Stivi the Kid" (id=W44v5r64t_fNpgzRQNLTal2wQQBqWJ8o-Qcc6Jd5hw8=) has sold battery9v x1 (ee06d0c0) at the trader "Components (Cyril [#STR_EXPANSION_MARKET_TRADER_COMPONENTS])" in market zone "Trader Zone" (pos=<6675.160645, 104.603935, 6114.155762>) and got 7.
15:40:34.863 [Market] Player "Stivi the Kid" (id=W44v5r64t_fNpgzRQNLTal2wQQBqWJ8o-Qcc6Jd5hw8=) has sold battery9v x1 (ee0772a0) at the trader "Components (Cyril [#STR_EXPANSION_MARKET_TRADER_COMPONENTS])" in market zone "Trader Zone" (pos=<6675.160645, 104.603935, 6114.155762>) and got 3.
15:40:35.046 [Market] Player "Stivi the Kid" (id=W44v5r64t_fNpgzRQNLTal2wQQBqWJ8o-Qcc6Jd5hw8=) has sold battery9v x1 (4e7a320) at the trader "Components (Cyril [#STR_EXPANSION_MARKET_TRADER_COMPONENTS])" in market zone "Trader Zone" (pos=<6675.160645, 104.603935, 6114.155762>) and got 7.
15:40:35.242 [Market] Player "Stivi the Kid" (id=W44v5r64t_fNpgzRQNLTal2wQQBqWJ8o-Qcc6Jd5hw8=) has sold battery9v x1 (4e7ffa0) at the trader "Components (Cyril [#STR_EXPANSION_MARKET_TRADER_COMPONENTS])" in market zone "Trader Zone" (pos=<6675.160645, 104.603935, 6114.155762>) and got 7.
15:40:35.425 [Market] Player "Stivi the Kid" (id=W44v5r64t_fNpgzRQNLTal2wQQBqWJ8o-Qcc6Jd5hw8=) has sold battery9v x1 (ee084e50) at the trader "Components (Cyril [#STR_EXPANSION_MARKET_TRADER_COMPONENTS])" in market zone "Trader Zone" (pos=<6675.160645, 104.603935, 6114.155762>) and got 7.
15:40:35.613 [Market] Player "Stivi the Kid" (id=W44v5r64t_fNpgzRQNLTal2wQQBqWJ8o-Qcc6Jd5hw8=) has sold battery9v x1 (ee074460) at the trader "Components (Cyril [#STR_EXPANSION_MARKET_TRADER_COMPONENTS])" in market zone "Trader Zone" (pos=<6675.160645, 104.603935, 6114.155762>) and got 3.
15:40:35.835 [Market] Player "Stivi the Kid" (id=W44v5r64t_fNpgzRQNLTal2wQQBqWJ8o-Qcc6Jd5hw8=) has sold battery9v x1 (ee060c30) at the trader "Components (Cyril [#STR_EXPANSION_MARKET_TRADER_COMPONENTS])" in market zone "Trader Zone" (pos=<6675.160645, 104.603935, 6114.155762>) and got 0.
15:40:36.019 [Market] Player "Stivi the Kid" (id=W44v5r64t_fNpgzRQNLTal2wQQBqWJ8o-Qcc6Jd5hw8=) has sold battery9v x1 (4e78070) at the trader "Components (Cyril [#STR_EXPANSION_MARKET_TRADER_COMPONENTS])" in market zone "Trader Zone" (pos=<6675.160645, 104.603935, 6114.155762>) and got 5.
15:40:40.445 [Market] Player "Stivi the Kid" (id=W44v5r64t_fNpgzRQNLTal2wQQBqWJ8o-Qcc6Jd5hw8=) has bought battery9v x1 (c563d9f0) from the trader "Components (Cyril [#STR_EXPANSION_MARKET_TRADER_COMPONENTS])" in market zone "Trader Zone" (pos=<6675.160645, 104.603935, 6114.155762>) for a price of 10.
15:40:40.656 [Market] Player "Stivi the Kid" (id=W44v5r64t_fNpgzRQNLTal2wQQBqWJ8o-Qcc6Jd5hw8=) has bought battery9v x1 (c56371e0) from the trader "Components (Cyril [#STR_EXPANSION_MARKET_TRADER_COMPONENTS])" in market zone "Trader Zone" (pos=<6675.160645, 104.603935, 6114.155762>) for a price of 10.
15:40:40.843 [Market] Player "Stivi the Kid" (id=W44v5r64t_fNpgzRQNLTal2wQQBqWJ8o-Qcc6Jd5hw8=) has bought battery9v x1 (c560b090) from the trader "Components (Cyril [#STR_EXPANSION_MARKET_TRADER_COMPONENTS])" in market zone "Trader Zone" (pos=<6675.160645, 104.603935, 6114.155762>) for a price of 10.
15:40:41.062 [Market] Player "Stivi the Kid" (id=W44v5r64t_fNpgzRQNLTal2wQQBqWJ8o-Qcc6Jd5hw8=) has bought battery9v x1 (c560bc20) from the trader "Components (Cyril [#STR_EXPANSION_MARKET_TRADER_COMPONENTS])" in market zone "Trader Zone" (pos=<6675.160645, 104.603935, 6114.155762>) for a price of 10.
15:40:41.210 [Market] Player "Stivi the Kid" (id=W44v5r64t_fNpgzRQNLTal2wQQBqWJ8o-Qcc6Jd5hw8=) has bought battery9v x1 (c560d340) from the trader "Components (Cyril [#STR_EXPANSION_MARKET_TRADER_COMPONENTS])" in market zone "Trader Zone" (pos=<6675.160645, 104.603935, 6114.155762>) for a price of 10.
15:40:41.421 [Market] Player "Stivi the Kid" (id=W44v5r64t_fNpgzRQNLTal2wQQBqWJ8o-Qcc6Jd5hw8=) has bought battery9v x1 (c560ded0) from the trader "Components (Cyril [#STR_EXPANSION_MARKET_TRADER_COMPONENTS])" in market zone "Trader Zone" (pos=<6675.160645, 104.603935, 6114.155762>) for a price of 10.
15:40:41.625 [Market] Player "Stivi the Kid" (id=W44v5r64t_fNpgzRQNLTal2wQQBqWJ8o-Qcc6Jd5hw8=) has bought battery9v x1 (c56076c0) from the trader "Components (Cyril [#STR_EXPANSION_MARKET_TRADER_COMPONENTS])" in market zone "Trader Zone" (pos=<6675.160645, 104.603935, 6114.155762>) for a price of 10.
15:40:41.855 [Market] Player "Stivi the Kid" (id=W44v5r64t_fNpgzRQNLTal2wQQBqWJ8o-Qcc6Jd5hw8=) has bought battery9v x1 (c560ea60) from the trader "Components (Cyril [#STR_EXPANSION_MARKET_TRADER_COMPONENTS])" in market zone "Trader Zone" (pos=<6675.160645, 104.603935, 6114.155762>) for a price of 10.
15:40:42.410 [Market] Player "Stivi the Kid" (id=W44v5r64t_fNpgzRQNLTal2wQQBqWJ8o-Qcc6Jd5hw8=) has bought battery9v x1 (c560f5f0) from the trader "Components (Cyril [#STR_EXPANSION_MARKET_TRADER_COMPONENTS])" in market zone "Trader Zone" (pos=<6675.160645, 104.603935, 6114.155762>) for a price of 10.
15:40:43.195 [Market] Player "Stivi the Kid" (id=W44v5r64t_fNpgzRQNLTal2wQQBqWJ8o-Qcc6Jd5hw8=) has bought battery9v x1 (c5618c40) from the trader "Components (Cyril [#STR_EXPANSION_MARKET_TRADER_COMPONENTS])" in market zone "Trader Zone" (pos=<6675.160645, 104.603935, 6114.155762>) for a price of 10.
15:40:50.593 [Market] Player "Mard" (id=OAEsqfVu9Ya3qx3X2Q_PgbpxSoSDXOIUHhH8VWVuumk=) has sold m4_oebttstck x1 (d8fd89a0) at the trader "Attachments (Jose [#STR_EXPANSION_MARKET_TRADER_ATTACHMENTS])" in market zone "Trader Zone" (pos=<6675.160645, 104.603935, 6114.155762>) and got 112.
15:40:57.343 [Market] Player "Mard" (id=OAEsqfVu9Ya3qx3X2Q_PgbpxSoSDXOIUHhH8VWVuumk=) has bought m4_oebttstck x1 (c1b50c60) from the trader "Attachments (Jose [#STR_EXPANSION_MARKET_TRADER_ATTACHMENTS])" in market zone "Trader Zone" (pos=<6675.160645, 104.603935, 6114.155762>) for a price of 150.
15:41:07.953 [Party] Player "Rage" (id=m_TD03B4NXDQrU5koHpLq3WyQf1hXTvQSdETJOTM8ss=) left the party "SLAVES" (id=1 ownerUID=m_TD03B4NXDQrU5koHpLq3WyQf1hXTvQSdETJOTM8ss= ownerName=F11 Simulator)
15:41:48.742 [Market] Player "Stivi the Kid" (id=W44v5r64t_fNpgzRQNLTal2wQQBqWJ8o-Qcc6Jd5hw8=) has bought ammo_556x45 x1 (ef5d0310) from the trader "Weapons (Denis [#STR_EXPANSION_MARKET_TRADER_WEAPONS])" in market zone "Trader Zone" (pos=<6675.160645, 104.603935, 6114.155762>) for a price of 2.
15:41:56.699 [Market] Player "Mido" (id=dtBrTODogZ8rHAVNFTJ9C_NvpkyA9gRQu7bfAps_vPI=) has bought saiga x1 (605c1990, Mag_Saiga_8Rnd<ef5d5f90>, ammo_12gapellets x8, Saiga_Bttstck<ef5cebf0>) from the trader "Weapons (Denis [#STR_EXPANSION_MARKET_TRADER_WEAPONS])" in market zone "Trader Zone" (pos=<6675.160645, 104.603935, 6114.155762>) for a price of 1910.
15:42:29.777 [Market] Player "Mido" (id=dtBrTODogZ8rHAVNFTJ9C_NvpkyA9gRQu7bfAps_vPI=) has bought ammo_12gapellets x1 (ef6009c0) from the trader "Weapons (Denis [#STR_EXPANSION_MARKET_TRADER_WEAPONS])" in market zone "Trader Zone" (pos=<6675.160645, 104.603935, 6114.155762>) for a price of 5.
15:42:30.812 [Market] Player "Mard" (id=OAEsqfVu9Ya3qx3X2Q_PgbpxSoSDXOIUHhH8VWVuumk=) has bought battery9v x1 (ef604f20) from the trader "Components (Cyril [#STR_EXPANSION_MARKET_TRADER_COMPONENTS])" in market zone "Trader Zone" (pos=<6675.160645, 104.603935, 6114.155762>) for a price of 10.
15:42:31.648 [Market] Player "Mido" (id=dtBrTODogZ8rHAVNFTJ9C_NvpkyA9gRQu7bfAps_vPI=) has bought ammo_12gapellets x1 (ef602c70) from the trader "Weapons (Denis [#STR_EXPANSION_MARKET_TRADER_WEAPONS])" in market zone "Trader Zone" (pos=<6675.160645, 104.603935, 6114.155762>) for a price of 5.
15:42:36.210 [Market] Player "Mido" (id=dtBrTODogZ8rHAVNFTJ9C_NvpkyA9gRQu7bfAps_vPI=) has bought ammo_12gapellets x1 (bf3980e0) from the trader "Weapons (Denis [#STR_EXPANSION_MARKET_TRADER_WEAPONS])" in market zone "Trader Zone" (pos=<6675.160645, 104.603935, 6114.155762>) for a price of 5.
15:42:37.125 [Market] Player "Mido" (id=dtBrTODogZ8rHAVNFTJ9C_NvpkyA9gRQu7bfAps_vPI=) has bought ammo_12gapellets x1 (bf397550) from the trader "Weapons (Denis [#STR_EXPANSION_MARKET_TRADER_WEAPONS])" in market zone "Trader Zone" (pos=<6675.160645, 104.603935, 6114.155762>) for a price of 5.
15:42:39.210 [Market] Player "Mido" (id=dtBrTODogZ8rHAVNFTJ9C_NvpkyA9gRQu7bfAps_vPI=) has bought ammo_12gapellets x1 (bf398c70) from the trader "Weapons (Denis [#STR_EXPANSION_MARKET_TRADER_WEAPONS])" in market zone "Trader Zone" (pos=<6675.160645, 104.603935, 6114.155762>) for a price of 5.
15:43:10.718 [Market] Player "Stivi the Kid" (id=W44v5r64t_fNpgzRQNLTal2wQQBqWJ8o-Qcc6Jd5hw8=) has bought ammobox_556x45_20rnd x1 (b2c0c880) from the trader "Weapons (Denis [#STR_EXPANSION_MARKET_TRADER_WEAPONS])" in market zone "Trader Zone" (pos=<6675.160645, 104.603935, 6114.155762>) for a price of 32.
15:43:10.925 [Market] Player "Stivi the Kid" (id=W44v5r64t_fNpgzRQNLTal2wQQBqWJ8o-Qcc6Jd5hw8=) has bought ammobox_556x45_20rnd x1 (b2c18180) from the trader "Weapons (Denis [#STR_EXPANSION_MARKET_TRADER_WEAPONS])" in market zone "Trader Zone" (pos=<6675.160645, 104.603935, 6114.155762>) for a price of 32.
15:43:11.148 [Market] Player "Stivi the Kid" (id=W44v5r64t_fNpgzRQNLTal2wQQBqWJ8o-Qcc6Jd5hw8=) has bought ammobox_556x45_20rnd x1 (b2c147b0) from the trader "Weapons (Denis [#STR_EXPANSION_MARKET_TRADER_WEAPONS])" in market zone "Trader Zone" (pos=<6675.160645, 104.603935, 6114.155762>) for a price of 32.
15:43:11.425 [Market] Player "Stivi the Kid" (id=W44v5r64t_fNpgzRQNLTal2wQQBqWJ8o-Qcc6Jd5hw8=) has bought ammobox_556x45_20rnd x1 (b2c13090) from the trader "Weapons (Denis [#STR_EXPANSION_MARKET_TRADER_WEAPONS])" in market zone "Trader Zone" (pos=<6675.160645, 104.603935, 6114.155762>) for a price of 32.
15:43:12.527 [Market] Player "Stivi the Kid" (id=W44v5r64t_fNpgzRQNLTal2wQQBqWJ8o-Qcc6Jd5hw8=) has bought ammobox_556x45_20rnd x1 (b2c1d270) from the trader "Weapons (Denis [#STR_EXPANSION_MARKET_TRADER_WEAPONS])" in market zone "Trader Zone" (pos=<6675.160645, 104.603935, 6114.155762>) for a price of 32.
15:43:15.972 [Market] Player "Stivi the Kid" (id=W44v5r64t_fNpgzRQNLTal2wQQBqWJ8o-Qcc6Jd5hw8=) has bought ammobox_9x39_20rnd x1 (b2c200b0) from the trader "Weapons (Denis [#STR_EXPANSION_MARKET_TRADER_WEAPONS])" in market zone "Trader Zone" (pos=<6675.160645, 104.603935, 6114.155762>) for a price of 16.
15:43:16.148 [Market] Player "Stivi the Kid" (id=W44v5r64t_fNpgzRQNLTal2wQQBqWJ8o-Qcc6Jd5hw8=) has bought ammobox_9x39_20rnd x1 (f41d920) from the trader "Weapons (Denis [#STR_EXPANSION_MARKET_TRADER_WEAPONS])" in market zone "Trader Zone" (pos=<6675.160645, 104.603935, 6114.155762>) for a price of 16.
15:43:16.394 [Market] Player "Stivi the Kid" (id=W44v5r64t_fNpgzRQNLTal2wQQBqWJ8o-Qcc6Jd5hw8=) has bought ammobox_9x39_20rnd x1 (f407e40) from the trader "Weapons (Denis [#STR_EXPANSION_MARKET_TRADER_WEAPONS])" in market zone "Trader Zone" (pos=<6675.160645, 104.603935, 6114.155762>) for a price of 16.
15:43:16.675 [Market] Player "Stivi the Kid" (id=W44v5r64t_fNpgzRQNLTal2wQQBqWJ8o-Qcc6Jd5hw8=) has bought ammobox_9x39_20rnd x1 (f41c200) from the trader "Weapons (Denis [#STR_EXPANSION_MARKET_TRADER_WEAPONS])" in market zone "Trader Zone" (pos=<6675.160645, 104.603935, 6114.155762>) for a price of 16.
15:43:17.062 [Market] Player "Stivi the Kid" (id=W44v5r64t_fNpgzRQNLTal2wQQBqWJ8o-Qcc6Jd5hw8=) has bought ammobox_9x39_20rnd x1 (f40b810) from the trader "Weapons (Denis [#STR_EXPANSION_MARKET_TRADER_WEAPONS])" in market zone "Trader Zone" (pos=<6675.160645, 104.603935, 6114.155762>) for a price of 16.
15:44:25.890 [Market] Player "Mard" (id=OAEsqfVu9Ya3qx3X2Q_PgbpxSoSDXOIUHhH8VWVuumk=) has sold cz527 x1 (e223bb30, Mag_CZ527_5rnd<ee05a420>, ammo_762x39 x4) at the trader "Weapons (Denis [#STR_EXPANSION_MARKET_TRADER_WEAPONS])" in market zone "Trader Zone" (pos=<6675.160645, 104.603935, 6114.155762>) and got 108.
15:44:41.250 [Market] Player "Mido" (id=dtBrTODogZ8rHAVNFTJ9C_NvpkyA9gRQu7bfAps_vPI=) has bought m4a1 x1 (ba180e70, M4_PlasticHndgrd<2b0116f0>, M4_OEBttstck<2b00f440>, Mag_STANAG_30Rnd<2b00c600>, ammo_556x45 x30, M4_CarryHandleOptic<c2997c80>) from the trader "Weapons (Denis [#STR_EXPANSION_MARKET_TRADER_WEAPONS])" in market zone "Trader Zone" (pos=<6675.160645, 104.603935, 6114.155762>) for a price of 2330.
15:44:48.695 [Market] Player "Mard" (id=OAEsqfVu9Ya3qx3X2Q_PgbpxSoSDXOIUHhH8VWVuumk=) has bought ammobox_300aac_ap_20rnd x1 (cfd34240) from the trader "Weapons (Denis [#STR_EXPANSION_MARKET_TRADER_WEAPONS])" in market zone "Trader Zone" (pos=<6675.160645, 104.603935, 6114.155762>) for a price of 64.
15:44:49.199 [Market] Player "Mard" (id=OAEsqfVu9Ya3qx3X2Q_PgbpxSoSDXOIUHhH8VWVuumk=) has bought ammobox_300aac_ap_20rnd x1 (cfd37080) from the trader "Weapons (Denis [#STR_EXPANSION_MARKET_TRADER_WEAPONS])" in market zone "Trader Zone" (pos=<6675.160645, 104.603935, 6114.155762>) for a price of 64.
15:44:49.722 [Market] Player "Stivi the Kid" (id=W44v5r64t_fNpgzRQNLTal2wQQBqWJ8o-Qcc6Jd5hw8=) has sold militarybelt x1 (c384ca30) at the trader "Clothing (Naomi [#STR_EXPANSION_MARKET_TRADER_CLOTHING])" in market zone "Trader Zone" (pos=<6675.160645, 104.603935, 6114.155762>) and got 75.
15:44:50.015 [Market] Player "Mard" (id=OAEsqfVu9Ya3qx3X2Q_PgbpxSoSDXOIUHhH8VWVuumk=) has bought ammobox_300aac_ap_20rnd x1 (cfd3d890) from the trader "Weapons (Denis [#STR_EXPANSION_MARKET_TRADER_WEAPONS])" in market zone "Trader Zone" (pos=<6675.160645, 104.603935, 6114.155762>) for a price of 64.
15:44:50.304 [Market] Player "Stivi the Kid" (id=W44v5r64t_fNpgzRQNLTal2wQQBqWJ8o-Qcc6Jd5hw8=) has sold militarybelt x1 (bee535c0) at the trader "Clothing (Naomi [#STR_EXPANSION_MARKET_TRADER_CLOTHING])" in market zone "Trader Zone" (pos=<6675.160645, 104.603935, 6114.155762>) and got 75.
15:44:50.773 [Market] Player "Mard" (id=OAEsqfVu9Ya3qx3X2Q_PgbpxSoSDXOIUHhH8VWVuumk=) has bought ammobox_300aac_ap_20rnd x1 (cfd4b440) from the trader "Weapons (Denis [#STR_EXPANSION_MARKET_TRADER_WEAPONS])" in market zone "Trader Zone" (pos=<6675.160645, 104.603935, 6114.155762>) for a price of 64.
15:44:51.359 [Market] Player "Mard" (id=OAEsqfVu9Ya3qx3X2Q_PgbpxSoSDXOIUHhH8VWVuumk=) has bought ammobox_300aac_ap_20rnd x1 (cfd4d6f0) from the trader "Weapons (Denis [#STR_EXPANSION_MARKET_TRADER_WEAPONS])" in market zone "Trader Zone" (pos=<6675.160645, 104.603935, 6114.155762>) for a price of 64.
15:44:51.828 [Market] Player "Mard" (id=OAEsqfVu9Ya3qx3X2Q_PgbpxSoSDXOIUHhH8VWVuumk=) has bought ammobox_300aac_ap_20rnd x1 (cfd4f9a0) from the trader "Weapons (Denis [#STR_EXPANSION_MARKET_TRADER_WEAPONS])" in market zone "Trader Zone" (pos=<6675.160645, 104.603935, 6114.155762>) for a price of 64.
15:44:54.613 [Market] Player "Mard" (id=OAEsqfVu9Ya3qx3X2Q_PgbpxSoSDXOIUHhH8VWVuumk=) has bought ammobox_300aac_ap_20rnd x1 (cfd50530) from the trader "Weapons (Denis [#STR_EXPANSION_MARKET_TRADER_WEAPONS])" in market zone "Trader Zone" (pos=<6675.160645, 104.603935, 6114.155762>) for a price of 64.
15:44:55.347 [Market] Player "Mard" (id=OAEsqfVu9Ya3qx3X2Q_PgbpxSoSDXOIUHhH8VWVuumk=) has bought ammobox_300aac_ap_20rnd x1 (cfd49d20) from the trader "Weapons (Denis [#STR_EXPANSION_MARKET_TRADER_WEAPONS])" in market zone "Trader Zone" (pos=<6675.160645, 104.603935, 6114.155762>) for a price of 64.
15:44:55.972 [Market] Player "Mard" (id=OAEsqfVu9Ya3qx3X2Q_PgbpxSoSDXOIUHhH8VWVuumk=) has bought ammobox_300aac_ap_20rnd x1 (cfd3efb0) from the trader "Weapons (Denis [#STR_EXPANSION_MARKET_TRADER_WEAPONS])" in market zone "Trader Zone" (pos=<6675.160645, 104.603935, 6114.155762>) for a price of 64.
15:44:56.511 [Market] Player "Mard" (id=OAEsqfVu9Ya3qx3X2Q_PgbpxSoSDXOIUHhH8VWVuumk=) has bought ammobox_300aac_ap_20rnd x1 (cfd510c0) from the trader "Weapons (Denis [#STR_EXPANSION_MARKET_TRADER_WEAPONS])" in market zone "Trader Zone" (pos=<6675.160645, 104.603935, 6114.155762>) for a price of 64.
15:45:00.523 [Market] Player "Mido" (id=dtBrTODogZ8rHAVNFTJ9C_NvpkyA9gRQu7bfAps_vPI=) has bought ammo_12gapellets x1 (cfd4a8b0) from the trader "Weapons (Denis [#STR_EXPANSION_MARKET_TRADER_WEAPONS])" in market zone "Trader Zone" (pos=<6675.160645, 104.603935, 6114.155762>) for a price of 5.
15:45:09.828 [Market] Player "Mard" (id=OAEsqfVu9Ya3qx3X2Q_PgbpxSoSDXOIUHhH8VWVuumk=) has bought ammobox_9x39_20rnd x1 (cfd51c50) from the trader "Weapons (Denis [#STR_EXPANSION_MARKET_TRADER_WEAPONS])" in market zone "Trader Zone" (pos=<6675.160645, 104.603935, 6114.155762>) for a price of 16.
15:45:10.300 [Market] Player "Mard" (id=OAEsqfVu9Ya3qx3X2Q_PgbpxSoSDXOIUHhH8VWVuumk=) has bought ammobox_9x39_20rnd x1 (cfd4bfd0) from the trader "Weapons (Denis [#STR_EXPANSION_MARKET_TRADER_WEAPONS])" in market zone "Trader Zone" (pos=<6675.160645, 104.603935, 6114.155762>) for a price of 16.
15:45:10.367 [Market] Player "Mido" (id=dtBrTODogZ8rHAVNFTJ9C_NvpkyA9gRQu7bfAps_vPI=) has bought ammo_12gapellets x1 (cfd561b0) from the trader "Weapons (Denis [#STR_EXPANSION_MARKET_TRADER_WEAPONS])" in market zone "Trader Zone" (pos=<6675.160645, 104.603935, 6114.155762>) for a price of 5.
15:45:10.703 [Market] Player "Mard" (id=OAEsqfVu9Ya3qx3X2Q_PgbpxSoSDXOIUHhH8VWVuumk=) has bought ammobox_9x39_20rnd x1 (cfd53370) from the trader "Weapons (Denis [#STR_EXPANSION_MARKET_TRADER_WEAPONS])" in market zone "Trader Zone" (pos=<6675.160645, 104.603935, 6114.155762>) for a price of 16.
15:45:11.179 [Market] Player "Mard" (id=OAEsqfVu9Ya3qx3X2Q_PgbpxSoSDXOIUHhH8VWVuumk=) has bought ammobox_9x39_20rnd x1 (cfd5c9c0) from the trader "Weapons (Denis [#STR_EXPANSION_MARKET_TRADER_WEAPONS])" in market zone "Trader Zone" (pos=<6675.160645, 104.603935, 6114.155762>) for a price of 16.
15:45:11.796 [Market] Player "Mard" (id=OAEsqfVu9Ya3qx3X2Q_PgbpxSoSDXOIUHhH8VWVuumk=) has bought ammobox_9x39_20rnd x1 (cfd58460) from the trader "Weapons (Denis [#STR_EXPANSION_MARKET_TRADER_WEAPONS])" in market zone "Trader Zone" (pos=<6675.160645, 104.603935, 6114.155762>) for a price of 16.
15:45:22.781 [Market] Player "Mido" (id=dtBrTODogZ8rHAVNFTJ9C_NvpkyA9gRQu7bfAps_vPI=) has bought ammo_556x45 x1 (bd97b8d0) from the trader "Weapons (Denis [#STR_EXPANSION_MARKET_TRADER_WEAPONS])" in market zone "Trader Zone" (pos=<6675.160645, 104.603935, 6114.155762>) for a price of 2.
15:45:23.113 [Market] Player "Mido" (id=dtBrTODogZ8rHAVNFTJ9C_NvpkyA9gRQu7bfAps_vPI=) has bought ammo_556x45 x1 (4e78070) from the trader "Weapons (Denis [#STR_EXPANSION_MARKET_TRADER_WEAPONS])" in market zone "Trader Zone" (pos=<6675.160645, 104.603935, 6114.155762>) for a price of 2.
15:45:23.332 [Market] Player "Mido" (id=dtBrTODogZ8rHAVNFTJ9C_NvpkyA9gRQu7bfAps_vPI=) has bought ammo_556x45 x1 (4e78c00) from the trader "Weapons (Denis [#STR_EXPANSION_MARKET_TRADER_WEAPONS])" in market zone "Trader Zone" (pos=<6675.160645, 104.603935, 6114.155762>) for a price of 2.
15:45:23.515 [Market] Player "Mido" (id=dtBrTODogZ8rHAVNFTJ9C_NvpkyA9gRQu7bfAps_vPI=) has bought ammo_556x45 x1 (4e7a320) from the trader "Weapons (Denis [#STR_EXPANSION_MARKET_TRADER_WEAPONS])" in market zone "Trader Zone" (pos=<6675.160645, 104.603935, 6114.155762>) for a price of 2.
15:45:23.851 [Market] Player "Mido" (id=dtBrTODogZ8rHAVNFTJ9C_NvpkyA9gRQu7bfAps_vPI=) has bought ammo_556x45 x1 (4e8e6e0) from the trader "Weapons (Denis [#STR_EXPANSION_MARKET_TRADER_WEAPONS])" in market zone "Trader Zone" (pos=<6675.160645, 104.603935, 6114.155762>) for a price of 2.
15:45:24.035 [Market] Player "Mido" (id=dtBrTODogZ8rHAVNFTJ9C_NvpkyA9gRQu7bfAps_vPI=) has bought ammo_556x45 x1 (4e8f270) from the trader "Weapons (Denis [#STR_EXPANSION_MARKET_TRADER_WEAPONS])" in market zone "Trader Zone" (pos=<6675.160645, 104.603935, 6114.155762>) for a price of 2.
15:45:24.183 [Market] Player "Mido" (id=dtBrTODogZ8rHAVNFTJ9C_NvpkyA9gRQu7bfAps_vPI=) has bought ammo_556x45 x1 (4e91520) from the trader "Weapons (Denis [#STR_EXPANSION_MARKET_TRADER_WEAPONS])" in market zone "Trader Zone" (pos=<6675.160645, 104.603935, 6114.155762>) for a price of 2.
15:45:24.800 [Market] Player "Mido" (id=dtBrTODogZ8rHAVNFTJ9C_NvpkyA9gRQu7bfAps_vPI=) has bought ammo_556x45 x1 (4e8b8a0) from the trader "Weapons (Denis [#STR_EXPANSION_MARKET_TRADER_WEAPONS])" in market zone "Trader Zone" (pos=<6675.160645, 104.603935, 6114.155762>) for a price of 2.
15:45:24.992 [Market] Player "Mido" (id=dtBrTODogZ8rHAVNFTJ9C_NvpkyA9gRQu7bfAps_vPI=) has bought ammo_556x45 x1 (4e9fc60) from the trader "Weapons (Denis [#STR_EXPANSION_MARKET_TRADER_WEAPONS])" in market zone "Trader Zone" (pos=<6675.160645, 104.603935, 6114.155762>) for a price of 2.
15:45:25.214 [Market] Player "Mido" (id=dtBrTODogZ8rHAVNFTJ9C_NvpkyA9gRQu7bfAps_vPI=) has bought ammo_556x45 x1 (4e9b700) from the trader "Weapons (Denis [#STR_EXPANSION_MARKET_TRADER_WEAPONS])" in market zone "Trader Zone" (pos=<6675.160645, 104.603935, 6114.155762>) for a price of 2.
15:45:25.421 [Market] Player "Mido" (id=dtBrTODogZ8rHAVNFTJ9C_NvpkyA9gRQu7bfAps_vPI=) has bought ammo_556x45 x1 (4e9d9b0) from the trader "Weapons (Denis [#STR_EXPANSION_MARKET_TRADER_WEAPONS])" in market zone "Trader Zone" (pos=<6675.160645, 104.603935, 6114.155762>) for a price of 2.
15:45:26.625 [Market] Player "Mido" (id=dtBrTODogZ8rHAVNFTJ9C_NvpkyA9gRQu7bfAps_vPI=) has bought ammo_556x45 x1 (4e9ab70) from the trader "Weapons (Denis [#STR_EXPANSION_MARKET_TRADER_WEAPONS])" in market zone "Trader Zone" (pos=<6675.160645, 104.603935, 6114.155762>) for a price of 2.
15:45:27.835 [Market] Player "Mido" (id=dtBrTODogZ8rHAVNFTJ9C_NvpkyA9gRQu7bfAps_vPI=) has bought ammo_556x45 x1 (4e9f0d0) from the trader "Weapons (Denis [#STR_EXPANSION_MARKET_TRADER_WEAPONS])" in market zone "Trader Zone" (pos=<6675.160645, 104.603935, 6114.155762>) for a price of 2.
15:45:28.027 [Market] Player "Mido" (id=dtBrTODogZ8rHAVNFTJ9C_NvpkyA9gRQu7bfAps_vPI=) has bought ammo_556x45 x1 (4e9e540) from the trader "Weapons (Denis [#STR_EXPANSION_MARKET_TRADER_WEAPONS])" in market zone "Trader Zone" (pos=<6675.160645, 104.603935, 6114.155762>) for a price of 2.
15:47:01.070 [Market] Player "Mido" (id=dtBrTODogZ8rHAVNFTJ9C_NvpkyA9gRQu7bfAps_vPI=) has bought ammobox_00buck_10rnd x1 (8cd25aa0) from the trader "Weapons (Denis [#STR_EXPANSION_MARKET_TRADER_WEAPONS])" in market zone "Trader Zone" (pos=<6675.160645, 104.603935, 6114.155762>) for a price of 40.
15:47:26.339 [Market] Player "Mido" (id=dtBrTODogZ8rHAVNFTJ9C_NvpkyA9gRQu7bfAps_vPI=) has bought ammobox_00buck_10rnd x1 (d00a2d10) from the trader "Weapons (Denis [#STR_EXPANSION_MARKET_TRADER_WEAPONS])" in market zone "Trader Zone" (pos=<6675.160645, 104.603935, 6114.155762>) for a price of 40.
15:47:26.527 [Market] Player "Mido" (id=dtBrTODogZ8rHAVNFTJ9C_NvpkyA9gRQu7bfAps_vPI=) has bought ammobox_00buck_10rnd x1 (d00a5b50) from the trader "Weapons (Denis [#STR_EXPANSION_MARKET_TRADER_WEAPONS])" in market zone "Trader Zone" (pos=<6675.160645, 104.603935, 6114.155762>) for a price of 40.
15:47:27.488 [Market] Player "Mido" (id=dtBrTODogZ8rHAVNFTJ9C_NvpkyA9gRQu7bfAps_vPI=) has bought ammobox_00buck_10rnd x1 (d00a8990) from the trader "Weapons (Denis [#STR_EXPANSION_MARKET_TRADER_WEAPONS])" in market zone "Trader Zone" (pos=<6675.160645, 104.603935, 6114.155762>) for a price of 40.
15:47:27.675 [Market] Player "Mido" (id=dtBrTODogZ8rHAVNFTJ9C_NvpkyA9gRQu7bfAps_vPI=) has bought ammobox_00buck_10rnd x1 (d00a38a0) from the trader "Weapons (Denis [#STR_EXPANSION_MARKET_TRADER_WEAPONS])" in market zone "Trader Zone" (pos=<6675.160645, 104.603935, 6114.155762>) for a price of 40.
15:47:27.812 [Market] Player "Mido" (id=dtBrTODogZ8rHAVNFTJ9C_NvpkyA9gRQu7bfAps_vPI=) has bought ammobox_00buck_10rnd x1 (d00ab7d0) from the trader "Weapons (Denis [#STR_EXPANSION_MARKET_TRADER_WEAPONS])" in market zone "Trader Zone" (pos=<6675.160645, 104.603935, 6114.155762>) for a price of 40.
15:47:28.007 [Market] Player "Mido" (id=dtBrTODogZ8rHAVNFTJ9C_NvpkyA9gRQu7bfAps_vPI=) has bought ammobox_00buck_10rnd x1 (d00a4fc0) from the trader "Weapons (Denis [#STR_EXPANSION_MARKET_TRADER_WEAPONS])" in market zone "Trader Zone" (pos=<6675.160645, 104.603935, 6114.155762>) for a price of 40.
15:47:29.265 [Market] Player "Mido" (id=dtBrTODogZ8rHAVNFTJ9C_NvpkyA9gRQu7bfAps_vPI=) has bought ammobox_00buck_10rnd x1 (d00aac40) from the trader "Weapons (Denis [#STR_EXPANSION_MARKET_TRADER_WEAPONS])" in market zone "Trader Zone" (pos=<6675.160645, 104.603935, 6114.155762>) for a price of 40.
15:47:30.730 [Market] Player "Mido" (id=dtBrTODogZ8rHAVNFTJ9C_NvpkyA9gRQu7bfAps_vPI=) has bought ammobox_00buck_10rnd x1 (bd21dab0) from the trader "Weapons (Denis [#STR_EXPANSION_MARKET_TRADER_WEAPONS])" in market zone "Trader Zone" (pos=<6675.160645, 104.603935, 6114.155762>) for a price of 40.
15:47:31.488 [Market] Player "Mido" (id=dtBrTODogZ8rHAVNFTJ9C_NvpkyA9gRQu7bfAps_vPI=) has bought ammobox_00buck_10rnd x1 (bd1ea5c0) from the trader "Weapons (Denis [#STR_EXPANSION_MARKET_TRADER_WEAPONS])" in market zone "Trader Zone" (pos=<6675.160645, 104.603935, 6114.155762>) for a price of 40.
15:47:45.425 [Market] Player "Mido" (id=dtBrTODogZ8rHAVNFTJ9C_NvpkyA9gRQu7bfAps_vPI=) has bought ammobox_12gaslug_10rnd x1 (bd1e8310) from the trader "Weapons (Denis [#STR_EXPANSION_MARKET_TRADER_WEAPONS])" in market zone "Trader Zone" (pos=<6675.160645, 104.603935, 6114.155762>) for a price of 40.
15:47:45.714 [Market] Player "Mido" (id=dtBrTODogZ8rHAVNFTJ9C_NvpkyA9gRQu7bfAps_vPI=) has bought ammobox_12gaslug_10rnd x1 (bd1e6060) from the trader "Weapons (Denis [#STR_EXPANSION_MARKET_TRADER_WEAPONS])" in market zone "Trader Zone" (pos=<6675.160645, 104.603935, 6114.155762>) for a price of 40.
15:47:46.171 [Market] Player "Mido" (id=dtBrTODogZ8rHAVNFTJ9C_NvpkyA9gRQu7bfAps_vPI=) has bought ammobox_12gaslug_10rnd x1 (bd1f1960) from the trader "Weapons (Denis [#STR_EXPANSION_MARKET_TRADER_WEAPONS])" in market zone "Trader Zone" (pos=<6675.160645, 104.603935, 6114.155762>) for a price of 40.
15:47:46.355 [VehicleLeave] Player "Eric" (id=DT1QFut1v8UN48skN3UnroicVIl_5hTizZZZSwLRxk8=) left vehicle Bicycle (id=7610A6A09744128C75AF7F805F083740 pos=<4685.6, 183.17, 6665.9>)
15:47:46.648 [Market] Player "Mido" (id=dtBrTODogZ8rHAVNFTJ9C_NvpkyA9gRQu7bfAps_vPI=) has bought ammobox_12gaslug_10rnd x1 (bd1ebce0) from the trader "Weapons (Denis [#STR_EXPANSION_MARKET_TRADER_WEAPONS])" in market zone "Trader Zone" (pos=<6675.160645, 104.603935, 6114.155762>) for a price of 40.
15:47:48.226 [Market] Player "Mido" (id=dtBrTODogZ8rHAVNFTJ9C_NvpkyA9gRQu7bfAps_vPI=) has bought ammobox_12gaslug_10rnd x1 (bd1f0240) from the trader "Weapons (Denis [#STR_EXPANSION_MARKET_TRADER_WEAPONS])" in market zone "Trader Zone" (pos=<6675.160645, 104.603935, 6114.155762>) for a price of 40.
15:47:49.281 [Market] Player "Mido" (id=dtBrTODogZ8rHAVNFTJ9C_NvpkyA9gRQu7bfAps_vPI=) has bought ammobox_12gaslug_10rnd x1 (bd1ed400) from the trader "Weapons (Denis [#STR_EXPANSION_MARKET_TRADER_WEAPONS])" in market zone "Trader Zone" (pos=<6675.160645, 104.603935, 6114.155762>) for a price of 40.
15:47:49.710 [Market] Player "Mido" (id=dtBrTODogZ8rHAVNFTJ9C_NvpkyA9gRQu7bfAps_vPI=) has bought ammobox_12gaslug_10rnd x1 (bd1f5ec0) from the trader "Weapons (Denis [#STR_EXPANSION_MARKET_TRADER_WEAPONS])" in market zone "Trader Zone" (pos=<6675.160645, 104.603935, 6114.155762>) for a price of 40.
15:48:16.695 [VehicleEnter] Player "Eric" (id=DT1QFut1v8UN48skN3UnroicVIl_5hTizZZZSwLRxk8=) entered vehicle Bicycle (id=7610A6A09744128C75AF7F805F083740 pos=<4685.6, 183.17, 6665.9>) as driver
15:48:17.523 [Market] Player "Mido" (id=dtBrTODogZ8rHAVNFTJ9C_NvpkyA9gRQu7bfAps_vPI=) has bought ammobox_556x45_20rnd x1 (b2e2c540) from the trader "Weapons (Denis [#STR_EXPANSION_MARKET_TRADER_WEAPONS])" in market zone "Trader Zone" (pos=<6675.160645, 104.603935, 6114.155762>) for a price of 32.
15:48:17.820 [Market] Player "Mido" (id=dtBrTODogZ8rHAVNFTJ9C_NvpkyA9gRQu7bfAps_vPI=) has bought ammobox_556x45_20rnd x1 (b2e2ff10) from the trader "Weapons (Denis [#STR_EXPANSION_MARKET_TRADER_WEAPONS])" in market zone "Trader Zone" (pos=<6675.160645, 104.603935, 6114.155762>) for a price of 32.
15:48:18.000 [Market] Player "Mido" (id=dtBrTODogZ8rHAVNFTJ9C_NvpkyA9gRQu7bfAps_vPI=) has bought ammobox_556x45_20rnd x1 (b2e30aa0) from the trader "Weapons (Denis [#STR_EXPANSION_MARKET_TRADER_WEAPONS])" in market zone "Trader Zone" (pos=<6675.160645, 104.603935, 6114.155762>) for a price of 32.
15:48:18.183 [Market] Player "Mido" (id=dtBrTODogZ8rHAVNFTJ9C_NvpkyA9gRQu7bfAps_vPI=) has bought ammobox_556x45_20rnd x1 (b2e2e7f0) from the trader "Weapons (Denis [#STR_EXPANSION_MARKET_TRADER_WEAPONS])" in market zone "Trader Zone" (pos=<6675.160645, 104.603935, 6114.155762>) for a price of 32.
15:48:18.398 [Market] Player "Mido" (id=dtBrTODogZ8rHAVNFTJ9C_NvpkyA9gRQu7bfAps_vPI=) has bought ammobox_556x45_20rnd x1 (b2e338e0) from the trader "Weapons (Denis [#STR_EXPANSION_MARKET_TRADER_WEAPONS])" in market zone "Trader Zone" (pos=<6675.160645, 104.603935, 6114.155762>) for a price of 32.
15:48:18.585 [Market] Player "Mido" (id=dtBrTODogZ8rHAVNFTJ9C_NvpkyA9gRQu7bfAps_vPI=) has bought ammobox_556x45_20rnd x1 (b2e3b810) from the trader "Weapons (Denis [#STR_EXPANSION_MARKET_TRADER_WEAPONS])" in market zone "Trader Zone" (pos=<6675.160645, 104.603935, 6114.155762>) for a price of 32.
15:48:18.730 [Market] Player "Mido" (id=dtBrTODogZ8rHAVNFTJ9C_NvpkyA9gRQu7bfAps_vPI=) has bought ammobox_556x45_20rnd x1 (b2e3a0f0) from the trader "Weapons (Denis [#STR_EXPANSION_MARKET_TRADER_WEAPONS])" in market zone "Trader Zone" (pos=<6675.160645, 104.603935, 6114.155762>) for a price of 32.
15:48:18.878 [Market] Player "Mido" (id=dtBrTODogZ8rHAVNFTJ9C_NvpkyA9gRQu7bfAps_vPI=) has bought ammobox_556x45_20rnd x1 (b7274e30) from the trader "Weapons (Denis [#STR_EXPANSION_MARKET_TRADER_WEAPONS])" in market zone "Trader Zone" (pos=<6675.160645, 104.603935, 6114.155762>) for a price of 32.
15:48:19.511 [Market] Player "Mido" (id=dtBrTODogZ8rHAVNFTJ9C_NvpkyA9gRQu7bfAps_vPI=) has bought ammobox_556x45_20rnd x1 (b727e480) from the trader "Weapons (Denis [#STR_EXPANSION_MARKET_TRADER_WEAPONS])" in market zone "Trader Zone" (pos=<6675.160645, 104.603935, 6114.155762>) for a price of 32.
15:48:21.054 [Market] Player "Mido" (id=dtBrTODogZ8rHAVNFTJ9C_NvpkyA9gRQu7bfAps_vPI=) has bought ammobox_556x45_20rnd x1 (b727f010) from the trader "Weapons (Denis [#STR_EXPANSION_MARKET_TRADER_WEAPONS])" in market zone "Trader Zone" (pos=<6675.160645, 104.603935, 6114.155762>) for a price of 32.
15:48:21.449 [Market] Player "Mido" (id=dtBrTODogZ8rHAVNFTJ9C_NvpkyA9gRQu7bfAps_vPI=) has bought ammobox_556x45_20rnd x1 (b727fba0) from the trader "Weapons (Denis [#STR_EXPANSION_MARKET_TRADER_WEAPONS])" in market zone "Trader Zone" (pos=<6675.160645, 104.603935, 6114.155762>) for a price of 32.
15:48:21.597 [Market] Player "Mido" (id=dtBrTODogZ8rHAVNFTJ9C_NvpkyA9gRQu7bfAps_vPI=) has bought ammobox_556x45_20rnd x1 (b72829e0) from the trader "Weapons (Denis [#STR_EXPANSION_MARKET_TRADER_WEAPONS])" in market zone "Trader Zone" (pos=<6675.160645, 104.603935, 6114.155762>) for a price of 32.
15:48:22.238 [Market] Player "Mido" (id=dtBrTODogZ8rHAVNFTJ9C_NvpkyA9gRQu7bfAps_vPI=) has bought ammobox_556x45_20rnd x1 (b7280730) from the trader "Weapons (Denis [#STR_EXPANSION_MARKET_TRADER_WEAPONS])" in market zone "Trader Zone" (pos=<6675.160645, 104.603935, 6114.155762>) for a price of 32.
15:48:22.417 [Market] Player "Mido" (id=dtBrTODogZ8rHAVNFTJ9C_NvpkyA9gRQu7bfAps_vPI=) has bought ammobox_556x45_20rnd x1 (b724af90) from the trader "Weapons (Denis [#STR_EXPANSION_MARKET_TRADER_WEAPONS])" in market zone "Trader Zone" (pos=<6675.160645, 104.603935, 6114.155762>) for a price of 32.
15:48:23.117 [Market] Player "Mido" (id=dtBrTODogZ8rHAVNFTJ9C_NvpkyA9gRQu7bfAps_vPI=) has bought ammobox_556x45_20rnd x1 (b7244780) from the trader "Weapons (Denis [#STR_EXPANSION_MARKET_TRADER_WEAPONS])" in market zone "Trader Zone" (pos=<6675.160645, 104.603935, 6114.155762>) for a price of 32.
15:48:24.062 [Market] Player "Mido" (id=dtBrTODogZ8rHAVNFTJ9C_NvpkyA9gRQu7bfAps_vPI=) has bought ammobox_556x45_20rnd x1 (b724c6b0) from the trader "Weapons (Denis [#STR_EXPANSION_MARKET_TRADER_WEAPONS])" in market zone "Trader Zone" (pos=<6675.160645, 104.603935, 6114.155762>) for a price of 32.
15:48:44.835 [Market] Player "Mido" (id=dtBrTODogZ8rHAVNFTJ9C_NvpkyA9gRQu7bfAps_vPI=) has bought ammobox_556x45_20rnd x1 (b2c2a290) from the trader "Weapons (Denis [#STR_EXPANSION_MARKET_TRADER_WEAPONS])" in market zone "Trader Zone" (pos=<6675.160645, 104.603935, 6114.155762>) for a price of 32.
15:48:45.554 [Market] Player "Mido" (id=dtBrTODogZ8rHAVNFTJ9C_NvpkyA9gRQu7bfAps_vPI=) has bought ammobox_556x45_20rnd x1 (b2c25d30) from the trader "Weapons (Denis [#STR_EXPANSION_MARKET_TRADER_WEAPONS])" in market zone "Trader Zone" (pos=<6675.160645, 104.603935, 6114.155762>) for a price of 32.
15:48:45.695 [Market] Player "Mido" (id=dtBrTODogZ8rHAVNFTJ9C_NvpkyA9gRQu7bfAps_vPI=) has bought ammobox_556x45_20rnd x1 (b2c2dc60) from the trader "Weapons (Denis [#STR_EXPANSION_MARKET_TRADER_WEAPONS])" in market zone "Trader Zone" (pos=<6675.160645, 104.603935, 6114.155762>) for a price of 32.
15:48:46.253 [Market] Player "Mido" (id=dtBrTODogZ8rHAVNFTJ9C_NvpkyA9gRQu7bfAps_vPI=) has bought ammobox_556x45_20rnd x1 (b2c27450) from the trader "Weapons (Denis [#STR_EXPANSION_MARKET_TRADER_WEAPONS])" in market zone "Trader Zone" (pos=<6675.160645, 104.603935, 6114.155762>) for a price of 32.
15:49:30.343 [VehicleLeave] Player "Eric" (id=DT1QFut1v8UN48skN3UnroicVIl_5hTizZZZSwLRxk8=) left vehicle Bicycle (id=7610A6A09744128C75AF7F805F083740 pos=<4300.74, 174.98, 6555.59>)
15:49:39.652 [VehicleDeleted] Lady_Bicycle (id=7610A6A09744128C75AF7F805F083740 pos=<4300.74, 174.98, 6555.59>)
15:50:22.722 [Market] Player "Mard" (id=OAEsqfVu9Ya3qx3X2Q_PgbpxSoSDXOIUHhH8VWVuumk=) has bought sewingkit x1 (ce60aba0) from the trader "Components (Cyril [#STR_EXPANSION_MARKET_TRADER_COMPONENTS])" in market zone "Trader Zone" (pos=<6675.160645, 104.603935, 6114.155762>) for a price of 4.
15:50:25.441 [Market] Player "Mard" (id=OAEsqfVu9Ya3qx3X2Q_PgbpxSoSDXOIUHhH8VWVuumk=) has bought weaponcleaningkit x1 (ce60ce50) from the trader "Components (Cyril [#STR_EXPANSION_MARKET_TRADER_COMPONENTS])" in market zone "Trader Zone" (pos=<6675.160645, 104.603935, 6114.155762>) for a price of 8.
15:50:27.933 [Market] Player "Mard" (id=OAEsqfVu9Ya3qx3X2Q_PgbpxSoSDXOIUHhH8VWVuumk=) has bought leathersewingkit x1 (ce60d9e0) from the trader "Components (Cyril [#STR_EXPANSION_MARKET_TRADER_COMPONENTS])" in market zone "Trader Zone" (pos=<6675.160645, 104.603935, 6114.155762>) for a price of 5.
15:50:28.648 [Market] Player "Mard" (id=OAEsqfVu9Ya3qx3X2Q_PgbpxSoSDXOIUHhH8VWVuumk=) has bought sewingkit x1 (c2f58a40) from the trader "Components (Cyril [#STR_EXPANSION_MARKET_TRADER_COMPONENTS])" in market zone "Trader Zone" (pos=<6675.160645, 104.603935, 6114.155762>) for a price of 4.
15:51:09.359 [Market] Player "Mido" (id=dtBrTODogZ8rHAVNFTJ9C_NvpkyA9gRQu7bfAps_vPI=) has sold woodaxe x1 (f0f74d40) at the trader "Components (Cyril [#STR_EXPANSION_MARKET_TRADER_COMPONENTS])" in market zone "Trader Zone" (pos=<6675.160645, 104.603935, 6114.155762>) and got 15.
15:51:21.917 [Market] Player "Mido" (id=dtBrTODogZ8rHAVNFTJ9C_NvpkyA9gRQu7bfAps_vPI=) has sold headtorch_grey x1 (f0f828f0, Battery9V<f0f83480>) at the trader "Components (Cyril [#STR_EXPANSION_MARKET_TRADER_COMPONENTS])" in market zone "Trader Zone" (pos=<6675.160645, 104.603935, 6114.155762>) and got 34.
15:51:23.300 [Market] Player "Mido" (id=dtBrTODogZ8rHAVNFTJ9C_NvpkyA9gRQu7bfAps_vPI=) has sold roadflare x1 (f157e3e0) at the trader "Components (Cyril [#STR_EXPANSION_MARKET_TRADER_COMPONENTS])" in market zone "Trader Zone" (pos=<6675.160645, 104.603935, 6114.155762>) and got 2.
15:51:25.738 [Market] Player "Mido" (id=dtBrTODogZ8rHAVNFTJ9C_NvpkyA9gRQu7bfAps_vPI=) has sold flashlight x1 (f0f86e50) at the trader "Components (Cyril [#STR_EXPANSION_MARKET_TRADER_COMPONENTS])" in market zone "Trader Zone" (pos=<6675.160645, 104.603935, 6114.155762>) and got 11.
15:51:27.511 [Market] Player "Stivi the Kid" (id=W44v5r64t_fNpgzRQNLTal2wQQBqWJ8o-Qcc6Jd5hw8=) has sold chemlight_white x1 (ee07b800) at the trader "Components (Cyril [#STR_EXPANSION_MARKET_TRADER_COMPONENTS])" in market zone "Trader Zone" (pos=<6675.160645, 104.603935, 6114.155762>) and got 1.
15:51:29.093 [Market] Player "Stivi the Kid" (id=W44v5r64t_fNpgzRQNLTal2wQQBqWJ8o-Qcc6Jd5hw8=) has sold matchbox x1 (ee0842c0) at the trader "Components (Cyril [#STR_EXPANSION_MARKET_TRADER_COMPONENTS])" in market zone "Trader Zone" (pos=<6675.160645, 104.603935, 6114.155762>) and got 0.
15:51:34.664 [Market] Player "Stivi the Kid" (id=W44v5r64t_fNpgzRQNLTal2wQQBqWJ8o-Qcc6Jd5hw8=) has sold lockpick x1 (ee076710) at the trader "Components (Cyril [#STR_EXPANSION_MARKET_TRADER_COMPONENTS])" in market zone "Trader Zone" (pos=<6675.160645, 104.603935, 6114.155762>) and got 15.
15:51:37.062 [Market] Player "Stivi the Kid" (id=W44v5r64t_fNpgzRQNLTal2wQQBqWJ8o-Qcc6Jd5hw8=) has sold woodaxe x1 (ee062350) at the trader "Components (Cyril [#STR_EXPANSION_MARKET_TRADER_COMPONENTS])" in market zone "Trader Zone" (pos=<6675.160645, 104.603935, 6114.155762>) and got 11.
15:52:21.980 [Market] Player "Mido" (id=dtBrTODogZ8rHAVNFTJ9C_NvpkyA9gRQu7bfAps_vPI=) has sold ammo_huntingbolt x1 (c6ed0ec0) at the trader "Weapons (Denis [#STR_EXPANSION_MARKET_TRADER_WEAPONS])" in market zone "Trader Zone" (pos=<6675.160645, 104.603935, 6114.155762>) and got 1.
15:52:25.605 [Market] Player "Mido" (id=dtBrTODogZ8rHAVNFTJ9C_NvpkyA9gRQu7bfAps_vPI=) has sold ammo_556x45 x1 (4e78c00) at the trader "Weapons (Denis [#STR_EXPANSION_MARKET_TRADER_WEAPONS])" in market zone "Trader Zone" (pos=<6675.160645, 104.603935, 6114.155762>) and got 1.
15:52:26.191 [Market] Player "Mido" (id=dtBrTODogZ8rHAVNFTJ9C_NvpkyA9gRQu7bfAps_vPI=) has sold ammo_12gapellets x1 (ef602c70) at the trader "Weapons (Denis [#STR_EXPANSION_MARKET_TRADER_WEAPONS])" in market zone "Trader Zone" (pos=<6675.160645, 104.603935, 6114.155762>) and got 3.
15:52:26.742 [Market] Player "Mido" (id=dtBrTODogZ8rHAVNFTJ9C_NvpkyA9gRQu7bfAps_vPI=) has sold ammo_380 x1 (f0f6c280) at the trader "Weapons (Denis [#STR_EXPANSION_MARKET_TRADER_WEAPONS])" in market zone "Trader Zone" (pos=<6675.160645, 104.603935, 6114.155762>) and got 1.
15:52:29.234 [Market] Player "Mido" (id=dtBrTODogZ8rHAVNFTJ9C_NvpkyA9gRQu7bfAps_vPI=) has sold ammo_380 x1 (f0f6c280) at the trader "Weapons (Denis [#STR_EXPANSION_MARKET_TRADER_WEAPONS])" in market zone "Trader Zone" (pos=<6675.160645, 104.603935, 6114.155762>) and got 1.
15:52:49.902 [Market] Player "Mido" (id=dtBrTODogZ8rHAVNFTJ9C_NvpkyA9gRQu7bfAps_vPI=) has sold ammo_380 x58 (f0f6c280, f0f66600) at the trader "Weapons (Denis [#STR_EXPANSION_MARKET_TRADER_WEAPONS])" in market zone "Trader Zone" (pos=<6675.160645, 104.603935, 6114.155762>) and got 58.
15:52:51.742 [Market] Player "Mido" (id=dtBrTODogZ8rHAVNFTJ9C_NvpkyA9gRQu7bfAps_vPI=) has sold ammo_12gapellets x1 (ef602c70) at the trader "Weapons (Denis [#STR_EXPANSION_MARKET_TRADER_WEAPONS])" in market zone "Trader Zone" (pos=<6675.160645, 104.603935, 6114.155762>) and got 3.
15:52:52.117 [Market] Player "Mido" (id=dtBrTODogZ8rHAVNFTJ9C_NvpkyA9gRQu7bfAps_vPI=) has sold ammo_12gapellets x1 (ef602c70) at the trader "Weapons (Denis [#STR_EXPANSION_MARKET_TRADER_WEAPONS])" in market zone "Trader Zone" (pos=<6675.160645, 104.603935, 6114.155762>) and got 3.
15:52:52.265 [Market] Player "Mido" (id=dtBrTODogZ8rHAVNFTJ9C_NvpkyA9gRQu7bfAps_vPI=) has sold ammo_12gapellets x1 (ef602c70) at the trader "Weapons (Denis [#STR_EXPANSION_MARKET_TRADER_WEAPONS])" in market zone "Trader Zone" (pos=<6675.160645, 104.603935, 6114.155762>) and got 3.
15:52:52.441 [Market] Player "Mido" (id=dtBrTODogZ8rHAVNFTJ9C_NvpkyA9gRQu7bfAps_vPI=) has sold ammo_12gapellets x1 (ef602c70) at the trader "Weapons (Denis [#STR_EXPANSION_MARKET_TRADER_WEAPONS])" in market zone "Trader Zone" (pos=<6675.160645, 104.603935, 6114.155762>) and got 3.
15:52:52.593 [Market] Player "Mido" (id=dtBrTODogZ8rHAVNFTJ9C_NvpkyA9gRQu7bfAps_vPI=) has sold ammo_12gapellets x1 (ef602c70) at the trader "Weapons (Denis [#STR_EXPANSION_MARKET_TRADER_WEAPONS])" in market zone "Trader Zone" (pos=<6675.160645, 104.603935, 6114.155762>) and got 3.
15:52:52.742 [Market] Player "Mido" (id=dtBrTODogZ8rHAVNFTJ9C_NvpkyA9gRQu7bfAps_vPI=) has sold ammo_12gapellets x1 (ef602c70) at the trader "Weapons (Denis [#STR_EXPANSION_MARKET_TRADER_WEAPONS])" in market zone "Trader Zone" (pos=<6675.160645, 104.603935, 6114.155762>) and got 3.
15:52:53.558 [Market] Player "Mido" (id=dtBrTODogZ8rHAVNFTJ9C_NvpkyA9gRQu7bfAps_vPI=) has sold ammo_556x45 x1 (4e78c00) at the trader "Weapons (Denis [#STR_EXPANSION_MARKET_TRADER_WEAPONS])" in market zone "Trader Zone" (pos=<6675.160645, 104.603935, 6114.155762>) and got 1.
15:52:53.699 [Market] Player "Mido" (id=dtBrTODogZ8rHAVNFTJ9C_NvpkyA9gRQu7bfAps_vPI=) has sold ammo_556x45 x1 (4e78c00) at the trader "Weapons (Denis [#STR_EXPANSION_MARKET_TRADER_WEAPONS])" in market zone "Trader Zone" (pos=<6675.160645, 104.603935, 6114.155762>) and got 1.
15:52:53.843 [Market] Player "Mido" (id=dtBrTODogZ8rHAVNFTJ9C_NvpkyA9gRQu7bfAps_vPI=) has sold ammo_556x45 x1 (4e78c00) at the trader "Weapons (Denis [#STR_EXPANSION_MARKET_TRADER_WEAPONS])" in market zone "Trader Zone" (pos=<6675.160645, 104.603935, 6114.155762>) and got 1.
15:52:53.988 [Market] Player "Mido" (id=dtBrTODogZ8rHAVNFTJ9C_NvpkyA9gRQu7bfAps_vPI=) has sold ammo_556x45 x1 (4e78c00) at the trader "Weapons (Denis [#STR_EXPANSION_MARKET_TRADER_WEAPONS])" in market zone "Trader Zone" (pos=<6675.160645, 104.603935, 6114.155762>) and got 1.
15:52:54.136 [Market] Player "Mido" (id=dtBrTODogZ8rHAVNFTJ9C_NvpkyA9gRQu7bfAps_vPI=) has sold ammo_556x45 x1 (4e78c00) at the trader "Weapons (Denis [#STR_EXPANSION_MARKET_TRADER_WEAPONS])" in market zone "Trader Zone" (pos=<6675.160645, 104.603935, 6114.155762>) and got 1.
15:52:54.242 [Market] Player "Mido" (id=dtBrTODogZ8rHAVNFTJ9C_NvpkyA9gRQu7bfAps_vPI=) has sold ammo_556x45 x1 (4e78c00) at the trader "Weapons (Denis [#STR_EXPANSION_MARKET_TRADER_WEAPONS])" in market zone "Trader Zone" (pos=<6675.160645, 104.603935, 6114.155762>) and got 1.
15:52:54.390 [Market] Player "Mido" (id=dtBrTODogZ8rHAVNFTJ9C_NvpkyA9gRQu7bfAps_vPI=) has sold ammo_556x45 x1 (4e78c00) at the trader "Weapons (Denis [#STR_EXPANSION_MARKET_TRADER_WEAPONS])" in market zone "Trader Zone" (pos=<6675.160645, 104.603935, 6114.155762>) and got 1.
15:52:54.531 [Market] Player "Mido" (id=dtBrTODogZ8rHAVNFTJ9C_NvpkyA9gRQu7bfAps_vPI=) has sold ammo_556x45 x1 (4e78c00) at the trader "Weapons (Denis [#STR_EXPANSION_MARKET_TRADER_WEAPONS])" in market zone "Trader Zone" (pos=<6675.160645, 104.603935, 6114.155762>) and got 1.
15:52:54.683 [Market] Player "Mido" (id=dtBrTODogZ8rHAVNFTJ9C_NvpkyA9gRQu7bfAps_vPI=) has sold ammo_556x45 x1 (4e78c00) at the trader "Weapons (Denis [#STR_EXPANSION_MARKET_TRADER_WEAPONS])" in market zone "Trader Zone" (pos=<6675.160645, 104.603935, 6114.155762>) and got 1.
15:52:55.000 [Market] Player "Mido" (id=dtBrTODogZ8rHAVNFTJ9C_NvpkyA9gRQu7bfAps_vPI=) has sold ammo_556x45 x1 (4e78c00) at the trader "Weapons (Denis [#STR_EXPANSION_MARKET_TRADER_WEAPONS])" in market zone "Trader Zone" (pos=<6675.160645, 104.603935, 6114.155762>) and got 1.
15:52:55.144 [Market] Player "Mido" (id=dtBrTODogZ8rHAVNFTJ9C_NvpkyA9gRQu7bfAps_vPI=) has sold ammo_556x45 x1 (4e78c00) at the trader "Weapons (Denis [#STR_EXPANSION_MARKET_TRADER_WEAPONS])" in market zone "Trader Zone" (pos=<6675.160645, 104.603935, 6114.155762>) and got 1.
15:52:55.511 [Market] Player "Mido" (id=dtBrTODogZ8rHAVNFTJ9C_NvpkyA9gRQu7bfAps_vPI=) has sold ammo_556x45 x1 (4e78c00) at the trader "Weapons (Denis [#STR_EXPANSION_MARKET_TRADER_WEAPONS])" in market zone "Trader Zone" (pos=<6675.160645, 104.603935, 6114.155762>) and got 1.
15:52:55.886 [Market] Player "Mido" (id=dtBrTODogZ8rHAVNFTJ9C_NvpkyA9gRQu7bfAps_vPI=) has sold ammo_556x45 x1 (4e78c00) at the trader "Weapons (Denis [#STR_EXPANSION_MARKET_TRADER_WEAPONS])" in market zone "Trader Zone" (pos=<6675.160645, 104.603935, 6114.155762>) and got 1.
15:52:56.589 [Market] Player "Mido" (id=dtBrTODogZ8rHAVNFTJ9C_NvpkyA9gRQu7bfAps_vPI=) has sold ammo_huntingbolt x1 (c6ed0ec0) at the trader "Weapons (Denis [#STR_EXPANSION_MARKET_TRADER_WEAPONS])" in market zone "Trader Zone" (pos=<6675.160645, 104.603935, 6114.155762>) and got 1.
15:52:56.738 [Market] Player "Mido" (id=dtBrTODogZ8rHAVNFTJ9C_NvpkyA9gRQu7bfAps_vPI=) has sold ammo_huntingbolt x1 (c6ed0ec0) at the trader "Weapons (Denis [#STR_EXPANSION_MARKET_TRADER_WEAPONS])" in market zone "Trader Zone" (pos=<6675.160645, 104.603935, 6114.155762>) and got 1.
15:52:56.875 [Market] Player "Mido" (id=dtBrTODogZ8rHAVNFTJ9C_NvpkyA9gRQu7bfAps_vPI=) has sold ammo_huntingbolt x1 (c6ed0ec0) at the trader "Weapons (Denis [#STR_EXPANSION_MARKET_TRADER_WEAPONS])" in market zone "Trader Zone" (pos=<6675.160645, 104.603935, 6114.155762>) and got 1.
15:53:11.113 [Market] Player "Mard" (id=OAEsqfVu9Ya3qx3X2Q_PgbpxSoSDXOIUHhH8VWVuumk=) has bought charcoaltablets x1 (c3618c00) from the trader "Medicals (Mirek [#STR_EXPANSION_MARKET_TRADER_MEDICALS])" in market zone "Trader Zone" (pos=<6675.160645, 104.603935, 6114.155762>) for a price of 2.
15:53:11.562 [Market] Player "Mard" (id=OAEsqfVu9Ya3qx3X2Q_PgbpxSoSDXOIUHhH8VWVuumk=) has bought charcoaltablets x1 (cab0f4a0) from the trader "Medicals (Mirek [#STR_EXPANSION_MARKET_TRADER_MEDICALS])" in market zone "Trader Zone" (pos=<6675.160645, 104.603935, 6114.155762>) for a price of 2.
15:53:12.640 [Market] Player "Mard" (id=OAEsqfVu9Ya3qx3X2Q_PgbpxSoSDXOIUHhH8VWVuumk=) has bought charcoaltablets x1 (bf93d3e0) from the trader "Medicals (Mirek [#STR_EXPANSION_MARKET_TRADER_MEDICALS])" in market zone "Trader Zone" (pos=<6675.160645, 104.603935, 6114.155762>) for a price of 2.
15:53:13.382 [Market] Player "Mard" (id=OAEsqfVu9Ya3qx3X2Q_PgbpxSoSDXOIUHhH8VWVuumk=) has bought charcoaltablets x1 (29a270f0) from the trader "Medicals (Mirek [#STR_EXPANSION_MARKET_TRADER_MEDICALS])" in market zone "Trader Zone" (pos=<6675.160645, 104.603935, 6114.155762>) for a price of 2.
15:54:17.316 [Market] Player "Mido" (id=dtBrTODogZ8rHAVNFTJ9C_NvpkyA9gRQu7bfAps_vPI=) has bought m4_rishndgrd x1 (2a9df9f0) from the trader "Attachments (Jose [#STR_EXPANSION_MARKET_TRADER_ATTACHMENTS])" in market zone "Trader Zone" (pos=<6675.160645, 104.603935, 6114.155762>) for a price of 200.
15:55:03.367 [Market] Player "Mido" (id=dtBrTODogZ8rHAVNFTJ9C_NvpkyA9gRQu7bfAps_vPI=) has bought mag_saiga_drum20rnd x1 (bc651980, ammo_12gapellets x20) from the trader "Attachments (Jose [#STR_EXPANSION_MARKET_TRADER_ATTACHMENTS])" in market zone "Trader Zone" (pos=<6675.160645, 104.603935, 6114.155762>) for a price of 580.
15:55:19.792 [Market] Player "Mard" (id=OAEsqfVu9Ya3qx3X2Q_PgbpxSoSDXOIUHhH8VWVuumk=) has bought painkillertablets x1 (ce00a460) from the trader "Medicals (Mirek [#STR_EXPANSION_MARKET_TRADER_MEDICALS])" in market zone "Trader Zone" (pos=<6675.160645, 104.603935, 6114.155762>) for a price of 10.
15:55:26.750 [Market] Player "Mard" (id=OAEsqfVu9Ya3qx3X2Q_PgbpxSoSDXOIUHhH8VWVuumk=) has bought heatpack x1 (c29eb440) from the trader "Medicals (Mirek [#STR_EXPANSION_MARKET_TRADER_MEDICALS])" in market zone "Trader Zone" (pos=<6675.160645, 104.603935, 6114.155762>) for a price of 10.
15:55:26.921 [Market] Player "Mard" (id=OAEsqfVu9Ya3qx3X2Q_PgbpxSoSDXOIUHhH8VWVuumk=) has bought heatpack x1 (c29f27e0) from the trader "Medicals (Mirek [#STR_EXPANSION_MARKET_TRADER_MEDICALS])" in market zone "Trader Zone" (pos=<6675.160645, 104.603935, 6114.155762>) for a price of 10.
15:55:27.679 [Market] Player "Mard" (id=OAEsqfVu9Ya3qx3X2Q_PgbpxSoSDXOIUHhH8VWVuumk=) has bought heatpack x1 (c29ebfd0) from the trader "Medicals (Mirek [#STR_EXPANSION_MARKET_TRADER_MEDICALS])" in market zone "Trader Zone" (pos=<6675.160645, 104.603935, 6114.155762>) for a price of 10.
15:55:27.847 [Market] Player "Mard" (id=OAEsqfVu9Ya3qx3X2Q_PgbpxSoSDXOIUHhH8VWVuumk=) has bought heatpack x1 (c29ecb60) from the trader "Medicals (Mirek [#STR_EXPANSION_MARKET_TRADER_MEDICALS])" in market zone "Trader Zone" (pos=<6675.160645, 104.603935, 6114.155762>) for a price of 10.
15:55:28.890 [Market] Player "Mard" (id=OAEsqfVu9Ya3qx3X2Q_PgbpxSoSDXOIUHhH8VWVuumk=) has bought heatpack x1 (c29ee280) from the trader "Medicals (Mirek [#STR_EXPANSION_MARKET_TRADER_MEDICALS])" in market zone "Trader Zone" (pos=<6675.160645, 104.603935, 6114.155762>) for a price of 10.
15:55:29.058 [Market] Player "Mard" (id=OAEsqfVu9Ya3qx3X2Q_PgbpxSoSDXOIUHhH8VWVuumk=) has bought heatpack x1 (c29eee10) from the trader "Medicals (Mirek [#STR_EXPANSION_MARKET_TRADER_MEDICALS])" in market zone "Trader Zone" (pos=<6675.160645, 104.603935, 6114.155762>) for a price of 10.
15:55:29.960 [Market] Player "Mard" (id=OAEsqfVu9Ya3qx3X2Q_PgbpxSoSDXOIUHhH8VWVuumk=) has bought heatpack x1 (c29f78d0) from the trader "Medicals (Mirek [#STR_EXPANSION_MARKET_TRADER_MEDICALS])" in market zone "Trader Zone" (pos=<6675.160645, 104.603935, 6114.155762>) for a price of 10.
15:55:30.132 [Market] Player "Mard" (id=OAEsqfVu9Ya3qx3X2Q_PgbpxSoSDXOIUHhH8VWVuumk=) has bought heatpack x1 (c29fc9c0) from the trader "Medicals (Mirek [#STR_EXPANSION_MARKET_TRADER_MEDICALS])" in market zone "Trader Zone" (pos=<6675.160645, 104.603935, 6114.155762>) for a price of 10.
15:56:02.664 [Market] Player "Mido" (id=dtBrTODogZ8rHAVNFTJ9C_NvpkyA9gRQu7bfAps_vPI=) has bought mag_saiga_8rnd x1 (bdee52d0, ammo_12gapellets x8) from the trader "Attachments (Jose [#STR_EXPANSION_MARKET_TRADER_ATTACHMENTS])" in market zone "Trader Zone" (pos=<6675.160645, 104.603935, 6114.155762>) for a price of 260.
15:56:48.527 [Market] Player "Mido" (id=dtBrTODogZ8rHAVNFTJ9C_NvpkyA9gRQu7bfAps_vPI=) has bought mag_stanagcoupled_30rnd x1 (c53b9a70, ammo_556x45 x60) from the trader "Attachments (Jose [#STR_EXPANSION_MARKET_TRADER_ATTACHMENTS])" in market zone "Trader Zone" (pos=<6675.160645, 104.603935, 6114.155762>) for a price of 340.
15:57:04.421 [Market] Player "Mido" (id=dtBrTODogZ8rHAVNFTJ9C_NvpkyA9gRQu7bfAps_vPI=) has bought mag_stanag_60rnd x1 (c100f0a0, ammo_556x45 x60) from the trader "Attachments (Jose [#STR_EXPANSION_MARKET_TRADER_ATTACHMENTS])" in market zone "Trader Zone" (pos=<6675.160645, 104.603935, 6114.155762>) for a price of 600.
15:57:19.832 [Market] Player "Mido" (id=dtBrTODogZ8rHAVNFTJ9C_NvpkyA9gRQu7bfAps_vPI=) has bought mag_stanag_60rnd x1 (c100fc30, ammo_556x45 x60) from the trader "Attachments (Jose [#STR_EXPANSION_MARKET_TRADER_ATTACHMENTS])" in market zone "Trader Zone" (pos=<6675.160645, 104.603935, 6114.155762>) for a price of 600.
15:57:56.980 [Market] Player "Mido" (id=dtBrTODogZ8rHAVNFTJ9C_NvpkyA9gRQu7bfAps_vPI=) has bought mag_saiga_8rnd x1 (cecc90b0, ammo_12gapellets x8) from the trader "Attachments (Jose [#STR_EXPANSION_MARKET_TRADER_ATTACHMENTS])" in market zone "Trader Zone" (pos=<6675.160645, 104.603935, 6114.155762>) for a price of 260.
15:58:01.148 [Market] Player "Mido" (id=dtBrTODogZ8rHAVNFTJ9C_NvpkyA9gRQu7bfAps_vPI=) has sold mag_glock_15rnd x1 (f0f811d0) at the trader "Attachments (Jose [#STR_EXPANSION_MARKET_TRADER_ATTACHMENTS])" in market zone "Trader Zone" (pos=<6675.160645, 104.603935, 6114.155762>) and got 22.
15:58:26.835 [Market] Player "Mard" (id=OAEsqfVu9Ya3qx3X2Q_PgbpxSoSDXOIUHhH8VWVuumk=) has bought ammobox_300aac_ap_20rnd x1 (cecdc8e0) from the trader "Weapons (Denis [#STR_EXPANSION_MARKET_TRADER_WEAPONS])" in market zone "Trader Zone" (pos=<6675.160645, 104.603935, 6114.155762>) for a price of 64.
15:58:27.382 [Market] Player "Mard" (id=OAEsqfVu9Ya3qx3X2Q_PgbpxSoSDXOIUHhH8VWVuumk=) has bought ammobox_300aac_ap_20rnd x1 (cecdbd50) from the trader "Weapons (Denis [#STR_EXPANSION_MARKET_TRADER_WEAPONS])" in market zone "Trader Zone" (pos=<6675.160645, 104.603935, 6114.155762>) for a price of 64.
15:58:27.890 [Market] Player "Mard" (id=OAEsqfVu9Ya3qx3X2Q_PgbpxSoSDXOIUHhH8VWVuumk=) has bought ammobox_300aac_ap_20rnd x1 (cece4810) from the trader "Weapons (Denis [#STR_EXPANSION_MARKET_TRADER_WEAPONS])" in market zone "Trader Zone" (pos=<6675.160645, 104.603935, 6114.155762>) for a price of 64.
15:58:28.535 [Market] Player "Stivi the Kid" (id=W44v5r64t_fNpgzRQNLTal2wQQBqWJ8o-Qcc6Jd5hw8=) has bought heatpack x1 (cecde000) from the trader "Medicals (Mirek [#STR_EXPANSION_MARKET_TRADER_MEDICALS])" in market zone "Trader Zone" (pos=<6675.160645, 104.603935, 6114.155762>) for a price of 10.
15:58:28.718 [Market] Player "Stivi the Kid" (id=W44v5r64t_fNpgzRQNLTal2wQQBqWJ8o-Qcc6Jd5hw8=) has bought heatpack x1 (cecdeb90) from the trader "Medicals (Mirek [#STR_EXPANSION_MARKET_TRADER_MEDICALS])" in market zone "Trader Zone" (pos=<6675.160645, 104.603935, 6114.155762>) for a price of 10.
15:58:30.113 [Market] Player "Stivi the Kid" (id=W44v5r64t_fNpgzRQNLTal2wQQBqWJ8o-Qcc6Jd5hw8=) has bought heatpack x1 (ceceb020) from the trader "Medicals (Mirek [#STR_EXPANSION_MARKET_TRADER_MEDICALS])" in market zone "Trader Zone" (pos=<6675.160645, 104.603935, 6114.155762>) for a price of 10.
15:58:48.964 [Market] Player "Mard" (id=OAEsqfVu9Ya3qx3X2Q_PgbpxSoSDXOIUHhH8VWVuumk=) has bought ammobox_300aac_ap_20rnd x1 (ce811740) from the trader "Weapons (Denis [#STR_EXPANSION_MARKET_TRADER_WEAPONS])" in market zone "Trader Zone" (pos=<6675.160645, 104.603935, 6114.155762>) for a price of 64.
15:58:49.695 [Market] Player "Mard" (id=OAEsqfVu9Ya3qx3X2Q_PgbpxSoSDXOIUHhH8VWVuumk=) has bought ammobox_300aac_ap_20rnd x1 (ce80af30) from the trader "Weapons (Denis [#STR_EXPANSION_MARKET_TRADER_WEAPONS])" in market zone "Trader Zone" (pos=<6675.160645, 104.603935, 6114.155762>) for a price of 64.
16:01:55.859 [Market] Player "Mard" (id=OAEsqfVu9Ya3qx3X2Q_PgbpxSoSDXOIUHhH8VWVuumk=) has bought m4_t3nrdsoptic x1 (c7880a40, Battery9V<d04a17c0>) from the trader "Attachments (Jose [#STR_EXPANSION_MARKET_TRADER_ATTACHMENTS])" in market zone "Trader Zone" (pos=<6675.160645, 104.603935, 6114.155762>) for a price of 510.
16:02:08.445 [Market] Player "Stivi the Kid" (id=W44v5r64t_fNpgzRQNLTal2wQQBqWJ8o-Qcc6Jd5hw8=) has bought vitaminbottle x1 (ced10b00) from the trader "Medicals (Mirek [#STR_EXPANSION_MARKET_TRADER_MEDICALS])" in market zone "Trader Zone" (pos=<6675.160645, 104.603935, 6114.155762>) for a price of 6.
16:02:20.402 [Market] Player "Stivi the Kid" (id=W44v5r64t_fNpgzRQNLTal2wQQBqWJ8o-Qcc6Jd5hw8=) has bought tetracyclineantibiotics x1 (b978a9c0) from the trader "Medicals (Mirek [#STR_EXPANSION_MARKET_TRADER_MEDICALS])" in market zone "Trader Zone" (pos=<6675.160645, 104.603935, 6114.155762>) for a price of 8.
16:02:35.300 [Market] Player "Mido" (id=dtBrTODogZ8rHAVNFTJ9C_NvpkyA9gRQu7bfAps_vPI=) has bought m4_suppressor x1 (bf8af170) from the trader "Attachments (Jose [#STR_EXPANSION_MARKET_TRADER_ATTACHMENTS])" in market zone "Trader Zone" (pos=<6675.160645, 104.603935, 6114.155762>) for a price of 25.
16:02:47.464 [Market] Player "Mido" (id=dtBrTODogZ8rHAVNFTJ9C_NvpkyA9gRQu7bfAps_vPI=) has bought mag_stanag_30rnd x1 (bf8db2c0, ammo_556x45 x30) from the trader "Attachments (Jose [#STR_EXPANSION_MARKET_TRADER_ATTACHMENTS])" in market zone "Trader Zone" (pos=<6675.160645, 104.603935, 6114.155762>) for a price of 280.
16:02:52.964 [Market] Player "Mido" (id=dtBrTODogZ8rHAVNFTJ9C_NvpkyA9gRQu7bfAps_vPI=) has bought mag_stanag_60rnd x1 (ba090ce0, ammo_556x45 x60) from the trader "Attachments (Jose [#STR_EXPANSION_MARKET_TRADER_ATTACHMENTS])" in market zone "Trader Zone" (pos=<6675.160645, 104.603935, 6114.155762>) for a price of 600.
16:03:00.691 [Market] Player "Mido" (id=dtBrTODogZ8rHAVNFTJ9C_NvpkyA9gRQu7bfAps_vPI=) has sold mag_stanag_30rnd x1 (2b00c600, ammo_556x45 x30) at the trader "Attachments (Jose [#STR_EXPANSION_MARKET_TRADER_ATTACHMENTS])" in market zone "Trader Zone" (pos=<6675.160645, 104.603935, 6114.155762>) and got 195.
16:03:01.925 [Market] Player "Mido" (id=dtBrTODogZ8rHAVNFTJ9C_NvpkyA9gRQu7bfAps_vPI=) has sold mag_stanag_30rnd x1 (bf8db2c0, ammo_556x45 x30) at the trader "Attachments (Jose [#STR_EXPANSION_MARKET_TRADER_ATTACHMENTS])" in market zone "Trader Zone" (pos=<6675.160645, 104.603935, 6114.155762>) and got 195.
16:04:57.363 [Market] Player "Stivi the Kid" (id=W44v5r64t_fNpgzRQNLTal2wQQBqWJ8o-Qcc6Jd5hw8=) has sold sewingkit x1 (ee07dab0) at the trader "Components (Cyril [#STR_EXPANSION_MARKET_TRADER_COMPONENTS])" in market zone "Trader Zone" (pos=<6675.160645, 104.603935, 6114.155762>) and got 0.
16:04:58.546 [Market] Player "Stivi the Kid" (id=W44v5r64t_fNpgzRQNLTal2wQQBqWJ8o-Qcc6Jd5hw8=) has bought leathersewingkit x1 (b6e9aca0) from the trader "Components (Cyril [#STR_EXPANSION_MARKET_TRADER_COMPONENTS])" in market zone "Trader Zone" (pos=<6675.160645, 104.603935, 6114.155762>) for a price of 5.
16:04:59.320 [Market] Player "Stivi the Kid" (id=W44v5r64t_fNpgzRQNLTal2wQQBqWJ8o-Qcc6Jd5hw8=) has bought sewingkit x1 (b6e95bb0) from the trader "Components (Cyril [#STR_EXPANSION_MARKET_TRADER_COMPONENTS])" in market zone "Trader Zone" (pos=<6675.160645, 104.603935, 6114.155762>) for a price of 4.
16:05:00.023 [Market] Player "Stivi the Kid" (id=W44v5r64t_fNpgzRQNLTal2wQQBqWJ8o-Qcc6Jd5hw8=) has bought weaponcleaningkit x1 (b283f970) from the trader "Components (Cyril [#STR_EXPANSION_MARKET_TRADER_COMPONENTS])" in market zone "Trader Zone" (pos=<6675.160645, 104.603935, 6114.155762>) for a price of 8.
16:07:04.960 [Market] Player "Stivi the Kid" (id=W44v5r64t_fNpgzRQNLTal2wQQBqWJ8o-Qcc6Jd5hw8=) has sold ducttape x1 (ee0617c0) at the trader "BuildingSupplies (Boris [#STR_EXPANSION_MARKET_TRADER_BUILDING_SUPPLIES])" in market zone "Trader Zone" (pos=<6675.160645, 104.603935, 6114.155762>) and got 15.
16:07:33.328 [Safezone] Player "{1:name}" (id={1:id} pos={1:position}) left the safezone
16:07:48.632 [Market] Player "Mido" (id=dtBrTODogZ8rHAVNFTJ9C_NvpkyA9gRQu7bfAps_vPI=) has bought canteen x1 (c2974590) from the trader "Consumables (Linda [#STR_EXPANSION_MARKET_TRADER_CONSUMABLES])" in market zone "Trader Zone" (pos=<6675.160645, 104.603935, 6114.155762>) for a price of 18.
16:10:25.125 [Party] Player "Eric" (id=DT1QFut1v8UN48skN3UnroicVIl_5hTizZZZSwLRxk8=) left the party "Die dreisten Drei" (id=46 ownerUID=DT1QFut1v8UN48skN3UnroicVIl_5hTizZZZSwLRxk8= ownerName=Eric)
16:13:26.488 [Market] Player "Mido" (id=dtBrTODogZ8rHAVNFTJ9C_NvpkyA9gRQu7bfAps_vPI=) has bought rice x1 (968743c0) from the trader "Consumables (Linda [#STR_EXPANSION_MARKET_TRADER_CONSUMABLES])" in market zone "Trader Zone" (pos=<6675.160645, 104.603935, 6114.155762>) for a price of 13.
16:13:27.125 [Market] Player "Mido" (id=dtBrTODogZ8rHAVNFTJ9C_NvpkyA9gRQu7bfAps_vPI=) has bought rice x1 (9686d730) from the trader "Consumables (Linda [#STR_EXPANSION_MARKET_TRADER_CONSUMABLES])" in market zone "Trader Zone" (pos=<6675.160645, 104.603935, 6114.155762>) for a price of 13.
16:13:27.898 [Market] Player "Mido" (id=dtBrTODogZ8rHAVNFTJ9C_NvpkyA9gRQu7bfAps_vPI=) has bought rice x1 (b3649cd0) from the trader "Consumables (Linda [#STR_EXPANSION_MARKET_TRADER_CONSUMABLES])" in market zone "Trader Zone" (pos=<6675.160645, 104.603935, 6114.155762>) for a price of 13.
16:13:28.656 [Market] Player "Mido" (id=dtBrTODogZ8rHAVNFTJ9C_NvpkyA9gRQu7bfAps_vPI=) has bought rice x1 (b3652180) from the trader "Consumables (Linda [#STR_EXPANSION_MARKET_TRADER_CONSUMABLES])" in market zone "Trader Zone" (pos=<6675.160645, 104.603935, 6114.155762>) for a price of 13.
16:13:52.660 [Market] Player "Mido" (id=dtBrTODogZ8rHAVNFTJ9C_NvpkyA9gRQu7bfAps_vPI=) has bought rice x1 (b9780cf0) from the trader "Consumables (Linda [#STR_EXPANSION_MARKET_TRADER_CONSUMABLES])" in market zone "Trader Zone" (pos=<6675.160645, 104.603935, 6114.155762>) for a price of 13.
16:15:06.355 [Market] Player "Mido" (id=dtBrTODogZ8rHAVNFTJ9C_NvpkyA9gRQu7bfAps_vPI=) has bought firstaidkit x1 (c353d900) from the trader "Medicals (Mirek [#STR_EXPANSION_MARKET_TRADER_MEDICALS])" in market zone "Trader Zone" (pos=<6675.160645, 104.603935, 6114.155762>) for a price of 20.
16:15:11.707 [Market] Player "Mido" (id=dtBrTODogZ8rHAVNFTJ9C_NvpkyA9gRQu7bfAps_vPI=) has bought bandagedressing x1 (c35429f0) from the trader "Medicals (Mirek [#STR_EXPANSION_MARKET_TRADER_MEDICALS])" in market zone "Trader Zone" (pos=<6675.160645, 104.603935, 6114.155762>) for a price of 3.
16:15:17.882 [Market] Player "Mido" (id=dtBrTODogZ8rHAVNFTJ9C_NvpkyA9gRQu7bfAps_vPI=) has bought epinephrine x1 (c353e490) from the trader "Medicals (Mirek [#STR_EXPANSION_MARKET_TRADER_MEDICALS])" in market zone "Trader Zone" (pos=<6675.160645, 104.603935, 6114.155762>) for a price of 20.
16:15:22.828 [Market] Player "Mido" (id=dtBrTODogZ8rHAVNFTJ9C_NvpkyA9gRQu7bfAps_vPI=) has bought bandagedressing x1 (bd966980) from the trader "Medicals (Mirek [#STR_EXPANSION_MARKET_TRADER_MEDICALS])" in market zone "Trader Zone" (pos=<6675.160645, 104.603935, 6114.155762>) for a price of 3.
16:15:23.289 [Market] Player "Mido" (id=dtBrTODogZ8rHAVNFTJ9C_NvpkyA9gRQu7bfAps_vPI=) has bought bandagedressing x1 (bd961890) from the trader "Medicals (Mirek [#STR_EXPANSION_MARKET_TRADER_MEDICALS])" in market zone "Trader Zone" (pos=<6675.160645, 104.603935, 6114.155762>) for a price of 3.
16:15:23.429 [Market] Player "Mido" (id=dtBrTODogZ8rHAVNFTJ9C_NvpkyA9gRQu7bfAps_vPI=) has bought bandagedressing x1 (bd95c7a0) from the trader "Medicals (Mirek [#STR_EXPANSION_MARKET_TRADER_MEDICALS])" in market zone "Trader Zone" (pos=<6675.160645, 104.603935, 6114.155762>) for a price of 3.
16:15:23.585 [Market] Player "Mido" (id=dtBrTODogZ8rHAVNFTJ9C_NvpkyA9gRQu7bfAps_vPI=) has bought bandagedressing x1 (bd96a350) from the trader "Medicals (Mirek [#STR_EXPANSION_MARKET_TRADER_MEDICALS])" in market zone "Trader Zone" (pos=<6675.160645, 104.603935, 6114.155762>) for a price of 3.
16:15:23.757 [Market] Player "Mido" (id=dtBrTODogZ8rHAVNFTJ9C_NvpkyA9gRQu7bfAps_vPI=) has bought bandagedressing x1 (bd96d190) from the trader "Medicals (Mirek [#STR_EXPANSION_MARKET_TRADER_MEDICALS])" in market zone "Trader Zone" (pos=<6675.160645, 104.603935, 6114.155762>) for a price of 3.
16:15:50.476 [Market] Player "Mido" (id=dtBrTODogZ8rHAVNFTJ9C_NvpkyA9gRQu7bfAps_vPI=) has sold bandagedressing x1 (c35429f0) at the trader "Medicals (Mirek [#STR_EXPANSION_MARKET_TRADER_MEDICALS])" in market zone "Trader Zone" (pos=<6675.160645, 104.603935, 6114.155762>) and got 2.
16:15:50.628 [Market] Player "Mido" (id=dtBrTODogZ8rHAVNFTJ9C_NvpkyA9gRQu7bfAps_vPI=) has sold bandagedressing x1 (bd966980) at the trader "Medicals (Mirek [#STR_EXPANSION_MARKET_TRADER_MEDICALS])" in market zone "Trader Zone" (pos=<6675.160645, 104.603935, 6114.155762>) and got 2.
16:15:50.742 [Market] Player "Mido" (id=dtBrTODogZ8rHAVNFTJ9C_NvpkyA9gRQu7bfAps_vPI=) has sold bandagedressing x1 (bd961890) at the trader "Medicals (Mirek [#STR_EXPANSION_MARKET_TRADER_MEDICALS])" in market zone "Trader Zone" (pos=<6675.160645, 104.603935, 6114.155762>) and got 2.
16:18:32.347 [ATM] Player "Stivi the Kid" (id=W44v5r64t_fNpgzRQNLTal2wQQBqWJ8o-Qcc6Jd5hw8=) has deposited 1048 on his ATM account.
16:18:37.500 [ATM] Player "Mido" (id=dtBrTODogZ8rHAVNFTJ9C_NvpkyA9gRQu7bfAps_vPI=) has deposited 1026 on his ATM account.
16:18:52.734 [VehicleDeleted] Old_Bike_Red (id=8EED152D224702D9C7FDD7AFEC7C8FAB pos=<6672.17, 102.49, 6107.4>)
16:19:28.765 [VehicleDeleted] Old_Bike_Red (id=18EC668F4643F296384007B06A8EEAC8 pos=<6676.81, 102.49, 6108.65>)
16:19:35.132 [VehicleEnter] Player "Stivi the Kid" (id=W44v5r64t_fNpgzRQNLTal2wQQBqWJ8o-Qcc6Jd5hw8=) entered vehicle Bicycle (id=15DC4B407F4C7BC847AF91A79BEFB0B4 pos=<6673.73, 102.49, 6107.13>) as driver
16:19:49.089 [VehicleLeave] Player "Stivi the Kid" (id=W44v5r64t_fNpgzRQNLTal2wQQBqWJ8o-Qcc6Jd5hw8=) left vehicle Bicycle (id=15DC4B407F4C7BC847AF91A79BEFB0B4 pos=<6674.23, 102.49, 6108.22>)
16:19:56.023 [VehicleDeleted] Old_Bike_White (id=15DC4B407F4C7BC847AF91A79BEFB0B4 pos=<6674.23, 102.49, 6108.22>)
16:20:15.425 [VehicleEnter] Player "Stivi the Kid" (id=W44v5r64t_fNpgzRQNLTal2wQQBqWJ8o-Qcc6Jd5hw8=) entered vehicle Bicycle (id=21428C073E4A50796FC22EB81413034A pos=<6679.02, 102.5, 6097.74>) as driver
16:20:42.933 [VehicleEnter] Player "Mido" (id=dtBrTODogZ8rHAVNFTJ9C_NvpkyA9gRQu7bfAps_vPI=) entered vehicle Bicycle (id=F86E02119340415AD99F2A8E52565836 pos=<6693.04, 102.68, 6073.87>) as driver
16:21:17.351 [VehicleLeave] Player "Stivi the Kid" (id=W44v5r64t_fNpgzRQNLTal2wQQBqWJ8o-Qcc6Jd5hw8=) left vehicle Bicycle (id=21428C073E4A50796FC22EB81413034A pos=<6653.77, 102.48, 6094.31>)
16:21:25.488 [VehicleEnter] Player "Stivi the Kid" (id=W44v5r64t_fNpgzRQNLTal2wQQBqWJ8o-Qcc6Jd5hw8=) entered vehicle Bicycle (id=21428C073E4A50796FC22EB81413034A pos=<6653.79, 102.49, 6094.28>) as driver
16:22:14.312 [VehicleLeave] Player "Mido" (id=dtBrTODogZ8rHAVNFTJ9C_NvpkyA9gRQu7bfAps_vPI=) left vehicle Bicycle (id=F86E02119340415AD99F2A8E52565836 pos=<6695.54, 102.49, 6101.36>)
16:22:16.957 [Safezone] Player "Mard" (id=OAEsqfVu9Ya3qx3X2Q_PgbpxSoSDXOIUHhH8VWVuumk= pos=<6639.54, 130.38, 6022.95>) entered the safezone
16:22:17.613 [VehicleDeleted] Old_Bike_Red (id=F86E02119340415AD99F2A8E52565836 pos=<6695.54, 102.49, 6101.36>)
16:22:38.941 [VehicleLeave] Player "Stivi the Kid" (id=W44v5r64t_fNpgzRQNLTal2wQQBqWJ8o-Qcc6Jd5hw8=) left vehicle Bicycle (id=21428C073E4A50796FC22EB81413034A pos=<6699.6, 102.49, 6104.97>)
16:22:44.878 [VehicleDeleted] Old_Bike_White (id=21428C073E4A50796FC22EB81413034A pos=<6699.6, 102.49, 6104.97>)
16:22:52.441 [VehicleEnter] Player "Mido" (id=dtBrTODogZ8rHAVNFTJ9C_NvpkyA9gRQu7bfAps_vPI=) entered vehicle Bicycle (id=ED55B11E3346FB10C9084EBD3A71687D pos=<6689.9, 102.6, 6081.54>) as driver
16:22:59.781 [Market] Player "Mard" (id=OAEsqfVu9Ya3qx3X2Q_PgbpxSoSDXOIUHhH8VWVuumk=) has bought pot x1 (cdfdb880) from the trader "Components (Cyril [#STR_EXPANSION_MARKET_TRADER_COMPONENTS])" in market zone "Trader Zone" (pos=<6675.160645, 104.603935, 6114.155762>) for a price of 25.
16:23:16.914 [ATM] Player "Mard" (id=OAEsqfVu9Ya3qx3X2Q_PgbpxSoSDXOIUHhH8VWVuumk=) has deposited 2754 on his ATM account.
16:23:37.179 [VehicleEnter] Player "Stivi the Kid" (id=W44v5r64t_fNpgzRQNLTal2wQQBqWJ8o-Qcc6Jd5hw8=) entered vehicle Bicycle (id=B5B1D946BA4308311715DB9CDBCF3B6D pos=<6700.71, 102.49, 6105.4>) as driver
16:23:53.070 [VehicleLeave] Player "Stivi the Kid" (id=W44v5r64t_fNpgzRQNLTal2wQQBqWJ8o-Qcc6Jd5hw8=) left vehicle Bicycle (id=B5B1D946BA4308311715DB9CDBCF3B6D pos=<6691.96, 102.65, 6073.31>)
16:24:04.023 [VehicleLeave] Player "Mido" (id=dtBrTODogZ8rHAVNFTJ9C_NvpkyA9gRQu7bfAps_vPI=) left vehicle Bicycle (id=ED55B11E3346FB10C9084EBD3A71687D pos=<6690.26, 102.61, 6080.52>)
16:24:10.097 [VehicleDeleted] Old_Bike_Red (id=ED55B11E3346FB10C9084EBD3A71687D pos=<6690.26, 102.61, 6080.52>)
16:24:59.003 [ATM] Player "Mard" (id=OAEsqfVu9Ya3qx3X2Q_PgbpxSoSDXOIUHhH8VWVuumk=) has withdrawn 200 from his ATM account.
16:25:29.187 [Market] Player "Mard" (id=OAEsqfVu9Ya3qx3X2Q_PgbpxSoSDXOIUHhH8VWVuumk=) has bought armband_zenit x1 (b995eeb0) from the trader "Clothing (Naomi [#STR_EXPANSION_MARKET_TRADER_CLOTHING])" in market zone "Trader Zone" (pos=<6675.160645, 104.603935, 6114.155762>) for a price of 15.
16:25:42.351 [ATM] Player "Mard" (id=OAEsqfVu9Ya3qx3X2Q_PgbpxSoSDXOIUHhH8VWVuumk=) has deposited 185 on his ATM account.
16:25:45.406 [Safezone] Player "{1:name}" (id={1:id} pos={1:position}) left the safezone
16:26:06.371 [Safezone] Player "Mido" (id=dtBrTODogZ8rHAVNFTJ9C_NvpkyA9gRQu7bfAps_vPI= pos=<6672.7, 120.06, 6017.32>) entered the safezone
16:27:25.996 [VehicleDeleted] Old_Bike_White (id=E04594204F4413AD4062D4B385E626FD pos=<6670.54, 102.49, 6108>)
16:28:21.289 [VehicleEnter] Player "Mard" (id=OAEsqfVu9Ya3qx3X2Q_PgbpxSoSDXOIUHhH8VWVuumk=) entered vehicle Bicycle (id=B65C57AEFF46CF852756B6999EAB9B9D pos=<6678.53, 102.54, 6086.44>) as driver
16:28:38.226 [VehicleLeave] Player "Mard" (id=OAEsqfVu9Ya3qx3X2Q_PgbpxSoSDXOIUHhH8VWVuumk=) left vehicle Bicycle (id=B65C57AEFF46CF852756B6999EAB9B9D pos=<6691.45, 102.73, 6069.63>)
16:31:08.898 [VehicleEnter] Player "Mard" (id=OAEsqfVu9Ya3qx3X2Q_PgbpxSoSDXOIUHhH8VWVuumk=) entered vehicle Bicycle (id=B65C57AEFF46CF852756B6999EAB9B9D pos=<6691.45, 102.73, 6069.63>) as driver
16:31:12.789 [VehicleEnter] Player "Mido" (id=dtBrTODogZ8rHAVNFTJ9C_NvpkyA9gRQu7bfAps_vPI=) entered vehicle Bicycle (id=67DBA068DA40CA139AC7AFAD66E371A8 pos=<6694.95, 103.05, 6068.4>) as driver
16:31:16.906 [VehicleEnter] Player "Stivi the Kid" (id=W44v5r64t_fNpgzRQNLTal2wQQBqWJ8o-Qcc6Jd5hw8=) entered vehicle Bicycle (id=B5B1D946BA4308311715DB9CDBCF3B6D pos=<6691.96, 102.65, 6073.31>) as driver
16:31:42.003 [Safezone] Player "{1:name}" (id={1:id} pos={1:position}) left the safezone
16:31:44.585 [VehicleLeave] Player "Mard" (id=OAEsqfVu9Ya3qx3X2Q_PgbpxSoSDXOIUHhH8VWVuumk=) left vehicle Bicycle (id=B65C57AEFF46CF852756B6999EAB9B9D pos=<6646.48, 129.81, 5981.86>)
16:31:46.503 [Safezone] Player "{1:name}" (id={1:id} pos={1:position}) left the safezone
16:31:47.953 [Safezone] Player "{1:name}" (id={1:id} pos={1:position}) left the safezone
16:32:20.675 [VehicleEnter] Player "Mard" (id=OAEsqfVu9Ya3qx3X2Q_PgbpxSoSDXOIUHhH8VWVuumk=) entered vehicle Bicycle (id=B65C57AEFF46CF852756B6999EAB9B9D pos=<6646.48, 129.81, 5981.86>) as driver
16:32:23.789 [MissionAirdrop] An airdrop is heading towards "Wind Farm" (pos=<6469.119629, 0.000000, 6864.399902> type=Random_WindFarm) with a ExpansionAirdropContainer_Basebuilding
16:32:28.183 [VehicleLeave] Player "Mard" (id=OAEsqfVu9Ya3qx3X2Q_PgbpxSoSDXOIUHhH8VWVuumk=) left vehicle Bicycle (id=B65C57AEFF46CF852756B6999EAB9B9D pos=<6650.14, 129.15, 5979.04>)
16:32:30.832 [VehicleLeave] Player "Stivi the Kid" (id=W44v5r64t_fNpgzRQNLTal2wQQBqWJ8o-Qcc6Jd5hw8=) left vehicle Bicycle (id=B5B1D946BA4308311715DB9CDBCF3B6D pos=<6633.69, 132.53, 5972.04>)
16:33:21.062 [VehicleLeave] Player "Mido" (id=dtBrTODogZ8rHAVNFTJ9C_NvpkyA9gRQu7bfAps_vPI=) left vehicle Bicycle (id=67DBA068DA40CA139AC7AFAD66E371A8 pos=<6520.48, 163.84, 5870.22>)
16:36:48.406 [Killfeed] holykeeesh commited suicide with Bone Knife.
17:58:09.871 [MissionAirdrop] An airdrop is heading towards "Erie" (pos=<723.437744, 0.000000, 8062.600098> type=Random_Erie) with a ExpansionAirdropContainer_Medical
18:18:06.585 [Party] Player "DadooDance" (id=76w1D1EUUqT6A57GjLJvyEyTpOili-xx5A96r70hiko=) joinded the party "Falcon Resolute" (id=48 ownerUID= ownerName=)
18:18:06.585 [Party] Player "DadooDance" (id=76w1D1EUUqT6A57GjLJvyEyTpOili-xx5A96r70hiko=) created a party named Falcon Resolute (Falco)
18:18:06.593 [Party] Player "DadooDance" (id=76w1D1EUUqT6A57GjLJvyEyTpOili-xx5A96r70hiko=) invited the player "holykeeesh" (id=e2uuymVDsFy98lADxUbj6Iyc7MPktVueIU1n-cdEQYs=)to the party named Falcon Resolute
19:00:01.382 [Party] Player "DadooDance" (id=76w1D1EUUqT6A57GjLJvyEyTpOili-xx5A96r70hiko=) left the party "Falcon Resolute" (id=48 ownerUID=76w1D1EUUqT6A57GjLJvyEyTpOili-xx5A96r70hiko= ownerName=DadooDance)
19:00:01.382 [Party] Player "Stivi the Kid" (id=W44v5r64t_fNpgzRQNLTal2wQQBqWJ8o-Qcc6Jd5hw8=) left the party "Viper Ethereal" (id=33 ownerUID=zazFLAJ4lPF6TvVQMMREjst1jC8o_Id9oh_TjGBwaP8= ownerName=ElBizzy)
19:00:01.390 [Party] Player "Mido" (id=dtBrTODogZ8rHAVNFTJ9C_NvpkyA9gRQu7bfAps_vPI=) left the party "Viper Ethereal" (id=33 ownerUID=zazFLAJ4lPF6TvVQMMREjst1jC8o_Id9oh_TjGBwaP8= ownerName=ElBizzy)
19:00:01.398 [Party] Player "Mard" (id=OAEsqfVu9Ya3qx3X2Q_PgbpxSoSDXOIUHhH8VWVuumk=) left the party "Viper Ethereal" (id=33 ownerUID=zazFLAJ4lPF6TvVQMMREjst1jC8o_Id9oh_TjGBwaP8= ownerName=ElBizzy)
