06:06:14.845 [MissionAirdrop] An airdrop is heading towards "Wind Farm" (pos=<6469.119629, 0.000000, 6864.399902> type=Random_WindFarm) with a ExpansionAirdropContainer_Military
07:32:09.893 [MissionAirdrop] An airdrop is heading towards "Erie" (pos=<723.437744, 0.000000, 8062.600098> type=Random_Erie) with a ExpansionAirdropContainer_Military
07:52:41.247 [VehicleDeleted] Old_Bike (id=0F0F2A45C84597C767F64BA968365BF7 pos=<3315.8, 173.56, 6682.46>)
07:53:05.092 [VehicleEnter] Player "Gun" (id=dQV0MWQE63QrNRXqd-4btd7ZbIxSfqWMKo6FakQaWEs=) entered vehicle Bicycle (id=42B005936A49E5F5B92745B9B7510749 pos=<3315.8, 173.36, 6676.43>) as driver
07:56:17.964 [VehicleLeave] Player "Gun" (id=dQV0MWQE63QrNRXqd-4btd7ZbIxSfqWMKo6FakQaWEs=) left vehicle Bicycle (id=42B005936A49E5F5B92745B9B7510749 pos=<4523.18, 183.65, 6591.16>)
07:57:36.652 [VehicleEnter] Player "Gun" (id=dQV0MWQE63QrNRXqd-4btd7ZbIxSfqWMKo6FakQaWEs=) entered vehicle Bicycle (id=42B005936A49E5F5B92745B9B7510749 pos=<4523.18, 183.65, 6591.16>) as driver
08:03:36.431 [VehicleLeave] Player "Gun" (id=dQV0MWQE63QrNRXqd-4btd7ZbIxSfqWMKo6FakQaWEs=) left vehicle Bicycle (id=42B005936A49E5F5B92745B9B7510749 pos=<6575.94, 145.84, 5929.02>)
08:03:43.993 [VehicleDeleted] Old_Bike (id=42B005936A49E5F5B92745B9B7510749 pos=<6575.94, 145.84, 5929.02>)
08:03:56.731 [VehicleEnter] Player "Gun" (id=dQV0MWQE63QrNRXqd-4btd7ZbIxSfqWMKo6FakQaWEs=) entered vehicle Bicycle (id=BFDD093C5349791654A733B090D9BD03 pos=<6577.71, 145.11, 5931.75>) as driver
08:04:14.155 [Safezone] Player "Gun" (id=dQV0MWQE63QrNRXqd-4btd7ZbIxSfqWMKo6FakQaWEs= pos=<6671.91, 121.05, 6017.96>) entered the safezone
08:04:55.996 [VehicleLeave] Player "Gun" (id=dQV0MWQE63QrNRXqd-4btd7ZbIxSfqWMKo6FakQaWEs=) left vehicle Bicycle (id=BFDD093C5349791654A733B090D9BD03 pos=<6668.74, 102.49, 6130.78>)
08:05:09.818 [VehicleDeleted] Old_Bike (id=BFDD093C5349791654A733B090D9BD03 pos=<6668.74, 102.49, 6130.78>)
08:06:21.367 [Market] Player "Gun" (id=dQV0MWQE63QrNRXqd-4btd7ZbIxSfqWMKo6FakQaWEs=) has sold mp133shotgun x1 (b77f8410) at the trader "Weapons (Denis [#STR_EXPANSION_MARKET_TRADER_WEAPONS])" in market zone "Trader Zone" (pos=<6675.160645, 104.603935, 6114.155762>) and got 281.
08:06:25.912 [Market] Player "Gun" (id=dQV0MWQE63QrNRXqd-4btd7ZbIxSfqWMKo6FakQaWEs=) has sold izh43shotgun x1 (b77f42c0) at the trader "Weapons (Denis [#STR_EXPANSION_MARKET_TRADER_WEAPONS])" in market zone "Trader Zone" (pos=<6675.160645, 104.603935, 6114.155762>) and got 337.
08:06:27.569 [Market] Player "Gun" (id=dQV0MWQE63QrNRXqd-4btd7ZbIxSfqWMKo6FakQaWEs=) has sold cz527 x1 (b77f4fd0) at the trader "Weapons (Denis [#STR_EXPANSION_MARKET_TRADER_WEAPONS])" in market zone "Trader Zone" (pos=<6675.160645, 104.603935, 6114.155762>) and got 281.
08:06:30.416 [Market] Player "Gun" (id=dQV0MWQE63QrNRXqd-4btd7ZbIxSfqWMKo6FakQaWEs=) has sold pnc_w_awm_snow x1 (b77fc560) at the trader "Weapons (Denis [#STR_EXPANSION_MARKET_TRADER_WEAPONS])" in market zone "Trader Zone" (pos=<6675.160645, 104.603935, 6114.155762>) and got 4125.
08:06:42.328 [Market] Player "Gun" (id=dQV0MWQE63QrNRXqd-4btd7ZbIxSfqWMKo6FakQaWEs=) has sold pnc_w_scarh_camo x1 (b77f5ce0) at the trader "Weapons (Denis [#STR_EXPANSION_MARKET_TRADER_WEAPONS])" in market zone "Trader Zone" (pos=<6675.160645, 104.603935, 6114.155762>) and got 2531.
08:06:45.205 [Market] Player "Gun" (id=dQV0MWQE63QrNRXqd-4btd7ZbIxSfqWMKo6FakQaWEs=) has sold pnc_w_m60 x1 (b77f0170) at the trader "Weapons (Denis [#STR_EXPANSION_MARKET_TRADER_WEAPONS])" in market zone "Trader Zone" (pos=<6675.160645, 104.603935, 6114.155762>) and got 5250.
08:06:56.734 [Market] Player "Gun" (id=dQV0MWQE63QrNRXqd-4btd7ZbIxSfqWMKo6FakQaWEs=) has bought weaponcleaningkit x1 (c687cc10) from the trader "Components (Cyril [#STR_EXPANSION_MARKET_TRADER_COMPONENTS])" in market zone "Trader Zone" (pos=<6675.160645, 104.603935, 6114.155762>) for a price of 8.
08:06:57.203 [Market] Player "Gun" (id=dQV0MWQE63QrNRXqd-4btd7ZbIxSfqWMKo6FakQaWEs=) has bought weaponcleaningkit x1 (be830320) from the trader "Components (Cyril [#STR_EXPANSION_MARKET_TRADER_COMPONENTS])" in market zone "Trader Zone" (pos=<6675.160645, 104.603935, 6114.155762>) for a price of 8.
08:06:57.746 [Market] Player "Gun" (id=dQV0MWQE63QrNRXqd-4btd7ZbIxSfqWMKo6FakQaWEs=) has bought weaponcleaningkit x1 (be833cf0) from the trader "Components (Cyril [#STR_EXPANSION_MARKET_TRADER_COMPONENTS])" in market zone "Trader Zone" (pos=<6675.160645, 104.603935, 6114.155762>) for a price of 8.
08:10:55.496 [Market] Player "Gun" (id=dQV0MWQE63QrNRXqd-4btd7ZbIxSfqWMKo6FakQaWEs=) has bought weaponcleaningkit x1 (c8ff8f00) from the trader "Components (Cyril [#STR_EXPANSION_MARKET_TRADER_COMPONENTS])" in market zone "Trader Zone" (pos=<6675.160645, 104.603935, 6114.155762>) for a price of 8.
08:10:55.935 [Market] Player "Gun" (id=dQV0MWQE63QrNRXqd-4btd7ZbIxSfqWMKo6FakQaWEs=) has bought weaponcleaningkit x1 (c8ff6c50) from the trader "Components (Cyril [#STR_EXPANSION_MARKET_TRADER_COMPONENTS])" in market zone "Trader Zone" (pos=<6675.160645, 104.603935, 6114.155762>) for a price of 8.
08:10:56.391 [Market] Player "Gun" (id=dQV0MWQE63QrNRXqd-4btd7ZbIxSfqWMKo6FakQaWEs=) has bought weaponcleaningkit x1 (c8ff26f0) from the trader "Components (Cyril [#STR_EXPANSION_MARKET_TRADER_COMPONENTS])" in market zone "Trader Zone" (pos=<6675.160645, 104.603935, 6114.155762>) for a price of 8.
08:10:56.847 [Market] Player "Gun" (id=dQV0MWQE63QrNRXqd-4btd7ZbIxSfqWMKo6FakQaWEs=) has bought weaponcleaningkit x1 (c8ffbd40) from the trader "Components (Cyril [#STR_EXPANSION_MARKET_TRADER_COMPONENTS])" in market zone "Trader Zone" (pos=<6675.160645, 104.603935, 6114.155762>) for a price of 8.
08:10:57.499 [Market] Player "Gun" (id=dQV0MWQE63QrNRXqd-4btd7ZbIxSfqWMKo6FakQaWEs=) has bought weaponcleaningkit x1 (c8ff9a90) from the trader "Components (Cyril [#STR_EXPANSION_MARKET_TRADER_COMPONENTS])" in market zone "Trader Zone" (pos=<6675.160645, 104.603935, 6114.155762>) for a price of 8.
08:10:59.269 [Market] Player "Gun" (id=dQV0MWQE63QrNRXqd-4btd7ZbIxSfqWMKo6FakQaWEs=) has bought weaponcleaningkit x1 (c8ff60c0) from the trader "Components (Cyril [#STR_EXPANSION_MARKET_TRADER_COMPONENTS])" in market zone "Trader Zone" (pos=<6675.160645, 104.603935, 6114.155762>) for a price of 8.
08:11:01.622 [Market] Player "Gun" (id=dQV0MWQE63QrNRXqd-4btd7ZbIxSfqWMKo6FakQaWEs=) has bought weaponcleaningkit x1 (c8fff710) from the trader "Components (Cyril [#STR_EXPANSION_MARKET_TRADER_COMPONENTS])" in market zone "Trader Zone" (pos=<6675.160645, 104.603935, 6114.155762>) for a price of 8.
08:11:01.947 [Market] Player "Gun" (id=dQV0MWQE63QrNRXqd-4btd7ZbIxSfqWMKo6FakQaWEs=) has bought weaponcleaningkit x1 (c9003c70) from the trader "Components (Cyril [#STR_EXPANSION_MARKET_TRADER_COMPONENTS])" in market zone "Trader Zone" (pos=<6675.160645, 104.603935, 6114.155762>) for a price of 8.
08:12:15.813 [Market] Player "Gun" (id=dQV0MWQE63QrNRXqd-4btd7ZbIxSfqWMKo6FakQaWEs=) has sold pnc_w_honeybadger_camo x1 (be553600) at the trader "Weapons (Denis [#STR_EXPANSION_MARKET_TRADER_WEAPONS])" in market zone "Trader Zone" (pos=<6675.160645, 104.603935, 6114.155762>) and got 3375.
08:12:16.642 [Market] Player "Gun" (id=dQV0MWQE63QrNRXqd-4btd7ZbIxSfqWMKo6FakQaWEs=) has sold pnc_w_honeybadger_camo x1 (b77fd270) at the trader "Weapons (Denis [#STR_EXPANSION_MARKET_TRADER_WEAPONS])" in market zone "Trader Zone" (pos=<6675.160645, 104.603935, 6114.155762>) and got 3375.
08:12:18.358 [Market] Player "Gun" (id=dQV0MWQE63QrNRXqd-4btd7ZbIxSfqWMKo6FakQaWEs=) has sold pnc_w_g36 x1 (be551be0) at the trader "Weapons (Denis [#STR_EXPANSION_MARKET_TRADER_WEAPONS])" in market zone "Trader Zone" (pos=<6675.160645, 104.603935, 6114.155762>) and got 1875.
08:12:22.358 [Market] Player "Gun" (id=dQV0MWQE63QrNRXqd-4btd7ZbIxSfqWMKo6FakQaWEs=) has sold glock19 x1 (be555d30) at the trader "Weapons (Denis [#STR_EXPANSION_MARKET_TRADER_WEAPONS])" in market zone "Trader Zone" (pos=<6675.160645, 104.603935, 6114.155762>) and got 225.
08:12:34.110 [Market] Player "Gun" (id=dQV0MWQE63QrNRXqd-4btd7ZbIxSfqWMKo6FakQaWEs=) has sold cz75 x1 (be55dfd0) at the trader "Weapons (Denis [#STR_EXPANSION_MARKET_TRADER_WEAPONS])" in market zone "Trader Zone" (pos=<6675.160645, 104.603935, 6114.155762>) and got 101.
08:13:17.897 [Market] Player "Gun" (id=dQV0MWQE63QrNRXqd-4btd7ZbIxSfqWMKo6FakQaWEs=) has sold cz75 x1 (be55ab90) at the trader "Weapons (Denis [#STR_EXPANSION_MARKET_TRADER_WEAPONS])" in market zone "Trader Zone" (pos=<6675.160645, 104.603935, 6114.155762>) and got 101.
08:13:25.183 [Market] Player "Gun" (id=dQV0MWQE63QrNRXqd-4btd7ZbIxSfqWMKo6FakQaWEs=) has sold pnc_w_origin_12ga x1 (be54e7a0) at the trader "Weapons (Denis [#STR_EXPANSION_MARKET_TRADER_WEAPONS])" in market zone "Trader Zone" (pos=<6675.160645, 104.603935, 6114.155762>) and got 2400.
08:13:27.886 [Market] Player "Gun" (id=dQV0MWQE63QrNRXqd-4btd7ZbIxSfqWMKo6FakQaWEs=) has sold pnc_w_kivaari_kryp x1 (be5528f0) at the trader "Weapons (Denis [#STR_EXPANSION_MARKET_TRADER_WEAPONS])" in market zone "Trader Zone" (pos=<6675.160645, 104.603935, 6114.155762>) and got 4650.
08:13:29.765 [Market] Player "Gun" (id=dQV0MWQE63QrNRXqd-4btd7ZbIxSfqWMKo6FakQaWEs=) has sold cz61 x1 (b77f35b0) at the trader "Weapons (Denis [#STR_EXPANSION_MARKET_TRADER_WEAPONS])" in market zone "Trader Zone" (pos=<6675.160645, 104.603935, 6114.155762>) and got 525.
08:18:14.484 [Market] Player "Gun" (id=dQV0MWQE63QrNRXqd-4btd7ZbIxSfqWMKo6FakQaWEs=) has sold m4_oebttstck x1 (be4297f0) at the trader "Attachments (Jose [#STR_EXPANSION_MARKET_TRADER_ATTACHMENTS])" in market zone "Trader Zone" (pos=<6675.160645, 104.603935, 6114.155762>) and got 56.
08:18:16.055 [Market] Player "Gun" (id=dQV0MWQE63QrNRXqd-4btd7ZbIxSfqWMKo6FakQaWEs=) has sold m4_oebttstck x1 (b9d21c20) at the trader "Attachments (Jose [#STR_EXPANSION_MARKET_TRADER_ATTACHMENTS])" in market zone "Trader Zone" (pos=<6675.160645, 104.603935, 6114.155762>) and got 28.
08:18:17.174 [Market] Player "Gun" (id=dQV0MWQE63QrNRXqd-4btd7ZbIxSfqWMKo6FakQaWEs=) has sold pnc_m110butt x1 (be42af10) at the trader "Attachments (Jose [#STR_EXPANSION_MARKET_TRADER_ATTACHMENTS])" in market zone "Trader Zone" (pos=<6675.160645, 104.603935, 6114.155762>) and got 112.
08:18:21.601 [Market] Player "Gun" (id=dQV0MWQE63QrNRXqd-4btd7ZbIxSfqWMKo6FakQaWEs=) has sold tlrlight x1 (be861560) at the trader "Attachments (Jose [#STR_EXPANSION_MARKET_TRADER_ATTACHMENTS])" in market zone "Trader Zone" (pos=<6675.160645, 104.603935, 6114.155762>) and got 45.
08:18:40.095 [Market] Player "Gun" (id=dQV0MWQE63QrNRXqd-4btd7ZbIxSfqWMKo6FakQaWEs=) has bought electronicrepairkit x1 (c1f7b2b0) from the trader "Components (Cyril [#STR_EXPANSION_MARKET_TRADER_COMPONENTS])" in market zone "Trader Zone" (pos=<6675.160645, 104.603935, 6114.155762>) for a price of 35.
08:18:41.752 [Market] Player "Gun" (id=dQV0MWQE63QrNRXqd-4btd7ZbIxSfqWMKo6FakQaWEs=) has bought electronicrepairkit x1 (c1f79000) from the trader "Components (Cyril [#STR_EXPANSION_MARKET_TRADER_COMPONENTS])" in market zone "Trader Zone" (pos=<6675.160645, 104.603935, 6114.155762>) for a price of 35.
08:20:14.344 [Market] Player "Gun" (id=dQV0MWQE63QrNRXqd-4btd7ZbIxSfqWMKo6FakQaWEs=) has bought electronicrepairkit x1 (281878f0) from the trader "Components (Cyril [#STR_EXPANSION_MARKET_TRADER_COMPONENTS])" in market zone "Trader Zone" (pos=<6675.160645, 104.603935, 6114.155762>) for a price of 35.
08:22:56.459 [Market] Player "Gun" (id=dQV0MWQE63QrNRXqd-4btd7ZbIxSfqWMKo6FakQaWEs=) has bought weaponcleaningkit x1 (254443d0) from the trader "Components (Cyril [#STR_EXPANSION_MARKET_TRADER_COMPONENTS])" in market zone "Trader Zone" (pos=<6675.160645, 104.603935, 6114.155762>) for a price of 8.
08:22:57.174 [Market] Player "Gun" (id=dQV0MWQE63QrNRXqd-4btd7ZbIxSfqWMKo6FakQaWEs=) has bought weaponcleaningkit x1 (2544ce90) from the trader "Components (Cyril [#STR_EXPANSION_MARKET_TRADER_COMPONENTS])" in market zone "Trader Zone" (pos=<6675.160645, 104.603935, 6114.155762>) for a price of 8.
08:22:57.583 [Market] Player "Gun" (id=dQV0MWQE63QrNRXqd-4btd7ZbIxSfqWMKo6FakQaWEs=) has bought weaponcleaningkit x1 (2544b770) from the trader "Components (Cyril [#STR_EXPANSION_MARKET_TRADER_COMPONENTS])" in market zone "Trader Zone" (pos=<6675.160645, 104.603935, 6114.155762>) for a price of 8.
08:22:58.307 [Market] Player "Gun" (id=dQV0MWQE63QrNRXqd-4btd7ZbIxSfqWMKo6FakQaWEs=) has bought weaponcleaningkit x1 (25454230) from the trader "Components (Cyril [#STR_EXPANSION_MARKET_TRADER_COMPONENTS])" in market zone "Trader Zone" (pos=<6675.160645, 104.603935, 6114.155762>) for a price of 8.
08:24:20.432 [Market] Player "Gun" (id=dQV0MWQE63QrNRXqd-4btd7ZbIxSfqWMKo6FakQaWEs=) has sold pnc_mag_honeybadger_coupled_60rnd x1 (be430000) at the trader "Attachments (Jose [#STR_EXPANSION_MARKET_TRADER_ATTACHMENTS])" in market zone "Trader Zone" (pos=<6675.160645, 104.603935, 6114.155762>) and got 187.
08:24:21.707 [Market] Player "Gun" (id=dQV0MWQE63QrNRXqd-4btd7ZbIxSfqWMKo6FakQaWEs=) has sold pnc_mag_honeybadger_coupled_60rnd x1 (b9d278a0) at the trader "Attachments (Jose [#STR_EXPANSION_MARKET_TRADER_ATTACHMENTS])" in market zone "Trader Zone" (pos=<6675.160645, 104.603935, 6114.155762>) and got 187.
08:24:23.432 [Market] Player "Gun" (id=dQV0MWQE63QrNRXqd-4btd7ZbIxSfqWMKo6FakQaWEs=) has sold pnc_mag_kivaari_10rnd x1 (be77dac0) at the trader "Attachments (Jose [#STR_EXPANSION_MARKET_TRADER_ATTACHMENTS])" in market zone "Trader Zone" (pos=<6675.160645, 104.603935, 6114.155762>) and got 337.
08:24:26.483 [Market] Player "Gun" (id=dQV0MWQE63QrNRXqd-4btd7ZbIxSfqWMKo6FakQaWEs=) has sold pnc_mag_awm_5rnd x1 (be8325d0) at the trader "Attachments (Jose [#STR_EXPANSION_MARKET_TRADER_ATTACHMENTS])" in market zone "Trader Zone" (pos=<6675.160645, 104.603935, 6114.155762>) and got 375.
08:24:26.935 [Market] Player "Gun" (id=dQV0MWQE63QrNRXqd-4btd7ZbIxSfqWMKo6FakQaWEs=) has sold pnc_mag_awm_5rnd x1 (b9d2b270) at the trader "Attachments (Jose [#STR_EXPANSION_MARKET_TRADER_ATTACHMENTS])" in market zone "Trader Zone" (pos=<6675.160645, 104.603935, 6114.155762>) and got 375.
08:24:27.306 [Market] Player "Gun" (id=dQV0MWQE63QrNRXqd-4btd7ZbIxSfqWMKo6FakQaWEs=) has sold pnc_mag_awm_5rnd x1 (bead6c50) at the trader "Attachments (Jose [#STR_EXPANSION_MARKET_TRADER_ATTACHMENTS])" in market zone "Trader Zone" (pos=<6675.160645, 104.603935, 6114.155762>) and got 375.
08:24:27.804 [Market] Player "Gun" (id=dQV0MWQE63QrNRXqd-4btd7ZbIxSfqWMKo6FakQaWEs=) has sold pnc_mag_awm_5rnd x1 (beacca70) at the trader "Attachments (Jose [#STR_EXPANSION_MARKET_TRADER_ATTACHMENTS])" in market zone "Trader Zone" (pos=<6675.160645, 104.603935, 6114.155762>) and got 375.
08:24:28.722 [Market] Player "Gun" (id=dQV0MWQE63QrNRXqd-4btd7ZbIxSfqWMKo6FakQaWEs=) has sold pnc_mag_awm_5rnd x1 (beac9c30) at the trader "Attachments (Jose [#STR_EXPANSION_MARKET_TRADER_ATTACHMENTS])" in market zone "Trader Zone" (pos=<6675.160645, 104.603935, 6114.155762>) and got 375.
08:24:29.494 [Market] Player "Gun" (id=dQV0MWQE63QrNRXqd-4btd7ZbIxSfqWMKo6FakQaWEs=) has sold pnc_mag_awm_5rnd x1 (beaca7c0) at the trader "Attachments (Jose [#STR_EXPANSION_MARKET_TRADER_ATTACHMENTS])" in market zone "Trader Zone" (pos=<6675.160645, 104.603935, 6114.155762>) and got 375.
08:25:32.044 [Market] Player "Gun" (id=dQV0MWQE63QrNRXqd-4btd7ZbIxSfqWMKo6FakQaWEs=) has sold mag_glock_15rnd x1 (be8620f0) at the trader "Attachments (Jose [#STR_EXPANSION_MARKET_TRADER_ATTACHMENTS])" in market zone "Trader Zone" (pos=<6675.160645, 104.603935, 6114.155762>) and got 30.
08:25:33.574 [Market] Player "Gun" (id=dQV0MWQE63QrNRXqd-4btd7ZbIxSfqWMKo6FakQaWEs=) has sold mag_cz61_20rnd x1 (b9d1d6c0, ammo_380 x12) at the trader "Attachments (Jose [#STR_EXPANSION_MARKET_TRADER_ATTACHMENTS])" in market zone "Trader Zone" (pos=<6675.160645, 104.603935, 6114.155762>) and got 87.
08:25:35.258 [Market] Player "Gun" (id=dQV0MWQE63QrNRXqd-4btd7ZbIxSfqWMKo6FakQaWEs=) has sold pnc_moremag_cmag_30rnd_banana x1 (be7842d0) at the trader "Attachments (Jose [#STR_EXPANSION_MARKET_TRADER_ATTACHMENTS])" in market zone "Trader Zone" (pos=<6675.160645, 104.603935, 6114.155762>) and got 150.
08:25:36.133 [Market] Player "Gun" (id=dQV0MWQE63QrNRXqd-4btd7ZbIxSfqWMKo6FakQaWEs=) has sold pnc_moremag_cmag_30rnd_banana x1 (be82ec00) at the trader "Attachments (Jose [#STR_EXPANSION_MARKET_TRADER_ATTACHMENTS])" in market zone "Trader Zone" (pos=<6675.160645, 104.603935, 6114.155762>) and got 150.
08:25:37.484 [Market] Player "Gun" (id=dQV0MWQE63QrNRXqd-4btd7ZbIxSfqWMKo6FakQaWEs=) has sold mag_cz527_5rnd x1 (b9d26180) at the trader "Attachments (Jose [#STR_EXPANSION_MARKET_TRADER_ATTACHMENTS])" in market zone "Trader Zone" (pos=<6675.160645, 104.603935, 6114.155762>) and got 45.
08:25:39.039 [Market] Player "Gun" (id=dQV0MWQE63QrNRXqd-4btd7ZbIxSfqWMKo6FakQaWEs=) has sold pnc_mag_dvl_10rnd x1 (be779560) at the trader "Attachments (Jose [#STR_EXPANSION_MARKET_TRADER_ATTACHMENTS])" in market zone "Trader Zone" (pos=<6675.160645, 104.603935, 6114.155762>) and got 337.
08:25:40.010 [Market] Player "Gun" (id=dQV0MWQE63QrNRXqd-4btd7ZbIxSfqWMKo6FakQaWEs=) has sold pnc_mag_dvl_10rnd x1 (be77f1e0) at the trader "Attachments (Jose [#STR_EXPANSION_MARKET_TRADER_ATTACHMENTS])" in market zone "Trader Zone" (pos=<6675.160645, 104.603935, 6114.155762>) and got 337.
08:25:41.233 [Market] Player "Gun" (id=dQV0MWQE63QrNRXqd-4btd7ZbIxSfqWMKo6FakQaWEs=) has sold pnc_m110_mag x1 (be7738e0) at the trader "Attachments (Jose [#STR_EXPANSION_MARKET_TRADER_ATTACHMENTS])" in market zone "Trader Zone" (pos=<6675.160645, 104.603935, 6114.155762>) and got 337.
08:25:42.554 [Market] Player "Gun" (id=dQV0MWQE63QrNRXqd-4btd7ZbIxSfqWMKo6FakQaWEs=) has sold pnc_m60_mag x1 (b9d21090) at the trader "Attachments (Jose [#STR_EXPANSION_MARKET_TRADER_ATTACHMENTS])" in market zone "Trader Zone" (pos=<6675.160645, 104.603935, 6114.155762>) and got 562.
08:25:43.419 [Market] Player "Gun" (id=dQV0MWQE63QrNRXqd-4btd7ZbIxSfqWMKo6FakQaWEs=) has sold pnc_m60_mag x1 (bead0fd0) at the trader "Attachments (Jose [#STR_EXPANSION_MARKET_TRADER_ATTACHMENTS])" in market zone "Trader Zone" (pos=<6675.160645, 104.603935, 6114.155762>) and got 562.
08:25:47.368 [Market] Player "Gun" (id=dQV0MWQE63QrNRXqd-4btd7ZbIxSfqWMKo6FakQaWEs=) has sold pnc_mag_vr80_10rnd x1 (bead8370) at the trader "Attachments (Jose [#STR_EXPANSION_MARKET_TRADER_ATTACHMENTS])" in market zone "Trader Zone" (pos=<6675.160645, 104.603935, 6114.155762>) and got 150.
08:25:48.525 [Market] Player "Gun" (id=dQV0MWQE63QrNRXqd-4btd7ZbIxSfqWMKo6FakQaWEs=) has sold pnc_origin_drum_mag x1 (be431720) at the trader "Attachments (Jose [#STR_EXPANSION_MARKET_TRADER_ATTACHMENTS])" in market zone "Trader Zone" (pos=<6675.160645, 104.603935, 6114.155762>) and got 150.
08:25:54.076 [Market] Player "Gun" (id=dQV0MWQE63QrNRXqd-4btd7ZbIxSfqWMKo6FakQaWEs=) has sold pnc_fal_compensator_2 x1 (be7721c0) at the trader "Attachments (Jose [#STR_EXPANSION_MARKET_TRADER_ATTACHMENTS])" in market zone "Trader Zone" (pos=<6675.160645, 104.603935, 6114.155762>) and got 30.
08:25:59.539 [Market] Player "Gun" (id=dQV0MWQE63QrNRXqd-4btd7ZbIxSfqWMKo6FakQaWEs=) has sold pistolsuppressor x1 (be8550d0) at the trader "Attachments (Jose [#STR_EXPANSION_MARKET_TRADER_ATTACHMENTS])" in market zone "Trader Zone" (pos=<6675.160645, 104.603935, 6114.155762>) and got 11.
08:25:59.884 [Market] Player "Gun" (id=dQV0MWQE63QrNRXqd-4btd7ZbIxSfqWMKo6FakQaWEs=) has sold pistolsuppressor x1 (d16bb270) at the trader "Attachments (Jose [#STR_EXPANSION_MARKET_TRADER_ATTACHMENTS])" in market zone "Trader Zone" (pos=<6675.160645, 104.603935, 6114.155762>) and got 11.
08:26:00.598 [Market] Player "Gun" (id=dQV0MWQE63QrNRXqd-4btd7ZbIxSfqWMKo6FakQaWEs=) has sold pistolsuppressor x1 (be783740) at the trader "Attachments (Jose [#STR_EXPANSION_MARKET_TRADER_ATTACHMENTS])" in market zone "Trader Zone" (pos=<6675.160645, 104.603935, 6114.155762>) and got 11.
08:26:17.950 [Market] Player "Gun" (id=dQV0MWQE63QrNRXqd-4btd7ZbIxSfqWMKo6FakQaWEs=) has sold mag_cz75_15rnd x1 (be77a0f0) at the trader "Attachments (Jose [#STR_EXPANSION_MARKET_TRADER_ATTACHMENTS])" in market zone "Trader Zone" (pos=<6675.160645, 104.603935, 6114.155762>) and got 30.
08:26:18.397 [Market] Player "Gun" (id=dQV0MWQE63QrNRXqd-4btd7ZbIxSfqWMKo6FakQaWEs=) has sold mag_cz75_15rnd x1 (be782020) at the trader "Attachments (Jose [#STR_EXPANSION_MARKET_TRADER_ATTACHMENTS])" in market zone "Trader Zone" (pos=<6675.160645, 104.603935, 6114.155762>) and got 30.
08:26:18.810 [Market] Player "Gun" (id=dQV0MWQE63QrNRXqd-4btd7ZbIxSfqWMKo6FakQaWEs=) has sold mag_cz75_15rnd x1 (be782bb0) at the trader "Attachments (Jose [#STR_EXPANSION_MARKET_TRADER_ATTACHMENTS])" in market zone "Trader Zone" (pos=<6675.160645, 104.603935, 6114.155762>) and got 30.
08:26:21.800 [Market] Player "Gun" (id=dQV0MWQE63QrNRXqd-4btd7ZbIxSfqWMKo6FakQaWEs=) has sold fnp45_mrdsoptic x1 (9bab7090) at the trader "Attachments (Jose [#STR_EXPANSION_MARKET_TRADER_ATTACHMENTS])" in market zone "Trader Zone" (pos=<6675.160645, 104.603935, 6114.155762>) and got 187.
08:26:23.555 [Market] Player "Gun" (id=dQV0MWQE63QrNRXqd-4btd7ZbIxSfqWMKo6FakQaWEs=) has sold m4_t3nrdsoptic x1 (bcce9a10) at the trader "Attachments (Jose [#STR_EXPANSION_MARKET_TRADER_ATTACHMENTS])" in market zone "Trader Zone" (pos=<6675.160645, 104.603935, 6114.155762>) and got 375.
08:26:24.228 [Market] Player "Gun" (id=dQV0MWQE63QrNRXqd-4btd7ZbIxSfqWMKo6FakQaWEs=) has sold m4_t3nrdsoptic x1 (9bab1c20) at the trader "Attachments (Jose [#STR_EXPANSION_MARKET_TRADER_ATTACHMENTS])" in market zone "Trader Zone" (pos=<6675.160645, 104.603935, 6114.155762>) and got 375.
08:26:25.689 [Market] Player "Gun" (id=dQV0MWQE63QrNRXqd-4btd7ZbIxSfqWMKo6FakQaWEs=) has sold huntingoptic x1 (9bab4050) at the trader "Attachments (Jose [#STR_EXPANSION_MARKET_TRADER_ATTACHMENTS])" in market zone "Trader Zone" (pos=<6675.160645, 104.603935, 6114.155762>) and got 750.
08:27:14.852 [Market] Player "Gun" (id=dQV0MWQE63QrNRXqd-4btd7ZbIxSfqWMKo6FakQaWEs=) has sold universallight x1 (b9d23340) at the trader "Attachments (Jose [#STR_EXPANSION_MARKET_TRADER_ATTACHMENTS])" in market zone "Trader Zone" (pos=<6675.160645, 104.603935, 6114.155762>) and got 90.
08:32:55.189 [Market] Player "Gun" (id=dQV0MWQE63QrNRXqd-4btd7ZbIxSfqWMKo6FakQaWEs=) has bought orientalmachete x1 (59a57b0) from the trader "Weapons (Denis [#STR_EXPANSION_MARKET_TRADER_WEAPONS])" in market zone "Trader Zone" (pos=<6675.160645, 104.603935, 6114.155762>) for a price of 12.
08:33:52.161 [Market] Player "Gun" (id=dQV0MWQE63QrNRXqd-4btd7ZbIxSfqWMKo6FakQaWEs=) has bought machete x1 (9b4e05c0) from the trader "Weapons (Denis [#STR_EXPANSION_MARKET_TRADER_WEAPONS])" in market zone "Trader Zone" (pos=<6675.160645, 104.603935, 6114.155762>) for a price of 12.
08:33:57.929 [Market] Player "Gun" (id=dQV0MWQE63QrNRXqd-4btd7ZbIxSfqWMKo6FakQaWEs=) has sold orientalmachete x1 (59a57b0) at the trader "Weapons (Denis [#STR_EXPANSION_MARKET_TRADER_WEAPONS])" in market zone "Trader Zone" (pos=<6675.160645, 104.603935, 6114.155762>) and got 9.
08:34:42.614 [Market] Player "Gun" (id=dQV0MWQE63QrNRXqd-4btd7ZbIxSfqWMKo6FakQaWEs=) has bought pnc_origin_bttstck x1 (d3087c60) from the trader "Attachments (Jose [#STR_EXPANSION_MARKET_TRADER_ATTACHMENTS])" in market zone "Trader Zone" (pos=<6675.160645, 104.603935, 6114.155762>) for a price of 150.
08:35:39.563 [Market] Player "Gun" (id=dQV0MWQE63QrNRXqd-4btd7ZbIxSfqWMKo6FakQaWEs=) has bought pnc_mag_pkp_200rnd x1 (c89aa1b0, ammo_762x54 x200) from the trader "Attachments (Jose [#STR_EXPANSION_MARKET_TRADER_ATTACHMENTS])" in market zone "Trader Zone" (pos=<6675.160645, 104.603935, 6114.155762>) for a price of 1000.
08:35:40.325 [Market] Player "Gun" (id=dQV0MWQE63QrNRXqd-4btd7ZbIxSfqWMKo6FakQaWEs=) has bought pnc_mag_pkp_200rnd x1 (c89aad40, ammo_762x54 x200) from the trader "Attachments (Jose [#STR_EXPANSION_MARKET_TRADER_ATTACHMENTS])" in market zone "Trader Zone" (pos=<6675.160645, 104.603935, 6114.155762>) for a price of 1000.
08:36:24.896 [Market] Player "Gun" (id=dQV0MWQE63QrNRXqd-4btd7ZbIxSfqWMKo6FakQaWEs=) has bought pnc_suppressor_308win x1 (c6ee3b40) from the trader "Attachments (Jose [#STR_EXPANSION_MARKET_TRADER_ATTACHMENTS])" in market zone "Trader Zone" (pos=<6675.160645, 104.603935, 6114.155762>) for a price of 50.
08:36:33.975 [Market] Player "Gun" (id=dQV0MWQE63QrNRXqd-4btd7ZbIxSfqWMKo6FakQaWEs=) has bought pnc_suppressor_556mm x1 (c6ee2420) from the trader "Attachments (Jose [#STR_EXPANSION_MARKET_TRADER_ATTACHMENTS])" in market zone "Trader Zone" (pos=<6675.160645, 104.603935, 6114.155762>) for a price of 35.
08:36:51.098 [Market] Player "Gun" (id=dQV0MWQE63QrNRXqd-4btd7ZbIxSfqWMKo6FakQaWEs=) has bought pnc_suppressor_556mm_2 x1 (c6ef50c0) from the trader "Attachments (Jose [#STR_EXPANSION_MARKET_TRADER_ATTACHMENTS])" in market zone "Trader Zone" (pos=<6675.160645, 104.603935, 6114.155762>) for a price of 35.
08:38:01.599 [Market] Player "Gun" (id=dQV0MWQE63QrNRXqd-4btd7ZbIxSfqWMKo6FakQaWEs=) has bought reflexoptic x1 (d15decc0, Battery9V<ce72d1d0>) from the trader "Attachments (Jose [#STR_EXPANSION_MARKET_TRADER_ATTACHMENTS])" in market zone "Trader Zone" (pos=<6675.160645, 104.603935, 6114.155762>) for a price of 160.
08:38:19.712 [Market] Player "Gun" (id=dQV0MWQE63QrNRXqd-4btd7ZbIxSfqWMKo6FakQaWEs=) has bought battery9v x1 (d1858d00) from the trader "Components (Cyril [#STR_EXPANSION_MARKET_TRADER_COMPONENTS])" in market zone "Trader Zone" (pos=<6675.160645, 104.603935, 6114.155762>) for a price of 10.
08:38:20.277 [Market] Player "Gun" (id=dQV0MWQE63QrNRXqd-4btd7ZbIxSfqWMKo6FakQaWEs=) has bought battery9v x1 (d185f510) from the trader "Components (Cyril [#STR_EXPANSION_MARKET_TRADER_COMPONENTS])" in market zone "Trader Zone" (pos=<6675.160645, 104.603935, 6114.155762>) for a price of 10.
08:38:21.475 [Market] Player "Gun" (id=dQV0MWQE63QrNRXqd-4btd7ZbIxSfqWMKo6FakQaWEs=) has bought battery9v x1 (d186dc50) from the trader "Components (Cyril [#STR_EXPANSION_MARKET_TRADER_COMPONENTS])" in market zone "Trader Zone" (pos=<6675.160645, 104.603935, 6114.155762>) for a price of 10.
08:38:23.568 [Market] Player "Gun" (id=dQV0MWQE63QrNRXqd-4btd7ZbIxSfqWMKo6FakQaWEs=) has bought battery9v x1 (d1863a70) from the trader "Components (Cyril [#STR_EXPANSION_MARKET_TRADER_COMPONENTS])" in market zone "Trader Zone" (pos=<6675.160645, 104.603935, 6114.155762>) for a price of 10.
08:38:49.346 [Market] Player "Gun" (id=dQV0MWQE63QrNRXqd-4btd7ZbIxSfqWMKo6FakQaWEs=) has bought portablegasstove x1 (d1bbc590, MediumGasCanister<4dd1a30>) from the trader "Components (Cyril [#STR_EXPANSION_MARKET_TRADER_COMPONENTS])" in market zone "Trader Zone" (pos=<6675.160645, 104.603935, 6114.155762>) for a price of 130.
08:39:23.681 [Market] Player "Gun" (id=dQV0MWQE63QrNRXqd-4btd7ZbIxSfqWMKo6FakQaWEs=) has sold portablegasstove x1 (d1bba160) at the trader "Components (Cyril [#STR_EXPANSION_MARKET_TRADER_COMPONENTS])" in market zone "Trader Zone" (pos=<6675.160645, 104.603935, 6114.155762>) and got 5.
08:40:16.514 [Market] Player "Gun" (id=dQV0MWQE63QrNRXqd-4btd7ZbIxSfqWMKo6FakQaWEs=) has bought ducttape x1 (c8cd85e0) from the trader "Components (Cyril [#STR_EXPANSION_MARKET_TRADER_COMPONENTS])" in market zone "Trader Zone" (pos=<6675.160645, 104.603935, 6114.155762>) for a price of 20.
08:40:17.045 [Market] Player "Gun" (id=dQV0MWQE63QrNRXqd-4btd7ZbIxSfqWMKo6FakQaWEs=) has bought ducttape x1 (c8cd1240) from the trader "Components (Cyril [#STR_EXPANSION_MARKET_TRADER_COMPONENTS])" in market zone "Trader Zone" (pos=<6675.160645, 104.603935, 6114.155762>) for a price of 20.
08:40:18.148 [Market] Player "Gun" (id=dQV0MWQE63QrNRXqd-4btd7ZbIxSfqWMKo6FakQaWEs=) has bought ducttape x1 (c8cd2960) from the trader "Components (Cyril [#STR_EXPANSION_MARKET_TRADER_COMPONENTS])" in market zone "Trader Zone" (pos=<6675.160645, 104.603935, 6114.155762>) for a price of 20.
08:40:40.767 [Market] Player "Gun" (id=dQV0MWQE63QrNRXqd-4btd7ZbIxSfqWMKo6FakQaWEs=) has bought largegascanister x1 (bc3e7630) from the trader "Components (Cyril [#STR_EXPANSION_MARKET_TRADER_COMPONENTS])" in market zone "Trader Zone" (pos=<6675.160645, 104.603935, 6114.155762>) for a price of 200.
08:41:00.483 [Market] Player "Gun" (id=dQV0MWQE63QrNRXqd-4btd7ZbIxSfqWMKo6FakQaWEs=) has sold mediumgascanister x1 (4dd1a30) at the trader "Components (Cyril [#STR_EXPANSION_MARKET_TRADER_COMPONENTS])" in market zone "Trader Zone" (pos=<6675.160645, 104.603935, 6114.155762>) and got 75.
08:41:51.660 [Market] Player "Gun" (id=dQV0MWQE63QrNRXqd-4btd7ZbIxSfqWMKo6FakQaWEs=) has sold canopener x1 (20e8c240) at the trader "Components (Cyril [#STR_EXPANSION_MARKET_TRADER_COMPONENTS])" in market zone "Trader Zone" (pos=<6675.160645, 104.603935, 6114.155762>) and got 3.
08:41:53.679 [Market] Player "Gun" (id=dQV0MWQE63QrNRXqd-4btd7ZbIxSfqWMKo6FakQaWEs=) has bought canopener x1 (c4df89c0) from the trader "Components (Cyril [#STR_EXPANSION_MARKET_TRADER_COMPONENTS])" in market zone "Trader Zone" (pos=<6675.160645, 104.603935, 6114.155762>) for a price of 10.
08:42:24.975 [VehicleDeleted] Old_Bike (id=EC09235C2149DF8199048F9763A096B0 pos=<6679.34, 102.49, 6109.84>)
08:43:57.790 [Market] Player "Gun" (id=dQV0MWQE63QrNRXqd-4btd7ZbIxSfqWMKo6FakQaWEs=) has bought nvgheadstrap x1 (d2168ce0) from the trader "Clothing (Naomi [#STR_EXPANSION_MARKET_TRADER_CLOTHING])" in market zone "Trader Zone" (pos=<6675.160645, 104.603935, 6114.155762>) for a price of 200.
08:44:42.844 [Market] Player "Gun" (id=dQV0MWQE63QrNRXqd-4btd7ZbIxSfqWMKo6FakQaWEs=) has bought had_camonetponcho x1 (254606c0) from the trader "Clothing (Naomi [#STR_EXPANSION_MARKET_TRADER_CLOTHING])" in market zone "Trader Zone" (pos=<6675.160645, 104.603935, 6114.155762>) for a price of 5000.
08:46:33.216 [Market] Player "Gun" (id=dQV0MWQE63QrNRXqd-4btd7ZbIxSfqWMKo6FakQaWEs=) has bought maskac2_camonetponcho x1 (537794d0) from the trader "Clothing (Naomi [#STR_EXPANSION_MARKET_TRADER_CLOTHING])" in market zone "Trader Zone" (pos=<6675.160645, 104.603935, 6114.155762>) for a price of 5000.
08:47:03.509 [Safezone] Player "ICanSmellYou" (id=m_TD03B4NXDQrU5koHpLq3WyQf1hXTvQSdETJOTM8ss= pos=<6679.69, 102.5, 6107.78>) entered the safezone
08:47:03.509 [Party] Player "ICanSmellYou" (id=m_TD03B4NXDQrU5koHpLq3WyQf1hXTvQSdETJOTM8ss=) joinded the party "AURRRRRRORA" (id=1 ownerUID=m_TD03B4NXDQrU5koHpLq3WyQf1hXTvQSdETJOTM8ss= ownerName=F11 Simulator)
08:47:41.461 [Market] Player "Gun" (id=dQV0MWQE63QrNRXqd-4btd7ZbIxSfqWMKo6FakQaWEs=) has bought platecarriervest_black x1 (eda24410) from the trader "Clothing (Naomi [#STR_EXPANSION_MARKET_TRADER_CLOTHING])" in market zone "Trader Zone" (pos=<6675.160645, 104.603935, 6114.155762>) for a price of 250.
08:47:51.334 [Market] Player "Gun" (id=dQV0MWQE63QrNRXqd-4btd7ZbIxSfqWMKo6FakQaWEs=) has bought platecarrierpouches_black x1 (eda1d070) from the trader "Clothing (Naomi [#STR_EXPANSION_MARKET_TRADER_CLOTHING])" in market zone "Trader Zone" (pos=<6675.160645, 104.603935, 6114.155762>) for a price of 100.
08:48:01.955 [Market] Player "Gun" (id=dQV0MWQE63QrNRXqd-4btd7ZbIxSfqWMKo6FakQaWEs=) has bought platecarrierholster_black x2 (d1e5d9c0) from the trader "Clothing (Naomi [#STR_EXPANSION_MARKET_TRADER_CLOTHING])" in market zone "Trader Zone" (pos=<6675.160645, 104.603935, 6114.155762>) for a price of 120.
08:48:34.367 [Safezone] Player "{1:name}" (id={1:id} pos={1:position}) left the safezone
08:49:25.752 [Market] Player "Gun" (id=dQV0MWQE63QrNRXqd-4btd7ZbIxSfqWMKo6FakQaWEs=) has sold platecarrierholster x1 (be7859f0) at the trader "Clothing (Naomi [#STR_EXPANSION_MARKET_TRADER_CLOTHING])" in market zone "Trader Zone" (pos=<6675.160645, 104.603935, 6114.155762>) and got 45.
08:49:28.635 [Market] Player "Gun" (id=dQV0MWQE63QrNRXqd-4btd7ZbIxSfqWMKo6FakQaWEs=) has sold platecarrierholster_camo x1 (20e84310) at the trader "Clothing (Naomi [#STR_EXPANSION_MARKET_TRADER_CLOTHING])" in market zone "Trader Zone" (pos=<6675.160645, 104.603935, 6114.155762>) and got 60.
08:49:29.336 [Market] Player "Gun" (id=dQV0MWQE63QrNRXqd-4btd7ZbIxSfqWMKo6FakQaWEs=) has sold platecarrierholster_camo x1 (20e9c0a0) at the trader "Clothing (Naomi [#STR_EXPANSION_MARKET_TRADER_CLOTHING])" in market zone "Trader Zone" (pos=<6675.160645, 104.603935, 6114.155762>) and got 60.
08:49:30.787 [Market] Player "Gun" (id=dQV0MWQE63QrNRXqd-4btd7ZbIxSfqWMKo6FakQaWEs=) has sold platecarrierpouches_camo x1 (20e9a980) at the trader "Clothing (Naomi [#STR_EXPANSION_MARKET_TRADER_CLOTHING])" in market zone "Trader Zone" (pos=<6675.160645, 104.603935, 6114.155762>) and got 90.
08:49:34.605 [Market] Player "Gun" (id=dQV0MWQE63QrNRXqd-4btd7ZbIxSfqWMKo6FakQaWEs=) has sold platecarriervest_camo x1 (20e935e0) at the trader "Clothing (Naomi [#STR_EXPANSION_MARKET_TRADER_CLOTHING])" in market zone "Trader Zone" (pos=<6675.160645, 104.603935, 6114.155762>) and got 206.
08:51:20.798 [Safezone] Player "ICanSmellYou" (id=m_TD03B4NXDQrU5koHpLq3WyQf1hXTvQSdETJOTM8ss= pos=<6674.88, 102.49, 6117.92>) entered the safezone
08:52:59.327 [Safezone] Player "{1:name}" (id={1:id} pos={1:position}) left the safezone
08:54:28.665 [Party] Player "ICanSmellYou" (id=m_TD03B4NXDQrU5koHpLq3WyQf1hXTvQSdETJOTM8ss=) left the party "AURRRRRRORA" (id=1 ownerUID=m_TD03B4NXDQrU5koHpLq3WyQf1hXTvQSdETJOTM8ss= ownerName=F11 Simulator)
08:54:58.490 [Market] Player "Gun" (id=dQV0MWQE63QrNRXqd-4btd7ZbIxSfqWMKo6FakQaWEs=) has bought gasmask_filter x1 (fee65440) from the trader "Clothing (Naomi [#STR_EXPANSION_MARKET_TRADER_CLOTHING])" in market zone "Trader Zone" (pos=<6675.160645, 104.603935, 6114.155762>) for a price of 1000.
08:55:00.542 [Market] Player "Gun" (id=dQV0MWQE63QrNRXqd-4btd7ZbIxSfqWMKo6FakQaWEs=) has bought gasmask_filter x1 (fee68280) from the trader "Clothing (Naomi [#STR_EXPANSION_MARKET_TRADER_CLOTHING])" in market zone "Trader Zone" (pos=<6675.160645, 104.603935, 6114.155762>) for a price of 1000.
08:55:02.582 [Market] Player "Gun" (id=dQV0MWQE63QrNRXqd-4btd7ZbIxSfqWMKo6FakQaWEs=) has bought gasmask_filter x1 (fee65fd0) from the trader "Clothing (Naomi [#STR_EXPANSION_MARKET_TRADER_CLOTHING])" in market zone "Trader Zone" (pos=<6675.160645, 104.603935, 6114.155762>) for a price of 1000.
08:55:07.625 [Market] Player "Gun" (id=dQV0MWQE63QrNRXqd-4btd7ZbIxSfqWMKo6FakQaWEs=) has bought st_deadshotmask x1 (fee70d40) from the trader "Clothing (Naomi [#STR_EXPANSION_MARKET_TRADER_CLOTHING])" in market zone "Trader Zone" (pos=<6675.160645, 104.603935, 6114.155762>) for a price of 100.
08:55:13.861 [Market] Player "Gun" (id=dQV0MWQE63QrNRXqd-4btd7ZbIxSfqWMKo6FakQaWEs=) has bought airbornemask x1 (d2eb1b50) from the trader "Clothing (Naomi [#STR_EXPANSION_MARKET_TRADER_CLOTHING])" in market zone "Trader Zone" (pos=<6675.160645, 104.603935, 6114.155762>) for a price of 200.
08:56:37.929 [Market] Player "Gun" (id=dQV0MWQE63QrNRXqd-4btd7ZbIxSfqWMKo6FakQaWEs=) has bought charcoaltablets x1 (171871a0) from the trader "Medicals (Mirek [#STR_EXPANSION_MARKET_TRADER_MEDICALS])" in market zone "Trader Zone" (pos=<6675.160645, 104.603935, 6114.155762>) for a price of 2.
08:56:38.872 [Market] Player "Gun" (id=dQV0MWQE63QrNRXqd-4btd7ZbIxSfqWMKo6FakQaWEs=) has bought charcoaltablets x1 (17185980) from the trader "Medicals (Mirek [#STR_EXPANSION_MARKET_TRADER_MEDICALS])" in market zone "Trader Zone" (pos=<6675.160645, 104.603935, 6114.155762>) for a price of 2.
08:56:39.518 [Market] Player "Gun" (id=dQV0MWQE63QrNRXqd-4btd7ZbIxSfqWMKo6FakQaWEs=) has bought charcoaltablets x1 (17196ef0) from the trader "Medicals (Mirek [#STR_EXPANSION_MARKET_TRADER_MEDICALS])" in market zone "Trader Zone" (pos=<6675.160645, 104.603935, 6114.155762>) for a price of 2.
08:56:40.117 [Market] Player "Gun" (id=dQV0MWQE63QrNRXqd-4btd7ZbIxSfqWMKo6FakQaWEs=) has bought charcoaltablets x1 (17193eb0) from the trader "Medicals (Mirek [#STR_EXPANSION_MARKET_TRADER_MEDICALS])" in market zone "Trader Zone" (pos=<6675.160645, 104.603935, 6114.155762>) for a price of 2.
08:56:53.978 [Market] Player "Gun" (id=dQV0MWQE63QrNRXqd-4btd7ZbIxSfqWMKo6FakQaWEs=) has bought charcoaltablets x1 (17197b00) from the trader "Medicals (Mirek [#STR_EXPANSION_MARKET_TRADER_MEDICALS])" in market zone "Trader Zone" (pos=<6675.160645, 104.603935, 6114.155762>) for a price of 2.
08:56:56.399 [Market] Player "Gun" (id=dQV0MWQE63QrNRXqd-4btd7ZbIxSfqWMKo6FakQaWEs=) has bought charcoaltablets x1 (b7916cf0) from the trader "Medicals (Mirek [#STR_EXPANSION_MARKET_TRADER_MEDICALS])" in market zone "Trader Zone" (pos=<6675.160645, 104.603935, 6114.155762>) for a price of 2.
08:57:00.154 [Market] Player "Gun" (id=dQV0MWQE63QrNRXqd-4btd7ZbIxSfqWMKo6FakQaWEs=) has bought anticheminjector x1 (b5402af0) from the trader "Medicals (Mirek [#STR_EXPANSION_MARKET_TRADER_MEDICALS])" in market zone "Trader Zone" (pos=<6675.160645, 104.603935, 6114.155762>) for a price of 100.
08:57:03.356 [Market] Player "Gun" (id=dQV0MWQE63QrNRXqd-4btd7ZbIxSfqWMKo6FakQaWEs=) has bought vitaminbottle x1 (b79221e0) from the trader "Medicals (Mirek [#STR_EXPANSION_MARKET_TRADER_MEDICALS])" in market zone "Trader Zone" (pos=<6675.160645, 104.603935, 6114.155762>) for a price of 6.
08:57:07.425 [Market] Player "Gun" (id=dQV0MWQE63QrNRXqd-4btd7ZbIxSfqWMKo6FakQaWEs=) has bought bandagedressing x1 (b53c9980) from the trader "Medicals (Mirek [#STR_EXPANSION_MARKET_TRADER_MEDICALS])" in market zone "Trader Zone" (pos=<6675.160645, 104.603935, 6114.155762>) for a price of 3.
08:57:07.890 [Market] Player "Gun" (id=dQV0MWQE63QrNRXqd-4btd7ZbIxSfqWMKo6FakQaWEs=) has bought bandagedressing x1 (b53cb0a0) from the trader "Medicals (Mirek [#STR_EXPANSION_MARKET_TRADER_MEDICALS])" in market zone "Trader Zone" (pos=<6675.160645, 104.603935, 6114.155762>) for a price of 3.
08:57:10.603 [Market] Player "Gun" (id=dQV0MWQE63QrNRXqd-4btd7ZbIxSfqWMKo6FakQaWEs=) has bought purificationtablets x1 (b7934360) from the trader "Medicals (Mirek [#STR_EXPANSION_MARKET_TRADER_MEDICALS])" in market zone "Trader Zone" (pos=<6675.160645, 104.603935, 6114.155762>) for a price of 5.
08:57:41.086 [Market] Player "Gun" (id=dQV0MWQE63QrNRXqd-4btd7ZbIxSfqWMKo6FakQaWEs=) has bought canteen x1 (d15c9b00) from the trader "Consumables (Linda [#STR_EXPANSION_MARKET_TRADER_CONSUMABLES])" in market zone "Trader Zone" (pos=<6675.160645, 104.603935, 6114.155762>) for a price of 18.
08:57:42.503 [Market] Player "Gun" (id=dQV0MWQE63QrNRXqd-4btd7ZbIxSfqWMKo6FakQaWEs=) has bought canteen x1 (d15d13a0) from the trader "Consumables (Linda [#STR_EXPANSION_MARKET_TRADER_CONSUMABLES])" in market zone "Trader Zone" (pos=<6675.160645, 104.603935, 6114.155762>) for a price of 18.
08:58:44.670 [Market] Player "Gun" (id=dQV0MWQE63QrNRXqd-4btd7ZbIxSfqWMKo6FakQaWEs=) has sold canteen x1 (d15d13a0) at the trader "Consumables (Linda [#STR_EXPANSION_MARKET_TRADER_CONSUMABLES])" in market zone "Trader Zone" (pos=<6675.160645, 104.603935, 6114.155762>) and got 3.
08:59:02.691 [Market] Player "Gun" (id=dQV0MWQE63QrNRXqd-4btd7ZbIxSfqWMKo6FakQaWEs=) has sold smallprotectorcase x1 (b4ac75f0) at the trader "BuildingSupplies (Boris [#STR_EXPANSION_MARKET_TRADER_BUILDING_SUPPLIES])" in market zone "Trader Zone" (pos=<6675.160645, 104.603935, 6114.155762>) and got 13.
08:59:35.896 [MissionAirdrop] An airdrop is heading towards "Oneida" (pos=<2112.001953, 0.000000, 6058.072266> type=Random_Oneida) with a ExpansionAirdropContainer_Military
09:00:14.527 [Market] Player "Gun" (id=dQV0MWQE63QrNRXqd-4btd7ZbIxSfqWMKo6FakQaWEs=) has bought expansionsafelarge x1 (cca920e0) from the trader "BuildingSupplies (Boris [#STR_EXPANSION_MARKET_TRADER_BUILDING_SUPPLIES])" in market zone "Trader Zone" (pos=<6675.160645, 104.603935, 6114.155762>) for a price of 8000.
09:01:16.151 [Market] Player "Gun" (id=dQV0MWQE63QrNRXqd-4btd7ZbIxSfqWMKo6FakQaWEs=) has bought expansionstove x1 (c739ce10) from the trader "BuildingSupplies (Boris [#STR_EXPANSION_MARKET_TRADER_BUILDING_SUPPLIES])" in market zone "Trader Zone" (pos=<6675.160645, 104.603935, 6114.155762>) for a price of 1500.
09:02:00.275 [ATM] Player "Gun" (id=dQV0MWQE63QrNRXqd-4btd7ZbIxSfqWMKo6FakQaWEs=) has deposited 11276 on his ATM account.
09:02:24.244 [Market] Player "Gun" (id=dQV0MWQE63QrNRXqd-4btd7ZbIxSfqWMKo6FakQaWEs=) has sold pickaxe x1 (b5107db0) at the trader "Components (Cyril [#STR_EXPANSION_MARKET_TRADER_COMPONENTS])" in market zone "Trader Zone" (pos=<6675.160645, 104.603935, 6114.155762>) and got 7.
09:02:33.879 [ATM] Player "Gun" (id=dQV0MWQE63QrNRXqd-4btd7ZbIxSfqWMKo6FakQaWEs=) has deposited 7 on his ATM account.
09:03:17.655 [VehicleEnter] Player "Gun" (id=dQV0MWQE63QrNRXqd-4btd7ZbIxSfqWMKo6FakQaWEs=) entered vehicle Bicycle (id=EB64C399B34E98DB7FFDDE9D789AE5FF pos=<6671.35, 102.49, 6130.56>) as driver
09:03:36.152 [VehicleLeave] Player "Gun" (id=dQV0MWQE63QrNRXqd-4btd7ZbIxSfqWMKo6FakQaWEs=) left vehicle Bicycle (id=EB64C399B34E98DB7FFDDE9D789AE5FF pos=<6652.62, 102.49, 6106.14>)
09:03:43.586 [VehicleEnter] Player "Gun" (id=dQV0MWQE63QrNRXqd-4btd7ZbIxSfqWMKo6FakQaWEs=) entered vehicle Bicycle (id=EB64C399B34E98DB7FFDDE9D789AE5FF pos=<6652.62, 102.49, 6106.14>) as driver
09:04:19.692 [Safezone] Player "{1:name}" (id={1:id} pos={1:position}) left the safezone
09:06:03.439 [VehicleLeave] Player "Gun" (id=dQV0MWQE63QrNRXqd-4btd7ZbIxSfqWMKo6FakQaWEs=) left vehicle Bicycle (id=EB64C399B34E98DB7FFDDE9D789AE5FF pos=<6113.15, 188.67, 6064.75>)
09:06:08.047 [VehicleDeleted] Old_Bike (id=EB64C399B34E98DB7FFDDE9D789AE5FF pos=<6113.15, 188.67, 6064.75>)
09:06:17.255 [VehicleEnter] Player "Gun" (id=dQV0MWQE63QrNRXqd-4btd7ZbIxSfqWMKo6FakQaWEs=) entered vehicle Bicycle (id=F0528EF99247847F7DAF70ACC702FBC2 pos=<6114.82, 188.54, 6065.81>) as driver
09:09:52.339 [VehicleLeave] Player "Gun" (id=dQV0MWQE63QrNRXqd-4btd7ZbIxSfqWMKo6FakQaWEs=) left vehicle Bicycle (id=F0528EF99247847F7DAF70ACC702FBC2 pos=<4710.65, 175.13, 6739.14>)
09:10:00.176 [VehicleEnter] Player "Gun" (id=dQV0MWQE63QrNRXqd-4btd7ZbIxSfqWMKo6FakQaWEs=) entered vehicle Bicycle (id=F0528EF99247847F7DAF70ACC702FBC2 pos=<4710.65, 175.13, 6739.14>) as driver
09:13:48.963 [VehicleLeave] Player "Gun" (id=dQV0MWQE63QrNRXqd-4btd7ZbIxSfqWMKo6FakQaWEs=) left vehicle Bicycle (id=F0528EF99247847F7DAF70ACC702FBC2 pos=<3315.64, 173.36, 6676.07>)
09:13:58.767 [VehicleDeleted] Old_Bike (id=F0528EF99247847F7DAF70ACC702FBC2 pos=<3315.64, 173.36, 6676.07>)
09:16:25.967 [BaseRaiding] ExpansionSafeLarge (<3309.006348, 173.587967, 6686.078125>) Code set by "player "Gun" (ID = "dQV0MWQE63QrNRXqd-4btd7ZbIxSfqWMKo6FakQaWEs=" at <3310.186035, 173.587891, 6685.702637>)" and the code is 7128
09:22:12.216 [VehicleDeleted] Old_Bike (id=942ADDC7E144A7D7D64003B3E1B87E7B pos=<3315.42, 173.56, 6683.82>)
