15:25:33.761 [Safezone] Player "Hossi" (id=e7mF0CMT_KUl9StZIPWzckIgQ3lH3lcsohAj3aA5lJE= pos=<6683.48, 102.58, 6078.2>) entered the safezone
15:26:15.511 [Safezone] Player "nasse" (id=dmbJP8NvI3U2uK2x7fvjt3rBpBYGO5-qdmz57jOe_To= pos=<6684.73, 102.59, 6076.97>) entered the safezone
15:28:04.152 [Party] Player "PatMax" (id=jiSboo32SQZAMp7VxNNFwsMUk2-s3fPPrck_5xKkgu0=) joinded the party "Nasse" (id=18 ownerUID=jiSboo32SQZAMp7VxNNFwsMUk2-s3fPPrck_5xKkgu0= ownerName=PatMax)
15:28:24.718 [Safezone] Player "{1:name}" (id={1:id} pos={1:position}) left the safezone
15:29:29.316 [Safezone] Player "{1:name}" (id={1:id} pos={1:position}) left the safezone
16:20:55.968 [Party] Player "PatMax" (id=jiSboo32SQZAMp7VxNNFwsMUk2-s3fPPrck_5xKkgu0=) invited the player "Hossi" (id=e7mF0CMT_KUl9StZIPWzckIgQ3lH3lcsohAj3aA5lJE=)to the party named Nasse
16:21:00.007 [Party] Player "PatMax" (id=jiSboo32SQZAMp7VxNNFwsMUk2-s3fPPrck_5xKkgu0=) invited the player "nasse" (id=dmbJP8NvI3U2uK2x7fvjt3rBpBYGO5-qdmz57jOe_To=)to the party named Nasse
16:21:06.968 [Party] Player "nasse" (id=dmbJP8NvI3U2uK2x7fvjt3rBpBYGO5-qdmz57jOe_To=) joinded the party "Nasse" (id=18 ownerUID=jiSboo32SQZAMp7VxNNFwsMUk2-s3fPPrck_5xKkgu0= ownerName=PatMax)
16:21:17.367 [Party] Player "Hossi" (id=e7mF0CMT_KUl9StZIPWzckIgQ3lH3lcsohAj3aA5lJE=) joinded the party "Nasse" (id=18 ownerUID=jiSboo32SQZAMp7VxNNFwsMUk2-s3fPPrck_5xKkgu0= ownerName=PatMax)
17:38:46.257 [Killfeed] [PALLI] Hossi commited suicide with AWM.
17:39:06.300 [Party] Player "Hossi" (id=e7mF0CMT_KUl9StZIPWzckIgQ3lH3lcsohAj3aA5lJE=) left the party "Nasse" (id=18 ownerUID=jiSboo32SQZAMp7VxNNFwsMUk2-s3fPPrck_5xKkgu0= ownerName=PatMax)
17:39:07.882 [Killfeed] [PALLI] nasse was killed by an explosion caused by 6-M7 Frag Grenade.
17:39:07.882 [Killfeed] [PALLI] PatMax was killed by an explosion caused by 6-M7 Frag Grenade.
17:39:07.886 [Killfeed] Survivor was killed by an explosion caused by 6-M7 Frag Grenade.
17:39:07.886 [Killfeed] [PALLI] PatMax was killed by an explosion caused by 6-M7 Frag Grenade.
17:39:21.000 [Party] Player "nasse" (id=dmbJP8NvI3U2uK2x7fvjt3rBpBYGO5-qdmz57jOe_To=) left the party "Nasse" (id=18 ownerUID=jiSboo32SQZAMp7VxNNFwsMUk2-s3fPPrck_5xKkgu0= ownerName=PatMax)
17:39:43.132 [Party] Player "PatMax" (id=jiSboo32SQZAMp7VxNNFwsMUk2-s3fPPrck_5xKkgu0=) left the party "Nasse" (id=18 ownerUID=jiSboo32SQZAMp7VxNNFwsMUk2-s3fPPrck_5xKkgu0= ownerName=PatMax)
18:02:40.539 [Safezone] Player "Roam Jenson" (id=frclhQGSbmussfaaohIfYLsIajOW8_O57j7ATxHZZO0= pos=<6624.66, 135.6, 6029.21>) entered the safezone
18:04:48.210 [Market] Player "Roam Jenson" (id=frclhQGSbmussfaaohIfYLsIajOW8_O57j7ATxHZZO0=) has sold kashtanoptic x1 (21032b00) at the trader "Attachments (Jose [#STR_EXPANSION_MARKET_TRADER_ATTACHMENTS])" in market zone "Trader Zone" (pos=<6675.160645, 104.603935, 6114.155762>) and got 131.
18:06:03.980 [Party] Player "PatMax" (id=jiSboo32SQZAMp7VxNNFwsMUk2-s3fPPrck_5xKkgu0=) joinded the party "Nasse" (id=18 ownerUID=jiSboo32SQZAMp7VxNNFwsMUk2-s3fPPrck_5xKkgu0= ownerName=PatMax)
18:06:08.894 [Market] Player "Roam Jenson" (id=frclhQGSbmussfaaohIfYLsIajOW8_O57j7ATxHZZO0=) has sold mag_cz61_20rnd x1 (121eef90) at the trader "Attachments (Jose [#STR_EXPANSION_MARKET_TRADER_ATTACHMENTS])" in market zone "Trader Zone" (pos=<6675.160645, 104.603935, 6114.155762>) and got 18.
18:06:15.960 [Market] Player "Roam Jenson" (id=frclhQGSbmussfaaohIfYLsIajOW8_O57j7ATxHZZO0=) has sold mag_ruger1022_30rnd x1 (16ef9c10, ammo_22 x11) at the trader "Attachments (Jose [#STR_EXPANSION_MARKET_TRADER_ATTACHMENTS])" in market zone "Trader Zone" (pos=<6675.160645, 104.603935, 6114.155762>) and got 127.
18:06:59.375 [Market] Player "Roam Jenson" (id=frclhQGSbmussfaaohIfYLsIajOW8_O57j7ATxHZZO0=) has sold mag_cz75_15rnd x1 (bf81330) at the trader "Attachments (Jose [#STR_EXPANSION_MARKET_TRADER_ATTACHMENTS])" in market zone "Trader Zone" (pos=<6675.160645, 104.603935, 6114.155762>) and got 15.
18:07:40.765 [Market] Player "Roam Jenson" (id=frclhQGSbmussfaaohIfYLsIajOW8_O57j7ATxHZZO0=) has bought weaponcleaningkit x1 (68748ab0) from the trader "Components (Cyril [#STR_EXPANSION_MARKET_TRADER_COMPONENTS])" in market zone "Trader Zone" (pos=<6675.160645, 104.603935, 6114.155762>) for a price of 8.
18:07:45.710 [Party] Player "PatMax" (id=jiSboo32SQZAMp7VxNNFwsMUk2-s3fPPrck_5xKkgu0=) left the party "Nasse" (id=18 ownerUID=jiSboo32SQZAMp7VxNNFwsMUk2-s3fPPrck_5xKkgu0= ownerName=PatMax)
18:07:55.433 [Market] Player "Roam Jenson" (id=frclhQGSbmussfaaohIfYLsIajOW8_O57j7ATxHZZO0=) has bought sewingkit x2 (19789f30) from the trader "Components (Cyril [#STR_EXPANSION_MARKET_TRADER_COMPONENTS])" in market zone "Trader Zone" (pos=<6675.160645, 104.603935, 6114.155762>) for a price of 8.
18:12:02.703 [Market] Player "Roam Jenson" (id=frclhQGSbmussfaaohIfYLsIajOW8_O57j7ATxHZZO0=) has sold cz61 x1 (c17af80) at the trader "Weapons (Denis [#STR_EXPANSION_MARKET_TRADER_WEAPONS])" in market zone "Trader Zone" (pos=<6675.160645, 104.603935, 6114.155762>) and got 131.
18:13:05.304 [Market] Player "Roam Jenson" (id=frclhQGSbmussfaaohIfYLsIajOW8_O57j7ATxHZZO0=) has sold ump45 x1 (c182510, M68Optic<2104dd40>, Battery9V<18eeca90>, Mag_UMP_25Rnd<203c3d30>, ammo_45acp x24, PistolSuppressor<203ceaa0>) at the trader "Weapons (Denis [#STR_EXPANSION_MARKET_TRADER_WEAPONS])" in market zone "Trader Zone" (pos=<6675.160645, 104.603935, 6114.155762>) and got 932.
18:13:09.414 [Market] Player "Roam Jenson" (id=frclhQGSbmussfaaohIfYLsIajOW8_O57j7ATxHZZO0=) has sold mp133shotgun x1 (c183f30) at the trader "Weapons (Denis [#STR_EXPANSION_MARKET_TRADER_WEAPONS])" in market zone "Trader Zone" (pos=<6675.160645, 104.603935, 6114.155762>) and got 375.
18:13:20.851 [Market] Player "Roam Jenson" (id=frclhQGSbmussfaaohIfYLsIajOW8_O57j7ATxHZZO0=) has sold glock19 x1 (c187370, TLRLight<203c7700>) at the trader "Weapons (Denis [#STR_EXPANSION_MARKET_TRADER_WEAPONS])" in market zone "Trader Zone" (pos=<6675.160645, 104.603935, 6114.155762>) and got 202.
18:13:26.242 [Market] Player "Roam Jenson" (id=frclhQGSbmussfaaohIfYLsIajOW8_O57j7ATxHZZO0=) has sold kitchenknife x1 (19238070) at the trader "Weapons (Denis [#STR_EXPANSION_MARKET_TRADER_WEAPONS])" in market zone "Trader Zone" (pos=<6675.160645, 104.603935, 6114.155762>) and got 3.
18:13:49.679 [Safezone] Player "London" (id=kOLgOs9yYBFVRQG3lqoHveYdP5X8y3SO69cq5MiR4us= pos=<6687.68, 105.87, 6121.89>) entered the safezone
18:13:49.679 [Party] Player "London" (id=kOLgOs9yYBFVRQG3lqoHveYdP5X8y3SO69cq5MiR4us=) joinded the party "SLAVES" (id=1 ownerUID=m_TD03B4NXDQrU5koHpLq3WyQf1hXTvQSdETJOTM8ss= ownerName=F11 Simulator)
18:14:14.054 [Party] Player "F11 Simulator" (id=m_TD03B4NXDQrU5koHpLq3WyQf1hXTvQSdETJOTM8ss=) joinded the party "SLAVES" (id=1 ownerUID=m_TD03B4NXDQrU5koHpLq3WyQf1hXTvQSdETJOTM8ss= ownerName=F11 Simulator)
18:16:30.312 [Market] Player "Roam Jenson" (id=frclhQGSbmussfaaohIfYLsIajOW8_O57j7ATxHZZO0=) has sold hacksaw x1 (1991d3a0) at the trader "Components (Cyril [#STR_EXPANSION_MARKET_TRADER_COMPONENTS])" in market zone "Trader Zone" (pos=<6675.160645, 104.603935, 6114.155762>) and got 3.
18:16:32.992 [Market] Player "Roam Jenson" (id=frclhQGSbmussfaaohIfYLsIajOW8_O57j7ATxHZZO0=) has sold hatchet x1 (1ae9d400) at the trader "Components (Cyril [#STR_EXPANSION_MARKET_TRADER_COMPONENTS])" in market zone "Trader Zone" (pos=<6675.160645, 104.603935, 6114.155762>) and got 7.
18:16:35.695 [Market] Player "Roam Jenson" (id=frclhQGSbmussfaaohIfYLsIajOW8_O57j7ATxHZZO0=) has sold lockpick x1 (1ad941c0) at the trader "Components (Cyril [#STR_EXPANSION_MARKET_TRADER_COMPONENTS])" in market zone "Trader Zone" (pos=<6675.160645, 104.603935, 6114.155762>) and got 7.
18:16:39.976 [Market] Player "Roam Jenson" (id=frclhQGSbmussfaaohIfYLsIajOW8_O57j7ATxHZZO0=) has sold rope x1 (20c80c60) at the trader "Components (Cyril [#STR_EXPANSION_MARKET_TRADER_COMPONENTS])" in market zone "Trader Zone" (pos=<6675.160645, 104.603935, 6114.155762>) and got 0.
18:18:41.992 [Market] Player "Roam Jenson" (id=frclhQGSbmussfaaohIfYLsIajOW8_O57j7ATxHZZO0=) has bought mag_ak74_30rnd x1 (7c3c2690, ammo_545x39 x30) from the trader "Attachments (Jose [#STR_EXPANSION_MARKET_TRADER_ATTACHMENTS])" in market zone "Trader Zone" (pos=<6675.160645, 104.603935, 6114.155762>) for a price of 280.
18:18:59.296 [Market] Player "Roam Jenson" (id=frclhQGSbmussfaaohIfYLsIajOW8_O57j7ATxHZZO0=) has bought mag_cz527_5rnd x1 (7c3becc0, ammo_762x39 x5) from the trader "Attachments (Jose [#STR_EXPANSION_MARKET_TRADER_ATTACHMENTS])" in market zone "Trader Zone" (pos=<6675.160645, 104.603935, 6114.155762>) for a price of 70.
18:19:21.953 [Market] Player "Roam Jenson" (id=frclhQGSbmussfaaohIfYLsIajOW8_O57j7ATxHZZO0=) has bought huntingoptic x1 (1d00bec0) from the trader "Attachments (Jose [#STR_EXPANSION_MARKET_TRADER_ATTACHMENTS])" in market zone "Trader Zone" (pos=<6675.160645, 104.603935, 6114.155762>) for a price of 1000.
18:31:36.765 [Party] Player "Donnie Deeks" (id=GBfj3hSt2OSYAyU5ct3jrz7-L9j9UxpFHlBzXjWvrxE=) joinded the party "SLAVES" (id=1 ownerUID=m_TD03B4NXDQrU5koHpLq3WyQf1hXTvQSdETJOTM8ss= ownerName=F11 Simulator)
18:31:51.468 [ATM] Player "Roam Jenson" (id=frclhQGSbmussfaaohIfYLsIajOW8_O57j7ATxHZZO0=) has deposited 585 on his ATM account.
18:34:47.164 [Safezone] Player "Donnie Deeks" (id=GBfj3hSt2OSYAyU5ct3jrz7-L9j9UxpFHlBzXjWvrxE= pos=<6653.27, 125.47, 6017.27>) entered the safezone
18:35:29.210 [ATM] Player "Roam Jenson" (id=frclhQGSbmussfaaohIfYLsIajOW8_O57j7ATxHZZO0=) has withdrawn 10000 from his ATM account.
18:36:10.593 [Market] Player "Roam Jenson" (id=frclhQGSbmussfaaohIfYLsIajOW8_O57j7ATxHZZO0=) has bought leathersewingkit x1 (1e9d3c60) from the trader "Components (Cyril [#STR_EXPANSION_MARKET_TRADER_COMPONENTS])" in market zone "Trader Zone" (pos=<6675.160645, 104.603935, 6114.155762>) for a price of 5.
18:37:13.578 [Market] Player "Roam Jenson" (id=frclhQGSbmussfaaohIfYLsIajOW8_O57j7ATxHZZO0=) has sold waterbottle x1 (ee80420) at the trader "Consumables (Linda [#STR_EXPANSION_MARKET_TRADER_CONSUMABLES])" in market zone "Trader Zone" (pos=<6675.160645, 104.603935, 6114.155762>) and got 5.
18:40:57.062 [Market] Player "Roam Jenson" (id=frclhQGSbmussfaaohIfYLsIajOW8_O57j7ATxHZZO0=) has bought platecarrierpouches x1 (1ebf49c0) from the trader "Clothing (Naomi [#STR_EXPANSION_MARKET_TRADER_CLOTHING])" in market zone "Trader Zone" (pos=<6675.160645, 104.603935, 6114.155762>) for a price of 100.
18:41:01.156 [Safezone] Player "{1:name}" (id={1:id} pos={1:position}) left the safezone
18:42:04.921 [Market] Player "Roam Jenson" (id=frclhQGSbmussfaaohIfYLsIajOW8_O57j7ATxHZZO0=) has bought platecarriervest_green x1 (848be1b0, PlateCarrierPouches_Green<848b8530>, PlateCarrierHolster_Green<848bb370>) from the trader "Clothing (Naomi [#STR_EXPANSION_MARKET_TRADER_CLOTHING])" in market zone "Trader Zone" (pos=<6675.160645, 104.603935, 6114.155762>) for a price of 410.
18:42:48.390 [Safezone] Player "Donnie Deeks" (id=GBfj3hSt2OSYAyU5ct3jrz7-L9j9UxpFHlBzXjWvrxE= pos=<6583.03, 142.16, 6076.71>) entered the safezone
18:43:28.406 [Party] Player "PatMax" (id=jiSboo32SQZAMp7VxNNFwsMUk2-s3fPPrck_5xKkgu0=) joinded the party "Nasse" (id=18 ownerUID=jiSboo32SQZAMp7VxNNFwsMUk2-s3fPPrck_5xKkgu0= ownerName=PatMax)
18:44:08.265 [Party] Player "PatMax" (id=jiSboo32SQZAMp7VxNNFwsMUk2-s3fPPrck_5xKkgu0=) left the party "Nasse" (id=18 ownerUID=jiSboo32SQZAMp7VxNNFwsMUk2-s3fPPrck_5xKkgu0= ownerName=PatMax)
18:44:10.203 [ATM] Player "London" (id=kOLgOs9yYBFVRQG3lqoHveYdP5X8y3SO69cq5MiR4us=) has withdrawn 3000 from his ATM account.
18:44:11.000 [Safezone] Player "F11 Simulator" (id=m_TD03B4NXDQrU5koHpLq3WyQf1hXTvQSdETJOTM8ss= pos=<6682.84, 117.14, 6016.88>) entered the safezone
18:46:11.945 [ATM] Player "Donnie Deeks" (id=GBfj3hSt2OSYAyU5ct3jrz7-L9j9UxpFHlBzXjWvrxE=) has withdrawn 20000 from his ATM account.
18:46:37.218 [Market] Player "London" (id=kOLgOs9yYBFVRQG3lqoHveYdP5X8y3SO69cq5MiR4us=) has bought drysackbag_green x1 (2220c7a0) from the trader "Clothing (Naomi [#STR_EXPANSION_MARKET_TRADER_CLOTHING])" in market zone "Trader Zone" (pos=<6675.160645, 104.603935, 6114.155762>) for a price of 120.
18:46:46.859 [Market] Player "Donnie Deeks" (id=GBfj3hSt2OSYAyU5ct3jrz7-L9j9UxpFHlBzXjWvrxE=) has bought omnogloves_gray x1 (18ffadf0) from the trader "Clothing (Naomi [#STR_EXPANSION_MARKET_TRADER_CLOTHING])" in market zone "Trader Zone" (pos=<6675.160645, 104.603935, 6114.155762>) for a price of 40.
18:47:25.335 [Market] Player "London" (id=kOLgOs9yYBFVRQG3lqoHveYdP5X8y3SO69cq5MiR4us=) has bought lunchmeat x8 (7bcde050) from the trader "Consumables (Linda [#STR_EXPANSION_MARKET_TRADER_CONSUMABLES])" in market zone "Trader Zone" (pos=<6675.160645, 104.603935, 6114.155762>) for a price of 120.
18:47:25.781 [ATM] Player "Donnie Deeks" (id=GBfj3hSt2OSYAyU5ct3jrz7-L9j9UxpFHlBzXjWvrxE=) has deposited 19960 on his ATM account.
18:47:40.914 [ATM] Player "London" (id=kOLgOs9yYBFVRQG3lqoHveYdP5X8y3SO69cq5MiR4us=) has deposited 2760 on his ATM account.
18:48:06.218 [Safezone] Player "{1:name}" (id={1:id} pos={1:position}) left the safezone
18:48:07.210 [Safezone] Player "{1:name}" (id={1:id} pos={1:position}) left the safezone
18:48:09.171 [Safezone] Player "{1:name}" (id={1:id} pos={1:position}) left the safezone
18:54:57.328 [Party] Player "F11 Simulator" (id=m_TD03B4NXDQrU5koHpLq3WyQf1hXTvQSdETJOTM8ss=) left the party "SLAVES" (id=1 ownerUID=m_TD03B4NXDQrU5koHpLq3WyQf1hXTvQSdETJOTM8ss= ownerName=F11 Simulator)
19:00:01.500 [Party] Player "London" (id=kOLgOs9yYBFVRQG3lqoHveYdP5X8y3SO69cq5MiR4us=) left the party "SLAVES" (id=1 ownerUID=m_TD03B4NXDQrU5koHpLq3WyQf1hXTvQSdETJOTM8ss= ownerName=F11 Simulator)
19:00:01.515 [Party] Player "Donnie Deeks" (id=GBfj3hSt2OSYAyU5ct3jrz7-L9j9UxpFHlBzXjWvrxE=) left the party "SLAVES" (id=1 ownerUID=m_TD03B4NXDQrU5koHpLq3WyQf1hXTvQSdETJOTM8ss= ownerName=F11 Simulator)
