15:02:16.785 [Party] Player "Vichoorosky" (id=tlRNjo629rSh-ytt0v54ULlTd6oiQUCIkMijHvbRzdE=) joinded the party "pene" (id=55 ownerUID=tlRNjo629rSh-ytt0v54ULlTd6oiQUCIkMijHvbRzdE= ownerName=Vichoorosky)
15:02:23.773 [Party] Player "Eric" (id=DT1QFut1v8UN48skN3UnroicVIl_5hTizZZZSwLRxk8=) joinded the party "Die dreisten Drei" (id=46 ownerUID=DT1QFut1v8UN48skN3UnroicVIl_5hTizZZZSwLRxk8= ownerName=Eric)
15:02:24.170 [VehicleEnter] Player "Vichoorosky" (id=tlRNjo629rSh-ytt0v54ULlTd6oiQUCIkMijHvbRzdE=) entered vehicle Bicycle (id=70AAD791264B57273F9CEDA2499E22F9 pos=<4327.58, 174.77, 6297.76>) as driver
15:03:46.389 [VehicleDeleted] Lady_Bicycle_Purple (id=568BCAE33143BA38D38C56B03EE01ED0 pos=<4274.79, 174.85, 6568.6>)
15:04:03.488 [VehicleEnter] Player "Eric" (id=DT1QFut1v8UN48skN3UnroicVIl_5hTizZZZSwLRxk8=) entered vehicle Bicycle (id=997D4B3CFD48791CF76F549C11A4DE1D pos=<4285.28, 174.85, 6569.27>) as driver
15:04:29.266 [VehicleLeave] Player "Vichoorosky" (id=tlRNjo629rSh-ytt0v54ULlTd6oiQUCIkMijHvbRzdE=) left vehicle Bicycle (id=70AAD791264B57273F9CEDA2499E22F9 pos=<4734.62, 207.04, 6250.08>)
15:04:43.803 [VehicleDeleted] Old_Bike_Pink (id=70AAD791264B57273F9CEDA2499E22F9 pos=<4734.62, 207.04, 6250.08>)
15:04:54.327 [VehicleEnter] Player "Vichoorosky" (id=tlRNjo629rSh-ytt0v54ULlTd6oiQUCIkMijHvbRzdE=) entered vehicle Bicycle (id=19835262DF462E040A62C4973A51C363 pos=<4741.42, 207.15, 6245.66>) as driver
15:06:27.375 [MissionAirdrop] An airdrop is heading towards "Huron" (pos=<5645.566895, 0.000000, 8244.150391> type=Random_Huron) with a ExpansionAirdropContainer_Military
15:06:52.226 [VehicleLeave] Player "Eric" (id=DT1QFut1v8UN48skN3UnroicVIl_5hTizZZZSwLRxk8=) left vehicle Bicycle (id=997D4B3CFD48791CF76F549C11A4DE1D pos=<5039, 148.06, 6926.39>)
15:07:52.645 [VehicleLeave] Player "Vichoorosky" (id=tlRNjo629rSh-ytt0v54ULlTd6oiQUCIkMijHvbRzdE=) left vehicle Bicycle (id=19835262DF462E040A62C4973A51C363 pos=<3913.43, 166.28, 5819.41>)
15:09:45.094 [VehicleDeleted] Lady_Bicycle_Purple (id=997D4B3CFD48791CF76F549C11A4DE1D pos=<5039, 148.06, 6926.39>)
15:09:53.529 [VehicleEnter] Player "Eric" (id=DT1QFut1v8UN48skN3UnroicVIl_5hTizZZZSwLRxk8=) entered vehicle Bicycle (id=639D1CB30A48C5D21A1AB89EE04486CC pos=<5040.44, 148.06, 6927.13>) as driver
15:14:21.437 [VehicleLeave] Player "Eric" (id=DT1QFut1v8UN48skN3UnroicVIl_5hTizZZZSwLRxk8=) left vehicle Bicycle (id=639D1CB30A48C5D21A1AB89EE04486CC pos=<5654.6, 162.71, 8202.02>)
15:16:04.017 [VehicleEnter] Player "Eric" (id=DT1QFut1v8UN48skN3UnroicVIl_5hTizZZZSwLRxk8=) entered vehicle Bicycle (id=639D1CB30A48C5D21A1AB89EE04486CC pos=<5654.6, 162.71, 8202.02>) as driver
15:20:32.370 [Party] Player "Vichoorosky" (id=tlRNjo629rSh-ytt0v54ULlTd6oiQUCIkMijHvbRzdE=) left the party "pene" (id=55 ownerUID=tlRNjo629rSh-ytt0v54ULlTd6oiQUCIkMijHvbRzdE= ownerName=Vichoorosky)
15:21:09.502 [VehicleLeave] Player "Eric" (id=DT1QFut1v8UN48skN3UnroicVIl_5hTizZZZSwLRxk8=) left vehicle Bicycle (id=639D1CB30A48C5D21A1AB89EE04486CC pos=<6580.11, 101.32, 6295.89>)
15:21:14.985 [VehicleDeleted] Lady_Bicycle_Purple (id=639D1CB30A48C5D21A1AB89EE04486CC pos=<6580.11, 101.32, 6295.89>)
15:21:30.572 [VehicleEnter] Player "Eric" (id=DT1QFut1v8UN48skN3UnroicVIl_5hTizZZZSwLRxk8=) entered vehicle Bicycle (id=A661952168463DA42C117E8CF0D8BA95 pos=<6583.25, 101.23, 6294.44>) as driver
15:21:47.158 [Safezone] Player "Eric" (id=DT1QFut1v8UN48skN3UnroicVIl_5hTizZZZSwLRxk8= pos=<6630.5, 106.87, 6200.09>) entered the safezone
15:22:15.828 [VehicleLeave] Player "Eric" (id=DT1QFut1v8UN48skN3UnroicVIl_5hTizZZZSwLRxk8=) left vehicle Bicycle (id=A661952168463DA42C117E8CF0D8BA95 pos=<6674.94, 102.9, 6066.02>)
15:22:56.579 [Market] Player "Eric" (id=DT1QFut1v8UN48skN3UnroicVIl_5hTizZZZSwLRxk8=) has sold augshort x1 (b7d34450, Mag_Aug_30Rnd<c09bf710>, ammo_556x45 x13) at the trader "Weapons (Denis [#STR_EXPANSION_MARKET_TRADER_WEAPONS])" in market zone "Trader Zone" (pos=<6675.160645, 104.603935, 6114.155762>) and got 1261.
15:22:57.549 [Market] Player "Eric" (id=DT1QFut1v8UN48skN3UnroicVIl_5hTizZZZSwLRxk8=) has sold akm x1 (16744980, AK_WoodBttstck<205a2b40>, AK_WoodHndgrd<205a1fb0>) at the trader "Weapons (Denis [#STR_EXPANSION_MARKET_TRADER_WEAPONS])" in market zone "Trader Zone" (pos=<6675.160645, 104.603935, 6114.155762>) and got 1387.
15:22:58.361 [Market] Player "Eric" (id=DT1QFut1v8UN48skN3UnroicVIl_5hTizZZZSwLRxk8=) has sold famas x1 (16740830) at the trader "Weapons (Denis [#STR_EXPANSION_MARKET_TRADER_WEAPONS])" in market zone "Trader Zone" (pos=<6675.160645, 104.603935, 6114.155762>) and got 1125.
15:22:59.148 [Market] Player "Eric" (id=DT1QFut1v8UN48skN3UnroicVIl_5hTizZZZSwLRxk8=) has sold famas x1 (1674a4f0) at the trader "Weapons (Denis [#STR_EXPANSION_MARKET_TRADER_WEAPONS])" in market zone "Trader Zone" (pos=<6675.160645, 104.603935, 6114.155762>) and got 1125.
15:23:04.149 [Market] Player "Eric" (id=DT1QFut1v8UN48skN3UnroicVIl_5hTizZZZSwLRxk8=) has sold b95 x1 (1674cc20, HuntingOptic<c87f7810>) at the trader "Weapons (Denis [#STR_EXPANSION_MARKET_TRADER_WEAPONS])" in market zone "Trader Zone" (pos=<6675.160645, 104.603935, 6114.155762>) and got 2025.
15:23:05.173 [Market] Player "Eric" (id=DT1QFut1v8UN48skN3UnroicVIl_5hTizZZZSwLRxk8=) has sold b95 x1 (16747dc0, HuntingOptic<c3284820>) at the trader "Weapons (Denis [#STR_EXPANSION_MARKET_TRADER_WEAPONS])" in market zone "Trader Zone" (pos=<6675.160645, 104.603935, 6114.155762>) and got 2025.
15:23:09.113 [Market] Player "Eric" (id=DT1QFut1v8UN48skN3UnroicVIl_5hTizZZZSwLRxk8=) has sold fnx45 x1 (b7d2c1b0, PistolSuppressor<c04ac9b0>, FNP45_MRDSOptic<bfef3f30>) at the trader "Weapons (Denis [#STR_EXPANSION_MARKET_TRADER_WEAPONS])" in market zone "Trader Zone" (pos=<6675.160645, 104.603935, 6114.155762>) and got 185.
15:23:09.813 [Market] Player "Eric" (id=DT1QFut1v8UN48skN3UnroicVIl_5hTizZZZSwLRxk8=) has sold fnx45 x1 (1674b200, TLRLight<205a6510>) at the trader "Weapons (Denis [#STR_EXPANSION_MARKET_TRADER_WEAPONS])" in market zone "Trader Zone" (pos=<6675.160645, 104.603935, 6114.155762>) and got 221.
15:23:10.528 [Market] Player "Eric" (id=DT1QFut1v8UN48skN3UnroicVIl_5hTizZZZSwLRxk8=) has sold fnx45 x1 (167463a0, TLRLight<205a36d0>) at the trader "Weapons (Denis [#STR_EXPANSION_MARKET_TRADER_WEAPONS])" in market zone "Trader Zone" (pos=<6675.160645, 104.603935, 6114.155762>) and got 221.
15:23:16.118 [Market] Player "Eric" (id=DT1QFut1v8UN48skN3UnroicVIl_5hTizZZZSwLRxk8=) has sold cz61 x1 (bdf01210, Mag_CZ61_20Rnd<bfda2e20>, ammo_380 x12) at the trader "Weapons (Denis [#STR_EXPANSION_MARKET_TRADER_WEAPONS])" in market zone "Trader Zone" (pos=<6675.160645, 104.603935, 6114.155762>) and got 480.
15:23:16.798 [Market] Player "Eric" (id=DT1QFut1v8UN48skN3UnroicVIl_5hTizZZZSwLRxk8=) has sold aks74u x1 (1674bf10, AK74_WoodBttstck<2059fd00>) at the trader "Weapons (Denis [#STR_EXPANSION_MARKET_TRADER_WEAPONS])" in market zone "Trader Zone" (pos=<6675.160645, 104.603935, 6114.155762>) and got 937.
15:23:17.496 [Market] Player "Eric" (id=DT1QFut1v8UN48skN3UnroicVIl_5hTizZZZSwLRxk8=) has sold expansion_kedr x1 (167497e0, PistolSuppressor<205a4df0>) at the trader "Weapons (Denis [#STR_EXPANSION_MARKET_TRADER_WEAPONS])" in market zone "Trader Zone" (pos=<6675.160645, 104.603935, 6114.155762>) and got 536.
15:23:21.027 [Market] Player "Eric" (id=DT1QFut1v8UN48skN3UnroicVIl_5hTizZZZSwLRxk8=) has sold cz527 x1 (16745690, HuntingOptic<c87ef360>) at the trader "Weapons (Denis [#STR_EXPANSION_MARKET_TRADER_WEAPONS])" in market zone "Trader Zone" (pos=<6675.160645, 104.603935, 6114.155762>) and got 1125.
15:23:21.797 [Market] Player "Eric" (id=DT1QFut1v8UN48skN3UnroicVIl_5hTizZZZSwLRxk8=) has sold cz527 x1 (16748ad0, HuntingOptic<b7c68510>) at the trader "Weapons (Denis [#STR_EXPANSION_MARKET_TRADER_WEAPONS])" in market zone "Trader Zone" (pos=<6675.160645, 104.603935, 6114.155762>) and got 1125.
15:23:38.208 [Market] Player "Eric" (id=DT1QFut1v8UN48skN3UnroicVIl_5hTizZZZSwLRxk8=) has sold expansioncamoboxkit x1 (f5ca93e0, Rope<f5cab690>) at the trader "Components (Cyril [#STR_EXPANSION_MARKET_TRADER_COMPONENTS])" in market zone "Trader Zone" (pos=<6675.160645, 104.603935, 6114.155762>) and got 1953.
15:23:55.827 [Market] Player "Eric" (id=DT1QFut1v8UN48skN3UnroicVIl_5hTizZZZSwLRxk8=) has bought expansionsafelarge x1 (22b2da70) from the trader "Components (Cyril [#STR_EXPANSION_MARKET_TRADER_COMPONENTS])" in market zone "Trader Zone" (pos=<6675.160645, 104.603935, 6114.155762>) for a price of 8000.
15:25:07.778 [Market] Player "Eric" (id=DT1QFut1v8UN48skN3UnroicVIl_5hTizZZZSwLRxk8=) has sold gp5gasmask x1 (c251b870) at the trader "Clothing (Naomi [#STR_EXPANSION_MARKET_TRADER_CLOTHING])" in market zone "Trader Zone" (pos=<6675.160645, 104.603935, 6114.155762>) and got 90.
15:25:17.155 [Market] Player "Eric" (id=DT1QFut1v8UN48skN3UnroicVIl_5hTizZZZSwLRxk8=) has sold ghilliebushrag_mossy x1 (c1bccef0) at the trader "Clothing (Naomi [#STR_EXPANSION_MARKET_TRADER_CLOTHING])" in market zone "Trader Zone" (pos=<6675.160645, 104.603935, 6114.155762>) and got 150.
15:26:37.078 [Market] Player "Eric" (id=DT1QFut1v8UN48skN3UnroicVIl_5hTizZZZSwLRxk8=) has bought expansionstove x1 (9ad22db0) from the trader "BuildingSupplies (Boris [#STR_EXPANSION_MARKET_TRADER_BUILDING_SUPPLIES])" in market zone "Trader Zone" (pos=<6675.160645, 104.603935, 6114.155762>) for a price of 1500.
15:27:08.872 [Market] Player "Eric" (id=DT1QFut1v8UN48skN3UnroicVIl_5hTizZZZSwLRxk8=) has bought largegascanister x1 (bfbca640) from the trader "BuildingSupplies (Boris [#STR_EXPANSION_MARKET_TRADER_BUILDING_SUPPLIES])" in market zone "Trader Zone" (pos=<6675.160645, 104.603935, 6114.155762>) for a price of 200.
15:27:09.370 [Market] Player "Eric" (id=DT1QFut1v8UN48skN3UnroicVIl_5hTizZZZSwLRxk8=) has bought largegascanister x1 (bdf6cdd0) from the trader "BuildingSupplies (Boris [#STR_EXPANSION_MARKET_TRADER_BUILDING_SUPPLIES])" in market zone "Trader Zone" (pos=<6675.160645, 104.603935, 6114.155762>) for a price of 200.
15:27:31.080 [Market] Player "Eric" (id=DT1QFut1v8UN48skN3UnroicVIl_5hTizZZZSwLRxk8=) has bought fryingpan x1 (b35df810) from the trader "BuildingSupplies (Boris [#STR_EXPANSION_MARKET_TRADER_BUILDING_SUPPLIES])" in market zone "Trader Zone" (pos=<6675.160645, 104.603935, 6114.155762>) for a price of 5.
15:27:31.539 [Market] Player "Eric" (id=DT1QFut1v8UN48skN3UnroicVIl_5hTizZZZSwLRxk8=) has bought fryingpan x1 (b35f1990) from the trader "BuildingSupplies (Boris [#STR_EXPANSION_MARKET_TRADER_BUILDING_SUPPLIES])" in market zone "Trader Zone" (pos=<6675.160645, 104.603935, 6114.155762>) for a price of 5.
15:27:39.729 [Market] Player "Eric" (id=DT1QFut1v8UN48skN3UnroicVIl_5hTizZZZSwLRxk8=) has bought pot x1 (cfaaa140) from the trader "BuildingSupplies (Boris [#STR_EXPANSION_MARKET_TRADER_BUILDING_SUPPLIES])" in market zone "Trader Zone" (pos=<6675.160645, 104.603935, 6114.155762>) for a price of 25.
15:27:40.265 [Market] Player "Eric" (id=DT1QFut1v8UN48skN3UnroicVIl_5hTizZZZSwLRxk8=) has bought pot x1 (cfa71890) from the trader "BuildingSupplies (Boris [#STR_EXPANSION_MARKET_TRADER_BUILDING_SUPPLIES])" in market zone "Trader Zone" (pos=<6675.160645, 104.603935, 6114.155762>) for a price of 25.
15:28:13.839 [ATM] Player "Eric" (id=DT1QFut1v8UN48skN3UnroicVIl_5hTizZZZSwLRxk8=) has deposited 6011 on his ATM account.
15:28:27.083 [VehicleEnter] Player "Eric" (id=DT1QFut1v8UN48skN3UnroicVIl_5hTizZZZSwLRxk8=) entered vehicle Bicycle (id=A661952168463DA42C117E8CF0D8BA95 pos=<6674.94, 102.9, 6066.02>) as driver
15:28:52.614 [Safezone] Player "{1:name}" (id={1:id} pos={1:position}) left the safezone
15:29:46.754 [VehicleLeave] Player "Eric" (id=DT1QFut1v8UN48skN3UnroicVIl_5hTizZZZSwLRxk8=) left vehicle Bicycle (id=A661952168463DA42C117E8CF0D8BA95 pos=<6381.73, 174.41, 5919.26>)
15:29:56.053 [VehicleEnter] Player "Eric" (id=DT1QFut1v8UN48skN3UnroicVIl_5hTizZZZSwLRxk8=) entered vehicle Bicycle (id=A661952168463DA42C117E8CF0D8BA95 pos=<6381.73, 174.41, 5919.26>) as driver
15:34:55.822 [VehicleLeave] Player "Eric" (id=DT1QFut1v8UN48skN3UnroicVIl_5hTizZZZSwLRxk8=) left vehicle Bicycle (id=A661952168463DA42C117E8CF0D8BA95 pos=<4285.46, 174.85, 6568.49>)
15:43:47.136 [VehicleDeleted] Lady_Bicycle_Purple (id=A661952168463DA42C117E8CF0D8BA95 pos=<4285.46, 174.85, 6568.49>)
15:43:57.182 [VehicleEnter] Player "Eric" (id=DT1QFut1v8UN48skN3UnroicVIl_5hTizZZZSwLRxk8=) entered vehicle Bicycle (id=B977E3279C4EF9725918CF8678853D80 pos=<4288.51, 174.85, 6567.75>) as driver
15:44:34.355 [VehicleLeave] Player "Eric" (id=DT1QFut1v8UN48skN3UnroicVIl_5hTizZZZSwLRxk8=) left vehicle Bicycle (id=B977E3279C4EF9725918CF8678853D80 pos=<4307.77, 174.85, 6530.08>)
15:44:36.902 [VehicleDeleted] Lady_Bicycle_Purple (id=B977E3279C4EF9725918CF8678853D80 pos=<4307.77, 174.85, 6530.08>)
15:44:52.030 [VehicleEnter] Player "Eric" (id=DT1QFut1v8UN48skN3UnroicVIl_5hTizZZZSwLRxk8=) entered vehicle Bicycle (id=3C5468AF6E46195BBBD1E5A33B5BDF1F pos=<4301.92, 174.85, 6521.36>) as driver
15:48:18.107 [VehicleLeave] Player "Eric" (id=DT1QFut1v8UN48skN3UnroicVIl_5hTizZZZSwLRxk8=) left vehicle Bicycle (id=3C5468AF6E46195BBBD1E5A33B5BDF1F pos=<4764.04, 331.42, 5509.63>)
15:48:19.803 [VehicleDeleted] Lady_Bicycle_Purple (id=3C5468AF6E46195BBBD1E5A33B5BDF1F pos=<4764.04, 331.42, 5509.63>)
15:48:33.575 [VehicleEnter] Player "Eric" (id=DT1QFut1v8UN48skN3UnroicVIl_5hTizZZZSwLRxk8=) entered vehicle Bicycle (id=60DEB75DA44F62C392200793B662954A pos=<4766.89, 332.07, 5505.42>) as driver
15:50:00.930 [VehicleLeave] Player "Eric" (id=DT1QFut1v8UN48skN3UnroicVIl_5hTizZZZSwLRxk8=) left vehicle Bicycle (id=60DEB75DA44F62C392200793B662954A pos=<5085.88, 348.88, 4965.68>)
15:50:02.346 [VehicleDeleted] Lady_Bicycle_Purple (id=60DEB75DA44F62C392200793B662954A pos=<5085.87, 348.88, 4965.69>)
15:50:10.596 [VehicleEnter] Player "Eric" (id=DT1QFut1v8UN48skN3UnroicVIl_5hTizZZZSwLRxk8=) entered vehicle Bicycle (id=BA9C3B428540030A41700A9D42D162C4 pos=<5084.99, 348.23, 4962.94>) as driver
15:51:28.502 [VehicleLeave] Player "Eric" (id=DT1QFut1v8UN48skN3UnroicVIl_5hTizZZZSwLRxk8=) left vehicle Bicycle (id=BA9C3B428540030A41700A9D42D162C4 pos=<4855.3, 338.64, 4477.5>)
15:51:29.964 [VehicleDeleted] Lady_Bicycle_Purple (id=BA9C3B428540030A41700A9D42D162C4 pos=<4855.3, 338.64, 4477.5>)
15:57:07.654 [VehicleDeleted] Old_Bike_Green (id=CE5DBB817A4D13C3187925BB0F07E6D9 pos=<6930.12, 108.09, 8473.15>)
15:57:23.954 [VehicleEnter] Player "space" (id=UGg48lidZt1dHmok1FLocJ5YccSNKAJS5TzpZ6TNdG4=) entered vehicle Bicycle (id=FFCB64B441444E8937393BA7A65A4A02 pos=<6930.86, 107.44, 8471.15>) as driver
15:57:48.165 [VehicleLeave] Player "space" (id=UGg48lidZt1dHmok1FLocJ5YccSNKAJS5TzpZ6TNdG4=) left vehicle Bicycle (id=FFCB64B441444E8937393BA7A65A4A02 pos=<6887.74, 105.01, 8333.92>)
16:00:30.499 [VehicleEnter] Player "space" (id=UGg48lidZt1dHmok1FLocJ5YccSNKAJS5TzpZ6TNdG4=) entered vehicle Bicycle (id=FFCB64B441444E8937393BA7A65A4A02 pos=<6887.74, 105.01, 8333.92>) as driver
16:00:44.242 [VehicleLeave] Player "space" (id=UGg48lidZt1dHmok1FLocJ5YccSNKAJS5TzpZ6TNdG4=) left vehicle Bicycle (id=FFCB64B441444E8937393BA7A65A4A02 pos=<6833.4, 106.63, 8339.95>)
16:01:24.772 [VehicleDeleted] Lady_Bicycle (id=4ED0CD6D074288CBFD3AF7894F66ED7D pos=<6830.75, 106.49, 8341.14>)
16:02:02.938 [Party] Player "London" (id=kOLgOs9yYBFVRQG3lqoHveYdP5X8y3SO69cq5MiR4us=) joinded the party "SLAVES" (id=1 ownerUID=m_TD03B4NXDQrU5koHpLq3WyQf1hXTvQSdETJOTM8ss= ownerName=F11 Simulator)
16:02:13.379 [Party] Player "F11 Simulator" (id=m_TD03B4NXDQrU5koHpLq3WyQf1hXTvQSdETJOTM8ss=) joinded the party "SLAVES" (id=1 ownerUID=m_TD03B4NXDQrU5koHpLq3WyQf1hXTvQSdETJOTM8ss= ownerName=F11 Simulator)
16:02:33.363 [Party] Player "Druss" (id=mvB_p65s26M1iDgS3KgKpm-UzbAyYM5rER5IINF2xI0=) joinded the party "SLAVES" (id=1 ownerUID=m_TD03B4NXDQrU5koHpLq3WyQf1hXTvQSdETJOTM8ss= ownerName=F11 Simulator)
16:03:46.613 [Party] Player "Druss" (id=mvB_p65s26M1iDgS3KgKpm-UzbAyYM5rER5IINF2xI0=) left the party "SLAVES" (id=1 ownerUID=m_TD03B4NXDQrU5koHpLq3WyQf1hXTvQSdETJOTM8ss= ownerName=F11 Simulator)
16:04:12.537 [VehicleDeleted] Old_Bike_Green (id=FFCB64B441444E8937393BA7A65A4A02 pos=<6833.23, 106.63, 8339.88>)
16:04:25.763 [VehicleEnter] Player "space" (id=UGg48lidZt1dHmok1FLocJ5YccSNKAJS5TzpZ6TNdG4=) entered vehicle Bicycle (id=F456058337409500E24B4C8FE459EAE4 pos=<6834.88, 106.63, 8339.82>) as driver
16:05:13.948 [Party] Player "Druss" (id=mvB_p65s26M1iDgS3KgKpm-UzbAyYM5rER5IINF2xI0=) joinded the party "SLAVES" (id=1 ownerUID=m_TD03B4NXDQrU5koHpLq3WyQf1hXTvQSdETJOTM8ss= ownerName=F11 Simulator)
16:05:21.126 [VehicleLeave] Player "space" (id=UGg48lidZt1dHmok1FLocJ5YccSNKAJS5TzpZ6TNdG4=) left vehicle Bicycle (id=F456058337409500E24B4C8FE459EAE4 pos=<6813.72, 106.81, 8377.54>)
16:05:36.518 [VehicleEnter] Player "space" (id=UGg48lidZt1dHmok1FLocJ5YccSNKAJS5TzpZ6TNdG4=) entered vehicle Bicycle (id=F456058337409500E24B4C8FE459EAE4 pos=<6813.72, 106.81, 8377.54>) as driver
16:05:42.389 [Safezone] Player "F11 Simulator" (id=m_TD03B4NXDQrU5koHpLq3WyQf1hXTvQSdETJOTM8ss= pos=<6758.28, 103.27, 6060.09>) entered the safezone
16:06:34.486 [VehicleLeave] Player "space" (id=UGg48lidZt1dHmok1FLocJ5YccSNKAJS5TzpZ6TNdG4=) left vehicle Bicycle (id=F456058337409500E24B4C8FE459EAE4 pos=<6384.06, 113.59, 8401.99>)
16:06:53.741 [ATM] Player "F11 Simulator" (id=m_TD03B4NXDQrU5koHpLq3WyQf1hXTvQSdETJOTM8ss=) has withdrawn 98282 from his ATM account.
16:07:11.666 [VehicleEnter] Player "space" (id=UGg48lidZt1dHmok1FLocJ5YccSNKAJS5TzpZ6TNdG4=) entered vehicle Bicycle (id=F456058337409500E24B4C8FE459EAE4 pos=<6384.06, 113.59, 8401.99>) as driver
16:08:06.840 [VehicleLeave] Player "space" (id=UGg48lidZt1dHmok1FLocJ5YccSNKAJS5TzpZ6TNdG4=) left vehicle Bicycle (id=F456058337409500E24B4C8FE459EAE4 pos=<6145.15, 124.01, 8154.71>)
16:08:14.204 [Safezone] Player "London" (id=kOLgOs9yYBFVRQG3lqoHveYdP5X8y3SO69cq5MiR4us= pos=<6754.51, 104.05, 6055.84>) entered the safezone
16:08:20.276 [ATM] Player "F11 Simulator" (id=m_TD03B4NXDQrU5koHpLq3WyQf1hXTvQSdETJOTM8ss=) has deposited 98282 on his ATM account.
16:09:27.540 [Safezone] Player "{1:name}" (id={1:id} pos={1:position}) left the safezone
16:09:29.230 [Safezone] Player "{1:name}" (id={1:id} pos={1:position}) left the safezone
16:31:53.518 [MissionAirdrop] An airdrop is heading towards "Onondaga" (pos=<5756.386719, 0.000000, 7200.799316> type=Random_Onondaga) with a ExpansionAirdropContainer_Military
17:02:44.836 [VehicleEnter] Player "space" (id=UGg48lidZt1dHmok1FLocJ5YccSNKAJS5TzpZ6TNdG4=) entered vehicle Bicycle (id=F456058337409500E24B4C8FE459EAE4 pos=<6145.15, 124.01, 8154.71>) as driver
17:04:24.580 [VehicleLeave] Player "space" (id=UGg48lidZt1dHmok1FLocJ5YccSNKAJS5TzpZ6TNdG4=) left vehicle Bicycle (id=F456058337409500E24B4C8FE459EAE4 pos=<6059.29, 177.61, 7658.62>)
17:05:09.991 [VehicleEnter] Player "space" (id=UGg48lidZt1dHmok1FLocJ5YccSNKAJS5TzpZ6TNdG4=) entered vehicle Bicycle (id=F456058337409500E24B4C8FE459EAE4 pos=<6059.29, 177.61, 7658.62>) as driver
17:06:29.017 [VehicleLeave] Player "space" (id=UGg48lidZt1dHmok1FLocJ5YccSNKAJS5TzpZ6TNdG4=) left vehicle Bicycle (id=F456058337409500E24B4C8FE459EAE4 pos=<6282.16, 181.34, 7166.13>)
17:06:57.602 [VehicleEnter] Player "space" (id=UGg48lidZt1dHmok1FLocJ5YccSNKAJS5TzpZ6TNdG4=) entered vehicle Bicycle (id=F456058337409500E24B4C8FE459EAE4 pos=<6282.16, 181.34, 7166.13>) as driver
17:08:26.377 [VehicleLeave] Player "space" (id=UGg48lidZt1dHmok1FLocJ5YccSNKAJS5TzpZ6TNdG4=) left vehicle Bicycle (id=F456058337409500E24B4C8FE459EAE4 pos=<6397.14, 143.39, 6721.23>)
17:12:10.698 [VehicleEnter] Player "space" (id=UGg48lidZt1dHmok1FLocJ5YccSNKAJS5TzpZ6TNdG4=) entered vehicle Bicycle (id=F456058337409500E24B4C8FE459EAE4 pos=<6397.14, 143.39, 6721.23>) as driver
17:13:15.339 [VehicleLeave] Player "space" (id=UGg48lidZt1dHmok1FLocJ5YccSNKAJS5TzpZ6TNdG4=) left vehicle Bicycle (id=F456058337409500E24B4C8FE459EAE4 pos=<6553.59, 102.01, 6328.88>)
17:13:28.555 [VehicleDeleted] Old_Bike_Green (id=F456058337409500E24B4C8FE459EAE4 pos=<6553.59, 102.01, 6328.88>)
17:14:02.531 [Party] Player "ElBizzy" (id=zazFLAJ4lPF6TvVQMMREjst1jC8o_Id9oh_TjGBwaP8=) joinded the party "Viper Ethereal" (id=33 ownerUID=zazFLAJ4lPF6TvVQMMREjst1jC8o_Id9oh_TjGBwaP8= ownerName=ElBizzy)
17:14:17.688 [VehicleDeleted] Old_Bike_Green (id=F1FC072F8A4869EA2637A09634925823 pos=<6556.86, 101.77, 6326.56>)
17:14:27.461 [VehicleAttachments] Player "space" (id=UGg48lidZt1dHmok1FLocJ5YccSNKAJS5TzpZ6TNdG4=) detached Bicycle Wheel (type=bicycle_wheel) from vehicle Bicycle (id=469A9F95064AE31BF4CA44A3CF2FB585 pos=<6557.32, 101.5, 6327.65>)
17:14:38.480 [VehicleAttachments] Player "space" (id=UGg48lidZt1dHmok1FLocJ5YccSNKAJS5TzpZ6TNdG4=) detached Bicycle Wheel (type=ladybicycle_wheel) from vehicle Bicycle (id=0BAB41EE904E35E12287288F63C4EC39 pos=<6557.37, 101.55, 6327.41>)
17:14:51.565 [VehicleDeleted] Lady_Bicycle (id=0BAB41EE904E35E12287288F63C4EC39 pos=<6557.49, 101.45, 6327.34>)
17:15:26.634 [VehicleDeleted] Old_Bike_Green (id=469A9F95064AE31BF4CA44A3CF2FB585 pos=<6557.34, 101.48, 6327.86>)
17:15:38.963 [VehicleEnter] Player "space" (id=UGg48lidZt1dHmok1FLocJ5YccSNKAJS5TzpZ6TNdG4=) entered vehicle Bicycle (id=A09203CBC241191F684ACAB68A2AC9A7 pos=<6561.9, 102.28, 6318.65>) as driver
17:16:19.433 [Safezone] Player "space" (id=UGg48lidZt1dHmok1FLocJ5YccSNKAJS5TzpZ6TNdG4= pos=<6634.32, 105.51, 6199.03>) entered the safezone
17:16:28.273 [Party] Player "Eric" (id=DT1QFut1v8UN48skN3UnroicVIl_5hTizZZZSwLRxk8=) left the party "Die dreisten Drei" (id=46 ownerUID=DT1QFut1v8UN48skN3UnroicVIl_5hTizZZZSwLRxk8= ownerName=Eric)
17:17:12.868 [VehicleLeave] Player "space" (id=UGg48lidZt1dHmok1FLocJ5YccSNKAJS5TzpZ6TNdG4=) left vehicle Bicycle (id=A09203CBC241191F684ACAB68A2AC9A7 pos=<6676.39, 102.51, 6087.74>)
17:19:48.033 [Market] Player "space" (id=UGg48lidZt1dHmok1FLocJ5YccSNKAJS5TzpZ6TNdG4=) has sold repeater x1 (1675f890) at the trader "Weapons (Denis [#STR_EXPANSION_MARKET_TRADER_WEAPONS])" in market zone "Trader Zone" (pos=<6675.160645, 104.603935, 6114.155762>) and got 65.
17:19:51.493 [Market] Player "space" (id=UGg48lidZt1dHmok1FLocJ5YccSNKAJS5TzpZ6TNdG4=) has sold brassknuckles_shiny x1 (bdb906c0) at the trader "Weapons (Denis [#STR_EXPANSION_MARKET_TRADER_WEAPONS])" in market zone "Trader Zone" (pos=<6675.160645, 104.603935, 6114.155762>) and got 2.
17:21:46.804 [VehicleDeleted] Lady_Bicycle (id=A09203CBC241191F684ACAB68A2AC9A7 pos=<6676.39, 102.51, 6087.74>)
17:23:08.834 [Market] Player "space" (id=UGg48lidZt1dHmok1FLocJ5YccSNKAJS5TzpZ6TNdG4=) has bought hatchet x1 (b3494660) from the trader "Components (Cyril [#STR_EXPANSION_MARKET_TRADER_COMPONENTS])" in market zone "Trader Zone" (pos=<6675.160645, 104.603935, 6114.155762>) for a price of 10.
17:23:37.757 [Market] Player "space" (id=UGg48lidZt1dHmok1FLocJ5YccSNKAJS5TzpZ6TNdG4=) has sold izh43shotgun x1 (c56b0320) at the trader "Weapons (Denis [#STR_EXPANSION_MARKET_TRADER_WEAPONS])" in market zone "Trader Zone" (pos=<6675.160645, 104.603935, 6114.155762>) and got 506.
17:24:23.036 [Market] Player "space" (id=UGg48lidZt1dHmok1FLocJ5YccSNKAJS5TzpZ6TNdG4=) has sold colt1911 x1 (c367cd40) at the trader "Weapons (Denis [#STR_EXPANSION_MARKET_TRADER_WEAPONS])" in market zone "Trader Zone" (pos=<6675.160645, 104.603935, 6114.155762>) and got 255.
17:24:53.035 [Safezone] Player "ElBizzy" (id=zazFLAJ4lPF6TvVQMMREjst1jC8o_Id9oh_TjGBwaP8= pos=<6759.16, 102.76, 6067.78>) entered the safezone
17:24:58.331 [Market] Player "space" (id=UGg48lidZt1dHmok1FLocJ5YccSNKAJS5TzpZ6TNdG4=) has sold glock19 x1 (cc3b45b0) at the trader "Weapons (Denis [#STR_EXPANSION_MARKET_TRADER_WEAPONS])" in market zone "Trader Zone" (pos=<6675.160645, 104.603935, 6114.155762>) and got 56.
17:25:02.815 [Market] Player "space" (id=UGg48lidZt1dHmok1FLocJ5YccSNKAJS5TzpZ6TNdG4=) has sold ammo_12gapellets x1 (b348de50) at the trader "Weapons (Denis [#STR_EXPANSION_MARKET_TRADER_WEAPONS])" in market zone "Trader Zone" (pos=<6675.160645, 104.603935, 6114.155762>) and got 3.
17:25:07.464 [Market] Player "space" (id=UGg48lidZt1dHmok1FLocJ5YccSNKAJS5TzpZ6TNdG4=) has sold steakknife x1 (cff03b40) at the trader "Weapons (Denis [#STR_EXPANSION_MARKET_TRADER_WEAPONS])" in market zone "Trader Zone" (pos=<6675.160645, 104.603935, 6114.155762>) and got 6.
17:25:15.953 [ATM] Player "ElBizzy" (id=zazFLAJ4lPF6TvVQMMREjst1jC8o_Id9oh_TjGBwaP8=) has withdrawn 1000 from his ATM account.
17:25:31.429 [Market] Player "space" (id=UGg48lidZt1dHmok1FLocJ5YccSNKAJS5TzpZ6TNdG4=) has sold tlrlight x1 (ccb0cd40) at the trader "Attachments (Jose [#STR_EXPANSION_MARKET_TRADER_ATTACHMENTS])" in market zone "Trader Zone" (pos=<6675.160645, 104.603935, 6114.155762>) and got 22.
17:25:36.548 [Market] Player "space" (id=UGg48lidZt1dHmok1FLocJ5YccSNKAJS5TzpZ6TNdG4=) has sold mag_cz75_15rnd x1 (cdd4b4f0, ammo_9x19 x8) at the trader "Attachments (Jose [#STR_EXPANSION_MARKET_TRADER_ATTACHMENTS])" in market zone "Trader Zone" (pos=<6675.160645, 104.603935, 6114.155762>) and got 30.
17:25:37.056 [Market] Player "space" (id=UGg48lidZt1dHmok1FLocJ5YccSNKAJS5TzpZ6TNdG4=) has sold mag_1911_7rnd x1 (bdbc69f0, ammo_45acp x6) at the trader "Attachments (Jose [#STR_EXPANSION_MARKET_TRADER_ATTACHMENTS])" in market zone "Trader Zone" (pos=<6675.160645, 104.603935, 6114.155762>) and got 21.
17:27:42.053 [Market] Player "ElBizzy" (id=zazFLAJ4lPF6TvVQMMREjst1jC8o_Id9oh_TjGBwaP8=) has sold m4_t3nrdsoptic x1 (9ad33710) at the trader "Attachments (Jose [#STR_EXPANSION_MARKET_TRADER_ATTACHMENTS])" in market zone "Trader Zone" (pos=<6675.160645, 104.603935, 6114.155762>) and got 187.
17:27:52.847 [Market] Player "ElBizzy" (id=zazFLAJ4lPF6TvVQMMREjst1jC8o_Id9oh_TjGBwaP8=) has sold m4_t3nrdsoptic x1 (cca571a0) at the trader "Attachments (Jose [#STR_EXPANSION_MARKET_TRADER_ATTACHMENTS])" in market zone "Trader Zone" (pos=<6675.160645, 104.603935, 6114.155762>) and got 375.
17:30:40.528 [Market] Player "ElBizzy" (id=zazFLAJ4lPF6TvVQMMREjst1jC8o_Id9oh_TjGBwaP8=) has bought pnc_mag_honeybadger_coupled_60rnd x1 (16962aa0) from the trader "Attachments (Jose [#STR_EXPANSION_MARKET_TRADER_ATTACHMENTS])" in market zone "Trader Zone" (pos=<6675.160645, 104.603935, 6114.155762>) for a price of 250.
17:33:08.554 [Market] Player "ElBizzy" (id=zazFLAJ4lPF6TvVQMMREjst1jC8o_Id9oh_TjGBwaP8=) has bought ammobox_300aac_ap_20rnd x1 (facdb9c0) from the trader "Weapons (Denis [#STR_EXPANSION_MARKET_TRADER_WEAPONS])" in market zone "Trader Zone" (pos=<6675.160645, 104.603935, 6114.155762>) for a price of 64.
17:33:10.120 [Market] Player "ElBizzy" (id=zazFLAJ4lPF6TvVQMMREjst1jC8o_Id9oh_TjGBwaP8=) has bought ammobox_300aac_ap_20rnd x1 (face21d0) from the trader "Weapons (Denis [#STR_EXPANSION_MARKET_TRADER_WEAPONS])" in market zone "Trader Zone" (pos=<6675.160645, 104.603935, 6114.155762>) for a price of 64.
17:33:11.672 [Market] Player "ElBizzy" (id=zazFLAJ4lPF6TvVQMMREjst1jC8o_Id9oh_TjGBwaP8=) has bought ammobox_300aac_ap_20rnd x1 (face38f0) from the trader "Weapons (Denis [#STR_EXPANSION_MARKET_TRADER_WEAPONS])" in market zone "Trader Zone" (pos=<6675.160645, 104.603935, 6114.155762>) for a price of 64.
17:33:13.215 [Market] Player "ElBizzy" (id=zazFLAJ4lPF6TvVQMMREjst1jC8o_Id9oh_TjGBwaP8=) has bought ammobox_300aac_ap_20rnd x1 (facb77a0) from the trader "Weapons (Denis [#STR_EXPANSION_MARKET_TRADER_WEAPONS])" in market zone "Trader Zone" (pos=<6675.160645, 104.603935, 6114.155762>) for a price of 64.
17:33:30.243 [Market] Player "space" (id=UGg48lidZt1dHmok1FLocJ5YccSNKAJS5TzpZ6TNdG4=) has sold flashlight x1 (9adc31b0) at the trader "Components (Cyril [#STR_EXPANSION_MARKET_TRADER_COMPONENTS])" in market zone "Trader Zone" (pos=<6675.160645, 104.603935, 6114.155762>) and got 5.
17:33:32.142 [Market] Player "space" (id=UGg48lidZt1dHmok1FLocJ5YccSNKAJS5TzpZ6TNdG4=) has sold flashlight x1 (cfdc4c80) at the trader "Components (Cyril [#STR_EXPANSION_MARKET_TRADER_COMPONENTS])" in market zone "Trader Zone" (pos=<6675.160645, 104.603935, 6114.155762>) and got 11.
17:33:35.278 [Market] Player "space" (id=UGg48lidZt1dHmok1FLocJ5YccSNKAJS5TzpZ6TNdG4=) has sold compass x1 (c714d080) at the trader "Components (Cyril [#STR_EXPANSION_MARKET_TRADER_COMPONENTS])" in market zone "Trader Zone" (pos=<6675.160645, 104.603935, 6114.155762>) and got 1.
17:33:38.418 [Market] Player "space" (id=UGg48lidZt1dHmok1FLocJ5YccSNKAJS5TzpZ6TNdG4=) has sold rope x1 (c6d42250) at the trader "Components (Cyril [#STR_EXPANSION_MARKET_TRADER_COMPONENTS])" in market zone "Trader Zone" (pos=<6675.160645, 104.603935, 6114.155762>) and got 2.
17:33:42.605 [Market] Player "space" (id=UGg48lidZt1dHmok1FLocJ5YccSNKAJS5TzpZ6TNdG4=) has sold woodaxe x1 (9adbec50) at the trader "Components (Cyril [#STR_EXPANSION_MARKET_TRADER_COMPONENTS])" in market zone "Trader Zone" (pos=<6675.160645, 104.603935, 6114.155762>) and got 11.
17:34:59.420 [Market] Player "ElBizzy" (id=zazFLAJ4lPF6TvVQMMREjst1jC8o_Id9oh_TjGBwaP8=) has bought sodacan_fronta x1 (b7c79a80) from the trader "Consumables (Linda [#STR_EXPANSION_MARKET_TRADER_CONSUMABLES])" in market zone "Trader Zone" (pos=<6675.160645, 104.603935, 6114.155762>) for a price of 10.
17:35:00.093 [Market] Player "ElBizzy" (id=zazFLAJ4lPF6TvVQMMREjst1jC8o_Id9oh_TjGBwaP8=) has bought sodacan_fronta x1 (b7c873a0) from the trader "Consumables (Linda [#STR_EXPANSION_MARKET_TRADER_CONSUMABLES])" in market zone "Trader Zone" (pos=<6675.160645, 104.603935, 6114.155762>) for a price of 10.
17:35:00.660 [Market] Player "ElBizzy" (id=zazFLAJ4lPF6TvVQMMREjst1jC8o_Id9oh_TjGBwaP8=) has bought sodacan_fronta x1 (b7c97d00) from the trader "Consumables (Linda [#STR_EXPANSION_MARKET_TRADER_CONSUMABLES])" in market zone "Trader Zone" (pos=<6675.160645, 104.603935, 6114.155762>) for a price of 10.
17:35:02.268 [Market] Player "ElBizzy" (id=zazFLAJ4lPF6TvVQMMREjst1jC8o_Id9oh_TjGBwaP8=) has bought sodacan_fronta x1 (b7c964e0) from the trader "Consumables (Linda [#STR_EXPANSION_MARKET_TRADER_CONSUMABLES])" in market zone "Trader Zone" (pos=<6675.160645, 104.603935, 6114.155762>) for a price of 10.
17:36:18.467 [Market] Player "space" (id=UGg48lidZt1dHmok1FLocJ5YccSNKAJS5TzpZ6TNdG4=) has sold ssh68helmet x1 (23609c50) at the trader "Clothing (Naomi [#STR_EXPANSION_MARKET_TRADER_CLOTHING])" in market zone "Trader Zone" (pos=<6675.160645, 104.603935, 6114.155762>) and got 46.
17:37:17.087 [Market] Player "space" (id=UGg48lidZt1dHmok1FLocJ5YccSNKAJS5TzpZ6TNdG4=) has bought tortillabag x1 (c2671e60) from the trader "Clothing (Naomi [#STR_EXPANSION_MARKET_TRADER_CLOTHING])" in market zone "Trader Zone" (pos=<6675.160645, 104.603935, 6114.155762>) for a price of 180.
17:37:46.543 [ATM] Player "ElBizzy" (id=zazFLAJ4lPF6TvVQMMREjst1jC8o_Id9oh_TjGBwaP8=) has deposited 1016 on his ATM account.
17:38:13.747 [Market] Player "space" (id=UGg48lidZt1dHmok1FLocJ5YccSNKAJS5TzpZ6TNdG4=) has sold drybag_black x1 (cfdc0720) at the trader "Clothing (Naomi [#STR_EXPANSION_MARKET_TRADER_CLOTHING])" in market zone "Trader Zone" (pos=<6675.160645, 104.603935, 6114.155762>) and got 22.
17:38:26.520 [Safezone] Player "{1:name}" (id={1:id} pos={1:position}) left the safezone
17:42:33.133 [Party] Player "Eric" (id=DT1QFut1v8UN48skN3UnroicVIl_5hTizZZZSwLRxk8=) joinded the party "Die dreisten Drei" (id=46 ownerUID=DT1QFut1v8UN48skN3UnroicVIl_5hTizZZZSwLRxk8= ownerName=Eric)
17:42:57.296 [Party] Player "ElBizzy" (id=zazFLAJ4lPF6TvVQMMREjst1jC8o_Id9oh_TjGBwaP8=) left the party "Viper Ethereal" (id=33 ownerUID=zazFLAJ4lPF6TvVQMMREjst1jC8o_Id9oh_TjGBwaP8= ownerName=ElBizzy)
17:55:57.467 [Party] Player "Vichoorosky" (id=tlRNjo629rSh-ytt0v54ULlTd6oiQUCIkMijHvbRzdE=) joinded the party "pene" (id=55 ownerUID=tlRNjo629rSh-ytt0v54ULlTd6oiQUCIkMijHvbRzdE= ownerName=Vichoorosky)
17:58:32.673 [MissionAirdrop] An airdrop is heading towards "Mohawk" (pos=<7978.891113, 0.000000, 7093.604004> type=Random_Mohawk) with a ExpansionAirdropContainer_Medical
18:00:15.840 [VehicleEnter] Player "Vichoorosky" (id=tlRNjo629rSh-ytt0v54ULlTd6oiQUCIkMijHvbRzdE=) entered vehicle Bicycle (id=19835262DF462E040A62C4973A51C363 pos=<3913.43, 166.28, 5819.41>) as driver
18:00:36.755 [Party] Player "Mard" (id=OAEsqfVu9Ya3qx3X2Q_PgbpxSoSDXOIUHhH8VWVuumk=) joinded the party "Viper Ethereal" (id=33 ownerUID=zazFLAJ4lPF6TvVQMMREjst1jC8o_Id9oh_TjGBwaP8= ownerName=ElBizzy)
18:05:10.304 [VehicleLeave] Player "Vichoorosky" (id=tlRNjo629rSh-ytt0v54ULlTd6oiQUCIkMijHvbRzdE=) left vehicle Bicycle (id=19835262DF462E040A62C4973A51C363 pos=<5120.64, 362.59, 5208.69>)
18:05:35.698 [VehicleEnter] Player "Vichoorosky" (id=tlRNjo629rSh-ytt0v54ULlTd6oiQUCIkMijHvbRzdE=) entered vehicle Bicycle (id=19835262DF462E040A62C4973A51C363 pos=<5120.64, 362.59, 5208.69>) as driver
18:05:52.253 [VehicleLeave] Player "Vichoorosky" (id=tlRNjo629rSh-ytt0v54ULlTd6oiQUCIkMijHvbRzdE=) left vehicle Bicycle (id=19835262DF462E040A62C4973A51C363 pos=<5112.56, 364.2, 5190.69>)
18:05:58.544 [VehicleDeleted] Old_Bike_Pink (id=19835262DF462E040A62C4973A51C363 pos=<5112.56, 364.21, 5190.69>)
18:06:08.303 [VehicleEnter] Player "Vichoorosky" (id=tlRNjo629rSh-ytt0v54ULlTd6oiQUCIkMijHvbRzdE=) entered vehicle Bicycle (id=B9178F2C3F49CAC0C80D0F975585E3B5 pos=<5110.7, 364.33, 5187.69>) as driver
18:07:57.536 [VehicleLeave] Player "Vichoorosky" (id=tlRNjo629rSh-ytt0v54ULlTd6oiQUCIkMijHvbRzdE=) left vehicle Bicycle (id=B9178F2C3F49CAC0C80D0F975585E3B5 pos=<4939.08, 322.03, 4516.12>)
18:12:29.804 [Party] Player "Stivi the Kid" (id=W44v5r64t_fNpgzRQNLTal2wQQBqWJ8o-Qcc6Jd5hw8=) joinded the party "Viper Ethereal" (id=33 ownerUID=zazFLAJ4lPF6TvVQMMREjst1jC8o_Id9oh_TjGBwaP8= ownerName=ElBizzy)
18:35:13.014 [Safezone] Player "Druss" (id=mvB_p65s26M1iDgS3KgKpm-UzbAyYM5rER5IINF2xI0= pos=<6700.32, 102.83, 6071.63>) entered the safezone
18:35:35.121 [Safezone] Player "Eric" (id=DT1QFut1v8UN48skN3UnroicVIl_5hTizZZZSwLRxk8= pos=<6700.37, 102.82, 6071.9>) entered the safezone
18:36:17.865 [Party] Player "Druss" (id=mvB_p65s26M1iDgS3KgKpm-UzbAyYM5rER5IINF2xI0=) left the party "SLAVES" (id=1 ownerUID=m_TD03B4NXDQrU5koHpLq3WyQf1hXTvQSdETJOTM8ss= ownerName=F11 Simulator)
18:37:44.270 [Market] Player "Eric" (id=DT1QFut1v8UN48skN3UnroicVIl_5hTizZZZSwLRxk8=) has sold ghillieatt_mossy x1 (212e0bd0) at the trader "Attachments (Jose [#STR_EXPANSION_MARKET_TRADER_ATTACHMENTS])" in market zone "Trader Zone" (pos=<6675.160645, 104.603935, 6114.155762>) and got 165.
18:37:46.101 [Market] Player "Eric" (id=DT1QFut1v8UN48skN3UnroicVIl_5hTizZZZSwLRxk8=) has sold ghillieatt_mossy x1 (d06c21e0) at the trader "Attachments (Jose [#STR_EXPANSION_MARKET_TRADER_ATTACHMENTS])" in market zone "Trader Zone" (pos=<6675.160645, 104.603935, 6114.155762>) and got 165.
18:37:50.793 [Market] Player "Eric" (id=DT1QFut1v8UN48skN3UnroicVIl_5hTizZZZSwLRxk8=) has sold mag_ak74_45rnd x1 (b9e86560, ammo_545x39 x10) at the trader "Attachments (Jose [#STR_EXPANSION_MARKET_TRADER_ATTACHMENTS])" in market zone "Trader Zone" (pos=<6675.160645, 104.603935, 6114.155762>) and got 122.
18:37:51.543 [Market] Player "Eric" (id=DT1QFut1v8UN48skN3UnroicVIl_5hTizZZZSwLRxk8=) has sold mag_ak74_45rnd x1 (c89a7900, ammo_545x39 x16) at the trader "Attachments (Jose [#STR_EXPANSION_MARKET_TRADER_ATTACHMENTS])" in market zone "Trader Zone" (pos=<6675.160645, 104.603935, 6114.155762>) and got 241.
18:37:58.851 [Market] Player "Eric" (id=DT1QFut1v8UN48skN3UnroicVIl_5hTizZZZSwLRxk8=) has sold ak_bayonet x1 (7defc6a0) at the trader "Attachments (Jose [#STR_EXPANSION_MARKET_TRADER_ATTACHMENTS])" in market zone "Trader Zone" (pos=<6675.160645, 104.603935, 6114.155762>) and got 28.
18:37:59.599 [Market] Player "Eric" (id=DT1QFut1v8UN48skN3UnroicVIl_5hTizZZZSwLRxk8=) has sold ak_bayonet x1 (c7983310) at the trader "Attachments (Jose [#STR_EXPANSION_MARKET_TRADER_ATTACHMENTS])" in market zone "Trader Zone" (pos=<6675.160645, 104.603935, 6114.155762>) and got 84.
18:40:30.154 [VehicleDeleted] Lady_Bicycle (id=887D4245284CEC034F3897BB762E4842 pos=<6686.04, 102.47, 6107.09>)
18:41:07.486 [VehicleEnter] Player "Eric" (id=DT1QFut1v8UN48skN3UnroicVIl_5hTizZZZSwLRxk8=) entered vehicle Bicycle (id=D1086403AA4FED798AEAD7B559D4EFD9 pos=<6688.98, 102.58, 6085.84>) as driver
18:41:33.054 [Safezone] Player "{1:name}" (id={1:id} pos={1:position}) left the safezone
18:47:00.398 [VehicleLeave] Player "Eric" (id=DT1QFut1v8UN48skN3UnroicVIl_5hTizZZZSwLRxk8=) left vehicle Bicycle (id=D1086403AA4FED798AEAD7B559D4EFD9 pos=<4284.37, 174.85, 6569.47>)
18:47:01.866 [VehicleDeleted] Lady_Bicycle (id=D1086403AA4FED798AEAD7B559D4EFD9 pos=<4284.37, 174.85, 6569.47>)
18:54:38.255 [Party] Player "Vichoorosky" (id=tlRNjo629rSh-ytt0v54ULlTd6oiQUCIkMijHvbRzdE=) left the party "pene" (id=55 ownerUID=tlRNjo629rSh-ytt0v54ULlTd6oiQUCIkMijHvbRzdE= ownerName=Vichoorosky)
18:55:46.834 [Party] Player "Eric" (id=DT1QFut1v8UN48skN3UnroicVIl_5hTizZZZSwLRxk8=) left the party "Die dreisten Drei" (id=46 ownerUID=DT1QFut1v8UN48skN3UnroicVIl_5hTizZZZSwLRxk8= ownerName=Eric)
18:58:50.316 [Party] Player "F11 Simulator" (id=m_TD03B4NXDQrU5koHpLq3WyQf1hXTvQSdETJOTM8ss=) left the party "SLAVES" (id=1 ownerUID=m_TD03B4NXDQrU5koHpLq3WyQf1hXTvQSdETJOTM8ss= ownerName=F11 Simulator)
18:58:52.059 [Party] Player "London" (id=kOLgOs9yYBFVRQG3lqoHveYdP5X8y3SO69cq5MiR4us=) left the party "SLAVES" (id=1 ownerUID=m_TD03B4NXDQrU5koHpLq3WyQf1hXTvQSdETJOTM8ss= ownerName=F11 Simulator)
18:59:26.166 [Party] Player "Stivi the Kid" (id=W44v5r64t_fNpgzRQNLTal2wQQBqWJ8o-Qcc6Jd5hw8=) left the party "Viper Ethereal" (id=33 ownerUID=zazFLAJ4lPF6TvVQMMREjst1jC8o_Id9oh_TjGBwaP8= ownerName=ElBizzy)
18:59:32.263 [Party] Player "Mard" (id=OAEsqfVu9Ya3qx3X2Q_PgbpxSoSDXOIUHhH8VWVuumk=) left the party "Viper Ethereal" (id=33 ownerUID=zazFLAJ4lPF6TvVQMMREjst1jC8o_Id9oh_TjGBwaP8= ownerName=ElBizzy)
