19:36:39.098 [Safezone] Player "London" (id=kOLgOs9yYBFVRQG3lqoHveYdP5X8y3SO69cq5MiR4us= pos=<6681.03, 102.5, 6108.68>) entered the safezone
19:36:39.099 [Party] Player "London" (id=kOLgOs9yYBFVRQG3lqoHveYdP5X8y3SO69cq5MiR4us=) joinded the party "SLAVES" (id=1 ownerUID=m_TD03B4NXDQrU5koHpLq3WyQf1hXTvQSdETJOTM8ss= ownerName=F11 Simulator)
19:37:01.535 [Safezone] Player "Eric" (id=DT1QFut1v8UN48skN3UnroicVIl_5hTizZZZSwLRxk8= pos=<6666.75, 102.5, 6110.59>) entered the safezone
19:37:01.535 [Party] Player "Eric" (id=DT1QFut1v8UN48skN3UnroicVIl_5hTizZZZSwLRxk8=) joinded the party "Die dreisten Drei" (id=46 ownerUID=DT1QFut1v8UN48skN3UnroicVIl_5hTizZZZSwLRxk8= ownerName=Eric)
19:37:15.755 [Safezone] Player "F11 Simulator" (id=m_TD03B4NXDQrU5koHpLq3WyQf1hXTvQSdETJOTM8ss= pos=<6689.71, 102.5, 6123.63>) entered the safezone
19:37:15.755 [Party] Player "F11 Simulator" (id=m_TD03B4NXDQrU5koHpLq3WyQf1hXTvQSdETJOTM8ss=) joinded the party "SLAVES" (id=1 ownerUID=m_TD03B4NXDQrU5koHpLq3WyQf1hXTvQSdETJOTM8ss= ownerName=F11 Simulator)
19:37:35.854 [Market] Player "Eric" (id=DT1QFut1v8UN48skN3UnroicVIl_5hTizZZZSwLRxk8=) has bought ammobox_556x45_20rnd x1 (f7245c80) from the trader "Weapons (Denis [#STR_EXPANSION_MARKET_TRADER_WEAPONS])" in market zone "Trader Zone" (pos=<6675.160645, 104.603935, 6114.155762>) for a price of 32.
19:37:36.058 [Market] Player "Eric" (id=DT1QFut1v8UN48skN3UnroicVIl_5hTizZZZSwLRxk8=) has bought ammobox_556x45_20rnd x1 (f7246810) from the trader "Weapons (Denis [#STR_EXPANSION_MARKET_TRADER_WEAPONS])" in market zone "Trader Zone" (pos=<6675.160645, 104.603935, 6114.155762>) for a price of 32.
19:37:36.235 [Market] Player "Eric" (id=DT1QFut1v8UN48skN3UnroicVIl_5hTizZZZSwLRxk8=) has bought ammobox_556x45_20rnd x1 (f723f470) from the trader "Weapons (Denis [#STR_EXPANSION_MARKET_TRADER_WEAPONS])" in market zone "Trader Zone" (pos=<6675.160645, 104.603935, 6114.155762>) for a price of 32.
19:37:36.416 [Market] Player "Eric" (id=DT1QFut1v8UN48skN3UnroicVIl_5hTizZZZSwLRxk8=) has bought ammobox_556x45_20rnd x1 (f72473a0) from the trader "Weapons (Denis [#STR_EXPANSION_MARKET_TRADER_WEAPONS])" in market zone "Trader Zone" (pos=<6675.160645, 104.603935, 6114.155762>) for a price of 32.
19:37:36.571 [Market] Player "Eric" (id=DT1QFut1v8UN48skN3UnroicVIl_5hTizZZZSwLRxk8=) has bought ammobox_556x45_20rnd x1 (f72422b0) from the trader "Weapons (Denis [#STR_EXPANSION_MARKET_TRADER_WEAPONS])" in market zone "Trader Zone" (pos=<6675.160645, 104.603935, 6114.155762>) for a price of 32.
19:37:36.737 [Market] Player "Eric" (id=DT1QFut1v8UN48skN3UnroicVIl_5hTizZZZSwLRxk8=) has bought ammobox_556x45_20rnd x1 (f7249650) from the trader "Weapons (Denis [#STR_EXPANSION_MARKET_TRADER_WEAPONS])" in market zone "Trader Zone" (pos=<6675.160645, 104.603935, 6114.155762>) for a price of 32.
19:37:36.920 [Market] Player "Eric" (id=DT1QFut1v8UN48skN3UnroicVIl_5hTizZZZSwLRxk8=) has bought ammobox_556x45_20rnd x1 (f724a1e0) from the trader "Weapons (Denis [#STR_EXPANSION_MARKET_TRADER_WEAPONS])" in market zone "Trader Zone" (pos=<6675.160645, 104.603935, 6114.155762>) for a price of 32.
19:37:37.096 [Market] Player "Eric" (id=DT1QFut1v8UN48skN3UnroicVIl_5hTizZZZSwLRxk8=) has bought ammobox_556x45_20rnd x1 (f724c490) from the trader "Weapons (Denis [#STR_EXPANSION_MARKET_TRADER_WEAPONS])" in market zone "Trader Zone" (pos=<6675.160645, 104.603935, 6114.155762>) for a price of 32.
19:37:37.254 [Market] Player "Eric" (id=DT1QFut1v8UN48skN3UnroicVIl_5hTizZZZSwLRxk8=) has bought ammobox_556x45_20rnd x1 (f724ad70) from the trader "Weapons (Denis [#STR_EXPANSION_MARKET_TRADER_WEAPONS])" in market zone "Trader Zone" (pos=<6675.160645, 104.603935, 6114.155762>) for a price of 32.
19:37:37.422 [Market] Player "Eric" (id=DT1QFut1v8UN48skN3UnroicVIl_5hTizZZZSwLRxk8=) has bought ammobox_556x45_20rnd x1 (f724d020) from the trader "Weapons (Denis [#STR_EXPANSION_MARKET_TRADER_WEAPONS])" in market zone "Trader Zone" (pos=<6675.160645, 104.603935, 6114.155762>) for a price of 32.
19:37:37.631 [Market] Player "Eric" (id=DT1QFut1v8UN48skN3UnroicVIl_5hTizZZZSwLRxk8=) has bought ammobox_556x45_20rnd x1 (f7216160) from the trader "Weapons (Denis [#STR_EXPANSION_MARKET_TRADER_WEAPONS])" in market zone "Trader Zone" (pos=<6675.160645, 104.603935, 6114.155762>) for a price of 32.
19:37:37.797 [Market] Player "Eric" (id=DT1QFut1v8UN48skN3UnroicVIl_5hTizZZZSwLRxk8=) has bought ammobox_556x45_20rnd x1 (f7216cf0) from the trader "Weapons (Denis [#STR_EXPANSION_MARKET_TRADER_WEAPONS])" in market zone "Trader Zone" (pos=<6675.160645, 104.603935, 6114.155762>) for a price of 32.
19:37:39.188 [Market] Player "Eric" (id=DT1QFut1v8UN48skN3UnroicVIl_5hTizZZZSwLRxk8=) has bought ammobox_556x45_20rnd x1 (f7226b50) from the trader "Weapons (Denis [#STR_EXPANSION_MARKET_TRADER_WEAPONS])" in market zone "Trader Zone" (pos=<6675.160645, 104.603935, 6114.155762>) for a price of 32.
19:37:39.352 [Market] Player "Eric" (id=DT1QFut1v8UN48skN3UnroicVIl_5hTizZZZSwLRxk8=) has bought ammobox_556x45_20rnd x1 (f7228270) from the trader "Weapons (Denis [#STR_EXPANSION_MARKET_TRADER_WEAPONS])" in market zone "Trader Zone" (pos=<6675.160645, 104.603935, 6114.155762>) for a price of 32.
19:37:39.550 [Market] Player "Eric" (id=DT1QFut1v8UN48skN3UnroicVIl_5hTizZZZSwLRxk8=) has bought ammobox_556x45_20rnd x1 (f7212790) from the trader "Weapons (Denis [#STR_EXPANSION_MARKET_TRADER_WEAPONS])" in market zone "Trader Zone" (pos=<6675.160645, 104.603935, 6114.155762>) for a price of 32.
19:37:39.703 [Market] Player "Eric" (id=DT1QFut1v8UN48skN3UnroicVIl_5hTizZZZSwLRxk8=) has bought ammobox_556x45_20rnd x1 (f7211070) from the trader "Weapons (Denis [#STR_EXPANSION_MARKET_TRADER_WEAPONS])" in market zone "Trader Zone" (pos=<6675.160645, 104.603935, 6114.155762>) for a price of 32.
19:37:40.695 [Market] Player "Eric" (id=DT1QFut1v8UN48skN3UnroicVIl_5hTizZZZSwLRxk8=) has bought ammobox_556x45_20rnd x1 (f7213320) from the trader "Weapons (Denis [#STR_EXPANSION_MARKET_TRADER_WEAPONS])" in market zone "Trader Zone" (pos=<6675.160645, 104.603935, 6114.155762>) for a price of 32.
19:37:40.895 [Market] Player "Eric" (id=DT1QFut1v8UN48skN3UnroicVIl_5hTizZZZSwLRxk8=) has bought ammobox_556x45_20rnd x1 (f7213eb0) from the trader "Weapons (Denis [#STR_EXPANSION_MARKET_TRADER_WEAPONS])" in market zone "Trader Zone" (pos=<6675.160645, 104.603935, 6114.155762>) for a price of 32.
19:37:41.098 [Market] Player "Eric" (id=DT1QFut1v8UN48skN3UnroicVIl_5hTizZZZSwLRxk8=) has bought ammobox_556x45_20rnd x1 (f72155d0) from the trader "Weapons (Denis [#STR_EXPANSION_MARKET_TRADER_WEAPONS])" in market zone "Trader Zone" (pos=<6675.160645, 104.603935, 6114.155762>) for a price of 32.
19:37:41.806 [Market] Player "Eric" (id=DT1QFut1v8UN48skN3UnroicVIl_5hTizZZZSwLRxk8=) has bought ammobox_556x45_20rnd x1 (f72369b0) from the trader "Weapons (Denis [#STR_EXPANSION_MARKET_TRADER_WEAPONS])" in market zone "Trader Zone" (pos=<6675.160645, 104.603935, 6114.155762>) for a price of 32.
19:40:02.085 [Market] Player "Eric" (id=DT1QFut1v8UN48skN3UnroicVIl_5hTizZZZSwLRxk8=) has bought expansioncheese1 x1 (c68d1fa0) from the trader "Consumables (Linda [#STR_EXPANSION_MARKET_TRADER_CONSUMABLES])" in market zone "Trader Zone" (pos=<6675.160645, 104.603935, 6114.155762>) for a price of 15.
