19:01:32.757 [Party] Player "AlexTheGreater" (id=XKW3NSAmVY_49hb77ALecHmmYM5N-Lny6mbSfsjgElY=) joinded the party "GREATEST" (id=25 ownerUID=XKW3NSAmVY_49hb77ALecHmmYM5N-Lny6mbSfsjgElY= ownerName=AlexTheGreater)
19:01:35.960 [Party] Player "QueenBritni" (id=-NnesdkAmmBFCDUojeK6CJNH_jx9Ip2YYynNh2IL-So=) joinded the party "GREATEST" (id=25 ownerUID=XKW3NSAmVY_49hb77ALecHmmYM5N-Lny6mbSfsjgElY= ownerName=AlexTheGreater)
19:01:36.531 [Party] Player "Psycho" (id=PdnDpmQpqsoC-GAwb_0iaAddYnNQVZJy0-LGUsHYeuE=) joinded the party "GREATEST" (id=25 ownerUID=XKW3NSAmVY_49hb77ALecHmmYM5N-Lny6mbSfsjgElY= ownerName=AlexTheGreater)
19:01:50.234 [Party] Player "Hossi" (id=e7mF0CMT_KUl9StZIPWzckIgQ3lH3lcsohAj3aA5lJE=) joinded the party "Nasse" (id=18 ownerUID=jiSboo32SQZAMp7VxNNFwsMUk2-s3fPPrck_5xKkgu0= ownerName=PatMax)
19:01:51.304 [Party] Player "PatMax" (id=jiSboo32SQZAMp7VxNNFwsMUk2-s3fPPrck_5xKkgu0=) joinded the party "Nasse" (id=18 ownerUID=jiSboo32SQZAMp7VxNNFwsMUk2-s3fPPrck_5xKkgu0= ownerName=PatMax)
19:04:57.039 [Party] Player "F11 Simulator" (id=m_TD03B4NXDQrU5koHpLq3WyQf1hXTvQSdETJOTM8ss=) joinded the party "SLAVES" (id=1 ownerUID=m_TD03B4NXDQrU5koHpLq3WyQf1hXTvQSdETJOTM8ss= ownerName=F11 Simulator)
19:05:30.882 [Party] Player "nasse" (id=dmbJP8NvI3U2uK2x7fvjt3rBpBYGO5-qdmz57jOe_To=) joinded the party "Nasse" (id=18 ownerUID=jiSboo32SQZAMp7VxNNFwsMUk2-s3fPPrck_5xKkgu0= ownerName=PatMax)
19:07:02.039 [Party] Player "London" (id=kOLgOs9yYBFVRQG3lqoHveYdP5X8y3SO69cq5MiR4us=) joinded the party "SLAVES" (id=1 ownerUID=m_TD03B4NXDQrU5koHpLq3WyQf1hXTvQSdETJOTM8ss= ownerName=F11 Simulator)
19:56:41.179 [Safezone] Player "Jimothy" (id=m5zjtn_4xcwHeV3QCHhpp0GTuyebd8FGgcAMmiquYkc= pos=<6576.48, 138.58, 6120.29>) entered the safezone
19:58:08.484 [Market] Player "Jimothy" (id=m5zjtn_4xcwHeV3QCHhpp0GTuyebd8FGgcAMmiquYkc=) has sold makarovij70 x1 (1e6e32c0) at the trader "Weapons (Denis [#STR_EXPANSION_MARKET_TRADER_WEAPONS])" in market zone "Trader Zone" (pos=<6675.160645, 104.603935, 6114.155762>) and got 18.
19:58:13.859 [Market] Player "Jimothy" (id=m5zjtn_4xcwHeV3QCHhpp0GTuyebd8FGgcAMmiquYkc=) has sold makarovij70 x1 (1e6e8e30) at the trader "Weapons (Denis [#STR_EXPANSION_MARKET_TRADER_WEAPONS])" in market zone "Trader Zone" (pos=<6675.160645, 104.603935, 6114.155762>) and got 75.
19:58:24.218 [Killfeed] [PALLI] nasse bled out.
19:58:38.625 [Party] Player "nasse" (id=dmbJP8NvI3U2uK2x7fvjt3rBpBYGO5-qdmz57jOe_To=) left the party "Nasse" (id=18 ownerUID=jiSboo32SQZAMp7VxNNFwsMUk2-s3fPPrck_5xKkgu0= ownerName=PatMax)
19:58:50.343 [Market] Player "Jimothy" (id=m5zjtn_4xcwHeV3QCHhpp0GTuyebd8FGgcAMmiquYkc=) has sold aks74u x1 (7a732840) at the trader "Weapons (Denis [#STR_EXPANSION_MARKET_TRADER_WEAPONS])" in market zone "Trader Zone" (pos=<6675.160645, 104.603935, 6114.155762>) and got 618.
19:59:23.835 [Killfeed] [PALLI] PatMax bled out.
19:59:38.546 [Party] Player "PatMax" (id=jiSboo32SQZAMp7VxNNFwsMUk2-s3fPPrck_5xKkgu0=) left the party "Nasse" (id=18 ownerUID=jiSboo32SQZAMp7VxNNFwsMUk2-s3fPPrck_5xKkgu0= ownerName=PatMax)
19:59:42.289 [Market] Player "Jimothy" (id=m5zjtn_4xcwHeV3QCHhpp0GTuyebd8FGgcAMmiquYkc=) has sold ak_foldingbttstck x1 (15f87150) at the trader "Attachments (Jose [#STR_EXPANSION_MARKET_TRADER_ATTACHMENTS])" in market zone "Trader Zone" (pos=<6675.160645, 104.603935, 6114.155762>) and got 140.
19:59:49.976 [Market] Player "Jimothy" (id=m5zjtn_4xcwHeV3QCHhpp0GTuyebd8FGgcAMmiquYkc=) has sold mag_mp5_30rnd x1 (16334780) at the trader "Attachments (Jose [#STR_EXPANSION_MARKET_TRADER_ATTACHMENTS])" in market zone "Trader Zone" (pos=<6675.160645, 104.603935, 6114.155762>) and got 37.
19:59:50.531 [Market] Player "Jimothy" (id=m5zjtn_4xcwHeV3QCHhpp0GTuyebd8FGgcAMmiquYkc=) has sold mag_mp5_30rnd x1 (116f0c60) at the trader "Attachments (Jose [#STR_EXPANSION_MARKET_TRADER_ATTACHMENTS])" in market zone "Trader Zone" (pos=<6675.160645, 104.603935, 6114.155762>) and got 37.
19:59:52.421 [Killfeed] [PALLI] Hossi was killed by an explosion caused by 6-M7 Frag Grenade.
19:59:57.148 [Party] Player "Hossi" (id=e7mF0CMT_KUl9StZIPWzckIgQ3lH3lcsohAj3aA5lJE=) left the party "Nasse" (id=18 ownerUID=jiSboo32SQZAMp7VxNNFwsMUk2-s3fPPrck_5xKkgu0= ownerName=PatMax)
20:00:01.062 [Market] Player "Jimothy" (id=m5zjtn_4xcwHeV3QCHhpp0GTuyebd8FGgcAMmiquYkc=) has sold pistoloptic x1 (4007a130) at the trader "Attachments (Jose [#STR_EXPANSION_MARKET_TRADER_ATTACHMENTS])" in market zone "Trader Zone" (pos=<6675.160645, 104.603935, 6114.155762>) and got 18.
20:00:01.695 [Market] Player "Jimothy" (id=m5zjtn_4xcwHeV3QCHhpp0GTuyebd8FGgcAMmiquYkc=) has sold pistoloptic x1 (4007d170) at the trader "Attachments (Jose [#STR_EXPANSION_MARKET_TRADER_ATTACHMENTS])" in market zone "Trader Zone" (pos=<6675.160645, 104.603935, 6114.155762>) and got 56.
20:00:03.750 [Safezone] Player "F11 Simulator" (id=m_TD03B4NXDQrU5koHpLq3WyQf1hXTvQSdETJOTM8ss= pos=<6765.77, 102.09, 6082.47>) entered the safezone
20:00:05.640 [Safezone] Player "London" (id=kOLgOs9yYBFVRQG3lqoHveYdP5X8y3SO69cq5MiR4us= pos=<6769.22, 102.01, 6082.55>) entered the safezone
20:00:27.218 [ATM] Player "London" (id=kOLgOs9yYBFVRQG3lqoHveYdP5X8y3SO69cq5MiR4us=) has withdrawn 4000 from his ATM account.
20:00:36.617 [Market] Player "Jimothy" (id=m5zjtn_4xcwHeV3QCHhpp0GTuyebd8FGgcAMmiquYkc=) has bought battery9v x1 (1e3380e0) from the trader "Components (Cyril [#STR_EXPANSION_MARKET_TRADER_COMPONENTS])" in market zone "Trader Zone" (pos=<6675.160645, 104.603935, 6114.155762>) for a price of 10.
20:00:37.195 [Market] Player "Jimothy" (id=m5zjtn_4xcwHeV3QCHhpp0GTuyebd8FGgcAMmiquYkc=) has bought battery9v x1 (1e340ba0) from the trader "Components (Cyril [#STR_EXPANSION_MARKET_TRADER_COMPONENTS])" in market zone "Trader Zone" (pos=<6675.160645, 104.603935, 6114.155762>) for a price of 10.
20:00:49.296 [Market] Player "F11 Simulator" (id=m_TD03B4NXDQrU5koHpLq3WyQf1hXTvQSdETJOTM8ss=) has sold m4a1 x1 (3ab3edc0, M4_OEBttstck<146c69a0>, M4_PlasticHndgrd<1f4c0600>, M4_CarryHandleOptic<f48b9c0>, Mag_CMAG_20Rnd<1f4cbf00>, ammo_556x45 x5) at the trader "Weapons (Denis [#STR_EXPANSION_MARKET_TRADER_WEAPONS])" in market zone "Trader Zone" (pos=<6675.160645, 104.603935, 6114.155762>) and got 1530.
20:01:09.609 [Market] Player "F11 Simulator" (id=m_TD03B4NXDQrU5koHpLq3WyQf1hXTvQSdETJOTM8ss=) has bought mag_stanagcoupled_30rnd x1 (1f4ac240, ammo_556x45 x60) from the trader "Attachments (Jose [#STR_EXPANSION_MARKET_TRADER_ATTACHMENTS])" in market zone "Trader Zone" (pos=<6675.160645, 104.603935, 6114.155762>) for a price of 340.
20:01:09.789 [Market] Player "F11 Simulator" (id=m_TD03B4NXDQrU5koHpLq3WyQf1hXTvQSdETJOTM8ss=) has bought mag_stanagcoupled_30rnd x1 (1f4a7150, ammo_556x45 x60) from the trader "Attachments (Jose [#STR_EXPANSION_MARKET_TRADER_ATTACHMENTS])" in market zone "Trader Zone" (pos=<6675.160645, 104.603935, 6114.155762>) for a price of 340.
20:01:12.320 [Market] Player "F11 Simulator" (id=m_TD03B4NXDQrU5koHpLq3WyQf1hXTvQSdETJOTM8ss=) has bought m4_suppressor x1 (1f4c0600) from the trader "Attachments (Jose [#STR_EXPANSION_MARKET_TRADER_ATTACHMENTS])" in market zone "Trader Zone" (pos=<6675.160645, 104.603935, 6114.155762>) for a price of 25.
20:01:12.500 [Market] Player "F11 Simulator" (id=m_TD03B4NXDQrU5koHpLq3WyQf1hXTvQSdETJOTM8ss=) has bought m4_suppressor x1 (1f4cb370) from the trader "Attachments (Jose [#STR_EXPANSION_MARKET_TRADER_ATTACHMENTS])" in market zone "Trader Zone" (pos=<6675.160645, 104.603935, 6114.155762>) for a price of 25.
20:01:32.281 [Market] Player "London" (id=kOLgOs9yYBFVRQG3lqoHveYdP5X8y3SO69cq5MiR4us=) has sold pso11optic x1 (1c5c7370) at the trader "Attachments (Jose [#STR_EXPANSION_MARKET_TRADER_ATTACHMENTS])" in market zone "Trader Zone" (pos=<6675.160645, 104.603935, 6114.155762>) and got 262.
20:01:58.375 [Market] Player "F11 Simulator" (id=m_TD03B4NXDQrU5koHpLq3WyQf1hXTvQSdETJOTM8ss=) has bought ammobox_556x45_20rnd x5 (f0ab250) from the trader "Weapons (Denis [#STR_EXPANSION_MARKET_TRADER_WEAPONS])" in market zone "Trader Zone" (pos=<6675.160645, 104.603935, 6114.155762>) for a price of 160.
20:02:04.015 [Market] Player "London" (id=kOLgOs9yYBFVRQG3lqoHveYdP5X8y3SO69cq5MiR4us=) has bought pso1optic x1 (1810ba10, Battery9V<1e779fd0>) from the trader "Attachments (Jose [#STR_EXPANSION_MARKET_TRADER_ATTACHMENTS])" in market zone "Trader Zone" (pos=<6675.160645, 104.603935, 6114.155762>) for a price of 1110.
20:02:04.171 [Market] Player "Jimothy" (id=m5zjtn_4xcwHeV3QCHhpp0GTuyebd8FGgcAMmiquYkc=) has sold roadflare x1 (400734a0) at the trader "Components (Cyril [#STR_EXPANSION_MARKET_TRADER_COMPONENTS])" in market zone "Trader Zone" (pos=<6675.160645, 104.603935, 6114.155762>) and got 1.
20:02:11.812 [Market] Player "London" (id=kOLgOs9yYBFVRQG3lqoHveYdP5X8y3SO69cq5MiR4us=) has bought ak_suppressor x1 (16924880) from the trader "Attachments (Jose [#STR_EXPANSION_MARKET_TRADER_ATTACHMENTS])" in market zone "Trader Zone" (pos=<6675.160645, 104.603935, 6114.155762>) for a price of 25.
20:02:27.960 [Market] Player "F11 Simulator" (id=m_TD03B4NXDQrU5koHpLq3WyQf1hXTvQSdETJOTM8ss=) has bought battery9v x1 (1a3bb7b0) from the trader "Components (Cyril [#STR_EXPANSION_MARKET_TRADER_COMPONENTS])" in market zone "Trader Zone" (pos=<6675.160645, 104.603935, 6114.155762>) for a price of 10.
20:02:28.875 [Market] Player "F11 Simulator" (id=m_TD03B4NXDQrU5koHpLq3WyQf1hXTvQSdETJOTM8ss=) has bought battery9v x1 (1a3b2160) from the trader "Components (Cyril [#STR_EXPANSION_MARKET_TRADER_COMPONENTS])" in market zone "Trader Zone" (pos=<6675.160645, 104.603935, 6114.155762>) for a price of 10.
20:02:35.000 [Market] Player "F11 Simulator" (id=m_TD03B4NXDQrU5koHpLq3WyQf1hXTvQSdETJOTM8ss=) has bought weaponcleaningkit x1 (1a3bfd10) from the trader "Components (Cyril [#STR_EXPANSION_MARKET_TRADER_COMPONENTS])" in market zone "Trader Zone" (pos=<6675.160645, 104.603935, 6114.155762>) for a price of 8.
20:02:35.453 [Market] Player "F11 Simulator" (id=m_TD03B4NXDQrU5koHpLq3WyQf1hXTvQSdETJOTM8ss=) has bought leathersewingkit x1 (1a3c1fc0) from the trader "Components (Cyril [#STR_EXPANSION_MARKET_TRADER_COMPONENTS])" in market zone "Trader Zone" (pos=<6675.160645, 104.603935, 6114.155762>) for a price of 5.
20:03:21.367 [Market] Player "F11 Simulator" (id=m_TD03B4NXDQrU5koHpLq3WyQf1hXTvQSdETJOTM8ss=) has bought tacticalbaconcan x1 (1a71f980) from the trader "Consumables (Linda [#STR_EXPANSION_MARKET_TRADER_CONSUMABLES])" in market zone "Trader Zone" (pos=<6675.160645, 104.603935, 6114.155762>) for a price of 20.
20:03:22.796 [Market] Player "F11 Simulator" (id=m_TD03B4NXDQrU5koHpLq3WyQf1hXTvQSdETJOTM8ss=) has bought tacticalbaconcan x1 (1a72a260) from the trader "Consumables (Linda [#STR_EXPANSION_MARKET_TRADER_CONSUMABLES])" in market zone "Trader Zone" (pos=<6675.160645, 104.603935, 6114.155762>) for a price of 20.
20:03:22.984 [Market] Player "F11 Simulator" (id=m_TD03B4NXDQrU5koHpLq3WyQf1hXTvQSdETJOTM8ss=) has bought tacticalbaconcan x1 (1a738790) from the trader "Consumables (Linda [#STR_EXPANSION_MARKET_TRADER_CONSUMABLES])" in market zone "Trader Zone" (pos=<6675.160645, 104.603935, 6114.155762>) for a price of 20.
20:04:03.445 [Market] Player "London" (id=kOLgOs9yYBFVRQG3lqoHveYdP5X8y3SO69cq5MiR4us=) has bought mag_svd_10rnd x1 (161c87a0, ammo_762x54 x10) from the trader "Attachments (Jose [#STR_EXPANSION_MARKET_TRADER_ATTACHMENTS])" in market zone "Trader Zone" (pos=<6675.160645, 104.603935, 6114.155762>) for a price of 270.
20:04:08.562 [Market] Player "F11 Simulator" (id=m_TD03B4NXDQrU5koHpLq3WyQf1hXTvQSdETJOTM8ss=) has bought battery9v x1 (161c2b20) from the trader "Components (Cyril [#STR_EXPANSION_MARKET_TRADER_COMPONENTS])" in market zone "Trader Zone" (pos=<6675.160645, 104.603935, 6114.155762>) for a price of 10.
20:04:08.664 [Market] Player "F11 Simulator" (id=m_TD03B4NXDQrU5koHpLq3WyQf1hXTvQSdETJOTM8ss=) has bought battery9v x1 (161c9330) from the trader "Components (Cyril [#STR_EXPANSION_MARKET_TRADER_COMPONENTS])" in market zone "Trader Zone" (pos=<6675.160645, 104.603935, 6114.155762>) for a price of 10.
20:04:28.882 [Market] Player "London" (id=kOLgOs9yYBFVRQG3lqoHveYdP5X8y3SO69cq5MiR4us=) has bought mag_svd_10rnd x1 (1a3cc1a0, ammo_762x54 x10) from the trader "Attachments (Jose [#STR_EXPANSION_MARKET_TRADER_ATTACHMENTS])" in market zone "Trader Zone" (pos=<6675.160645, 104.603935, 6114.155762>) for a price of 270.
20:04:58.984 [Market] Player "Jimothy" (id=m5zjtn_4xcwHeV3QCHhpp0GTuyebd8FGgcAMmiquYkc=) has bought ammobox_545x39_20rnd x1 (1a3e7900) from the trader "Weapons (Denis [#STR_EXPANSION_MARKET_TRADER_WEAPONS])" in market zone "Trader Zone" (pos=<6675.160645, 104.603935, 6114.155762>) for a price of 32.
20:04:59.687 [Market] Player "Jimothy" (id=m5zjtn_4xcwHeV3QCHhpp0GTuyebd8FGgcAMmiquYkc=) has bought ammobox_545x39_20rnd x1 (1a3b15d0) from the trader "Weapons (Denis [#STR_EXPANSION_MARKET_TRADER_WEAPONS])" in market zone "Trader Zone" (pos=<6675.160645, 104.603935, 6114.155762>) for a price of 32.
20:05:00.906 [Market] Player "Jimothy" (id=m5zjtn_4xcwHeV3QCHhpp0GTuyebd8FGgcAMmiquYkc=) has bought ammobox_545x39_20rnd x1 (1a3cfb70) from the trader "Weapons (Denis [#STR_EXPANSION_MARKET_TRADER_WEAPONS])" in market zone "Trader Zone" (pos=<6675.160645, 104.603935, 6114.155762>) for a price of 32.
20:05:04.281 [Market] Player "Jimothy" (id=m5zjtn_4xcwHeV3QCHhpp0GTuyebd8FGgcAMmiquYkc=) has bought ammobox_762x39_20rnd x1 (1a3ea740) from the trader "Weapons (Denis [#STR_EXPANSION_MARKET_TRADER_WEAPONS])" in market zone "Trader Zone" (pos=<6675.160645, 104.603935, 6114.155762>) for a price of 32.
20:05:09.140 [Market] Player "Jimothy" (id=m5zjtn_4xcwHeV3QCHhpp0GTuyebd8FGgcAMmiquYkc=) has bought ammobox_762x54_20rnd x1 (1e155210) from the trader "Weapons (Denis [#STR_EXPANSION_MARKET_TRADER_WEAPONS])" in market zone "Trader Zone" (pos=<6675.160645, 104.603935, 6114.155762>) for a price of 32.
20:06:29.820 [Market] Player "Jimothy" (id=m5zjtn_4xcwHeV3QCHhpp0GTuyebd8FGgcAMmiquYkc=) has sold puscopeoptic x1 (4007ad40) at the trader "Attachments (Jose [#STR_EXPANSION_MARKET_TRADER_ATTACHMENTS])" in market zone "Trader Zone" (pos=<6675.160645, 104.603935, 6114.155762>) and got 168.
20:06:30.437 [Party] Player "GorillaXTL" (id=gr6k_ptrvo3tcpvVM34O3Ckci8OZjIcM9FtCoRzeL2Y=) joinded the party "Spartan Ferocious" (id=14 ownerUID=gr6k_ptrvo3tcpvVM34O3Ckci8OZjIcM9FtCoRzeL2Y= ownerName=GorillaXTL)
20:07:03.179 [Market] Player "London" (id=kOLgOs9yYBFVRQG3lqoHveYdP5X8y3SO69cq5MiR4us=) has bought expansioncheese2 x1 (1869ccb0) from the trader "Consumables (Linda [#STR_EXPANSION_MARKET_TRADER_CONSUMABLES])" in market zone "Trader Zone" (pos=<6675.160645, 104.603935, 6114.155762>) for a price of 15.
20:07:24.710 [Market] Player "Jimothy" (id=m5zjtn_4xcwHeV3QCHhpp0GTuyebd8FGgcAMmiquYkc=) has sold pliers x1 (556506e0) at the trader "Components (Cyril [#STR_EXPANSION_MARKET_TRADER_COMPONENTS])" in market zone "Trader Zone" (pos=<6675.160645, 104.603935, 6114.155762>) and got 0.
20:07:26.132 [Market] Player "Jimothy" (id=m5zjtn_4xcwHeV3QCHhpp0GTuyebd8FGgcAMmiquYkc=) has sold screwdriver x1 (55656ef0) at the trader "Components (Cyril [#STR_EXPANSION_MARKET_TRADER_COMPONENTS])" in market zone "Trader Zone" (pos=<6675.160645, 104.603935, 6114.155762>) and got 0.
20:07:27.617 [Market] Player "Jimothy" (id=m5zjtn_4xcwHeV3QCHhpp0GTuyebd8FGgcAMmiquYkc=) has sold canopener x1 (55649ed0) at the trader "Components (Cyril [#STR_EXPANSION_MARKET_TRADER_COMPONENTS])" in market zone "Trader Zone" (pos=<6675.160645, 104.603935, 6114.155762>) and got 7.
20:07:30.601 [Market] Player "Jimothy" (id=m5zjtn_4xcwHeV3QCHhpp0GTuyebd8FGgcAMmiquYkc=) has sold hacksaw x1 (55651270) at the trader "Components (Cyril [#STR_EXPANSION_MARKET_TRADER_COMPONENTS])" in market zone "Trader Zone" (pos=<6675.160645, 104.603935, 6114.155762>) and got 3.
20:07:41.007 [Market] Player "Jimothy" (id=m5zjtn_4xcwHeV3QCHhpp0GTuyebd8FGgcAMmiquYkc=) has bought battery9v x1 (817509b0) from the trader "Components (Cyril [#STR_EXPANSION_MARKET_TRADER_COMPONENTS])" in market zone "Trader Zone" (pos=<6675.160645, 104.603935, 6114.155762>) for a price of 10.
20:07:42.039 [Market] Player "Jimothy" (id=m5zjtn_4xcwHeV3QCHhpp0GTuyebd8FGgcAMmiquYkc=) has bought battery9v x1 (817520d0) from the trader "Components (Cyril [#STR_EXPANSION_MARKET_TRADER_COMPONENTS])" in market zone "Trader Zone" (pos=<6675.160645, 104.603935, 6114.155762>) for a price of 10.
20:07:50.218 [Market] Player "London" (id=kOLgOs9yYBFVRQG3lqoHveYdP5X8y3SO69cq5MiR4us=) has bought expansioncheese3 x1 (f4a1790) from the trader "Consumables (Linda [#STR_EXPANSION_MARKET_TRADER_CONSUMABLES])" in market zone "Trader Zone" (pos=<6675.160645, 104.603935, 6114.155762>) for a price of 15.
20:08:00.000 [ATM] Player "F11 Simulator" (id=m_TD03B4NXDQrU5koHpLq3WyQf1hXTvQSdETJOTM8ss=) has deposited 527 on his ATM account.
20:08:19.437 [Market] Player "London" (id=kOLgOs9yYBFVRQG3lqoHveYdP5X8y3SO69cq5MiR4us=) has bought lunchmeat x5 (16ae2470) from the trader "Consumables (Linda [#STR_EXPANSION_MARKET_TRADER_CONSUMABLES])" in market zone "Trader Zone" (pos=<6675.160645, 104.603935, 6114.155762>) for a price of 75.
20:08:21.531 [Market] Player "Jimothy" (id=m5zjtn_4xcwHeV3QCHhpp0GTuyebd8FGgcAMmiquYkc=) has bought mag_ak74_30rnd x1 (8175f0f0, ammo_545x39 x30) from the trader "Attachments (Jose [#STR_EXPANSION_MARKET_TRADER_ATTACHMENTS])" in market zone "Trader Zone" (pos=<6675.160645, 104.603935, 6114.155762>) for a price of 280.
20:08:37.140 [Market] Player "Jimothy" (id=m5zjtn_4xcwHeV3QCHhpp0GTuyebd8FGgcAMmiquYkc=) has bought weaponcleaningkit x1 (74ee5ce0) from the trader "Components (Cyril [#STR_EXPANSION_MARKET_TRADER_COMPONENTS])" in market zone "Trader Zone" (pos=<6675.160645, 104.603935, 6114.155762>) for a price of 8.
20:08:37.937 [Market] Player "Jimothy" (id=m5zjtn_4xcwHeV3QCHhpp0GTuyebd8FGgcAMmiquYkc=) has bought weaponcleaningkit x1 (74ee6870) from the trader "Components (Cyril [#STR_EXPANSION_MARKET_TRADER_COMPONENTS])" in market zone "Trader Zone" (pos=<6675.160645, 104.603935, 6114.155762>) for a price of 8.
20:08:49.375 [ATM] Player "London" (id=kOLgOs9yYBFVRQG3lqoHveYdP5X8y3SO69cq5MiR4us=) has deposited 2482 on his ATM account.
20:10:03.906 [Market] Player "Jimothy" (id=m5zjtn_4xcwHeV3QCHhpp0GTuyebd8FGgcAMmiquYkc=) has sold mag_ruger1022_15rnd x1 (5564e430, ammo_22 x15) at the trader "Attachments (Jose [#STR_EXPANSION_MARKET_TRADER_ATTACHMENTS])" in market zone "Trader Zone" (pos=<6675.160645, 104.603935, 6114.155762>) and got 61.
20:10:12.398 [Market] Player "Jimothy" (id=m5zjtn_4xcwHeV3QCHhpp0GTuyebd8FGgcAMmiquYkc=) has sold mag_cz75_15rnd x1 (f9e6f00, ammo_9x19 x8) at the trader "Attachments (Jose [#STR_EXPANSION_MARKET_TRADER_ATTACHMENTS])" in market zone "Trader Zone" (pos=<6675.160645, 104.603935, 6114.155762>) and got 15.
20:10:28.015 [Market] Player "Jimothy" (id=m5zjtn_4xcwHeV3QCHhpp0GTuyebd8FGgcAMmiquYkc=) has bought mag_ak74_45rnd x1 (74f1cba0, ammo_545x39 x45) from the trader "Attachments (Jose [#STR_EXPANSION_MARKET_TRADER_ATTACHMENTS])" in market zone "Trader Zone" (pos=<6675.160645, 104.603935, 6114.155762>) for a price of 390.
20:10:38.406 [Safezone] Player "{1:name}" (id={1:id} pos={1:position}) left the safezone
20:10:42.312 [Safezone] Player "{1:name}" (id={1:id} pos={1:position}) left the safezone
20:11:51.617 [Market] Player "Jimothy" (id=m5zjtn_4xcwHeV3QCHhpp0GTuyebd8FGgcAMmiquYkc=) has sold mag_ak74_30rnd x1 (1834bd20) at the trader "Attachments (Jose [#STR_EXPANSION_MARKET_TRADER_ATTACHMENTS])" in market zone "Trader Zone" (pos=<6675.160645, 104.603935, 6114.155762>) and got 165.
20:11:52.007 [Market] Player "Jimothy" (id=m5zjtn_4xcwHeV3QCHhpp0GTuyebd8FGgcAMmiquYkc=) has sold mag_ak74_30rnd x1 (15f82060) at the trader "Attachments (Jose [#STR_EXPANSION_MARKET_TRADER_ATTACHMENTS])" in market zone "Trader Zone" (pos=<6675.160645, 104.603935, 6114.155762>) and got 165.
20:11:52.570 [Market] Player "Jimothy" (id=m5zjtn_4xcwHeV3QCHhpp0GTuyebd8FGgcAMmiquYkc=) has sold mag_ak74_30rnd x1 (8175f0f0) at the trader "Attachments (Jose [#STR_EXPANSION_MARKET_TRADER_ATTACHMENTS])" in market zone "Trader Zone" (pos=<6675.160645, 104.603935, 6114.155762>) and got 165.
20:11:53.656 [Market] Player "Jimothy" (id=m5zjtn_4xcwHeV3QCHhpp0GTuyebd8FGgcAMmiquYkc=) has bought mag_ak74_45rnd x1 (7f1e4450, ammo_545x39 x45) from the trader "Attachments (Jose [#STR_EXPANSION_MARKET_TRADER_ATTACHMENTS])" in market zone "Trader Zone" (pos=<6675.160645, 104.603935, 6114.155762>) for a price of 390.
20:12:53.265 [Party] Player "Snake" (id=XdV1Tgi1K6I07F6zRJn2dth0jfL5g2JILemUB_WzYhE=) joinded the party "Diddys Disciples" (id=26 ownerUID= ownerName=)
20:12:53.265 [Party] Player "Snake" (id=XdV1Tgi1K6I07F6zRJn2dth0jfL5g2JILemUB_WzYhE=) created a party named Diddys Disciples (DIDDY)
20:13:55.218 [ATM] Player "Jimothy" (id=m5zjtn_4xcwHeV3QCHhpp0GTuyebd8FGgcAMmiquYkc=) has deposited 473 on his ATM account.
20:13:58.140 [ATM] Player "Jimothy" (id=m5zjtn_4xcwHeV3QCHhpp0GTuyebd8FGgcAMmiquYkc=) has withdrawn 100473 from his ATM account.
20:24:28.234 [Killfeed] Ansum got killed by Cam with Splitting Axe.
20:25:13.851 [Killfeed] Psycholoco commited suicide with Kitchen Knife.
20:26:41.453 [Party] Player "DubVNation" (id=AUAOz-139bUYYmmGpZK-0TkWCQp6vEP3irvR0Qkx5Ys=) joinded the party "engineers" (id=27 ownerUID= ownerName=)
20:26:41.453 [Party] Player "DubVNation" (id=AUAOz-139bUYYmmGpZK-0TkWCQp6vEP3irvR0Qkx5Ys=) created a party named engineers (1371)
20:26:46.437 [Killfeed] Ansum got killed by Cam with Splitting Axe.
20:27:50.062 [Killfeed] Cam commited suicide with Splitting Axe.
20:28:22.187 [Party] Player "DubVNation" (id=AUAOz-139bUYYmmGpZK-0TkWCQp6vEP3irvR0Qkx5Ys=) left the party "engineers" (id=27 ownerUID=AUAOz-139bUYYmmGpZK-0TkWCQp6vEP3irvR0Qkx5Ys= ownerName=DubVNation)
20:28:30.453 [Party] Player "Gus" (id=RE05caT__5EfUiKgwaQAM-lgIkdbXDrPElFk6gtHgqQ=) joinded the party "engr" (id=28 ownerUID= ownerName=)
20:28:30.453 [Party] Player "Gus" (id=RE05caT__5EfUiKgwaQAM-lgIkdbXDrPElFk6gtHgqQ=) created a party named engr (engr)
20:30:18.929 [Killfeed] Cam got killed by Ansum with Shovel.
20:31:01.320 [Party] Player "LEZIENTE" (id=ps47fp3xeoA9NP4omdc75NKxQkScsxXydelOk12yuJU=) joinded the party "Pirate" (id=10 ownerUID=JiINkm_yiXggXmjzWKLDZ3qrwLEDopmYuEIYCwBunxQ= ownerName=fabkobparis)
20:36:47.320 [Party] Player "LEZIENTE" (id=ps47fp3xeoA9NP4omdc75NKxQkScsxXydelOk12yuJU=) left the party "Pirate" (id=10 ownerUID=JiINkm_yiXggXmjzWKLDZ3qrwLEDopmYuEIYCwBunxQ= ownerName=fabkobparis)
20:37:59.820 [Killfeed] [GREAT] Psycho got mauled to death by a Skullspider.
20:38:29.312 [Killfeed] [GREAT] AlexTheGreater got mauled to death by a Queen Skullspider.
20:38:46.273 [Killfeed] [GREAT] QueenBritni got mauled to death by a Skullspider.
20:39:01.523 [Party] Player "AlexTheGreater" (id=XKW3NSAmVY_49hb77ALecHmmYM5N-Lny6mbSfsjgElY=) left the party "GREATEST" (id=25 ownerUID=XKW3NSAmVY_49hb77ALecHmmYM5N-Lny6mbSfsjgElY= ownerName=AlexTheGreater)
20:39:04.890 [Party] Player "QueenBritni" (id=-NnesdkAmmBFCDUojeK6CJNH_jx9Ip2YYynNh2IL-So=) left the party "GREATEST" (id=25 ownerUID=XKW3NSAmVY_49hb77ALecHmmYM5N-Lny6mbSfsjgElY= ownerName=AlexTheGreater)
20:39:28.414 [Party] Player "Psycho" (id=PdnDpmQpqsoC-GAwb_0iaAddYnNQVZJy0-LGUsHYeuE=) left the party "GREATEST" (id=25 ownerUID=XKW3NSAmVY_49hb77ALecHmmYM5N-Lny6mbSfsjgElY= ownerName=AlexTheGreater)
20:44:15.914 [Party] Player "GorillaXTL" (id=gr6k_ptrvo3tcpvVM34O3Ckci8OZjIcM9FtCoRzeL2Y=) invited the player "TuDADDYalvarez" (id=iIvAiYHtk6CZAcoiWP9VQiwpKOnjg9hxhvXVnTUXMPY=)to the party named Spartan Ferocious
20:46:37.523 [BaseBuildingRaiding] ------------------------- Expansion Base Raiding Damage Report -------------------------
20:46:37.531 [BaseBuildingRaiding] Player "London" (id=kOLgOs9yYBFVRQG3lqoHveYdP5X8y3SO69cq5MiR4us= pos=<7498.43, 121.52, 6302.97>) damaged ExpansionWall6x3 at <7493.67, 120.79, 6339.8>
20:46:37.531 [BaseBuildingRaiding] They dealt 15.5998 * 1 = 15.5998 damage with Bullet_556x45Tracer from Aug
20:46:37.531 [BaseBuildingRaiding] GlobalHealth hitpoints decreased from 30000 to 29984.4
20:46:37.531 [BaseBuildingRaiding] ----------------------------------------------------------------------------------------
20:47:00.851 [Party] Player "TuDADDYalvarez" (id=iIvAiYHtk6CZAcoiWP9VQiwpKOnjg9hxhvXVnTUXMPY=) joinded the party "Spartan Ferocious" (id=14 ownerUID=gr6k_ptrvo3tcpvVM34O3Ckci8OZjIcM9FtCoRzeL2Y= ownerName=GorillaXTL)
20:47:55.460 [Party] Player "Gus" (id=RE05caT__5EfUiKgwaQAM-lgIkdbXDrPElFk6gtHgqQ=) invited the player "DubVNation" (id=AUAOz-139bUYYmmGpZK-0TkWCQp6vEP3irvR0Qkx5Ys=)to the party named engr
20:48:11.773 [Party] Player "DubVNation" (id=AUAOz-139bUYYmmGpZK-0TkWCQp6vEP3irvR0Qkx5Ys=) joinded the party "engr" (id=28 ownerUID=RE05caT__5EfUiKgwaQAM-lgIkdbXDrPElFk6gtHgqQ= ownerName=Gus)
20:51:08.281 [Party] Player "Cam" (id=afBJjHtkCm_KhWGyq-3T6lncNq1itYR8ZRSZsIWYPEQ=) joinded the party "Raven Dark" (id=29 ownerUID= ownerName=)
20:51:08.281 [Party] Player "Cam" (id=afBJjHtkCm_KhWGyq-3T6lncNq1itYR8ZRSZsIWYPEQ=) created a party named Raven Dark (Raven)
20:51:08.289 [Party] Player "Cam" (id=afBJjHtkCm_KhWGyq-3T6lncNq1itYR8ZRSZsIWYPEQ=) invited the player "Daniel Kane" (id=-37GuIZ_-HzSRCiEA4D7H3qphdqWKCljVmF6amDQK_Q=)to the party named Raven Dark
21:09:03.343 [Party] Player "Snake" (id=XdV1Tgi1K6I07F6zRJn2dth0jfL5g2JILemUB_WzYhE=) invited the player "Alastorr" (id=uC9Fh0enQvj6yv2333P2I4FcVL9yxvpn3TlP787K6yk=)to the party named Diddys Disciples
21:09:15.101 [Party] Player "Alastorr" (id=uC9Fh0enQvj6yv2333P2I4FcVL9yxvpn3TlP787K6yk=) joinded the party "Diddys Disciples" (id=26 ownerUID=XdV1Tgi1K6I07F6zRJn2dth0jfL5g2JILemUB_WzYhE= ownerName=Snake)
21:30:49.265 [Party] Player "Cam" (id=afBJjHtkCm_KhWGyq-3T6lncNq1itYR8ZRSZsIWYPEQ=) left the party "Raven Dark" (id=29 ownerUID=afBJjHtkCm_KhWGyq-3T6lncNq1itYR8ZRSZsIWYPEQ= ownerName=Cam)
21:32:31.875 [Party] Player "DubVNation" (id=AUAOz-139bUYYmmGpZK-0TkWCQp6vEP3irvR0Qkx5Ys=) left the party "engr" (id=28 ownerUID=RE05caT__5EfUiKgwaQAM-lgIkdbXDrPElFk6gtHgqQ= ownerName=Gus)
21:32:34.992 [Party] Player "Gus" (id=RE05caT__5EfUiKgwaQAM-lgIkdbXDrPElFk6gtHgqQ=) left the party "engr" (id=28 ownerUID=RE05caT__5EfUiKgwaQAM-lgIkdbXDrPElFk6gtHgqQ= ownerName=Gus)
21:43:59.195 [Safezone] Player "F11 Simulator" (id=m_TD03B4NXDQrU5koHpLq3WyQf1hXTvQSdETJOTM8ss= pos=<6699.97, 102.79, 6072.85>) entered the safezone
21:44:01.312 [Safezone] Player "London" (id=kOLgOs9yYBFVRQG3lqoHveYdP5X8y3SO69cq5MiR4us= pos=<6700.41, 102.78, 6073.84>) entered the safezone
21:44:36.351 [ATM] Player "London" (id=kOLgOs9yYBFVRQG3lqoHveYdP5X8y3SO69cq5MiR4us=) has withdrawn 3000 from his ATM account.
21:44:59.273 [Party] Player "Snake" (id=XdV1Tgi1K6I07F6zRJn2dth0jfL5g2JILemUB_WzYhE=) invited the player "Ansum" (id=kwj50tGkEeYLCGbiPEiXqSI-Oo0TyTuh-xlkFlJ7TKc=)to the party named Diddys Disciples
21:45:06.890 [Party] Player "Ansum" (id=kwj50tGkEeYLCGbiPEiXqSI-Oo0TyTuh-xlkFlJ7TKc=) joinded the party "Diddys Disciples" (id=26 ownerUID=XdV1Tgi1K6I07F6zRJn2dth0jfL5g2JILemUB_WzYhE= ownerName=Snake)
21:48:37.445 [Market] Player "London" (id=kOLgOs9yYBFVRQG3lqoHveYdP5X8y3SO69cq5MiR4us=) has bought stunbaton x1 (1a3b2cf0) from the trader "Weapons (Denis [#STR_EXPANSION_MARKET_TRADER_WEAPONS])" in market zone "Trader Zone" (pos=<6675.160645, 104.603935, 6114.155762>) for a price of 15.
21:49:51.179 [Market] Player "London" (id=kOLgOs9yYBFVRQG3lqoHveYdP5X8y3SO69cq5MiR4us=) has bought ammobox_556x45_20rnd x10 (146b8df0) from the trader "Weapons (Denis [#STR_EXPANSION_MARKET_TRADER_WEAPONS])" in market zone "Trader Zone" (pos=<6675.160645, 104.603935, 6114.155762>) for a price of 320.
21:51:05.054 [Market] Player "F11 Simulator" (id=m_TD03B4NXDQrU5koHpLq3WyQf1hXTvQSdETJOTM8ss=) has sold ducttape x1 (4e174cf0) at the trader "BuildingSupplies (Boris [#STR_EXPANSION_MARKET_TRADER_BUILDING_SUPPLIES])" in market zone "Trader Zone" (pos=<6675.160645, 104.603935, 6114.155762>) and got 0.
21:51:45.859 [ATM] Player "F11 Simulator" (id=m_TD03B4NXDQrU5koHpLq3WyQf1hXTvQSdETJOTM8ss=) has withdrawn 76063 from his ATM account.
21:52:01.726 [Market] Player "London" (id=kOLgOs9yYBFVRQG3lqoHveYdP5X8y3SO69cq5MiR4us=) has sold repeater x1 (1a635bf0) at the trader "Weapons (Denis [#STR_EXPANSION_MARKET_TRADER_WEAPONS])" in market zone "Trader Zone" (pos=<6675.160645, 104.603935, 6114.155762>) and got 196.
21:52:03.703 [Market] Player "F11 Simulator" (id=m_TD03B4NXDQrU5koHpLq3WyQf1hXTvQSdETJOTM8ss=) has bought expansionstove x1 (1647eb00) from the trader "BuildingSupplies (Boris [#STR_EXPANSION_MARKET_TRADER_BUILDING_SUPPLIES])" in market zone "Trader Zone" (pos=<6675.160645, 104.603935, 6114.155762>) for a price of 1500.
21:52:19.281 [Market] Player "F11 Simulator" (id=m_TD03B4NXDQrU5koHpLq3WyQf1hXTvQSdETJOTM8ss=) has bought pumpkinseeds x1 (16635070) from the trader "BuildingSupplies (Boris [#STR_EXPANSION_MARKET_TRADER_BUILDING_SUPPLIES])" in market zone "Trader Zone" (pos=<6675.160645, 104.603935, 6114.155762>) for a price of 10.
21:52:19.507 [Market] Player "F11 Simulator" (id=m_TD03B4NXDQrU5koHpLq3WyQf1hXTvQSdETJOTM8ss=) has bought pumpkinseeds x1 (1663db30) from the trader "BuildingSupplies (Boris [#STR_EXPANSION_MARKET_TRADER_BUILDING_SUPPLIES])" in market zone "Trader Zone" (pos=<6675.160645, 104.603935, 6114.155762>) for a price of 10.
21:52:19.640 [Market] Player "F11 Simulator" (id=m_TD03B4NXDQrU5koHpLq3WyQf1hXTvQSdETJOTM8ss=) has bought pumpkinseeds x1 (16637320) from the trader "BuildingSupplies (Boris [#STR_EXPANSION_MARKET_TRADER_BUILDING_SUPPLIES])" in market zone "Trader Zone" (pos=<6675.160645, 104.603935, 6114.155762>) for a price of 10.
21:52:20.140 [Market] Player "F11 Simulator" (id=m_TD03B4NXDQrU5koHpLq3WyQf1hXTvQSdETJOTM8ss=) has bought pumpkinseeds x1 (1663b880) from the trader "BuildingSupplies (Boris [#STR_EXPANSION_MARKET_TRADER_BUILDING_SUPPLIES])" in market zone "Trader Zone" (pos=<6675.160645, 104.603935, 6114.155762>) for a price of 10.
21:52:20.265 [Market] Player "F11 Simulator" (id=m_TD03B4NXDQrU5koHpLq3WyQf1hXTvQSdETJOTM8ss=) has bought pumpkinseeds x1 (166437b0) from the trader "BuildingSupplies (Boris [#STR_EXPANSION_MARKET_TRADER_BUILDING_SUPPLIES])" in market zone "Trader Zone" (pos=<6675.160645, 104.603935, 6114.155762>) for a price of 10.
21:52:20.468 [Market] Player "F11 Simulator" (id=m_TD03B4NXDQrU5koHpLq3WyQf1hXTvQSdETJOTM8ss=) has bought pumpkinseeds x1 (1663e6c0) from the trader "BuildingSupplies (Boris [#STR_EXPANSION_MARKET_TRADER_BUILDING_SUPPLIES])" in market zone "Trader Zone" (pos=<6675.160645, 104.603935, 6114.155762>) for a price of 10.
21:52:32.648 [Market] Player "F11 Simulator" (id=m_TD03B4NXDQrU5koHpLq3WyQf1hXTvQSdETJOTM8ss=) has bought largegascanister x1 (319611a0) from the trader "BuildingSupplies (Boris [#STR_EXPANSION_MARKET_TRADER_BUILDING_SUPPLIES])" in market zone "Trader Zone" (pos=<6675.160645, 104.603935, 6114.155762>) for a price of 200.
21:52:45.250 [Market] Player "F11 Simulator" (id=m_TD03B4NXDQrU5koHpLq3WyQf1hXTvQSdETJOTM8ss=) has bought expansioncamoboxkit x1 (1e179fc0) from the trader "BuildingSupplies (Boris [#STR_EXPANSION_MARKET_TRADER_BUILDING_SUPPLIES])" in market zone "Trader Zone" (pos=<6675.160645, 104.603935, 6114.155762>) for a price of 2600.
21:53:28.578 [Market] Player "F11 Simulator" (id=m_TD03B4NXDQrU5koHpLq3WyQf1hXTvQSdETJOTM8ss=) has bought tacticalbaconcan x1 (f929040) from the trader "Consumables (Linda [#STR_EXPANSION_MARKET_TRADER_CONSUMABLES])" in market zone "Trader Zone" (pos=<6675.160645, 104.603935, 6114.155762>) for a price of 20.
21:53:28.851 [Market] Player "F11 Simulator" (id=m_TD03B4NXDQrU5koHpLq3WyQf1hXTvQSdETJOTM8ss=) has bought tacticalbaconcan x1 (f9223b0) from the trader "Consumables (Linda [#STR_EXPANSION_MARKET_TRADER_CONSUMABLES])" in market zone "Trader Zone" (pos=<6675.160645, 104.603935, 6114.155762>) for a price of 20.
21:53:39.648 [ATM] Player "London" (id=kOLgOs9yYBFVRQG3lqoHveYdP5X8y3SO69cq5MiR4us=) has deposited 2861 on his ATM account.
21:53:50.429 [ATM] Player "London" (id=kOLgOs9yYBFVRQG3lqoHveYdP5X8y3SO69cq5MiR4us=) has withdrawn 3000 from his ATM account.
21:54:09.203 [ATM] Player "F11 Simulator" (id=m_TD03B4NXDQrU5koHpLq3WyQf1hXTvQSdETJOTM8ss=) has deposited 71663 on his ATM account.
21:54:12.757 [Market] Player "London" (id=kOLgOs9yYBFVRQG3lqoHveYdP5X8y3SO69cq5MiR4us=) has bought lunchmeat x3 (125f9b00) from the trader "Consumables (Linda [#STR_EXPANSION_MARKET_TRADER_CONSUMABLES])" in market zone "Trader Zone" (pos=<6675.160645, 104.603935, 6114.155762>) for a price of 45.
21:54:36.375 [ATM] Player "London" (id=kOLgOs9yYBFVRQG3lqoHveYdP5X8y3SO69cq5MiR4us=) has deposited 2955 on his ATM account.
21:55:23.625 [Safezone] Player "{1:name}" (id={1:id} pos={1:position}) left the safezone
21:55:24.312 [Safezone] Player "{1:name}" (id={1:id} pos={1:position}) left the safezone
22:00:01.656 [Party] Player "GorillaXTL" (id=gr6k_ptrvo3tcpvVM34O3Ckci8OZjIcM9FtCoRzeL2Y=) left the party "Spartan Ferocious" (id=14 ownerUID=gr6k_ptrvo3tcpvVM34O3Ckci8OZjIcM9FtCoRzeL2Y= ownerName=GorillaXTL)
22:00:01.656 [Party] Player "TuDADDYalvarez" (id=iIvAiYHtk6CZAcoiWP9VQiwpKOnjg9hxhvXVnTUXMPY=) left the party "Spartan Ferocious" (id=14 ownerUID=gr6k_ptrvo3tcpvVM34O3Ckci8OZjIcM9FtCoRzeL2Y= ownerName=GorillaXTL)
22:00:01.664 [Party] Player "F11 Simulator" (id=m_TD03B4NXDQrU5koHpLq3WyQf1hXTvQSdETJOTM8ss=) left the party "SLAVES" (id=1 ownerUID=m_TD03B4NXDQrU5koHpLq3WyQf1hXTvQSdETJOTM8ss= ownerName=F11 Simulator)
22:00:01.671 [Party] Player "London" (id=kOLgOs9yYBFVRQG3lqoHveYdP5X8y3SO69cq5MiR4us=) left the party "SLAVES" (id=1 ownerUID=m_TD03B4NXDQrU5koHpLq3WyQf1hXTvQSdETJOTM8ss= ownerName=F11 Simulator)
22:00:01.671 [Party] Player "Snake" (id=XdV1Tgi1K6I07F6zRJn2dth0jfL5g2JILemUB_WzYhE=) left the party "Diddys Disciples" (id=26 ownerUID=XdV1Tgi1K6I07F6zRJn2dth0jfL5g2JILemUB_WzYhE= ownerName=Snake)
22:00:01.679 [Party] Player "Ansum" (id=kwj50tGkEeYLCGbiPEiXqSI-Oo0TyTuh-xlkFlJ7TKc=) left the party "Diddys Disciples" (id=26 ownerUID=XdV1Tgi1K6I07F6zRJn2dth0jfL5g2JILemUB_WzYhE= ownerName=Snake)
22:00:01.687 [Party] Player "Alastorr" (id=uC9Fh0enQvj6yv2333P2I4FcVL9yxvpn3TlP787K6yk=) left the party "Diddys Disciples" (id=26 ownerUID=XdV1Tgi1K6I07F6zRJn2dth0jfL5g2JILemUB_WzYhE= ownerName=Snake)
