07:06:22.261 [MissionAirdrop] An airdrop is heading towards "Erie" (pos=<723.437744, 0.000000, 8062.600098> type=Random_Erie) with a ExpansionAirdropContainer_Basebuilding
08:05:17.916 [VehicleEnter] Player "Gun" (id=dQV0MWQE63QrNRXqd-4btd7ZbIxSfqWMKo6FakQaWEs=) entered vehicle Bicycle (id=37AF67CBE3403A33D36B0BADEF23B546 pos=<4022.12, 170.29, 5681.49>) as driver
08:06:39.778 [VehicleLeave] Player "Gun" (id=dQV0MWQE63QrNRXqd-4btd7ZbIxSfqWMKo6FakQaWEs=) left vehicle Bicycle (id=37AF67CBE3403A33D36B0BADEF23B546 pos=<3921.69, 166.28, 5953.84>)
08:07:03.413 [VehicleEnter] Player "Gun" (id=dQV0MWQE63QrNRXqd-4btd7ZbIxSfqWMKo6FakQaWEs=) entered vehicle Bicycle (id=37AF67CBE3403A33D36B0BADEF23B546 pos=<3921.69, 166.28, 5953.84>) as driver
08:07:44.866 [VehicleLeave] Player "Gun" (id=dQV0MWQE63QrNRXqd-4btd7ZbIxSfqWMKo6FakQaWEs=) left vehicle Bicycle (id=37AF67CBE3403A33D36B0BADEF23B546 pos=<4128.69, 183.16, 5852.81>)
08:08:11.068 [VehicleDeleted] Old_Bike (id=37AF67CBE3403A33D36B0BADEF23B546 pos=<4128.69, 183.16, 5852.81>)
08:08:21.641 [VehicleEnter] Player "Gun" (id=dQV0MWQE63QrNRXqd-4btd7ZbIxSfqWMKo6FakQaWEs=) entered vehicle Bicycle (id=56C5298127422CA02D9C3382AB871366 pos=<4130.43, 183.16, 5851.12>) as driver
08:09:23.621 [VehicleLeave] Player "Gun" (id=dQV0MWQE63QrNRXqd-4btd7ZbIxSfqWMKo6FakQaWEs=) left vehicle Bicycle (id=56C5298127422CA02D9C3382AB871366 pos=<4344.11, 212.15, 5952.34>)
08:12:03.364 [VehicleDeleted] Old_Bike (id=56C5298127422CA02D9C3382AB871366 pos=<4344.11, 212.15, 5952.34>)
08:12:18.126 [VehicleEnter] Player "Gun" (id=dQV0MWQE63QrNRXqd-4btd7ZbIxSfqWMKo6FakQaWEs=) entered vehicle Bicycle (id=66462D736C4B61DC0CC5EB865F57FB64 pos=<4341.42, 211.84, 5964.18>) as driver
08:13:20.161 [VehicleLeave] Player "Gun" (id=dQV0MWQE63QrNRXqd-4btd7ZbIxSfqWMKo6FakQaWEs=) left vehicle Bicycle (id=66462D736C4B61DC0CC5EB865F57FB64 pos=<4284.91, 175.01, 6187.22>)
08:13:30.296 [VehicleDeleted] Old_Bike (id=66462D736C4B61DC0CC5EB865F57FB64 pos=<4284.91, 175.01, 6187.22>)
08:14:33.071 [VehicleEnter] Player "Gun" (id=dQV0MWQE63QrNRXqd-4btd7ZbIxSfqWMKo6FakQaWEs=) entered vehicle Bicycle (id=F72BB7E1D94EB2ED26462D84E1E8EBB8 pos=<4281.91, 174.87, 6193.56>) as driver
08:15:09.759 [VehicleLeave] Player "Gun" (id=dQV0MWQE63QrNRXqd-4btd7ZbIxSfqWMKo6FakQaWEs=) left vehicle Bicycle (id=F72BB7E1D94EB2ED26462D84E1E8EBB8 pos=<4317.67, 174.87, 6253.11>)
08:15:36.389 [VehicleDeleted] Old_Bike (id=F72BB7E1D94EB2ED26462D84E1E8EBB8 pos=<4317.67, 174.87, 6253.11>)
08:17:45.251 [VehicleEnter] Player "Gun" (id=dQV0MWQE63QrNRXqd-4btd7ZbIxSfqWMKo6FakQaWEs=) entered vehicle Bicycle (id=A419BADCC649EADE358DC2BD395EC102 pos=<4303.03, 174.87, 6257.51>) as driver
08:18:25.803 [VehicleLeave] Player "Gun" (id=dQV0MWQE63QrNRXqd-4btd7ZbIxSfqWMKo6FakQaWEs=) left vehicle Bicycle (id=A419BADCC649EADE358DC2BD395EC102 pos=<4298.77, 174.87, 6493.8>)
08:19:05.566 [VehicleEnter] Player "Gun" (id=dQV0MWQE63QrNRXqd-4btd7ZbIxSfqWMKo6FakQaWEs=) entered vehicle Bicycle (id=A419BADCC649EADE358DC2BD395EC102 pos=<4298.77, 174.87, 6493.8>) as driver
08:22:15.356 [VehicleLeave] Player "Gun" (id=dQV0MWQE63QrNRXqd-4btd7ZbIxSfqWMKo6FakQaWEs=) left vehicle Bicycle (id=A419BADCC649EADE358DC2BD395EC102 pos=<4532.19, 183.65, 6596.77>)
08:24:15.455 [VehicleEnter] Player "Gun" (id=dQV0MWQE63QrNRXqd-4btd7ZbIxSfqWMKo6FakQaWEs=) entered vehicle Bicycle (id=A419BADCC649EADE358DC2BD395EC102 pos=<4532.19, 183.65, 6596.77>) as driver
08:24:37.986 [VehicleLeave] Player "Gun" (id=dQV0MWQE63QrNRXqd-4btd7ZbIxSfqWMKo6FakQaWEs=) left vehicle Bicycle (id=A419BADCC649EADE358DC2BD395EC102 pos=<4603.17, 183.65, 6615.22>)
08:28:07.228 [VehicleEnter] Player "Gun" (id=dQV0MWQE63QrNRXqd-4btd7ZbIxSfqWMKo6FakQaWEs=) entered vehicle Bicycle (id=A419BADCC649EADE358DC2BD395EC102 pos=<4603.17, 183.65, 6615.22>) as driver
08:29:16.034 [VehicleLeave] Player "Gun" (id=dQV0MWQE63QrNRXqd-4btd7ZbIxSfqWMKo6FakQaWEs=) left vehicle Bicycle (id=A419BADCC649EADE358DC2BD395EC102 pos=<4859.01, 177.32, 6607.91>)
08:34:17.471 [MissionAirdrop] An airdrop is heading towards "Mohawk" (pos=<7978.891113, 0.000000, 7093.604004> type=Random_Mohawk) with a ExpansionAirdropContainer_Basebuilding
08:37:41.633 [VehicleEnter] Player "Gun" (id=dQV0MWQE63QrNRXqd-4btd7ZbIxSfqWMKo6FakQaWEs=) entered vehicle Bicycle (id=A419BADCC649EADE358DC2BD395EC102 pos=<4859.01, 177.32, 6607.91>) as driver
08:38:11.243 [VehicleLeave] Player "Gun" (id=dQV0MWQE63QrNRXqd-4btd7ZbIxSfqWMKo6FakQaWEs=) left vehicle Bicycle (id=A419BADCC649EADE358DC2BD395EC102 pos=<4962.24, 177.32, 6617.92>)
08:40:23.049 [VehicleEnter] Player "Gun" (id=dQV0MWQE63QrNRXqd-4btd7ZbIxSfqWMKo6FakQaWEs=) entered vehicle Bicycle (id=A419BADCC649EADE358DC2BD395EC102 pos=<4962.24, 177.32, 6617.92>) as driver
08:46:19.453 [VehicleLeave] Player "Gun" (id=dQV0MWQE63QrNRXqd-4btd7ZbIxSfqWMKo6FakQaWEs=) left vehicle Bicycle (id=A419BADCC649EADE358DC2BD395EC102 pos=<6559.07, 101.05, 6327.65>)
08:46:51.159 [VehicleDeleted] Old_Bike (id=A419BADCC649EADE358DC2BD395EC102 pos=<6559.07, 101.05, 6327.65>)
08:47:13.964 [VehicleEnter] Player "Gun" (id=dQV0MWQE63QrNRXqd-4btd7ZbIxSfqWMKo6FakQaWEs=) entered vehicle Bicycle (id=B57DF49101439FC1B8E003B3253D276F pos=<6565.39, 101.88, 6315.84>) as driver
08:47:33.867 [Safezone] Player "Gun" (id=dQV0MWQE63QrNRXqd-4btd7ZbIxSfqWMKo6FakQaWEs= pos=<6633.84, 104.71, 6204.12>) entered the safezone
08:48:46.208 [VehicleLeave] Player "Gun" (id=dQV0MWQE63QrNRXqd-4btd7ZbIxSfqWMKo6FakQaWEs=) left vehicle Bicycle (id=B57DF49101439FC1B8E003B3253D276F pos=<6667.65, 102.49, 6129.26>)
08:49:03.600 [VehicleDeleted] Old_Bike (id=B57DF49101439FC1B8E003B3253D276F pos=<6667.65, 102.49, 6129.26>)
08:49:47.522 [Market] Player "Gun" (id=dQV0MWQE63QrNRXqd-4btd7ZbIxSfqWMKo6FakQaWEs=) has sold aks74u x1 (6d7ab8a0) at the trader "Weapons (Denis [#STR_EXPANSION_MARKET_TRADER_WEAPONS])" in market zone "Trader Zone" (pos=<6675.160645, 104.603935, 6114.155762>) and got 825.
08:50:18.861 [Market] Player "Gun" (id=dQV0MWQE63QrNRXqd-4btd7ZbIxSfqWMKo6FakQaWEs=) has sold fnx45 x1 (3b85f4c0) at the trader "Weapons (Denis [#STR_EXPANSION_MARKET_TRADER_WEAPONS])" in market zone "Trader Zone" (pos=<6675.160645, 104.603935, 6114.155762>) and got 131.
08:52:07.429 [Market] Player "Gun" (id=dQV0MWQE63QrNRXqd-4btd7ZbIxSfqWMKo6FakQaWEs=) has sold sks x1 (895c1ca0) at the trader "Weapons (Denis [#STR_EXPANSION_MARKET_TRADER_WEAPONS])" in market zone "Trader Zone" (pos=<6675.160645, 104.603935, 6114.155762>) and got 337.
08:52:20.688 [Market] Player "Gun" (id=dQV0MWQE63QrNRXqd-4btd7ZbIxSfqWMKo6FakQaWEs=) has sold cz75 x1 (6d7b2e30, FNP45_MRDSOptic<3321c3a0>, Battery9V<6834f470>, TLRLight<72b20f10>, Battery9V<72b21aa0>, Mag_CZ75_15Rnd<68351720>, ammo_9x19 x10, PistolSuppressor<4321feb0>) at the trader "Weapons (Denis [#STR_EXPANSION_MARKET_TRADER_WEAPONS])" in market zone "Trader Zone" (pos=<6675.160645, 104.603935, 6114.155762>) and got 343.
08:53:51.156 [Market] Player "Gun" (id=dQV0MWQE63QrNRXqd-4btd7ZbIxSfqWMKo6FakQaWEs=) has bought weaponcleaningkit x1 (7a403900) from the trader "Components (Cyril [#STR_EXPANSION_MARKET_TRADER_COMPONENTS])" in market zone "Trader Zone" (pos=<6675.160645, 104.603935, 6114.155762>) for a price of 8.
08:53:51.859 [Market] Player "Gun" (id=dQV0MWQE63QrNRXqd-4btd7ZbIxSfqWMKo6FakQaWEs=) has bought weaponcleaningkit x1 (7a40b830) from the trader "Components (Cyril [#STR_EXPANSION_MARKET_TRADER_COMPONENTS])" in market zone "Trader Zone" (pos=<6675.160645, 104.603935, 6114.155762>) for a price of 8.
08:54:02.486 [Market] Player "Gun" (id=dQV0MWQE63QrNRXqd-4btd7ZbIxSfqWMKo6FakQaWEs=) has bought weaponcleaningkit x1 (7a40c3c0) from the trader "Components (Cyril [#STR_EXPANSION_MARKET_TRADER_COMPONENTS])" in market zone "Trader Zone" (pos=<6675.160645, 104.603935, 6114.155762>) for a price of 8.
08:59:32.316 [Market] Player "Gun" (id=dQV0MWQE63QrNRXqd-4btd7ZbIxSfqWMKo6FakQaWEs=) has sold ammobox_9x39_20rnd x1 (4200b0c0) at the trader "Weapons (Denis [#STR_EXPANSION_MARKET_TRADER_WEAPONS])" in market zone "Trader Zone" (pos=<6675.160645, 104.603935, 6114.155762>) and got 3.
08:59:35.416 [Market] Player "Gun" (id=dQV0MWQE63QrNRXqd-4btd7ZbIxSfqWMKo6FakQaWEs=) has sold ammobox_9x39ap_20rnd x1 (3deae5f0) at the trader "Weapons (Denis [#STR_EXPANSION_MARKET_TRADER_WEAPONS])" in market zone "Trader Zone" (pos=<6675.160645, 104.603935, 6114.155762>) and got 12.
08:59:37.389 [Market] Player "Gun" (id=dQV0MWQE63QrNRXqd-4btd7ZbIxSfqWMKo6FakQaWEs=) has sold ammobox_762x54_20rnd x1 (7197b480) at the trader "Weapons (Denis [#STR_EXPANSION_MARKET_TRADER_WEAPONS])" in market zone "Trader Zone" (pos=<6675.160645, 104.603935, 6114.155762>) and got 24.
08:59:41.174 [Market] Player "Gun" (id=dQV0MWQE63QrNRXqd-4btd7ZbIxSfqWMKo6FakQaWEs=) has sold ammobox_545x39_20rnd x1 (3d65f430) at the trader "Weapons (Denis [#STR_EXPANSION_MARKET_TRADER_WEAPONS])" in market zone "Trader Zone" (pos=<6675.160645, 104.603935, 6114.155762>) and got 18.
08:59:41.865 [Market] Player "Gun" (id=dQV0MWQE63QrNRXqd-4btd7ZbIxSfqWMKo6FakQaWEs=) has sold ammobox_545x39_20rnd x1 (3d91e730) at the trader "Weapons (Denis [#STR_EXPANSION_MARKET_TRADER_WEAPONS])" in market zone "Trader Zone" (pos=<6675.160645, 104.603935, 6114.155762>) and got 18.
08:59:42.608 [Market] Player "Gun" (id=dQV0MWQE63QrNRXqd-4btd7ZbIxSfqWMKo6FakQaWEs=) has sold ammobox_545x39_20rnd x1 (4fdbab70) at the trader "Weapons (Denis [#STR_EXPANSION_MARKET_TRADER_WEAPONS])" in market zone "Trader Zone" (pos=<6675.160645, 104.603935, 6114.155762>) and got 12.
08:59:44.401 [Market] Player "Gun" (id=dQV0MWQE63QrNRXqd-4btd7ZbIxSfqWMKo6FakQaWEs=) has sold ammobox_22_50rnd x1 (3317be20) at the trader "Weapons (Denis [#STR_EXPANSION_MARKET_TRADER_WEAPONS])" in market zone "Trader Zone" (pos=<6675.160645, 104.603935, 6114.155762>) and got 60.
08:59:46.150 [Market] Player "Gun" (id=dQV0MWQE63QrNRXqd-4btd7ZbIxSfqWMKo6FakQaWEs=) has sold ammobox_408cheytac_20rnd x1 (3deada60) at the trader "Weapons (Denis [#STR_EXPANSION_MARKET_TRADER_WEAPONS])" in market zone "Trader Zone" (pos=<6675.160645, 104.603935, 6114.155762>) and got 36.
08:59:49.155 [Market] Player "Gun" (id=dQV0MWQE63QrNRXqd-4btd7ZbIxSfqWMKo6FakQaWEs=) has sold ammo_545x39 x1 (515a1480) at the trader "Weapons (Denis [#STR_EXPANSION_MARKET_TRADER_WEAPONS])" in market zone "Trader Zone" (pos=<6675.160645, 104.603935, 6114.155762>) and got 1.
08:59:49.612 [Market] Player "Gun" (id=dQV0MWQE63QrNRXqd-4btd7ZbIxSfqWMKo6FakQaWEs=) has sold ammo_545x39 x1 (515a1480) at the trader "Weapons (Denis [#STR_EXPANSION_MARKET_TRADER_WEAPONS])" in market zone "Trader Zone" (pos=<6675.160645, 104.603935, 6114.155762>) and got 1.
08:59:49.789 [Market] Player "Gun" (id=dQV0MWQE63QrNRXqd-4btd7ZbIxSfqWMKo6FakQaWEs=) has sold ammo_545x39 x1 (515a1480) at the trader "Weapons (Denis [#STR_EXPANSION_MARKET_TRADER_WEAPONS])" in market zone "Trader Zone" (pos=<6675.160645, 104.603935, 6114.155762>) and got 1.
08:59:50.030 [Market] Player "Gun" (id=dQV0MWQE63QrNRXqd-4btd7ZbIxSfqWMKo6FakQaWEs=) has sold ammo_545x39 x1 (515a1480) at the trader "Weapons (Denis [#STR_EXPANSION_MARKET_TRADER_WEAPONS])" in market zone "Trader Zone" (pos=<6675.160645, 104.603935, 6114.155762>) and got 1.
08:59:50.196 [Market] Player "Gun" (id=dQV0MWQE63QrNRXqd-4btd7ZbIxSfqWMKo6FakQaWEs=) has sold ammo_545x39 x1 (515a1480) at the trader "Weapons (Denis [#STR_EXPANSION_MARKET_TRADER_WEAPONS])" in market zone "Trader Zone" (pos=<6675.160645, 104.603935, 6114.155762>) and got 1.
08:59:50.399 [Market] Player "Gun" (id=dQV0MWQE63QrNRXqd-4btd7ZbIxSfqWMKo6FakQaWEs=) has sold ammo_545x39 x1 (515a1480) at the trader "Weapons (Denis [#STR_EXPANSION_MARKET_TRADER_WEAPONS])" in market zone "Trader Zone" (pos=<6675.160645, 104.603935, 6114.155762>) and got 1.
08:59:50.594 [Market] Player "Gun" (id=dQV0MWQE63QrNRXqd-4btd7ZbIxSfqWMKo6FakQaWEs=) has sold ammo_545x39 x1 (515a1480) at the trader "Weapons (Denis [#STR_EXPANSION_MARKET_TRADER_WEAPONS])" in market zone "Trader Zone" (pos=<6675.160645, 104.603935, 6114.155762>) and got 1.
08:59:50.770 [Market] Player "Gun" (id=dQV0MWQE63QrNRXqd-4btd7ZbIxSfqWMKo6FakQaWEs=) has sold ammo_545x39 x1 (515a1480) at the trader "Weapons (Denis [#STR_EXPANSION_MARKET_TRADER_WEAPONS])" in market zone "Trader Zone" (pos=<6675.160645, 104.603935, 6114.155762>) and got 1.
08:59:50.976 [Market] Player "Gun" (id=dQV0MWQE63QrNRXqd-4btd7ZbIxSfqWMKo6FakQaWEs=) has sold ammo_545x39 x1 (515a1480) at the trader "Weapons (Denis [#STR_EXPANSION_MARKET_TRADER_WEAPONS])" in market zone "Trader Zone" (pos=<6675.160645, 104.603935, 6114.155762>) and got 1.
08:59:51.308 [Market] Player "Gun" (id=dQV0MWQE63QrNRXqd-4btd7ZbIxSfqWMKo6FakQaWEs=) has sold ammo_545x39 x1 (515a1480) at the trader "Weapons (Denis [#STR_EXPANSION_MARKET_TRADER_WEAPONS])" in market zone "Trader Zone" (pos=<6675.160645, 104.603935, 6114.155762>) and got 1.
08:59:51.749 [Market] Player "Gun" (id=dQV0MWQE63QrNRXqd-4btd7ZbIxSfqWMKo6FakQaWEs=) has sold ammo_545x39 x1 (515a1480) at the trader "Weapons (Denis [#STR_EXPANSION_MARKET_TRADER_WEAPONS])" in market zone "Trader Zone" (pos=<6675.160645, 104.603935, 6114.155762>) and got 1.
08:59:52.189 [Market] Player "Gun" (id=dQV0MWQE63QrNRXqd-4btd7ZbIxSfqWMKo6FakQaWEs=) has sold ammo_545x39 x1 (515a1480) at the trader "Weapons (Denis [#STR_EXPANSION_MARKET_TRADER_WEAPONS])" in market zone "Trader Zone" (pos=<6675.160645, 104.603935, 6114.155762>) and got 1.
08:59:52.840 [Market] Player "Gun" (id=dQV0MWQE63QrNRXqd-4btd7ZbIxSfqWMKo6FakQaWEs=) has sold ammo_545x39 x1 (515a1480) at the trader "Weapons (Denis [#STR_EXPANSION_MARKET_TRADER_WEAPONS])" in market zone "Trader Zone" (pos=<6675.160645, 104.603935, 6114.155762>) and got 1.
08:59:55.696 [Market] Player "Gun" (id=dQV0MWQE63QrNRXqd-4btd7ZbIxSfqWMKo6FakQaWEs=) has sold ammo_762x39 x1 (42b9b700) at the trader "Weapons (Denis [#STR_EXPANSION_MARKET_TRADER_WEAPONS])" in market zone "Trader Zone" (pos=<6675.160645, 104.603935, 6114.155762>) and got 1.
08:59:55.873 [Market] Player "Gun" (id=dQV0MWQE63QrNRXqd-4btd7ZbIxSfqWMKo6FakQaWEs=) has sold ammo_762x39 x1 (42b9b700) at the trader "Weapons (Denis [#STR_EXPANSION_MARKET_TRADER_WEAPONS])" in market zone "Trader Zone" (pos=<6675.160645, 104.603935, 6114.155762>) and got 1.
08:59:56.043 [Market] Player "Gun" (id=dQV0MWQE63QrNRXqd-4btd7ZbIxSfqWMKo6FakQaWEs=) has sold ammo_762x39 x1 (42b9b700) at the trader "Weapons (Denis [#STR_EXPANSION_MARKET_TRADER_WEAPONS])" in market zone "Trader Zone" (pos=<6675.160645, 104.603935, 6114.155762>) and got 1.
08:59:56.210 [Market] Player "Gun" (id=dQV0MWQE63QrNRXqd-4btd7ZbIxSfqWMKo6FakQaWEs=) has sold ammo_762x39 x1 (42b9b700) at the trader "Weapons (Denis [#STR_EXPANSION_MARKET_TRADER_WEAPONS])" in market zone "Trader Zone" (pos=<6675.160645, 104.603935, 6114.155762>) and got 1.
08:59:56.401 [Market] Player "Gun" (id=dQV0MWQE63QrNRXqd-4btd7ZbIxSfqWMKo6FakQaWEs=) has sold ammo_762x39 x1 (42b9b700) at the trader "Weapons (Denis [#STR_EXPANSION_MARKET_TRADER_WEAPONS])" in market zone "Trader Zone" (pos=<6675.160645, 104.603935, 6114.155762>) and got 1.
09:00:29.432 [Market] Player "Gun" (id=dQV0MWQE63QrNRXqd-4btd7ZbIxSfqWMKo6FakQaWEs=) has sold ak_foldingbttstck x1 (3d90f460) at the trader "Attachments (Jose [#STR_EXPANSION_MARKET_TRADER_ATTACHMENTS])" in market zone "Trader Zone" (pos=<6675.160645, 104.603935, 6114.155762>) and got 46.
09:01:06.214 [Market] Player "Gun" (id=dQV0MWQE63QrNRXqd-4btd7ZbIxSfqWMKo6FakQaWEs=) has sold mag_vss_10rnd x1 (70be3550) at the trader "Attachments (Jose [#STR_EXPANSION_MARKET_TRADER_ATTACHMENTS])" in market zone "Trader Zone" (pos=<6675.160645, 104.603935, 6114.155762>) and got 82.
09:01:10.615 [Market] Player "Gun" (id=dQV0MWQE63QrNRXqd-4btd7ZbIxSfqWMKo6FakQaWEs=) has sold mag_vss_10rnd x1 (3d64d320) at the trader "Attachments (Jose [#STR_EXPANSION_MARKET_TRADER_ATTACHMENTS])" in market zone "Trader Zone" (pos=<6675.160645, 104.603935, 6114.155762>) and got 165.
09:01:13.155 [Market] Player "Gun" (id=dQV0MWQE63QrNRXqd-4btd7ZbIxSfqWMKo6FakQaWEs=) has sold mag_ak74_30rnd x1 (3d911710) at the trader "Attachments (Jose [#STR_EXPANSION_MARKET_TRADER_ATTACHMENTS])" in market zone "Trader Zone" (pos=<6675.160645, 104.603935, 6114.155762>) and got 165.
09:01:14.132 [Market] Player "Gun" (id=dQV0MWQE63QrNRXqd-4btd7ZbIxSfqWMKo6FakQaWEs=) has sold mag_ak74_30rnd x1 (63be8b80) at the trader "Attachments (Jose [#STR_EXPANSION_MARKET_TRADER_ATTACHMENTS])" in market zone "Trader Zone" (pos=<6675.160645, 104.603935, 6114.155762>) and got 165.
09:01:50.934 [Market] Player "Gun" (id=dQV0MWQE63QrNRXqd-4btd7ZbIxSfqWMKo6FakQaWEs=) has bought electronicrepairkit x1 (a6911900) from the trader "Components (Cyril [#STR_EXPANSION_MARKET_TRADER_COMPONENTS])" in market zone "Trader Zone" (pos=<6675.160645, 104.603935, 6114.155762>) for a price of 35.
09:03:07.889 [Market] Player "Gun" (id=dQV0MWQE63QrNRXqd-4btd7ZbIxSfqWMKo6FakQaWEs=) has sold kobraoptic x1 (3d62bb40) at the trader "Attachments (Jose [#STR_EXPANSION_MARKET_TRADER_ATTACHMENTS])" in market zone "Trader Zone" (pos=<6675.160645, 104.603935, 6114.155762>) and got 450.
09:03:10.779 [Market] Player "Gun" (id=dQV0MWQE63QrNRXqd-4btd7ZbIxSfqWMKo6FakQaWEs=) has sold puscopeoptic x1 (48597000) at the trader "Attachments (Jose [#STR_EXPANSION_MARKET_TRADER_ATTACHMENTS])" in market zone "Trader Zone" (pos=<6675.160645, 104.603935, 6114.155762>) and got 675.
09:03:12.097 [Market] Player "Gun" (id=dQV0MWQE63QrNRXqd-4btd7ZbIxSfqWMKo6FakQaWEs=) has sold m4_t3nrdsoptic x1 (3d627ef0) at the trader "Attachments (Jose [#STR_EXPANSION_MARKET_TRADER_ATTACHMENTS])" in market zone "Trader Zone" (pos=<6675.160645, 104.603935, 6114.155762>) and got 375.
09:03:59.961 [Market] Player "Gun" (id=dQV0MWQE63QrNRXqd-4btd7ZbIxSfqWMKo6FakQaWEs=) has bought fnp45_mrdsoptic x1 (88fc8610, Battery9V<3bd2f1c0>) from the trader "Attachments (Jose [#STR_EXPANSION_MARKET_TRADER_ATTACHMENTS])" in market zone "Trader Zone" (pos=<6675.160645, 104.603935, 6114.155762>) for a price of 260.
09:04:50.746 [Market] Player "Gun" (id=dQV0MWQE63QrNRXqd-4btd7ZbIxSfqWMKo6FakQaWEs=) has bought weaponcleaningkit x1 (32e583f0) from the trader "Components (Cyril [#STR_EXPANSION_MARKET_TRADER_COMPONENTS])" in market zone "Trader Zone" (pos=<6675.160645, 104.603935, 6114.155762>) for a price of 8.
09:04:51.315 [Market] Player "Gun" (id=dQV0MWQE63QrNRXqd-4btd7ZbIxSfqWMKo6FakQaWEs=) has bought weaponcleaningkit x1 (32e5d4e0) from the trader "Components (Cyril [#STR_EXPANSION_MARKET_TRADER_COMPONENTS])" in market zone "Trader Zone" (pos=<6675.160645, 104.603935, 6114.155762>) for a price of 8.
09:06:43.070 [Market] Player "Gun" (id=dQV0MWQE63QrNRXqd-4btd7ZbIxSfqWMKo6FakQaWEs=) has sold ammo_9x39 x1 (484b4720) at the trader "Weapons (Denis [#STR_EXPANSION_MARKET_TRADER_WEAPONS])" in market zone "Trader Zone" (pos=<6675.160645, 104.603935, 6114.155762>) and got 1.
09:06:43.306 [Market] Player "Gun" (id=dQV0MWQE63QrNRXqd-4btd7ZbIxSfqWMKo6FakQaWEs=) has sold ammo_9x39 x1 (484b4720) at the trader "Weapons (Denis [#STR_EXPANSION_MARKET_TRADER_WEAPONS])" in market zone "Trader Zone" (pos=<6675.160645, 104.603935, 6114.155762>) and got 1.
09:06:43.511 [Market] Player "Gun" (id=dQV0MWQE63QrNRXqd-4btd7ZbIxSfqWMKo6FakQaWEs=) has sold ammo_9x39 x1 (484b4720) at the trader "Weapons (Denis [#STR_EXPANSION_MARKET_TRADER_WEAPONS])" in market zone "Trader Zone" (pos=<6675.160645, 104.603935, 6114.155762>) and got 1.
09:06:43.656 [Market] Player "Gun" (id=dQV0MWQE63QrNRXqd-4btd7ZbIxSfqWMKo6FakQaWEs=) has sold ammo_9x39 x1 (484b4720) at the trader "Weapons (Denis [#STR_EXPANSION_MARKET_TRADER_WEAPONS])" in market zone "Trader Zone" (pos=<6675.160645, 104.603935, 6114.155762>) and got 1.
09:06:43.819 [Market] Player "Gun" (id=dQV0MWQE63QrNRXqd-4btd7ZbIxSfqWMKo6FakQaWEs=) has sold ammo_9x39 x1 (484b4720) at the trader "Weapons (Denis [#STR_EXPANSION_MARKET_TRADER_WEAPONS])" in market zone "Trader Zone" (pos=<6675.160645, 104.603935, 6114.155762>) and got 1.
09:06:43.998 [Market] Player "Gun" (id=dQV0MWQE63QrNRXqd-4btd7ZbIxSfqWMKo6FakQaWEs=) has sold ammo_9x39 x1 (484b4720) at the trader "Weapons (Denis [#STR_EXPANSION_MARKET_TRADER_WEAPONS])" in market zone "Trader Zone" (pos=<6675.160645, 104.603935, 6114.155762>) and got 1.
09:06:44.170 [Market] Player "Gun" (id=dQV0MWQE63QrNRXqd-4btd7ZbIxSfqWMKo6FakQaWEs=) has sold ammo_9x39 x1 (484b4720) at the trader "Weapons (Denis [#STR_EXPANSION_MARKET_TRADER_WEAPONS])" in market zone "Trader Zone" (pos=<6675.160645, 104.603935, 6114.155762>) and got 1.
09:06:44.560 [Market] Player "Gun" (id=dQV0MWQE63QrNRXqd-4btd7ZbIxSfqWMKo6FakQaWEs=) has sold ammo_9x39 x1 (484b4720) at the trader "Weapons (Denis [#STR_EXPANSION_MARKET_TRADER_WEAPONS])" in market zone "Trader Zone" (pos=<6675.160645, 104.603935, 6114.155762>) and got 1.
09:06:45.110 [Market] Player "Gun" (id=dQV0MWQE63QrNRXqd-4btd7ZbIxSfqWMKo6FakQaWEs=) has sold ammo_9x39 x1 (484b4720) at the trader "Weapons (Denis [#STR_EXPANSION_MARKET_TRADER_WEAPONS])" in market zone "Trader Zone" (pos=<6675.160645, 104.603935, 6114.155762>) and got 1.
09:06:45.718 [Market] Player "Gun" (id=dQV0MWQE63QrNRXqd-4btd7ZbIxSfqWMKo6FakQaWEs=) has sold ammo_9x39 x1 (484b4720) at the trader "Weapons (Denis [#STR_EXPANSION_MARKET_TRADER_WEAPONS])" in market zone "Trader Zone" (pos=<6675.160645, 104.603935, 6114.155762>) and got 1.
09:07:39.665 [Market] Player "Gun" (id=dQV0MWQE63QrNRXqd-4btd7ZbIxSfqWMKo6FakQaWEs=) has bought weaponcleaningkit x1 (66b53550) from the trader "Components (Cyril [#STR_EXPANSION_MARKET_TRADER_COMPONENTS])" in market zone "Trader Zone" (pos=<6675.160645, 104.603935, 6114.155762>) for a price of 8.
09:07:40.262 [Market] Player "Gun" (id=dQV0MWQE63QrNRXqd-4btd7ZbIxSfqWMKo6FakQaWEs=) has bought weaponcleaningkit x1 (66b512a0) from the trader "Components (Cyril [#STR_EXPANSION_MARKET_TRADER_COMPONENTS])" in market zone "Trader Zone" (pos=<6675.160645, 104.603935, 6114.155762>) for a price of 8.
09:18:46.579 [Market] Player "Gun" (id=dQV0MWQE63QrNRXqd-4btd7ZbIxSfqWMKo6FakQaWEs=) has bought huntingoptic x1 (3f8db490) from the trader "Attachments (Jose [#STR_EXPANSION_MARKET_TRADER_ATTACHMENTS])" in market zone "Trader Zone" (pos=<6675.160645, 104.603935, 6114.155762>) for a price of 1000.
09:19:25.096 [Market] Player "Gun" (id=dQV0MWQE63QrNRXqd-4btd7ZbIxSfqWMKo6FakQaWEs=) has bought ammobox_12_7_55_20rnd x1 (a80187c0) from the trader "Weapons (Denis [#STR_EXPANSION_MARKET_TRADER_WEAPONS])" in market zone "Trader Zone" (pos=<6675.160645, 104.603935, 6114.155762>) for a price of 64.
09:19:29.040 [Market] Player "Gun" (id=dQV0MWQE63QrNRXqd-4btd7ZbIxSfqWMKo6FakQaWEs=) has bought ammobox_12_7_55_20rnd x1 (a8028620) from the trader "Weapons (Denis [#STR_EXPANSION_MARKET_TRADER_WEAPONS])" in market zone "Trader Zone" (pos=<6675.160645, 104.603935, 6114.155762>) for a price of 64.
09:25:38.121 [Market] Player "Gun" (id=dQV0MWQE63QrNRXqd-4btd7ZbIxSfqWMKo6FakQaWEs=) has sold ammo_556x45 x1 (3f2ad600) at the trader "Weapons (Denis [#STR_EXPANSION_MARKET_TRADER_WEAPONS])" in market zone "Trader Zone" (pos=<6675.160645, 104.603935, 6114.155762>) and got 1.
09:26:46.780 [Market] Player "Gun" (id=dQV0MWQE63QrNRXqd-4btd7ZbIxSfqWMKo6FakQaWEs=) has bought ammobox_9x19_25rnd x1 (4aff49b0) from the trader "Weapons (Denis [#STR_EXPANSION_MARKET_TRADER_WEAPONS])" in market zone "Trader Zone" (pos=<6675.160645, 104.603935, 6114.155762>) for a price of 40.
09:26:48.093 [Market] Player "Gun" (id=dQV0MWQE63QrNRXqd-4btd7ZbIxSfqWMKo6FakQaWEs=) has bought ammobox_9x19_25rnd x1 (4aff6c60) from the trader "Weapons (Denis [#STR_EXPANSION_MARKET_TRADER_WEAPONS])" in market zone "Trader Zone" (pos=<6675.160645, 104.603935, 6114.155762>) for a price of 40.
09:28:01.096 [Market] Player "Gun" (id=dQV0MWQE63QrNRXqd-4btd7ZbIxSfqWMKo6FakQaWEs=) has bought ammobox_9x19_25rnd x1 (4fa3cd50) from the trader "Weapons (Denis [#STR_EXPANSION_MARKET_TRADER_WEAPONS])" in market zone "Trader Zone" (pos=<6675.160645, 104.603935, 6114.155762>) for a price of 40.
09:28:08.438 [Market] Player "Gun" (id=dQV0MWQE63QrNRXqd-4btd7ZbIxSfqWMKo6FakQaWEs=) has sold ammo_9x19 x1 (42017550) at the trader "Weapons (Denis [#STR_EXPANSION_MARKET_TRADER_WEAPONS])" in market zone "Trader Zone" (pos=<6675.160645, 104.603935, 6114.155762>) and got 1.
09:28:09.141 [Market] Player "Gun" (id=dQV0MWQE63QrNRXqd-4btd7ZbIxSfqWMKo6FakQaWEs=) has sold ammo_9x19 x1 (42017550) at the trader "Weapons (Denis [#STR_EXPANSION_MARKET_TRADER_WEAPONS])" in market zone "Trader Zone" (pos=<6675.160645, 104.603935, 6114.155762>) and got 1.
09:28:36.449 [Market] Player "Gun" (id=dQV0MWQE63QrNRXqd-4btd7ZbIxSfqWMKo6FakQaWEs=) has bought ammobox_308win_20rnd x1 (4674e450) from the trader "Weapons (Denis [#STR_EXPANSION_MARKET_TRADER_WEAPONS])" in market zone "Trader Zone" (pos=<6675.160645, 104.603935, 6114.155762>) for a price of 32.
09:28:37.178 [Market] Player "Gun" (id=dQV0MWQE63QrNRXqd-4btd7ZbIxSfqWMKo6FakQaWEs=) has bought ammobox_308win_20rnd x1 (4674c1a0) from the trader "Weapons (Denis [#STR_EXPANSION_MARKET_TRADER_WEAPONS])" in market zone "Trader Zone" (pos=<6675.160645, 104.603935, 6114.155762>) for a price of 32.
09:28:37.804 [Market] Player "Gun" (id=dQV0MWQE63QrNRXqd-4btd7ZbIxSfqWMKo6FakQaWEs=) has bought ammobox_308win_20rnd x1 (467529b0) from the trader "Weapons (Denis [#STR_EXPANSION_MARKET_TRADER_WEAPONS])" in market zone "Trader Zone" (pos=<6675.160645, 104.603935, 6114.155762>) for a price of 32.
09:28:38.389 [Market] Player "Gun" (id=dQV0MWQE63QrNRXqd-4btd7ZbIxSfqWMKo6FakQaWEs=) has bought ammobox_308win_20rnd x1 (46759d50) from the trader "Weapons (Denis [#STR_EXPANSION_MARKET_TRADER_WEAPONS])" in market zone "Trader Zone" (pos=<6675.160645, 104.603935, 6114.155762>) for a price of 32.
09:32:09.758 [Market] Player "Gun" (id=dQV0MWQE63QrNRXqd-4btd7ZbIxSfqWMKo6FakQaWEs=) has bought weaponcleaningkit x1 (3379cec0) from the trader "Components (Cyril [#STR_EXPANSION_MARKET_TRADER_COMPONENTS])" in market zone "Trader Zone" (pos=<6675.160645, 104.603935, 6114.155762>) for a price of 8.
09:33:46.513 [Market] Player "Gun" (id=dQV0MWQE63QrNRXqd-4btd7ZbIxSfqWMKo6FakQaWEs=) has sold leathersewingkit x1 (42ba3630) at the trader "Components (Cyril [#STR_EXPANSION_MARKET_TRADER_COMPONENTS])" in market zone "Trader Zone" (pos=<6675.160645, 104.603935, 6114.155762>) and got 2.
09:33:51.033 [Market] Player "Gun" (id=dQV0MWQE63QrNRXqd-4btd7ZbIxSfqWMKo6FakQaWEs=) has bought ducttape x1 (47328f90) from the trader "Components (Cyril [#STR_EXPANSION_MARKET_TRADER_COMPONENTS])" in market zone "Trader Zone" (pos=<6675.160645, 104.603935, 6114.155762>) for a price of 20.
09:35:29.018 [Market] Player "Gun" (id=dQV0MWQE63QrNRXqd-4btd7ZbIxSfqWMKo6FakQaWEs=) has sold ammobox_762x54_20rnd x1 (504a8480) at the trader "Weapons (Denis [#STR_EXPANSION_MARKET_TRADER_WEAPONS])" in market zone "Trader Zone" (pos=<6675.160645, 104.603935, 6114.155762>) and got 24.
09:35:57.865 [Market] Player "Gun" (id=dQV0MWQE63QrNRXqd-4btd7ZbIxSfqWMKo6FakQaWEs=) has sold bloodbagempty x1 (3f4a2480) at the trader "Medicals (Mirek [#STR_EXPANSION_MARKET_TRADER_MEDICALS])" in market zone "Trader Zone" (pos=<6675.160645, 104.603935, 6114.155762>) and got 10.
09:36:01.450 [Market] Player "Gun" (id=dQV0MWQE63QrNRXqd-4btd7ZbIxSfqWMKo6FakQaWEs=) has sold bandagedressing x1 (72b1d540) at the trader "Medicals (Mirek [#STR_EXPANSION_MARKET_TRADER_MEDICALS])" in market zone "Trader Zone" (pos=<6675.160645, 104.603935, 6114.155762>) and got 2.
09:36:02.271 [Market] Player "Gun" (id=dQV0MWQE63QrNRXqd-4btd7ZbIxSfqWMKo6FakQaWEs=) has sold bandagedressing x1 (72b1f7f0) at the trader "Medicals (Mirek [#STR_EXPANSION_MARKET_TRADER_MEDICALS])" in market zone "Trader Zone" (pos=<6675.160645, 104.603935, 6114.155762>) and got 2.
09:36:23.701 [Market] Player "Gun" (id=dQV0MWQE63QrNRXqd-4btd7ZbIxSfqWMKo6FakQaWEs=) has sold omnogloves_brown x1 (50100090) at the trader "Clothing (Naomi [#STR_EXPANSION_MARKET_TRADER_CLOTHING])" in market zone "Trader Zone" (pos=<6675.160645, 104.603935, 6114.155762>) and got 30.
09:36:48.201 [Market] Player "Gun" (id=dQV0MWQE63QrNRXqd-4btd7ZbIxSfqWMKo6FakQaWEs=) has sold hunterpants_autumn x1 (a1bd59f0) at the trader "Clothing (Naomi [#STR_EXPANSION_MARKET_TRADER_CLOTHING])" in market zone "Trader Zone" (pos=<6675.160645, 104.603935, 6114.155762>) and got 37.
09:37:22.829 [Market] Player "Gun" (id=dQV0MWQE63QrNRXqd-4btd7ZbIxSfqWMKo6FakQaWEs=) has sold pistolsuppressor x1 (3de9feb0) at the trader "Attachments (Jose [#STR_EXPANSION_MARKET_TRADER_ATTACHMENTS])" in market zone "Trader Zone" (pos=<6675.160645, 104.603935, 6114.155762>) and got 11.
09:38:24.616 [ATM] Player "Gun" (id=dQV0MWQE63QrNRXqd-4btd7ZbIxSfqWMKo6FakQaWEs=) has deposited 2336 on his ATM account.
09:40:42.322 [VehicleDeleted] Old_Bike (id=8A98F3171A4EF4BD5DF5D9AC88CAE854 pos=<6681.18, 102.49, 6109.55>)
09:43:29.121 [VehicleDeleted] Old_Bike (id=AD749BE9DD4D405DFB3B2EA78023595E pos=<6676.05, 102.49, 6130.08>)
09:43:39.551 [VehicleEnter] Player "Gun" (id=dQV0MWQE63QrNRXqd-4btd7ZbIxSfqWMKo6FakQaWEs=) entered vehicle Bicycle (id=823C7939A34C366C2225D3B5989FD0FB pos=<6675.18, 102.49, 6130.33>) as driver
09:44:31.998 [VehicleLeave] Player "Gun" (id=dQV0MWQE63QrNRXqd-4btd7ZbIxSfqWMKo6FakQaWEs=) left vehicle Bicycle (id=823C7939A34C366C2225D3B5989FD0FB pos=<6675.18, 102.49, 6130.33>)
09:45:12.140 [VehicleEnter] Player "Gun" (id=dQV0MWQE63QrNRXqd-4btd7ZbIxSfqWMKo6FakQaWEs=) entered vehicle Bicycle (id=823C7939A34C366C2225D3B5989FD0FB pos=<6675.18, 102.49, 6130.33>) as driver
09:46:21.950 [Safezone] Player "{1:name}" (id={1:id} pos={1:position}) left the safezone
09:47:47.572 [VehicleLeave] Player "Gun" (id=dQV0MWQE63QrNRXqd-4btd7ZbIxSfqWMKo6FakQaWEs=) left vehicle Bicycle (id=823C7939A34C366C2225D3B5989FD0FB pos=<6289.82, 174.88, 5691.49>)
09:48:08.537 [VehicleEnter] Player "Gun" (id=dQV0MWQE63QrNRXqd-4btd7ZbIxSfqWMKo6FakQaWEs=) entered vehicle Bicycle (id=823C7939A34C366C2225D3B5989FD0FB pos=<6289.82, 174.88, 5691.49>) as driver
09:48:21.271 [VehicleLeave] Player "Gun" (id=dQV0MWQE63QrNRXqd-4btd7ZbIxSfqWMKo6FakQaWEs=) left vehicle Bicycle (id=823C7939A34C366C2225D3B5989FD0FB pos=<6273.02, 174.88, 5684.33>)
09:48:51.181 [VehicleEnter] Player "Gun" (id=dQV0MWQE63QrNRXqd-4btd7ZbIxSfqWMKo6FakQaWEs=) entered vehicle Bicycle (id=823C7939A34C366C2225D3B5989FD0FB pos=<6273.02, 174.88, 5684.33>) as driver
09:49:37.623 [VehicleLeave] Player "Gun" (id=dQV0MWQE63QrNRXqd-4btd7ZbIxSfqWMKo6FakQaWEs=) left vehicle Bicycle (id=823C7939A34C366C2225D3B5989FD0FB pos=<6200.89, 174.87, 5622.16>)
09:49:57.027 [VehicleEnter] Player "Gun" (id=dQV0MWQE63QrNRXqd-4btd7ZbIxSfqWMKo6FakQaWEs=) entered vehicle Bicycle (id=823C7939A34C366C2225D3B5989FD0FB pos=<6200.89, 174.87, 5622.16>) as driver
09:51:06.818 [VehicleLeave] Player "Gun" (id=dQV0MWQE63QrNRXqd-4btd7ZbIxSfqWMKo6FakQaWEs=) left vehicle Bicycle (id=823C7939A34C366C2225D3B5989FD0FB pos=<5835.94, 228.17, 5618.88>)
09:54:37.066 [VehicleEnter] Player "Gun" (id=dQV0MWQE63QrNRXqd-4btd7ZbIxSfqWMKo6FakQaWEs=) entered vehicle Bicycle (id=823C7939A34C366C2225D3B5989FD0FB pos=<5835.94, 228.17, 5618.88>) as driver
09:56:05.355 [VehicleLeave] Player "Gun" (id=dQV0MWQE63QrNRXqd-4btd7ZbIxSfqWMKo6FakQaWEs=) left vehicle Bicycle (id=823C7939A34C366C2225D3B5989FD0FB pos=<5359.16, 213.78, 5971.56>)
09:56:29.096 [VehicleEnter] Player "Gun" (id=dQV0MWQE63QrNRXqd-4btd7ZbIxSfqWMKo6FakQaWEs=) entered vehicle Bicycle (id=823C7939A34C366C2225D3B5989FD0FB pos=<5359.16, 213.78, 5971.56>) as driver
09:58:18.307 [VehicleLeave] Player "Gun" (id=dQV0MWQE63QrNRXqd-4btd7ZbIxSfqWMKo6FakQaWEs=) left vehicle Bicycle (id=823C7939A34C366C2225D3B5989FD0FB pos=<5504.32, 213.33, 6012.54>)
10:00:30.521 [MissionAirdrop] An airdrop is heading towards "Onondaga" (pos=<5756.386719, 0.000000, 7200.799316> type=Random_Onondaga) with a ExpansionAirdropContainer_Military
10:01:43.836 [Safezone] Player "F11 Simulator" (id=m_TD03B4NXDQrU5koHpLq3WyQf1hXTvQSdETJOTM8ss= pos=<6680.4, 102.56, 6077.86>) entered the safezone
10:01:43.836 [Party] Player "F11 Simulator" (id=m_TD03B4NXDQrU5koHpLq3WyQf1hXTvQSdETJOTM8ss=) joinded the party "SLAVES" (id=1 ownerUID=m_TD03B4NXDQrU5koHpLq3WyQf1hXTvQSdETJOTM8ss= ownerName=F11 Simulator)
10:02:20.124 [Safezone] Player "{1:name}" (id={1:id} pos={1:position}) left the safezone
10:02:51.187 [Party] Player "F11 Simulator" (id=m_TD03B4NXDQrU5koHpLq3WyQf1hXTvQSdETJOTM8ss=) left the party "SLAVES" (id=1 ownerUID=m_TD03B4NXDQrU5koHpLq3WyQf1hXTvQSdETJOTM8ss= ownerName=F11 Simulator)
10:33:33.854 [Party] Player "MrWowaWowa" (id=wBwiybhmqSv3IfINgIr99PhPwxKwXc4RCt6SZurIBXQ=) joinded the party "Die dreisten Drei" (id=46 ownerUID=DT1QFut1v8UN48skN3UnroicVIl_5hTizZZZSwLRxk8= ownerName=Eric)
11:00:01.503 [Party] Player "MrWowaWowa" (id=wBwiybhmqSv3IfINgIr99PhPwxKwXc4RCt6SZurIBXQ=) left the party "Die dreisten Drei" (id=46 ownerUID=DT1QFut1v8UN48skN3UnroicVIl_5hTizZZZSwLRxk8= ownerName=Eric)
