18:01:50.099 [Party] Player "BolbyCheez" (id=SW5c8LwZJpjoNf4Vhp8j7PhK3OI54VEXx4TRlQeef_k=) joinded the party "Falcon Frostbound" (id=54 ownerUID=NCt_N5_qQF-rVKuC9zgxthdVRunW6bi2CSf86nt8dUY= ownerName=Hutch)
18:06:30.379 [MissionAirdrop] An airdrop is heading towards "Tuscarora" (pos=<2451.096191, 0.000000, 8775.758789> type=Random_Tuscarora) with a ExpansionAirdropContainer_Basebuilding
18:24:44.828 [Party] Player "QuickSilver1221" (id=8VmSLnSQp_MuVeEslDbEY-CdAYRH_jfejIzMoWisN_4=) joinded the party "Falcon Frostbound" (id=54 ownerUID=NCt_N5_qQF-rVKuC9zgxthdVRunW6bi2CSf86nt8dUY= ownerName=Hutch)
18:25:26.705 [Party] Player "kid_thicarus" (id=PCa2rHYMSoktREnBdCJhud3yF7sSVJm0VfvU9nkLX9I=) joinded the party "Falcon Frostbound" (id=54 ownerUID=NCt_N5_qQF-rVKuC9zgxthdVRunW6bi2CSf86nt8dUY= ownerName=Hutch)
18:55:10.332 [Party] Player "kid_thicarus" (id=PCa2rHYMSoktREnBdCJhud3yF7sSVJm0VfvU9nkLX9I=) left the party "Falcon Frostbound" (id=54 ownerUID=NCt_N5_qQF-rVKuC9zgxthdVRunW6bi2CSf86nt8dUY= ownerName=Hutch)
19:15:05.519 [Party] Player "kid_thicarus" (id=PCa2rHYMSoktREnBdCJhud3yF7sSVJm0VfvU9nkLX9I=) joinded the party "Falcon Frostbound" (id=54 ownerUID=NCt_N5_qQF-rVKuC9zgxthdVRunW6bi2CSf86nt8dUY= ownerName=Hutch)
19:33:05.870 [Safezone] Player "kid_thicarus" (id=PCa2rHYMSoktREnBdCJhud3yF7sSVJm0VfvU9nkLX9I= pos=<6738.18, 108.73, 6038.86>) entered the safezone
19:33:18.396 [MissionAirdrop] An airdrop is heading towards "Algonquin" (pos=<4627.195313, 0.000000, 7687.189941> type=Random_Algonquin) with a ExpansionAirdropContainer_Basebuilding
19:36:21.481 [Safezone] Player "{1:name}" (id={1:id} pos={1:position}) left the safezone
20:27:26.238 [Safezone] Player "Rage" (id=m_TD03B4NXDQrU5koHpLq3WyQf1hXTvQSdETJOTM8ss= pos=<6669.52, 102.5, 6109.53>) entered the safezone
20:27:26.239 [Party] Player "Rage" (id=m_TD03B4NXDQrU5koHpLq3WyQf1hXTvQSdETJOTM8ss=) joinded the party "AURRRRRRORA" (id=1 ownerUID=m_TD03B4NXDQrU5koHpLq3WyQf1hXTvQSdETJOTM8ss= ownerName=F11 Simulator)
20:27:34.803 [Safezone] Player "Happiness" (id=kOLgOs9yYBFVRQG3lqoHveYdP5X8y3SO69cq5MiR4us= pos=<6688.33, 102.5, 6123.66>) entered the safezone
20:27:34.804 [Party] Player "Happiness" (id=kOLgOs9yYBFVRQG3lqoHveYdP5X8y3SO69cq5MiR4us=) joinded the party "AURRRRRRORA" (id=1 ownerUID=m_TD03B4NXDQrU5koHpLq3WyQf1hXTvQSdETJOTM8ss= ownerName=F11 Simulator)
20:29:13.412 [Safezone] Player "{1:name}" (id={1:id} pos={1:position}) left the safezone
20:29:16.422 [Safezone] Player "{1:name}" (id={1:id} pos={1:position}) left the safezone
20:54:28.157 [Party] Player "kid_thicarus" (id=PCa2rHYMSoktREnBdCJhud3yF7sSVJm0VfvU9nkLX9I=) left the party "Falcon Frostbound" (id=54 ownerUID=NCt_N5_qQF-rVKuC9zgxthdVRunW6bi2CSf86nt8dUY= ownerName=Hutch)
20:54:33.396 [Party] Player "BolbyCheez" (id=SW5c8LwZJpjoNf4Vhp8j7PhK3OI54VEXx4TRlQeef_k=) left the party "Falcon Frostbound" (id=54 ownerUID=NCt_N5_qQF-rVKuC9zgxthdVRunW6bi2CSf86nt8dUY= ownerName=Hutch)
20:54:46.588 [Party] Player "QuickSilver1221" (id=8VmSLnSQp_MuVeEslDbEY-CdAYRH_jfejIzMoWisN_4=) left the party "Falcon Frostbound" (id=54 ownerUID=NCt_N5_qQF-rVKuC9zgxthdVRunW6bi2CSf86nt8dUY= ownerName=Hutch)
21:00:01.683 [Party] Player "Rage" (id=m_TD03B4NXDQrU5koHpLq3WyQf1hXTvQSdETJOTM8ss=) left the party "AURRRRRRORA" (id=1 ownerUID=m_TD03B4NXDQrU5koHpLq3WyQf1hXTvQSdETJOTM8ss= ownerName=F11 Simulator)
21:00:01.689 [Party] Player "Happiness" (id=kOLgOs9yYBFVRQG3lqoHveYdP5X8y3SO69cq5MiR4us=) left the party "AURRRRRRORA" (id=1 ownerUID=m_TD03B4NXDQrU5koHpLq3WyQf1hXTvQSdETJOTM8ss= ownerName=F11 Simulator)
