07:03:50.042 [Party] Player "Sir Trippy" (id=qZqolO4hbF2D7i2SHl6eLqgMczahG7_bAPkC9G_OL68=) joinded the party "SLAVES" (id=1 ownerUID=m_TD03B4NXDQrU5koHpLq3WyQf1hXTvQSdETJOTM8ss= ownerName=F11 Simulator)
07:06:20.138 [MissionAirdrop] An airdrop is heading towards "OWF Industries" (pos=<7167.299805, 0.000000, 4161.319824> type=Random_OWFIndustries) with a ExpansionAirdropContainer_Military
07:37:56.785 [Party] Player "Sir Trippy" (id=qZqolO4hbF2D7i2SHl6eLqgMczahG7_bAPkC9G_OL68=) left the party "SLAVES" (id=1 ownerUID=m_TD03B4NXDQrU5koHpLq3WyQf1hXTvQSdETJOTM8ss= ownerName=F11 Simulator)
07:53:43.242 [Party] Player "London" (id=kOLgOs9yYBFVRQG3lqoHveYdP5X8y3SO69cq5MiR4us=) joinded the party "SLAVES" (id=1 ownerUID=m_TD03B4NXDQrU5koHpLq3WyQf1hXTvQSdETJOTM8ss= ownerName=F11 Simulator)
07:53:55.757 [Party] Player "Druss" (id=mvB_p65s26M1iDgS3KgKpm-UzbAyYM5rER5IINF2xI0=) joinded the party "SLAVES" (id=1 ownerUID=m_TD03B4NXDQrU5koHpLq3WyQf1hXTvQSdETJOTM8ss= ownerName=F11 Simulator)
07:54:05.681 [Party] Player "Donnie Deeks" (id=GBfj3hSt2OSYAyU5ct3jrz7-L9j9UxpFHlBzXjWvrxE=) joinded the party "SLAVES" (id=1 ownerUID=m_TD03B4NXDQrU5koHpLq3WyQf1hXTvQSdETJOTM8ss= ownerName=F11 Simulator)
08:32:19.181 [MissionAirdrop] An airdrop is heading towards "Ontario" (pos=<6884.233398, 0.000000, 2921.709961> type=Random_Ontario) with a ExpansionAirdropContainer_Basebuilding
09:58:05.222 [MissionAirdrop] An airdrop is heading towards "Huron" (pos=<5645.566895, 0.000000, 8244.150391> type=Random_Huron) with a ExpansionAirdropContainer_Military
09:59:02.273 [Party] Player "Donnie Deeks" (id=GBfj3hSt2OSYAyU5ct3jrz7-L9j9UxpFHlBzXjWvrxE=) left the party "SLAVES" (id=1 ownerUID=m_TD03B4NXDQrU5koHpLq3WyQf1hXTvQSdETJOTM8ss= ownerName=F11 Simulator)
10:12:28.453 [Safezone] Player "Druss" (id=mvB_p65s26M1iDgS3KgKpm-UzbAyYM5rER5IINF2xI0= pos=<6729.42, 110.48, 6030.69>) entered the safezone
10:16:33.070 [Safezone] Player "{1:name}" (id={1:id} pos={1:position}) left the safezone
10:37:48.214 [Safezone] Player "London" (id=kOLgOs9yYBFVRQG3lqoHveYdP5X8y3SO69cq5MiR4us= pos=<6754.78, 104.3, 6054.32>) entered the safezone
10:37:49.460 [Safezone] Player "Druss" (id=mvB_p65s26M1iDgS3KgKpm-UzbAyYM5rER5IINF2xI0= pos=<6754.59, 104.49, 6053.48>) entered the safezone
10:38:17.507 [Market] Player "London" (id=kOLgOs9yYBFVRQG3lqoHveYdP5X8y3SO69cq5MiR4us=) has sold ak74 x1 (bec8fb40, AK_PlasticBttstck<c05ceba0>, AK_RailHndgrd<c05cd480>, GhillieAtt_Tan<c05cbd60>, Mag_AK74_30Rnd<c05cc8f0>, ammo_545x39 x26, KobraOptic<c03bc1c0>) at the trader "Weapons (Denis [#STR_EXPANSION_MARKET_TRADER_WEAPONS])" in market zone "Trader Zone" (pos=<6675.160645, 104.603935, 6114.155762>) and got 2231.
10:38:58.078 [ATM] Player "London" (id=kOLgOs9yYBFVRQG3lqoHveYdP5X8y3SO69cq5MiR4us=) has deposited 2231 on his ATM account.
10:39:21.964 [Safezone] Player "{1:name}" (id={1:id} pos={1:position}) left the safezone
10:39:25.179 [Safezone] Player "{1:name}" (id={1:id} pos={1:position}) left the safezone
10:55:41.070 [VehicleEnter] Player "London" (id=kOLgOs9yYBFVRQG3lqoHveYdP5X8y3SO69cq5MiR4us=) entered vehicle UAZ 469 (id=FB4A5D029C4DDA6B39FCFDA81AA96940 pos=<5813.28, 284.6, 3887.41>) as driver
10:57:48.242 [VehicleEngine] Player "London" [uid=kOLgOs9yYBFVRQG3lqoHveYdP5X8y3SO69cq5MiR4us=] started vehicle UAZ 469 (id=FB4A5D029C4DDA6B39FCFDA81AA96940 pos=<5803.420410, 243.779449, 3890.855469>)
10:57:51.238 [VehicleEngine] Player "London" [uid=kOLgOs9yYBFVRQG3lqoHveYdP5X8y3SO69cq5MiR4us=] stopped vehicle UAZ 469 (id=FB4A5D029C4DDA6B39FCFDA81AA96940 pos=<5803.412109, 243.779388, 3890.857178>)
11:00:01.429 [Party] Player "London" (id=kOLgOs9yYBFVRQG3lqoHveYdP5X8y3SO69cq5MiR4us=) left the party "SLAVES" (id=1 ownerUID=m_TD03B4NXDQrU5koHpLq3WyQf1hXTvQSdETJOTM8ss= ownerName=F11 Simulator)
11:00:01.437 [Party] Player "Druss" (id=mvB_p65s26M1iDgS3KgKpm-UzbAyYM5rER5IINF2xI0=) left the party "SLAVES" (id=1 ownerUID=m_TD03B4NXDQrU5koHpLq3WyQf1hXTvQSdETJOTM8ss= ownerName=F11 Simulator)
