11:05:21.761 [Safezone] Player "PR0METH3US" (id=TThAinrxkJFP-CwEnz2PeSGexzhJQlXBi9wpSBiT1g4= pos=<6644.93, 106.55, 6128.2>) entered the safezone
11:05:56.250 [Market] Player "PR0METH3US" (id=TThAinrxkJFP-CwEnz2PeSGexzhJQlXBi9wpSBiT1g4=) has bought tetracyclineantibiotics x1 (9d132db0) from the trader "Medicals (Mirek [#STR_EXPANSION_MARKET_TRADER_MEDICALS])" in market zone "Trader Zone" (pos=<6675.160645, 104.603935, 6114.155762>) for a price of 8.
11:06:25.468 [Market] Player "PR0METH3US" (id=TThAinrxkJFP-CwEnz2PeSGexzhJQlXBi9wpSBiT1g4=) has sold firefightershelmet_yellow x1 (9b8c46b0) at the trader "Clothing (Naomi [#STR_EXPANSION_MARKET_TRADER_CLOTHING])" in market zone "Trader Zone" (pos=<6675.160645, 104.603935, 6114.155762>) and got 112.
11:08:13.363 [Market] Player "PR0METH3US" (id=TThAinrxkJFP-CwEnz2PeSGexzhJQlXBi9wpSBiT1g4=) has bought peachescan x1 (98e38890) from the trader "Consumables (Linda [#STR_EXPANSION_MARKET_TRADER_CONSUMABLES])" in market zone "Trader Zone" (pos=<6675.160645, 104.603935, 6114.155762>) for a price of 15.
11:08:16.933 [Market] Player "PR0METH3US" (id=TThAinrxkJFP-CwEnz2PeSGexzhJQlXBi9wpSBiT1g4=) has bought brisketspread x1 (9c7c4d30) from the trader "Consumables (Linda [#STR_EXPANSION_MARKET_TRADER_CONSUMABLES])" in market zone "Trader Zone" (pos=<6675.160645, 104.603935, 6114.155762>) for a price of 15.
11:08:17.351 [Market] Player "PR0METH3US" (id=TThAinrxkJFP-CwEnz2PeSGexzhJQlXBi9wpSBiT1g4=) has bought brisketspread x1 (9363d080) from the trader "Consumables (Linda [#STR_EXPANSION_MARKET_TRADER_CONSUMABLES])" in market zone "Trader Zone" (pos=<6675.160645, 104.603935, 6114.155762>) for a price of 15.
11:08:17.851 [Market] Player "PR0METH3US" (id=TThAinrxkJFP-CwEnz2PeSGexzhJQlXBi9wpSBiT1g4=) has bought brisketspread x1 (9b5c4950) from the trader "Consumables (Linda [#STR_EXPANSION_MARKET_TRADER_CONSUMABLES])" in market zone "Trader Zone" (pos=<6675.160645, 104.603935, 6114.155762>) for a price of 15.
11:08:18.519 [Market] Player "PR0METH3US" (id=TThAinrxkJFP-CwEnz2PeSGexzhJQlXBi9wpSBiT1g4=) has bought brisketspread x1 (9c7c7d70) from the trader "Consumables (Linda [#STR_EXPANSION_MARKET_TRADER_CONSUMABLES])" in market zone "Trader Zone" (pos=<6675.160645, 104.603935, 6114.155762>) for a price of 15.
11:08:26.824 [Market] Player "PR0METH3US" (id=TThAinrxkJFP-CwEnz2PeSGexzhJQlXBi9wpSBiT1g4=) has bought waterbottle x1 (96bcc820) from the trader "Consumables (Linda [#STR_EXPANSION_MARKET_TRADER_CONSUMABLES])" in market zone "Trader Zone" (pos=<6675.160645, 104.603935, 6114.155762>) for a price of 15.
11:09:57.906 [Safezone] Player "{1:name}" (id={1:id} pos={1:position}) left the safezone
11:56:01.210 [Party] Player "ElBizzy" (id=zazFLAJ4lPF6TvVQMMREjst1jC8o_Id9oh_TjGBwaP8=) joinded the party "Viper Ethereal" (id=33 ownerUID= ownerName=)
11:56:01.214 [Party] Player "ElBizzy" (id=zazFLAJ4lPF6TvVQMMREjst1jC8o_Id9oh_TjGBwaP8=) created a party named Viper Ethereal (Viper)
11:56:01.214 [Party] Player "ElBizzy" (id=zazFLAJ4lPF6TvVQMMREjst1jC8o_Id9oh_TjGBwaP8=) invited the player "Mard" (id=OAEsqfVu9Ya3qx3X2Q_PgbpxSoSDXOIUHhH8VWVuumk=)to the party named Viper Ethereal
11:57:35.531 [Party] Player "Mard" (id=OAEsqfVu9Ya3qx3X2Q_PgbpxSoSDXOIUHhH8VWVuumk=) joinded the party "Viper Ethereal" (id=33 ownerUID=zazFLAJ4lPF6TvVQMMREjst1jC8o_Id9oh_TjGBwaP8= ownerName=ElBizzy)
12:06:58.406 [Killfeed] PR0METH3US was killed by an explosion caused by 6-M7 Frag Grenade.
12:56:28.843 [Party] Player "ElBizzy" (id=zazFLAJ4lPF6TvVQMMREjst1jC8o_Id9oh_TjGBwaP8=) left the party "Viper Ethereal" (id=33 ownerUID=zazFLAJ4lPF6TvVQMMREjst1jC8o_Id9oh_TjGBwaP8= ownerName=ElBizzy)
12:57:52.015 [Party] Player "ElBizzy" (id=zazFLAJ4lPF6TvVQMMREjst1jC8o_Id9oh_TjGBwaP8=) joinded the party "Viper Ethereal" (id=33 ownerUID=zazFLAJ4lPF6TvVQMMREjst1jC8o_Id9oh_TjGBwaP8= ownerName=ElBizzy)
14:30:22.523 [Party] Player "YellowMan03" (id=Q5YYCirVtNrxz4WQIODDgTTJ2c72jSwr9IjthoaUGfs=) joinded the party "Seraph Intrepid" (id=30 ownerUID=Q5YYCirVtNrxz4WQIODDgTTJ2c72jSwr9IjthoaUGfs= ownerName=YellowMan03)
14:45:41.824 [Party] Player "YellowMan03" (id=Q5YYCirVtNrxz4WQIODDgTTJ2c72jSwr9IjthoaUGfs=) left the party "Seraph Intrepid" (id=30 ownerUID=Q5YYCirVtNrxz4WQIODDgTTJ2c72jSwr9IjthoaUGfs= ownerName=YellowMan03)
14:50:41.664 [Party] Player "YellowMan03" (id=Q5YYCirVtNrxz4WQIODDgTTJ2c72jSwr9IjthoaUGfs=) joinded the party "Seraph Intrepid" (id=30 ownerUID=Q5YYCirVtNrxz4WQIODDgTTJ2c72jSwr9IjthoaUGfs= ownerName=YellowMan03)
14:56:22.246 [Party] Player "ElBizzy" (id=zazFLAJ4lPF6TvVQMMREjst1jC8o_Id9oh_TjGBwaP8=) left the party "Viper Ethereal" (id=33 ownerUID=zazFLAJ4lPF6TvVQMMREjst1jC8o_Id9oh_TjGBwaP8= ownerName=ElBizzy)
14:56:58.203 [Party] Player "YellowMan03" (id=Q5YYCirVtNrxz4WQIODDgTTJ2c72jSwr9IjthoaUGfs=) left the party "Seraph Intrepid" (id=30 ownerUID=Q5YYCirVtNrxz4WQIODDgTTJ2c72jSwr9IjthoaUGfs= ownerName=YellowMan03)
14:57:08.609 [Party] Player "Mard" (id=OAEsqfVu9Ya3qx3X2Q_PgbpxSoSDXOIUHhH8VWVuumk=) left the party "Viper Ethereal" (id=33 ownerUID=zazFLAJ4lPF6TvVQMMREjst1jC8o_Id9oh_TjGBwaP8= ownerName=ElBizzy)
