22:03:12.437 [Party] Player "Sir Trippy" (id=qZqolO4hbF2D7i2SHl6eLqgMczahG7_bAPkC9G_OL68=) joinded the party "SLAVES" (id=1 ownerUID=m_TD03B4NXDQrU5koHpLq3WyQf1hXTvQSdETJOTM8ss= ownerName=F11 Simulator)
22:06:18.023 [MissionAirdrop] An airdrop is heading towards "Seneca" (pos=<7648.691895, 0.000000, 1011.718018> type=Random_Seneca) with a ExpansionAirdropContainer_Military
22:28:03.554 [Party] Player "Sir Trippy" (id=qZqolO4hbF2D7i2SHl6eLqgMczahG7_bAPkC9G_OL68=) left the party "SLAVES" (id=1 ownerUID=m_TD03B4NXDQrU5koHpLq3WyQf1hXTvQSdETJOTM8ss= ownerName=F11 Simulator)
22:29:35.859 [Party] Player "Sir Trippy" (id=qZqolO4hbF2D7i2SHl6eLqgMczahG7_bAPkC9G_OL68=) joinded the party "SLAVES" (id=1 ownerUID=m_TD03B4NXDQrU5koHpLq3WyQf1hXTvQSdETJOTM8ss= ownerName=F11 Simulator)
22:41:32.031 [Safezone] Player "Kast" (id=gN4e40lsjcWMgHoZy-_QUh2rgApNbJSCNu62mt9RL7Y= pos=<6733.13, 109.76, 6033.86>) entered the safezone
22:43:49.679 [Market] Player "Kast" (id=gN4e40lsjcWMgHoZy-_QUh2rgApNbJSCNu62mt9RL7Y=) has sold ammo_357 x1 (f1688a90) at the trader "Weapons (Denis [#STR_EXPANSION_MARKET_TRADER_WEAPONS])" in market zone "Trader Zone" (pos=<6675.160645, 104.603935, 6114.155762>) and got 0.
22:43:49.890 [Market] Player "Kast" (id=gN4e40lsjcWMgHoZy-_QUh2rgApNbJSCNu62mt9RL7Y=) has sold ammo_357 x1 (f1688a90) at the trader "Weapons (Denis [#STR_EXPANSION_MARKET_TRADER_WEAPONS])" in market zone "Trader Zone" (pos=<6675.160645, 104.603935, 6114.155762>) and got 0.
22:43:50.046 [Market] Player "Kast" (id=gN4e40lsjcWMgHoZy-_QUh2rgApNbJSCNu62mt9RL7Y=) has sold ammo_357 x1 (f1688a90) at the trader "Weapons (Denis [#STR_EXPANSION_MARKET_TRADER_WEAPONS])" in market zone "Trader Zone" (pos=<6675.160645, 104.603935, 6114.155762>) and got 0.
22:43:50.242 [Market] Player "Kast" (id=gN4e40lsjcWMgHoZy-_QUh2rgApNbJSCNu62mt9RL7Y=) has sold ammo_357 x1 (f1688a90) at the trader "Weapons (Denis [#STR_EXPANSION_MARKET_TRADER_WEAPONS])" in market zone "Trader Zone" (pos=<6675.160645, 104.603935, 6114.155762>) and got 0.
22:43:50.453 [Market] Player "Kast" (id=gN4e40lsjcWMgHoZy-_QUh2rgApNbJSCNu62mt9RL7Y=) has sold ammo_357 x1 (f1688a90) at the trader "Weapons (Denis [#STR_EXPANSION_MARKET_TRADER_WEAPONS])" in market zone "Trader Zone" (pos=<6675.160645, 104.603935, 6114.155762>) and got 0.
22:43:53.148 [Market] Player "Kast" (id=gN4e40lsjcWMgHoZy-_QUh2rgApNbJSCNu62mt9RL7Y=) has sold ammo_12gaslug x1 (f168c460) at the trader "Weapons (Denis [#STR_EXPANSION_MARKET_TRADER_WEAPONS])" in market zone "Trader Zone" (pos=<6675.160645, 104.603935, 6114.155762>) and got 2.
22:43:53.351 [Market] Player "Kast" (id=gN4e40lsjcWMgHoZy-_QUh2rgApNbJSCNu62mt9RL7Y=) has sold ammo_12gaslug x1 (f168c460) at the trader "Weapons (Denis [#STR_EXPANSION_MARKET_TRADER_WEAPONS])" in market zone "Trader Zone" (pos=<6675.160645, 104.603935, 6114.155762>) and got 2.
22:43:55.351 [Market] Player "Kast" (id=gN4e40lsjcWMgHoZy-_QUh2rgApNbJSCNu62mt9RL7Y=) has sold ammo_45acp x1 (c36e9dd0) at the trader "Weapons (Denis [#STR_EXPANSION_MARKET_TRADER_WEAPONS])" in market zone "Trader Zone" (pos=<6675.160645, 104.603935, 6114.155762>) and got 1.
22:43:55.484 [Market] Player "Kast" (id=gN4e40lsjcWMgHoZy-_QUh2rgApNbJSCNu62mt9RL7Y=) has sold ammo_45acp x1 (c36e9dd0) at the trader "Weapons (Denis [#STR_EXPANSION_MARKET_TRADER_WEAPONS])" in market zone "Trader Zone" (pos=<6675.160645, 104.603935, 6114.155762>) and got 1.
22:43:55.687 [Market] Player "Kast" (id=gN4e40lsjcWMgHoZy-_QUh2rgApNbJSCNu62mt9RL7Y=) has sold ammo_45acp x1 (c36e9dd0) at the trader "Weapons (Denis [#STR_EXPANSION_MARKET_TRADER_WEAPONS])" in market zone "Trader Zone" (pos=<6675.160645, 104.603935, 6114.155762>) and got 1.
22:43:55.875 [Market] Player "Kast" (id=gN4e40lsjcWMgHoZy-_QUh2rgApNbJSCNu62mt9RL7Y=) has sold ammo_45acp x1 (c36e9dd0) at the trader "Weapons (Denis [#STR_EXPANSION_MARKET_TRADER_WEAPONS])" in market zone "Trader Zone" (pos=<6675.160645, 104.603935, 6114.155762>) and got 1.
22:43:56.078 [Market] Player "Kast" (id=gN4e40lsjcWMgHoZy-_QUh2rgApNbJSCNu62mt9RL7Y=) has sold ammo_45acp x1 (c36e9dd0) at the trader "Weapons (Denis [#STR_EXPANSION_MARKET_TRADER_WEAPONS])" in market zone "Trader Zone" (pos=<6675.160645, 104.603935, 6114.155762>) and got 1.
22:43:56.289 [Market] Player "Kast" (id=gN4e40lsjcWMgHoZy-_QUh2rgApNbJSCNu62mt9RL7Y=) has sold ammo_45acp x1 (c3efab50) at the trader "Weapons (Denis [#STR_EXPANSION_MARKET_TRADER_WEAPONS])" in market zone "Trader Zone" (pos=<6675.160645, 104.603935, 6114.155762>) and got 1.
22:43:56.500 [Market] Player "Kast" (id=gN4e40lsjcWMgHoZy-_QUh2rgApNbJSCNu62mt9RL7Y=) has sold ammo_45acp x1 (c3efab50) at the trader "Weapons (Denis [#STR_EXPANSION_MARKET_TRADER_WEAPONS])" in market zone "Trader Zone" (pos=<6675.160645, 104.603935, 6114.155762>) and got 1.
22:43:56.703 [Market] Player "Kast" (id=gN4e40lsjcWMgHoZy-_QUh2rgApNbJSCNu62mt9RL7Y=) has sold ammo_45acp x1 (c3efab50) at the trader "Weapons (Denis [#STR_EXPANSION_MARKET_TRADER_WEAPONS])" in market zone "Trader Zone" (pos=<6675.160645, 104.603935, 6114.155762>) and got 1.
22:43:56.906 [Market] Player "Kast" (id=gN4e40lsjcWMgHoZy-_QUh2rgApNbJSCNu62mt9RL7Y=) has sold ammo_45acp x1 (c3efab50) at the trader "Weapons (Denis [#STR_EXPANSION_MARKET_TRADER_WEAPONS])" in market zone "Trader Zone" (pos=<6675.160645, 104.603935, 6114.155762>) and got 1.
22:43:57.101 [Market] Player "Kast" (id=gN4e40lsjcWMgHoZy-_QUh2rgApNbJSCNu62mt9RL7Y=) has sold ammo_45acp x1 (c3efab50) at the trader "Weapons (Denis [#STR_EXPANSION_MARKET_TRADER_WEAPONS])" in market zone "Trader Zone" (pos=<6675.160645, 104.603935, 6114.155762>) and got 1.
22:43:57.351 [Market] Player "Kast" (id=gN4e40lsjcWMgHoZy-_QUh2rgApNbJSCNu62mt9RL7Y=) has sold ammo_45acp x1 (c3efab50) at the trader "Weapons (Denis [#STR_EXPANSION_MARKET_TRADER_WEAPONS])" in market zone "Trader Zone" (pos=<6675.160645, 104.603935, 6114.155762>) and got 1.
22:43:57.539 [Market] Player "Kast" (id=gN4e40lsjcWMgHoZy-_QUh2rgApNbJSCNu62mt9RL7Y=) has sold ammo_45acp x1 (c3efab50) at the trader "Weapons (Denis [#STR_EXPANSION_MARKET_TRADER_WEAPONS])" in market zone "Trader Zone" (pos=<6675.160645, 104.603935, 6114.155762>) and got 1.
22:43:57.710 [Market] Player "Kast" (id=gN4e40lsjcWMgHoZy-_QUh2rgApNbJSCNu62mt9RL7Y=) has sold ammo_45acp x1 (c3efab50) at the trader "Weapons (Denis [#STR_EXPANSION_MARKET_TRADER_WEAPONS])" in market zone "Trader Zone" (pos=<6675.160645, 104.603935, 6114.155762>) and got 1.
22:43:57.914 [Market] Player "Kast" (id=gN4e40lsjcWMgHoZy-_QUh2rgApNbJSCNu62mt9RL7Y=) has sold ammo_45acp x1 (c283d490) at the trader "Weapons (Denis [#STR_EXPANSION_MARKET_TRADER_WEAPONS])" in market zone "Trader Zone" (pos=<6675.160645, 104.603935, 6114.155762>) and got 1.
22:43:58.117 [Market] Player "Kast" (id=gN4e40lsjcWMgHoZy-_QUh2rgApNbJSCNu62mt9RL7Y=) has sold ammo_45acp x1 (c283d490) at the trader "Weapons (Denis [#STR_EXPANSION_MARKET_TRADER_WEAPONS])" in market zone "Trader Zone" (pos=<6675.160645, 104.603935, 6114.155762>) and got 1.
22:43:58.328 [Market] Player "Kast" (id=gN4e40lsjcWMgHoZy-_QUh2rgApNbJSCNu62mt9RL7Y=) has sold ammo_45acp x1 (c283d490) at the trader "Weapons (Denis [#STR_EXPANSION_MARKET_TRADER_WEAPONS])" in market zone "Trader Zone" (pos=<6675.160645, 104.603935, 6114.155762>) and got 1.
22:43:58.500 [Market] Player "Kast" (id=gN4e40lsjcWMgHoZy-_QUh2rgApNbJSCNu62mt9RL7Y=) has sold ammo_45acp x1 (c283d490) at the trader "Weapons (Denis [#STR_EXPANSION_MARKET_TRADER_WEAPONS])" in market zone "Trader Zone" (pos=<6675.160645, 104.603935, 6114.155762>) and got 1.
22:43:58.695 [Market] Player "Kast" (id=gN4e40lsjcWMgHoZy-_QUh2rgApNbJSCNu62mt9RL7Y=) has sold ammo_45acp x1 (c283d490) at the trader "Weapons (Denis [#STR_EXPANSION_MARKET_TRADER_WEAPONS])" in market zone "Trader Zone" (pos=<6675.160645, 104.603935, 6114.155762>) and got 1.
22:43:58.906 [Market] Player "Kast" (id=gN4e40lsjcWMgHoZy-_QUh2rgApNbJSCNu62mt9RL7Y=) has sold ammo_45acp x1 (c283d490) at the trader "Weapons (Denis [#STR_EXPANSION_MARKET_TRADER_WEAPONS])" in market zone "Trader Zone" (pos=<6675.160645, 104.603935, 6114.155762>) and got 1.
22:43:59.109 [Market] Player "Kast" (id=gN4e40lsjcWMgHoZy-_QUh2rgApNbJSCNu62mt9RL7Y=) has sold ammo_45acp x1 (c283d490) at the trader "Weapons (Denis [#STR_EXPANSION_MARKET_TRADER_WEAPONS])" in market zone "Trader Zone" (pos=<6675.160645, 104.603935, 6114.155762>) and got 1.
22:43:59.320 [Market] Player "Kast" (id=gN4e40lsjcWMgHoZy-_QUh2rgApNbJSCNu62mt9RL7Y=) has sold ammo_45acp x1 (c283d490) at the trader "Weapons (Denis [#STR_EXPANSION_MARKET_TRADER_WEAPONS])" in market zone "Trader Zone" (pos=<6675.160645, 104.603935, 6114.155762>) and got 1.
22:43:59.757 [Market] Player "Kast" (id=gN4e40lsjcWMgHoZy-_QUh2rgApNbJSCNu62mt9RL7Y=) has sold ammo_545x39 x1 (aee2b2a0) at the trader "Weapons (Denis [#STR_EXPANSION_MARKET_TRADER_WEAPONS])" in market zone "Trader Zone" (pos=<6675.160645, 104.603935, 6114.155762>) and got 0.
22:43:59.960 [Market] Player "Kast" (id=gN4e40lsjcWMgHoZy-_QUh2rgApNbJSCNu62mt9RL7Y=) has sold ammo_545x39 x1 (aee2b2a0) at the trader "Weapons (Denis [#STR_EXPANSION_MARKET_TRADER_WEAPONS])" in market zone "Trader Zone" (pos=<6675.160645, 104.603935, 6114.155762>) and got 0.
22:44:00.859 [Market] Player "Kast" (id=gN4e40lsjcWMgHoZy-_QUh2rgApNbJSCNu62mt9RL7Y=) has sold ammo_545x39 x1 (aee2b2a0) at the trader "Weapons (Denis [#STR_EXPANSION_MARKET_TRADER_WEAPONS])" in market zone "Trader Zone" (pos=<6675.160645, 104.603935, 6114.155762>) and got 0.
22:44:01.085 [Market] Player "Kast" (id=gN4e40lsjcWMgHoZy-_QUh2rgApNbJSCNu62mt9RL7Y=) has sold ammo_545x39 x1 (aee2b2a0) at the trader "Weapons (Denis [#STR_EXPANSION_MARKET_TRADER_WEAPONS])" in market zone "Trader Zone" (pos=<6675.160645, 104.603935, 6114.155762>) and got 0.
22:44:01.296 [Market] Player "Kast" (id=gN4e40lsjcWMgHoZy-_QUh2rgApNbJSCNu62mt9RL7Y=) has sold ammo_545x39 x1 (aee2b2a0) at the trader "Weapons (Denis [#STR_EXPANSION_MARKET_TRADER_WEAPONS])" in market zone "Trader Zone" (pos=<6675.160645, 104.603935, 6114.155762>) and got 0.
22:44:01.507 [Market] Player "Kast" (id=gN4e40lsjcWMgHoZy-_QUh2rgApNbJSCNu62mt9RL7Y=) has sold ammo_545x39 x1 (aee2b2a0) at the trader "Weapons (Denis [#STR_EXPANSION_MARKET_TRADER_WEAPONS])" in market zone "Trader Zone" (pos=<6675.160645, 104.603935, 6114.155762>) and got 0.
22:44:01.710 [Market] Player "Kast" (id=gN4e40lsjcWMgHoZy-_QUh2rgApNbJSCNu62mt9RL7Y=) has sold ammo_545x39 x1 (aee2b2a0) at the trader "Weapons (Denis [#STR_EXPANSION_MARKET_TRADER_WEAPONS])" in market zone "Trader Zone" (pos=<6675.160645, 104.603935, 6114.155762>) and got 0.
22:44:06.398 [Market] Player "Kast" (id=gN4e40lsjcWMgHoZy-_QUh2rgApNbJSCNu62mt9RL7Y=) has sold ammobox_45acp_25rnd x1 (c02d3700) at the trader "Weapons (Denis [#STR_EXPANSION_MARKET_TRADER_WEAPONS])" in market zone "Trader Zone" (pos=<6675.160645, 104.603935, 6114.155762>) and got 7.
22:44:07.109 [Market] Player "Kast" (id=gN4e40lsjcWMgHoZy-_QUh2rgApNbJSCNu62mt9RL7Y=) has sold ammobox_12gaslug_10rnd x1 (c5cc8ef0) at the trader "Weapons (Denis [#STR_EXPANSION_MARKET_TRADER_WEAPONS])" in market zone "Trader Zone" (pos=<6675.160645, 104.603935, 6114.155762>) and got 22.
22:44:10.218 [Market] Player "Kast" (id=gN4e40lsjcWMgHoZy-_QUh2rgApNbJSCNu62mt9RL7Y=) has sold crossbow_black x1 (bb3ede90) at the trader "Weapons (Denis [#STR_EXPANSION_MARKET_TRADER_WEAPONS])" in market zone "Trader Zone" (pos=<6675.160645, 104.603935, 6114.155762>) and got 600.
22:47:22.203 [Market] Player "Kast" (id=gN4e40lsjcWMgHoZy-_QUh2rgApNbJSCNu62mt9RL7Y=) has sold puscopeoptic x1 (ac4ab710) at the trader "Attachments (Jose [#STR_EXPANSION_MARKET_TRADER_ATTACHMENTS])" in market zone "Trader Zone" (pos=<6675.160645, 104.603935, 6114.155762>) and got 168.
22:47:25.953 [Market] Player "Kast" (id=gN4e40lsjcWMgHoZy-_QUh2rgApNbJSCNu62mt9RL7Y=) has sold mag_cz61_20rnd x1 (f5c1d7c0, ammo_380 x3) at the trader "Attachments (Jose [#STR_EXPANSION_MARKET_TRADER_ATTACHMENTS])" in market zone "Trader Zone" (pos=<6675.160645, 104.603935, 6114.155762>) and got 78.
22:47:26.648 [Market] Player "Kast" (id=gN4e40lsjcWMgHoZy-_QUh2rgApNbJSCNu62mt9RL7Y=) has sold mag_cz527_5rnd x1 (bc821a80, ammo_762x39 x4) at the trader "Attachments (Jose [#STR_EXPANSION_MARKET_TRADER_ATTACHMENTS])" in market zone "Trader Zone" (pos=<6675.160645, 104.603935, 6114.155762>) and got 26.
22:47:27.265 [Market] Player "Kast" (id=gN4e40lsjcWMgHoZy-_QUh2rgApNbJSCNu62mt9RL7Y=) has sold mag_saiga_5rnd x1 (c4271870, ammo_12gapellets x3) at the trader "Attachments (Jose [#STR_EXPANSION_MARKET_TRADER_ATTACHMENTS])" in market zone "Trader Zone" (pos=<6675.160645, 104.603935, 6114.155762>) and got 84.
22:47:31.515 [Market] Player "Kast" (id=gN4e40lsjcWMgHoZy-_QUh2rgApNbJSCNu62mt9RL7Y=) has sold universallight x1 (c2814d10) at the trader "Attachments (Jose [#STR_EXPANSION_MARKET_TRADER_ATTACHMENTS])" in market zone "Trader Zone" (pos=<6675.160645, 104.603935, 6114.155762>) and got 45.
22:47:39.343 [Market] Player "Kast" (id=gN4e40lsjcWMgHoZy-_QUh2rgApNbJSCNu62mt9RL7Y=) has bought huntingoptic x1 (be77e510) from the trader "Attachments (Jose [#STR_EXPANSION_MARKET_TRADER_ATTACHMENTS])" in market zone "Trader Zone" (pos=<6675.160645, 104.603935, 6114.155762>) for a price of 1000.
22:47:56.273 [Market] Player "Kast" (id=gN4e40lsjcWMgHoZy-_QUh2rgApNbJSCNu62mt9RL7Y=) has sold electronicrepairkit x1 (f1694390) at the trader "Components (Cyril [#STR_EXPANSION_MARKET_TRADER_COMPONENTS])" in market zone "Trader Zone" (pos=<6675.160645, 104.603935, 6114.155762>) and got 13.
23:09:46.281 [Safezone] Player "Kast" (id=gN4e40lsjcWMgHoZy-_QUh2rgApNbJSCNu62mt9RL7Y= pos=<6680.5, 102.5, 6113.9>) entered the safezone
23:13:58.968 [Market] Player "Kast" (id=gN4e40lsjcWMgHoZy-_QUh2rgApNbJSCNu62mt9RL7Y=) has sold chainmail_leggings x1 (be6437d0) at the trader "Clothing (Naomi [#STR_EXPANSION_MARKET_TRADER_CLOTHING])" in market zone "Trader Zone" (pos=<6675.160645, 104.603935, 6114.155762>) and got 262.
23:14:22.164 [Market] Player "Kast" (id=gN4e40lsjcWMgHoZy-_QUh2rgApNbJSCNu62mt9RL7Y=) has bought hunterpants_summer x1 (b769d7b0) from the trader "Clothing (Naomi [#STR_EXPANSION_MARKET_TRADER_CLOTHING])" in market zone "Trader Zone" (pos=<6675.160645, 104.603935, 6114.155762>) for a price of 100.
23:14:55.539 [Market] Player "Kast" (id=gN4e40lsjcWMgHoZy-_QUh2rgApNbJSCNu62mt9RL7Y=) has sold chainmail x1 (c076d6d0) at the trader "Clothing (Naomi [#STR_EXPANSION_MARKET_TRADER_CLOTHING])" in market zone "Trader Zone" (pos=<6675.160645, 104.603935, 6114.155762>) and got 70.
23:14:56.812 [Market] Player "Kast" (id=gN4e40lsjcWMgHoZy-_QUh2rgApNbJSCNu62mt9RL7Y=) has sold huntingjacket_spring x1 (be63db50) at the trader "Clothing (Naomi [#STR_EXPANSION_MARKET_TRADER_CLOTHING])" in market zone "Trader Zone" (pos=<6675.160645, 104.603935, 6114.155762>) and got 45.
23:15:15.601 [Market] Player "Kast" (id=gN4e40lsjcWMgHoZy-_QUh2rgApNbJSCNu62mt9RL7Y=) has bought huntingjacket_summer x1 (be219b50) from the trader "Clothing (Naomi [#STR_EXPANSION_MARKET_TRADER_CLOTHING])" in market zone "Trader Zone" (pos=<6675.160645, 104.603935, 6114.155762>) for a price of 120.
23:17:02.992 [Market] Player "Kast" (id=gN4e40lsjcWMgHoZy-_QUh2rgApNbJSCNu62mt9RL7Y=) has bought mich2001helmet x1 (bccd5e40) from the trader "Clothing (Naomi [#STR_EXPANSION_MARKET_TRADER_CLOTHING])" in market zone "Trader Zone" (pos=<6675.160645, 104.603935, 6114.155762>) for a price of 150.
23:17:14.359 [Market] Player "Kast" (id=gN4e40lsjcWMgHoZy-_QUh2rgApNbJSCNu62mt9RL7Y=) has sold norsehelm x1 (be6420b0) at the trader "Clothing (Naomi [#STR_EXPANSION_MARKET_TRADER_CLOTHING])" in market zone "Trader Zone" (pos=<6675.160645, 104.603935, 6114.155762>) and got 337.
23:17:35.585 [Market] Player "Kast" (id=gN4e40lsjcWMgHoZy-_QUh2rgApNbJSCNu62mt9RL7Y=) has bought platecarriervest_camo x1 (c5b60fc0) from the trader "Clothing (Naomi [#STR_EXPANSION_MARKET_TRADER_CLOTHING])" in market zone "Trader Zone" (pos=<6675.160645, 104.603935, 6114.155762>) for a price of 275.
23:17:49.398 [Market] Player "Kast" (id=gN4e40lsjcWMgHoZy-_QUh2rgApNbJSCNu62mt9RL7Y=) has sold policevest x1 (be641520) at the trader "Clothing (Naomi [#STR_EXPANSION_MARKET_TRADER_CLOTHING])" in market zone "Trader Zone" (pos=<6675.160645, 104.603935, 6114.155762>) and got 26.
23:17:59.921 [Market] Player "Kast" (id=gN4e40lsjcWMgHoZy-_QUh2rgApNbJSCNu62mt9RL7Y=) has bought platecarrierpouches x1 (be8deb20) from the trader "Clothing (Naomi [#STR_EXPANSION_MARKET_TRADER_CLOTHING])" in market zone "Trader Zone" (pos=<6675.160645, 104.603935, 6114.155762>) for a price of 100.
23:18:13.265 [Market] Player "Kast" (id=gN4e40lsjcWMgHoZy-_QUh2rgApNbJSCNu62mt9RL7Y=) has sold platecarrierpouches x1 (be8deb20) at the trader "Clothing (Naomi [#STR_EXPANSION_MARKET_TRADER_CLOTHING])" in market zone "Trader Zone" (pos=<6675.160645, 104.603935, 6114.155762>) and got 75.
23:18:25.265 [Market] Player "Kast" (id=gN4e40lsjcWMgHoZy-_QUh2rgApNbJSCNu62mt9RL7Y=) has bought platecarrierpouches_camo x1 (a8ec0b90) from the trader "Clothing (Naomi [#STR_EXPANSION_MARKET_TRADER_CLOTHING])" in market zone "Trader Zone" (pos=<6675.160645, 104.603935, 6114.155762>) for a price of 120.
23:19:09.210 [ATM] Player "Kast" (id=gN4e40lsjcWMgHoZy-_QUh2rgApNbJSCNu62mt9RL7Y=) has withdrawn 100000 from his ATM account.
23:20:20.210 [Market] Player "Kast" (id=gN4e40lsjcWMgHoZy-_QUh2rgApNbJSCNu62mt9RL7Y=) has bought militaryboots_brown x1 (c3f007d0) from the trader "Clothing (Naomi [#STR_EXPANSION_MARKET_TRADER_CLOTHING])" in market zone "Trader Zone" (pos=<6675.160645, 104.603935, 6114.155762>) for a price of 110.
23:20:35.218 [Market] Player "Kast" (id=gN4e40lsjcWMgHoZy-_QUh2rgApNbJSCNu62mt9RL7Y=) has bought tacticalgoggles x1 (b93697b0) from the trader "Clothing (Naomi [#STR_EXPANSION_MARKET_TRADER_CLOTHING])" in market zone "Trader Zone" (pos=<6675.160645, 104.603935, 6114.155762>) for a price of 60.
23:21:04.031 [Market] Player "Kast" (id=gN4e40lsjcWMgHoZy-_QUh2rgApNbJSCNu62mt9RL7Y=) has bought improvizovane_camonetponcho x1 (b9399e60) from the trader "Clothing (Naomi [#STR_EXPANSION_MARKET_TRADER_CLOTHING])" in market zone "Trader Zone" (pos=<6675.160645, 104.603935, 6114.155762>) for a price of 5000.
23:21:13.906 [Market] Player "Kast" (id=gN4e40lsjcWMgHoZy-_QUh2rgApNbJSCNu62mt9RL7Y=) has bought woolgloves_green x1 (bb344a60) from the trader "Clothing (Naomi [#STR_EXPANSION_MARKET_TRADER_CLOTHING])" in market zone "Trader Zone" (pos=<6675.160645, 104.603935, 6114.155762>) for a price of 35.
23:21:24.929 [Market] Player "Kast" (id=gN4e40lsjcWMgHoZy-_QUh2rgApNbJSCNu62mt9RL7Y=) has bought platecarrierholster_camo x1 (bb350360) from the trader "Clothing (Naomi [#STR_EXPANSION_MARKET_TRADER_CLOTHING])" in market zone "Trader Zone" (pos=<6675.160645, 104.603935, 6114.155762>) for a price of 80.
23:21:50.554 [Market] Player "Kast" (id=gN4e40lsjcWMgHoZy-_QUh2rgApNbJSCNu62mt9RL7Y=) has bought balaclavamask_green x1 (bb371740) from the trader "Clothing (Naomi [#STR_EXPANSION_MARKET_TRADER_CLOTHING])" in market zone "Trader Zone" (pos=<6675.160645, 104.603935, 6114.155762>) for a price of 60.
23:24:50.484 [ATM] Player "Kast" (id=gN4e40lsjcWMgHoZy-_QUh2rgApNbJSCNu62mt9RL7Y=) has deposited 94673 on his ATM account.
23:24:54.476 [Safezone] Player "Mormonrice22" (id=SWrhd9ziwAZonrmk5cFvI9UDhCjNa3qYrpi7hYisi14= pos=<6628.08, 134.67, 6027.52>) entered the safezone
23:25:50.351 [Safezone] Player "{1:name}" (id={1:id} pos={1:position}) left the safezone
23:28:13.210 [Market] Player "Mormonrice22" (id=SWrhd9ziwAZonrmk5cFvI9UDhCjNa3qYrpi7hYisi14=) has sold cz527 x1 (bb3cace0, Mag_CZ527_5rnd<bc25b0d0>, ammo_762x39 x3) at the trader "Weapons (Denis [#STR_EXPANSION_MARKET_TRADER_WEAPONS])" in market zone "Trader Zone" (pos=<6675.160645, 104.603935, 6114.155762>) and got 141.
23:28:18.781 [Market] Player "Mormonrice22" (id=SWrhd9ziwAZonrmk5cFvI9UDhCjNa3qYrpi7hYisi14=) has sold ammobox_762x54_20rnd x1 (c38f1160) at the trader "Weapons (Denis [#STR_EXPANSION_MARKET_TRADER_WEAPONS])" in market zone "Trader Zone" (pos=<6675.160645, 104.603935, 6114.155762>) and got 24.
23:28:22.125 [Market] Player "Mormonrice22" (id=SWrhd9ziwAZonrmk5cFvI9UDhCjNa3qYrpi7hYisi14=) has sold ammobox_762x54_20rnd x1 (b5edc020) at the trader "Weapons (Denis [#STR_EXPANSION_MARKET_TRADER_WEAPONS])" in market zone "Trader Zone" (pos=<6675.160645, 104.603935, 6114.155762>) and got 24.
23:30:11.601 [Safezone] Player "{1:name}" (id={1:id} pos={1:position}) left the safezone
23:34:02.085 [MissionAirdrop] An airdrop is heading towards "OWF Industries" (pos=<7167.299805, 0.000000, 4161.319824> type=Random_OWFIndustries) with a ExpansionAirdropContainer_Military
00:01:19.203 [Safezone] Player "Sir Trippy" (id=qZqolO4hbF2D7i2SHl6eLqgMczahG7_bAPkC9G_OL68= pos=<6700.28, 102.81, 6072.51>) entered the safezone
00:01:19.687 [Safezone] Player "Ov3rKi11" (id=P_LVluee20-ZP_xemam3V_6hnFSPQ6Uqa7dsMv8yuYY= pos=<6700.5, 102.84, 6071.19>) entered the safezone
00:01:22.562 [Safezone] Player "Stephanie" (id=OShFqHovj5cC7Mjc5nmU2hT0J6y8CT78KFmoQoNUQoc= pos=<6700.37, 102.85, 6070.73>) entered the safezone
00:03:01.585 [Safezone] Player "{1:name}" (id={1:id} pos={1:position}) left the safezone
00:08:28.445 [Party] Player "Sir Trippy" (id=qZqolO4hbF2D7i2SHl6eLqgMczahG7_bAPkC9G_OL68=) left the party "SLAVES" (id=1 ownerUID=m_TD03B4NXDQrU5koHpLq3WyQf1hXTvQSdETJOTM8ss= ownerName=F11 Simulator)
00:25:01.023 [Party] Player "Sir Trippy" (id=qZqolO4hbF2D7i2SHl6eLqgMczahG7_bAPkC9G_OL68=) joinded the party "SLAVES" (id=1 ownerUID=m_TD03B4NXDQrU5koHpLq3WyQf1hXTvQSdETJOTM8ss= ownerName=F11 Simulator)
00:33:05.109 [Party] Player "Rajun Cajun " (id=6rdWdgGJ4h5xU1pd7lrNpx51ohxu-qSYYB7mCtbXrJM=) joinded the party "Kraken Relentless" (id=31 ownerUID=6rdWdgGJ4h5xU1pd7lrNpx51ohxu-qSYYB7mCtbXrJM= ownerName=Rajun Cajun )
00:59:27.148 [MissionAirdrop] An airdrop is heading towards "Tuscarora" (pos=<2451.096191, 0.000000, 8775.758789> type=Random_Tuscarora) with a ExpansionAirdropContainer_Basebuilding
01:09:42.812 [Party] Player "North" (id=4ppTN0XcNEKLnBoX_L0oN04O6xoZy4JlfCme8pT1Ons=) joinded the party "BEANSQUAD" (id=37 ownerUID=4ppTN0XcNEKLnBoX_L0oN04O6xoZy4JlfCme8pT1Ons= ownerName=North)
01:14:57.835 [Party] Player "Litte-bean" (id=7qYfha5zA1PauoqPmVhx6wtkxuuZFQUOIhCrcAxrX0M=) joinded the party "BEANSQUAD" (id=37 ownerUID=4ppTN0XcNEKLnBoX_L0oN04O6xoZy4JlfCme8pT1Ons= ownerName=North)
01:17:56.984 [Party] Player "F11 Simulator" (id=m_TD03B4NXDQrU5koHpLq3WyQf1hXTvQSdETJOTM8ss=) joinded the party "SLAVES" (id=1 ownerUID=m_TD03B4NXDQrU5koHpLq3WyQf1hXTvQSdETJOTM8ss= ownerName=F11 Simulator)
01:34:25.812 [Party] Player "Druss" (id=mvB_p65s26M1iDgS3KgKpm-UzbAyYM5rER5IINF2xI0=) joinded the party "SLAVES" (id=1 ownerUID=m_TD03B4NXDQrU5koHpLq3WyQf1hXTvQSdETJOTM8ss= ownerName=F11 Simulator)
01:46:38.046 [Safezone] Player "Druss" (id=mvB_p65s26M1iDgS3KgKpm-UzbAyYM5rER5IINF2xI0= pos=<6757.26, 103.46, 6059.03>) entered the safezone
01:47:05.515 [ATM] Player "Druss" (id=mvB_p65s26M1iDgS3KgKpm-UzbAyYM5rER5IINF2xI0=) has withdrawn 3000 from his ATM account.
01:47:45.242 [Market] Player "Druss" (id=mvB_p65s26M1iDgS3KgKpm-UzbAyYM5rER5IINF2xI0=) has bought electronicrepairkit x1 (baa899e0) from the trader "Components (Cyril [#STR_EXPANSION_MARKET_TRADER_COMPONENTS])" in market zone "Trader Zone" (pos=<6675.160645, 104.603935, 6114.155762>) for a price of 35.
01:47:45.812 [Market] Player "Druss" (id=mvB_p65s26M1iDgS3KgKpm-UzbAyYM5rER5IINF2xI0=) has bought electronicrepairkit x1 (baa83d60) from the trader "Components (Cyril [#STR_EXPANSION_MARKET_TRADER_COMPONENTS])" in market zone "Trader Zone" (pos=<6675.160645, 104.603935, 6114.155762>) for a price of 35.
01:47:58.429 [Market] Player "Druss" (id=mvB_p65s26M1iDgS3KgKpm-UzbAyYM5rER5IINF2xI0=) has bought ducttape x1 (baa86010) from the trader "Components (Cyril [#STR_EXPANSION_MARKET_TRADER_COMPONENTS])" in market zone "Trader Zone" (pos=<6675.160645, 104.603935, 6114.155762>) for a price of 20.
01:47:59.031 [Market] Player "Druss" (id=mvB_p65s26M1iDgS3KgKpm-UzbAyYM5rER5IINF2xI0=) has bought ducttape x1 (b5596470) from the trader "Components (Cyril [#STR_EXPANSION_MARKET_TRADER_COMPONENTS])" in market zone "Trader Zone" (pos=<6675.160645, 104.603935, 6114.155762>) for a price of 20.
01:47:59.609 [Market] Player "Druss" (id=mvB_p65s26M1iDgS3KgKpm-UzbAyYM5rER5IINF2xI0=) has bought ducttape x1 (b55a3490) from the trader "Components (Cyril [#STR_EXPANSION_MARKET_TRADER_COMPONENTS])" in market zone "Trader Zone" (pos=<6675.160645, 104.603935, 6114.155762>) for a price of 20.
01:48:00.078 [Market] Player "Druss" (id=mvB_p65s26M1iDgS3KgKpm-UzbAyYM5rER5IINF2xI0=) has bought ducttape x1 (b55a11e0) from the trader "Components (Cyril [#STR_EXPANSION_MARKET_TRADER_COMPONENTS])" in market zone "Trader Zone" (pos=<6675.160645, 104.603935, 6114.155762>) for a price of 20.
01:48:02.515 [Market] Player "Druss" (id=mvB_p65s26M1iDgS3KgKpm-UzbAyYM5rER5IINF2xI0=) has bought ducttape x1 (b55a4020) from the trader "Components (Cyril [#STR_EXPANSION_MARKET_TRADER_COMPONENTS])" in market zone "Trader Zone" (pos=<6675.160645, 104.603935, 6114.155762>) for a price of 20.
01:48:34.515 [Market] Player "Druss" (id=mvB_p65s26M1iDgS3KgKpm-UzbAyYM5rER5IINF2xI0=) has sold electronicrepairkit x1 (baa899e0) at the trader "Components (Cyril [#STR_EXPANSION_MARKET_TRADER_COMPONENTS])" in market zone "Trader Zone" (pos=<6675.160645, 104.603935, 6114.155762>) and got 26.
01:49:11.718 [Market] Player "Druss" (id=mvB_p65s26M1iDgS3KgKpm-UzbAyYM5rER5IINF2xI0=) has bought gasmask x1 (519a91d0) from the trader "Clothing (Naomi [#STR_EXPANSION_MARKET_TRADER_CLOTHING])" in market zone "Trader Zone" (pos=<6675.160645, 104.603935, 6114.155762>) for a price of 120.
01:49:12.156 [Market] Player "Druss" (id=mvB_p65s26M1iDgS3KgKpm-UzbAyYM5rER5IINF2xI0=) has bought gasmask x1 (519a1e30) from the trader "Clothing (Naomi [#STR_EXPANSION_MARKET_TRADER_CLOTHING])" in market zone "Trader Zone" (pos=<6675.160645, 104.603935, 6114.155762>) for a price of 120.
01:49:13.453 [Market] Player "Druss" (id=mvB_p65s26M1iDgS3KgKpm-UzbAyYM5rER5IINF2xI0=) has bought gasmask x1 (519b9030) from the trader "Clothing (Naomi [#STR_EXPANSION_MARKET_TRADER_CLOTHING])" in market zone "Trader Zone" (pos=<6675.160645, 104.603935, 6114.155762>) for a price of 120.
01:49:14.320 [Market] Player "Druss" (id=mvB_p65s26M1iDgS3KgKpm-UzbAyYM5rER5IINF2xI0=) has bought gasmask x1 (519bb2e0) from the trader "Clothing (Naomi [#STR_EXPANSION_MARKET_TRADER_CLOTHING])" in market zone "Trader Zone" (pos=<6675.160645, 104.603935, 6114.155762>) for a price of 120.
01:50:01.398 [Safezone] Player "{1:name}" (id={1:id} pos={1:position}) left the safezone
01:50:01.742 [Safezone] Player "Druss" (id=mvB_p65s26M1iDgS3KgKpm-UzbAyYM5rER5IINF2xI0= pos=<6680.76, 117.33, 6019.51>) entered the safezone
01:55:17.859 [Safezone] Player "Sir Trippy" (id=qZqolO4hbF2D7i2SHl6eLqgMczahG7_bAPkC9G_OL68= pos=<6684.26, 116.36, 6019.35>) entered the safezone
01:55:59.937 [ATM] Player "Sir Trippy" (id=qZqolO4hbF2D7i2SHl6eLqgMczahG7_bAPkC9G_OL68=) has withdrawn 1500 from the party "SLAVES" (partyid=1 | ownerid=m_TD03B4NXDQrU5koHpLq3WyQf1hXTvQSdETJOTM8ss=) ATM account.
01:56:15.164 [ATM] Player "Sir Trippy" (id=qZqolO4hbF2D7i2SHl6eLqgMczahG7_bAPkC9G_OL68=) has withdrawn 2188 from his ATM account.
01:56:59.562 [Market] Player "Sir Trippy" (id=qZqolO4hbF2D7i2SHl6eLqgMczahG7_bAPkC9G_OL68=) has bought gasmask_filter x1 (b8de3e30) from the trader "Clothing (Naomi [#STR_EXPANSION_MARKET_TRADER_CLOTHING])" in market zone "Trader Zone" (pos=<6675.160645, 104.603935, 6114.155762>) for a price of 1000.
01:56:59.976 [Market] Player "Sir Trippy" (id=qZqolO4hbF2D7i2SHl6eLqgMczahG7_bAPkC9G_OL68=) has bought gasmask_filter x1 (b8de7800) from the trader "Clothing (Naomi [#STR_EXPANSION_MARKET_TRADER_CLOTHING])" in market zone "Trader Zone" (pos=<6675.160645, 104.603935, 6114.155762>) for a price of 1000.
01:58:28.890 [Market] Player "Sir Trippy" (id=qZqolO4hbF2D7i2SHl6eLqgMczahG7_bAPkC9G_OL68=) has bought battery9v x1 (b3e88060) from the trader "Components (Cyril [#STR_EXPANSION_MARKET_TRADER_COMPONENTS])" in market zone "Trader Zone" (pos=<6675.160645, 104.603935, 6114.155762>) for a price of 10.
01:58:29.453 [Market] Player "Sir Trippy" (id=qZqolO4hbF2D7i2SHl6eLqgMczahG7_bAPkC9G_OL68=) has bought battery9v x1 (b3e92240) from the trader "Components (Cyril [#STR_EXPANSION_MARKET_TRADER_COMPONENTS])" in market zone "Trader Zone" (pos=<6675.160645, 104.603935, 6114.155762>) for a price of 10.
01:58:29.968 [Market] Player "Sir Trippy" (id=qZqolO4hbF2D7i2SHl6eLqgMczahG7_bAPkC9G_OL68=) has bought battery9v x1 (b3e93960) from the trader "Components (Cyril [#STR_EXPANSION_MARKET_TRADER_COMPONENTS])" in market zone "Trader Zone" (pos=<6675.160645, 104.603935, 6114.155762>) for a price of 10.
01:58:30.679 [Market] Player "Sir Trippy" (id=qZqolO4hbF2D7i2SHl6eLqgMczahG7_bAPkC9G_OL68=) has bought battery9v x1 (b3e8d150) from the trader "Components (Cyril [#STR_EXPANSION_MARKET_TRADER_COMPONENTS])" in market zone "Trader Zone" (pos=<6675.160645, 104.603935, 6114.155762>) for a price of 10.
01:58:59.796 [Market] Player "Druss" (id=mvB_p65s26M1iDgS3KgKpm-UzbAyYM5rER5IINF2xI0=) has bought fireworkslauncher x1 (c2916690) from the trader "Components (Cyril [#STR_EXPANSION_MARKET_TRADER_COMPONENTS])" in market zone "Trader Zone" (pos=<6675.160645, 104.603935, 6114.155762>) for a price of 500.
01:59:00.820 [Market] Player "Druss" (id=mvB_p65s26M1iDgS3KgKpm-UzbAyYM5rER5IINF2xI0=) has bought petrollighter x1 (bc602180) from the trader "Components (Cyril [#STR_EXPANSION_MARKET_TRADER_COMPONENTS])" in market zone "Trader Zone" (pos=<6675.160645, 104.603935, 6114.155762>) for a price of 8.
01:59:16.046 [Market] Player "Sir Trippy" (id=qZqolO4hbF2D7i2SHl6eLqgMczahG7_bAPkC9G_OL68=) has bought ammobox_300aac_ap_20rnd x1 (b3af4370) from the trader "Weapons (Denis [#STR_EXPANSION_MARKET_TRADER_WEAPONS])" in market zone "Trader Zone" (pos=<6675.160645, 104.603935, 6114.155762>) for a price of 64.
01:59:16.468 [Market] Player "Sir Trippy" (id=qZqolO4hbF2D7i2SHl6eLqgMczahG7_bAPkC9G_OL68=) has bought ammobox_300aac_ap_20rnd x1 (b3afab80) from the trader "Weapons (Denis [#STR_EXPANSION_MARKET_TRADER_WEAPONS])" in market zone "Trader Zone" (pos=<6675.160645, 104.603935, 6114.155762>) for a price of 64.
01:59:37.312 [ATM] Player "Druss" (id=mvB_p65s26M1iDgS3KgKpm-UzbAyYM5rER5IINF2xI0=) has deposited 1868 on his ATM account.
02:02:56.914 [Safezone] Player "{1:name}" (id={1:id} pos={1:position}) left the safezone
02:02:58.062 [Safezone] Player "{1:name}" (id={1:id} pos={1:position}) left the safezone
02:12:37.437 [Killfeed] [Krake] Rajun Cajun  got killed by [BEAN] North with HoneyBadger from a distance of 6 m.
02:12:51.281 [Party] Player "Rajun Cajun " (id=6rdWdgGJ4h5xU1pd7lrNpx51ohxu-qSYYB7mCtbXrJM=) left the party "Kraken Relentless" (id=31 ownerUID=6rdWdgGJ4h5xU1pd7lrNpx51ohxu-qSYYB7mCtbXrJM= ownerName=Rajun Cajun )
02:15:33.171 [Party] Player "CracklinOatBranCereal" (id=nsXTBdceXa3UBnQ4bQCu_T4oOASZ3Wo1_7Zla-psVPA=) joinded the party "Hunter Ruthless" (id=36 ownerUID=nsXTBdceXa3UBnQ4bQCu_T4oOASZ3Wo1_7Zla-psVPA= ownerName=CracklinOatBranCereal)
02:26:42.187 [MissionAirdrop] An airdrop is heading towards "Brickworks" (pos=<8906.998047, 0.000000, 4500.351074> type=Random_Brickworks) with a ExpansionAirdropContainer_Military
02:40:23.304 [Party] Player "Litte-bean" (id=7qYfha5zA1PauoqPmVhx6wtkxuuZFQUOIhCrcAxrX0M=) left the party "BEANSQUAD" (id=37 ownerUID=4ppTN0XcNEKLnBoX_L0oN04O6xoZy4JlfCme8pT1Ons= ownerName=North)
02:40:23.304 [Party] Player "North" (id=4ppTN0XcNEKLnBoX_L0oN04O6xoZy4JlfCme8pT1Ons=) left the party "BEANSQUAD" (id=37 ownerUID=4ppTN0XcNEKLnBoX_L0oN04O6xoZy4JlfCme8pT1Ons= ownerName=North)
02:40:36.765 [Party] Player "North" (id=4ppTN0XcNEKLnBoX_L0oN04O6xoZy4JlfCme8pT1Ons=) joinded the party "BEANSQUAD" (id=38 ownerUID= ownerName=)
02:40:36.765 [Party] Player "North" (id=4ppTN0XcNEKLnBoX_L0oN04O6xoZy4JlfCme8pT1Ons=) created a party named BEANSQUAD (BDU)
02:40:40.468 [Party] Player "North" (id=4ppTN0XcNEKLnBoX_L0oN04O6xoZy4JlfCme8pT1Ons=) invited the player "Litte-bean" (id=7qYfha5zA1PauoqPmVhx6wtkxuuZFQUOIhCrcAxrX0M=)to the party named BEANSQUAD
02:40:49.789 [Party] Player "Litte-bean" (id=7qYfha5zA1PauoqPmVhx6wtkxuuZFQUOIhCrcAxrX0M=) joinded the party "BEANSQUAD" (id=38 ownerUID=4ppTN0XcNEKLnBoX_L0oN04O6xoZy4JlfCme8pT1Ons= ownerName=North)
02:42:34.265 [Party] Player "North" (id=4ppTN0XcNEKLnBoX_L0oN04O6xoZy4JlfCme8pT1Ons=) left the party "BEANSQUAD" (id=38 ownerUID=4ppTN0XcNEKLnBoX_L0oN04O6xoZy4JlfCme8pT1Ons= ownerName=North)
02:42:40.609 [Party] Player "Litte-bean" (id=7qYfha5zA1PauoqPmVhx6wtkxuuZFQUOIhCrcAxrX0M=) left the party "BEANSQUAD" (id=38 ownerUID=4ppTN0XcNEKLnBoX_L0oN04O6xoZy4JlfCme8pT1Ons= ownerName=North)
02:58:36.328 [Party] Player "CracklinOatBranCereal" (id=nsXTBdceXa3UBnQ4bQCu_T4oOASZ3Wo1_7Zla-psVPA=) left the party "Hunter Ruthless" (id=36 ownerUID=nsXTBdceXa3UBnQ4bQCu_T4oOASZ3Wo1_7Zla-psVPA= ownerName=CracklinOatBranCereal)
03:00:01.843 [Party] Player "F11 Simulator" (id=m_TD03B4NXDQrU5koHpLq3WyQf1hXTvQSdETJOTM8ss=) left the party "SLAVES" (id=1 ownerUID=m_TD03B4NXDQrU5koHpLq3WyQf1hXTvQSdETJOTM8ss= ownerName=F11 Simulator)
03:00:01.843 [Party] Player "Sir Trippy" (id=qZqolO4hbF2D7i2SHl6eLqgMczahG7_bAPkC9G_OL68=) left the party "SLAVES" (id=1 ownerUID=m_TD03B4NXDQrU5koHpLq3WyQf1hXTvQSdETJOTM8ss= ownerName=F11 Simulator)
03:00:01.851 [Party] Player "Druss" (id=mvB_p65s26M1iDgS3KgKpm-UzbAyYM5rER5IINF2xI0=) left the party "SLAVES" (id=1 ownerUID=m_TD03B4NXDQrU5koHpLq3WyQf1hXTvQSdETJOTM8ss= ownerName=F11 Simulator)
