16:05:52.445 [Party] Player "F11 Simulator" (id=m_TD03B4NXDQrU5koHpLq3WyQf1hXTvQSdETJOTM8ss=) joinded the party "SLAVES" (id=1 ownerUID=m_TD03B4NXDQrU5koHpLq3WyQf1hXTvQSdETJOTM8ss= ownerName=F11 Simulator)
16:09:28.437 [Party] Player "London" (id=kOLgOs9yYBFVRQG3lqoHveYdP5X8y3SO69cq5MiR4us=) joinded the party "SLAVES" (id=1 ownerUID=m_TD03B4NXDQrU5koHpLq3WyQf1hXTvQSdETJOTM8ss= ownerName=F11 Simulator)
16:13:29.746 [Safezone] Player "Donnie Deeks" (id=GBfj3hSt2OSYAyU5ct3jrz7-L9j9UxpFHlBzXjWvrxE= pos=<6681.52, 104.14, 6081.09>) entered the safezone
16:13:29.746 [Party] Player "Donnie Deeks" (id=GBfj3hSt2OSYAyU5ct3jrz7-L9j9UxpFHlBzXjWvrxE=) joinded the party "SLAVES" (id=1 ownerUID=m_TD03B4NXDQrU5koHpLq3WyQf1hXTvQSdETJOTM8ss= ownerName=F11 Simulator)
16:14:07.019 [Safezone] Player "{1:name}" (id={1:id} pos={1:position}) left the safezone
16:15:09.085 [Party] Player "PatMax" (id=jiSboo32SQZAMp7VxNNFwsMUk2-s3fPPrck_5xKkgu0=) joinded the party "Nasse" (id=18 ownerUID=jiSboo32SQZAMp7VxNNFwsMUk2-s3fPPrck_5xKkgu0= ownerName=PatMax)
16:22:33.203 [Safezone] Player "London" (id=kOLgOs9yYBFVRQG3lqoHveYdP5X8y3SO69cq5MiR4us= pos=<6753.01, 104.34, 6054.95>) entered the safezone
16:23:10.355 [Market] Player "London" (id=kOLgOs9yYBFVRQG3lqoHveYdP5X8y3SO69cq5MiR4us=) has sold mag_akm_drum75rnd x1 (63519ce0, ammo_762x39 x9) at the trader "Attachments (Jose [#STR_EXPANSION_MARKET_TRADER_ATTACHMENTS])" in market zone "Trader Zone" (pos=<6675.160645, 104.603935, 6114.155762>) and got 279.
16:23:11.605 [Market] Player "London" (id=kOLgOs9yYBFVRQG3lqoHveYdP5X8y3SO69cq5MiR4us=) has sold mag_stanag_60rnd x1 (635452a0, ammo_556x45 x16) at the trader "Attachments (Jose [#STR_EXPANSION_MARKET_TRADER_ATTACHMENTS])" in market zone "Trader Zone" (pos=<6675.160645, 104.603935, 6114.155762>) and got 376.
16:23:19.191 [Market] Player "London" (id=kOLgOs9yYBFVRQG3lqoHveYdP5X8y3SO69cq5MiR4us=) has sold ak101 x1 (74d8c0d0, AK74_WoodBttstck<6351bf90>, AK_RailHndgrd<63515780>, PSO11Optic<3f0d02a0>, Mag_AK101_30Rnd<6351cb20>, ammo_556x45 x5) at the trader "Weapons (Denis [#STR_EXPANSION_MARKET_TRADER_WEAPONS])" in market zone "Trader Zone" (pos=<6675.160645, 104.603935, 6114.155762>) and got 2147.
16:23:20.648 [Market] Player "London" (id=kOLgOs9yYBFVRQG3lqoHveYdP5X8y3SO69cq5MiR4us=) has sold akm x1 (74d91c40, AK_FoldingBttstck<63516310>, AK_PlasticHndgrd<6351e240>, KashtanOptic<3602c0d0>, Mag_AKM_30Rnd<6351d6b0>, ammo_762x39 x2) at the trader "Weapons (Denis [#STR_EXPANSION_MARKET_TRADER_WEAPONS])" in market zone "Trader Zone" (pos=<6675.160645, 104.603935, 6114.155762>) and got 1761.
16:23:22.976 [Market] Player "London" (id=kOLgOs9yYBFVRQG3lqoHveYdP5X8y3SO69cq5MiR4us=) has sold svd x1 (74d86560, KashtanOptic<3601dba0>) at the trader "Weapons (Denis [#STR_EXPANSION_MARKET_TRADER_WEAPONS])" in market zone "Trader Zone" (pos=<6675.160645, 104.603935, 6114.155762>) and got 1631.
16:23:24.101 [Market] Player "London" (id=kOLgOs9yYBFVRQG3lqoHveYdP5X8y3SO69cq5MiR4us=) has sold vss x1 (74d92950, PSO11Optic<3cfdd7a0>) at the trader "Weapons (Denis [#STR_EXPANSION_MARKET_TRADER_WEAPONS])" in market zone "Trader Zone" (pos=<6675.160645, 104.603935, 6114.155762>) and got 1462.
16:24:11.453 [Market] Player "London" (id=kOLgOs9yYBFVRQG3lqoHveYdP5X8y3SO69cq5MiR4us=) has sold nail x36 (63514060) at the trader "Components (Cyril [#STR_EXPANSION_MARKET_TRADER_COMPONENTS])" in market zone "Trader Zone" (pos=<6675.160645, 104.603935, 6114.155762>) and got 72.
16:24:34.445 [Safezone] Player "F11 Simulator" (id=m_TD03B4NXDQrU5koHpLq3WyQf1hXTvQSdETJOTM8ss= pos=<6703.29, 102.49, 6113.74>) entered the safezone
16:24:55.031 [Safezone] Player "{1:name}" (id={1:id} pos={1:position}) left the safezone
16:25:04.171 [Safezone] Player "F11 Simulator" (id=m_TD03B4NXDQrU5koHpLq3WyQf1hXTvQSdETJOTM8ss= pos=<6707.09, 102.68, 6127.45>) entered the safezone
16:25:29.695 [Safezone] Player "{1:name}" (id={1:id} pos={1:position}) left the safezone
16:25:32.417 [Safezone] Player "F11 Simulator" (id=m_TD03B4NXDQrU5koHpLq3WyQf1hXTvQSdETJOTM8ss= pos=<6700.64, 102.5, 6128.05>) entered the safezone
16:25:35.937 [Safezone] Player "Donnie Deeks" (id=GBfj3hSt2OSYAyU5ct3jrz7-L9j9UxpFHlBzXjWvrxE= pos=<6700.54, 102.5, 6128.04>) entered the safezone
16:26:00.050 [Safezone] Player "{1:name}" (id={1:id} pos={1:position}) left the safezone
16:26:05.308 [Safezone] Player "{1:name}" (id={1:id} pos={1:position}) left the safezone
16:28:12.347 [ATM] Player "Donnie Deeks" (id=GBfj3hSt2OSYAyU5ct3jrz7-L9j9UxpFHlBzXjWvrxE=) has withdrawn 2000 from his ATM account.
16:29:13.355 [Safezone] Player "London" (id=kOLgOs9yYBFVRQG3lqoHveYdP5X8y3SO69cq5MiR4us= pos=<6749.99, 105.55, 6050.19>) entered the safezone
16:29:56.761 [Market] Player "Donnie Deeks" (id=GBfj3hSt2OSYAyU5ct3jrz7-L9j9UxpFHlBzXjWvrxE=) has bought ushanka_black x1 (273d06d0) from the trader "Clothing (Naomi [#STR_EXPANSION_MARKET_TRADER_CLOTHING])" in market zone "Trader Zone" (pos=<6675.160645, 104.603935, 6114.155762>) for a price of 50.
16:30:35.738 [Market] Player "London" (id=kOLgOs9yYBFVRQG3lqoHveYdP5X8y3SO69cq5MiR4us=) has bought ammobox_300aac_ap_20rnd x10 (320a3080) from the trader "Weapons (Denis [#STR_EXPANSION_MARKET_TRADER_WEAPONS])" in market zone "Trader Zone" (pos=<6675.160645, 104.603935, 6114.155762>) for a price of 640.
16:30:39.031 [Market] Player "Donnie Deeks" (id=GBfj3hSt2OSYAyU5ct3jrz7-L9j9UxpFHlBzXjWvrxE=) has bought canteen x1 (2fa7adb0) from the trader "Consumables (Linda [#STR_EXPANSION_MARKET_TRADER_CONSUMABLES])" in market zone "Trader Zone" (pos=<6675.160645, 104.603935, 6114.155762>) for a price of 18.
16:30:40.257 [Market] Player "Donnie Deeks" (id=GBfj3hSt2OSYAyU5ct3jrz7-L9j9UxpFHlBzXjWvrxE=) has sold canteen x1 (2fa7adb0) at the trader "Consumables (Linda [#STR_EXPANSION_MARKET_TRADER_CONSUMABLES])" in market zone "Trader Zone" (pos=<6675.160645, 104.603935, 6114.155762>) and got 13.
16:30:40.628 [Market] Player "Donnie Deeks" (id=GBfj3hSt2OSYAyU5ct3jrz7-L9j9UxpFHlBzXjWvrxE=) has sold canteen x1 (722c4ab0) at the trader "Consumables (Linda [#STR_EXPANSION_MARKET_TRADER_CONSUMABLES])" in market zone "Trader Zone" (pos=<6675.160645, 104.603935, 6114.155762>) and got 3.
16:30:41.195 [Market] Player "Donnie Deeks" (id=GBfj3hSt2OSYAyU5ct3jrz7-L9j9UxpFHlBzXjWvrxE=) has bought canteen x1 (2fa7adb0) from the trader "Consumables (Linda [#STR_EXPANSION_MARKET_TRADER_CONSUMABLES])" in market zone "Trader Zone" (pos=<6675.160645, 104.603935, 6114.155762>) for a price of 18.
16:30:41.710 [Market] Player "Donnie Deeks" (id=GBfj3hSt2OSYAyU5ct3jrz7-L9j9UxpFHlBzXjWvrxE=) has bought canteen x1 (2fa90b80) from the trader "Consumables (Linda [#STR_EXPANSION_MARKET_TRADER_CONSUMABLES])" in market zone "Trader Zone" (pos=<6675.160645, 104.603935, 6114.155762>) for a price of 18.
16:31:54.285 [ATM] Player "Donnie Deeks" (id=GBfj3hSt2OSYAyU5ct3jrz7-L9j9UxpFHlBzXjWvrxE=) has deposited 1912 on his ATM account.
16:32:18.914 [ATM] Player "Donnie Deeks" (id=GBfj3hSt2OSYAyU5ct3jrz7-L9j9UxpFHlBzXjWvrxE=) has withdrawn 1000 from his ATM account.
16:32:36.261 [Market] Player "London" (id=kOLgOs9yYBFVRQG3lqoHveYdP5X8y3SO69cq5MiR4us=) has bought leathersewingkit x1 (8e0f9350) from the trader "Components (Cyril [#STR_EXPANSION_MARKET_TRADER_COMPONENTS])" in market zone "Trader Zone" (pos=<6675.160645, 104.603935, 6114.155762>) for a price of 5.
16:32:36.894 [Market] Player "London" (id=kOLgOs9yYBFVRQG3lqoHveYdP5X8y3SO69cq5MiR4us=) has bought leathersewingkit x1 (8e0fcd20) from the trader "Components (Cyril [#STR_EXPANSION_MARKET_TRADER_COMPONENTS])" in market zone "Trader Zone" (pos=<6675.160645, 104.603935, 6114.155762>) for a price of 5.
16:32:41.949 [Market] Player "London" (id=kOLgOs9yYBFVRQG3lqoHveYdP5X8y3SO69cq5MiR4us=) has bought ducttape x1 (3d593880) from the trader "Components (Cyril [#STR_EXPANSION_MARKET_TRADER_COMPONENTS])" in market zone "Trader Zone" (pos=<6675.160645, 104.603935, 6114.155762>) for a price of 20.
16:32:53.460 [Market] Player "Donnie Deeks" (id=GBfj3hSt2OSYAyU5ct3jrz7-L9j9UxpFHlBzXjWvrxE=) has bought sewingkit x1 (3d58dc00) from the trader "Components (Cyril [#STR_EXPANSION_MARKET_TRADER_COMPONENTS])" in market zone "Trader Zone" (pos=<6675.160645, 104.603935, 6114.155762>) for a price of 4.
16:33:28.292 [ATM] Player "London" (id=kOLgOs9yYBFVRQG3lqoHveYdP5X8y3SO69cq5MiR4us=) has deposited 7058 on his ATM account.
16:33:44.234 [ATM] Player "Donnie Deeks" (id=GBfj3hSt2OSYAyU5ct3jrz7-L9j9UxpFHlBzXjWvrxE=) has deposited 996 on his ATM account.
16:34:11.027 [ATM] Player "Donnie Deeks" (id=GBfj3hSt2OSYAyU5ct3jrz7-L9j9UxpFHlBzXjWvrxE=) has withdrawn 1000 from his ATM account.
16:34:30.464 [Safezone] Player "{1:name}" (id={1:id} pos={1:position}) left the safezone
16:34:51.585 [Market] Player "Donnie Deeks" (id=GBfj3hSt2OSYAyU5ct3jrz7-L9j9UxpFHlBzXjWvrxE=) has bought militaryboots_redpunk x1 (38087790) from the trader "Clothing (Naomi [#STR_EXPANSION_MARKET_TRADER_CLOTHING])" in market zone "Trader Zone" (pos=<6675.160645, 104.603935, 6114.155762>) for a price of 100.
16:35:15.664 [ATM] Player "Donnie Deeks" (id=GBfj3hSt2OSYAyU5ct3jrz7-L9j9UxpFHlBzXjWvrxE=) has deposited 900 on his ATM account.
16:35:44.308 [Safezone] Player "{1:name}" (id={1:id} pos={1:position}) left the safezone
16:42:58.148 [Party] Player "PatMax" (id=jiSboo32SQZAMp7VxNNFwsMUk2-s3fPPrck_5xKkgu0=) left the party "Nasse" (id=18 ownerUID=jiSboo32SQZAMp7VxNNFwsMUk2-s3fPPrck_5xKkgu0= ownerName=PatMax)
16:55:20.589 [Party] Player "Donnie Deeks" (id=GBfj3hSt2OSYAyU5ct3jrz7-L9j9UxpFHlBzXjWvrxE=) left the party "SLAVES" (id=1 ownerUID=m_TD03B4NXDQrU5koHpLq3WyQf1hXTvQSdETJOTM8ss= ownerName=F11 Simulator)
16:58:16.296 [Party] Player "Donnie Deeks" (id=GBfj3hSt2OSYAyU5ct3jrz7-L9j9UxpFHlBzXjWvrxE=) joinded the party "SLAVES" (id=1 ownerUID=m_TD03B4NXDQrU5koHpLq3WyQf1hXTvQSdETJOTM8ss= ownerName=F11 Simulator)
17:03:29.429 [Killfeed] North got killed by [uwu] Donnie Deeks with Engraved Kolt 1911 from a distance of 35 m.
17:16:03.121 [Killfeed] North got killed by [uwu] London with MK II from a distance of 50 m.
17:24:35.214 [Territory] Player "London" (id=kOLgOs9yYBFVRQG3lqoHveYdP5X8y3SO69cq5MiR4us= pos=<7497.523926, 124.350739, 6348.736328>) was invited to join the territory uwu at <7497.801758, 121.551865, 6350.449219> by the player "F11 Simulator" (id=m_TD03B4NXDQrU5koHpLq3WyQf1hXTvQSdETJOTM8ss=)
17:33:25.367 [Party] Player "Druss" (id=mvB_p65s26M1iDgS3KgKpm-UzbAyYM5rER5IINF2xI0=) joinded the party "SLAVES" (id=1 ownerUID=m_TD03B4NXDQrU5koHpLq3WyQf1hXTvQSdETJOTM8ss= ownerName=F11 Simulator)
17:43:17.660 [Party] Player "London" (id=kOLgOs9yYBFVRQG3lqoHveYdP5X8y3SO69cq5MiR4us=) left the party "SLAVES" (id=1 ownerUID=m_TD03B4NXDQrU5koHpLq3WyQf1hXTvQSdETJOTM8ss= ownerName=F11 Simulator)
17:44:00.984 [Party] Player "London" (id=kOLgOs9yYBFVRQG3lqoHveYdP5X8y3SO69cq5MiR4us=) joinded the party "SLAVES" (id=1 ownerUID=m_TD03B4NXDQrU5koHpLq3WyQf1hXTvQSdETJOTM8ss= ownerName=F11 Simulator)
17:44:19.687 [Party] Player "London" (id=kOLgOs9yYBFVRQG3lqoHveYdP5X8y3SO69cq5MiR4us=) left the party "SLAVES" (id=1 ownerUID=m_TD03B4NXDQrU5koHpLq3WyQf1hXTvQSdETJOTM8ss= ownerName=F11 Simulator)
17:44:56.507 [Party] Player "London" (id=kOLgOs9yYBFVRQG3lqoHveYdP5X8y3SO69cq5MiR4us=) joinded the party "SLAVES" (id=1 ownerUID=m_TD03B4NXDQrU5koHpLq3WyQf1hXTvQSdETJOTM8ss= ownerName=F11 Simulator)
17:45:12.128 [Killfeed] [uwu] London got killed.
17:45:22.050 [Party] Player "London" (id=kOLgOs9yYBFVRQG3lqoHveYdP5X8y3SO69cq5MiR4us=) joinded the party "SLAVES" (id=1 ownerUID=m_TD03B4NXDQrU5koHpLq3WyQf1hXTvQSdETJOTM8ss= ownerName=F11 Simulator)
17:45:50.308 [Safezone] Player "North" (id=4ppTN0XcNEKLnBoX_L0oN04O6xoZy4JlfCme8pT1Ons= pos=<6746.4, 106.18, 6048.11>) entered the safezone
17:46:19.554 [Killfeed] [uwu] London commited suicide with Bone Knife.
17:46:29.363 [Party] Player "London" (id=kOLgOs9yYBFVRQG3lqoHveYdP5X8y3SO69cq5MiR4us=) joinded the party "SLAVES" (id=1 ownerUID=m_TD03B4NXDQrU5koHpLq3WyQf1hXTvQSdETJOTM8ss= ownerName=F11 Simulator)
17:47:45.406 [Market] Player "North" (id=4ppTN0XcNEKLnBoX_L0oN04O6xoZy4JlfCme8pT1Ons=) has sold pickaxe x1 (649945d0) at the trader "Components (Cyril [#STR_EXPANSION_MARKET_TRADER_COMPONENTS])" in market zone "Trader Zone" (pos=<6675.160645, 104.603935, 6114.155762>) and got 5.
17:47:51.250 [Market] Player "North" (id=4ppTN0XcNEKLnBoX_L0oN04O6xoZy4JlfCme8pT1Ons=) has sold chemlight_red x1 (3d0eb540) at the trader "Components (Cyril [#STR_EXPANSION_MARKET_TRADER_COMPONENTS])" in market zone "Trader Zone" (pos=<6675.160645, 104.603935, 6114.155762>) and got 1.
17:48:14.691 [Market] Player "North" (id=4ppTN0XcNEKLnBoX_L0oN04O6xoZy4JlfCme8pT1Ons=) has sold mag_mp5_15rnd x1 (38091970, ammo_9x19 x2) at the trader "Attachments (Jose [#STR_EXPANSION_MARKET_TRADER_ATTACHMENTS])" in market zone "Trader Zone" (pos=<6675.160645, 104.603935, 6114.155762>) and got 58.
17:51:23.539 [Safezone] Player "London" (id=kOLgOs9yYBFVRQG3lqoHveYdP5X8y3SO69cq5MiR4us= pos=<6629.95, 106.05, 6195.29>) entered the safezone
17:55:52.871 [ATM] Player "London" (id=kOLgOs9yYBFVRQG3lqoHveYdP5X8y3SO69cq5MiR4us=) has withdrawn 4000 from his ATM account.
17:56:22.453 [Market] Player "London" (id=kOLgOs9yYBFVRQG3lqoHveYdP5X8y3SO69cq5MiR4us=) has bought mace x1 (8df62ea0) from the trader "Weapons (Denis [#STR_EXPANSION_MARKET_TRADER_WEAPONS])" in market zone "Trader Zone" (pos=<6675.160645, 104.603935, 6114.155762>) for a price of 50.
17:56:30.464 [Market] Player "London" (id=kOLgOs9yYBFVRQG3lqoHveYdP5X8y3SO69cq5MiR4us=) has bought sword x1 (8df61780) from the trader "Weapons (Denis [#STR_EXPANSION_MARKET_TRADER_WEAPONS])" in market zone "Trader Zone" (pos=<6675.160645, 104.603935, 6114.155762>) for a price of 80.
17:56:58.445 [Market] Player "London" (id=kOLgOs9yYBFVRQG3lqoHveYdP5X8y3SO69cq5MiR4us=) has bought crossbow_wood x1 (3ebc4a30) from the trader "Weapons (Denis [#STR_EXPANSION_MARKET_TRADER_WEAPONS])" in market zone "Trader Zone" (pos=<6675.160645, 104.603935, 6114.155762>) for a price of 800.
17:57:16.515 [Market] Player "London" (id=kOLgOs9yYBFVRQG3lqoHveYdP5X8y3SO69cq5MiR4us=) has bought ammo_huntingbolt x15 (27a0b5d0) from the trader "Weapons (Denis [#STR_EXPANSION_MARKET_TRADER_WEAPONS])" in market zone "Trader Zone" (pos=<6675.160645, 104.603935, 6114.155762>) for a price of 75.
17:58:39.597 [Market] Player "London" (id=kOLgOs9yYBFVRQG3lqoHveYdP5X8y3SO69cq5MiR4us=) has bought workinggloves_brown x1 (3f16c2b0) from the trader "Clothing (Naomi [#STR_EXPANSION_MARKET_TRADER_CLOTHING])" in market zone "Trader Zone" (pos=<6675.160645, 104.603935, 6114.155762>) for a price of 30.
17:59:13.597 [ATM] Player "London" (id=kOLgOs9yYBFVRQG3lqoHveYdP5X8y3SO69cq5MiR4us=) has deposited 2965 on his ATM account.
18:00:44.855 [Safezone] Player "{1:name}" (id={1:id} pos={1:position}) left the safezone
18:07:25.007 [Market] Player "North" (id=4ppTN0XcNEKLnBoX_L0oN04O6xoZy4JlfCme8pT1Ons=) has bought firefighteraxe x1 (3320cfc0) from the trader "Components (Cyril [#STR_EXPANSION_MARKET_TRADER_COMPONENTS])" in market zone "Trader Zone" (pos=<6675.160645, 104.603935, 6114.155762>) for a price of 30.
18:07:37.789 [Market] Player "North" (id=4ppTN0XcNEKLnBoX_L0oN04O6xoZy4JlfCme8pT1Ons=) has sold hatchet x1 (651af6f0) at the trader "Components (Cyril [#STR_EXPANSION_MARKET_TRADER_COMPONENTS])" in market zone "Trader Zone" (pos=<6675.160645, 104.603935, 6114.155762>) and got 1.
18:09:32.496 [Market] Player "North" (id=4ppTN0XcNEKLnBoX_L0oN04O6xoZy4JlfCme8pT1Ons=) has bought bandagedressing x1 (35e1ab40) from the trader "Medicals (Mirek [#STR_EXPANSION_MARKET_TRADER_MEDICALS])" in market zone "Trader Zone" (pos=<6675.160645, 104.603935, 6114.155762>) for a price of 3.
18:09:42.328 [Market] Player "North" (id=4ppTN0XcNEKLnBoX_L0oN04O6xoZy4JlfCme8pT1Ons=) has bought firstaidkit x1 (35e1b6d0) from the trader "Medicals (Mirek [#STR_EXPANSION_MARKET_TRADER_MEDICALS])" in market zone "Trader Zone" (pos=<6675.160645, 104.603935, 6114.155762>) for a price of 20.
18:10:00.949 [Market] Player "North" (id=4ppTN0XcNEKLnBoX_L0oN04O6xoZy4JlfCme8pT1Ons=) has bought tetracyclineantibiotics x1 (28026d80) from the trader "Medicals (Mirek [#STR_EXPANSION_MARKET_TRADER_MEDICALS])" in market zone "Trader Zone" (pos=<6675.160645, 104.603935, 6114.155762>) for a price of 8.
18:10:52.527 [Market] Player "North" (id=4ppTN0XcNEKLnBoX_L0oN04O6xoZy4JlfCme8pT1Ons=) has sold jumpsuitjacket_green x1 (3321b700) at the trader "Clothing (Naomi [#STR_EXPANSION_MARKET_TRADER_CLOTHING])" in market zone "Trader Zone" (pos=<6675.160645, 104.603935, 6114.155762>) and got 19.
18:11:18.773 [Market] Player "North" (id=4ppTN0XcNEKLnBoX_L0oN04O6xoZy4JlfCme8pT1Ons=) has bought bandana_camopattern x1 (360d30e0) from the trader "Clothing (Naomi [#STR_EXPANSION_MARKET_TRADER_CLOTHING])" in market zone "Trader Zone" (pos=<6675.160645, 104.603935, 6114.155762>) for a price of 10.
18:11:28.070 [Market] Player "North" (id=4ppTN0XcNEKLnBoX_L0oN04O6xoZy4JlfCme8pT1Ons=) has bought smershbag x1 (3808eb30) from the trader "Clothing (Naomi [#STR_EXPANSION_MARKET_TRADER_CLOTHING])" in market zone "Trader Zone" (pos=<6675.160645, 104.603935, 6114.155762>) for a price of 1.
18:15:22.625 [Market] Player "North" (id=4ppTN0XcNEKLnBoX_L0oN04O6xoZy4JlfCme8pT1Ons=) has sold hacksaw x1 (908ea7c0) at the trader "Components (Cyril [#STR_EXPANSION_MARKET_TRADER_COMPONENTS])" in market zone "Trader Zone" (pos=<6675.160645, 104.603935, 6114.155762>) and got 1.
18:15:34.343 [Market] Player "North" (id=4ppTN0XcNEKLnBoX_L0oN04O6xoZy4JlfCme8pT1Ons=) has sold sewingkit x1 (f09f21b0) at the trader "Components (Cyril [#STR_EXPANSION_MARKET_TRADER_COMPONENTS])" in market zone "Trader Zone" (pos=<6675.160645, 104.603935, 6114.155762>) and got 0.
18:15:35.367 [Market] Player "North" (id=4ppTN0XcNEKLnBoX_L0oN04O6xoZy4JlfCme8pT1Ons=) has bought sewingkit x1 (320b7440) from the trader "Components (Cyril [#STR_EXPANSION_MARKET_TRADER_COMPONENTS])" in market zone "Trader Zone" (pos=<6675.160645, 104.603935, 6114.155762>) for a price of 4.
18:16:27.726 [ATM] Player "North" (id=4ppTN0XcNEKLnBoX_L0oN04O6xoZy4JlfCme8pT1Ons=) has withdrawn 100 from his ATM account.
18:16:52.187 [Market] Player "North" (id=4ppTN0XcNEKLnBoX_L0oN04O6xoZy4JlfCme8pT1Ons=) has bought rope x1 (35511650) from the trader "Components (Cyril [#STR_EXPANSION_MARKET_TRADER_COMPONENTS])" in market zone "Trader Zone" (pos=<6675.160645, 104.603935, 6114.155762>) for a price of 4.
18:17:51.796 [VehicleEnter] Player "Donnie Deeks" (id=GBfj3hSt2OSYAyU5ct3jrz7-L9j9UxpFHlBzXjWvrxE=) entered vehicle Transit Bus (id=E20FF780DD461A7E6C4CAC9CE45424A8 pos=<7620.37, 136.34, 6480.06>) as driver
18:17:53.757 [VehicleEngine] Player "Donnie Deeks" [uid=GBfj3hSt2OSYAyU5ct3jrz7-L9j9UxpFHlBzXjWvrxE=] started vehicle Transit Bus (id=E20FF780DD461A7E6C4CAC9CE45424A8 pos=<7620.368652, 136.337250, 6480.057129>)
18:17:54.515 [VehicleEnter] Player "London" (id=kOLgOs9yYBFVRQG3lqoHveYdP5X8y3SO69cq5MiR4us=) entered vehicle Transit Bus (id=E20FF780DD461A7E6C4CAC9CE45424A8 pos=<7620.37, 136.34, 6480.06>) as passenger
18:18:07.328 [Market] Player "North" (id=4ppTN0XcNEKLnBoX_L0oN04O6xoZy4JlfCme8pT1Ons=) has sold ammo_380 x1 (37809d60) at the trader "Weapons (Denis [#STR_EXPANSION_MARKET_TRADER_WEAPONS])" in market zone "Trader Zone" (pos=<6675.160645, 104.603935, 6114.155762>) and got 1.
18:18:07.882 [Market] Player "North" (id=4ppTN0XcNEKLnBoX_L0oN04O6xoZy4JlfCme8pT1Ons=) has sold ammo_380 x1 (37803550) at the trader "Weapons (Denis [#STR_EXPANSION_MARKET_TRADER_WEAPONS])" in market zone "Trader Zone" (pos=<6675.160645, 104.603935, 6114.155762>) and got 1.
18:18:08.078 [Market] Player "North" (id=4ppTN0XcNEKLnBoX_L0oN04O6xoZy4JlfCme8pT1Ons=) has sold ammo_380 x1 (37803550) at the trader "Weapons (Denis [#STR_EXPANSION_MARKET_TRADER_WEAPONS])" in market zone "Trader Zone" (pos=<6675.160645, 104.603935, 6114.155762>) and got 1.
18:18:08.250 [Market] Player "North" (id=4ppTN0XcNEKLnBoX_L0oN04O6xoZy4JlfCme8pT1Ons=) has sold ammo_380 x1 (37803550) at the trader "Weapons (Denis [#STR_EXPANSION_MARKET_TRADER_WEAPONS])" in market zone "Trader Zone" (pos=<6675.160645, 104.603935, 6114.155762>) and got 1.
18:18:08.453 [Market] Player "North" (id=4ppTN0XcNEKLnBoX_L0oN04O6xoZy4JlfCme8pT1Ons=) has sold ammo_380 x1 (37803550) at the trader "Weapons (Denis [#STR_EXPANSION_MARKET_TRADER_WEAPONS])" in market zone "Trader Zone" (pos=<6675.160645, 104.603935, 6114.155762>) and got 1.
18:18:08.640 [Market] Player "North" (id=4ppTN0XcNEKLnBoX_L0oN04O6xoZy4JlfCme8pT1Ons=) has sold ammo_380 x1 (37803550) at the trader "Weapons (Denis [#STR_EXPANSION_MARKET_TRADER_WEAPONS])" in market zone "Trader Zone" (pos=<6675.160645, 104.603935, 6114.155762>) and got 1.
18:18:08.812 [Market] Player "North" (id=4ppTN0XcNEKLnBoX_L0oN04O6xoZy4JlfCme8pT1Ons=) has sold ammo_380 x1 (37803550) at the trader "Weapons (Denis [#STR_EXPANSION_MARKET_TRADER_WEAPONS])" in market zone "Trader Zone" (pos=<6675.160645, 104.603935, 6114.155762>) and got 1.
18:18:09.023 [Market] Player "North" (id=4ppTN0XcNEKLnBoX_L0oN04O6xoZy4JlfCme8pT1Ons=) has sold ammo_380 x1 (37803550) at the trader "Weapons (Denis [#STR_EXPANSION_MARKET_TRADER_WEAPONS])" in market zone "Trader Zone" (pos=<6675.160645, 104.603935, 6114.155762>) and got 1.
18:18:09.859 [Market] Player "North" (id=4ppTN0XcNEKLnBoX_L0oN04O6xoZy4JlfCme8pT1Ons=) has sold ammo_762x39 x1 (2f76bbf0) at the trader "Weapons (Denis [#STR_EXPANSION_MARKET_TRADER_WEAPONS])" in market zone "Trader Zone" (pos=<6675.160645, 104.603935, 6114.155762>) and got 1.
18:18:10.085 [Market] Player "North" (id=4ppTN0XcNEKLnBoX_L0oN04O6xoZy4JlfCme8pT1Ons=) has sold ammo_762x39 x1 (2f76bbf0) at the trader "Weapons (Denis [#STR_EXPANSION_MARKET_TRADER_WEAPONS])" in market zone "Trader Zone" (pos=<6675.160645, 104.603935, 6114.155762>) and got 1.
18:18:10.273 [Market] Player "North" (id=4ppTN0XcNEKLnBoX_L0oN04O6xoZy4JlfCme8pT1Ons=) has sold ammo_762x39 x1 (2f76bbf0) at the trader "Weapons (Denis [#STR_EXPANSION_MARKET_TRADER_WEAPONS])" in market zone "Trader Zone" (pos=<6675.160645, 104.603935, 6114.155762>) and got 1.
18:18:10.476 [Market] Player "North" (id=4ppTN0XcNEKLnBoX_L0oN04O6xoZy4JlfCme8pT1Ons=) has sold ammo_762x39 x1 (2f76bbf0) at the trader "Weapons (Denis [#STR_EXPANSION_MARKET_TRADER_WEAPONS])" in market zone "Trader Zone" (pos=<6675.160645, 104.603935, 6114.155762>) and got 1.
18:18:10.820 [Market] Player "North" (id=4ppTN0XcNEKLnBoX_L0oN04O6xoZy4JlfCme8pT1Ons=) has sold ammo_762x54 x1 (33886630) at the trader "Weapons (Denis [#STR_EXPANSION_MARKET_TRADER_WEAPONS])" in market zone "Trader Zone" (pos=<6675.160645, 104.603935, 6114.155762>) and got 1.
18:18:11.320 [Market] Player "North" (id=4ppTN0XcNEKLnBoX_L0oN04O6xoZy4JlfCme8pT1Ons=) has sold ammo_762x54 x1 (33886630) at the trader "Weapons (Denis [#STR_EXPANSION_MARKET_TRADER_WEAPONS])" in market zone "Trader Zone" (pos=<6675.160645, 104.603935, 6114.155762>) and got 1.
18:18:11.500 [Market] Player "North" (id=4ppTN0XcNEKLnBoX_L0oN04O6xoZy4JlfCme8pT1Ons=) has sold ammo_762x54 x1 (33886630) at the trader "Weapons (Denis [#STR_EXPANSION_MARKET_TRADER_WEAPONS])" in market zone "Trader Zone" (pos=<6675.160645, 104.603935, 6114.155762>) and got 1.
18:18:11.718 [Market] Player "North" (id=4ppTN0XcNEKLnBoX_L0oN04O6xoZy4JlfCme8pT1Ons=) has sold ammo_762x54 x1 (33886630) at the trader "Weapons (Denis [#STR_EXPANSION_MARKET_TRADER_WEAPONS])" in market zone "Trader Zone" (pos=<6675.160645, 104.603935, 6114.155762>) and got 1.
18:18:11.921 [Market] Player "North" (id=4ppTN0XcNEKLnBoX_L0oN04O6xoZy4JlfCme8pT1Ons=) has sold ammo_762x54 x1 (33886630) at the trader "Weapons (Denis [#STR_EXPANSION_MARKET_TRADER_WEAPONS])" in market zone "Trader Zone" (pos=<6675.160645, 104.603935, 6114.155762>) and got 1.
18:18:12.382 [Market] Player "North" (id=4ppTN0XcNEKLnBoX_L0oN04O6xoZy4JlfCme8pT1Ons=) has sold ammo_9x39 x1 (919f9cf0) at the trader "Weapons (Denis [#STR_EXPANSION_MARKET_TRADER_WEAPONS])" in market zone "Trader Zone" (pos=<6675.160645, 104.603935, 6114.155762>) and got 1.
18:18:12.859 [Market] Player "North" (id=4ppTN0XcNEKLnBoX_L0oN04O6xoZy4JlfCme8pT1Ons=) has sold ammo_9x39 x1 (919f9cf0) at the trader "Weapons (Denis [#STR_EXPANSION_MARKET_TRADER_WEAPONS])" in market zone "Trader Zone" (pos=<6675.160645, 104.603935, 6114.155762>) and got 1.
18:18:13.085 [Market] Player "North" (id=4ppTN0XcNEKLnBoX_L0oN04O6xoZy4JlfCme8pT1Ons=) has sold ammo_9x39 x1 (919f9cf0) at the trader "Weapons (Denis [#STR_EXPANSION_MARKET_TRADER_WEAPONS])" in market zone "Trader Zone" (pos=<6675.160645, 104.603935, 6114.155762>) and got 1.
18:18:13.289 [Market] Player "North" (id=4ppTN0XcNEKLnBoX_L0oN04O6xoZy4JlfCme8pT1Ons=) has sold ammo_9x39 x1 (919f9cf0) at the trader "Weapons (Denis [#STR_EXPANSION_MARKET_TRADER_WEAPONS])" in market zone "Trader Zone" (pos=<6675.160645, 104.603935, 6114.155762>) and got 1.
18:18:13.500 [Market] Player "North" (id=4ppTN0XcNEKLnBoX_L0oN04O6xoZy4JlfCme8pT1Ons=) has sold ammo_9x39 x1 (919f9cf0) at the trader "Weapons (Denis [#STR_EXPANSION_MARKET_TRADER_WEAPONS])" in market zone "Trader Zone" (pos=<6675.160645, 104.603935, 6114.155762>) and got 1.
18:18:14.031 [Market] Player "North" (id=4ppTN0XcNEKLnBoX_L0oN04O6xoZy4JlfCme8pT1Ons=) has sold ammo_9x39 x1 (919f9cf0) at the trader "Weapons (Denis [#STR_EXPANSION_MARKET_TRADER_WEAPONS])" in market zone "Trader Zone" (pos=<6675.160645, 104.603935, 6114.155762>) and got 1.
18:18:14.265 [Market] Player "North" (id=4ppTN0XcNEKLnBoX_L0oN04O6xoZy4JlfCme8pT1Ons=) has sold ammo_9x39 x1 (919f9cf0) at the trader "Weapons (Denis [#STR_EXPANSION_MARKET_TRADER_WEAPONS])" in market zone "Trader Zone" (pos=<6675.160645, 104.603935, 6114.155762>) and got 1.
18:18:17.320 [Market] Player "North" (id=4ppTN0XcNEKLnBoX_L0oN04O6xoZy4JlfCme8pT1Ons=) has sold ammobox_762x54_20rnd x1 (278033b0) at the trader "Weapons (Denis [#STR_EXPANSION_MARKET_TRADER_WEAPONS])" in market zone "Trader Zone" (pos=<6675.160645, 104.603935, 6114.155762>) and got 12.
18:18:21.906 [Market] Player "North" (id=4ppTN0XcNEKLnBoX_L0oN04O6xoZy4JlfCme8pT1Ons=) has sold cz61 x1 (3991c5b0) at the trader "Weapons (Denis [#STR_EXPANSION_MARKET_TRADER_WEAPONS])" in market zone "Trader Zone" (pos=<6675.160645, 104.603935, 6114.155762>) and got 393.
18:18:34.843 [Market] Player "North" (id=4ppTN0XcNEKLnBoX_L0oN04O6xoZy4JlfCme8pT1Ons=) has sold mag_cz61_20rnd x1 (3d5a70b0) at the trader "Attachments (Jose [#STR_EXPANSION_MARKET_TRADER_ATTACHMENTS])" in market zone "Trader Zone" (pos=<6675.160645, 104.603935, 6114.155762>) and got 56.
18:18:35.671 [VehicleLeave] Player "London" (id=kOLgOs9yYBFVRQG3lqoHveYdP5X8y3SO69cq5MiR4us=) left vehicle Transit Bus (id=E20FF780DD461A7E6C4CAC9CE45424A8 pos=<7845.23, 158.6, 6591.86>)
18:18:46.835 [VehicleEnter] Player "Druss" (id=mvB_p65s26M1iDgS3KgKpm-UzbAyYM5rER5IINF2xI0=) entered vehicle Cator 2009 (id=2EF07A962F4142D8503E1096D8A70BD8 pos=<7573.59, 130.35, 6420.37>) as driver
18:18:52.210 [VehicleLeave] Player "Druss" (id=mvB_p65s26M1iDgS3KgKpm-UzbAyYM5rER5IINF2xI0=) left vehicle Cator 2009 (id=2EF07A962F4142D8503E1096D8A70BD8 pos=<7573.59, 130.35, 6420.37>)
18:19:01.390 [Market] Player "North" (id=4ppTN0XcNEKLnBoX_L0oN04O6xoZy4JlfCme8pT1Ons=) has bought mag_1911_7rnd x1 (62307630, ammo_45acp x7) from the trader "Attachments (Jose [#STR_EXPANSION_MARKET_TRADER_ATTACHMENTS])" in market zone "Trader Zone" (pos=<6675.160645, 104.603935, 6114.155762>) for a price of 54.
18:19:02.640 [VehicleEnter] Player "Druss" (id=mvB_p65s26M1iDgS3KgKpm-UzbAyYM5rER5IINF2xI0=) entered vehicle If it quacks like a duck... (id=7DC7C2B6BD4F7A52EBAA339A864BB24E pos=<7577.51, 131.04, 6427.05>) as pilot
18:19:07.960 [Market] Player "North" (id=4ppTN0XcNEKLnBoX_L0oN04O6xoZy4JlfCme8pT1Ons=) has bought mag_1911_7rnd x1 (62305f10, ammo_45acp x7) from the trader "Attachments (Jose [#STR_EXPANSION_MARKET_TRADER_ATTACHMENTS])" in market zone "Trader Zone" (pos=<6675.160645, 104.603935, 6114.155762>) for a price of 54.
18:19:08.554 [VehicleDeleted] ExpansionTractor_Red (id=2EF07A962F4142D8503E1096D8A70BD8 pos=<7573.59, 130.35, 6420.37>)
18:19:14.390 [VehicleEngine] Player "Druss" [uid=mvB_p65s26M1iDgS3KgKpm-UzbAyYM5rER5IINF2xI0=] started vehicle If it quacks like a duck... (id=7DC7C2B6BD4F7A52EBAA339A864BB24E pos=<7577.514160, 131.042725, 6427.046875>)
18:19:45.320 [Market] Player "North" (id=4ppTN0XcNEKLnBoX_L0oN04O6xoZy4JlfCme8pT1Ons=) has bought ammo_45acp x1 (649c4c80) from the trader "Weapons (Denis [#STR_EXPANSION_MARKET_TRADER_WEAPONS])" in market zone "Trader Zone" (pos=<6675.160645, 104.603935, 6114.155762>) for a price of 2.
18:19:46.031 [Market] Player "North" (id=4ppTN0XcNEKLnBoX_L0oN04O6xoZy4JlfCme8pT1Ons=) has bought ammo_45acp x1 (649c63a0) from the trader "Weapons (Denis [#STR_EXPANSION_MARKET_TRADER_WEAPONS])" in market zone "Trader Zone" (pos=<6675.160645, 104.603935, 6114.155762>) for a price of 2.
18:19:46.234 [Market] Player "North" (id=4ppTN0XcNEKLnBoX_L0oN04O6xoZy4JlfCme8pT1Ons=) has bought ammo_45acp x1 (649c7ac0) from the trader "Weapons (Denis [#STR_EXPANSION_MARKET_TRADER_WEAPONS])" in market zone "Trader Zone" (pos=<6675.160645, 104.603935, 6114.155762>) for a price of 2.
18:19:46.421 [Market] Player "North" (id=4ppTN0XcNEKLnBoX_L0oN04O6xoZy4JlfCme8pT1Ons=) has bought ammo_45acp x1 (649c8650) from the trader "Weapons (Denis [#STR_EXPANSION_MARKET_TRADER_WEAPONS])" in market zone "Trader Zone" (pos=<6675.160645, 104.603935, 6114.155762>) for a price of 2.
18:19:46.578 [Market] Player "North" (id=4ppTN0XcNEKLnBoX_L0oN04O6xoZy4JlfCme8pT1Ons=) has bought ammo_45acp x1 (649c9d70) from the trader "Weapons (Denis [#STR_EXPANSION_MARKET_TRADER_WEAPONS])" in market zone "Trader Zone" (pos=<6675.160645, 104.603935, 6114.155762>) for a price of 2.
18:19:46.804 [Market] Player "North" (id=4ppTN0XcNEKLnBoX_L0oN04O6xoZy4JlfCme8pT1Ons=) has bought ammo_45acp x1 (649bfb90) from the trader "Weapons (Denis [#STR_EXPANSION_MARKET_TRADER_WEAPONS])" in market zone "Trader Zone" (pos=<6675.160645, 104.603935, 6114.155762>) for a price of 2.
18:19:47.000 [Market] Player "North" (id=4ppTN0XcNEKLnBoX_L0oN04O6xoZy4JlfCme8pT1Ons=) has bought ammo_45acp x1 (649c40f0) from the trader "Weapons (Denis [#STR_EXPANSION_MARKET_TRADER_WEAPONS])" in market zone "Trader Zone" (pos=<6675.160645, 104.603935, 6114.155762>) for a price of 2.
18:19:47.171 [Market] Player "North" (id=4ppTN0XcNEKLnBoX_L0oN04O6xoZy4JlfCme8pT1Ons=) has bought ammo_45acp x1 (649ccbb0) from the trader "Weapons (Denis [#STR_EXPANSION_MARKET_TRADER_WEAPONS])" in market zone "Trader Zone" (pos=<6675.160645, 104.603935, 6114.155762>) for a price of 2.
18:19:47.335 [Market] Player "North" (id=4ppTN0XcNEKLnBoX_L0oN04O6xoZy4JlfCme8pT1Ons=) has bought ammo_45acp x1 (649cee60) from the trader "Weapons (Denis [#STR_EXPANSION_MARKET_TRADER_WEAPONS])" in market zone "Trader Zone" (pos=<6675.160645, 104.603935, 6114.155762>) for a price of 2.
18:19:47.554 [Market] Player "North" (id=4ppTN0XcNEKLnBoX_L0oN04O6xoZy4JlfCme8pT1Ons=) has bought ammo_45acp x1 (649c91e0) from the trader "Weapons (Denis [#STR_EXPANSION_MARKET_TRADER_WEAPONS])" in market zone "Trader Zone" (pos=<6675.160645, 104.603935, 6114.155762>) for a price of 2.
18:19:47.703 [Market] Player "North" (id=4ppTN0XcNEKLnBoX_L0oN04O6xoZy4JlfCme8pT1Ons=) has bought ammo_45acp x1 (566528d0) from the trader "Weapons (Denis [#STR_EXPANSION_MARKET_TRADER_WEAPONS])" in market zone "Trader Zone" (pos=<6675.160645, 104.603935, 6114.155762>) for a price of 2.
18:19:47.898 [Market] Player "North" (id=4ppTN0XcNEKLnBoX_L0oN04O6xoZy4JlfCme8pT1Ons=) has bought ammo_45acp x1 (56650620) from the trader "Weapons (Denis [#STR_EXPANSION_MARKET_TRADER_WEAPONS])" in market zone "Trader Zone" (pos=<6675.160645, 104.603935, 6114.155762>) for a price of 2.
18:19:48.078 [Market] Player "North" (id=4ppTN0XcNEKLnBoX_L0oN04O6xoZy4JlfCme8pT1Ons=) has bought ammo_45acp x1 (566511b0) from the trader "Weapons (Denis [#STR_EXPANSION_MARKET_TRADER_WEAPONS])" in market zone "Trader Zone" (pos=<6675.160645, 104.603935, 6114.155762>) for a price of 2.
18:19:48.250 [Market] Player "North" (id=4ppTN0XcNEKLnBoX_L0oN04O6xoZy4JlfCme8pT1Ons=) has bought ammo_45acp x1 (5664cc50) from the trader "Weapons (Denis [#STR_EXPANSION_MARKET_TRADER_WEAPONS])" in market zone "Trader Zone" (pos=<6675.160645, 104.603935, 6114.155762>) for a price of 2.
18:19:48.453 [Market] Player "North" (id=4ppTN0XcNEKLnBoX_L0oN04O6xoZy4JlfCme8pT1Ons=) has bought ammo_45acp x1 (5665a800) from the trader "Weapons (Denis [#STR_EXPANSION_MARKET_TRADER_WEAPONS])" in market zone "Trader Zone" (pos=<6675.160645, 104.603935, 6114.155762>) for a price of 2.
18:19:48.640 [Market] Player "North" (id=4ppTN0XcNEKLnBoX_L0oN04O6xoZy4JlfCme8pT1Ons=) has bought ammo_45acp x1 (56653460) from the trader "Weapons (Denis [#STR_EXPANSION_MARKET_TRADER_WEAPONS])" in market zone "Trader Zone" (pos=<6675.160645, 104.603935, 6114.155762>) for a price of 2.
18:19:48.820 [Market] Player "North" (id=4ppTN0XcNEKLnBoX_L0oN04O6xoZy4JlfCme8pT1Ons=) has bought ammo_45acp x1 (56654b80) from the trader "Weapons (Denis [#STR_EXPANSION_MARKET_TRADER_WEAPONS])" in market zone "Trader Zone" (pos=<6675.160645, 104.603935, 6114.155762>) for a price of 2.
18:19:48.992 [Market] Player "North" (id=4ppTN0XcNEKLnBoX_L0oN04O6xoZy4JlfCme8pT1Ons=) has bought ammo_45acp x1 (56656e30) from the trader "Weapons (Denis [#STR_EXPANSION_MARKET_TRADER_WEAPONS])" in market zone "Trader Zone" (pos=<6675.160645, 104.603935, 6114.155762>) for a price of 2.
18:19:49.164 [Market] Player "North" (id=4ppTN0XcNEKLnBoX_L0oN04O6xoZy4JlfCme8pT1Ons=) has bought ammo_45acp x1 (5665ed60) from the trader "Weapons (Denis [#STR_EXPANSION_MARKET_TRADER_WEAPONS])" in market zone "Trader Zone" (pos=<6675.160645, 104.603935, 6114.155762>) for a price of 2.
18:19:49.351 [Market] Player "North" (id=4ppTN0XcNEKLnBoX_L0oN04O6xoZy4JlfCme8pT1Ons=) has bought ammo_45acp x1 (5665bf20) from the trader "Weapons (Denis [#STR_EXPANSION_MARKET_TRADER_WEAPONS])" in market zone "Trader Zone" (pos=<6675.160645, 104.603935, 6114.155762>) for a price of 2.
18:19:49.539 [Market] Player "North" (id=4ppTN0XcNEKLnBoX_L0oN04O6xoZy4JlfCme8pT1Ons=) has bought ammo_45acp x1 (5666e030) from the trader "Weapons (Denis [#STR_EXPANSION_MARKET_TRADER_WEAPONS])" in market zone "Trader Zone" (pos=<6675.160645, 104.603935, 6114.155762>) for a price of 2.
18:19:49.718 [Market] Player "North" (id=4ppTN0XcNEKLnBoX_L0oN04O6xoZy4JlfCme8pT1Ons=) has bought ammo_45acp x1 (56670e70) from the trader "Weapons (Denis [#STR_EXPANSION_MARKET_TRADER_WEAPONS])" in market zone "Trader Zone" (pos=<6675.160645, 104.603935, 6114.155762>) for a price of 2.
18:19:50.203 [Market] Player "North" (id=4ppTN0XcNEKLnBoX_L0oN04O6xoZy4JlfCme8pT1Ons=) has bought ammo_45acp x1 (56673cb0) from the trader "Weapons (Denis [#STR_EXPANSION_MARKET_TRADER_WEAPONS])" in market zone "Trader Zone" (pos=<6675.160645, 104.603935, 6114.155762>) for a price of 2.
18:19:50.359 [Market] Player "North" (id=4ppTN0XcNEKLnBoX_L0oN04O6xoZy4JlfCme8pT1Ons=) has bought ammo_45acp x1 (5667a4c0) from the trader "Weapons (Denis [#STR_EXPANSION_MARKET_TRADER_WEAPONS])" in market zone "Trader Zone" (pos=<6675.160645, 104.603935, 6114.155762>) for a price of 2.
18:19:50.562 [Market] Player "North" (id=4ppTN0XcNEKLnBoX_L0oN04O6xoZy4JlfCme8pT1Ons=) has bought ammo_45acp x1 (56681860) from the trader "Weapons (Denis [#STR_EXPANSION_MARKET_TRADER_WEAPONS])" in market zone "Trader Zone" (pos=<6675.160645, 104.603935, 6114.155762>) for a price of 2.
18:19:50.765 [Market] Player "North" (id=4ppTN0XcNEKLnBoX_L0oN04O6xoZy4JlfCme8pT1Ons=) has bought ammo_45acp x1 (5667c770) from the trader "Weapons (Denis [#STR_EXPANSION_MARKET_TRADER_WEAPONS])" in market zone "Trader Zone" (pos=<6675.160645, 104.603935, 6114.155762>) for a price of 2.
18:19:50.929 [Market] Player "North" (id=4ppTN0XcNEKLnBoX_L0oN04O6xoZy4JlfCme8pT1Ons=) has bought ammo_45acp x1 (566874e0) from the trader "Weapons (Denis [#STR_EXPANSION_MARKET_TRADER_WEAPONS])" in market zone "Trader Zone" (pos=<6675.160645, 104.603935, 6114.155762>) for a price of 2.
18:19:51.085 [Market] Player "North" (id=4ppTN0XcNEKLnBoX_L0oN04O6xoZy4JlfCme8pT1Ons=) has bought ammo_45acp x1 (56683b10) from the trader "Weapons (Denis [#STR_EXPANSION_MARKET_TRADER_WEAPONS])" in market zone "Trader Zone" (pos=<6675.160645, 104.603935, 6114.155762>) for a price of 2.
18:19:51.289 [Market] Player "North" (id=4ppTN0XcNEKLnBoX_L0oN04O6xoZy4JlfCme8pT1Ons=) has bought ammo_45acp x1 (5668aeb0) from the trader "Weapons (Denis [#STR_EXPANSION_MARKET_TRADER_WEAPONS])" in market zone "Trader Zone" (pos=<6675.160645, 104.603935, 6114.155762>) for a price of 2.
18:19:51.507 [Market] Player "North" (id=4ppTN0XcNEKLnBoX_L0oN04O6xoZy4JlfCme8pT1Ons=) has bought ammo_45acp x1 (2d17aa50) from the trader "Weapons (Denis [#STR_EXPANSION_MARKET_TRADER_WEAPONS])" in market zone "Trader Zone" (pos=<6675.160645, 104.603935, 6114.155762>) for a price of 2.
18:19:51.671 [Market] Player "North" (id=4ppTN0XcNEKLnBoX_L0oN04O6xoZy4JlfCme8pT1Ons=) has bought ammo_45acp x1 (2d17e420) from the trader "Weapons (Denis [#STR_EXPANSION_MARKET_TRADER_WEAPONS])" in market zone "Trader Zone" (pos=<6675.160645, 104.603935, 6114.155762>) for a price of 2.
18:19:51.851 [Market] Player "North" (id=4ppTN0XcNEKLnBoX_L0oN04O6xoZy4JlfCme8pT1Ons=) has bought ammo_45acp x1 (2d17efb0) from the trader "Weapons (Denis [#STR_EXPANSION_MARKET_TRADER_WEAPONS])" in market zone "Trader Zone" (pos=<6675.160645, 104.603935, 6114.155762>) for a price of 2.
18:19:52.046 [Market] Player "North" (id=4ppTN0XcNEKLnBoX_L0oN04O6xoZy4JlfCme8pT1Ons=) has bought ammo_45acp x1 (2d1787a0) from the trader "Weapons (Denis [#STR_EXPANSION_MARKET_TRADER_WEAPONS])" in market zone "Trader Zone" (pos=<6675.160645, 104.603935, 6114.155762>) for a price of 2.
18:19:52.234 [Market] Player "North" (id=4ppTN0XcNEKLnBoX_L0oN04O6xoZy4JlfCme8pT1Ons=) has bought ammo_45acp x1 (2d187a70) from the trader "Weapons (Denis [#STR_EXPANSION_MARKET_TRADER_WEAPONS])" in market zone "Trader Zone" (pos=<6675.160645, 104.603935, 6114.155762>) for a price of 2.
18:19:52.398 [Market] Player "North" (id=4ppTN0XcNEKLnBoX_L0oN04O6xoZy4JlfCme8pT1Ons=) has bought ammo_45acp x1 (2d188600) from the trader "Weapons (Denis [#STR_EXPANSION_MARKET_TRADER_WEAPONS])" in market zone "Trader Zone" (pos=<6675.160645, 104.603935, 6114.155762>) for a price of 2.
18:19:52.578 [Market] Player "North" (id=4ppTN0XcNEKLnBoX_L0oN04O6xoZy4JlfCme8pT1Ons=) has bought ammo_45acp x1 (2d181df0) from the trader "Weapons (Denis [#STR_EXPANSION_MARKET_TRADER_WEAPONS])" in market zone "Trader Zone" (pos=<6675.160645, 104.603935, 6114.155762>) for a price of 2.
18:19:52.781 [Market] Player "North" (id=4ppTN0XcNEKLnBoX_L0oN04O6xoZy4JlfCme8pT1Ons=) has bought ammo_45acp x1 (2d18b440) from the trader "Weapons (Denis [#STR_EXPANSION_MARKET_TRADER_WEAPONS])" in market zone "Trader Zone" (pos=<6675.160645, 104.603935, 6114.155762>) for a price of 2.
18:19:52.945 [Market] Player "North" (id=4ppTN0XcNEKLnBoX_L0oN04O6xoZy4JlfCme8pT1Ons=) has bought ammo_45acp x1 (2d18cb60) from the trader "Weapons (Denis [#STR_EXPANSION_MARKET_TRADER_WEAPONS])" in market zone "Trader Zone" (pos=<6675.160645, 104.603935, 6114.155762>) for a price of 2.
18:19:53.140 [Market] Player "North" (id=4ppTN0XcNEKLnBoX_L0oN04O6xoZy4JlfCme8pT1Ons=) has bought ammo_45acp x1 (2d18ee10) from the trader "Weapons (Denis [#STR_EXPANSION_MARKET_TRADER_WEAPONS])" in market zone "Trader Zone" (pos=<6675.160645, 104.603935, 6114.155762>) for a price of 2.
18:19:53.343 [Market] Player "North" (id=4ppTN0XcNEKLnBoX_L0oN04O6xoZy4JlfCme8pT1Ons=) has bought ammo_45acp x1 (2d1910c0) from the trader "Weapons (Denis [#STR_EXPANSION_MARKET_TRADER_WEAPONS])" in market zone "Trader Zone" (pos=<6675.160645, 104.603935, 6114.155762>) for a price of 2.
18:19:53.484 [Market] Player "North" (id=4ppTN0XcNEKLnBoX_L0oN04O6xoZy4JlfCme8pT1Ons=) has bought ammo_45acp x1 (2d193f00) from the trader "Weapons (Denis [#STR_EXPANSION_MARKET_TRADER_WEAPONS])" in market zone "Trader Zone" (pos=<6675.160645, 104.603935, 6114.155762>) for a price of 2.
18:19:53.687 [Market] Player "North" (id=4ppTN0XcNEKLnBoX_L0oN04O6xoZy4JlfCme8pT1Ons=) has bought ammo_45acp x1 (2d19ec70) from the trader "Weapons (Denis [#STR_EXPANSION_MARKET_TRADER_WEAPONS])" in market zone "Trader Zone" (pos=<6675.160645, 104.603935, 6114.155762>) for a price of 2.
18:19:53.953 [Market] Player "North" (id=4ppTN0XcNEKLnBoX_L0oN04O6xoZy4JlfCme8pT1Ons=) has bought ammo_45acp x1 (2d19a710) from the trader "Weapons (Denis [#STR_EXPANSION_MARKET_TRADER_WEAPONS])" in market zone "Trader Zone" (pos=<6675.160645, 104.603935, 6114.155762>) for a price of 2.
18:19:54.296 [VehicleLeave] Player "Donnie Deeks" (id=GBfj3hSt2OSYAyU5ct3jrz7-L9j9UxpFHlBzXjWvrxE=) left vehicle Transit Bus (id=E20FF780DD461A7E6C4CAC9CE45424A8 pos=<7631.29, 151.18, 7008.67>)
18:20:09.015 [VehicleEnter] Player "Donnie Deeks" (id=GBfj3hSt2OSYAyU5ct3jrz7-L9j9UxpFHlBzXjWvrxE=) entered vehicle If it quacks like a duck... (id=93178F2E4A431A5B4E9781BC0608189E pos=<7612.65, 151.27, 7023.9>) as pilot
18:20:09.867 [VehicleEnter] Player "London" (id=kOLgOs9yYBFVRQG3lqoHveYdP5X8y3SO69cq5MiR4us=) entered vehicle If it quacks like a duck... (id=8A34F14DDE4F07FC67DEF384183C1224 pos=<7610.36, 151, 7019.42>) as pilot
18:20:12.007 [VehicleEngine] Player "Donnie Deeks" [uid=GBfj3hSt2OSYAyU5ct3jrz7-L9j9UxpFHlBzXjWvrxE=] started vehicle If it quacks like a duck... (id=93178F2E4A431A5B4E9781BC0608189E pos=<7612.651855, 151.268280, 7023.895020>)
18:20:13.726 [VehicleDeleted] ExpansionBus_Weeb (id=E20FF780DD461A7E6C4CAC9CE45424A8 pos=<7631.29, 151.18, 7008.67>)
18:20:13.992 [VehicleEngine] Player "London" [uid=kOLgOs9yYBFVRQG3lqoHveYdP5X8y3SO69cq5MiR4us=] started vehicle If it quacks like a duck... (id=8A34F14DDE4F07FC67DEF384183C1224 pos=<7610.363770, 150.998474, 7019.418945>)
18:20:55.179 [VehicleLeave] Player "Donnie Deeks" (id=GBfj3hSt2OSYAyU5ct3jrz7-L9j9UxpFHlBzXjWvrxE=) left vehicle If it quacks like a duck... (id=93178F2E4A431A5B4E9781BC0608189E pos=<7613.2, 153.37, 7034.55>)
18:21:00.257 [VehicleDeleted] ExpansionHatchBird (id=93178F2E4A431A5B4E9781BC0608189E pos=<7613.21, 153.37, 7034.56>)
18:21:12.187 [VehicleEngine] Player "Druss" [uid=mvB_p65s26M1iDgS3KgKpm-UzbAyYM5rER5IINF2xI0=] stopped vehicle If it quacks like a duck... (id=7DC7C2B6BD4F7A52EBAA339A864BB24E pos=<7531.958008, 127.883430, 6232.848633>)
18:21:21.304 [Market] Player "North" (id=4ppTN0XcNEKLnBoX_L0oN04O6xoZy4JlfCme8pT1Ons=) has bought leathersewingkit x1 (3eda7fc0) from the trader "Components (Cyril [#STR_EXPANSION_MARKET_TRADER_COMPONENTS])" in market zone "Trader Zone" (pos=<6675.160645, 104.603935, 6114.155762>) for a price of 5.
18:21:29.492 [VehicleEnter] Player "Donnie Deeks" (id=GBfj3hSt2OSYAyU5ct3jrz7-L9j9UxpFHlBzXjWvrxE=) entered vehicle If it quacks like a duck... (id=147EFD83DD40CD4FD1686E87467455C6 pos=<7612.16, 151.51, 7032.32>) as pilot
18:21:32.843 [VehicleEngine] Player "Donnie Deeks" [uid=GBfj3hSt2OSYAyU5ct3jrz7-L9j9UxpFHlBzXjWvrxE=] started vehicle If it quacks like a duck... (id=147EFD83DD40CD4FD1686E87467455C6 pos=<7612.160645, 151.508682, 7032.314941>)
18:21:37.757 [Market] Player "North" (id=4ppTN0XcNEKLnBoX_L0oN04O6xoZy4JlfCme8pT1Ons=) has bought weaponcleaningkit x1 (3edc6560) from the trader "Components (Cyril [#STR_EXPANSION_MARKET_TRADER_COMPONENTS])" in market zone "Trader Zone" (pos=<6675.160645, 104.603935, 6114.155762>) for a price of 8.
18:22:54.265 [VehicleEngine] Player "Druss" [uid=mvB_p65s26M1iDgS3KgKpm-UzbAyYM5rER5IINF2xI0=] started vehicle If it quacks like a duck... (id=7DC7C2B6BD4F7A52EBAA339A864BB24E pos=<7531.958008, 127.883446, 6232.848633>)
18:24:02.156 [VehicleLeave] Player "Donnie Deeks" (id=GBfj3hSt2OSYAyU5ct3jrz7-L9j9UxpFHlBzXjWvrxE=) left vehicle If it quacks like a duck... (id=147EFD83DD40CD4FD1686E87467455C6 pos=<7434.83, 119.35, 6297.13>)
18:24:03.500 [Market] Player "North" (id=4ppTN0XcNEKLnBoX_L0oN04O6xoZy4JlfCme8pT1Ons=) has bought woolglovesfingerless_green x1 (2d17e420) from the trader "Clothing (Naomi [#STR_EXPANSION_MARKET_TRADER_CLOTHING])" in market zone "Trader Zone" (pos=<6675.160645, 104.603935, 6114.155762>) for a price of 35.
18:24:08.945 [VehicleEngine] Player "London" [uid=kOLgOs9yYBFVRQG3lqoHveYdP5X8y3SO69cq5MiR4us=] stopped vehicle If it quacks like a duck... (id=8A34F14DDE4F07FC67DEF384183C1224 pos=<7485.550781, 141.639969, 6351.770020>)
18:24:12.484 [VehicleLeave] Player "London" (id=kOLgOs9yYBFVRQG3lqoHveYdP5X8y3SO69cq5MiR4us=) left vehicle If it quacks like a duck... (id=8A34F14DDE4F07FC67DEF384183C1224 pos=<7485.55, 141.64, 6351.77>)
18:24:40.359 [Market] Player "North" (id=4ppTN0XcNEKLnBoX_L0oN04O6xoZy4JlfCme8pT1Ons=) has bought jungleboots_beige x1 (2d19be30) from the trader "Clothing (Naomi [#STR_EXPANSION_MARKET_TRADER_CLOTHING])" in market zone "Trader Zone" (pos=<6675.160645, 104.603935, 6114.155762>) for a price of 85.
18:25:11.937 [VehicleDeleted] ExpansionHatchBird (id=147EFD83DD40CD4FD1686E87467455C6 pos=<7434.62, 119.29, 6296.88>)
18:26:05.976 [VehicleLeave] Player "Druss" (id=mvB_p65s26M1iDgS3KgKpm-UzbAyYM5rER5IINF2xI0=) left vehicle If it quacks like a duck... (id=7DC7C2B6BD4F7A52EBAA339A864BB24E pos=<7378.03, 131.86, 6101.76>)
18:26:08.820 [VehicleDeleted] ExpansionHatchBird (id=7DC7C2B6BD4F7A52EBAA339A864BB24E pos=<7378.01, 131.86, 6101.76>)
18:27:22.570 [VehicleDeleted] ExpansionHatchBird (id=8A34F14DDE4F07FC67DEF384183C1224 pos=<7485.55, 141.64, 6351.77>)
18:28:10.812 [Safezone] Player "North" (id=4ppTN0XcNEKLnBoX_L0oN04O6xoZy4JlfCme8pT1Ons= pos=<6685.4, 106.54, 6117.59>) entered the safezone
18:29:44.437 [Market] Player "North" (id=4ppTN0XcNEKLnBoX_L0oN04O6xoZy4JlfCme8pT1Ons=) has bought charcoaltablets x1 (336d3660) from the trader "Medicals (Mirek [#STR_EXPANSION_MARKET_TRADER_MEDICALS])" in market zone "Trader Zone" (pos=<6675.160645, 104.603935, 6114.155762>) for a price of 2.
18:29:49.804 [Market] Player "North" (id=4ppTN0XcNEKLnBoX_L0oN04O6xoZy4JlfCme8pT1Ons=) has bought morphine x1 (27e417f0) from the trader "Medicals (Mirek [#STR_EXPANSION_MARKET_TRADER_MEDICALS])" in market zone "Trader Zone" (pos=<6675.160645, 104.603935, 6114.155762>) for a price of 25.
18:29:53.109 [Market] Player "North" (id=4ppTN0XcNEKLnBoX_L0oN04O6xoZy4JlfCme8pT1Ons=) has bought anticheminjector x1 (27e44630) from the trader "Medicals (Mirek [#STR_EXPANSION_MARKET_TRADER_MEDICALS])" in market zone "Trader Zone" (pos=<6675.160645, 104.603935, 6114.155762>) for a price of 100.
18:30:32.671 [VehicleEnter] Player "Druss" (id=mvB_p65s26M1iDgS3KgKpm-UzbAyYM5rER5IINF2xI0=) entered vehicle Merlin (id=B37DF5BDFE403530A55B91A47AAB6B02 pos=<7467.87, 123.4, 6185.87>) as passenger
18:30:38.078 [VehicleLeave] Player "Druss" (id=mvB_p65s26M1iDgS3KgKpm-UzbAyYM5rER5IINF2xI0=) left vehicle Merlin (id=B37DF5BDFE403530A55B91A47AAB6B02 pos=<7467.87, 123.4, 6185.87>)
18:30:41.171 [VehicleEnter] Player "Druss" (id=mvB_p65s26M1iDgS3KgKpm-UzbAyYM5rER5IINF2xI0=) entered vehicle Merlin (id=B37DF5BDFE403530A55B91A47AAB6B02 pos=<7467.87, 123.4, 6185.87>) as pilot
18:30:46.125 [VehicleEngine] Player "Druss" [uid=mvB_p65s26M1iDgS3KgKpm-UzbAyYM5rER5IINF2xI0=] started vehicle Merlin (id=B37DF5BDFE403530A55B91A47AAB6B02 pos=<7467.871094, 123.396927, 6185.871094>)
18:30:58.812 [Party] Player "F11 Simulator" (id=m_TD03B4NXDQrU5koHpLq3WyQf1hXTvQSdETJOTM8ss=) left the party "SLAVES" (id=1 ownerUID=m_TD03B4NXDQrU5koHpLq3WyQf1hXTvQSdETJOTM8ss= ownerName=F11 Simulator)
18:31:21.859 [Market] Player "North" (id=4ppTN0XcNEKLnBoX_L0oN04O6xoZy4JlfCme8pT1Ons=) has bought apple x1 (378888d0) from the trader "Consumables (Linda [#STR_EXPANSION_MARKET_TRADER_CONSUMABLES])" in market zone "Trader Zone" (pos=<6675.160645, 104.603935, 6114.155762>) for a price of 7.
18:31:22.156 [Market] Player "North" (id=4ppTN0XcNEKLnBoX_L0oN04O6xoZy4JlfCme8pT1Ons=) has bought apple x1 (3789aa50) from the trader "Consumables (Linda [#STR_EXPANSION_MARKET_TRADER_CONSUMABLES])" in market zone "Trader Zone" (pos=<6675.160645, 104.603935, 6114.155762>) for a price of 7.
18:31:22.468 [Market] Player "North" (id=4ppTN0XcNEKLnBoX_L0oN04O6xoZy4JlfCme8pT1Ons=) has bought apple x1 (37896e00) from the trader "Consumables (Linda [#STR_EXPANSION_MARKET_TRADER_CONSUMABLES])" in market zone "Trader Zone" (pos=<6675.160645, 104.603935, 6114.155762>) for a price of 7.
18:31:22.796 [Market] Player "North" (id=4ppTN0XcNEKLnBoX_L0oN04O6xoZy4JlfCme8pT1Ons=) has bought apple x1 (378a9b90) from the trader "Consumables (Linda [#STR_EXPANSION_MARKET_TRADER_CONSUMABLES])" in market zone "Trader Zone" (pos=<6675.160645, 104.603935, 6114.155762>) for a price of 7.
18:31:23.054 [Market] Player "North" (id=4ppTN0XcNEKLnBoX_L0oN04O6xoZy4JlfCme8pT1Ons=) has bought apple x1 (378a5f40) from the trader "Consumables (Linda [#STR_EXPANSION_MARKET_TRADER_CONSUMABLES])" in market zone "Trader Zone" (pos=<6675.160645, 104.603935, 6114.155762>) for a price of 7.
18:31:59.976 [Market] Player "North" (id=4ppTN0XcNEKLnBoX_L0oN04O6xoZy4JlfCme8pT1Ons=) has sold waterbottle x1 (3315ed70) at the trader "Consumables (Linda [#STR_EXPANSION_MARKET_TRADER_CONSUMABLES])" in market zone "Trader Zone" (pos=<6675.160645, 104.603935, 6114.155762>) and got 3.
18:34:20.609 [Market] Player "North" (id=4ppTN0XcNEKLnBoX_L0oN04O6xoZy4JlfCme8pT1Ons=) has sold cz527 x1 (967e68a0, Mag_CZ527_5rnd<320af510>, ammo_762x39 x3) at the trader "Weapons (Denis [#STR_EXPANSION_MARKET_TRADER_WEAPONS])" in market zone "Trader Zone" (pos=<6675.160645, 104.603935, 6114.155762>) and got 329.
18:34:37.875 [Market] Player "North" (id=4ppTN0XcNEKLnBoX_L0oN04O6xoZy4JlfCme8pT1Ons=) has sold leathersewingkit x1 (2c8a5490) at the trader "Components (Cyril [#STR_EXPANSION_MARKET_TRADER_COMPONENTS])" in market zone "Trader Zone" (pos=<6675.160645, 104.603935, 6114.155762>) and got 3.
18:35:40.812 [Market] Player "North" (id=4ppTN0XcNEKLnBoX_L0oN04O6xoZy4JlfCme8pT1Ons=) has bought canteen x1 (3baf9560) from the trader "Consumables (Linda [#STR_EXPANSION_MARKET_TRADER_CONSUMABLES])" in market zone "Trader Zone" (pos=<6675.160645, 104.603935, 6114.155762>) for a price of 18.
18:35:57.187 [Party] Player "F11 Simulator" (id=m_TD03B4NXDQrU5koHpLq3WyQf1hXTvQSdETJOTM8ss=) joinded the party "SLAVES" (id=1 ownerUID=m_TD03B4NXDQrU5koHpLq3WyQf1hXTvQSdETJOTM8ss= ownerName=F11 Simulator)
18:36:07.601 [Market] Player "North" (id=4ppTN0XcNEKLnBoX_L0oN04O6xoZy4JlfCme8pT1Ons=) has bought porkcan x1 (2cf89a90) from the trader "Consumables (Linda [#STR_EXPANSION_MARKET_TRADER_CONSUMABLES])" in market zone "Trader Zone" (pos=<6675.160645, 104.603935, 6114.155762>) for a price of 15.
18:36:08.335 [Market] Player "North" (id=4ppTN0XcNEKLnBoX_L0oN04O6xoZy4JlfCme8pT1Ons=) has bought porkcan x1 (2cf8d6e0) from the trader "Consumables (Linda [#STR_EXPANSION_MARKET_TRADER_CONSUMABLES])" in market zone "Trader Zone" (pos=<6675.160645, 104.603935, 6114.155762>) for a price of 15.
18:37:40.046 [ATM] Player "North" (id=4ppTN0XcNEKLnBoX_L0oN04O6xoZy4JlfCme8pT1Ons=) has deposited 388 on his ATM account.
18:39:06.984 [Safezone] Player "{1:name}" (id={1:id} pos={1:position}) left the safezone
18:41:24.093 [VehicleDestroyed] ExpansionMerlin_Ion (id=B37DF5BDFE403530A55B91A47AAB6B02 pos=<7325.14, 103.31, 6225.45>)
18:41:44.000 [VehicleDeleted] ExpansionMerlin_Ion (id=B37DF5BDFE403530A55B91A47AAB6B02 pos=<7307, 99.61, 6240.26>)
18:41:55.226 [Killfeed] [uwu] Druss was killed by an explosion caused by RPG-7.
18:42:26.335 [Party] Player "Druss" (id=mvB_p65s26M1iDgS3KgKpm-UzbAyYM5rER5IINF2xI0=) joinded the party "SLAVES" (id=1 ownerUID=m_TD03B4NXDQrU5koHpLq3WyQf1hXTvQSdETJOTM8ss= ownerName=F11 Simulator)
18:44:00.890 [Party] Player "F11 Simulator" (id=m_TD03B4NXDQrU5koHpLq3WyQf1hXTvQSdETJOTM8ss=) left the party "SLAVES" (id=1 ownerUID=m_TD03B4NXDQrU5koHpLq3WyQf1hXTvQSdETJOTM8ss= ownerName=F11 Simulator)
18:51:54.125 [BaseBuildingRaiding] ------------------------- Expansion Base Raiding Damage Report -------------------------
18:51:54.125 [BaseBuildingRaiding] Player "London" (id=kOLgOs9yYBFVRQG3lqoHveYdP5X8y3SO69cq5MiR4us= pos=<7485.98, 141.6, 6354.56>) damaged ExpansionWall6x3 at <7485.27, 123.83, 6336.91>
18:51:54.125 [BaseBuildingRaiding] They dealt 20.7451 * 1 = 20.7451 damage with Bullet_HuntingBolt from Crossbow_Wood
18:51:54.125 [BaseBuildingRaiding] GlobalHealth hitpoints decreased from 30000 to 29979.3
18:51:54.125 [BaseBuildingRaiding] ----------------------------------------------------------------------------------------
18:52:46.250 [BaseRaiding] ExpansionWall6x3 (<7477.144531, 120.836586, 6332.010742>) Damaged "player "Druss" (ID = "mvB_p65s26M1iDgS3KgKpm-UzbAyYM5rER5IINF2xI0=" at <7478.107910, 120.751961, 6332.855957>)" by 10 health points. Reason: Failed to enter the correct code.
18:52:46.250 [BaseRaiding] ExpansionWall6x3 (<7477.144531, 120.836586, 6332.010742>) The correct code was 1011 and the player tried 1110
18:54:52.812 [Party] Player "Druss" (id=mvB_p65s26M1iDgS3KgKpm-UzbAyYM5rER5IINF2xI0=) left the party "SLAVES" (id=1 ownerUID=m_TD03B4NXDQrU5koHpLq3WyQf1hXTvQSdETJOTM8ss= ownerName=F11 Simulator)
18:55:17.679 [Party] Player "Donnie Deeks" (id=GBfj3hSt2OSYAyU5ct3jrz7-L9j9UxpFHlBzXjWvrxE=) left the party "SLAVES" (id=1 ownerUID=m_TD03B4NXDQrU5koHpLq3WyQf1hXTvQSdETJOTM8ss= ownerName=F11 Simulator)
