15:01:55.226 [Safezone] Player "Stephanie" (id=OShFqHovj5cC7Mjc5nmU2hT0J6y8CT78KFmoQoNUQoc= pos=<6679.95, 102.5, 6109.19>) entered the safezone
15:02:02.566 [Safezone] Player "Ov3rKi11" (id=P_LVluee20-ZP_xemam3V_6hnFSPQ6Uqa7dsMv8yuYY= pos=<6683.02, 102.5, 6113.13>) entered the safezone
15:02:39.824 [Market] Player "Ov3rKi11" (id=P_LVluee20-ZP_xemam3V_6hnFSPQ6Uqa7dsMv8yuYY=) has bought akm x1 (b5a8d0b0, Mag_AKM_30Rnd<8aedf360>, ammo_762x39 x30, AK_WoodHndgrd<91a74720>, AK_WoodBttstck<91a6eaa0>) from the trader "Weapons (Denis [#STR_EXPANSION_MARKET_TRADER_WEAPONS])" in market zone "Trader Zone" (pos=<6675.160645, 104.603935, 6114.155762>) for a price of 2130.
15:02:54.144 [Safezone] Player "InsaneDragon" (id=x4LagE1tkWZT3bjC-XP6rLWv8DeK3_mU6p_YbkyonaU= pos=<6693.24, 106.65, 6095.34>) entered the safezone
15:03:17.941 [Market] Player "Ov3rKi11" (id=P_LVluee20-ZP_xemam3V_6hnFSPQ6Uqa7dsMv8yuYY=) has bought mag_akm_drum75rnd x1 (a9dbe430, ammo_762x39 x75) from the trader "Attachments (Jose [#STR_EXPANSION_MARKET_TRADER_ATTACHMENTS])" in market zone "Trader Zone" (pos=<6675.160645, 104.603935, 6114.155762>) for a price of 630.
15:04:07.824 [Market] Player "InsaneDragon" (id=x4LagE1tkWZT3bjC-XP6rLWv8DeK3_mU6p_YbkyonaU=) has bought gp5gasmask x1 (d076c1c0) from the trader "Clothing (Naomi [#STR_EXPANSION_MARKET_TRADER_CLOTHING])" in market zone "Trader Zone" (pos=<6675.160645, 104.603935, 6114.155762>) for a price of 120.
15:04:50.230 [Market] Player "Ov3rKi11" (id=P_LVluee20-ZP_xemam3V_6hnFSPQ6Uqa7dsMv8yuYY=) has bought gp5gasmask x1 (a9dcd700) from the trader "Clothing (Naomi [#STR_EXPANSION_MARKET_TRADER_CLOTHING])" in market zone "Trader Zone" (pos=<6675.160645, 104.603935, 6114.155762>) for a price of 120.
15:04:53.738 [Safezone] Player "Intruder" (id=VCCXa5z0PvNuApK0J5mfYMZSHb_q9DB8VTnM5OLUKRw= pos=<6693.49, 106.67, 6088.69>) entered the safezone
15:05:09.160 [Safezone] Player "Stephanie" (id=OShFqHovj5cC7Mjc5nmU2hT0J6y8CT78KFmoQoNUQoc= pos=<6679.48, 102.5, 6118.9>) entered the safezone
15:05:38.597 [Market] Player "Ov3rKi11" (id=P_LVluee20-ZP_xemam3V_6hnFSPQ6Uqa7dsMv8yuYY=) has bought hatchet x1 (9623b780) from the trader "BuildingSupplies (Boris [#STR_EXPANSION_MARKET_TRADER_BUILDING_SUPPLIES])" in market zone "Trader Zone" (pos=<6675.160645, 104.603935, 6114.155762>) for a price of 10.
15:05:39.687 [Market] Player "Ov3rKi11" (id=P_LVluee20-ZP_xemam3V_6hnFSPQ6Uqa7dsMv8yuYY=) has bought whetstone x1 (962782c0) from the trader "BuildingSupplies (Boris [#STR_EXPANSION_MARKET_TRADER_BUILDING_SUPPLIES])" in market zone "Trader Zone" (pos=<6675.160645, 104.603935, 6114.155762>) for a price of 5.
15:05:52.941 [Market] Player "Stephanie" (id=OShFqHovj5cC7Mjc5nmU2hT0J6y8CT78KFmoQoNUQoc=) has bought ducttape x1 (946d3c40) from the trader "Components (Cyril [#STR_EXPANSION_MARKET_TRADER_COMPONENTS])" in market zone "Trader Zone" (pos=<6675.160645, 104.603935, 6114.155762>) for a price of 20.
15:06:41.324 [Market] Player "InsaneDragon" (id=x4LagE1tkWZT3bjC-XP6rLWv8DeK3_mU6p_YbkyonaU=) has bought whetstone x1 (98a445d0) from the trader "BuildingSupplies (Boris [#STR_EXPANSION_MARKET_TRADER_BUILDING_SUPPLIES])" in market zone "Trader Zone" (pos=<6675.160645, 104.603935, 6114.155762>) for a price of 5.
15:08:15.546 [Market] Player "Ov3rKi11" (id=P_LVluee20-ZP_xemam3V_6hnFSPQ6Uqa7dsMv8yuYY=) has bought pot x1 (99603b50) from the trader "BuildingSupplies (Boris [#STR_EXPANSION_MARKET_TRADER_BUILDING_SUPPLIES])" in market zone "Trader Zone" (pos=<6675.160645, 104.603935, 6114.155762>) for a price of 25.
15:08:25.175 [Market] Player "Ov3rKi11" (id=P_LVluee20-ZP_xemam3V_6hnFSPQ6Uqa7dsMv8yuYY=) has bought mediumgascanister x1 (d02ae980) from the trader "BuildingSupplies (Boris [#STR_EXPANSION_MARKET_TRADER_BUILDING_SUPPLIES])" in market zone "Trader Zone" (pos=<6675.160645, 104.603935, 6114.155762>) for a price of 100.
15:08:27.433 [Market] Player "InsaneDragon" (id=x4LagE1tkWZT3bjC-XP6rLWv8DeK3_mU6p_YbkyonaU=) has bought anticheminjector x1 (d02a8d00) from the trader "Medicals (Mirek [#STR_EXPANSION_MARKET_TRADER_MEDICALS])" in market zone "Trader Zone" (pos=<6675.160645, 104.603935, 6114.155762>) for a price of 100.
15:09:08.660 [Market] Player "Stephanie" (id=OShFqHovj5cC7Mjc5nmU2hT0J6y8CT78KFmoQoNUQoc=) has bought gp5gasmask x1 (d02bae10) from the trader "Clothing (Naomi [#STR_EXPANSION_MARKET_TRADER_CLOTHING])" in market zone "Trader Zone" (pos=<6675.160645, 104.603935, 6114.155762>) for a price of 120.
15:09:33.148 [Market] Player "InsaneDragon" (id=x4LagE1tkWZT3bjC-XP6rLWv8DeK3_mU6p_YbkyonaU=) has bought pot x1 (9ef10e80) from the trader "Components (Cyril [#STR_EXPANSION_MARKET_TRADER_COMPONENTS])" in market zone "Trader Zone" (pos=<6675.160645, 104.603935, 6114.155762>) for a price of 25.
15:10:01.406 [Market] Player "Stephanie" (id=OShFqHovj5cC7Mjc5nmU2hT0J6y8CT78KFmoQoNUQoc=) has bought canteen x1 (9617a450) from the trader "Consumables (Linda [#STR_EXPANSION_MARKET_TRADER_CONSUMABLES])" in market zone "Trader Zone" (pos=<6675.160645, 104.603935, 6114.155762>) for a price of 18.
15:10:01.527 [Market] Player "Ov3rKi11" (id=P_LVluee20-ZP_xemam3V_6hnFSPQ6Uqa7dsMv8yuYY=) has bought portablegasstove x1 (9f5c4180, MediumGasCanister<98cb40a0>) from the trader "Components (Cyril [#STR_EXPANSION_MARKET_TRADER_COMPONENTS])" in market zone "Trader Zone" (pos=<6675.160645, 104.603935, 6114.155762>) for a price of 130.
15:10:15.175 [Market] Player "InsaneDragon" (id=x4LagE1tkWZT3bjC-XP6rLWv8DeK3_mU6p_YbkyonaU=) has bought portablegasstove x1 (bf94d420, MediumGasCanister<9ea78430>) from the trader "Components (Cyril [#STR_EXPANSION_MARKET_TRADER_COMPONENTS])" in market zone "Trader Zone" (pos=<6675.160645, 104.603935, 6114.155762>) for a price of 130.
15:11:07.531 [Market] Player "Stephanie" (id=OShFqHovj5cC7Mjc5nmU2hT0J6y8CT78KFmoQoNUQoc=) has bought hatchet x1 (96751960) from the trader "Components (Cyril [#STR_EXPANSION_MARKET_TRADER_COMPONENTS])" in market zone "Trader Zone" (pos=<6675.160645, 104.603935, 6114.155762>) for a price of 10.
15:11:09.996 [Market] Player "Stephanie" (id=OShFqHovj5cC7Mjc5nmU2hT0J6y8CT78KFmoQoNUQoc=) has bought whetstone x1 (96782010) from the trader "Components (Cyril [#STR_EXPANSION_MARKET_TRADER_COMPONENTS])" in market zone "Trader Zone" (pos=<6675.160645, 104.603935, 6114.155762>) for a price of 5.
15:11:39.003 [Market] Player "Ov3rKi11" (id=P_LVluee20-ZP_xemam3V_6hnFSPQ6Uqa7dsMv8yuYY=) has sold mediumgascanister x1 (d02ae980) at the trader "BuildingSupplies (Boris [#STR_EXPANSION_MARKET_TRADER_BUILDING_SUPPLIES])" in market zone "Trader Zone" (pos=<6675.160645, 104.603935, 6114.155762>) and got 75.
15:11:46.554 [Market] Player "InsaneDragon" (id=x4LagE1tkWZT3bjC-XP6rLWv8DeK3_mU6p_YbkyonaU=) has bought goatsteakmeat x1 (9127e2b0) from the trader "Consumables (Linda [#STR_EXPANSION_MARKET_TRADER_CONSUMABLES])" in market zone "Trader Zone" (pos=<6675.160645, 104.603935, 6114.155762>) for a price of 8.
15:11:47.398 [Market] Player "InsaneDragon" (id=x4LagE1tkWZT3bjC-XP6rLWv8DeK3_mU6p_YbkyonaU=) has bought goatsteakmeat x1 (91291040) from the trader "Consumables (Linda [#STR_EXPANSION_MARKET_TRADER_CONSUMABLES])" in market zone "Trader Zone" (pos=<6675.160645, 104.603935, 6114.155762>) for a price of 8.
15:11:48.000 [Market] Player "InsaneDragon" (id=x4LagE1tkWZT3bjC-XP6rLWv8DeK3_mU6p_YbkyonaU=) has bought goatsteakmeat x1 (91294080) from the trader "Consumables (Linda [#STR_EXPANSION_MARKET_TRADER_CONSUMABLES])" in market zone "Trader Zone" (pos=<6675.160645, 104.603935, 6114.155762>) for a price of 8.
15:11:48.593 [Market] Player "InsaneDragon" (id=x4LagE1tkWZT3bjC-XP6rLWv8DeK3_mU6p_YbkyonaU=) has bought goatsteakmeat x1 (9b38f690) from the trader "Consumables (Linda [#STR_EXPANSION_MARKET_TRADER_CONSUMABLES])" in market zone "Trader Zone" (pos=<6675.160645, 104.603935, 6114.155762>) for a price of 8.
15:11:49.171 [Market] Player "InsaneDragon" (id=x4LagE1tkWZT3bjC-XP6rLWv8DeK3_mU6p_YbkyonaU=) has bought goatsteakmeat x1 (9b399f70) from the trader "Consumables (Linda [#STR_EXPANSION_MARKET_TRADER_CONSUMABLES])" in market zone "Trader Zone" (pos=<6675.160645, 104.603935, 6114.155762>) for a price of 8.
15:11:49.785 [Market] Player "InsaneDragon" (id=x4LagE1tkWZT3bjC-XP6rLWv8DeK3_mU6p_YbkyonaU=) has bought goatsteakmeat x1 (9b3ad910) from the trader "Consumables (Linda [#STR_EXPANSION_MARKET_TRADER_CONSUMABLES])" in market zone "Trader Zone" (pos=<6675.160645, 104.603935, 6114.155762>) for a price of 8.
15:12:45.796 [Market] Player "Ov3rKi11" (id=P_LVluee20-ZP_xemam3V_6hnFSPQ6Uqa7dsMv8yuYY=) has bought ammobox_762x39_20rnd x1 (9b1a3c00) from the trader "Weapons (Denis [#STR_EXPANSION_MARKET_TRADER_WEAPONS])" in market zone "Trader Zone" (pos=<6675.160645, 104.603935, 6114.155762>) for a price of 32.
15:12:45.937 [Market] Player "Ov3rKi11" (id=P_LVluee20-ZP_xemam3V_6hnFSPQ6Uqa7dsMv8yuYY=) has bought ammobox_762x39_20rnd x1 (9b318f90) from the trader "Weapons (Denis [#STR_EXPANSION_MARKET_TRADER_WEAPONS])" in market zone "Trader Zone" (pos=<6675.160645, 104.603935, 6114.155762>) for a price of 32.
15:12:46.171 [Market] Player "Ov3rKi11" (id=P_LVluee20-ZP_xemam3V_6hnFSPQ6Uqa7dsMv8yuYY=) has bought ammobox_762x39_20rnd x1 (8eb46eb0) from the trader "Weapons (Denis [#STR_EXPANSION_MARKET_TRADER_WEAPONS])" in market zone "Trader Zone" (pos=<6675.160645, 104.603935, 6114.155762>) for a price of 32.
15:13:00.800 [Market] Player "Stephanie" (id=OShFqHovj5cC7Mjc5nmU2hT0J6y8CT78KFmoQoNUQoc=) has bought weaponcleaningkit x1 (9d1d4e40) from the trader "Components (Cyril [#STR_EXPANSION_MARKET_TRADER_COMPONENTS])" in market zone "Trader Zone" (pos=<6675.160645, 104.603935, 6114.155762>) for a price of 8.
15:13:03.312 [Market] Player "Stephanie" (id=OShFqHovj5cC7Mjc5nmU2hT0J6y8CT78KFmoQoNUQoc=) has bought sewingkit x1 (9d56f390) from the trader "Components (Cyril [#STR_EXPANSION_MARKET_TRADER_COMPONENTS])" in market zone "Trader Zone" (pos=<6675.160645, 104.603935, 6114.155762>) for a price of 4.
15:13:05.105 [Market] Player "Stephanie" (id=OShFqHovj5cC7Mjc5nmU2hT0J6y8CT78KFmoQoNUQoc=) has bought leathersewingkit x1 (939439f0) from the trader "Components (Cyril [#STR_EXPANSION_MARKET_TRADER_COMPONENTS])" in market zone "Trader Zone" (pos=<6675.160645, 104.603935, 6114.155762>) for a price of 5.
15:13:57.285 [Market] Player "Ov3rKi11" (id=P_LVluee20-ZP_xemam3V_6hnFSPQ6Uqa7dsMv8yuYY=) has bought salinebag x1 (9421ddd0) from the trader "Medicals (Mirek [#STR_EXPANSION_MARKET_TRADER_MEDICALS])" in market zone "Trader Zone" (pos=<6675.160645, 104.603935, 6114.155762>) for a price of 15.
15:13:58.578 [Market] Player "Ov3rKi11" (id=P_LVluee20-ZP_xemam3V_6hnFSPQ6Uqa7dsMv8yuYY=) has bought startkitiv x1 (96e2b5e0) from the trader "Medicals (Mirek [#STR_EXPANSION_MARKET_TRADER_MEDICALS])" in market zone "Trader Zone" (pos=<6675.160645, 104.603935, 6114.155762>) for a price of 10.
15:14:06.617 [Market] Player "Ov3rKi11" (id=P_LVluee20-ZP_xemam3V_6hnFSPQ6Uqa7dsMv8yuYY=) has bought charcoaltablets x1 (9128a3b0) from the trader "Medicals (Mirek [#STR_EXPANSION_MARKET_TRADER_MEDICALS])" in market zone "Trader Zone" (pos=<6675.160645, 104.603935, 6114.155762>) for a price of 2.
15:14:07.058 [Market] Player "Ov3rKi11" (id=P_LVluee20-ZP_xemam3V_6hnFSPQ6Uqa7dsMv8yuYY=) has bought charcoaltablets x1 (9128afc0) from the trader "Medicals (Mirek [#STR_EXPANSION_MARKET_TRADER_MEDICALS])" in market zone "Trader Zone" (pos=<6675.160645, 104.603935, 6114.155762>) for a price of 2.
15:14:10.886 [Market] Player "Ov3rKi11" (id=P_LVluee20-ZP_xemam3V_6hnFSPQ6Uqa7dsMv8yuYY=) has bought tetracyclineantibiotics x1 (8b20e4a0) from the trader "Medicals (Mirek [#STR_EXPANSION_MARKET_TRADER_MEDICALS])" in market zone "Trader Zone" (pos=<6675.160645, 104.603935, 6114.155762>) for a price of 8.
15:14:38.445 [Market] Player "Ov3rKi11" (id=P_LVluee20-ZP_xemam3V_6hnFSPQ6Uqa7dsMv8yuYY=) has bought sewingkit x1 (9e7acc80) from the trader "Components (Cyril [#STR_EXPANSION_MARKET_TRADER_COMPONENTS])" in market zone "Trader Zone" (pos=<6675.160645, 104.603935, 6114.155762>) for a price of 4.
15:15:32.671 [Market] Player "Ov3rKi11" (id=P_LVluee20-ZP_xemam3V_6hnFSPQ6Uqa7dsMv8yuYY=) has bought ammobox_762x39_20rnd x1 (9b915060) from the trader "Weapons (Denis [#STR_EXPANSION_MARKET_TRADER_WEAPONS])" in market zone "Trader Zone" (pos=<6675.160645, 104.603935, 6114.155762>) for a price of 32.
15:15:40.242 [Market] Player "Stephanie" (id=OShFqHovj5cC7Mjc5nmU2hT0J6y8CT78KFmoQoNUQoc=) has bought mag_cz61_20rnd x1 (96c6a2d0, ammo_380 x20) from the trader "Attachments (Jose [#STR_EXPANSION_MARKET_TRADER_ATTACHMENTS])" in market zone "Trader Zone" (pos=<6675.160645, 104.603935, 6114.155762>) for a price of 140.
15:15:41.097 [Market] Player "Stephanie" (id=OShFqHovj5cC7Mjc5nmU2hT0J6y8CT78KFmoQoNUQoc=) has bought mag_cz61_20rnd x1 (96c519b0, ammo_380 x20) from the trader "Attachments (Jose [#STR_EXPANSION_MARKET_TRADER_ATTACHMENTS])" in market zone "Trader Zone" (pos=<6675.160645, 104.603935, 6114.155762>) for a price of 140.
15:15:47.515 [Market] Player "Stephanie" (id=OShFqHovj5cC7Mjc5nmU2hT0J6y8CT78KFmoQoNUQoc=) has bought mag_deagle_9rnd x1 (8eb67700, ammo_357 x9) from the trader "Attachments (Jose [#STR_EXPANSION_MARKET_TRADER_ATTACHMENTS])" in market zone "Trader Zone" (pos=<6675.160645, 104.603935, 6114.155762>) for a price of 63.
15:15:48.335 [Market] Player "Stephanie" (id=OShFqHovj5cC7Mjc5nmU2hT0J6y8CT78KFmoQoNUQoc=) has bought mag_deagle_9rnd x1 (8e70d3c0, ammo_357 x9) from the trader "Attachments (Jose [#STR_EXPANSION_MARKET_TRADER_ATTACHMENTS])" in market zone "Trader Zone" (pos=<6675.160645, 104.603935, 6114.155762>) for a price of 63.
15:15:49.289 [Market] Player "Stephanie" (id=OShFqHovj5cC7Mjc5nmU2hT0J6y8CT78KFmoQoNUQoc=) has bought mag_deagle_9rnd x1 (8e70f670, ammo_357 x9) from the trader "Attachments (Jose [#STR_EXPANSION_MARKET_TRADER_ATTACHMENTS])" in market zone "Trader Zone" (pos=<6675.160645, 104.603935, 6114.155762>) for a price of 63.
15:16:14.453 [ATM] Player "InsaneDragon" (id=x4LagE1tkWZT3bjC-XP6rLWv8DeK3_mU6p_YbkyonaU=) has deposited 141722 on his ATM account.
15:16:22.941 [Market] Player "Ov3rKi11" (id=P_LVluee20-ZP_xemam3V_6hnFSPQ6Uqa7dsMv8yuYY=) has bought ak_suppressor x1 (9d6a59e0) from the trader "Attachments (Jose [#STR_EXPANSION_MARKET_TRADER_ATTACHMENTS])" in market zone "Trader Zone" (pos=<6675.160645, 104.603935, 6114.155762>) for a price of 25.
15:16:55.007 [Market] Player "Ov3rKi11" (id=P_LVluee20-ZP_xemam3V_6hnFSPQ6Uqa7dsMv8yuYY=) has bought kobraoptic x1 (8eed9000, Battery9V<9d1a4790>) from the trader "Attachments (Jose [#STR_EXPANSION_MARKET_TRADER_ATTACHMENTS])" in market zone "Trader Zone" (pos=<6675.160645, 104.603935, 6114.155762>) for a price of 610.
15:17:40.453 [Market] Player "Ov3rKi11" (id=P_LVluee20-ZP_xemam3V_6hnFSPQ6Uqa7dsMv8yuYY=) has bought huntingknife x1 (a0e9e280) from the trader "Weapons (Denis [#STR_EXPANSION_MARKET_TRADER_WEAPONS])" in market zone "Trader Zone" (pos=<6675.160645, 104.603935, 6114.155762>) for a price of 9.
15:18:07.281 [Market] Player "Stephanie" (id=OShFqHovj5cC7Mjc5nmU2hT0J6y8CT78KFmoQoNUQoc=) has bought fishingrod x1 (a0fbafb0) from the trader "Fishing (Baty [#STR_EXPANSION_MARKET_TRADER_FISHING])" in market zone "Trader Zone" (pos=<6675.160645, 104.603935, 6114.155762>) for a price of 60.
15:18:39.539 [Market] Player "Stephanie" (id=OShFqHovj5cC7Mjc5nmU2hT0J6y8CT78KFmoQoNUQoc=) has bought hook x1 (946d0e00) from the trader "Fishing (Baty [#STR_EXPANSION_MARKET_TRADER_FISHING])" in market zone "Trader Zone" (pos=<6675.160645, 104.603935, 6114.155762>) for a price of 7.
15:18:53.625 [Market] Player "Ov3rKi11" (id=P_LVluee20-ZP_xemam3V_6hnFSPQ6Uqa7dsMv8yuYY=) has bought hook x1 (a0e84dd0) from the trader "Fishing (Baty [#STR_EXPANSION_MARKET_TRADER_FISHING])" in market zone "Trader Zone" (pos=<6675.160645, 104.603935, 6114.155762>) for a price of 7.
15:18:55.820 [Market] Player "Ov3rKi11" (id=P_LVluee20-ZP_xemam3V_6hnFSPQ6Uqa7dsMv8yuYY=) has bought worm x1 (91721fc0) from the trader "Fishing (Baty [#STR_EXPANSION_MARKET_TRADER_FISHING])" in market zone "Trader Zone" (pos=<6675.160645, 104.603935, 6114.155762>) for a price of 2.
15:18:56.238 [Market] Player "Ov3rKi11" (id=P_LVluee20-ZP_xemam3V_6hnFSPQ6Uqa7dsMv8yuYY=) has bought worm x1 (91734d50) from the trader "Fishing (Baty [#STR_EXPANSION_MARKET_TRADER_FISHING])" in market zone "Trader Zone" (pos=<6675.160645, 104.603935, 6114.155762>) for a price of 2.
15:18:59.328 [Market] Player "Ov3rKi11" (id=P_LVluee20-ZP_xemam3V_6hnFSPQ6Uqa7dsMv8yuYY=) has bought worm x1 (917213b0) from the trader "Fishing (Baty [#STR_EXPANSION_MARKET_TRADER_FISHING])" in market zone "Trader Zone" (pos=<6675.160645, 104.603935, 6114.155762>) for a price of 2.
15:18:59.652 [Market] Player "Ov3rKi11" (id=P_LVluee20-ZP_xemam3V_6hnFSPQ6Uqa7dsMv8yuYY=) has bought worm x1 (9b655060) from the trader "Fishing (Baty [#STR_EXPANSION_MARKET_TRADER_FISHING])" in market zone "Trader Zone" (pos=<6675.160645, 104.603935, 6114.155762>) for a price of 2.
15:19:46.664 [Safezone] Player "mormonrice" (id=SWrhd9ziwAZonrmk5cFvI9UDhCjNa3qYrpi7hYisi14= pos=<6686.86, 102.5, 6110.52>) entered the safezone
15:20:02.515 [Market] Player "Ov3rKi11" (id=P_LVluee20-ZP_xemam3V_6hnFSPQ6Uqa7dsMv8yuYY=) has sold worm x1 (9b655060) at the trader "Fishing (Baty [#STR_EXPANSION_MARKET_TRADER_FISHING])" in market zone "Trader Zone" (pos=<6675.160645, 104.603935, 6114.155762>) and got 1.
15:20:03.675 [Market] Player "Ov3rKi11" (id=P_LVluee20-ZP_xemam3V_6hnFSPQ6Uqa7dsMv8yuYY=) has sold worm x1 (91721fc0) at the trader "Fishing (Baty [#STR_EXPANSION_MARKET_TRADER_FISHING])" in market zone "Trader Zone" (pos=<6675.160645, 104.603935, 6114.155762>) and got 0.
15:20:09.484 [Market] Player "Ov3rKi11" (id=P_LVluee20-ZP_xemam3V_6hnFSPQ6Uqa7dsMv8yuYY=) has sold worm x1 (91734d50) at the trader "Fishing (Baty [#STR_EXPANSION_MARKET_TRADER_FISHING])" in market zone "Trader Zone" (pos=<6675.160645, 104.603935, 6114.155762>) and got 1.
15:20:52.539 [Market] Player "mormonrice" (id=SWrhd9ziwAZonrmk5cFvI9UDhCjNa3qYrpi7hYisi14=) has sold chestholster x1 (9e8e2250) at the trader "Clothing (Naomi [#STR_EXPANSION_MARKET_TRADER_CLOTHING])" in market zone "Trader Zone" (pos=<6675.160645, 104.603935, 6114.155762>) and got 33.
15:20:55.945 [Market] Player "mormonrice" (id=SWrhd9ziwAZonrmk5cFvI9UDhCjNa3qYrpi7hYisi14=) has sold dirtbikehelmet_police x1 (9e9162d0) at the trader "Clothing (Naomi [#STR_EXPANSION_MARKET_TRADER_CLOTHING])" in market zone "Trader Zone" (pos=<6675.160645, 104.603935, 6114.155762>) and got 45.
15:21:46.523 [Market] Player "mormonrice" (id=SWrhd9ziwAZonrmk5cFvI9UDhCjNa3qYrpi7hYisi14=) has bought weaponcleaningkit x1 (911ce1a0) from the trader "Components (Cyril [#STR_EXPANSION_MARKET_TRADER_COMPONENTS])" in market zone "Trader Zone" (pos=<6675.160645, 104.603935, 6114.155762>) for a price of 8.
15:21:47.519 [Market] Player "mormonrice" (id=SWrhd9ziwAZonrmk5cFvI9UDhCjNa3qYrpi7hYisi14=) has bought weaponcleaningkit x1 (98cd82c0) from the trader "Components (Cyril [#STR_EXPANSION_MARKET_TRADER_COMPONENTS])" in market zone "Trader Zone" (pos=<6675.160645, 104.603935, 6114.155762>) for a price of 8.
15:23:34.218 [Market] Player "Ov3rKi11" (id=P_LVluee20-ZP_xemam3V_6hnFSPQ6Uqa7dsMv8yuYY=) has bought ammobox_762x39_20rnd x1 (8e72c4f0) from the trader "Weapons (Denis [#STR_EXPANSION_MARKET_TRADER_WEAPONS])" in market zone "Trader Zone" (pos=<6675.160645, 104.603935, 6114.155762>) for a price of 32.
15:23:34.437 [Market] Player "Ov3rKi11" (id=P_LVluee20-ZP_xemam3V_6hnFSPQ6Uqa7dsMv8yuYY=) has bought ammobox_762x39_20rnd x1 (91ce2420) from the trader "Weapons (Denis [#STR_EXPANSION_MARKET_TRADER_WEAPONS])" in market zone "Trader Zone" (pos=<6675.160645, 104.603935, 6114.155762>) for a price of 32.
15:24:05.648 [Market] Player "mormonrice" (id=SWrhd9ziwAZonrmk5cFvI9UDhCjNa3qYrpi7hYisi14=) has sold cz61 x1 (acac2860, Mag_CZ61_20Rnd<9f50e9f0>, ammo_380 x1) at the trader "Weapons (Denis [#STR_EXPANSION_MARKET_TRADER_WEAPONS])" in market zone "Trader Zone" (pos=<6675.160645, 104.603935, 6114.155762>) and got 469.
15:24:05.898 [ATM] Player "InsaneDragon" (id=x4LagE1tkWZT3bjC-XP6rLWv8DeK3_mU6p_YbkyonaU=) has withdrawn 1000 from his ATM account.
15:24:07.109 [Market] Player "mormonrice" (id=SWrhd9ziwAZonrmk5cFvI9UDhCjNa3qYrpi7hYisi14=) has sold cz61 x1 (acac4280, Mag_CZ61_20Rnd<9ea92470>, ammo_380 x4) at the trader "Weapons (Denis [#STR_EXPANSION_MARKET_TRADER_WEAPONS])" in market zone "Trader Zone" (pos=<6675.160645, 104.603935, 6114.155762>) and got 434.
15:24:09.464 [Market] Player "mormonrice" (id=SWrhd9ziwAZonrmk5cFvI9UDhCjNa3qYrpi7hYisi14=) has sold aks74u x1 (acac0e40, AK_FoldingBttstck<9ea93b90>, Mag_AK74_30Rnd<9ea67a40>, ammo_545x39 x2) at the trader "Weapons (Denis [#STR_EXPANSION_MARKET_TRADER_WEAPONS])" in market zone "Trader Zone" (pos=<6675.160645, 104.603935, 6114.155762>) and got 914.
15:24:12.914 [Market] Player "mormonrice" (id=SWrhd9ziwAZonrmk5cFvI9UDhCjNa3qYrpi7hYisi14=) has sold izh18shotgun x1 (acac4f90) at the trader "Weapons (Denis [#STR_EXPANSION_MARKET_TRADER_WEAPONS])" in market zone "Trader Zone" (pos=<6675.160645, 104.603935, 6114.155762>) and got 131.
15:24:13.945 [Market] Player "mormonrice" (id=SWrhd9ziwAZonrmk5cFvI9UDhCjNa3qYrpi7hYisi14=) has sold mp133shotgun x1 (acac69b0) at the trader "Weapons (Denis [#STR_EXPANSION_MARKET_TRADER_WEAPONS])" in market zone "Trader Zone" (pos=<6675.160645, 104.603935, 6114.155762>) and got 281.
15:24:17.062 [Market] Player "mormonrice" (id=SWrhd9ziwAZonrmk5cFvI9UDhCjNa3qYrpi7hYisi14=) has sold sks x1 (acac76c0) at the trader "Weapons (Denis [#STR_EXPANSION_MARKET_TRADER_WEAPONS])" in market zone "Trader Zone" (pos=<6675.160645, 104.603935, 6114.155762>) and got 253.
15:24:21.804 [Market] Player "mormonrice" (id=SWrhd9ziwAZonrmk5cFvI9UDhCjNa3qYrpi7hYisi14=) has sold cz75 x1 (acac1b50, Mag_CZ75_15Rnd<9b32f600>, ammo_9x19 x9, PistolSuppressor<9f5f7460>) at the trader "Weapons (Denis [#STR_EXPANSION_MARKET_TRADER_WEAPONS])" in market zone "Trader Zone" (pos=<6675.160645, 104.603935, 6114.155762>) and got 125.
15:24:23.003 [Market] Player "mormonrice" (id=SWrhd9ziwAZonrmk5cFvI9UDhCjNa3qYrpi7hYisi14=) has sold cz75 x1 (acacab00) at the trader "Weapons (Denis [#STR_EXPANSION_MARKET_TRADER_WEAPONS])" in market zone "Trader Zone" (pos=<6675.160645, 104.603935, 6114.155762>) and got 101.
15:24:23.953 [Market] Player "mormonrice" (id=SWrhd9ziwAZonrmk5cFvI9UDhCjNa3qYrpi7hYisi14=) has sold glock19 x1 (acac83d0, Mag_Glock_15Rnd<a0d91890>, ammo_9x19 x10) at the trader "Weapons (Denis [#STR_EXPANSION_MARKET_TRADER_WEAPONS])" in market zone "Trader Zone" (pos=<6675.160645, 104.603935, 6114.155762>) and got 265.
15:24:26.847 [Market] Player "Stephanie" (id=OShFqHovj5cC7Mjc5nmU2hT0J6y8CT78KFmoQoNUQoc=) has bought charcoaltablets x1 (9d305610) from the trader "Medicals (Mirek [#STR_EXPANSION_MARKET_TRADER_MEDICALS])" in market zone "Trader Zone" (pos=<6675.160645, 104.603935, 6114.155762>) for a price of 2.
15:24:28.996 [Market] Player "Stephanie" (id=OShFqHovj5cC7Mjc5nmU2hT0J6y8CT78KFmoQoNUQoc=) has bought charcoaltablets x1 (9ef24820) from the trader "Medicals (Mirek [#STR_EXPANSION_MARKET_TRADER_MEDICALS])" in market zone "Trader Zone" (pos=<6675.160645, 104.603935, 6114.155762>) for a price of 2.
15:24:32.074 [Market] Player "mormonrice" (id=SWrhd9ziwAZonrmk5cFvI9UDhCjNa3qYrpi7hYisi14=) has sold crudemachete x1 (911da630) at the trader "Weapons (Denis [#STR_EXPANSION_MARKET_TRADER_WEAPONS])" in market zone "Trader Zone" (pos=<6675.160645, 104.603935, 6114.155762>) and got 6.
15:24:32.593 [Market] Player "InsaneDragon" (id=x4LagE1tkWZT3bjC-XP6rLWv8DeK3_mU6p_YbkyonaU=) has bought charcoaltablets x1 (9ef2d8e0) from the trader "Medicals (Mirek [#STR_EXPANSION_MARKET_TRADER_MEDICALS])" in market zone "Trader Zone" (pos=<6675.160645, 104.603935, 6114.155762>) for a price of 2.
15:24:33.011 [Market] Player "mormonrice" (id=SWrhd9ziwAZonrmk5cFvI9UDhCjNa3qYrpi7hYisi14=) has sold kukriknife x1 (a09ad790) at the trader "Weapons (Denis [#STR_EXPANSION_MARKET_TRADER_WEAPONS])" in market zone "Trader Zone" (pos=<6675.160645, 104.603935, 6114.155762>) and got 3.
15:24:33.765 [Market] Player "InsaneDragon" (id=x4LagE1tkWZT3bjC-XP6rLWv8DeK3_mU6p_YbkyonaU=) has bought charcoaltablets x1 (9eb8a950) from the trader "Medicals (Mirek [#STR_EXPANSION_MARKET_TRADER_MEDICALS])" in market zone "Trader Zone" (pos=<6675.160645, 104.603935, 6114.155762>) for a price of 2.
15:24:35.441 [Market] Player "InsaneDragon" (id=x4LagE1tkWZT3bjC-XP6rLWv8DeK3_mU6p_YbkyonaU=) has bought charcoaltablets x1 (9eb8d990) from the trader "Medicals (Mirek [#STR_EXPANSION_MARKET_TRADER_MEDICALS])" in market zone "Trader Zone" (pos=<6675.160645, 104.603935, 6114.155762>) for a price of 2.
15:24:35.992 [Market] Player "mormonrice" (id=SWrhd9ziwAZonrmk5cFvI9UDhCjNa3qYrpi7hYisi14=) has sold augshort x1 (acac3570) at the trader "Weapons (Denis [#STR_EXPANSION_MARKET_TRADER_WEAPONS])" in market zone "Trader Zone" (pos=<6675.160645, 104.603935, 6114.155762>) and got 843.
15:24:39.648 [Market] Player "mormonrice" (id=SWrhd9ziwAZonrmk5cFvI9UDhCjNa3qYrpi7hYisi14=) has sold ammobox_762x39_20rnd x1 (9ea73340) at the trader "Weapons (Denis [#STR_EXPANSION_MARKET_TRADER_WEAPONS])" in market zone "Trader Zone" (pos=<6675.160645, 104.603935, 6114.155762>) and got 6.
15:24:42.972 [Market] Player "mormonrice" (id=SWrhd9ziwAZonrmk5cFvI9UDhCjNa3qYrpi7hYisi14=) has sold ammo_45acp x1 (9e8daeb0) at the trader "Weapons (Denis [#STR_EXPANSION_MARKET_TRADER_WEAPONS])" in market zone "Trader Zone" (pos=<6675.160645, 104.603935, 6114.155762>) and got 0.
15:24:43.519 [Market] Player "mormonrice" (id=SWrhd9ziwAZonrmk5cFvI9UDhCjNa3qYrpi7hYisi14=) has sold ammo_45acp x1 (9e8daeb0) at the trader "Weapons (Denis [#STR_EXPANSION_MARKET_TRADER_WEAPONS])" in market zone "Trader Zone" (pos=<6675.160645, 104.603935, 6114.155762>) and got 0.
15:24:43.773 [Market] Player "mormonrice" (id=SWrhd9ziwAZonrmk5cFvI9UDhCjNa3qYrpi7hYisi14=) has sold ammo_45acp x1 (9e8daeb0) at the trader "Weapons (Denis [#STR_EXPANSION_MARKET_TRADER_WEAPONS])" in market zone "Trader Zone" (pos=<6675.160645, 104.603935, 6114.155762>) and got 0.
15:24:43.964 [Market] Player "mormonrice" (id=SWrhd9ziwAZonrmk5cFvI9UDhCjNa3qYrpi7hYisi14=) has sold ammo_45acp x1 (9e8daeb0) at the trader "Weapons (Denis [#STR_EXPANSION_MARKET_TRADER_WEAPONS])" in market zone "Trader Zone" (pos=<6675.160645, 104.603935, 6114.155762>) and got 0.
15:24:44.164 [Market] Player "mormonrice" (id=SWrhd9ziwAZonrmk5cFvI9UDhCjNa3qYrpi7hYisi14=) has sold ammo_45acp x1 (9e8daeb0) at the trader "Weapons (Denis [#STR_EXPANSION_MARKET_TRADER_WEAPONS])" in market zone "Trader Zone" (pos=<6675.160645, 104.603935, 6114.155762>) and got 0.
15:24:44.386 [Market] Player "mormonrice" (id=SWrhd9ziwAZonrmk5cFvI9UDhCjNa3qYrpi7hYisi14=) has sold ammo_45acp x1 (9e8daeb0) at the trader "Weapons (Denis [#STR_EXPANSION_MARKET_TRADER_WEAPONS])" in market zone "Trader Zone" (pos=<6675.160645, 104.603935, 6114.155762>) and got 0.
15:24:44.531 [Market] Player "mormonrice" (id=SWrhd9ziwAZonrmk5cFvI9UDhCjNa3qYrpi7hYisi14=) has sold ammo_45acp x1 (9e8daeb0) at the trader "Weapons (Denis [#STR_EXPANSION_MARKET_TRADER_WEAPONS])" in market zone "Trader Zone" (pos=<6675.160645, 104.603935, 6114.155762>) and got 0.
15:24:44.734 [Market] Player "mormonrice" (id=SWrhd9ziwAZonrmk5cFvI9UDhCjNa3qYrpi7hYisi14=) has sold ammo_45acp x1 (9e8daeb0) at the trader "Weapons (Denis [#STR_EXPANSION_MARKET_TRADER_WEAPONS])" in market zone "Trader Zone" (pos=<6675.160645, 104.603935, 6114.155762>) and got 0.
15:24:44.964 [Market] Player "mormonrice" (id=SWrhd9ziwAZonrmk5cFvI9UDhCjNa3qYrpi7hYisi14=) has sold ammo_45acp x1 (9e8daeb0) at the trader "Weapons (Denis [#STR_EXPANSION_MARKET_TRADER_WEAPONS])" in market zone "Trader Zone" (pos=<6675.160645, 104.603935, 6114.155762>) and got 0.
15:25:00.789 [Market] Player "mormonrice" (id=SWrhd9ziwAZonrmk5cFvI9UDhCjNa3qYrpi7hYisi14=) has sold puscopeoptic x1 (8b21e1f0) at the trader "Attachments (Jose [#STR_EXPANSION_MARKET_TRADER_ATTACHMENTS])" in market zone "Trader Zone" (pos=<6675.160645, 104.603935, 6114.155762>) and got 506.
15:25:04.296 [Market] Player "mormonrice" (id=SWrhd9ziwAZonrmk5cFvI9UDhCjNa3qYrpi7hYisi14=) has sold mp5_compensator x1 (9ee11b50) at the trader "Attachments (Jose [#STR_EXPANSION_MARKET_TRADER_ATTACHMENTS])" in market zone "Trader Zone" (pos=<6675.160645, 104.603935, 6114.155762>) and got 37.
15:25:09.171 [Market] Player "mormonrice" (id=SWrhd9ziwAZonrmk5cFvI9UDhCjNa3qYrpi7hYisi14=) has sold mag_glock_15rnd x1 (91a81740, ammo_9x19 x1) at the trader "Attachments (Jose [#STR_EXPANSION_MARKET_TRADER_ATTACHMENTS])" in market zone "Trader Zone" (pos=<6675.160645, 104.603935, 6114.155762>) and got 8.
15:25:10.031 [Market] Player "mormonrice" (id=SWrhd9ziwAZonrmk5cFvI9UDhCjNa3qYrpi7hYisi14=) has sold mag_glock_15rnd x1 (91a80bb0, ammo_9x19 x13) at the trader "Attachments (Jose [#STR_EXPANSION_MARKET_TRADER_ATTACHMENTS])" in market zone "Trader Zone" (pos=<6675.160645, 104.603935, 6114.155762>) and got 20.
15:25:11.011 [Market] Player "mormonrice" (id=SWrhd9ziwAZonrmk5cFvI9UDhCjNa3qYrpi7hYisi14=) has sold mag_mp5_15rnd x1 (9393c650, ammo_9x19 x7) at the trader "Attachments (Jose [#STR_EXPANSION_MARKET_TRADER_ATTACHMENTS])" in market zone "Trader Zone" (pos=<6675.160645, 104.603935, 6114.155762>) and got 63.
15:25:12.296 [Market] Player "mormonrice" (id=SWrhd9ziwAZonrmk5cFvI9UDhCjNa3qYrpi7hYisi14=) has sold mag_ruger1022_15rnd x1 (9ea85450, ammo_22 x14) at the trader "Attachments (Jose [#STR_EXPANSION_MARKET_TRADER_ATTACHMENTS])" in market zone "Trader Zone" (pos=<6675.160645, 104.603935, 6114.155762>) and got 201.
15:25:13.550 [Market] Player "mormonrice" (id=SWrhd9ziwAZonrmk5cFvI9UDhCjNa3qYrpi7hYisi14=) has sold mag_scout_5rnd x1 (946e5d50, ammo_556x45 x4) at the trader "Attachments (Jose [#STR_EXPANSION_MARKET_TRADER_ATTACHMENTS])" in market zone "Trader Zone" (pos=<6675.160645, 104.603935, 6114.155762>) and got 97.
15:25:14.660 [Market] Player "mormonrice" (id=SWrhd9ziwAZonrmk5cFvI9UDhCjNa3qYrpi7hYisi14=) has sold mag_pp19_64rnd x1 (946c0fa0, ammo_380 x7) at the trader "Attachments (Jose [#STR_EXPANSION_MARKET_TRADER_ATTACHMENTS])" in market zone "Trader Zone" (pos=<6675.160645, 104.603935, 6114.155762>) and got 63.
15:25:54.816 [ATM] Player "Stephanie" (id=OShFqHovj5cC7Mjc5nmU2hT0J6y8CT78KFmoQoNUQoc=) has deposited 135 on his ATM account.
15:26:20.054 [Market] Player "mormonrice" (id=SWrhd9ziwAZonrmk5cFvI9UDhCjNa3qYrpi7hYisi14=) has sold ukassvest_camo x1 (9f50c740) at the trader "Clothing (Naomi [#STR_EXPANSION_MARKET_TRADER_CLOTHING])" in market zone "Trader Zone" (pos=<6675.160645, 104.603935, 6114.155762>) and got 75.
15:26:22.613 [Market] Player "mormonrice" (id=SWrhd9ziwAZonrmk5cFvI9UDhCjNa3qYrpi7hYisi14=) has sold policepantsorel x1 (9b1d1470) at the trader "Clothing (Naomi [#STR_EXPANSION_MARKET_TRADER_CLOTHING])" in market zone "Trader Zone" (pos=<6675.160645, 104.603935, 6114.155762>) and got 52.
15:26:25.449 [Market] Player "mormonrice" (id=SWrhd9ziwAZonrmk5cFvI9UDhCjNa3qYrpi7hYisi14=) has sold tacticalgloves_black x1 (9e90cc80) at the trader "Clothing (Naomi [#STR_EXPANSION_MARKET_TRADER_CLOTHING])" in market zone "Trader Zone" (pos=<6675.160645, 104.603935, 6114.155762>) and got 13.
15:26:30.328 [Market] Player "mormonrice" (id=SWrhd9ziwAZonrmk5cFvI9UDhCjNa3qYrpi7hYisi14=) has sold gorkaejacket_autumn x1 (9f4eed30) at the trader "Clothing (Naomi [#STR_EXPANSION_MARKET_TRADER_CLOTHING])" in market zone "Trader Zone" (pos=<6675.160645, 104.603935, 6114.155762>) and got 52.
15:26:33.894 [Market] Player "mormonrice" (id=SWrhd9ziwAZonrmk5cFvI9UDhCjNa3qYrpi7hYisi14=) has sold athleticshoes_blue x1 (995601d0) at the trader "Clothing (Naomi [#STR_EXPANSION_MARKET_TRADER_CLOTHING])" in market zone "Trader Zone" (pos=<6675.160645, 104.603935, 6114.155762>) and got 12.
15:26:40.152 [ATM] Player "Ov3rKi11" (id=P_LVluee20-ZP_xemam3V_6hnFSPQ6Uqa7dsMv8yuYY=) has deposited 2360 on his ATM account.
15:26:52.921 [Market] Player "mormonrice" (id=SWrhd9ziwAZonrmk5cFvI9UDhCjNa3qYrpi7hYisi14=) has bought smershbag x1 (944fb0b0) from the trader "Clothing (Naomi [#STR_EXPANSION_MARKET_TRADER_CLOTHING])" in market zone "Trader Zone" (pos=<6675.160645, 104.603935, 6114.155762>) for a price of 1.
15:27:04.957 [Market] Player "mormonrice" (id=SWrhd9ziwAZonrmk5cFvI9UDhCjNa3qYrpi7hYisi14=) has bought combatboots_beige x1 (94503b70) from the trader "Clothing (Naomi [#STR_EXPANSION_MARKET_TRADER_CLOTHING])" in market zone "Trader Zone" (pos=<6675.160645, 104.603935, 6114.155762>) for a price of 80.
15:27:16.382 [Market] Player "mormonrice" (id=SWrhd9ziwAZonrmk5cFvI9UDhCjNa3qYrpi7hYisi14=) has bought m65jacket_black x1 (9ececff0) from the trader "Clothing (Naomi [#STR_EXPANSION_MARKET_TRADER_CLOTHING])" in market zone "Trader Zone" (pos=<6675.160645, 104.603935, 6114.155762>) for a price of 130.
15:27:16.492 [Party] Player "InsaneDragon" (id=x4LagE1tkWZT3bjC-XP6rLWv8DeK3_mU6p_YbkyonaU=) joinded the party "Legion Daring" (id=9 ownerUID= ownerName=)
15:27:16.492 [Party] Player "InsaneDragon" (id=x4LagE1tkWZT3bjC-XP6rLWv8DeK3_mU6p_YbkyonaU=) created a party named Legion Daring (Legio)
15:27:16.492 [Party] Player "InsaneDragon" (id=x4LagE1tkWZT3bjC-XP6rLWv8DeK3_mU6p_YbkyonaU=) invited the player "Ov3rKi11" (id=P_LVluee20-ZP_xemam3V_6hnFSPQ6Uqa7dsMv8yuYY=)to the party named Legion Daring
15:27:25.609 [Market] Player "mormonrice" (id=SWrhd9ziwAZonrmk5cFvI9UDhCjNa3qYrpi7hYisi14=) has bought omnogloves_gray x1 (91a5a6e0) from the trader "Clothing (Naomi [#STR_EXPANSION_MARKET_TRADER_CLOTHING])" in market zone "Trader Zone" (pos=<6675.160645, 104.603935, 6114.155762>) for a price of 40.
15:27:32.835 [Market] Player "mormonrice" (id=SWrhd9ziwAZonrmk5cFvI9UDhCjNa3qYrpi7hYisi14=) has bought ushanka_black x1 (8f03d480) from the trader "Clothing (Naomi [#STR_EXPANSION_MARKET_TRADER_CLOTHING])" in market zone "Trader Zone" (pos=<6675.160645, 104.603935, 6114.155762>) for a price of 50.
15:27:40.156 [Market] Player "mormonrice" (id=SWrhd9ziwAZonrmk5cFvI9UDhCjNa3qYrpi7hYisi14=) has bought platecarrierpouches x1 (a0eac9c0) from the trader "Clothing (Naomi [#STR_EXPANSION_MARKET_TRADER_CLOTHING])" in market zone "Trader Zone" (pos=<6675.160645, 104.603935, 6114.155762>) for a price of 100.
15:27:44.179 [Market] Player "mormonrice" (id=SWrhd9ziwAZonrmk5cFvI9UDhCjNa3qYrpi7hYisi14=) has bought balaclava3holes_beige x1 (a09e5d70) from the trader "Clothing (Naomi [#STR_EXPANSION_MARKET_TRADER_CLOTHING])" in market zone "Trader Zone" (pos=<6675.160645, 104.603935, 6114.155762>) for a price of 50.
15:27:45.394 [Market] Player "mormonrice" (id=SWrhd9ziwAZonrmk5cFvI9UDhCjNa3qYrpi7hYisi14=) has bought gasmask x1 (a09ad790) from the trader "Clothing (Naomi [#STR_EXPANSION_MARKET_TRADER_CLOTHING])" in market zone "Trader Zone" (pos=<6675.160645, 104.603935, 6114.155762>) for a price of 120.
15:27:46.238 [Market] Player "mormonrice" (id=SWrhd9ziwAZonrmk5cFvI9UDhCjNa3qYrpi7hYisi14=) has bought gasmask x1 (911da630) from the trader "Clothing (Naomi [#STR_EXPANSION_MARKET_TRADER_CLOTHING])" in market zone "Trader Zone" (pos=<6675.160645, 104.603935, 6114.155762>) for a price of 120.
15:27:55.519 [Market] Player "mormonrice" (id=SWrhd9ziwAZonrmk5cFvI9UDhCjNa3qYrpi7hYisi14=) has bought hunterpants_winter x1 (911d3290) from the trader "Clothing (Naomi [#STR_EXPANSION_MARKET_TRADER_CLOTHING])" in market zone "Trader Zone" (pos=<6675.160645, 104.603935, 6114.155762>) for a price of 90.
15:27:58.804 [Market] Player "mormonrice" (id=SWrhd9ziwAZonrmk5cFvI9UDhCjNa3qYrpi7hYisi14=) has bought smershvest x1 (9907f250) from the trader "Clothing (Naomi [#STR_EXPANSION_MARKET_TRADER_CLOTHING])" in market zone "Trader Zone" (pos=<6675.160645, 104.603935, 6114.155762>) for a price of 150.
15:28:12.492 [Safezone] Player "{1:name}" (id={1:id} pos={1:position}) left the safezone
15:28:13.191 [Safezone] Player "{1:name}" (id={1:id} pos={1:position}) left the safezone
15:28:13.191 [Safezone] Player "{1:name}" (id={1:id} pos={1:position}) left the safezone
15:28:47.843 [Safezone] Player "{1:name}" (id={1:id} pos={1:position}) left the safezone
15:28:52.042 [Market] Player "mormonrice" (id=SWrhd9ziwAZonrmk5cFvI9UDhCjNa3qYrpi7hYisi14=) has bought bandagedressing x1 (91cf16f0) from the trader "Medicals (Mirek [#STR_EXPANSION_MARKET_TRADER_MEDICALS])" in market zone "Trader Zone" (pos=<6675.160645, 104.603935, 6114.155762>) for a price of 3.
15:28:52.429 [Market] Player "mormonrice" (id=SWrhd9ziwAZonrmk5cFvI9UDhCjNa3qYrpi7hYisi14=) has bought bandagedressing x1 (9f157c80) from the trader "Medicals (Mirek [#STR_EXPANSION_MARKET_TRADER_MEDICALS])" in market zone "Trader Zone" (pos=<6675.160645, 104.603935, 6114.155762>) for a price of 3.
15:28:52.914 [Market] Player "mormonrice" (id=SWrhd9ziwAZonrmk5cFvI9UDhCjNa3qYrpi7hYisi14=) has bought bandagedressing x1 (944e6cf0) from the trader "Medicals (Mirek [#STR_EXPANSION_MARKET_TRADER_MEDICALS])" in market zone "Trader Zone" (pos=<6675.160645, 104.603935, 6114.155762>) for a price of 3.
15:28:53.355 [Market] Player "mormonrice" (id=SWrhd9ziwAZonrmk5cFvI9UDhCjNa3qYrpi7hYisi14=) has bought bandagedressing x1 (8f01e350) from the trader "Medicals (Mirek [#STR_EXPANSION_MARKET_TRADER_MEDICALS])" in market zone "Trader Zone" (pos=<6675.160645, 104.603935, 6114.155762>) for a price of 3.
15:28:54.136 [Market] Player "mormonrice" (id=SWrhd9ziwAZonrmk5cFvI9UDhCjNa3qYrpi7hYisi14=) has bought bandagedressing x1 (9f5f7460) from the trader "Medicals (Mirek [#STR_EXPANSION_MARKET_TRADER_MEDICALS])" in market zone "Trader Zone" (pos=<6675.160645, 104.603935, 6114.155762>) for a price of 3.
15:28:55.570 [Market] Player "mormonrice" (id=SWrhd9ziwAZonrmk5cFvI9UDhCjNa3qYrpi7hYisi14=) has bought bloodbagempty x1 (98f87e60) from the trader "Medicals (Mirek [#STR_EXPANSION_MARKET_TRADER_MEDICALS])" in market zone "Trader Zone" (pos=<6675.160645, 104.603935, 6114.155762>) for a price of 18.
15:28:56.167 [Market] Player "mormonrice" (id=SWrhd9ziwAZonrmk5cFvI9UDhCjNa3qYrpi7hYisi14=) has bought bloodbagempty x1 (d02c72a0) from the trader "Medicals (Mirek [#STR_EXPANSION_MARKET_TRADER_MEDICALS])" in market zone "Trader Zone" (pos=<6675.160645, 104.603935, 6114.155762>) for a price of 18.
15:28:58.867 [Market] Player "mormonrice" (id=SWrhd9ziwAZonrmk5cFvI9UDhCjNa3qYrpi7hYisi14=) has bought startkitiv x1 (8eb65fe0) from the trader "Medicals (Mirek [#STR_EXPANSION_MARKET_TRADER_MEDICALS])" in market zone "Trader Zone" (pos=<6675.160645, 104.603935, 6114.155762>) for a price of 10.
15:28:59.398 [Market] Player "mormonrice" (id=SWrhd9ziwAZonrmk5cFvI9UDhCjNa3qYrpi7hYisi14=) has bought startkitiv x1 (9f4f6c60) from the trader "Medicals (Mirek [#STR_EXPANSION_MARKET_TRADER_MEDICALS])" in market zone "Trader Zone" (pos=<6675.160645, 104.603935, 6114.155762>) for a price of 10.
15:29:00.988 [Market] Player "mormonrice" (id=SWrhd9ziwAZonrmk5cFvI9UDhCjNa3qYrpi7hYisi14=) has bought purificationtablets x1 (9e8c1c00) from the trader "Medicals (Mirek [#STR_EXPANSION_MARKET_TRADER_MEDICALS])" in market zone "Trader Zone" (pos=<6675.160645, 104.603935, 6114.155762>) for a price of 5.
15:29:01.593 [Market] Player "mormonrice" (id=SWrhd9ziwAZonrmk5cFvI9UDhCjNa3qYrpi7hYisi14=) has bought purificationtablets x1 (9e8c6460) from the trader "Medicals (Mirek [#STR_EXPANSION_MARKET_TRADER_MEDICALS])" in market zone "Trader Zone" (pos=<6675.160645, 104.603935, 6114.155762>) for a price of 5.
15:29:06.203 [Market] Player "mormonrice" (id=SWrhd9ziwAZonrmk5cFvI9UDhCjNa3qYrpi7hYisi14=) has bought tetracyclineantibiotics x1 (9e8ca0b0) from the trader "Medicals (Mirek [#STR_EXPANSION_MARKET_TRADER_MEDICALS])" in market zone "Trader Zone" (pos=<6675.160645, 104.603935, 6114.155762>) for a price of 8.
15:29:07.769 [Market] Player "mormonrice" (id=SWrhd9ziwAZonrmk5cFvI9UDhCjNa3qYrpi7hYisi14=) has bought vitaminbottle x1 (91be3c80) from the trader "Medicals (Mirek [#STR_EXPANSION_MARKET_TRADER_MEDICALS])" in market zone "Trader Zone" (pos=<6675.160645, 104.603935, 6114.155762>) for a price of 6.
15:29:30.273 [Market] Player "mormonrice" (id=SWrhd9ziwAZonrmk5cFvI9UDhCjNa3qYrpi7hYisi14=) has bought ammobox x1 (ceee3400) from the trader "BuildingSupplies (Boris [#STR_EXPANSION_MARKET_TRADER_BUILDING_SUPPLIES])" in market zone "Trader Zone" (pos=<6675.160645, 104.603935, 6114.155762>) for a price of 80.
15:29:39.324 [Market] Player "mormonrice" (id=SWrhd9ziwAZonrmk5cFvI9UDhCjNa3qYrpi7hYisi14=) has bought pot x1 (98b99d90) from the trader "BuildingSupplies (Boris [#STR_EXPANSION_MARKET_TRADER_BUILDING_SUPPLIES])" in market zone "Trader Zone" (pos=<6675.160645, 104.603935, 6114.155762>) for a price of 25.
15:29:49.320 [Market] Player "mormonrice" (id=SWrhd9ziwAZonrmk5cFvI9UDhCjNa3qYrpi7hYisi14=) has bought largegascanister x1 (ceedd780) from the trader "BuildingSupplies (Boris [#STR_EXPANSION_MARKET_TRADER_BUILDING_SUPPLIES])" in market zone "Trader Zone" (pos=<6675.160645, 104.603935, 6114.155762>) for a price of 200.
15:30:08.851 [Market] Player "mormonrice" (id=SWrhd9ziwAZonrmk5cFvI9UDhCjNa3qYrpi7hYisi14=) has bought whetstone x1 (ceeef890) from the trader "BuildingSupplies (Boris [#STR_EXPANSION_MARKET_TRADER_BUILDING_SUPPLIES])" in market zone "Trader Zone" (pos=<6675.160645, 104.603935, 6114.155762>) for a price of 5.
15:30:10.035 [Market] Player "mormonrice" (id=SWrhd9ziwAZonrmk5cFvI9UDhCjNa3qYrpi7hYisi14=) has bought whetstone x1 (ceeed5e0) from the trader "BuildingSupplies (Boris [#STR_EXPANSION_MARKET_TRADER_BUILDING_SUPPLIES])" in market zone "Trader Zone" (pos=<6675.160645, 104.603935, 6114.155762>) for a price of 5.
15:30:10.562 [Market] Player "mormonrice" (id=SWrhd9ziwAZonrmk5cFvI9UDhCjNa3qYrpi7hYisi14=) has bought whetstone x1 (ceef1b40) from the trader "BuildingSupplies (Boris [#STR_EXPANSION_MARKET_TRADER_BUILDING_SUPPLIES])" in market zone "Trader Zone" (pos=<6675.160645, 104.603935, 6114.155762>) for a price of 5.
15:30:36.765 [Market] Player "mormonrice" (id=SWrhd9ziwAZonrmk5cFvI9UDhCjNa3qYrpi7hYisi14=) has bought hippack_black x1 (cef10c70) from the trader "Clothing (Naomi [#STR_EXPANSION_MARKET_TRADER_CLOTHING])" in market zone "Trader Zone" (pos=<6675.160645, 104.603935, 6114.155762>) for a price of 100.
15:31:08.187 [Market] Player "mormonrice" (id=SWrhd9ziwAZonrmk5cFvI9UDhCjNa3qYrpi7hYisi14=) has bought pot x1 (943e1820) from the trader "BuildingSupplies (Boris [#STR_EXPANSION_MARKET_TRADER_BUILDING_SUPPLIES])" in market zone "Trader Zone" (pos=<6675.160645, 104.603935, 6114.155762>) for a price of 25.
15:31:36.402 [Market] Player "mormonrice" (id=SWrhd9ziwAZonrmk5cFvI9UDhCjNa3qYrpi7hYisi14=) has bought expansion_m16 x1 (acae0bb0, Mag_STANAG_30Rnd<96e2fb40>, ammo_556x45 x30) from the trader "Weapons (Denis [#STR_EXPANSION_MARKET_TRADER_WEAPONS])" in market zone "Trader Zone" (pos=<6675.160645, 104.603935, 6114.155762>) for a price of 440.
15:31:55.792 [Market] Player "mormonrice" (id=SWrhd9ziwAZonrmk5cFvI9UDhCjNa3qYrpi7hYisi14=) has bought ammobox_556x45_20rnd x25 (9e7b79f0) from the trader "Weapons (Denis [#STR_EXPANSION_MARKET_TRADER_WEAPONS])" in market zone "Trader Zone" (pos=<6675.160645, 104.603935, 6114.155762>) for a price of 800.
15:32:10.667 [Market] Player "mormonrice" (id=SWrhd9ziwAZonrmk5cFvI9UDhCjNa3qYrpi7hYisi14=) has bought m4_suppressor x1 (9399cfc0) from the trader "Attachments (Jose [#STR_EXPANSION_MARKET_TRADER_ATTACHMENTS])" in market zone "Trader Zone" (pos=<6675.160645, 104.603935, 6114.155762>) for a price of 25.
15:32:11.066 [Market] Player "mormonrice" (id=SWrhd9ziwAZonrmk5cFvI9UDhCjNa3qYrpi7hYisi14=) has bought m4_suppressor x1 (98a7d740) from the trader "Attachments (Jose [#STR_EXPANSION_MARKET_TRADER_ATTACHMENTS])" in market zone "Trader Zone" (pos=<6675.160645, 104.603935, 6114.155762>) for a price of 25.
15:32:11.519 [Market] Player "mormonrice" (id=SWrhd9ziwAZonrmk5cFvI9UDhCjNa3qYrpi7hYisi14=) has bought m4_suppressor x1 (98a45160) from the trader "Attachments (Jose [#STR_EXPANSION_MARKET_TRADER_ATTACHMENTS])" in market zone "Trader Zone" (pos=<6675.160645, 104.603935, 6114.155762>) for a price of 25.
15:32:20.292 [Market] Player "mormonrice" (id=SWrhd9ziwAZonrmk5cFvI9UDhCjNa3qYrpi7hYisi14=) has bought mag_stanag_60rnd x1 (98a63700, ammo_556x45 x60) from the trader "Attachments (Jose [#STR_EXPANSION_MARKET_TRADER_ATTACHMENTS])" in market zone "Trader Zone" (pos=<6675.160645, 104.603935, 6114.155762>) for a price of 600.
15:32:20.792 [Market] Player "mormonrice" (id=SWrhd9ziwAZonrmk5cFvI9UDhCjNa3qYrpi7hYisi14=) has bought mag_stanag_60rnd x1 (98a6c1c0, ammo_556x45 x60) from the trader "Attachments (Jose [#STR_EXPANSION_MARKET_TRADER_ATTACHMENTS])" in market zone "Trader Zone" (pos=<6675.160645, 104.603935, 6114.155762>) for a price of 600.
15:32:45.277 [Market] Player "mormonrice" (id=SWrhd9ziwAZonrmk5cFvI9UDhCjNa3qYrpi7hYisi14=) has bought battery9v x1 (a9dc2990) from the trader "Components (Cyril [#STR_EXPANSION_MARKET_TRADER_COMPONENTS])" in market zone "Trader Zone" (pos=<6675.160645, 104.603935, 6114.155762>) for a price of 10.
15:32:46.027 [Market] Player "mormonrice" (id=SWrhd9ziwAZonrmk5cFvI9UDhCjNa3qYrpi7hYisi14=) has bought battery9v x1 (a9dccb70) from the trader "Components (Cyril [#STR_EXPANSION_MARKET_TRADER_COMPONENTS])" in market zone "Trader Zone" (pos=<6675.160645, 104.603935, 6114.155762>) for a price of 10.
15:32:46.519 [Market] Player "mormonrice" (id=SWrhd9ziwAZonrmk5cFvI9UDhCjNa3qYrpi7hYisi14=) has bought battery9v x1 (a9dce290) from the trader "Components (Cyril [#STR_EXPANSION_MARKET_TRADER_COMPONENTS])" in market zone "Trader Zone" (pos=<6675.160645, 104.603935, 6114.155762>) for a price of 10.
15:32:53.089 [Market] Player "mormonrice" (id=SWrhd9ziwAZonrmk5cFvI9UDhCjNa3qYrpi7hYisi14=) has bought weaponcleaningkit x1 (a9dcee20) from the trader "Components (Cyril [#STR_EXPANSION_MARKET_TRADER_COMPONENTS])" in market zone "Trader Zone" (pos=<6675.160645, 104.603935, 6114.155762>) for a price of 8.
15:32:53.777 [Market] Player "mormonrice" (id=SWrhd9ziwAZonrmk5cFvI9UDhCjNa3qYrpi7hYisi14=) has bought weaponcleaningkit x1 (a9dcbfe0) from the trader "Components (Cyril [#STR_EXPANSION_MARKET_TRADER_COMPONENTS])" in market zone "Trader Zone" (pos=<6675.160645, 104.603935, 6114.155762>) for a price of 8.
15:32:55.656 [Market] Player "mormonrice" (id=SWrhd9ziwAZonrmk5cFvI9UDhCjNa3qYrpi7hYisi14=) has bought leathersewingkit x1 (a9dca8c0) from the trader "Components (Cyril [#STR_EXPANSION_MARKET_TRADER_COMPONENTS])" in market zone "Trader Zone" (pos=<6675.160645, 104.603935, 6114.155762>) for a price of 5.
15:32:57.910 [Market] Player "mormonrice" (id=SWrhd9ziwAZonrmk5cFvI9UDhCjNa3qYrpi7hYisi14=) has bought sewingkit x1 (a9dcf9b0) from the trader "Components (Cyril [#STR_EXPANSION_MARKET_TRADER_COMPONENTS])" in market zone "Trader Zone" (pos=<6675.160645, 104.603935, 6114.155762>) for a price of 4.
15:32:58.460 [Market] Player "mormonrice" (id=SWrhd9ziwAZonrmk5cFvI9UDhCjNa3qYrpi7hYisi14=) has bought sewingkit x1 (9f6089e0) from the trader "Components (Cyril [#STR_EXPANSION_MARKET_TRADER_COMPONENTS])" in market zone "Trader Zone" (pos=<6675.160645, 104.603935, 6114.155762>) for a price of 4.
15:33:06.746 [Market] Player "mormonrice" (id=SWrhd9ziwAZonrmk5cFvI9UDhCjNa3qYrpi7hYisi14=) has bought portablegasstove x1 (8b2272b0, MediumGasCanister<9655b7d0>) from the trader "Components (Cyril [#STR_EXPANSION_MARKET_TRADER_COMPONENTS])" in market zone "Trader Zone" (pos=<6675.160645, 104.603935, 6114.155762>) for a price of 130.
15:33:10.273 [Market] Player "mormonrice" (id=SWrhd9ziwAZonrmk5cFvI9UDhCjNa3qYrpi7hYisi14=) has bought headtorch_black x1 (9b927d00, Battery9V<9b93d7e0>) from the trader "Components (Cyril [#STR_EXPANSION_MARKET_TRADER_COMPONENTS])" in market zone "Trader Zone" (pos=<6675.160645, 104.603935, 6114.155762>) for a price of 50.
15:33:11.523 [Market] Player "mormonrice" (id=SWrhd9ziwAZonrmk5cFvI9UDhCjNa3qYrpi7hYisi14=) has bought petrollighter x1 (9626b2a0) from the trader "Components (Cyril [#STR_EXPANSION_MARKET_TRADER_COMPONENTS])" in market zone "Trader Zone" (pos=<6675.160645, 104.603935, 6114.155762>) for a price of 8.
15:33:11.996 [Market] Player "mormonrice" (id=SWrhd9ziwAZonrmk5cFvI9UDhCjNa3qYrpi7hYisi14=) has bought petrollighter x1 (939b8720) from the trader "Components (Cyril [#STR_EXPANSION_MARKET_TRADER_COMPONENTS])" in market zone "Trader Zone" (pos=<6675.160645, 104.603935, 6114.155762>) for a price of 8.
15:33:31.089 [Market] Player "mormonrice" (id=SWrhd9ziwAZonrmk5cFvI9UDhCjNa3qYrpi7hYisi14=) has bought ducttape x1 (9ecf09c0) from the trader "Components (Cyril [#STR_EXPANSION_MARKET_TRADER_COMPONENTS])" in market zone "Trader Zone" (pos=<6675.160645, 104.603935, 6114.155762>) for a price of 20.
15:33:38.578 [Market] Player "mormonrice" (id=SWrhd9ziwAZonrmk5cFvI9UDhCjNa3qYrpi7hYisi14=) has bought lockpick x1 (9ecd7510) from the trader "Components (Cyril [#STR_EXPANSION_MARKET_TRADER_COMPONENTS])" in market zone "Trader Zone" (pos=<6675.160645, 104.603935, 6114.155762>) for a price of 20.
15:35:09.476 [Market] Player "mormonrice" (id=SWrhd9ziwAZonrmk5cFvI9UDhCjNa3qYrpi7hYisi14=) has bought worm x1 (96de65a0) from the trader "Fishing (Baty [#STR_EXPANSION_MARKET_TRADER_FISHING])" in market zone "Trader Zone" (pos=<6675.160645, 104.603935, 6114.155762>) for a price of 2.
15:35:09.906 [Market] Player "mormonrice" (id=SWrhd9ziwAZonrmk5cFvI9UDhCjNa3qYrpi7hYisi14=) has bought worm x1 (96df0270) from the trader "Fishing (Baty [#STR_EXPANSION_MARKET_TRADER_FISHING])" in market zone "Trader Zone" (pos=<6675.160645, 104.603935, 6114.155762>) for a price of 2.
15:35:10.285 [Market] Player "mormonrice" (id=SWrhd9ziwAZonrmk5cFvI9UDhCjNa3qYrpi7hYisi14=) has bought worm x1 (96e181c0) from the trader "Fishing (Baty [#STR_EXPANSION_MARKET_TRADER_FISHING])" in market zone "Trader Zone" (pos=<6675.160645, 104.603935, 6114.155762>) for a price of 2.
15:35:10.796 [Market] Player "mormonrice" (id=SWrhd9ziwAZonrmk5cFvI9UDhCjNa3qYrpi7hYisi14=) has bought worm x1 (943bd520) from the trader "Fishing (Baty [#STR_EXPANSION_MARKET_TRADER_FISHING])" in market zone "Trader Zone" (pos=<6675.160645, 104.603935, 6114.155762>) for a price of 2.
15:35:11.683 [Market] Player "mormonrice" (id=SWrhd9ziwAZonrmk5cFvI9UDhCjNa3qYrpi7hYisi14=) has bought worm x1 (943cf6a0) from the trader "Fishing (Baty [#STR_EXPANSION_MARKET_TRADER_FISHING])" in market zone "Trader Zone" (pos=<6675.160645, 104.603935, 6114.155762>) for a price of 2.
15:35:13.472 [Market] Player "mormonrice" (id=SWrhd9ziwAZonrmk5cFvI9UDhCjNa3qYrpi7hYisi14=) has bought hook x1 (9b80d540) from the trader "Fishing (Baty [#STR_EXPANSION_MARKET_TRADER_FISHING])" in market zone "Trader Zone" (pos=<6675.160645, 104.603935, 6114.155762>) for a price of 7.
15:35:13.832 [Market] Player "mormonrice" (id=SWrhd9ziwAZonrmk5cFvI9UDhCjNa3qYrpi7hYisi14=) has bought hook x1 (9ece67e0) from the trader "Fishing (Baty [#STR_EXPANSION_MARKET_TRADER_FISHING])" in market zone "Trader Zone" (pos=<6675.160645, 104.603935, 6114.155762>) for a price of 7.
15:35:15.171 [Market] Player "mormonrice" (id=SWrhd9ziwAZonrmk5cFvI9UDhCjNa3qYrpi7hYisi14=) has bought hook x1 (a9ddc9d0) from the trader "Fishing (Baty [#STR_EXPANSION_MARKET_TRADER_FISHING])" in market zone "Trader Zone" (pos=<6675.160645, 104.603935, 6114.155762>) for a price of 7.
15:35:16.742 [Market] Player "mormonrice" (id=SWrhd9ziwAZonrmk5cFvI9UDhCjNa3qYrpi7hYisi14=) has bought fishingrod x1 (9925d5d0) from the trader "Fishing (Baty [#STR_EXPANSION_MARKET_TRADER_FISHING])" in market zone "Trader Zone" (pos=<6675.160645, 104.603935, 6114.155762>) for a price of 60.
15:37:33.804 [Market] Player "mormonrice" (id=SWrhd9ziwAZonrmk5cFvI9UDhCjNa3qYrpi7hYisi14=) has bought marmalade x1 (9f5c71c0) from the trader "Consumables (Linda [#STR_EXPANSION_MARKET_TRADER_CONSUMABLES])" in market zone "Trader Zone" (pos=<6675.160645, 104.603935, 6114.155762>) for a price of 13.
15:37:34.550 [Market] Player "mormonrice" (id=SWrhd9ziwAZonrmk5cFvI9UDhCjNa3qYrpi7hYisi14=) has bought marmalade x1 (9f58a0b0) from the trader "Consumables (Linda [#STR_EXPANSION_MARKET_TRADER_CONSUMABLES])" in market zone "Trader Zone" (pos=<6675.160645, 104.603935, 6114.155762>) for a price of 13.
15:39:41.375 [ATM] Player "mormonrice" (id=SWrhd9ziwAZonrmk5cFvI9UDhCjNa3qYrpi7hYisi14=) has deposited 694 on his ATM account.
15:40:19.890 [Safezone] Player "Intruder" (id=VCCXa5z0PvNuApK0J5mfYMZSHb_q9DB8VTnM5OLUKRw= pos=<6685.13, 102.58, 6082.43>) entered the safezone
15:44:41.988 [Safezone] Player "{1:name}" (id={1:id} pos={1:position}) left the safezone
16:13:48.875 [Safezone] Player "mormonrice" (id=SWrhd9ziwAZonrmk5cFvI9UDhCjNa3qYrpi7hYisi14= pos=<6665.15, 102.5, 6118.56>) entered the safezone
16:17:22.382 [Party] Player "InsaneDragon" (id=x4LagE1tkWZT3bjC-XP6rLWv8DeK3_mU6p_YbkyonaU=) left the party "Legion Daring" (id=9 ownerUID=x4LagE1tkWZT3bjC-XP6rLWv8DeK3_mU6p_YbkyonaU= ownerName=InsaneDragon)
16:19:03.976 [Party] Player "fabkobparis" (id=JiINkm_yiXggXmjzWKLDZ3qrwLEDopmYuEIYCwBunxQ=) joinded the party "Pirate" (id=10 ownerUID= ownerName=)
16:19:03.976 [Party] Player "fabkobparis" (id=JiINkm_yiXggXmjzWKLDZ3qrwLEDopmYuEIYCwBunxQ=) created a party named Pirate (ZEBI)
16:57:55.589 [Party] Player "fabkobparis" (id=JiINkm_yiXggXmjzWKLDZ3qrwLEDopmYuEIYCwBunxQ=) invited the player "LEZIENTE" (id=ps47fp3xeoA9NP4omdc75NKxQkScsxXydelOk12yuJU=)to the party named Pirate
16:58:08.605 [Party] Player "LEZIENTE" (id=ps47fp3xeoA9NP4omdc75NKxQkScsxXydelOk12yuJU=) joinded the party "Pirate" (id=10 ownerUID=JiINkm_yiXggXmjzWKLDZ3qrwLEDopmYuEIYCwBunxQ= ownerName=fabkobparis)
17:15:46.984 [Party] Player "fabkobparis" (id=JiINkm_yiXggXmjzWKLDZ3qrwLEDopmYuEIYCwBunxQ=) left the party "Pirate" (id=10 ownerUID=JiINkm_yiXggXmjzWKLDZ3qrwLEDopmYuEIYCwBunxQ= ownerName=fabkobparis)
17:24:59.953 [Party] Player "LEZIENTE" (id=ps47fp3xeoA9NP4omdc75NKxQkScsxXydelOk12yuJU=) left the party "Pirate" (id=10 ownerUID=JiINkm_yiXggXmjzWKLDZ3qrwLEDopmYuEIYCwBunxQ= ownerName=fabkobparis)
