18:06:23.956 [MissionAirdrop] An airdrop is heading towards "Huron" (pos=<5645.566895, 0.000000, 8244.150391> type=Random_Huron) with a ExpansionAirdropContainer_Basebuilding
18:43:32.446 [Killfeed] space bled out.
19:05:07.498 [Safezone] Player "space" (id=UGg48lidZt1dHmok1FLocJ5YccSNKAJS5TzpZ6TNdG4= pos=<6759.44, 103.02, 6063.2>) entered the safezone
19:08:10.957 [Market] Player "space" (id=UGg48lidZt1dHmok1FLocJ5YccSNKAJS5TzpZ6TNdG4=) has sold jumpsuitpants_blue x1 (ce480b20) at the trader "Clothing (Naomi [#STR_EXPANSION_MARKET_TRADER_CLOTHING])" in market zone "Trader Zone" (pos=<6675.160645, 104.603935, 6114.155762>) and got 21.
19:08:11.908 [Market] Player "space" (id=UGg48lidZt1dHmok1FLocJ5YccSNKAJS5TzpZ6TNdG4=) has sold cargopants_blue x1 (d23acce0) at the trader "Clothing (Naomi [#STR_EXPANSION_MARKET_TRADER_CLOTHING])" in market zone "Trader Zone" (pos=<6675.160645, 104.603935, 6114.155762>) and got 19.
19:08:14.721 [Market] Player "space" (id=UGg48lidZt1dHmok1FLocJ5YccSNKAJS5TzpZ6TNdG4=) has sold tshirt_white x1 (1d303880) at the trader "Clothing (Naomi [#STR_EXPANSION_MARKET_TRADER_CLOTHING])" in market zone "Trader Zone" (pos=<6675.160645, 104.603935, 6114.155762>) and got 4.
19:08:18.917 [Market] Player "space" (id=UGg48lidZt1dHmok1FLocJ5YccSNKAJS5TzpZ6TNdG4=) has sold militaryboots_brown x1 (c78dfd60) at the trader "Clothing (Naomi [#STR_EXPANSION_MARKET_TRADER_CLOTHING])" in market zone "Trader Zone" (pos=<6675.160645, 104.603935, 6114.155762>) and got 82.
19:08:19.824 [Market] Player "space" (id=UGg48lidZt1dHmok1FLocJ5YccSNKAJS5TzpZ6TNdG4=) has sold athleticshoes_blue x1 (1d2fe790) at the trader "Clothing (Naomi [#STR_EXPANSION_MARKET_TRADER_CLOTHING])" in market zone "Trader Zone" (pos=<6675.160645, 104.603935, 6114.155762>) and got 6.
19:12:32.849 [Market] Player "space" (id=UGg48lidZt1dHmok1FLocJ5YccSNKAJS5TzpZ6TNdG4=) has bought mimemask_female x1 (c7524f20) from the trader "Clothing (Naomi [#STR_EXPANSION_MARKET_TRADER_CLOTHING])" in market zone "Trader Zone" (pos=<6675.160645, 104.603935, 6114.155762>) for a price of 60.
19:12:33.061 [Market] Player "space" (id=UGg48lidZt1dHmok1FLocJ5YccSNKAJS5TzpZ6TNdG4=) has bought mimemask_female x1 (c7523800) from the trader "Clothing (Naomi [#STR_EXPANSION_MARKET_TRADER_CLOTHING])" in market zone "Trader Zone" (pos=<6675.160645, 104.603935, 6114.155762>) for a price of 60.
19:12:41.486 [Market] Player "space" (id=UGg48lidZt1dHmok1FLocJ5YccSNKAJS5TzpZ6TNdG4=) has bought mimemask_male x1 (c0255370) from the trader "Clothing (Naomi [#STR_EXPANSION_MARKET_TRADER_CLOTHING])" in market zone "Trader Zone" (pos=<6675.160645, 104.603935, 6114.155762>) for a price of 60.
19:14:18.627 [Market] Player "space" (id=UGg48lidZt1dHmok1FLocJ5YccSNKAJS5TzpZ6TNdG4=) has sold mimemask_female x1 (c7523800) at the trader "Clothing (Naomi [#STR_EXPANSION_MARKET_TRADER_CLOTHING])" in market zone "Trader Zone" (pos=<6675.160645, 104.603935, 6114.155762>) and got 45.
19:14:32.761 [Market] Player "space" (id=UGg48lidZt1dHmok1FLocJ5YccSNKAJS5TzpZ6TNdG4=) has sold mimemask_female x1 (c7524f20) at the trader "Clothing (Naomi [#STR_EXPANSION_MARKET_TRADER_CLOTHING])" in market zone "Trader Zone" (pos=<6675.160645, 104.603935, 6114.155762>) and got 45.
19:16:23.779 [Market] Player "space" (id=UGg48lidZt1dHmok1FLocJ5YccSNKAJS5TzpZ6TNdG4=) has bought bandagedressing x1 (bee5e9e0) from the trader "Medicals (Mirek [#STR_EXPANSION_MARKET_TRADER_MEDICALS])" in market zone "Trader Zone" (pos=<6675.160645, 104.603935, 6114.155762>) for a price of 3.
19:16:24.456 [Market] Player "space" (id=UGg48lidZt1dHmok1FLocJ5YccSNKAJS5TzpZ6TNdG4=) has bought bandagedressing x1 (c04c02a0) from the trader "Medicals (Mirek [#STR_EXPANSION_MARKET_TRADER_MEDICALS])" in market zone "Trader Zone" (pos=<6675.160645, 104.603935, 6114.155762>) for a price of 3.
19:16:25.062 [Market] Player "space" (id=UGg48lidZt1dHmok1FLocJ5YccSNKAJS5TzpZ6TNdG4=) has bought bandagedressing x1 (c04ce9e0) from the trader "Medicals (Mirek [#STR_EXPANSION_MARKET_TRADER_MEDICALS])" in market zone "Trader Zone" (pos=<6675.160645, 104.603935, 6114.155762>) for a price of 3.
19:16:25.854 [Market] Player "space" (id=UGg48lidZt1dHmok1FLocJ5YccSNKAJS5TzpZ6TNdG4=) has bought bandagedressing x1 (c04c81d0) from the trader "Medicals (Mirek [#STR_EXPANSION_MARKET_TRADER_MEDICALS])" in market zone "Trader Zone" (pos=<6675.160645, 104.603935, 6114.155762>) for a price of 3.
19:16:29.368 [Market] Player "space" (id=UGg48lidZt1dHmok1FLocJ5YccSNKAJS5TzpZ6TNdG4=) has bought vitaminbottle x1 (bc4254a0) from the trader "Medicals (Mirek [#STR_EXPANSION_MARKET_TRADER_MEDICALS])" in market zone "Trader Zone" (pos=<6675.160645, 104.603935, 6114.155762>) for a price of 6.
19:16:35.289 [Market] Player "space" (id=UGg48lidZt1dHmok1FLocJ5YccSNKAJS5TzpZ6TNdG4=) has bought tetracyclineantibiotics x1 (bc42a910) from the trader "Medicals (Mirek [#STR_EXPANSION_MARKET_TRADER_MEDICALS])" in market zone "Trader Zone" (pos=<6675.160645, 104.603935, 6114.155762>) for a price of 8.
19:16:39.904 [Market] Player "space" (id=UGg48lidZt1dHmok1FLocJ5YccSNKAJS5TzpZ6TNdG4=) has bought bloodtestkit x1 (c04ae190) from the trader "Medicals (Mirek [#STR_EXPANSION_MARKET_TRADER_MEDICALS])" in market zone "Trader Zone" (pos=<6675.160645, 104.603935, 6114.155762>) for a price of 5.
19:16:48.966 [Market] Player "space" (id=UGg48lidZt1dHmok1FLocJ5YccSNKAJS5TzpZ6TNdG4=) has bought purificationtablets x1 (d199bf20) from the trader "Medicals (Mirek [#STR_EXPANSION_MARKET_TRADER_MEDICALS])" in market zone "Trader Zone" (pos=<6675.160645, 104.603935, 6114.155762>) for a price of 5.
19:22:33.227 [Market] Player "space" (id=UGg48lidZt1dHmok1FLocJ5YccSNKAJS5TzpZ6TNdG4=) has bought ghillieatt_winter x1 (b704ca30) from the trader "Attachments (Jose [#STR_EXPANSION_MARKET_TRADER_ATTACHMENTS])" in market zone "Trader Zone" (pos=<6675.160645, 104.603935, 6114.155762>) for a price of 220.
19:24:04.910 [Market] Player "space" (id=UGg48lidZt1dHmok1FLocJ5YccSNKAJS5TzpZ6TNdG4=) has sold ammo_338lapuamagnum x1 (b40ef3c0) at the trader "Weapons (Denis [#STR_EXPANSION_MARKET_TRADER_WEAPONS])" in market zone "Trader Zone" (pos=<6675.160645, 104.603935, 6114.155762>) and got 1.
19:24:05.511 [Market] Player "space" (id=UGg48lidZt1dHmok1FLocJ5YccSNKAJS5TzpZ6TNdG4=) has sold ammo_338lapuamagnum x1 (b40ef3c0) at the trader "Weapons (Denis [#STR_EXPANSION_MARKET_TRADER_WEAPONS])" in market zone "Trader Zone" (pos=<6675.160645, 104.603935, 6114.155762>) and got 1.
19:24:05.934 [Market] Player "space" (id=UGg48lidZt1dHmok1FLocJ5YccSNKAJS5TzpZ6TNdG4=) has sold ammo_338lapuamagnum x1 (b40ef3c0) at the trader "Weapons (Denis [#STR_EXPANSION_MARKET_TRADER_WEAPONS])" in market zone "Trader Zone" (pos=<6675.160645, 104.603935, 6114.155762>) and got 1.
19:24:06.408 [Market] Player "space" (id=UGg48lidZt1dHmok1FLocJ5YccSNKAJS5TzpZ6TNdG4=) has sold ammo_338lapuamagnum x1 (b40ef3c0) at the trader "Weapons (Denis [#STR_EXPANSION_MARKET_TRADER_WEAPONS])" in market zone "Trader Zone" (pos=<6675.160645, 104.603935, 6114.155762>) and got 1.
19:24:07.103 [Market] Player "space" (id=UGg48lidZt1dHmok1FLocJ5YccSNKAJS5TzpZ6TNdG4=) has sold ammo_338lapuamagnum x1 (b40ef3c0) at the trader "Weapons (Denis [#STR_EXPANSION_MARKET_TRADER_WEAPONS])" in market zone "Trader Zone" (pos=<6675.160645, 104.603935, 6114.155762>) and got 1.
19:24:23.451 [Market] Player "space" (id=UGg48lidZt1dHmok1FLocJ5YccSNKAJS5TzpZ6TNdG4=) has sold portablegasstove x1 (d234afb0) at the trader "Components (Cyril [#STR_EXPANSION_MARKET_TRADER_COMPONENTS])" in market zone "Trader Zone" (pos=<6675.160645, 104.603935, 6114.155762>) and got 11.
19:24:25.437 [Market] Player "space" (id=UGg48lidZt1dHmok1FLocJ5YccSNKAJS5TzpZ6TNdG4=) has sold matchbox x1 (c78cff00) at the trader "Components (Cyril [#STR_EXPANSION_MARKET_TRADER_COMPONENTS])" in market zone "Trader Zone" (pos=<6675.160645, 104.603935, 6114.155762>) and got 4.
19:24:34.591 [Market] Player "space" (id=UGg48lidZt1dHmok1FLocJ5YccSNKAJS5TzpZ6TNdG4=) has bought petrollighter x1 (d07c11e0) from the trader "Components (Cyril [#STR_EXPANSION_MARKET_TRADER_COMPONENTS])" in market zone "Trader Zone" (pos=<6675.160645, 104.603935, 6114.155762>) for a price of 8.
19:25:55.244 [Safezone] Player "{1:name}" (id={1:id} pos={1:position}) left the safezone
19:26:58.261 [Safezone] Player "space" (id=UGg48lidZt1dHmok1FLocJ5YccSNKAJS5TzpZ6TNdG4= pos=<6768.48, 102.3, 6080.41>) entered the safezone
19:27:16.450 [ATM] Player "space" (id=UGg48lidZt1dHmok1FLocJ5YccSNKAJS5TzpZ6TNdG4=) has deposited 734 on his ATM account.
19:31:48.917 [ATM] Player "space" (id=UGg48lidZt1dHmok1FLocJ5YccSNKAJS5TzpZ6TNdG4=) has withdrawn 1000 from his ATM account.
19:32:35.974 [MissionAirdrop] An airdrop is heading towards "OWF Industries" (pos=<7167.299805, 0.000000, 4161.319824> type=Random_OWFIndustries) with a ExpansionAirdropContainer_Basebuilding
19:32:40.481 [Market] Player "space" (id=UGg48lidZt1dHmok1FLocJ5YccSNKAJS5TzpZ6TNdG4=) has bought jumpsuitpants_grey x1 (bec7b290) from the trader "Clothing (Naomi [#STR_EXPANSION_MARKET_TRADER_CLOTHING])" in market zone "Trader Zone" (pos=<6675.160645, 104.603935, 6114.155762>) for a price of 28.
19:33:38.138 [Market] Player "space" (id=UGg48lidZt1dHmok1FLocJ5YccSNKAJS5TzpZ6TNdG4=) has bought raincoat_green x1 (cd5ed1c0) from the trader "Clothing (Naomi [#STR_EXPANSION_MARKET_TRADER_CLOTHING])" in market zone "Trader Zone" (pos=<6675.160645, 104.603935, 6114.155762>) for a price of 100.
19:34:19.787 [Market] Player "space" (id=UGg48lidZt1dHmok1FLocJ5YccSNKAJS5TzpZ6TNdG4=) has bought militaryboots_black x1 (b9df29e0) from the trader "Clothing (Naomi [#STR_EXPANSION_MARKET_TRADER_CLOTHING])" in market zone "Trader Zone" (pos=<6675.160645, 104.603935, 6114.155762>) for a price of 110.
19:34:53.242 [ATM] Player "space" (id=UGg48lidZt1dHmok1FLocJ5YccSNKAJS5TzpZ6TNdG4=) has deposited 762 on his ATM account.
19:35:23.477 [Safezone] Player "{1:name}" (id={1:id} pos={1:position}) left the safezone
19:46:55.034 [Safezone] Player "space" (id=UGg48lidZt1dHmok1FLocJ5YccSNKAJS5TzpZ6TNdG4= pos=<6756.79, 103.17, 6062.01>) entered the safezone
19:47:33.113 [Market] Player "space" (id=UGg48lidZt1dHmok1FLocJ5YccSNKAJS5TzpZ6TNdG4=) has sold pnc_w_ax50 x1 (c70e79f0, PNC_Mag_AX50_7rnd<c78de640>, HuntingOptic<bc42fd80>) at the trader "Weapons (Denis [#STR_EXPANSION_MARKET_TRADER_WEAPONS])" in market zone "Trader Zone" (pos=<6675.160645, 104.603935, 6114.155762>) and got 5155.
19:47:36.177 [Market] Player "space" (id=UGg48lidZt1dHmok1FLocJ5YccSNKAJS5TzpZ6TNdG4=) has sold makr x1 (c70fdaa0) at the trader "Weapons (Denis [#STR_EXPANSION_MARKET_TRADER_WEAPONS])" in market zone "Trader Zone" (pos=<6675.160645, 104.603935, 6114.155762>) and got 16000.
19:48:08.979 [Market] Player "space" (id=UGg48lidZt1dHmok1FLocJ5YccSNKAJS5TzpZ6TNdG4=) has sold ghillieatt_woodland x1 (c78da0e0) at the trader "Attachments (Jose [#STR_EXPANSION_MARKET_TRADER_ATTACHMENTS])" in market zone "Trader Zone" (pos=<6675.160645, 104.603935, 6114.155762>) and got 123.
19:51:45.772 [Market] Player "space" (id=UGg48lidZt1dHmok1FLocJ5YccSNKAJS5TzpZ6TNdG4=) has bought jeans_grey x1 (d1f4b0e0) from the trader "Clothing (Naomi [#STR_EXPANSION_MARKET_TRADER_CLOTHING])" in market zone "Trader Zone" (pos=<6675.160645, 104.603935, 6114.155762>) for a price of 40.
19:56:19.316 [Market] Player "space" (id=UGg48lidZt1dHmok1FLocJ5YccSNKAJS5TzpZ6TNdG4=) has bought taloonbag_blue x1 (ba3295c0) from the trader "Clothing (Naomi [#STR_EXPANSION_MARKET_TRADER_CLOTHING])" in market zone "Trader Zone" (pos=<6675.160645, 104.603935, 6114.155762>) for a price of 50.
19:56:36.690 [Market] Player "space" (id=UGg48lidZt1dHmok1FLocJ5YccSNKAJS5TzpZ6TNdG4=) has sold jumpsuitpants_grey x1 (bec7b290) at the trader "Clothing (Naomi [#STR_EXPANSION_MARKET_TRADER_CLOTHING])" in market zone "Trader Zone" (pos=<6675.160645, 104.603935, 6114.155762>) and got 21.
19:57:17.051 [Market] Player "space" (id=UGg48lidZt1dHmok1FLocJ5YccSNKAJS5TzpZ6TNdG4=) has bought civilianbelt x1 (b7656a30) from the trader "Clothing (Naomi [#STR_EXPANSION_MARKET_TRADER_CLOTHING])" in market zone "Trader Zone" (pos=<6675.160645, 104.603935, 6114.155762>) for a price of 100.
19:57:55.448 [Market] Player "space" (id=UGg48lidZt1dHmok1FLocJ5YccSNKAJS5TzpZ6TNdG4=) has bought hikingbootslow_beige x1 (20d79ee0) from the trader "Clothing (Naomi [#STR_EXPANSION_MARKET_TRADER_CLOTHING])" in market zone "Trader Zone" (pos=<6675.160645, 104.603935, 6114.155762>) for a price of 48.
19:58:09.817 [Market] Player "space" (id=UGg48lidZt1dHmok1FLocJ5YccSNKAJS5TzpZ6TNdG4=) has sold militaryboots_black x1 (b9df29e0) at the trader "Clothing (Naomi [#STR_EXPANSION_MARKET_TRADER_CLOTHING])" in market zone "Trader Zone" (pos=<6675.160645, 104.603935, 6114.155762>) and got 82.
19:58:35.799 [Market] Player "space" (id=UGg48lidZt1dHmok1FLocJ5YccSNKAJS5TzpZ6TNdG4=) has bought nylonknifesheath x1 (c91c1a30) from the trader "Clothing (Naomi [#STR_EXPANSION_MARKET_TRADER_CLOTHING])" in market zone "Trader Zone" (pos=<6675.160645, 104.603935, 6114.155762>) for a price of 30.
19:58:59.218 [Market] Player "space" (id=UGg48lidZt1dHmok1FLocJ5YccSNKAJS5TzpZ6TNdG4=) has bought platecarrierholster_camo x1 (c09b87a0) from the trader "Clothing (Naomi [#STR_EXPANSION_MARKET_TRADER_CLOTHING])" in market zone "Trader Zone" (pos=<6675.160645, 104.603935, 6114.155762>) for a price of 80.
20:03:50.803 [Market] Player "space" (id=UGg48lidZt1dHmok1FLocJ5YccSNKAJS5TzpZ6TNdG4=) has bought baseballcap_cmmg_black x1 (b6c3d9c0) from the trader "Clothing (Naomi [#STR_EXPANSION_MARKET_TRADER_CLOTHING])" in market zone "Trader Zone" (pos=<6675.160645, 104.603935, 6114.155762>) for a price of 12.
20:05:14.828 [Market] Player "space" (id=UGg48lidZt1dHmok1FLocJ5YccSNKAJS5TzpZ6TNdG4=) has bought sportglasses_green x1 (f12b0f60) from the trader "Clothing (Naomi [#STR_EXPANSION_MARKET_TRADER_CLOTHING])" in market zone "Trader Zone" (pos=<6675.160645, 104.603935, 6114.155762>) for a price of 20.
20:05:22.322 [Market] Player "space" (id=UGg48lidZt1dHmok1FLocJ5YccSNKAJS5TzpZ6TNdG4=) has bought sportglasses_orange x1 (f12b1af0) from the trader "Clothing (Naomi [#STR_EXPANSION_MARKET_TRADER_CLOTHING])" in market zone "Trader Zone" (pos=<6675.160645, 104.603935, 6114.155762>) for a price of 17.
20:06:28.649 [Market] Player "space" (id=UGg48lidZt1dHmok1FLocJ5YccSNKAJS5TzpZ6TNdG4=) has sold sportglasses_green x1 (f12b0f60) at the trader "Clothing (Naomi [#STR_EXPANSION_MARKET_TRADER_CLOTHING])" in market zone "Trader Zone" (pos=<6675.160645, 104.603935, 6114.155762>) and got 15.
20:08:59.721 [Market] Player "space" (id=UGg48lidZt1dHmok1FLocJ5YccSNKAJS5TzpZ6TNdG4=) has bought makarovij70 x1 (d1a31d30, PistolSuppressor<d23ab5c0>, Mag_IJ70_8Rnd<d23b1dd0>, ammo_380 x12) from the trader "Weapons (Denis [#STR_EXPANSION_MARKET_TRADER_WEAPONS])" in market zone "Trader Zone" (pos=<6675.160645, 104.603935, 6114.155762>) for a price of 169.
20:14:11.432 [Market] Player "space" (id=UGg48lidZt1dHmok1FLocJ5YccSNKAJS5TzpZ6TNdG4=) has bought izh18 x1 (be6878f0) from the trader "Weapons (Denis [#STR_EXPANSION_MARKET_TRADER_WEAPONS])" in market zone "Trader Zone" (pos=<6675.160645, 104.603935, 6114.155762>) for a price of 350.
20:14:37.806 [Market] Player "space" (id=UGg48lidZt1dHmok1FLocJ5YccSNKAJS5TzpZ6TNdG4=) has bought ssg82 x1 (be6851c0, Mag_SSG82_5rnd<d378b5e0>, ammo_545x39 x5) from the trader "Weapons (Denis [#STR_EXPANSION_MARKET_TRADER_WEAPONS])" in market zone "Trader Zone" (pos=<6675.160645, 104.603935, 6114.155762>) for a price of 640.
20:16:03.433 [Market] Player "space" (id=UGg48lidZt1dHmok1FLocJ5YccSNKAJS5TzpZ6TNdG4=) has bought mag_ij70_8rnd x1 (e86be2f0, ammo_380 x12) from the trader "Attachments (Jose [#STR_EXPANSION_MARKET_TRADER_ATTACHMENTS])" in market zone "Trader Zone" (pos=<6675.160645, 104.603935, 6114.155762>) for a price of 54.
20:17:19.458 [Market] Player "space" (id=UGg48lidZt1dHmok1FLocJ5YccSNKAJS5TzpZ6TNdG4=) has bought huntingoptic x1 (d26c6f30) from the trader "Attachments (Jose [#STR_EXPANSION_MARKET_TRADER_ATTACHMENTS])" in market zone "Trader Zone" (pos=<6675.160645, 104.603935, 6114.155762>) for a price of 1000.
20:20:07.211 [Market] Player "space" (id=UGg48lidZt1dHmok1FLocJ5YccSNKAJS5TzpZ6TNdG4=) has bought headtorch_grey x1 (c545d450, Battery9V<c5462540>) from the trader "Components (Cyril [#STR_EXPANSION_MARKET_TRADER_COMPONENTS])" in market zone "Trader Zone" (pos=<6675.160645, 104.603935, 6114.155762>) for a price of 50.
20:21:16.844 [ATM] Player "space" (id=UGg48lidZt1dHmok1FLocJ5YccSNKAJS5TzpZ6TNdG4=) has deposited 18736 on his ATM account.
20:21:47.821 [Safezone] Player "{1:name}" (id={1:id} pos={1:position}) left the safezone
20:23:15.014 [Safezone] Player "space" (id=UGg48lidZt1dHmok1FLocJ5YccSNKAJS5TzpZ6TNdG4= pos=<6761.63, 102.63, 6069.59>) entered the safezone
20:25:07.121 [Safezone] Player "{1:name}" (id={1:id} pos={1:position}) left the safezone
20:25:54.618 [Safezone] Player "space" (id=UGg48lidZt1dHmok1FLocJ5YccSNKAJS5TzpZ6TNdG4= pos=<6637.3, 131.05, 6024.82>) entered the safezone
20:26:21.442 [Market] Player "space" (id=UGg48lidZt1dHmok1FLocJ5YccSNKAJS5TzpZ6TNdG4=) has sold ssg82 x1 (be6851c0, Mag_SSG82_5rnd<d378b5e0>) at the trader "Weapons (Denis [#STR_EXPANSION_MARKET_TRADER_WEAPONS])" in market zone "Trader Zone" (pos=<6675.160645, 104.603935, 6114.155762>) and got 472.
20:27:08.052 [Market] Player "space" (id=UGg48lidZt1dHmok1FLocJ5YccSNKAJS5TzpZ6TNdG4=) has bought fangeknife x1 (c7a7aa50) from the trader "Weapons (Denis [#STR_EXPANSION_MARKET_TRADER_WEAPONS])" in market zone "Trader Zone" (pos=<6675.160645, 104.603935, 6114.155762>) for a price of 10.
20:27:16.033 [Market] Player "space" (id=UGg48lidZt1dHmok1FLocJ5YccSNKAJS5TzpZ6TNdG4=) has bought ammobox_380_35rnd x1 (c7a79ec0) from the trader "Weapons (Denis [#STR_EXPANSION_MARKET_TRADER_WEAPONS])" in market zone "Trader Zone" (pos=<6675.160645, 104.603935, 6114.155762>) for a price of 56.
20:27:24.404 [Market] Player "space" (id=UGg48lidZt1dHmok1FLocJ5YccSNKAJS5TzpZ6TNdG4=) has bought ammobox_762x39_20rnd x1 (c7a74dd0) from the trader "Weapons (Denis [#STR_EXPANSION_MARKET_TRADER_WEAPONS])" in market zone "Trader Zone" (pos=<6675.160645, 104.603935, 6114.155762>) for a price of 32.
20:30:27.084 [ATM] Player "space" (id=UGg48lidZt1dHmok1FLocJ5YccSNKAJS5TzpZ6TNdG4=) has deposited 374 on his ATM account.
20:39:52.771 [Party] Player "Mard" (id=OAEsqfVu9Ya3qx3X2Q_PgbpxSoSDXOIUHhH8VWVuumk=) joinded the party "Viper Ethereal" (id=33 ownerUID=zazFLAJ4lPF6TvVQMMREjst1jC8o_Id9oh_TjGBwaP8= ownerName=ElBizzy)
20:57:36.022 [MissionAirdrop] An airdrop is heading towards "Huron" (pos=<5645.566895, 0.000000, 8244.150391> type=Random_Huron) with a ExpansionAirdropContainer_Basebuilding
