22:01:45.535 [Safezone] Player "DUSTY PINKY" (id=s8r0CBUvA4m0dDsoAZ-_G4y6F5w2f9qLRLI59dyQZnI= pos=<6666.33, 102.5, 6109.1>) entered the safezone
22:03:48.498 [Party] Player "Mard" (id=OAEsqfVu9Ya3qx3X2Q_PgbpxSoSDXOIUHhH8VWVuumk=) joinded the party "Viper Ethereal" (id=33 ownerUID=zazFLAJ4lPF6TvVQMMREjst1jC8o_Id9oh_TjGBwaP8= ownerName=ElBizzy)
22:06:21.145 [MissionAirdrop] An airdrop is heading towards "Cayuga" (pos=<9227.352539, 0.000000, 3293.108398> type=Random_Cayuga) with a ExpansionAirdropContainer_Military
22:09:06.793 [Safezone] Player "Mard" (id=OAEsqfVu9Ya3qx3X2Q_PgbpxSoSDXOIUHhH8VWVuumk= pos=<6752.72, 104.44, 6054.58>) entered the safezone
22:13:30.362 [Market] Player "Mard" (id=OAEsqfVu9Ya3qx3X2Q_PgbpxSoSDXOIUHhH8VWVuumk=) has sold repeater x1 (c4bca170) at the trader "Weapons (Denis [#STR_EXPANSION_MARKET_TRADER_WEAPONS])" in market zone "Trader Zone" (pos=<6675.160645, 104.603935, 6114.155762>) and got 262.
22:14:38.607 [ATM] Player "Mard" (id=OAEsqfVu9Ya3qx3X2Q_PgbpxSoSDXOIUHhH8VWVuumk=) has withdrawn 5000 from his ATM account.
22:15:44.385 [Market] Player "Mard" (id=OAEsqfVu9Ya3qx3X2Q_PgbpxSoSDXOIUHhH8VWVuumk=) has bought woodenplank x1 (29a4f0e0) from the trader "BuildingSupplies (Boris [#STR_EXPANSION_MARKET_TRADER_BUILDING_SUPPLIES])" in market zone "Trader Zone" (pos=<6675.160645, 104.603935, 6114.155762>) for a price of 50.
22:15:45.034 [Market] Player "Mard" (id=OAEsqfVu9Ya3qx3X2Q_PgbpxSoSDXOIUHhH8VWVuumk=) has bought woodenplank x1 (29a4b710) from the trader "BuildingSupplies (Boris [#STR_EXPANSION_MARKET_TRADER_BUILDING_SUPPLIES])" in market zone "Trader Zone" (pos=<6675.160645, 104.603935, 6114.155762>) for a price of 50.
22:15:45.212 [Market] Player "Mard" (id=OAEsqfVu9Ya3qx3X2Q_PgbpxSoSDXOIUHhH8VWVuumk=) has bought woodenplank x1 (29a4c2a0) from the trader "BuildingSupplies (Boris [#STR_EXPANSION_MARKET_TRADER_BUILDING_SUPPLIES])" in market zone "Trader Zone" (pos=<6675.160645, 104.603935, 6114.155762>) for a price of 50.
22:15:45.385 [Market] Player "Mard" (id=OAEsqfVu9Ya3qx3X2Q_PgbpxSoSDXOIUHhH8VWVuumk=) has bought woodenplank x1 (29a488d0) from the trader "BuildingSupplies (Boris [#STR_EXPANSION_MARKET_TRADER_BUILDING_SUPPLIES])" in market zone "Trader Zone" (pos=<6675.160645, 104.603935, 6114.155762>) for a price of 50.
22:15:45.511 [Market] Player "Mard" (id=OAEsqfVu9Ya3qx3X2Q_PgbpxSoSDXOIUHhH8VWVuumk=) has bought woodenplank x1 (29a4fc70) from the trader "BuildingSupplies (Boris [#STR_EXPANSION_MARKET_TRADER_BUILDING_SUPPLIES])" in market zone "Trader Zone" (pos=<6675.160645, 104.603935, 6114.155762>) for a price of 50.
22:15:45.674 [Market] Player "Mard" (id=OAEsqfVu9Ya3qx3X2Q_PgbpxSoSDXOIUHhH8VWVuumk=) has bought woodenplank x1 (29a47d40) from the trader "BuildingSupplies (Boris [#STR_EXPANSION_MARKET_TRADER_BUILDING_SUPPLIES])" in market zone "Trader Zone" (pos=<6675.160645, 104.603935, 6114.155762>) for a price of 50.
22:15:45.833 [Market] Player "Mard" (id=OAEsqfVu9Ya3qx3X2Q_PgbpxSoSDXOIUHhH8VWVuumk=) has bought woodenplank x1 (29a49ff0) from the trader "BuildingSupplies (Boris [#STR_EXPANSION_MARKET_TRADER_BUILDING_SUPPLIES])" in market zone "Trader Zone" (pos=<6675.160645, 104.603935, 6114.155762>) for a price of 50.
22:15:46.005 [Market] Player "Mard" (id=OAEsqfVu9Ya3qx3X2Q_PgbpxSoSDXOIUHhH8VWVuumk=) has bought woodenplank x1 (29a53640) from the trader "BuildingSupplies (Boris [#STR_EXPANSION_MARKET_TRADER_BUILDING_SUPPLIES])" in market zone "Trader Zone" (pos=<6675.160645, 104.603935, 6114.155762>) for a price of 50.
22:15:46.248 [Market] Player "Mard" (id=OAEsqfVu9Ya3qx3X2Q_PgbpxSoSDXOIUHhH8VWVuumk=) has bought woodenplank x1 (29a50800) from the trader "BuildingSupplies (Boris [#STR_EXPANSION_MARKET_TRADER_BUILDING_SUPPLIES])" in market zone "Trader Zone" (pos=<6675.160645, 104.603935, 6114.155762>) for a price of 50.
22:15:46.413 [Market] Player "Mard" (id=OAEsqfVu9Ya3qx3X2Q_PgbpxSoSDXOIUHhH8VWVuumk=) has bought woodenplank x1 (29a49460) from the trader "BuildingSupplies (Boris [#STR_EXPANSION_MARKET_TRADER_BUILDING_SUPPLIES])" in market zone "Trader Zone" (pos=<6675.160645, 104.603935, 6114.155762>) for a price of 50.
22:15:46.724 [Market] Player "Mard" (id=OAEsqfVu9Ya3qx3X2Q_PgbpxSoSDXOIUHhH8VWVuumk=) has bought woodenplank x1 (29a51390) from the trader "BuildingSupplies (Boris [#STR_EXPANSION_MARKET_TRADER_BUILDING_SUPPLIES])" in market zone "Trader Zone" (pos=<6675.160645, 104.603935, 6114.155762>) for a price of 50.
22:15:46.889 [Market] Player "Mard" (id=OAEsqfVu9Ya3qx3X2Q_PgbpxSoSDXOIUHhH8VWVuumk=) has bought woodenplank x1 (29a52ab0) from the trader "BuildingSupplies (Boris [#STR_EXPANSION_MARKET_TRADER_BUILDING_SUPPLIES])" in market zone "Trader Zone" (pos=<6675.160645, 104.603935, 6114.155762>) for a price of 50.
22:15:47.052 [Market] Player "Mard" (id=OAEsqfVu9Ya3qx3X2Q_PgbpxSoSDXOIUHhH8VWVuumk=) has bought woodenplank x1 (29a4ce30) from the trader "BuildingSupplies (Boris [#STR_EXPANSION_MARKET_TRADER_BUILDING_SUPPLIES])" in market zone "Trader Zone" (pos=<6675.160645, 104.603935, 6114.155762>) for a price of 50.
22:15:54.261 [Market] Player "Mard" (id=OAEsqfVu9Ya3qx3X2Q_PgbpxSoSDXOIUHhH8VWVuumk=) has bought woodenplank x30 (29a69120) from the trader "BuildingSupplies (Boris [#STR_EXPANSION_MARKET_TRADER_BUILDING_SUPPLIES])" in market zone "Trader Zone" (pos=<6675.160645, 104.603935, 6114.155762>) for a price of 1500.
22:16:49.647 [Market] Player "Mard" (id=OAEsqfVu9Ya3qx3X2Q_PgbpxSoSDXOIUHhH8VWVuumk=) has bought woodenplank x7 (29a4ce30) from the trader "BuildingSupplies (Boris [#STR_EXPANSION_MARKET_TRADER_BUILDING_SUPPLIES])" in market zone "Trader Zone" (pos=<6675.160645, 104.603935, 6114.155762>) for a price of 350.
22:18:32.572 [Market] Player "Mard" (id=OAEsqfVu9Ya3qx3X2Q_PgbpxSoSDXOIUHhH8VWVuumk=) has bought handsaw x1 (1b3e3fd0) from the trader "BuildingSupplies (Boris [#STR_EXPANSION_MARKET_TRADER_BUILDING_SUPPLIES])" in market zone "Trader Zone" (pos=<6675.160645, 104.603935, 6114.155762>) for a price of 7.
22:18:36.807 [Market] Player "Mard" (id=OAEsqfVu9Ya3qx3X2Q_PgbpxSoSDXOIUHhH8VWVuumk=) has bought hacksaw x1 (1b3f8390) from the trader "BuildingSupplies (Boris [#STR_EXPANSION_MARKET_TRADER_BUILDING_SUPPLIES])" in market zone "Trader Zone" (pos=<6675.160645, 104.603935, 6114.155762>) for a price of 7.
22:18:46.730 [Market] Player "Mard" (id=OAEsqfVu9Ya3qx3X2Q_PgbpxSoSDXOIUHhH8VWVuumk=) has bought hammer x1 (5d6010) from the trader "BuildingSupplies (Boris [#STR_EXPANSION_MARKET_TRADER_BUILDING_SUPPLIES])" in market zone "Trader Zone" (pos=<6675.160645, 104.603935, 6114.155762>) for a price of 7.
22:18:50.077 [Market] Player "Mard" (id=OAEsqfVu9Ya3qx3X2Q_PgbpxSoSDXOIUHhH8VWVuumk=) has bought fryingpan x1 (c6a07d40) from the trader "BuildingSupplies (Boris [#STR_EXPANSION_MARKET_TRADER_BUILDING_SUPPLIES])" in market zone "Trader Zone" (pos=<6675.160645, 104.603935, 6114.155762>) for a price of 5.
22:20:57.942 [Market] Player "Mard" (id=OAEsqfVu9Ya3qx3X2Q_PgbpxSoSDXOIUHhH8VWVuumk=) has bought woodenplank x10 (5c61b0) from the trader "BuildingSupplies (Boris [#STR_EXPANSION_MARKET_TRADER_BUILDING_SUPPLIES])" in market zone "Trader Zone" (pos=<6675.160645, 104.603935, 6114.155762>) for a price of 500.
22:21:09.692 [Market] Player "Mard" (id=OAEsqfVu9Ya3qx3X2Q_PgbpxSoSDXOIUHhH8VWVuumk=) has bought expansionlumber3 x20 (229f33e0) from the trader "BuildingSupplies (Boris [#STR_EXPANSION_MARKET_TRADER_BUILDING_SUPPLIES])" in market zone "Trader Zone" (pos=<6675.160645, 104.603935, 6114.155762>) for a price of 1000.
22:22:14.526 [Safezone] Player "{1:name}" (id={1:id} pos={1:position}) left the safezone
22:23:09.752 [Party] Player "Trippdaddy" (id=tFNVR4lJXlK7ys1rjXeU2WO2Frslyl9y8mq3pLuXeXg=) joinded the party "ttt" (id=53 ownerUID=tFNVR4lJXlK7ys1rjXeU2WO2Frslyl9y8mq3pLuXeXg= ownerName=Trippdaddy)
22:25:09.743 [Party] Player "babyalfredo" (id=amexATdYpRnRgir1Oa5WyemQasKtdzgXxA3GmwOS2P8=) joinded the party "ttt" (id=53 ownerUID=tFNVR4lJXlK7ys1rjXeU2WO2Frslyl9y8mq3pLuXeXg= ownerName=Trippdaddy)
22:25:36.003 [VehicleDeleted] Old_Bike_Blue (id=A4A220D5EE420DE0C4AB67A5796B0772 pos=<2774.09, 153.29, 6891.13>)
22:26:10.327 [Party] Player "Trippdaddy" (id=tFNVR4lJXlK7ys1rjXeU2WO2Frslyl9y8mq3pLuXeXg=) left the party "ttt" (id=53 ownerUID=tFNVR4lJXlK7ys1rjXeU2WO2Frslyl9y8mq3pLuXeXg= ownerName=Trippdaddy)
22:28:17.040 [VehicleDeleted] Old_Bike_Blue (id=F7F89422474593B9D8C3C9835AB4BFA4 pos=<2778.93, 153.29, 6891.78>)
22:31:29.475 [VehicleDeleted] Old_Bike_Blue (id=541AAC7B854670DBAF8064A3B8012328 pos=<2779.23, 149.56, 6896.45>)
22:31:50.710 [VehicleEnter] Player "babyalfredo" (id=amexATdYpRnRgir1Oa5WyemQasKtdzgXxA3GmwOS2P8=) entered vehicle Bicycle (id=4275535ED04646B4838B0C83779ACF00 pos=<2773.45, 149.56, 6890.42>) as driver
22:34:48.117 [VehicleLeave] Player "babyalfredo" (id=amexATdYpRnRgir1Oa5WyemQasKtdzgXxA3GmwOS2P8=) left vehicle Bicycle (id=4275535ED04646B4838B0C83779ACF00 pos=<2826.36, 149.48, 6891.71>)
22:35:33.692 [VehicleEnter] Player "babyalfredo" (id=amexATdYpRnRgir1Oa5WyemQasKtdzgXxA3GmwOS2P8=) entered vehicle Bicycle (id=4275535ED04646B4838B0C83779ACF00 pos=<2826.36, 149.48, 6891.71>) as driver
22:36:14.371 [VehicleLeave] Player "babyalfredo" (id=amexATdYpRnRgir1Oa5WyemQasKtdzgXxA3GmwOS2P8=) left vehicle Bicycle (id=4275535ED04646B4838B0C83779ACF00 pos=<2658.12, 149.49, 6997.51>)
22:36:21.534 [VehicleDeleted] Old_Bike_Blue (id=4275535ED04646B4838B0C83779ACF00 pos=<2658.12, 149.48, 6997.51>)
22:38:01.439 [VehicleDeleted] Old_Bike_Blue (id=D3CBE6D16C41CB71BFEC5A9A00CA28D7 pos=<2666.68, 154.77, 7005.67>)
22:38:12.803 [VehicleDeleted] Old_Bike_Blue (id=375B519D804DBA88083326B8BF79CCAE pos=<2664.8, 154.77, 7008.11>)
22:38:26.835 [VehicleDeleted] Old_Bike_Blue (id=BD682BCE044917C616C028ADE1CC0FEA pos=<2664.1, 154.77, 7009.42>)
22:38:34.004 [VehicleEnter] Player "babyalfredo" (id=amexATdYpRnRgir1Oa5WyemQasKtdzgXxA3GmwOS2P8=) entered vehicle Bicycle (id=49A89B269D4A8A49B12D9ABC5DE7038B pos=<2664.08, 154.77, 7008.91>) as driver
22:38:50.588 [VehicleLeave] Player "babyalfredo" (id=amexATdYpRnRgir1Oa5WyemQasKtdzgXxA3GmwOS2P8=) left vehicle Bicycle (id=49A89B269D4A8A49B12D9ABC5DE7038B pos=<2661.55, 149.45, 6992.05>)
22:38:59.490 [VehicleEnter] Player "babyalfredo" (id=amexATdYpRnRgir1Oa5WyemQasKtdzgXxA3GmwOS2P8=) entered vehicle Bicycle (id=49A89B269D4A8A49B12D9ABC5DE7038B pos=<2661.57, 149.48, 6992.02>) as driver
22:40:34.950 [VehicleLeave] Player "babyalfredo" (id=amexATdYpRnRgir1Oa5WyemQasKtdzgXxA3GmwOS2P8=) left vehicle Bicycle (id=49A89B269D4A8A49B12D9ABC5DE7038B pos=<2680.68, 149.59, 6838.45>)
22:40:54.047 [VehicleDeleted] Old_Bike_Blue (id=49A89B269D4A8A49B12D9ABC5DE7038B pos=<2680.68, 149.59, 6838.45>)
22:44:02.524 [VehicleDeleted] Old_Bike_Blue (id=2050C35A8B450EA94A376488CA5E9E36 pos=<2701.37, 153.71, 6806.63>)
22:44:14.071 [Party] Player "Trippdaddy" (id=tFNVR4lJXlK7ys1rjXeU2WO2Frslyl9y8mq3pLuXeXg=) joinded the party "ttt" (id=53 ownerUID=tFNVR4lJXlK7ys1rjXeU2WO2Frslyl9y8mq3pLuXeXg= ownerName=Trippdaddy)
22:44:57.053 [VehicleEnter] Player "babyalfredo" (id=amexATdYpRnRgir1Oa5WyemQasKtdzgXxA3GmwOS2P8=) entered vehicle Bicycle (id=08DDB1F98248D4087E1DF2A317B8DA9E pos=<2691.95, 149.48, 6816.07>) as driver
22:48:27.180 [VehicleLeave] Player "babyalfredo" (id=amexATdYpRnRgir1Oa5WyemQasKtdzgXxA3GmwOS2P8=) left vehicle Bicycle (id=08DDB1F98248D4087E1DF2A317B8DA9E pos=<2611.59, 149.44, 6957.83>)
22:51:30.192 [VehicleEnter] Player "babyalfredo" (id=amexATdYpRnRgir1Oa5WyemQasKtdzgXxA3GmwOS2P8=) entered vehicle Bicycle (id=08DDB1F98248D4087E1DF2A317B8DA9E pos=<2611.58, 149.45, 6957.83>) as driver
22:52:34.353 [VehicleLeave] Player "babyalfredo" (id=amexATdYpRnRgir1Oa5WyemQasKtdzgXxA3GmwOS2P8=) left vehicle Bicycle (id=08DDB1F98248D4087E1DF2A317B8DA9E pos=<2432.4, 158.88, 6951.41>)
22:59:37.397 [VehicleEnter] Player "babyalfredo" (id=amexATdYpRnRgir1Oa5WyemQasKtdzgXxA3GmwOS2P8=) entered vehicle Bicycle (id=08DDB1F98248D4087E1DF2A317B8DA9E pos=<2432.4, 158.88, 6951.41>) as driver
23:00:38.032 [VehicleLeave] Player "babyalfredo" (id=amexATdYpRnRgir1Oa5WyemQasKtdzgXxA3GmwOS2P8=) left vehicle Bicycle (id=08DDB1F98248D4087E1DF2A317B8DA9E pos=<2458.4, 159.68, 6660.09>)
23:02:29.857 [VehicleDeleted] Old_Bike_Blue (id=08DDB1F98248D4087E1DF2A317B8DA9E pos=<2458.4, 159.68, 6660.09>)
23:02:34.728 [VehicleDeleted] Old_Bike_Blue (id=8A88C47A944534B4BC862A993A0DD9B7 pos=<2459.34, 159.68, 6662.83>)
23:02:42.596 [VehicleEnter] Player "babyalfredo" (id=amexATdYpRnRgir1Oa5WyemQasKtdzgXxA3GmwOS2P8=) entered vehicle Bicycle (id=1B6C7395154ADA8F776313A3C1A8F079 pos=<2459.85, 159.68, 6663.24>) as driver
23:07:16.382 [VehicleLeave] Player "babyalfredo" (id=amexATdYpRnRgir1Oa5WyemQasKtdzgXxA3GmwOS2P8=) left vehicle Bicycle (id=1B6C7395154ADA8F776313A3C1A8F079 pos=<3592.24, 104.54, 6360.14>)
23:08:07.154 [VehicleEnter] Player "babyalfredo" (id=amexATdYpRnRgir1Oa5WyemQasKtdzgXxA3GmwOS2P8=) entered vehicle Bicycle (id=1B6C7395154ADA8F776313A3C1A8F079 pos=<3592.24, 104.54, 6360.14>) as driver
23:09:49.062 [VehicleLeave] Player "babyalfredo" (id=amexATdYpRnRgir1Oa5WyemQasKtdzgXxA3GmwOS2P8=) left vehicle Bicycle (id=1B6C7395154ADA8F776313A3C1A8F079 pos=<3751.96, 166.28, 5929>)
23:20:44.235 [VehicleEnter] Player "babyalfredo" (id=amexATdYpRnRgir1Oa5WyemQasKtdzgXxA3GmwOS2P8=) entered vehicle Bicycle (id=1B6C7395154ADA8F776313A3C1A8F079 pos=<3751.96, 166.28, 5929>) as driver
23:21:09.243 [VehicleLeave] Player "babyalfredo" (id=amexATdYpRnRgir1Oa5WyemQasKtdzgXxA3GmwOS2P8=) left vehicle Bicycle (id=1B6C7395154ADA8F776313A3C1A8F079 pos=<3889.08, 166.28, 5966.53>)
23:21:36.505 [VehicleEnter] Player "babyalfredo" (id=amexATdYpRnRgir1Oa5WyemQasKtdzgXxA3GmwOS2P8=) entered vehicle Bicycle (id=1B6C7395154ADA8F776313A3C1A8F079 pos=<3889.08, 166.28, 5966.53>) as driver
23:22:55.193 [VehicleLeave] Player "babyalfredo" (id=amexATdYpRnRgir1Oa5WyemQasKtdzgXxA3GmwOS2P8=) left vehicle Bicycle (id=1B6C7395154ADA8F776313A3C1A8F079 pos=<3870.87, 166.28, 5758.95>)
23:33:45.236 [MissionAirdrop] An airdrop is heading towards "Algonquin" (pos=<4627.195313, 0.000000, 7687.189941> type=Random_Algonquin) with a ExpansionAirdropContainer_Military
23:39:48.404 [VehicleEnter] Player "babyalfredo" (id=amexATdYpRnRgir1Oa5WyemQasKtdzgXxA3GmwOS2P8=) entered vehicle Bicycle (id=1B6C7395154ADA8F776313A3C1A8F079 pos=<3870.87, 166.28, 5758.95>) as driver
23:40:17.271 [Killfeed] [tripz] Trippdaddy got run over by [tripz] babyalfredo with a Bicycle.
23:40:22.192 [VehicleLeave] Player "babyalfredo" (id=amexATdYpRnRgir1Oa5WyemQasKtdzgXxA3GmwOS2P8=) left vehicle Bicycle (id=1B6C7395154ADA8F776313A3C1A8F079 pos=<3892.65, 166.28, 5803.71>)
23:40:43.670 [Party] Player "Trippdaddy" (id=tFNVR4lJXlK7ys1rjXeU2WO2Frslyl9y8mq3pLuXeXg=) joinded the party "ttt" (id=53 ownerUID=tFNVR4lJXlK7ys1rjXeU2WO2Frslyl9y8mq3pLuXeXg= ownerName=Trippdaddy)
23:41:03.794 [VehicleDeleted] Old_Bike_Blue (id=1B6C7395154ADA8F776313A3C1A8F079 pos=<3892.65, 166.28, 5803.71>)
23:47:35.897 [VehicleEnter] Player "babyalfredo" (id=amexATdYpRnRgir1Oa5WyemQasKtdzgXxA3GmwOS2P8=) entered vehicle Bicycle (id=A7DE8AC483449047E1C3AFA695C8F10A pos=<3890.03, 166.27, 5798.03>) as driver
23:48:28.261 [Party] Player "Mard" (id=OAEsqfVu9Ya3qx3X2Q_PgbpxSoSDXOIUHhH8VWVuumk=) left the party "Viper Ethereal" (id=33 ownerUID=zazFLAJ4lPF6TvVQMMREjst1jC8o_Id9oh_TjGBwaP8= ownerName=ElBizzy)
23:50:33.882 [VehicleLeave] Player "babyalfredo" (id=amexATdYpRnRgir1Oa5WyemQasKtdzgXxA3GmwOS2P8=) left vehicle Bicycle (id=A7DE8AC483449047E1C3AFA695C8F10A pos=<4956.33, 249.76, 5962.3>)
23:52:36.248 [VehicleEnter] Player "babyalfredo" (id=amexATdYpRnRgir1Oa5WyemQasKtdzgXxA3GmwOS2P8=) entered vehicle Bicycle (id=A7DE8AC483449047E1C3AFA695C8F10A pos=<4956.33, 249.76, 5962.3>) as driver
23:59:51.584 [VehicleLeave] Player "babyalfredo" (id=amexATdYpRnRgir1Oa5WyemQasKtdzgXxA3GmwOS2P8=) left vehicle Bicycle (id=A7DE8AC483449047E1C3AFA695C8F10A pos=<4683.21, 138.67, 7615.93>)
00:00:14.991 [VehicleEnter] Player "babyalfredo" (id=amexATdYpRnRgir1Oa5WyemQasKtdzgXxA3GmwOS2P8=) entered vehicle Bicycle (id=A7DE8AC483449047E1C3AFA695C8F10A pos=<4683.23, 138.66, 7616.05>) as driver
00:00:40.221 [VehicleLeave] Player "babyalfredo" (id=amexATdYpRnRgir1Oa5WyemQasKtdzgXxA3GmwOS2P8=) left vehicle Bicycle (id=A7DE8AC483449047E1C3AFA695C8F10A pos=<4695.22, 129.12, 7713.21>)
00:02:18.356 [VehicleEnter] Player "babyalfredo" (id=amexATdYpRnRgir1Oa5WyemQasKtdzgXxA3GmwOS2P8=) entered vehicle Bicycle (id=A7DE8AC483449047E1C3AFA695C8F10A pos=<4695.22, 129.12, 7713.21>) as driver
00:02:31.963 [VehicleLeave] Player "babyalfredo" (id=amexATdYpRnRgir1Oa5WyemQasKtdzgXxA3GmwOS2P8=) left vehicle Bicycle (id=A7DE8AC483449047E1C3AFA695C8F10A pos=<4644.24, 101.87, 7720.1>)
00:03:33.898 [VehicleEnter] Player "babyalfredo" (id=amexATdYpRnRgir1Oa5WyemQasKtdzgXxA3GmwOS2P8=) entered vehicle Bicycle (id=A7DE8AC483449047E1C3AFA695C8F10A pos=<4644.24, 101.87, 7720.1>) as driver
00:03:41.807 [VehicleLeave] Player "babyalfredo" (id=amexATdYpRnRgir1Oa5WyemQasKtdzgXxA3GmwOS2P8=) left vehicle Bicycle (id=A7DE8AC483449047E1C3AFA695C8F10A pos=<4625.37, 99.63, 7724.32>)
00:04:10.603 [VehicleDeleted] Old_Bike_Blue (id=A7DE8AC483449047E1C3AFA695C8F10A pos=<4625.37, 99.63, 7724.32>)
00:04:13.874 [VehicleDeleted] Old_Bike_Blue (id=AFDFC0699A40004AC0EE7AB1BD7ACE3F pos=<4626.48, 99.89, 7723.45>)
00:04:17.568 [VehicleDeleted] Old_Bike_Blue (id=2138FEAB2B4BAC79E9BEA39C286DA2BA pos=<4628.04, 100.23, 7723.39>)
00:04:19.844 [VehicleDeleted] Old_Bike_Blue (id=5B824FDFA6471AB101192383C5FFC06F pos=<4628.29, 100.32, 7722.14>)
00:04:22.043 [VehicleDeleted] Old_Bike_Blue (id=590B5149EC458FB9427878989DC840BB pos=<4629.58, 100.64, 7721.55>)
00:05:55.175 [VehicleEnter] Player "babyalfredo" (id=amexATdYpRnRgir1Oa5WyemQasKtdzgXxA3GmwOS2P8=) entered vehicle Bicycle (id=131E8079814F90BB13348BA93D6A1CFC pos=<4633.4, 101.05, 7719.12>) as driver
00:06:37.911 [VehicleLeave] Player "babyalfredo" (id=amexATdYpRnRgir1Oa5WyemQasKtdzgXxA3GmwOS2P8=) left vehicle Bicycle (id=131E8079814F90BB13348BA93D6A1CFC pos=<4649.1, 102.74, 7726.07>)
00:06:43.575 [VehicleDeleted] Old_Bike_Blue (id=131E8079814F90BB13348BA93D6A1CFC pos=<4645.85, 100.99, 7737.97>)
00:06:57.481 [Safezone] Player "DUSTY PINKY" (id=s8r0CBUvA4m0dDsoAZ-_G4y6F5w2f9qLRLI59dyQZnI= pos=<6660.3, 102.5, 6110.81>) entered the safezone
00:07:10.841 [VehicleDeleted] Old_Bike_Blue (id=4BC86DA5B6419C532DC9158A5A205738 pos=<4650.92, 101.68, 7734.63>)
00:07:17.940 [VehicleEnter] Player "babyalfredo" (id=amexATdYpRnRgir1Oa5WyemQasKtdzgXxA3GmwOS2P8=) entered vehicle Bicycle (id=B77E2B773A4C13F4CCDF418388DD0071 pos=<4650.99, 101.71, 7734.43>) as driver
00:07:36.050 [VehicleLeave] Player "babyalfredo" (id=amexATdYpRnRgir1Oa5WyemQasKtdzgXxA3GmwOS2P8=) left vehicle Bicycle (id=B77E2B773A4C13F4CCDF418388DD0071 pos=<4663.65, 112.53, 7713.29>)
00:07:37.755 [VehicleDeleted] Old_Bike_Blue (id=B77E2B773A4C13F4CCDF418388DD0071 pos=<4662.23, 111.28, 7714.22>)
00:08:13.053 [VehicleEnter] Player "babyalfredo" (id=amexATdYpRnRgir1Oa5WyemQasKtdzgXxA3GmwOS2P8=) entered vehicle Bicycle (id=8A5425CC47431F987D0773A02A577562 pos=<4665.16, 121.51, 7688.22>) as driver
00:09:05.353 [Market] Player "DUSTY PINKY" (id=s8r0CBUvA4m0dDsoAZ-_G4y6F5w2f9qLRLI59dyQZnI=) has bought fishingrod x1 (c6a6b620) from the trader "Fishing (Baty [#STR_EXPANSION_MARKET_TRADER_FISHING])" in market zone "Trader Zone" (pos=<6675.160645, 104.603935, 6114.155762>) for a price of 60.
00:09:06.016 [Market] Player "DUSTY PINKY" (id=s8r0CBUvA4m0dDsoAZ-_G4y6F5w2f9qLRLI59dyQZnI=) has bought hook x1 (c6a659a0) from the trader "Fishing (Baty [#STR_EXPANSION_MARKET_TRADER_FISHING])" in market zone "Trader Zone" (pos=<6675.160645, 104.603935, 6114.155762>) for a price of 7.
00:09:08.611 [Market] Player "DUSTY PINKY" (id=s8r0CBUvA4m0dDsoAZ-_G4y6F5w2f9qLRLI59dyQZnI=) has bought hook x1 (c6a7cba0) from the trader "Fishing (Baty [#STR_EXPANSION_MARKET_TRADER_FISHING])" in market zone "Trader Zone" (pos=<6675.160645, 104.603935, 6114.155762>) for a price of 7.
00:09:18.780 [Market] Player "DUSTY PINKY" (id=s8r0CBUvA4m0dDsoAZ-_G4y6F5w2f9qLRLI59dyQZnI=) has bought carp x1 (bdbfa880) from the trader "Fishing (Baty [#STR_EXPANSION_MARKET_TRADER_FISHING])" in market zone "Trader Zone" (pos=<6675.160645, 104.603935, 6114.155762>) for a price of 20.
00:09:19.828 [Market] Player "DUSTY PINKY" (id=s8r0CBUvA4m0dDsoAZ-_G4y6F5w2f9qLRLI59dyQZnI=) has bought carp x1 (bdc1f790) from the trader "Fishing (Baty [#STR_EXPANSION_MARKET_TRADER_FISHING])" in market zone "Trader Zone" (pos=<6675.160645, 104.603935, 6114.155762>) for a price of 20.
00:10:32.963 [VehicleLeave] Player "babyalfredo" (id=amexATdYpRnRgir1Oa5WyemQasKtdzgXxA3GmwOS2P8=) left vehicle Bicycle (id=8A5425CC47431F987D0773A02A577562 pos=<4451.76, 159.35, 7589.93>)
00:10:53.774 [Market] Player "DUSTY PINKY" (id=s8r0CBUvA4m0dDsoAZ-_G4y6F5w2f9qLRLI59dyQZnI=) has bought ammobox_556x45_20rnd x1 (d1ec0f30) from the trader "Weapons (Denis [#STR_EXPANSION_MARKET_TRADER_WEAPONS])" in market zone "Trader Zone" (pos=<6675.160645, 104.603935, 6114.155762>) for a price of 32.
00:10:54.185 [Market] Player "DUSTY PINKY" (id=s8r0CBUvA4m0dDsoAZ-_G4y6F5w2f9qLRLI59dyQZnI=) has bought ammobox_556x45_20rnd x1 (d1ec7740) from the trader "Weapons (Denis [#STR_EXPANSION_MARKET_TRADER_WEAPONS])" in market zone "Trader Zone" (pos=<6675.160645, 104.603935, 6114.155762>) for a price of 32.
00:11:53.617 [Market] Player "DUSTY PINKY" (id=s8r0CBUvA4m0dDsoAZ-_G4y6F5w2f9qLRLI59dyQZnI=) has bought mag_stanag_60rnd x1 (c80df510, ammo_556x45 x60) from the trader "Attachments (Jose [#STR_EXPANSION_MARKET_TRADER_ATTACHMENTS])" in market zone "Trader Zone" (pos=<6675.160645, 104.603935, 6114.155762>) for a price of 600.
00:12:59.778 [ATM] Player "DUSTY PINKY" (id=s8r0CBUvA4m0dDsoAZ-_G4y6F5w2f9qLRLI59dyQZnI=) has deposited 3172 on his ATM account.
00:13:08.160 [VehicleDeleted] Old_Bike_Blue (id=8A5425CC47431F987D0773A02A577562 pos=<4451.76, 159.35, 7589.93>)
00:20:38.804 [VehicleDeleted] Old_Bike_Blue (id=6593BCDCD1463063FD5CD3976F44290F pos=<4437.33, 159.69, 7580.01>)
00:20:55.968 [VehicleDeleted] Old_Bike_Blue (id=83CEDDCBD248E76F2ED9DC870E8F4C77 pos=<4440.54, 159.4, 7586.72>)
00:21:05.201 [VehicleEnter] Player "babyalfredo" (id=amexATdYpRnRgir1Oa5WyemQasKtdzgXxA3GmwOS2P8=) entered vehicle Bicycle (id=26A372E3F242C977D92C91A1E957884D pos=<4442.78, 159.35, 7588.2>) as driver
00:22:43.127 [Party] Player "babyalfredo" (id=amexATdYpRnRgir1Oa5WyemQasKtdzgXxA3GmwOS2P8=) left the party "ttt" (id=53 ownerUID=tFNVR4lJXlK7ys1rjXeU2WO2Frslyl9y8mq3pLuXeXg= ownerName=Trippdaddy)
00:23:02.219 [Party] Player "babyalfredo" (id=amexATdYpRnRgir1Oa5WyemQasKtdzgXxA3GmwOS2P8=) joinded the party "ttt" (id=53 ownerUID=tFNVR4lJXlK7ys1rjXeU2WO2Frslyl9y8mq3pLuXeXg= ownerName=Trippdaddy)
00:23:07.397 [VehicleDeleted] Old_Bike_Blue (id=26A372E3F242C977D92C91A1E957884D pos=<4441.29, 159.58, 7598.04>)
00:23:14.827 [VehicleEnter] Player "babyalfredo" (id=amexATdYpRnRgir1Oa5WyemQasKtdzgXxA3GmwOS2P8=) entered vehicle Bicycle (id=3050E56C4B40DF576B687FAFD46F0A29 pos=<4439.63, 159.48, 7598.74>) as driver
00:25:47.032 [VehicleLeave] Player "babyalfredo" (id=amexATdYpRnRgir1Oa5WyemQasKtdzgXxA3GmwOS2P8=) left vehicle Bicycle (id=3050E56C4B40DF576B687FAFD46F0A29 pos=<3532.28, 207.05, 7702.11>)
00:45:32.289 [VehicleEnter] Player "babyalfredo" (id=amexATdYpRnRgir1Oa5WyemQasKtdzgXxA3GmwOS2P8=) entered vehicle Bicycle (id=3050E56C4B40DF576B687FAFD46F0A29 pos=<3532.28, 207.05, 7702.11>) as driver
00:49:22.996 [VehicleLeave] Player "babyalfredo" (id=amexATdYpRnRgir1Oa5WyemQasKtdzgXxA3GmwOS2P8=) left vehicle Bicycle (id=3050E56C4B40DF576B687FAFD46F0A29 pos=<3899.47, 158.81, 6743.03>)
00:57:58.903 [VehicleEnter] Player "Trippdaddy" (id=tFNVR4lJXlK7ys1rjXeU2WO2Frslyl9y8mq3pLuXeXg=) entered vehicle Bicycle (id=26CC7A216E492F6645081EBE53E09CC3 pos=<4531.3, 185.81, 6556.5>) as driver
00:58:23.315 [VehicleLeave] Player "Trippdaddy" (id=tFNVR4lJXlK7ys1rjXeU2WO2Frslyl9y8mq3pLuXeXg=) left vehicle Bicycle (id=26CC7A216E492F6645081EBE53E09CC3 pos=<4531.3, 185.81, 6556.5>)
01:04:19.855 [Party] Player "babyalfredo" (id=amexATdYpRnRgir1Oa5WyemQasKtdzgXxA3GmwOS2P8=) left the party "ttt" (id=53 ownerUID=tFNVR4lJXlK7ys1rjXeU2WO2Frslyl9y8mq3pLuXeXg= ownerName=Trippdaddy)
01:08:45.281 [MissionAirdrop] An airdrop is heading towards "OWF Industries" (pos=<7167.299805, 0.000000, 4161.319824> type=Random_OWFIndustries) with a ExpansionAirdropContainer_Basebuilding
01:17:38.064 [Party] Player "Trippdaddy" (id=tFNVR4lJXlK7ys1rjXeU2WO2Frslyl9y8mq3pLuXeXg=) left the party "ttt" (id=53 ownerUID=tFNVR4lJXlK7ys1rjXeU2WO2Frslyl9y8mq3pLuXeXg= ownerName=Trippdaddy)
02:33:34.305 [MissionAirdrop] An airdrop is heading towards "Brickworks" (pos=<8906.998047, 0.000000, 4500.351074> type=Random_Brickworks) with a ExpansionAirdropContainer_Medical
