05:19:21.613 [Safezone] Player "Left Middle Finger" (id=kOLgOs9yYBFVRQG3lqoHveYdP5X8y3SO69cq5MiR4us= pos=<6679.96, 102.5, 6109.22>) entered the safezone
05:19:21.613 [Party] Player "Left Middle Finger" (id=kOLgOs9yYBFVRQG3lqoHveYdP5X8y3SO69cq5MiR4us=) joinded the party "AURRRRRRORA" (id=1 ownerUID=m_TD03B4NXDQrU5koHpLq3WyQf1hXTvQSdETJOTM8ss= ownerName=F11 Simulator)
05:19:39.854 [Party] Player "Left Middle Finger" (id=kOLgOs9yYBFVRQG3lqoHveYdP5X8y3SO69cq5MiR4us=) left the party "AURRRRRRORA" (id=1 ownerUID=m_TD03B4NXDQrU5koHpLq3WyQf1hXTvQSdETJOTM8ss= ownerName=F11 Simulator)
05:20:42.192 [Safezone] Player "Left Middle Finger" (id=kOLgOs9yYBFVRQG3lqoHveYdP5X8y3SO69cq5MiR4us= pos=<6680.87, 102.5, 6110.02>) entered the safezone
05:20:42.193 [Party] Player "Left Middle Finger" (id=kOLgOs9yYBFVRQG3lqoHveYdP5X8y3SO69cq5MiR4us=) joinded the party "AURRRRRRORA" (id=1 ownerUID=m_TD03B4NXDQrU5koHpLq3WyQf1hXTvQSdETJOTM8ss= ownerName=F11 Simulator)
05:21:09.737 [Market] Player "Left Middle Finger" (id=kOLgOs9yYBFVRQG3lqoHveYdP5X8y3SO69cq5MiR4us=) has bought expansion_taser_black x1 (8a083060, Mag_Expansion_Taser<89d2ecf0>, expansion_ammo_taser x2) from the trader "Weapons (Denis [#STR_EXPANSION_MARKET_TRADER_WEAPONS])" in market zone "Trader Zone" (pos=<6675.160645, 104.603935, 6114.155762>) for a price of 1222.
05:22:03.573 [Market] Player "Left Middle Finger" (id=kOLgOs9yYBFVRQG3lqoHveYdP5X8y3SO69cq5MiR4us=) has bought mag_expansion_taser x2 (68c70fd0, expansion_ammo_taser x2, expansion_ammo_taser x2) from the trader "Attachments (Jose [#STR_EXPANSION_MARKET_TRADER_ATTACHMENTS])" in market zone "Trader Zone" (pos=<6675.160645, 104.603935, 6114.155762>) for a price of 44.
05:23:51.545 [MissionAirdrop] An airdrop is heading towards "Mohawk" (pos=<7978.891113, 0.000000, 7093.604004> type=Random_Mohawk) with a ExpansionAirdropContainer_Military
05:24:21.492 [Market] Player "Left Middle Finger" (id=kOLgOs9yYBFVRQG3lqoHveYdP5X8y3SO69cq5MiR4us=) has sold pnc_mag_pkp_200rnd x1 (6a983900, ammo_762x54 x1) at the trader "Attachments (Jose [#STR_EXPANSION_MARKET_TRADER_ATTACHMENTS])" in market zone "Trader Zone" (pos=<6675.160645, 104.603935, 6114.155762>) and got 451.
05:24:22.249 [Market] Player "Left Middle Finger" (id=kOLgOs9yYBFVRQG3lqoHveYdP5X8y3SO69cq5MiR4us=) has sold pnc_mag_pkp_200rnd x1 (6fc05350, ammo_762x54 x30) at the trader "Attachments (Jose [#STR_EXPANSION_MARKET_TRADER_ATTACHMENTS])" in market zone "Trader Zone" (pos=<6675.160645, 104.603935, 6114.155762>) and got 480.
05:24:23.032 [Market] Player "Left Middle Finger" (id=kOLgOs9yYBFVRQG3lqoHveYdP5X8y3SO69cq5MiR4us=) has sold pnc_mag_pkp_200rnd x1 (6fbfdfb0) at the trader "Attachments (Jose [#STR_EXPANSION_MARKET_TRADER_ATTACHMENTS])" in market zone "Trader Zone" (pos=<6675.160645, 104.603935, 6114.155762>) and got 450.
05:24:28.112 [Market] Player "Left Middle Finger" (id=kOLgOs9yYBFVRQG3lqoHveYdP5X8y3SO69cq5MiR4us=) has bought pnc_mag_pkp_200rnd x3 (74eb0b80, ammo_762x54 x200, ammo_762x54 x200, ammo_762x54 x200) from the trader "Attachments (Jose [#STR_EXPANSION_MARKET_TRADER_ATTACHMENTS])" in market zone "Trader Zone" (pos=<6675.160645, 104.603935, 6114.155762>) for a price of 3000.
05:24:52.981 [Market] Player "Left Middle Finger" (id=kOLgOs9yYBFVRQG3lqoHveYdP5X8y3SO69cq5MiR4us=) has bought weaponcleaningkit x1 (74ea46f0) from the trader "Components (Cyril [#STR_EXPANSION_MARKET_TRADER_COMPONENTS])" in market zone "Trader Zone" (pos=<6675.160645, 104.603935, 6114.155762>) for a price of 8.
05:24:53.705 [Market] Player "Left Middle Finger" (id=kOLgOs9yYBFVRQG3lqoHveYdP5X8y3SO69cq5MiR4us=) has bought weaponcleaningkit x1 (74ea2440) from the trader "Components (Cyril [#STR_EXPANSION_MARKET_TRADER_COMPONENTS])" in market zone "Trader Zone" (pos=<6675.160645, 104.603935, 6114.155762>) for a price of 8.
05:24:54.407 [Market] Player "Left Middle Finger" (id=kOLgOs9yYBFVRQG3lqoHveYdP5X8y3SO69cq5MiR4us=) has bought weaponcleaningkit x1 (8824fc70) from the trader "Components (Cyril [#STR_EXPANSION_MARKET_TRADER_COMPONENTS])" in market zone "Trader Zone" (pos=<6675.160645, 104.603935, 6114.155762>) for a price of 8.
05:25:19.360 [Market] Player "Left Middle Finger" (id=kOLgOs9yYBFVRQG3lqoHveYdP5X8y3SO69cq5MiR4us=) has sold whetstone x1 (6a992040) at the trader "Components (Cyril [#STR_EXPANSION_MARKET_TRADER_COMPONENTS])" in market zone "Trader Zone" (pos=<6675.160645, 104.603935, 6114.155762>) and got 1.
05:25:22.260 [Market] Player "Left Middle Finger" (id=kOLgOs9yYBFVRQG3lqoHveYdP5X8y3SO69cq5MiR4us=) has bought whetstone x1 (88259e50) from the trader "Components (Cyril [#STR_EXPANSION_MARKET_TRADER_COMPONENTS])" in market zone "Trader Zone" (pos=<6675.160645, 104.603935, 6114.155762>) for a price of 5.
05:26:56.376 [Market] Player "Left Middle Finger" (id=kOLgOs9yYBFVRQG3lqoHveYdP5X8y3SO69cq5MiR4us=) has bought ak_suppressor x1 (7a24fea0) from the trader "Attachments (Jose [#STR_EXPANSION_MARKET_TRADER_ATTACHMENTS])" in market zone "Trader Zone" (pos=<6675.160645, 104.603935, 6114.155762>) for a price of 25.
05:27:05.732 [Market] Player "Left Middle Finger" (id=kOLgOs9yYBFVRQG3lqoHveYdP5X8y3SO69cq5MiR4us=) has bought ak_suppressor x1 (7a252150) from the trader "Attachments (Jose [#STR_EXPANSION_MARKET_TRADER_ATTACHMENTS])" in market zone "Trader Zone" (pos=<6675.160645, 104.603935, 6114.155762>) for a price of 25.
05:27:35.908 [ATM] Player "Left Middle Finger" (id=kOLgOs9yYBFVRQG3lqoHveYdP5X8y3SO69cq5MiR4us=) has deposited 43614 on his ATM account.
05:46:59.099 [Party] Player "Left Middle Finger" (id=kOLgOs9yYBFVRQG3lqoHveYdP5X8y3SO69cq5MiR4us=) left the party "AURRRRRRORA" (id=1 ownerUID=m_TD03B4NXDQrU5koHpLq3WyQf1hXTvQSdETJOTM8ss= ownerName=F11 Simulator)
