11:55:55.561 [MissionAirdrop] An airdrop is heading towards "Brickworks" (pos=<8906.998047, 0.000000, 4500.351074> type=Random_Brickworks) with a ExpansionAirdropContainer_Military
11:58:41.099 [Safezone] Player "Gun" (id=dQV0MWQE63QrNRXqd-4btd7ZbIxSfqWMKo6FakQaWEs= pos=<6668.41, 102.5, 6139.55>) entered the safezone
12:02:55.519 [Market] Player "Gun" (id=dQV0MWQE63QrNRXqd-4btd7ZbIxSfqWMKo6FakQaWEs=) has sold huntingoptic x1 (468cc370) at the trader "Attachments (Jose [#STR_EXPANSION_MARKET_TRADER_ATTACHMENTS])" in market zone "Trader Zone" (pos=<6675.160645, 104.603935, 6114.155762>) and got 187.
12:03:08.939 [ATM] Player "Gun" (id=dQV0MWQE63QrNRXqd-4btd7ZbIxSfqWMKo6FakQaWEs=) has deposited 187 on his ATM account.
12:03:23.394 [VehicleDeleted] Old_Bike (id=14A02E016E4F8ECA11CD95A5503C1C67 pos=<6667.74, 102.49, 6129.64>)
12:04:27.087 [VehicleEnter] Player "Gun" (id=dQV0MWQE63QrNRXqd-4btd7ZbIxSfqWMKo6FakQaWEs=) entered vehicle Bicycle (id=71164851CC4E1978281345BBDBD69E85 pos=<6689.38, 102.6, 6080.32>) as driver
12:04:52.099 [Safezone] Player "{1:name}" (id={1:id} pos={1:position}) left the safezone
12:12:24.162 [VehicleLeave] Player "Gun" (id=dQV0MWQE63QrNRXqd-4btd7ZbIxSfqWMKo6FakQaWEs=) left vehicle Bicycle (id=71164851CC4E1978281345BBDBD69E85 pos=<8872.06, 155.72, 4331.11>)
12:14:10.265 [VehicleEnter] Player "Gun" (id=dQV0MWQE63QrNRXqd-4btd7ZbIxSfqWMKo6FakQaWEs=) entered vehicle Bicycle (id=71164851CC4E1978281345BBDBD69E85 pos=<8872.06, 155.72, 4331.11>) as driver
12:14:27.863 [VehicleLeave] Player "Gun" (id=dQV0MWQE63QrNRXqd-4btd7ZbIxSfqWMKo6FakQaWEs=) left vehicle Bicycle (id=71164851CC4E1978281345BBDBD69E85 pos=<8910.17, 154.71, 4380.73>)
12:17:24.261 [VehicleEnter] Player "Gun" (id=dQV0MWQE63QrNRXqd-4btd7ZbIxSfqWMKo6FakQaWEs=) entered vehicle Bicycle (id=71164851CC4E1978281345BBDBD69E85 pos=<8910.17, 154.71, 4380.73>) as driver
12:18:18.490 [VehicleLeave] Player "Gun" (id=dQV0MWQE63QrNRXqd-4btd7ZbIxSfqWMKo6FakQaWEs=) left vehicle Bicycle (id=71164851CC4E1978281345BBDBD69E85 pos=<8690.52, 119.36, 4309.4>)
12:21:48.096 [VehicleEnter] Player "Gun" (id=dQV0MWQE63QrNRXqd-4btd7ZbIxSfqWMKo6FakQaWEs=) entered vehicle Bicycle (id=71164851CC4E1978281345BBDBD69E85 pos=<8690.52, 119.36, 4309.4>) as driver
12:23:47.294 [VehicleLeave] Player "Gun" (id=dQV0MWQE63QrNRXqd-4btd7ZbIxSfqWMKo6FakQaWEs=) left vehicle Bicycle (id=71164851CC4E1978281345BBDBD69E85 pos=<8003.26, 180.54, 4305.97>)
12:27:07.538 [VehicleEnter] Player "Gun" (id=dQV0MWQE63QrNRXqd-4btd7ZbIxSfqWMKo6FakQaWEs=) entered vehicle Bicycle (id=71164851CC4E1978281345BBDBD69E85 pos=<8003.26, 180.54, 4305.97>) as driver
12:27:21.563 [VehicleLeave] Player "Gun" (id=dQV0MWQE63QrNRXqd-4btd7ZbIxSfqWMKo6FakQaWEs=) left vehicle Bicycle (id=71164851CC4E1978281345BBDBD69E85 pos=<7949.89, 180.54, 4326.34>)
12:28:54.335 [VehicleEnter] Player "Gun" (id=dQV0MWQE63QrNRXqd-4btd7ZbIxSfqWMKo6FakQaWEs=) entered vehicle Bicycle (id=71164851CC4E1978281345BBDBD69E85 pos=<7949.89, 180.54, 4326.34>) as driver
12:29:27.265 [VehicleLeave] Player "Gun" (id=dQV0MWQE63QrNRXqd-4btd7ZbIxSfqWMKo6FakQaWEs=) left vehicle Bicycle (id=71164851CC4E1978281345BBDBD69E85 pos=<7802.96, 179.94, 4432.18>)
12:29:42.999 [VehicleEnter] Player "Gun" (id=dQV0MWQE63QrNRXqd-4btd7ZbIxSfqWMKo6FakQaWEs=) entered vehicle Bicycle (id=71164851CC4E1978281345BBDBD69E85 pos=<7802.96, 179.94, 4432.18>) as driver
12:30:41.593 [VehicleLeave] Player "Gun" (id=dQV0MWQE63QrNRXqd-4btd7ZbIxSfqWMKo6FakQaWEs=) left vehicle Bicycle (id=71164851CC4E1978281345BBDBD69E85 pos=<7734.12, 127.88, 4853.47>)
12:30:49.552 [VehicleEnter] Player "Gun" (id=dQV0MWQE63QrNRXqd-4btd7ZbIxSfqWMKo6FakQaWEs=) entered vehicle Bicycle (id=71164851CC4E1978281345BBDBD69E85 pos=<7734.12, 127.88, 4853.47>) as driver
12:31:04.515 [VehicleLeave] Player "Gun" (id=dQV0MWQE63QrNRXqd-4btd7ZbIxSfqWMKo6FakQaWEs=) left vehicle Bicycle (id=71164851CC4E1978281345BBDBD69E85 pos=<7707.03, 127.23, 4893.31>)
12:34:21.651 [VehicleEnter] Player "Gun" (id=dQV0MWQE63QrNRXqd-4btd7ZbIxSfqWMKo6FakQaWEs=) entered vehicle Bicycle (id=71164851CC4E1978281345BBDBD69E85 pos=<7707.03, 127.23, 4893.31>) as driver
12:38:15.750 [Safezone] Player "Gun" (id=dQV0MWQE63QrNRXqd-4btd7ZbIxSfqWMKo6FakQaWEs= pos=<6672.12, 121.8, 6014.64>) entered the safezone
12:38:37.072 [VehicleLeave] Player "Gun" (id=dQV0MWQE63QrNRXqd-4btd7ZbIxSfqWMKo6FakQaWEs=) left vehicle Bicycle (id=71164851CC4E1978281345BBDBD69E85 pos=<6679.38, 102.49, 6100.54>)
12:39:13.804 [VehicleDeleted] Old_Bike (id=71164851CC4E1978281345BBDBD69E85 pos=<6679.38, 102.49, 6100.54>)
12:40:25.318 [Market] Player "Gun" (id=dQV0MWQE63QrNRXqd-4btd7ZbIxSfqWMKo6FakQaWEs=) has sold mosin9130 x1 (6acbfad0) at the trader "Weapons (Denis [#STR_EXPANSION_MARKET_TRADER_WEAPONS])" in market zone "Trader Zone" (pos=<6675.160645, 104.603935, 6114.155762>) and got 300.
12:40:28.405 [Market] Player "Gun" (id=dQV0MWQE63QrNRXqd-4btd7ZbIxSfqWMKo6FakQaWEs=) has sold svd x1 (6acc5640) at the trader "Weapons (Denis [#STR_EXPANSION_MARKET_TRADER_WEAPONS])" in market zone "Trader Zone" (pos=<6675.160645, 104.603935, 6114.155762>) and got 1500.
12:40:33.174 [Market] Player "Gun" (id=dQV0MWQE63QrNRXqd-4btd7ZbIxSfqWMKo6FakQaWEs=) has sold ammobox_545x39_20rnd x1 (a3ab9290) at the trader "Weapons (Denis [#STR_EXPANSION_MARKET_TRADER_WEAPONS])" in market zone "Trader Zone" (pos=<6675.160645, 104.603935, 6114.155762>) and got 24.
12:40:36.181 [Market] Player "Gun" (id=dQV0MWQE63QrNRXqd-4btd7ZbIxSfqWMKo6FakQaWEs=) has sold ammo_762x54tracer x1 (a3abb540) at the trader "Weapons (Denis [#STR_EXPANSION_MARKET_TRADER_WEAPONS])" in market zone "Trader Zone" (pos=<6675.160645, 104.603935, 6114.155762>) and got 3.
12:40:36.468 [Market] Player "Gun" (id=dQV0MWQE63QrNRXqd-4btd7ZbIxSfqWMKo6FakQaWEs=) has sold ammo_762x54tracer x1 (a3abb540) at the trader "Weapons (Denis [#STR_EXPANSION_MARKET_TRADER_WEAPONS])" in market zone "Trader Zone" (pos=<6675.160645, 104.603935, 6114.155762>) and got 3.
12:40:36.637 [Market] Player "Gun" (id=dQV0MWQE63QrNRXqd-4btd7ZbIxSfqWMKo6FakQaWEs=) has sold ammo_762x54tracer x1 (a3abb540) at the trader "Weapons (Denis [#STR_EXPANSION_MARKET_TRADER_WEAPONS])" in market zone "Trader Zone" (pos=<6675.160645, 104.603935, 6114.155762>) and got 3.
12:40:36.804 [Market] Player "Gun" (id=dQV0MWQE63QrNRXqd-4btd7ZbIxSfqWMKo6FakQaWEs=) has sold ammo_762x54tracer x1 (a3abb540) at the trader "Weapons (Denis [#STR_EXPANSION_MARKET_TRADER_WEAPONS])" in market zone "Trader Zone" (pos=<6675.160645, 104.603935, 6114.155762>) and got 3.
12:40:37.137 [Market] Player "Gun" (id=dQV0MWQE63QrNRXqd-4btd7ZbIxSfqWMKo6FakQaWEs=) has sold ammo_762x54tracer x1 (a3abb540) at the trader "Weapons (Denis [#STR_EXPANSION_MARKET_TRADER_WEAPONS])" in market zone "Trader Zone" (pos=<6675.160645, 104.603935, 6114.155762>) and got 3.
12:40:37.322 [Market] Player "Gun" (id=dQV0MWQE63QrNRXqd-4btd7ZbIxSfqWMKo6FakQaWEs=) has sold ammo_762x54tracer x1 (a3abb540) at the trader "Weapons (Denis [#STR_EXPANSION_MARKET_TRADER_WEAPONS])" in market zone "Trader Zone" (pos=<6675.160645, 104.603935, 6114.155762>) and got 3.
12:40:37.476 [Market] Player "Gun" (id=dQV0MWQE63QrNRXqd-4btd7ZbIxSfqWMKo6FakQaWEs=) has sold ammo_762x54tracer x1 (a3abb540) at the trader "Weapons (Denis [#STR_EXPANSION_MARKET_TRADER_WEAPONS])" in market zone "Trader Zone" (pos=<6675.160645, 104.603935, 6114.155762>) and got 3.
12:40:37.671 [Market] Player "Gun" (id=dQV0MWQE63QrNRXqd-4btd7ZbIxSfqWMKo6FakQaWEs=) has sold ammo_762x54tracer x1 (a3abb540) at the trader "Weapons (Denis [#STR_EXPANSION_MARKET_TRADER_WEAPONS])" in market zone "Trader Zone" (pos=<6675.160645, 104.603935, 6114.155762>) and got 3.
12:40:37.833 [Market] Player "Gun" (id=dQV0MWQE63QrNRXqd-4btd7ZbIxSfqWMKo6FakQaWEs=) has sold ammo_762x54tracer x1 (a3abb540) at the trader "Weapons (Denis [#STR_EXPANSION_MARKET_TRADER_WEAPONS])" in market zone "Trader Zone" (pos=<6675.160645, 104.603935, 6114.155762>) and got 3.
12:40:38.027 [Market] Player "Gun" (id=dQV0MWQE63QrNRXqd-4btd7ZbIxSfqWMKo6FakQaWEs=) has sold ammo_762x54tracer x1 (a3abb540) at the trader "Weapons (Denis [#STR_EXPANSION_MARKET_TRADER_WEAPONS])" in market zone "Trader Zone" (pos=<6675.160645, 104.603935, 6114.155762>) and got 3.
12:40:38.211 [Market] Player "Gun" (id=dQV0MWQE63QrNRXqd-4btd7ZbIxSfqWMKo6FakQaWEs=) has sold ammo_762x54tracer x1 (a3abb540) at the trader "Weapons (Denis [#STR_EXPANSION_MARKET_TRADER_WEAPONS])" in market zone "Trader Zone" (pos=<6675.160645, 104.603935, 6114.155762>) and got 3.
12:40:38.463 [Market] Player "Gun" (id=dQV0MWQE63QrNRXqd-4btd7ZbIxSfqWMKo6FakQaWEs=) has sold ammo_762x54tracer x1 (a3abb540) at the trader "Weapons (Denis [#STR_EXPANSION_MARKET_TRADER_WEAPONS])" in market zone "Trader Zone" (pos=<6675.160645, 104.603935, 6114.155762>) and got 3.
12:40:38.650 [Market] Player "Gun" (id=dQV0MWQE63QrNRXqd-4btd7ZbIxSfqWMKo6FakQaWEs=) has sold ammo_762x54tracer x1 (a3abb540) at the trader "Weapons (Denis [#STR_EXPANSION_MARKET_TRADER_WEAPONS])" in market zone "Trader Zone" (pos=<6675.160645, 104.603935, 6114.155762>) and got 3.
12:40:38.898 [Market] Player "Gun" (id=dQV0MWQE63QrNRXqd-4btd7ZbIxSfqWMKo6FakQaWEs=) has sold ammo_762x54tracer x1 (a3abb540) at the trader "Weapons (Denis [#STR_EXPANSION_MARKET_TRADER_WEAPONS])" in market zone "Trader Zone" (pos=<6675.160645, 104.603935, 6114.155762>) and got 3.
12:40:39.065 [Market] Player "Gun" (id=dQV0MWQE63QrNRXqd-4btd7ZbIxSfqWMKo6FakQaWEs=) has sold ammo_762x54tracer x1 (a3abb540) at the trader "Weapons (Denis [#STR_EXPANSION_MARKET_TRADER_WEAPONS])" in market zone "Trader Zone" (pos=<6675.160645, 104.603935, 6114.155762>) and got 3.
12:40:39.417 [Market] Player "Gun" (id=dQV0MWQE63QrNRXqd-4btd7ZbIxSfqWMKo6FakQaWEs=) has sold ammo_762x54tracer x1 (a3abb540) at the trader "Weapons (Denis [#STR_EXPANSION_MARKET_TRADER_WEAPONS])" in market zone "Trader Zone" (pos=<6675.160645, 104.603935, 6114.155762>) and got 3.
12:40:39.886 [Market] Player "Gun" (id=dQV0MWQE63QrNRXqd-4btd7ZbIxSfqWMKo6FakQaWEs=) has sold ammo_762x54tracer x1 (a3abb540) at the trader "Weapons (Denis [#STR_EXPANSION_MARKET_TRADER_WEAPONS])" in market zone "Trader Zone" (pos=<6675.160645, 104.603935, 6114.155762>) and got 3.
12:40:40.287 [Market] Player "Gun" (id=dQV0MWQE63QrNRXqd-4btd7ZbIxSfqWMKo6FakQaWEs=) has sold ammo_762x54tracer x1 (a3abb540) at the trader "Weapons (Denis [#STR_EXPANSION_MARKET_TRADER_WEAPONS])" in market zone "Trader Zone" (pos=<6675.160645, 104.603935, 6114.155762>) and got 3.
12:40:40.762 [Market] Player "Gun" (id=dQV0MWQE63QrNRXqd-4btd7ZbIxSfqWMKo6FakQaWEs=) has sold ammo_762x54tracer x1 (a3abb540) at the trader "Weapons (Denis [#STR_EXPANSION_MARKET_TRADER_WEAPONS])" in market zone "Trader Zone" (pos=<6675.160645, 104.603935, 6114.155762>) and got 3.
12:40:41.279 [Market] Player "Gun" (id=dQV0MWQE63QrNRXqd-4btd7ZbIxSfqWMKo6FakQaWEs=) has sold ammo_762x54tracer x1 (a3abb540) at the trader "Weapons (Denis [#STR_EXPANSION_MARKET_TRADER_WEAPONS])" in market zone "Trader Zone" (pos=<6675.160645, 104.603935, 6114.155762>) and got 3.
12:40:57.749 [Market] Player "Gun" (id=dQV0MWQE63QrNRXqd-4btd7ZbIxSfqWMKo6FakQaWEs=) has sold akm x1 (6acc2f10) at the trader "Weapons (Denis [#STR_EXPANSION_MARKET_TRADER_WEAPONS])" in market zone "Trader Zone" (pos=<6675.160645, 104.603935, 6114.155762>) and got 1125.
12:41:11.774 [Market] Player "Gun" (id=dQV0MWQE63QrNRXqd-4btd7ZbIxSfqWMKo6FakQaWEs=) has sold p1 x1 (4eaa6b90) at the trader "Weapons (Denis [#STR_EXPANSION_MARKET_TRADER_WEAPONS])" in market zone "Trader Zone" (pos=<6675.160645, 104.603935, 6114.155762>) and got 187.
12:41:32.373 [Market] Player "Gun" (id=dQV0MWQE63QrNRXqd-4btd7ZbIxSfqWMKo6FakQaWEs=) has sold colt1911 x1 (48407b50) at the trader "Weapons (Denis [#STR_EXPANSION_MARKET_TRADER_WEAPONS])" in market zone "Trader Zone" (pos=<6675.160645, 104.603935, 6114.155762>) and got 63.
12:42:04.097 [Market] Player "Gun" (id=dQV0MWQE63QrNRXqd-4btd7ZbIxSfqWMKo6FakQaWEs=) has sold colt1911 x1 (4ea9f600) at the trader "Weapons (Denis [#STR_EXPANSION_MARKET_TRADER_WEAPONS])" in market zone "Trader Zone" (pos=<6675.160645, 104.603935, 6114.155762>) and got 63.
12:42:16.563 [Market] Player "Gun" (id=dQV0MWQE63QrNRXqd-4btd7ZbIxSfqWMKo6FakQaWEs=) has sold cz75 x1 (4eaaace0) at the trader "Weapons (Denis [#STR_EXPANSION_MARKET_TRADER_WEAPONS])" in market zone "Trader Zone" (pos=<6675.160645, 104.603935, 6114.155762>) and got 75.
12:43:06.562 [Market] Player "Gun" (id=dQV0MWQE63QrNRXqd-4btd7ZbIxSfqWMKo6FakQaWEs=) has sold ammo_45acp x1 (3c9d2950) at the trader "Weapons (Denis [#STR_EXPANSION_MARKET_TRADER_WEAPONS])" in market zone "Trader Zone" (pos=<6675.160645, 104.603935, 6114.155762>) and got 1.
12:43:06.930 [Market] Player "Gun" (id=dQV0MWQE63QrNRXqd-4btd7ZbIxSfqWMKo6FakQaWEs=) has sold ammo_45acp x1 (3c9d2950) at the trader "Weapons (Denis [#STR_EXPANSION_MARKET_TRADER_WEAPONS])" in market zone "Trader Zone" (pos=<6675.160645, 104.603935, 6114.155762>) and got 1.
12:43:07.102 [Market] Player "Gun" (id=dQV0MWQE63QrNRXqd-4btd7ZbIxSfqWMKo6FakQaWEs=) has sold ammo_45acp x1 (3c9d2950) at the trader "Weapons (Denis [#STR_EXPANSION_MARKET_TRADER_WEAPONS])" in market zone "Trader Zone" (pos=<6675.160645, 104.603935, 6114.155762>) and got 1.
12:43:07.284 [Market] Player "Gun" (id=dQV0MWQE63QrNRXqd-4btd7ZbIxSfqWMKo6FakQaWEs=) has sold ammo_45acp x1 (3c9bce70) at the trader "Weapons (Denis [#STR_EXPANSION_MARKET_TRADER_WEAPONS])" in market zone "Trader Zone" (pos=<6675.160645, 104.603935, 6114.155762>) and got 0.
12:43:07.473 [Market] Player "Gun" (id=dQV0MWQE63QrNRXqd-4btd7ZbIxSfqWMKo6FakQaWEs=) has sold ammo_45acp x1 (3c9bce70) at the trader "Weapons (Denis [#STR_EXPANSION_MARKET_TRADER_WEAPONS])" in market zone "Trader Zone" (pos=<6675.160645, 104.603935, 6114.155762>) and got 0.
12:43:07.584 [Market] Player "Gun" (id=dQV0MWQE63QrNRXqd-4btd7ZbIxSfqWMKo6FakQaWEs=) has sold ammo_45acp x1 (3c9bce70) at the trader "Weapons (Denis [#STR_EXPANSION_MARKET_TRADER_WEAPONS])" in market zone "Trader Zone" (pos=<6675.160645, 104.603935, 6114.155762>) and got 0.
12:43:08.087 [Market] Player "Gun" (id=dQV0MWQE63QrNRXqd-4btd7ZbIxSfqWMKo6FakQaWEs=) has sold ammo_45acp x1 (3c9bce70) at the trader "Weapons (Denis [#STR_EXPANSION_MARKET_TRADER_WEAPONS])" in market zone "Trader Zone" (pos=<6675.160645, 104.603935, 6114.155762>) and got 0.
12:43:08.964 [Market] Player "Gun" (id=dQV0MWQE63QrNRXqd-4btd7ZbIxSfqWMKo6FakQaWEs=) has sold ammo_45acp x1 (3c9bce70) at the trader "Weapons (Denis [#STR_EXPANSION_MARKET_TRADER_WEAPONS])" in market zone "Trader Zone" (pos=<6675.160645, 104.603935, 6114.155762>) and got 0.
12:43:09.455 [Market] Player "Gun" (id=dQV0MWQE63QrNRXqd-4btd7ZbIxSfqWMKo6FakQaWEs=) has sold ammo_45acp x1 (3c9bce70) at the trader "Weapons (Denis [#STR_EXPANSION_MARKET_TRADER_WEAPONS])" in market zone "Trader Zone" (pos=<6675.160645, 104.603935, 6114.155762>) and got 0.
12:43:17.632 [Market] Player "Gun" (id=dQV0MWQE63QrNRXqd-4btd7ZbIxSfqWMKo6FakQaWEs=) has sold ammobox_9x19_25rnd x1 (4ff04530) at the trader "Weapons (Denis [#STR_EXPANSION_MARKET_TRADER_WEAPONS])" in market zone "Trader Zone" (pos=<6675.160645, 104.603935, 6114.155762>) and got 30.
12:44:20.892 [Market] Player "Gun" (id=dQV0MWQE63QrNRXqd-4btd7ZbIxSfqWMKo6FakQaWEs=) has sold ammo_45acp x1 (3c2fcc40) at the trader "Weapons (Denis [#STR_EXPANSION_MARKET_TRADER_WEAPONS])" in market zone "Trader Zone" (pos=<6675.160645, 104.603935, 6114.155762>) and got 1.
12:44:21.633 [Market] Player "Gun" (id=dQV0MWQE63QrNRXqd-4btd7ZbIxSfqWMKo6FakQaWEs=) has sold ammo_45acp x1 (3c2fcc40) at the trader "Weapons (Denis [#STR_EXPANSION_MARKET_TRADER_WEAPONS])" in market zone "Trader Zone" (pos=<6675.160645, 104.603935, 6114.155762>) and got 1.
12:44:21.833 [Market] Player "Gun" (id=dQV0MWQE63QrNRXqd-4btd7ZbIxSfqWMKo6FakQaWEs=) has sold ammo_45acp x1 (3c2fcc40) at the trader "Weapons (Denis [#STR_EXPANSION_MARKET_TRADER_WEAPONS])" in market zone "Trader Zone" (pos=<6675.160645, 104.603935, 6114.155762>) and got 1.
12:44:21.979 [Market] Player "Gun" (id=dQV0MWQE63QrNRXqd-4btd7ZbIxSfqWMKo6FakQaWEs=) has sold ammo_45acp x1 (3c2fcc40) at the trader "Weapons (Denis [#STR_EXPANSION_MARKET_TRADER_WEAPONS])" in market zone "Trader Zone" (pos=<6675.160645, 104.603935, 6114.155762>) and got 1.
12:44:22.137 [Market] Player "Gun" (id=dQV0MWQE63QrNRXqd-4btd7ZbIxSfqWMKo6FakQaWEs=) has sold ammo_45acp x1 (3c2fcc40) at the trader "Weapons (Denis [#STR_EXPANSION_MARKET_TRADER_WEAPONS])" in market zone "Trader Zone" (pos=<6675.160645, 104.603935, 6114.155762>) and got 1.
12:44:22.464 [Market] Player "Gun" (id=dQV0MWQE63QrNRXqd-4btd7ZbIxSfqWMKo6FakQaWEs=) has sold ammo_45acp x1 (3c2fcc40) at the trader "Weapons (Denis [#STR_EXPANSION_MARKET_TRADER_WEAPONS])" in market zone "Trader Zone" (pos=<6675.160645, 104.603935, 6114.155762>) and got 1.
12:44:22.684 [Market] Player "Gun" (id=dQV0MWQE63QrNRXqd-4btd7ZbIxSfqWMKo6FakQaWEs=) has sold ammo_45acp x1 (3c2fcc40) at the trader "Weapons (Denis [#STR_EXPANSION_MARKET_TRADER_WEAPONS])" in market zone "Trader Zone" (pos=<6675.160645, 104.603935, 6114.155762>) and got 1.
12:44:22.823 [Market] Player "Gun" (id=dQV0MWQE63QrNRXqd-4btd7ZbIxSfqWMKo6FakQaWEs=) has sold ammo_45acp x1 (3c2fcc40) at the trader "Weapons (Denis [#STR_EXPANSION_MARKET_TRADER_WEAPONS])" in market zone "Trader Zone" (pos=<6675.160645, 104.603935, 6114.155762>) and got 1.
12:44:23.000 [Market] Player "Gun" (id=dQV0MWQE63QrNRXqd-4btd7ZbIxSfqWMKo6FakQaWEs=) has sold ammo_45acp x1 (3c2fcc40) at the trader "Weapons (Denis [#STR_EXPANSION_MARKET_TRADER_WEAPONS])" in market zone "Trader Zone" (pos=<6675.160645, 104.603935, 6114.155762>) and got 1.
12:44:23.179 [Market] Player "Gun" (id=dQV0MWQE63QrNRXqd-4btd7ZbIxSfqWMKo6FakQaWEs=) has sold ammo_45acp x1 (3c2fcc40) at the trader "Weapons (Denis [#STR_EXPANSION_MARKET_TRADER_WEAPONS])" in market zone "Trader Zone" (pos=<6675.160645, 104.603935, 6114.155762>) and got 1.
12:44:23.371 [Market] Player "Gun" (id=dQV0MWQE63QrNRXqd-4btd7ZbIxSfqWMKo6FakQaWEs=) has sold ammo_45acp x1 (3c2fcc40) at the trader "Weapons (Denis [#STR_EXPANSION_MARKET_TRADER_WEAPONS])" in market zone "Trader Zone" (pos=<6675.160645, 104.603935, 6114.155762>) and got 1.
12:44:23.562 [Market] Player "Gun" (id=dQV0MWQE63QrNRXqd-4btd7ZbIxSfqWMKo6FakQaWEs=) has sold ammo_45acp x1 (3c2fcc40) at the trader "Weapons (Denis [#STR_EXPANSION_MARKET_TRADER_WEAPONS])" in market zone "Trader Zone" (pos=<6675.160645, 104.603935, 6114.155762>) and got 1.
12:44:23.762 [Market] Player "Gun" (id=dQV0MWQE63QrNRXqd-4btd7ZbIxSfqWMKo6FakQaWEs=) has sold ammo_45acp x1 (3c2fcc40) at the trader "Weapons (Denis [#STR_EXPANSION_MARKET_TRADER_WEAPONS])" in market zone "Trader Zone" (pos=<6675.160645, 104.603935, 6114.155762>) and got 1.
12:44:23.978 [Market] Player "Gun" (id=dQV0MWQE63QrNRXqd-4btd7ZbIxSfqWMKo6FakQaWEs=) has sold ammo_45acp x1 (3c2fcc40) at the trader "Weapons (Denis [#STR_EXPANSION_MARKET_TRADER_WEAPONS])" in market zone "Trader Zone" (pos=<6675.160645, 104.603935, 6114.155762>) and got 1.
12:44:24.453 [Market] Player "Gun" (id=dQV0MWQE63QrNRXqd-4btd7ZbIxSfqWMKo6FakQaWEs=) has sold ammo_45acp x1 (3c2fcc40) at the trader "Weapons (Denis [#STR_EXPANSION_MARKET_TRADER_WEAPONS])" in market zone "Trader Zone" (pos=<6675.160645, 104.603935, 6114.155762>) and got 1.
12:44:24.631 [Market] Player "Gun" (id=dQV0MWQE63QrNRXqd-4btd7ZbIxSfqWMKo6FakQaWEs=) has sold ammo_45acp x1 (3c2fcc40) at the trader "Weapons (Denis [#STR_EXPANSION_MARKET_TRADER_WEAPONS])" in market zone "Trader Zone" (pos=<6675.160645, 104.603935, 6114.155762>) and got 1.
12:44:24.798 [Market] Player "Gun" (id=dQV0MWQE63QrNRXqd-4btd7ZbIxSfqWMKo6FakQaWEs=) has sold ammo_45acp x1 (3c2fcc40) at the trader "Weapons (Denis [#STR_EXPANSION_MARKET_TRADER_WEAPONS])" in market zone "Trader Zone" (pos=<6675.160645, 104.603935, 6114.155762>) and got 1.
12:44:24.987 [Market] Player "Gun" (id=dQV0MWQE63QrNRXqd-4btd7ZbIxSfqWMKo6FakQaWEs=) has sold ammo_45acp x1 (3c2fcc40) at the trader "Weapons (Denis [#STR_EXPANSION_MARKET_TRADER_WEAPONS])" in market zone "Trader Zone" (pos=<6675.160645, 104.603935, 6114.155762>) and got 1.
12:44:25.262 [Market] Player "Gun" (id=dQV0MWQE63QrNRXqd-4btd7ZbIxSfqWMKo6FakQaWEs=) has sold ammo_45acp x1 (3c2fcc40) at the trader "Weapons (Denis [#STR_EXPANSION_MARKET_TRADER_WEAPONS])" in market zone "Trader Zone" (pos=<6675.160645, 104.603935, 6114.155762>) and got 1.
12:44:25.486 [Market] Player "Gun" (id=dQV0MWQE63QrNRXqd-4btd7ZbIxSfqWMKo6FakQaWEs=) has sold ammo_45acp x1 (3c2fcc40) at the trader "Weapons (Denis [#STR_EXPANSION_MARKET_TRADER_WEAPONS])" in market zone "Trader Zone" (pos=<6675.160645, 104.603935, 6114.155762>) and got 1.
12:44:25.673 [Market] Player "Gun" (id=dQV0MWQE63QrNRXqd-4btd7ZbIxSfqWMKo6FakQaWEs=) has sold ammo_45acp x1 (3c2fcc40) at the trader "Weapons (Denis [#STR_EXPANSION_MARKET_TRADER_WEAPONS])" in market zone "Trader Zone" (pos=<6675.160645, 104.603935, 6114.155762>) and got 1.
12:44:26.291 [Market] Player "Gun" (id=dQV0MWQE63QrNRXqd-4btd7ZbIxSfqWMKo6FakQaWEs=) has sold ammo_45acp x1 (3c2fcc40) at the trader "Weapons (Denis [#STR_EXPANSION_MARKET_TRADER_WEAPONS])" in market zone "Trader Zone" (pos=<6675.160645, 104.603935, 6114.155762>) and got 1.
12:44:26.687 [Market] Player "Gun" (id=dQV0MWQE63QrNRXqd-4btd7ZbIxSfqWMKo6FakQaWEs=) has sold ammo_45acp x1 (3c2fcc40) at the trader "Weapons (Denis [#STR_EXPANSION_MARKET_TRADER_WEAPONS])" in market zone "Trader Zone" (pos=<6675.160645, 104.603935, 6114.155762>) and got 1.
12:44:27.136 [Market] Player "Gun" (id=dQV0MWQE63QrNRXqd-4btd7ZbIxSfqWMKo6FakQaWEs=) has sold ammo_45acp x1 (3c2fcc40) at the trader "Weapons (Denis [#STR_EXPANSION_MARKET_TRADER_WEAPONS])" in market zone "Trader Zone" (pos=<6675.160645, 104.603935, 6114.155762>) and got 1.
12:44:27.715 [Market] Player "Gun" (id=dQV0MWQE63QrNRXqd-4btd7ZbIxSfqWMKo6FakQaWEs=) has sold ammo_45acp x1 (3c2fcc40) at the trader "Weapons (Denis [#STR_EXPANSION_MARKET_TRADER_WEAPONS])" in market zone "Trader Zone" (pos=<6675.160645, 104.603935, 6114.155762>) and got 1.
12:44:31.007 [Market] Player "Gun" (id=dQV0MWQE63QrNRXqd-4btd7ZbIxSfqWMKo6FakQaWEs=) has sold ammo_9x19 x1 (3c9cd860) at the trader "Weapons (Denis [#STR_EXPANSION_MARKET_TRADER_WEAPONS])" in market zone "Trader Zone" (pos=<6675.160645, 104.603935, 6114.155762>) and got 1.
12:44:31.184 [Market] Player "Gun" (id=dQV0MWQE63QrNRXqd-4btd7ZbIxSfqWMKo6FakQaWEs=) has sold ammo_9x19 x1 (3c9cd860) at the trader "Weapons (Denis [#STR_EXPANSION_MARKET_TRADER_WEAPONS])" in market zone "Trader Zone" (pos=<6675.160645, 104.603935, 6114.155762>) and got 1.
12:44:31.362 [Market] Player "Gun" (id=dQV0MWQE63QrNRXqd-4btd7ZbIxSfqWMKo6FakQaWEs=) has sold ammo_9x19 x1 (3c9cd860) at the trader "Weapons (Denis [#STR_EXPANSION_MARKET_TRADER_WEAPONS])" in market zone "Trader Zone" (pos=<6675.160645, 104.603935, 6114.155762>) and got 1.
12:44:31.511 [Market] Player "Gun" (id=dQV0MWQE63QrNRXqd-4btd7ZbIxSfqWMKo6FakQaWEs=) has sold ammo_9x19 x1 (3c9cd860) at the trader "Weapons (Denis [#STR_EXPANSION_MARKET_TRADER_WEAPONS])" in market zone "Trader Zone" (pos=<6675.160645, 104.603935, 6114.155762>) and got 1.
12:44:31.715 [Market] Player "Gun" (id=dQV0MWQE63QrNRXqd-4btd7ZbIxSfqWMKo6FakQaWEs=) has sold ammo_9x19 x1 (3c9cd860) at the trader "Weapons (Denis [#STR_EXPANSION_MARKET_TRADER_WEAPONS])" in market zone "Trader Zone" (pos=<6675.160645, 104.603935, 6114.155762>) and got 1.
12:44:31.850 [Market] Player "Gun" (id=dQV0MWQE63QrNRXqd-4btd7ZbIxSfqWMKo6FakQaWEs=) has sold ammo_9x19 x1 (3c9cd860) at the trader "Weapons (Denis [#STR_EXPANSION_MARKET_TRADER_WEAPONS])" in market zone "Trader Zone" (pos=<6675.160645, 104.603935, 6114.155762>) and got 1.
12:44:32.057 [Market] Player "Gun" (id=dQV0MWQE63QrNRXqd-4btd7ZbIxSfqWMKo6FakQaWEs=) has sold ammo_9x19 x1 (4f3bf510) at the trader "Weapons (Denis [#STR_EXPANSION_MARKET_TRADER_WEAPONS])" in market zone "Trader Zone" (pos=<6675.160645, 104.603935, 6114.155762>) and got 1.
12:44:32.188 [Market] Player "Gun" (id=dQV0MWQE63QrNRXqd-4btd7ZbIxSfqWMKo6FakQaWEs=) has sold ammo_9x19 x1 (4f3bf510) at the trader "Weapons (Denis [#STR_EXPANSION_MARKET_TRADER_WEAPONS])" in market zone "Trader Zone" (pos=<6675.160645, 104.603935, 6114.155762>) and got 1.
12:44:32.405 [Market] Player "Gun" (id=dQV0MWQE63QrNRXqd-4btd7ZbIxSfqWMKo6FakQaWEs=) has sold ammo_9x19 x1 (4f3bf510) at the trader "Weapons (Denis [#STR_EXPANSION_MARKET_TRADER_WEAPONS])" in market zone "Trader Zone" (pos=<6675.160645, 104.603935, 6114.155762>) and got 1.
12:44:32.579 [Market] Player "Gun" (id=dQV0MWQE63QrNRXqd-4btd7ZbIxSfqWMKo6FakQaWEs=) has sold ammo_9x19 x1 (4f3bf510) at the trader "Weapons (Denis [#STR_EXPANSION_MARKET_TRADER_WEAPONS])" in market zone "Trader Zone" (pos=<6675.160645, 104.603935, 6114.155762>) and got 1.
12:44:32.758 [Market] Player "Gun" (id=dQV0MWQE63QrNRXqd-4btd7ZbIxSfqWMKo6FakQaWEs=) has sold ammo_9x19 x1 (4f3bf510) at the trader "Weapons (Denis [#STR_EXPANSION_MARKET_TRADER_WEAPONS])" in market zone "Trader Zone" (pos=<6675.160645, 104.603935, 6114.155762>) and got 1.
12:44:32.925 [Market] Player "Gun" (id=dQV0MWQE63QrNRXqd-4btd7ZbIxSfqWMKo6FakQaWEs=) has sold ammo_9x19 x1 (4f3bf510) at the trader "Weapons (Denis [#STR_EXPANSION_MARKET_TRADER_WEAPONS])" in market zone "Trader Zone" (pos=<6675.160645, 104.603935, 6114.155762>) and got 1.
12:44:33.093 [Market] Player "Gun" (id=dQV0MWQE63QrNRXqd-4btd7ZbIxSfqWMKo6FakQaWEs=) has sold ammo_9x19 x1 (4f3bf510) at the trader "Weapons (Denis [#STR_EXPANSION_MARKET_TRADER_WEAPONS])" in market zone "Trader Zone" (pos=<6675.160645, 104.603935, 6114.155762>) and got 1.
12:44:33.282 [Market] Player "Gun" (id=dQV0MWQE63QrNRXqd-4btd7ZbIxSfqWMKo6FakQaWEs=) has sold ammo_9x19 x1 (4f3bf510) at the trader "Weapons (Denis [#STR_EXPANSION_MARKET_TRADER_WEAPONS])" in market zone "Trader Zone" (pos=<6675.160645, 104.603935, 6114.155762>) and got 1.
12:44:33.419 [Market] Player "Gun" (id=dQV0MWQE63QrNRXqd-4btd7ZbIxSfqWMKo6FakQaWEs=) has sold ammo_9x19 x1 (4f3bf510) at the trader "Weapons (Denis [#STR_EXPANSION_MARKET_TRADER_WEAPONS])" in market zone "Trader Zone" (pos=<6675.160645, 104.603935, 6114.155762>) and got 1.
12:44:33.578 [Market] Player "Gun" (id=dQV0MWQE63QrNRXqd-4btd7ZbIxSfqWMKo6FakQaWEs=) has sold ammo_9x19 x1 (4f3bf510) at the trader "Weapons (Denis [#STR_EXPANSION_MARKET_TRADER_WEAPONS])" in market zone "Trader Zone" (pos=<6675.160645, 104.603935, 6114.155762>) and got 1.
12:44:33.757 [Market] Player "Gun" (id=dQV0MWQE63QrNRXqd-4btd7ZbIxSfqWMKo6FakQaWEs=) has sold ammo_9x19 x1 (4f3bf510) at the trader "Weapons (Denis [#STR_EXPANSION_MARKET_TRADER_WEAPONS])" in market zone "Trader Zone" (pos=<6675.160645, 104.603935, 6114.155762>) and got 1.
12:44:33.917 [Market] Player "Gun" (id=dQV0MWQE63QrNRXqd-4btd7ZbIxSfqWMKo6FakQaWEs=) has sold ammo_9x19 x1 (4f3bf510) at the trader "Weapons (Denis [#STR_EXPANSION_MARKET_TRADER_WEAPONS])" in market zone "Trader Zone" (pos=<6675.160645, 104.603935, 6114.155762>) and got 1.
12:44:34.088 [Market] Player "Gun" (id=dQV0MWQE63QrNRXqd-4btd7ZbIxSfqWMKo6FakQaWEs=) has sold ammo_9x19 x1 (4f3bf510) at the trader "Weapons (Denis [#STR_EXPANSION_MARKET_TRADER_WEAPONS])" in market zone "Trader Zone" (pos=<6675.160645, 104.603935, 6114.155762>) and got 1.
12:44:34.256 [Market] Player "Gun" (id=dQV0MWQE63QrNRXqd-4btd7ZbIxSfqWMKo6FakQaWEs=) has sold ammo_9x19 x1 (3c9afe50) at the trader "Weapons (Denis [#STR_EXPANSION_MARKET_TRADER_WEAPONS])" in market zone "Trader Zone" (pos=<6675.160645, 104.603935, 6114.155762>) and got 0.
12:44:34.428 [Market] Player "Gun" (id=dQV0MWQE63QrNRXqd-4btd7ZbIxSfqWMKo6FakQaWEs=) has sold ammo_9x19 x1 (3c9afe50) at the trader "Weapons (Denis [#STR_EXPANSION_MARKET_TRADER_WEAPONS])" in market zone "Trader Zone" (pos=<6675.160645, 104.603935, 6114.155762>) and got 0.
12:44:34.653 [Market] Player "Gun" (id=dQV0MWQE63QrNRXqd-4btd7ZbIxSfqWMKo6FakQaWEs=) has sold ammo_9x19 x1 (7334c560) at the trader "Weapons (Denis [#STR_EXPANSION_MARKET_TRADER_WEAPONS])" in market zone "Trader Zone" (pos=<6675.160645, 104.603935, 6114.155762>) and got 0.
12:44:34.788 [Market] Player "Gun" (id=dQV0MWQE63QrNRXqd-4btd7ZbIxSfqWMKo6FakQaWEs=) has sold ammo_9x19 x1 (7334c560) at the trader "Weapons (Denis [#STR_EXPANSION_MARKET_TRADER_WEAPONS])" in market zone "Trader Zone" (pos=<6675.160645, 104.603935, 6114.155762>) and got 0.
12:44:34.973 [Market] Player "Gun" (id=dQV0MWQE63QrNRXqd-4btd7ZbIxSfqWMKo6FakQaWEs=) has sold ammo_9x19 x1 (7334c560) at the trader "Weapons (Denis [#STR_EXPANSION_MARKET_TRADER_WEAPONS])" in market zone "Trader Zone" (pos=<6675.160645, 104.603935, 6114.155762>) and got 0.
12:44:35.296 [Market] Player "Gun" (id=dQV0MWQE63QrNRXqd-4btd7ZbIxSfqWMKo6FakQaWEs=) has sold ammo_9x19 x1 (7334c560) at the trader "Weapons (Denis [#STR_EXPANSION_MARKET_TRADER_WEAPONS])" in market zone "Trader Zone" (pos=<6675.160645, 104.603935, 6114.155762>) and got 0.
12:44:35.480 [Market] Player "Gun" (id=dQV0MWQE63QrNRXqd-4btd7ZbIxSfqWMKo6FakQaWEs=) has sold ammo_9x19 x1 (7334c560) at the trader "Weapons (Denis [#STR_EXPANSION_MARKET_TRADER_WEAPONS])" in market zone "Trader Zone" (pos=<6675.160645, 104.603935, 6114.155762>) and got 0.
12:44:35.692 [Market] Player "Gun" (id=dQV0MWQE63QrNRXqd-4btd7ZbIxSfqWMKo6FakQaWEs=) has sold ammo_9x19 x1 (7334c560) at the trader "Weapons (Denis [#STR_EXPANSION_MARKET_TRADER_WEAPONS])" in market zone "Trader Zone" (pos=<6675.160645, 104.603935, 6114.155762>) and got 0.
12:44:35.878 [Market] Player "Gun" (id=dQV0MWQE63QrNRXqd-4btd7ZbIxSfqWMKo6FakQaWEs=) has sold ammo_9x19 x1 (7334c560) at the trader "Weapons (Denis [#STR_EXPANSION_MARKET_TRADER_WEAPONS])" in market zone "Trader Zone" (pos=<6675.160645, 104.603935, 6114.155762>) and got 0.
12:44:36.059 [Market] Player "Gun" (id=dQV0MWQE63QrNRXqd-4btd7ZbIxSfqWMKo6FakQaWEs=) has sold ammo_9x19 x1 (7334c560) at the trader "Weapons (Denis [#STR_EXPANSION_MARKET_TRADER_WEAPONS])" in market zone "Trader Zone" (pos=<6675.160645, 104.603935, 6114.155762>) and got 0.
12:44:36.267 [Market] Player "Gun" (id=dQV0MWQE63QrNRXqd-4btd7ZbIxSfqWMKo6FakQaWEs=) has sold ammo_9x19 x1 (7334c560) at the trader "Weapons (Denis [#STR_EXPANSION_MARKET_TRADER_WEAPONS])" in market zone "Trader Zone" (pos=<6675.160645, 104.603935, 6114.155762>) and got 0.
12:44:36.417 [Market] Player "Gun" (id=dQV0MWQE63QrNRXqd-4btd7ZbIxSfqWMKo6FakQaWEs=) has sold ammo_9x19 x1 (7334c560) at the trader "Weapons (Denis [#STR_EXPANSION_MARKET_TRADER_WEAPONS])" in market zone "Trader Zone" (pos=<6675.160645, 104.603935, 6114.155762>) and got 0.
12:44:36.587 [Market] Player "Gun" (id=dQV0MWQE63QrNRXqd-4btd7ZbIxSfqWMKo6FakQaWEs=) has sold ammo_9x19 x1 (7334c560) at the trader "Weapons (Denis [#STR_EXPANSION_MARKET_TRADER_WEAPONS])" in market zone "Trader Zone" (pos=<6675.160645, 104.603935, 6114.155762>) and got 0.
12:44:36.970 [Market] Player "Gun" (id=dQV0MWQE63QrNRXqd-4btd7ZbIxSfqWMKo6FakQaWEs=) has sold ammo_9x19 x1 (7334c560) at the trader "Weapons (Denis [#STR_EXPANSION_MARKET_TRADER_WEAPONS])" in market zone "Trader Zone" (pos=<6675.160645, 104.603935, 6114.155762>) and got 0.
12:44:37.124 [Market] Player "Gun" (id=dQV0MWQE63QrNRXqd-4btd7ZbIxSfqWMKo6FakQaWEs=) has sold ammo_9x19 x1 (7334c560) at the trader "Weapons (Denis [#STR_EXPANSION_MARKET_TRADER_WEAPONS])" in market zone "Trader Zone" (pos=<6675.160645, 104.603935, 6114.155762>) and got 0.
12:44:37.337 [Market] Player "Gun" (id=dQV0MWQE63QrNRXqd-4btd7ZbIxSfqWMKo6FakQaWEs=) has sold ammo_9x19 x1 (7334c560) at the trader "Weapons (Denis [#STR_EXPANSION_MARKET_TRADER_WEAPONS])" in market zone "Trader Zone" (pos=<6675.160645, 104.603935, 6114.155762>) and got 0.
12:44:37.594 [Market] Player "Gun" (id=dQV0MWQE63QrNRXqd-4btd7ZbIxSfqWMKo6FakQaWEs=) has sold ammo_9x19 x1 (7334c560) at the trader "Weapons (Denis [#STR_EXPANSION_MARKET_TRADER_WEAPONS])" in market zone "Trader Zone" (pos=<6675.160645, 104.603935, 6114.155762>) and got 0.
12:44:37.769 [Market] Player "Gun" (id=dQV0MWQE63QrNRXqd-4btd7ZbIxSfqWMKo6FakQaWEs=) has sold ammo_9x19 x1 (7334c560) at the trader "Weapons (Denis [#STR_EXPANSION_MARKET_TRADER_WEAPONS])" in market zone "Trader Zone" (pos=<6675.160645, 104.603935, 6114.155762>) and got 0.
12:44:37.944 [Market] Player "Gun" (id=dQV0MWQE63QrNRXqd-4btd7ZbIxSfqWMKo6FakQaWEs=) has sold ammo_9x19 x1 (7334c560) at the trader "Weapons (Denis [#STR_EXPANSION_MARKET_TRADER_WEAPONS])" in market zone "Trader Zone" (pos=<6675.160645, 104.603935, 6114.155762>) and got 0.
12:44:38.128 [Market] Player "Gun" (id=dQV0MWQE63QrNRXqd-4btd7ZbIxSfqWMKo6FakQaWEs=) has sold ammo_9x19 x1 (7334c560) at the trader "Weapons (Denis [#STR_EXPANSION_MARKET_TRADER_WEAPONS])" in market zone "Trader Zone" (pos=<6675.160645, 104.603935, 6114.155762>) and got 0.
12:44:38.309 [Market] Player "Gun" (id=dQV0MWQE63QrNRXqd-4btd7ZbIxSfqWMKo6FakQaWEs=) has sold ammo_9x19 x1 (7334c560) at the trader "Weapons (Denis [#STR_EXPANSION_MARKET_TRADER_WEAPONS])" in market zone "Trader Zone" (pos=<6675.160645, 104.603935, 6114.155762>) and got 0.
12:44:38.496 [Market] Player "Gun" (id=dQV0MWQE63QrNRXqd-4btd7ZbIxSfqWMKo6FakQaWEs=) has sold ammo_9x19 x1 (7334c560) at the trader "Weapons (Denis [#STR_EXPANSION_MARKET_TRADER_WEAPONS])" in market zone "Trader Zone" (pos=<6675.160645, 104.603935, 6114.155762>) and got 0.
12:44:38.682 [Market] Player "Gun" (id=dQV0MWQE63QrNRXqd-4btd7ZbIxSfqWMKo6FakQaWEs=) has sold ammo_9x19 x1 (7334c560) at the trader "Weapons (Denis [#STR_EXPANSION_MARKET_TRADER_WEAPONS])" in market zone "Trader Zone" (pos=<6675.160645, 104.603935, 6114.155762>) and got 0.
12:44:39.079 [Market] Player "Gun" (id=dQV0MWQE63QrNRXqd-4btd7ZbIxSfqWMKo6FakQaWEs=) has sold ammo_9x19 x1 (7334c560) at the trader "Weapons (Denis [#STR_EXPANSION_MARKET_TRADER_WEAPONS])" in market zone "Trader Zone" (pos=<6675.160645, 104.603935, 6114.155762>) and got 0.
12:44:39.620 [Market] Player "Gun" (id=dQV0MWQE63QrNRXqd-4btd7ZbIxSfqWMKo6FakQaWEs=) has sold ammo_9x19 x1 (7334c560) at the trader "Weapons (Denis [#STR_EXPANSION_MARKET_TRADER_WEAPONS])" in market zone "Trader Zone" (pos=<6675.160645, 104.603935, 6114.155762>) and got 0.
12:44:39.999 [Market] Player "Gun" (id=dQV0MWQE63QrNRXqd-4btd7ZbIxSfqWMKo6FakQaWEs=) has sold ammo_9x19 x1 (7334c560) at the trader "Weapons (Denis [#STR_EXPANSION_MARKET_TRADER_WEAPONS])" in market zone "Trader Zone" (pos=<6675.160645, 104.603935, 6114.155762>) and got 0.
12:44:40.204 [Market] Player "Gun" (id=dQV0MWQE63QrNRXqd-4btd7ZbIxSfqWMKo6FakQaWEs=) has sold ammo_9x19 x1 (7334c560) at the trader "Weapons (Denis [#STR_EXPANSION_MARKET_TRADER_WEAPONS])" in market zone "Trader Zone" (pos=<6675.160645, 104.603935, 6114.155762>) and got 0.
12:44:40.740 [Market] Player "Gun" (id=dQV0MWQE63QrNRXqd-4btd7ZbIxSfqWMKo6FakQaWEs=) has sold ammo_9x19 x1 (7334ae40) at the trader "Weapons (Denis [#STR_EXPANSION_MARKET_TRADER_WEAPONS])" in market zone "Trader Zone" (pos=<6675.160645, 104.603935, 6114.155762>) and got 0.
12:44:41.531 [Market] Player "Gun" (id=dQV0MWQE63QrNRXqd-4btd7ZbIxSfqWMKo6FakQaWEs=) has sold ammo_9x19 x1 (7334ae40) at the trader "Weapons (Denis [#STR_EXPANSION_MARKET_TRADER_WEAPONS])" in market zone "Trader Zone" (pos=<6675.160645, 104.603935, 6114.155762>) and got 0.
12:46:43.454 [Market] Player "Gun" (id=dQV0MWQE63QrNRXqd-4btd7ZbIxSfqWMKo6FakQaWEs=) has sold ammo_380 x1 (44c96710) at the trader "Weapons (Denis [#STR_EXPANSION_MARKET_TRADER_WEAPONS])" in market zone "Trader Zone" (pos=<6675.160645, 104.603935, 6114.155762>) and got 1.
12:46:43.651 [Market] Player "Gun" (id=dQV0MWQE63QrNRXqd-4btd7ZbIxSfqWMKo6FakQaWEs=) has sold ammo_380 x1 (44c96710) at the trader "Weapons (Denis [#STR_EXPANSION_MARKET_TRADER_WEAPONS])" in market zone "Trader Zone" (pos=<6675.160645, 104.603935, 6114.155762>) and got 1.
12:46:43.838 [Market] Player "Gun" (id=dQV0MWQE63QrNRXqd-4btd7ZbIxSfqWMKo6FakQaWEs=) has sold ammo_380 x1 (44c96710) at the trader "Weapons (Denis [#STR_EXPANSION_MARKET_TRADER_WEAPONS])" in market zone "Trader Zone" (pos=<6675.160645, 104.603935, 6114.155762>) and got 1.
12:46:44.007 [Market] Player "Gun" (id=dQV0MWQE63QrNRXqd-4btd7ZbIxSfqWMKo6FakQaWEs=) has sold ammo_380 x1 (44c96710) at the trader "Weapons (Denis [#STR_EXPANSION_MARKET_TRADER_WEAPONS])" in market zone "Trader Zone" (pos=<6675.160645, 104.603935, 6114.155762>) and got 1.
12:46:44.202 [Market] Player "Gun" (id=dQV0MWQE63QrNRXqd-4btd7ZbIxSfqWMKo6FakQaWEs=) has sold ammo_380 x1 (44c96710) at the trader "Weapons (Denis [#STR_EXPANSION_MARKET_TRADER_WEAPONS])" in market zone "Trader Zone" (pos=<6675.160645, 104.603935, 6114.155762>) and got 1.
12:46:44.355 [Market] Player "Gun" (id=dQV0MWQE63QrNRXqd-4btd7ZbIxSfqWMKo6FakQaWEs=) has sold ammo_380 x1 (44c96710) at the trader "Weapons (Denis [#STR_EXPANSION_MARKET_TRADER_WEAPONS])" in market zone "Trader Zone" (pos=<6675.160645, 104.603935, 6114.155762>) and got 1.
12:46:44.508 [Market] Player "Gun" (id=dQV0MWQE63QrNRXqd-4btd7ZbIxSfqWMKo6FakQaWEs=) has sold ammo_380 x1 (44c96710) at the trader "Weapons (Denis [#STR_EXPANSION_MARKET_TRADER_WEAPONS])" in market zone "Trader Zone" (pos=<6675.160645, 104.603935, 6114.155762>) and got 1.
12:46:44.666 [Market] Player "Gun" (id=dQV0MWQE63QrNRXqd-4btd7ZbIxSfqWMKo6FakQaWEs=) has sold ammo_380 x1 (44c96710) at the trader "Weapons (Denis [#STR_EXPANSION_MARKET_TRADER_WEAPONS])" in market zone "Trader Zone" (pos=<6675.160645, 104.603935, 6114.155762>) and got 1.
12:46:44.870 [Market] Player "Gun" (id=dQV0MWQE63QrNRXqd-4btd7ZbIxSfqWMKo6FakQaWEs=) has sold ammo_380 x1 (44c96710) at the trader "Weapons (Denis [#STR_EXPANSION_MARKET_TRADER_WEAPONS])" in market zone "Trader Zone" (pos=<6675.160645, 104.603935, 6114.155762>) and got 1.
12:46:45.031 [Market] Player "Gun" (id=dQV0MWQE63QrNRXqd-4btd7ZbIxSfqWMKo6FakQaWEs=) has sold ammo_380 x1 (44c96710) at the trader "Weapons (Denis [#STR_EXPANSION_MARKET_TRADER_WEAPONS])" in market zone "Trader Zone" (pos=<6675.160645, 104.603935, 6114.155762>) and got 1.
12:46:45.244 [Market] Player "Gun" (id=dQV0MWQE63QrNRXqd-4btd7ZbIxSfqWMKo6FakQaWEs=) has sold ammo_380 x1 (44c96710) at the trader "Weapons (Denis [#STR_EXPANSION_MARKET_TRADER_WEAPONS])" in market zone "Trader Zone" (pos=<6675.160645, 104.603935, 6114.155762>) and got 1.
12:46:45.391 [Market] Player "Gun" (id=dQV0MWQE63QrNRXqd-4btd7ZbIxSfqWMKo6FakQaWEs=) has sold ammo_380 x1 (44c96710) at the trader "Weapons (Denis [#STR_EXPANSION_MARKET_TRADER_WEAPONS])" in market zone "Trader Zone" (pos=<6675.160645, 104.603935, 6114.155762>) and got 1.
12:46:45.597 [Market] Player "Gun" (id=dQV0MWQE63QrNRXqd-4btd7ZbIxSfqWMKo6FakQaWEs=) has sold ammo_380 x1 (44c96710) at the trader "Weapons (Denis [#STR_EXPANSION_MARKET_TRADER_WEAPONS])" in market zone "Trader Zone" (pos=<6675.160645, 104.603935, 6114.155762>) and got 1.
12:46:45.781 [Market] Player "Gun" (id=dQV0MWQE63QrNRXqd-4btd7ZbIxSfqWMKo6FakQaWEs=) has sold ammo_380 x1 (44c96710) at the trader "Weapons (Denis [#STR_EXPANSION_MARKET_TRADER_WEAPONS])" in market zone "Trader Zone" (pos=<6675.160645, 104.603935, 6114.155762>) and got 1.
12:46:45.993 [Market] Player "Gun" (id=dQV0MWQE63QrNRXqd-4btd7ZbIxSfqWMKo6FakQaWEs=) has sold ammo_380 x1 (44c96710) at the trader "Weapons (Denis [#STR_EXPANSION_MARKET_TRADER_WEAPONS])" in market zone "Trader Zone" (pos=<6675.160645, 104.603935, 6114.155762>) and got 1.
12:46:46.182 [Market] Player "Gun" (id=dQV0MWQE63QrNRXqd-4btd7ZbIxSfqWMKo6FakQaWEs=) has sold ammo_380 x1 (44c96710) at the trader "Weapons (Denis [#STR_EXPANSION_MARKET_TRADER_WEAPONS])" in market zone "Trader Zone" (pos=<6675.160645, 104.603935, 6114.155762>) and got 1.
12:46:46.336 [Market] Player "Gun" (id=dQV0MWQE63QrNRXqd-4btd7ZbIxSfqWMKo6FakQaWEs=) has sold ammo_380 x1 (44c96710) at the trader "Weapons (Denis [#STR_EXPANSION_MARKET_TRADER_WEAPONS])" in market zone "Trader Zone" (pos=<6675.160645, 104.603935, 6114.155762>) and got 1.
12:46:46.821 [Market] Player "Gun" (id=dQV0MWQE63QrNRXqd-4btd7ZbIxSfqWMKo6FakQaWEs=) has sold ammo_380 x1 (44c96710) at the trader "Weapons (Denis [#STR_EXPANSION_MARKET_TRADER_WEAPONS])" in market zone "Trader Zone" (pos=<6675.160645, 104.603935, 6114.155762>) and got 1.
12:46:47.208 [Market] Player "Gun" (id=dQV0MWQE63QrNRXqd-4btd7ZbIxSfqWMKo6FakQaWEs=) has sold ammo_380 x1 (44c96710) at the trader "Weapons (Denis [#STR_EXPANSION_MARKET_TRADER_WEAPONS])" in market zone "Trader Zone" (pos=<6675.160645, 104.603935, 6114.155762>) and got 1.
12:46:47.718 [Market] Player "Gun" (id=dQV0MWQE63QrNRXqd-4btd7ZbIxSfqWMKo6FakQaWEs=) has sold ammo_380 x1 (44c96710) at the trader "Weapons (Denis [#STR_EXPANSION_MARKET_TRADER_WEAPONS])" in market zone "Trader Zone" (pos=<6675.160645, 104.603935, 6114.155762>) and got 1.
12:46:48.901 [Market] Player "Gun" (id=dQV0MWQE63QrNRXqd-4btd7ZbIxSfqWMKo6FakQaWEs=) has sold ammo_762x39 x1 (43971b80) at the trader "Weapons (Denis [#STR_EXPANSION_MARKET_TRADER_WEAPONS])" in market zone "Trader Zone" (pos=<6675.160645, 104.603935, 6114.155762>) and got 1.
12:46:49.117 [Market] Player "Gun" (id=dQV0MWQE63QrNRXqd-4btd7ZbIxSfqWMKo6FakQaWEs=) has sold ammo_762x39 x1 (43971b80) at the trader "Weapons (Denis [#STR_EXPANSION_MARKET_TRADER_WEAPONS])" in market zone "Trader Zone" (pos=<6675.160645, 104.603935, 6114.155762>) and got 1.
12:46:49.332 [Market] Player "Gun" (id=dQV0MWQE63QrNRXqd-4btd7ZbIxSfqWMKo6FakQaWEs=) has sold ammo_762x39 x1 (43971b80) at the trader "Weapons (Denis [#STR_EXPANSION_MARKET_TRADER_WEAPONS])" in market zone "Trader Zone" (pos=<6675.160645, 104.603935, 6114.155762>) and got 1.
12:46:49.518 [Market] Player "Gun" (id=dQV0MWQE63QrNRXqd-4btd7ZbIxSfqWMKo6FakQaWEs=) has sold ammo_762x39 x1 (43971b80) at the trader "Weapons (Denis [#STR_EXPANSION_MARKET_TRADER_WEAPONS])" in market zone "Trader Zone" (pos=<6675.160645, 104.603935, 6114.155762>) and got 1.
12:46:50.233 [Market] Player "Gun" (id=dQV0MWQE63QrNRXqd-4btd7ZbIxSfqWMKo6FakQaWEs=) has sold ammo_762x39 x1 (43971b80) at the trader "Weapons (Denis [#STR_EXPANSION_MARKET_TRADER_WEAPONS])" in market zone "Trader Zone" (pos=<6675.160645, 104.603935, 6114.155762>) and got 1.
12:47:37.865 [Market] Player "Gun" (id=dQV0MWQE63QrNRXqd-4btd7ZbIxSfqWMKo6FakQaWEs=) has bought ammobox_556x45_20rnd x1 (41e8ed40) from the trader "Weapons (Denis [#STR_EXPANSION_MARKET_TRADER_WEAPONS])" in market zone "Trader Zone" (pos=<6675.160645, 104.603935, 6114.155762>) for a price of 32.
12:47:38.854 [Market] Player "Gun" (id=dQV0MWQE63QrNRXqd-4btd7ZbIxSfqWMKo6FakQaWEs=) has bought ammobox_556x45_20rnd x1 (41e92710) from the trader "Weapons (Denis [#STR_EXPANSION_MARKET_TRADER_WEAPONS])" in market zone "Trader Zone" (pos=<6675.160645, 104.603935, 6114.155762>) for a price of 32.
12:48:48.268 [Market] Player "Gun" (id=dQV0MWQE63QrNRXqd-4btd7ZbIxSfqWMKo6FakQaWEs=) has bought ammobox_556x45_20rnd x1 (33ea0300) from the trader "Weapons (Denis [#STR_EXPANSION_MARKET_TRADER_WEAPONS])" in market zone "Trader Zone" (pos=<6675.160645, 104.603935, 6114.155762>) for a price of 32.
12:48:49.461 [Market] Player "Gun" (id=dQV0MWQE63QrNRXqd-4btd7ZbIxSfqWMKo6FakQaWEs=) has bought ammobox_556x45_20rnd x1 (33e9bda0) from the trader "Weapons (Denis [#STR_EXPANSION_MARKET_TRADER_WEAPONS])" in market zone "Trader Zone" (pos=<6675.160645, 104.603935, 6114.155762>) for a price of 32.
12:48:50.187 [Market] Player "Gun" (id=dQV0MWQE63QrNRXqd-4btd7ZbIxSfqWMKo6FakQaWEs=) has bought ammobox_556x45_20rnd x1 (33ea0e90) from the trader "Weapons (Denis [#STR_EXPANSION_MARKET_TRADER_WEAPONS])" in market zone "Trader Zone" (pos=<6675.160645, 104.603935, 6114.155762>) for a price of 32.
12:49:03.396 [Market] Player "Gun" (id=dQV0MWQE63QrNRXqd-4btd7ZbIxSfqWMKo6FakQaWEs=) has sold ak_woodbttstck x1 (a3abcc60) at the trader "Attachments (Jose [#STR_EXPANSION_MARKET_TRADER_ATTACHMENTS])" in market zone "Trader Zone" (pos=<6675.160645, 104.603935, 6114.155762>) and got 112.
12:49:05.145 [Market] Player "Gun" (id=dQV0MWQE63QrNRXqd-4btd7ZbIxSfqWMKo6FakQaWEs=) has sold ak_woodhndgrd x1 (a3ab6450) at the trader "Attachments (Jose [#STR_EXPANSION_MARKET_TRADER_ATTACHMENTS])" in market zone "Trader Zone" (pos=<6675.160645, 104.603935, 6114.155762>) and got 150.
12:49:10.682 [Market] Player "Gun" (id=dQV0MWQE63QrNRXqd-4btd7ZbIxSfqWMKo6FakQaWEs=) has sold mag_expansion_kedr_20rnd x1 (a3abc0d0) at the trader "Attachments (Jose [#STR_EXPANSION_MARKET_TRADER_ATTACHMENTS])" in market zone "Trader Zone" (pos=<6675.160645, 104.603935, 6114.155762>) and got 150.
12:49:11.943 [Market] Player "Gun" (id=dQV0MWQE63QrNRXqd-4btd7ZbIxSfqWMKo6FakQaWEs=) has sold mag_ump_25rnd x1 (a3ab6fe0) at the trader "Attachments (Jose [#STR_EXPANSION_MARKET_TRADER_ATTACHMENTS])" in market zone "Trader Zone" (pos=<6675.160645, 104.603935, 6114.155762>) and got 112.
12:49:12.921 [Market] Player "Gun" (id=dQV0MWQE63QrNRXqd-4btd7ZbIxSfqWMKo6FakQaWEs=) has sold mag_cz527_5rnd x1 (a3aba9b0) at the trader "Attachments (Jose [#STR_EXPANSION_MARKET_TRADER_ATTACHMENTS])" in market zone "Trader Zone" (pos=<6675.160645, 104.603935, 6114.155762>) and got 45.
12:49:13.730 [Market] Player "Gun" (id=dQV0MWQE63QrNRXqd-4btd7ZbIxSfqWMKo6FakQaWEs=) has sold mag_scout_5rnd x1 (4fcd4e50) at the trader "Attachments (Jose [#STR_EXPANSION_MARKET_TRADER_ATTACHMENTS])" in market zone "Trader Zone" (pos=<6675.160645, 104.603935, 6114.155762>) and got 93.
12:49:15.071 [Market] Player "Gun" (id=dQV0MWQE63QrNRXqd-4btd7ZbIxSfqWMKo6FakQaWEs=) has sold mag_1911_7rnd x1 (4f3b8d00) at the trader "Attachments (Jose [#STR_EXPANSION_MARKET_TRADER_ATTACHMENTS])" in market zone "Trader Zone" (pos=<6675.160645, 104.603935, 6114.155762>) and got 30.
12:49:15.720 [Market] Player "Gun" (id=dQV0MWQE63QrNRXqd-4btd7ZbIxSfqWMKo6FakQaWEs=) has sold mag_1911_7rnd x1 (4c10e620) at the trader "Attachments (Jose [#STR_EXPANSION_MARKET_TRADER_ATTACHMENTS])" in market zone "Trader Zone" (pos=<6675.160645, 104.603935, 6114.155762>) and got 15.
12:49:16.432 [Market] Player "Gun" (id=dQV0MWQE63QrNRXqd-4btd7ZbIxSfqWMKo6FakQaWEs=) has sold mag_p1_8rnd x1 (4f8dd240) at the trader "Attachments (Jose [#STR_EXPANSION_MARKET_TRADER_ATTACHMENTS])" in market zone "Trader Zone" (pos=<6675.160645, 104.603935, 6114.155762>) and got 33.
12:49:21.801 [Market] Player "Gun" (id=dQV0MWQE63QrNRXqd-4btd7ZbIxSfqWMKo6FakQaWEs=) has sold pso11optic x1 (4eb21b90) at the trader "Attachments (Jose [#STR_EXPANSION_MARKET_TRADER_ATTACHMENTS])" in market zone "Trader Zone" (pos=<6675.160645, 104.603935, 6114.155762>) and got 1050.
12:49:23.382 [Market] Player "Gun" (id=dQV0MWQE63QrNRXqd-4btd7ZbIxSfqWMKo6FakQaWEs=) has sold pso1optic x1 (39807660) at the trader "Attachments (Jose [#STR_EXPANSION_MARKET_TRADER_ATTACHMENTS])" in market zone "Trader Zone" (pos=<6675.160645, 104.603935, 6114.155762>) and got 825.
12:49:25.263 [Market] Player "Gun" (id=dQV0MWQE63QrNRXqd-4btd7ZbIxSfqWMKo6FakQaWEs=) has sold puscopeoptic x1 (3981e040) at the trader "Attachments (Jose [#STR_EXPANSION_MARKET_TRADER_ATTACHMENTS])" in market zone "Trader Zone" (pos=<6675.160645, 104.603935, 6114.155762>) and got 675.
12:49:39.016 [Market] Player "Gun" (id=dQV0MWQE63QrNRXqd-4btd7ZbIxSfqWMKo6FakQaWEs=) has sold reflexoptic x1 (397fd990) at the trader "Attachments (Jose [#STR_EXPANSION_MARKET_TRADER_ATTACHMENTS])" in market zone "Trader Zone" (pos=<6675.160645, 104.603935, 6114.155762>) and got 112.
12:49:49.487 [Market] Player "Gun" (id=dQV0MWQE63QrNRXqd-4btd7ZbIxSfqWMKo6FakQaWEs=) has sold mag_cz75_15rnd x1 (4f90d8f0) at the trader "Attachments (Jose [#STR_EXPANSION_MARKET_TRADER_ATTACHMENTS])" in market zone "Trader Zone" (pos=<6675.160645, 104.603935, 6114.155762>) and got 15.
12:49:58.404 [Market] Player "Gun" (id=dQV0MWQE63QrNRXqd-4btd7ZbIxSfqWMKo6FakQaWEs=) has sold mag_cz75_15rnd x1 (4ea51740) at the trader "Attachments (Jose [#STR_EXPANSION_MARKET_TRADER_ATTACHMENTS])" in market zone "Trader Zone" (pos=<6675.160645, 104.603935, 6114.155762>) and got 22.
12:50:38.195 [Market] Player "Gun" (id=dQV0MWQE63QrNRXqd-4btd7ZbIxSfqWMKo6FakQaWEs=) has sold pistolsuppressor x1 (4c10cf00) at the trader "Attachments (Jose [#STR_EXPANSION_MARKET_TRADER_ATTACHMENTS])" in market zone "Trader Zone" (pos=<6675.160645, 104.603935, 6114.155762>) and got 8.
12:50:39.879 [Market] Player "Gun" (id=dQV0MWQE63QrNRXqd-4btd7ZbIxSfqWMKo6FakQaWEs=) has sold pistolsuppressor x1 (4f3b8170) at the trader "Attachments (Jose [#STR_EXPANSION_MARKET_TRADER_ATTACHMENTS])" in market zone "Trader Zone" (pos=<6675.160645, 104.603935, 6114.155762>) and got 11.
12:50:52.663 [Market] Player "Gun" (id=dQV0MWQE63QrNRXqd-4btd7ZbIxSfqWMKo6FakQaWEs=) has sold pistolsuppressor x1 (4f90b640) at the trader "Attachments (Jose [#STR_EXPANSION_MARKET_TRADER_ATTACHMENTS])" in market zone "Trader Zone" (pos=<6675.160645, 104.603935, 6114.155762>) and got 8.
12:53:58.224 [Market] Player "Gun" (id=dQV0MWQE63QrNRXqd-4btd7ZbIxSfqWMKo6FakQaWEs=) has sold ammobox_12gaslug_10rnd x1 (3e342ba0) at the trader "Weapons (Denis [#STR_EXPANSION_MARKET_TRADER_WEAPONS])" in market zone "Trader Zone" (pos=<6675.160645, 104.603935, 6114.155762>) and got 30.
12:54:29.369 [Market] Player "Gun" (id=dQV0MWQE63QrNRXqd-4btd7ZbIxSfqWMKo6FakQaWEs=) has sold epinephrine x1 (9eb3ab40) at the trader "Medicals (Mirek [#STR_EXPANSION_MARKET_TRADER_MEDICALS])" in market zone "Trader Zone" (pos=<6675.160645, 104.603935, 6114.155762>) and got 7.
12:54:33.345 [Market] Player "Gun" (id=dQV0MWQE63QrNRXqd-4btd7ZbIxSfqWMKo6FakQaWEs=) has sold salinebag x1 (4f7260b0) at the trader "Medicals (Mirek [#STR_EXPANSION_MARKET_TRADER_MEDICALS])" in market zone "Trader Zone" (pos=<6675.160645, 104.603935, 6114.155762>) and got 8.
12:55:40.899 [Market] Player "Gun" (id=dQV0MWQE63QrNRXqd-4btd7ZbIxSfqWMKo6FakQaWEs=) has bought leathersewingkit x1 (80c76e20) from the trader "Components (Cyril [#STR_EXPANSION_MARKET_TRADER_COMPONENTS])" in market zone "Trader Zone" (pos=<6675.160645, 104.603935, 6114.155762>) for a price of 5.
12:56:27.281 [VehicleDeleted] Old_Bike (id=596620CCBC4886F95B3504993AD917F4 pos=<6680.84, 102.49, 6109.29>)
12:57:35.038 [VehicleEnter] Player "Gun" (id=dQV0MWQE63QrNRXqd-4btd7ZbIxSfqWMKo6FakQaWEs=) entered vehicle Bicycle (id=E707AFE49A4691E559E2F09E2186C445 pos=<6689.28, 102.6, 6082.32>) as driver
12:58:00.512 [Safezone] Player "{1:name}" (id={1:id} pos={1:position}) left the safezone
13:00:21.076 [VehicleLeave] Player "Gun" (id=dQV0MWQE63QrNRXqd-4btd7ZbIxSfqWMKo6FakQaWEs=) left vehicle Bicycle (id=E707AFE49A4691E559E2F09E2186C445 pos=<6727.7, 158.45, 5248.07>)
13:01:05.685 [VehicleEnter] Player "Gun" (id=dQV0MWQE63QrNRXqd-4btd7ZbIxSfqWMKo6FakQaWEs=) entered vehicle Bicycle (id=E707AFE49A4691E559E2F09E2186C445 pos=<6727.7, 158.45, 5248.07>) as driver
13:02:19.096 [VehicleLeave] Player "Gun" (id=dQV0MWQE63QrNRXqd-4btd7ZbIxSfqWMKo6FakQaWEs=) left vehicle Bicycle (id=E707AFE49A4691E559E2F09E2186C445 pos=<6614.6, 203.22, 4876.22>)
13:03:24.430 [VehicleEnter] Player "Gun" (id=dQV0MWQE63QrNRXqd-4btd7ZbIxSfqWMKo6FakQaWEs=) entered vehicle Bicycle (id=E707AFE49A4691E559E2F09E2186C445 pos=<6614.6, 203.22, 4876.22>) as driver
13:03:37.389 [VehicleLeave] Player "Gun" (id=dQV0MWQE63QrNRXqd-4btd7ZbIxSfqWMKo6FakQaWEs=) left vehicle Bicycle (id=E707AFE49A4691E559E2F09E2186C445 pos=<6584.92, 203.22, 4862.97>)
13:08:29.300 [VehicleEnter] Player "Gun" (id=dQV0MWQE63QrNRXqd-4btd7ZbIxSfqWMKo6FakQaWEs=) entered vehicle Bicycle (id=E707AFE49A4691E559E2F09E2186C445 pos=<6584.92, 203.22, 4862.97>) as driver
13:09:00.862 [VehicleLeave] Player "Gun" (id=dQV0MWQE63QrNRXqd-4btd7ZbIxSfqWMKo6FakQaWEs=) left vehicle Bicycle (id=E707AFE49A4691E559E2F09E2186C445 pos=<6517.97, 203.22, 4817.01>)
13:16:32.003 [VehicleEnter] Player "Gun" (id=dQV0MWQE63QrNRXqd-4btd7ZbIxSfqWMKo6FakQaWEs=) entered vehicle Bicycle (id=E707AFE49A4691E559E2F09E2186C445 pos=<6517.97, 203.22, 4817.01>) as driver
13:17:31.044 [VehicleLeave] Player "Gun" (id=dQV0MWQE63QrNRXqd-4btd7ZbIxSfqWMKo6FakQaWEs=) left vehicle Bicycle (id=E707AFE49A4691E559E2F09E2186C445 pos=<6395.95, 202.75, 4565.6>)
13:17:46.972 [VehicleDeleted] Old_Bike (id=E707AFE49A4691E559E2F09E2186C445 pos=<6395.95, 202.75, 4565.6>)
13:18:09.410 [VehicleEnter] Player "Gun" (id=dQV0MWQE63QrNRXqd-4btd7ZbIxSfqWMKo6FakQaWEs=) entered vehicle Bicycle (id=E20135EBEC48EA25E6A47FA45CD5EBA8 pos=<6390.54, 202.44, 4560>) as driver
13:18:26.117 [VehicleLeave] Player "Gun" (id=dQV0MWQE63QrNRXqd-4btd7ZbIxSfqWMKo6FakQaWEs=) left vehicle Bicycle (id=E20135EBEC48EA25E6A47FA45CD5EBA8 pos=<6329.24, 202.38, 4557.61>)
13:18:30.352 [VehicleDeleted] Old_Bike (id=E20135EBEC48EA25E6A47FA45CD5EBA8 pos=<6329.24, 202.38, 4557.61>)
13:18:48.726 [VehicleEnter] Player "Gun" (id=dQV0MWQE63QrNRXqd-4btd7ZbIxSfqWMKo6FakQaWEs=) entered vehicle Bicycle (id=A3A9B0F7DE49F6134CA16CBA1B41A158 pos=<6327.65, 202.37, 4559.64>) as driver
13:19:23.577 [VehicleLeave] Player "Gun" (id=dQV0MWQE63QrNRXqd-4btd7ZbIxSfqWMKo6FakQaWEs=) left vehicle Bicycle (id=A3A9B0F7DE49F6134CA16CBA1B41A158 pos=<6160.07, 201.51, 4549.07>)
13:19:31.245 [VehicleDeleted] Old_Bike (id=A3A9B0F7DE49F6134CA16CBA1B41A158 pos=<6160.07, 201.51, 4549.07>)
13:20:07.646 [VehicleEnter] Player "Gun" (id=dQV0MWQE63QrNRXqd-4btd7ZbIxSfqWMKo6FakQaWEs=) entered vehicle Bicycle (id=9394FA61BB47F94744296F8D6E616DF8 pos=<6135.46, 200.79, 4550.2>) as driver
13:21:23.288 [VehicleLeave] Player "Gun" (id=dQV0MWQE63QrNRXqd-4btd7ZbIxSfqWMKo6FakQaWEs=) left vehicle Bicycle (id=9394FA61BB47F94744296F8D6E616DF8 pos=<5894.2, 218.32, 4951.28>)
13:23:10.785 [VehicleEnter] Player "Gun" (id=dQV0MWQE63QrNRXqd-4btd7ZbIxSfqWMKo6FakQaWEs=) entered vehicle Bicycle (id=9394FA61BB47F94744296F8D6E616DF8 pos=<5894.2, 218.32, 4951.28>) as driver
13:25:15.400 [VehicleLeave] Player "Gun" (id=dQV0MWQE63QrNRXqd-4btd7ZbIxSfqWMKo6FakQaWEs=) left vehicle Bicycle (id=9394FA61BB47F94744296F8D6E616DF8 pos=<5283.73, 351.03, 5157.56>)
13:26:34.377 [VehicleEnter] Player "Gun" (id=dQV0MWQE63QrNRXqd-4btd7ZbIxSfqWMKo6FakQaWEs=) entered vehicle Bicycle (id=9394FA61BB47F94744296F8D6E616DF8 pos=<5283.73, 351.03, 5157.56>) as driver
13:26:44.037 [VehicleLeave] Player "Gun" (id=dQV0MWQE63QrNRXqd-4btd7ZbIxSfqWMKo6FakQaWEs=) left vehicle Bicycle (id=9394FA61BB47F94744296F8D6E616DF8 pos=<5276.66, 351.19, 5151.93>)
13:26:48.009 [VehicleDeleted] Old_Bike (id=9394FA61BB47F94744296F8D6E616DF8 pos=<5276.66, 351.19, 5151.93>)
13:27:31.602 [VehicleEnter] Player "Gun" (id=dQV0MWQE63QrNRXqd-4btd7ZbIxSfqWMKo6FakQaWEs=) entered vehicle Bicycle (id=0DF14B4CA74A682DACCC7B9D9516BB3E pos=<5272.21, 351.03, 5156.05>) as driver
13:27:45.661 [VehicleLeave] Player "Gun" (id=dQV0MWQE63QrNRXqd-4btd7ZbIxSfqWMKo6FakQaWEs=) left vehicle Bicycle (id=0DF14B4CA74A682DACCC7B9D9516BB3E pos=<5232.03, 351.03, 5157.37>)
13:29:20.644 [MissionAirdrop] An airdrop is heading towards "Wind Farm" (pos=<6469.119629, 0.000000, 6864.399902> type=Random_WindFarm) with a ExpansionAirdropContainer_Medical
13:32:13.230 [VehicleDeleted] Old_Bike (id=0DF14B4CA74A682DACCC7B9D9516BB3E pos=<5232.03, 351.03, 5157.37>)
13:48:36.201 [VehicleEnter] Player "Gun" (id=dQV0MWQE63QrNRXqd-4btd7ZbIxSfqWMKo6FakQaWEs=) entered vehicle Bicycle (id=D95BB9AB73477839A883ECB4BB31515B pos=<5216.02, 351.03, 5179.04>) as driver
13:51:41.379 [VehicleLeave] Player "Gun" (id=dQV0MWQE63QrNRXqd-4btd7ZbIxSfqWMKo6FakQaWEs=) left vehicle Bicycle (id=D95BB9AB73477839A883ECB4BB31515B pos=<6145.63, 200.82, 4536.98>)
13:52:04.096 [VehicleDeleted] Old_Bike (id=D95BB9AB73477839A883ECB4BB31515B pos=<6145.63, 200.82, 4536.98>)
13:52:30.170 [VehicleEnter] Player "Gun" (id=dQV0MWQE63QrNRXqd-4btd7ZbIxSfqWMKo6FakQaWEs=) entered vehicle Bicycle (id=B4A033DA7440B88885E1AD81E85E94C9 pos=<6164.19, 201.76, 4547.87>) as driver
13:55:00.655 [VehicleLeave] Player "Gun" (id=dQV0MWQE63QrNRXqd-4btd7ZbIxSfqWMKo6FakQaWEs=) left vehicle Bicycle (id=B4A033DA7440B88885E1AD81E85E94C9 pos=<6730.59, 158.42, 5263.62>)
13:55:29.914 [VehicleEnter] Player "Gun" (id=dQV0MWQE63QrNRXqd-4btd7ZbIxSfqWMKo6FakQaWEs=) entered vehicle Bicycle (id=B4A033DA7440B88885E1AD81E85E94C9 pos=<6730.59, 158.42, 5263.62>) as driver
13:57:35.667 [Safezone] Player "Gun" (id=dQV0MWQE63QrNRXqd-4btd7ZbIxSfqWMKo6FakQaWEs= pos=<6670.61, 121.94, 6015.62>) entered the safezone
13:58:16.293 [VehicleLeave] Player "Gun" (id=dQV0MWQE63QrNRXqd-4btd7ZbIxSfqWMKo6FakQaWEs=) left vehicle Bicycle (id=B4A033DA7440B88885E1AD81E85E94C9 pos=<6673.92, 102.49, 6108.72>)
13:58:27.092 [VehicleDeleted] Old_Bike (id=B4A033DA7440B88885E1AD81E85E94C9 pos=<6673.92, 102.49, 6108.72>)
13:59:04.039 [Market] Player "Gun" (id=dQV0MWQE63QrNRXqd-4btd7ZbIxSfqWMKo6FakQaWEs=) has sold augshort x1 (6acc07e0) at the trader "Weapons (Denis [#STR_EXPANSION_MARKET_TRADER_WEAPONS])" in market zone "Trader Zone" (pos=<6675.160645, 104.603935, 6114.155762>) and got 1125.
14:01:35.101 [Market] Player "Gun" (id=dQV0MWQE63QrNRXqd-4btd7ZbIxSfqWMKo6FakQaWEs=) has sold ammobox_9x39_20rnd x1 (7e3cb410) at the trader "Weapons (Denis [#STR_EXPANSION_MARKET_TRADER_WEAPONS])" in market zone "Trader Zone" (pos=<6675.160645, 104.603935, 6114.155762>) and got 12.
14:01:38.289 [Market] Player "Gun" (id=dQV0MWQE63QrNRXqd-4btd7ZbIxSfqWMKo6FakQaWEs=) has sold ammobox_408cheytac_20rnd x1 (4586f440) at the trader "Weapons (Denis [#STR_EXPANSION_MARKET_TRADER_WEAPONS])" in market zone "Trader Zone" (pos=<6675.160645, 104.603935, 6114.155762>) and got 36.
14:01:39.113 [Market] Player "Gun" (id=dQV0MWQE63QrNRXqd-4btd7ZbIxSfqWMKo6FakQaWEs=) has sold ammobox_408cheytac_20rnd x1 (45276980) at the trader "Weapons (Denis [#STR_EXPANSION_MARKET_TRADER_WEAPONS])" in market zone "Trader Zone" (pos=<6675.160645, 104.603935, 6114.155762>) and got 36.
14:02:16.392 [Market] Player "Gun" (id=dQV0MWQE63QrNRXqd-4btd7ZbIxSfqWMKo6FakQaWEs=) has sold colt1911 x1 (431ccb90) at the trader "Weapons (Denis [#STR_EXPANSION_MARKET_TRADER_WEAPONS])" in market zone "Trader Zone" (pos=<6675.160645, 104.603935, 6114.155762>) and got 191.
14:02:17.267 [Market] Player "Gun" (id=dQV0MWQE63QrNRXqd-4btd7ZbIxSfqWMKo6FakQaWEs=) has sold colt1911 x1 (431c3be0) at the trader "Weapons (Denis [#STR_EXPANSION_MARKET_TRADER_WEAPONS])" in market zone "Trader Zone" (pos=<6675.160645, 104.603935, 6114.155762>) and got 127.
14:02:29.821 [Market] Player "Gun" (id=dQV0MWQE63QrNRXqd-4btd7ZbIxSfqWMKo6FakQaWEs=) has sold colt1911 x1 (431d19f0) at the trader "Weapons (Denis [#STR_EXPANSION_MARKET_TRADER_WEAPONS])" in market zone "Trader Zone" (pos=<6675.160645, 104.603935, 6114.155762>) and got 127.
14:03:14.391 [Market] Player "Gun" (id=dQV0MWQE63QrNRXqd-4btd7ZbIxSfqWMKo6FakQaWEs=) has sold ammo_45acp x1 (97a9ea60) at the trader "Weapons (Denis [#STR_EXPANSION_MARKET_TRADER_WEAPONS])" in market zone "Trader Zone" (pos=<6675.160645, 104.603935, 6114.155762>) and got 1.
14:03:14.614 [Market] Player "Gun" (id=dQV0MWQE63QrNRXqd-4btd7ZbIxSfqWMKo6FakQaWEs=) has sold ammo_45acp x1 (97a9ea60) at the trader "Weapons (Denis [#STR_EXPANSION_MARKET_TRADER_WEAPONS])" in market zone "Trader Zone" (pos=<6675.160645, 104.603935, 6114.155762>) and got 1.
14:03:14.817 [Market] Player "Gun" (id=dQV0MWQE63QrNRXqd-4btd7ZbIxSfqWMKo6FakQaWEs=) has sold ammo_45acp x1 (97a9ea60) at the trader "Weapons (Denis [#STR_EXPANSION_MARKET_TRADER_WEAPONS])" in market zone "Trader Zone" (pos=<6675.160645, 104.603935, 6114.155762>) and got 1.
14:03:15.016 [Market] Player "Gun" (id=dQV0MWQE63QrNRXqd-4btd7ZbIxSfqWMKo6FakQaWEs=) has sold ammo_45acp x1 (97a9ea60) at the trader "Weapons (Denis [#STR_EXPANSION_MARKET_TRADER_WEAPONS])" in market zone "Trader Zone" (pos=<6675.160645, 104.603935, 6114.155762>) and got 1.
14:03:15.193 [Market] Player "Gun" (id=dQV0MWQE63QrNRXqd-4btd7ZbIxSfqWMKo6FakQaWEs=) has sold ammo_45acp x1 (97a9ea60) at the trader "Weapons (Denis [#STR_EXPANSION_MARKET_TRADER_WEAPONS])" in market zone "Trader Zone" (pos=<6675.160645, 104.603935, 6114.155762>) and got 1.
14:03:15.439 [Market] Player "Gun" (id=dQV0MWQE63QrNRXqd-4btd7ZbIxSfqWMKo6FakQaWEs=) has sold ammo_45acp x1 (97a9ea60) at the trader "Weapons (Denis [#STR_EXPANSION_MARKET_TRADER_WEAPONS])" in market zone "Trader Zone" (pos=<6675.160645, 104.603935, 6114.155762>) and got 1.
14:03:15.828 [Market] Player "Gun" (id=dQV0MWQE63QrNRXqd-4btd7ZbIxSfqWMKo6FakQaWEs=) has sold ammo_45acp x1 (97a9ea60) at the trader "Weapons (Denis [#STR_EXPANSION_MARKET_TRADER_WEAPONS])" in market zone "Trader Zone" (pos=<6675.160645, 104.603935, 6114.155762>) and got 1.
14:03:16.089 [Market] Player "Gun" (id=dQV0MWQE63QrNRXqd-4btd7ZbIxSfqWMKo6FakQaWEs=) has sold ammo_45acp x1 (97a9ea60) at the trader "Weapons (Denis [#STR_EXPANSION_MARKET_TRADER_WEAPONS])" in market zone "Trader Zone" (pos=<6675.160645, 104.603935, 6114.155762>) and got 1.
14:03:16.611 [Market] Player "Gun" (id=dQV0MWQE63QrNRXqd-4btd7ZbIxSfqWMKo6FakQaWEs=) has sold ammo_45acp x1 (97a9ea60) at the trader "Weapons (Denis [#STR_EXPANSION_MARKET_TRADER_WEAPONS])" in market zone "Trader Zone" (pos=<6675.160645, 104.603935, 6114.155762>) and got 1.
14:04:30.025 [Party] Player "Eric" (id=DT1QFut1v8UN48skN3UnroicVIl_5hTizZZZSwLRxk8=) joinded the party "Die dreisten Drei" (id=46 ownerUID=DT1QFut1v8UN48skN3UnroicVIl_5hTizZZZSwLRxk8= ownerName=Eric)
14:05:11.291 [VehicleDeleted] Lady_Bicycle_Purple (id=26CC7A216E492F6645081EBE53E09CC3 pos=<4531.3, 185.81, 6556.5>)
14:05:22.429 [VehicleEnter] Player "Eric" (id=DT1QFut1v8UN48skN3UnroicVIl_5hTizZZZSwLRxk8=) entered vehicle Bicycle (id=C0FB97D731406CB658087580F1E3C959 pos=<4525.93, 185.48, 6557.91>) as driver
14:05:58.579 [VehicleLeave] Player "Eric" (id=DT1QFut1v8UN48skN3UnroicVIl_5hTizZZZSwLRxk8=) left vehicle Bicycle (id=C0FB97D731406CB658087580F1E3C959 pos=<4334.45, 174.91, 6552.05>)
14:06:00.911 [VehicleDeleted] Lady_Bicycle_Purple (id=C0FB97D731406CB658087580F1E3C959 pos=<4334.43, 174.85, 6551.96>)
14:06:04.768 [Market] Player "Gun" (id=dQV0MWQE63QrNRXqd-4btd7ZbIxSfqWMKo6FakQaWEs=) has sold pistolsuppressor x1 (48cded50) at the trader "Attachments (Jose [#STR_EXPANSION_MARKET_TRADER_ATTACHMENTS])" in market zone "Trader Zone" (pos=<6675.160645, 104.603935, 6114.155762>) and got 8.
14:06:05.231 [Market] Player "Gun" (id=dQV0MWQE63QrNRXqd-4btd7ZbIxSfqWMKo6FakQaWEs=) has sold pistolsuppressor x1 (733398c0) at the trader "Attachments (Jose [#STR_EXPANSION_MARKET_TRADER_ATTACHMENTS])" in market zone "Trader Zone" (pos=<6675.160645, 104.603935, 6114.155762>) and got 11.
14:06:06.208 [Market] Player "Gun" (id=dQV0MWQE63QrNRXqd-4btd7ZbIxSfqWMKo6FakQaWEs=) has sold pistolsuppressor x1 (44e28360) at the trader "Attachments (Jose [#STR_EXPANSION_MARKET_TRADER_ATTACHMENTS])" in market zone "Trader Zone" (pos=<6675.160645, 104.603935, 6114.155762>) and got 8.
14:06:08.200 [Market] Player "Gun" (id=dQV0MWQE63QrNRXqd-4btd7ZbIxSfqWMKo6FakQaWEs=) has sold mag_aug_30rnd x1 (a2527480) at the trader "Attachments (Jose [#STR_EXPANSION_MARKET_TRADER_ATTACHMENTS])" in market zone "Trader Zone" (pos=<6675.160645, 104.603935, 6114.155762>) and got 82.
14:06:08.692 [Market] Player "Gun" (id=dQV0MWQE63QrNRXqd-4btd7ZbIxSfqWMKo6FakQaWEs=) has sold mag_aug_30rnd x1 (97aadd30) at the trader "Attachments (Jose [#STR_EXPANSION_MARKET_TRADER_ATTACHMENTS])" in market zone "Trader Zone" (pos=<6675.160645, 104.603935, 6114.155762>) and got 123.
14:06:11.654 [Market] Player "Gun" (id=dQV0MWQE63QrNRXqd-4btd7ZbIxSfqWMKo6FakQaWEs=) has sold reflexoptic x1 (43e55860) at the trader "Attachments (Jose [#STR_EXPANSION_MARKET_TRADER_ATTACHMENTS])" in market zone "Trader Zone" (pos=<6675.160645, 104.603935, 6114.155762>) and got 56.
14:06:20.654 [Market] Player "Gun" (id=dQV0MWQE63QrNRXqd-4btd7ZbIxSfqWMKo6FakQaWEs=) has sold universallight x1 (37534470) at the trader "Attachments (Jose [#STR_EXPANSION_MARKET_TRADER_ATTACHMENTS])" in market zone "Trader Zone" (pos=<6675.160645, 104.603935, 6114.155762>) and got 90.
14:07:01.589 [Market] Player "Gun" (id=dQV0MWQE63QrNRXqd-4btd7ZbIxSfqWMKo6FakQaWEs=) has sold tlrlight x1 (5143aeb0) at the trader "Attachments (Jose [#STR_EXPANSION_MARKET_TRADER_ATTACHMENTS])" in market zone "Trader Zone" (pos=<6675.160645, 104.603935, 6114.155762>) and got 22.
14:07:10.324 [Market] Player "Gun" (id=dQV0MWQE63QrNRXqd-4btd7ZbIxSfqWMKo6FakQaWEs=) has sold m4_oebttstck x1 (3753ac80) at the trader "Attachments (Jose [#STR_EXPANSION_MARKET_TRADER_ATTACHMENTS])" in market zone "Trader Zone" (pos=<6675.160645, 104.603935, 6114.155762>) and got 28.
14:07:14.805 [Market] Player "Gun" (id=dQV0MWQE63QrNRXqd-4btd7ZbIxSfqWMKo6FakQaWEs=) has sold expansionexps3holooptic x1 (43673760) at the trader "Attachments (Jose [#STR_EXPANSION_MARKET_TRADER_ATTACHMENTS])" in market zone "Trader Zone" (pos=<6675.160645, 104.603935, 6114.155762>) and got 150.
14:07:38.088 [Market] Player "Gun" (id=dQV0MWQE63QrNRXqd-4btd7ZbIxSfqWMKo6FakQaWEs=) has bought m4_oebttstck x1 (48436de0) from the trader "Attachments (Jose [#STR_EXPANSION_MARKET_TRADER_ATTACHMENTS])" in market zone "Trader Zone" (pos=<6675.160645, 104.603935, 6114.155762>) for a price of 150.
14:09:19.963 [Market] Player "Gun" (id=dQV0MWQE63QrNRXqd-4btd7ZbIxSfqWMKo6FakQaWEs=) has bought pnc_mag_awm_5rnd x1 (a6e6bc00) from the trader "Attachments (Jose [#STR_EXPANSION_MARKET_TRADER_ATTACHMENTS])" in market zone "Trader Zone" (pos=<6675.160645, 104.603935, 6114.155762>) for a price of 500.
14:09:21.328 [Market] Player "Gun" (id=dQV0MWQE63QrNRXqd-4btd7ZbIxSfqWMKo6FakQaWEs=) has bought pnc_mag_awm_5rnd x1 (a6e68dc0) from the trader "Attachments (Jose [#STR_EXPANSION_MARKET_TRADER_ATTACHMENTS])" in market zone "Trader Zone" (pos=<6675.160645, 104.603935, 6114.155762>) for a price of 500.
14:09:21.661 [VehicleEnter] Player "Eric" (id=DT1QFut1v8UN48skN3UnroicVIl_5hTizZZZSwLRxk8=) entered vehicle Bicycle (id=40538462DA408A7002E2B0A8DC0DC3D7 pos=<4325.82, 174.85, 6551.25>) as driver
14:10:17.172 [Market] Player "Gun" (id=dQV0MWQE63QrNRXqd-4btd7ZbIxSfqWMKo6FakQaWEs=) has bought weaponcleaningkit x1 (a6e91540) from the trader "Components (Cyril [#STR_EXPANSION_MARKET_TRADER_COMPONENTS])" in market zone "Trader Zone" (pos=<6675.160645, 104.603935, 6114.155762>) for a price of 8.
14:11:34.838 [Market] Player "Gun" (id=dQV0MWQE63QrNRXqd-4btd7ZbIxSfqWMKo6FakQaWEs=) has bought weaponcleaningkit x1 (6de7b000) from the trader "Components (Cyril [#STR_EXPANSION_MARKET_TRADER_COMPONENTS])" in market zone "Trader Zone" (pos=<6675.160645, 104.603935, 6114.155762>) for a price of 8.
14:12:07.964 [Market] Player "Gun" (id=dQV0MWQE63QrNRXqd-4btd7ZbIxSfqWMKo6FakQaWEs=) has sold mag_1911_7rnd x1 (44e28ef0) at the trader "Attachments (Jose [#STR_EXPANSION_MARKET_TRADER_ATTACHMENTS])" in market zone "Trader Zone" (pos=<6675.160645, 104.603935, 6114.155762>) and got 30.
14:12:08.167 [Market] Player "Gun" (id=dQV0MWQE63QrNRXqd-4btd7ZbIxSfqWMKo6FakQaWEs=) has sold mag_1911_7rnd x1 (48cd90d0) at the trader "Attachments (Jose [#STR_EXPANSION_MARKET_TRADER_ATTACHMENTS])" in market zone "Trader Zone" (pos=<6675.160645, 104.603935, 6114.155762>) and got 22.
14:12:08.738 [Market] Player "Gun" (id=dQV0MWQE63QrNRXqd-4btd7ZbIxSfqWMKo6FakQaWEs=) has sold mag_1911_7rnd x1 (44c8a280) at the trader "Attachments (Jose [#STR_EXPANSION_MARKET_TRADER_ATTACHMENTS])" in market zone "Trader Zone" (pos=<6675.160645, 104.603935, 6114.155762>) and got 22.
14:12:52.520 [Market] Player "Gun" (id=dQV0MWQE63QrNRXqd-4btd7ZbIxSfqWMKo6FakQaWEs=) has sold ammobox_308win_20rnd x1 (9fc280c0) at the trader "Weapons (Denis [#STR_EXPANSION_MARKET_TRADER_WEAPONS])" in market zone "Trader Zone" (pos=<6675.160645, 104.603935, 6114.155762>) and got 18.
14:13:02.198 [Market] Player "Gun" (id=dQV0MWQE63QrNRXqd-4btd7ZbIxSfqWMKo6FakQaWEs=) has bought ammobox_338lapuamagnum_20rnd x1 (51467000) from the trader "Weapons (Denis [#STR_EXPANSION_MARKET_TRADER_WEAPONS])" in market zone "Trader Zone" (pos=<6675.160645, 104.603935, 6114.155762>) for a price of 64.
14:14:58.914 [Market] Player "Gun" (id=dQV0MWQE63QrNRXqd-4btd7ZbIxSfqWMKo6FakQaWEs=) has bought expansionhamroptic x1 (4a84c7b0, ExpansionDeltapointOptic<4eaff0b0>, Battery9V<4ea16320>) from the trader "Attachments (Jose [#STR_EXPANSION_MARKET_TRADER_ATTACHMENTS])" in market zone "Trader Zone" (pos=<6675.160645, 104.603935, 6114.155762>) for a price of 560.
14:15:35.499 [VehicleLeave] Player "Eric" (id=DT1QFut1v8UN48skN3UnroicVIl_5hTizZZZSwLRxk8=) left vehicle Bicycle (id=40538462DA408A7002E2B0A8DC0DC3D7 pos=<4860.23, 338.52, 4477.5>)
14:15:38.033 [VehicleDeleted] Lady_Bicycle_Purple (id=40538462DA408A7002E2B0A8DC0DC3D7 pos=<4860.23, 338.52, 4477.5>)
14:18:25.533 [Market] Player "Gun" (id=dQV0MWQE63QrNRXqd-4btd7ZbIxSfqWMKo6FakQaWEs=) has bought m4_suppressor x1 (342f9670) from the trader "Attachments (Jose [#STR_EXPANSION_MARKET_TRADER_ATTACHMENTS])" in market zone "Trader Zone" (pos=<6675.160645, 104.603935, 6114.155762>) for a price of 25.
14:19:01.898 [VehicleDeleted] Old_Bike (id=3A7AE479E64075B6AD83359CFEFE2CFC pos=<6679.92, 102.49, 6109.06>)
14:19:15.433 [Party] Player "ElBizzy" (id=zazFLAJ4lPF6TvVQMMREjst1jC8o_Id9oh_TjGBwaP8=) joinded the party "Viper Ethereal" (id=33 ownerUID=zazFLAJ4lPF6TvVQMMREjst1jC8o_Id9oh_TjGBwaP8= ownerName=ElBizzy)
14:20:15.907 [VehicleDeleted] Old_Bike (id=A5F3A9F00E448761417D0EB22F0E914D pos=<6674.74, 102.72, 6100.97>)
14:21:34.139 [Market] Player "Gun" (id=dQV0MWQE63QrNRXqd-4btd7ZbIxSfqWMKo6FakQaWEs=) has bought m65jacket_khaki x1 (43ea6e50) from the trader "Clothing (Naomi [#STR_EXPANSION_MARKET_TRADER_CLOTHING])" in market zone "Trader Zone" (pos=<6675.160645, 104.603935, 6114.155762>) for a price of 130.
14:22:06.969 [Market] Player "Gun" (id=dQV0MWQE63QrNRXqd-4btd7ZbIxSfqWMKo6FakQaWEs=) has sold tacticalshirt_olive x1 (43954170) at the trader "Clothing (Naomi [#STR_EXPANSION_MARKET_TRADER_CLOTHING])" in market zone "Trader Zone" (pos=<6675.160645, 104.603935, 6114.155762>) and got 30.
14:22:28.501 [Market] Player "Gun" (id=dQV0MWQE63QrNRXqd-4btd7ZbIxSfqWMKo6FakQaWEs=) has bought improvizovane_camonetponcho x1 (4e729330) from the trader "Clothing (Naomi [#STR_EXPANSION_MARKET_TRADER_CLOTHING])" in market zone "Trader Zone" (pos=<6675.160645, 104.603935, 6114.155762>) for a price of 5000.
14:24:16.266 [Market] Player "Gun" (id=dQV0MWQE63QrNRXqd-4btd7ZbIxSfqWMKo6FakQaWEs=) has bought balaclavamask_green x1 (46733ed0) from the trader "Clothing (Naomi [#STR_EXPANSION_MARKET_TRADER_CLOTHING])" in market zone "Trader Zone" (pos=<6675.160645, 104.603935, 6114.155762>) for a price of 60.
14:26:34.341 [Market] Player "Gun" (id=dQV0MWQE63QrNRXqd-4btd7ZbIxSfqWMKo6FakQaWEs=) has bought hunterpants_autumn x1 (3f55d0c0) from the trader "Clothing (Naomi [#STR_EXPANSION_MARKET_TRADER_CLOTHING])" in market zone "Trader Zone" (pos=<6675.160645, 104.603935, 6114.155762>) for a price of 100.
14:27:05.765 [Market] Player "Gun" (id=dQV0MWQE63QrNRXqd-4btd7ZbIxSfqWMKo6FakQaWEs=) has sold cargopants_black x1 (73320fa0) at the trader "Clothing (Naomi [#STR_EXPANSION_MARKET_TRADER_CLOTHING])" in market zone "Trader Zone" (pos=<6675.160645, 104.603935, 6114.155762>) and got 26.
14:27:42.942 [Market] Player "Gun" (id=dQV0MWQE63QrNRXqd-4btd7ZbIxSfqWMKo6FakQaWEs=) has sold workinggloves_yellow x1 (3f566710) at the trader "Clothing (Naomi [#STR_EXPANSION_MARKET_TRADER_CLOTHING])" in market zone "Trader Zone" (pos=<6675.160645, 104.603935, 6114.155762>) and got 14.
14:30:27.112 [ATM] Player "Gun" (id=dQV0MWQE63QrNRXqd-4btd7ZbIxSfqWMKo6FakQaWEs=) has deposited 2143 on his ATM account.
14:30:36.412 [ATM] Player "Gun" (id=dQV0MWQE63QrNRXqd-4btd7ZbIxSfqWMKo6FakQaWEs=) has withdrawn 12000 from his ATM account.
14:31:25.824 [Market] Player "Gun" (id=dQV0MWQE63QrNRXqd-4btd7ZbIxSfqWMKo6FakQaWEs=) has bought cartent x1 (48fcd2b0) from the trader "BuildingSupplies (Boris [#STR_EXPANSION_MARKET_TRADER_BUILDING_SUPPLIES])" in market zone "Trader Zone" (pos=<6675.160645, 104.603935, 6114.155762>) for a price of 7000.
14:31:44.364 [Market] Player "Gun" (id=dQV0MWQE63QrNRXqd-4btd7ZbIxSfqWMKo6FakQaWEs=) has sold cartent x1 (48fcd2b0) at the trader "BuildingSupplies (Boris [#STR_EXPANSION_MARKET_TRADER_BUILDING_SUPPLIES])" in market zone "Trader Zone" (pos=<6675.160645, 104.603935, 6114.155762>) and got 5250.
14:32:21.288 [Market] Player "Gun" (id=dQV0MWQE63QrNRXqd-4btd7ZbIxSfqWMKo6FakQaWEs=) has bought mediumtent_green x1 (48d2be40) from the trader "BuildingSupplies (Boris [#STR_EXPANSION_MARKET_TRADER_BUILDING_SUPPLIES])" in market zone "Trader Zone" (pos=<6675.160645, 104.603935, 6114.155762>) for a price of 3000.
14:32:39.399 [Market] Player "Gun" (id=dQV0MWQE63QrNRXqd-4btd7ZbIxSfqWMKo6FakQaWEs=) has bought expansioncodelock x1 (3724ff40) from the trader "BuildingSupplies (Boris [#STR_EXPANSION_MARKET_TRADER_BUILDING_SUPPLIES])" in market zone "Trader Zone" (pos=<6675.160645, 104.603935, 6114.155762>) for a price of 1500.
14:32:48.041 [Market] Player "Gun" (id=dQV0MWQE63QrNRXqd-4btd7ZbIxSfqWMKo6FakQaWEs=) has bought camonet x1 (97aad1a0) from the trader "BuildingSupplies (Boris [#STR_EXPANSION_MARKET_TRADER_BUILDING_SUPPLIES])" in market zone "Trader Zone" (pos=<6675.160645, 104.603935, 6114.155762>) for a price of 600.
14:33:09.754 [Market] Player "Gun" (id=dQV0MWQE63QrNRXqd-4btd7ZbIxSfqWMKo6FakQaWEs=) has bought rope x1 (97aaf450) from the trader "BuildingSupplies (Boris [#STR_EXPANSION_MARKET_TRADER_BUILDING_SUPPLIES])" in market zone "Trader Zone" (pos=<6675.160645, 104.603935, 6114.155762>) for a price of 4.
14:33:23.929 [ATM] Player "Gun" (id=dQV0MWQE63QrNRXqd-4btd7ZbIxSfqWMKo6FakQaWEs=) has deposited 5146 on his ATM account.
14:35:38.863 [VehicleDeleted] Old_Bike (id=B4D41CBB2B43BAA6DA7538BEB627CF57 pos=<6659.35, 102.49, 6089.39>)
14:36:01.216 [VehicleEnter] Player "Gun" (id=dQV0MWQE63QrNRXqd-4btd7ZbIxSfqWMKo6FakQaWEs=) entered vehicle Bicycle (id=6A7C8901D241C4855682EFA6DD826F66 pos=<6672.93, 102.5, 6082.46>) as driver
14:36:32.494 [Safezone] Player "{1:name}" (id={1:id} pos={1:position}) left the safezone
14:41:08.210 [VehicleLeave] Player "Gun" (id=dQV0MWQE63QrNRXqd-4btd7ZbIxSfqWMKo6FakQaWEs=) left vehicle Bicycle (id=6A7C8901D241C4855682EFA6DD826F66 pos=<6159.39, 201.47, 4549.63>)
14:41:20.375 [VehicleDeleted] Old_Bike (id=6A7C8901D241C4855682EFA6DD826F66 pos=<6159.39, 201.47, 4549.63>)
14:41:37.220 [VehicleEnter] Player "Gun" (id=dQV0MWQE63QrNRXqd-4btd7ZbIxSfqWMKo6FakQaWEs=) entered vehicle Bicycle (id=57503B8973487B3B5BF994A01F356691 pos=<6153.54, 200.3, 4554.28>) as driver
14:43:21.648 [VehicleLeave] Player "Gun" (id=dQV0MWQE63QrNRXqd-4btd7ZbIxSfqWMKo6FakQaWEs=) left vehicle Bicycle (id=57503B8973487B3B5BF994A01F356691 pos=<5720.88, 294.37, 4328.42>)
14:43:47.262 [VehicleEnter] Player "Gun" (id=dQV0MWQE63QrNRXqd-4btd7ZbIxSfqWMKo6FakQaWEs=) entered vehicle Bicycle (id=57503B8973487B3B5BF994A01F356691 pos=<5720.88, 294.37, 4328.42>) as driver
14:45:41.150 [VehicleLeave] Player "Gun" (id=dQV0MWQE63QrNRXqd-4btd7ZbIxSfqWMKo6FakQaWEs=) left vehicle Bicycle (id=57503B8973487B3B5BF994A01F356691 pos=<5998.37, 244.87, 3970.91>)
14:46:21.126 [VehicleEnter] Player "Gun" (id=dQV0MWQE63QrNRXqd-4btd7ZbIxSfqWMKo6FakQaWEs=) entered vehicle Bicycle (id=57503B8973487B3B5BF994A01F356691 pos=<5998.37, 244.87, 3970.91>) as driver
14:46:44.612 [VehicleLeave] Player "Gun" (id=dQV0MWQE63QrNRXqd-4btd7ZbIxSfqWMKo6FakQaWEs=) left vehicle Bicycle (id=57503B8973487B3B5BF994A01F356691 pos=<6006.68, 238.68, 3881.28>)
14:51:17.949 [VehicleDeleted] Old_Bike (id=57503B8973487B3B5BF994A01F356691 pos=<6006.68, 238.68, 3881.28>)
14:54:47.647 [MissionAirdrop] An airdrop is heading towards "Oneida" (pos=<2112.001953, 0.000000, 6058.072266> type=Random_Oneida) with a ExpansionAirdropContainer_Military
15:00:01.674 [Party] Player "Eric" (id=DT1QFut1v8UN48skN3UnroicVIl_5hTizZZZSwLRxk8=) left the party "Die dreisten Drei" (id=46 ownerUID=DT1QFut1v8UN48skN3UnroicVIl_5hTizZZZSwLRxk8= ownerName=Eric)
15:00:01.679 [Party] Player "ElBizzy" (id=zazFLAJ4lPF6TvVQMMREjst1jC8o_Id9oh_TjGBwaP8=) left the party "Viper Ethereal" (id=33 ownerUID=zazFLAJ4lPF6TvVQMMREjst1jC8o_Id9oh_TjGBwaP8= ownerName=ElBizzy)
